<?xml version="1.0" encoding="UTF-8"?>
<testsuite xmlns:xsi="http://www.w3.org/2001/XMLSchema-instance" xsi:noNamespaceSchemaLocation="https://maven.apache.org/surefire/maven-surefire-plugin/xsd/surefire-test-report.xsd" name="app.selenium.TestEbay" time="258.059" tests="1" errors="0" skipped="0" failures="1">
  <properties>
    <property name="java.specification.version" value="19"/>
    <property name="sun.jnu.encoding" value="UTF-8"/>
    <property name="java.class.path" value="/Users/quese/work/shop/target/test-classes:/Users/quese/work/shop/target/classes:/Users/quese/.m2/repository/org/springframework/boot/spring-boot-starter-actuator/3.0.2/spring-boot-starter-actuator-3.0.2.jar:/Users/quese/.m2/repository/org/springframework/boot/spring-boot-starter/3.0.2/spring-boot-starter-3.0.2.jar:/Users/quese/.m2/repository/org/springframework/boot/spring-boot-starter-logging/3.0.2/spring-boot-starter-logging-3.0.2.jar:/Users/quese/.m2/repository/ch/qos/logback/logback-classic/1.4.5/logback-classic-1.4.5.jar:/Users/quese/.m2/repository/ch/qos/logback/logback-core/1.4.5/logback-core-1.4.5.jar:/Users/quese/.m2/repository/org/apache/logging/log4j/log4j-to-slf4j/2.19.0/log4j-to-slf4j-2.19.0.jar:/Users/quese/.m2/repository/org/apache/logging/log4j/log4j-api/2.19.0/log4j-api-2.19.0.jar:/Users/quese/.m2/repository/org/slf4j/jul-to-slf4j/2.0.6/jul-to-slf4j-2.0.6.jar:/Users/quese/.m2/repository/jakarta/annotation/jakarta.annotation-api/2.1.1/jakarta.annotation-api-2.1.1.jar:/Users/quese/.m2/repository/org/springframework/spring-core/6.0.4/spring-core-6.0.4.jar:/Users/quese/.m2/repository/org/springframework/spring-jcl/6.0.4/spring-jcl-6.0.4.jar:/Users/quese/.m2/repository/org/yaml/snakeyaml/1.33/snakeyaml-1.33.jar:/Users/quese/.m2/repository/org/springframework/boot/spring-boot-actuator-autoconfigure/3.0.2/spring-boot-actuator-autoconfigure-3.0.2.jar:/Users/quese/.m2/repository/org/springframework/boot/spring-boot-actuator/3.0.2/spring-boot-actuator-3.0.2.jar:/Users/quese/.m2/repository/com/fasterxml/jackson/core/jackson-databind/2.14.1/jackson-databind-2.14.1.jar:/Users/quese/.m2/repository/com/fasterxml/jackson/core/jackson-annotations/2.14.1/jackson-annotations-2.14.1.jar:/Users/quese/.m2/repository/com/fasterxml/jackson/core/jackson-core/2.14.1/jackson-core-2.14.1.jar:/Users/quese/.m2/repository/com/fasterxml/jackson/datatype/jackson-datatype-jsr310/2.14.1/jackson-datatype-jsr310-2.14.1.jar:/Users/quese/.m2/repository/io/micrometer/micrometer-observation/1.10.3/micrometer-observation-1.10.3.jar:/Users/quese/.m2/repository/io/micrometer/micrometer-commons/1.10.3/micrometer-commons-1.10.3.jar:/Users/quese/.m2/repository/io/micrometer/micrometer-core/1.10.3/micrometer-core-1.10.3.jar:/Users/quese/.m2/repository/org/hdrhistogram/HdrHistogram/2.1.12/HdrHistogram-2.1.12.jar:/Users/quese/.m2/repository/org/latencyutils/LatencyUtils/2.0.3/LatencyUtils-2.0.3.jar:/Users/quese/.m2/repository/org/springframework/boot/spring-boot-starter-web/3.0.2/spring-boot-starter-web-3.0.2.jar:/Users/quese/.m2/repository/org/springframework/boot/spring-boot-starter-json/3.0.2/spring-boot-starter-json-3.0.2.jar:/Users/quese/.m2/repository/com/fasterxml/jackson/datatype/jackson-datatype-jdk8/2.14.1/jackson-datatype-jdk8-2.14.1.jar:/Users/quese/.m2/repository/com/fasterxml/jackson/module/jackson-module-parameter-names/2.14.1/jackson-module-parameter-names-2.14.1.jar:/Users/quese/.m2/repository/org/springframework/boot/spring-boot-starter-tomcat/3.0.2/spring-boot-starter-tomcat-3.0.2.jar:/Users/quese/.m2/repository/org/apache/tomcat/embed/tomcat-embed-core/10.1.5/tomcat-embed-core-10.1.5.jar:/Users/quese/.m2/repository/org/apache/tomcat/embed/tomcat-embed-el/10.1.5/tomcat-embed-el-10.1.5.jar:/Users/quese/.m2/repository/org/apache/tomcat/embed/tomcat-embed-websocket/10.1.5/tomcat-embed-websocket-10.1.5.jar:/Users/quese/.m2/repository/org/springframework/spring-web/6.0.4/spring-web-6.0.4.jar:/Users/quese/.m2/repository/org/springframework/spring-beans/6.0.4/spring-beans-6.0.4.jar:/Users/quese/.m2/repository/org/springframework/spring-webmvc/6.0.4/spring-webmvc-6.0.4.jar:/Users/quese/.m2/repository/org/springframework/spring-aop/6.0.4/spring-aop-6.0.4.jar:/Users/quese/.m2/repository/org/springframework/spring-context/6.0.4/spring-context-6.0.4.jar:/Users/quese/.m2/repository/org/springframework/spring-expression/6.0.4/spring-expression-6.0.4.jar:/Users/quese/.m2/repository/org/springframework/boot/spring-boot-devtools/3.0.2/spring-boot-devtools-3.0.2.jar:/Users/quese/.m2/repository/org/springframework/boot/spring-boot/3.0.2/spring-boot-3.0.2.jar:/Users/quese/.m2/repository/org/springframework/boot/spring-boot-autoconfigure/3.0.2/spring-boot-autoconfigure-3.0.2.jar:/Users/quese/.m2/repository/org/springframework/boot/spring-boot-configuration-processor/3.0.2/spring-boot-configuration-processor-3.0.2.jar:/Users/quese/.m2/repository/org/projectlombok/lombok/1.18.24/lombok-1.18.24.jar:/Users/quese/.m2/repository/org/springframework/boot/spring-boot-starter-data-jpa/3.0.2/spring-boot-starter-data-jpa-3.0.2.jar:/Users/quese/.m2/repository/org/springframework/boot/spring-boot-starter-aop/3.0.2/spring-boot-starter-aop-3.0.2.jar:/Users/quese/.m2/repository/org/aspectj/aspectjweaver/1.9.19/aspectjweaver-1.9.19.jar:/Users/quese/.m2/repository/org/springframework/boot/spring-boot-starter-jdbc/3.0.2/spring-boot-starter-jdbc-3.0.2.jar:/Users/quese/.m2/repository/com/zaxxer/HikariCP/5.0.1/HikariCP-5.0.1.jar:/Users/quese/.m2/repository/org/springframework/spring-jdbc/6.0.4/spring-jdbc-6.0.4.jar:/Users/quese/.m2/repository/org/springframework/data/spring-data-jpa/3.0.1/spring-data-jpa-3.0.1.jar:/Users/quese/.m2/repository/org/springframework/data/spring-data-commons/3.0.1/spring-data-commons-3.0.1.jar:/Users/quese/.m2/repository/org/springframework/spring-orm/6.0.4/spring-orm-6.0.4.jar:/Users/quese/.m2/repository/org/springframework/spring-tx/6.0.4/spring-tx-6.0.4.jar:/Users/quese/.m2/repository/org/springframework/spring-aspects/6.0.4/spring-aspects-6.0.4.jar:/Users/quese/.m2/repository/jakarta/persistence/jakarta.persistence-api/3.1.0/jakarta.persistence-api-3.1.0.jar:/Users/quese/.m2/repository/mysql/mysql-connector-java/8.0.28/mysql-connector-java-8.0.28.jar:/Users/quese/.m2/repository/org/hibernate/orm/hibernate-core/6.1.6.Final/hibernate-core-6.1.6.Final.jar:/Users/quese/.m2/repository/jakarta/transaction/jakarta.transaction-api/2.0.1/jakarta.transaction-api-2.0.1.jar:/Users/quese/.m2/repository/org/jboss/logging/jboss-logging/3.5.0.Final/jboss-logging-3.5.0.Final.jar:/Users/quese/.m2/repository/org/hibernate/common/hibernate-commons-annotations/6.0.2.Final/hibernate-commons-annotations-6.0.2.Final.jar:/Users/quese/.m2/repository/org/jboss/jandex/2.4.2.Final/jandex-2.4.2.Final.jar:/Users/quese/.m2/repository/com/fasterxml/classmate/1.5.1/classmate-1.5.1.jar:/Users/quese/.m2/repository/net/bytebuddy/byte-buddy/1.12.22/byte-buddy-1.12.22.jar:/Users/quese/.m2/repository/jakarta/xml/bind/jakarta.xml.bind-api/4.0.0/jakarta.xml.bind-api-4.0.0.jar:/Users/quese/.m2/repository/jakarta/activation/jakarta.activation-api/2.1.1/jakarta.activation-api-2.1.1.jar:/Users/quese/.m2/repository/org/glassfish/jaxb/jaxb-runtime/4.0.1/jaxb-runtime-4.0.1.jar:/Users/quese/.m2/repository/org/glassfish/jaxb/jaxb-core/4.0.1/jaxb-core-4.0.1.jar:/Users/quese/.m2/repository/org/eclipse/angus/angus-activation/1.0.0/angus-activation-1.0.0.jar:/Users/quese/.m2/repository/org/glassfish/jaxb/txw2/4.0.1/txw2-4.0.1.jar:/Users/quese/.m2/repository/com/sun/istack/istack-commons-runtime/4.1.1/istack-commons-runtime-4.1.1.jar:/Users/quese/.m2/repository/jakarta/inject/jakarta.inject-api/2.0.0/jakarta.inject-api-2.0.0.jar:/Users/quese/.m2/repository/org/antlr/antlr4-runtime/4.10.1/antlr4-runtime-4.10.1.jar:/Users/quese/.m2/repository/org/seleniumhq/selenium/selenium-api/4.5.3/selenium-api-4.5.3.jar:/Users/quese/.m2/repository/org/seleniumhq/selenium/selenium-support/4.5.3/selenium-support-4.5.3.jar:/Users/quese/.m2/repository/com/google/auto/service/auto-service-annotations/1.0.1/auto-service-annotations-1.0.1.jar:/Users/quese/.m2/repository/com/google/auto/service/auto-service/1.0.1/auto-service-1.0.1.jar:/Users/quese/.m2/repository/com/google/auto/auto-common/1.2/auto-common-1.2.jar:/Users/quese/.m2/repository/com/google/guava/guava/31.1-jre/guava-31.1-jre.jar:/Users/quese/.m2/repository/com/google/guava/failureaccess/1.0.1/failureaccess-1.0.1.jar:/Users/quese/.m2/repository/com/google/guava/listenablefuture/9999.0-empty-to-avoid-conflict-with-guava/listenablefuture-9999.0-empty-to-avoid-conflict-with-guava.jar:/Users/quese/.m2/repository/com/google/code/findbugs/jsr305/3.0.2/jsr305-3.0.2.jar:/Users/quese/.m2/repository/org/checkerframework/checker-qual/3.12.0/checker-qual-3.12.0.jar:/Users/quese/.m2/repository/com/google/errorprone/error_prone_annotations/2.11.0/error_prone_annotations-2.11.0.jar:/Users/quese/.m2/repository/com/google/j2objc/j2objc-annotations/1.3/j2objc-annotations-1.3.jar:/Users/quese/.m2/repository/org/seleniumhq/selenium/selenium-json/4.5.3/selenium-json-4.5.3.jar:/Users/quese/.m2/repository/org/seleniumhq/selenium/selenium-remote-driver/4.5.3/selenium-remote-driver-4.5.3.jar:/Users/quese/.m2/repository/com/beust/jcommander/1.82/jcommander-1.82.jar:/Users/quese/.m2/repository/io/netty/netty-buffer/4.1.87.Final/netty-buffer-4.1.87.Final.jar:/Users/quese/.m2/repository/io/netty/netty-codec-http/4.1.87.Final/netty-codec-http-4.1.87.Final.jar:/Users/quese/.m2/repository/io/netty/netty-codec/4.1.87.Final/netty-codec-4.1.87.Final.jar:/Users/quese/.m2/repository/io/netty/netty-handler/4.1.87.Final/netty-handler-4.1.87.Final.jar:/Users/quese/.m2/repository/io/netty/netty-common/4.1.87.Final/netty-common-4.1.87.Final.jar:/Users/quese/.m2/repository/io/netty/netty-transport-classes-epoll/4.1.87.Final/netty-transport-classes-epoll-4.1.87.Final.jar:/Users/quese/.m2/repository/io/netty/netty-transport-classes-kqueue/4.1.87.Final/netty-transport-classes-kqueue-4.1.87.Final.jar:/Users/quese/.m2/repository/io/netty/netty-transport-native-epoll/4.1.87.Final/netty-transport-native-epoll-4.1.87.Final.jar:/Users/quese/.m2/repository/io/netty/netty-transport-native-kqueue/4.1.87.Final/netty-transport-native-kqueue-4.1.87.Final.jar:/Users/quese/.m2/repository/io/netty/netty-transport-native-unix-common/4.1.87.Final/netty-transport-native-unix-common-4.1.87.Final.jar:/Users/quese/.m2/repository/io/netty/netty-transport/4.1.87.Final/netty-transport-4.1.87.Final.jar:/Users/quese/.m2/repository/io/netty/netty-resolver/4.1.87.Final/netty-resolver-4.1.87.Final.jar:/Users/quese/.m2/repository/io/opentelemetry/opentelemetry-api/1.19.0/opentelemetry-api-1.19.0.jar:/Users/quese/.m2/repository/io/opentelemetry/opentelemetry-context/1.19.0/opentelemetry-context-1.19.0.jar:/Users/quese/.m2/repository/io/opentelemetry/opentelemetry-exporter-logging/1.19.0/opentelemetry-exporter-logging-1.19.0.jar:/Users/quese/.m2/repository/io/opentelemetry/opentelemetry-sdk-metrics/1.19.0/opentelemetry-sdk-metrics-1.19.0.jar:/Users/quese/.m2/repository/io/opentelemetry/opentelemetry-sdk-logs/1.19.0-alpha/opentelemetry-sdk-logs-1.19.0-alpha.jar:/Users/quese/.m2/repository/io/opentelemetry/opentelemetry-api-logs/1.19.0-alpha/opentelemetry-api-logs-1.19.0-alpha.jar:/Users/quese/.m2/repository/io/opentelemetry/opentelemetry-sdk-common/1.19.0/opentelemetry-sdk-common-1.19.0.jar:/Users/quese/.m2/repository/io/opentelemetry/opentelemetry-sdk-extension-autoconfigure-spi/1.19.0/opentelemetry-sdk-extension-autoconfigure-spi-1.19.0.jar:/Users/quese/.m2/repository/io/opentelemetry/opentelemetry-sdk-extension-autoconfigure/1.19.0-alpha/opentelemetry-sdk-extension-autoconfigure-1.19.0-alpha.jar:/Users/quese/.m2/repository/io/opentelemetry/opentelemetry-exporter-common/1.19.0/opentelemetry-exporter-common-1.19.0.jar:/Users/quese/.m2/repository/io/opentelemetry/opentelemetry-sdk-trace/1.19.0/opentelemetry-sdk-trace-1.19.0.jar:/Users/quese/.m2/repository/io/opentelemetry/opentelemetry-sdk/1.19.0/opentelemetry-sdk-1.19.0.jar:/Users/quese/.m2/repository/io/opentelemetry/opentelemetry-semconv/1.19.0-alpha/opentelemetry-semconv-1.19.0-alpha.jar:/Users/quese/.m2/repository/io/ous/jtoml/2.0.0/jtoml-2.0.0.jar:/Users/quese/.m2/repository/org/apache/commons/commons-exec/1.3/commons-exec-1.3.jar:/Users/quese/.m2/repository/org/asynchttpclient/async-http-client/2.12.3/async-http-client-2.12.3.jar:/Users/quese/.m2/repository/org/asynchttpclient/async-http-client-netty-utils/2.12.3/async-http-client-netty-utils-2.12.3.jar:/Users/quese/.m2/repository/io/netty/netty-codec-socks/4.1.87.Final/netty-codec-socks-4.1.87.Final.jar:/Users/quese/.m2/repository/io/netty/netty-handler-proxy/4.1.87.Final/netty-handler-proxy-4.1.87.Final.jar:/Users/quese/.m2/repository/io/netty/netty-transport-native-epoll/4.1.87.Final/netty-transport-native-epoll-4.1.87.Final-linux-x86_64.jar:/Users/quese/.m2/repository/io/netty/netty-transport-native-kqueue/4.1.87.Final/netty-transport-native-kqueue-4.1.87.Final-osx-x86_64.jar:/Users/quese/.m2/repository/org/reactivestreams/reactive-streams/1.0.4/reactive-streams-1.0.4.jar:/Users/quese/.m2/repository/com/typesafe/netty/netty-reactive-streams/2.0.4/netty-reactive-streams-2.0.4.jar:/Users/quese/.m2/repository/com/sun/activation/jakarta.activation/1.2.2/jakarta.activation-1.2.2.jar:/Users/quese/.m2/repository/org/seleniumhq/selenium/selenium-http/4.5.3/selenium-http-4.5.3.jar:/Users/quese/.m2/repository/dev/failsafe/failsafe/3.3.0/failsafe-3.3.0.jar:/Users/quese/.m2/repository/org/seleniumhq/selenium/selenium-chrome-driver/4.1.2/selenium-chrome-driver-4.1.2.jar:/Users/quese/.m2/repository/io/github/bonigarcia/webdrivermanager/5.0.3/webdrivermanager-5.0.3.jar:/Users/quese/.m2/repository/org/slf4j/slf4j-api/2.0.6/slf4j-api-2.0.6.jar:/Users/quese/.m2/repository/com/google/code/gson/gson/2.9.1/gson-2.9.1.jar:/Users/quese/.m2/repository/org/jsoup/jsoup/1.14.2/jsoup-1.14.2.jar:/Users/quese/.m2/repository/com/github/docker-java/docker-java/3.2.12/docker-java-3.2.12.jar:/Users/quese/.m2/repository/com/github/docker-java/docker-java-core/3.2.12/docker-java-core-3.2.12.jar:/Users/quese/.m2/repository/com/github/docker-java/docker-java-api/3.2.12/docker-java-api-3.2.12.jar:/Users/quese/.m2/repository/commons-io/commons-io/2.6/commons-io-2.6.jar:/Users/quese/.m2/repository/org/apache/commons/commons-compress/1.21/commons-compress-1.21.jar:/Users/quese/.m2/repository/commons-lang/commons-lang/2.6/commons-lang-2.6.jar:/Users/quese/.m2/repository/org/bouncycastle/bcpkix-jdk15on/1.64/bcpkix-jdk15on-1.64.jar:/Users/quese/.m2/repository/org/bouncycastle/bcprov-jdk15on/1.64/bcprov-jdk15on-1.64.jar:/Users/quese/.m2/repository/org/slf4j/jcl-over-slf4j/2.0.6/jcl-over-slf4j-2.0.6.jar:/Users/quese/.m2/repository/com/github/docker-java/docker-java-transport-httpclient5/3.2.12/docker-java-transport-httpclient5-3.2.12.jar:/Users/quese/.m2/repository/com/github/docker-java/docker-java-transport/3.2.12/docker-java-transport-3.2.12.jar:/Users/quese/.m2/repository/org/apache/httpcomponents/client5/httpclient5/5.1.4/httpclient5-5.1.4.jar:/Users/quese/.m2/repository/org/apache/httpcomponents/core5/httpcore5/5.1.5/httpcore5-5.1.5.jar:/Users/quese/.m2/repository/commons-codec/commons-codec/1.15/commons-codec-1.15.jar:/Users/quese/.m2/repository/net/java/dev/jna/jna/5.8.0/jna-5.8.0.jar:/Users/quese/.m2/repository/org/brotli/dec/0.1.2/dec-0.1.2.jar:/Users/quese/.m2/repository/org/seleniumhq/selenium/selenium-chromium-driver/4.5.3/selenium-chromium-driver-4.5.3.jar:/Users/quese/.m2/repository/junit/junit/4.12/junit-4.12.jar:/Users/quese/.m2/repository/org/hamcrest/hamcrest-core/2.2/hamcrest-core-2.2.jar:/Users/quese/.m2/repository/org/hamcrest/hamcrest/2.2/hamcrest-2.2.jar:/Users/quese/.m2/repository/org/junit/jupiter/junit-jupiter-engine/5.7.2/junit-jupiter-engine-5.7.2.jar:/Users/quese/.m2/repository/org/apiguardian/apiguardian-api/1.1.0/apiguardian-api-1.1.0.jar:/Users/quese/.m2/repository/org/junit/platform/junit-platform-engine/1.9.2/junit-platform-engine-1.9.2.jar:/Users/quese/.m2/repository/org/junit/jupiter/junit-jupiter-api/5.9.2/junit-jupiter-api-5.9.2.jar:/Users/quese/.m2/repository/org/opentest4j/opentest4j/1.2.0/opentest4j-1.2.0.jar:/Users/quese/.m2/repository/org/junit/platform/junit-platform-commons/1.9.2/junit-platform-commons-1.9.2.jar:"/>
    <property name="java.vm.vendor" value="Homebrew"/>
    <property name="sun.arch.data.model" value="64"/>
    <property name="java.vendor.url" value="https://github.com/Homebrew/homebrew-core/issues"/>
    <property name="os.name" value="Mac OS X"/>
    <property name="java.vm.specification.version" value="19"/>
    <property name="sun.java.launcher" value="SUN_STANDARD"/>
    <property name="user.country" value="US"/>
    <property name="sun.boot.library.path" value="/usr/local/Cellar/openjdk/19.0.2/libexec/openjdk.jdk/Contents/Home/lib"/>
    <property name="sun.java.command" value="/Users/quese/work/shop/target/surefire/surefirebooter6054239550050631935.jar /Users/quese/work/shop/target/surefire 2023-02-28T10-48-13_016-jvmRun1 surefire215763708279162246tmp surefire_017583387658083391087tmp"/>
    <property name="http.nonProxyHosts" value="local|*.local|169.254/16|*.169.254/16"/>
    <property name="jdk.debug" value="release"/>
    <property name="surefire.test.class.path" value="/Users/quese/work/shop/target/test-classes:/Users/quese/work/shop/target/classes:/Users/quese/.m2/repository/org/springframework/boot/spring-boot-starter-actuator/3.0.2/spring-boot-starter-actuator-3.0.2.jar:/Users/quese/.m2/repository/org/springframework/boot/spring-boot-starter/3.0.2/spring-boot-starter-3.0.2.jar:/Users/quese/.m2/repository/org/springframework/boot/spring-boot-starter-logging/3.0.2/spring-boot-starter-logging-3.0.2.jar:/Users/quese/.m2/repository/ch/qos/logback/logback-classic/1.4.5/logback-classic-1.4.5.jar:/Users/quese/.m2/repository/ch/qos/logback/logback-core/1.4.5/logback-core-1.4.5.jar:/Users/quese/.m2/repository/org/apache/logging/log4j/log4j-to-slf4j/2.19.0/log4j-to-slf4j-2.19.0.jar:/Users/quese/.m2/repository/org/apache/logging/log4j/log4j-api/2.19.0/log4j-api-2.19.0.jar:/Users/quese/.m2/repository/org/slf4j/jul-to-slf4j/2.0.6/jul-to-slf4j-2.0.6.jar:/Users/quese/.m2/repository/jakarta/annotation/jakarta.annotation-api/2.1.1/jakarta.annotation-api-2.1.1.jar:/Users/quese/.m2/repository/org/springframework/spring-core/6.0.4/spring-core-6.0.4.jar:/Users/quese/.m2/repository/org/springframework/spring-jcl/6.0.4/spring-jcl-6.0.4.jar:/Users/quese/.m2/repository/org/yaml/snakeyaml/1.33/snakeyaml-1.33.jar:/Users/quese/.m2/repository/org/springframework/boot/spring-boot-actuator-autoconfigure/3.0.2/spring-boot-actuator-autoconfigure-3.0.2.jar:/Users/quese/.m2/repository/org/springframework/boot/spring-boot-actuator/3.0.2/spring-boot-actuator-3.0.2.jar:/Users/quese/.m2/repository/com/fasterxml/jackson/core/jackson-databind/2.14.1/jackson-databind-2.14.1.jar:/Users/quese/.m2/repository/com/fasterxml/jackson/core/jackson-annotations/2.14.1/jackson-annotations-2.14.1.jar:/Users/quese/.m2/repository/com/fasterxml/jackson/core/jackson-core/2.14.1/jackson-core-2.14.1.jar:/Users/quese/.m2/repository/com/fasterxml/jackson/datatype/jackson-datatype-jsr310/2.14.1/jackson-datatype-jsr310-2.14.1.jar:/Users/quese/.m2/repository/io/micrometer/micrometer-observation/1.10.3/micrometer-observation-1.10.3.jar:/Users/quese/.m2/repository/io/micrometer/micrometer-commons/1.10.3/micrometer-commons-1.10.3.jar:/Users/quese/.m2/repository/io/micrometer/micrometer-core/1.10.3/micrometer-core-1.10.3.jar:/Users/quese/.m2/repository/org/hdrhistogram/HdrHistogram/2.1.12/HdrHistogram-2.1.12.jar:/Users/quese/.m2/repository/org/latencyutils/LatencyUtils/2.0.3/LatencyUtils-2.0.3.jar:/Users/quese/.m2/repository/org/springframework/boot/spring-boot-starter-web/3.0.2/spring-boot-starter-web-3.0.2.jar:/Users/quese/.m2/repository/org/springframework/boot/spring-boot-starter-json/3.0.2/spring-boot-starter-json-3.0.2.jar:/Users/quese/.m2/repository/com/fasterxml/jackson/datatype/jackson-datatype-jdk8/2.14.1/jackson-datatype-jdk8-2.14.1.jar:/Users/quese/.m2/repository/com/fasterxml/jackson/module/jackson-module-parameter-names/2.14.1/jackson-module-parameter-names-2.14.1.jar:/Users/quese/.m2/repository/org/springframework/boot/spring-boot-starter-tomcat/3.0.2/spring-boot-starter-tomcat-3.0.2.jar:/Users/quese/.m2/repository/org/apache/tomcat/embed/tomcat-embed-core/10.1.5/tomcat-embed-core-10.1.5.jar:/Users/quese/.m2/repository/org/apache/tomcat/embed/tomcat-embed-el/10.1.5/tomcat-embed-el-10.1.5.jar:/Users/quese/.m2/repository/org/apache/tomcat/embed/tomcat-embed-websocket/10.1.5/tomcat-embed-websocket-10.1.5.jar:/Users/quese/.m2/repository/org/springframework/spring-web/6.0.4/spring-web-6.0.4.jar:/Users/quese/.m2/repository/org/springframework/spring-beans/6.0.4/spring-beans-6.0.4.jar:/Users/quese/.m2/repository/org/springframework/spring-webmvc/6.0.4/spring-webmvc-6.0.4.jar:/Users/quese/.m2/repository/org/springframework/spring-aop/6.0.4/spring-aop-6.0.4.jar:/Users/quese/.m2/repository/org/springframework/spring-context/6.0.4/spring-context-6.0.4.jar:/Users/quese/.m2/repository/org/springframework/spring-expression/6.0.4/spring-expression-6.0.4.jar:/Users/quese/.m2/repository/org/springframework/boot/spring-boot-devtools/3.0.2/spring-boot-devtools-3.0.2.jar:/Users/quese/.m2/repository/org/springframework/boot/spring-boot/3.0.2/spring-boot-3.0.2.jar:/Users/quese/.m2/repository/org/springframework/boot/spring-boot-autoconfigure/3.0.2/spring-boot-autoconfigure-3.0.2.jar:/Users/quese/.m2/repository/org/springframework/boot/spring-boot-configuration-processor/3.0.2/spring-boot-configuration-processor-3.0.2.jar:/Users/quese/.m2/repository/org/projectlombok/lombok/1.18.24/lombok-1.18.24.jar:/Users/quese/.m2/repository/org/springframework/boot/spring-boot-starter-data-jpa/3.0.2/spring-boot-starter-data-jpa-3.0.2.jar:/Users/quese/.m2/repository/org/springframework/boot/spring-boot-starter-aop/3.0.2/spring-boot-starter-aop-3.0.2.jar:/Users/quese/.m2/repository/org/aspectj/aspectjweaver/1.9.19/aspectjweaver-1.9.19.jar:/Users/quese/.m2/repository/org/springframework/boot/spring-boot-starter-jdbc/3.0.2/spring-boot-starter-jdbc-3.0.2.jar:/Users/quese/.m2/repository/com/zaxxer/HikariCP/5.0.1/HikariCP-5.0.1.jar:/Users/quese/.m2/repository/org/springframework/spring-jdbc/6.0.4/spring-jdbc-6.0.4.jar:/Users/quese/.m2/repository/org/springframework/data/spring-data-jpa/3.0.1/spring-data-jpa-3.0.1.jar:/Users/quese/.m2/repository/org/springframework/data/spring-data-commons/3.0.1/spring-data-commons-3.0.1.jar:/Users/quese/.m2/repository/org/springframework/spring-orm/6.0.4/spring-orm-6.0.4.jar:/Users/quese/.m2/repository/org/springframework/spring-tx/6.0.4/spring-tx-6.0.4.jar:/Users/quese/.m2/repository/org/springframework/spring-aspects/6.0.4/spring-aspects-6.0.4.jar:/Users/quese/.m2/repository/jakarta/persistence/jakarta.persistence-api/3.1.0/jakarta.persistence-api-3.1.0.jar:/Users/quese/.m2/repository/mysql/mysql-connector-java/8.0.28/mysql-connector-java-8.0.28.jar:/Users/quese/.m2/repository/org/hibernate/orm/hibernate-core/6.1.6.Final/hibernate-core-6.1.6.Final.jar:/Users/quese/.m2/repository/jakarta/transaction/jakarta.transaction-api/2.0.1/jakarta.transaction-api-2.0.1.jar:/Users/quese/.m2/repository/org/jboss/logging/jboss-logging/3.5.0.Final/jboss-logging-3.5.0.Final.jar:/Users/quese/.m2/repository/org/hibernate/common/hibernate-commons-annotations/6.0.2.Final/hibernate-commons-annotations-6.0.2.Final.jar:/Users/quese/.m2/repository/org/jboss/jandex/2.4.2.Final/jandex-2.4.2.Final.jar:/Users/quese/.m2/repository/com/fasterxml/classmate/1.5.1/classmate-1.5.1.jar:/Users/quese/.m2/repository/net/bytebuddy/byte-buddy/1.12.22/byte-buddy-1.12.22.jar:/Users/quese/.m2/repository/jakarta/xml/bind/jakarta.xml.bind-api/4.0.0/jakarta.xml.bind-api-4.0.0.jar:/Users/quese/.m2/repository/jakarta/activation/jakarta.activation-api/2.1.1/jakarta.activation-api-2.1.1.jar:/Users/quese/.m2/repository/org/glassfish/jaxb/jaxb-runtime/4.0.1/jaxb-runtime-4.0.1.jar:/Users/quese/.m2/repository/org/glassfish/jaxb/jaxb-core/4.0.1/jaxb-core-4.0.1.jar:/Users/quese/.m2/repository/org/eclipse/angus/angus-activation/1.0.0/angus-activation-1.0.0.jar:/Users/quese/.m2/repository/org/glassfish/jaxb/txw2/4.0.1/txw2-4.0.1.jar:/Users/quese/.m2/repository/com/sun/istack/istack-commons-runtime/4.1.1/istack-commons-runtime-4.1.1.jar:/Users/quese/.m2/repository/jakarta/inject/jakarta.inject-api/2.0.0/jakarta.inject-api-2.0.0.jar:/Users/quese/.m2/repository/org/antlr/antlr4-runtime/4.10.1/antlr4-runtime-4.10.1.jar:/Users/quese/.m2/repository/org/seleniumhq/selenium/selenium-api/4.5.3/selenium-api-4.5.3.jar:/Users/quese/.m2/repository/org/seleniumhq/selenium/selenium-support/4.5.3/selenium-support-4.5.3.jar:/Users/quese/.m2/repository/com/google/auto/service/auto-service-annotations/1.0.1/auto-service-annotations-1.0.1.jar:/Users/quese/.m2/repository/com/google/auto/service/auto-service/1.0.1/auto-service-1.0.1.jar:/Users/quese/.m2/repository/com/google/auto/auto-common/1.2/auto-common-1.2.jar:/Users/quese/.m2/repository/com/google/guava/guava/31.1-jre/guava-31.1-jre.jar:/Users/quese/.m2/repository/com/google/guava/failureaccess/1.0.1/failureaccess-1.0.1.jar:/Users/quese/.m2/repository/com/google/guava/listenablefuture/9999.0-empty-to-avoid-conflict-with-guava/listenablefuture-9999.0-empty-to-avoid-conflict-with-guava.jar:/Users/quese/.m2/repository/com/google/code/findbugs/jsr305/3.0.2/jsr305-3.0.2.jar:/Users/quese/.m2/repository/org/checkerframework/checker-qual/3.12.0/checker-qual-3.12.0.jar:/Users/quese/.m2/repository/com/google/errorprone/error_prone_annotations/2.11.0/error_prone_annotations-2.11.0.jar:/Users/quese/.m2/repository/com/google/j2objc/j2objc-annotations/1.3/j2objc-annotations-1.3.jar:/Users/quese/.m2/repository/org/seleniumhq/selenium/selenium-json/4.5.3/selenium-json-4.5.3.jar:/Users/quese/.m2/repository/org/seleniumhq/selenium/selenium-remote-driver/4.5.3/selenium-remote-driver-4.5.3.jar:/Users/quese/.m2/repository/com/beust/jcommander/1.82/jcommander-1.82.jar:/Users/quese/.m2/repository/io/netty/netty-buffer/4.1.87.Final/netty-buffer-4.1.87.Final.jar:/Users/quese/.m2/repository/io/netty/netty-codec-http/4.1.87.Final/netty-codec-http-4.1.87.Final.jar:/Users/quese/.m2/repository/io/netty/netty-codec/4.1.87.Final/netty-codec-4.1.87.Final.jar:/Users/quese/.m2/repository/io/netty/netty-handler/4.1.87.Final/netty-handler-4.1.87.Final.jar:/Users/quese/.m2/repository/io/netty/netty-common/4.1.87.Final/netty-common-4.1.87.Final.jar:/Users/quese/.m2/repository/io/netty/netty-transport-classes-epoll/4.1.87.Final/netty-transport-classes-epoll-4.1.87.Final.jar:/Users/quese/.m2/repository/io/netty/netty-transport-classes-kqueue/4.1.87.Final/netty-transport-classes-kqueue-4.1.87.Final.jar:/Users/quese/.m2/repository/io/netty/netty-transport-native-epoll/4.1.87.Final/netty-transport-native-epoll-4.1.87.Final.jar:/Users/quese/.m2/repository/io/netty/netty-transport-native-kqueue/4.1.87.Final/netty-transport-native-kqueue-4.1.87.Final.jar:/Users/quese/.m2/repository/io/netty/netty-transport-native-unix-common/4.1.87.Final/netty-transport-native-unix-common-4.1.87.Final.jar:/Users/quese/.m2/repository/io/netty/netty-transport/4.1.87.Final/netty-transport-4.1.87.Final.jar:/Users/quese/.m2/repository/io/netty/netty-resolver/4.1.87.Final/netty-resolver-4.1.87.Final.jar:/Users/quese/.m2/repository/io/opentelemetry/opentelemetry-api/1.19.0/opentelemetry-api-1.19.0.jar:/Users/quese/.m2/repository/io/opentelemetry/opentelemetry-context/1.19.0/opentelemetry-context-1.19.0.jar:/Users/quese/.m2/repository/io/opentelemetry/opentelemetry-exporter-logging/1.19.0/opentelemetry-exporter-logging-1.19.0.jar:/Users/quese/.m2/repository/io/opentelemetry/opentelemetry-sdk-metrics/1.19.0/opentelemetry-sdk-metrics-1.19.0.jar:/Users/quese/.m2/repository/io/opentelemetry/opentelemetry-sdk-logs/1.19.0-alpha/opentelemetry-sdk-logs-1.19.0-alpha.jar:/Users/quese/.m2/repository/io/opentelemetry/opentelemetry-api-logs/1.19.0-alpha/opentelemetry-api-logs-1.19.0-alpha.jar:/Users/quese/.m2/repository/io/opentelemetry/opentelemetry-sdk-common/1.19.0/opentelemetry-sdk-common-1.19.0.jar:/Users/quese/.m2/repository/io/opentelemetry/opentelemetry-sdk-extension-autoconfigure-spi/1.19.0/opentelemetry-sdk-extension-autoconfigure-spi-1.19.0.jar:/Users/quese/.m2/repository/io/opentelemetry/opentelemetry-sdk-extension-autoconfigure/1.19.0-alpha/opentelemetry-sdk-extension-autoconfigure-1.19.0-alpha.jar:/Users/quese/.m2/repository/io/opentelemetry/opentelemetry-exporter-common/1.19.0/opentelemetry-exporter-common-1.19.0.jar:/Users/quese/.m2/repository/io/opentelemetry/opentelemetry-sdk-trace/1.19.0/opentelemetry-sdk-trace-1.19.0.jar:/Users/quese/.m2/repository/io/opentelemetry/opentelemetry-sdk/1.19.0/opentelemetry-sdk-1.19.0.jar:/Users/quese/.m2/repository/io/opentelemetry/opentelemetry-semconv/1.19.0-alpha/opentelemetry-semconv-1.19.0-alpha.jar:/Users/quese/.m2/repository/io/ous/jtoml/2.0.0/jtoml-2.0.0.jar:/Users/quese/.m2/repository/org/apache/commons/commons-exec/1.3/commons-exec-1.3.jar:/Users/quese/.m2/repository/org/asynchttpclient/async-http-client/2.12.3/async-http-client-2.12.3.jar:/Users/quese/.m2/repository/org/asynchttpclient/async-http-client-netty-utils/2.12.3/async-http-client-netty-utils-2.12.3.jar:/Users/quese/.m2/repository/io/netty/netty-codec-socks/4.1.87.Final/netty-codec-socks-4.1.87.Final.jar:/Users/quese/.m2/repository/io/netty/netty-handler-proxy/4.1.87.Final/netty-handler-proxy-4.1.87.Final.jar:/Users/quese/.m2/repository/io/netty/netty-transport-native-epoll/4.1.87.Final/netty-transport-native-epoll-4.1.87.Final-linux-x86_64.jar:/Users/quese/.m2/repository/io/netty/netty-transport-native-kqueue/4.1.87.Final/netty-transport-native-kqueue-4.1.87.Final-osx-x86_64.jar:/Users/quese/.m2/repository/org/reactivestreams/reactive-streams/1.0.4/reactive-streams-1.0.4.jar:/Users/quese/.m2/repository/com/typesafe/netty/netty-reactive-streams/2.0.4/netty-reactive-streams-2.0.4.jar:/Users/quese/.m2/repository/com/sun/activation/jakarta.activation/1.2.2/jakarta.activation-1.2.2.jar:/Users/quese/.m2/repository/org/seleniumhq/selenium/selenium-http/4.5.3/selenium-http-4.5.3.jar:/Users/quese/.m2/repository/dev/failsafe/failsafe/3.3.0/failsafe-3.3.0.jar:/Users/quese/.m2/repository/org/seleniumhq/selenium/selenium-chrome-driver/4.1.2/selenium-chrome-driver-4.1.2.jar:/Users/quese/.m2/repository/io/github/bonigarcia/webdrivermanager/5.0.3/webdrivermanager-5.0.3.jar:/Users/quese/.m2/repository/org/slf4j/slf4j-api/2.0.6/slf4j-api-2.0.6.jar:/Users/quese/.m2/repository/com/google/code/gson/gson/2.9.1/gson-2.9.1.jar:/Users/quese/.m2/repository/org/jsoup/jsoup/1.14.2/jsoup-1.14.2.jar:/Users/quese/.m2/repository/com/github/docker-java/docker-java/3.2.12/docker-java-3.2.12.jar:/Users/quese/.m2/repository/com/github/docker-java/docker-java-core/3.2.12/docker-java-core-3.2.12.jar:/Users/quese/.m2/repository/com/github/docker-java/docker-java-api/3.2.12/docker-java-api-3.2.12.jar:/Users/quese/.m2/repository/commons-io/commons-io/2.6/commons-io-2.6.jar:/Users/quese/.m2/repository/org/apache/commons/commons-compress/1.21/commons-compress-1.21.jar:/Users/quese/.m2/repository/commons-lang/commons-lang/2.6/commons-lang-2.6.jar:/Users/quese/.m2/repository/org/bouncycastle/bcpkix-jdk15on/1.64/bcpkix-jdk15on-1.64.jar:/Users/quese/.m2/repository/org/bouncycastle/bcprov-jdk15on/1.64/bcprov-jdk15on-1.64.jar:/Users/quese/.m2/repository/org/slf4j/jcl-over-slf4j/2.0.6/jcl-over-slf4j-2.0.6.jar:/Users/quese/.m2/repository/com/github/docker-java/docker-java-transport-httpclient5/3.2.12/docker-java-transport-httpclient5-3.2.12.jar:/Users/quese/.m2/repository/com/github/docker-java/docker-java-transport/3.2.12/docker-java-transport-3.2.12.jar:/Users/quese/.m2/repository/org/apache/httpcomponents/client5/httpclient5/5.1.4/httpclient5-5.1.4.jar:/Users/quese/.m2/repository/org/apache/httpcomponents/core5/httpcore5/5.1.5/httpcore5-5.1.5.jar:/Users/quese/.m2/repository/commons-codec/commons-codec/1.15/commons-codec-1.15.jar:/Users/quese/.m2/repository/net/java/dev/jna/jna/5.8.0/jna-5.8.0.jar:/Users/quese/.m2/repository/org/brotli/dec/0.1.2/dec-0.1.2.jar:/Users/quese/.m2/repository/org/seleniumhq/selenium/selenium-chromium-driver/4.5.3/selenium-chromium-driver-4.5.3.jar:/Users/quese/.m2/repository/junit/junit/4.12/junit-4.12.jar:/Users/quese/.m2/repository/org/hamcrest/hamcrest-core/2.2/hamcrest-core-2.2.jar:/Users/quese/.m2/repository/org/hamcrest/hamcrest/2.2/hamcrest-2.2.jar:/Users/quese/.m2/repository/org/junit/jupiter/junit-jupiter-engine/5.7.2/junit-jupiter-engine-5.7.2.jar:/Users/quese/.m2/repository/org/apiguardian/apiguardian-api/1.1.0/apiguardian-api-1.1.0.jar:/Users/quese/.m2/repository/org/junit/platform/junit-platform-engine/1.9.2/junit-platform-engine-1.9.2.jar:/Users/quese/.m2/repository/org/junit/jupiter/junit-jupiter-api/5.9.2/junit-jupiter-api-5.9.2.jar:/Users/quese/.m2/repository/org/opentest4j/opentest4j/1.2.0/opentest4j-1.2.0.jar:/Users/quese/.m2/repository/org/junit/platform/junit-platform-commons/1.9.2/junit-platform-commons-1.9.2.jar:"/>
    <property name="sun.cpu.endian" value="little"/>
    <property name="user.home" value="/Users/quese"/>
    <property name="user.language" value="en"/>
    <property name="java.specification.vendor" value="Oracle Corporation"/>
    <property name="java.version.date" value="2023-01-17"/>
    <property name="java.home" value="/usr/local/Cellar/openjdk/19.0.2/libexec/openjdk.jdk/Contents/Home"/>
    <property name="file.separator" value="/"/>
    <property name="basedir" value="/Users/quese/work/shop"/>
    <property name="java.vm.compressedOopsMode" value="Zero based"/>
    <property name="line.separator" value="&#10;"/>
    <property name="java.vm.specification.vendor" value="Oracle Corporation"/>
    <property name="java.specification.name" value="Java Platform API Specification"/>
    <property name="apple.awt.application.name" value="ForkedBooter"/>
    <property name="surefire.real.class.path" value="/Users/quese/work/shop/target/surefire/surefirebooter6054239550050631935.jar"/>
    <property name="sun.management.compiler" value="HotSpot 64-Bit Tiered Compilers"/>
    <property name="ftp.nonProxyHosts" value="local|*.local|169.254/16|*.169.254/16"/>
    <property name="java.runtime.version" value="19.0.2"/>
    <property name="user.name" value="quese"/>
    <property name="stdout.encoding" value="UTF-8"/>
    <property name="path.separator" value=":"/>
    <property name="os.version" value="12.6.3"/>
    <property name="java.runtime.name" value="OpenJDK Runtime Environment"/>
    <property name="file.encoding" value="UTF-8"/>
    <property name="java.vm.name" value="OpenJDK 64-Bit Server VM"/>
    <property name="java.vendor.version" value="Homebrew"/>
    <property name="localRepository" value="/Users/quese/.m2/repository"/>
    <property name="java.vendor.url.bug" value="https://github.com/Homebrew/homebrew-core/issues"/>
    <property name="java.io.tmpdir" value="/var/folders/rc/9hfg82cx7fg1qlccjz5wbcn80000gn/T/"/>
    <property name="java.version" value="19.0.2"/>
    <property name="user.dir" value="/Users/quese/work/shop"/>
    <property name="os.arch" value="x86_64"/>
    <property name="java.vm.specification.name" value="Java Virtual Machine Specification"/>
    <property name="native.encoding" value="UTF-8"/>
    <property name="java.library.path" value="/Users/quese/Library/Java/Extensions:/Library/Java/Extensions:/Network/Library/Java/Extensions:/System/Library/Java/Extensions:/usr/lib/java:."/>
    <property name="java.vm.info" value="mixed mode, sharing"/>
    <property name="stderr.encoding" value="UTF-8"/>
    <property name="java.vendor" value="Homebrew"/>
    <property name="java.vm.version" value="19.0.2"/>
    <property name="sun.io.unicode.encoding" value="UnicodeBig"/>
    <property name="socksNonProxyHosts" value="local|*.local|169.254/16|*.169.254/16"/>
    <property name="java.class.version" value="63.0"/>
  </properties>
  <testcase name="testWhetherWebManagerisFaster" classname="app.selenium.TestEbay" time="206.958">
    <failure message="Bonigarcia&apos;s WebdriverManager at 102891ms can connect and crawl data from Ebay.com faster than Google&apos;s ChromeDriver.exe(ver 110) at101257ms. ==&gt; expected: &lt;true&gt; but was: &lt;false&gt;" type="org.opentest4j.AssertionFailedError"><![CDATA[org.opentest4j.AssertionFailedError: Bonigarcia's WebdriverManager at 102891ms can connect and crawl data from Ebay.com faster than Google's ChromeDriver.exe(ver 110) at101257ms. ==> expected: <true> but was: <false>
	at app.selenium.TestEbay.testWhetherWebManagerisFaster(TestEbay.java:94)
]]></failure>
    <system-out><![CDATA[10:48:22.536 [main] DEBUG io.github.bonigarcia.wdm.cache.ResolutionCache - Removing resolution chrome=110 from cache (expired on Tue Feb 28 10:46:44 EST 2023)
10:48:22.606 [main] DEBUG org.apache.hc.client5.http.impl.classic.InternalHttpClient - ex-0000000001 preparing request execution
10:48:22.900 [main] DEBUG org.apache.hc.client5.http.protocol.RequestAddCookies - ex-0000000001 Cookie spec selected: strict
10:48:22.931 [main] DEBUG org.apache.hc.client5.http.protocol.RequestAuthCache - ex-0000000001 Auth cache not set in the context
10:48:22.931 [main] DEBUG org.apache.hc.client5.http.impl.classic.ProtocolExec - ex-0000000001 target auth state: UNCHALLENGED
10:48:22.933 [main] DEBUG org.apache.hc.client5.http.impl.classic.ProtocolExec - ex-0000000001 proxy auth state: UNCHALLENGED
10:48:22.933 [main] DEBUG org.apache.hc.client5.http.impl.classic.ConnectExec - ex-0000000001 acquiring connection with route {s}->https://raw.githubusercontent.com:443
10:48:22.933 [main] DEBUG org.apache.hc.client5.http.impl.classic.InternalHttpClient - ex-0000000001 acquiring endpoint (3 MINUTES)
10:48:22.936 [main] DEBUG org.apache.hc.client5.http.impl.io.PoolingHttpClientConnectionManager - ex-0000000001 endpoint lease request (3 MINUTES) [route: {s}->https://raw.githubusercontent.com:443][total available: 0; route allocated: 0 of 5; total allocated: 0 of 25]
10:48:22.942 [main] DEBUG org.apache.hc.client5.http.impl.io.PoolingHttpClientConnectionManager - ex-0000000001 endpoint leased [route: {s}->https://raw.githubusercontent.com:443][total available: 0; route allocated: 1 of 5; total allocated: 1 of 25]
10:48:22.969 [main] DEBUG org.apache.hc.client5.http.impl.io.PoolingHttpClientConnectionManager - ex-0000000001 acquired ep-0000000001
10:48:22.970 [main] DEBUG org.apache.hc.client5.http.impl.classic.InternalHttpClient - ex-0000000001 acquired endpoint ep-0000000001
10:48:22.970 [main] DEBUG org.apache.hc.client5.http.impl.classic.ConnectExec - ex-0000000001 opening connection {s}->https://raw.githubusercontent.com:443
10:48:22.972 [main] DEBUG org.apache.hc.client5.http.impl.classic.InternalHttpClient - ep-0000000001 connecting endpoint (30 SECONDS)
10:48:22.973 [main] DEBUG org.apache.hc.client5.http.impl.io.PoolingHttpClientConnectionManager - ep-0000000001 connecting endpoint to https://raw.githubusercontent.com:443 (30 SECONDS)
10:48:23.237 [main] DEBUG org.apache.hc.client5.http.impl.io.DefaultHttpClientConnectionOperator - http-outgoing-0 connecting to raw.githubusercontent.com/185.199.108.133:443
10:48:23.237 [main] DEBUG org.apache.hc.client5.http.ssl.SSLConnectionSocketFactory - Connecting socket to raw.githubusercontent.com/185.199.108.133:443 with timeout 30 SECONDS
10:48:23.378 [main] DEBUG org.apache.hc.client5.http.ssl.SSLConnectionSocketFactory - Enabled protocols: [TLSv1.3, TLSv1.2]
10:48:23.381 [main] DEBUG org.apache.hc.client5.http.ssl.SSLConnectionSocketFactory - Enabled cipher suites: [TLS_AES_256_GCM_SHA384, TLS_AES_128_GCM_SHA256, TLS_CHACHA20_POLY1305_SHA256, TLS_ECDHE_ECDSA_WITH_AES_256_GCM_SHA384, TLS_ECDHE_ECDSA_WITH_AES_128_GCM_SHA256, TLS_ECDHE_ECDSA_WITH_CHACHA20_POLY1305_SHA256, TLS_ECDHE_RSA_WITH_AES_256_GCM_SHA384, TLS_ECDHE_RSA_WITH_CHACHA20_POLY1305_SHA256, TLS_ECDHE_RSA_WITH_AES_128_GCM_SHA256, TLS_DHE_RSA_WITH_AES_256_GCM_SHA384, TLS_DHE_RSA_WITH_CHACHA20_POLY1305_SHA256, TLS_DHE_DSS_WITH_AES_256_GCM_SHA384, TLS_DHE_RSA_WITH_AES_128_GCM_SHA256, TLS_DHE_DSS_WITH_AES_128_GCM_SHA256, TLS_ECDHE_ECDSA_WITH_AES_256_CBC_SHA384, TLS_ECDHE_RSA_WITH_AES_256_CBC_SHA384, TLS_ECDHE_ECDSA_WITH_AES_128_CBC_SHA256, TLS_ECDHE_RSA_WITH_AES_128_CBC_SHA256, TLS_DHE_RSA_WITH_AES_256_CBC_SHA256, TLS_DHE_DSS_WITH_AES_256_CBC_SHA256, TLS_DHE_RSA_WITH_AES_128_CBC_SHA256, TLS_DHE_DSS_WITH_AES_128_CBC_SHA256, TLS_ECDH_ECDSA_WITH_AES_256_GCM_SHA384, TLS_ECDH_RSA_WITH_AES_256_GCM_SHA384, TLS_ECDH_ECDSA_WITH_AES_128_GCM_SHA256, TLS_ECDH_RSA_WITH_AES_128_GCM_SHA256, TLS_ECDH_ECDSA_WITH_AES_256_CBC_SHA384, TLS_ECDH_RSA_WITH_AES_256_CBC_SHA384, TLS_ECDH_ECDSA_WITH_AES_128_CBC_SHA256, TLS_ECDH_RSA_WITH_AES_128_CBC_SHA256, TLS_ECDHE_ECDSA_WITH_AES_256_CBC_SHA, TLS_ECDHE_RSA_WITH_AES_256_CBC_SHA, TLS_ECDHE_ECDSA_WITH_AES_128_CBC_SHA, TLS_ECDHE_RSA_WITH_AES_128_CBC_SHA, TLS_DHE_RSA_WITH_AES_256_CBC_SHA, TLS_DHE_DSS_WITH_AES_256_CBC_SHA, TLS_DHE_RSA_WITH_AES_128_CBC_SHA, TLS_DHE_DSS_WITH_AES_128_CBC_SHA, TLS_ECDH_ECDSA_WITH_AES_256_CBC_SHA, TLS_ECDH_RSA_WITH_AES_256_CBC_SHA, TLS_ECDH_ECDSA_WITH_AES_128_CBC_SHA, TLS_ECDH_RSA_WITH_AES_128_CBC_SHA, TLS_RSA_WITH_AES_256_GCM_SHA384, TLS_RSA_WITH_AES_128_GCM_SHA256, TLS_RSA_WITH_AES_256_CBC_SHA256, TLS_RSA_WITH_AES_128_CBC_SHA256, TLS_RSA_WITH_AES_256_CBC_SHA, TLS_RSA_WITH_AES_128_CBC_SHA, TLS_EMPTY_RENEGOTIATION_INFO_SCSV]
10:48:23.382 [main] DEBUG org.apache.hc.client5.http.ssl.SSLConnectionSocketFactory - Starting handshake
10:48:24.261 [main] DEBUG org.apache.hc.client5.http.ssl.SSLConnectionSocketFactory - Secure session established
10:48:24.261 [main] DEBUG org.apache.hc.client5.http.ssl.SSLConnectionSocketFactory -  negotiated protocol: TLSv1.3
10:48:24.261 [main] DEBUG org.apache.hc.client5.http.ssl.SSLConnectionSocketFactory -  negotiated cipher suite: TLS_AES_128_GCM_SHA256
10:48:24.262 [main] DEBUG org.apache.hc.client5.http.ssl.SSLConnectionSocketFactory -  peer principal: CN=*.github.io, O="GitHub, Inc.", L=San Francisco, ST=California, C=US
10:48:24.268 [main] DEBUG org.apache.hc.client5.http.ssl.SSLConnectionSocketFactory -  peer alternative names: [*.github.io, github.io, *.github.com, github.com, www.github.com, *.githubusercontent.com, githubusercontent.com]
10:48:24.269 [main] DEBUG org.apache.hc.client5.http.ssl.SSLConnectionSocketFactory -  issuer principal: CN=DigiCert TLS RSA SHA256 2020 CA1, O=DigiCert Inc, C=US
10:48:24.405 [main] DEBUG org.apache.hc.client5.http.impl.io.DefaultHttpClientConnectionOperator - http-outgoing-0 connection established 10.34.14.222:64043<->185.199.108.133:443
10:48:24.406 [main] DEBUG org.apache.hc.client5.http.impl.io.PoolingHttpClientConnectionManager - ep-0000000001 connected http-outgoing-0
10:48:24.406 [main] DEBUG org.apache.hc.client5.http.impl.classic.InternalHttpClient - ep-0000000001 endpoint connected
10:48:24.427 [main] DEBUG org.apache.hc.client5.http.impl.classic.MainClientExec - ex-0000000001 executing GET /bonigarcia/webdrivermanager/master/src/main/resources/commands.properties HTTP/1.1
10:48:24.432 [main] DEBUG org.apache.hc.client5.http.impl.classic.InternalHttpClient - ep-0000000001 start execution ex-0000000001
10:48:24.434 [main] DEBUG org.apache.hc.client5.http.impl.io.PoolingHttpClientConnectionManager - ep-0000000001 executing exchange ex-0000000001 over http-outgoing-0
10:48:24.466 [main] DEBUG org.apache.hc.client5.http.headers - http-outgoing-0 >> GET /bonigarcia/webdrivermanager/master/src/main/resources/commands.properties HTTP/1.1
10:48:24.466 [main] DEBUG org.apache.hc.client5.http.headers - http-outgoing-0 >> user-agent: Apache-HttpClient/5.0
10:48:24.471 [main] DEBUG org.apache.hc.client5.http.headers - http-outgoing-0 >> accept-encoding: gzip, deflate, br
10:48:24.480 [main] DEBUG org.apache.hc.client5.http.headers - http-outgoing-0 >> cache-control: max-age=0
10:48:24.480 [main] DEBUG org.apache.hc.client5.http.headers - http-outgoing-0 >> connection: keep-alive
10:48:24.481 [main] DEBUG org.apache.hc.client5.http.headers - http-outgoing-0 >> Host: raw.githubusercontent.com
10:48:24.481 [main] DEBUG org.apache.hc.client5.http.wire - http-outgoing-0 >> "GET /bonigarcia/webdrivermanager/master/src/main/resources/commands.properties HTTP/1.1[\r][\n]"
10:48:24.482 [main] DEBUG org.apache.hc.client5.http.wire - http-outgoing-0 >> "user-agent: Apache-HttpClient/5.0[\r][\n]"
10:48:24.484 [main] DEBUG org.apache.hc.client5.http.wire - http-outgoing-0 >> "accept-encoding: gzip, deflate, br[\r][\n]"
10:48:24.484 [main] DEBUG org.apache.hc.client5.http.wire - http-outgoing-0 >> "cache-control: max-age=0[\r][\n]"
10:48:24.486 [main] DEBUG org.apache.hc.client5.http.wire - http-outgoing-0 >> "connection: keep-alive[\r][\n]"
10:48:24.487 [main] DEBUG org.apache.hc.client5.http.wire - http-outgoing-0 >> "Host: raw.githubusercontent.com[\r][\n]"
10:48:24.523 [main] DEBUG org.apache.hc.client5.http.wire - http-outgoing-0 >> "[\r][\n]"
10:48:24.601 [main] DEBUG org.apache.hc.client5.http.wire - http-outgoing-0 << "HTTP/1.1 200 OK[\r][\n]"
10:48:24.601 [main] DEBUG org.apache.hc.client5.http.wire - http-outgoing-0 << "Connection: keep-alive[\r][\n]"
10:48:24.601 [main] DEBUG org.apache.hc.client5.http.wire - http-outgoing-0 << "Content-Length: 723[\r][\n]"
10:48:24.601 [main] DEBUG org.apache.hc.client5.http.wire - http-outgoing-0 << "Cache-Control: max-age=300[\r][\n]"
10:48:24.601 [main] DEBUG org.apache.hc.client5.http.wire - http-outgoing-0 << "Content-Security-Policy: default-src 'none'; style-src 'unsafe-inline'; sandbox[\r][\n]"
10:48:24.601 [main] DEBUG org.apache.hc.client5.http.wire - http-outgoing-0 << "Content-Type: text/plain; charset=utf-8[\r][\n]"
10:48:24.601 [main] DEBUG org.apache.hc.client5.http.wire - http-outgoing-0 << "ETag: W/"e82b438271e9e8680c688b0b680efd0bdd22faa6d6f0a32fc1fd8accc486b67e"[\r][\n]"
10:48:24.601 [main] DEBUG org.apache.hc.client5.http.wire - http-outgoing-0 << "Strict-Transport-Security: max-age=31536000[\r][\n]"
10:48:24.601 [main] DEBUG org.apache.hc.client5.http.wire - http-outgoing-0 << "X-Content-Type-Options: nosniff[\r][\n]"
10:48:24.602 [main] DEBUG org.apache.hc.client5.http.wire - http-outgoing-0 << "X-Frame-Options: deny[\r][\n]"
10:48:24.602 [main] DEBUG org.apache.hc.client5.http.wire - http-outgoing-0 << "X-XSS-Protection: 1; mode=block[\r][\n]"
10:48:24.602 [main] DEBUG org.apache.hc.client5.http.wire - http-outgoing-0 << "X-GitHub-Request-Id: 5020:469A:1BDC1D:23F6AB:63FDD3F8[\r][\n]"
10:48:24.602 [main] DEBUG org.apache.hc.client5.http.wire - http-outgoing-0 << "Content-Encoding: gzip[\r][\n]"
10:48:24.603 [main] DEBUG org.apache.hc.client5.http.wire - http-outgoing-0 << "Accept-Ranges: bytes[\r][\n]"
10:48:24.603 [main] DEBUG org.apache.hc.client5.http.wire - http-outgoing-0 << "Date: Tue, 28 Feb 2023 15:48:22 GMT[\r][\n]"
10:48:24.603 [main] DEBUG org.apache.hc.client5.http.wire - http-outgoing-0 << "Via: 1.1 varnish[\r][\n]"
10:48:24.603 [main] DEBUG org.apache.hc.client5.http.wire - http-outgoing-0 << "X-Served-By: cache-gnv1820034-GNV[\r][\n]"
10:48:24.603 [main] DEBUG org.apache.hc.client5.http.wire - http-outgoing-0 << "X-Cache: HIT[\r][\n]"
10:48:24.603 [main] DEBUG org.apache.hc.client5.http.wire - http-outgoing-0 << "X-Cache-Hits: 1[\r][\n]"
10:48:24.603 [main] DEBUG org.apache.hc.client5.http.wire - http-outgoing-0 << "X-Timer: S1677599303.932547,VS0,VE0[\r][\n]"
10:48:24.603 [main] DEBUG org.apache.hc.client5.http.wire - http-outgoing-0 << "Vary: Authorization,Accept-Encoding,Origin[\r][\n]"
10:48:24.603 [main] DEBUG org.apache.hc.client5.http.wire - http-outgoing-0 << "Access-Control-Allow-Origin: *[\r][\n]"
10:48:24.603 [main] DEBUG org.apache.hc.client5.http.wire - http-outgoing-0 << "X-Fastly-Request-ID: 62c645d2fcc6f08c0809a351bc9af7fed0eab788[\r][\n]"
10:48:24.603 [main] DEBUG org.apache.hc.client5.http.wire - http-outgoing-0 << "Expires: Tue, 28 Feb 2023 15:53:22 GMT[\r][\n]"
10:48:24.603 [main] DEBUG org.apache.hc.client5.http.wire - http-outgoing-0 << "Source-Age: 241[\r][\n]"
10:48:24.603 [main] DEBUG org.apache.hc.client5.http.wire - http-outgoing-0 << "[\r][\n]"
10:48:24.642 [main] DEBUG org.apache.hc.client5.http.headers - http-outgoing-0 << HTTP/1.1 200 OK
10:48:24.643 [main] DEBUG org.apache.hc.client5.http.headers - http-outgoing-0 << Connection: keep-alive
10:48:24.643 [main] DEBUG org.apache.hc.client5.http.headers - http-outgoing-0 << Content-Length: 723
10:48:24.643 [main] DEBUG org.apache.hc.client5.http.headers - http-outgoing-0 << Cache-Control: max-age=300
10:48:24.643 [main] DEBUG org.apache.hc.client5.http.headers - http-outgoing-0 << Content-Security-Policy: default-src 'none'; style-src 'unsafe-inline'; sandbox
10:48:24.643 [main] DEBUG org.apache.hc.client5.http.headers - http-outgoing-0 << Content-Type: text/plain; charset=utf-8
10:48:24.643 [main] DEBUG org.apache.hc.client5.http.headers - http-outgoing-0 << ETag: W/"e82b438271e9e8680c688b0b680efd0bdd22faa6d6f0a32fc1fd8accc486b67e"
10:48:24.643 [main] DEBUG org.apache.hc.client5.http.headers - http-outgoing-0 << Strict-Transport-Security: max-age=31536000
10:48:24.643 [main] DEBUG org.apache.hc.client5.http.headers - http-outgoing-0 << X-Content-Type-Options: nosniff
10:48:24.643 [main] DEBUG org.apache.hc.client5.http.headers - http-outgoing-0 << X-Frame-Options: deny
10:48:24.643 [main] DEBUG org.apache.hc.client5.http.headers - http-outgoing-0 << X-XSS-Protection: 1; mode=block
10:48:24.643 [main] DEBUG org.apache.hc.client5.http.headers - http-outgoing-0 << X-GitHub-Request-Id: 5020:469A:1BDC1D:23F6AB:63FDD3F8
10:48:24.643 [main] DEBUG org.apache.hc.client5.http.headers - http-outgoing-0 << Content-Encoding: gzip
10:48:24.643 [main] DEBUG org.apache.hc.client5.http.headers - http-outgoing-0 << Accept-Ranges: bytes
10:48:24.643 [main] DEBUG org.apache.hc.client5.http.headers - http-outgoing-0 << Date: Tue, 28 Feb 2023 15:48:22 GMT
10:48:24.643 [main] DEBUG org.apache.hc.client5.http.headers - http-outgoing-0 << Via: 1.1 varnish
10:48:24.643 [main] DEBUG org.apache.hc.client5.http.headers - http-outgoing-0 << X-Served-By: cache-gnv1820034-GNV
10:48:24.643 [main] DEBUG org.apache.hc.client5.http.headers - http-outgoing-0 << X-Cache: HIT
10:48:24.643 [main] DEBUG org.apache.hc.client5.http.headers - http-outgoing-0 << X-Cache-Hits: 1
10:48:24.643 [main] DEBUG org.apache.hc.client5.http.headers - http-outgoing-0 << X-Timer: S1677599303.932547,VS0,VE0
10:48:24.643 [main] DEBUG org.apache.hc.client5.http.headers - http-outgoing-0 << Vary: Authorization,Accept-Encoding,Origin
10:48:24.643 [main] DEBUG org.apache.hc.client5.http.headers - http-outgoing-0 << Access-Control-Allow-Origin: *
10:48:24.643 [main] DEBUG org.apache.hc.client5.http.headers - http-outgoing-0 << X-Fastly-Request-ID: 62c645d2fcc6f08c0809a351bc9af7fed0eab788
10:48:24.644 [main] DEBUG org.apache.hc.client5.http.headers - http-outgoing-0 << Expires: Tue, 28 Feb 2023 15:53:22 GMT
10:48:24.651 [main] DEBUG org.apache.hc.client5.http.headers - http-outgoing-0 << Source-Age: 241
10:48:24.673 [main] DEBUG org.apache.hc.client5.http.impl.classic.MainClientExec - ex-0000000001 connection can be kept alive for 3 MINUTES
10:48:24.708 [main] DEBUG org.apache.hc.client5.http.wire - http-outgoing-0 << "[0x1f][0xffffff8b][0x8][0x0][0x0][0x0][0x0][0x0][0x0][0x3][0xffffffb5]V]o[0xffffffda]0[0x14]}[0xffffffe7]W\[0xffffff81]*[0xffffffb5][0x12][0x1f][[M[0xffffffd3]$[0x1e]hF[0xffffffbb]i [0x18][0xffffffb4][0xffffffdd]&[0xfffffff9][0xffffffc5]$7[0xffffffc1]R[0x12]#;[0xffffff94]v[0xffffffbf]~[0xffffffb6][0xfffffff3]1[0xffffff92][0xffffff9a][0xffffffc1][0x1a]x[0xffffffcb][0xffffffb5][0xffffffaf][0xffffffcf]9[0xffffffbe][0xfffffff7]8v[0xb][0x1c][0x1e]E4[0xfffffff6]$x4[0xffffffa1][0xb]*[0xffffffb1][0xffffffd1][0xffffff82][0xfffffffb]%[0xffffff93][0xffffffe0][0xffffffb3][0x10][0xffffffc1][0xffffffe5]qBY,!Y[0xffffffea] KM8,[0x10][0xfffffff0][0x19][0xffffffdd]u[0xffffff82][0x1e][0xffffffb0][0xffffffd8]L[0xffffffcb]%[0xffffff86][0xffffffa1][0xe][0xffffffb8][0xfffffff0]P[0xffffffe8]$[0xf][0x13]t[0x13]3[0xfffffff9][0xffffff84]B2[0xffffffae][0xffffffe6]|@[0xfffffff5][0x1d][0x8][0xffffffc4][0x18][0x16][0xffffff82]o[0xffffffa4][0xffffff9a]P[0xffffff94][0xffffffe7][0xffffffce]R[0xfffffff0][0x8][0xffffffdb]p[0xffffffcb][0x4][0xfffffffa][0xfffffffc][0xffffffb9][\r][0xffffff93][0x15][\n]"
10:48:24.708 [main] DEBUG org.apache.hc.client5.http.wire - http-outgoing-0 << "[0xffffffda][0xffffff86][0xffffffa1][0x17][0xffffffa8]Q3[0xffffffcb][0xffffffd6][0xffffffd1][0xffffff85][0xffffffc6][0xfffffff7][0xffffff98][0xffffffef][0xffffffa3][0xffffffc0]8[0x1][0xffffffae]s[0x12][0x16][0x7] _d[0xffffff82][0xffffff91][0xffffff84][0xfffffff3][0x1f],[0xfffffff6][0x14]j[0x1b]F,^+[0xffffff98]1ua2[0xffffffbf]h([0xffffff8e][0xffffff94][0xffffffa2][0xffffff91]m[0xffffffa3][0xffffffeb][0xffffff9a][0xffffffb0][0xffffffbb]I[0x17]t[0xffffffdf][0xffffffbd][0xffffffef][0xffffffbb][0xffffff91][0xffffffd7]U[0xffffffbb][0xffffff82][0xffffff9e][0x3][0xffffff9b][0xffffff88][0xffffffb9][0xffffffa6]$[0xffffffa6][0xc][0xffffff9b][0xffffffa5][0xffffffe2][0xffffff83][0xffffff98]F[0xffffffd8]o[0xffffff9e]Mg[0xffffff93][0xffffffbb][0xffffffd9]`|[0xfffffffb]u4[0xffffff9c][0x7f]"}B[0xffffffce][0x8][0xffffffb9][0xffffffe3]<[0x8][0xffffff91][0xffffff90][0xffffff94][0xffffff82][0xffffff90][0xffffffc1]j[0x15]2WI[0xffffffe3]1![0x19][0xffffff91]BnB[0xffffff80][0x9]<f[0xffffffb5][0xffffffe8]=[0xffffffd1]p[0xffffffbd][[0xffffffcf][0xffffffe5][0x1b][0xfffffff4][0xffffff9c][0xffffffff][0xfffffffc][0xfffffff8][0xffffffe1][0xffffffe2][0xffffff94][0xffffffa2][0xffffffae][0xe][0x14]5[0xffffff9a]8[0xffffff83][0xffffffd1]`:[0xfffffffd]<[0xffffffb8][0x1f][0xffffff9c]R[0xffffffcf]u[0x7f]6[0xffffffbc][0xffffff83][0xffffffef][0xf][0xffffffc3][0xffffffd9]/[0xfffffff8][0xfffffff2][0xffffffcd]y s[0xffffffee]'[0x1b]*0g[0xffffffcb][0xffffffc8]nF7H][0xffffff83][0xffffff97]{[0xffffffb1]Q[0x5][\r][0xffffffb5]c[0xffffffb4][0xf][0x2][0xffffffb3][0xffffffb4][0xffffff93][0xe]C[0xffffffa7][0xffffffb3]kAD][0xffffff9d][0xffffffde][0xffffffdb][0xffffffda][0xffffff88][0xffffffec][0xffffffa5][0xffffffbc][0xffffff99][0xffffffd9][0xffffffba]t[0xffffffb5][0xffffffea]9[0xffffffea][0x10])[0xffffffb7][0xffffffca][0xffffff9e][0xfffffff2][0xffffffe2]d^N[0xffffffd8]FW[0x16][0xffffffcd][0xffffffdc]_[0x10][0xfffffff9]i|[0x1c][0xffffff93][0xffffff8e][0xfffffff9]o[0x16][0xffffff86]4'!$G[0xffffffdf]W[0xfffffff4]W*j[[0xfffffff3]xR[0xffffffae][0xffffffb6][0xc][0xffffffd0],; #[0xffffffa9][0xffffff92]5[0xffffffb5][0x7][0xffffff9c][0xffffffb5][0xffffffd0][0x7f][0xffffff90][0xffffffc7]jgs[0xfffffffc][0xffffffc2][0xb][0xffffffd9][0x0]t[0xffffff9e]^'Y[0xfffffffb][0xffffff9f][0xffffffb1][0xffffffd8]:[0xffffffbf][0xffffff8d][0xffffffa5][0xffffff9a][0xffffffad][0x7f]m[0x5]&[0xffffffaa][0xffffffa0]^[0xffffff9b][0xffffffcb][0x5]f[0xffffffae][0xffffffe0]RU[0xffffff82][0x10]MS9l[0xffffff91]4t[0xfffffffb][0xffffff8a]][0xffffffd6][0xfffffff4][0xffffff96][0xffffffa6][0xffffff9f]P[0xffffffce][0xffffffd5][0xffffffce][0xffffff93][0xffffffff][0xffffff97][0xffffffcc]p[0xfffffffd][0xfffffff3][0xffffffe8][0x1b][0xffffffcc][0xffffffa2][0xffffffd9]Q[0xffffffbe][0xffffffb2][0xffffffa3][0xffffffc7]m'[0xffffffdf][0xffffffe4][[0xfffffffb]^[0xffffffb0][0xffffff9a][0xffffffbe][0xffffffda][0xffffffda]_[0xffffffce][0xffffff80][0xffffffd2][0xffffffc1]7[0xffffffb7]][0xffffffc1]b[0xffffffee][0xffffffb5][0xffffffff]w[0xffffff83][0xffffffed][0xffffffa7];[0x15]<[0x10]4[0xffffff92][0xffffff84][0x18][\n]"
10:48:24.710 [main] DEBUG org.apache.hc.client5.http.wire - http-outgoing-0 << "BB[0xffffffba][0xffffff8e]][0xffffffb5]jo[0xffffffb9]+"[0xffffffea][0xffffffb4][0xffffffff]h"[0xffffffea]\?5[0xffffffa9][0xffffffaf]k[0xffffffec][0xffffffff]P[0xffffffea][\n]"
10:48:24.712 [main] DEBUG org.apache.hc.client5.http.wire - http-outgoing-0 << "w[0xffffffe1]K[0x13][0xffffffda][0xffffffec][0xffffff98][0xffffffe6]Y[0xfffffffd]h8m6[0xffffff9c]T[0xffffffc1][0xfffffff2][0xffffffa7][0xffffff91]z_[0xffffff95]o85p[0x1c][0x13][0xffffffe6][0xfffffff0]5[0xffffffee][0xfffffffc][0xffffff92][0xffffff96][0xffffffda][0xfffffff7][0xffffffcf][0xffffffb1][0x5][0x1d][0xffffffea]K[0xffffff9b]9[0xffffff8e][0xffffffad]e[0xfffffff7][0xffffff93][0xffffffa8]`[0xffffffda][0xffffffff][0x1a][0xffffffd2][0xffffff88][0xffffff85][0xfffffffd][0xfffffff2][0xffffff91]N[0xfffffff6]`[0xffffffdf]2[0xffffffcf][0xffffffae]E[0xffffff97][0xffffffc5][0xffffffa2][0xffffff9d][0xffffffef]'[0xffffff9d]mun.[0xffffffd3]f^[0xffffffc7][0xffffff82][0xffffffda][0xffffff82]9[0xfffffff5][0xffffffa9]`[0x5][0xffffffbc]4[0xffffffa1][0x1d]<M[0xffffffb5]A[0xffffffa7]3[[0xffffffc0][0x7f][0x0][0xffffffc1][0xffffffd0]$[0xffffff85][0x1d][\r][0x0][0x0]"
10:48:24.729 [main] DEBUG org.apache.hc.client5.http.impl.classic.InternalHttpClient - ep-0000000001 releasing valid endpoint
10:48:24.730 [main] DEBUG org.apache.hc.client5.http.impl.io.PoolingHttpClientConnectionManager - ep-0000000001 releasing endpoint
10:48:24.730 [main] DEBUG org.apache.hc.client5.http.impl.io.PoolingHttpClientConnectionManager - ep-0000000001 connection http-outgoing-0 can be kept alive for 3 MINUTES
10:48:24.731 [main] DEBUG org.apache.hc.client5.http.impl.io.PoolingHttpClientConnectionManager - ep-0000000001 connection released [route: {s}->https://raw.githubusercontent.com:443][total available: 1; route allocated: 1 of 5; total allocated: 1 of 25]
10:48:24.731 [main] DEBUG io.github.bonigarcia.wdm.versions.VersionDetector - Detecting chrome version using online commands.properties
10:48:24.734 [main] DEBUG io.github.bonigarcia.wdm.versions.Shell - Running command on the shell: [/Applications/Google Chrome.app/Contents/MacOS/Google Chrome, --version]
10:48:25.124 [main] DEBUG io.github.bonigarcia.wdm.versions.Shell - Result: Google Chrome 110.0.5481.177
10:48:25.126 [main] DEBUG io.github.bonigarcia.wdm.cache.ResolutionCache - Resolution chrome110=110.0.5481.77 in cache (valid until 13:19:02 28/02/2023 EST)
10:48:25.131 [main] INFO io.github.bonigarcia.wdm.WebDriverManager - Using chromedriver 110.0.5481.77 (resolved driver for Chrome 110)
10:48:25.135 [main] DEBUG io.github.bonigarcia.wdm.cache.ResolutionCache - Storing resolution chrome=110 in cache (valid until 11:48:25 28/02/2023 EST)
10:48:25.186 [main] DEBUG io.github.bonigarcia.wdm.WebDriverManager - Driver chromedriver 110.0.5481.77 found in cache
10:48:25.188 [main] INFO io.github.bonigarcia.wdm.WebDriverManager - Exporting webdriver.chrome.driver as /Users/quese/.cache/selenium/chromedriver/mac64/110.0.5481.77/chromedriver
10:48:25.876 [main] DEBUG io.netty.util.internal.logging.InternalLoggerFactory - Using SLF4J as the default logging framework
10:48:25.893 [main] DEBUG io.netty.util.ResourceLeakDetector - -Dio.netty.leakDetection.level: simple
10:48:25.898 [main] DEBUG io.netty.util.ResourceLeakDetector - -Dio.netty.leakDetection.targetRecords: 4
10:48:25.909 [main] DEBUG io.netty.util.ResourceLeakDetectorFactory - Loaded default ResourceLeakDetector: io.netty.util.ResourceLeakDetector@1b28f282
10:48:25.999 [main] DEBUG io.netty.util.internal.PlatformDependent0 - -Dio.netty.noUnsafe: false
10:48:25.999 [main] DEBUG io.netty.util.internal.PlatformDependent0 - Java version: 19
10:48:26.007 [main] DEBUG io.netty.util.internal.PlatformDependent0 - sun.misc.Unsafe.theUnsafe: available
10:48:26.008 [main] DEBUG io.netty.util.internal.PlatformDependent0 - sun.misc.Unsafe.copyMemory: available
10:48:26.009 [main] DEBUG io.netty.util.internal.PlatformDependent0 - sun.misc.Unsafe.storeFence: available
10:48:26.010 [main] DEBUG io.netty.util.internal.PlatformDependent0 - java.nio.Buffer.address: available
10:48:26.019 [main] DEBUG io.netty.util.internal.PlatformDependent0 - direct buffer constructor: unavailable: Reflective setAccessible(true) disabled
10:48:26.022 [main] DEBUG io.netty.util.internal.PlatformDependent0 - java.nio.Bits.unaligned: available, true
10:48:26.024 [main] DEBUG io.netty.util.internal.PlatformDependent0 - jdk.internal.misc.Unsafe.allocateUninitializedArray(int): unavailable: class io.netty.util.internal.PlatformDependent0$7 cannot access class jdk.internal.misc.Unsafe (in module java.base) because module java.base does not export jdk.internal.misc to unnamed module @5db54e92
10:48:26.026 [main] DEBUG io.netty.util.internal.PlatformDependent0 - java.nio.DirectByteBuffer.<init>(long, int): unavailable
10:48:26.026 [main] DEBUG io.netty.util.internal.PlatformDependent - sun.misc.Unsafe: available
10:48:26.051 [main] DEBUG io.netty.util.internal.PlatformDependent - maxDirectMemory: 2147483648 bytes (maybe)
10:48:26.054 [main] DEBUG io.netty.util.internal.PlatformDependent - -Dio.netty.tmpdir: /var/folders/rc/9hfg82cx7fg1qlccjz5wbcn80000gn/T (java.io.tmpdir)
10:48:26.056 [main] DEBUG io.netty.util.internal.PlatformDependent - -Dio.netty.bitMode: 64 (sun.arch.data.model)
10:48:26.069 [main] DEBUG io.netty.util.internal.PlatformDependent - Platform: MacOS
10:48:26.079 [main] DEBUG io.netty.util.internal.PlatformDependent - -Dio.netty.maxDirectMemory: -1 bytes
10:48:26.081 [main] DEBUG io.netty.util.internal.PlatformDependent - -Dio.netty.uninitializedArrayAllocationThreshold: -1
10:48:26.089 [main] DEBUG io.netty.util.internal.CleanerJava9 - java.nio.ByteBuffer.cleaner(): available
10:48:26.090 [main] DEBUG io.netty.util.internal.PlatformDependent - -Dio.netty.noPreferDirect: false
10:48:26.171 [main] DEBUG io.netty.util.internal.PlatformDependent - org.jctools-core.MpscChunkedArrayQueue: available
10:48:26.412 [main] DEBUG io.netty.util.internal.InternalThreadLocalMap - -Dio.netty.threadLocalMap.stringBuilder.initialSize: 1024
10:48:26.413 [main] DEBUG io.netty.util.internal.InternalThreadLocalMap - -Dio.netty.threadLocalMap.stringBuilder.maxSize: 4096
10:48:26.475 [main] DEBUG io.netty.handler.ssl.JdkSslContext - Default protocols (JDK): [TLSv1.3, TLSv1.2] 
10:48:26.475 [main] DEBUG io.netty.handler.ssl.JdkSslContext - Default cipher suites (JDK): [TLS_ECDHE_ECDSA_WITH_AES_256_GCM_SHA384, TLS_ECDHE_ECDSA_WITH_AES_128_GCM_SHA256, TLS_ECDHE_RSA_WITH_AES_128_GCM_SHA256, TLS_ECDHE_RSA_WITH_AES_256_GCM_SHA384, TLS_ECDHE_RSA_WITH_AES_128_CBC_SHA, TLS_ECDHE_RSA_WITH_AES_256_CBC_SHA, TLS_RSA_WITH_AES_128_GCM_SHA256, TLS_RSA_WITH_AES_128_CBC_SHA, TLS_RSA_WITH_AES_256_CBC_SHA, TLS_AES_128_GCM_SHA256, TLS_AES_256_GCM_SHA384]
10:48:26.650 [main] DEBUG io.netty.channel.MultithreadEventLoopGroup - -Dio.netty.eventLoopThreads: 8
10:48:26.709 [main] DEBUG io.netty.channel.nio.NioEventLoop - -Dio.netty.noKeySetOptimization: false
10:48:26.710 [main] DEBUG io.netty.channel.nio.NioEventLoop - -Dio.netty.selectorAutoRebuildThreshold: 512
10:48:26.826 [main] DEBUG io.netty.buffer.PooledByteBufAllocator - -Dio.netty.allocator.numHeapArenas: 8
10:48:26.826 [main] DEBUG io.netty.buffer.PooledByteBufAllocator - -Dio.netty.allocator.numDirectArenas: 8
10:48:26.826 [main] DEBUG io.netty.buffer.PooledByteBufAllocator - -Dio.netty.allocator.pageSize: 8192
10:48:26.826 [main] DEBUG io.netty.buffer.PooledByteBufAllocator - -Dio.netty.allocator.maxOrder: 9
10:48:26.826 [main] DEBUG io.netty.buffer.PooledByteBufAllocator - -Dio.netty.allocator.chunkSize: 4194304
10:48:26.832 [main] DEBUG io.netty.buffer.PooledByteBufAllocator - -Dio.netty.allocator.smallCacheSize: 256
10:48:26.833 [main] DEBUG io.netty.buffer.PooledByteBufAllocator - -Dio.netty.allocator.normalCacheSize: 64
10:48:26.833 [main] DEBUG io.netty.buffer.PooledByteBufAllocator - -Dio.netty.allocator.maxCachedBufferCapacity: 32768
10:48:26.862 [main] DEBUG io.netty.buffer.PooledByteBufAllocator - -Dio.netty.allocator.cacheTrimInterval: 8192
10:48:26.866 [main] DEBUG io.netty.buffer.PooledByteBufAllocator - -Dio.netty.allocator.cacheTrimIntervalMillis: 0
10:48:26.866 [main] DEBUG io.netty.buffer.PooledByteBufAllocator - -Dio.netty.allocator.useCacheForAllThreads: false
10:48:26.867 [main] DEBUG io.netty.buffer.PooledByteBufAllocator - -Dio.netty.allocator.maxCachedByteBuffersPerChunk: 1023
10:48:26.929 [main] DEBUG io.netty.buffer.ByteBufUtil - -Dio.netty.allocator.type: pooled
10:48:26.930 [main] DEBUG io.netty.buffer.ByteBufUtil - -Dio.netty.threadLocalDirectBufferSize: 0
10:48:26.930 [main] DEBUG io.netty.buffer.ByteBufUtil - -Dio.netty.maxThreadLocalCharBufferSize: 16384
10:48:29.102 [Forwarding newSession on session null to remote] DEBUG io.netty.channel.DefaultChannelId - -Dio.netty.processId: 99668 (auto-detected)
10:48:29.105 [Forwarding newSession on session null to remote] DEBUG io.netty.util.NetUtil - -Djava.net.preferIPv4Stack: false
10:48:29.106 [Forwarding newSession on session null to remote] DEBUG io.netty.util.NetUtil - -Djava.net.preferIPv6Addresses: false
10:48:29.111 [Forwarding newSession on session null to remote] DEBUG io.netty.util.NetUtilInitializations - Loopback interface: lo0 (lo0, 0:0:0:0:0:0:0:1%lo0)
10:48:29.113 [Forwarding newSession on session null to remote] DEBUG io.netty.util.NetUtil - Failed to get SOMAXCONN from sysctl and file /proc/sys/net/core/somaxconn. Default: 128
10:48:29.142 [Forwarding newSession on session null to remote] DEBUG io.netty.channel.DefaultChannelId - -Dio.netty.machineId: 98:01:a7:ff:fe:a1:1c:cf (auto-detected)
10:48:29.512 [AsyncHttpClient-1-2] DEBUG io.netty.buffer.AbstractByteBuf - -Dio.netty.buffer.checkAccessible: true
10:48:29.512 [AsyncHttpClient-1-2] DEBUG io.netty.buffer.AbstractByteBuf - -Dio.netty.buffer.checkBounds: true
10:48:29.512 [AsyncHttpClient-1-2] DEBUG io.netty.util.ResourceLeakDetectorFactory - Loaded default ResourceLeakDetector: io.netty.util.ResourceLeakDetector@2325e5e8
10:48:29.528 [AsyncHttpClient-1-2] DEBUG org.asynchttpclient.netty.channel.NettyConnectListener - Using new Channel '[id: 0xeb0114b5, L:/127.0.0.1:64050 - R:localhost/127.0.0.1:20275]' for 'POST' to '/session'
10:48:29.791 [AsyncHttpClient-1-2] DEBUG io.netty.util.Recycler - -Dio.netty.recycler.maxCapacityPerThread: 4096
10:48:29.792 [AsyncHttpClient-1-2] DEBUG io.netty.util.Recycler - -Dio.netty.recycler.ratio: 8
10:48:29.792 [AsyncHttpClient-1-2] DEBUG io.netty.util.Recycler - -Dio.netty.recycler.chunkSize: 32
10:48:29.804 [AsyncHttpClient-1-2] DEBUG io.netty.util.Recycler - -Dio.netty.recycler.blocking: false
10:48:37.091 [AsyncHttpClient-1-2] DEBUG io.netty.handler.codec.compression.Brotli - brotli4j not in the classpath; Brotli support will be unavailable.
10:48:37.092 [AsyncHttpClient-1-2] DEBUG org.asynchttpclient.netty.handler.HttpHandler - 

Request DefaultHttpRequest(decodeResult: success, version: HTTP/1.1)
POST /session HTTP/1.1
User-Agent: selenium/4.5.3 (java mac)
Content-Length: 817
Content-Type: application/json; charset=utf-8
host: localhost:20275
accept: */*

Response DefaultHttpResponse(decodeResult: success, version: HTTP/1.1)
HTTP/1.1 200 OK
Content-Length: 800
Content-Type: application/json; charset=utf-8
cache-control: no-cache

10:48:37.107 [AsyncHttpClient-1-2] DEBUG org.asynchttpclient.netty.channel.ChannelManager - Adding key: http://localhost:20275 for channel [id: 0xeb0114b5, L:/127.0.0.1:64050 - R:localhost/127.0.0.1:20275]
10:48:37.422 [AsyncHttpClient-1-3] DEBUG org.asynchttpclient.netty.channel.NettyConnectListener - Using new Channel '[id: 0x83f3a855, L:/127.0.0.1:64062 - R:localhost/127.0.0.1:64053]' for 'GET' to '/json/version'
10:48:37.427 [AsyncHttpClient-1-3] DEBUG org.asynchttpclient.netty.handler.HttpHandler - 

Request DefaultFullHttpRequest(decodeResult: success, version: HTTP/1.1, content: EmptyByteBufBE)
GET /json/version HTTP/1.1
User-Agent: selenium/4.5.3 (java mac)
host: localhost:64053
accept: */*

Response DefaultHttpResponse(decodeResult: success, version: HTTP/1.1)
HTTP/1.1 200 OK
Content-Security-Policy: frame-ancestors 'none'
Content-Length: 443
Content-Type: application/json; charset=UTF-8

10:48:37.427 [AsyncHttpClient-1-3] DEBUG org.asynchttpclient.netty.channel.ChannelManager - Adding key: http://localhost:64053 for channel [id: 0x83f3a855, L:/127.0.0.1:64062 - R:localhost/127.0.0.1:64053]
10:48:37.474 [main] DEBUG io.netty.util.internal.ThreadLocalRandom - -Dio.netty.initialSeedUniquifier: 0xc806a50c100c6294
10:48:37.479 [AsyncHttpClient-1-4] DEBUG org.asynchttpclient.netty.channel.NettyConnectListener - Using new Channel '[id: 0x8767c9be, L:/127.0.0.1:64063 - R:localhost/127.0.0.1:64053]' for 'GET' to '/devtools/browser/b7a374d1-d1e1-4d19-8b69-d89401d82952'
10:48:37.486 [AsyncHttpClient-1-4] DEBUG org.asynchttpclient.netty.handler.WebSocketHandler - 

Request DefaultFullHttpRequest(decodeResult: success, version: HTTP/1.1, content: EmptyByteBufBE)
GET /devtools/browser/b7a374d1-d1e1-4d19-8b69-d89401d82952 HTTP/1.1
upgrade: websocket
connection: upgrade
sec-websocket-key: mSWckXRzuJ5kRzfOrs8qOw==
sec-websocket-version: 13
origin: http://localhost:64053
host: localhost:64053
accept: */*
user-agent: AHC/2.1

Response DefaultHttpResponse(decodeResult: success, version: HTTP/1.1)
HTTP/1.1 101 WebSocket Protocol Handshake
Upgrade: WebSocket
Connection: Upgrade
Sec-WebSocket-Accept: k29NZl/4LvFKFiK1UeXNeEX2rwk=

10:48:37.495 [AsyncHttpClient-1-1] DEBUG org.asynchttpclient.netty.channel.DefaultChannelPool - Entry count for : http://localhost:64053 : 1
10:48:37.495 [AsyncHttpClient-1-1] DEBUG org.asynchttpclient.netty.channel.DefaultChannelPool - Entry count for : http://localhost:20275 : 1
10:48:37.775 [Forwarding get on session 3cd1422be3930821bf50b7cc6500fa3c to remote] DEBUG org.asynchttpclient.netty.request.NettyRequestSender - Using pooled Channel '[id: 0xeb0114b5, L:/127.0.0.1:64050 - R:localhost/127.0.0.1:20275]' for 'POST' to 'http://localhost:20275/session/3cd1422be3930821bf50b7cc6500fa3c/url'
10:48:37.776 [Forwarding get on session 3cd1422be3930821bf50b7cc6500fa3c to remote] DEBUG org.asynchttpclient.netty.request.NettyRequestSender - Using open Channel [id: 0xeb0114b5, L:/127.0.0.1:64050 - R:localhost/127.0.0.1:20275] for POST '/session/3cd1422be3930821bf50b7cc6500fa3c/url'
10:48:38.596 [AsyncHttpClient-1-1] DEBUG org.asynchttpclient.netty.channel.DefaultChannelPool - Entry count for : http://localhost:64053 : 1
10:48:39.697 [AsyncHttpClient-1-1] DEBUG org.asynchttpclient.netty.channel.DefaultChannelPool - Entry count for : http://localhost:64053 : 1
10:48:40.794 [AsyncHttpClient-1-1] DEBUG org.asynchttpclient.netty.channel.DefaultChannelPool - Entry count for : http://localhost:64053 : 1
10:48:41.897 [AsyncHttpClient-1-1] DEBUG org.asynchttpclient.netty.channel.DefaultChannelPool - Entry count for : http://localhost:64053 : 1
10:48:42.994 [AsyncHttpClient-1-1] DEBUG org.asynchttpclient.netty.channel.DefaultChannelPool - Entry count for : http://localhost:64053 : 1
10:48:43.184 [AsyncHttpClient-1-2] DEBUG org.asynchttpclient.netty.handler.HttpHandler - 

Request DefaultHttpRequest(decodeResult: success, version: HTTP/1.1)
POST /session/3cd1422be3930821bf50b7cc6500fa3c/url HTTP/1.1
User-Agent: selenium/4.5.3 (java mac)
Content-Length: 51
Content-Type: application/json; charset=utf-8
host: localhost:20275
accept: */*

Response DefaultHttpResponse(decodeResult: success, version: HTTP/1.1)
HTTP/1.1 200 OK
Content-Length: 14
Content-Type: application/json; charset=utf-8
cache-control: no-cache

10:48:43.185 [AsyncHttpClient-1-2] DEBUG org.asynchttpclient.netty.channel.ChannelManager - Adding key: http://localhost:20275 for channel [id: 0xeb0114b5, L:/127.0.0.1:64050 - R:localhost/127.0.0.1:20275]
10:48:43.335 [AsyncHttpClient-1-5] DEBUG org.asynchttpclient.netty.channel.NettyConnectListener - Using new Channel '[id: 0x48e95362, L:/127.0.0.1:64086 - R:localhost/127.0.0.1:25946]' for 'POST' to '/session'
10:48:44.094 [AsyncHttpClient-1-1] DEBUG org.asynchttpclient.netty.channel.DefaultChannelPool - Entry count for : http://localhost:64053 : 1
10:48:44.094 [AsyncHttpClient-1-1] DEBUG org.asynchttpclient.netty.channel.DefaultChannelPool - Entry count for : http://localhost:20275 : 1
10:48:45.195 [AsyncHttpClient-1-1] DEBUG org.asynchttpclient.netty.channel.DefaultChannelPool - Entry count for : http://localhost:64053 : 1
10:48:45.195 [AsyncHttpClient-1-1] DEBUG org.asynchttpclient.netty.channel.DefaultChannelPool - Entry count for : http://localhost:20275 : 1
10:48:46.300 [AsyncHttpClient-1-1] DEBUG org.asynchttpclient.netty.channel.DefaultChannelPool - Entry count for : http://localhost:64053 : 1
10:48:46.300 [AsyncHttpClient-1-1] DEBUG org.asynchttpclient.netty.channel.DefaultChannelPool - Entry count for : http://localhost:20275 : 1
10:48:47.395 [AsyncHttpClient-1-1] DEBUG org.asynchttpclient.netty.channel.DefaultChannelPool - Entry count for : http://localhost:64053 : 1
10:48:47.395 [AsyncHttpClient-1-1] DEBUG org.asynchttpclient.netty.channel.DefaultChannelPool - Entry count for : http://localhost:20275 : 1
10:48:48.496 [AsyncHttpClient-1-1] DEBUG org.asynchttpclient.netty.channel.DefaultChannelPool - Entry count for : http://localhost:64053 : 1
10:48:48.497 [AsyncHttpClient-1-1] DEBUG org.asynchttpclient.netty.channel.DefaultChannelPool - Entry count for : http://localhost:20275 : 1
10:48:49.594 [AsyncHttpClient-1-1] DEBUG org.asynchttpclient.netty.channel.DefaultChannelPool - Entry count for : http://localhost:64053 : 1
10:48:49.594 [AsyncHttpClient-1-1] DEBUG org.asynchttpclient.netty.channel.DefaultChannelPool - Entry count for : http://localhost:20275 : 1
10:48:50.698 [AsyncHttpClient-1-1] DEBUG org.asynchttpclient.netty.channel.DefaultChannelPool - Entry count for : http://localhost:64053 : 1
10:48:50.698 [AsyncHttpClient-1-1] DEBUG org.asynchttpclient.netty.channel.DefaultChannelPool - Entry count for : http://localhost:20275 : 1
10:48:51.793 [AsyncHttpClient-1-1] DEBUG org.asynchttpclient.netty.channel.DefaultChannelPool - Entry count for : http://localhost:64053 : 1
10:48:51.794 [AsyncHttpClient-1-1] DEBUG org.asynchttpclient.netty.channel.DefaultChannelPool - Entry count for : http://localhost:20275 : 1
10:48:52.896 [AsyncHttpClient-1-1] DEBUG org.asynchttpclient.netty.channel.DefaultChannelPool - Entry count for : http://localhost:64053 : 1
10:48:52.896 [AsyncHttpClient-1-1] DEBUG org.asynchttpclient.netty.channel.DefaultChannelPool - Entry count for : http://localhost:20275 : 1
10:48:53.994 [AsyncHttpClient-1-1] DEBUG org.asynchttpclient.netty.channel.DefaultChannelPool - Entry count for : http://localhost:64053 : 1
10:48:53.995 [AsyncHttpClient-1-1] DEBUG org.asynchttpclient.netty.channel.DefaultChannelPool - Entry count for : http://localhost:20275 : 1
10:48:55.093 [AsyncHttpClient-1-1] DEBUG org.asynchttpclient.netty.channel.DefaultChannelPool - Entry count for : http://localhost:64053 : 1
10:48:55.094 [AsyncHttpClient-1-1] DEBUG org.asynchttpclient.netty.channel.DefaultChannelPool - Entry count for : http://localhost:20275 : 1
10:48:56.193 [AsyncHttpClient-1-1] DEBUG org.asynchttpclient.netty.channel.DefaultChannelPool - Entry count for : http://localhost:64053 : 1
10:48:56.193 [AsyncHttpClient-1-1] DEBUG org.asynchttpclient.netty.channel.DefaultChannelPool - Entry count for : http://localhost:20275 : 1
10:48:56.301 [AsyncHttpClient-1-5] DEBUG org.asynchttpclient.netty.handler.HttpHandler - 

Request DefaultHttpRequest(decodeResult: success, version: HTTP/1.1)
POST /session HTTP/1.1
User-Agent: selenium/4.5.3 (java mac)
Content-Length: 817
Content-Type: application/json; charset=utf-8
host: localhost:25946
accept: */*

Response DefaultHttpResponse(decodeResult: success, version: HTTP/1.1)
HTTP/1.1 200 OK
Content-Length: 800
Content-Type: application/json; charset=utf-8
cache-control: no-cache

10:48:56.303 [AsyncHttpClient-1-5] DEBUG org.asynchttpclient.netty.channel.ChannelManager - Adding key: http://localhost:25946 for channel [id: 0x48e95362, L:/127.0.0.1:64086 - R:localhost/127.0.0.1:25946]
10:48:56.342 [AsyncHttpClient-1-6] DEBUG org.asynchttpclient.netty.channel.NettyConnectListener - Using new Channel '[id: 0x62b48e5e, L:/127.0.0.1:64149 - R:localhost/127.0.0.1:64094]' for 'GET' to '/json/version'
10:48:56.347 [AsyncHttpClient-1-6] DEBUG org.asynchttpclient.netty.handler.HttpHandler - 

Request DefaultFullHttpRequest(decodeResult: success, version: HTTP/1.1, content: EmptyByteBufBE)
GET /json/version HTTP/1.1
User-Agent: selenium/4.5.3 (java mac)
host: localhost:64094
accept: */*

Response DefaultHttpResponse(decodeResult: success, version: HTTP/1.1)
HTTP/1.1 200 OK
Content-Security-Policy: frame-ancestors 'none'
Content-Length: 443
Content-Type: application/json; charset=UTF-8

10:48:56.348 [AsyncHttpClient-1-6] DEBUG org.asynchttpclient.netty.channel.ChannelManager - Adding key: http://localhost:64094 for channel [id: 0x62b48e5e, L:/127.0.0.1:64149 - R:localhost/127.0.0.1:64094]
10:48:56.364 [AsyncHttpClient-1-7] DEBUG org.asynchttpclient.netty.channel.NettyConnectListener - Using new Channel '[id: 0x9a6874df, L:/127.0.0.1:64150 - R:localhost/127.0.0.1:64094]' for 'GET' to '/devtools/browser/f5cd0b0d-5f6e-4f4e-9d8b-5073fb27d3b8'
10:48:56.369 [AsyncHttpClient-1-7] DEBUG org.asynchttpclient.netty.handler.WebSocketHandler - 

Request DefaultFullHttpRequest(decodeResult: success, version: HTTP/1.1, content: EmptyByteBufBE)
GET /devtools/browser/f5cd0b0d-5f6e-4f4e-9d8b-5073fb27d3b8 HTTP/1.1
upgrade: websocket
connection: upgrade
sec-websocket-key: 8KoeFOwd1d78bJS9I+UMOA==
sec-websocket-version: 13
origin: http://localhost:64094
host: localhost:64094
accept: */*
user-agent: AHC/2.1

Response DefaultHttpResponse(decodeResult: success, version: HTTP/1.1)
HTTP/1.1 101 WebSocket Protocol Handshake
Upgrade: WebSocket
Connection: Upgrade
Sec-WebSocket-Accept: 3tNxD4x3I5ApmKuUjU3I16uvxZ8=

10:48:56.408 [Forwarding get on session a9b7cf8bac0f3b6479f97db0f8d2b5eb to remote] DEBUG org.asynchttpclient.netty.request.NettyRequestSender - Using pooled Channel '[id: 0x48e95362, L:/127.0.0.1:64086 - R:localhost/127.0.0.1:25946]' for 'POST' to 'http://localhost:25946/session/a9b7cf8bac0f3b6479f97db0f8d2b5eb/url'
10:48:56.409 [Forwarding get on session a9b7cf8bac0f3b6479f97db0f8d2b5eb to remote] DEBUG org.asynchttpclient.netty.request.NettyRequestSender - Using open Channel [id: 0x48e95362, L:/127.0.0.1:64086 - R:localhost/127.0.0.1:25946] for POST '/session/a9b7cf8bac0f3b6479f97db0f8d2b5eb/url'
10:48:57.293 [AsyncHttpClient-1-1] DEBUG org.asynchttpclient.netty.channel.DefaultChannelPool - Entry count for : http://localhost:64094 : 1
10:48:57.294 [AsyncHttpClient-1-1] DEBUG org.asynchttpclient.netty.channel.DefaultChannelPool - Entry count for : http://localhost:64053 : 1
10:48:57.294 [AsyncHttpClient-1-1] DEBUG org.asynchttpclient.netty.channel.DefaultChannelPool - Entry count for : http://localhost:20275 : 1
10:48:58.396 [AsyncHttpClient-1-1] DEBUG org.asynchttpclient.netty.channel.DefaultChannelPool - Entry count for : http://localhost:64094 : 1
10:48:58.397 [AsyncHttpClient-1-1] DEBUG org.asynchttpclient.netty.channel.DefaultChannelPool - Entry count for : http://localhost:64053 : 1
10:48:58.397 [AsyncHttpClient-1-1] DEBUG org.asynchttpclient.netty.channel.DefaultChannelPool - Entry count for : http://localhost:20275 : 1
10:48:59.498 [AsyncHttpClient-1-1] DEBUG org.asynchttpclient.netty.channel.DefaultChannelPool - Entry count for : http://localhost:64094 : 1
10:48:59.498 [AsyncHttpClient-1-1] DEBUG org.asynchttpclient.netty.channel.DefaultChannelPool - Entry count for : http://localhost:64053 : 1
10:48:59.498 [AsyncHttpClient-1-1] DEBUG org.asynchttpclient.netty.channel.DefaultChannelPool - Entry count for : http://localhost:20275 : 1
10:49:00.598 [AsyncHttpClient-1-1] DEBUG org.asynchttpclient.netty.channel.DefaultChannelPool - Entry count for : http://localhost:64094 : 1
10:49:00.598 [AsyncHttpClient-1-1] DEBUG org.asynchttpclient.netty.channel.DefaultChannelPool - Entry count for : http://localhost:64053 : 1
10:49:00.598 [AsyncHttpClient-1-1] DEBUG org.asynchttpclient.netty.channel.DefaultChannelPool - Entry count for : http://localhost:20275 : 1
10:49:01.695 [AsyncHttpClient-1-1] DEBUG org.asynchttpclient.netty.channel.DefaultChannelPool - Entry count for : http://localhost:64094 : 1
10:49:01.696 [AsyncHttpClient-1-1] DEBUG org.asynchttpclient.netty.channel.DefaultChannelPool - Entry count for : http://localhost:64053 : 1
10:49:01.696 [AsyncHttpClient-1-1] DEBUG org.asynchttpclient.netty.channel.DefaultChannelPool - Entry count for : http://localhost:20275 : 1
10:49:02.799 [AsyncHttpClient-1-1] DEBUG org.asynchttpclient.netty.channel.DefaultChannelPool - Entry count for : http://localhost:64094 : 1
10:49:02.802 [AsyncHttpClient-1-1] DEBUG org.asynchttpclient.netty.channel.DefaultChannelPool - Entry count for : http://localhost:64053 : 1
10:49:02.802 [AsyncHttpClient-1-1] DEBUG org.asynchttpclient.netty.channel.DefaultChannelPool - Entry count for : http://localhost:20275 : 1
10:49:03.898 [AsyncHttpClient-1-1] DEBUG org.asynchttpclient.netty.channel.DefaultChannelPool - Entry count for : http://localhost:64094 : 1
10:49:03.898 [AsyncHttpClient-1-1] DEBUG org.asynchttpclient.netty.channel.DefaultChannelPool - Entry count for : http://localhost:64053 : 1
10:49:03.898 [AsyncHttpClient-1-1] DEBUG org.asynchttpclient.netty.channel.DefaultChannelPool - Entry count for : http://localhost:20275 : 1
10:49:04.994 [AsyncHttpClient-1-1] DEBUG org.asynchttpclient.netty.channel.DefaultChannelPool - Entry count for : http://localhost:64094 : 1
10:49:04.994 [AsyncHttpClient-1-1] DEBUG org.asynchttpclient.netty.channel.DefaultChannelPool - Entry count for : http://localhost:64053 : 1
10:49:04.994 [AsyncHttpClient-1-1] DEBUG org.asynchttpclient.netty.channel.DefaultChannelPool - Entry count for : http://localhost:20275 : 1
10:49:05.289 [AsyncHttpClient-1-5] DEBUG org.asynchttpclient.netty.handler.HttpHandler - 

Request DefaultHttpRequest(decodeResult: success, version: HTTP/1.1)
POST /session/a9b7cf8bac0f3b6479f97db0f8d2b5eb/url HTTP/1.1
User-Agent: selenium/4.5.3 (java mac)
Content-Length: 51
Content-Type: application/json; charset=utf-8
host: localhost:25946
accept: */*

Response DefaultHttpResponse(decodeResult: success, version: HTTP/1.1)
HTTP/1.1 200 OK
Content-Length: 14
Content-Type: application/json; charset=utf-8
cache-control: no-cache

10:49:05.290 [AsyncHttpClient-1-5] DEBUG org.asynchttpclient.netty.channel.ChannelManager - Adding key: http://localhost:25946 for channel [id: 0x48e95362, L:/127.0.0.1:64086 - R:localhost/127.0.0.1:25946]
10:49:05.366 [main] DEBUG io.github.bonigarcia.wdm.cache.ResolutionCache - Resolution chrome=110 in cache (valid until 11:48:25 28/02/2023 EST)
10:49:05.367 [main] DEBUG io.github.bonigarcia.wdm.cache.ResolutionCache - Resolution chrome110=110.0.5481.77 in cache (valid until 13:19:02 28/02/2023 EST)
10:49:05.368 [main] INFO io.github.bonigarcia.wdm.WebDriverManager - Using chromedriver 110.0.5481.77 (resolved driver for Chrome 110)
10:49:05.374 [main] DEBUG io.github.bonigarcia.wdm.WebDriverManager - Driver chromedriver 110.0.5481.77 found in cache
10:49:05.375 [main] INFO io.github.bonigarcia.wdm.WebDriverManager - Exporting webdriver.chrome.driver as /Users/quese/.cache/selenium/chromedriver/mac64/110.0.5481.77/chromedriver
10:49:05.820 [AsyncHttpClient-1-8] DEBUG org.asynchttpclient.netty.channel.NettyConnectListener - Using new Channel '[id: 0xee5c3a95, L:/127.0.0.1:64195 - R:localhost/127.0.0.1:18432]' for 'POST' to '/session'
10:49:06.094 [AsyncHttpClient-1-1] DEBUG org.asynchttpclient.netty.channel.DefaultChannelPool - Entry count for : http://localhost:64094 : 1
10:49:06.094 [AsyncHttpClient-1-1] DEBUG org.asynchttpclient.netty.channel.DefaultChannelPool - Entry count for : http://localhost:64053 : 1
10:49:06.094 [AsyncHttpClient-1-1] DEBUG org.asynchttpclient.netty.channel.DefaultChannelPool - Entry count for : http://localhost:25946 : 1
10:49:06.094 [AsyncHttpClient-1-1] DEBUG org.asynchttpclient.netty.channel.DefaultChannelPool - Entry count for : http://localhost:20275 : 1
10:49:07.195 [AsyncHttpClient-1-1] DEBUG org.asynchttpclient.netty.channel.DefaultChannelPool - Entry count for : http://localhost:64094 : 1
10:49:07.195 [AsyncHttpClient-1-1] DEBUG org.asynchttpclient.netty.channel.DefaultChannelPool - Entry count for : http://localhost:64053 : 1
10:49:07.195 [AsyncHttpClient-1-1] DEBUG org.asynchttpclient.netty.channel.DefaultChannelPool - Entry count for : http://localhost:25946 : 1
10:49:07.195 [AsyncHttpClient-1-1] DEBUG org.asynchttpclient.netty.channel.DefaultChannelPool - Entry count for : http://localhost:20275 : 1
10:49:08.294 [AsyncHttpClient-1-1] DEBUG org.asynchttpclient.netty.channel.DefaultChannelPool - Entry count for : http://localhost:64094 : 1
10:49:08.294 [AsyncHttpClient-1-1] DEBUG org.asynchttpclient.netty.channel.DefaultChannelPool - Entry count for : http://localhost:64053 : 1
10:49:08.294 [AsyncHttpClient-1-1] DEBUG org.asynchttpclient.netty.channel.DefaultChannelPool - Entry count for : http://localhost:25946 : 1
10:49:08.294 [AsyncHttpClient-1-1] DEBUG org.asynchttpclient.netty.channel.DefaultChannelPool - Entry count for : http://localhost:20275 : 1
10:49:09.398 [AsyncHttpClient-1-1] DEBUG org.asynchttpclient.netty.channel.DefaultChannelPool - Entry count for : http://localhost:64094 : 1
10:49:09.398 [AsyncHttpClient-1-1] DEBUG org.asynchttpclient.netty.channel.DefaultChannelPool - Entry count for : http://localhost:64053 : 1
10:49:09.398 [AsyncHttpClient-1-1] DEBUG org.asynchttpclient.netty.channel.DefaultChannelPool - Entry count for : http://localhost:25946 : 1
10:49:09.398 [AsyncHttpClient-1-1] DEBUG org.asynchttpclient.netty.channel.DefaultChannelPool - Entry count for : http://localhost:20275 : 1
10:49:10.495 [AsyncHttpClient-1-1] DEBUG org.asynchttpclient.netty.channel.DefaultChannelPool - Entry count for : http://localhost:64094 : 1
10:49:10.495 [AsyncHttpClient-1-1] DEBUG org.asynchttpclient.netty.channel.DefaultChannelPool - Entry count for : http://localhost:64053 : 1
10:49:10.495 [AsyncHttpClient-1-1] DEBUG org.asynchttpclient.netty.channel.DefaultChannelPool - Entry count for : http://localhost:25946 : 1
10:49:10.495 [AsyncHttpClient-1-1] DEBUG org.asynchttpclient.netty.channel.DefaultChannelPool - Entry count for : http://localhost:20275 : 1
10:49:11.594 [AsyncHttpClient-1-1] DEBUG org.asynchttpclient.netty.channel.DefaultChannelPool - Entry count for : http://localhost:64094 : 1
10:49:11.594 [AsyncHttpClient-1-1] DEBUG org.asynchttpclient.netty.channel.DefaultChannelPool - Entry count for : http://localhost:64053 : 1
10:49:11.594 [AsyncHttpClient-1-1] DEBUG org.asynchttpclient.netty.channel.DefaultChannelPool - Entry count for : http://localhost:25946 : 1
10:49:11.594 [AsyncHttpClient-1-1] DEBUG org.asynchttpclient.netty.channel.DefaultChannelPool - Entry count for : http://localhost:20275 : 1
10:49:12.694 [AsyncHttpClient-1-1] DEBUG org.asynchttpclient.netty.channel.DefaultChannelPool - Entry count for : http://localhost:64094 : 1
10:49:12.694 [AsyncHttpClient-1-1] DEBUG org.asynchttpclient.netty.channel.DefaultChannelPool - Entry count for : http://localhost:64053 : 1
10:49:12.694 [AsyncHttpClient-1-1] DEBUG org.asynchttpclient.netty.channel.DefaultChannelPool - Entry count for : http://localhost:25946 : 1
10:49:12.694 [AsyncHttpClient-1-1] DEBUG org.asynchttpclient.netty.channel.DefaultChannelPool - Entry count for : http://localhost:20275 : 1
10:49:13.794 [AsyncHttpClient-1-1] DEBUG org.asynchttpclient.netty.channel.DefaultChannelPool - Entry count for : http://localhost:64094 : 1
10:49:13.794 [AsyncHttpClient-1-1] DEBUG org.asynchttpclient.netty.channel.DefaultChannelPool - Entry count for : http://localhost:64053 : 1
10:49:13.794 [AsyncHttpClient-1-1] DEBUG org.asynchttpclient.netty.channel.DefaultChannelPool - Entry count for : http://localhost:25946 : 1
10:49:13.794 [AsyncHttpClient-1-1] DEBUG org.asynchttpclient.netty.channel.DefaultChannelPool - Entry count for : http://localhost:20275 : 1
10:49:13.991 [AsyncHttpClient-1-8] DEBUG org.asynchttpclient.netty.handler.HttpHandler - 

Request DefaultHttpRequest(decodeResult: success, version: HTTP/1.1)
POST /session HTTP/1.1
User-Agent: selenium/4.5.3 (java mac)
Content-Length: 817
Content-Type: application/json; charset=utf-8
host: localhost:18432
accept: */*

Response DefaultHttpResponse(decodeResult: success, version: HTTP/1.1)
HTTP/1.1 200 OK
Content-Length: 800
Content-Type: application/json; charset=utf-8
cache-control: no-cache

10:49:13.992 [AsyncHttpClient-1-8] DEBUG org.asynchttpclient.netty.channel.ChannelManager - Adding key: http://localhost:18432 for channel [id: 0xee5c3a95, L:/127.0.0.1:64195 - R:localhost/127.0.0.1:18432]
10:49:14.004 [AsyncHttpClient-1-9] DEBUG org.asynchttpclient.netty.channel.NettyConnectListener - Using new Channel '[id: 0x97e9beb1, L:/127.0.0.1:64244 - R:localhost/127.0.0.1:64198]' for 'GET' to '/json/version'
10:49:14.009 [AsyncHttpClient-1-9] DEBUG org.asynchttpclient.netty.handler.HttpHandler - 

Request DefaultFullHttpRequest(decodeResult: success, version: HTTP/1.1, content: EmptyByteBufBE)
GET /json/version HTTP/1.1
User-Agent: selenium/4.5.3 (java mac)
host: localhost:64198
accept: */*

Response DefaultHttpResponse(decodeResult: success, version: HTTP/1.1)
HTTP/1.1 200 OK
Content-Security-Policy: frame-ancestors 'none'
Content-Length: 443
Content-Type: application/json; charset=UTF-8

10:49:14.012 [AsyncHttpClient-1-9] DEBUG org.asynchttpclient.netty.channel.ChannelManager - Adding key: http://localhost:64198 for channel [id: 0x97e9beb1, L:/127.0.0.1:64244 - R:localhost/127.0.0.1:64198]
10:49:14.019 [AsyncHttpClient-1-2] DEBUG org.asynchttpclient.netty.channel.NettyConnectListener - Using new Channel '[id: 0x20c22100, L:/127.0.0.1:64245 - R:localhost/127.0.0.1:64198]' for 'GET' to '/devtools/browser/8febbbf4-9351-4c47-9d1d-aee88a7c329a'
10:49:14.022 [AsyncHttpClient-1-2] DEBUG org.asynchttpclient.netty.handler.WebSocketHandler - 

Request DefaultFullHttpRequest(decodeResult: success, version: HTTP/1.1, content: EmptyByteBufBE)
GET /devtools/browser/8febbbf4-9351-4c47-9d1d-aee88a7c329a HTTP/1.1
upgrade: websocket
connection: upgrade
sec-websocket-key: llUWVHNhgIqqKuOmbQSVYQ==
sec-websocket-version: 13
origin: http://localhost:64198
host: localhost:64198
accept: */*
user-agent: AHC/2.1

Response DefaultHttpResponse(decodeResult: success, version: HTTP/1.1)
HTTP/1.1 101 WebSocket Protocol Handshake
Upgrade: WebSocket
Connection: Upgrade
Sec-WebSocket-Accept: /Vk6s8IUtHgXVcAHb5BzP/2KTKU=

10:49:14.029 [Forwarding get on session df6a6576b4ee226eb544544e8f0bf034 to remote] DEBUG org.asynchttpclient.netty.request.NettyRequestSender - Using pooled Channel '[id: 0xee5c3a95, L:/127.0.0.1:64195 - R:localhost/127.0.0.1:18432]' for 'POST' to 'http://localhost:18432/session/df6a6576b4ee226eb544544e8f0bf034/url'
10:49:14.029 [Forwarding get on session df6a6576b4ee226eb544544e8f0bf034 to remote] DEBUG org.asynchttpclient.netty.request.NettyRequestSender - Using open Channel [id: 0xee5c3a95, L:/127.0.0.1:64195 - R:localhost/127.0.0.1:18432] for POST '/session/df6a6576b4ee226eb544544e8f0bf034/url'
10:49:14.898 [AsyncHttpClient-1-1] DEBUG org.asynchttpclient.netty.channel.DefaultChannelPool - Entry count for : http://localhost:64094 : 1
10:49:14.898 [AsyncHttpClient-1-1] DEBUG org.asynchttpclient.netty.channel.DefaultChannelPool - Entry count for : http://localhost:64053 : 1
10:49:14.898 [AsyncHttpClient-1-1] DEBUG org.asynchttpclient.netty.channel.DefaultChannelPool - Entry count for : http://localhost:25946 : 1
10:49:14.898 [AsyncHttpClient-1-1] DEBUG org.asynchttpclient.netty.channel.DefaultChannelPool - Entry count for : http://localhost:64198 : 1
10:49:14.898 [AsyncHttpClient-1-1] DEBUG org.asynchttpclient.netty.channel.DefaultChannelPool - Entry count for : http://localhost:20275 : 1
10:49:15.996 [AsyncHttpClient-1-1] DEBUG org.asynchttpclient.netty.channel.DefaultChannelPool - Entry count for : http://localhost:64094 : 1
10:49:15.996 [AsyncHttpClient-1-1] DEBUG org.asynchttpclient.netty.channel.DefaultChannelPool - Entry count for : http://localhost:64053 : 1
10:49:15.996 [AsyncHttpClient-1-1] DEBUG org.asynchttpclient.netty.channel.DefaultChannelPool - Entry count for : http://localhost:25946 : 1
10:49:15.996 [AsyncHttpClient-1-1] DEBUG org.asynchttpclient.netty.channel.DefaultChannelPool - Entry count for : http://localhost:64198 : 1
10:49:15.996 [AsyncHttpClient-1-1] DEBUG org.asynchttpclient.netty.channel.DefaultChannelPool - Entry count for : http://localhost:20275 : 1
10:49:17.095 [AsyncHttpClient-1-1] DEBUG org.asynchttpclient.netty.channel.DefaultChannelPool - Entry count for : http://localhost:64094 : 1
10:49:17.095 [AsyncHttpClient-1-1] DEBUG org.asynchttpclient.netty.channel.DefaultChannelPool - Entry count for : http://localhost:64053 : 1
10:49:17.096 [AsyncHttpClient-1-1] DEBUG org.asynchttpclient.netty.channel.DefaultChannelPool - Entry count for : http://localhost:25946 : 1
10:49:17.096 [AsyncHttpClient-1-1] DEBUG org.asynchttpclient.netty.channel.DefaultChannelPool - Entry count for : http://localhost:64198 : 1
10:49:17.096 [AsyncHttpClient-1-1] DEBUG org.asynchttpclient.netty.channel.DefaultChannelPool - Entry count for : http://localhost:20275 : 1
10:49:18.195 [AsyncHttpClient-1-1] DEBUG org.asynchttpclient.netty.channel.DefaultChannelPool - Entry count for : http://localhost:64094 : 1
10:49:18.195 [AsyncHttpClient-1-1] DEBUG org.asynchttpclient.netty.channel.DefaultChannelPool - Entry count for : http://localhost:64053 : 1
10:49:18.196 [AsyncHttpClient-1-1] DEBUG org.asynchttpclient.netty.channel.DefaultChannelPool - Entry count for : http://localhost:25946 : 1
10:49:18.196 [AsyncHttpClient-1-1] DEBUG org.asynchttpclient.netty.channel.DefaultChannelPool - Entry count for : http://localhost:64198 : 1
10:49:18.196 [AsyncHttpClient-1-1] DEBUG org.asynchttpclient.netty.channel.DefaultChannelPool - Entry count for : http://localhost:20275 : 1
10:49:19.296 [AsyncHttpClient-1-1] DEBUG org.asynchttpclient.netty.channel.DefaultChannelPool - Entry count for : http://localhost:64094 : 1
10:49:19.296 [AsyncHttpClient-1-1] DEBUG org.asynchttpclient.netty.channel.DefaultChannelPool - Entry count for : http://localhost:64053 : 1
10:49:19.296 [AsyncHttpClient-1-1] DEBUG org.asynchttpclient.netty.channel.DefaultChannelPool - Entry count for : http://localhost:25946 : 1
10:49:19.296 [AsyncHttpClient-1-1] DEBUG org.asynchttpclient.netty.channel.DefaultChannelPool - Entry count for : http://localhost:64198 : 1
10:49:19.296 [AsyncHttpClient-1-1] DEBUG org.asynchttpclient.netty.channel.DefaultChannelPool - Entry count for : http://localhost:20275 : 1
10:49:20.398 [AsyncHttpClient-1-1] DEBUG org.asynchttpclient.netty.channel.DefaultChannelPool - Entry count for : http://localhost:64094 : 1
10:49:20.398 [AsyncHttpClient-1-1] DEBUG org.asynchttpclient.netty.channel.DefaultChannelPool - Entry count for : http://localhost:64053 : 1
10:49:20.398 [AsyncHttpClient-1-1] DEBUG org.asynchttpclient.netty.channel.DefaultChannelPool - Entry count for : http://localhost:25946 : 1
10:49:20.398 [AsyncHttpClient-1-1] DEBUG org.asynchttpclient.netty.channel.DefaultChannelPool - Entry count for : http://localhost:64198 : 1
10:49:20.398 [AsyncHttpClient-1-1] DEBUG org.asynchttpclient.netty.channel.DefaultChannelPool - Entry count for : http://localhost:20275 : 1
10:49:21.496 [AsyncHttpClient-1-1] DEBUG org.asynchttpclient.netty.channel.DefaultChannelPool - Entry count for : http://localhost:64094 : 1
10:49:21.496 [AsyncHttpClient-1-1] DEBUG org.asynchttpclient.netty.channel.DefaultChannelPool - Entry count for : http://localhost:64053 : 1
10:49:21.496 [AsyncHttpClient-1-1] DEBUG org.asynchttpclient.netty.channel.DefaultChannelPool - Entry count for : http://localhost:25946 : 1
10:49:21.496 [AsyncHttpClient-1-1] DEBUG org.asynchttpclient.netty.channel.DefaultChannelPool - Entry count for : http://localhost:64198 : 1
10:49:21.496 [AsyncHttpClient-1-1] DEBUG org.asynchttpclient.netty.channel.DefaultChannelPool - Entry count for : http://localhost:20275 : 1
10:49:22.596 [AsyncHttpClient-1-1] DEBUG org.asynchttpclient.netty.channel.DefaultChannelPool - Entry count for : http://localhost:64094 : 1
10:49:22.596 [AsyncHttpClient-1-1] DEBUG org.asynchttpclient.netty.channel.DefaultChannelPool - Entry count for : http://localhost:64053 : 1
10:49:22.596 [AsyncHttpClient-1-1] DEBUG org.asynchttpclient.netty.channel.DefaultChannelPool - Entry count for : http://localhost:25946 : 1
10:49:22.596 [AsyncHttpClient-1-1] DEBUG org.asynchttpclient.netty.channel.DefaultChannelPool - Entry count for : http://localhost:64198 : 1
10:49:22.596 [AsyncHttpClient-1-1] DEBUG org.asynchttpclient.netty.channel.DefaultChannelPool - Entry count for : http://localhost:20275 : 1
10:49:23.697 [AsyncHttpClient-1-1] DEBUG org.asynchttpclient.netty.channel.DefaultChannelPool - Entry count for : http://localhost:64094 : 1
10:49:23.698 [AsyncHttpClient-1-1] DEBUG org.asynchttpclient.netty.channel.DefaultChannelPool - Entry count for : http://localhost:64053 : 1
10:49:23.698 [AsyncHttpClient-1-1] DEBUG org.asynchttpclient.netty.channel.DefaultChannelPool - Entry count for : http://localhost:25946 : 1
10:49:23.698 [AsyncHttpClient-1-1] DEBUG org.asynchttpclient.netty.channel.DefaultChannelPool - Entry count for : http://localhost:64198 : 1
10:49:23.698 [AsyncHttpClient-1-1] DEBUG org.asynchttpclient.netty.channel.DefaultChannelPool - Entry count for : http://localhost:20275 : 1
10:49:23.872 [AsyncHttpClient-1-8] DEBUG org.asynchttpclient.netty.handler.HttpHandler - 

Request DefaultHttpRequest(decodeResult: success, version: HTTP/1.1)
POST /session/df6a6576b4ee226eb544544e8f0bf034/url HTTP/1.1
User-Agent: selenium/4.5.3 (java mac)
Content-Length: 51
Content-Type: application/json; charset=utf-8
host: localhost:18432
accept: */*

Response DefaultHttpResponse(decodeResult: success, version: HTTP/1.1)
HTTP/1.1 200 OK
Content-Length: 14
Content-Type: application/json; charset=utf-8
cache-control: no-cache

10:49:23.874 [AsyncHttpClient-1-8] DEBUG org.asynchttpclient.netty.channel.ChannelManager - Adding key: http://localhost:18432 for channel [id: 0xee5c3a95, L:/127.0.0.1:64195 - R:localhost/127.0.0.1:18432]
10:49:23.894 [Forwarding findElement on session df6a6576b4ee226eb544544e8f0bf034 to remote] DEBUG org.asynchttpclient.netty.request.NettyRequestSender - Using pooled Channel '[id: 0xee5c3a95, L:/127.0.0.1:64195 - R:localhost/127.0.0.1:18432]' for 'POST' to 'http://localhost:18432/session/df6a6576b4ee226eb544544e8f0bf034/element'
10:49:23.895 [Forwarding findElement on session df6a6576b4ee226eb544544e8f0bf034 to remote] DEBUG org.asynchttpclient.netty.request.NettyRequestSender - Using open Channel [id: 0xee5c3a95, L:/127.0.0.1:64195 - R:localhost/127.0.0.1:18432] for POST '/session/df6a6576b4ee226eb544544e8f0bf034/element'
10:49:24.797 [AsyncHttpClient-1-1] DEBUG org.asynchttpclient.netty.channel.DefaultChannelPool - Entry count for : http://localhost:64094 : 1
10:49:24.797 [AsyncHttpClient-1-1] DEBUG org.asynchttpclient.netty.channel.DefaultChannelPool - Entry count for : http://localhost:64053 : 1
10:49:24.798 [AsyncHttpClient-1-1] DEBUG org.asynchttpclient.netty.channel.DefaultChannelPool - Entry count for : http://localhost:25946 : 1
10:49:24.798 [AsyncHttpClient-1-1] DEBUG org.asynchttpclient.netty.channel.DefaultChannelPool - Entry count for : http://localhost:64198 : 1
10:49:24.798 [AsyncHttpClient-1-1] DEBUG org.asynchttpclient.netty.channel.DefaultChannelPool - Entry count for : http://localhost:20275 : 1
10:49:25.488 [AsyncHttpClient-1-8] DEBUG org.asynchttpclient.netty.handler.HttpHandler - 

Request DefaultHttpRequest(decodeResult: success, version: HTTP/1.1)
POST /session/df6a6576b4ee226eb544544e8f0bf034/element HTTP/1.1
User-Agent: selenium/4.5.3 (java mac)
Content-Length: 52
Content-Type: application/json; charset=utf-8
host: localhost:18432
accept: */*

Response DefaultHttpResponse(decodeResult: success, version: HTTP/1.1)
HTTP/1.1 200 OK
Content-Length: 88
Content-Type: application/json; charset=utf-8
cache-control: no-cache

10:49:25.489 [AsyncHttpClient-1-8] DEBUG org.asynchttpclient.netty.channel.ChannelManager - Adding key: http://localhost:18432 for channel [id: 0xee5c3a95, L:/127.0.0.1:64195 - R:localhost/127.0.0.1:18432]
10:49:25.510 [Forwarding sendKeysToElement on session df6a6576b4ee226eb544544e8f0bf034 to remote] DEBUG org.asynchttpclient.netty.request.NettyRequestSender - Using pooled Channel '[id: 0xee5c3a95, L:/127.0.0.1:64195 - R:localhost/127.0.0.1:18432]' for 'POST' to 'http://localhost:18432/session/df6a6576b4ee226eb544544e8f0bf034/element/6f88db48-5f7e-4ca9-b222-9e34d5b78771/value'
10:49:25.510 [Forwarding sendKeysToElement on session df6a6576b4ee226eb544544e8f0bf034 to remote] DEBUG org.asynchttpclient.netty.request.NettyRequestSender - Using open Channel [id: 0xee5c3a95, L:/127.0.0.1:64195 - R:localhost/127.0.0.1:18432] for POST '/session/df6a6576b4ee226eb544544e8f0bf034/element/6f88db48-5f7e-4ca9-b222-9e34d5b78771/value'
10:49:25.900 [AsyncHttpClient-1-1] DEBUG org.asynchttpclient.netty.channel.DefaultChannelPool - Entry count for : http://localhost:64094 : 1
10:49:25.900 [AsyncHttpClient-1-1] DEBUG org.asynchttpclient.netty.channel.DefaultChannelPool - Entry count for : http://localhost:64053 : 1
10:49:25.900 [AsyncHttpClient-1-1] DEBUG org.asynchttpclient.netty.channel.DefaultChannelPool - Entry count for : http://localhost:25946 : 1
10:49:25.900 [AsyncHttpClient-1-1] DEBUG org.asynchttpclient.netty.channel.DefaultChannelPool - Entry count for : http://localhost:64198 : 1
10:49:25.900 [AsyncHttpClient-1-1] DEBUG org.asynchttpclient.netty.channel.DefaultChannelPool - Entry count for : http://localhost:20275 : 1
10:49:26.998 [AsyncHttpClient-1-1] DEBUG org.asynchttpclient.netty.channel.DefaultChannelPool - Entry count for : http://localhost:64094 : 1
10:49:26.998 [AsyncHttpClient-1-1] DEBUG org.asynchttpclient.netty.channel.DefaultChannelPool - Entry count for : http://localhost:64053 : 1
10:49:26.998 [AsyncHttpClient-1-1] DEBUG org.asynchttpclient.netty.channel.DefaultChannelPool - Entry count for : http://localhost:25946 : 1
10:49:26.998 [AsyncHttpClient-1-1] DEBUG org.asynchttpclient.netty.channel.DefaultChannelPool - Entry count for : http://localhost:64198 : 1
10:49:26.998 [AsyncHttpClient-1-1] DEBUG org.asynchttpclient.netty.channel.DefaultChannelPool - Entry count for : http://localhost:20275 : 1
10:49:28.101 [AsyncHttpClient-1-1] DEBUG org.asynchttpclient.netty.channel.DefaultChannelPool - Entry count for : http://localhost:64094 : 1
10:49:28.101 [AsyncHttpClient-1-1] DEBUG org.asynchttpclient.netty.channel.DefaultChannelPool - Entry count for : http://localhost:64053 : 1
10:49:28.101 [AsyncHttpClient-1-1] DEBUG org.asynchttpclient.netty.channel.DefaultChannelPool - Entry count for : http://localhost:25946 : 1
10:49:28.102 [AsyncHttpClient-1-1] DEBUG org.asynchttpclient.netty.channel.DefaultChannelPool - Entry count for : http://localhost:64198 : 1
10:49:28.102 [AsyncHttpClient-1-1] DEBUG org.asynchttpclient.netty.channel.DefaultChannelPool - Entry count for : http://localhost:20275 : 1
10:49:29.195 [AsyncHttpClient-1-1] DEBUG org.asynchttpclient.netty.channel.DefaultChannelPool - Entry count for : http://localhost:64094 : 1
10:49:29.195 [AsyncHttpClient-1-1] DEBUG org.asynchttpclient.netty.channel.DefaultChannelPool - Entry count for : http://localhost:64053 : 1
10:49:29.195 [AsyncHttpClient-1-1] DEBUG org.asynchttpclient.netty.channel.DefaultChannelPool - Entry count for : http://localhost:25946 : 1
10:49:29.195 [AsyncHttpClient-1-1] DEBUG org.asynchttpclient.netty.channel.DefaultChannelPool - Entry count for : http://localhost:64198 : 1
10:49:29.195 [AsyncHttpClient-1-1] DEBUG org.asynchttpclient.netty.channel.DefaultChannelPool - Entry count for : http://localhost:20275 : 1
10:49:30.294 [AsyncHttpClient-1-1] DEBUG org.asynchttpclient.netty.channel.DefaultChannelPool - Entry count for : http://localhost:64094 : 1
10:49:30.294 [AsyncHttpClient-1-1] DEBUG org.asynchttpclient.netty.channel.DefaultChannelPool - Entry count for : http://localhost:64053 : 1
10:49:30.295 [AsyncHttpClient-1-1] DEBUG org.asynchttpclient.netty.channel.DefaultChannelPool - Entry count for : http://localhost:25946 : 1
10:49:30.295 [AsyncHttpClient-1-1] DEBUG org.asynchttpclient.netty.channel.DefaultChannelPool - Entry count for : http://localhost:64198 : 1
10:49:30.295 [AsyncHttpClient-1-1] DEBUG org.asynchttpclient.netty.channel.DefaultChannelPool - Entry count for : http://localhost:20275 : 1
10:49:30.677 [AsyncHttpClient-1-8] DEBUG org.asynchttpclient.netty.handler.HttpHandler - 

Request DefaultHttpRequest(decodeResult: success, version: HTTP/1.1)
POST /session/df6a6576b4ee226eb544544e8f0bf034/element/6f88db48-5f7e-4ca9-b222-9e34d5b78771/value HTTP/1.1
User-Agent: selenium/4.5.3 (java mac)
Content-Length: 141
Content-Type: application/json; charset=utf-8
host: localhost:18432
accept: */*

Response DefaultHttpResponse(decodeResult: success, version: HTTP/1.1)
HTTP/1.1 200 OK
Content-Length: 14
Content-Type: application/json; charset=utf-8
cache-control: no-cache

10:49:30.677 [AsyncHttpClient-1-8] DEBUG org.asynchttpclient.netty.channel.ChannelManager - Adding key: http://localhost:18432 for channel [id: 0xee5c3a95, L:/127.0.0.1:64195 - R:localhost/127.0.0.1:18432]
10:49:30.682 [Forwarding findElement on session df6a6576b4ee226eb544544e8f0bf034 to remote] DEBUG org.asynchttpclient.netty.request.NettyRequestSender - Using pooled Channel '[id: 0xee5c3a95, L:/127.0.0.1:64195 - R:localhost/127.0.0.1:18432]' for 'POST' to 'http://localhost:18432/session/df6a6576b4ee226eb544544e8f0bf034/element'
10:49:30.683 [Forwarding findElement on session df6a6576b4ee226eb544544e8f0bf034 to remote] DEBUG org.asynchttpclient.netty.request.NettyRequestSender - Using open Channel [id: 0xee5c3a95, L:/127.0.0.1:64195 - R:localhost/127.0.0.1:18432] for POST '/session/df6a6576b4ee226eb544544e8f0bf034/element'
10:49:31.197 [AsyncHttpClient-1-8] DEBUG org.asynchttpclient.netty.handler.HttpHandler - 

Request DefaultHttpRequest(decodeResult: success, version: HTTP/1.1)
POST /session/df6a6576b4ee226eb544544e8f0bf034/element HTTP/1.1
User-Agent: selenium/4.5.3 (java mac)
Content-Length: 53
Content-Type: application/json; charset=utf-8
host: localhost:18432
accept: */*

Response DefaultHttpResponse(decodeResult: success, version: HTTP/1.1)
HTTP/1.1 200 OK
Content-Length: 88
Content-Type: application/json; charset=utf-8
cache-control: no-cache

10:49:31.197 [AsyncHttpClient-1-8] DEBUG org.asynchttpclient.netty.channel.ChannelManager - Adding key: http://localhost:18432 for channel [id: 0xee5c3a95, L:/127.0.0.1:64195 - R:localhost/127.0.0.1:18432]
10:49:31.200 [Forwarding clickElement on session df6a6576b4ee226eb544544e8f0bf034 to remote] DEBUG org.asynchttpclient.netty.request.NettyRequestSender - Using pooled Channel '[id: 0xee5c3a95, L:/127.0.0.1:64195 - R:localhost/127.0.0.1:18432]' for 'POST' to 'http://localhost:18432/session/df6a6576b4ee226eb544544e8f0bf034/element/f8f11522-0c81-4bb2-9017-5b3b3d7c134c/click'
10:49:31.201 [Forwarding clickElement on session df6a6576b4ee226eb544544e8f0bf034 to remote] DEBUG org.asynchttpclient.netty.request.NettyRequestSender - Using open Channel [id: 0xee5c3a95, L:/127.0.0.1:64195 - R:localhost/127.0.0.1:18432] for POST '/session/df6a6576b4ee226eb544544e8f0bf034/element/f8f11522-0c81-4bb2-9017-5b3b3d7c134c/click'
10:49:31.399 [AsyncHttpClient-1-1] DEBUG org.asynchttpclient.netty.channel.DefaultChannelPool - Entry count for : http://localhost:64094 : 1
10:49:31.399 [AsyncHttpClient-1-1] DEBUG org.asynchttpclient.netty.channel.DefaultChannelPool - Entry count for : http://localhost:64053 : 1
10:49:31.399 [AsyncHttpClient-1-1] DEBUG org.asynchttpclient.netty.channel.DefaultChannelPool - Entry count for : http://localhost:25946 : 1
10:49:31.399 [AsyncHttpClient-1-1] DEBUG org.asynchttpclient.netty.channel.DefaultChannelPool - Entry count for : http://localhost:64198 : 1
10:49:31.399 [AsyncHttpClient-1-1] DEBUG org.asynchttpclient.netty.channel.DefaultChannelPool - Entry count for : http://localhost:20275 : 1
10:49:32.494 [AsyncHttpClient-1-1] DEBUG org.asynchttpclient.netty.channel.DefaultChannelPool - Entry count for : http://localhost:64094 : 1
10:49:32.495 [AsyncHttpClient-1-1] DEBUG org.asynchttpclient.netty.channel.DefaultChannelPool - Entry count for : http://localhost:64053 : 1
10:49:32.495 [AsyncHttpClient-1-1] DEBUG org.asynchttpclient.netty.channel.DefaultChannelPool - Entry count for : http://localhost:25946 : 1
10:49:32.495 [AsyncHttpClient-1-1] DEBUG org.asynchttpclient.netty.channel.DefaultChannelPool - Entry count for : http://localhost:64198 : 1
10:49:32.495 [AsyncHttpClient-1-1] DEBUG org.asynchttpclient.netty.channel.DefaultChannelPool - Entry count for : http://localhost:20275 : 1
10:49:33.596 [AsyncHttpClient-1-1] DEBUG org.asynchttpclient.netty.channel.DefaultChannelPool - Entry count for : http://localhost:64094 : 1
10:49:33.596 [AsyncHttpClient-1-1] DEBUG org.asynchttpclient.netty.channel.DefaultChannelPool - Entry count for : http://localhost:64053 : 1
10:49:33.596 [AsyncHttpClient-1-1] DEBUG org.asynchttpclient.netty.channel.DefaultChannelPool - Entry count for : http://localhost:25946 : 1
10:49:33.596 [AsyncHttpClient-1-1] DEBUG org.asynchttpclient.netty.channel.DefaultChannelPool - Entry count for : http://localhost:64198 : 1
10:49:33.596 [AsyncHttpClient-1-1] DEBUG org.asynchttpclient.netty.channel.DefaultChannelPool - Entry count for : http://localhost:20275 : 1
10:49:34.699 [AsyncHttpClient-1-1] DEBUG org.asynchttpclient.netty.channel.DefaultChannelPool - Entry count for : http://localhost:64094 : 1
10:49:34.699 [AsyncHttpClient-1-1] DEBUG org.asynchttpclient.netty.channel.DefaultChannelPool - Entry count for : http://localhost:64053 : 1
10:49:34.699 [AsyncHttpClient-1-1] DEBUG org.asynchttpclient.netty.channel.DefaultChannelPool - Entry count for : http://localhost:25946 : 1
10:49:34.699 [AsyncHttpClient-1-1] DEBUG org.asynchttpclient.netty.channel.DefaultChannelPool - Entry count for : http://localhost:64198 : 1
10:49:34.699 [AsyncHttpClient-1-1] DEBUG org.asynchttpclient.netty.channel.DefaultChannelPool - Entry count for : http://localhost:20275 : 1
10:49:35.797 [AsyncHttpClient-1-1] DEBUG org.asynchttpclient.netty.channel.DefaultChannelPool - Entry count for : http://localhost:64094 : 1
10:49:35.797 [AsyncHttpClient-1-1] DEBUG org.asynchttpclient.netty.channel.DefaultChannelPool - Entry count for : http://localhost:64053 : 1
10:49:35.797 [AsyncHttpClient-1-1] DEBUG org.asynchttpclient.netty.channel.DefaultChannelPool - Entry count for : http://localhost:25946 : 1
10:49:35.797 [AsyncHttpClient-1-1] DEBUG org.asynchttpclient.netty.channel.DefaultChannelPool - Entry count for : http://localhost:64198 : 1
10:49:35.797 [AsyncHttpClient-1-1] DEBUG org.asynchttpclient.netty.channel.DefaultChannelPool - Entry count for : http://localhost:20275 : 1
10:49:36.898 [AsyncHttpClient-1-1] DEBUG org.asynchttpclient.netty.channel.DefaultChannelPool - Entry count for : http://localhost:64094 : 1
10:49:36.899 [AsyncHttpClient-1-1] DEBUG org.asynchttpclient.netty.channel.DefaultChannelPool - Entry count for : http://localhost:64053 : 1
10:49:36.899 [AsyncHttpClient-1-1] DEBUG org.asynchttpclient.netty.channel.DefaultChannelPool - Entry count for : http://localhost:25946 : 1
10:49:36.899 [AsyncHttpClient-1-1] DEBUG org.asynchttpclient.netty.channel.DefaultChannelPool - Entry count for : http://localhost:64198 : 1
10:49:36.899 [AsyncHttpClient-1-1] DEBUG org.asynchttpclient.netty.channel.DefaultChannelPool - Entry count for : http://localhost:20275 : 1
10:49:37.995 [AsyncHttpClient-1-1] DEBUG org.asynchttpclient.netty.channel.DefaultChannelPool - Entry count for : http://localhost:64094 : 1
10:49:37.995 [AsyncHttpClient-1-1] DEBUG org.asynchttpclient.netty.channel.DefaultChannelPool - Entry count for : http://localhost:64053 : 1
10:49:37.995 [AsyncHttpClient-1-1] DEBUG org.asynchttpclient.netty.channel.DefaultChannelPool - Entry count for : http://localhost:25946 : 1
10:49:37.995 [AsyncHttpClient-1-1] DEBUG org.asynchttpclient.netty.channel.DefaultChannelPool - Entry count for : http://localhost:64198 : 1
10:49:37.995 [AsyncHttpClient-1-1] DEBUG org.asynchttpclient.netty.channel.DefaultChannelPool - Entry count for : http://localhost:20275 : 1
10:49:37.996 [AsyncHttpClient-1-1] DEBUG org.asynchttpclient.netty.channel.DefaultChannelPool - Adding Candidate expired Channel [id: 0x83f3a855, L:/127.0.0.1:64062 - R:localhost/127.0.0.1:64053] isIdleTimeoutExpired=true isRemotelyClosed=false isTtlExpired=false
10:49:37.996 [AsyncHttpClient-1-1] DEBUG org.asynchttpclient.netty.channel.DefaultChannelPool - Closing Idle Channel [id: 0x83f3a855, L:/127.0.0.1:64062 - R:localhost/127.0.0.1:64053]
10:49:37.998 [AsyncHttpClient-1-1] DEBUG org.asynchttpclient.netty.channel.DefaultChannelPool - Closed 1 connections out of 5 in 3 ms
10:49:38.002 [AsyncHttpClient-1-3] DEBUG org.asynchttpclient.netty.handler.HttpHandler - Channel Closed: [id: 0x83f3a855, L:/127.0.0.1:64062 ! R:localhost/127.0.0.1:64053] with attribute DISCARD
10:49:39.098 [AsyncHttpClient-1-1] DEBUG org.asynchttpclient.netty.channel.DefaultChannelPool - Entry count for : http://localhost:64094 : 1
10:49:39.099 [AsyncHttpClient-1-1] DEBUG org.asynchttpclient.netty.channel.DefaultChannelPool - Entry count for : http://localhost:25946 : 1
10:49:39.099 [AsyncHttpClient-1-1] DEBUG org.asynchttpclient.netty.channel.DefaultChannelPool - Entry count for : http://localhost:64198 : 1
10:49:39.099 [AsyncHttpClient-1-1] DEBUG org.asynchttpclient.netty.channel.DefaultChannelPool - Entry count for : http://localhost:20275 : 1
10:49:40.198 [AsyncHttpClient-1-1] DEBUG org.asynchttpclient.netty.channel.DefaultChannelPool - Entry count for : http://localhost:64094 : 1
10:49:40.198 [AsyncHttpClient-1-1] DEBUG org.asynchttpclient.netty.channel.DefaultChannelPool - Entry count for : http://localhost:25946 : 1
10:49:40.198 [AsyncHttpClient-1-1] DEBUG org.asynchttpclient.netty.channel.DefaultChannelPool - Entry count for : http://localhost:64198 : 1
10:49:40.198 [AsyncHttpClient-1-1] DEBUG org.asynchttpclient.netty.channel.DefaultChannelPool - Entry count for : http://localhost:20275 : 1
10:49:41.297 [AsyncHttpClient-1-1] DEBUG org.asynchttpclient.netty.channel.DefaultChannelPool - Entry count for : http://localhost:64094 : 1
10:49:41.297 [AsyncHttpClient-1-1] DEBUG org.asynchttpclient.netty.channel.DefaultChannelPool - Entry count for : http://localhost:25946 : 1
10:49:41.297 [AsyncHttpClient-1-1] DEBUG org.asynchttpclient.netty.channel.DefaultChannelPool - Entry count for : http://localhost:64198 : 1
10:49:41.297 [AsyncHttpClient-1-1] DEBUG org.asynchttpclient.netty.channel.DefaultChannelPool - Entry count for : http://localhost:20275 : 1
10:49:42.397 [AsyncHttpClient-1-1] DEBUG org.asynchttpclient.netty.channel.DefaultChannelPool - Entry count for : http://localhost:64094 : 1
10:49:42.397 [AsyncHttpClient-1-1] DEBUG org.asynchttpclient.netty.channel.DefaultChannelPool - Entry count for : http://localhost:25946 : 1
10:49:42.397 [AsyncHttpClient-1-1] DEBUG org.asynchttpclient.netty.channel.DefaultChannelPool - Entry count for : http://localhost:64198 : 1
10:49:42.397 [AsyncHttpClient-1-1] DEBUG org.asynchttpclient.netty.channel.DefaultChannelPool - Entry count for : http://localhost:20275 : 1
10:49:43.497 [AsyncHttpClient-1-1] DEBUG org.asynchttpclient.netty.channel.DefaultChannelPool - Entry count for : http://localhost:64094 : 1
10:49:43.498 [AsyncHttpClient-1-1] DEBUG org.asynchttpclient.netty.channel.DefaultChannelPool - Entry count for : http://localhost:25946 : 1
10:49:43.498 [AsyncHttpClient-1-1] DEBUG org.asynchttpclient.netty.channel.DefaultChannelPool - Entry count for : http://localhost:64198 : 1
10:49:43.498 [AsyncHttpClient-1-1] DEBUG org.asynchttpclient.netty.channel.DefaultChannelPool - Entry count for : http://localhost:20275 : 1
10:49:43.498 [AsyncHttpClient-1-1] DEBUG org.asynchttpclient.netty.channel.DefaultChannelPool - Adding Candidate expired Channel [id: 0xeb0114b5, L:/127.0.0.1:64050 - R:localhost/127.0.0.1:20275] isIdleTimeoutExpired=true isRemotelyClosed=false isTtlExpired=false
10:49:43.498 [AsyncHttpClient-1-1] DEBUG org.asynchttpclient.netty.channel.DefaultChannelPool - Closing Idle Channel [id: 0xeb0114b5, L:/127.0.0.1:64050 - R:localhost/127.0.0.1:20275]
10:49:43.498 [AsyncHttpClient-1-1] DEBUG org.asynchttpclient.netty.channel.DefaultChannelPool - Closed 1 connections out of 4 in 0 ms
10:49:43.499 [AsyncHttpClient-1-2] DEBUG org.asynchttpclient.netty.handler.HttpHandler - Channel Closed: [id: 0xeb0114b5, L:/127.0.0.1:64050 ! R:localhost/127.0.0.1:20275] with attribute DISCARD
10:49:44.599 [AsyncHttpClient-1-1] DEBUG org.asynchttpclient.netty.channel.DefaultChannelPool - Entry count for : http://localhost:64094 : 1
10:49:44.600 [AsyncHttpClient-1-1] DEBUG org.asynchttpclient.netty.channel.DefaultChannelPool - Entry count for : http://localhost:25946 : 1
10:49:44.600 [AsyncHttpClient-1-1] DEBUG org.asynchttpclient.netty.channel.DefaultChannelPool - Entry count for : http://localhost:64198 : 1
10:49:45.090 [AsyncHttpClient-1-8] DEBUG org.asynchttpclient.netty.handler.HttpHandler - 

Request DefaultHttpRequest(decodeResult: success, version: HTTP/1.1)
POST /session/df6a6576b4ee226eb544544e8f0bf034/element/f8f11522-0c81-4bb2-9017-5b3b3d7c134c/click HTTP/1.1
User-Agent: selenium/4.5.3 (java mac)
Content-Length: 50
Content-Type: application/json; charset=utf-8
host: localhost:18432
accept: */*

Response DefaultHttpResponse(decodeResult: success, version: HTTP/1.1)
HTTP/1.1 200 OK
Content-Length: 14
Content-Type: application/json; charset=utf-8
cache-control: no-cache

10:49:45.091 [AsyncHttpClient-1-8] DEBUG org.asynchttpclient.netty.channel.ChannelManager - Adding key: http://localhost:18432 for channel [id: 0xee5c3a95, L:/127.0.0.1:64195 - R:localhost/127.0.0.1:18432]
10:49:45.095 [Forwarding findElements on session df6a6576b4ee226eb544544e8f0bf034 to remote] DEBUG org.asynchttpclient.netty.request.NettyRequestSender - Using pooled Channel '[id: 0xee5c3a95, L:/127.0.0.1:64195 - R:localhost/127.0.0.1:18432]' for 'POST' to 'http://localhost:18432/session/df6a6576b4ee226eb544544e8f0bf034/elements'
10:49:45.095 [Forwarding findElements on session df6a6576b4ee226eb544544e8f0bf034 to remote] DEBUG org.asynchttpclient.netty.request.NettyRequestSender - Using open Channel [id: 0xee5c3a95, L:/127.0.0.1:64195 - R:localhost/127.0.0.1:18432] for POST '/session/df6a6576b4ee226eb544544e8f0bf034/elements'
10:49:45.218 [AsyncHttpClient-1-8] DEBUG org.asynchttpclient.netty.handler.HttpHandler - 

Request DefaultHttpRequest(decodeResult: success, version: HTTP/1.1)
POST /session/df6a6576b4ee226eb544544e8f0bf034/elements HTTP/1.1
User-Agent: selenium/4.5.3 (java mac)
Content-Length: 51
Content-Type: application/json; charset=utf-8
host: localhost:18432
accept: */*

Response DefaultHttpResponse(decodeResult: success, version: HTTP/1.1)
HTTP/1.1 200 OK
Content-Length: 5462
Content-Type: application/json; charset=utf-8
cache-control: no-cache

10:49:45.219 [AsyncHttpClient-1-8] DEBUG org.asynchttpclient.netty.channel.ChannelManager - Adding key: http://localhost:18432 for channel [id: 0xee5c3a95, L:/127.0.0.1:64195 - R:localhost/127.0.0.1:18432]
10:49:45.250 [Forwarding findChildElement on session df6a6576b4ee226eb544544e8f0bf034 to remote] DEBUG org.asynchttpclient.netty.request.NettyRequestSender - Using pooled Channel '[id: 0xee5c3a95, L:/127.0.0.1:64195 - R:localhost/127.0.0.1:18432]' for 'POST' to 'http://localhost:18432/session/df6a6576b4ee226eb544544e8f0bf034/element/2290aaf8-6ad2-4df8-aeda-ef0476d444b9/element'
10:49:45.250 [Forwarding findChildElement on session df6a6576b4ee226eb544544e8f0bf034 to remote] DEBUG org.asynchttpclient.netty.request.NettyRequestSender - Using open Channel [id: 0xee5c3a95, L:/127.0.0.1:64195 - R:localhost/127.0.0.1:18432] for POST '/session/df6a6576b4ee226eb544544e8f0bf034/element/2290aaf8-6ad2-4df8-aeda-ef0476d444b9/element'
10:49:45.553 [AsyncHttpClient-1-8] DEBUG org.asynchttpclient.netty.handler.HttpHandler - 

Request DefaultHttpRequest(decodeResult: success, version: HTTP/1.1)
POST /session/df6a6576b4ee226eb544544e8f0bf034/element/2290aaf8-6ad2-4df8-aeda-ef0476d444b9/element HTTP/1.1
User-Agent: selenium/4.5.3 (java mac)
Content-Length: 106
Content-Type: application/json; charset=utf-8
host: localhost:18432
accept: */*

Response DefaultHttpResponse(decodeResult: success, version: HTTP/1.1)
HTTP/1.1 200 OK
Content-Length: 88
Content-Type: application/json; charset=utf-8
cache-control: no-cache

10:49:45.554 [AsyncHttpClient-1-8] DEBUG org.asynchttpclient.netty.channel.ChannelManager - Adding key: http://localhost:18432 for channel [id: 0xee5c3a95, L:/127.0.0.1:64195 - R:localhost/127.0.0.1:18432]
10:49:45.557 [Forwarding getElementText on session df6a6576b4ee226eb544544e8f0bf034 to remote] DEBUG org.asynchttpclient.netty.request.NettyRequestSender - Using pooled Channel '[id: 0xee5c3a95, L:/127.0.0.1:64195 - R:localhost/127.0.0.1:18432]' for 'GET' to 'http://localhost:18432/session/df6a6576b4ee226eb544544e8f0bf034/element/623906c5-15ad-46c2-ab6a-751f4c81e69f/text'
10:49:45.557 [Forwarding getElementText on session df6a6576b4ee226eb544544e8f0bf034 to remote] DEBUG org.asynchttpclient.netty.request.NettyRequestSender - Using open Channel [id: 0xee5c3a95, L:/127.0.0.1:64195 - R:localhost/127.0.0.1:18432] for GET '/session/df6a6576b4ee226eb544544e8f0bf034/element/623906c5-15ad-46c2-ab6a-751f4c81e69f/text'
10:49:45.698 [AsyncHttpClient-1-1] DEBUG org.asynchttpclient.netty.channel.DefaultChannelPool - Entry count for : http://localhost:64094 : 1
10:49:45.698 [AsyncHttpClient-1-1] DEBUG org.asynchttpclient.netty.channel.DefaultChannelPool - Entry count for : http://localhost:25946 : 1
10:49:45.698 [AsyncHttpClient-1-1] DEBUG org.asynchttpclient.netty.channel.DefaultChannelPool - Entry count for : http://localhost:64198 : 1
10:49:46.675 [AsyncHttpClient-1-8] DEBUG org.asynchttpclient.netty.handler.HttpHandler - 

Request DefaultFullHttpRequest(decodeResult: success, version: HTTP/1.1, content: EmptyByteBufBE)
GET /session/df6a6576b4ee226eb544544e8f0bf034/element/623906c5-15ad-46c2-ab6a-751f4c81e69f/text HTTP/1.1
User-Agent: selenium/4.5.3 (java mac)
Cache-Control: no-cache
Content-Type: application/json; charset=utf-8
host: localhost:18432
accept: */*

Response DefaultHttpResponse(decodeResult: success, version: HTTP/1.1)
HTTP/1.1 200 OK
Content-Length: 12
Content-Type: application/json; charset=utf-8
cache-control: no-cache

10:49:46.676 [AsyncHttpClient-1-8] DEBUG org.asynchttpclient.netty.channel.ChannelManager - Adding key: http://localhost:18432 for channel [id: 0xee5c3a95, L:/127.0.0.1:64195 - R:localhost/127.0.0.1:18432]
10:49:46.678 [Forwarding findChildElement on session df6a6576b4ee226eb544544e8f0bf034 to remote] DEBUG org.asynchttpclient.netty.request.NettyRequestSender - Using pooled Channel '[id: 0xee5c3a95, L:/127.0.0.1:64195 - R:localhost/127.0.0.1:18432]' for 'POST' to 'http://localhost:18432/session/df6a6576b4ee226eb544544e8f0bf034/element/2290aaf8-6ad2-4df8-aeda-ef0476d444b9/element'
10:49:46.679 [Forwarding findChildElement on session df6a6576b4ee226eb544544e8f0bf034 to remote] DEBUG org.asynchttpclient.netty.request.NettyRequestSender - Using open Channel [id: 0xee5c3a95, L:/127.0.0.1:64195 - R:localhost/127.0.0.1:18432] for POST '/session/df6a6576b4ee226eb544544e8f0bf034/element/2290aaf8-6ad2-4df8-aeda-ef0476d444b9/element'
10:49:46.799 [AsyncHttpClient-1-1] DEBUG org.asynchttpclient.netty.channel.DefaultChannelPool - Entry count for : http://localhost:64094 : 1
10:49:46.799 [AsyncHttpClient-1-1] DEBUG org.asynchttpclient.netty.channel.DefaultChannelPool - Entry count for : http://localhost:25946 : 1
10:49:46.799 [AsyncHttpClient-1-1] DEBUG org.asynchttpclient.netty.channel.DefaultChannelPool - Entry count for : http://localhost:64198 : 1
10:49:47.717 [AsyncHttpClient-1-8] DEBUG org.asynchttpclient.netty.handler.HttpHandler - 

Request DefaultHttpRequest(decodeResult: success, version: HTTP/1.1)
POST /session/df6a6576b4ee226eb544544e8f0bf034/element/2290aaf8-6ad2-4df8-aeda-ef0476d444b9/element HTTP/1.1
User-Agent: selenium/4.5.3 (java mac)
Content-Length: 106
Content-Type: application/json; charset=utf-8
host: localhost:18432
accept: */*

Response DefaultHttpResponse(decodeResult: success, version: HTTP/1.1)
HTTP/1.1 200 OK
Content-Length: 88
Content-Type: application/json; charset=utf-8
cache-control: no-cache

10:49:47.717 [AsyncHttpClient-1-8] DEBUG org.asynchttpclient.netty.channel.ChannelManager - Adding key: http://localhost:18432 for channel [id: 0xee5c3a95, L:/127.0.0.1:64195 - R:localhost/127.0.0.1:18432]
10:49:47.719 [Forwarding getElementText on session df6a6576b4ee226eb544544e8f0bf034 to remote] DEBUG org.asynchttpclient.netty.request.NettyRequestSender - Using pooled Channel '[id: 0xee5c3a95, L:/127.0.0.1:64195 - R:localhost/127.0.0.1:18432]' for 'GET' to 'http://localhost:18432/session/df6a6576b4ee226eb544544e8f0bf034/element/99d7ce3d-6bcb-4f1a-baa3-c5524c1665b5/text'
10:49:47.719 [Forwarding getElementText on session df6a6576b4ee226eb544544e8f0bf034 to remote] DEBUG org.asynchttpclient.netty.request.NettyRequestSender - Using open Channel [id: 0xee5c3a95, L:/127.0.0.1:64195 - R:localhost/127.0.0.1:18432] for GET '/session/df6a6576b4ee226eb544544e8f0bf034/element/99d7ce3d-6bcb-4f1a-baa3-c5524c1665b5/text'
10:49:47.899 [AsyncHttpClient-1-1] DEBUG org.asynchttpclient.netty.channel.DefaultChannelPool - Entry count for : http://localhost:64094 : 1
10:49:47.899 [AsyncHttpClient-1-1] DEBUG org.asynchttpclient.netty.channel.DefaultChannelPool - Entry count for : http://localhost:25946 : 1
10:49:47.899 [AsyncHttpClient-1-1] DEBUG org.asynchttpclient.netty.channel.DefaultChannelPool - Entry count for : http://localhost:64198 : 1
10:49:48.656 [AsyncHttpClient-1-8] DEBUG org.asynchttpclient.netty.handler.HttpHandler - 

Request DefaultFullHttpRequest(decodeResult: success, version: HTTP/1.1, content: EmptyByteBufBE)
GET /session/df6a6576b4ee226eb544544e8f0bf034/element/99d7ce3d-6bcb-4f1a-baa3-c5524c1665b5/text HTTP/1.1
User-Agent: selenium/4.5.3 (java mac)
Cache-Control: no-cache
Content-Type: application/json; charset=utf-8
host: localhost:18432
accept: */*

Response DefaultHttpResponse(decodeResult: success, version: HTTP/1.1)
HTTP/1.1 200 OK
Content-Length: 12
Content-Type: application/json; charset=utf-8
cache-control: no-cache

10:49:48.656 [AsyncHttpClient-1-8] DEBUG org.asynchttpclient.netty.channel.ChannelManager - Adding key: http://localhost:18432 for channel [id: 0xee5c3a95, L:/127.0.0.1:64195 - R:localhost/127.0.0.1:18432]
10:49:48.705 [Forwarding findChildElement on session df6a6576b4ee226eb544544e8f0bf034 to remote] DEBUG org.asynchttpclient.netty.request.NettyRequestSender - Using pooled Channel '[id: 0xee5c3a95, L:/127.0.0.1:64195 - R:localhost/127.0.0.1:18432]' for 'POST' to 'http://localhost:18432/session/df6a6576b4ee226eb544544e8f0bf034/element/1fb975c3-5fdc-4b99-b8c6-b5c8fe279f7a/element'
10:49:48.706 [Forwarding findChildElement on session df6a6576b4ee226eb544544e8f0bf034 to remote] DEBUG org.asynchttpclient.netty.request.NettyRequestSender - Using open Channel [id: 0xee5c3a95, L:/127.0.0.1:64195 - R:localhost/127.0.0.1:18432] for POST '/session/df6a6576b4ee226eb544544e8f0bf034/element/1fb975c3-5fdc-4b99-b8c6-b5c8fe279f7a/element'
10:49:48.996 [AsyncHttpClient-1-1] DEBUG org.asynchttpclient.netty.channel.DefaultChannelPool - Entry count for : http://localhost:64094 : 1
10:49:48.996 [AsyncHttpClient-1-1] DEBUG org.asynchttpclient.netty.channel.DefaultChannelPool - Entry count for : http://localhost:25946 : 1
10:49:48.996 [AsyncHttpClient-1-1] DEBUG org.asynchttpclient.netty.channel.DefaultChannelPool - Entry count for : http://localhost:64198 : 1
10:49:49.962 [AsyncHttpClient-1-8] DEBUG org.asynchttpclient.netty.handler.HttpHandler - 

Request DefaultHttpRequest(decodeResult: success, version: HTTP/1.1)
POST /session/df6a6576b4ee226eb544544e8f0bf034/element/1fb975c3-5fdc-4b99-b8c6-b5c8fe279f7a/element HTTP/1.1
User-Agent: selenium/4.5.3 (java mac)
Content-Length: 106
Content-Type: application/json; charset=utf-8
host: localhost:18432
accept: */*

Response DefaultHttpResponse(decodeResult: success, version: HTTP/1.1)
HTTP/1.1 200 OK
Content-Length: 88
Content-Type: application/json; charset=utf-8
cache-control: no-cache

10:49:49.962 [AsyncHttpClient-1-8] DEBUG org.asynchttpclient.netty.channel.ChannelManager - Adding key: http://localhost:18432 for channel [id: 0xee5c3a95, L:/127.0.0.1:64195 - R:localhost/127.0.0.1:18432]
10:49:49.964 [Forwarding getElementText on session df6a6576b4ee226eb544544e8f0bf034 to remote] DEBUG org.asynchttpclient.netty.request.NettyRequestSender - Using pooled Channel '[id: 0xee5c3a95, L:/127.0.0.1:64195 - R:localhost/127.0.0.1:18432]' for 'GET' to 'http://localhost:18432/session/df6a6576b4ee226eb544544e8f0bf034/element/6b458bd7-7cb7-43f0-a8b6-04e9379086b7/text'
10:49:49.964 [Forwarding getElementText on session df6a6576b4ee226eb544544e8f0bf034 to remote] DEBUG org.asynchttpclient.netty.request.NettyRequestSender - Using open Channel [id: 0xee5c3a95, L:/127.0.0.1:64195 - R:localhost/127.0.0.1:18432] for GET '/session/df6a6576b4ee226eb544544e8f0bf034/element/6b458bd7-7cb7-43f0-a8b6-04e9379086b7/text'
10:49:50.099 [AsyncHttpClient-1-1] DEBUG org.asynchttpclient.netty.channel.DefaultChannelPool - Entry count for : http://localhost:64094 : 1
10:49:50.099 [AsyncHttpClient-1-1] DEBUG org.asynchttpclient.netty.channel.DefaultChannelPool - Entry count for : http://localhost:25946 : 1
10:49:50.259 [AsyncHttpClient-1-1] DEBUG org.asynchttpclient.netty.channel.DefaultChannelPool - Entry count for : http://localhost:64198 : 1
10:49:51.297 [AsyncHttpClient-1-1] DEBUG org.asynchttpclient.netty.channel.DefaultChannelPool - Entry count for : http://localhost:64094 : 1
10:49:51.297 [AsyncHttpClient-1-1] DEBUG org.asynchttpclient.netty.channel.DefaultChannelPool - Entry count for : http://localhost:25946 : 1
10:49:51.297 [AsyncHttpClient-1-1] DEBUG org.asynchttpclient.netty.channel.DefaultChannelPool - Entry count for : http://localhost:64198 : 1
10:49:51.527 [AsyncHttpClient-1-8] DEBUG org.asynchttpclient.netty.handler.HttpHandler - 

Request DefaultFullHttpRequest(decodeResult: success, version: HTTP/1.1, content: EmptyByteBufBE)
GET /session/df6a6576b4ee226eb544544e8f0bf034/element/6b458bd7-7cb7-43f0-a8b6-04e9379086b7/text HTTP/1.1
User-Agent: selenium/4.5.3 (java mac)
Cache-Control: no-cache
Content-Type: application/json; charset=utf-8
host: localhost:18432
accept: */*

Response DefaultHttpResponse(decodeResult: success, version: HTTP/1.1)
HTTP/1.1 200 OK
Content-Length: 64
Content-Type: application/json; charset=utf-8
cache-control: no-cache

10:49:51.527 [AsyncHttpClient-1-8] DEBUG org.asynchttpclient.netty.channel.ChannelManager - Adding key: http://localhost:18432 for channel [id: 0xee5c3a95, L:/127.0.0.1:64195 - R:localhost/127.0.0.1:18432]
10:49:51.530 [Forwarding findChildElement on session df6a6576b4ee226eb544544e8f0bf034 to remote] DEBUG org.asynchttpclient.netty.request.NettyRequestSender - Using pooled Channel '[id: 0xee5c3a95, L:/127.0.0.1:64195 - R:localhost/127.0.0.1:18432]' for 'POST' to 'http://localhost:18432/session/df6a6576b4ee226eb544544e8f0bf034/element/1fb975c3-5fdc-4b99-b8c6-b5c8fe279f7a/element'
10:49:51.530 [Forwarding findChildElement on session df6a6576b4ee226eb544544e8f0bf034 to remote] DEBUG org.asynchttpclient.netty.request.NettyRequestSender - Using open Channel [id: 0xee5c3a95, L:/127.0.0.1:64195 - R:localhost/127.0.0.1:18432] for POST '/session/df6a6576b4ee226eb544544e8f0bf034/element/1fb975c3-5fdc-4b99-b8c6-b5c8fe279f7a/element'
10:49:52.400 [AsyncHttpClient-1-1] DEBUG org.asynchttpclient.netty.channel.DefaultChannelPool - Entry count for : http://localhost:64094 : 1
10:49:52.401 [AsyncHttpClient-1-1] DEBUG org.asynchttpclient.netty.channel.DefaultChannelPool - Entry count for : http://localhost:25946 : 1
10:49:52.401 [AsyncHttpClient-1-1] DEBUG org.asynchttpclient.netty.channel.DefaultChannelPool - Entry count for : http://localhost:64198 : 1
10:49:53.090 [AsyncHttpClient-1-8] DEBUG org.asynchttpclient.netty.handler.HttpHandler - 

Request DefaultHttpRequest(decodeResult: success, version: HTTP/1.1)
POST /session/df6a6576b4ee226eb544544e8f0bf034/element/1fb975c3-5fdc-4b99-b8c6-b5c8fe279f7a/element HTTP/1.1
User-Agent: selenium/4.5.3 (java mac)
Content-Length: 106
Content-Type: application/json; charset=utf-8
host: localhost:18432
accept: */*

Response DefaultHttpResponse(decodeResult: success, version: HTTP/1.1)
HTTP/1.1 200 OK
Content-Length: 88
Content-Type: application/json; charset=utf-8
cache-control: no-cache

10:49:53.091 [AsyncHttpClient-1-8] DEBUG org.asynchttpclient.netty.channel.ChannelManager - Adding key: http://localhost:18432 for channel [id: 0xee5c3a95, L:/127.0.0.1:64195 - R:localhost/127.0.0.1:18432]
10:49:53.094 [Forwarding getElementText on session df6a6576b4ee226eb544544e8f0bf034 to remote] DEBUG org.asynchttpclient.netty.request.NettyRequestSender - Using pooled Channel '[id: 0xee5c3a95, L:/127.0.0.1:64195 - R:localhost/127.0.0.1:18432]' for 'GET' to 'http://localhost:18432/session/df6a6576b4ee226eb544544e8f0bf034/element/98e51ef2-1f25-41c2-9ba7-d1666c4a0734/text'
10:49:53.094 [Forwarding getElementText on session df6a6576b4ee226eb544544e8f0bf034 to remote] DEBUG org.asynchttpclient.netty.request.NettyRequestSender - Using open Channel [id: 0xee5c3a95, L:/127.0.0.1:64195 - R:localhost/127.0.0.1:18432] for GET '/session/df6a6576b4ee226eb544544e8f0bf034/element/98e51ef2-1f25-41c2-9ba7-d1666c4a0734/text'
10:49:53.500 [AsyncHttpClient-1-1] DEBUG org.asynchttpclient.netty.channel.DefaultChannelPool - Entry count for : http://localhost:64094 : 1
10:49:53.500 [AsyncHttpClient-1-1] DEBUG org.asynchttpclient.netty.channel.DefaultChannelPool - Entry count for : http://localhost:25946 : 1
10:49:53.500 [AsyncHttpClient-1-1] DEBUG org.asynchttpclient.netty.channel.DefaultChannelPool - Entry count for : http://localhost:64198 : 1
10:49:54.069 [AsyncHttpClient-1-8] DEBUG org.asynchttpclient.netty.handler.HttpHandler - 

Request DefaultFullHttpRequest(decodeResult: success, version: HTTP/1.1, content: EmptyByteBufBE)
GET /session/df6a6576b4ee226eb544544e8f0bf034/element/98e51ef2-1f25-41c2-9ba7-d1666c4a0734/text HTTP/1.1
User-Agent: selenium/4.5.3 (java mac)
Cache-Control: no-cache
Content-Type: application/json; charset=utf-8
host: localhost:18432
accept: */*

Response DefaultHttpResponse(decodeResult: success, version: HTTP/1.1)
HTTP/1.1 200 OK
Content-Length: 19
Content-Type: application/json; charset=utf-8
cache-control: no-cache

10:49:54.070 [AsyncHttpClient-1-8] DEBUG org.asynchttpclient.netty.channel.ChannelManager - Adding key: http://localhost:18432 for channel [id: 0xee5c3a95, L:/127.0.0.1:64195 - R:localhost/127.0.0.1:18432]
10:49:54.072 [Forwarding findChildElement on session df6a6576b4ee226eb544544e8f0bf034 to remote] DEBUG org.asynchttpclient.netty.request.NettyRequestSender - Using pooled Channel '[id: 0xee5c3a95, L:/127.0.0.1:64195 - R:localhost/127.0.0.1:18432]' for 'POST' to 'http://localhost:18432/session/df6a6576b4ee226eb544544e8f0bf034/element/8717eb3c-45e1-4592-9830-0f7ab4995970/element'
10:49:54.072 [Forwarding findChildElement on session df6a6576b4ee226eb544544e8f0bf034 to remote] DEBUG org.asynchttpclient.netty.request.NettyRequestSender - Using open Channel [id: 0xee5c3a95, L:/127.0.0.1:64195 - R:localhost/127.0.0.1:18432] for POST '/session/df6a6576b4ee226eb544544e8f0bf034/element/8717eb3c-45e1-4592-9830-0f7ab4995970/element'
10:49:54.597 [AsyncHttpClient-1-1] DEBUG org.asynchttpclient.netty.channel.DefaultChannelPool - Entry count for : http://localhost:64094 : 1
10:49:54.597 [AsyncHttpClient-1-1] DEBUG org.asynchttpclient.netty.channel.DefaultChannelPool - Entry count for : http://localhost:25946 : 1
10:49:54.597 [AsyncHttpClient-1-1] DEBUG org.asynchttpclient.netty.channel.DefaultChannelPool - Entry count for : http://localhost:64198 : 1
10:49:55.698 [AsyncHttpClient-1-1] DEBUG org.asynchttpclient.netty.channel.DefaultChannelPool - Entry count for : http://localhost:64094 : 1
10:49:55.699 [AsyncHttpClient-1-1] DEBUG org.asynchttpclient.netty.channel.DefaultChannelPool - Entry count for : http://localhost:25946 : 1
10:49:55.699 [AsyncHttpClient-1-1] DEBUG org.asynchttpclient.netty.channel.DefaultChannelPool - Entry count for : http://localhost:64198 : 1
10:49:56.076 [AsyncHttpClient-1-8] DEBUG org.asynchttpclient.netty.handler.HttpHandler - 

Request DefaultHttpRequest(decodeResult: success, version: HTTP/1.1)
POST /session/df6a6576b4ee226eb544544e8f0bf034/element/8717eb3c-45e1-4592-9830-0f7ab4995970/element HTTP/1.1
User-Agent: selenium/4.5.3 (java mac)
Content-Length: 106
Content-Type: application/json; charset=utf-8
host: localhost:18432
accept: */*

Response DefaultHttpResponse(decodeResult: success, version: HTTP/1.1)
HTTP/1.1 200 OK
Content-Length: 88
Content-Type: application/json; charset=utf-8
cache-control: no-cache

10:49:56.076 [AsyncHttpClient-1-8] DEBUG org.asynchttpclient.netty.channel.ChannelManager - Adding key: http://localhost:18432 for channel [id: 0xee5c3a95, L:/127.0.0.1:64195 - R:localhost/127.0.0.1:18432]
10:49:56.078 [Forwarding getElementText on session df6a6576b4ee226eb544544e8f0bf034 to remote] DEBUG org.asynchttpclient.netty.request.NettyRequestSender - Using pooled Channel '[id: 0xee5c3a95, L:/127.0.0.1:64195 - R:localhost/127.0.0.1:18432]' for 'GET' to 'http://localhost:18432/session/df6a6576b4ee226eb544544e8f0bf034/element/c5e4a199-4bad-482c-87aa-66fd8330dc85/text'
10:49:56.078 [Forwarding getElementText on session df6a6576b4ee226eb544544e8f0bf034 to remote] DEBUG org.asynchttpclient.netty.request.NettyRequestSender - Using open Channel [id: 0xee5c3a95, L:/127.0.0.1:64195 - R:localhost/127.0.0.1:18432] for GET '/session/df6a6576b4ee226eb544544e8f0bf034/element/c5e4a199-4bad-482c-87aa-66fd8330dc85/text'
10:49:56.795 [AsyncHttpClient-1-1] DEBUG org.asynchttpclient.netty.channel.DefaultChannelPool - Entry count for : http://localhost:64094 : 1
10:49:56.795 [AsyncHttpClient-1-1] DEBUG org.asynchttpclient.netty.channel.DefaultChannelPool - Entry count for : http://localhost:25946 : 1
10:49:56.795 [AsyncHttpClient-1-1] DEBUG org.asynchttpclient.netty.channel.DefaultChannelPool - Entry count for : http://localhost:64198 : 1
10:49:56.796 [AsyncHttpClient-1-1] DEBUG org.asynchttpclient.netty.channel.DefaultChannelPool - Adding Candidate expired Channel [id: 0x62b48e5e, L:/127.0.0.1:64149 - R:localhost/127.0.0.1:64094] isIdleTimeoutExpired=true isRemotelyClosed=false isTtlExpired=false
10:49:56.796 [AsyncHttpClient-1-1] DEBUG org.asynchttpclient.netty.channel.DefaultChannelPool - Closing Idle Channel [id: 0x62b48e5e, L:/127.0.0.1:64149 - R:localhost/127.0.0.1:64094]
10:49:56.796 [AsyncHttpClient-1-1] DEBUG org.asynchttpclient.netty.channel.DefaultChannelPool - Closed 1 connections out of 3 in 1 ms
10:49:56.797 [AsyncHttpClient-1-6] DEBUG org.asynchttpclient.netty.handler.HttpHandler - Channel Closed: [id: 0x62b48e5e, L:/127.0.0.1:64149 ! R:localhost/127.0.0.1:64094] with attribute DISCARD
10:49:57.898 [AsyncHttpClient-1-1] DEBUG org.asynchttpclient.netty.channel.DefaultChannelPool - Entry count for : http://localhost:25946 : 1
10:49:57.898 [AsyncHttpClient-1-1] DEBUG org.asynchttpclient.netty.channel.DefaultChannelPool - Entry count for : http://localhost:64198 : 1
10:49:58.808 [AsyncHttpClient-1-8] DEBUG org.asynchttpclient.netty.handler.HttpHandler - 

Request DefaultFullHttpRequest(decodeResult: success, version: HTTP/1.1, content: EmptyByteBufBE)
GET /session/df6a6576b4ee226eb544544e8f0bf034/element/c5e4a199-4bad-482c-87aa-66fd8330dc85/text HTTP/1.1
User-Agent: selenium/4.5.3 (java mac)
Cache-Control: no-cache
Content-Type: application/json; charset=utf-8
host: localhost:18432
accept: */*

Response DefaultHttpResponse(decodeResult: success, version: HTTP/1.1)
HTTP/1.1 200 OK
Content-Length: 86
Content-Type: application/json; charset=utf-8
cache-control: no-cache

10:49:58.808 [AsyncHttpClient-1-8] DEBUG org.asynchttpclient.netty.channel.ChannelManager - Adding key: http://localhost:18432 for channel [id: 0xee5c3a95, L:/127.0.0.1:64195 - R:localhost/127.0.0.1:18432]
10:49:58.813 [Forwarding findChildElement on session df6a6576b4ee226eb544544e8f0bf034 to remote] DEBUG org.asynchttpclient.netty.request.NettyRequestSender - Using pooled Channel '[id: 0xee5c3a95, L:/127.0.0.1:64195 - R:localhost/127.0.0.1:18432]' for 'POST' to 'http://localhost:18432/session/df6a6576b4ee226eb544544e8f0bf034/element/8717eb3c-45e1-4592-9830-0f7ab4995970/element'
10:49:58.813 [Forwarding findChildElement on session df6a6576b4ee226eb544544e8f0bf034 to remote] DEBUG org.asynchttpclient.netty.request.NettyRequestSender - Using open Channel [id: 0xee5c3a95, L:/127.0.0.1:64195 - R:localhost/127.0.0.1:18432] for POST '/session/df6a6576b4ee226eb544544e8f0bf034/element/8717eb3c-45e1-4592-9830-0f7ab4995970/element'
10:49:59.000 [AsyncHttpClient-1-1] DEBUG org.asynchttpclient.netty.channel.DefaultChannelPool - Entry count for : http://localhost:25946 : 1
10:49:59.000 [AsyncHttpClient-1-1] DEBUG org.asynchttpclient.netty.channel.DefaultChannelPool - Entry count for : http://localhost:64198 : 1
10:49:59.072 [AsyncHttpClient-1-8] DEBUG org.asynchttpclient.netty.handler.HttpHandler - 

Request DefaultHttpRequest(decodeResult: success, version: HTTP/1.1)
POST /session/df6a6576b4ee226eb544544e8f0bf034/element/8717eb3c-45e1-4592-9830-0f7ab4995970/element HTTP/1.1
User-Agent: selenium/4.5.3 (java mac)
Content-Length: 106
Content-Type: application/json; charset=utf-8
host: localhost:18432
accept: */*

Response DefaultHttpResponse(decodeResult: success, version: HTTP/1.1)
HTTP/1.1 200 OK
Content-Length: 88
Content-Type: application/json; charset=utf-8
cache-control: no-cache

10:49:59.073 [AsyncHttpClient-1-8] DEBUG org.asynchttpclient.netty.channel.ChannelManager - Adding key: http://localhost:18432 for channel [id: 0xee5c3a95, L:/127.0.0.1:64195 - R:localhost/127.0.0.1:18432]
10:49:59.075 [Forwarding getElementText on session df6a6576b4ee226eb544544e8f0bf034 to remote] DEBUG org.asynchttpclient.netty.request.NettyRequestSender - Using pooled Channel '[id: 0xee5c3a95, L:/127.0.0.1:64195 - R:localhost/127.0.0.1:18432]' for 'GET' to 'http://localhost:18432/session/df6a6576b4ee226eb544544e8f0bf034/element/9076a1fe-617e-4fa0-9083-e033d3fdcf52/text'
10:49:59.076 [Forwarding getElementText on session df6a6576b4ee226eb544544e8f0bf034 to remote] DEBUG org.asynchttpclient.netty.request.NettyRequestSender - Using open Channel [id: 0xee5c3a95, L:/127.0.0.1:64195 - R:localhost/127.0.0.1:18432] for GET '/session/df6a6576b4ee226eb544544e8f0bf034/element/9076a1fe-617e-4fa0-9083-e033d3fdcf52/text'
10:49:59.526 [AsyncHttpClient-1-8] DEBUG org.asynchttpclient.netty.handler.HttpHandler - 

Request DefaultFullHttpRequest(decodeResult: success, version: HTTP/1.1, content: EmptyByteBufBE)
GET /session/df6a6576b4ee226eb544544e8f0bf034/element/9076a1fe-617e-4fa0-9083-e033d3fdcf52/text HTTP/1.1
User-Agent: selenium/4.5.3 (java mac)
Cache-Control: no-cache
Content-Type: application/json; charset=utf-8
host: localhost:18432
accept: */*

Response DefaultHttpResponse(decodeResult: success, version: HTTP/1.1)
HTTP/1.1 200 OK
Content-Length: 19
Content-Type: application/json; charset=utf-8
cache-control: no-cache

10:49:59.527 [AsyncHttpClient-1-8] DEBUG org.asynchttpclient.netty.channel.ChannelManager - Adding key: http://localhost:18432 for channel [id: 0xee5c3a95, L:/127.0.0.1:64195 - R:localhost/127.0.0.1:18432]
10:49:59.530 [Forwarding findChildElement on session df6a6576b4ee226eb544544e8f0bf034 to remote] DEBUG org.asynchttpclient.netty.request.NettyRequestSender - Using pooled Channel '[id: 0xee5c3a95, L:/127.0.0.1:64195 - R:localhost/127.0.0.1:18432]' for 'POST' to 'http://localhost:18432/session/df6a6576b4ee226eb544544e8f0bf034/element/48d55367-c4c9-4c4f-97a3-47aa0b017883/element'
10:49:59.530 [Forwarding findChildElement on session df6a6576b4ee226eb544544e8f0bf034 to remote] DEBUG org.asynchttpclient.netty.request.NettyRequestSender - Using open Channel [id: 0xee5c3a95, L:/127.0.0.1:64195 - R:localhost/127.0.0.1:18432] for POST '/session/df6a6576b4ee226eb544544e8f0bf034/element/48d55367-c4c9-4c4f-97a3-47aa0b017883/element'
10:50:00.097 [AsyncHttpClient-1-1] DEBUG org.asynchttpclient.netty.channel.DefaultChannelPool - Entry count for : http://localhost:25946 : 1
10:50:00.097 [AsyncHttpClient-1-1] DEBUG org.asynchttpclient.netty.channel.DefaultChannelPool - Entry count for : http://localhost:64198 : 1
10:50:01.071 [AsyncHttpClient-1-8] DEBUG org.asynchttpclient.netty.handler.HttpHandler - 

Request DefaultHttpRequest(decodeResult: success, version: HTTP/1.1)
POST /session/df6a6576b4ee226eb544544e8f0bf034/element/48d55367-c4c9-4c4f-97a3-47aa0b017883/element HTTP/1.1
User-Agent: selenium/4.5.3 (java mac)
Content-Length: 106
Content-Type: application/json; charset=utf-8
host: localhost:18432
accept: */*

Response DefaultHttpResponse(decodeResult: success, version: HTTP/1.1)
HTTP/1.1 200 OK
Content-Length: 88
Content-Type: application/json; charset=utf-8
cache-control: no-cache

10:50:01.071 [AsyncHttpClient-1-8] DEBUG org.asynchttpclient.netty.channel.ChannelManager - Adding key: http://localhost:18432 for channel [id: 0xee5c3a95, L:/127.0.0.1:64195 - R:localhost/127.0.0.1:18432]
10:50:01.072 [Forwarding getElementText on session df6a6576b4ee226eb544544e8f0bf034 to remote] DEBUG org.asynchttpclient.netty.request.NettyRequestSender - Using pooled Channel '[id: 0xee5c3a95, L:/127.0.0.1:64195 - R:localhost/127.0.0.1:18432]' for 'GET' to 'http://localhost:18432/session/df6a6576b4ee226eb544544e8f0bf034/element/4e4dfbe6-172d-4633-8182-1caad6217801/text'
10:50:01.072 [Forwarding getElementText on session df6a6576b4ee226eb544544e8f0bf034 to remote] DEBUG org.asynchttpclient.netty.request.NettyRequestSender - Using open Channel [id: 0xee5c3a95, L:/127.0.0.1:64195 - R:localhost/127.0.0.1:18432] for GET '/session/df6a6576b4ee226eb544544e8f0bf034/element/4e4dfbe6-172d-4633-8182-1caad6217801/text'
10:50:01.199 [AsyncHttpClient-1-1] DEBUG org.asynchttpclient.netty.channel.DefaultChannelPool - Entry count for : http://localhost:25946 : 1
10:50:01.199 [AsyncHttpClient-1-1] DEBUG org.asynchttpclient.netty.channel.DefaultChannelPool - Entry count for : http://localhost:64198 : 1
10:50:02.157 [AsyncHttpClient-1-8] DEBUG org.asynchttpclient.netty.handler.HttpHandler - 

Request DefaultFullHttpRequest(decodeResult: success, version: HTTP/1.1, content: EmptyByteBufBE)
GET /session/df6a6576b4ee226eb544544e8f0bf034/element/4e4dfbe6-172d-4633-8182-1caad6217801/text HTTP/1.1
User-Agent: selenium/4.5.3 (java mac)
Cache-Control: no-cache
Content-Type: application/json; charset=utf-8
host: localhost:18432
accept: */*

Response DefaultHttpResponse(decodeResult: success, version: HTTP/1.1)
HTTP/1.1 200 OK
Content-Length: 76
Content-Type: application/json; charset=utf-8
cache-control: no-cache

10:50:02.158 [AsyncHttpClient-1-8] DEBUG org.asynchttpclient.netty.channel.ChannelManager - Adding key: http://localhost:18432 for channel [id: 0xee5c3a95, L:/127.0.0.1:64195 - R:localhost/127.0.0.1:18432]
10:50:02.160 [Forwarding findChildElement on session df6a6576b4ee226eb544544e8f0bf034 to remote] DEBUG org.asynchttpclient.netty.request.NettyRequestSender - Using pooled Channel '[id: 0xee5c3a95, L:/127.0.0.1:64195 - R:localhost/127.0.0.1:18432]' for 'POST' to 'http://localhost:18432/session/df6a6576b4ee226eb544544e8f0bf034/element/48d55367-c4c9-4c4f-97a3-47aa0b017883/element'
10:50:02.160 [Forwarding findChildElement on session df6a6576b4ee226eb544544e8f0bf034 to remote] DEBUG org.asynchttpclient.netty.request.NettyRequestSender - Using open Channel [id: 0xee5c3a95, L:/127.0.0.1:64195 - R:localhost/127.0.0.1:18432] for POST '/session/df6a6576b4ee226eb544544e8f0bf034/element/48d55367-c4c9-4c4f-97a3-47aa0b017883/element'
10:50:02.297 [AsyncHttpClient-1-1] DEBUG org.asynchttpclient.netty.channel.DefaultChannelPool - Entry count for : http://localhost:25946 : 1
10:50:02.298 [AsyncHttpClient-1-1] DEBUG org.asynchttpclient.netty.channel.DefaultChannelPool - Entry count for : http://localhost:64198 : 1
10:50:02.701 [AsyncHttpClient-1-8] DEBUG org.asynchttpclient.netty.handler.HttpHandler - 

Request DefaultHttpRequest(decodeResult: success, version: HTTP/1.1)
POST /session/df6a6576b4ee226eb544544e8f0bf034/element/48d55367-c4c9-4c4f-97a3-47aa0b017883/element HTTP/1.1
User-Agent: selenium/4.5.3 (java mac)
Content-Length: 106
Content-Type: application/json; charset=utf-8
host: localhost:18432
accept: */*

Response DefaultHttpResponse(decodeResult: success, version: HTTP/1.1)
HTTP/1.1 200 OK
Content-Length: 88
Content-Type: application/json; charset=utf-8
cache-control: no-cache

10:50:02.701 [AsyncHttpClient-1-8] DEBUG org.asynchttpclient.netty.channel.ChannelManager - Adding key: http://localhost:18432 for channel [id: 0xee5c3a95, L:/127.0.0.1:64195 - R:localhost/127.0.0.1:18432]
10:50:02.705 [Forwarding getElementText on session df6a6576b4ee226eb544544e8f0bf034 to remote] DEBUG org.asynchttpclient.netty.request.NettyRequestSender - Using pooled Channel '[id: 0xee5c3a95, L:/127.0.0.1:64195 - R:localhost/127.0.0.1:18432]' for 'GET' to 'http://localhost:18432/session/df6a6576b4ee226eb544544e8f0bf034/element/c6100a3c-8f73-4fb1-9ffb-a44db04a707e/text'
10:50:02.705 [Forwarding getElementText on session df6a6576b4ee226eb544544e8f0bf034 to remote] DEBUG org.asynchttpclient.netty.request.NettyRequestSender - Using open Channel [id: 0xee5c3a95, L:/127.0.0.1:64195 - R:localhost/127.0.0.1:18432] for GET '/session/df6a6576b4ee226eb544544e8f0bf034/element/c6100a3c-8f73-4fb1-9ffb-a44db04a707e/text'
10:50:02.875 [AsyncHttpClient-1-8] DEBUG org.asynchttpclient.netty.handler.HttpHandler - 

Request DefaultFullHttpRequest(decodeResult: success, version: HTTP/1.1, content: EmptyByteBufBE)
GET /session/df6a6576b4ee226eb544544e8f0bf034/element/c6100a3c-8f73-4fb1-9ffb-a44db04a707e/text HTTP/1.1
User-Agent: selenium/4.5.3 (java mac)
Cache-Control: no-cache
Content-Type: application/json; charset=utf-8
host: localhost:18432
accept: */*

Response DefaultHttpResponse(decodeResult: success, version: HTTP/1.1)
HTTP/1.1 200 OK
Content-Length: 30
Content-Type: application/json; charset=utf-8
cache-control: no-cache

10:50:02.875 [AsyncHttpClient-1-8] DEBUG org.asynchttpclient.netty.channel.ChannelManager - Adding key: http://localhost:18432 for channel [id: 0xee5c3a95, L:/127.0.0.1:64195 - R:localhost/127.0.0.1:18432]
10:50:02.877 [Forwarding findChildElement on session df6a6576b4ee226eb544544e8f0bf034 to remote] DEBUG org.asynchttpclient.netty.request.NettyRequestSender - Using pooled Channel '[id: 0xee5c3a95, L:/127.0.0.1:64195 - R:localhost/127.0.0.1:18432]' for 'POST' to 'http://localhost:18432/session/df6a6576b4ee226eb544544e8f0bf034/element/46068993-1764-4223-b37b-805cb69400e8/element'
10:50:02.877 [Forwarding findChildElement on session df6a6576b4ee226eb544544e8f0bf034 to remote] DEBUG org.asynchttpclient.netty.request.NettyRequestSender - Using open Channel [id: 0xee5c3a95, L:/127.0.0.1:64195 - R:localhost/127.0.0.1:18432] for POST '/session/df6a6576b4ee226eb544544e8f0bf034/element/46068993-1764-4223-b37b-805cb69400e8/element'
10:50:03.273 [AsyncHttpClient-1-8] DEBUG org.asynchttpclient.netty.handler.HttpHandler - 

Request DefaultHttpRequest(decodeResult: success, version: HTTP/1.1)
POST /session/df6a6576b4ee226eb544544e8f0bf034/element/46068993-1764-4223-b37b-805cb69400e8/element HTTP/1.1
User-Agent: selenium/4.5.3 (java mac)
Content-Length: 106
Content-Type: application/json; charset=utf-8
host: localhost:18432
accept: */*

Response DefaultHttpResponse(decodeResult: success, version: HTTP/1.1)
HTTP/1.1 200 OK
Content-Length: 88
Content-Type: application/json; charset=utf-8
cache-control: no-cache

10:50:03.273 [AsyncHttpClient-1-8] DEBUG org.asynchttpclient.netty.channel.ChannelManager - Adding key: http://localhost:18432 for channel [id: 0xee5c3a95, L:/127.0.0.1:64195 - R:localhost/127.0.0.1:18432]
10:50:03.275 [Forwarding getElementText on session df6a6576b4ee226eb544544e8f0bf034 to remote] DEBUG org.asynchttpclient.netty.request.NettyRequestSender - Using pooled Channel '[id: 0xee5c3a95, L:/127.0.0.1:64195 - R:localhost/127.0.0.1:18432]' for 'GET' to 'http://localhost:18432/session/df6a6576b4ee226eb544544e8f0bf034/element/cb5afe6e-f867-47a7-a7b3-c616c6c86a6d/text'
10:50:03.275 [Forwarding getElementText on session df6a6576b4ee226eb544544e8f0bf034 to remote] DEBUG org.asynchttpclient.netty.request.NettyRequestSender - Using open Channel [id: 0xee5c3a95, L:/127.0.0.1:64195 - R:localhost/127.0.0.1:18432] for GET '/session/df6a6576b4ee226eb544544e8f0bf034/element/cb5afe6e-f867-47a7-a7b3-c616c6c86a6d/text'
10:50:03.399 [AsyncHttpClient-1-1] DEBUG org.asynchttpclient.netty.channel.DefaultChannelPool - Entry count for : http://localhost:25946 : 1
10:50:03.399 [AsyncHttpClient-1-1] DEBUG org.asynchttpclient.netty.channel.DefaultChannelPool - Entry count for : http://localhost:64198 : 1
10:50:03.862 [AsyncHttpClient-1-8] DEBUG org.asynchttpclient.netty.handler.HttpHandler - 

Request DefaultFullHttpRequest(decodeResult: success, version: HTTP/1.1, content: EmptyByteBufBE)
GET /session/df6a6576b4ee226eb544544e8f0bf034/element/cb5afe6e-f867-47a7-a7b3-c616c6c86a6d/text HTTP/1.1
User-Agent: selenium/4.5.3 (java mac)
Cache-Control: no-cache
Content-Type: application/json; charset=utf-8
host: localhost:18432
accept: */*

Response DefaultHttpResponse(decodeResult: success, version: HTTP/1.1)
HTTP/1.1 200 OK
Content-Length: 92
Content-Type: application/json; charset=utf-8
cache-control: no-cache

10:50:03.864 [AsyncHttpClient-1-8] DEBUG org.asynchttpclient.netty.channel.ChannelManager - Adding key: http://localhost:18432 for channel [id: 0xee5c3a95, L:/127.0.0.1:64195 - R:localhost/127.0.0.1:18432]
10:50:03.866 [Forwarding findChildElement on session df6a6576b4ee226eb544544e8f0bf034 to remote] DEBUG org.asynchttpclient.netty.request.NettyRequestSender - Using pooled Channel '[id: 0xee5c3a95, L:/127.0.0.1:64195 - R:localhost/127.0.0.1:18432]' for 'POST' to 'http://localhost:18432/session/df6a6576b4ee226eb544544e8f0bf034/element/46068993-1764-4223-b37b-805cb69400e8/element'
10:50:03.867 [Forwarding findChildElement on session df6a6576b4ee226eb544544e8f0bf034 to remote] DEBUG org.asynchttpclient.netty.request.NettyRequestSender - Using open Channel [id: 0xee5c3a95, L:/127.0.0.1:64195 - R:localhost/127.0.0.1:18432] for POST '/session/df6a6576b4ee226eb544544e8f0bf034/element/46068993-1764-4223-b37b-805cb69400e8/element'
10:50:04.496 [AsyncHttpClient-1-1] DEBUG org.asynchttpclient.netty.channel.DefaultChannelPool - Entry count for : http://localhost:25946 : 1
10:50:04.496 [AsyncHttpClient-1-1] DEBUG org.asynchttpclient.netty.channel.DefaultChannelPool - Entry count for : http://localhost:64198 : 1
10:50:05.599 [AsyncHttpClient-1-1] DEBUG org.asynchttpclient.netty.channel.DefaultChannelPool - Entry count for : http://localhost:25946 : 1
10:50:05.599 [AsyncHttpClient-1-1] DEBUG org.asynchttpclient.netty.channel.DefaultChannelPool - Entry count for : http://localhost:64198 : 1
10:50:05.602 [AsyncHttpClient-1-1] DEBUG org.asynchttpclient.netty.channel.DefaultChannelPool - Adding Candidate expired Channel [id: 0x48e95362, L:/127.0.0.1:64086 - R:localhost/127.0.0.1:25946] isIdleTimeoutExpired=true isRemotelyClosed=false isTtlExpired=false
10:50:05.614 [AsyncHttpClient-1-1] DEBUG org.asynchttpclient.netty.channel.DefaultChannelPool - Closing Idle Channel [id: 0x48e95362, L:/127.0.0.1:64086 - R:localhost/127.0.0.1:25946]
10:50:05.615 [AsyncHttpClient-1-1] DEBUG org.asynchttpclient.netty.channel.DefaultChannelPool - Closed 1 connections out of 2 in 16 ms
10:50:05.616 [AsyncHttpClient-1-5] DEBUG org.asynchttpclient.netty.handler.HttpHandler - Channel Closed: [id: 0x48e95362, L:/127.0.0.1:64086 ! R:localhost/127.0.0.1:25946] with attribute DISCARD
10:50:05.672 [AsyncHttpClient-1-8] DEBUG org.asynchttpclient.netty.handler.HttpHandler - 

Request DefaultHttpRequest(decodeResult: success, version: HTTP/1.1)
POST /session/df6a6576b4ee226eb544544e8f0bf034/element/46068993-1764-4223-b37b-805cb69400e8/element HTTP/1.1
User-Agent: selenium/4.5.3 (java mac)
Content-Length: 106
Content-Type: application/json; charset=utf-8
host: localhost:18432
accept: */*

Response DefaultHttpResponse(decodeResult: success, version: HTTP/1.1)
HTTP/1.1 200 OK
Content-Length: 88
Content-Type: application/json; charset=utf-8
cache-control: no-cache

10:50:05.673 [AsyncHttpClient-1-8] DEBUG org.asynchttpclient.netty.channel.ChannelManager - Adding key: http://localhost:18432 for channel [id: 0xee5c3a95, L:/127.0.0.1:64195 - R:localhost/127.0.0.1:18432]
10:50:05.674 [Forwarding getElementText on session df6a6576b4ee226eb544544e8f0bf034 to remote] DEBUG org.asynchttpclient.netty.request.NettyRequestSender - Using pooled Channel '[id: 0xee5c3a95, L:/127.0.0.1:64195 - R:localhost/127.0.0.1:18432]' for 'GET' to 'http://localhost:18432/session/df6a6576b4ee226eb544544e8f0bf034/element/7fca2773-bb88-4f8f-8fc0-fc74a883cd74/text'
10:50:05.675 [Forwarding getElementText on session df6a6576b4ee226eb544544e8f0bf034 to remote] DEBUG org.asynchttpclient.netty.request.NettyRequestSender - Using open Channel [id: 0xee5c3a95, L:/127.0.0.1:64195 - R:localhost/127.0.0.1:18432] for GET '/session/df6a6576b4ee226eb544544e8f0bf034/element/7fca2773-bb88-4f8f-8fc0-fc74a883cd74/text'
10:50:05.750 [AsyncHttpClient-1-8] DEBUG org.asynchttpclient.netty.handler.HttpHandler - 

Request DefaultFullHttpRequest(decodeResult: success, version: HTTP/1.1, content: EmptyByteBufBE)
GET /session/df6a6576b4ee226eb544544e8f0bf034/element/7fca2773-bb88-4f8f-8fc0-fc74a883cd74/text HTTP/1.1
User-Agent: selenium/4.5.3 (java mac)
Cache-Control: no-cache
Content-Type: application/json; charset=utf-8
host: localhost:18432
accept: */*

Response DefaultHttpResponse(decodeResult: success, version: HTTP/1.1)
HTTP/1.1 200 OK
Content-Length: 19
Content-Type: application/json; charset=utf-8
cache-control: no-cache

10:50:05.750 [AsyncHttpClient-1-8] DEBUG org.asynchttpclient.netty.channel.ChannelManager - Adding key: http://localhost:18432 for channel [id: 0xee5c3a95, L:/127.0.0.1:64195 - R:localhost/127.0.0.1:18432]
10:50:05.755 [Forwarding findChildElement on session df6a6576b4ee226eb544544e8f0bf034 to remote] DEBUG org.asynchttpclient.netty.request.NettyRequestSender - Using pooled Channel '[id: 0xee5c3a95, L:/127.0.0.1:64195 - R:localhost/127.0.0.1:18432]' for 'POST' to 'http://localhost:18432/session/df6a6576b4ee226eb544544e8f0bf034/element/20e59d00-6869-43ac-a991-f3e1b4e77a94/element'
10:50:05.755 [Forwarding findChildElement on session df6a6576b4ee226eb544544e8f0bf034 to remote] DEBUG org.asynchttpclient.netty.request.NettyRequestSender - Using open Channel [id: 0xee5c3a95, L:/127.0.0.1:64195 - R:localhost/127.0.0.1:18432] for POST '/session/df6a6576b4ee226eb544544e8f0bf034/element/20e59d00-6869-43ac-a991-f3e1b4e77a94/element'
10:50:06.376 [AsyncHttpClient-1-8] DEBUG org.asynchttpclient.netty.handler.HttpHandler - 

Request DefaultHttpRequest(decodeResult: success, version: HTTP/1.1)
POST /session/df6a6576b4ee226eb544544e8f0bf034/element/20e59d00-6869-43ac-a991-f3e1b4e77a94/element HTTP/1.1
User-Agent: selenium/4.5.3 (java mac)
Content-Length: 106
Content-Type: application/json; charset=utf-8
host: localhost:18432
accept: */*

Response DefaultHttpResponse(decodeResult: success, version: HTTP/1.1)
HTTP/1.1 200 OK
Content-Length: 88
Content-Type: application/json; charset=utf-8
cache-control: no-cache

10:50:06.376 [AsyncHttpClient-1-8] DEBUG org.asynchttpclient.netty.channel.ChannelManager - Adding key: http://localhost:18432 for channel [id: 0xee5c3a95, L:/127.0.0.1:64195 - R:localhost/127.0.0.1:18432]
10:50:06.378 [Forwarding getElementText on session df6a6576b4ee226eb544544e8f0bf034 to remote] DEBUG org.asynchttpclient.netty.request.NettyRequestSender - Using pooled Channel '[id: 0xee5c3a95, L:/127.0.0.1:64195 - R:localhost/127.0.0.1:18432]' for 'GET' to 'http://localhost:18432/session/df6a6576b4ee226eb544544e8f0bf034/element/347a9f31-4e1c-4ba3-8d3b-c67d5ed148c0/text'
10:50:06.378 [Forwarding getElementText on session df6a6576b4ee226eb544544e8f0bf034 to remote] DEBUG org.asynchttpclient.netty.request.NettyRequestSender - Using open Channel [id: 0xee5c3a95, L:/127.0.0.1:64195 - R:localhost/127.0.0.1:18432] for GET '/session/df6a6576b4ee226eb544544e8f0bf034/element/347a9f31-4e1c-4ba3-8d3b-c67d5ed148c0/text'
10:50:06.699 [AsyncHttpClient-1-1] DEBUG org.asynchttpclient.netty.channel.DefaultChannelPool - Entry count for : http://localhost:64198 : 1
10:50:06.757 [AsyncHttpClient-1-8] DEBUG org.asynchttpclient.netty.handler.HttpHandler - 

Request DefaultFullHttpRequest(decodeResult: success, version: HTTP/1.1, content: EmptyByteBufBE)
GET /session/df6a6576b4ee226eb544544e8f0bf034/element/347a9f31-4e1c-4ba3-8d3b-c67d5ed148c0/text HTTP/1.1
User-Agent: selenium/4.5.3 (java mac)
Cache-Control: no-cache
Content-Type: application/json; charset=utf-8
host: localhost:18432
accept: */*

Response DefaultHttpResponse(decodeResult: success, version: HTTP/1.1)
HTTP/1.1 200 OK
Content-Length: 79
Content-Type: application/json; charset=utf-8
cache-control: no-cache

10:50:06.757 [AsyncHttpClient-1-8] DEBUG org.asynchttpclient.netty.channel.ChannelManager - Adding key: http://localhost:18432 for channel [id: 0xee5c3a95, L:/127.0.0.1:64195 - R:localhost/127.0.0.1:18432]
10:50:06.760 [Forwarding findChildElement on session df6a6576b4ee226eb544544e8f0bf034 to remote] DEBUG org.asynchttpclient.netty.request.NettyRequestSender - Using pooled Channel '[id: 0xee5c3a95, L:/127.0.0.1:64195 - R:localhost/127.0.0.1:18432]' for 'POST' to 'http://localhost:18432/session/df6a6576b4ee226eb544544e8f0bf034/element/20e59d00-6869-43ac-a991-f3e1b4e77a94/element'
10:50:06.760 [Forwarding findChildElement on session df6a6576b4ee226eb544544e8f0bf034 to remote] DEBUG org.asynchttpclient.netty.request.NettyRequestSender - Using open Channel [id: 0xee5c3a95, L:/127.0.0.1:64195 - R:localhost/127.0.0.1:18432] for POST '/session/df6a6576b4ee226eb544544e8f0bf034/element/20e59d00-6869-43ac-a991-f3e1b4e77a94/element'
10:50:07.255 [AsyncHttpClient-1-8] DEBUG org.asynchttpclient.netty.handler.HttpHandler - 

Request DefaultHttpRequest(decodeResult: success, version: HTTP/1.1)
POST /session/df6a6576b4ee226eb544544e8f0bf034/element/20e59d00-6869-43ac-a991-f3e1b4e77a94/element HTTP/1.1
User-Agent: selenium/4.5.3 (java mac)
Content-Length: 106
Content-Type: application/json; charset=utf-8
host: localhost:18432
accept: */*

Response DefaultHttpResponse(decodeResult: success, version: HTTP/1.1)
HTTP/1.1 200 OK
Content-Length: 88
Content-Type: application/json; charset=utf-8
cache-control: no-cache

10:50:07.255 [AsyncHttpClient-1-8] DEBUG org.asynchttpclient.netty.channel.ChannelManager - Adding key: http://localhost:18432 for channel [id: 0xee5c3a95, L:/127.0.0.1:64195 - R:localhost/127.0.0.1:18432]
10:50:07.258 [Forwarding getElementText on session df6a6576b4ee226eb544544e8f0bf034 to remote] DEBUG org.asynchttpclient.netty.request.NettyRequestSender - Using pooled Channel '[id: 0xee5c3a95, L:/127.0.0.1:64195 - R:localhost/127.0.0.1:18432]' for 'GET' to 'http://localhost:18432/session/df6a6576b4ee226eb544544e8f0bf034/element/8b93af08-a3fd-4c7e-85c2-9e668f417cee/text'
10:50:07.258 [Forwarding getElementText on session df6a6576b4ee226eb544544e8f0bf034 to remote] DEBUG org.asynchttpclient.netty.request.NettyRequestSender - Using open Channel [id: 0xee5c3a95, L:/127.0.0.1:64195 - R:localhost/127.0.0.1:18432] for GET '/session/df6a6576b4ee226eb544544e8f0bf034/element/8b93af08-a3fd-4c7e-85c2-9e668f417cee/text'
10:50:07.446 [AsyncHttpClient-1-8] DEBUG org.asynchttpclient.netty.handler.HttpHandler - 

Request DefaultFullHttpRequest(decodeResult: success, version: HTTP/1.1, content: EmptyByteBufBE)
GET /session/df6a6576b4ee226eb544544e8f0bf034/element/8b93af08-a3fd-4c7e-85c2-9e668f417cee/text HTTP/1.1
User-Agent: selenium/4.5.3 (java mac)
Cache-Control: no-cache
Content-Type: application/json; charset=utf-8
host: localhost:18432
accept: */*

Response DefaultHttpResponse(decodeResult: success, version: HTTP/1.1)
HTTP/1.1 200 OK
Content-Length: 19
Content-Type: application/json; charset=utf-8
cache-control: no-cache

10:50:07.446 [AsyncHttpClient-1-8] DEBUG org.asynchttpclient.netty.channel.ChannelManager - Adding key: http://localhost:18432 for channel [id: 0xee5c3a95, L:/127.0.0.1:64195 - R:localhost/127.0.0.1:18432]
10:50:07.449 [Forwarding findChildElement on session df6a6576b4ee226eb544544e8f0bf034 to remote] DEBUG org.asynchttpclient.netty.request.NettyRequestSender - Using pooled Channel '[id: 0xee5c3a95, L:/127.0.0.1:64195 - R:localhost/127.0.0.1:18432]' for 'POST' to 'http://localhost:18432/session/df6a6576b4ee226eb544544e8f0bf034/element/1a701e45-d1b9-478a-bff7-ae2f73c62e60/element'
10:50:07.449 [Forwarding findChildElement on session df6a6576b4ee226eb544544e8f0bf034 to remote] DEBUG org.asynchttpclient.netty.request.NettyRequestSender - Using open Channel [id: 0xee5c3a95, L:/127.0.0.1:64195 - R:localhost/127.0.0.1:18432] for POST '/session/df6a6576b4ee226eb544544e8f0bf034/element/1a701e45-d1b9-478a-bff7-ae2f73c62e60/element'
10:50:07.766 [AsyncHttpClient-1-8] DEBUG org.asynchttpclient.netty.handler.HttpHandler - 

Request DefaultHttpRequest(decodeResult: success, version: HTTP/1.1)
POST /session/df6a6576b4ee226eb544544e8f0bf034/element/1a701e45-d1b9-478a-bff7-ae2f73c62e60/element HTTP/1.1
User-Agent: selenium/4.5.3 (java mac)
Content-Length: 106
Content-Type: application/json; charset=utf-8
host: localhost:18432
accept: */*

Response DefaultHttpResponse(decodeResult: success, version: HTTP/1.1)
HTTP/1.1 200 OK
Content-Length: 88
Content-Type: application/json; charset=utf-8
cache-control: no-cache

10:50:07.767 [AsyncHttpClient-1-8] DEBUG org.asynchttpclient.netty.channel.ChannelManager - Adding key: http://localhost:18432 for channel [id: 0xee5c3a95, L:/127.0.0.1:64195 - R:localhost/127.0.0.1:18432]
10:50:07.768 [Forwarding getElementText on session df6a6576b4ee226eb544544e8f0bf034 to remote] DEBUG org.asynchttpclient.netty.request.NettyRequestSender - Using pooled Channel '[id: 0xee5c3a95, L:/127.0.0.1:64195 - R:localhost/127.0.0.1:18432]' for 'GET' to 'http://localhost:18432/session/df6a6576b4ee226eb544544e8f0bf034/element/79a73fc3-ddeb-4857-ae09-60f4ac264f88/text'
10:50:07.768 [Forwarding getElementText on session df6a6576b4ee226eb544544e8f0bf034 to remote] DEBUG org.asynchttpclient.netty.request.NettyRequestSender - Using open Channel [id: 0xee5c3a95, L:/127.0.0.1:64195 - R:localhost/127.0.0.1:18432] for GET '/session/df6a6576b4ee226eb544544e8f0bf034/element/79a73fc3-ddeb-4857-ae09-60f4ac264f88/text'
10:50:07.800 [AsyncHttpClient-1-1] DEBUG org.asynchttpclient.netty.channel.DefaultChannelPool - Entry count for : http://localhost:64198 : 1
10:50:08.484 [AsyncHttpClient-1-8] DEBUG org.asynchttpclient.netty.handler.HttpHandler - 

Request DefaultFullHttpRequest(decodeResult: success, version: HTTP/1.1, content: EmptyByteBufBE)
GET /session/df6a6576b4ee226eb544544e8f0bf034/element/79a73fc3-ddeb-4857-ae09-60f4ac264f88/text HTTP/1.1
User-Agent: selenium/4.5.3 (java mac)
Cache-Control: no-cache
Content-Type: application/json; charset=utf-8
host: localhost:18432
accept: */*

Response DefaultHttpResponse(decodeResult: success, version: HTTP/1.1)
HTTP/1.1 200 OK
Content-Length: 75
Content-Type: application/json; charset=utf-8
cache-control: no-cache

10:50:08.484 [AsyncHttpClient-1-8] DEBUG org.asynchttpclient.netty.channel.ChannelManager - Adding key: http://localhost:18432 for channel [id: 0xee5c3a95, L:/127.0.0.1:64195 - R:localhost/127.0.0.1:18432]
10:50:08.487 [Forwarding findChildElement on session df6a6576b4ee226eb544544e8f0bf034 to remote] DEBUG org.asynchttpclient.netty.request.NettyRequestSender - Using pooled Channel '[id: 0xee5c3a95, L:/127.0.0.1:64195 - R:localhost/127.0.0.1:18432]' for 'POST' to 'http://localhost:18432/session/df6a6576b4ee226eb544544e8f0bf034/element/1a701e45-d1b9-478a-bff7-ae2f73c62e60/element'
10:50:08.487 [Forwarding findChildElement on session df6a6576b4ee226eb544544e8f0bf034 to remote] DEBUG org.asynchttpclient.netty.request.NettyRequestSender - Using open Channel [id: 0xee5c3a95, L:/127.0.0.1:64195 - R:localhost/127.0.0.1:18432] for POST '/session/df6a6576b4ee226eb544544e8f0bf034/element/1a701e45-d1b9-478a-bff7-ae2f73c62e60/element'
10:50:08.896 [AsyncHttpClient-1-1] DEBUG org.asynchttpclient.netty.channel.DefaultChannelPool - Entry count for : http://localhost:64198 : 1
10:50:09.860 [AsyncHttpClient-1-8] DEBUG org.asynchttpclient.netty.handler.HttpHandler - 

Request DefaultHttpRequest(decodeResult: success, version: HTTP/1.1)
POST /session/df6a6576b4ee226eb544544e8f0bf034/element/1a701e45-d1b9-478a-bff7-ae2f73c62e60/element HTTP/1.1
User-Agent: selenium/4.5.3 (java mac)
Content-Length: 106
Content-Type: application/json; charset=utf-8
host: localhost:18432
accept: */*

Response DefaultHttpResponse(decodeResult: success, version: HTTP/1.1)
HTTP/1.1 200 OK
Content-Length: 88
Content-Type: application/json; charset=utf-8
cache-control: no-cache

10:50:09.860 [AsyncHttpClient-1-8] DEBUG org.asynchttpclient.netty.channel.ChannelManager - Adding key: http://localhost:18432 for channel [id: 0xee5c3a95, L:/127.0.0.1:64195 - R:localhost/127.0.0.1:18432]
10:50:09.863 [Forwarding getElementText on session df6a6576b4ee226eb544544e8f0bf034 to remote] DEBUG org.asynchttpclient.netty.request.NettyRequestSender - Using pooled Channel '[id: 0xee5c3a95, L:/127.0.0.1:64195 - R:localhost/127.0.0.1:18432]' for 'GET' to 'http://localhost:18432/session/df6a6576b4ee226eb544544e8f0bf034/element/77142ac0-8aed-4794-aa44-d583b1c79ef2/text'
10:50:09.863 [Forwarding getElementText on session df6a6576b4ee226eb544544e8f0bf034 to remote] DEBUG org.asynchttpclient.netty.request.NettyRequestSender - Using open Channel [id: 0xee5c3a95, L:/127.0.0.1:64195 - R:localhost/127.0.0.1:18432] for GET '/session/df6a6576b4ee226eb544544e8f0bf034/element/77142ac0-8aed-4794-aa44-d583b1c79ef2/text'
10:50:09.998 [AsyncHttpClient-1-1] DEBUG org.asynchttpclient.netty.channel.DefaultChannelPool - Entry count for : http://localhost:64198 : 1
10:50:10.039 [AsyncHttpClient-1-8] DEBUG org.asynchttpclient.netty.handler.HttpHandler - 

Request DefaultFullHttpRequest(decodeResult: success, version: HTTP/1.1, content: EmptyByteBufBE)
GET /session/df6a6576b4ee226eb544544e8f0bf034/element/77142ac0-8aed-4794-aa44-d583b1c79ef2/text HTTP/1.1
User-Agent: selenium/4.5.3 (java mac)
Cache-Control: no-cache
Content-Type: application/json; charset=utf-8
host: localhost:18432
accept: */*

Response DefaultHttpResponse(decodeResult: success, version: HTTP/1.1)
HTTP/1.1 200 OK
Content-Length: 19
Content-Type: application/json; charset=utf-8
cache-control: no-cache

10:50:10.039 [AsyncHttpClient-1-8] DEBUG org.asynchttpclient.netty.channel.ChannelManager - Adding key: http://localhost:18432 for channel [id: 0xee5c3a95, L:/127.0.0.1:64195 - R:localhost/127.0.0.1:18432]
10:50:10.042 [Forwarding findChildElement on session df6a6576b4ee226eb544544e8f0bf034 to remote] DEBUG org.asynchttpclient.netty.request.NettyRequestSender - Using pooled Channel '[id: 0xee5c3a95, L:/127.0.0.1:64195 - R:localhost/127.0.0.1:18432]' for 'POST' to 'http://localhost:18432/session/df6a6576b4ee226eb544544e8f0bf034/element/36881fb4-d473-42f6-8f05-cc803f767dc9/element'
10:50:10.042 [Forwarding findChildElement on session df6a6576b4ee226eb544544e8f0bf034 to remote] DEBUG org.asynchttpclient.netty.request.NettyRequestSender - Using open Channel [id: 0xee5c3a95, L:/127.0.0.1:64195 - R:localhost/127.0.0.1:18432] for POST '/session/df6a6576b4ee226eb544544e8f0bf034/element/36881fb4-d473-42f6-8f05-cc803f767dc9/element'
10:50:10.156 [AsyncHttpClient-1-8] DEBUG org.asynchttpclient.netty.handler.HttpHandler - 

Request DefaultHttpRequest(decodeResult: success, version: HTTP/1.1)
POST /session/df6a6576b4ee226eb544544e8f0bf034/element/36881fb4-d473-42f6-8f05-cc803f767dc9/element HTTP/1.1
User-Agent: selenium/4.5.3 (java mac)
Content-Length: 106
Content-Type: application/json; charset=utf-8
host: localhost:18432
accept: */*

Response DefaultHttpResponse(decodeResult: success, version: HTTP/1.1)
HTTP/1.1 200 OK
Content-Length: 88
Content-Type: application/json; charset=utf-8
cache-control: no-cache

10:50:10.156 [AsyncHttpClient-1-8] DEBUG org.asynchttpclient.netty.channel.ChannelManager - Adding key: http://localhost:18432 for channel [id: 0xee5c3a95, L:/127.0.0.1:64195 - R:localhost/127.0.0.1:18432]
10:50:10.158 [Forwarding getElementText on session df6a6576b4ee226eb544544e8f0bf034 to remote] DEBUG org.asynchttpclient.netty.request.NettyRequestSender - Using pooled Channel '[id: 0xee5c3a95, L:/127.0.0.1:64195 - R:localhost/127.0.0.1:18432]' for 'GET' to 'http://localhost:18432/session/df6a6576b4ee226eb544544e8f0bf034/element/e3e71f38-4c92-4bab-996b-75fa3d6c2507/text'
10:50:10.158 [Forwarding getElementText on session df6a6576b4ee226eb544544e8f0bf034 to remote] DEBUG org.asynchttpclient.netty.request.NettyRequestSender - Using open Channel [id: 0xee5c3a95, L:/127.0.0.1:64195 - R:localhost/127.0.0.1:18432] for GET '/session/df6a6576b4ee226eb544544e8f0bf034/element/e3e71f38-4c92-4bab-996b-75fa3d6c2507/text'
10:50:10.469 [AsyncHttpClient-1-8] DEBUG org.asynchttpclient.netty.handler.HttpHandler - 

Request DefaultFullHttpRequest(decodeResult: success, version: HTTP/1.1, content: EmptyByteBufBE)
GET /session/df6a6576b4ee226eb544544e8f0bf034/element/e3e71f38-4c92-4bab-996b-75fa3d6c2507/text HTTP/1.1
User-Agent: selenium/4.5.3 (java mac)
Cache-Control: no-cache
Content-Type: application/json; charset=utf-8
host: localhost:18432
accept: */*

Response DefaultHttpResponse(decodeResult: success, version: HTTP/1.1)
HTTP/1.1 200 OK
Content-Length: 72
Content-Type: application/json; charset=utf-8
cache-control: no-cache

10:50:10.470 [AsyncHttpClient-1-8] DEBUG org.asynchttpclient.netty.channel.ChannelManager - Adding key: http://localhost:18432 for channel [id: 0xee5c3a95, L:/127.0.0.1:64195 - R:localhost/127.0.0.1:18432]
10:50:10.472 [Forwarding findChildElement on session df6a6576b4ee226eb544544e8f0bf034 to remote] DEBUG org.asynchttpclient.netty.request.NettyRequestSender - Using pooled Channel '[id: 0xee5c3a95, L:/127.0.0.1:64195 - R:localhost/127.0.0.1:18432]' for 'POST' to 'http://localhost:18432/session/df6a6576b4ee226eb544544e8f0bf034/element/36881fb4-d473-42f6-8f05-cc803f767dc9/element'
10:50:10.472 [Forwarding findChildElement on session df6a6576b4ee226eb544544e8f0bf034 to remote] DEBUG org.asynchttpclient.netty.request.NettyRequestSender - Using open Channel [id: 0xee5c3a95, L:/127.0.0.1:64195 - R:localhost/127.0.0.1:18432] for POST '/session/df6a6576b4ee226eb544544e8f0bf034/element/36881fb4-d473-42f6-8f05-cc803f767dc9/element'
10:50:10.696 [AsyncHttpClient-1-8] DEBUG org.asynchttpclient.netty.handler.HttpHandler - 

Request DefaultHttpRequest(decodeResult: success, version: HTTP/1.1)
POST /session/df6a6576b4ee226eb544544e8f0bf034/element/36881fb4-d473-42f6-8f05-cc803f767dc9/element HTTP/1.1
User-Agent: selenium/4.5.3 (java mac)
Content-Length: 106
Content-Type: application/json; charset=utf-8
host: localhost:18432
accept: */*

Response DefaultHttpResponse(decodeResult: success, version: HTTP/1.1)
HTTP/1.1 200 OK
Content-Length: 88
Content-Type: application/json; charset=utf-8
cache-control: no-cache

10:50:10.696 [AsyncHttpClient-1-8] DEBUG org.asynchttpclient.netty.channel.ChannelManager - Adding key: http://localhost:18432 for channel [id: 0xee5c3a95, L:/127.0.0.1:64195 - R:localhost/127.0.0.1:18432]
10:50:10.698 [Forwarding getElementText on session df6a6576b4ee226eb544544e8f0bf034 to remote] DEBUG org.asynchttpclient.netty.request.NettyRequestSender - Using pooled Channel '[id: 0xee5c3a95, L:/127.0.0.1:64195 - R:localhost/127.0.0.1:18432]' for 'GET' to 'http://localhost:18432/session/df6a6576b4ee226eb544544e8f0bf034/element/043ebbd7-c76d-44e1-9edf-7eafec179cf0/text'
10:50:10.698 [Forwarding getElementText on session df6a6576b4ee226eb544544e8f0bf034 to remote] DEBUG org.asynchttpclient.netty.request.NettyRequestSender - Using open Channel [id: 0xee5c3a95, L:/127.0.0.1:64195 - R:localhost/127.0.0.1:18432] for GET '/session/df6a6576b4ee226eb544544e8f0bf034/element/043ebbd7-c76d-44e1-9edf-7eafec179cf0/text'
10:50:10.960 [AsyncHttpClient-1-8] DEBUG org.asynchttpclient.netty.handler.HttpHandler - 

Request DefaultFullHttpRequest(decodeResult: success, version: HTTP/1.1, content: EmptyByteBufBE)
GET /session/df6a6576b4ee226eb544544e8f0bf034/element/043ebbd7-c76d-44e1-9edf-7eafec179cf0/text HTTP/1.1
User-Agent: selenium/4.5.3 (java mac)
Cache-Control: no-cache
Content-Type: application/json; charset=utf-8
host: localhost:18432
accept: */*

Response DefaultHttpResponse(decodeResult: success, version: HTTP/1.1)
HTTP/1.1 200 OK
Content-Length: 19
Content-Type: application/json; charset=utf-8
cache-control: no-cache

10:50:10.960 [AsyncHttpClient-1-8] DEBUG org.asynchttpclient.netty.channel.ChannelManager - Adding key: http://localhost:18432 for channel [id: 0xee5c3a95, L:/127.0.0.1:64195 - R:localhost/127.0.0.1:18432]
10:50:10.964 [Forwarding findChildElement on session df6a6576b4ee226eb544544e8f0bf034 to remote] DEBUG org.asynchttpclient.netty.request.NettyRequestSender - Using pooled Channel '[id: 0xee5c3a95, L:/127.0.0.1:64195 - R:localhost/127.0.0.1:18432]' for 'POST' to 'http://localhost:18432/session/df6a6576b4ee226eb544544e8f0bf034/element/9bf592ac-b9f4-499d-b28f-b39094a31415/element'
10:50:10.964 [Forwarding findChildElement on session df6a6576b4ee226eb544544e8f0bf034 to remote] DEBUG org.asynchttpclient.netty.request.NettyRequestSender - Using open Channel [id: 0xee5c3a95, L:/127.0.0.1:64195 - R:localhost/127.0.0.1:18432] for POST '/session/df6a6576b4ee226eb544544e8f0bf034/element/9bf592ac-b9f4-499d-b28f-b39094a31415/element'
10:50:11.099 [AsyncHttpClient-1-1] DEBUG org.asynchttpclient.netty.channel.DefaultChannelPool - Entry count for : http://localhost:64198 : 1
10:50:11.191 [AsyncHttpClient-1-8] DEBUG org.asynchttpclient.netty.handler.HttpHandler - 

Request DefaultHttpRequest(decodeResult: success, version: HTTP/1.1)
POST /session/df6a6576b4ee226eb544544e8f0bf034/element/9bf592ac-b9f4-499d-b28f-b39094a31415/element HTTP/1.1
User-Agent: selenium/4.5.3 (java mac)
Content-Length: 106
Content-Type: application/json; charset=utf-8
host: localhost:18432
accept: */*

Response DefaultHttpResponse(decodeResult: success, version: HTTP/1.1)
HTTP/1.1 200 OK
Content-Length: 88
Content-Type: application/json; charset=utf-8
cache-control: no-cache

10:50:11.191 [AsyncHttpClient-1-8] DEBUG org.asynchttpclient.netty.channel.ChannelManager - Adding key: http://localhost:18432 for channel [id: 0xee5c3a95, L:/127.0.0.1:64195 - R:localhost/127.0.0.1:18432]
10:50:11.192 [Forwarding getElementText on session df6a6576b4ee226eb544544e8f0bf034 to remote] DEBUG org.asynchttpclient.netty.request.NettyRequestSender - Using pooled Channel '[id: 0xee5c3a95, L:/127.0.0.1:64195 - R:localhost/127.0.0.1:18432]' for 'GET' to 'http://localhost:18432/session/df6a6576b4ee226eb544544e8f0bf034/element/7e58675b-1e83-420a-8a3e-bee9633415fc/text'
10:50:11.193 [Forwarding getElementText on session df6a6576b4ee226eb544544e8f0bf034 to remote] DEBUG org.asynchttpclient.netty.request.NettyRequestSender - Using open Channel [id: 0xee5c3a95, L:/127.0.0.1:64195 - R:localhost/127.0.0.1:18432] for GET '/session/df6a6576b4ee226eb544544e8f0bf034/element/7e58675b-1e83-420a-8a3e-bee9633415fc/text'
10:50:11.286 [AsyncHttpClient-1-8] DEBUG org.asynchttpclient.netty.handler.HttpHandler - 

Request DefaultFullHttpRequest(decodeResult: success, version: HTTP/1.1, content: EmptyByteBufBE)
GET /session/df6a6576b4ee226eb544544e8f0bf034/element/7e58675b-1e83-420a-8a3e-bee9633415fc/text HTTP/1.1
User-Agent: selenium/4.5.3 (java mac)
Cache-Control: no-cache
Content-Type: application/json; charset=utf-8
host: localhost:18432
accept: */*

Response DefaultHttpResponse(decodeResult: success, version: HTTP/1.1)
HTTP/1.1 200 OK
Content-Length: 79
Content-Type: application/json; charset=utf-8
cache-control: no-cache

10:50:11.287 [AsyncHttpClient-1-8] DEBUG org.asynchttpclient.netty.channel.ChannelManager - Adding key: http://localhost:18432 for channel [id: 0xee5c3a95, L:/127.0.0.1:64195 - R:localhost/127.0.0.1:18432]
10:50:11.289 [Forwarding findChildElement on session df6a6576b4ee226eb544544e8f0bf034 to remote] DEBUG org.asynchttpclient.netty.request.NettyRequestSender - Using pooled Channel '[id: 0xee5c3a95, L:/127.0.0.1:64195 - R:localhost/127.0.0.1:18432]' for 'POST' to 'http://localhost:18432/session/df6a6576b4ee226eb544544e8f0bf034/element/9bf592ac-b9f4-499d-b28f-b39094a31415/element'
10:50:11.289 [Forwarding findChildElement on session df6a6576b4ee226eb544544e8f0bf034 to remote] DEBUG org.asynchttpclient.netty.request.NettyRequestSender - Using open Channel [id: 0xee5c3a95, L:/127.0.0.1:64195 - R:localhost/127.0.0.1:18432] for POST '/session/df6a6576b4ee226eb544544e8f0bf034/element/9bf592ac-b9f4-499d-b28f-b39094a31415/element'
10:50:11.410 [AsyncHttpClient-1-8] DEBUG org.asynchttpclient.netty.handler.HttpHandler - 

Request DefaultHttpRequest(decodeResult: success, version: HTTP/1.1)
POST /session/df6a6576b4ee226eb544544e8f0bf034/element/9bf592ac-b9f4-499d-b28f-b39094a31415/element HTTP/1.1
User-Agent: selenium/4.5.3 (java mac)
Content-Length: 106
Content-Type: application/json; charset=utf-8
host: localhost:18432
accept: */*

Response DefaultHttpResponse(decodeResult: success, version: HTTP/1.1)
HTTP/1.1 200 OK
Content-Length: 88
Content-Type: application/json; charset=utf-8
cache-control: no-cache

10:50:11.410 [AsyncHttpClient-1-8] DEBUG org.asynchttpclient.netty.channel.ChannelManager - Adding key: http://localhost:18432 for channel [id: 0xee5c3a95, L:/127.0.0.1:64195 - R:localhost/127.0.0.1:18432]
10:50:11.412 [Forwarding getElementText on session df6a6576b4ee226eb544544e8f0bf034 to remote] DEBUG org.asynchttpclient.netty.request.NettyRequestSender - Using pooled Channel '[id: 0xee5c3a95, L:/127.0.0.1:64195 - R:localhost/127.0.0.1:18432]' for 'GET' to 'http://localhost:18432/session/df6a6576b4ee226eb544544e8f0bf034/element/9c933bf8-d13f-4016-b43b-ab1dd4240b02/text'
10:50:11.412 [Forwarding getElementText on session df6a6576b4ee226eb544544e8f0bf034 to remote] DEBUG org.asynchttpclient.netty.request.NettyRequestSender - Using open Channel [id: 0xee5c3a95, L:/127.0.0.1:64195 - R:localhost/127.0.0.1:18432] for GET '/session/df6a6576b4ee226eb544544e8f0bf034/element/9c933bf8-d13f-4016-b43b-ab1dd4240b02/text'
10:50:11.586 [AsyncHttpClient-1-8] DEBUG org.asynchttpclient.netty.handler.HttpHandler - 

Request DefaultFullHttpRequest(decodeResult: success, version: HTTP/1.1, content: EmptyByteBufBE)
GET /session/df6a6576b4ee226eb544544e8f0bf034/element/9c933bf8-d13f-4016-b43b-ab1dd4240b02/text HTTP/1.1
User-Agent: selenium/4.5.3 (java mac)
Cache-Control: no-cache
Content-Type: application/json; charset=utf-8
host: localhost:18432
accept: */*

Response DefaultHttpResponse(decodeResult: success, version: HTTP/1.1)
HTTP/1.1 200 OK
Content-Length: 19
Content-Type: application/json; charset=utf-8
cache-control: no-cache

10:50:11.586 [AsyncHttpClient-1-8] DEBUG org.asynchttpclient.netty.channel.ChannelManager - Adding key: http://localhost:18432 for channel [id: 0xee5c3a95, L:/127.0.0.1:64195 - R:localhost/127.0.0.1:18432]
10:50:11.589 [Forwarding findChildElement on session df6a6576b4ee226eb544544e8f0bf034 to remote] DEBUG org.asynchttpclient.netty.request.NettyRequestSender - Using pooled Channel '[id: 0xee5c3a95, L:/127.0.0.1:64195 - R:localhost/127.0.0.1:18432]' for 'POST' to 'http://localhost:18432/session/df6a6576b4ee226eb544544e8f0bf034/element/e268402d-6534-4d10-87d1-3ee0bed38d80/element'
10:50:11.589 [Forwarding findChildElement on session df6a6576b4ee226eb544544e8f0bf034 to remote] DEBUG org.asynchttpclient.netty.request.NettyRequestSender - Using open Channel [id: 0xee5c3a95, L:/127.0.0.1:64195 - R:localhost/127.0.0.1:18432] for POST '/session/df6a6576b4ee226eb544544e8f0bf034/element/e268402d-6534-4d10-87d1-3ee0bed38d80/element'
10:50:11.709 [AsyncHttpClient-1-8] DEBUG org.asynchttpclient.netty.handler.HttpHandler - 

Request DefaultHttpRequest(decodeResult: success, version: HTTP/1.1)
POST /session/df6a6576b4ee226eb544544e8f0bf034/element/e268402d-6534-4d10-87d1-3ee0bed38d80/element HTTP/1.1
User-Agent: selenium/4.5.3 (java mac)
Content-Length: 106
Content-Type: application/json; charset=utf-8
host: localhost:18432
accept: */*

Response DefaultHttpResponse(decodeResult: success, version: HTTP/1.1)
HTTP/1.1 200 OK
Content-Length: 88
Content-Type: application/json; charset=utf-8
cache-control: no-cache

10:50:11.709 [AsyncHttpClient-1-8] DEBUG org.asynchttpclient.netty.channel.ChannelManager - Adding key: http://localhost:18432 for channel [id: 0xee5c3a95, L:/127.0.0.1:64195 - R:localhost/127.0.0.1:18432]
10:50:11.711 [Forwarding getElementText on session df6a6576b4ee226eb544544e8f0bf034 to remote] DEBUG org.asynchttpclient.netty.request.NettyRequestSender - Using pooled Channel '[id: 0xee5c3a95, L:/127.0.0.1:64195 - R:localhost/127.0.0.1:18432]' for 'GET' to 'http://localhost:18432/session/df6a6576b4ee226eb544544e8f0bf034/element/fa73feb0-6666-47a4-9d48-7d740507b390/text'
10:50:11.712 [Forwarding getElementText on session df6a6576b4ee226eb544544e8f0bf034 to remote] DEBUG org.asynchttpclient.netty.request.NettyRequestSender - Using open Channel [id: 0xee5c3a95, L:/127.0.0.1:64195 - R:localhost/127.0.0.1:18432] for GET '/session/df6a6576b4ee226eb544544e8f0bf034/element/fa73feb0-6666-47a4-9d48-7d740507b390/text'
10:50:11.785 [AsyncHttpClient-1-8] DEBUG org.asynchttpclient.netty.handler.HttpHandler - 

Request DefaultFullHttpRequest(decodeResult: success, version: HTTP/1.1, content: EmptyByteBufBE)
GET /session/df6a6576b4ee226eb544544e8f0bf034/element/fa73feb0-6666-47a4-9d48-7d740507b390/text HTTP/1.1
User-Agent: selenium/4.5.3 (java mac)
Cache-Control: no-cache
Content-Type: application/json; charset=utf-8
host: localhost:18432
accept: */*

Response DefaultHttpResponse(decodeResult: success, version: HTTP/1.1)
HTTP/1.1 200 OK
Content-Length: 72
Content-Type: application/json; charset=utf-8
cache-control: no-cache

10:50:11.786 [AsyncHttpClient-1-8] DEBUG org.asynchttpclient.netty.channel.ChannelManager - Adding key: http://localhost:18432 for channel [id: 0xee5c3a95, L:/127.0.0.1:64195 - R:localhost/127.0.0.1:18432]
10:50:11.788 [Forwarding findChildElement on session df6a6576b4ee226eb544544e8f0bf034 to remote] DEBUG org.asynchttpclient.netty.request.NettyRequestSender - Using pooled Channel '[id: 0xee5c3a95, L:/127.0.0.1:64195 - R:localhost/127.0.0.1:18432]' for 'POST' to 'http://localhost:18432/session/df6a6576b4ee226eb544544e8f0bf034/element/e268402d-6534-4d10-87d1-3ee0bed38d80/element'
10:50:11.788 [Forwarding findChildElement on session df6a6576b4ee226eb544544e8f0bf034 to remote] DEBUG org.asynchttpclient.netty.request.NettyRequestSender - Using open Channel [id: 0xee5c3a95, L:/127.0.0.1:64195 - R:localhost/127.0.0.1:18432] for POST '/session/df6a6576b4ee226eb544544e8f0bf034/element/e268402d-6534-4d10-87d1-3ee0bed38d80/element'
10:50:11.805 [AsyncHttpClient-1-8] DEBUG org.asynchttpclient.netty.handler.HttpHandler - 

Request DefaultHttpRequest(decodeResult: success, version: HTTP/1.1)
POST /session/df6a6576b4ee226eb544544e8f0bf034/element/e268402d-6534-4d10-87d1-3ee0bed38d80/element HTTP/1.1
User-Agent: selenium/4.5.3 (java mac)
Content-Length: 106
Content-Type: application/json; charset=utf-8
host: localhost:18432
accept: */*

Response DefaultHttpResponse(decodeResult: success, version: HTTP/1.1)
HTTP/1.1 200 OK
Content-Length: 88
Content-Type: application/json; charset=utf-8
cache-control: no-cache

10:50:11.805 [AsyncHttpClient-1-8] DEBUG org.asynchttpclient.netty.channel.ChannelManager - Adding key: http://localhost:18432 for channel [id: 0xee5c3a95, L:/127.0.0.1:64195 - R:localhost/127.0.0.1:18432]
10:50:11.807 [Forwarding getElementText on session df6a6576b4ee226eb544544e8f0bf034 to remote] DEBUG org.asynchttpclient.netty.request.NettyRequestSender - Using pooled Channel '[id: 0xee5c3a95, L:/127.0.0.1:64195 - R:localhost/127.0.0.1:18432]' for 'GET' to 'http://localhost:18432/session/df6a6576b4ee226eb544544e8f0bf034/element/295bbf77-c602-41df-8f43-ff0b5317a781/text'
10:50:11.807 [Forwarding getElementText on session df6a6576b4ee226eb544544e8f0bf034 to remote] DEBUG org.asynchttpclient.netty.request.NettyRequestSender - Using open Channel [id: 0xee5c3a95, L:/127.0.0.1:64195 - R:localhost/127.0.0.1:18432] for GET '/session/df6a6576b4ee226eb544544e8f0bf034/element/295bbf77-c602-41df-8f43-ff0b5317a781/text'
10:50:12.070 [AsyncHttpClient-1-8] DEBUG org.asynchttpclient.netty.handler.HttpHandler - 

Request DefaultFullHttpRequest(decodeResult: success, version: HTTP/1.1, content: EmptyByteBufBE)
GET /session/df6a6576b4ee226eb544544e8f0bf034/element/295bbf77-c602-41df-8f43-ff0b5317a781/text HTTP/1.1
User-Agent: selenium/4.5.3 (java mac)
Cache-Control: no-cache
Content-Type: application/json; charset=utf-8
host: localhost:18432
accept: */*

Response DefaultHttpResponse(decodeResult: success, version: HTTP/1.1)
HTTP/1.1 200 OK
Content-Length: 19
Content-Type: application/json; charset=utf-8
cache-control: no-cache

10:50:12.071 [AsyncHttpClient-1-8] DEBUG org.asynchttpclient.netty.channel.ChannelManager - Adding key: http://localhost:18432 for channel [id: 0xee5c3a95, L:/127.0.0.1:64195 - R:localhost/127.0.0.1:18432]
10:50:12.073 [Forwarding findChildElement on session df6a6576b4ee226eb544544e8f0bf034 to remote] DEBUG org.asynchttpclient.netty.request.NettyRequestSender - Using pooled Channel '[id: 0xee5c3a95, L:/127.0.0.1:64195 - R:localhost/127.0.0.1:18432]' for 'POST' to 'http://localhost:18432/session/df6a6576b4ee226eb544544e8f0bf034/element/89bc852f-106f-4cdc-8eb3-41de7b1217ee/element'
10:50:12.074 [Forwarding findChildElement on session df6a6576b4ee226eb544544e8f0bf034 to remote] DEBUG org.asynchttpclient.netty.request.NettyRequestSender - Using open Channel [id: 0xee5c3a95, L:/127.0.0.1:64195 - R:localhost/127.0.0.1:18432] for POST '/session/df6a6576b4ee226eb544544e8f0bf034/element/89bc852f-106f-4cdc-8eb3-41de7b1217ee/element'
10:50:12.183 [AsyncHttpClient-1-8] DEBUG org.asynchttpclient.netty.handler.HttpHandler - 

Request DefaultHttpRequest(decodeResult: success, version: HTTP/1.1)
POST /session/df6a6576b4ee226eb544544e8f0bf034/element/89bc852f-106f-4cdc-8eb3-41de7b1217ee/element HTTP/1.1
User-Agent: selenium/4.5.3 (java mac)
Content-Length: 106
Content-Type: application/json; charset=utf-8
host: localhost:18432
accept: */*

Response DefaultHttpResponse(decodeResult: success, version: HTTP/1.1)
HTTP/1.1 200 OK
Content-Length: 88
Content-Type: application/json; charset=utf-8
cache-control: no-cache

10:50:12.183 [AsyncHttpClient-1-8] DEBUG org.asynchttpclient.netty.channel.ChannelManager - Adding key: http://localhost:18432 for channel [id: 0xee5c3a95, L:/127.0.0.1:64195 - R:localhost/127.0.0.1:18432]
10:50:12.185 [Forwarding getElementText on session df6a6576b4ee226eb544544e8f0bf034 to remote] DEBUG org.asynchttpclient.netty.request.NettyRequestSender - Using pooled Channel '[id: 0xee5c3a95, L:/127.0.0.1:64195 - R:localhost/127.0.0.1:18432]' for 'GET' to 'http://localhost:18432/session/df6a6576b4ee226eb544544e8f0bf034/element/23654334-07e5-42db-9d30-475223381b4d/text'
10:50:12.186 [Forwarding getElementText on session df6a6576b4ee226eb544544e8f0bf034 to remote] DEBUG org.asynchttpclient.netty.request.NettyRequestSender - Using open Channel [id: 0xee5c3a95, L:/127.0.0.1:64195 - R:localhost/127.0.0.1:18432] for GET '/session/df6a6576b4ee226eb544544e8f0bf034/element/23654334-07e5-42db-9d30-475223381b4d/text'
10:50:12.199 [AsyncHttpClient-1-1] DEBUG org.asynchttpclient.netty.channel.DefaultChannelPool - Entry count for : http://localhost:64198 : 1
10:50:12.316 [AsyncHttpClient-1-8] DEBUG org.asynchttpclient.netty.handler.HttpHandler - 

Request DefaultFullHttpRequest(decodeResult: success, version: HTTP/1.1, content: EmptyByteBufBE)
GET /session/df6a6576b4ee226eb544544e8f0bf034/element/23654334-07e5-42db-9d30-475223381b4d/text HTTP/1.1
User-Agent: selenium/4.5.3 (java mac)
Cache-Control: no-cache
Content-Type: application/json; charset=utf-8
host: localhost:18432
accept: */*

Response DefaultHttpResponse(decodeResult: success, version: HTTP/1.1)
HTTP/1.1 200 OK
Content-Length: 64
Content-Type: application/json; charset=utf-8
cache-control: no-cache

10:50:12.317 [AsyncHttpClient-1-8] DEBUG org.asynchttpclient.netty.channel.ChannelManager - Adding key: http://localhost:18432 for channel [id: 0xee5c3a95, L:/127.0.0.1:64195 - R:localhost/127.0.0.1:18432]
10:50:12.319 [Forwarding findChildElement on session df6a6576b4ee226eb544544e8f0bf034 to remote] DEBUG org.asynchttpclient.netty.request.NettyRequestSender - Using pooled Channel '[id: 0xee5c3a95, L:/127.0.0.1:64195 - R:localhost/127.0.0.1:18432]' for 'POST' to 'http://localhost:18432/session/df6a6576b4ee226eb544544e8f0bf034/element/89bc852f-106f-4cdc-8eb3-41de7b1217ee/element'
10:50:12.319 [Forwarding findChildElement on session df6a6576b4ee226eb544544e8f0bf034 to remote] DEBUG org.asynchttpclient.netty.request.NettyRequestSender - Using open Channel [id: 0xee5c3a95, L:/127.0.0.1:64195 - R:localhost/127.0.0.1:18432] for POST '/session/df6a6576b4ee226eb544544e8f0bf034/element/89bc852f-106f-4cdc-8eb3-41de7b1217ee/element'
10:50:12.396 [AsyncHttpClient-1-8] DEBUG org.asynchttpclient.netty.handler.HttpHandler - 

Request DefaultHttpRequest(decodeResult: success, version: HTTP/1.1)
POST /session/df6a6576b4ee226eb544544e8f0bf034/element/89bc852f-106f-4cdc-8eb3-41de7b1217ee/element HTTP/1.1
User-Agent: selenium/4.5.3 (java mac)
Content-Length: 106
Content-Type: application/json; charset=utf-8
host: localhost:18432
accept: */*

Response DefaultHttpResponse(decodeResult: success, version: HTTP/1.1)
HTTP/1.1 200 OK
Content-Length: 88
Content-Type: application/json; charset=utf-8
cache-control: no-cache

10:50:12.396 [AsyncHttpClient-1-8] DEBUG org.asynchttpclient.netty.channel.ChannelManager - Adding key: http://localhost:18432 for channel [id: 0xee5c3a95, L:/127.0.0.1:64195 - R:localhost/127.0.0.1:18432]
10:50:12.399 [Forwarding getElementText on session df6a6576b4ee226eb544544e8f0bf034 to remote] DEBUG org.asynchttpclient.netty.request.NettyRequestSender - Using pooled Channel '[id: 0xee5c3a95, L:/127.0.0.1:64195 - R:localhost/127.0.0.1:18432]' for 'GET' to 'http://localhost:18432/session/df6a6576b4ee226eb544544e8f0bf034/element/fc64ac5a-6514-4332-a5b9-673ef6c65e07/text'
10:50:12.399 [Forwarding getElementText on session df6a6576b4ee226eb544544e8f0bf034 to remote] DEBUG org.asynchttpclient.netty.request.NettyRequestSender - Using open Channel [id: 0xee5c3a95, L:/127.0.0.1:64195 - R:localhost/127.0.0.1:18432] for GET '/session/df6a6576b4ee226eb544544e8f0bf034/element/fc64ac5a-6514-4332-a5b9-673ef6c65e07/text'
10:50:12.485 [AsyncHttpClient-1-8] DEBUG org.asynchttpclient.netty.handler.HttpHandler - 

Request DefaultFullHttpRequest(decodeResult: success, version: HTTP/1.1, content: EmptyByteBufBE)
GET /session/df6a6576b4ee226eb544544e8f0bf034/element/fc64ac5a-6514-4332-a5b9-673ef6c65e07/text HTTP/1.1
User-Agent: selenium/4.5.3 (java mac)
Cache-Control: no-cache
Content-Type: application/json; charset=utf-8
host: localhost:18432
accept: */*

Response DefaultHttpResponse(decodeResult: success, version: HTTP/1.1)
HTTP/1.1 200 OK
Content-Length: 19
Content-Type: application/json; charset=utf-8
cache-control: no-cache

10:50:12.486 [AsyncHttpClient-1-8] DEBUG org.asynchttpclient.netty.channel.ChannelManager - Adding key: http://localhost:18432 for channel [id: 0xee5c3a95, L:/127.0.0.1:64195 - R:localhost/127.0.0.1:18432]
10:50:12.488 [Forwarding findChildElement on session df6a6576b4ee226eb544544e8f0bf034 to remote] DEBUG org.asynchttpclient.netty.request.NettyRequestSender - Using pooled Channel '[id: 0xee5c3a95, L:/127.0.0.1:64195 - R:localhost/127.0.0.1:18432]' for 'POST' to 'http://localhost:18432/session/df6a6576b4ee226eb544544e8f0bf034/element/d5a3ca38-511c-41af-8065-eb212d3fd9ad/element'
10:50:12.488 [Forwarding findChildElement on session df6a6576b4ee226eb544544e8f0bf034 to remote] DEBUG org.asynchttpclient.netty.request.NettyRequestSender - Using open Channel [id: 0xee5c3a95, L:/127.0.0.1:64195 - R:localhost/127.0.0.1:18432] for POST '/session/df6a6576b4ee226eb544544e8f0bf034/element/d5a3ca38-511c-41af-8065-eb212d3fd9ad/element'
10:50:12.636 [AsyncHttpClient-1-8] DEBUG org.asynchttpclient.netty.handler.HttpHandler - 

Request DefaultHttpRequest(decodeResult: success, version: HTTP/1.1)
POST /session/df6a6576b4ee226eb544544e8f0bf034/element/d5a3ca38-511c-41af-8065-eb212d3fd9ad/element HTTP/1.1
User-Agent: selenium/4.5.3 (java mac)
Content-Length: 106
Content-Type: application/json; charset=utf-8
host: localhost:18432
accept: */*

Response DefaultHttpResponse(decodeResult: success, version: HTTP/1.1)
HTTP/1.1 200 OK
Content-Length: 88
Content-Type: application/json; charset=utf-8
cache-control: no-cache

10:50:12.636 [AsyncHttpClient-1-8] DEBUG org.asynchttpclient.netty.channel.ChannelManager - Adding key: http://localhost:18432 for channel [id: 0xee5c3a95, L:/127.0.0.1:64195 - R:localhost/127.0.0.1:18432]
10:50:12.638 [Forwarding getElementText on session df6a6576b4ee226eb544544e8f0bf034 to remote] DEBUG org.asynchttpclient.netty.request.NettyRequestSender - Using pooled Channel '[id: 0xee5c3a95, L:/127.0.0.1:64195 - R:localhost/127.0.0.1:18432]' for 'GET' to 'http://localhost:18432/session/df6a6576b4ee226eb544544e8f0bf034/element/95612108-3fef-4854-a8f8-fc4ccb87cad2/text'
10:50:12.638 [Forwarding getElementText on session df6a6576b4ee226eb544544e8f0bf034 to remote] DEBUG org.asynchttpclient.netty.request.NettyRequestSender - Using open Channel [id: 0xee5c3a95, L:/127.0.0.1:64195 - R:localhost/127.0.0.1:18432] for GET '/session/df6a6576b4ee226eb544544e8f0bf034/element/95612108-3fef-4854-a8f8-fc4ccb87cad2/text'
10:50:12.775 [AsyncHttpClient-1-8] DEBUG org.asynchttpclient.netty.handler.HttpHandler - 

Request DefaultFullHttpRequest(decodeResult: success, version: HTTP/1.1, content: EmptyByteBufBE)
GET /session/df6a6576b4ee226eb544544e8f0bf034/element/95612108-3fef-4854-a8f8-fc4ccb87cad2/text HTTP/1.1
User-Agent: selenium/4.5.3 (java mac)
Cache-Control: no-cache
Content-Type: application/json; charset=utf-8
host: localhost:18432
accept: */*

Response DefaultHttpResponse(decodeResult: success, version: HTTP/1.1)
HTTP/1.1 200 OK
Content-Length: 91
Content-Type: application/json; charset=utf-8
cache-control: no-cache

10:50:12.775 [AsyncHttpClient-1-8] DEBUG org.asynchttpclient.netty.channel.ChannelManager - Adding key: http://localhost:18432 for channel [id: 0xee5c3a95, L:/127.0.0.1:64195 - R:localhost/127.0.0.1:18432]
10:50:12.777 [Forwarding findChildElement on session df6a6576b4ee226eb544544e8f0bf034 to remote] DEBUG org.asynchttpclient.netty.request.NettyRequestSender - Using pooled Channel '[id: 0xee5c3a95, L:/127.0.0.1:64195 - R:localhost/127.0.0.1:18432]' for 'POST' to 'http://localhost:18432/session/df6a6576b4ee226eb544544e8f0bf034/element/d5a3ca38-511c-41af-8065-eb212d3fd9ad/element'
10:50:12.777 [Forwarding findChildElement on session df6a6576b4ee226eb544544e8f0bf034 to remote] DEBUG org.asynchttpclient.netty.request.NettyRequestSender - Using open Channel [id: 0xee5c3a95, L:/127.0.0.1:64195 - R:localhost/127.0.0.1:18432] for POST '/session/df6a6576b4ee226eb544544e8f0bf034/element/d5a3ca38-511c-41af-8065-eb212d3fd9ad/element'
10:50:12.874 [AsyncHttpClient-1-8] DEBUG org.asynchttpclient.netty.handler.HttpHandler - 

Request DefaultHttpRequest(decodeResult: success, version: HTTP/1.1)
POST /session/df6a6576b4ee226eb544544e8f0bf034/element/d5a3ca38-511c-41af-8065-eb212d3fd9ad/element HTTP/1.1
User-Agent: selenium/4.5.3 (java mac)
Content-Length: 106
Content-Type: application/json; charset=utf-8
host: localhost:18432
accept: */*

Response DefaultHttpResponse(decodeResult: success, version: HTTP/1.1)
HTTP/1.1 200 OK
Content-Length: 88
Content-Type: application/json; charset=utf-8
cache-control: no-cache

10:50:12.874 [AsyncHttpClient-1-8] DEBUG org.asynchttpclient.netty.channel.ChannelManager - Adding key: http://localhost:18432 for channel [id: 0xee5c3a95, L:/127.0.0.1:64195 - R:localhost/127.0.0.1:18432]
10:50:12.876 [Forwarding getElementText on session df6a6576b4ee226eb544544e8f0bf034 to remote] DEBUG org.asynchttpclient.netty.request.NettyRequestSender - Using pooled Channel '[id: 0xee5c3a95, L:/127.0.0.1:64195 - R:localhost/127.0.0.1:18432]' for 'GET' to 'http://localhost:18432/session/df6a6576b4ee226eb544544e8f0bf034/element/9144a728-4a47-4ba3-a65e-93c72e69a75e/text'
10:50:12.876 [Forwarding getElementText on session df6a6576b4ee226eb544544e8f0bf034 to remote] DEBUG org.asynchttpclient.netty.request.NettyRequestSender - Using open Channel [id: 0xee5c3a95, L:/127.0.0.1:64195 - R:localhost/127.0.0.1:18432] for GET '/session/df6a6576b4ee226eb544544e8f0bf034/element/9144a728-4a47-4ba3-a65e-93c72e69a75e/text'
10:50:12.937 [AsyncHttpClient-1-8] DEBUG org.asynchttpclient.netty.handler.HttpHandler - 

Request DefaultFullHttpRequest(decodeResult: success, version: HTTP/1.1, content: EmptyByteBufBE)
GET /session/df6a6576b4ee226eb544544e8f0bf034/element/9144a728-4a47-4ba3-a65e-93c72e69a75e/text HTTP/1.1
User-Agent: selenium/4.5.3 (java mac)
Cache-Control: no-cache
Content-Type: application/json; charset=utf-8
host: localhost:18432
accept: */*

Response DefaultHttpResponse(decodeResult: success, version: HTTP/1.1)
HTTP/1.1 200 OK
Content-Length: 19
Content-Type: application/json; charset=utf-8
cache-control: no-cache

10:50:12.937 [AsyncHttpClient-1-8] DEBUG org.asynchttpclient.netty.channel.ChannelManager - Adding key: http://localhost:18432 for channel [id: 0xee5c3a95, L:/127.0.0.1:64195 - R:localhost/127.0.0.1:18432]
10:50:12.940 [Forwarding findChildElement on session df6a6576b4ee226eb544544e8f0bf034 to remote] DEBUG org.asynchttpclient.netty.request.NettyRequestSender - Using pooled Channel '[id: 0xee5c3a95, L:/127.0.0.1:64195 - R:localhost/127.0.0.1:18432]' for 'POST' to 'http://localhost:18432/session/df6a6576b4ee226eb544544e8f0bf034/element/1c48f39b-833a-474b-9a3a-14b052ddef54/element'
10:50:12.940 [Forwarding findChildElement on session df6a6576b4ee226eb544544e8f0bf034 to remote] DEBUG org.asynchttpclient.netty.request.NettyRequestSender - Using open Channel [id: 0xee5c3a95, L:/127.0.0.1:64195 - R:localhost/127.0.0.1:18432] for POST '/session/df6a6576b4ee226eb544544e8f0bf034/element/1c48f39b-833a-474b-9a3a-14b052ddef54/element'
10:50:13.081 [AsyncHttpClient-1-8] DEBUG org.asynchttpclient.netty.handler.HttpHandler - 

Request DefaultHttpRequest(decodeResult: success, version: HTTP/1.1)
POST /session/df6a6576b4ee226eb544544e8f0bf034/element/1c48f39b-833a-474b-9a3a-14b052ddef54/element HTTP/1.1
User-Agent: selenium/4.5.3 (java mac)
Content-Length: 106
Content-Type: application/json; charset=utf-8
host: localhost:18432
accept: */*

Response DefaultHttpResponse(decodeResult: success, version: HTTP/1.1)
HTTP/1.1 200 OK
Content-Length: 88
Content-Type: application/json; charset=utf-8
cache-control: no-cache

10:50:13.082 [AsyncHttpClient-1-8] DEBUG org.asynchttpclient.netty.channel.ChannelManager - Adding key: http://localhost:18432 for channel [id: 0xee5c3a95, L:/127.0.0.1:64195 - R:localhost/127.0.0.1:18432]
10:50:13.083 [Forwarding getElementText on session df6a6576b4ee226eb544544e8f0bf034 to remote] DEBUG org.asynchttpclient.netty.request.NettyRequestSender - Using pooled Channel '[id: 0xee5c3a95, L:/127.0.0.1:64195 - R:localhost/127.0.0.1:18432]' for 'GET' to 'http://localhost:18432/session/df6a6576b4ee226eb544544e8f0bf034/element/4084ccce-a57d-4860-a8b4-ad00a4422d55/text'
10:50:13.083 [Forwarding getElementText on session df6a6576b4ee226eb544544e8f0bf034 to remote] DEBUG org.asynchttpclient.netty.request.NettyRequestSender - Using open Channel [id: 0xee5c3a95, L:/127.0.0.1:64195 - R:localhost/127.0.0.1:18432] for GET '/session/df6a6576b4ee226eb544544e8f0bf034/element/4084ccce-a57d-4860-a8b4-ad00a4422d55/text'
10:50:13.222 [AsyncHttpClient-1-8] DEBUG org.asynchttpclient.netty.handler.HttpHandler - 

Request DefaultFullHttpRequest(decodeResult: success, version: HTTP/1.1, content: EmptyByteBufBE)
GET /session/df6a6576b4ee226eb544544e8f0bf034/element/4084ccce-a57d-4860-a8b4-ad00a4422d55/text HTTP/1.1
User-Agent: selenium/4.5.3 (java mac)
Cache-Control: no-cache
Content-Type: application/json; charset=utf-8
host: localhost:18432
accept: */*

Response DefaultHttpResponse(decodeResult: success, version: HTTP/1.1)
HTTP/1.1 200 OK
Content-Length: 71
Content-Type: application/json; charset=utf-8
cache-control: no-cache

10:50:13.222 [AsyncHttpClient-1-8] DEBUG org.asynchttpclient.netty.channel.ChannelManager - Adding key: http://localhost:18432 for channel [id: 0xee5c3a95, L:/127.0.0.1:64195 - R:localhost/127.0.0.1:18432]
10:50:13.224 [Forwarding findChildElement on session df6a6576b4ee226eb544544e8f0bf034 to remote] DEBUG org.asynchttpclient.netty.request.NettyRequestSender - Using pooled Channel '[id: 0xee5c3a95, L:/127.0.0.1:64195 - R:localhost/127.0.0.1:18432]' for 'POST' to 'http://localhost:18432/session/df6a6576b4ee226eb544544e8f0bf034/element/1c48f39b-833a-474b-9a3a-14b052ddef54/element'
10:50:13.224 [Forwarding findChildElement on session df6a6576b4ee226eb544544e8f0bf034 to remote] DEBUG org.asynchttpclient.netty.request.NettyRequestSender - Using open Channel [id: 0xee5c3a95, L:/127.0.0.1:64195 - R:localhost/127.0.0.1:18432] for POST '/session/df6a6576b4ee226eb544544e8f0bf034/element/1c48f39b-833a-474b-9a3a-14b052ddef54/element'
10:50:13.298 [AsyncHttpClient-1-1] DEBUG org.asynchttpclient.netty.channel.DefaultChannelPool - Entry count for : http://localhost:64198 : 1
10:50:13.420 [AsyncHttpClient-1-8] DEBUG org.asynchttpclient.netty.handler.HttpHandler - 

Request DefaultHttpRequest(decodeResult: success, version: HTTP/1.1)
POST /session/df6a6576b4ee226eb544544e8f0bf034/element/1c48f39b-833a-474b-9a3a-14b052ddef54/element HTTP/1.1
User-Agent: selenium/4.5.3 (java mac)
Content-Length: 106
Content-Type: application/json; charset=utf-8
host: localhost:18432
accept: */*

Response DefaultHttpResponse(decodeResult: success, version: HTTP/1.1)
HTTP/1.1 200 OK
Content-Length: 88
Content-Type: application/json; charset=utf-8
cache-control: no-cache

10:50:13.420 [AsyncHttpClient-1-8] DEBUG org.asynchttpclient.netty.channel.ChannelManager - Adding key: http://localhost:18432 for channel [id: 0xee5c3a95, L:/127.0.0.1:64195 - R:localhost/127.0.0.1:18432]
10:50:13.422 [Forwarding getElementText on session df6a6576b4ee226eb544544e8f0bf034 to remote] DEBUG org.asynchttpclient.netty.request.NettyRequestSender - Using pooled Channel '[id: 0xee5c3a95, L:/127.0.0.1:64195 - R:localhost/127.0.0.1:18432]' for 'GET' to 'http://localhost:18432/session/df6a6576b4ee226eb544544e8f0bf034/element/25070c41-d01d-40a0-95af-b128ceb356be/text'
10:50:13.422 [Forwarding getElementText on session df6a6576b4ee226eb544544e8f0bf034 to remote] DEBUG org.asynchttpclient.netty.request.NettyRequestSender - Using open Channel [id: 0xee5c3a95, L:/127.0.0.1:64195 - R:localhost/127.0.0.1:18432] for GET '/session/df6a6576b4ee226eb544544e8f0bf034/element/25070c41-d01d-40a0-95af-b128ceb356be/text'
10:50:13.468 [AsyncHttpClient-1-8] DEBUG org.asynchttpclient.netty.handler.HttpHandler - 

Request DefaultFullHttpRequest(decodeResult: success, version: HTTP/1.1, content: EmptyByteBufBE)
GET /session/df6a6576b4ee226eb544544e8f0bf034/element/25070c41-d01d-40a0-95af-b128ceb356be/text HTTP/1.1
User-Agent: selenium/4.5.3 (java mac)
Cache-Control: no-cache
Content-Type: application/json; charset=utf-8
host: localhost:18432
accept: */*

Response DefaultHttpResponse(decodeResult: success, version: HTTP/1.1)
HTTP/1.1 200 OK
Content-Length: 19
Content-Type: application/json; charset=utf-8
cache-control: no-cache

10:50:13.469 [AsyncHttpClient-1-8] DEBUG org.asynchttpclient.netty.channel.ChannelManager - Adding key: http://localhost:18432 for channel [id: 0xee5c3a95, L:/127.0.0.1:64195 - R:localhost/127.0.0.1:18432]
10:50:13.471 [Forwarding findChildElement on session df6a6576b4ee226eb544544e8f0bf034 to remote] DEBUG org.asynchttpclient.netty.request.NettyRequestSender - Using pooled Channel '[id: 0xee5c3a95, L:/127.0.0.1:64195 - R:localhost/127.0.0.1:18432]' for 'POST' to 'http://localhost:18432/session/df6a6576b4ee226eb544544e8f0bf034/element/e9eeecef-b3ec-49e7-a6f5-8be6e2fa88a9/element'
10:50:13.471 [Forwarding findChildElement on session df6a6576b4ee226eb544544e8f0bf034 to remote] DEBUG org.asynchttpclient.netty.request.NettyRequestSender - Using open Channel [id: 0xee5c3a95, L:/127.0.0.1:64195 - R:localhost/127.0.0.1:18432] for POST '/session/df6a6576b4ee226eb544544e8f0bf034/element/e9eeecef-b3ec-49e7-a6f5-8be6e2fa88a9/element'
10:50:13.520 [AsyncHttpClient-1-8] DEBUG org.asynchttpclient.netty.handler.HttpHandler - 

Request DefaultHttpRequest(decodeResult: success, version: HTTP/1.1)
POST /session/df6a6576b4ee226eb544544e8f0bf034/element/e9eeecef-b3ec-49e7-a6f5-8be6e2fa88a9/element HTTP/1.1
User-Agent: selenium/4.5.3 (java mac)
Content-Length: 106
Content-Type: application/json; charset=utf-8
host: localhost:18432
accept: */*

Response DefaultHttpResponse(decodeResult: success, version: HTTP/1.1)
HTTP/1.1 200 OK
Content-Length: 88
Content-Type: application/json; charset=utf-8
cache-control: no-cache

10:50:13.520 [AsyncHttpClient-1-8] DEBUG org.asynchttpclient.netty.channel.ChannelManager - Adding key: http://localhost:18432 for channel [id: 0xee5c3a95, L:/127.0.0.1:64195 - R:localhost/127.0.0.1:18432]
10:50:13.521 [Forwarding getElementText on session df6a6576b4ee226eb544544e8f0bf034 to remote] DEBUG org.asynchttpclient.netty.request.NettyRequestSender - Using pooled Channel '[id: 0xee5c3a95, L:/127.0.0.1:64195 - R:localhost/127.0.0.1:18432]' for 'GET' to 'http://localhost:18432/session/df6a6576b4ee226eb544544e8f0bf034/element/2a987112-b81d-4dd8-ac3e-313323d31108/text'
10:50:13.522 [Forwarding getElementText on session df6a6576b4ee226eb544544e8f0bf034 to remote] DEBUG org.asynchttpclient.netty.request.NettyRequestSender - Using open Channel [id: 0xee5c3a95, L:/127.0.0.1:64195 - R:localhost/127.0.0.1:18432] for GET '/session/df6a6576b4ee226eb544544e8f0bf034/element/2a987112-b81d-4dd8-ac3e-313323d31108/text'
10:50:13.756 [AsyncHttpClient-1-8] DEBUG org.asynchttpclient.netty.handler.HttpHandler - 

Request DefaultFullHttpRequest(decodeResult: success, version: HTTP/1.1, content: EmptyByteBufBE)
GET /session/df6a6576b4ee226eb544544e8f0bf034/element/2a987112-b81d-4dd8-ac3e-313323d31108/text HTTP/1.1
User-Agent: selenium/4.5.3 (java mac)
Cache-Control: no-cache
Content-Type: application/json; charset=utf-8
host: localhost:18432
accept: */*

Response DefaultHttpResponse(decodeResult: success, version: HTTP/1.1)
HTTP/1.1 200 OK
Content-Length: 88
Content-Type: application/json; charset=utf-8
cache-control: no-cache

10:50:13.756 [AsyncHttpClient-1-8] DEBUG org.asynchttpclient.netty.channel.ChannelManager - Adding key: http://localhost:18432 for channel [id: 0xee5c3a95, L:/127.0.0.1:64195 - R:localhost/127.0.0.1:18432]
10:50:13.760 [Forwarding findChildElement on session df6a6576b4ee226eb544544e8f0bf034 to remote] DEBUG org.asynchttpclient.netty.request.NettyRequestSender - Using pooled Channel '[id: 0xee5c3a95, L:/127.0.0.1:64195 - R:localhost/127.0.0.1:18432]' for 'POST' to 'http://localhost:18432/session/df6a6576b4ee226eb544544e8f0bf034/element/e9eeecef-b3ec-49e7-a6f5-8be6e2fa88a9/element'
10:50:13.760 [Forwarding findChildElement on session df6a6576b4ee226eb544544e8f0bf034 to remote] DEBUG org.asynchttpclient.netty.request.NettyRequestSender - Using open Channel [id: 0xee5c3a95, L:/127.0.0.1:64195 - R:localhost/127.0.0.1:18432] for POST '/session/df6a6576b4ee226eb544544e8f0bf034/element/e9eeecef-b3ec-49e7-a6f5-8be6e2fa88a9/element'
10:50:14.170 [AsyncHttpClient-1-8] DEBUG org.asynchttpclient.netty.handler.HttpHandler - 

Request DefaultHttpRequest(decodeResult: success, version: HTTP/1.1)
POST /session/df6a6576b4ee226eb544544e8f0bf034/element/e9eeecef-b3ec-49e7-a6f5-8be6e2fa88a9/element HTTP/1.1
User-Agent: selenium/4.5.3 (java mac)
Content-Length: 106
Content-Type: application/json; charset=utf-8
host: localhost:18432
accept: */*

Response DefaultHttpResponse(decodeResult: success, version: HTTP/1.1)
HTTP/1.1 200 OK
Content-Length: 88
Content-Type: application/json; charset=utf-8
cache-control: no-cache

10:50:14.170 [AsyncHttpClient-1-8] DEBUG org.asynchttpclient.netty.channel.ChannelManager - Adding key: http://localhost:18432 for channel [id: 0xee5c3a95, L:/127.0.0.1:64195 - R:localhost/127.0.0.1:18432]
10:50:14.173 [Forwarding getElementText on session df6a6576b4ee226eb544544e8f0bf034 to remote] DEBUG org.asynchttpclient.netty.request.NettyRequestSender - Using pooled Channel '[id: 0xee5c3a95, L:/127.0.0.1:64195 - R:localhost/127.0.0.1:18432]' for 'GET' to 'http://localhost:18432/session/df6a6576b4ee226eb544544e8f0bf034/element/fed8463f-ac7d-49b9-bb3f-e44ee15fac3c/text'
10:50:14.173 [Forwarding getElementText on session df6a6576b4ee226eb544544e8f0bf034 to remote] DEBUG org.asynchttpclient.netty.request.NettyRequestSender - Using open Channel [id: 0xee5c3a95, L:/127.0.0.1:64195 - R:localhost/127.0.0.1:18432] for GET '/session/df6a6576b4ee226eb544544e8f0bf034/element/fed8463f-ac7d-49b9-bb3f-e44ee15fac3c/text'
10:50:14.399 [AsyncHttpClient-1-1] DEBUG org.asynchttpclient.netty.channel.DefaultChannelPool - Entry count for : http://localhost:64198 : 1
10:50:14.399 [AsyncHttpClient-1-1] DEBUG org.asynchttpclient.netty.channel.DefaultChannelPool - Adding Candidate expired Channel [id: 0x97e9beb1, L:/127.0.0.1:64244 - R:localhost/127.0.0.1:64198] isIdleTimeoutExpired=true isRemotelyClosed=false isTtlExpired=false
10:50:14.399 [AsyncHttpClient-1-1] DEBUG org.asynchttpclient.netty.channel.DefaultChannelPool - Closing Idle Channel [id: 0x97e9beb1, L:/127.0.0.1:64244 - R:localhost/127.0.0.1:64198]
10:50:14.400 [AsyncHttpClient-1-1] DEBUG org.asynchttpclient.netty.channel.DefaultChannelPool - Closed 1 connections out of 1 in 1 ms
10:50:14.400 [AsyncHttpClient-1-9] DEBUG org.asynchttpclient.netty.handler.HttpHandler - Channel Closed: [id: 0x97e9beb1, L:/127.0.0.1:64244 ! R:localhost/127.0.0.1:64198] with attribute DISCARD
10:50:14.404 [AsyncHttpClient-1-8] DEBUG org.asynchttpclient.netty.handler.HttpHandler - 

Request DefaultFullHttpRequest(decodeResult: success, version: HTTP/1.1, content: EmptyByteBufBE)
GET /session/df6a6576b4ee226eb544544e8f0bf034/element/fed8463f-ac7d-49b9-bb3f-e44ee15fac3c/text HTTP/1.1
User-Agent: selenium/4.5.3 (java mac)
Cache-Control: no-cache
Content-Type: application/json; charset=utf-8
host: localhost:18432
accept: */*

Response DefaultHttpResponse(decodeResult: success, version: HTTP/1.1)
HTTP/1.1 200 OK
Content-Length: 19
Content-Type: application/json; charset=utf-8
cache-control: no-cache

10:50:14.404 [AsyncHttpClient-1-8] DEBUG org.asynchttpclient.netty.channel.ChannelManager - Adding key: http://localhost:18432 for channel [id: 0xee5c3a95, L:/127.0.0.1:64195 - R:localhost/127.0.0.1:18432]
10:50:14.406 [Forwarding findChildElement on session df6a6576b4ee226eb544544e8f0bf034 to remote] DEBUG org.asynchttpclient.netty.request.NettyRequestSender - Using pooled Channel '[id: 0xee5c3a95, L:/127.0.0.1:64195 - R:localhost/127.0.0.1:18432]' for 'POST' to 'http://localhost:18432/session/df6a6576b4ee226eb544544e8f0bf034/element/a0858a6a-f5a0-47e8-bb86-e683fc509c56/element'
10:50:14.406 [Forwarding findChildElement on session df6a6576b4ee226eb544544e8f0bf034 to remote] DEBUG org.asynchttpclient.netty.request.NettyRequestSender - Using open Channel [id: 0xee5c3a95, L:/127.0.0.1:64195 - R:localhost/127.0.0.1:18432] for POST '/session/df6a6576b4ee226eb544544e8f0bf034/element/a0858a6a-f5a0-47e8-bb86-e683fc509c56/element'
10:50:14.575 [AsyncHttpClient-1-8] DEBUG org.asynchttpclient.netty.handler.HttpHandler - 

Request DefaultHttpRequest(decodeResult: success, version: HTTP/1.1)
POST /session/df6a6576b4ee226eb544544e8f0bf034/element/a0858a6a-f5a0-47e8-bb86-e683fc509c56/element HTTP/1.1
User-Agent: selenium/4.5.3 (java mac)
Content-Length: 106
Content-Type: application/json; charset=utf-8
host: localhost:18432
accept: */*

Response DefaultHttpResponse(decodeResult: success, version: HTTP/1.1)
HTTP/1.1 200 OK
Content-Length: 88
Content-Type: application/json; charset=utf-8
cache-control: no-cache

10:50:14.576 [AsyncHttpClient-1-8] DEBUG org.asynchttpclient.netty.channel.ChannelManager - Adding key: http://localhost:18432 for channel [id: 0xee5c3a95, L:/127.0.0.1:64195 - R:localhost/127.0.0.1:18432]
10:50:14.577 [Forwarding getElementText on session df6a6576b4ee226eb544544e8f0bf034 to remote] DEBUG org.asynchttpclient.netty.request.NettyRequestSender - Using pooled Channel '[id: 0xee5c3a95, L:/127.0.0.1:64195 - R:localhost/127.0.0.1:18432]' for 'GET' to 'http://localhost:18432/session/df6a6576b4ee226eb544544e8f0bf034/element/78f4c076-61fd-4347-b20d-f18c3dee8b51/text'
10:50:14.578 [Forwarding getElementText on session df6a6576b4ee226eb544544e8f0bf034 to remote] DEBUG org.asynchttpclient.netty.request.NettyRequestSender - Using open Channel [id: 0xee5c3a95, L:/127.0.0.1:64195 - R:localhost/127.0.0.1:18432] for GET '/session/df6a6576b4ee226eb544544e8f0bf034/element/78f4c076-61fd-4347-b20d-f18c3dee8b51/text'
10:50:14.765 [AsyncHttpClient-1-8] DEBUG org.asynchttpclient.netty.handler.HttpHandler - 

Request DefaultFullHttpRequest(decodeResult: success, version: HTTP/1.1, content: EmptyByteBufBE)
GET /session/df6a6576b4ee226eb544544e8f0bf034/element/78f4c076-61fd-4347-b20d-f18c3dee8b51/text HTTP/1.1
User-Agent: selenium/4.5.3 (java mac)
Cache-Control: no-cache
Content-Type: application/json; charset=utf-8
host: localhost:18432
accept: */*

Response DefaultHttpResponse(decodeResult: success, version: HTTP/1.1)
HTTP/1.1 200 OK
Content-Length: 59
Content-Type: application/json; charset=utf-8
cache-control: no-cache

10:50:14.765 [AsyncHttpClient-1-8] DEBUG org.asynchttpclient.netty.channel.ChannelManager - Adding key: http://localhost:18432 for channel [id: 0xee5c3a95, L:/127.0.0.1:64195 - R:localhost/127.0.0.1:18432]
10:50:14.768 [Forwarding findChildElement on session df6a6576b4ee226eb544544e8f0bf034 to remote] DEBUG org.asynchttpclient.netty.request.NettyRequestSender - Using pooled Channel '[id: 0xee5c3a95, L:/127.0.0.1:64195 - R:localhost/127.0.0.1:18432]' for 'POST' to 'http://localhost:18432/session/df6a6576b4ee226eb544544e8f0bf034/element/a0858a6a-f5a0-47e8-bb86-e683fc509c56/element'
10:50:14.768 [Forwarding findChildElement on session df6a6576b4ee226eb544544e8f0bf034 to remote] DEBUG org.asynchttpclient.netty.request.NettyRequestSender - Using open Channel [id: 0xee5c3a95, L:/127.0.0.1:64195 - R:localhost/127.0.0.1:18432] for POST '/session/df6a6576b4ee226eb544544e8f0bf034/element/a0858a6a-f5a0-47e8-bb86-e683fc509c56/element'
10:50:14.966 [AsyncHttpClient-1-8] DEBUG org.asynchttpclient.netty.handler.HttpHandler - 

Request DefaultHttpRequest(decodeResult: success, version: HTTP/1.1)
POST /session/df6a6576b4ee226eb544544e8f0bf034/element/a0858a6a-f5a0-47e8-bb86-e683fc509c56/element HTTP/1.1
User-Agent: selenium/4.5.3 (java mac)
Content-Length: 106
Content-Type: application/json; charset=utf-8
host: localhost:18432
accept: */*

Response DefaultHttpResponse(decodeResult: success, version: HTTP/1.1)
HTTP/1.1 200 OK
Content-Length: 88
Content-Type: application/json; charset=utf-8
cache-control: no-cache

10:50:14.967 [AsyncHttpClient-1-8] DEBUG org.asynchttpclient.netty.channel.ChannelManager - Adding key: http://localhost:18432 for channel [id: 0xee5c3a95, L:/127.0.0.1:64195 - R:localhost/127.0.0.1:18432]
10:50:14.968 [Forwarding getElementText on session df6a6576b4ee226eb544544e8f0bf034 to remote] DEBUG org.asynchttpclient.netty.request.NettyRequestSender - Using pooled Channel '[id: 0xee5c3a95, L:/127.0.0.1:64195 - R:localhost/127.0.0.1:18432]' for 'GET' to 'http://localhost:18432/session/df6a6576b4ee226eb544544e8f0bf034/element/3e3988bd-d0e9-4493-a468-3b387fdc110f/text'
10:50:14.969 [Forwarding getElementText on session df6a6576b4ee226eb544544e8f0bf034 to remote] DEBUG org.asynchttpclient.netty.request.NettyRequestSender - Using open Channel [id: 0xee5c3a95, L:/127.0.0.1:64195 - R:localhost/127.0.0.1:18432] for GET '/session/df6a6576b4ee226eb544544e8f0bf034/element/3e3988bd-d0e9-4493-a468-3b387fdc110f/text'
10:50:14.990 [AsyncHttpClient-1-8] DEBUG org.asynchttpclient.netty.handler.HttpHandler - 

Request DefaultFullHttpRequest(decodeResult: success, version: HTTP/1.1, content: EmptyByteBufBE)
GET /session/df6a6576b4ee226eb544544e8f0bf034/element/3e3988bd-d0e9-4493-a468-3b387fdc110f/text HTTP/1.1
User-Agent: selenium/4.5.3 (java mac)
Cache-Control: no-cache
Content-Type: application/json; charset=utf-8
host: localhost:18432
accept: */*

Response DefaultHttpResponse(decodeResult: success, version: HTTP/1.1)
HTTP/1.1 200 OK
Content-Length: 19
Content-Type: application/json; charset=utf-8
cache-control: no-cache

10:50:14.990 [AsyncHttpClient-1-8] DEBUG org.asynchttpclient.netty.channel.ChannelManager - Adding key: http://localhost:18432 for channel [id: 0xee5c3a95, L:/127.0.0.1:64195 - R:localhost/127.0.0.1:18432]
10:50:14.994 [Forwarding findChildElement on session df6a6576b4ee226eb544544e8f0bf034 to remote] DEBUG org.asynchttpclient.netty.request.NettyRequestSender - Using pooled Channel '[id: 0xee5c3a95, L:/127.0.0.1:64195 - R:localhost/127.0.0.1:18432]' for 'POST' to 'http://localhost:18432/session/df6a6576b4ee226eb544544e8f0bf034/element/13a21738-af08-41af-8bd0-1b9654c2d705/element'
10:50:14.994 [Forwarding findChildElement on session df6a6576b4ee226eb544544e8f0bf034 to remote] DEBUG org.asynchttpclient.netty.request.NettyRequestSender - Using open Channel [id: 0xee5c3a95, L:/127.0.0.1:64195 - R:localhost/127.0.0.1:18432] for POST '/session/df6a6576b4ee226eb544544e8f0bf034/element/13a21738-af08-41af-8bd0-1b9654c2d705/element'
10:50:15.376 [AsyncHttpClient-1-8] DEBUG org.asynchttpclient.netty.handler.HttpHandler - 

Request DefaultHttpRequest(decodeResult: success, version: HTTP/1.1)
POST /session/df6a6576b4ee226eb544544e8f0bf034/element/13a21738-af08-41af-8bd0-1b9654c2d705/element HTTP/1.1
User-Agent: selenium/4.5.3 (java mac)
Content-Length: 106
Content-Type: application/json; charset=utf-8
host: localhost:18432
accept: */*

Response DefaultHttpResponse(decodeResult: success, version: HTTP/1.1)
HTTP/1.1 200 OK
Content-Length: 88
Content-Type: application/json; charset=utf-8
cache-control: no-cache

10:50:15.376 [AsyncHttpClient-1-8] DEBUG org.asynchttpclient.netty.channel.ChannelManager - Adding key: http://localhost:18432 for channel [id: 0xee5c3a95, L:/127.0.0.1:64195 - R:localhost/127.0.0.1:18432]
10:50:15.378 [Forwarding getElementText on session df6a6576b4ee226eb544544e8f0bf034 to remote] DEBUG org.asynchttpclient.netty.request.NettyRequestSender - Using pooled Channel '[id: 0xee5c3a95, L:/127.0.0.1:64195 - R:localhost/127.0.0.1:18432]' for 'GET' to 'http://localhost:18432/session/df6a6576b4ee226eb544544e8f0bf034/element/1c9268ea-b313-4b74-8bf1-47d94966c644/text'
10:50:15.379 [Forwarding getElementText on session df6a6576b4ee226eb544544e8f0bf034 to remote] DEBUG org.asynchttpclient.netty.request.NettyRequestSender - Using open Channel [id: 0xee5c3a95, L:/127.0.0.1:64195 - R:localhost/127.0.0.1:18432] for GET '/session/df6a6576b4ee226eb544544e8f0bf034/element/1c9268ea-b313-4b74-8bf1-47d94966c644/text'
10:50:15.581 [AsyncHttpClient-1-8] DEBUG org.asynchttpclient.netty.handler.HttpHandler - 

Request DefaultFullHttpRequest(decodeResult: success, version: HTTP/1.1, content: EmptyByteBufBE)
GET /session/df6a6576b4ee226eb544544e8f0bf034/element/1c9268ea-b313-4b74-8bf1-47d94966c644/text HTTP/1.1
User-Agent: selenium/4.5.3 (java mac)
Cache-Control: no-cache
Content-Type: application/json; charset=utf-8
host: localhost:18432
accept: */*

Response DefaultHttpResponse(decodeResult: success, version: HTTP/1.1)
HTTP/1.1 200 OK
Content-Length: 71
Content-Type: application/json; charset=utf-8
cache-control: no-cache

10:50:15.581 [AsyncHttpClient-1-8] DEBUG org.asynchttpclient.netty.channel.ChannelManager - Adding key: http://localhost:18432 for channel [id: 0xee5c3a95, L:/127.0.0.1:64195 - R:localhost/127.0.0.1:18432]
10:50:15.583 [Forwarding findChildElement on session df6a6576b4ee226eb544544e8f0bf034 to remote] DEBUG org.asynchttpclient.netty.request.NettyRequestSender - Using pooled Channel '[id: 0xee5c3a95, L:/127.0.0.1:64195 - R:localhost/127.0.0.1:18432]' for 'POST' to 'http://localhost:18432/session/df6a6576b4ee226eb544544e8f0bf034/element/13a21738-af08-41af-8bd0-1b9654c2d705/element'
10:50:15.583 [Forwarding findChildElement on session df6a6576b4ee226eb544544e8f0bf034 to remote] DEBUG org.asynchttpclient.netty.request.NettyRequestSender - Using open Channel [id: 0xee5c3a95, L:/127.0.0.1:64195 - R:localhost/127.0.0.1:18432] for POST '/session/df6a6576b4ee226eb544544e8f0bf034/element/13a21738-af08-41af-8bd0-1b9654c2d705/element'
10:50:15.749 [AsyncHttpClient-1-8] DEBUG org.asynchttpclient.netty.handler.HttpHandler - 

Request DefaultHttpRequest(decodeResult: success, version: HTTP/1.1)
POST /session/df6a6576b4ee226eb544544e8f0bf034/element/13a21738-af08-41af-8bd0-1b9654c2d705/element HTTP/1.1
User-Agent: selenium/4.5.3 (java mac)
Content-Length: 106
Content-Type: application/json; charset=utf-8
host: localhost:18432
accept: */*

Response DefaultHttpResponse(decodeResult: success, version: HTTP/1.1)
HTTP/1.1 200 OK
Content-Length: 88
Content-Type: application/json; charset=utf-8
cache-control: no-cache

10:50:15.749 [AsyncHttpClient-1-8] DEBUG org.asynchttpclient.netty.channel.ChannelManager - Adding key: http://localhost:18432 for channel [id: 0xee5c3a95, L:/127.0.0.1:64195 - R:localhost/127.0.0.1:18432]
10:50:15.752 [Forwarding getElementText on session df6a6576b4ee226eb544544e8f0bf034 to remote] DEBUG org.asynchttpclient.netty.request.NettyRequestSender - Using pooled Channel '[id: 0xee5c3a95, L:/127.0.0.1:64195 - R:localhost/127.0.0.1:18432]' for 'GET' to 'http://localhost:18432/session/df6a6576b4ee226eb544544e8f0bf034/element/66bfdc08-b5a3-446b-a266-2a9805305a02/text'
10:50:15.752 [Forwarding getElementText on session df6a6576b4ee226eb544544e8f0bf034 to remote] DEBUG org.asynchttpclient.netty.request.NettyRequestSender - Using open Channel [id: 0xee5c3a95, L:/127.0.0.1:64195 - R:localhost/127.0.0.1:18432] for GET '/session/df6a6576b4ee226eb544544e8f0bf034/element/66bfdc08-b5a3-446b-a266-2a9805305a02/text'
10:50:16.028 [AsyncHttpClient-1-8] DEBUG org.asynchttpclient.netty.handler.HttpHandler - 

Request DefaultFullHttpRequest(decodeResult: success, version: HTTP/1.1, content: EmptyByteBufBE)
GET /session/df6a6576b4ee226eb544544e8f0bf034/element/66bfdc08-b5a3-446b-a266-2a9805305a02/text HTTP/1.1
User-Agent: selenium/4.5.3 (java mac)
Cache-Control: no-cache
Content-Type: application/json; charset=utf-8
host: localhost:18432
accept: */*

Response DefaultHttpResponse(decodeResult: success, version: HTTP/1.1)
HTTP/1.1 200 OK
Content-Length: 19
Content-Type: application/json; charset=utf-8
cache-control: no-cache

10:50:16.029 [AsyncHttpClient-1-8] DEBUG org.asynchttpclient.netty.channel.ChannelManager - Adding key: http://localhost:18432 for channel [id: 0xee5c3a95, L:/127.0.0.1:64195 - R:localhost/127.0.0.1:18432]
10:50:16.032 [Forwarding findChildElement on session df6a6576b4ee226eb544544e8f0bf034 to remote] DEBUG org.asynchttpclient.netty.request.NettyRequestSender - Using pooled Channel '[id: 0xee5c3a95, L:/127.0.0.1:64195 - R:localhost/127.0.0.1:18432]' for 'POST' to 'http://localhost:18432/session/df6a6576b4ee226eb544544e8f0bf034/element/921823b4-273a-4f63-bc01-8cd0d34bc991/element'
10:50:16.032 [Forwarding findChildElement on session df6a6576b4ee226eb544544e8f0bf034 to remote] DEBUG org.asynchttpclient.netty.request.NettyRequestSender - Using open Channel [id: 0xee5c3a95, L:/127.0.0.1:64195 - R:localhost/127.0.0.1:18432] for POST '/session/df6a6576b4ee226eb544544e8f0bf034/element/921823b4-273a-4f63-bc01-8cd0d34bc991/element'
10:50:16.062 [AsyncHttpClient-1-8] DEBUG org.asynchttpclient.netty.handler.HttpHandler - 

Request DefaultHttpRequest(decodeResult: success, version: HTTP/1.1)
POST /session/df6a6576b4ee226eb544544e8f0bf034/element/921823b4-273a-4f63-bc01-8cd0d34bc991/element HTTP/1.1
User-Agent: selenium/4.5.3 (java mac)
Content-Length: 106
Content-Type: application/json; charset=utf-8
host: localhost:18432
accept: */*

Response DefaultHttpResponse(decodeResult: success, version: HTTP/1.1)
HTTP/1.1 200 OK
Content-Length: 88
Content-Type: application/json; charset=utf-8
cache-control: no-cache

10:50:16.063 [AsyncHttpClient-1-8] DEBUG org.asynchttpclient.netty.channel.ChannelManager - Adding key: http://localhost:18432 for channel [id: 0xee5c3a95, L:/127.0.0.1:64195 - R:localhost/127.0.0.1:18432]
10:50:16.065 [Forwarding getElementText on session df6a6576b4ee226eb544544e8f0bf034 to remote] DEBUG org.asynchttpclient.netty.request.NettyRequestSender - Using pooled Channel '[id: 0xee5c3a95, L:/127.0.0.1:64195 - R:localhost/127.0.0.1:18432]' for 'GET' to 'http://localhost:18432/session/df6a6576b4ee226eb544544e8f0bf034/element/0110acc5-4ed7-4248-a883-14e64087adaf/text'
10:50:16.065 [Forwarding getElementText on session df6a6576b4ee226eb544544e8f0bf034 to remote] DEBUG org.asynchttpclient.netty.request.NettyRequestSender - Using open Channel [id: 0xee5c3a95, L:/127.0.0.1:64195 - R:localhost/127.0.0.1:18432] for GET '/session/df6a6576b4ee226eb544544e8f0bf034/element/0110acc5-4ed7-4248-a883-14e64087adaf/text'
10:50:16.307 [AsyncHttpClient-1-8] DEBUG org.asynchttpclient.netty.handler.HttpHandler - 

Request DefaultFullHttpRequest(decodeResult: success, version: HTTP/1.1, content: EmptyByteBufBE)
GET /session/df6a6576b4ee226eb544544e8f0bf034/element/0110acc5-4ed7-4248-a883-14e64087adaf/text HTTP/1.1
User-Agent: selenium/4.5.3 (java mac)
Cache-Control: no-cache
Content-Type: application/json; charset=utf-8
host: localhost:18432
accept: */*

Response DefaultHttpResponse(decodeResult: success, version: HTTP/1.1)
HTTP/1.1 200 OK
Content-Length: 81
Content-Type: application/json; charset=utf-8
cache-control: no-cache

10:50:16.307 [AsyncHttpClient-1-8] DEBUG org.asynchttpclient.netty.channel.ChannelManager - Adding key: http://localhost:18432 for channel [id: 0xee5c3a95, L:/127.0.0.1:64195 - R:localhost/127.0.0.1:18432]
10:50:16.312 [Forwarding findChildElement on session df6a6576b4ee226eb544544e8f0bf034 to remote] DEBUG org.asynchttpclient.netty.request.NettyRequestSender - Using pooled Channel '[id: 0xee5c3a95, L:/127.0.0.1:64195 - R:localhost/127.0.0.1:18432]' for 'POST' to 'http://localhost:18432/session/df6a6576b4ee226eb544544e8f0bf034/element/921823b4-273a-4f63-bc01-8cd0d34bc991/element'
10:50:16.317 [Forwarding findChildElement on session df6a6576b4ee226eb544544e8f0bf034 to remote] DEBUG org.asynchttpclient.netty.request.NettyRequestSender - Using open Channel [id: 0xee5c3a95, L:/127.0.0.1:64195 - R:localhost/127.0.0.1:18432] for POST '/session/df6a6576b4ee226eb544544e8f0bf034/element/921823b4-273a-4f63-bc01-8cd0d34bc991/element'
10:50:16.545 [AsyncHttpClient-1-8] DEBUG org.asynchttpclient.netty.handler.HttpHandler - 

Request DefaultHttpRequest(decodeResult: success, version: HTTP/1.1)
POST /session/df6a6576b4ee226eb544544e8f0bf034/element/921823b4-273a-4f63-bc01-8cd0d34bc991/element HTTP/1.1
User-Agent: selenium/4.5.3 (java mac)
Content-Length: 106
Content-Type: application/json; charset=utf-8
host: localhost:18432
accept: */*

Response DefaultHttpResponse(decodeResult: success, version: HTTP/1.1)
HTTP/1.1 200 OK
Content-Length: 88
Content-Type: application/json; charset=utf-8
cache-control: no-cache

10:50:16.546 [AsyncHttpClient-1-8] DEBUG org.asynchttpclient.netty.channel.ChannelManager - Adding key: http://localhost:18432 for channel [id: 0xee5c3a95, L:/127.0.0.1:64195 - R:localhost/127.0.0.1:18432]
10:50:16.547 [Forwarding getElementText on session df6a6576b4ee226eb544544e8f0bf034 to remote] DEBUG org.asynchttpclient.netty.request.NettyRequestSender - Using pooled Channel '[id: 0xee5c3a95, L:/127.0.0.1:64195 - R:localhost/127.0.0.1:18432]' for 'GET' to 'http://localhost:18432/session/df6a6576b4ee226eb544544e8f0bf034/element/e0040563-b6f2-41fa-8a8c-11562c984e3d/text'
10:50:16.547 [Forwarding getElementText on session df6a6576b4ee226eb544544e8f0bf034 to remote] DEBUG org.asynchttpclient.netty.request.NettyRequestSender - Using open Channel [id: 0xee5c3a95, L:/127.0.0.1:64195 - R:localhost/127.0.0.1:18432] for GET '/session/df6a6576b4ee226eb544544e8f0bf034/element/e0040563-b6f2-41fa-8a8c-11562c984e3d/text'
10:50:16.909 [AsyncHttpClient-1-8] DEBUG org.asynchttpclient.netty.handler.HttpHandler - 

Request DefaultFullHttpRequest(decodeResult: success, version: HTTP/1.1, content: EmptyByteBufBE)
GET /session/df6a6576b4ee226eb544544e8f0bf034/element/e0040563-b6f2-41fa-8a8c-11562c984e3d/text HTTP/1.1
User-Agent: selenium/4.5.3 (java mac)
Cache-Control: no-cache
Content-Type: application/json; charset=utf-8
host: localhost:18432
accept: */*

Response DefaultHttpResponse(decodeResult: success, version: HTTP/1.1)
HTTP/1.1 200 OK
Content-Length: 30
Content-Type: application/json; charset=utf-8
cache-control: no-cache

10:50:16.909 [AsyncHttpClient-1-8] DEBUG org.asynchttpclient.netty.channel.ChannelManager - Adding key: http://localhost:18432 for channel [id: 0xee5c3a95, L:/127.0.0.1:64195 - R:localhost/127.0.0.1:18432]
10:50:16.912 [Forwarding findChildElement on session df6a6576b4ee226eb544544e8f0bf034 to remote] DEBUG org.asynchttpclient.netty.request.NettyRequestSender - Using pooled Channel '[id: 0xee5c3a95, L:/127.0.0.1:64195 - R:localhost/127.0.0.1:18432]' for 'POST' to 'http://localhost:18432/session/df6a6576b4ee226eb544544e8f0bf034/element/a664fffe-74ea-4bf4-be0c-e596ad270c50/element'
10:50:16.912 [Forwarding findChildElement on session df6a6576b4ee226eb544544e8f0bf034 to remote] DEBUG org.asynchttpclient.netty.request.NettyRequestSender - Using open Channel [id: 0xee5c3a95, L:/127.0.0.1:64195 - R:localhost/127.0.0.1:18432] for POST '/session/df6a6576b4ee226eb544544e8f0bf034/element/a664fffe-74ea-4bf4-be0c-e596ad270c50/element'
10:50:17.028 [AsyncHttpClient-1-8] DEBUG org.asynchttpclient.netty.handler.HttpHandler - 

Request DefaultHttpRequest(decodeResult: success, version: HTTP/1.1)
POST /session/df6a6576b4ee226eb544544e8f0bf034/element/a664fffe-74ea-4bf4-be0c-e596ad270c50/element HTTP/1.1
User-Agent: selenium/4.5.3 (java mac)
Content-Length: 106
Content-Type: application/json; charset=utf-8
host: localhost:18432
accept: */*

Response DefaultHttpResponse(decodeResult: success, version: HTTP/1.1)
HTTP/1.1 200 OK
Content-Length: 88
Content-Type: application/json; charset=utf-8
cache-control: no-cache

10:50:17.028 [AsyncHttpClient-1-8] DEBUG org.asynchttpclient.netty.channel.ChannelManager - Adding key: http://localhost:18432 for channel [id: 0xee5c3a95, L:/127.0.0.1:64195 - R:localhost/127.0.0.1:18432]
10:50:17.031 [Forwarding getElementText on session df6a6576b4ee226eb544544e8f0bf034 to remote] DEBUG org.asynchttpclient.netty.request.NettyRequestSender - Using pooled Channel '[id: 0xee5c3a95, L:/127.0.0.1:64195 - R:localhost/127.0.0.1:18432]' for 'GET' to 'http://localhost:18432/session/df6a6576b4ee226eb544544e8f0bf034/element/36e487f6-77ea-4774-a018-2d6a53ac1220/text'
10:50:17.031 [Forwarding getElementText on session df6a6576b4ee226eb544544e8f0bf034 to remote] DEBUG org.asynchttpclient.netty.request.NettyRequestSender - Using open Channel [id: 0xee5c3a95, L:/127.0.0.1:64195 - R:localhost/127.0.0.1:18432] for GET '/session/df6a6576b4ee226eb544544e8f0bf034/element/36e487f6-77ea-4774-a018-2d6a53ac1220/text'
10:50:17.309 [AsyncHttpClient-1-8] DEBUG org.asynchttpclient.netty.handler.HttpHandler - 

Request DefaultFullHttpRequest(decodeResult: success, version: HTTP/1.1, content: EmptyByteBufBE)
GET /session/df6a6576b4ee226eb544544e8f0bf034/element/36e487f6-77ea-4774-a018-2d6a53ac1220/text HTTP/1.1
User-Agent: selenium/4.5.3 (java mac)
Cache-Control: no-cache
Content-Type: application/json; charset=utf-8
host: localhost:18432
accept: */*

Response DefaultHttpResponse(decodeResult: success, version: HTTP/1.1)
HTTP/1.1 200 OK
Content-Length: 64
Content-Type: application/json; charset=utf-8
cache-control: no-cache

10:50:17.309 [AsyncHttpClient-1-8] DEBUG org.asynchttpclient.netty.channel.ChannelManager - Adding key: http://localhost:18432 for channel [id: 0xee5c3a95, L:/127.0.0.1:64195 - R:localhost/127.0.0.1:18432]
10:50:17.311 [Forwarding findChildElement on session df6a6576b4ee226eb544544e8f0bf034 to remote] DEBUG org.asynchttpclient.netty.request.NettyRequestSender - Using pooled Channel '[id: 0xee5c3a95, L:/127.0.0.1:64195 - R:localhost/127.0.0.1:18432]' for 'POST' to 'http://localhost:18432/session/df6a6576b4ee226eb544544e8f0bf034/element/a664fffe-74ea-4bf4-be0c-e596ad270c50/element'
10:50:17.311 [Forwarding findChildElement on session df6a6576b4ee226eb544544e8f0bf034 to remote] DEBUG org.asynchttpclient.netty.request.NettyRequestSender - Using open Channel [id: 0xee5c3a95, L:/127.0.0.1:64195 - R:localhost/127.0.0.1:18432] for POST '/session/df6a6576b4ee226eb544544e8f0bf034/element/a664fffe-74ea-4bf4-be0c-e596ad270c50/element'
10:50:17.624 [AsyncHttpClient-1-8] DEBUG org.asynchttpclient.netty.handler.HttpHandler - 

Request DefaultHttpRequest(decodeResult: success, version: HTTP/1.1)
POST /session/df6a6576b4ee226eb544544e8f0bf034/element/a664fffe-74ea-4bf4-be0c-e596ad270c50/element HTTP/1.1
User-Agent: selenium/4.5.3 (java mac)
Content-Length: 106
Content-Type: application/json; charset=utf-8
host: localhost:18432
accept: */*

Response DefaultHttpResponse(decodeResult: success, version: HTTP/1.1)
HTTP/1.1 200 OK
Content-Length: 88
Content-Type: application/json; charset=utf-8
cache-control: no-cache

10:50:17.625 [AsyncHttpClient-1-8] DEBUG org.asynchttpclient.netty.channel.ChannelManager - Adding key: http://localhost:18432 for channel [id: 0xee5c3a95, L:/127.0.0.1:64195 - R:localhost/127.0.0.1:18432]
10:50:17.626 [Forwarding getElementText on session df6a6576b4ee226eb544544e8f0bf034 to remote] DEBUG org.asynchttpclient.netty.request.NettyRequestSender - Using pooled Channel '[id: 0xee5c3a95, L:/127.0.0.1:64195 - R:localhost/127.0.0.1:18432]' for 'GET' to 'http://localhost:18432/session/df6a6576b4ee226eb544544e8f0bf034/element/7afb36d8-9c13-40b3-8de4-97dd6f80504b/text'
10:50:17.626 [Forwarding getElementText on session df6a6576b4ee226eb544544e8f0bf034 to remote] DEBUG org.asynchttpclient.netty.request.NettyRequestSender - Using open Channel [id: 0xee5c3a95, L:/127.0.0.1:64195 - R:localhost/127.0.0.1:18432] for GET '/session/df6a6576b4ee226eb544544e8f0bf034/element/7afb36d8-9c13-40b3-8de4-97dd6f80504b/text'
10:50:17.688 [AsyncHttpClient-1-8] DEBUG org.asynchttpclient.netty.handler.HttpHandler - 

Request DefaultFullHttpRequest(decodeResult: success, version: HTTP/1.1, content: EmptyByteBufBE)
GET /session/df6a6576b4ee226eb544544e8f0bf034/element/7afb36d8-9c13-40b3-8de4-97dd6f80504b/text HTTP/1.1
User-Agent: selenium/4.5.3 (java mac)
Cache-Control: no-cache
Content-Type: application/json; charset=utf-8
host: localhost:18432
accept: */*

Response DefaultHttpResponse(decodeResult: success, version: HTTP/1.1)
HTTP/1.1 200 OK
Content-Length: 19
Content-Type: application/json; charset=utf-8
cache-control: no-cache

10:50:17.689 [AsyncHttpClient-1-8] DEBUG org.asynchttpclient.netty.channel.ChannelManager - Adding key: http://localhost:18432 for channel [id: 0xee5c3a95, L:/127.0.0.1:64195 - R:localhost/127.0.0.1:18432]
10:50:17.694 [Forwarding findChildElement on session df6a6576b4ee226eb544544e8f0bf034 to remote] DEBUG org.asynchttpclient.netty.request.NettyRequestSender - Using pooled Channel '[id: 0xee5c3a95, L:/127.0.0.1:64195 - R:localhost/127.0.0.1:18432]' for 'POST' to 'http://localhost:18432/session/df6a6576b4ee226eb544544e8f0bf034/element/2eff44f0-b3af-40b7-8a1c-99085062552d/element'
10:50:17.694 [Forwarding findChildElement on session df6a6576b4ee226eb544544e8f0bf034 to remote] DEBUG org.asynchttpclient.netty.request.NettyRequestSender - Using open Channel [id: 0xee5c3a95, L:/127.0.0.1:64195 - R:localhost/127.0.0.1:18432] for POST '/session/df6a6576b4ee226eb544544e8f0bf034/element/2eff44f0-b3af-40b7-8a1c-99085062552d/element'
10:50:18.027 [AsyncHttpClient-1-8] DEBUG org.asynchttpclient.netty.handler.HttpHandler - 

Request DefaultHttpRequest(decodeResult: success, version: HTTP/1.1)
POST /session/df6a6576b4ee226eb544544e8f0bf034/element/2eff44f0-b3af-40b7-8a1c-99085062552d/element HTTP/1.1
User-Agent: selenium/4.5.3 (java mac)
Content-Length: 106
Content-Type: application/json; charset=utf-8
host: localhost:18432
accept: */*

Response DefaultHttpResponse(decodeResult: success, version: HTTP/1.1)
HTTP/1.1 200 OK
Content-Length: 88
Content-Type: application/json; charset=utf-8
cache-control: no-cache

10:50:18.027 [AsyncHttpClient-1-8] DEBUG org.asynchttpclient.netty.channel.ChannelManager - Adding key: http://localhost:18432 for channel [id: 0xee5c3a95, L:/127.0.0.1:64195 - R:localhost/127.0.0.1:18432]
10:50:18.029 [Forwarding getElementText on session df6a6576b4ee226eb544544e8f0bf034 to remote] DEBUG org.asynchttpclient.netty.request.NettyRequestSender - Using pooled Channel '[id: 0xee5c3a95, L:/127.0.0.1:64195 - R:localhost/127.0.0.1:18432]' for 'GET' to 'http://localhost:18432/session/df6a6576b4ee226eb544544e8f0bf034/element/0da3c7d0-98e4-4be7-b875-d50bc3b9fadb/text'
10:50:18.029 [Forwarding getElementText on session df6a6576b4ee226eb544544e8f0bf034 to remote] DEBUG org.asynchttpclient.netty.request.NettyRequestSender - Using open Channel [id: 0xee5c3a95, L:/127.0.0.1:64195 - R:localhost/127.0.0.1:18432] for GET '/session/df6a6576b4ee226eb544544e8f0bf034/element/0da3c7d0-98e4-4be7-b875-d50bc3b9fadb/text'
10:50:18.339 [AsyncHttpClient-1-8] DEBUG org.asynchttpclient.netty.handler.HttpHandler - 

Request DefaultFullHttpRequest(decodeResult: success, version: HTTP/1.1, content: EmptyByteBufBE)
GET /session/df6a6576b4ee226eb544544e8f0bf034/element/0da3c7d0-98e4-4be7-b875-d50bc3b9fadb/text HTTP/1.1
User-Agent: selenium/4.5.3 (java mac)
Cache-Control: no-cache
Content-Type: application/json; charset=utf-8
host: localhost:18432
accept: */*

Response DefaultHttpResponse(decodeResult: success, version: HTTP/1.1)
HTTP/1.1 200 OK
Content-Length: 75
Content-Type: application/json; charset=utf-8
cache-control: no-cache

10:50:18.340 [AsyncHttpClient-1-8] DEBUG org.asynchttpclient.netty.channel.ChannelManager - Adding key: http://localhost:18432 for channel [id: 0xee5c3a95, L:/127.0.0.1:64195 - R:localhost/127.0.0.1:18432]
10:50:18.341 [Forwarding findChildElement on session df6a6576b4ee226eb544544e8f0bf034 to remote] DEBUG org.asynchttpclient.netty.request.NettyRequestSender - Using pooled Channel '[id: 0xee5c3a95, L:/127.0.0.1:64195 - R:localhost/127.0.0.1:18432]' for 'POST' to 'http://localhost:18432/session/df6a6576b4ee226eb544544e8f0bf034/element/2eff44f0-b3af-40b7-8a1c-99085062552d/element'
10:50:18.341 [Forwarding findChildElement on session df6a6576b4ee226eb544544e8f0bf034 to remote] DEBUG org.asynchttpclient.netty.request.NettyRequestSender - Using open Channel [id: 0xee5c3a95, L:/127.0.0.1:64195 - R:localhost/127.0.0.1:18432] for POST '/session/df6a6576b4ee226eb544544e8f0bf034/element/2eff44f0-b3af-40b7-8a1c-99085062552d/element'
10:50:18.386 [AsyncHttpClient-1-8] DEBUG org.asynchttpclient.netty.handler.HttpHandler - 

Request DefaultHttpRequest(decodeResult: success, version: HTTP/1.1)
POST /session/df6a6576b4ee226eb544544e8f0bf034/element/2eff44f0-b3af-40b7-8a1c-99085062552d/element HTTP/1.1
User-Agent: selenium/4.5.3 (java mac)
Content-Length: 106
Content-Type: application/json; charset=utf-8
host: localhost:18432
accept: */*

Response DefaultHttpResponse(decodeResult: success, version: HTTP/1.1)
HTTP/1.1 200 OK
Content-Length: 88
Content-Type: application/json; charset=utf-8
cache-control: no-cache

10:50:18.386 [AsyncHttpClient-1-8] DEBUG org.asynchttpclient.netty.channel.ChannelManager - Adding key: http://localhost:18432 for channel [id: 0xee5c3a95, L:/127.0.0.1:64195 - R:localhost/127.0.0.1:18432]
10:50:18.388 [Forwarding getElementText on session df6a6576b4ee226eb544544e8f0bf034 to remote] DEBUG org.asynchttpclient.netty.request.NettyRequestSender - Using pooled Channel '[id: 0xee5c3a95, L:/127.0.0.1:64195 - R:localhost/127.0.0.1:18432]' for 'GET' to 'http://localhost:18432/session/df6a6576b4ee226eb544544e8f0bf034/element/e82d6c4a-43a7-465b-b8a2-1d1f3df1f5ae/text'
10:50:18.388 [Forwarding getElementText on session df6a6576b4ee226eb544544e8f0bf034 to remote] DEBUG org.asynchttpclient.netty.request.NettyRequestSender - Using open Channel [id: 0xee5c3a95, L:/127.0.0.1:64195 - R:localhost/127.0.0.1:18432] for GET '/session/df6a6576b4ee226eb544544e8f0bf034/element/e82d6c4a-43a7-465b-b8a2-1d1f3df1f5ae/text'
10:50:18.447 [AsyncHttpClient-1-8] DEBUG org.asynchttpclient.netty.handler.HttpHandler - 

Request DefaultFullHttpRequest(decodeResult: success, version: HTTP/1.1, content: EmptyByteBufBE)
GET /session/df6a6576b4ee226eb544544e8f0bf034/element/e82d6c4a-43a7-465b-b8a2-1d1f3df1f5ae/text HTTP/1.1
User-Agent: selenium/4.5.3 (java mac)
Cache-Control: no-cache
Content-Type: application/json; charset=utf-8
host: localhost:18432
accept: */*

Response DefaultHttpResponse(decodeResult: success, version: HTTP/1.1)
HTTP/1.1 200 OK
Content-Length: 19
Content-Type: application/json; charset=utf-8
cache-control: no-cache

10:50:18.448 [AsyncHttpClient-1-8] DEBUG org.asynchttpclient.netty.channel.ChannelManager - Adding key: http://localhost:18432 for channel [id: 0xee5c3a95, L:/127.0.0.1:64195 - R:localhost/127.0.0.1:18432]
10:50:18.451 [Forwarding findChildElement on session df6a6576b4ee226eb544544e8f0bf034 to remote] DEBUG org.asynchttpclient.netty.request.NettyRequestSender - Using pooled Channel '[id: 0xee5c3a95, L:/127.0.0.1:64195 - R:localhost/127.0.0.1:18432]' for 'POST' to 'http://localhost:18432/session/df6a6576b4ee226eb544544e8f0bf034/element/f813af99-c684-4772-9486-2fb3bb3e780e/element'
10:50:18.451 [Forwarding findChildElement on session df6a6576b4ee226eb544544e8f0bf034 to remote] DEBUG org.asynchttpclient.netty.request.NettyRequestSender - Using open Channel [id: 0xee5c3a95, L:/127.0.0.1:64195 - R:localhost/127.0.0.1:18432] for POST '/session/df6a6576b4ee226eb544544e8f0bf034/element/f813af99-c684-4772-9486-2fb3bb3e780e/element'
10:50:18.837 [AsyncHttpClient-1-8] DEBUG org.asynchttpclient.netty.handler.HttpHandler - 

Request DefaultHttpRequest(decodeResult: success, version: HTTP/1.1)
POST /session/df6a6576b4ee226eb544544e8f0bf034/element/f813af99-c684-4772-9486-2fb3bb3e780e/element HTTP/1.1
User-Agent: selenium/4.5.3 (java mac)
Content-Length: 106
Content-Type: application/json; charset=utf-8
host: localhost:18432
accept: */*

Response DefaultHttpResponse(decodeResult: success, version: HTTP/1.1)
HTTP/1.1 200 OK
Content-Length: 88
Content-Type: application/json; charset=utf-8
cache-control: no-cache

10:50:18.838 [AsyncHttpClient-1-8] DEBUG org.asynchttpclient.netty.channel.ChannelManager - Adding key: http://localhost:18432 for channel [id: 0xee5c3a95, L:/127.0.0.1:64195 - R:localhost/127.0.0.1:18432]
10:50:18.840 [Forwarding getElementText on session df6a6576b4ee226eb544544e8f0bf034 to remote] DEBUG org.asynchttpclient.netty.request.NettyRequestSender - Using pooled Channel '[id: 0xee5c3a95, L:/127.0.0.1:64195 - R:localhost/127.0.0.1:18432]' for 'GET' to 'http://localhost:18432/session/df6a6576b4ee226eb544544e8f0bf034/element/7948af97-a435-4573-940d-e53f95b17388/text'
10:50:18.840 [Forwarding getElementText on session df6a6576b4ee226eb544544e8f0bf034 to remote] DEBUG org.asynchttpclient.netty.request.NettyRequestSender - Using open Channel [id: 0xee5c3a95, L:/127.0.0.1:64195 - R:localhost/127.0.0.1:18432] for GET '/session/df6a6576b4ee226eb544544e8f0bf034/element/7948af97-a435-4573-940d-e53f95b17388/text'
10:50:19.010 [AsyncHttpClient-1-8] DEBUG org.asynchttpclient.netty.handler.HttpHandler - 

Request DefaultFullHttpRequest(decodeResult: success, version: HTTP/1.1, content: EmptyByteBufBE)
GET /session/df6a6576b4ee226eb544544e8f0bf034/element/7948af97-a435-4573-940d-e53f95b17388/text HTTP/1.1
User-Agent: selenium/4.5.3 (java mac)
Cache-Control: no-cache
Content-Type: application/json; charset=utf-8
host: localhost:18432
accept: */*

Response DefaultHttpResponse(decodeResult: success, version: HTTP/1.1)
HTTP/1.1 200 OK
Content-Length: 91
Content-Type: application/json; charset=utf-8
cache-control: no-cache

10:50:19.010 [AsyncHttpClient-1-8] DEBUG org.asynchttpclient.netty.channel.ChannelManager - Adding key: http://localhost:18432 for channel [id: 0xee5c3a95, L:/127.0.0.1:64195 - R:localhost/127.0.0.1:18432]
10:50:19.011 [Forwarding findChildElement on session df6a6576b4ee226eb544544e8f0bf034 to remote] DEBUG org.asynchttpclient.netty.request.NettyRequestSender - Using pooled Channel '[id: 0xee5c3a95, L:/127.0.0.1:64195 - R:localhost/127.0.0.1:18432]' for 'POST' to 'http://localhost:18432/session/df6a6576b4ee226eb544544e8f0bf034/element/f813af99-c684-4772-9486-2fb3bb3e780e/element'
10:50:19.012 [Forwarding findChildElement on session df6a6576b4ee226eb544544e8f0bf034 to remote] DEBUG org.asynchttpclient.netty.request.NettyRequestSender - Using open Channel [id: 0xee5c3a95, L:/127.0.0.1:64195 - R:localhost/127.0.0.1:18432] for POST '/session/df6a6576b4ee226eb544544e8f0bf034/element/f813af99-c684-4772-9486-2fb3bb3e780e/element'
10:50:19.110 [AsyncHttpClient-1-8] DEBUG org.asynchttpclient.netty.handler.HttpHandler - 

Request DefaultHttpRequest(decodeResult: success, version: HTTP/1.1)
POST /session/df6a6576b4ee226eb544544e8f0bf034/element/f813af99-c684-4772-9486-2fb3bb3e780e/element HTTP/1.1
User-Agent: selenium/4.5.3 (java mac)
Content-Length: 106
Content-Type: application/json; charset=utf-8
host: localhost:18432
accept: */*

Response DefaultHttpResponse(decodeResult: success, version: HTTP/1.1)
HTTP/1.1 200 OK
Content-Length: 88
Content-Type: application/json; charset=utf-8
cache-control: no-cache

10:50:19.110 [AsyncHttpClient-1-8] DEBUG org.asynchttpclient.netty.channel.ChannelManager - Adding key: http://localhost:18432 for channel [id: 0xee5c3a95, L:/127.0.0.1:64195 - R:localhost/127.0.0.1:18432]
10:50:19.113 [Forwarding getElementText on session df6a6576b4ee226eb544544e8f0bf034 to remote] DEBUG org.asynchttpclient.netty.request.NettyRequestSender - Using pooled Channel '[id: 0xee5c3a95, L:/127.0.0.1:64195 - R:localhost/127.0.0.1:18432]' for 'GET' to 'http://localhost:18432/session/df6a6576b4ee226eb544544e8f0bf034/element/752cb6b3-37c4-4840-8862-f323d38efe00/text'
10:50:19.113 [Forwarding getElementText on session df6a6576b4ee226eb544544e8f0bf034 to remote] DEBUG org.asynchttpclient.netty.request.NettyRequestSender - Using open Channel [id: 0xee5c3a95, L:/127.0.0.1:64195 - R:localhost/127.0.0.1:18432] for GET '/session/df6a6576b4ee226eb544544e8f0bf034/element/752cb6b3-37c4-4840-8862-f323d38efe00/text'
10:50:19.166 [AsyncHttpClient-1-8] DEBUG org.asynchttpclient.netty.handler.HttpHandler - 

Request DefaultFullHttpRequest(decodeResult: success, version: HTTP/1.1, content: EmptyByteBufBE)
GET /session/df6a6576b4ee226eb544544e8f0bf034/element/752cb6b3-37c4-4840-8862-f323d38efe00/text HTTP/1.1
User-Agent: selenium/4.5.3 (java mac)
Cache-Control: no-cache
Content-Type: application/json; charset=utf-8
host: localhost:18432
accept: */*

Response DefaultHttpResponse(decodeResult: success, version: HTTP/1.1)
HTTP/1.1 200 OK
Content-Length: 19
Content-Type: application/json; charset=utf-8
cache-control: no-cache

10:50:19.167 [AsyncHttpClient-1-8] DEBUG org.asynchttpclient.netty.channel.ChannelManager - Adding key: http://localhost:18432 for channel [id: 0xee5c3a95, L:/127.0.0.1:64195 - R:localhost/127.0.0.1:18432]
10:50:19.169 [Forwarding findChildElement on session df6a6576b4ee226eb544544e8f0bf034 to remote] DEBUG org.asynchttpclient.netty.request.NettyRequestSender - Using pooled Channel '[id: 0xee5c3a95, L:/127.0.0.1:64195 - R:localhost/127.0.0.1:18432]' for 'POST' to 'http://localhost:18432/session/df6a6576b4ee226eb544544e8f0bf034/element/e15d1ac3-efdc-4955-8c9c-bbc69e4c39fc/element'
10:50:19.169 [Forwarding findChildElement on session df6a6576b4ee226eb544544e8f0bf034 to remote] DEBUG org.asynchttpclient.netty.request.NettyRequestSender - Using open Channel [id: 0xee5c3a95, L:/127.0.0.1:64195 - R:localhost/127.0.0.1:18432] for POST '/session/df6a6576b4ee226eb544544e8f0bf034/element/e15d1ac3-efdc-4955-8c9c-bbc69e4c39fc/element'
10:50:19.335 [AsyncHttpClient-1-8] DEBUG org.asynchttpclient.netty.handler.HttpHandler - 

Request DefaultHttpRequest(decodeResult: success, version: HTTP/1.1)
POST /session/df6a6576b4ee226eb544544e8f0bf034/element/e15d1ac3-efdc-4955-8c9c-bbc69e4c39fc/element HTTP/1.1
User-Agent: selenium/4.5.3 (java mac)
Content-Length: 106
Content-Type: application/json; charset=utf-8
host: localhost:18432
accept: */*

Response DefaultHttpResponse(decodeResult: success, version: HTTP/1.1)
HTTP/1.1 200 OK
Content-Length: 88
Content-Type: application/json; charset=utf-8
cache-control: no-cache

10:50:19.336 [AsyncHttpClient-1-8] DEBUG org.asynchttpclient.netty.channel.ChannelManager - Adding key: http://localhost:18432 for channel [id: 0xee5c3a95, L:/127.0.0.1:64195 - R:localhost/127.0.0.1:18432]
10:50:19.337 [Forwarding getElementText on session df6a6576b4ee226eb544544e8f0bf034 to remote] DEBUG org.asynchttpclient.netty.request.NettyRequestSender - Using pooled Channel '[id: 0xee5c3a95, L:/127.0.0.1:64195 - R:localhost/127.0.0.1:18432]' for 'GET' to 'http://localhost:18432/session/df6a6576b4ee226eb544544e8f0bf034/element/9bd0dd0a-4b0b-4085-b92e-472605bb0c83/text'
10:50:19.337 [Forwarding getElementText on session df6a6576b4ee226eb544544e8f0bf034 to remote] DEBUG org.asynchttpclient.netty.request.NettyRequestSender - Using open Channel [id: 0xee5c3a95, L:/127.0.0.1:64195 - R:localhost/127.0.0.1:18432] for GET '/session/df6a6576b4ee226eb544544e8f0bf034/element/9bd0dd0a-4b0b-4085-b92e-472605bb0c83/text'
10:50:19.385 [AsyncHttpClient-1-8] DEBUG org.asynchttpclient.netty.handler.HttpHandler - 

Request DefaultFullHttpRequest(decodeResult: success, version: HTTP/1.1, content: EmptyByteBufBE)
GET /session/df6a6576b4ee226eb544544e8f0bf034/element/9bd0dd0a-4b0b-4085-b92e-472605bb0c83/text HTTP/1.1
User-Agent: selenium/4.5.3 (java mac)
Cache-Control: no-cache
Content-Type: application/json; charset=utf-8
host: localhost:18432
accept: */*

Response DefaultHttpResponse(decodeResult: success, version: HTTP/1.1)
HTTP/1.1 200 OK
Content-Length: 85
Content-Type: application/json; charset=utf-8
cache-control: no-cache

10:50:19.386 [AsyncHttpClient-1-8] DEBUG org.asynchttpclient.netty.channel.ChannelManager - Adding key: http://localhost:18432 for channel [id: 0xee5c3a95, L:/127.0.0.1:64195 - R:localhost/127.0.0.1:18432]
10:50:19.388 [Forwarding findChildElement on session df6a6576b4ee226eb544544e8f0bf034 to remote] DEBUG org.asynchttpclient.netty.request.NettyRequestSender - Using pooled Channel '[id: 0xee5c3a95, L:/127.0.0.1:64195 - R:localhost/127.0.0.1:18432]' for 'POST' to 'http://localhost:18432/session/df6a6576b4ee226eb544544e8f0bf034/element/e15d1ac3-efdc-4955-8c9c-bbc69e4c39fc/element'
10:50:19.388 [Forwarding findChildElement on session df6a6576b4ee226eb544544e8f0bf034 to remote] DEBUG org.asynchttpclient.netty.request.NettyRequestSender - Using open Channel [id: 0xee5c3a95, L:/127.0.0.1:64195 - R:localhost/127.0.0.1:18432] for POST '/session/df6a6576b4ee226eb544544e8f0bf034/element/e15d1ac3-efdc-4955-8c9c-bbc69e4c39fc/element'
10:50:19.450 [AsyncHttpClient-1-8] DEBUG org.asynchttpclient.netty.handler.HttpHandler - 

Request DefaultHttpRequest(decodeResult: success, version: HTTP/1.1)
POST /session/df6a6576b4ee226eb544544e8f0bf034/element/e15d1ac3-efdc-4955-8c9c-bbc69e4c39fc/element HTTP/1.1
User-Agent: selenium/4.5.3 (java mac)
Content-Length: 106
Content-Type: application/json; charset=utf-8
host: localhost:18432
accept: */*

Response DefaultHttpResponse(decodeResult: success, version: HTTP/1.1)
HTTP/1.1 200 OK
Content-Length: 88
Content-Type: application/json; charset=utf-8
cache-control: no-cache

10:50:19.451 [AsyncHttpClient-1-8] DEBUG org.asynchttpclient.netty.channel.ChannelManager - Adding key: http://localhost:18432 for channel [id: 0xee5c3a95, L:/127.0.0.1:64195 - R:localhost/127.0.0.1:18432]
10:50:19.452 [Forwarding getElementText on session df6a6576b4ee226eb544544e8f0bf034 to remote] DEBUG org.asynchttpclient.netty.request.NettyRequestSender - Using pooled Channel '[id: 0xee5c3a95, L:/127.0.0.1:64195 - R:localhost/127.0.0.1:18432]' for 'GET' to 'http://localhost:18432/session/df6a6576b4ee226eb544544e8f0bf034/element/e45dfb7e-7bb1-465f-84fa-0eecd1dace3c/text'
10:50:19.452 [Forwarding getElementText on session df6a6576b4ee226eb544544e8f0bf034 to remote] DEBUG org.asynchttpclient.netty.request.NettyRequestSender - Using open Channel [id: 0xee5c3a95, L:/127.0.0.1:64195 - R:localhost/127.0.0.1:18432] for GET '/session/df6a6576b4ee226eb544544e8f0bf034/element/e45dfb7e-7bb1-465f-84fa-0eecd1dace3c/text'
10:50:19.658 [AsyncHttpClient-1-8] DEBUG org.asynchttpclient.netty.handler.HttpHandler - 

Request DefaultFullHttpRequest(decodeResult: success, version: HTTP/1.1, content: EmptyByteBufBE)
GET /session/df6a6576b4ee226eb544544e8f0bf034/element/e45dfb7e-7bb1-465f-84fa-0eecd1dace3c/text HTTP/1.1
User-Agent: selenium/4.5.3 (java mac)
Cache-Control: no-cache
Content-Type: application/json; charset=utf-8
host: localhost:18432
accept: */*

Response DefaultHttpResponse(decodeResult: success, version: HTTP/1.1)
HTTP/1.1 200 OK
Content-Length: 30
Content-Type: application/json; charset=utf-8
cache-control: no-cache

10:50:19.659 [AsyncHttpClient-1-8] DEBUG org.asynchttpclient.netty.channel.ChannelManager - Adding key: http://localhost:18432 for channel [id: 0xee5c3a95, L:/127.0.0.1:64195 - R:localhost/127.0.0.1:18432]
10:50:19.661 [Forwarding findChildElement on session df6a6576b4ee226eb544544e8f0bf034 to remote] DEBUG org.asynchttpclient.netty.request.NettyRequestSender - Using pooled Channel '[id: 0xee5c3a95, L:/127.0.0.1:64195 - R:localhost/127.0.0.1:18432]' for 'POST' to 'http://localhost:18432/session/df6a6576b4ee226eb544544e8f0bf034/element/5f1fb3a6-c54a-43f0-adc1-8a552606ea61/element'
10:50:19.661 [Forwarding findChildElement on session df6a6576b4ee226eb544544e8f0bf034 to remote] DEBUG org.asynchttpclient.netty.request.NettyRequestSender - Using open Channel [id: 0xee5c3a95, L:/127.0.0.1:64195 - R:localhost/127.0.0.1:18432] for POST '/session/df6a6576b4ee226eb544544e8f0bf034/element/5f1fb3a6-c54a-43f0-adc1-8a552606ea61/element'
10:50:19.864 [AsyncHttpClient-1-8] DEBUG org.asynchttpclient.netty.handler.HttpHandler - 

Request DefaultHttpRequest(decodeResult: success, version: HTTP/1.1)
POST /session/df6a6576b4ee226eb544544e8f0bf034/element/5f1fb3a6-c54a-43f0-adc1-8a552606ea61/element HTTP/1.1
User-Agent: selenium/4.5.3 (java mac)
Content-Length: 106
Content-Type: application/json; charset=utf-8
host: localhost:18432
accept: */*

Response DefaultHttpResponse(decodeResult: success, version: HTTP/1.1)
HTTP/1.1 200 OK
Content-Length: 88
Content-Type: application/json; charset=utf-8
cache-control: no-cache

10:50:19.865 [AsyncHttpClient-1-8] DEBUG org.asynchttpclient.netty.channel.ChannelManager - Adding key: http://localhost:18432 for channel [id: 0xee5c3a95, L:/127.0.0.1:64195 - R:localhost/127.0.0.1:18432]
10:50:19.867 [Forwarding getElementText on session df6a6576b4ee226eb544544e8f0bf034 to remote] DEBUG org.asynchttpclient.netty.request.NettyRequestSender - Using pooled Channel '[id: 0xee5c3a95, L:/127.0.0.1:64195 - R:localhost/127.0.0.1:18432]' for 'GET' to 'http://localhost:18432/session/df6a6576b4ee226eb544544e8f0bf034/element/eee57e2a-8d58-4e89-b902-be9259672ace/text'
10:50:19.867 [Forwarding getElementText on session df6a6576b4ee226eb544544e8f0bf034 to remote] DEBUG org.asynchttpclient.netty.request.NettyRequestSender - Using open Channel [id: 0xee5c3a95, L:/127.0.0.1:64195 - R:localhost/127.0.0.1:18432] for GET '/session/df6a6576b4ee226eb544544e8f0bf034/element/eee57e2a-8d58-4e89-b902-be9259672ace/text'
10:50:19.920 [AsyncHttpClient-1-8] DEBUG org.asynchttpclient.netty.handler.HttpHandler - 

Request DefaultFullHttpRequest(decodeResult: success, version: HTTP/1.1, content: EmptyByteBufBE)
GET /session/df6a6576b4ee226eb544544e8f0bf034/element/eee57e2a-8d58-4e89-b902-be9259672ace/text HTTP/1.1
User-Agent: selenium/4.5.3 (java mac)
Cache-Control: no-cache
Content-Type: application/json; charset=utf-8
host: localhost:18432
accept: */*

Response DefaultHttpResponse(decodeResult: success, version: HTTP/1.1)
HTTP/1.1 200 OK
Content-Length: 71
Content-Type: application/json; charset=utf-8
cache-control: no-cache

10:50:19.920 [AsyncHttpClient-1-8] DEBUG org.asynchttpclient.netty.channel.ChannelManager - Adding key: http://localhost:18432 for channel [id: 0xee5c3a95, L:/127.0.0.1:64195 - R:localhost/127.0.0.1:18432]
10:50:19.922 [Forwarding findChildElement on session df6a6576b4ee226eb544544e8f0bf034 to remote] DEBUG org.asynchttpclient.netty.request.NettyRequestSender - Using pooled Channel '[id: 0xee5c3a95, L:/127.0.0.1:64195 - R:localhost/127.0.0.1:18432]' for 'POST' to 'http://localhost:18432/session/df6a6576b4ee226eb544544e8f0bf034/element/5f1fb3a6-c54a-43f0-adc1-8a552606ea61/element'
10:50:19.922 [Forwarding findChildElement on session df6a6576b4ee226eb544544e8f0bf034 to remote] DEBUG org.asynchttpclient.netty.request.NettyRequestSender - Using open Channel [id: 0xee5c3a95, L:/127.0.0.1:64195 - R:localhost/127.0.0.1:18432] for POST '/session/df6a6576b4ee226eb544544e8f0bf034/element/5f1fb3a6-c54a-43f0-adc1-8a552606ea61/element'
10:50:20.072 [AsyncHttpClient-1-8] DEBUG org.asynchttpclient.netty.handler.HttpHandler - 

Request DefaultHttpRequest(decodeResult: success, version: HTTP/1.1)
POST /session/df6a6576b4ee226eb544544e8f0bf034/element/5f1fb3a6-c54a-43f0-adc1-8a552606ea61/element HTTP/1.1
User-Agent: selenium/4.5.3 (java mac)
Content-Length: 106
Content-Type: application/json; charset=utf-8
host: localhost:18432
accept: */*

Response DefaultHttpResponse(decodeResult: success, version: HTTP/1.1)
HTTP/1.1 200 OK
Content-Length: 88
Content-Type: application/json; charset=utf-8
cache-control: no-cache

10:50:20.072 [AsyncHttpClient-1-8] DEBUG org.asynchttpclient.netty.channel.ChannelManager - Adding key: http://localhost:18432 for channel [id: 0xee5c3a95, L:/127.0.0.1:64195 - R:localhost/127.0.0.1:18432]
10:50:20.073 [Forwarding getElementText on session df6a6576b4ee226eb544544e8f0bf034 to remote] DEBUG org.asynchttpclient.netty.request.NettyRequestSender - Using pooled Channel '[id: 0xee5c3a95, L:/127.0.0.1:64195 - R:localhost/127.0.0.1:18432]' for 'GET' to 'http://localhost:18432/session/df6a6576b4ee226eb544544e8f0bf034/element/d234b5cb-017f-40a1-87a9-89b826b09138/text'
10:50:20.074 [Forwarding getElementText on session df6a6576b4ee226eb544544e8f0bf034 to remote] DEBUG org.asynchttpclient.netty.request.NettyRequestSender - Using open Channel [id: 0xee5c3a95, L:/127.0.0.1:64195 - R:localhost/127.0.0.1:18432] for GET '/session/df6a6576b4ee226eb544544e8f0bf034/element/d234b5cb-017f-40a1-87a9-89b826b09138/text'
10:50:20.208 [AsyncHttpClient-1-8] DEBUG org.asynchttpclient.netty.handler.HttpHandler - 

Request DefaultFullHttpRequest(decodeResult: success, version: HTTP/1.1, content: EmptyByteBufBE)
GET /session/df6a6576b4ee226eb544544e8f0bf034/element/d234b5cb-017f-40a1-87a9-89b826b09138/text HTTP/1.1
User-Agent: selenium/4.5.3 (java mac)
Cache-Control: no-cache
Content-Type: application/json; charset=utf-8
host: localhost:18432
accept: */*

Response DefaultHttpResponse(decodeResult: success, version: HTTP/1.1)
HTTP/1.1 200 OK
Content-Length: 30
Content-Type: application/json; charset=utf-8
cache-control: no-cache

10:50:20.209 [AsyncHttpClient-1-8] DEBUG org.asynchttpclient.netty.channel.ChannelManager - Adding key: http://localhost:18432 for channel [id: 0xee5c3a95, L:/127.0.0.1:64195 - R:localhost/127.0.0.1:18432]
10:50:20.212 [Forwarding findChildElement on session df6a6576b4ee226eb544544e8f0bf034 to remote] DEBUG org.asynchttpclient.netty.request.NettyRequestSender - Using pooled Channel '[id: 0xee5c3a95, L:/127.0.0.1:64195 - R:localhost/127.0.0.1:18432]' for 'POST' to 'http://localhost:18432/session/df6a6576b4ee226eb544544e8f0bf034/element/8f22b968-4965-4caa-bda9-80529811cb58/element'
10:50:20.212 [Forwarding findChildElement on session df6a6576b4ee226eb544544e8f0bf034 to remote] DEBUG org.asynchttpclient.netty.request.NettyRequestSender - Using open Channel [id: 0xee5c3a95, L:/127.0.0.1:64195 - R:localhost/127.0.0.1:18432] for POST '/session/df6a6576b4ee226eb544544e8f0bf034/element/8f22b968-4965-4caa-bda9-80529811cb58/element'
10:50:20.359 [AsyncHttpClient-1-8] DEBUG org.asynchttpclient.netty.handler.HttpHandler - 

Request DefaultHttpRequest(decodeResult: success, version: HTTP/1.1)
POST /session/df6a6576b4ee226eb544544e8f0bf034/element/8f22b968-4965-4caa-bda9-80529811cb58/element HTTP/1.1
User-Agent: selenium/4.5.3 (java mac)
Content-Length: 106
Content-Type: application/json; charset=utf-8
host: localhost:18432
accept: */*

Response DefaultHttpResponse(decodeResult: success, version: HTTP/1.1)
HTTP/1.1 200 OK
Content-Length: 88
Content-Type: application/json; charset=utf-8
cache-control: no-cache

10:50:20.360 [AsyncHttpClient-1-8] DEBUG org.asynchttpclient.netty.channel.ChannelManager - Adding key: http://localhost:18432 for channel [id: 0xee5c3a95, L:/127.0.0.1:64195 - R:localhost/127.0.0.1:18432]
10:50:20.361 [Forwarding getElementText on session df6a6576b4ee226eb544544e8f0bf034 to remote] DEBUG org.asynchttpclient.netty.request.NettyRequestSender - Using pooled Channel '[id: 0xee5c3a95, L:/127.0.0.1:64195 - R:localhost/127.0.0.1:18432]' for 'GET' to 'http://localhost:18432/session/df6a6576b4ee226eb544544e8f0bf034/element/617857e5-26ca-4fdb-a998-4ecfd379f443/text'
10:50:20.361 [Forwarding getElementText on session df6a6576b4ee226eb544544e8f0bf034 to remote] DEBUG org.asynchttpclient.netty.request.NettyRequestSender - Using open Channel [id: 0xee5c3a95, L:/127.0.0.1:64195 - R:localhost/127.0.0.1:18432] for GET '/session/df6a6576b4ee226eb544544e8f0bf034/element/617857e5-26ca-4fdb-a998-4ecfd379f443/text'
10:50:20.480 [AsyncHttpClient-1-8] DEBUG org.asynchttpclient.netty.handler.HttpHandler - 

Request DefaultFullHttpRequest(decodeResult: success, version: HTTP/1.1, content: EmptyByteBufBE)
GET /session/df6a6576b4ee226eb544544e8f0bf034/element/617857e5-26ca-4fdb-a998-4ecfd379f443/text HTTP/1.1
User-Agent: selenium/4.5.3 (java mac)
Cache-Control: no-cache
Content-Type: application/json; charset=utf-8
host: localhost:18432
accept: */*

Response DefaultHttpResponse(decodeResult: success, version: HTTP/1.1)
HTTP/1.1 200 OK
Content-Length: 89
Content-Type: application/json; charset=utf-8
cache-control: no-cache

10:50:20.480 [AsyncHttpClient-1-8] DEBUG org.asynchttpclient.netty.channel.ChannelManager - Adding key: http://localhost:18432 for channel [id: 0xee5c3a95, L:/127.0.0.1:64195 - R:localhost/127.0.0.1:18432]
10:50:20.482 [Forwarding findChildElement on session df6a6576b4ee226eb544544e8f0bf034 to remote] DEBUG org.asynchttpclient.netty.request.NettyRequestSender - Using pooled Channel '[id: 0xee5c3a95, L:/127.0.0.1:64195 - R:localhost/127.0.0.1:18432]' for 'POST' to 'http://localhost:18432/session/df6a6576b4ee226eb544544e8f0bf034/element/8f22b968-4965-4caa-bda9-80529811cb58/element'
10:50:20.482 [Forwarding findChildElement on session df6a6576b4ee226eb544544e8f0bf034 to remote] DEBUG org.asynchttpclient.netty.request.NettyRequestSender - Using open Channel [id: 0xee5c3a95, L:/127.0.0.1:64195 - R:localhost/127.0.0.1:18432] for POST '/session/df6a6576b4ee226eb544544e8f0bf034/element/8f22b968-4965-4caa-bda9-80529811cb58/element'
10:50:20.551 [AsyncHttpClient-1-8] DEBUG org.asynchttpclient.netty.handler.HttpHandler - 

Request DefaultHttpRequest(decodeResult: success, version: HTTP/1.1)
POST /session/df6a6576b4ee226eb544544e8f0bf034/element/8f22b968-4965-4caa-bda9-80529811cb58/element HTTP/1.1
User-Agent: selenium/4.5.3 (java mac)
Content-Length: 106
Content-Type: application/json; charset=utf-8
host: localhost:18432
accept: */*

Response DefaultHttpResponse(decodeResult: success, version: HTTP/1.1)
HTTP/1.1 200 OK
Content-Length: 88
Content-Type: application/json; charset=utf-8
cache-control: no-cache

10:50:20.551 [AsyncHttpClient-1-8] DEBUG org.asynchttpclient.netty.channel.ChannelManager - Adding key: http://localhost:18432 for channel [id: 0xee5c3a95, L:/127.0.0.1:64195 - R:localhost/127.0.0.1:18432]
10:50:20.553 [Forwarding getElementText on session df6a6576b4ee226eb544544e8f0bf034 to remote] DEBUG org.asynchttpclient.netty.request.NettyRequestSender - Using pooled Channel '[id: 0xee5c3a95, L:/127.0.0.1:64195 - R:localhost/127.0.0.1:18432]' for 'GET' to 'http://localhost:18432/session/df6a6576b4ee226eb544544e8f0bf034/element/91960fe2-c046-49be-963b-9d40b9e3992b/text'
10:50:20.553 [Forwarding getElementText on session df6a6576b4ee226eb544544e8f0bf034 to remote] DEBUG org.asynchttpclient.netty.request.NettyRequestSender - Using open Channel [id: 0xee5c3a95, L:/127.0.0.1:64195 - R:localhost/127.0.0.1:18432] for GET '/session/df6a6576b4ee226eb544544e8f0bf034/element/91960fe2-c046-49be-963b-9d40b9e3992b/text'
10:50:20.619 [AsyncHttpClient-1-8] DEBUG org.asynchttpclient.netty.handler.HttpHandler - 

Request DefaultFullHttpRequest(decodeResult: success, version: HTTP/1.1, content: EmptyByteBufBE)
GET /session/df6a6576b4ee226eb544544e8f0bf034/element/91960fe2-c046-49be-963b-9d40b9e3992b/text HTTP/1.1
User-Agent: selenium/4.5.3 (java mac)
Cache-Control: no-cache
Content-Type: application/json; charset=utf-8
host: localhost:18432
accept: */*

Response DefaultHttpResponse(decodeResult: success, version: HTTP/1.1)
HTTP/1.1 200 OK
Content-Length: 30
Content-Type: application/json; charset=utf-8
cache-control: no-cache

10:50:20.619 [AsyncHttpClient-1-8] DEBUG org.asynchttpclient.netty.channel.ChannelManager - Adding key: http://localhost:18432 for channel [id: 0xee5c3a95, L:/127.0.0.1:64195 - R:localhost/127.0.0.1:18432]
10:50:20.622 [Forwarding findChildElement on session df6a6576b4ee226eb544544e8f0bf034 to remote] DEBUG org.asynchttpclient.netty.request.NettyRequestSender - Using pooled Channel '[id: 0xee5c3a95, L:/127.0.0.1:64195 - R:localhost/127.0.0.1:18432]' for 'POST' to 'http://localhost:18432/session/df6a6576b4ee226eb544544e8f0bf034/element/49e937b9-2893-446f-9756-9ccf697e68bb/element'
10:50:20.622 [Forwarding findChildElement on session df6a6576b4ee226eb544544e8f0bf034 to remote] DEBUG org.asynchttpclient.netty.request.NettyRequestSender - Using open Channel [id: 0xee5c3a95, L:/127.0.0.1:64195 - R:localhost/127.0.0.1:18432] for POST '/session/df6a6576b4ee226eb544544e8f0bf034/element/49e937b9-2893-446f-9756-9ccf697e68bb/element'
10:50:20.672 [AsyncHttpClient-1-8] DEBUG org.asynchttpclient.netty.handler.HttpHandler - 

Request DefaultHttpRequest(decodeResult: success, version: HTTP/1.1)
POST /session/df6a6576b4ee226eb544544e8f0bf034/element/49e937b9-2893-446f-9756-9ccf697e68bb/element HTTP/1.1
User-Agent: selenium/4.5.3 (java mac)
Content-Length: 106
Content-Type: application/json; charset=utf-8
host: localhost:18432
accept: */*

Response DefaultHttpResponse(decodeResult: success, version: HTTP/1.1)
HTTP/1.1 200 OK
Content-Length: 88
Content-Type: application/json; charset=utf-8
cache-control: no-cache

10:50:20.672 [AsyncHttpClient-1-8] DEBUG org.asynchttpclient.netty.channel.ChannelManager - Adding key: http://localhost:18432 for channel [id: 0xee5c3a95, L:/127.0.0.1:64195 - R:localhost/127.0.0.1:18432]
10:50:20.674 [Forwarding getElementText on session df6a6576b4ee226eb544544e8f0bf034 to remote] DEBUG org.asynchttpclient.netty.request.NettyRequestSender - Using pooled Channel '[id: 0xee5c3a95, L:/127.0.0.1:64195 - R:localhost/127.0.0.1:18432]' for 'GET' to 'http://localhost:18432/session/df6a6576b4ee226eb544544e8f0bf034/element/fc85d5c5-ff30-47bc-ac92-20f51021dda2/text'
10:50:20.674 [Forwarding getElementText on session df6a6576b4ee226eb544544e8f0bf034 to remote] DEBUG org.asynchttpclient.netty.request.NettyRequestSender - Using open Channel [id: 0xee5c3a95, L:/127.0.0.1:64195 - R:localhost/127.0.0.1:18432] for GET '/session/df6a6576b4ee226eb544544e8f0bf034/element/fc85d5c5-ff30-47bc-ac92-20f51021dda2/text'
10:50:20.841 [AsyncHttpClient-1-8] DEBUG org.asynchttpclient.netty.handler.HttpHandler - 

Request DefaultFullHttpRequest(decodeResult: success, version: HTTP/1.1, content: EmptyByteBufBE)
GET /session/df6a6576b4ee226eb544544e8f0bf034/element/fc85d5c5-ff30-47bc-ac92-20f51021dda2/text HTTP/1.1
User-Agent: selenium/4.5.3 (java mac)
Cache-Control: no-cache
Content-Type: application/json; charset=utf-8
host: localhost:18432
accept: */*

Response DefaultHttpResponse(decodeResult: success, version: HTTP/1.1)
HTTP/1.1 200 OK
Content-Length: 82
Content-Type: application/json; charset=utf-8
cache-control: no-cache

10:50:20.841 [AsyncHttpClient-1-8] DEBUG org.asynchttpclient.netty.channel.ChannelManager - Adding key: http://localhost:18432 for channel [id: 0xee5c3a95, L:/127.0.0.1:64195 - R:localhost/127.0.0.1:18432]
10:50:20.851 [Forwarding findChildElement on session df6a6576b4ee226eb544544e8f0bf034 to remote] DEBUG org.asynchttpclient.netty.request.NettyRequestSender - Using pooled Channel '[id: 0xee5c3a95, L:/127.0.0.1:64195 - R:localhost/127.0.0.1:18432]' for 'POST' to 'http://localhost:18432/session/df6a6576b4ee226eb544544e8f0bf034/element/49e937b9-2893-446f-9756-9ccf697e68bb/element'
10:50:20.851 [Forwarding findChildElement on session df6a6576b4ee226eb544544e8f0bf034 to remote] DEBUG org.asynchttpclient.netty.request.NettyRequestSender - Using open Channel [id: 0xee5c3a95, L:/127.0.0.1:64195 - R:localhost/127.0.0.1:18432] for POST '/session/df6a6576b4ee226eb544544e8f0bf034/element/49e937b9-2893-446f-9756-9ccf697e68bb/element'
10:50:21.052 [AsyncHttpClient-1-8] DEBUG org.asynchttpclient.netty.handler.HttpHandler - 

Request DefaultHttpRequest(decodeResult: success, version: HTTP/1.1)
POST /session/df6a6576b4ee226eb544544e8f0bf034/element/49e937b9-2893-446f-9756-9ccf697e68bb/element HTTP/1.1
User-Agent: selenium/4.5.3 (java mac)
Content-Length: 106
Content-Type: application/json; charset=utf-8
host: localhost:18432
accept: */*

Response DefaultHttpResponse(decodeResult: success, version: HTTP/1.1)
HTTP/1.1 200 OK
Content-Length: 88
Content-Type: application/json; charset=utf-8
cache-control: no-cache

10:50:21.053 [AsyncHttpClient-1-8] DEBUG org.asynchttpclient.netty.channel.ChannelManager - Adding key: http://localhost:18432 for channel [id: 0xee5c3a95, L:/127.0.0.1:64195 - R:localhost/127.0.0.1:18432]
10:50:21.054 [Forwarding getElementText on session df6a6576b4ee226eb544544e8f0bf034 to remote] DEBUG org.asynchttpclient.netty.request.NettyRequestSender - Using pooled Channel '[id: 0xee5c3a95, L:/127.0.0.1:64195 - R:localhost/127.0.0.1:18432]' for 'GET' to 'http://localhost:18432/session/df6a6576b4ee226eb544544e8f0bf034/element/947f381c-4946-448f-a8c3-e7bf1b789eb7/text'
10:50:21.054 [Forwarding getElementText on session df6a6576b4ee226eb544544e8f0bf034 to remote] DEBUG org.asynchttpclient.netty.request.NettyRequestSender - Using open Channel [id: 0xee5c3a95, L:/127.0.0.1:64195 - R:localhost/127.0.0.1:18432] for GET '/session/df6a6576b4ee226eb544544e8f0bf034/element/947f381c-4946-448f-a8c3-e7bf1b789eb7/text'
10:50:21.305 [AsyncHttpClient-1-8] DEBUG org.asynchttpclient.netty.handler.HttpHandler - 

Request DefaultFullHttpRequest(decodeResult: success, version: HTTP/1.1, content: EmptyByteBufBE)
GET /session/df6a6576b4ee226eb544544e8f0bf034/element/947f381c-4946-448f-a8c3-e7bf1b789eb7/text HTTP/1.1
User-Agent: selenium/4.5.3 (java mac)
Cache-Control: no-cache
Content-Type: application/json; charset=utf-8
host: localhost:18432
accept: */*

Response DefaultHttpResponse(decodeResult: success, version: HTTP/1.1)
HTTP/1.1 200 OK
Content-Length: 30
Content-Type: application/json; charset=utf-8
cache-control: no-cache

10:50:21.306 [AsyncHttpClient-1-8] DEBUG org.asynchttpclient.netty.channel.ChannelManager - Adding key: http://localhost:18432 for channel [id: 0xee5c3a95, L:/127.0.0.1:64195 - R:localhost/127.0.0.1:18432]
10:50:21.307 [Forwarding findChildElement on session df6a6576b4ee226eb544544e8f0bf034 to remote] DEBUG org.asynchttpclient.netty.request.NettyRequestSender - Using pooled Channel '[id: 0xee5c3a95, L:/127.0.0.1:64195 - R:localhost/127.0.0.1:18432]' for 'POST' to 'http://localhost:18432/session/df6a6576b4ee226eb544544e8f0bf034/element/aad3e814-8dad-4b1d-9ad7-b8029cd25f1f/element'
10:50:21.307 [Forwarding findChildElement on session df6a6576b4ee226eb544544e8f0bf034 to remote] DEBUG org.asynchttpclient.netty.request.NettyRequestSender - Using open Channel [id: 0xee5c3a95, L:/127.0.0.1:64195 - R:localhost/127.0.0.1:18432] for POST '/session/df6a6576b4ee226eb544544e8f0bf034/element/aad3e814-8dad-4b1d-9ad7-b8029cd25f1f/element'
10:50:21.405 [AsyncHttpClient-1-8] DEBUG org.asynchttpclient.netty.handler.HttpHandler - 

Request DefaultHttpRequest(decodeResult: success, version: HTTP/1.1)
POST /session/df6a6576b4ee226eb544544e8f0bf034/element/aad3e814-8dad-4b1d-9ad7-b8029cd25f1f/element HTTP/1.1
User-Agent: selenium/4.5.3 (java mac)
Content-Length: 106
Content-Type: application/json; charset=utf-8
host: localhost:18432
accept: */*

Response DefaultHttpResponse(decodeResult: success, version: HTTP/1.1)
HTTP/1.1 200 OK
Content-Length: 88
Content-Type: application/json; charset=utf-8
cache-control: no-cache

10:50:21.405 [AsyncHttpClient-1-8] DEBUG org.asynchttpclient.netty.channel.ChannelManager - Adding key: http://localhost:18432 for channel [id: 0xee5c3a95, L:/127.0.0.1:64195 - R:localhost/127.0.0.1:18432]
10:50:21.407 [Forwarding getElementText on session df6a6576b4ee226eb544544e8f0bf034 to remote] DEBUG org.asynchttpclient.netty.request.NettyRequestSender - Using pooled Channel '[id: 0xee5c3a95, L:/127.0.0.1:64195 - R:localhost/127.0.0.1:18432]' for 'GET' to 'http://localhost:18432/session/df6a6576b4ee226eb544544e8f0bf034/element/8d6c8a85-b2c4-46fb-9659-816bafc1ffe2/text'
10:50:21.407 [Forwarding getElementText on session df6a6576b4ee226eb544544e8f0bf034 to remote] DEBUG org.asynchttpclient.netty.request.NettyRequestSender - Using open Channel [id: 0xee5c3a95, L:/127.0.0.1:64195 - R:localhost/127.0.0.1:18432] for GET '/session/df6a6576b4ee226eb544544e8f0bf034/element/8d6c8a85-b2c4-46fb-9659-816bafc1ffe2/text'
10:50:21.585 [AsyncHttpClient-1-8] DEBUG org.asynchttpclient.netty.handler.HttpHandler - 

Request DefaultFullHttpRequest(decodeResult: success, version: HTTP/1.1, content: EmptyByteBufBE)
GET /session/df6a6576b4ee226eb544544e8f0bf034/element/8d6c8a85-b2c4-46fb-9659-816bafc1ffe2/text HTTP/1.1
User-Agent: selenium/4.5.3 (java mac)
Cache-Control: no-cache
Content-Type: application/json; charset=utf-8
host: localhost:18432
accept: */*

Response DefaultHttpResponse(decodeResult: success, version: HTTP/1.1)
HTTP/1.1 200 OK
Content-Length: 90
Content-Type: application/json; charset=utf-8
cache-control: no-cache

10:50:21.586 [AsyncHttpClient-1-8] DEBUG org.asynchttpclient.netty.channel.ChannelManager - Adding key: http://localhost:18432 for channel [id: 0xee5c3a95, L:/127.0.0.1:64195 - R:localhost/127.0.0.1:18432]
10:50:21.589 [Forwarding findChildElement on session df6a6576b4ee226eb544544e8f0bf034 to remote] DEBUG org.asynchttpclient.netty.request.NettyRequestSender - Using pooled Channel '[id: 0xee5c3a95, L:/127.0.0.1:64195 - R:localhost/127.0.0.1:18432]' for 'POST' to 'http://localhost:18432/session/df6a6576b4ee226eb544544e8f0bf034/element/aad3e814-8dad-4b1d-9ad7-b8029cd25f1f/element'
10:50:21.589 [Forwarding findChildElement on session df6a6576b4ee226eb544544e8f0bf034 to remote] DEBUG org.asynchttpclient.netty.request.NettyRequestSender - Using open Channel [id: 0xee5c3a95, L:/127.0.0.1:64195 - R:localhost/127.0.0.1:18432] for POST '/session/df6a6576b4ee226eb544544e8f0bf034/element/aad3e814-8dad-4b1d-9ad7-b8029cd25f1f/element'
10:50:21.638 [AsyncHttpClient-1-8] DEBUG org.asynchttpclient.netty.handler.HttpHandler - 

Request DefaultHttpRequest(decodeResult: success, version: HTTP/1.1)
POST /session/df6a6576b4ee226eb544544e8f0bf034/element/aad3e814-8dad-4b1d-9ad7-b8029cd25f1f/element HTTP/1.1
User-Agent: selenium/4.5.3 (java mac)
Content-Length: 106
Content-Type: application/json; charset=utf-8
host: localhost:18432
accept: */*

Response DefaultHttpResponse(decodeResult: success, version: HTTP/1.1)
HTTP/1.1 200 OK
Content-Length: 88
Content-Type: application/json; charset=utf-8
cache-control: no-cache

10:50:21.639 [AsyncHttpClient-1-8] DEBUG org.asynchttpclient.netty.channel.ChannelManager - Adding key: http://localhost:18432 for channel [id: 0xee5c3a95, L:/127.0.0.1:64195 - R:localhost/127.0.0.1:18432]
10:50:21.640 [Forwarding getElementText on session df6a6576b4ee226eb544544e8f0bf034 to remote] DEBUG org.asynchttpclient.netty.request.NettyRequestSender - Using pooled Channel '[id: 0xee5c3a95, L:/127.0.0.1:64195 - R:localhost/127.0.0.1:18432]' for 'GET' to 'http://localhost:18432/session/df6a6576b4ee226eb544544e8f0bf034/element/930b0c5a-0bb8-4350-afda-5175a924366c/text'
10:50:21.640 [Forwarding getElementText on session df6a6576b4ee226eb544544e8f0bf034 to remote] DEBUG org.asynchttpclient.netty.request.NettyRequestSender - Using open Channel [id: 0xee5c3a95, L:/127.0.0.1:64195 - R:localhost/127.0.0.1:18432] for GET '/session/df6a6576b4ee226eb544544e8f0bf034/element/930b0c5a-0bb8-4350-afda-5175a924366c/text'
10:50:21.663 [AsyncHttpClient-1-8] DEBUG org.asynchttpclient.netty.handler.HttpHandler - 

Request DefaultFullHttpRequest(decodeResult: success, version: HTTP/1.1, content: EmptyByteBufBE)
GET /session/df6a6576b4ee226eb544544e8f0bf034/element/930b0c5a-0bb8-4350-afda-5175a924366c/text HTTP/1.1
User-Agent: selenium/4.5.3 (java mac)
Cache-Control: no-cache
Content-Type: application/json; charset=utf-8
host: localhost:18432
accept: */*

Response DefaultHttpResponse(decodeResult: success, version: HTTP/1.1)
HTTP/1.1 200 OK
Content-Length: 30
Content-Type: application/json; charset=utf-8
cache-control: no-cache

10:50:21.664 [AsyncHttpClient-1-8] DEBUG org.asynchttpclient.netty.channel.ChannelManager - Adding key: http://localhost:18432 for channel [id: 0xee5c3a95, L:/127.0.0.1:64195 - R:localhost/127.0.0.1:18432]
10:50:21.665 [Forwarding findChildElement on session df6a6576b4ee226eb544544e8f0bf034 to remote] DEBUG org.asynchttpclient.netty.request.NettyRequestSender - Using pooled Channel '[id: 0xee5c3a95, L:/127.0.0.1:64195 - R:localhost/127.0.0.1:18432]' for 'POST' to 'http://localhost:18432/session/df6a6576b4ee226eb544544e8f0bf034/element/7c0609a4-57f1-4c82-9b9e-7e09b6cf2769/element'
10:50:21.666 [Forwarding findChildElement on session df6a6576b4ee226eb544544e8f0bf034 to remote] DEBUG org.asynchttpclient.netty.request.NettyRequestSender - Using open Channel [id: 0xee5c3a95, L:/127.0.0.1:64195 - R:localhost/127.0.0.1:18432] for POST '/session/df6a6576b4ee226eb544544e8f0bf034/element/7c0609a4-57f1-4c82-9b9e-7e09b6cf2769/element'
10:50:21.848 [AsyncHttpClient-1-8] DEBUG org.asynchttpclient.netty.handler.HttpHandler - 

Request DefaultHttpRequest(decodeResult: success, version: HTTP/1.1)
POST /session/df6a6576b4ee226eb544544e8f0bf034/element/7c0609a4-57f1-4c82-9b9e-7e09b6cf2769/element HTTP/1.1
User-Agent: selenium/4.5.3 (java mac)
Content-Length: 106
Content-Type: application/json; charset=utf-8
host: localhost:18432
accept: */*

Response DefaultHttpResponse(decodeResult: success, version: HTTP/1.1)
HTTP/1.1 200 OK
Content-Length: 88
Content-Type: application/json; charset=utf-8
cache-control: no-cache

10:50:21.848 [AsyncHttpClient-1-8] DEBUG org.asynchttpclient.netty.channel.ChannelManager - Adding key: http://localhost:18432 for channel [id: 0xee5c3a95, L:/127.0.0.1:64195 - R:localhost/127.0.0.1:18432]
10:50:21.850 [Forwarding getElementText on session df6a6576b4ee226eb544544e8f0bf034 to remote] DEBUG org.asynchttpclient.netty.request.NettyRequestSender - Using pooled Channel '[id: 0xee5c3a95, L:/127.0.0.1:64195 - R:localhost/127.0.0.1:18432]' for 'GET' to 'http://localhost:18432/session/df6a6576b4ee226eb544544e8f0bf034/element/a287f0d2-59f2-40b7-b076-d844dad35b10/text'
10:50:21.850 [Forwarding getElementText on session df6a6576b4ee226eb544544e8f0bf034 to remote] DEBUG org.asynchttpclient.netty.request.NettyRequestSender - Using open Channel [id: 0xee5c3a95, L:/127.0.0.1:64195 - R:localhost/127.0.0.1:18432] for GET '/session/df6a6576b4ee226eb544544e8f0bf034/element/a287f0d2-59f2-40b7-b076-d844dad35b10/text'
10:50:21.912 [AsyncHttpClient-1-8] DEBUG org.asynchttpclient.netty.handler.HttpHandler - 

Request DefaultFullHttpRequest(decodeResult: success, version: HTTP/1.1, content: EmptyByteBufBE)
GET /session/df6a6576b4ee226eb544544e8f0bf034/element/a287f0d2-59f2-40b7-b076-d844dad35b10/text HTTP/1.1
User-Agent: selenium/4.5.3 (java mac)
Cache-Control: no-cache
Content-Type: application/json; charset=utf-8
host: localhost:18432
accept: */*

Response DefaultHttpResponse(decodeResult: success, version: HTTP/1.1)
HTTP/1.1 200 OK
Content-Length: 71
Content-Type: application/json; charset=utf-8
cache-control: no-cache

10:50:21.913 [AsyncHttpClient-1-8] DEBUG org.asynchttpclient.netty.channel.ChannelManager - Adding key: http://localhost:18432 for channel [id: 0xee5c3a95, L:/127.0.0.1:64195 - R:localhost/127.0.0.1:18432]
10:50:21.915 [Forwarding findChildElement on session df6a6576b4ee226eb544544e8f0bf034 to remote] DEBUG org.asynchttpclient.netty.request.NettyRequestSender - Using pooled Channel '[id: 0xee5c3a95, L:/127.0.0.1:64195 - R:localhost/127.0.0.1:18432]' for 'POST' to 'http://localhost:18432/session/df6a6576b4ee226eb544544e8f0bf034/element/7c0609a4-57f1-4c82-9b9e-7e09b6cf2769/element'
10:50:21.915 [Forwarding findChildElement on session df6a6576b4ee226eb544544e8f0bf034 to remote] DEBUG org.asynchttpclient.netty.request.NettyRequestSender - Using open Channel [id: 0xee5c3a95, L:/127.0.0.1:64195 - R:localhost/127.0.0.1:18432] for POST '/session/df6a6576b4ee226eb544544e8f0bf034/element/7c0609a4-57f1-4c82-9b9e-7e09b6cf2769/element'
10:50:22.118 [AsyncHttpClient-1-8] DEBUG org.asynchttpclient.netty.handler.HttpHandler - 

Request DefaultHttpRequest(decodeResult: success, version: HTTP/1.1)
POST /session/df6a6576b4ee226eb544544e8f0bf034/element/7c0609a4-57f1-4c82-9b9e-7e09b6cf2769/element HTTP/1.1
User-Agent: selenium/4.5.3 (java mac)
Content-Length: 106
Content-Type: application/json; charset=utf-8
host: localhost:18432
accept: */*

Response DefaultHttpResponse(decodeResult: success, version: HTTP/1.1)
HTTP/1.1 200 OK
Content-Length: 88
Content-Type: application/json; charset=utf-8
cache-control: no-cache

10:50:22.118 [AsyncHttpClient-1-8] DEBUG org.asynchttpclient.netty.channel.ChannelManager - Adding key: http://localhost:18432 for channel [id: 0xee5c3a95, L:/127.0.0.1:64195 - R:localhost/127.0.0.1:18432]
10:50:22.120 [Forwarding getElementText on session df6a6576b4ee226eb544544e8f0bf034 to remote] DEBUG org.asynchttpclient.netty.request.NettyRequestSender - Using pooled Channel '[id: 0xee5c3a95, L:/127.0.0.1:64195 - R:localhost/127.0.0.1:18432]' for 'GET' to 'http://localhost:18432/session/df6a6576b4ee226eb544544e8f0bf034/element/98b1d58f-8f3c-4ea0-b0bb-5e93a891dc0f/text'
10:50:22.120 [Forwarding getElementText on session df6a6576b4ee226eb544544e8f0bf034 to remote] DEBUG org.asynchttpclient.netty.request.NettyRequestSender - Using open Channel [id: 0xee5c3a95, L:/127.0.0.1:64195 - R:localhost/127.0.0.1:18432] for GET '/session/df6a6576b4ee226eb544544e8f0bf034/element/98b1d58f-8f3c-4ea0-b0bb-5e93a891dc0f/text'
10:50:22.191 [AsyncHttpClient-1-8] DEBUG org.asynchttpclient.netty.handler.HttpHandler - 

Request DefaultFullHttpRequest(decodeResult: success, version: HTTP/1.1, content: EmptyByteBufBE)
GET /session/df6a6576b4ee226eb544544e8f0bf034/element/98b1d58f-8f3c-4ea0-b0bb-5e93a891dc0f/text HTTP/1.1
User-Agent: selenium/4.5.3 (java mac)
Cache-Control: no-cache
Content-Type: application/json; charset=utf-8
host: localhost:18432
accept: */*

Response DefaultHttpResponse(decodeResult: success, version: HTTP/1.1)
HTTP/1.1 200 OK
Content-Length: 18
Content-Type: application/json; charset=utf-8
cache-control: no-cache

10:50:22.191 [AsyncHttpClient-1-8] DEBUG org.asynchttpclient.netty.channel.ChannelManager - Adding key: http://localhost:18432 for channel [id: 0xee5c3a95, L:/127.0.0.1:64195 - R:localhost/127.0.0.1:18432]
10:50:22.194 [Forwarding findChildElement on session df6a6576b4ee226eb544544e8f0bf034 to remote] DEBUG org.asynchttpclient.netty.request.NettyRequestSender - Using pooled Channel '[id: 0xee5c3a95, L:/127.0.0.1:64195 - R:localhost/127.0.0.1:18432]' for 'POST' to 'http://localhost:18432/session/df6a6576b4ee226eb544544e8f0bf034/element/a496fa08-4185-4d4f-96fe-ea53603428fe/element'
10:50:22.194 [Forwarding findChildElement on session df6a6576b4ee226eb544544e8f0bf034 to remote] DEBUG org.asynchttpclient.netty.request.NettyRequestSender - Using open Channel [id: 0xee5c3a95, L:/127.0.0.1:64195 - R:localhost/127.0.0.1:18432] for POST '/session/df6a6576b4ee226eb544544e8f0bf034/element/a496fa08-4185-4d4f-96fe-ea53603428fe/element'
10:50:22.255 [AsyncHttpClient-1-8] DEBUG org.asynchttpclient.netty.handler.HttpHandler - 

Request DefaultHttpRequest(decodeResult: success, version: HTTP/1.1)
POST /session/df6a6576b4ee226eb544544e8f0bf034/element/a496fa08-4185-4d4f-96fe-ea53603428fe/element HTTP/1.1
User-Agent: selenium/4.5.3 (java mac)
Content-Length: 106
Content-Type: application/json; charset=utf-8
host: localhost:18432
accept: */*

Response DefaultHttpResponse(decodeResult: success, version: HTTP/1.1)
HTTP/1.1 200 OK
Content-Length: 88
Content-Type: application/json; charset=utf-8
cache-control: no-cache

10:50:22.256 [AsyncHttpClient-1-8] DEBUG org.asynchttpclient.netty.channel.ChannelManager - Adding key: http://localhost:18432 for channel [id: 0xee5c3a95, L:/127.0.0.1:64195 - R:localhost/127.0.0.1:18432]
10:50:22.257 [Forwarding getElementText on session df6a6576b4ee226eb544544e8f0bf034 to remote] DEBUG org.asynchttpclient.netty.request.NettyRequestSender - Using pooled Channel '[id: 0xee5c3a95, L:/127.0.0.1:64195 - R:localhost/127.0.0.1:18432]' for 'GET' to 'http://localhost:18432/session/df6a6576b4ee226eb544544e8f0bf034/element/300f45d3-2f96-4ec0-98ad-cf595eb1a720/text'
10:50:22.257 [Forwarding getElementText on session df6a6576b4ee226eb544544e8f0bf034 to remote] DEBUG org.asynchttpclient.netty.request.NettyRequestSender - Using open Channel [id: 0xee5c3a95, L:/127.0.0.1:64195 - R:localhost/127.0.0.1:18432] for GET '/session/df6a6576b4ee226eb544544e8f0bf034/element/300f45d3-2f96-4ec0-98ad-cf595eb1a720/text'
10:50:22.322 [AsyncHttpClient-1-8] DEBUG org.asynchttpclient.netty.handler.HttpHandler - 

Request DefaultFullHttpRequest(decodeResult: success, version: HTTP/1.1, content: EmptyByteBufBE)
GET /session/df6a6576b4ee226eb544544e8f0bf034/element/300f45d3-2f96-4ec0-98ad-cf595eb1a720/text HTTP/1.1
User-Agent: selenium/4.5.3 (java mac)
Cache-Control: no-cache
Content-Type: application/json; charset=utf-8
host: localhost:18432
accept: */*

Response DefaultHttpResponse(decodeResult: success, version: HTTP/1.1)
HTTP/1.1 200 OK
Content-Length: 88
Content-Type: application/json; charset=utf-8
cache-control: no-cache

10:50:22.322 [AsyncHttpClient-1-8] DEBUG org.asynchttpclient.netty.channel.ChannelManager - Adding key: http://localhost:18432 for channel [id: 0xee5c3a95, L:/127.0.0.1:64195 - R:localhost/127.0.0.1:18432]
10:50:22.325 [Forwarding findChildElement on session df6a6576b4ee226eb544544e8f0bf034 to remote] DEBUG org.asynchttpclient.netty.request.NettyRequestSender - Using pooled Channel '[id: 0xee5c3a95, L:/127.0.0.1:64195 - R:localhost/127.0.0.1:18432]' for 'POST' to 'http://localhost:18432/session/df6a6576b4ee226eb544544e8f0bf034/element/a496fa08-4185-4d4f-96fe-ea53603428fe/element'
10:50:22.325 [Forwarding findChildElement on session df6a6576b4ee226eb544544e8f0bf034 to remote] DEBUG org.asynchttpclient.netty.request.NettyRequestSender - Using open Channel [id: 0xee5c3a95, L:/127.0.0.1:64195 - R:localhost/127.0.0.1:18432] for POST '/session/df6a6576b4ee226eb544544e8f0bf034/element/a496fa08-4185-4d4f-96fe-ea53603428fe/element'
10:50:22.358 [AsyncHttpClient-1-8] DEBUG org.asynchttpclient.netty.handler.HttpHandler - 

Request DefaultHttpRequest(decodeResult: success, version: HTTP/1.1)
POST /session/df6a6576b4ee226eb544544e8f0bf034/element/a496fa08-4185-4d4f-96fe-ea53603428fe/element HTTP/1.1
User-Agent: selenium/4.5.3 (java mac)
Content-Length: 106
Content-Type: application/json; charset=utf-8
host: localhost:18432
accept: */*

Response DefaultHttpResponse(decodeResult: success, version: HTTP/1.1)
HTTP/1.1 200 OK
Content-Length: 88
Content-Type: application/json; charset=utf-8
cache-control: no-cache

10:50:22.359 [AsyncHttpClient-1-8] DEBUG org.asynchttpclient.netty.channel.ChannelManager - Adding key: http://localhost:18432 for channel [id: 0xee5c3a95, L:/127.0.0.1:64195 - R:localhost/127.0.0.1:18432]
10:50:22.360 [Forwarding getElementText on session df6a6576b4ee226eb544544e8f0bf034 to remote] DEBUG org.asynchttpclient.netty.request.NettyRequestSender - Using pooled Channel '[id: 0xee5c3a95, L:/127.0.0.1:64195 - R:localhost/127.0.0.1:18432]' for 'GET' to 'http://localhost:18432/session/df6a6576b4ee226eb544544e8f0bf034/element/c7822e8f-07bd-4c17-81a4-c59c11ee95f3/text'
10:50:22.361 [Forwarding getElementText on session df6a6576b4ee226eb544544e8f0bf034 to remote] DEBUG org.asynchttpclient.netty.request.NettyRequestSender - Using open Channel [id: 0xee5c3a95, L:/127.0.0.1:64195 - R:localhost/127.0.0.1:18432] for GET '/session/df6a6576b4ee226eb544544e8f0bf034/element/c7822e8f-07bd-4c17-81a4-c59c11ee95f3/text'
10:50:22.425 [AsyncHttpClient-1-8] DEBUG org.asynchttpclient.netty.handler.HttpHandler - 

Request DefaultFullHttpRequest(decodeResult: success, version: HTTP/1.1, content: EmptyByteBufBE)
GET /session/df6a6576b4ee226eb544544e8f0bf034/element/c7822e8f-07bd-4c17-81a4-c59c11ee95f3/text HTTP/1.1
User-Agent: selenium/4.5.3 (java mac)
Cache-Control: no-cache
Content-Type: application/json; charset=utf-8
host: localhost:18432
accept: */*

Response DefaultHttpResponse(decodeResult: success, version: HTTP/1.1)
HTTP/1.1 200 OK
Content-Length: 19
Content-Type: application/json; charset=utf-8
cache-control: no-cache

10:50:22.426 [AsyncHttpClient-1-8] DEBUG org.asynchttpclient.netty.channel.ChannelManager - Adding key: http://localhost:18432 for channel [id: 0xee5c3a95, L:/127.0.0.1:64195 - R:localhost/127.0.0.1:18432]
10:50:22.430 [Forwarding findChildElement on session df6a6576b4ee226eb544544e8f0bf034 to remote] DEBUG org.asynchttpclient.netty.request.NettyRequestSender - Using pooled Channel '[id: 0xee5c3a95, L:/127.0.0.1:64195 - R:localhost/127.0.0.1:18432]' for 'POST' to 'http://localhost:18432/session/df6a6576b4ee226eb544544e8f0bf034/element/efaa24e7-53ed-4cb8-ab68-30d0e404c324/element'
10:50:22.430 [Forwarding findChildElement on session df6a6576b4ee226eb544544e8f0bf034 to remote] DEBUG org.asynchttpclient.netty.request.NettyRequestSender - Using open Channel [id: 0xee5c3a95, L:/127.0.0.1:64195 - R:localhost/127.0.0.1:18432] for POST '/session/df6a6576b4ee226eb544544e8f0bf034/element/efaa24e7-53ed-4cb8-ab68-30d0e404c324/element'
10:50:22.608 [AsyncHttpClient-1-8] DEBUG org.asynchttpclient.netty.handler.HttpHandler - 

Request DefaultHttpRequest(decodeResult: success, version: HTTP/1.1)
POST /session/df6a6576b4ee226eb544544e8f0bf034/element/efaa24e7-53ed-4cb8-ab68-30d0e404c324/element HTTP/1.1
User-Agent: selenium/4.5.3 (java mac)
Content-Length: 106
Content-Type: application/json; charset=utf-8
host: localhost:18432
accept: */*

Response DefaultHttpResponse(decodeResult: success, version: HTTP/1.1)
HTTP/1.1 200 OK
Content-Length: 88
Content-Type: application/json; charset=utf-8
cache-control: no-cache

10:50:22.609 [AsyncHttpClient-1-8] DEBUG org.asynchttpclient.netty.channel.ChannelManager - Adding key: http://localhost:18432 for channel [id: 0xee5c3a95, L:/127.0.0.1:64195 - R:localhost/127.0.0.1:18432]
10:50:22.610 [Forwarding getElementText on session df6a6576b4ee226eb544544e8f0bf034 to remote] DEBUG org.asynchttpclient.netty.request.NettyRequestSender - Using pooled Channel '[id: 0xee5c3a95, L:/127.0.0.1:64195 - R:localhost/127.0.0.1:18432]' for 'GET' to 'http://localhost:18432/session/df6a6576b4ee226eb544544e8f0bf034/element/0ec7005f-f6a0-4786-944f-26ad1b03fdf7/text'
10:50:22.611 [Forwarding getElementText on session df6a6576b4ee226eb544544e8f0bf034 to remote] DEBUG org.asynchttpclient.netty.request.NettyRequestSender - Using open Channel [id: 0xee5c3a95, L:/127.0.0.1:64195 - R:localhost/127.0.0.1:18432] for GET '/session/df6a6576b4ee226eb544544e8f0bf034/element/0ec7005f-f6a0-4786-944f-26ad1b03fdf7/text'
10:50:22.654 [AsyncHttpClient-1-8] DEBUG org.asynchttpclient.netty.handler.HttpHandler - 

Request DefaultFullHttpRequest(decodeResult: success, version: HTTP/1.1, content: EmptyByteBufBE)
GET /session/df6a6576b4ee226eb544544e8f0bf034/element/0ec7005f-f6a0-4786-944f-26ad1b03fdf7/text HTTP/1.1
User-Agent: selenium/4.5.3 (java mac)
Cache-Control: no-cache
Content-Type: application/json; charset=utf-8
host: localhost:18432
accept: */*

Response DefaultHttpResponse(decodeResult: success, version: HTTP/1.1)
HTTP/1.1 200 OK
Content-Length: 59
Content-Type: application/json; charset=utf-8
cache-control: no-cache

10:50:22.655 [AsyncHttpClient-1-8] DEBUG org.asynchttpclient.netty.channel.ChannelManager - Adding key: http://localhost:18432 for channel [id: 0xee5c3a95, L:/127.0.0.1:64195 - R:localhost/127.0.0.1:18432]
10:50:22.657 [Forwarding findChildElement on session df6a6576b4ee226eb544544e8f0bf034 to remote] DEBUG org.asynchttpclient.netty.request.NettyRequestSender - Using pooled Channel '[id: 0xee5c3a95, L:/127.0.0.1:64195 - R:localhost/127.0.0.1:18432]' for 'POST' to 'http://localhost:18432/session/df6a6576b4ee226eb544544e8f0bf034/element/efaa24e7-53ed-4cb8-ab68-30d0e404c324/element'
10:50:22.657 [Forwarding findChildElement on session df6a6576b4ee226eb544544e8f0bf034 to remote] DEBUG org.asynchttpclient.netty.request.NettyRequestSender - Using open Channel [id: 0xee5c3a95, L:/127.0.0.1:64195 - R:localhost/127.0.0.1:18432] for POST '/session/df6a6576b4ee226eb544544e8f0bf034/element/efaa24e7-53ed-4cb8-ab68-30d0e404c324/element'
10:50:22.681 [AsyncHttpClient-1-8] DEBUG org.asynchttpclient.netty.handler.HttpHandler - 

Request DefaultHttpRequest(decodeResult: success, version: HTTP/1.1)
POST /session/df6a6576b4ee226eb544544e8f0bf034/element/efaa24e7-53ed-4cb8-ab68-30d0e404c324/element HTTP/1.1
User-Agent: selenium/4.5.3 (java mac)
Content-Length: 106
Content-Type: application/json; charset=utf-8
host: localhost:18432
accept: */*

Response DefaultHttpResponse(decodeResult: success, version: HTTP/1.1)
HTTP/1.1 200 OK
Content-Length: 88
Content-Type: application/json; charset=utf-8
cache-control: no-cache

10:50:22.685 [AsyncHttpClient-1-8] DEBUG org.asynchttpclient.netty.channel.ChannelManager - Adding key: http://localhost:18432 for channel [id: 0xee5c3a95, L:/127.0.0.1:64195 - R:localhost/127.0.0.1:18432]
10:50:22.691 [Forwarding getElementText on session df6a6576b4ee226eb544544e8f0bf034 to remote] DEBUG org.asynchttpclient.netty.request.NettyRequestSender - Using pooled Channel '[id: 0xee5c3a95, L:/127.0.0.1:64195 - R:localhost/127.0.0.1:18432]' for 'GET' to 'http://localhost:18432/session/df6a6576b4ee226eb544544e8f0bf034/element/cea66fda-de66-4145-acd2-28b8486d6729/text'
10:50:22.692 [Forwarding getElementText on session df6a6576b4ee226eb544544e8f0bf034 to remote] DEBUG org.asynchttpclient.netty.request.NettyRequestSender - Using open Channel [id: 0xee5c3a95, L:/127.0.0.1:64195 - R:localhost/127.0.0.1:18432] for GET '/session/df6a6576b4ee226eb544544e8f0bf034/element/cea66fda-de66-4145-acd2-28b8486d6729/text'
10:50:22.756 [AsyncHttpClient-1-8] DEBUG org.asynchttpclient.netty.handler.HttpHandler - 

Request DefaultFullHttpRequest(decodeResult: success, version: HTTP/1.1, content: EmptyByteBufBE)
GET /session/df6a6576b4ee226eb544544e8f0bf034/element/cea66fda-de66-4145-acd2-28b8486d6729/text HTTP/1.1
User-Agent: selenium/4.5.3 (java mac)
Cache-Control: no-cache
Content-Type: application/json; charset=utf-8
host: localhost:18432
accept: */*

Response DefaultHttpResponse(decodeResult: success, version: HTTP/1.1)
HTTP/1.1 200 OK
Content-Length: 19
Content-Type: application/json; charset=utf-8
cache-control: no-cache

10:50:22.757 [AsyncHttpClient-1-8] DEBUG org.asynchttpclient.netty.channel.ChannelManager - Adding key: http://localhost:18432 for channel [id: 0xee5c3a95, L:/127.0.0.1:64195 - R:localhost/127.0.0.1:18432]
10:50:22.759 [Forwarding findChildElement on session df6a6576b4ee226eb544544e8f0bf034 to remote] DEBUG org.asynchttpclient.netty.request.NettyRequestSender - Using pooled Channel '[id: 0xee5c3a95, L:/127.0.0.1:64195 - R:localhost/127.0.0.1:18432]' for 'POST' to 'http://localhost:18432/session/df6a6576b4ee226eb544544e8f0bf034/element/1e657aac-4973-404e-9a3d-2b4ca6d84ab0/element'
10:50:22.759 [Forwarding findChildElement on session df6a6576b4ee226eb544544e8f0bf034 to remote] DEBUG org.asynchttpclient.netty.request.NettyRequestSender - Using open Channel [id: 0xee5c3a95, L:/127.0.0.1:64195 - R:localhost/127.0.0.1:18432] for POST '/session/df6a6576b4ee226eb544544e8f0bf034/element/1e657aac-4973-404e-9a3d-2b4ca6d84ab0/element'
10:50:22.802 [AsyncHttpClient-1-8] DEBUG org.asynchttpclient.netty.handler.HttpHandler - 

Request DefaultHttpRequest(decodeResult: success, version: HTTP/1.1)
POST /session/df6a6576b4ee226eb544544e8f0bf034/element/1e657aac-4973-404e-9a3d-2b4ca6d84ab0/element HTTP/1.1
User-Agent: selenium/4.5.3 (java mac)
Content-Length: 106
Content-Type: application/json; charset=utf-8
host: localhost:18432
accept: */*

Response DefaultHttpResponse(decodeResult: success, version: HTTP/1.1)
HTTP/1.1 200 OK
Content-Length: 88
Content-Type: application/json; charset=utf-8
cache-control: no-cache

10:50:22.802 [AsyncHttpClient-1-8] DEBUG org.asynchttpclient.netty.channel.ChannelManager - Adding key: http://localhost:18432 for channel [id: 0xee5c3a95, L:/127.0.0.1:64195 - R:localhost/127.0.0.1:18432]
10:50:22.804 [Forwarding getElementText on session df6a6576b4ee226eb544544e8f0bf034 to remote] DEBUG org.asynchttpclient.netty.request.NettyRequestSender - Using pooled Channel '[id: 0xee5c3a95, L:/127.0.0.1:64195 - R:localhost/127.0.0.1:18432]' for 'GET' to 'http://localhost:18432/session/df6a6576b4ee226eb544544e8f0bf034/element/51780788-9270-4c67-ade9-1ee8e1840bd4/text'
10:50:22.804 [Forwarding getElementText on session df6a6576b4ee226eb544544e8f0bf034 to remote] DEBUG org.asynchttpclient.netty.request.NettyRequestSender - Using open Channel [id: 0xee5c3a95, L:/127.0.0.1:64195 - R:localhost/127.0.0.1:18432] for GET '/session/df6a6576b4ee226eb544544e8f0bf034/element/51780788-9270-4c67-ade9-1ee8e1840bd4/text'
10:50:22.993 [AsyncHttpClient-1-8] DEBUG org.asynchttpclient.netty.handler.HttpHandler - 

Request DefaultFullHttpRequest(decodeResult: success, version: HTTP/1.1, content: EmptyByteBufBE)
GET /session/df6a6576b4ee226eb544544e8f0bf034/element/51780788-9270-4c67-ade9-1ee8e1840bd4/text HTTP/1.1
User-Agent: selenium/4.5.3 (java mac)
Cache-Control: no-cache
Content-Type: application/json; charset=utf-8
host: localhost:18432
accept: */*

Response DefaultHttpResponse(decodeResult: success, version: HTTP/1.1)
HTTP/1.1 200 OK
Content-Length: 63
Content-Type: application/json; charset=utf-8
cache-control: no-cache

10:50:22.994 [AsyncHttpClient-1-8] DEBUG org.asynchttpclient.netty.channel.ChannelManager - Adding key: http://localhost:18432 for channel [id: 0xee5c3a95, L:/127.0.0.1:64195 - R:localhost/127.0.0.1:18432]
10:50:22.997 [Forwarding findChildElement on session df6a6576b4ee226eb544544e8f0bf034 to remote] DEBUG org.asynchttpclient.netty.request.NettyRequestSender - Using pooled Channel '[id: 0xee5c3a95, L:/127.0.0.1:64195 - R:localhost/127.0.0.1:18432]' for 'POST' to 'http://localhost:18432/session/df6a6576b4ee226eb544544e8f0bf034/element/1e657aac-4973-404e-9a3d-2b4ca6d84ab0/element'
10:50:22.997 [Forwarding findChildElement on session df6a6576b4ee226eb544544e8f0bf034 to remote] DEBUG org.asynchttpclient.netty.request.NettyRequestSender - Using open Channel [id: 0xee5c3a95, L:/127.0.0.1:64195 - R:localhost/127.0.0.1:18432] for POST '/session/df6a6576b4ee226eb544544e8f0bf034/element/1e657aac-4973-404e-9a3d-2b4ca6d84ab0/element'
10:50:23.124 [AsyncHttpClient-1-8] DEBUG org.asynchttpclient.netty.handler.HttpHandler - 

Request DefaultHttpRequest(decodeResult: success, version: HTTP/1.1)
POST /session/df6a6576b4ee226eb544544e8f0bf034/element/1e657aac-4973-404e-9a3d-2b4ca6d84ab0/element HTTP/1.1
User-Agent: selenium/4.5.3 (java mac)
Content-Length: 106
Content-Type: application/json; charset=utf-8
host: localhost:18432
accept: */*

Response DefaultHttpResponse(decodeResult: success, version: HTTP/1.1)
HTTP/1.1 200 OK
Content-Length: 88
Content-Type: application/json; charset=utf-8
cache-control: no-cache

10:50:23.124 [AsyncHttpClient-1-8] DEBUG org.asynchttpclient.netty.channel.ChannelManager - Adding key: http://localhost:18432 for channel [id: 0xee5c3a95, L:/127.0.0.1:64195 - R:localhost/127.0.0.1:18432]
10:50:23.126 [Forwarding getElementText on session df6a6576b4ee226eb544544e8f0bf034 to remote] DEBUG org.asynchttpclient.netty.request.NettyRequestSender - Using pooled Channel '[id: 0xee5c3a95, L:/127.0.0.1:64195 - R:localhost/127.0.0.1:18432]' for 'GET' to 'http://localhost:18432/session/df6a6576b4ee226eb544544e8f0bf034/element/fee082a0-1529-4ca7-943c-98467c7a4d33/text'
10:50:23.126 [Forwarding getElementText on session df6a6576b4ee226eb544544e8f0bf034 to remote] DEBUG org.asynchttpclient.netty.request.NettyRequestSender - Using open Channel [id: 0xee5c3a95, L:/127.0.0.1:64195 - R:localhost/127.0.0.1:18432] for GET '/session/df6a6576b4ee226eb544544e8f0bf034/element/fee082a0-1529-4ca7-943c-98467c7a4d33/text'
10:50:23.202 [AsyncHttpClient-1-8] DEBUG org.asynchttpclient.netty.handler.HttpHandler - 

Request DefaultFullHttpRequest(decodeResult: success, version: HTTP/1.1, content: EmptyByteBufBE)
GET /session/df6a6576b4ee226eb544544e8f0bf034/element/fee082a0-1529-4ca7-943c-98467c7a4d33/text HTTP/1.1
User-Agent: selenium/4.5.3 (java mac)
Cache-Control: no-cache
Content-Type: application/json; charset=utf-8
host: localhost:18432
accept: */*

Response DefaultHttpResponse(decodeResult: success, version: HTTP/1.1)
HTTP/1.1 200 OK
Content-Length: 19
Content-Type: application/json; charset=utf-8
cache-control: no-cache

10:50:23.202 [AsyncHttpClient-1-8] DEBUG org.asynchttpclient.netty.channel.ChannelManager - Adding key: http://localhost:18432 for channel [id: 0xee5c3a95, L:/127.0.0.1:64195 - R:localhost/127.0.0.1:18432]
10:50:23.206 [Forwarding findChildElement on session df6a6576b4ee226eb544544e8f0bf034 to remote] DEBUG org.asynchttpclient.netty.request.NettyRequestSender - Using pooled Channel '[id: 0xee5c3a95, L:/127.0.0.1:64195 - R:localhost/127.0.0.1:18432]' for 'POST' to 'http://localhost:18432/session/df6a6576b4ee226eb544544e8f0bf034/element/a4f33f26-774d-4384-9575-9a962df26f33/element'
10:50:23.206 [Forwarding findChildElement on session df6a6576b4ee226eb544544e8f0bf034 to remote] DEBUG org.asynchttpclient.netty.request.NettyRequestSender - Using open Channel [id: 0xee5c3a95, L:/127.0.0.1:64195 - R:localhost/127.0.0.1:18432] for POST '/session/df6a6576b4ee226eb544544e8f0bf034/element/a4f33f26-774d-4384-9575-9a962df26f33/element'
10:50:23.255 [AsyncHttpClient-1-8] DEBUG org.asynchttpclient.netty.handler.HttpHandler - 

Request DefaultHttpRequest(decodeResult: success, version: HTTP/1.1)
POST /session/df6a6576b4ee226eb544544e8f0bf034/element/a4f33f26-774d-4384-9575-9a962df26f33/element HTTP/1.1
User-Agent: selenium/4.5.3 (java mac)
Content-Length: 106
Content-Type: application/json; charset=utf-8
host: localhost:18432
accept: */*

Response DefaultHttpResponse(decodeResult: success, version: HTTP/1.1)
HTTP/1.1 200 OK
Content-Length: 88
Content-Type: application/json; charset=utf-8
cache-control: no-cache

10:50:23.255 [AsyncHttpClient-1-8] DEBUG org.asynchttpclient.netty.channel.ChannelManager - Adding key: http://localhost:18432 for channel [id: 0xee5c3a95, L:/127.0.0.1:64195 - R:localhost/127.0.0.1:18432]
10:50:23.256 [Forwarding getElementText on session df6a6576b4ee226eb544544e8f0bf034 to remote] DEBUG org.asynchttpclient.netty.request.NettyRequestSender - Using pooled Channel '[id: 0xee5c3a95, L:/127.0.0.1:64195 - R:localhost/127.0.0.1:18432]' for 'GET' to 'http://localhost:18432/session/df6a6576b4ee226eb544544e8f0bf034/element/a0b23cd3-ad02-457e-9b49-df275719432c/text'
10:50:23.257 [Forwarding getElementText on session df6a6576b4ee226eb544544e8f0bf034 to remote] DEBUG org.asynchttpclient.netty.request.NettyRequestSender - Using open Channel [id: 0xee5c3a95, L:/127.0.0.1:64195 - R:localhost/127.0.0.1:18432] for GET '/session/df6a6576b4ee226eb544544e8f0bf034/element/a0b23cd3-ad02-457e-9b49-df275719432c/text'
10:50:23.387 [AsyncHttpClient-1-8] DEBUG org.asynchttpclient.netty.handler.HttpHandler - 

Request DefaultFullHttpRequest(decodeResult: success, version: HTTP/1.1, content: EmptyByteBufBE)
GET /session/df6a6576b4ee226eb544544e8f0bf034/element/a0b23cd3-ad02-457e-9b49-df275719432c/text HTTP/1.1
User-Agent: selenium/4.5.3 (java mac)
Cache-Control: no-cache
Content-Type: application/json; charset=utf-8
host: localhost:18432
accept: */*

Response DefaultHttpResponse(decodeResult: success, version: HTTP/1.1)
HTTP/1.1 200 OK
Content-Length: 92
Content-Type: application/json; charset=utf-8
cache-control: no-cache

10:50:23.388 [AsyncHttpClient-1-8] DEBUG org.asynchttpclient.netty.channel.ChannelManager - Adding key: http://localhost:18432 for channel [id: 0xee5c3a95, L:/127.0.0.1:64195 - R:localhost/127.0.0.1:18432]
10:50:23.389 [Forwarding findChildElement on session df6a6576b4ee226eb544544e8f0bf034 to remote] DEBUG org.asynchttpclient.netty.request.NettyRequestSender - Using pooled Channel '[id: 0xee5c3a95, L:/127.0.0.1:64195 - R:localhost/127.0.0.1:18432]' for 'POST' to 'http://localhost:18432/session/df6a6576b4ee226eb544544e8f0bf034/element/a4f33f26-774d-4384-9575-9a962df26f33/element'
10:50:23.389 [Forwarding findChildElement on session df6a6576b4ee226eb544544e8f0bf034 to remote] DEBUG org.asynchttpclient.netty.request.NettyRequestSender - Using open Channel [id: 0xee5c3a95, L:/127.0.0.1:64195 - R:localhost/127.0.0.1:18432] for POST '/session/df6a6576b4ee226eb544544e8f0bf034/element/a4f33f26-774d-4384-9575-9a962df26f33/element'
10:50:23.430 [AsyncHttpClient-1-8] DEBUG org.asynchttpclient.netty.handler.HttpHandler - 

Request DefaultHttpRequest(decodeResult: success, version: HTTP/1.1)
POST /session/df6a6576b4ee226eb544544e8f0bf034/element/a4f33f26-774d-4384-9575-9a962df26f33/element HTTP/1.1
User-Agent: selenium/4.5.3 (java mac)
Content-Length: 106
Content-Type: application/json; charset=utf-8
host: localhost:18432
accept: */*

Response DefaultHttpResponse(decodeResult: success, version: HTTP/1.1)
HTTP/1.1 200 OK
Content-Length: 88
Content-Type: application/json; charset=utf-8
cache-control: no-cache

10:50:23.430 [AsyncHttpClient-1-8] DEBUG org.asynchttpclient.netty.channel.ChannelManager - Adding key: http://localhost:18432 for channel [id: 0xee5c3a95, L:/127.0.0.1:64195 - R:localhost/127.0.0.1:18432]
10:50:23.432 [Forwarding getElementText on session df6a6576b4ee226eb544544e8f0bf034 to remote] DEBUG org.asynchttpclient.netty.request.NettyRequestSender - Using pooled Channel '[id: 0xee5c3a95, L:/127.0.0.1:64195 - R:localhost/127.0.0.1:18432]' for 'GET' to 'http://localhost:18432/session/df6a6576b4ee226eb544544e8f0bf034/element/4ac5a9f1-8722-497f-9017-2d7d45137d0d/text'
10:50:23.432 [Forwarding getElementText on session df6a6576b4ee226eb544544e8f0bf034 to remote] DEBUG org.asynchttpclient.netty.request.NettyRequestSender - Using open Channel [id: 0xee5c3a95, L:/127.0.0.1:64195 - R:localhost/127.0.0.1:18432] for GET '/session/df6a6576b4ee226eb544544e8f0bf034/element/4ac5a9f1-8722-497f-9017-2d7d45137d0d/text'
10:50:23.542 [AsyncHttpClient-1-8] DEBUG org.asynchttpclient.netty.handler.HttpHandler - 

Request DefaultFullHttpRequest(decodeResult: success, version: HTTP/1.1, content: EmptyByteBufBE)
GET /session/df6a6576b4ee226eb544544e8f0bf034/element/4ac5a9f1-8722-497f-9017-2d7d45137d0d/text HTTP/1.1
User-Agent: selenium/4.5.3 (java mac)
Cache-Control: no-cache
Content-Type: application/json; charset=utf-8
host: localhost:18432
accept: */*

Response DefaultHttpResponse(decodeResult: success, version: HTTP/1.1)
HTTP/1.1 200 OK
Content-Length: 30
Content-Type: application/json; charset=utf-8
cache-control: no-cache

10:50:23.542 [AsyncHttpClient-1-8] DEBUG org.asynchttpclient.netty.channel.ChannelManager - Adding key: http://localhost:18432 for channel [id: 0xee5c3a95, L:/127.0.0.1:64195 - R:localhost/127.0.0.1:18432]
10:50:23.547 [Forwarding findChildElement on session df6a6576b4ee226eb544544e8f0bf034 to remote] DEBUG org.asynchttpclient.netty.request.NettyRequestSender - Using pooled Channel '[id: 0xee5c3a95, L:/127.0.0.1:64195 - R:localhost/127.0.0.1:18432]' for 'POST' to 'http://localhost:18432/session/df6a6576b4ee226eb544544e8f0bf034/element/549461b4-14d2-448d-95a0-8e9a09c2f2f7/element'
10:50:23.547 [Forwarding findChildElement on session df6a6576b4ee226eb544544e8f0bf034 to remote] DEBUG org.asynchttpclient.netty.request.NettyRequestSender - Using open Channel [id: 0xee5c3a95, L:/127.0.0.1:64195 - R:localhost/127.0.0.1:18432] for POST '/session/df6a6576b4ee226eb544544e8f0bf034/element/549461b4-14d2-448d-95a0-8e9a09c2f2f7/element'
10:50:23.931 [AsyncHttpClient-1-8] DEBUG org.asynchttpclient.netty.handler.HttpHandler - 

Request DefaultHttpRequest(decodeResult: success, version: HTTP/1.1)
POST /session/df6a6576b4ee226eb544544e8f0bf034/element/549461b4-14d2-448d-95a0-8e9a09c2f2f7/element HTTP/1.1
User-Agent: selenium/4.5.3 (java mac)
Content-Length: 106
Content-Type: application/json; charset=utf-8
host: localhost:18432
accept: */*

Response DefaultHttpResponse(decodeResult: success, version: HTTP/1.1)
HTTP/1.1 200 OK
Content-Length: 88
Content-Type: application/json; charset=utf-8
cache-control: no-cache

10:50:23.932 [AsyncHttpClient-1-8] DEBUG org.asynchttpclient.netty.channel.ChannelManager - Adding key: http://localhost:18432 for channel [id: 0xee5c3a95, L:/127.0.0.1:64195 - R:localhost/127.0.0.1:18432]
10:50:23.933 [Forwarding getElementText on session df6a6576b4ee226eb544544e8f0bf034 to remote] DEBUG org.asynchttpclient.netty.request.NettyRequestSender - Using pooled Channel '[id: 0xee5c3a95, L:/127.0.0.1:64195 - R:localhost/127.0.0.1:18432]' for 'GET' to 'http://localhost:18432/session/df6a6576b4ee226eb544544e8f0bf034/element/3641bd9d-0b50-4f55-9af7-a236f883d62f/text'
10:50:23.933 [Forwarding getElementText on session df6a6576b4ee226eb544544e8f0bf034 to remote] DEBUG org.asynchttpclient.netty.request.NettyRequestSender - Using open Channel [id: 0xee5c3a95, L:/127.0.0.1:64195 - R:localhost/127.0.0.1:18432] for GET '/session/df6a6576b4ee226eb544544e8f0bf034/element/3641bd9d-0b50-4f55-9af7-a236f883d62f/text'
10:50:24.808 [AsyncHttpClient-1-8] DEBUG org.asynchttpclient.netty.handler.HttpHandler - 

Request DefaultFullHttpRequest(decodeResult: success, version: HTTP/1.1, content: EmptyByteBufBE)
GET /session/df6a6576b4ee226eb544544e8f0bf034/element/3641bd9d-0b50-4f55-9af7-a236f883d62f/text HTTP/1.1
User-Agent: selenium/4.5.3 (java mac)
Cache-Control: no-cache
Content-Type: application/json; charset=utf-8
host: localhost:18432
accept: */*

Response DefaultHttpResponse(decodeResult: success, version: HTTP/1.1)
HTTP/1.1 200 OK
Content-Length: 91
Content-Type: application/json; charset=utf-8
cache-control: no-cache

10:50:24.808 [AsyncHttpClient-1-8] DEBUG org.asynchttpclient.netty.channel.ChannelManager - Adding key: http://localhost:18432 for channel [id: 0xee5c3a95, L:/127.0.0.1:64195 - R:localhost/127.0.0.1:18432]
10:50:24.810 [Forwarding findChildElement on session df6a6576b4ee226eb544544e8f0bf034 to remote] DEBUG org.asynchttpclient.netty.request.NettyRequestSender - Using pooled Channel '[id: 0xee5c3a95, L:/127.0.0.1:64195 - R:localhost/127.0.0.1:18432]' for 'POST' to 'http://localhost:18432/session/df6a6576b4ee226eb544544e8f0bf034/element/549461b4-14d2-448d-95a0-8e9a09c2f2f7/element'
10:50:24.810 [Forwarding findChildElement on session df6a6576b4ee226eb544544e8f0bf034 to remote] DEBUG org.asynchttpclient.netty.request.NettyRequestSender - Using open Channel [id: 0xee5c3a95, L:/127.0.0.1:64195 - R:localhost/127.0.0.1:18432] for POST '/session/df6a6576b4ee226eb544544e8f0bf034/element/549461b4-14d2-448d-95a0-8e9a09c2f2f7/element'
10:50:26.628 [AsyncHttpClient-1-8] DEBUG org.asynchttpclient.netty.handler.HttpHandler - 

Request DefaultHttpRequest(decodeResult: success, version: HTTP/1.1)
POST /session/df6a6576b4ee226eb544544e8f0bf034/element/549461b4-14d2-448d-95a0-8e9a09c2f2f7/element HTTP/1.1
User-Agent: selenium/4.5.3 (java mac)
Content-Length: 106
Content-Type: application/json; charset=utf-8
host: localhost:18432
accept: */*

Response DefaultHttpResponse(decodeResult: success, version: HTTP/1.1)
HTTP/1.1 200 OK
Content-Length: 88
Content-Type: application/json; charset=utf-8
cache-control: no-cache

10:50:26.629 [AsyncHttpClient-1-8] DEBUG org.asynchttpclient.netty.channel.ChannelManager - Adding key: http://localhost:18432 for channel [id: 0xee5c3a95, L:/127.0.0.1:64195 - R:localhost/127.0.0.1:18432]
10:50:26.632 [Forwarding getElementText on session df6a6576b4ee226eb544544e8f0bf034 to remote] DEBUG org.asynchttpclient.netty.request.NettyRequestSender - Using pooled Channel '[id: 0xee5c3a95, L:/127.0.0.1:64195 - R:localhost/127.0.0.1:18432]' for 'GET' to 'http://localhost:18432/session/df6a6576b4ee226eb544544e8f0bf034/element/6cddb0cc-27ec-48d3-8de2-5c46555005a3/text'
10:50:26.632 [Forwarding getElementText on session df6a6576b4ee226eb544544e8f0bf034 to remote] DEBUG org.asynchttpclient.netty.request.NettyRequestSender - Using open Channel [id: 0xee5c3a95, L:/127.0.0.1:64195 - R:localhost/127.0.0.1:18432] for GET '/session/df6a6576b4ee226eb544544e8f0bf034/element/6cddb0cc-27ec-48d3-8de2-5c46555005a3/text'
10:50:27.487 [AsyncHttpClient-1-8] DEBUG org.asynchttpclient.netty.handler.HttpHandler - 

Request DefaultFullHttpRequest(decodeResult: success, version: HTTP/1.1, content: EmptyByteBufBE)
GET /session/df6a6576b4ee226eb544544e8f0bf034/element/6cddb0cc-27ec-48d3-8de2-5c46555005a3/text HTTP/1.1
User-Agent: selenium/4.5.3 (java mac)
Cache-Control: no-cache
Content-Type: application/json; charset=utf-8
host: localhost:18432
accept: */*

Response DefaultHttpResponse(decodeResult: success, version: HTTP/1.1)
HTTP/1.1 200 OK
Content-Length: 30
Content-Type: application/json; charset=utf-8
cache-control: no-cache

10:50:27.488 [AsyncHttpClient-1-8] DEBUG org.asynchttpclient.netty.channel.ChannelManager - Adding key: http://localhost:18432 for channel [id: 0xee5c3a95, L:/127.0.0.1:64195 - R:localhost/127.0.0.1:18432]
10:50:27.490 [Forwarding findChildElement on session df6a6576b4ee226eb544544e8f0bf034 to remote] DEBUG org.asynchttpclient.netty.request.NettyRequestSender - Using pooled Channel '[id: 0xee5c3a95, L:/127.0.0.1:64195 - R:localhost/127.0.0.1:18432]' for 'POST' to 'http://localhost:18432/session/df6a6576b4ee226eb544544e8f0bf034/element/eae68c8d-6353-4128-8f20-59003f5a8742/element'
10:50:27.490 [Forwarding findChildElement on session df6a6576b4ee226eb544544e8f0bf034 to remote] DEBUG org.asynchttpclient.netty.request.NettyRequestSender - Using open Channel [id: 0xee5c3a95, L:/127.0.0.1:64195 - R:localhost/127.0.0.1:18432] for POST '/session/df6a6576b4ee226eb544544e8f0bf034/element/eae68c8d-6353-4128-8f20-59003f5a8742/element'
10:50:27.504 [AsyncHttpClient-1-8] DEBUG org.asynchttpclient.netty.handler.HttpHandler - 

Request DefaultHttpRequest(decodeResult: success, version: HTTP/1.1)
POST /session/df6a6576b4ee226eb544544e8f0bf034/element/eae68c8d-6353-4128-8f20-59003f5a8742/element HTTP/1.1
User-Agent: selenium/4.5.3 (java mac)
Content-Length: 106
Content-Type: application/json; charset=utf-8
host: localhost:18432
accept: */*

Response DefaultHttpResponse(decodeResult: success, version: HTTP/1.1)
HTTP/1.1 200 OK
Content-Length: 88
Content-Type: application/json; charset=utf-8
cache-control: no-cache

10:50:27.504 [AsyncHttpClient-1-8] DEBUG org.asynchttpclient.netty.channel.ChannelManager - Adding key: http://localhost:18432 for channel [id: 0xee5c3a95, L:/127.0.0.1:64195 - R:localhost/127.0.0.1:18432]
10:50:27.506 [Forwarding getElementText on session df6a6576b4ee226eb544544e8f0bf034 to remote] DEBUG org.asynchttpclient.netty.request.NettyRequestSender - Using pooled Channel '[id: 0xee5c3a95, L:/127.0.0.1:64195 - R:localhost/127.0.0.1:18432]' for 'GET' to 'http://localhost:18432/session/df6a6576b4ee226eb544544e8f0bf034/element/cda8fd3e-4075-4091-9f5b-214b69aed535/text'
10:50:27.506 [Forwarding getElementText on session df6a6576b4ee226eb544544e8f0bf034 to remote] DEBUG org.asynchttpclient.netty.request.NettyRequestSender - Using open Channel [id: 0xee5c3a95, L:/127.0.0.1:64195 - R:localhost/127.0.0.1:18432] for GET '/session/df6a6576b4ee226eb544544e8f0bf034/element/cda8fd3e-4075-4091-9f5b-214b69aed535/text'
10:50:27.528 [AsyncHttpClient-1-8] DEBUG org.asynchttpclient.netty.handler.HttpHandler - 

Request DefaultFullHttpRequest(decodeResult: success, version: HTTP/1.1, content: EmptyByteBufBE)
GET /session/df6a6576b4ee226eb544544e8f0bf034/element/cda8fd3e-4075-4091-9f5b-214b69aed535/text HTTP/1.1
User-Agent: selenium/4.5.3 (java mac)
Cache-Control: no-cache
Content-Type: application/json; charset=utf-8
host: localhost:18432
accept: */*

Response DefaultHttpResponse(decodeResult: success, version: HTTP/1.1)
HTTP/1.1 200 OK
Content-Length: 71
Content-Type: application/json; charset=utf-8
cache-control: no-cache

10:50:27.528 [AsyncHttpClient-1-8] DEBUG org.asynchttpclient.netty.channel.ChannelManager - Adding key: http://localhost:18432 for channel [id: 0xee5c3a95, L:/127.0.0.1:64195 - R:localhost/127.0.0.1:18432]
10:50:27.530 [Forwarding findChildElement on session df6a6576b4ee226eb544544e8f0bf034 to remote] DEBUG org.asynchttpclient.netty.request.NettyRequestSender - Using pooled Channel '[id: 0xee5c3a95, L:/127.0.0.1:64195 - R:localhost/127.0.0.1:18432]' for 'POST' to 'http://localhost:18432/session/df6a6576b4ee226eb544544e8f0bf034/element/eae68c8d-6353-4128-8f20-59003f5a8742/element'
10:50:27.530 [Forwarding findChildElement on session df6a6576b4ee226eb544544e8f0bf034 to remote] DEBUG org.asynchttpclient.netty.request.NettyRequestSender - Using open Channel [id: 0xee5c3a95, L:/127.0.0.1:64195 - R:localhost/127.0.0.1:18432] for POST '/session/df6a6576b4ee226eb544544e8f0bf034/element/eae68c8d-6353-4128-8f20-59003f5a8742/element'
10:50:27.547 [AsyncHttpClient-1-8] DEBUG org.asynchttpclient.netty.handler.HttpHandler - 

Request DefaultHttpRequest(decodeResult: success, version: HTTP/1.1)
POST /session/df6a6576b4ee226eb544544e8f0bf034/element/eae68c8d-6353-4128-8f20-59003f5a8742/element HTTP/1.1
User-Agent: selenium/4.5.3 (java mac)
Content-Length: 106
Content-Type: application/json; charset=utf-8
host: localhost:18432
accept: */*

Response DefaultHttpResponse(decodeResult: success, version: HTTP/1.1)
HTTP/1.1 200 OK
Content-Length: 88
Content-Type: application/json; charset=utf-8
cache-control: no-cache

10:50:27.547 [AsyncHttpClient-1-8] DEBUG org.asynchttpclient.netty.channel.ChannelManager - Adding key: http://localhost:18432 for channel [id: 0xee5c3a95, L:/127.0.0.1:64195 - R:localhost/127.0.0.1:18432]
10:50:27.548 [Forwarding getElementText on session df6a6576b4ee226eb544544e8f0bf034 to remote] DEBUG org.asynchttpclient.netty.request.NettyRequestSender - Using pooled Channel '[id: 0xee5c3a95, L:/127.0.0.1:64195 - R:localhost/127.0.0.1:18432]' for 'GET' to 'http://localhost:18432/session/df6a6576b4ee226eb544544e8f0bf034/element/723cc3ec-a353-44d3-bd99-ee8b2e7e0e8e/text'
10:50:27.548 [Forwarding getElementText on session df6a6576b4ee226eb544544e8f0bf034 to remote] DEBUG org.asynchttpclient.netty.request.NettyRequestSender - Using open Channel [id: 0xee5c3a95, L:/127.0.0.1:64195 - R:localhost/127.0.0.1:18432] for GET '/session/df6a6576b4ee226eb544544e8f0bf034/element/723cc3ec-a353-44d3-bd99-ee8b2e7e0e8e/text'
10:50:27.565 [AsyncHttpClient-1-8] DEBUG org.asynchttpclient.netty.handler.HttpHandler - 

Request DefaultFullHttpRequest(decodeResult: success, version: HTTP/1.1, content: EmptyByteBufBE)
GET /session/df6a6576b4ee226eb544544e8f0bf034/element/723cc3ec-a353-44d3-bd99-ee8b2e7e0e8e/text HTTP/1.1
User-Agent: selenium/4.5.3 (java mac)
Cache-Control: no-cache
Content-Type: application/json; charset=utf-8
host: localhost:18432
accept: */*

Response DefaultHttpResponse(decodeResult: success, version: HTTP/1.1)
HTTP/1.1 200 OK
Content-Length: 19
Content-Type: application/json; charset=utf-8
cache-control: no-cache

10:50:27.565 [AsyncHttpClient-1-8] DEBUG org.asynchttpclient.netty.channel.ChannelManager - Adding key: http://localhost:18432 for channel [id: 0xee5c3a95, L:/127.0.0.1:64195 - R:localhost/127.0.0.1:18432]
10:50:27.567 [Forwarding findChildElement on session df6a6576b4ee226eb544544e8f0bf034 to remote] DEBUG org.asynchttpclient.netty.request.NettyRequestSender - Using pooled Channel '[id: 0xee5c3a95, L:/127.0.0.1:64195 - R:localhost/127.0.0.1:18432]' for 'POST' to 'http://localhost:18432/session/df6a6576b4ee226eb544544e8f0bf034/element/b611fd73-5018-4c68-93f6-664a262a5d9b/element'
10:50:27.567 [Forwarding findChildElement on session df6a6576b4ee226eb544544e8f0bf034 to remote] DEBUG org.asynchttpclient.netty.request.NettyRequestSender - Using open Channel [id: 0xee5c3a95, L:/127.0.0.1:64195 - R:localhost/127.0.0.1:18432] for POST '/session/df6a6576b4ee226eb544544e8f0bf034/element/b611fd73-5018-4c68-93f6-664a262a5d9b/element'
10:50:27.579 [AsyncHttpClient-1-8] DEBUG org.asynchttpclient.netty.handler.HttpHandler - 

Request DefaultHttpRequest(decodeResult: success, version: HTTP/1.1)
POST /session/df6a6576b4ee226eb544544e8f0bf034/element/b611fd73-5018-4c68-93f6-664a262a5d9b/element HTTP/1.1
User-Agent: selenium/4.5.3 (java mac)
Content-Length: 106
Content-Type: application/json; charset=utf-8
host: localhost:18432
accept: */*

Response DefaultHttpResponse(decodeResult: success, version: HTTP/1.1)
HTTP/1.1 200 OK
Content-Length: 88
Content-Type: application/json; charset=utf-8
cache-control: no-cache

10:50:27.579 [AsyncHttpClient-1-8] DEBUG org.asynchttpclient.netty.channel.ChannelManager - Adding key: http://localhost:18432 for channel [id: 0xee5c3a95, L:/127.0.0.1:64195 - R:localhost/127.0.0.1:18432]
10:50:27.581 [Forwarding getElementText on session df6a6576b4ee226eb544544e8f0bf034 to remote] DEBUG org.asynchttpclient.netty.request.NettyRequestSender - Using pooled Channel '[id: 0xee5c3a95, L:/127.0.0.1:64195 - R:localhost/127.0.0.1:18432]' for 'GET' to 'http://localhost:18432/session/df6a6576b4ee226eb544544e8f0bf034/element/eb4b230c-b41e-4ff8-99c9-749f7132a921/text'
10:50:27.581 [Forwarding getElementText on session df6a6576b4ee226eb544544e8f0bf034 to remote] DEBUG org.asynchttpclient.netty.request.NettyRequestSender - Using open Channel [id: 0xee5c3a95, L:/127.0.0.1:64195 - R:localhost/127.0.0.1:18432] for GET '/session/df6a6576b4ee226eb544544e8f0bf034/element/eb4b230c-b41e-4ff8-99c9-749f7132a921/text'
10:50:27.599 [AsyncHttpClient-1-8] DEBUG org.asynchttpclient.netty.handler.HttpHandler - 

Request DefaultFullHttpRequest(decodeResult: success, version: HTTP/1.1, content: EmptyByteBufBE)
GET /session/df6a6576b4ee226eb544544e8f0bf034/element/eb4b230c-b41e-4ff8-99c9-749f7132a921/text HTTP/1.1
User-Agent: selenium/4.5.3 (java mac)
Cache-Control: no-cache
Content-Type: application/json; charset=utf-8
host: localhost:18432
accept: */*

Response DefaultHttpResponse(decodeResult: success, version: HTTP/1.1)
HTTP/1.1 200 OK
Content-Length: 69
Content-Type: application/json; charset=utf-8
cache-control: no-cache

10:50:27.599 [AsyncHttpClient-1-8] DEBUG org.asynchttpclient.netty.channel.ChannelManager - Adding key: http://localhost:18432 for channel [id: 0xee5c3a95, L:/127.0.0.1:64195 - R:localhost/127.0.0.1:18432]
10:50:27.602 [Forwarding findChildElement on session df6a6576b4ee226eb544544e8f0bf034 to remote] DEBUG org.asynchttpclient.netty.request.NettyRequestSender - Using pooled Channel '[id: 0xee5c3a95, L:/127.0.0.1:64195 - R:localhost/127.0.0.1:18432]' for 'POST' to 'http://localhost:18432/session/df6a6576b4ee226eb544544e8f0bf034/element/b611fd73-5018-4c68-93f6-664a262a5d9b/element'
10:50:27.603 [Forwarding findChildElement on session df6a6576b4ee226eb544544e8f0bf034 to remote] DEBUG org.asynchttpclient.netty.request.NettyRequestSender - Using open Channel [id: 0xee5c3a95, L:/127.0.0.1:64195 - R:localhost/127.0.0.1:18432] for POST '/session/df6a6576b4ee226eb544544e8f0bf034/element/b611fd73-5018-4c68-93f6-664a262a5d9b/element'
10:50:28.012 [AsyncHttpClient-1-8] DEBUG org.asynchttpclient.netty.handler.HttpHandler - 

Request DefaultHttpRequest(decodeResult: success, version: HTTP/1.1)
POST /session/df6a6576b4ee226eb544544e8f0bf034/element/b611fd73-5018-4c68-93f6-664a262a5d9b/element HTTP/1.1
User-Agent: selenium/4.5.3 (java mac)
Content-Length: 106
Content-Type: application/json; charset=utf-8
host: localhost:18432
accept: */*

Response DefaultHttpResponse(decodeResult: success, version: HTTP/1.1)
HTTP/1.1 200 OK
Content-Length: 88
Content-Type: application/json; charset=utf-8
cache-control: no-cache

10:50:28.012 [AsyncHttpClient-1-8] DEBUG org.asynchttpclient.netty.channel.ChannelManager - Adding key: http://localhost:18432 for channel [id: 0xee5c3a95, L:/127.0.0.1:64195 - R:localhost/127.0.0.1:18432]
10:50:28.014 [Forwarding getElementText on session df6a6576b4ee226eb544544e8f0bf034 to remote] DEBUG org.asynchttpclient.netty.request.NettyRequestSender - Using pooled Channel '[id: 0xee5c3a95, L:/127.0.0.1:64195 - R:localhost/127.0.0.1:18432]' for 'GET' to 'http://localhost:18432/session/df6a6576b4ee226eb544544e8f0bf034/element/85ac9e66-270d-4f4b-b2c3-ac9235d9a30c/text'
10:50:28.014 [Forwarding getElementText on session df6a6576b4ee226eb544544e8f0bf034 to remote] DEBUG org.asynchttpclient.netty.request.NettyRequestSender - Using open Channel [id: 0xee5c3a95, L:/127.0.0.1:64195 - R:localhost/127.0.0.1:18432] for GET '/session/df6a6576b4ee226eb544544e8f0bf034/element/85ac9e66-270d-4f4b-b2c3-ac9235d9a30c/text'
10:50:28.051 [AsyncHttpClient-1-8] DEBUG org.asynchttpclient.netty.handler.HttpHandler - 

Request DefaultFullHttpRequest(decodeResult: success, version: HTTP/1.1, content: EmptyByteBufBE)
GET /session/df6a6576b4ee226eb544544e8f0bf034/element/85ac9e66-270d-4f4b-b2c3-ac9235d9a30c/text HTTP/1.1
User-Agent: selenium/4.5.3 (java mac)
Cache-Control: no-cache
Content-Type: application/json; charset=utf-8
host: localhost:18432
accept: */*

Response DefaultHttpResponse(decodeResult: success, version: HTTP/1.1)
HTTP/1.1 200 OK
Content-Length: 19
Content-Type: application/json; charset=utf-8
cache-control: no-cache

10:50:28.051 [AsyncHttpClient-1-8] DEBUG org.asynchttpclient.netty.channel.ChannelManager - Adding key: http://localhost:18432 for channel [id: 0xee5c3a95, L:/127.0.0.1:64195 - R:localhost/127.0.0.1:18432]
10:50:28.066 [Forwarding findChildElement on session df6a6576b4ee226eb544544e8f0bf034 to remote] DEBUG org.asynchttpclient.netty.request.NettyRequestSender - Using pooled Channel '[id: 0xee5c3a95, L:/127.0.0.1:64195 - R:localhost/127.0.0.1:18432]' for 'POST' to 'http://localhost:18432/session/df6a6576b4ee226eb544544e8f0bf034/element/b1edc4ce-f8b4-4339-bd59-1dee6aa59de3/element'
10:50:28.066 [Forwarding findChildElement on session df6a6576b4ee226eb544544e8f0bf034 to remote] DEBUG org.asynchttpclient.netty.request.NettyRequestSender - Using open Channel [id: 0xee5c3a95, L:/127.0.0.1:64195 - R:localhost/127.0.0.1:18432] for POST '/session/df6a6576b4ee226eb544544e8f0bf034/element/b1edc4ce-f8b4-4339-bd59-1dee6aa59de3/element'
10:50:28.104 [AsyncHttpClient-1-8] DEBUG org.asynchttpclient.netty.handler.HttpHandler - 

Request DefaultHttpRequest(decodeResult: success, version: HTTP/1.1)
POST /session/df6a6576b4ee226eb544544e8f0bf034/element/b1edc4ce-f8b4-4339-bd59-1dee6aa59de3/element HTTP/1.1
User-Agent: selenium/4.5.3 (java mac)
Content-Length: 106
Content-Type: application/json; charset=utf-8
host: localhost:18432
accept: */*

Response DefaultHttpResponse(decodeResult: success, version: HTTP/1.1)
HTTP/1.1 200 OK
Content-Length: 88
Content-Type: application/json; charset=utf-8
cache-control: no-cache

10:50:28.104 [AsyncHttpClient-1-8] DEBUG org.asynchttpclient.netty.channel.ChannelManager - Adding key: http://localhost:18432 for channel [id: 0xee5c3a95, L:/127.0.0.1:64195 - R:localhost/127.0.0.1:18432]
10:50:28.107 [Forwarding getElementText on session df6a6576b4ee226eb544544e8f0bf034 to remote] DEBUG org.asynchttpclient.netty.request.NettyRequestSender - Using pooled Channel '[id: 0xee5c3a95, L:/127.0.0.1:64195 - R:localhost/127.0.0.1:18432]' for 'GET' to 'http://localhost:18432/session/df6a6576b4ee226eb544544e8f0bf034/element/44259c10-2adf-4d3c-aefb-80f567c63e71/text'
10:50:28.108 [Forwarding getElementText on session df6a6576b4ee226eb544544e8f0bf034 to remote] DEBUG org.asynchttpclient.netty.request.NettyRequestSender - Using open Channel [id: 0xee5c3a95, L:/127.0.0.1:64195 - R:localhost/127.0.0.1:18432] for GET '/session/df6a6576b4ee226eb544544e8f0bf034/element/44259c10-2adf-4d3c-aefb-80f567c63e71/text'
10:50:28.404 [AsyncHttpClient-1-8] DEBUG org.asynchttpclient.netty.handler.HttpHandler - 

Request DefaultFullHttpRequest(decodeResult: success, version: HTTP/1.1, content: EmptyByteBufBE)
GET /session/df6a6576b4ee226eb544544e8f0bf034/element/44259c10-2adf-4d3c-aefb-80f567c63e71/text HTTP/1.1
User-Agent: selenium/4.5.3 (java mac)
Cache-Control: no-cache
Content-Type: application/json; charset=utf-8
host: localhost:18432
accept: */*

Response DefaultHttpResponse(decodeResult: success, version: HTTP/1.1)
HTTP/1.1 200 OK
Content-Length: 80
Content-Type: application/json; charset=utf-8
cache-control: no-cache

10:50:28.404 [AsyncHttpClient-1-8] DEBUG org.asynchttpclient.netty.channel.ChannelManager - Adding key: http://localhost:18432 for channel [id: 0xee5c3a95, L:/127.0.0.1:64195 - R:localhost/127.0.0.1:18432]
10:50:28.406 [Forwarding findChildElement on session df6a6576b4ee226eb544544e8f0bf034 to remote] DEBUG org.asynchttpclient.netty.request.NettyRequestSender - Using pooled Channel '[id: 0xee5c3a95, L:/127.0.0.1:64195 - R:localhost/127.0.0.1:18432]' for 'POST' to 'http://localhost:18432/session/df6a6576b4ee226eb544544e8f0bf034/element/b1edc4ce-f8b4-4339-bd59-1dee6aa59de3/element'
10:50:28.406 [Forwarding findChildElement on session df6a6576b4ee226eb544544e8f0bf034 to remote] DEBUG org.asynchttpclient.netty.request.NettyRequestSender - Using open Channel [id: 0xee5c3a95, L:/127.0.0.1:64195 - R:localhost/127.0.0.1:18432] for POST '/session/df6a6576b4ee226eb544544e8f0bf034/element/b1edc4ce-f8b4-4339-bd59-1dee6aa59de3/element'
10:50:28.444 [AsyncHttpClient-1-8] DEBUG org.asynchttpclient.netty.handler.HttpHandler - 

Request DefaultHttpRequest(decodeResult: success, version: HTTP/1.1)
POST /session/df6a6576b4ee226eb544544e8f0bf034/element/b1edc4ce-f8b4-4339-bd59-1dee6aa59de3/element HTTP/1.1
User-Agent: selenium/4.5.3 (java mac)
Content-Length: 106
Content-Type: application/json; charset=utf-8
host: localhost:18432
accept: */*

Response DefaultHttpResponse(decodeResult: success, version: HTTP/1.1)
HTTP/1.1 200 OK
Content-Length: 88
Content-Type: application/json; charset=utf-8
cache-control: no-cache

10:50:28.445 [AsyncHttpClient-1-8] DEBUG org.asynchttpclient.netty.channel.ChannelManager - Adding key: http://localhost:18432 for channel [id: 0xee5c3a95, L:/127.0.0.1:64195 - R:localhost/127.0.0.1:18432]
10:50:28.446 [Forwarding getElementText on session df6a6576b4ee226eb544544e8f0bf034 to remote] DEBUG org.asynchttpclient.netty.request.NettyRequestSender - Using pooled Channel '[id: 0xee5c3a95, L:/127.0.0.1:64195 - R:localhost/127.0.0.1:18432]' for 'GET' to 'http://localhost:18432/session/df6a6576b4ee226eb544544e8f0bf034/element/6cda6a30-ba7f-4a2c-909f-3b754a894301/text'
10:50:28.446 [Forwarding getElementText on session df6a6576b4ee226eb544544e8f0bf034 to remote] DEBUG org.asynchttpclient.netty.request.NettyRequestSender - Using open Channel [id: 0xee5c3a95, L:/127.0.0.1:64195 - R:localhost/127.0.0.1:18432] for GET '/session/df6a6576b4ee226eb544544e8f0bf034/element/6cda6a30-ba7f-4a2c-909f-3b754a894301/text'
10:50:28.473 [AsyncHttpClient-1-8] DEBUG org.asynchttpclient.netty.handler.HttpHandler - 

Request DefaultFullHttpRequest(decodeResult: success, version: HTTP/1.1, content: EmptyByteBufBE)
GET /session/df6a6576b4ee226eb544544e8f0bf034/element/6cda6a30-ba7f-4a2c-909f-3b754a894301/text HTTP/1.1
User-Agent: selenium/4.5.3 (java mac)
Cache-Control: no-cache
Content-Type: application/json; charset=utf-8
host: localhost:18432
accept: */*

Response DefaultHttpResponse(decodeResult: success, version: HTTP/1.1)
HTTP/1.1 200 OK
Content-Length: 30
Content-Type: application/json; charset=utf-8
cache-control: no-cache

10:50:28.474 [AsyncHttpClient-1-8] DEBUG org.asynchttpclient.netty.channel.ChannelManager - Adding key: http://localhost:18432 for channel [id: 0xee5c3a95, L:/127.0.0.1:64195 - R:localhost/127.0.0.1:18432]
10:50:28.476 [Forwarding findChildElement on session df6a6576b4ee226eb544544e8f0bf034 to remote] DEBUG org.asynchttpclient.netty.request.NettyRequestSender - Using pooled Channel '[id: 0xee5c3a95, L:/127.0.0.1:64195 - R:localhost/127.0.0.1:18432]' for 'POST' to 'http://localhost:18432/session/df6a6576b4ee226eb544544e8f0bf034/element/88875521-8218-49d5-b1c5-f0a8bd0a5adc/element'
10:50:28.477 [Forwarding findChildElement on session df6a6576b4ee226eb544544e8f0bf034 to remote] DEBUG org.asynchttpclient.netty.request.NettyRequestSender - Using open Channel [id: 0xee5c3a95, L:/127.0.0.1:64195 - R:localhost/127.0.0.1:18432] for POST '/session/df6a6576b4ee226eb544544e8f0bf034/element/88875521-8218-49d5-b1c5-f0a8bd0a5adc/element'
10:50:28.497 [AsyncHttpClient-1-8] DEBUG org.asynchttpclient.netty.handler.HttpHandler - 

Request DefaultHttpRequest(decodeResult: success, version: HTTP/1.1)
POST /session/df6a6576b4ee226eb544544e8f0bf034/element/88875521-8218-49d5-b1c5-f0a8bd0a5adc/element HTTP/1.1
User-Agent: selenium/4.5.3 (java mac)
Content-Length: 106
Content-Type: application/json; charset=utf-8
host: localhost:18432
accept: */*

Response DefaultHttpResponse(decodeResult: success, version: HTTP/1.1)
HTTP/1.1 200 OK
Content-Length: 88
Content-Type: application/json; charset=utf-8
cache-control: no-cache

10:50:28.498 [AsyncHttpClient-1-8] DEBUG org.asynchttpclient.netty.channel.ChannelManager - Adding key: http://localhost:18432 for channel [id: 0xee5c3a95, L:/127.0.0.1:64195 - R:localhost/127.0.0.1:18432]
10:50:28.500 [Forwarding getElementText on session df6a6576b4ee226eb544544e8f0bf034 to remote] DEBUG org.asynchttpclient.netty.request.NettyRequestSender - Using pooled Channel '[id: 0xee5c3a95, L:/127.0.0.1:64195 - R:localhost/127.0.0.1:18432]' for 'GET' to 'http://localhost:18432/session/df6a6576b4ee226eb544544e8f0bf034/element/d2c30920-d071-4e59-82a2-930a75190f4c/text'
10:50:28.500 [Forwarding getElementText on session df6a6576b4ee226eb544544e8f0bf034 to remote] DEBUG org.asynchttpclient.netty.request.NettyRequestSender - Using open Channel [id: 0xee5c3a95, L:/127.0.0.1:64195 - R:localhost/127.0.0.1:18432] for GET '/session/df6a6576b4ee226eb544544e8f0bf034/element/d2c30920-d071-4e59-82a2-930a75190f4c/text'
10:50:28.796 [AsyncHttpClient-1-8] DEBUG org.asynchttpclient.netty.handler.HttpHandler - 

Request DefaultFullHttpRequest(decodeResult: success, version: HTTP/1.1, content: EmptyByteBufBE)
GET /session/df6a6576b4ee226eb544544e8f0bf034/element/d2c30920-d071-4e59-82a2-930a75190f4c/text HTTP/1.1
User-Agent: selenium/4.5.3 (java mac)
Cache-Control: no-cache
Content-Type: application/json; charset=utf-8
host: localhost:18432
accept: */*

Response DefaultHttpResponse(decodeResult: success, version: HTTP/1.1)
HTTP/1.1 200 OK
Content-Length: 55
Content-Type: application/json; charset=utf-8
cache-control: no-cache

10:50:28.797 [AsyncHttpClient-1-8] DEBUG org.asynchttpclient.netty.channel.ChannelManager - Adding key: http://localhost:18432 for channel [id: 0xee5c3a95, L:/127.0.0.1:64195 - R:localhost/127.0.0.1:18432]
10:50:28.799 [Forwarding findChildElement on session df6a6576b4ee226eb544544e8f0bf034 to remote] DEBUG org.asynchttpclient.netty.request.NettyRequestSender - Using pooled Channel '[id: 0xee5c3a95, L:/127.0.0.1:64195 - R:localhost/127.0.0.1:18432]' for 'POST' to 'http://localhost:18432/session/df6a6576b4ee226eb544544e8f0bf034/element/88875521-8218-49d5-b1c5-f0a8bd0a5adc/element'
10:50:28.799 [Forwarding findChildElement on session df6a6576b4ee226eb544544e8f0bf034 to remote] DEBUG org.asynchttpclient.netty.request.NettyRequestSender - Using open Channel [id: 0xee5c3a95, L:/127.0.0.1:64195 - R:localhost/127.0.0.1:18432] for POST '/session/df6a6576b4ee226eb544544e8f0bf034/element/88875521-8218-49d5-b1c5-f0a8bd0a5adc/element'
10:50:28.844 [AsyncHttpClient-1-8] DEBUG org.asynchttpclient.netty.handler.HttpHandler - 

Request DefaultHttpRequest(decodeResult: success, version: HTTP/1.1)
POST /session/df6a6576b4ee226eb544544e8f0bf034/element/88875521-8218-49d5-b1c5-f0a8bd0a5adc/element HTTP/1.1
User-Agent: selenium/4.5.3 (java mac)
Content-Length: 106
Content-Type: application/json; charset=utf-8
host: localhost:18432
accept: */*

Response DefaultHttpResponse(decodeResult: success, version: HTTP/1.1)
HTTP/1.1 200 OK
Content-Length: 88
Content-Type: application/json; charset=utf-8
cache-control: no-cache

10:50:28.844 [AsyncHttpClient-1-8] DEBUG org.asynchttpclient.netty.channel.ChannelManager - Adding key: http://localhost:18432 for channel [id: 0xee5c3a95, L:/127.0.0.1:64195 - R:localhost/127.0.0.1:18432]
10:50:28.860 [Forwarding getElementText on session df6a6576b4ee226eb544544e8f0bf034 to remote] DEBUG org.asynchttpclient.netty.request.NettyRequestSender - Using pooled Channel '[id: 0xee5c3a95, L:/127.0.0.1:64195 - R:localhost/127.0.0.1:18432]' for 'GET' to 'http://localhost:18432/session/df6a6576b4ee226eb544544e8f0bf034/element/d70b7d5e-fb97-4078-af1a-d3dbc8ad2add/text'
10:50:28.861 [Forwarding getElementText on session df6a6576b4ee226eb544544e8f0bf034 to remote] DEBUG org.asynchttpclient.netty.request.NettyRequestSender - Using open Channel [id: 0xee5c3a95, L:/127.0.0.1:64195 - R:localhost/127.0.0.1:18432] for GET '/session/df6a6576b4ee226eb544544e8f0bf034/element/d70b7d5e-fb97-4078-af1a-d3dbc8ad2add/text'
10:50:28.929 [AsyncHttpClient-1-8] DEBUG org.asynchttpclient.netty.handler.HttpHandler - 

Request DefaultFullHttpRequest(decodeResult: success, version: HTTP/1.1, content: EmptyByteBufBE)
GET /session/df6a6576b4ee226eb544544e8f0bf034/element/d70b7d5e-fb97-4078-af1a-d3dbc8ad2add/text HTTP/1.1
User-Agent: selenium/4.5.3 (java mac)
Cache-Control: no-cache
Content-Type: application/json; charset=utf-8
host: localhost:18432
accept: */*

Response DefaultHttpResponse(decodeResult: success, version: HTTP/1.1)
HTTP/1.1 200 OK
Content-Length: 19
Content-Type: application/json; charset=utf-8
cache-control: no-cache

10:50:28.929 [AsyncHttpClient-1-8] DEBUG org.asynchttpclient.netty.channel.ChannelManager - Adding key: http://localhost:18432 for channel [id: 0xee5c3a95, L:/127.0.0.1:64195 - R:localhost/127.0.0.1:18432]
10:50:28.932 [Forwarding findChildElement on session df6a6576b4ee226eb544544e8f0bf034 to remote] DEBUG org.asynchttpclient.netty.request.NettyRequestSender - Using pooled Channel '[id: 0xee5c3a95, L:/127.0.0.1:64195 - R:localhost/127.0.0.1:18432]' for 'POST' to 'http://localhost:18432/session/df6a6576b4ee226eb544544e8f0bf034/element/0baaa822-abf8-41e2-a3d5-14740fbb99dc/element'
10:50:28.932 [Forwarding findChildElement on session df6a6576b4ee226eb544544e8f0bf034 to remote] DEBUG org.asynchttpclient.netty.request.NettyRequestSender - Using open Channel [id: 0xee5c3a95, L:/127.0.0.1:64195 - R:localhost/127.0.0.1:18432] for POST '/session/df6a6576b4ee226eb544544e8f0bf034/element/0baaa822-abf8-41e2-a3d5-14740fbb99dc/element'
10:50:29.057 [AsyncHttpClient-1-8] DEBUG org.asynchttpclient.netty.handler.HttpHandler - 

Request DefaultHttpRequest(decodeResult: success, version: HTTP/1.1)
POST /session/df6a6576b4ee226eb544544e8f0bf034/element/0baaa822-abf8-41e2-a3d5-14740fbb99dc/element HTTP/1.1
User-Agent: selenium/4.5.3 (java mac)
Content-Length: 106
Content-Type: application/json; charset=utf-8
host: localhost:18432
accept: */*

Response DefaultHttpResponse(decodeResult: success, version: HTTP/1.1)
HTTP/1.1 200 OK
Content-Length: 88
Content-Type: application/json; charset=utf-8
cache-control: no-cache

10:50:29.057 [AsyncHttpClient-1-8] DEBUG org.asynchttpclient.netty.channel.ChannelManager - Adding key: http://localhost:18432 for channel [id: 0xee5c3a95, L:/127.0.0.1:64195 - R:localhost/127.0.0.1:18432]
10:50:29.058 [Forwarding getElementText on session df6a6576b4ee226eb544544e8f0bf034 to remote] DEBUG org.asynchttpclient.netty.request.NettyRequestSender - Using pooled Channel '[id: 0xee5c3a95, L:/127.0.0.1:64195 - R:localhost/127.0.0.1:18432]' for 'GET' to 'http://localhost:18432/session/df6a6576b4ee226eb544544e8f0bf034/element/4c585028-2e99-484a-8a8d-53e8776d0999/text'
10:50:29.058 [Forwarding getElementText on session df6a6576b4ee226eb544544e8f0bf034 to remote] DEBUG org.asynchttpclient.netty.request.NettyRequestSender - Using open Channel [id: 0xee5c3a95, L:/127.0.0.1:64195 - R:localhost/127.0.0.1:18432] for GET '/session/df6a6576b4ee226eb544544e8f0bf034/element/4c585028-2e99-484a-8a8d-53e8776d0999/text'
10:50:29.139 [AsyncHttpClient-1-8] DEBUG org.asynchttpclient.netty.handler.HttpHandler - 

Request DefaultFullHttpRequest(decodeResult: success, version: HTTP/1.1, content: EmptyByteBufBE)
GET /session/df6a6576b4ee226eb544544e8f0bf034/element/4c585028-2e99-484a-8a8d-53e8776d0999/text HTTP/1.1
User-Agent: selenium/4.5.3 (java mac)
Cache-Control: no-cache
Content-Type: application/json; charset=utf-8
host: localhost:18432
accept: */*

Response DefaultHttpResponse(decodeResult: success, version: HTTP/1.1)
HTTP/1.1 200 OK
Content-Length: 68
Content-Type: application/json; charset=utf-8
cache-control: no-cache

10:50:29.140 [AsyncHttpClient-1-8] DEBUG org.asynchttpclient.netty.channel.ChannelManager - Adding key: http://localhost:18432 for channel [id: 0xee5c3a95, L:/127.0.0.1:64195 - R:localhost/127.0.0.1:18432]
10:50:29.142 [Forwarding findChildElement on session df6a6576b4ee226eb544544e8f0bf034 to remote] DEBUG org.asynchttpclient.netty.request.NettyRequestSender - Using pooled Channel '[id: 0xee5c3a95, L:/127.0.0.1:64195 - R:localhost/127.0.0.1:18432]' for 'POST' to 'http://localhost:18432/session/df6a6576b4ee226eb544544e8f0bf034/element/0baaa822-abf8-41e2-a3d5-14740fbb99dc/element'
10:50:29.142 [Forwarding findChildElement on session df6a6576b4ee226eb544544e8f0bf034 to remote] DEBUG org.asynchttpclient.netty.request.NettyRequestSender - Using open Channel [id: 0xee5c3a95, L:/127.0.0.1:64195 - R:localhost/127.0.0.1:18432] for POST '/session/df6a6576b4ee226eb544544e8f0bf034/element/0baaa822-abf8-41e2-a3d5-14740fbb99dc/element'
10:50:29.179 [AsyncHttpClient-1-8] DEBUG org.asynchttpclient.netty.handler.HttpHandler - 

Request DefaultHttpRequest(decodeResult: success, version: HTTP/1.1)
POST /session/df6a6576b4ee226eb544544e8f0bf034/element/0baaa822-abf8-41e2-a3d5-14740fbb99dc/element HTTP/1.1
User-Agent: selenium/4.5.3 (java mac)
Content-Length: 106
Content-Type: application/json; charset=utf-8
host: localhost:18432
accept: */*

Response DefaultHttpResponse(decodeResult: success, version: HTTP/1.1)
HTTP/1.1 200 OK
Content-Length: 88
Content-Type: application/json; charset=utf-8
cache-control: no-cache

10:50:29.179 [AsyncHttpClient-1-8] DEBUG org.asynchttpclient.netty.channel.ChannelManager - Adding key: http://localhost:18432 for channel [id: 0xee5c3a95, L:/127.0.0.1:64195 - R:localhost/127.0.0.1:18432]
10:50:29.180 [Forwarding getElementText on session df6a6576b4ee226eb544544e8f0bf034 to remote] DEBUG org.asynchttpclient.netty.request.NettyRequestSender - Using pooled Channel '[id: 0xee5c3a95, L:/127.0.0.1:64195 - R:localhost/127.0.0.1:18432]' for 'GET' to 'http://localhost:18432/session/df6a6576b4ee226eb544544e8f0bf034/element/c96a354d-e4fa-4428-a3f4-87007e02ff7a/text'
10:50:29.181 [Forwarding getElementText on session df6a6576b4ee226eb544544e8f0bf034 to remote] DEBUG org.asynchttpclient.netty.request.NettyRequestSender - Using open Channel [id: 0xee5c3a95, L:/127.0.0.1:64195 - R:localhost/127.0.0.1:18432] for GET '/session/df6a6576b4ee226eb544544e8f0bf034/element/c96a354d-e4fa-4428-a3f4-87007e02ff7a/text'
10:50:29.523 [AsyncHttpClient-1-8] DEBUG org.asynchttpclient.netty.handler.HttpHandler - 

Request DefaultFullHttpRequest(decodeResult: success, version: HTTP/1.1, content: EmptyByteBufBE)
GET /session/df6a6576b4ee226eb544544e8f0bf034/element/c96a354d-e4fa-4428-a3f4-87007e02ff7a/text HTTP/1.1
User-Agent: selenium/4.5.3 (java mac)
Cache-Control: no-cache
Content-Type: application/json; charset=utf-8
host: localhost:18432
accept: */*

Response DefaultHttpResponse(decodeResult: success, version: HTTP/1.1)
HTTP/1.1 200 OK
Content-Length: 19
Content-Type: application/json; charset=utf-8
cache-control: no-cache

10:50:29.523 [AsyncHttpClient-1-8] DEBUG org.asynchttpclient.netty.channel.ChannelManager - Adding key: http://localhost:18432 for channel [id: 0xee5c3a95, L:/127.0.0.1:64195 - R:localhost/127.0.0.1:18432]
10:50:29.527 [Forwarding findChildElement on session df6a6576b4ee226eb544544e8f0bf034 to remote] DEBUG org.asynchttpclient.netty.request.NettyRequestSender - Using pooled Channel '[id: 0xee5c3a95, L:/127.0.0.1:64195 - R:localhost/127.0.0.1:18432]' for 'POST' to 'http://localhost:18432/session/df6a6576b4ee226eb544544e8f0bf034/element/5ab3d9f3-7f09-4890-96c2-8d2e60346c50/element'
10:50:29.527 [Forwarding findChildElement on session df6a6576b4ee226eb544544e8f0bf034 to remote] DEBUG org.asynchttpclient.netty.request.NettyRequestSender - Using open Channel [id: 0xee5c3a95, L:/127.0.0.1:64195 - R:localhost/127.0.0.1:18432] for POST '/session/df6a6576b4ee226eb544544e8f0bf034/element/5ab3d9f3-7f09-4890-96c2-8d2e60346c50/element'
10:50:29.613 [AsyncHttpClient-1-8] DEBUG org.asynchttpclient.netty.handler.HttpHandler - 

Request DefaultHttpRequest(decodeResult: success, version: HTTP/1.1)
POST /session/df6a6576b4ee226eb544544e8f0bf034/element/5ab3d9f3-7f09-4890-96c2-8d2e60346c50/element HTTP/1.1
User-Agent: selenium/4.5.3 (java mac)
Content-Length: 106
Content-Type: application/json; charset=utf-8
host: localhost:18432
accept: */*

Response DefaultHttpResponse(decodeResult: success, version: HTTP/1.1)
HTTP/1.1 200 OK
Content-Length: 88
Content-Type: application/json; charset=utf-8
cache-control: no-cache

10:50:29.613 [AsyncHttpClient-1-8] DEBUG org.asynchttpclient.netty.channel.ChannelManager - Adding key: http://localhost:18432 for channel [id: 0xee5c3a95, L:/127.0.0.1:64195 - R:localhost/127.0.0.1:18432]
10:50:29.615 [Forwarding getElementText on session df6a6576b4ee226eb544544e8f0bf034 to remote] DEBUG org.asynchttpclient.netty.request.NettyRequestSender - Using pooled Channel '[id: 0xee5c3a95, L:/127.0.0.1:64195 - R:localhost/127.0.0.1:18432]' for 'GET' to 'http://localhost:18432/session/df6a6576b4ee226eb544544e8f0bf034/element/04fcac01-d617-4fdd-9307-f07c5ae91acf/text'
10:50:29.615 [Forwarding getElementText on session df6a6576b4ee226eb544544e8f0bf034 to remote] DEBUG org.asynchttpclient.netty.request.NettyRequestSender - Using open Channel [id: 0xee5c3a95, L:/127.0.0.1:64195 - R:localhost/127.0.0.1:18432] for GET '/session/df6a6576b4ee226eb544544e8f0bf034/element/04fcac01-d617-4fdd-9307-f07c5ae91acf/text'
10:50:29.900 [AsyncHttpClient-1-8] DEBUG org.asynchttpclient.netty.handler.HttpHandler - 

Request DefaultFullHttpRequest(decodeResult: success, version: HTTP/1.1, content: EmptyByteBufBE)
GET /session/df6a6576b4ee226eb544544e8f0bf034/element/04fcac01-d617-4fdd-9307-f07c5ae91acf/text HTTP/1.1
User-Agent: selenium/4.5.3 (java mac)
Cache-Control: no-cache
Content-Type: application/json; charset=utf-8
host: localhost:18432
accept: */*

Response DefaultHttpResponse(decodeResult: success, version: HTTP/1.1)
HTTP/1.1 200 OK
Content-Length: 64
Content-Type: application/json; charset=utf-8
cache-control: no-cache

10:50:29.900 [AsyncHttpClient-1-8] DEBUG org.asynchttpclient.netty.channel.ChannelManager - Adding key: http://localhost:18432 for channel [id: 0xee5c3a95, L:/127.0.0.1:64195 - R:localhost/127.0.0.1:18432]
10:50:29.902 [Forwarding findChildElement on session df6a6576b4ee226eb544544e8f0bf034 to remote] DEBUG org.asynchttpclient.netty.request.NettyRequestSender - Using pooled Channel '[id: 0xee5c3a95, L:/127.0.0.1:64195 - R:localhost/127.0.0.1:18432]' for 'POST' to 'http://localhost:18432/session/df6a6576b4ee226eb544544e8f0bf034/element/5ab3d9f3-7f09-4890-96c2-8d2e60346c50/element'
10:50:29.902 [Forwarding findChildElement on session df6a6576b4ee226eb544544e8f0bf034 to remote] DEBUG org.asynchttpclient.netty.request.NettyRequestSender - Using open Channel [id: 0xee5c3a95, L:/127.0.0.1:64195 - R:localhost/127.0.0.1:18432] for POST '/session/df6a6576b4ee226eb544544e8f0bf034/element/5ab3d9f3-7f09-4890-96c2-8d2e60346c50/element'
10:50:30.138 [AsyncHttpClient-1-8] DEBUG org.asynchttpclient.netty.handler.HttpHandler - 

Request DefaultHttpRequest(decodeResult: success, version: HTTP/1.1)
POST /session/df6a6576b4ee226eb544544e8f0bf034/element/5ab3d9f3-7f09-4890-96c2-8d2e60346c50/element HTTP/1.1
User-Agent: selenium/4.5.3 (java mac)
Content-Length: 106
Content-Type: application/json; charset=utf-8
host: localhost:18432
accept: */*

Response DefaultHttpResponse(decodeResult: success, version: HTTP/1.1)
HTTP/1.1 200 OK
Content-Length: 88
Content-Type: application/json; charset=utf-8
cache-control: no-cache

10:50:30.138 [AsyncHttpClient-1-8] DEBUG org.asynchttpclient.netty.channel.ChannelManager - Adding key: http://localhost:18432 for channel [id: 0xee5c3a95, L:/127.0.0.1:64195 - R:localhost/127.0.0.1:18432]
10:50:30.139 [Forwarding getElementText on session df6a6576b4ee226eb544544e8f0bf034 to remote] DEBUG org.asynchttpclient.netty.request.NettyRequestSender - Using pooled Channel '[id: 0xee5c3a95, L:/127.0.0.1:64195 - R:localhost/127.0.0.1:18432]' for 'GET' to 'http://localhost:18432/session/df6a6576b4ee226eb544544e8f0bf034/element/1e25dfaa-1a71-4308-8314-992f189149cc/text'
10:50:30.139 [Forwarding getElementText on session df6a6576b4ee226eb544544e8f0bf034 to remote] DEBUG org.asynchttpclient.netty.request.NettyRequestSender - Using open Channel [id: 0xee5c3a95, L:/127.0.0.1:64195 - R:localhost/127.0.0.1:18432] for GET '/session/df6a6576b4ee226eb544544e8f0bf034/element/1e25dfaa-1a71-4308-8314-992f189149cc/text'
10:50:30.399 [AsyncHttpClient-1-8] DEBUG org.asynchttpclient.netty.handler.HttpHandler - 

Request DefaultFullHttpRequest(decodeResult: success, version: HTTP/1.1, content: EmptyByteBufBE)
GET /session/df6a6576b4ee226eb544544e8f0bf034/element/1e25dfaa-1a71-4308-8314-992f189149cc/text HTTP/1.1
User-Agent: selenium/4.5.3 (java mac)
Cache-Control: no-cache
Content-Type: application/json; charset=utf-8
host: localhost:18432
accept: */*

Response DefaultHttpResponse(decodeResult: success, version: HTTP/1.1)
HTTP/1.1 200 OK
Content-Length: 19
Content-Type: application/json; charset=utf-8
cache-control: no-cache

10:50:30.399 [AsyncHttpClient-1-8] DEBUG org.asynchttpclient.netty.channel.ChannelManager - Adding key: http://localhost:18432 for channel [id: 0xee5c3a95, L:/127.0.0.1:64195 - R:localhost/127.0.0.1:18432]
10:50:30.401 [Forwarding findChildElement on session df6a6576b4ee226eb544544e8f0bf034 to remote] DEBUG org.asynchttpclient.netty.request.NettyRequestSender - Using pooled Channel '[id: 0xee5c3a95, L:/127.0.0.1:64195 - R:localhost/127.0.0.1:18432]' for 'POST' to 'http://localhost:18432/session/df6a6576b4ee226eb544544e8f0bf034/element/cffe16d0-b733-4de0-91d1-1b57ba00e2fa/element'
10:50:30.401 [Forwarding findChildElement on session df6a6576b4ee226eb544544e8f0bf034 to remote] DEBUG org.asynchttpclient.netty.request.NettyRequestSender - Using open Channel [id: 0xee5c3a95, L:/127.0.0.1:64195 - R:localhost/127.0.0.1:18432] for POST '/session/df6a6576b4ee226eb544544e8f0bf034/element/cffe16d0-b733-4de0-91d1-1b57ba00e2fa/element'
10:50:30.625 [AsyncHttpClient-1-8] DEBUG org.asynchttpclient.netty.handler.HttpHandler - 

Request DefaultHttpRequest(decodeResult: success, version: HTTP/1.1)
POST /session/df6a6576b4ee226eb544544e8f0bf034/element/cffe16d0-b733-4de0-91d1-1b57ba00e2fa/element HTTP/1.1
User-Agent: selenium/4.5.3 (java mac)
Content-Length: 106
Content-Type: application/json; charset=utf-8
host: localhost:18432
accept: */*

Response DefaultHttpResponse(decodeResult: success, version: HTTP/1.1)
HTTP/1.1 200 OK
Content-Length: 88
Content-Type: application/json; charset=utf-8
cache-control: no-cache

10:50:30.625 [AsyncHttpClient-1-8] DEBUG org.asynchttpclient.netty.channel.ChannelManager - Adding key: http://localhost:18432 for channel [id: 0xee5c3a95, L:/127.0.0.1:64195 - R:localhost/127.0.0.1:18432]
10:50:30.626 [Forwarding getElementText on session df6a6576b4ee226eb544544e8f0bf034 to remote] DEBUG org.asynchttpclient.netty.request.NettyRequestSender - Using pooled Channel '[id: 0xee5c3a95, L:/127.0.0.1:64195 - R:localhost/127.0.0.1:18432]' for 'GET' to 'http://localhost:18432/session/df6a6576b4ee226eb544544e8f0bf034/element/c3ff83e6-2843-41a8-8db8-c04259b096e2/text'
10:50:30.626 [Forwarding getElementText on session df6a6576b4ee226eb544544e8f0bf034 to remote] DEBUG org.asynchttpclient.netty.request.NettyRequestSender - Using open Channel [id: 0xee5c3a95, L:/127.0.0.1:64195 - R:localhost/127.0.0.1:18432] for GET '/session/df6a6576b4ee226eb544544e8f0bf034/element/c3ff83e6-2843-41a8-8db8-c04259b096e2/text'
10:50:30.759 [AsyncHttpClient-1-8] DEBUG org.asynchttpclient.netty.handler.HttpHandler - 

Request DefaultFullHttpRequest(decodeResult: success, version: HTTP/1.1, content: EmptyByteBufBE)
GET /session/df6a6576b4ee226eb544544e8f0bf034/element/c3ff83e6-2843-41a8-8db8-c04259b096e2/text HTTP/1.1
User-Agent: selenium/4.5.3 (java mac)
Cache-Control: no-cache
Content-Type: application/json; charset=utf-8
host: localhost:18432
accept: */*

Response DefaultHttpResponse(decodeResult: success, version: HTTP/1.1)
HTTP/1.1 200 OK
Content-Length: 80
Content-Type: application/json; charset=utf-8
cache-control: no-cache

10:50:30.759 [AsyncHttpClient-1-8] DEBUG org.asynchttpclient.netty.channel.ChannelManager - Adding key: http://localhost:18432 for channel [id: 0xee5c3a95, L:/127.0.0.1:64195 - R:localhost/127.0.0.1:18432]
10:50:30.763 [Forwarding findChildElement on session df6a6576b4ee226eb544544e8f0bf034 to remote] DEBUG org.asynchttpclient.netty.request.NettyRequestSender - Using pooled Channel '[id: 0xee5c3a95, L:/127.0.0.1:64195 - R:localhost/127.0.0.1:18432]' for 'POST' to 'http://localhost:18432/session/df6a6576b4ee226eb544544e8f0bf034/element/cffe16d0-b733-4de0-91d1-1b57ba00e2fa/element'
10:50:30.763 [Forwarding findChildElement on session df6a6576b4ee226eb544544e8f0bf034 to remote] DEBUG org.asynchttpclient.netty.request.NettyRequestSender - Using open Channel [id: 0xee5c3a95, L:/127.0.0.1:64195 - R:localhost/127.0.0.1:18432] for POST '/session/df6a6576b4ee226eb544544e8f0bf034/element/cffe16d0-b733-4de0-91d1-1b57ba00e2fa/element'
10:50:30.806 [AsyncHttpClient-1-8] DEBUG org.asynchttpclient.netty.handler.HttpHandler - 

Request DefaultHttpRequest(decodeResult: success, version: HTTP/1.1)
POST /session/df6a6576b4ee226eb544544e8f0bf034/element/cffe16d0-b733-4de0-91d1-1b57ba00e2fa/element HTTP/1.1
User-Agent: selenium/4.5.3 (java mac)
Content-Length: 106
Content-Type: application/json; charset=utf-8
host: localhost:18432
accept: */*

Response DefaultHttpResponse(decodeResult: success, version: HTTP/1.1)
HTTP/1.1 200 OK
Content-Length: 88
Content-Type: application/json; charset=utf-8
cache-control: no-cache

10:50:30.807 [AsyncHttpClient-1-8] DEBUG org.asynchttpclient.netty.channel.ChannelManager - Adding key: http://localhost:18432 for channel [id: 0xee5c3a95, L:/127.0.0.1:64195 - R:localhost/127.0.0.1:18432]
10:50:30.808 [Forwarding getElementText on session df6a6576b4ee226eb544544e8f0bf034 to remote] DEBUG org.asynchttpclient.netty.request.NettyRequestSender - Using pooled Channel '[id: 0xee5c3a95, L:/127.0.0.1:64195 - R:localhost/127.0.0.1:18432]' for 'GET' to 'http://localhost:18432/session/df6a6576b4ee226eb544544e8f0bf034/element/9374db48-12fb-41cb-a619-9513426d8013/text'
10:50:30.808 [Forwarding getElementText on session df6a6576b4ee226eb544544e8f0bf034 to remote] DEBUG org.asynchttpclient.netty.request.NettyRequestSender - Using open Channel [id: 0xee5c3a95, L:/127.0.0.1:64195 - R:localhost/127.0.0.1:18432] for GET '/session/df6a6576b4ee226eb544544e8f0bf034/element/9374db48-12fb-41cb-a619-9513426d8013/text'
10:50:30.845 [AsyncHttpClient-1-8] DEBUG org.asynchttpclient.netty.handler.HttpHandler - 

Request DefaultFullHttpRequest(decodeResult: success, version: HTTP/1.1, content: EmptyByteBufBE)
GET /session/df6a6576b4ee226eb544544e8f0bf034/element/9374db48-12fb-41cb-a619-9513426d8013/text HTTP/1.1
User-Agent: selenium/4.5.3 (java mac)
Cache-Control: no-cache
Content-Type: application/json; charset=utf-8
host: localhost:18432
accept: */*

Response DefaultHttpResponse(decodeResult: success, version: HTTP/1.1)
HTTP/1.1 200 OK
Content-Length: 19
Content-Type: application/json; charset=utf-8
cache-control: no-cache

10:50:30.845 [AsyncHttpClient-1-8] DEBUG org.asynchttpclient.netty.channel.ChannelManager - Adding key: http://localhost:18432 for channel [id: 0xee5c3a95, L:/127.0.0.1:64195 - R:localhost/127.0.0.1:18432]
10:50:30.847 [Forwarding findChildElement on session df6a6576b4ee226eb544544e8f0bf034 to remote] DEBUG org.asynchttpclient.netty.request.NettyRequestSender - Using pooled Channel '[id: 0xee5c3a95, L:/127.0.0.1:64195 - R:localhost/127.0.0.1:18432]' for 'POST' to 'http://localhost:18432/session/df6a6576b4ee226eb544544e8f0bf034/element/b26c46ad-51a5-4dea-905e-e9908edbb72c/element'
10:50:30.847 [Forwarding findChildElement on session df6a6576b4ee226eb544544e8f0bf034 to remote] DEBUG org.asynchttpclient.netty.request.NettyRequestSender - Using open Channel [id: 0xee5c3a95, L:/127.0.0.1:64195 - R:localhost/127.0.0.1:18432] for POST '/session/df6a6576b4ee226eb544544e8f0bf034/element/b26c46ad-51a5-4dea-905e-e9908edbb72c/element'
10:50:30.980 [AsyncHttpClient-1-8] DEBUG org.asynchttpclient.netty.handler.HttpHandler - 

Request DefaultHttpRequest(decodeResult: success, version: HTTP/1.1)
POST /session/df6a6576b4ee226eb544544e8f0bf034/element/b26c46ad-51a5-4dea-905e-e9908edbb72c/element HTTP/1.1
User-Agent: selenium/4.5.3 (java mac)
Content-Length: 106
Content-Type: application/json; charset=utf-8
host: localhost:18432
accept: */*

Response DefaultHttpResponse(decodeResult: success, version: HTTP/1.1)
HTTP/1.1 200 OK
Content-Length: 88
Content-Type: application/json; charset=utf-8
cache-control: no-cache

10:50:30.982 [AsyncHttpClient-1-8] DEBUG org.asynchttpclient.netty.channel.ChannelManager - Adding key: http://localhost:18432 for channel [id: 0xee5c3a95, L:/127.0.0.1:64195 - R:localhost/127.0.0.1:18432]
10:50:30.983 [Forwarding getElementText on session df6a6576b4ee226eb544544e8f0bf034 to remote] DEBUG org.asynchttpclient.netty.request.NettyRequestSender - Using pooled Channel '[id: 0xee5c3a95, L:/127.0.0.1:64195 - R:localhost/127.0.0.1:18432]' for 'GET' to 'http://localhost:18432/session/df6a6576b4ee226eb544544e8f0bf034/element/45cda152-6e12-4afb-a272-018493f4df84/text'
10:50:30.983 [Forwarding getElementText on session df6a6576b4ee226eb544544e8f0bf034 to remote] DEBUG org.asynchttpclient.netty.request.NettyRequestSender - Using open Channel [id: 0xee5c3a95, L:/127.0.0.1:64195 - R:localhost/127.0.0.1:18432] for GET '/session/df6a6576b4ee226eb544544e8f0bf034/element/45cda152-6e12-4afb-a272-018493f4df84/text'
10:50:31.020 [AsyncHttpClient-1-8] DEBUG org.asynchttpclient.netty.handler.HttpHandler - 

Request DefaultFullHttpRequest(decodeResult: success, version: HTTP/1.1, content: EmptyByteBufBE)
GET /session/df6a6576b4ee226eb544544e8f0bf034/element/45cda152-6e12-4afb-a272-018493f4df84/text HTTP/1.1
User-Agent: selenium/4.5.3 (java mac)
Cache-Control: no-cache
Content-Type: application/json; charset=utf-8
host: localhost:18432
accept: */*

Response DefaultHttpResponse(decodeResult: success, version: HTTP/1.1)
HTTP/1.1 200 OK
Content-Length: 83
Content-Type: application/json; charset=utf-8
cache-control: no-cache

10:50:31.020 [AsyncHttpClient-1-8] DEBUG org.asynchttpclient.netty.channel.ChannelManager - Adding key: http://localhost:18432 for channel [id: 0xee5c3a95, L:/127.0.0.1:64195 - R:localhost/127.0.0.1:18432]
10:50:31.022 [Forwarding findChildElement on session df6a6576b4ee226eb544544e8f0bf034 to remote] DEBUG org.asynchttpclient.netty.request.NettyRequestSender - Using pooled Channel '[id: 0xee5c3a95, L:/127.0.0.1:64195 - R:localhost/127.0.0.1:18432]' for 'POST' to 'http://localhost:18432/session/df6a6576b4ee226eb544544e8f0bf034/element/b26c46ad-51a5-4dea-905e-e9908edbb72c/element'
10:50:31.022 [Forwarding findChildElement on session df6a6576b4ee226eb544544e8f0bf034 to remote] DEBUG org.asynchttpclient.netty.request.NettyRequestSender - Using open Channel [id: 0xee5c3a95, L:/127.0.0.1:64195 - R:localhost/127.0.0.1:18432] for POST '/session/df6a6576b4ee226eb544544e8f0bf034/element/b26c46ad-51a5-4dea-905e-e9908edbb72c/element'
10:50:31.040 [AsyncHttpClient-1-8] DEBUG org.asynchttpclient.netty.handler.HttpHandler - 

Request DefaultHttpRequest(decodeResult: success, version: HTTP/1.1)
POST /session/df6a6576b4ee226eb544544e8f0bf034/element/b26c46ad-51a5-4dea-905e-e9908edbb72c/element HTTP/1.1
User-Agent: selenium/4.5.3 (java mac)
Content-Length: 106
Content-Type: application/json; charset=utf-8
host: localhost:18432
accept: */*

Response DefaultHttpResponse(decodeResult: success, version: HTTP/1.1)
HTTP/1.1 200 OK
Content-Length: 88
Content-Type: application/json; charset=utf-8
cache-control: no-cache

10:50:31.041 [AsyncHttpClient-1-8] DEBUG org.asynchttpclient.netty.channel.ChannelManager - Adding key: http://localhost:18432 for channel [id: 0xee5c3a95, L:/127.0.0.1:64195 - R:localhost/127.0.0.1:18432]
10:50:31.043 [Forwarding getElementText on session df6a6576b4ee226eb544544e8f0bf034 to remote] DEBUG org.asynchttpclient.netty.request.NettyRequestSender - Using pooled Channel '[id: 0xee5c3a95, L:/127.0.0.1:64195 - R:localhost/127.0.0.1:18432]' for 'GET' to 'http://localhost:18432/session/df6a6576b4ee226eb544544e8f0bf034/element/c69ca029-a751-4937-9af8-43585e9d7898/text'
10:50:31.043 [Forwarding getElementText on session df6a6576b4ee226eb544544e8f0bf034 to remote] DEBUG org.asynchttpclient.netty.request.NettyRequestSender - Using open Channel [id: 0xee5c3a95, L:/127.0.0.1:64195 - R:localhost/127.0.0.1:18432] for GET '/session/df6a6576b4ee226eb544544e8f0bf034/element/c69ca029-a751-4937-9af8-43585e9d7898/text'
10:50:31.333 [AsyncHttpClient-1-8] DEBUG org.asynchttpclient.netty.handler.HttpHandler - 

Request DefaultFullHttpRequest(decodeResult: success, version: HTTP/1.1, content: EmptyByteBufBE)
GET /session/df6a6576b4ee226eb544544e8f0bf034/element/c69ca029-a751-4937-9af8-43585e9d7898/text HTTP/1.1
User-Agent: selenium/4.5.3 (java mac)
Cache-Control: no-cache
Content-Type: application/json; charset=utf-8
host: localhost:18432
accept: */*

Response DefaultHttpResponse(decodeResult: success, version: HTTP/1.1)
HTTP/1.1 200 OK
Content-Length: 19
Content-Type: application/json; charset=utf-8
cache-control: no-cache

10:50:31.333 [AsyncHttpClient-1-8] DEBUG org.asynchttpclient.netty.channel.ChannelManager - Adding key: http://localhost:18432 for channel [id: 0xee5c3a95, L:/127.0.0.1:64195 - R:localhost/127.0.0.1:18432]
10:50:31.336 [Forwarding findChildElement on session df6a6576b4ee226eb544544e8f0bf034 to remote] DEBUG org.asynchttpclient.netty.request.NettyRequestSender - Using pooled Channel '[id: 0xee5c3a95, L:/127.0.0.1:64195 - R:localhost/127.0.0.1:18432]' for 'POST' to 'http://localhost:18432/session/df6a6576b4ee226eb544544e8f0bf034/element/d2caac18-5d12-4f3c-a1e3-8690f53a4f40/element'
10:50:31.336 [Forwarding findChildElement on session df6a6576b4ee226eb544544e8f0bf034 to remote] DEBUG org.asynchttpclient.netty.request.NettyRequestSender - Using open Channel [id: 0xee5c3a95, L:/127.0.0.1:64195 - R:localhost/127.0.0.1:18432] for POST '/session/df6a6576b4ee226eb544544e8f0bf034/element/d2caac18-5d12-4f3c-a1e3-8690f53a4f40/element'
10:50:31.423 [AsyncHttpClient-1-8] DEBUG org.asynchttpclient.netty.handler.HttpHandler - 

Request DefaultHttpRequest(decodeResult: success, version: HTTP/1.1)
POST /session/df6a6576b4ee226eb544544e8f0bf034/element/d2caac18-5d12-4f3c-a1e3-8690f53a4f40/element HTTP/1.1
User-Agent: selenium/4.5.3 (java mac)
Content-Length: 106
Content-Type: application/json; charset=utf-8
host: localhost:18432
accept: */*

Response DefaultHttpResponse(decodeResult: success, version: HTTP/1.1)
HTTP/1.1 200 OK
Content-Length: 88
Content-Type: application/json; charset=utf-8
cache-control: no-cache

10:50:31.423 [AsyncHttpClient-1-8] DEBUG org.asynchttpclient.netty.channel.ChannelManager - Adding key: http://localhost:18432 for channel [id: 0xee5c3a95, L:/127.0.0.1:64195 - R:localhost/127.0.0.1:18432]
10:50:31.429 [Forwarding getElementText on session df6a6576b4ee226eb544544e8f0bf034 to remote] DEBUG org.asynchttpclient.netty.request.NettyRequestSender - Using pooled Channel '[id: 0xee5c3a95, L:/127.0.0.1:64195 - R:localhost/127.0.0.1:18432]' for 'GET' to 'http://localhost:18432/session/df6a6576b4ee226eb544544e8f0bf034/element/728985a1-f033-48a3-b34e-3b69ccdf63f2/text'
10:50:31.430 [Forwarding getElementText on session df6a6576b4ee226eb544544e8f0bf034 to remote] DEBUG org.asynchttpclient.netty.request.NettyRequestSender - Using open Channel [id: 0xee5c3a95, L:/127.0.0.1:64195 - R:localhost/127.0.0.1:18432] for GET '/session/df6a6576b4ee226eb544544e8f0bf034/element/728985a1-f033-48a3-b34e-3b69ccdf63f2/text'
10:50:31.464 [AsyncHttpClient-1-8] DEBUG org.asynchttpclient.netty.handler.HttpHandler - 

Request DefaultFullHttpRequest(decodeResult: success, version: HTTP/1.1, content: EmptyByteBufBE)
GET /session/df6a6576b4ee226eb544544e8f0bf034/element/728985a1-f033-48a3-b34e-3b69ccdf63f2/text HTTP/1.1
User-Agent: selenium/4.5.3 (java mac)
Cache-Control: no-cache
Content-Type: application/json; charset=utf-8
host: localhost:18432
accept: */*

Response DefaultHttpResponse(decodeResult: success, version: HTTP/1.1)
HTTP/1.1 200 OK
Content-Length: 88
Content-Type: application/json; charset=utf-8
cache-control: no-cache

10:50:31.465 [AsyncHttpClient-1-8] DEBUG org.asynchttpclient.netty.channel.ChannelManager - Adding key: http://localhost:18432 for channel [id: 0xee5c3a95, L:/127.0.0.1:64195 - R:localhost/127.0.0.1:18432]
10:50:31.466 [Forwarding findChildElement on session df6a6576b4ee226eb544544e8f0bf034 to remote] DEBUG org.asynchttpclient.netty.request.NettyRequestSender - Using pooled Channel '[id: 0xee5c3a95, L:/127.0.0.1:64195 - R:localhost/127.0.0.1:18432]' for 'POST' to 'http://localhost:18432/session/df6a6576b4ee226eb544544e8f0bf034/element/d2caac18-5d12-4f3c-a1e3-8690f53a4f40/element'
10:50:31.466 [Forwarding findChildElement on session df6a6576b4ee226eb544544e8f0bf034 to remote] DEBUG org.asynchttpclient.netty.request.NettyRequestSender - Using open Channel [id: 0xee5c3a95, L:/127.0.0.1:64195 - R:localhost/127.0.0.1:18432] for POST '/session/df6a6576b4ee226eb544544e8f0bf034/element/d2caac18-5d12-4f3c-a1e3-8690f53a4f40/element'
10:50:31.713 [AsyncHttpClient-1-8] DEBUG org.asynchttpclient.netty.handler.HttpHandler - 

Request DefaultHttpRequest(decodeResult: success, version: HTTP/1.1)
POST /session/df6a6576b4ee226eb544544e8f0bf034/element/d2caac18-5d12-4f3c-a1e3-8690f53a4f40/element HTTP/1.1
User-Agent: selenium/4.5.3 (java mac)
Content-Length: 106
Content-Type: application/json; charset=utf-8
host: localhost:18432
accept: */*

Response DefaultHttpResponse(decodeResult: success, version: HTTP/1.1)
HTTP/1.1 200 OK
Content-Length: 88
Content-Type: application/json; charset=utf-8
cache-control: no-cache

10:50:31.713 [AsyncHttpClient-1-8] DEBUG org.asynchttpclient.netty.channel.ChannelManager - Adding key: http://localhost:18432 for channel [id: 0xee5c3a95, L:/127.0.0.1:64195 - R:localhost/127.0.0.1:18432]
10:50:31.714 [Forwarding getElementText on session df6a6576b4ee226eb544544e8f0bf034 to remote] DEBUG org.asynchttpclient.netty.request.NettyRequestSender - Using pooled Channel '[id: 0xee5c3a95, L:/127.0.0.1:64195 - R:localhost/127.0.0.1:18432]' for 'GET' to 'http://localhost:18432/session/df6a6576b4ee226eb544544e8f0bf034/element/bd6b0e7e-4ae6-4e63-bc08-742e950da98f/text'
10:50:31.714 [Forwarding getElementText on session df6a6576b4ee226eb544544e8f0bf034 to remote] DEBUG org.asynchttpclient.netty.request.NettyRequestSender - Using open Channel [id: 0xee5c3a95, L:/127.0.0.1:64195 - R:localhost/127.0.0.1:18432] for GET '/session/df6a6576b4ee226eb544544e8f0bf034/element/bd6b0e7e-4ae6-4e63-bc08-742e950da98f/text'
10:50:31.738 [AsyncHttpClient-1-8] DEBUG org.asynchttpclient.netty.handler.HttpHandler - 

Request DefaultFullHttpRequest(decodeResult: success, version: HTTP/1.1, content: EmptyByteBufBE)
GET /session/df6a6576b4ee226eb544544e8f0bf034/element/bd6b0e7e-4ae6-4e63-bc08-742e950da98f/text HTTP/1.1
User-Agent: selenium/4.5.3 (java mac)
Cache-Control: no-cache
Content-Type: application/json; charset=utf-8
host: localhost:18432
accept: */*

Response DefaultHttpResponse(decodeResult: success, version: HTTP/1.1)
HTTP/1.1 200 OK
Content-Length: 30
Content-Type: application/json; charset=utf-8
cache-control: no-cache

10:50:31.739 [AsyncHttpClient-1-8] DEBUG org.asynchttpclient.netty.channel.ChannelManager - Adding key: http://localhost:18432 for channel [id: 0xee5c3a95, L:/127.0.0.1:64195 - R:localhost/127.0.0.1:18432]
10:50:31.740 [Forwarding findChildElement on session df6a6576b4ee226eb544544e8f0bf034 to remote] DEBUG org.asynchttpclient.netty.request.NettyRequestSender - Using pooled Channel '[id: 0xee5c3a95, L:/127.0.0.1:64195 - R:localhost/127.0.0.1:18432]' for 'POST' to 'http://localhost:18432/session/df6a6576b4ee226eb544544e8f0bf034/element/9647dfcb-a9a8-4432-8403-6d6ec765ff5b/element'
10:50:31.740 [Forwarding findChildElement on session df6a6576b4ee226eb544544e8f0bf034 to remote] DEBUG org.asynchttpclient.netty.request.NettyRequestSender - Using open Channel [id: 0xee5c3a95, L:/127.0.0.1:64195 - R:localhost/127.0.0.1:18432] for POST '/session/df6a6576b4ee226eb544544e8f0bf034/element/9647dfcb-a9a8-4432-8403-6d6ec765ff5b/element'
10:50:31.940 [AsyncHttpClient-1-8] DEBUG org.asynchttpclient.netty.handler.HttpHandler - 

Request DefaultHttpRequest(decodeResult: success, version: HTTP/1.1)
POST /session/df6a6576b4ee226eb544544e8f0bf034/element/9647dfcb-a9a8-4432-8403-6d6ec765ff5b/element HTTP/1.1
User-Agent: selenium/4.5.3 (java mac)
Content-Length: 106
Content-Type: application/json; charset=utf-8
host: localhost:18432
accept: */*

Response DefaultHttpResponse(decodeResult: success, version: HTTP/1.1)
HTTP/1.1 200 OK
Content-Length: 88
Content-Type: application/json; charset=utf-8
cache-control: no-cache

10:50:31.941 [AsyncHttpClient-1-8] DEBUG org.asynchttpclient.netty.channel.ChannelManager - Adding key: http://localhost:18432 for channel [id: 0xee5c3a95, L:/127.0.0.1:64195 - R:localhost/127.0.0.1:18432]
10:50:31.942 [Forwarding getElementText on session df6a6576b4ee226eb544544e8f0bf034 to remote] DEBUG org.asynchttpclient.netty.request.NettyRequestSender - Using pooled Channel '[id: 0xee5c3a95, L:/127.0.0.1:64195 - R:localhost/127.0.0.1:18432]' for 'GET' to 'http://localhost:18432/session/df6a6576b4ee226eb544544e8f0bf034/element/179cd2c1-1e87-4b3e-b6ef-1d2b695ceb6d/text'
10:50:31.942 [Forwarding getElementText on session df6a6576b4ee226eb544544e8f0bf034 to remote] DEBUG org.asynchttpclient.netty.request.NettyRequestSender - Using open Channel [id: 0xee5c3a95, L:/127.0.0.1:64195 - R:localhost/127.0.0.1:18432] for GET '/session/df6a6576b4ee226eb544544e8f0bf034/element/179cd2c1-1e87-4b3e-b6ef-1d2b695ceb6d/text'
10:50:32.062 [AsyncHttpClient-1-8] DEBUG org.asynchttpclient.netty.handler.HttpHandler - 

Request DefaultFullHttpRequest(decodeResult: success, version: HTTP/1.1, content: EmptyByteBufBE)
GET /session/df6a6576b4ee226eb544544e8f0bf034/element/179cd2c1-1e87-4b3e-b6ef-1d2b695ceb6d/text HTTP/1.1
User-Agent: selenium/4.5.3 (java mac)
Cache-Control: no-cache
Content-Type: application/json; charset=utf-8
host: localhost:18432
accept: */*

Response DefaultHttpResponse(decodeResult: success, version: HTTP/1.1)
HTTP/1.1 200 OK
Content-Length: 80
Content-Type: application/json; charset=utf-8
cache-control: no-cache

10:50:32.063 [AsyncHttpClient-1-8] DEBUG org.asynchttpclient.netty.channel.ChannelManager - Adding key: http://localhost:18432 for channel [id: 0xee5c3a95, L:/127.0.0.1:64195 - R:localhost/127.0.0.1:18432]
10:50:32.066 [Forwarding findChildElement on session df6a6576b4ee226eb544544e8f0bf034 to remote] DEBUG org.asynchttpclient.netty.request.NettyRequestSender - Using pooled Channel '[id: 0xee5c3a95, L:/127.0.0.1:64195 - R:localhost/127.0.0.1:18432]' for 'POST' to 'http://localhost:18432/session/df6a6576b4ee226eb544544e8f0bf034/element/9647dfcb-a9a8-4432-8403-6d6ec765ff5b/element'
10:50:32.066 [Forwarding findChildElement on session df6a6576b4ee226eb544544e8f0bf034 to remote] DEBUG org.asynchttpclient.netty.request.NettyRequestSender - Using open Channel [id: 0xee5c3a95, L:/127.0.0.1:64195 - R:localhost/127.0.0.1:18432] for POST '/session/df6a6576b4ee226eb544544e8f0bf034/element/9647dfcb-a9a8-4432-8403-6d6ec765ff5b/element'
10:50:32.080 [AsyncHttpClient-1-8] DEBUG org.asynchttpclient.netty.handler.HttpHandler - 

Request DefaultHttpRequest(decodeResult: success, version: HTTP/1.1)
POST /session/df6a6576b4ee226eb544544e8f0bf034/element/9647dfcb-a9a8-4432-8403-6d6ec765ff5b/element HTTP/1.1
User-Agent: selenium/4.5.3 (java mac)
Content-Length: 106
Content-Type: application/json; charset=utf-8
host: localhost:18432
accept: */*

Response DefaultHttpResponse(decodeResult: success, version: HTTP/1.1)
HTTP/1.1 200 OK
Content-Length: 88
Content-Type: application/json; charset=utf-8
cache-control: no-cache

10:50:32.080 [AsyncHttpClient-1-8] DEBUG org.asynchttpclient.netty.channel.ChannelManager - Adding key: http://localhost:18432 for channel [id: 0xee5c3a95, L:/127.0.0.1:64195 - R:localhost/127.0.0.1:18432]
10:50:32.082 [Forwarding getElementText on session df6a6576b4ee226eb544544e8f0bf034 to remote] DEBUG org.asynchttpclient.netty.request.NettyRequestSender - Using pooled Channel '[id: 0xee5c3a95, L:/127.0.0.1:64195 - R:localhost/127.0.0.1:18432]' for 'GET' to 'http://localhost:18432/session/df6a6576b4ee226eb544544e8f0bf034/element/b12a0082-d744-48cd-90d6-ea1da6cf4a05/text'
10:50:32.082 [Forwarding getElementText on session df6a6576b4ee226eb544544e8f0bf034 to remote] DEBUG org.asynchttpclient.netty.request.NettyRequestSender - Using open Channel [id: 0xee5c3a95, L:/127.0.0.1:64195 - R:localhost/127.0.0.1:18432] for GET '/session/df6a6576b4ee226eb544544e8f0bf034/element/b12a0082-d744-48cd-90d6-ea1da6cf4a05/text'
10:50:32.113 [AsyncHttpClient-1-8] DEBUG org.asynchttpclient.netty.handler.HttpHandler - 

Request DefaultFullHttpRequest(decodeResult: success, version: HTTP/1.1, content: EmptyByteBufBE)
GET /session/df6a6576b4ee226eb544544e8f0bf034/element/b12a0082-d744-48cd-90d6-ea1da6cf4a05/text HTTP/1.1
User-Agent: selenium/4.5.3 (java mac)
Cache-Control: no-cache
Content-Type: application/json; charset=utf-8
host: localhost:18432
accept: */*

Response DefaultHttpResponse(decodeResult: success, version: HTTP/1.1)
HTTP/1.1 200 OK
Content-Length: 30
Content-Type: application/json; charset=utf-8
cache-control: no-cache

10:50:32.114 [AsyncHttpClient-1-8] DEBUG org.asynchttpclient.netty.channel.ChannelManager - Adding key: http://localhost:18432 for channel [id: 0xee5c3a95, L:/127.0.0.1:64195 - R:localhost/127.0.0.1:18432]
10:50:32.115 [Forwarding findChildElement on session df6a6576b4ee226eb544544e8f0bf034 to remote] DEBUG org.asynchttpclient.netty.request.NettyRequestSender - Using pooled Channel '[id: 0xee5c3a95, L:/127.0.0.1:64195 - R:localhost/127.0.0.1:18432]' for 'POST' to 'http://localhost:18432/session/df6a6576b4ee226eb544544e8f0bf034/element/a5dd6dfc-987a-49d5-868d-6e08a26b65ae/element'
10:50:32.115 [Forwarding findChildElement on session df6a6576b4ee226eb544544e8f0bf034 to remote] DEBUG org.asynchttpclient.netty.request.NettyRequestSender - Using open Channel [id: 0xee5c3a95, L:/127.0.0.1:64195 - R:localhost/127.0.0.1:18432] for POST '/session/df6a6576b4ee226eb544544e8f0bf034/element/a5dd6dfc-987a-49d5-868d-6e08a26b65ae/element'
10:50:32.378 [AsyncHttpClient-1-8] DEBUG org.asynchttpclient.netty.handler.HttpHandler - 

Request DefaultHttpRequest(decodeResult: success, version: HTTP/1.1)
POST /session/df6a6576b4ee226eb544544e8f0bf034/element/a5dd6dfc-987a-49d5-868d-6e08a26b65ae/element HTTP/1.1
User-Agent: selenium/4.5.3 (java mac)
Content-Length: 106
Content-Type: application/json; charset=utf-8
host: localhost:18432
accept: */*

Response DefaultHttpResponse(decodeResult: success, version: HTTP/1.1)
HTTP/1.1 200 OK
Content-Length: 88
Content-Type: application/json; charset=utf-8
cache-control: no-cache

10:50:32.378 [AsyncHttpClient-1-8] DEBUG org.asynchttpclient.netty.channel.ChannelManager - Adding key: http://localhost:18432 for channel [id: 0xee5c3a95, L:/127.0.0.1:64195 - R:localhost/127.0.0.1:18432]
10:50:32.380 [Forwarding getElementText on session df6a6576b4ee226eb544544e8f0bf034 to remote] DEBUG org.asynchttpclient.netty.request.NettyRequestSender - Using pooled Channel '[id: 0xee5c3a95, L:/127.0.0.1:64195 - R:localhost/127.0.0.1:18432]' for 'GET' to 'http://localhost:18432/session/df6a6576b4ee226eb544544e8f0bf034/element/a4866771-e48f-4357-92a5-807cd5003dfe/text'
10:50:32.380 [Forwarding getElementText on session df6a6576b4ee226eb544544e8f0bf034 to remote] DEBUG org.asynchttpclient.netty.request.NettyRequestSender - Using open Channel [id: 0xee5c3a95, L:/127.0.0.1:64195 - R:localhost/127.0.0.1:18432] for GET '/session/df6a6576b4ee226eb544544e8f0bf034/element/a4866771-e48f-4357-92a5-807cd5003dfe/text'
10:50:32.409 [AsyncHttpClient-1-8] DEBUG org.asynchttpclient.netty.handler.HttpHandler - 

Request DefaultFullHttpRequest(decodeResult: success, version: HTTP/1.1, content: EmptyByteBufBE)
GET /session/df6a6576b4ee226eb544544e8f0bf034/element/a4866771-e48f-4357-92a5-807cd5003dfe/text HTTP/1.1
User-Agent: selenium/4.5.3 (java mac)
Cache-Control: no-cache
Content-Type: application/json; charset=utf-8
host: localhost:18432
accept: */*

Response DefaultHttpResponse(decodeResult: success, version: HTTP/1.1)
HTTP/1.1 200 OK
Content-Length: 78
Content-Type: application/json; charset=utf-8
cache-control: no-cache

10:50:32.409 [AsyncHttpClient-1-8] DEBUG org.asynchttpclient.netty.channel.ChannelManager - Adding key: http://localhost:18432 for channel [id: 0xee5c3a95, L:/127.0.0.1:64195 - R:localhost/127.0.0.1:18432]
10:50:32.412 [Forwarding findChildElement on session df6a6576b4ee226eb544544e8f0bf034 to remote] DEBUG org.asynchttpclient.netty.request.NettyRequestSender - Using pooled Channel '[id: 0xee5c3a95, L:/127.0.0.1:64195 - R:localhost/127.0.0.1:18432]' for 'POST' to 'http://localhost:18432/session/df6a6576b4ee226eb544544e8f0bf034/element/a5dd6dfc-987a-49d5-868d-6e08a26b65ae/element'
10:50:32.412 [Forwarding findChildElement on session df6a6576b4ee226eb544544e8f0bf034 to remote] DEBUG org.asynchttpclient.netty.request.NettyRequestSender - Using open Channel [id: 0xee5c3a95, L:/127.0.0.1:64195 - R:localhost/127.0.0.1:18432] for POST '/session/df6a6576b4ee226eb544544e8f0bf034/element/a5dd6dfc-987a-49d5-868d-6e08a26b65ae/element'
10:50:32.433 [AsyncHttpClient-1-8] DEBUG org.asynchttpclient.netty.handler.HttpHandler - 

Request DefaultHttpRequest(decodeResult: success, version: HTTP/1.1)
POST /session/df6a6576b4ee226eb544544e8f0bf034/element/a5dd6dfc-987a-49d5-868d-6e08a26b65ae/element HTTP/1.1
User-Agent: selenium/4.5.3 (java mac)
Content-Length: 106
Content-Type: application/json; charset=utf-8
host: localhost:18432
accept: */*

Response DefaultHttpResponse(decodeResult: success, version: HTTP/1.1)
HTTP/1.1 200 OK
Content-Length: 88
Content-Type: application/json; charset=utf-8
cache-control: no-cache

10:50:32.433 [AsyncHttpClient-1-8] DEBUG org.asynchttpclient.netty.channel.ChannelManager - Adding key: http://localhost:18432 for channel [id: 0xee5c3a95, L:/127.0.0.1:64195 - R:localhost/127.0.0.1:18432]
10:50:32.434 [Forwarding getElementText on session df6a6576b4ee226eb544544e8f0bf034 to remote] DEBUG org.asynchttpclient.netty.request.NettyRequestSender - Using pooled Channel '[id: 0xee5c3a95, L:/127.0.0.1:64195 - R:localhost/127.0.0.1:18432]' for 'GET' to 'http://localhost:18432/session/df6a6576b4ee226eb544544e8f0bf034/element/1b3ede60-066f-4db2-be97-eeb3e93d9b1d/text'
10:50:32.434 [Forwarding getElementText on session df6a6576b4ee226eb544544e8f0bf034 to remote] DEBUG org.asynchttpclient.netty.request.NettyRequestSender - Using open Channel [id: 0xee5c3a95, L:/127.0.0.1:64195 - R:localhost/127.0.0.1:18432] for GET '/session/df6a6576b4ee226eb544544e8f0bf034/element/1b3ede60-066f-4db2-be97-eeb3e93d9b1d/text'
10:50:32.483 [AsyncHttpClient-1-8] DEBUG org.asynchttpclient.netty.handler.HttpHandler - 

Request DefaultFullHttpRequest(decodeResult: success, version: HTTP/1.1, content: EmptyByteBufBE)
GET /session/df6a6576b4ee226eb544544e8f0bf034/element/1b3ede60-066f-4db2-be97-eeb3e93d9b1d/text HTTP/1.1
User-Agent: selenium/4.5.3 (java mac)
Cache-Control: no-cache
Content-Type: application/json; charset=utf-8
host: localhost:18432
accept: */*

Response DefaultHttpResponse(decodeResult: success, version: HTTP/1.1)
HTTP/1.1 200 OK
Content-Length: 19
Content-Type: application/json; charset=utf-8
cache-control: no-cache

10:50:32.484 [AsyncHttpClient-1-8] DEBUG org.asynchttpclient.netty.channel.ChannelManager - Adding key: http://localhost:18432 for channel [id: 0xee5c3a95, L:/127.0.0.1:64195 - R:localhost/127.0.0.1:18432]
10:50:32.486 [Forwarding findChildElement on session df6a6576b4ee226eb544544e8f0bf034 to remote] DEBUG org.asynchttpclient.netty.request.NettyRequestSender - Using pooled Channel '[id: 0xee5c3a95, L:/127.0.0.1:64195 - R:localhost/127.0.0.1:18432]' for 'POST' to 'http://localhost:18432/session/df6a6576b4ee226eb544544e8f0bf034/element/e6bef5b2-000e-42e5-8262-726e2a31514a/element'
10:50:32.486 [Forwarding findChildElement on session df6a6576b4ee226eb544544e8f0bf034 to remote] DEBUG org.asynchttpclient.netty.request.NettyRequestSender - Using open Channel [id: 0xee5c3a95, L:/127.0.0.1:64195 - R:localhost/127.0.0.1:18432] for POST '/session/df6a6576b4ee226eb544544e8f0bf034/element/e6bef5b2-000e-42e5-8262-726e2a31514a/element'
10:50:32.775 [AsyncHttpClient-1-8] DEBUG org.asynchttpclient.netty.handler.HttpHandler - 

Request DefaultHttpRequest(decodeResult: success, version: HTTP/1.1)
POST /session/df6a6576b4ee226eb544544e8f0bf034/element/e6bef5b2-000e-42e5-8262-726e2a31514a/element HTTP/1.1
User-Agent: selenium/4.5.3 (java mac)
Content-Length: 106
Content-Type: application/json; charset=utf-8
host: localhost:18432
accept: */*

Response DefaultHttpResponse(decodeResult: success, version: HTTP/1.1)
HTTP/1.1 200 OK
Content-Length: 88
Content-Type: application/json; charset=utf-8
cache-control: no-cache

10:50:32.775 [AsyncHttpClient-1-8] DEBUG org.asynchttpclient.netty.channel.ChannelManager - Adding key: http://localhost:18432 for channel [id: 0xee5c3a95, L:/127.0.0.1:64195 - R:localhost/127.0.0.1:18432]
10:50:32.777 [Forwarding getElementText on session df6a6576b4ee226eb544544e8f0bf034 to remote] DEBUG org.asynchttpclient.netty.request.NettyRequestSender - Using pooled Channel '[id: 0xee5c3a95, L:/127.0.0.1:64195 - R:localhost/127.0.0.1:18432]' for 'GET' to 'http://localhost:18432/session/df6a6576b4ee226eb544544e8f0bf034/element/901e0b22-7abc-4fa1-bc07-26d8438a3aae/text'
10:50:32.777 [Forwarding getElementText on session df6a6576b4ee226eb544544e8f0bf034 to remote] DEBUG org.asynchttpclient.netty.request.NettyRequestSender - Using open Channel [id: 0xee5c3a95, L:/127.0.0.1:64195 - R:localhost/127.0.0.1:18432] for GET '/session/df6a6576b4ee226eb544544e8f0bf034/element/901e0b22-7abc-4fa1-bc07-26d8438a3aae/text'
10:50:32.805 [AsyncHttpClient-1-8] DEBUG org.asynchttpclient.netty.handler.HttpHandler - 

Request DefaultFullHttpRequest(decodeResult: success, version: HTTP/1.1, content: EmptyByteBufBE)
GET /session/df6a6576b4ee226eb544544e8f0bf034/element/901e0b22-7abc-4fa1-bc07-26d8438a3aae/text HTTP/1.1
User-Agent: selenium/4.5.3 (java mac)
Cache-Control: no-cache
Content-Type: application/json; charset=utf-8
host: localhost:18432
accept: */*

Response DefaultHttpResponse(decodeResult: success, version: HTTP/1.1)
HTTP/1.1 200 OK
Content-Length: 88
Content-Type: application/json; charset=utf-8
cache-control: no-cache

10:50:32.805 [AsyncHttpClient-1-8] DEBUG org.asynchttpclient.netty.channel.ChannelManager - Adding key: http://localhost:18432 for channel [id: 0xee5c3a95, L:/127.0.0.1:64195 - R:localhost/127.0.0.1:18432]
10:50:32.810 [Forwarding findChildElement on session df6a6576b4ee226eb544544e8f0bf034 to remote] DEBUG org.asynchttpclient.netty.request.NettyRequestSender - Using pooled Channel '[id: 0xee5c3a95, L:/127.0.0.1:64195 - R:localhost/127.0.0.1:18432]' for 'POST' to 'http://localhost:18432/session/df6a6576b4ee226eb544544e8f0bf034/element/e6bef5b2-000e-42e5-8262-726e2a31514a/element'
10:50:32.810 [Forwarding findChildElement on session df6a6576b4ee226eb544544e8f0bf034 to remote] DEBUG org.asynchttpclient.netty.request.NettyRequestSender - Using open Channel [id: 0xee5c3a95, L:/127.0.0.1:64195 - R:localhost/127.0.0.1:18432] for POST '/session/df6a6576b4ee226eb544544e8f0bf034/element/e6bef5b2-000e-42e5-8262-726e2a31514a/element'
10:50:32.831 [AsyncHttpClient-1-8] DEBUG org.asynchttpclient.netty.handler.HttpHandler - 

Request DefaultHttpRequest(decodeResult: success, version: HTTP/1.1)
POST /session/df6a6576b4ee226eb544544e8f0bf034/element/e6bef5b2-000e-42e5-8262-726e2a31514a/element HTTP/1.1
User-Agent: selenium/4.5.3 (java mac)
Content-Length: 106
Content-Type: application/json; charset=utf-8
host: localhost:18432
accept: */*

Response DefaultHttpResponse(decodeResult: success, version: HTTP/1.1)
HTTP/1.1 200 OK
Content-Length: 88
Content-Type: application/json; charset=utf-8
cache-control: no-cache

10:50:32.831 [AsyncHttpClient-1-8] DEBUG org.asynchttpclient.netty.channel.ChannelManager - Adding key: http://localhost:18432 for channel [id: 0xee5c3a95, L:/127.0.0.1:64195 - R:localhost/127.0.0.1:18432]
10:50:32.834 [Forwarding getElementText on session df6a6576b4ee226eb544544e8f0bf034 to remote] DEBUG org.asynchttpclient.netty.request.NettyRequestSender - Using pooled Channel '[id: 0xee5c3a95, L:/127.0.0.1:64195 - R:localhost/127.0.0.1:18432]' for 'GET' to 'http://localhost:18432/session/df6a6576b4ee226eb544544e8f0bf034/element/a39af91a-b4a0-4675-a092-b46464c4e423/text'
10:50:32.834 [Forwarding getElementText on session df6a6576b4ee226eb544544e8f0bf034 to remote] DEBUG org.asynchttpclient.netty.request.NettyRequestSender - Using open Channel [id: 0xee5c3a95, L:/127.0.0.1:64195 - R:localhost/127.0.0.1:18432] for GET '/session/df6a6576b4ee226eb544544e8f0bf034/element/a39af91a-b4a0-4675-a092-b46464c4e423/text'
10:50:33.051 [AsyncHttpClient-1-8] DEBUG org.asynchttpclient.netty.handler.HttpHandler - 

Request DefaultFullHttpRequest(decodeResult: success, version: HTTP/1.1, content: EmptyByteBufBE)
GET /session/df6a6576b4ee226eb544544e8f0bf034/element/a39af91a-b4a0-4675-a092-b46464c4e423/text HTTP/1.1
User-Agent: selenium/4.5.3 (java mac)
Cache-Control: no-cache
Content-Type: application/json; charset=utf-8
host: localhost:18432
accept: */*

Response DefaultHttpResponse(decodeResult: success, version: HTTP/1.1)
HTTP/1.1 200 OK
Content-Length: 19
Content-Type: application/json; charset=utf-8
cache-control: no-cache

10:50:33.051 [AsyncHttpClient-1-8] DEBUG org.asynchttpclient.netty.channel.ChannelManager - Adding key: http://localhost:18432 for channel [id: 0xee5c3a95, L:/127.0.0.1:64195 - R:localhost/127.0.0.1:18432]
10:50:33.054 [Forwarding findChildElement on session df6a6576b4ee226eb544544e8f0bf034 to remote] DEBUG org.asynchttpclient.netty.request.NettyRequestSender - Using pooled Channel '[id: 0xee5c3a95, L:/127.0.0.1:64195 - R:localhost/127.0.0.1:18432]' for 'POST' to 'http://localhost:18432/session/df6a6576b4ee226eb544544e8f0bf034/element/bb65bae4-d04c-45aa-a5bd-5548260e551b/element'
10:50:33.055 [Forwarding findChildElement on session df6a6576b4ee226eb544544e8f0bf034 to remote] DEBUG org.asynchttpclient.netty.request.NettyRequestSender - Using open Channel [id: 0xee5c3a95, L:/127.0.0.1:64195 - R:localhost/127.0.0.1:18432] for POST '/session/df6a6576b4ee226eb544544e8f0bf034/element/bb65bae4-d04c-45aa-a5bd-5548260e551b/element'
10:50:33.091 [AsyncHttpClient-1-8] DEBUG org.asynchttpclient.netty.handler.HttpHandler - 

Request DefaultHttpRequest(decodeResult: success, version: HTTP/1.1)
POST /session/df6a6576b4ee226eb544544e8f0bf034/element/bb65bae4-d04c-45aa-a5bd-5548260e551b/element HTTP/1.1
User-Agent: selenium/4.5.3 (java mac)
Content-Length: 106
Content-Type: application/json; charset=utf-8
host: localhost:18432
accept: */*

Response DefaultHttpResponse(decodeResult: success, version: HTTP/1.1)
HTTP/1.1 200 OK
Content-Length: 88
Content-Type: application/json; charset=utf-8
cache-control: no-cache

10:50:33.091 [AsyncHttpClient-1-8] DEBUG org.asynchttpclient.netty.channel.ChannelManager - Adding key: http://localhost:18432 for channel [id: 0xee5c3a95, L:/127.0.0.1:64195 - R:localhost/127.0.0.1:18432]
10:50:33.092 [Forwarding getElementText on session df6a6576b4ee226eb544544e8f0bf034 to remote] DEBUG org.asynchttpclient.netty.request.NettyRequestSender - Using pooled Channel '[id: 0xee5c3a95, L:/127.0.0.1:64195 - R:localhost/127.0.0.1:18432]' for 'GET' to 'http://localhost:18432/session/df6a6576b4ee226eb544544e8f0bf034/element/43e5d3b4-ccc3-41a0-be68-f7d6205a9924/text'
10:50:33.092 [Forwarding getElementText on session df6a6576b4ee226eb544544e8f0bf034 to remote] DEBUG org.asynchttpclient.netty.request.NettyRequestSender - Using open Channel [id: 0xee5c3a95, L:/127.0.0.1:64195 - R:localhost/127.0.0.1:18432] for GET '/session/df6a6576b4ee226eb544544e8f0bf034/element/43e5d3b4-ccc3-41a0-be68-f7d6205a9924/text'
10:50:33.121 [AsyncHttpClient-1-8] DEBUG org.asynchttpclient.netty.handler.HttpHandler - 

Request DefaultFullHttpRequest(decodeResult: success, version: HTTP/1.1, content: EmptyByteBufBE)
GET /session/df6a6576b4ee226eb544544e8f0bf034/element/43e5d3b4-ccc3-41a0-be68-f7d6205a9924/text HTTP/1.1
User-Agent: selenium/4.5.3 (java mac)
Cache-Control: no-cache
Content-Type: application/json; charset=utf-8
host: localhost:18432
accept: */*

Response DefaultHttpResponse(decodeResult: success, version: HTTP/1.1)
HTTP/1.1 200 OK
Content-Length: 92
Content-Type: application/json; charset=utf-8
cache-control: no-cache

10:50:33.121 [AsyncHttpClient-1-8] DEBUG org.asynchttpclient.netty.channel.ChannelManager - Adding key: http://localhost:18432 for channel [id: 0xee5c3a95, L:/127.0.0.1:64195 - R:localhost/127.0.0.1:18432]
10:50:33.128 [Forwarding findChildElement on session df6a6576b4ee226eb544544e8f0bf034 to remote] DEBUG org.asynchttpclient.netty.request.NettyRequestSender - Using pooled Channel '[id: 0xee5c3a95, L:/127.0.0.1:64195 - R:localhost/127.0.0.1:18432]' for 'POST' to 'http://localhost:18432/session/df6a6576b4ee226eb544544e8f0bf034/element/bb65bae4-d04c-45aa-a5bd-5548260e551b/element'
10:50:33.130 [Forwarding findChildElement on session df6a6576b4ee226eb544544e8f0bf034 to remote] DEBUG org.asynchttpclient.netty.request.NettyRequestSender - Using open Channel [id: 0xee5c3a95, L:/127.0.0.1:64195 - R:localhost/127.0.0.1:18432] for POST '/session/df6a6576b4ee226eb544544e8f0bf034/element/bb65bae4-d04c-45aa-a5bd-5548260e551b/element'
10:50:33.266 [AsyncHttpClient-1-8] DEBUG org.asynchttpclient.netty.handler.HttpHandler - 

Request DefaultHttpRequest(decodeResult: success, version: HTTP/1.1)
POST /session/df6a6576b4ee226eb544544e8f0bf034/element/bb65bae4-d04c-45aa-a5bd-5548260e551b/element HTTP/1.1
User-Agent: selenium/4.5.3 (java mac)
Content-Length: 106
Content-Type: application/json; charset=utf-8
host: localhost:18432
accept: */*

Response DefaultHttpResponse(decodeResult: success, version: HTTP/1.1)
HTTP/1.1 200 OK
Content-Length: 88
Content-Type: application/json; charset=utf-8
cache-control: no-cache

10:50:33.266 [AsyncHttpClient-1-8] DEBUG org.asynchttpclient.netty.channel.ChannelManager - Adding key: http://localhost:18432 for channel [id: 0xee5c3a95, L:/127.0.0.1:64195 - R:localhost/127.0.0.1:18432]
10:50:33.273 [Forwarding getElementText on session df6a6576b4ee226eb544544e8f0bf034 to remote] DEBUG org.asynchttpclient.netty.request.NettyRequestSender - Using pooled Channel '[id: 0xee5c3a95, L:/127.0.0.1:64195 - R:localhost/127.0.0.1:18432]' for 'GET' to 'http://localhost:18432/session/df6a6576b4ee226eb544544e8f0bf034/element/639e5f98-e3e0-43a1-8daf-71d42a2929dd/text'
10:50:33.273 [Forwarding getElementText on session df6a6576b4ee226eb544544e8f0bf034 to remote] DEBUG org.asynchttpclient.netty.request.NettyRequestSender - Using open Channel [id: 0xee5c3a95, L:/127.0.0.1:64195 - R:localhost/127.0.0.1:18432] for GET '/session/df6a6576b4ee226eb544544e8f0bf034/element/639e5f98-e3e0-43a1-8daf-71d42a2929dd/text'
10:50:33.306 [AsyncHttpClient-1-8] DEBUG org.asynchttpclient.netty.handler.HttpHandler - 

Request DefaultFullHttpRequest(decodeResult: success, version: HTTP/1.1, content: EmptyByteBufBE)
GET /session/df6a6576b4ee226eb544544e8f0bf034/element/639e5f98-e3e0-43a1-8daf-71d42a2929dd/text HTTP/1.1
User-Agent: selenium/4.5.3 (java mac)
Cache-Control: no-cache
Content-Type: application/json; charset=utf-8
host: localhost:18432
accept: */*

Response DefaultHttpResponse(decodeResult: success, version: HTTP/1.1)
HTTP/1.1 200 OK
Content-Length: 19
Content-Type: application/json; charset=utf-8
cache-control: no-cache

10:50:33.306 [AsyncHttpClient-1-8] DEBUG org.asynchttpclient.netty.channel.ChannelManager - Adding key: http://localhost:18432 for channel [id: 0xee5c3a95, L:/127.0.0.1:64195 - R:localhost/127.0.0.1:18432]
10:50:33.309 [Forwarding findChildElement on session df6a6576b4ee226eb544544e8f0bf034 to remote] DEBUG org.asynchttpclient.netty.request.NettyRequestSender - Using pooled Channel '[id: 0xee5c3a95, L:/127.0.0.1:64195 - R:localhost/127.0.0.1:18432]' for 'POST' to 'http://localhost:18432/session/df6a6576b4ee226eb544544e8f0bf034/element/96ae3f61-6c6d-409d-9855-6db794ace603/element'
10:50:33.309 [Forwarding findChildElement on session df6a6576b4ee226eb544544e8f0bf034 to remote] DEBUG org.asynchttpclient.netty.request.NettyRequestSender - Using open Channel [id: 0xee5c3a95, L:/127.0.0.1:64195 - R:localhost/127.0.0.1:18432] for POST '/session/df6a6576b4ee226eb544544e8f0bf034/element/96ae3f61-6c6d-409d-9855-6db794ace603/element'
10:50:33.330 [AsyncHttpClient-1-8] DEBUG org.asynchttpclient.netty.handler.HttpHandler - 

Request DefaultHttpRequest(decodeResult: success, version: HTTP/1.1)
POST /session/df6a6576b4ee226eb544544e8f0bf034/element/96ae3f61-6c6d-409d-9855-6db794ace603/element HTTP/1.1
User-Agent: selenium/4.5.3 (java mac)
Content-Length: 106
Content-Type: application/json; charset=utf-8
host: localhost:18432
accept: */*

Response DefaultHttpResponse(decodeResult: success, version: HTTP/1.1)
HTTP/1.1 200 OK
Content-Length: 88
Content-Type: application/json; charset=utf-8
cache-control: no-cache

10:50:33.330 [AsyncHttpClient-1-8] DEBUG org.asynchttpclient.netty.channel.ChannelManager - Adding key: http://localhost:18432 for channel [id: 0xee5c3a95, L:/127.0.0.1:64195 - R:localhost/127.0.0.1:18432]
10:50:33.333 [Forwarding getElementText on session df6a6576b4ee226eb544544e8f0bf034 to remote] DEBUG org.asynchttpclient.netty.request.NettyRequestSender - Using pooled Channel '[id: 0xee5c3a95, L:/127.0.0.1:64195 - R:localhost/127.0.0.1:18432]' for 'GET' to 'http://localhost:18432/session/df6a6576b4ee226eb544544e8f0bf034/element/9f36846d-a8e9-4e74-9065-0332bd268c51/text'
10:50:33.333 [Forwarding getElementText on session df6a6576b4ee226eb544544e8f0bf034 to remote] DEBUG org.asynchttpclient.netty.request.NettyRequestSender - Using open Channel [id: 0xee5c3a95, L:/127.0.0.1:64195 - R:localhost/127.0.0.1:18432] for GET '/session/df6a6576b4ee226eb544544e8f0bf034/element/9f36846d-a8e9-4e74-9065-0332bd268c51/text'
10:50:33.360 [AsyncHttpClient-1-8] DEBUG org.asynchttpclient.netty.handler.HttpHandler - 

Request DefaultFullHttpRequest(decodeResult: success, version: HTTP/1.1, content: EmptyByteBufBE)
GET /session/df6a6576b4ee226eb544544e8f0bf034/element/9f36846d-a8e9-4e74-9065-0332bd268c51/text HTTP/1.1
User-Agent: selenium/4.5.3 (java mac)
Cache-Control: no-cache
Content-Type: application/json; charset=utf-8
host: localhost:18432
accept: */*

Response DefaultHttpResponse(decodeResult: success, version: HTTP/1.1)
HTTP/1.1 200 OK
Content-Length: 87
Content-Type: application/json; charset=utf-8
cache-control: no-cache

10:50:33.360 [AsyncHttpClient-1-8] DEBUG org.asynchttpclient.netty.channel.ChannelManager - Adding key: http://localhost:18432 for channel [id: 0xee5c3a95, L:/127.0.0.1:64195 - R:localhost/127.0.0.1:18432]
10:50:33.361 [Forwarding findChildElement on session df6a6576b4ee226eb544544e8f0bf034 to remote] DEBUG org.asynchttpclient.netty.request.NettyRequestSender - Using pooled Channel '[id: 0xee5c3a95, L:/127.0.0.1:64195 - R:localhost/127.0.0.1:18432]' for 'POST' to 'http://localhost:18432/session/df6a6576b4ee226eb544544e8f0bf034/element/96ae3f61-6c6d-409d-9855-6db794ace603/element'
10:50:33.361 [Forwarding findChildElement on session df6a6576b4ee226eb544544e8f0bf034 to remote] DEBUG org.asynchttpclient.netty.request.NettyRequestSender - Using open Channel [id: 0xee5c3a95, L:/127.0.0.1:64195 - R:localhost/127.0.0.1:18432] for POST '/session/df6a6576b4ee226eb544544e8f0bf034/element/96ae3f61-6c6d-409d-9855-6db794ace603/element'
10:50:33.374 [AsyncHttpClient-1-8] DEBUG org.asynchttpclient.netty.handler.HttpHandler - 

Request DefaultHttpRequest(decodeResult: success, version: HTTP/1.1)
POST /session/df6a6576b4ee226eb544544e8f0bf034/element/96ae3f61-6c6d-409d-9855-6db794ace603/element HTTP/1.1
User-Agent: selenium/4.5.3 (java mac)
Content-Length: 106
Content-Type: application/json; charset=utf-8
host: localhost:18432
accept: */*

Response DefaultHttpResponse(decodeResult: success, version: HTTP/1.1)
HTTP/1.1 200 OK
Content-Length: 88
Content-Type: application/json; charset=utf-8
cache-control: no-cache

10:50:33.375 [AsyncHttpClient-1-8] DEBUG org.asynchttpclient.netty.channel.ChannelManager - Adding key: http://localhost:18432 for channel [id: 0xee5c3a95, L:/127.0.0.1:64195 - R:localhost/127.0.0.1:18432]
10:50:33.376 [Forwarding getElementText on session df6a6576b4ee226eb544544e8f0bf034 to remote] DEBUG org.asynchttpclient.netty.request.NettyRequestSender - Using pooled Channel '[id: 0xee5c3a95, L:/127.0.0.1:64195 - R:localhost/127.0.0.1:18432]' for 'GET' to 'http://localhost:18432/session/df6a6576b4ee226eb544544e8f0bf034/element/9b2148ac-91fc-49f7-9fe5-28b498b20d33/text'
10:50:33.376 [Forwarding getElementText on session df6a6576b4ee226eb544544e8f0bf034 to remote] DEBUG org.asynchttpclient.netty.request.NettyRequestSender - Using open Channel [id: 0xee5c3a95, L:/127.0.0.1:64195 - R:localhost/127.0.0.1:18432] for GET '/session/df6a6576b4ee226eb544544e8f0bf034/element/9b2148ac-91fc-49f7-9fe5-28b498b20d33/text'
10:50:33.674 [AsyncHttpClient-1-8] DEBUG org.asynchttpclient.netty.handler.HttpHandler - 

Request DefaultFullHttpRequest(decodeResult: success, version: HTTP/1.1, content: EmptyByteBufBE)
GET /session/df6a6576b4ee226eb544544e8f0bf034/element/9b2148ac-91fc-49f7-9fe5-28b498b20d33/text HTTP/1.1
User-Agent: selenium/4.5.3 (java mac)
Cache-Control: no-cache
Content-Type: application/json; charset=utf-8
host: localhost:18432
accept: */*

Response DefaultHttpResponse(decodeResult: success, version: HTTP/1.1)
HTTP/1.1 200 OK
Content-Length: 30
Content-Type: application/json; charset=utf-8
cache-control: no-cache

10:50:33.674 [AsyncHttpClient-1-8] DEBUG org.asynchttpclient.netty.channel.ChannelManager - Adding key: http://localhost:18432 for channel [id: 0xee5c3a95, L:/127.0.0.1:64195 - R:localhost/127.0.0.1:18432]
10:50:33.676 [Forwarding findChildElement on session df6a6576b4ee226eb544544e8f0bf034 to remote] DEBUG org.asynchttpclient.netty.request.NettyRequestSender - Using pooled Channel '[id: 0xee5c3a95, L:/127.0.0.1:64195 - R:localhost/127.0.0.1:18432]' for 'POST' to 'http://localhost:18432/session/df6a6576b4ee226eb544544e8f0bf034/element/793d6807-e129-4810-a8cf-7fd129bb0b8d/element'
10:50:33.676 [Forwarding findChildElement on session df6a6576b4ee226eb544544e8f0bf034 to remote] DEBUG org.asynchttpclient.netty.request.NettyRequestSender - Using open Channel [id: 0xee5c3a95, L:/127.0.0.1:64195 - R:localhost/127.0.0.1:18432] for POST '/session/df6a6576b4ee226eb544544e8f0bf034/element/793d6807-e129-4810-a8cf-7fd129bb0b8d/element'
10:50:33.704 [AsyncHttpClient-1-8] DEBUG org.asynchttpclient.netty.handler.HttpHandler - 

Request DefaultHttpRequest(decodeResult: success, version: HTTP/1.1)
POST /session/df6a6576b4ee226eb544544e8f0bf034/element/793d6807-e129-4810-a8cf-7fd129bb0b8d/element HTTP/1.1
User-Agent: selenium/4.5.3 (java mac)
Content-Length: 106
Content-Type: application/json; charset=utf-8
host: localhost:18432
accept: */*

Response DefaultHttpResponse(decodeResult: success, version: HTTP/1.1)
HTTP/1.1 200 OK
Content-Length: 88
Content-Type: application/json; charset=utf-8
cache-control: no-cache

10:50:33.704 [AsyncHttpClient-1-8] DEBUG org.asynchttpclient.netty.channel.ChannelManager - Adding key: http://localhost:18432 for channel [id: 0xee5c3a95, L:/127.0.0.1:64195 - R:localhost/127.0.0.1:18432]
10:50:33.705 [Forwarding getElementText on session df6a6576b4ee226eb544544e8f0bf034 to remote] DEBUG org.asynchttpclient.netty.request.NettyRequestSender - Using pooled Channel '[id: 0xee5c3a95, L:/127.0.0.1:64195 - R:localhost/127.0.0.1:18432]' for 'GET' to 'http://localhost:18432/session/df6a6576b4ee226eb544544e8f0bf034/element/674c457f-de39-4026-8dda-c511fe5171dd/text'
10:50:33.705 [Forwarding getElementText on session df6a6576b4ee226eb544544e8f0bf034 to remote] DEBUG org.asynchttpclient.netty.request.NettyRequestSender - Using open Channel [id: 0xee5c3a95, L:/127.0.0.1:64195 - R:localhost/127.0.0.1:18432] for GET '/session/df6a6576b4ee226eb544544e8f0bf034/element/674c457f-de39-4026-8dda-c511fe5171dd/text'
10:50:33.735 [AsyncHttpClient-1-8] DEBUG org.asynchttpclient.netty.handler.HttpHandler - 

Request DefaultFullHttpRequest(decodeResult: success, version: HTTP/1.1, content: EmptyByteBufBE)
GET /session/df6a6576b4ee226eb544544e8f0bf034/element/674c457f-de39-4026-8dda-c511fe5171dd/text HTTP/1.1
User-Agent: selenium/4.5.3 (java mac)
Cache-Control: no-cache
Content-Type: application/json; charset=utf-8
host: localhost:18432
accept: */*

Response DefaultHttpResponse(decodeResult: success, version: HTTP/1.1)
HTTP/1.1 200 OK
Content-Length: 92
Content-Type: application/json; charset=utf-8
cache-control: no-cache

10:50:33.735 [AsyncHttpClient-1-8] DEBUG org.asynchttpclient.netty.channel.ChannelManager - Adding key: http://localhost:18432 for channel [id: 0xee5c3a95, L:/127.0.0.1:64195 - R:localhost/127.0.0.1:18432]
10:50:33.737 [Forwarding findChildElement on session df6a6576b4ee226eb544544e8f0bf034 to remote] DEBUG org.asynchttpclient.netty.request.NettyRequestSender - Using pooled Channel '[id: 0xee5c3a95, L:/127.0.0.1:64195 - R:localhost/127.0.0.1:18432]' for 'POST' to 'http://localhost:18432/session/df6a6576b4ee226eb544544e8f0bf034/element/793d6807-e129-4810-a8cf-7fd129bb0b8d/element'
10:50:33.737 [Forwarding findChildElement on session df6a6576b4ee226eb544544e8f0bf034 to remote] DEBUG org.asynchttpclient.netty.request.NettyRequestSender - Using open Channel [id: 0xee5c3a95, L:/127.0.0.1:64195 - R:localhost/127.0.0.1:18432] for POST '/session/df6a6576b4ee226eb544544e8f0bf034/element/793d6807-e129-4810-a8cf-7fd129bb0b8d/element'
10:50:33.905 [AsyncHttpClient-1-8] DEBUG org.asynchttpclient.netty.handler.HttpHandler - 

Request DefaultHttpRequest(decodeResult: success, version: HTTP/1.1)
POST /session/df6a6576b4ee226eb544544e8f0bf034/element/793d6807-e129-4810-a8cf-7fd129bb0b8d/element HTTP/1.1
User-Agent: selenium/4.5.3 (java mac)
Content-Length: 106
Content-Type: application/json; charset=utf-8
host: localhost:18432
accept: */*

Response DefaultHttpResponse(decodeResult: success, version: HTTP/1.1)
HTTP/1.1 200 OK
Content-Length: 88
Content-Type: application/json; charset=utf-8
cache-control: no-cache

10:50:33.905 [AsyncHttpClient-1-8] DEBUG org.asynchttpclient.netty.channel.ChannelManager - Adding key: http://localhost:18432 for channel [id: 0xee5c3a95, L:/127.0.0.1:64195 - R:localhost/127.0.0.1:18432]
10:50:33.906 [Forwarding getElementText on session df6a6576b4ee226eb544544e8f0bf034 to remote] DEBUG org.asynchttpclient.netty.request.NettyRequestSender - Using pooled Channel '[id: 0xee5c3a95, L:/127.0.0.1:64195 - R:localhost/127.0.0.1:18432]' for 'GET' to 'http://localhost:18432/session/df6a6576b4ee226eb544544e8f0bf034/element/3a60d6dd-182e-42b7-b329-510943d2620b/text'
10:50:33.906 [Forwarding getElementText on session df6a6576b4ee226eb544544e8f0bf034 to remote] DEBUG org.asynchttpclient.netty.request.NettyRequestSender - Using open Channel [id: 0xee5c3a95, L:/127.0.0.1:64195 - R:localhost/127.0.0.1:18432] for GET '/session/df6a6576b4ee226eb544544e8f0bf034/element/3a60d6dd-182e-42b7-b329-510943d2620b/text'
10:50:34.052 [AsyncHttpClient-1-8] DEBUG org.asynchttpclient.netty.handler.HttpHandler - 

Request DefaultFullHttpRequest(decodeResult: success, version: HTTP/1.1, content: EmptyByteBufBE)
GET /session/df6a6576b4ee226eb544544e8f0bf034/element/3a60d6dd-182e-42b7-b329-510943d2620b/text HTTP/1.1
User-Agent: selenium/4.5.3 (java mac)
Cache-Control: no-cache
Content-Type: application/json; charset=utf-8
host: localhost:18432
accept: */*

Response DefaultHttpResponse(decodeResult: success, version: HTTP/1.1)
HTTP/1.1 200 OK
Content-Length: 19
Content-Type: application/json; charset=utf-8
cache-control: no-cache

10:50:34.052 [AsyncHttpClient-1-8] DEBUG org.asynchttpclient.netty.channel.ChannelManager - Adding key: http://localhost:18432 for channel [id: 0xee5c3a95, L:/127.0.0.1:64195 - R:localhost/127.0.0.1:18432]
10:50:34.055 [Forwarding findChildElement on session df6a6576b4ee226eb544544e8f0bf034 to remote] DEBUG org.asynchttpclient.netty.request.NettyRequestSender - Using pooled Channel '[id: 0xee5c3a95, L:/127.0.0.1:64195 - R:localhost/127.0.0.1:18432]' for 'POST' to 'http://localhost:18432/session/df6a6576b4ee226eb544544e8f0bf034/element/53ac9c8f-45f4-4610-95e8-79373593a44e/element'
10:50:34.056 [Forwarding findChildElement on session df6a6576b4ee226eb544544e8f0bf034 to remote] DEBUG org.asynchttpclient.netty.request.NettyRequestSender - Using open Channel [id: 0xee5c3a95, L:/127.0.0.1:64195 - R:localhost/127.0.0.1:18432] for POST '/session/df6a6576b4ee226eb544544e8f0bf034/element/53ac9c8f-45f4-4610-95e8-79373593a44e/element'
10:50:34.465 [AsyncHttpClient-1-8] DEBUG org.asynchttpclient.netty.handler.HttpHandler - 

Request DefaultHttpRequest(decodeResult: success, version: HTTP/1.1)
POST /session/df6a6576b4ee226eb544544e8f0bf034/element/53ac9c8f-45f4-4610-95e8-79373593a44e/element HTTP/1.1
User-Agent: selenium/4.5.3 (java mac)
Content-Length: 106
Content-Type: application/json; charset=utf-8
host: localhost:18432
accept: */*

Response DefaultHttpResponse(decodeResult: success, version: HTTP/1.1)
HTTP/1.1 200 OK
Content-Length: 88
Content-Type: application/json; charset=utf-8
cache-control: no-cache

10:50:34.465 [AsyncHttpClient-1-8] DEBUG org.asynchttpclient.netty.channel.ChannelManager - Adding key: http://localhost:18432 for channel [id: 0xee5c3a95, L:/127.0.0.1:64195 - R:localhost/127.0.0.1:18432]
10:50:34.496 [Forwarding getElementText on session df6a6576b4ee226eb544544e8f0bf034 to remote] DEBUG org.asynchttpclient.netty.request.NettyRequestSender - Using pooled Channel '[id: 0xee5c3a95, L:/127.0.0.1:64195 - R:localhost/127.0.0.1:18432]' for 'GET' to 'http://localhost:18432/session/df6a6576b4ee226eb544544e8f0bf034/element/cf0c97f3-efe1-4063-ab60-7bbbea713d95/text'
10:50:34.496 [Forwarding getElementText on session df6a6576b4ee226eb544544e8f0bf034 to remote] DEBUG org.asynchttpclient.netty.request.NettyRequestSender - Using open Channel [id: 0xee5c3a95, L:/127.0.0.1:64195 - R:localhost/127.0.0.1:18432] for GET '/session/df6a6576b4ee226eb544544e8f0bf034/element/cf0c97f3-efe1-4063-ab60-7bbbea713d95/text'
10:50:34.766 [AsyncHttpClient-1-8] DEBUG org.asynchttpclient.netty.handler.HttpHandler - 

Request DefaultFullHttpRequest(decodeResult: success, version: HTTP/1.1, content: EmptyByteBufBE)
GET /session/df6a6576b4ee226eb544544e8f0bf034/element/cf0c97f3-efe1-4063-ab60-7bbbea713d95/text HTTP/1.1
User-Agent: selenium/4.5.3 (java mac)
Cache-Control: no-cache
Content-Type: application/json; charset=utf-8
host: localhost:18432
accept: */*

Response DefaultHttpResponse(decodeResult: success, version: HTTP/1.1)
HTTP/1.1 200 OK
Content-Length: 91
Content-Type: application/json; charset=utf-8
cache-control: no-cache

10:50:34.766 [AsyncHttpClient-1-8] DEBUG org.asynchttpclient.netty.channel.ChannelManager - Adding key: http://localhost:18432 for channel [id: 0xee5c3a95, L:/127.0.0.1:64195 - R:localhost/127.0.0.1:18432]
10:50:34.767 [Forwarding findChildElement on session df6a6576b4ee226eb544544e8f0bf034 to remote] DEBUG org.asynchttpclient.netty.request.NettyRequestSender - Using pooled Channel '[id: 0xee5c3a95, L:/127.0.0.1:64195 - R:localhost/127.0.0.1:18432]' for 'POST' to 'http://localhost:18432/session/df6a6576b4ee226eb544544e8f0bf034/element/53ac9c8f-45f4-4610-95e8-79373593a44e/element'
10:50:34.767 [Forwarding findChildElement on session df6a6576b4ee226eb544544e8f0bf034 to remote] DEBUG org.asynchttpclient.netty.request.NettyRequestSender - Using open Channel [id: 0xee5c3a95, L:/127.0.0.1:64195 - R:localhost/127.0.0.1:18432] for POST '/session/df6a6576b4ee226eb544544e8f0bf034/element/53ac9c8f-45f4-4610-95e8-79373593a44e/element'
10:50:34.782 [AsyncHttpClient-1-8] DEBUG org.asynchttpclient.netty.handler.HttpHandler - 

Request DefaultHttpRequest(decodeResult: success, version: HTTP/1.1)
POST /session/df6a6576b4ee226eb544544e8f0bf034/element/53ac9c8f-45f4-4610-95e8-79373593a44e/element HTTP/1.1
User-Agent: selenium/4.5.3 (java mac)
Content-Length: 106
Content-Type: application/json; charset=utf-8
host: localhost:18432
accept: */*

Response DefaultHttpResponse(decodeResult: success, version: HTTP/1.1)
HTTP/1.1 200 OK
Content-Length: 88
Content-Type: application/json; charset=utf-8
cache-control: no-cache

10:50:34.783 [AsyncHttpClient-1-8] DEBUG org.asynchttpclient.netty.channel.ChannelManager - Adding key: http://localhost:18432 for channel [id: 0xee5c3a95, L:/127.0.0.1:64195 - R:localhost/127.0.0.1:18432]
10:50:34.784 [Forwarding getElementText on session df6a6576b4ee226eb544544e8f0bf034 to remote] DEBUG org.asynchttpclient.netty.request.NettyRequestSender - Using pooled Channel '[id: 0xee5c3a95, L:/127.0.0.1:64195 - R:localhost/127.0.0.1:18432]' for 'GET' to 'http://localhost:18432/session/df6a6576b4ee226eb544544e8f0bf034/element/d8712c97-ff8f-4316-928a-6a63fc601316/text'
10:50:34.784 [Forwarding getElementText on session df6a6576b4ee226eb544544e8f0bf034 to remote] DEBUG org.asynchttpclient.netty.request.NettyRequestSender - Using open Channel [id: 0xee5c3a95, L:/127.0.0.1:64195 - R:localhost/127.0.0.1:18432] for GET '/session/df6a6576b4ee226eb544544e8f0bf034/element/d8712c97-ff8f-4316-928a-6a63fc601316/text'
10:50:34.803 [AsyncHttpClient-1-8] DEBUG org.asynchttpclient.netty.handler.HttpHandler - 

Request DefaultFullHttpRequest(decodeResult: success, version: HTTP/1.1, content: EmptyByteBufBE)
GET /session/df6a6576b4ee226eb544544e8f0bf034/element/d8712c97-ff8f-4316-928a-6a63fc601316/text HTTP/1.1
User-Agent: selenium/4.5.3 (java mac)
Cache-Control: no-cache
Content-Type: application/json; charset=utf-8
host: localhost:18432
accept: */*

Response DefaultHttpResponse(decodeResult: success, version: HTTP/1.1)
HTTP/1.1 200 OK
Content-Length: 19
Content-Type: application/json; charset=utf-8
cache-control: no-cache

10:50:34.803 [AsyncHttpClient-1-8] DEBUG org.asynchttpclient.netty.channel.ChannelManager - Adding key: http://localhost:18432 for channel [id: 0xee5c3a95, L:/127.0.0.1:64195 - R:localhost/127.0.0.1:18432]
10:50:34.804 [Forwarding findChildElement on session df6a6576b4ee226eb544544e8f0bf034 to remote] DEBUG org.asynchttpclient.netty.request.NettyRequestSender - Using pooled Channel '[id: 0xee5c3a95, L:/127.0.0.1:64195 - R:localhost/127.0.0.1:18432]' for 'POST' to 'http://localhost:18432/session/df6a6576b4ee226eb544544e8f0bf034/element/2a0161ac-f81a-4930-a33a-3a4319e85d5e/element'
10:50:34.805 [Forwarding findChildElement on session df6a6576b4ee226eb544544e8f0bf034 to remote] DEBUG org.asynchttpclient.netty.request.NettyRequestSender - Using open Channel [id: 0xee5c3a95, L:/127.0.0.1:64195 - R:localhost/127.0.0.1:18432] for POST '/session/df6a6576b4ee226eb544544e8f0bf034/element/2a0161ac-f81a-4930-a33a-3a4319e85d5e/element'
10:50:34.845 [AsyncHttpClient-1-8] DEBUG org.asynchttpclient.netty.handler.HttpHandler - 

Request DefaultHttpRequest(decodeResult: success, version: HTTP/1.1)
POST /session/df6a6576b4ee226eb544544e8f0bf034/element/2a0161ac-f81a-4930-a33a-3a4319e85d5e/element HTTP/1.1
User-Agent: selenium/4.5.3 (java mac)
Content-Length: 106
Content-Type: application/json; charset=utf-8
host: localhost:18432
accept: */*

Response DefaultHttpResponse(decodeResult: success, version: HTTP/1.1)
HTTP/1.1 200 OK
Content-Length: 88
Content-Type: application/json; charset=utf-8
cache-control: no-cache

10:50:34.846 [AsyncHttpClient-1-8] DEBUG org.asynchttpclient.netty.channel.ChannelManager - Adding key: http://localhost:18432 for channel [id: 0xee5c3a95, L:/127.0.0.1:64195 - R:localhost/127.0.0.1:18432]
10:50:34.848 [Forwarding getElementText on session df6a6576b4ee226eb544544e8f0bf034 to remote] DEBUG org.asynchttpclient.netty.request.NettyRequestSender - Using pooled Channel '[id: 0xee5c3a95, L:/127.0.0.1:64195 - R:localhost/127.0.0.1:18432]' for 'GET' to 'http://localhost:18432/session/df6a6576b4ee226eb544544e8f0bf034/element/6682af33-b73e-47eb-8b83-6044b68ed0dd/text'
10:50:34.848 [Forwarding getElementText on session df6a6576b4ee226eb544544e8f0bf034 to remote] DEBUG org.asynchttpclient.netty.request.NettyRequestSender - Using open Channel [id: 0xee5c3a95, L:/127.0.0.1:64195 - R:localhost/127.0.0.1:18432] for GET '/session/df6a6576b4ee226eb544544e8f0bf034/element/6682af33-b73e-47eb-8b83-6044b68ed0dd/text'
10:50:34.870 [AsyncHttpClient-1-8] DEBUG org.asynchttpclient.netty.handler.HttpHandler - 

Request DefaultFullHttpRequest(decodeResult: success, version: HTTP/1.1, content: EmptyByteBufBE)
GET /session/df6a6576b4ee226eb544544e8f0bf034/element/6682af33-b73e-47eb-8b83-6044b68ed0dd/text HTTP/1.1
User-Agent: selenium/4.5.3 (java mac)
Cache-Control: no-cache
Content-Type: application/json; charset=utf-8
host: localhost:18432
accept: */*

Response DefaultHttpResponse(decodeResult: success, version: HTTP/1.1)
HTTP/1.1 200 OK
Content-Length: 76
Content-Type: application/json; charset=utf-8
cache-control: no-cache

10:50:34.870 [AsyncHttpClient-1-8] DEBUG org.asynchttpclient.netty.channel.ChannelManager - Adding key: http://localhost:18432 for channel [id: 0xee5c3a95, L:/127.0.0.1:64195 - R:localhost/127.0.0.1:18432]
10:50:34.873 [Forwarding findChildElement on session df6a6576b4ee226eb544544e8f0bf034 to remote] DEBUG org.asynchttpclient.netty.request.NettyRequestSender - Using pooled Channel '[id: 0xee5c3a95, L:/127.0.0.1:64195 - R:localhost/127.0.0.1:18432]' for 'POST' to 'http://localhost:18432/session/df6a6576b4ee226eb544544e8f0bf034/element/2a0161ac-f81a-4930-a33a-3a4319e85d5e/element'
10:50:34.873 [Forwarding findChildElement on session df6a6576b4ee226eb544544e8f0bf034 to remote] DEBUG org.asynchttpclient.netty.request.NettyRequestSender - Using open Channel [id: 0xee5c3a95, L:/127.0.0.1:64195 - R:localhost/127.0.0.1:18432] for POST '/session/df6a6576b4ee226eb544544e8f0bf034/element/2a0161ac-f81a-4930-a33a-3a4319e85d5e/element'
10:50:35.448 [AsyncHttpClient-1-8] DEBUG org.asynchttpclient.netty.handler.HttpHandler - 

Request DefaultHttpRequest(decodeResult: success, version: HTTP/1.1)
POST /session/df6a6576b4ee226eb544544e8f0bf034/element/2a0161ac-f81a-4930-a33a-3a4319e85d5e/element HTTP/1.1
User-Agent: selenium/4.5.3 (java mac)
Content-Length: 106
Content-Type: application/json; charset=utf-8
host: localhost:18432
accept: */*

Response DefaultHttpResponse(decodeResult: success, version: HTTP/1.1)
HTTP/1.1 200 OK
Content-Length: 88
Content-Type: application/json; charset=utf-8
cache-control: no-cache

10:50:35.448 [AsyncHttpClient-1-8] DEBUG org.asynchttpclient.netty.channel.ChannelManager - Adding key: http://localhost:18432 for channel [id: 0xee5c3a95, L:/127.0.0.1:64195 - R:localhost/127.0.0.1:18432]
10:50:35.451 [Forwarding getElementText on session df6a6576b4ee226eb544544e8f0bf034 to remote] DEBUG org.asynchttpclient.netty.request.NettyRequestSender - Using pooled Channel '[id: 0xee5c3a95, L:/127.0.0.1:64195 - R:localhost/127.0.0.1:18432]' for 'GET' to 'http://localhost:18432/session/df6a6576b4ee226eb544544e8f0bf034/element/9beacd5e-176e-4da5-93bf-2fcce278ed8f/text'
10:50:35.451 [Forwarding getElementText on session df6a6576b4ee226eb544544e8f0bf034 to remote] DEBUG org.asynchttpclient.netty.request.NettyRequestSender - Using open Channel [id: 0xee5c3a95, L:/127.0.0.1:64195 - R:localhost/127.0.0.1:18432] for GET '/session/df6a6576b4ee226eb544544e8f0bf034/element/9beacd5e-176e-4da5-93bf-2fcce278ed8f/text'
10:50:35.833 [AsyncHttpClient-1-8] DEBUG org.asynchttpclient.netty.handler.HttpHandler - 

Request DefaultFullHttpRequest(decodeResult: success, version: HTTP/1.1, content: EmptyByteBufBE)
GET /session/df6a6576b4ee226eb544544e8f0bf034/element/9beacd5e-176e-4da5-93bf-2fcce278ed8f/text HTTP/1.1
User-Agent: selenium/4.5.3 (java mac)
Cache-Control: no-cache
Content-Type: application/json; charset=utf-8
host: localhost:18432
accept: */*

Response DefaultHttpResponse(decodeResult: success, version: HTTP/1.1)
HTTP/1.1 200 OK
Content-Length: 19
Content-Type: application/json; charset=utf-8
cache-control: no-cache

10:50:35.834 [AsyncHttpClient-1-8] DEBUG org.asynchttpclient.netty.channel.ChannelManager - Adding key: http://localhost:18432 for channel [id: 0xee5c3a95, L:/127.0.0.1:64195 - R:localhost/127.0.0.1:18432]
10:50:35.836 [Forwarding findChildElement on session df6a6576b4ee226eb544544e8f0bf034 to remote] DEBUG org.asynchttpclient.netty.request.NettyRequestSender - Using pooled Channel '[id: 0xee5c3a95, L:/127.0.0.1:64195 - R:localhost/127.0.0.1:18432]' for 'POST' to 'http://localhost:18432/session/df6a6576b4ee226eb544544e8f0bf034/element/21986a5c-d1b7-49a0-ac60-0203656686c6/element'
10:50:35.836 [Forwarding findChildElement on session df6a6576b4ee226eb544544e8f0bf034 to remote] DEBUG org.asynchttpclient.netty.request.NettyRequestSender - Using open Channel [id: 0xee5c3a95, L:/127.0.0.1:64195 - R:localhost/127.0.0.1:18432] for POST '/session/df6a6576b4ee226eb544544e8f0bf034/element/21986a5c-d1b7-49a0-ac60-0203656686c6/element'
10:50:35.871 [AsyncHttpClient-1-8] DEBUG org.asynchttpclient.netty.handler.HttpHandler - 

Request DefaultHttpRequest(decodeResult: success, version: HTTP/1.1)
POST /session/df6a6576b4ee226eb544544e8f0bf034/element/21986a5c-d1b7-49a0-ac60-0203656686c6/element HTTP/1.1
User-Agent: selenium/4.5.3 (java mac)
Content-Length: 106
Content-Type: application/json; charset=utf-8
host: localhost:18432
accept: */*

Response DefaultHttpResponse(decodeResult: success, version: HTTP/1.1)
HTTP/1.1 200 OK
Content-Length: 88
Content-Type: application/json; charset=utf-8
cache-control: no-cache

10:50:35.872 [AsyncHttpClient-1-8] DEBUG org.asynchttpclient.netty.channel.ChannelManager - Adding key: http://localhost:18432 for channel [id: 0xee5c3a95, L:/127.0.0.1:64195 - R:localhost/127.0.0.1:18432]
10:50:35.873 [Forwarding getElementText on session df6a6576b4ee226eb544544e8f0bf034 to remote] DEBUG org.asynchttpclient.netty.request.NettyRequestSender - Using pooled Channel '[id: 0xee5c3a95, L:/127.0.0.1:64195 - R:localhost/127.0.0.1:18432]' for 'GET' to 'http://localhost:18432/session/df6a6576b4ee226eb544544e8f0bf034/element/4792dba7-eb87-42b8-bcfa-9fcdb2abe357/text'
10:50:35.873 [Forwarding getElementText on session df6a6576b4ee226eb544544e8f0bf034 to remote] DEBUG org.asynchttpclient.netty.request.NettyRequestSender - Using open Channel [id: 0xee5c3a95, L:/127.0.0.1:64195 - R:localhost/127.0.0.1:18432] for GET '/session/df6a6576b4ee226eb544544e8f0bf034/element/4792dba7-eb87-42b8-bcfa-9fcdb2abe357/text'
10:50:36.039 [AsyncHttpClient-1-8] DEBUG org.asynchttpclient.netty.handler.HttpHandler - 

Request DefaultFullHttpRequest(decodeResult: success, version: HTTP/1.1, content: EmptyByteBufBE)
GET /session/df6a6576b4ee226eb544544e8f0bf034/element/4792dba7-eb87-42b8-bcfa-9fcdb2abe357/text HTTP/1.1
User-Agent: selenium/4.5.3 (java mac)
Cache-Control: no-cache
Content-Type: application/json; charset=utf-8
host: localhost:18432
accept: */*

Response DefaultHttpResponse(decodeResult: success, version: HTTP/1.1)
HTTP/1.1 200 OK
Content-Length: 88
Content-Type: application/json; charset=utf-8
cache-control: no-cache

10:50:36.039 [AsyncHttpClient-1-8] DEBUG org.asynchttpclient.netty.channel.ChannelManager - Adding key: http://localhost:18432 for channel [id: 0xee5c3a95, L:/127.0.0.1:64195 - R:localhost/127.0.0.1:18432]
10:50:36.041 [Forwarding findChildElement on session df6a6576b4ee226eb544544e8f0bf034 to remote] DEBUG org.asynchttpclient.netty.request.NettyRequestSender - Using pooled Channel '[id: 0xee5c3a95, L:/127.0.0.1:64195 - R:localhost/127.0.0.1:18432]' for 'POST' to 'http://localhost:18432/session/df6a6576b4ee226eb544544e8f0bf034/element/21986a5c-d1b7-49a0-ac60-0203656686c6/element'
10:50:36.041 [Forwarding findChildElement on session df6a6576b4ee226eb544544e8f0bf034 to remote] DEBUG org.asynchttpclient.netty.request.NettyRequestSender - Using open Channel [id: 0xee5c3a95, L:/127.0.0.1:64195 - R:localhost/127.0.0.1:18432] for POST '/session/df6a6576b4ee226eb544544e8f0bf034/element/21986a5c-d1b7-49a0-ac60-0203656686c6/element'
10:50:36.071 [AsyncHttpClient-1-8] DEBUG org.asynchttpclient.netty.handler.HttpHandler - 

Request DefaultHttpRequest(decodeResult: success, version: HTTP/1.1)
POST /session/df6a6576b4ee226eb544544e8f0bf034/element/21986a5c-d1b7-49a0-ac60-0203656686c6/element HTTP/1.1
User-Agent: selenium/4.5.3 (java mac)
Content-Length: 106
Content-Type: application/json; charset=utf-8
host: localhost:18432
accept: */*

Response DefaultHttpResponse(decodeResult: success, version: HTTP/1.1)
HTTP/1.1 200 OK
Content-Length: 88
Content-Type: application/json; charset=utf-8
cache-control: no-cache

10:50:36.072 [AsyncHttpClient-1-8] DEBUG org.asynchttpclient.netty.channel.ChannelManager - Adding key: http://localhost:18432 for channel [id: 0xee5c3a95, L:/127.0.0.1:64195 - R:localhost/127.0.0.1:18432]
10:50:36.073 [Forwarding getElementText on session df6a6576b4ee226eb544544e8f0bf034 to remote] DEBUG org.asynchttpclient.netty.request.NettyRequestSender - Using pooled Channel '[id: 0xee5c3a95, L:/127.0.0.1:64195 - R:localhost/127.0.0.1:18432]' for 'GET' to 'http://localhost:18432/session/df6a6576b4ee226eb544544e8f0bf034/element/35305e6a-54b6-4d07-879c-d0c5c07d7255/text'
10:50:36.073 [Forwarding getElementText on session df6a6576b4ee226eb544544e8f0bf034 to remote] DEBUG org.asynchttpclient.netty.request.NettyRequestSender - Using open Channel [id: 0xee5c3a95, L:/127.0.0.1:64195 - R:localhost/127.0.0.1:18432] for GET '/session/df6a6576b4ee226eb544544e8f0bf034/element/35305e6a-54b6-4d07-879c-d0c5c07d7255/text'
10:50:36.117 [AsyncHttpClient-1-8] DEBUG org.asynchttpclient.netty.handler.HttpHandler - 

Request DefaultFullHttpRequest(decodeResult: success, version: HTTP/1.1, content: EmptyByteBufBE)
GET /session/df6a6576b4ee226eb544544e8f0bf034/element/35305e6a-54b6-4d07-879c-d0c5c07d7255/text HTTP/1.1
User-Agent: selenium/4.5.3 (java mac)
Cache-Control: no-cache
Content-Type: application/json; charset=utf-8
host: localhost:18432
accept: */*

Response DefaultHttpResponse(decodeResult: success, version: HTTP/1.1)
HTTP/1.1 200 OK
Content-Length: 30
Content-Type: application/json; charset=utf-8
cache-control: no-cache

10:50:36.117 [AsyncHttpClient-1-8] DEBUG org.asynchttpclient.netty.channel.ChannelManager - Adding key: http://localhost:18432 for channel [id: 0xee5c3a95, L:/127.0.0.1:64195 - R:localhost/127.0.0.1:18432]
10:50:36.118 [Forwarding findChildElement on session df6a6576b4ee226eb544544e8f0bf034 to remote] DEBUG org.asynchttpclient.netty.request.NettyRequestSender - Using pooled Channel '[id: 0xee5c3a95, L:/127.0.0.1:64195 - R:localhost/127.0.0.1:18432]' for 'POST' to 'http://localhost:18432/session/df6a6576b4ee226eb544544e8f0bf034/element/368c79db-22b1-4580-b62a-803fa9ca0619/element'
10:50:36.119 [Forwarding findChildElement on session df6a6576b4ee226eb544544e8f0bf034 to remote] DEBUG org.asynchttpclient.netty.request.NettyRequestSender - Using open Channel [id: 0xee5c3a95, L:/127.0.0.1:64195 - R:localhost/127.0.0.1:18432] for POST '/session/df6a6576b4ee226eb544544e8f0bf034/element/368c79db-22b1-4580-b62a-803fa9ca0619/element'
10:50:36.532 [AsyncHttpClient-1-8] DEBUG org.asynchttpclient.netty.handler.HttpHandler - 

Request DefaultHttpRequest(decodeResult: success, version: HTTP/1.1)
POST /session/df6a6576b4ee226eb544544e8f0bf034/element/368c79db-22b1-4580-b62a-803fa9ca0619/element HTTP/1.1
User-Agent: selenium/4.5.3 (java mac)
Content-Length: 106
Content-Type: application/json; charset=utf-8
host: localhost:18432
accept: */*

Response DefaultHttpResponse(decodeResult: success, version: HTTP/1.1)
HTTP/1.1 200 OK
Content-Length: 88
Content-Type: application/json; charset=utf-8
cache-control: no-cache

10:50:36.532 [AsyncHttpClient-1-8] DEBUG org.asynchttpclient.netty.channel.ChannelManager - Adding key: http://localhost:18432 for channel [id: 0xee5c3a95, L:/127.0.0.1:64195 - R:localhost/127.0.0.1:18432]
10:50:36.536 [Forwarding getElementText on session df6a6576b4ee226eb544544e8f0bf034 to remote] DEBUG org.asynchttpclient.netty.request.NettyRequestSender - Using pooled Channel '[id: 0xee5c3a95, L:/127.0.0.1:64195 - R:localhost/127.0.0.1:18432]' for 'GET' to 'http://localhost:18432/session/df6a6576b4ee226eb544544e8f0bf034/element/93c75f00-846b-414e-88c2-aca42f6fb726/text'
10:50:36.536 [Forwarding getElementText on session df6a6576b4ee226eb544544e8f0bf034 to remote] DEBUG org.asynchttpclient.netty.request.NettyRequestSender - Using open Channel [id: 0xee5c3a95, L:/127.0.0.1:64195 - R:localhost/127.0.0.1:18432] for GET '/session/df6a6576b4ee226eb544544e8f0bf034/element/93c75f00-846b-414e-88c2-aca42f6fb726/text'
10:50:36.867 [AsyncHttpClient-1-8] DEBUG org.asynchttpclient.netty.handler.HttpHandler - 

Request DefaultFullHttpRequest(decodeResult: success, version: HTTP/1.1, content: EmptyByteBufBE)
GET /session/df6a6576b4ee226eb544544e8f0bf034/element/93c75f00-846b-414e-88c2-aca42f6fb726/text HTTP/1.1
User-Agent: selenium/4.5.3 (java mac)
Cache-Control: no-cache
Content-Type: application/json; charset=utf-8
host: localhost:18432
accept: */*

Response DefaultHttpResponse(decodeResult: success, version: HTTP/1.1)
HTTP/1.1 200 OK
Content-Length: 81
Content-Type: application/json; charset=utf-8
cache-control: no-cache

10:50:36.867 [AsyncHttpClient-1-8] DEBUG org.asynchttpclient.netty.channel.ChannelManager - Adding key: http://localhost:18432 for channel [id: 0xee5c3a95, L:/127.0.0.1:64195 - R:localhost/127.0.0.1:18432]
10:50:36.869 [Forwarding findChildElement on session df6a6576b4ee226eb544544e8f0bf034 to remote] DEBUG org.asynchttpclient.netty.request.NettyRequestSender - Using pooled Channel '[id: 0xee5c3a95, L:/127.0.0.1:64195 - R:localhost/127.0.0.1:18432]' for 'POST' to 'http://localhost:18432/session/df6a6576b4ee226eb544544e8f0bf034/element/368c79db-22b1-4580-b62a-803fa9ca0619/element'
10:50:36.869 [Forwarding findChildElement on session df6a6576b4ee226eb544544e8f0bf034 to remote] DEBUG org.asynchttpclient.netty.request.NettyRequestSender - Using open Channel [id: 0xee5c3a95, L:/127.0.0.1:64195 - R:localhost/127.0.0.1:18432] for POST '/session/df6a6576b4ee226eb544544e8f0bf034/element/368c79db-22b1-4580-b62a-803fa9ca0619/element'
10:50:36.903 [AsyncHttpClient-1-8] DEBUG org.asynchttpclient.netty.handler.HttpHandler - 

Request DefaultHttpRequest(decodeResult: success, version: HTTP/1.1)
POST /session/df6a6576b4ee226eb544544e8f0bf034/element/368c79db-22b1-4580-b62a-803fa9ca0619/element HTTP/1.1
User-Agent: selenium/4.5.3 (java mac)
Content-Length: 106
Content-Type: application/json; charset=utf-8
host: localhost:18432
accept: */*

Response DefaultHttpResponse(decodeResult: success, version: HTTP/1.1)
HTTP/1.1 200 OK
Content-Length: 88
Content-Type: application/json; charset=utf-8
cache-control: no-cache

10:50:36.903 [AsyncHttpClient-1-8] DEBUG org.asynchttpclient.netty.channel.ChannelManager - Adding key: http://localhost:18432 for channel [id: 0xee5c3a95, L:/127.0.0.1:64195 - R:localhost/127.0.0.1:18432]
10:50:36.905 [Forwarding getElementText on session df6a6576b4ee226eb544544e8f0bf034 to remote] DEBUG org.asynchttpclient.netty.request.NettyRequestSender - Using pooled Channel '[id: 0xee5c3a95, L:/127.0.0.1:64195 - R:localhost/127.0.0.1:18432]' for 'GET' to 'http://localhost:18432/session/df6a6576b4ee226eb544544e8f0bf034/element/8fab948c-7a0b-4c3a-a290-142af54d36aa/text'
10:50:36.905 [Forwarding getElementText on session df6a6576b4ee226eb544544e8f0bf034 to remote] DEBUG org.asynchttpclient.netty.request.NettyRequestSender - Using open Channel [id: 0xee5c3a95, L:/127.0.0.1:64195 - R:localhost/127.0.0.1:18432] for GET '/session/df6a6576b4ee226eb544544e8f0bf034/element/8fab948c-7a0b-4c3a-a290-142af54d36aa/text'
10:50:36.947 [AsyncHttpClient-1-8] DEBUG org.asynchttpclient.netty.handler.HttpHandler - 

Request DefaultFullHttpRequest(decodeResult: success, version: HTTP/1.1, content: EmptyByteBufBE)
GET /session/df6a6576b4ee226eb544544e8f0bf034/element/8fab948c-7a0b-4c3a-a290-142af54d36aa/text HTTP/1.1
User-Agent: selenium/4.5.3 (java mac)
Cache-Control: no-cache
Content-Type: application/json; charset=utf-8
host: localhost:18432
accept: */*

Response DefaultHttpResponse(decodeResult: success, version: HTTP/1.1)
HTTP/1.1 200 OK
Content-Length: 19
Content-Type: application/json; charset=utf-8
cache-control: no-cache

10:50:36.947 [AsyncHttpClient-1-8] DEBUG org.asynchttpclient.netty.channel.ChannelManager - Adding key: http://localhost:18432 for channel [id: 0xee5c3a95, L:/127.0.0.1:64195 - R:localhost/127.0.0.1:18432]
10:50:36.952 [Forwarding findChildElement on session df6a6576b4ee226eb544544e8f0bf034 to remote] DEBUG org.asynchttpclient.netty.request.NettyRequestSender - Using pooled Channel '[id: 0xee5c3a95, L:/127.0.0.1:64195 - R:localhost/127.0.0.1:18432]' for 'POST' to 'http://localhost:18432/session/df6a6576b4ee226eb544544e8f0bf034/element/26b64b62-2559-4cb6-ab0a-dca5602c6f19/element'
10:50:36.952 [Forwarding findChildElement on session df6a6576b4ee226eb544544e8f0bf034 to remote] DEBUG org.asynchttpclient.netty.request.NettyRequestSender - Using open Channel [id: 0xee5c3a95, L:/127.0.0.1:64195 - R:localhost/127.0.0.1:18432] for POST '/session/df6a6576b4ee226eb544544e8f0bf034/element/26b64b62-2559-4cb6-ab0a-dca5602c6f19/element'
10:50:37.333 [AsyncHttpClient-1-8] DEBUG org.asynchttpclient.netty.handler.HttpHandler - 

Request DefaultHttpRequest(decodeResult: success, version: HTTP/1.1)
POST /session/df6a6576b4ee226eb544544e8f0bf034/element/26b64b62-2559-4cb6-ab0a-dca5602c6f19/element HTTP/1.1
User-Agent: selenium/4.5.3 (java mac)
Content-Length: 106
Content-Type: application/json; charset=utf-8
host: localhost:18432
accept: */*

Response DefaultHttpResponse(decodeResult: success, version: HTTP/1.1)
HTTP/1.1 200 OK
Content-Length: 88
Content-Type: application/json; charset=utf-8
cache-control: no-cache

10:50:37.334 [AsyncHttpClient-1-8] DEBUG org.asynchttpclient.netty.channel.ChannelManager - Adding key: http://localhost:18432 for channel [id: 0xee5c3a95, L:/127.0.0.1:64195 - R:localhost/127.0.0.1:18432]
10:50:37.336 [Forwarding getElementText on session df6a6576b4ee226eb544544e8f0bf034 to remote] DEBUG org.asynchttpclient.netty.request.NettyRequestSender - Using pooled Channel '[id: 0xee5c3a95, L:/127.0.0.1:64195 - R:localhost/127.0.0.1:18432]' for 'GET' to 'http://localhost:18432/session/df6a6576b4ee226eb544544e8f0bf034/element/2817173e-bf42-468e-997e-ee3f78abae4a/text'
10:50:37.338 [Forwarding getElementText on session df6a6576b4ee226eb544544e8f0bf034 to remote] DEBUG org.asynchttpclient.netty.request.NettyRequestSender - Using open Channel [id: 0xee5c3a95, L:/127.0.0.1:64195 - R:localhost/127.0.0.1:18432] for GET '/session/df6a6576b4ee226eb544544e8f0bf034/element/2817173e-bf42-468e-997e-ee3f78abae4a/text'
10:50:37.624 [AsyncHttpClient-1-8] DEBUG org.asynchttpclient.netty.handler.HttpHandler - 

Request DefaultFullHttpRequest(decodeResult: success, version: HTTP/1.1, content: EmptyByteBufBE)
GET /session/df6a6576b4ee226eb544544e8f0bf034/element/2817173e-bf42-468e-997e-ee3f78abae4a/text HTTP/1.1
User-Agent: selenium/4.5.3 (java mac)
Cache-Control: no-cache
Content-Type: application/json; charset=utf-8
host: localhost:18432
accept: */*

Response DefaultHttpResponse(decodeResult: success, version: HTTP/1.1)
HTTP/1.1 200 OK
Content-Length: 91
Content-Type: application/json; charset=utf-8
cache-control: no-cache

10:50:37.624 [AsyncHttpClient-1-8] DEBUG org.asynchttpclient.netty.channel.ChannelManager - Adding key: http://localhost:18432 for channel [id: 0xee5c3a95, L:/127.0.0.1:64195 - R:localhost/127.0.0.1:18432]
10:50:37.630 [Forwarding findChildElement on session df6a6576b4ee226eb544544e8f0bf034 to remote] DEBUG org.asynchttpclient.netty.request.NettyRequestSender - Using pooled Channel '[id: 0xee5c3a95, L:/127.0.0.1:64195 - R:localhost/127.0.0.1:18432]' for 'POST' to 'http://localhost:18432/session/df6a6576b4ee226eb544544e8f0bf034/element/26b64b62-2559-4cb6-ab0a-dca5602c6f19/element'
10:50:37.630 [Forwarding findChildElement on session df6a6576b4ee226eb544544e8f0bf034 to remote] DEBUG org.asynchttpclient.netty.request.NettyRequestSender - Using open Channel [id: 0xee5c3a95, L:/127.0.0.1:64195 - R:localhost/127.0.0.1:18432] for POST '/session/df6a6576b4ee226eb544544e8f0bf034/element/26b64b62-2559-4cb6-ab0a-dca5602c6f19/element'
10:50:37.937 [AsyncHttpClient-1-8] DEBUG org.asynchttpclient.netty.handler.HttpHandler - 

Request DefaultHttpRequest(decodeResult: success, version: HTTP/1.1)
POST /session/df6a6576b4ee226eb544544e8f0bf034/element/26b64b62-2559-4cb6-ab0a-dca5602c6f19/element HTTP/1.1
User-Agent: selenium/4.5.3 (java mac)
Content-Length: 106
Content-Type: application/json; charset=utf-8
host: localhost:18432
accept: */*

Response DefaultHttpResponse(decodeResult: success, version: HTTP/1.1)
HTTP/1.1 200 OK
Content-Length: 88
Content-Type: application/json; charset=utf-8
cache-control: no-cache

10:50:37.938 [AsyncHttpClient-1-8] DEBUG org.asynchttpclient.netty.channel.ChannelManager - Adding key: http://localhost:18432 for channel [id: 0xee5c3a95, L:/127.0.0.1:64195 - R:localhost/127.0.0.1:18432]
10:50:37.939 [Forwarding getElementText on session df6a6576b4ee226eb544544e8f0bf034 to remote] DEBUG org.asynchttpclient.netty.request.NettyRequestSender - Using pooled Channel '[id: 0xee5c3a95, L:/127.0.0.1:64195 - R:localhost/127.0.0.1:18432]' for 'GET' to 'http://localhost:18432/session/df6a6576b4ee226eb544544e8f0bf034/element/0bcdc248-97f2-45c7-9068-7131e3494001/text'
10:50:37.939 [Forwarding getElementText on session df6a6576b4ee226eb544544e8f0bf034 to remote] DEBUG org.asynchttpclient.netty.request.NettyRequestSender - Using open Channel [id: 0xee5c3a95, L:/127.0.0.1:64195 - R:localhost/127.0.0.1:18432] for GET '/session/df6a6576b4ee226eb544544e8f0bf034/element/0bcdc248-97f2-45c7-9068-7131e3494001/text'
10:50:38.286 [AsyncHttpClient-1-8] DEBUG org.asynchttpclient.netty.handler.HttpHandler - 

Request DefaultFullHttpRequest(decodeResult: success, version: HTTP/1.1, content: EmptyByteBufBE)
GET /session/df6a6576b4ee226eb544544e8f0bf034/element/0bcdc248-97f2-45c7-9068-7131e3494001/text HTTP/1.1
User-Agent: selenium/4.5.3 (java mac)
Cache-Control: no-cache
Content-Type: application/json; charset=utf-8
host: localhost:18432
accept: */*

Response DefaultHttpResponse(decodeResult: success, version: HTTP/1.1)
HTTP/1.1 200 OK
Content-Length: 19
Content-Type: application/json; charset=utf-8
cache-control: no-cache

10:50:38.286 [AsyncHttpClient-1-8] DEBUG org.asynchttpclient.netty.channel.ChannelManager - Adding key: http://localhost:18432 for channel [id: 0xee5c3a95, L:/127.0.0.1:64195 - R:localhost/127.0.0.1:18432]
10:50:38.289 [Forwarding findChildElement on session df6a6576b4ee226eb544544e8f0bf034 to remote] DEBUG org.asynchttpclient.netty.request.NettyRequestSender - Using pooled Channel '[id: 0xee5c3a95, L:/127.0.0.1:64195 - R:localhost/127.0.0.1:18432]' for 'POST' to 'http://localhost:18432/session/df6a6576b4ee226eb544544e8f0bf034/element/4b2090ae-5a03-46d4-9a61-7dc2ff39bbc3/element'
10:50:38.289 [Forwarding findChildElement on session df6a6576b4ee226eb544544e8f0bf034 to remote] DEBUG org.asynchttpclient.netty.request.NettyRequestSender - Using open Channel [id: 0xee5c3a95, L:/127.0.0.1:64195 - R:localhost/127.0.0.1:18432] for POST '/session/df6a6576b4ee226eb544544e8f0bf034/element/4b2090ae-5a03-46d4-9a61-7dc2ff39bbc3/element'
10:50:38.307 [AsyncHttpClient-1-8] DEBUG org.asynchttpclient.netty.handler.HttpHandler - 

Request DefaultHttpRequest(decodeResult: success, version: HTTP/1.1)
POST /session/df6a6576b4ee226eb544544e8f0bf034/element/4b2090ae-5a03-46d4-9a61-7dc2ff39bbc3/element HTTP/1.1
User-Agent: selenium/4.5.3 (java mac)
Content-Length: 106
Content-Type: application/json; charset=utf-8
host: localhost:18432
accept: */*

Response DefaultHttpResponse(decodeResult: success, version: HTTP/1.1)
HTTP/1.1 200 OK
Content-Length: 88
Content-Type: application/json; charset=utf-8
cache-control: no-cache

10:50:38.307 [AsyncHttpClient-1-8] DEBUG org.asynchttpclient.netty.channel.ChannelManager - Adding key: http://localhost:18432 for channel [id: 0xee5c3a95, L:/127.0.0.1:64195 - R:localhost/127.0.0.1:18432]
10:50:38.309 [Forwarding getElementText on session df6a6576b4ee226eb544544e8f0bf034 to remote] DEBUG org.asynchttpclient.netty.request.NettyRequestSender - Using pooled Channel '[id: 0xee5c3a95, L:/127.0.0.1:64195 - R:localhost/127.0.0.1:18432]' for 'GET' to 'http://localhost:18432/session/df6a6576b4ee226eb544544e8f0bf034/element/40a0eb8f-af49-48cd-8e9f-58a39cc931bd/text'
10:50:38.309 [Forwarding getElementText on session df6a6576b4ee226eb544544e8f0bf034 to remote] DEBUG org.asynchttpclient.netty.request.NettyRequestSender - Using open Channel [id: 0xee5c3a95, L:/127.0.0.1:64195 - R:localhost/127.0.0.1:18432] for GET '/session/df6a6576b4ee226eb544544e8f0bf034/element/40a0eb8f-af49-48cd-8e9f-58a39cc931bd/text'
10:50:38.760 [AsyncHttpClient-1-8] DEBUG org.asynchttpclient.netty.handler.HttpHandler - 

Request DefaultFullHttpRequest(decodeResult: success, version: HTTP/1.1, content: EmptyByteBufBE)
GET /session/df6a6576b4ee226eb544544e8f0bf034/element/40a0eb8f-af49-48cd-8e9f-58a39cc931bd/text HTTP/1.1
User-Agent: selenium/4.5.3 (java mac)
Cache-Control: no-cache
Content-Type: application/json; charset=utf-8
host: localhost:18432
accept: */*

Response DefaultHttpResponse(decodeResult: success, version: HTTP/1.1)
HTTP/1.1 200 OK
Content-Length: 86
Content-Type: application/json; charset=utf-8
cache-control: no-cache

10:50:38.760 [AsyncHttpClient-1-8] DEBUG org.asynchttpclient.netty.channel.ChannelManager - Adding key: http://localhost:18432 for channel [id: 0xee5c3a95, L:/127.0.0.1:64195 - R:localhost/127.0.0.1:18432]
10:50:38.762 [Forwarding findChildElement on session df6a6576b4ee226eb544544e8f0bf034 to remote] DEBUG org.asynchttpclient.netty.request.NettyRequestSender - Using pooled Channel '[id: 0xee5c3a95, L:/127.0.0.1:64195 - R:localhost/127.0.0.1:18432]' for 'POST' to 'http://localhost:18432/session/df6a6576b4ee226eb544544e8f0bf034/element/4b2090ae-5a03-46d4-9a61-7dc2ff39bbc3/element'
10:50:38.762 [Forwarding findChildElement on session df6a6576b4ee226eb544544e8f0bf034 to remote] DEBUG org.asynchttpclient.netty.request.NettyRequestSender - Using open Channel [id: 0xee5c3a95, L:/127.0.0.1:64195 - R:localhost/127.0.0.1:18432] for POST '/session/df6a6576b4ee226eb544544e8f0bf034/element/4b2090ae-5a03-46d4-9a61-7dc2ff39bbc3/element'
10:50:38.835 [AsyncHttpClient-1-8] DEBUG org.asynchttpclient.netty.handler.HttpHandler - 

Request DefaultHttpRequest(decodeResult: success, version: HTTP/1.1)
POST /session/df6a6576b4ee226eb544544e8f0bf034/element/4b2090ae-5a03-46d4-9a61-7dc2ff39bbc3/element HTTP/1.1
User-Agent: selenium/4.5.3 (java mac)
Content-Length: 106
Content-Type: application/json; charset=utf-8
host: localhost:18432
accept: */*

Response DefaultHttpResponse(decodeResult: success, version: HTTP/1.1)
HTTP/1.1 200 OK
Content-Length: 88
Content-Type: application/json; charset=utf-8
cache-control: no-cache

10:50:38.836 [AsyncHttpClient-1-8] DEBUG org.asynchttpclient.netty.channel.ChannelManager - Adding key: http://localhost:18432 for channel [id: 0xee5c3a95, L:/127.0.0.1:64195 - R:localhost/127.0.0.1:18432]
10:50:38.837 [Forwarding getElementText on session df6a6576b4ee226eb544544e8f0bf034 to remote] DEBUG org.asynchttpclient.netty.request.NettyRequestSender - Using pooled Channel '[id: 0xee5c3a95, L:/127.0.0.1:64195 - R:localhost/127.0.0.1:18432]' for 'GET' to 'http://localhost:18432/session/df6a6576b4ee226eb544544e8f0bf034/element/b3cf7e52-fccc-41b8-ac30-216e09669292/text'
10:50:38.837 [Forwarding getElementText on session df6a6576b4ee226eb544544e8f0bf034 to remote] DEBUG org.asynchttpclient.netty.request.NettyRequestSender - Using open Channel [id: 0xee5c3a95, L:/127.0.0.1:64195 - R:localhost/127.0.0.1:18432] for GET '/session/df6a6576b4ee226eb544544e8f0bf034/element/b3cf7e52-fccc-41b8-ac30-216e09669292/text'
10:50:38.859 [AsyncHttpClient-1-8] DEBUG org.asynchttpclient.netty.handler.HttpHandler - 

Request DefaultFullHttpRequest(decodeResult: success, version: HTTP/1.1, content: EmptyByteBufBE)
GET /session/df6a6576b4ee226eb544544e8f0bf034/element/b3cf7e52-fccc-41b8-ac30-216e09669292/text HTTP/1.1
User-Agent: selenium/4.5.3 (java mac)
Cache-Control: no-cache
Content-Type: application/json; charset=utf-8
host: localhost:18432
accept: */*

Response DefaultHttpResponse(decodeResult: success, version: HTTP/1.1)
HTTP/1.1 200 OK
Content-Length: 30
Content-Type: application/json; charset=utf-8
cache-control: no-cache

10:50:38.859 [AsyncHttpClient-1-8] DEBUG org.asynchttpclient.netty.channel.ChannelManager - Adding key: http://localhost:18432 for channel [id: 0xee5c3a95, L:/127.0.0.1:64195 - R:localhost/127.0.0.1:18432]
10:50:38.860 [Forwarding findChildElement on session df6a6576b4ee226eb544544e8f0bf034 to remote] DEBUG org.asynchttpclient.netty.request.NettyRequestSender - Using pooled Channel '[id: 0xee5c3a95, L:/127.0.0.1:64195 - R:localhost/127.0.0.1:18432]' for 'POST' to 'http://localhost:18432/session/df6a6576b4ee226eb544544e8f0bf034/element/edc47617-5f9c-46a0-bc15-20e1b3a5fc80/element'
10:50:38.860 [Forwarding findChildElement on session df6a6576b4ee226eb544544e8f0bf034 to remote] DEBUG org.asynchttpclient.netty.request.NettyRequestSender - Using open Channel [id: 0xee5c3a95, L:/127.0.0.1:64195 - R:localhost/127.0.0.1:18432] for POST '/session/df6a6576b4ee226eb544544e8f0bf034/element/edc47617-5f9c-46a0-bc15-20e1b3a5fc80/element'
10:50:39.151 [AsyncHttpClient-1-8] DEBUG org.asynchttpclient.netty.handler.HttpHandler - 

Request DefaultHttpRequest(decodeResult: success, version: HTTP/1.1)
POST /session/df6a6576b4ee226eb544544e8f0bf034/element/edc47617-5f9c-46a0-bc15-20e1b3a5fc80/element HTTP/1.1
User-Agent: selenium/4.5.3 (java mac)
Content-Length: 106
Content-Type: application/json; charset=utf-8
host: localhost:18432
accept: */*

Response DefaultHttpResponse(decodeResult: success, version: HTTP/1.1)
HTTP/1.1 200 OK
Content-Length: 88
Content-Type: application/json; charset=utf-8
cache-control: no-cache

10:50:39.151 [AsyncHttpClient-1-8] DEBUG org.asynchttpclient.netty.channel.ChannelManager - Adding key: http://localhost:18432 for channel [id: 0xee5c3a95, L:/127.0.0.1:64195 - R:localhost/127.0.0.1:18432]
10:50:39.152 [Forwarding getElementText on session df6a6576b4ee226eb544544e8f0bf034 to remote] DEBUG org.asynchttpclient.netty.request.NettyRequestSender - Using pooled Channel '[id: 0xee5c3a95, L:/127.0.0.1:64195 - R:localhost/127.0.0.1:18432]' for 'GET' to 'http://localhost:18432/session/df6a6576b4ee226eb544544e8f0bf034/element/216c7174-f515-435d-a597-7026ac08fef5/text'
10:50:39.152 [Forwarding getElementText on session df6a6576b4ee226eb544544e8f0bf034 to remote] DEBUG org.asynchttpclient.netty.request.NettyRequestSender - Using open Channel [id: 0xee5c3a95, L:/127.0.0.1:64195 - R:localhost/127.0.0.1:18432] for GET '/session/df6a6576b4ee226eb544544e8f0bf034/element/216c7174-f515-435d-a597-7026ac08fef5/text'
10:50:39.183 [AsyncHttpClient-1-8] DEBUG org.asynchttpclient.netty.handler.HttpHandler - 

Request DefaultFullHttpRequest(decodeResult: success, version: HTTP/1.1, content: EmptyByteBufBE)
GET /session/df6a6576b4ee226eb544544e8f0bf034/element/216c7174-f515-435d-a597-7026ac08fef5/text HTTP/1.1
User-Agent: selenium/4.5.3 (java mac)
Cache-Control: no-cache
Content-Type: application/json; charset=utf-8
host: localhost:18432
accept: */*

Response DefaultHttpResponse(decodeResult: success, version: HTTP/1.1)
HTTP/1.1 200 OK
Content-Length: 86
Content-Type: application/json; charset=utf-8
cache-control: no-cache

10:50:39.183 [AsyncHttpClient-1-8] DEBUG org.asynchttpclient.netty.channel.ChannelManager - Adding key: http://localhost:18432 for channel [id: 0xee5c3a95, L:/127.0.0.1:64195 - R:localhost/127.0.0.1:18432]
10:50:39.191 [Forwarding findChildElement on session df6a6576b4ee226eb544544e8f0bf034 to remote] DEBUG org.asynchttpclient.netty.request.NettyRequestSender - Using pooled Channel '[id: 0xee5c3a95, L:/127.0.0.1:64195 - R:localhost/127.0.0.1:18432]' for 'POST' to 'http://localhost:18432/session/df6a6576b4ee226eb544544e8f0bf034/element/edc47617-5f9c-46a0-bc15-20e1b3a5fc80/element'
10:50:39.192 [Forwarding findChildElement on session df6a6576b4ee226eb544544e8f0bf034 to remote] DEBUG org.asynchttpclient.netty.request.NettyRequestSender - Using open Channel [id: 0xee5c3a95, L:/127.0.0.1:64195 - R:localhost/127.0.0.1:18432] for POST '/session/df6a6576b4ee226eb544544e8f0bf034/element/edc47617-5f9c-46a0-bc15-20e1b3a5fc80/element'
10:50:39.219 [AsyncHttpClient-1-8] DEBUG org.asynchttpclient.netty.handler.HttpHandler - 

Request DefaultHttpRequest(decodeResult: success, version: HTTP/1.1)
POST /session/df6a6576b4ee226eb544544e8f0bf034/element/edc47617-5f9c-46a0-bc15-20e1b3a5fc80/element HTTP/1.1
User-Agent: selenium/4.5.3 (java mac)
Content-Length: 106
Content-Type: application/json; charset=utf-8
host: localhost:18432
accept: */*

Response DefaultHttpResponse(decodeResult: success, version: HTTP/1.1)
HTTP/1.1 200 OK
Content-Length: 88
Content-Type: application/json; charset=utf-8
cache-control: no-cache

10:50:39.219 [AsyncHttpClient-1-8] DEBUG org.asynchttpclient.netty.channel.ChannelManager - Adding key: http://localhost:18432 for channel [id: 0xee5c3a95, L:/127.0.0.1:64195 - R:localhost/127.0.0.1:18432]
10:50:39.220 [Forwarding getElementText on session df6a6576b4ee226eb544544e8f0bf034 to remote] DEBUG org.asynchttpclient.netty.request.NettyRequestSender - Using pooled Channel '[id: 0xee5c3a95, L:/127.0.0.1:64195 - R:localhost/127.0.0.1:18432]' for 'GET' to 'http://localhost:18432/session/df6a6576b4ee226eb544544e8f0bf034/element/ff0a48f7-356b-4cee-8303-367d19e19b44/text'
10:50:39.220 [Forwarding getElementText on session df6a6576b4ee226eb544544e8f0bf034 to remote] DEBUG org.asynchttpclient.netty.request.NettyRequestSender - Using open Channel [id: 0xee5c3a95, L:/127.0.0.1:64195 - R:localhost/127.0.0.1:18432] for GET '/session/df6a6576b4ee226eb544544e8f0bf034/element/ff0a48f7-356b-4cee-8303-367d19e19b44/text'
10:50:39.251 [AsyncHttpClient-1-8] DEBUG org.asynchttpclient.netty.handler.HttpHandler - 

Request DefaultFullHttpRequest(decodeResult: success, version: HTTP/1.1, content: EmptyByteBufBE)
GET /session/df6a6576b4ee226eb544544e8f0bf034/element/ff0a48f7-356b-4cee-8303-367d19e19b44/text HTTP/1.1
User-Agent: selenium/4.5.3 (java mac)
Cache-Control: no-cache
Content-Type: application/json; charset=utf-8
host: localhost:18432
accept: */*

Response DefaultHttpResponse(decodeResult: success, version: HTTP/1.1)
HTTP/1.1 200 OK
Content-Length: 19
Content-Type: application/json; charset=utf-8
cache-control: no-cache

10:50:39.251 [AsyncHttpClient-1-8] DEBUG org.asynchttpclient.netty.channel.ChannelManager - Adding key: http://localhost:18432 for channel [id: 0xee5c3a95, L:/127.0.0.1:64195 - R:localhost/127.0.0.1:18432]
10:50:39.252 [Forwarding findChildElement on session df6a6576b4ee226eb544544e8f0bf034 to remote] DEBUG org.asynchttpclient.netty.request.NettyRequestSender - Using pooled Channel '[id: 0xee5c3a95, L:/127.0.0.1:64195 - R:localhost/127.0.0.1:18432]' for 'POST' to 'http://localhost:18432/session/df6a6576b4ee226eb544544e8f0bf034/element/394292a9-ac2a-426e-add7-3d669486803a/element'
10:50:39.252 [Forwarding findChildElement on session df6a6576b4ee226eb544544e8f0bf034 to remote] DEBUG org.asynchttpclient.netty.request.NettyRequestSender - Using open Channel [id: 0xee5c3a95, L:/127.0.0.1:64195 - R:localhost/127.0.0.1:18432] for POST '/session/df6a6576b4ee226eb544544e8f0bf034/element/394292a9-ac2a-426e-add7-3d669486803a/element'
10:50:39.730 [AsyncHttpClient-1-8] DEBUG org.asynchttpclient.netty.handler.HttpHandler - 

Request DefaultHttpRequest(decodeResult: success, version: HTTP/1.1)
POST /session/df6a6576b4ee226eb544544e8f0bf034/element/394292a9-ac2a-426e-add7-3d669486803a/element HTTP/1.1
User-Agent: selenium/4.5.3 (java mac)
Content-Length: 106
Content-Type: application/json; charset=utf-8
host: localhost:18432
accept: */*

Response DefaultHttpResponse(decodeResult: success, version: HTTP/1.1)
HTTP/1.1 200 OK
Content-Length: 88
Content-Type: application/json; charset=utf-8
cache-control: no-cache

10:50:39.730 [AsyncHttpClient-1-8] DEBUG org.asynchttpclient.netty.channel.ChannelManager - Adding key: http://localhost:18432 for channel [id: 0xee5c3a95, L:/127.0.0.1:64195 - R:localhost/127.0.0.1:18432]
10:50:39.733 [Forwarding getElementText on session df6a6576b4ee226eb544544e8f0bf034 to remote] DEBUG org.asynchttpclient.netty.request.NettyRequestSender - Using pooled Channel '[id: 0xee5c3a95, L:/127.0.0.1:64195 - R:localhost/127.0.0.1:18432]' for 'GET' to 'http://localhost:18432/session/df6a6576b4ee226eb544544e8f0bf034/element/44b7eebe-4a1e-44b2-9e5b-2ac86100ff47/text'
10:50:39.733 [Forwarding getElementText on session df6a6576b4ee226eb544544e8f0bf034 to remote] DEBUG org.asynchttpclient.netty.request.NettyRequestSender - Using open Channel [id: 0xee5c3a95, L:/127.0.0.1:64195 - R:localhost/127.0.0.1:18432] for GET '/session/df6a6576b4ee226eb544544e8f0bf034/element/44b7eebe-4a1e-44b2-9e5b-2ac86100ff47/text'
10:50:39.911 [AsyncHttpClient-1-8] DEBUG org.asynchttpclient.netty.handler.HttpHandler - 

Request DefaultFullHttpRequest(decodeResult: success, version: HTTP/1.1, content: EmptyByteBufBE)
GET /session/df6a6576b4ee226eb544544e8f0bf034/element/44b7eebe-4a1e-44b2-9e5b-2ac86100ff47/text HTTP/1.1
User-Agent: selenium/4.5.3 (java mac)
Cache-Control: no-cache
Content-Type: application/json; charset=utf-8
host: localhost:18432
accept: */*

Response DefaultHttpResponse(decodeResult: success, version: HTTP/1.1)
HTTP/1.1 200 OK
Content-Length: 72
Content-Type: application/json; charset=utf-8
cache-control: no-cache

10:50:39.912 [AsyncHttpClient-1-8] DEBUG org.asynchttpclient.netty.channel.ChannelManager - Adding key: http://localhost:18432 for channel [id: 0xee5c3a95, L:/127.0.0.1:64195 - R:localhost/127.0.0.1:18432]
10:50:39.916 [Forwarding findChildElement on session df6a6576b4ee226eb544544e8f0bf034 to remote] DEBUG org.asynchttpclient.netty.request.NettyRequestSender - Using pooled Channel '[id: 0xee5c3a95, L:/127.0.0.1:64195 - R:localhost/127.0.0.1:18432]' for 'POST' to 'http://localhost:18432/session/df6a6576b4ee226eb544544e8f0bf034/element/394292a9-ac2a-426e-add7-3d669486803a/element'
10:50:39.916 [Forwarding findChildElement on session df6a6576b4ee226eb544544e8f0bf034 to remote] DEBUG org.asynchttpclient.netty.request.NettyRequestSender - Using open Channel [id: 0xee5c3a95, L:/127.0.0.1:64195 - R:localhost/127.0.0.1:18432] for POST '/session/df6a6576b4ee226eb544544e8f0bf034/element/394292a9-ac2a-426e-add7-3d669486803a/element'
10:50:39.949 [AsyncHttpClient-1-8] DEBUG org.asynchttpclient.netty.handler.HttpHandler - 

Request DefaultHttpRequest(decodeResult: success, version: HTTP/1.1)
POST /session/df6a6576b4ee226eb544544e8f0bf034/element/394292a9-ac2a-426e-add7-3d669486803a/element HTTP/1.1
User-Agent: selenium/4.5.3 (java mac)
Content-Length: 106
Content-Type: application/json; charset=utf-8
host: localhost:18432
accept: */*

Response DefaultHttpResponse(decodeResult: success, version: HTTP/1.1)
HTTP/1.1 200 OK
Content-Length: 88
Content-Type: application/json; charset=utf-8
cache-control: no-cache

10:50:39.949 [AsyncHttpClient-1-8] DEBUG org.asynchttpclient.netty.channel.ChannelManager - Adding key: http://localhost:18432 for channel [id: 0xee5c3a95, L:/127.0.0.1:64195 - R:localhost/127.0.0.1:18432]
10:50:39.952 [Forwarding getElementText on session df6a6576b4ee226eb544544e8f0bf034 to remote] DEBUG org.asynchttpclient.netty.request.NettyRequestSender - Using pooled Channel '[id: 0xee5c3a95, L:/127.0.0.1:64195 - R:localhost/127.0.0.1:18432]' for 'GET' to 'http://localhost:18432/session/df6a6576b4ee226eb544544e8f0bf034/element/4fc007c2-ccb8-46ff-9157-81008bf1c61d/text'
10:50:39.952 [Forwarding getElementText on session df6a6576b4ee226eb544544e8f0bf034 to remote] DEBUG org.asynchttpclient.netty.request.NettyRequestSender - Using open Channel [id: 0xee5c3a95, L:/127.0.0.1:64195 - R:localhost/127.0.0.1:18432] for GET '/session/df6a6576b4ee226eb544544e8f0bf034/element/4fc007c2-ccb8-46ff-9157-81008bf1c61d/text'
10:50:40.396 [AsyncHttpClient-1-8] DEBUG org.asynchttpclient.netty.handler.HttpHandler - 

Request DefaultFullHttpRequest(decodeResult: success, version: HTTP/1.1, content: EmptyByteBufBE)
GET /session/df6a6576b4ee226eb544544e8f0bf034/element/4fc007c2-ccb8-46ff-9157-81008bf1c61d/text HTTP/1.1
User-Agent: selenium/4.5.3 (java mac)
Cache-Control: no-cache
Content-Type: application/json; charset=utf-8
host: localhost:18432
accept: */*

Response DefaultHttpResponse(decodeResult: success, version: HTTP/1.1)
HTTP/1.1 200 OK
Content-Length: 28
Content-Type: application/json; charset=utf-8
cache-control: no-cache

10:50:40.397 [AsyncHttpClient-1-8] DEBUG org.asynchttpclient.netty.channel.ChannelManager - Adding key: http://localhost:18432 for channel [id: 0xee5c3a95, L:/127.0.0.1:64195 - R:localhost/127.0.0.1:18432]
10:50:40.399 [Forwarding findChildElement on session df6a6576b4ee226eb544544e8f0bf034 to remote] DEBUG org.asynchttpclient.netty.request.NettyRequestSender - Using pooled Channel '[id: 0xee5c3a95, L:/127.0.0.1:64195 - R:localhost/127.0.0.1:18432]' for 'POST' to 'http://localhost:18432/session/df6a6576b4ee226eb544544e8f0bf034/element/e596c094-a8c7-4cad-bd59-116cb4965516/element'
10:50:40.399 [Forwarding findChildElement on session df6a6576b4ee226eb544544e8f0bf034 to remote] DEBUG org.asynchttpclient.netty.request.NettyRequestSender - Using open Channel [id: 0xee5c3a95, L:/127.0.0.1:64195 - R:localhost/127.0.0.1:18432] for POST '/session/df6a6576b4ee226eb544544e8f0bf034/element/e596c094-a8c7-4cad-bd59-116cb4965516/element'
10:50:40.414 [AsyncHttpClient-1-8] DEBUG org.asynchttpclient.netty.handler.HttpHandler - 

Request DefaultHttpRequest(decodeResult: success, version: HTTP/1.1)
POST /session/df6a6576b4ee226eb544544e8f0bf034/element/e596c094-a8c7-4cad-bd59-116cb4965516/element HTTP/1.1
User-Agent: selenium/4.5.3 (java mac)
Content-Length: 106
Content-Type: application/json; charset=utf-8
host: localhost:18432
accept: */*

Response DefaultHttpResponse(decodeResult: success, version: HTTP/1.1)
HTTP/1.1 200 OK
Content-Length: 88
Content-Type: application/json; charset=utf-8
cache-control: no-cache

10:50:40.414 [AsyncHttpClient-1-8] DEBUG org.asynchttpclient.netty.channel.ChannelManager - Adding key: http://localhost:18432 for channel [id: 0xee5c3a95, L:/127.0.0.1:64195 - R:localhost/127.0.0.1:18432]
10:50:40.415 [Forwarding getElementText on session df6a6576b4ee226eb544544e8f0bf034 to remote] DEBUG org.asynchttpclient.netty.request.NettyRequestSender - Using pooled Channel '[id: 0xee5c3a95, L:/127.0.0.1:64195 - R:localhost/127.0.0.1:18432]' for 'GET' to 'http://localhost:18432/session/df6a6576b4ee226eb544544e8f0bf034/element/dbb0b263-0998-49fc-a44f-5af4611b3c47/text'
10:50:40.415 [Forwarding getElementText on session df6a6576b4ee226eb544544e8f0bf034 to remote] DEBUG org.asynchttpclient.netty.request.NettyRequestSender - Using open Channel [id: 0xee5c3a95, L:/127.0.0.1:64195 - R:localhost/127.0.0.1:18432] for GET '/session/df6a6576b4ee226eb544544e8f0bf034/element/dbb0b263-0998-49fc-a44f-5af4611b3c47/text'
10:50:40.443 [AsyncHttpClient-1-8] DEBUG org.asynchttpclient.netty.handler.HttpHandler - 

Request DefaultFullHttpRequest(decodeResult: success, version: HTTP/1.1, content: EmptyByteBufBE)
GET /session/df6a6576b4ee226eb544544e8f0bf034/element/dbb0b263-0998-49fc-a44f-5af4611b3c47/text HTTP/1.1
User-Agent: selenium/4.5.3 (java mac)
Cache-Control: no-cache
Content-Type: application/json; charset=utf-8
host: localhost:18432
accept: */*

Response DefaultHttpResponse(decodeResult: success, version: HTTP/1.1)
HTTP/1.1 200 OK
Content-Length: 90
Content-Type: application/json; charset=utf-8
cache-control: no-cache

10:50:40.443 [AsyncHttpClient-1-8] DEBUG org.asynchttpclient.netty.channel.ChannelManager - Adding key: http://localhost:18432 for channel [id: 0xee5c3a95, L:/127.0.0.1:64195 - R:localhost/127.0.0.1:18432]
10:50:40.445 [Forwarding findChildElement on session df6a6576b4ee226eb544544e8f0bf034 to remote] DEBUG org.asynchttpclient.netty.request.NettyRequestSender - Using pooled Channel '[id: 0xee5c3a95, L:/127.0.0.1:64195 - R:localhost/127.0.0.1:18432]' for 'POST' to 'http://localhost:18432/session/df6a6576b4ee226eb544544e8f0bf034/element/e596c094-a8c7-4cad-bd59-116cb4965516/element'
10:50:40.445 [Forwarding findChildElement on session df6a6576b4ee226eb544544e8f0bf034 to remote] DEBUG org.asynchttpclient.netty.request.NettyRequestSender - Using open Channel [id: 0xee5c3a95, L:/127.0.0.1:64195 - R:localhost/127.0.0.1:18432] for POST '/session/df6a6576b4ee226eb544544e8f0bf034/element/e596c094-a8c7-4cad-bd59-116cb4965516/element'
10:50:40.464 [AsyncHttpClient-1-8] DEBUG org.asynchttpclient.netty.handler.HttpHandler - 

Request DefaultHttpRequest(decodeResult: success, version: HTTP/1.1)
POST /session/df6a6576b4ee226eb544544e8f0bf034/element/e596c094-a8c7-4cad-bd59-116cb4965516/element HTTP/1.1
User-Agent: selenium/4.5.3 (java mac)
Content-Length: 106
Content-Type: application/json; charset=utf-8
host: localhost:18432
accept: */*

Response DefaultHttpResponse(decodeResult: success, version: HTTP/1.1)
HTTP/1.1 200 OK
Content-Length: 88
Content-Type: application/json; charset=utf-8
cache-control: no-cache

10:50:40.465 [AsyncHttpClient-1-8] DEBUG org.asynchttpclient.netty.channel.ChannelManager - Adding key: http://localhost:18432 for channel [id: 0xee5c3a95, L:/127.0.0.1:64195 - R:localhost/127.0.0.1:18432]
10:50:40.467 [Forwarding getElementText on session df6a6576b4ee226eb544544e8f0bf034 to remote] DEBUG org.asynchttpclient.netty.request.NettyRequestSender - Using pooled Channel '[id: 0xee5c3a95, L:/127.0.0.1:64195 - R:localhost/127.0.0.1:18432]' for 'GET' to 'http://localhost:18432/session/df6a6576b4ee226eb544544e8f0bf034/element/97cbd9fc-8fd5-4579-95af-9b3e2a09d7b9/text'
10:50:40.470 [Forwarding getElementText on session df6a6576b4ee226eb544544e8f0bf034 to remote] DEBUG org.asynchttpclient.netty.request.NettyRequestSender - Using open Channel [id: 0xee5c3a95, L:/127.0.0.1:64195 - R:localhost/127.0.0.1:18432] for GET '/session/df6a6576b4ee226eb544544e8f0bf034/element/97cbd9fc-8fd5-4579-95af-9b3e2a09d7b9/text'
10:50:40.503 [AsyncHttpClient-1-8] DEBUG org.asynchttpclient.netty.handler.HttpHandler - 

Request DefaultFullHttpRequest(decodeResult: success, version: HTTP/1.1, content: EmptyByteBufBE)
GET /session/df6a6576b4ee226eb544544e8f0bf034/element/97cbd9fc-8fd5-4579-95af-9b3e2a09d7b9/text HTTP/1.1
User-Agent: selenium/4.5.3 (java mac)
Cache-Control: no-cache
Content-Type: application/json; charset=utf-8
host: localhost:18432
accept: */*

Response DefaultHttpResponse(decodeResult: success, version: HTTP/1.1)
HTTP/1.1 200 OK
Content-Length: 19
Content-Type: application/json; charset=utf-8
cache-control: no-cache

10:50:40.503 [AsyncHttpClient-1-8] DEBUG org.asynchttpclient.netty.channel.ChannelManager - Adding key: http://localhost:18432 for channel [id: 0xee5c3a95, L:/127.0.0.1:64195 - R:localhost/127.0.0.1:18432]
10:50:40.508 [Forwarding findChildElement on session df6a6576b4ee226eb544544e8f0bf034 to remote] DEBUG org.asynchttpclient.netty.request.NettyRequestSender - Using pooled Channel '[id: 0xee5c3a95, L:/127.0.0.1:64195 - R:localhost/127.0.0.1:18432]' for 'POST' to 'http://localhost:18432/session/df6a6576b4ee226eb544544e8f0bf034/element/37c8a52d-1df6-4b63-a7cb-c8cb8b3ec969/element'
10:50:40.508 [Forwarding findChildElement on session df6a6576b4ee226eb544544e8f0bf034 to remote] DEBUG org.asynchttpclient.netty.request.NettyRequestSender - Using open Channel [id: 0xee5c3a95, L:/127.0.0.1:64195 - R:localhost/127.0.0.1:18432] for POST '/session/df6a6576b4ee226eb544544e8f0bf034/element/37c8a52d-1df6-4b63-a7cb-c8cb8b3ec969/element'
10:50:41.104 [AsyncHttpClient-1-8] DEBUG org.asynchttpclient.netty.handler.HttpHandler - 

Request DefaultHttpRequest(decodeResult: success, version: HTTP/1.1)
POST /session/df6a6576b4ee226eb544544e8f0bf034/element/37c8a52d-1df6-4b63-a7cb-c8cb8b3ec969/element HTTP/1.1
User-Agent: selenium/4.5.3 (java mac)
Content-Length: 106
Content-Type: application/json; charset=utf-8
host: localhost:18432
accept: */*

Response DefaultHttpResponse(decodeResult: success, version: HTTP/1.1)
HTTP/1.1 200 OK
Content-Length: 88
Content-Type: application/json; charset=utf-8
cache-control: no-cache

10:50:41.104 [AsyncHttpClient-1-8] DEBUG org.asynchttpclient.netty.channel.ChannelManager - Adding key: http://localhost:18432 for channel [id: 0xee5c3a95, L:/127.0.0.1:64195 - R:localhost/127.0.0.1:18432]
10:50:41.106 [Forwarding getElementText on session df6a6576b4ee226eb544544e8f0bf034 to remote] DEBUG org.asynchttpclient.netty.request.NettyRequestSender - Using pooled Channel '[id: 0xee5c3a95, L:/127.0.0.1:64195 - R:localhost/127.0.0.1:18432]' for 'GET' to 'http://localhost:18432/session/df6a6576b4ee226eb544544e8f0bf034/element/a9a274cb-fb9f-45ff-b66c-12ce84c1ab6d/text'
10:50:41.106 [Forwarding getElementText on session df6a6576b4ee226eb544544e8f0bf034 to remote] DEBUG org.asynchttpclient.netty.request.NettyRequestSender - Using open Channel [id: 0xee5c3a95, L:/127.0.0.1:64195 - R:localhost/127.0.0.1:18432] for GET '/session/df6a6576b4ee226eb544544e8f0bf034/element/a9a274cb-fb9f-45ff-b66c-12ce84c1ab6d/text'
10:50:41.244 [AsyncHttpClient-1-8] DEBUG org.asynchttpclient.netty.handler.HttpHandler - 

Request DefaultFullHttpRequest(decodeResult: success, version: HTTP/1.1, content: EmptyByteBufBE)
GET /session/df6a6576b4ee226eb544544e8f0bf034/element/a9a274cb-fb9f-45ff-b66c-12ce84c1ab6d/text HTTP/1.1
User-Agent: selenium/4.5.3 (java mac)
Cache-Control: no-cache
Content-Type: application/json; charset=utf-8
host: localhost:18432
accept: */*

Response DefaultHttpResponse(decodeResult: success, version: HTTP/1.1)
HTTP/1.1 200 OK
Content-Length: 72
Content-Type: application/json; charset=utf-8
cache-control: no-cache

10:50:41.244 [AsyncHttpClient-1-8] DEBUG org.asynchttpclient.netty.channel.ChannelManager - Adding key: http://localhost:18432 for channel [id: 0xee5c3a95, L:/127.0.0.1:64195 - R:localhost/127.0.0.1:18432]
10:50:41.247 [Forwarding findChildElement on session df6a6576b4ee226eb544544e8f0bf034 to remote] DEBUG org.asynchttpclient.netty.request.NettyRequestSender - Using pooled Channel '[id: 0xee5c3a95, L:/127.0.0.1:64195 - R:localhost/127.0.0.1:18432]' for 'POST' to 'http://localhost:18432/session/df6a6576b4ee226eb544544e8f0bf034/element/37c8a52d-1df6-4b63-a7cb-c8cb8b3ec969/element'
10:50:41.247 [Forwarding findChildElement on session df6a6576b4ee226eb544544e8f0bf034 to remote] DEBUG org.asynchttpclient.netty.request.NettyRequestSender - Using open Channel [id: 0xee5c3a95, L:/127.0.0.1:64195 - R:localhost/127.0.0.1:18432] for POST '/session/df6a6576b4ee226eb544544e8f0bf034/element/37c8a52d-1df6-4b63-a7cb-c8cb8b3ec969/element'
10:50:41.261 [AsyncHttpClient-1-8] DEBUG org.asynchttpclient.netty.handler.HttpHandler - 

Request DefaultHttpRequest(decodeResult: success, version: HTTP/1.1)
POST /session/df6a6576b4ee226eb544544e8f0bf034/element/37c8a52d-1df6-4b63-a7cb-c8cb8b3ec969/element HTTP/1.1
User-Agent: selenium/4.5.3 (java mac)
Content-Length: 106
Content-Type: application/json; charset=utf-8
host: localhost:18432
accept: */*

Response DefaultHttpResponse(decodeResult: success, version: HTTP/1.1)
HTTP/1.1 200 OK
Content-Length: 88
Content-Type: application/json; charset=utf-8
cache-control: no-cache

10:50:41.261 [AsyncHttpClient-1-8] DEBUG org.asynchttpclient.netty.channel.ChannelManager - Adding key: http://localhost:18432 for channel [id: 0xee5c3a95, L:/127.0.0.1:64195 - R:localhost/127.0.0.1:18432]
10:50:41.262 [Forwarding getElementText on session df6a6576b4ee226eb544544e8f0bf034 to remote] DEBUG org.asynchttpclient.netty.request.NettyRequestSender - Using pooled Channel '[id: 0xee5c3a95, L:/127.0.0.1:64195 - R:localhost/127.0.0.1:18432]' for 'GET' to 'http://localhost:18432/session/df6a6576b4ee226eb544544e8f0bf034/element/54182533-1022-4d7f-8da2-1248332a0c58/text'
10:50:41.262 [Forwarding getElementText on session df6a6576b4ee226eb544544e8f0bf034 to remote] DEBUG org.asynchttpclient.netty.request.NettyRequestSender - Using open Channel [id: 0xee5c3a95, L:/127.0.0.1:64195 - R:localhost/127.0.0.1:18432] for GET '/session/df6a6576b4ee226eb544544e8f0bf034/element/54182533-1022-4d7f-8da2-1248332a0c58/text'
10:50:41.443 [AsyncHttpClient-1-8] DEBUG org.asynchttpclient.netty.handler.HttpHandler - 

Request DefaultFullHttpRequest(decodeResult: success, version: HTTP/1.1, content: EmptyByteBufBE)
GET /session/df6a6576b4ee226eb544544e8f0bf034/element/54182533-1022-4d7f-8da2-1248332a0c58/text HTTP/1.1
User-Agent: selenium/4.5.3 (java mac)
Cache-Control: no-cache
Content-Type: application/json; charset=utf-8
host: localhost:18432
accept: */*

Response DefaultHttpResponse(decodeResult: success, version: HTTP/1.1)
HTTP/1.1 200 OK
Content-Length: 18
Content-Type: application/json; charset=utf-8
cache-control: no-cache

10:50:41.444 [AsyncHttpClient-1-8] DEBUG org.asynchttpclient.netty.channel.ChannelManager - Adding key: http://localhost:18432 for channel [id: 0xee5c3a95, L:/127.0.0.1:64195 - R:localhost/127.0.0.1:18432]
10:50:41.445 [Forwarding findChildElement on session df6a6576b4ee226eb544544e8f0bf034 to remote] DEBUG org.asynchttpclient.netty.request.NettyRequestSender - Using pooled Channel '[id: 0xee5c3a95, L:/127.0.0.1:64195 - R:localhost/127.0.0.1:18432]' for 'POST' to 'http://localhost:18432/session/df6a6576b4ee226eb544544e8f0bf034/element/69146ec0-6217-454e-a422-f32a090e82b3/element'
10:50:41.445 [Forwarding findChildElement on session df6a6576b4ee226eb544544e8f0bf034 to remote] DEBUG org.asynchttpclient.netty.request.NettyRequestSender - Using open Channel [id: 0xee5c3a95, L:/127.0.0.1:64195 - R:localhost/127.0.0.1:18432] for POST '/session/df6a6576b4ee226eb544544e8f0bf034/element/69146ec0-6217-454e-a422-f32a090e82b3/element'
10:50:41.463 [AsyncHttpClient-1-8] DEBUG org.asynchttpclient.netty.handler.HttpHandler - 

Request DefaultHttpRequest(decodeResult: success, version: HTTP/1.1)
POST /session/df6a6576b4ee226eb544544e8f0bf034/element/69146ec0-6217-454e-a422-f32a090e82b3/element HTTP/1.1
User-Agent: selenium/4.5.3 (java mac)
Content-Length: 106
Content-Type: application/json; charset=utf-8
host: localhost:18432
accept: */*

Response DefaultHttpResponse(decodeResult: success, version: HTTP/1.1)
HTTP/1.1 200 OK
Content-Length: 88
Content-Type: application/json; charset=utf-8
cache-control: no-cache

10:50:41.463 [AsyncHttpClient-1-8] DEBUG org.asynchttpclient.netty.channel.ChannelManager - Adding key: http://localhost:18432 for channel [id: 0xee5c3a95, L:/127.0.0.1:64195 - R:localhost/127.0.0.1:18432]
10:50:41.467 [Forwarding getElementText on session df6a6576b4ee226eb544544e8f0bf034 to remote] DEBUG org.asynchttpclient.netty.request.NettyRequestSender - Using pooled Channel '[id: 0xee5c3a95, L:/127.0.0.1:64195 - R:localhost/127.0.0.1:18432]' for 'GET' to 'http://localhost:18432/session/df6a6576b4ee226eb544544e8f0bf034/element/dc815867-1b0b-42c2-bf16-ed646d79b3ac/text'
10:50:41.467 [Forwarding getElementText on session df6a6576b4ee226eb544544e8f0bf034 to remote] DEBUG org.asynchttpclient.netty.request.NettyRequestSender - Using open Channel [id: 0xee5c3a95, L:/127.0.0.1:64195 - R:localhost/127.0.0.1:18432] for GET '/session/df6a6576b4ee226eb544544e8f0bf034/element/dc815867-1b0b-42c2-bf16-ed646d79b3ac/text'
10:50:41.490 [AsyncHttpClient-1-8] DEBUG org.asynchttpclient.netty.handler.HttpHandler - 

Request DefaultFullHttpRequest(decodeResult: success, version: HTTP/1.1, content: EmptyByteBufBE)
GET /session/df6a6576b4ee226eb544544e8f0bf034/element/dc815867-1b0b-42c2-bf16-ed646d79b3ac/text HTTP/1.1
User-Agent: selenium/4.5.3 (java mac)
Cache-Control: no-cache
Content-Type: application/json; charset=utf-8
host: localhost:18432
accept: */*

Response DefaultHttpResponse(decodeResult: success, version: HTTP/1.1)
HTTP/1.1 200 OK
Content-Length: 91
Content-Type: application/json; charset=utf-8
cache-control: no-cache

10:50:41.490 [AsyncHttpClient-1-8] DEBUG org.asynchttpclient.netty.channel.ChannelManager - Adding key: http://localhost:18432 for channel [id: 0xee5c3a95, L:/127.0.0.1:64195 - R:localhost/127.0.0.1:18432]
10:50:41.492 [Forwarding findChildElement on session df6a6576b4ee226eb544544e8f0bf034 to remote] DEBUG org.asynchttpclient.netty.request.NettyRequestSender - Using pooled Channel '[id: 0xee5c3a95, L:/127.0.0.1:64195 - R:localhost/127.0.0.1:18432]' for 'POST' to 'http://localhost:18432/session/df6a6576b4ee226eb544544e8f0bf034/element/69146ec0-6217-454e-a422-f32a090e82b3/element'
10:50:41.492 [Forwarding findChildElement on session df6a6576b4ee226eb544544e8f0bf034 to remote] DEBUG org.asynchttpclient.netty.request.NettyRequestSender - Using open Channel [id: 0xee5c3a95, L:/127.0.0.1:64195 - R:localhost/127.0.0.1:18432] for POST '/session/df6a6576b4ee226eb544544e8f0bf034/element/69146ec0-6217-454e-a422-f32a090e82b3/element'
10:50:41.514 [AsyncHttpClient-1-8] DEBUG org.asynchttpclient.netty.handler.HttpHandler - 

Request DefaultHttpRequest(decodeResult: success, version: HTTP/1.1)
POST /session/df6a6576b4ee226eb544544e8f0bf034/element/69146ec0-6217-454e-a422-f32a090e82b3/element HTTP/1.1
User-Agent: selenium/4.5.3 (java mac)
Content-Length: 106
Content-Type: application/json; charset=utf-8
host: localhost:18432
accept: */*

Response DefaultHttpResponse(decodeResult: success, version: HTTP/1.1)
HTTP/1.1 200 OK
Content-Length: 88
Content-Type: application/json; charset=utf-8
cache-control: no-cache

10:50:41.515 [AsyncHttpClient-1-8] DEBUG org.asynchttpclient.netty.channel.ChannelManager - Adding key: http://localhost:18432 for channel [id: 0xee5c3a95, L:/127.0.0.1:64195 - R:localhost/127.0.0.1:18432]
10:50:41.516 [Forwarding getElementText on session df6a6576b4ee226eb544544e8f0bf034 to remote] DEBUG org.asynchttpclient.netty.request.NettyRequestSender - Using pooled Channel '[id: 0xee5c3a95, L:/127.0.0.1:64195 - R:localhost/127.0.0.1:18432]' for 'GET' to 'http://localhost:18432/session/df6a6576b4ee226eb544544e8f0bf034/element/bf8aca0d-77b3-4d10-a940-9d5eee9640e4/text'
10:50:41.516 [Forwarding getElementText on session df6a6576b4ee226eb544544e8f0bf034 to remote] DEBUG org.asynchttpclient.netty.request.NettyRequestSender - Using open Channel [id: 0xee5c3a95, L:/127.0.0.1:64195 - R:localhost/127.0.0.1:18432] for GET '/session/df6a6576b4ee226eb544544e8f0bf034/element/bf8aca0d-77b3-4d10-a940-9d5eee9640e4/text'
10:50:41.928 [AsyncHttpClient-1-8] DEBUG org.asynchttpclient.netty.handler.HttpHandler - 

Request DefaultFullHttpRequest(decodeResult: success, version: HTTP/1.1, content: EmptyByteBufBE)
GET /session/df6a6576b4ee226eb544544e8f0bf034/element/bf8aca0d-77b3-4d10-a940-9d5eee9640e4/text HTTP/1.1
User-Agent: selenium/4.5.3 (java mac)
Cache-Control: no-cache
Content-Type: application/json; charset=utf-8
host: localhost:18432
accept: */*

Response DefaultHttpResponse(decodeResult: success, version: HTTP/1.1)
HTTP/1.1 200 OK
Content-Length: 19
Content-Type: application/json; charset=utf-8
cache-control: no-cache

10:50:41.928 [AsyncHttpClient-1-8] DEBUG org.asynchttpclient.netty.channel.ChannelManager - Adding key: http://localhost:18432 for channel [id: 0xee5c3a95, L:/127.0.0.1:64195 - R:localhost/127.0.0.1:18432]
10:50:41.931 [Forwarding findChildElement on session df6a6576b4ee226eb544544e8f0bf034 to remote] DEBUG org.asynchttpclient.netty.request.NettyRequestSender - Using pooled Channel '[id: 0xee5c3a95, L:/127.0.0.1:64195 - R:localhost/127.0.0.1:18432]' for 'POST' to 'http://localhost:18432/session/df6a6576b4ee226eb544544e8f0bf034/element/5403c9c8-1cca-42ca-b259-8e92655ec778/element'
10:50:41.931 [Forwarding findChildElement on session df6a6576b4ee226eb544544e8f0bf034 to remote] DEBUG org.asynchttpclient.netty.request.NettyRequestSender - Using open Channel [id: 0xee5c3a95, L:/127.0.0.1:64195 - R:localhost/127.0.0.1:18432] for POST '/session/df6a6576b4ee226eb544544e8f0bf034/element/5403c9c8-1cca-42ca-b259-8e92655ec778/element'
10:50:41.953 [AsyncHttpClient-1-8] DEBUG org.asynchttpclient.netty.handler.HttpHandler - 

Request DefaultHttpRequest(decodeResult: success, version: HTTP/1.1)
POST /session/df6a6576b4ee226eb544544e8f0bf034/element/5403c9c8-1cca-42ca-b259-8e92655ec778/element HTTP/1.1
User-Agent: selenium/4.5.3 (java mac)
Content-Length: 106
Content-Type: application/json; charset=utf-8
host: localhost:18432
accept: */*

Response DefaultHttpResponse(decodeResult: success, version: HTTP/1.1)
HTTP/1.1 200 OK
Content-Length: 88
Content-Type: application/json; charset=utf-8
cache-control: no-cache

10:50:41.954 [AsyncHttpClient-1-8] DEBUG org.asynchttpclient.netty.channel.ChannelManager - Adding key: http://localhost:18432 for channel [id: 0xee5c3a95, L:/127.0.0.1:64195 - R:localhost/127.0.0.1:18432]
10:50:41.955 [Forwarding getElementText on session df6a6576b4ee226eb544544e8f0bf034 to remote] DEBUG org.asynchttpclient.netty.request.NettyRequestSender - Using pooled Channel '[id: 0xee5c3a95, L:/127.0.0.1:64195 - R:localhost/127.0.0.1:18432]' for 'GET' to 'http://localhost:18432/session/df6a6576b4ee226eb544544e8f0bf034/element/89a370b7-ebf4-4725-962b-7823001b87a7/text'
10:50:41.955 [Forwarding getElementText on session df6a6576b4ee226eb544544e8f0bf034 to remote] DEBUG org.asynchttpclient.netty.request.NettyRequestSender - Using open Channel [id: 0xee5c3a95, L:/127.0.0.1:64195 - R:localhost/127.0.0.1:18432] for GET '/session/df6a6576b4ee226eb544544e8f0bf034/element/89a370b7-ebf4-4725-962b-7823001b87a7/text'
10:50:42.151 [AsyncHttpClient-1-8] DEBUG org.asynchttpclient.netty.handler.HttpHandler - 

Request DefaultFullHttpRequest(decodeResult: success, version: HTTP/1.1, content: EmptyByteBufBE)
GET /session/df6a6576b4ee226eb544544e8f0bf034/element/89a370b7-ebf4-4725-962b-7823001b87a7/text HTTP/1.1
User-Agent: selenium/4.5.3 (java mac)
Cache-Control: no-cache
Content-Type: application/json; charset=utf-8
host: localhost:18432
accept: */*

Response DefaultHttpResponse(decodeResult: success, version: HTTP/1.1)
HTTP/1.1 200 OK
Content-Length: 69
Content-Type: application/json; charset=utf-8
cache-control: no-cache

10:50:42.151 [AsyncHttpClient-1-8] DEBUG org.asynchttpclient.netty.channel.ChannelManager - Adding key: http://localhost:18432 for channel [id: 0xee5c3a95, L:/127.0.0.1:64195 - R:localhost/127.0.0.1:18432]
10:50:42.153 [Forwarding findChildElement on session df6a6576b4ee226eb544544e8f0bf034 to remote] DEBUG org.asynchttpclient.netty.request.NettyRequestSender - Using pooled Channel '[id: 0xee5c3a95, L:/127.0.0.1:64195 - R:localhost/127.0.0.1:18432]' for 'POST' to 'http://localhost:18432/session/df6a6576b4ee226eb544544e8f0bf034/element/5403c9c8-1cca-42ca-b259-8e92655ec778/element'
10:50:42.153 [Forwarding findChildElement on session df6a6576b4ee226eb544544e8f0bf034 to remote] DEBUG org.asynchttpclient.netty.request.NettyRequestSender - Using open Channel [id: 0xee5c3a95, L:/127.0.0.1:64195 - R:localhost/127.0.0.1:18432] for POST '/session/df6a6576b4ee226eb544544e8f0bf034/element/5403c9c8-1cca-42ca-b259-8e92655ec778/element'
10:50:42.173 [AsyncHttpClient-1-8] DEBUG org.asynchttpclient.netty.handler.HttpHandler - 

Request DefaultHttpRequest(decodeResult: success, version: HTTP/1.1)
POST /session/df6a6576b4ee226eb544544e8f0bf034/element/5403c9c8-1cca-42ca-b259-8e92655ec778/element HTTP/1.1
User-Agent: selenium/4.5.3 (java mac)
Content-Length: 106
Content-Type: application/json; charset=utf-8
host: localhost:18432
accept: */*

Response DefaultHttpResponse(decodeResult: success, version: HTTP/1.1)
HTTP/1.1 200 OK
Content-Length: 88
Content-Type: application/json; charset=utf-8
cache-control: no-cache

10:50:42.174 [AsyncHttpClient-1-8] DEBUG org.asynchttpclient.netty.channel.ChannelManager - Adding key: http://localhost:18432 for channel [id: 0xee5c3a95, L:/127.0.0.1:64195 - R:localhost/127.0.0.1:18432]
10:50:42.175 [Forwarding getElementText on session df6a6576b4ee226eb544544e8f0bf034 to remote] DEBUG org.asynchttpclient.netty.request.NettyRequestSender - Using pooled Channel '[id: 0xee5c3a95, L:/127.0.0.1:64195 - R:localhost/127.0.0.1:18432]' for 'GET' to 'http://localhost:18432/session/df6a6576b4ee226eb544544e8f0bf034/element/e21d466d-dcea-41a1-a709-854db749fc2f/text'
10:50:42.175 [Forwarding getElementText on session df6a6576b4ee226eb544544e8f0bf034 to remote] DEBUG org.asynchttpclient.netty.request.NettyRequestSender - Using open Channel [id: 0xee5c3a95, L:/127.0.0.1:64195 - R:localhost/127.0.0.1:18432] for GET '/session/df6a6576b4ee226eb544544e8f0bf034/element/e21d466d-dcea-41a1-a709-854db749fc2f/text'
10:50:42.466 [AsyncHttpClient-1-8] DEBUG org.asynchttpclient.netty.handler.HttpHandler - 

Request DefaultFullHttpRequest(decodeResult: success, version: HTTP/1.1, content: EmptyByteBufBE)
GET /session/df6a6576b4ee226eb544544e8f0bf034/element/e21d466d-dcea-41a1-a709-854db749fc2f/text HTTP/1.1
User-Agent: selenium/4.5.3 (java mac)
Cache-Control: no-cache
Content-Type: application/json; charset=utf-8
host: localhost:18432
accept: */*

Response DefaultHttpResponse(decodeResult: success, version: HTTP/1.1)
HTTP/1.1 200 OK
Content-Length: 19
Content-Type: application/json; charset=utf-8
cache-control: no-cache

10:50:42.467 [AsyncHttpClient-1-8] DEBUG org.asynchttpclient.netty.channel.ChannelManager - Adding key: http://localhost:18432 for channel [id: 0xee5c3a95, L:/127.0.0.1:64195 - R:localhost/127.0.0.1:18432]
10:50:42.469 [Forwarding findChildElement on session df6a6576b4ee226eb544544e8f0bf034 to remote] DEBUG org.asynchttpclient.netty.request.NettyRequestSender - Using pooled Channel '[id: 0xee5c3a95, L:/127.0.0.1:64195 - R:localhost/127.0.0.1:18432]' for 'POST' to 'http://localhost:18432/session/df6a6576b4ee226eb544544e8f0bf034/element/b1e072d5-f493-4baa-a7af-2ac7420d7cd2/element'
10:50:42.469 [Forwarding findChildElement on session df6a6576b4ee226eb544544e8f0bf034 to remote] DEBUG org.asynchttpclient.netty.request.NettyRequestSender - Using open Channel [id: 0xee5c3a95, L:/127.0.0.1:64195 - R:localhost/127.0.0.1:18432] for POST '/session/df6a6576b4ee226eb544544e8f0bf034/element/b1e072d5-f493-4baa-a7af-2ac7420d7cd2/element'
10:50:42.626 [AsyncHttpClient-1-8] DEBUG org.asynchttpclient.netty.handler.HttpHandler - 

Request DefaultHttpRequest(decodeResult: success, version: HTTP/1.1)
POST /session/df6a6576b4ee226eb544544e8f0bf034/element/b1e072d5-f493-4baa-a7af-2ac7420d7cd2/element HTTP/1.1
User-Agent: selenium/4.5.3 (java mac)
Content-Length: 106
Content-Type: application/json; charset=utf-8
host: localhost:18432
accept: */*

Response DefaultHttpResponse(decodeResult: success, version: HTTP/1.1)
HTTP/1.1 200 OK
Content-Length: 88
Content-Type: application/json; charset=utf-8
cache-control: no-cache

10:50:42.626 [AsyncHttpClient-1-8] DEBUG org.asynchttpclient.netty.channel.ChannelManager - Adding key: http://localhost:18432 for channel [id: 0xee5c3a95, L:/127.0.0.1:64195 - R:localhost/127.0.0.1:18432]
10:50:42.628 [Forwarding getElementText on session df6a6576b4ee226eb544544e8f0bf034 to remote] DEBUG org.asynchttpclient.netty.request.NettyRequestSender - Using pooled Channel '[id: 0xee5c3a95, L:/127.0.0.1:64195 - R:localhost/127.0.0.1:18432]' for 'GET' to 'http://localhost:18432/session/df6a6576b4ee226eb544544e8f0bf034/element/3a2dfe98-5737-4f51-9ba1-2ced6ef981b1/text'
10:50:42.628 [Forwarding getElementText on session df6a6576b4ee226eb544544e8f0bf034 to remote] DEBUG org.asynchttpclient.netty.request.NettyRequestSender - Using open Channel [id: 0xee5c3a95, L:/127.0.0.1:64195 - R:localhost/127.0.0.1:18432] for GET '/session/df6a6576b4ee226eb544544e8f0bf034/element/3a2dfe98-5737-4f51-9ba1-2ced6ef981b1/text'
10:50:42.667 [AsyncHttpClient-1-8] DEBUG org.asynchttpclient.netty.handler.HttpHandler - 

Request DefaultFullHttpRequest(decodeResult: success, version: HTTP/1.1, content: EmptyByteBufBE)
GET /session/df6a6576b4ee226eb544544e8f0bf034/element/3a2dfe98-5737-4f51-9ba1-2ced6ef981b1/text HTTP/1.1
User-Agent: selenium/4.5.3 (java mac)
Cache-Control: no-cache
Content-Type: application/json; charset=utf-8
host: localhost:18432
accept: */*

Response DefaultHttpResponse(decodeResult: success, version: HTTP/1.1)
HTTP/1.1 200 OK
Content-Length: 69
Content-Type: application/json; charset=utf-8
cache-control: no-cache

10:50:42.667 [AsyncHttpClient-1-8] DEBUG org.asynchttpclient.netty.channel.ChannelManager - Adding key: http://localhost:18432 for channel [id: 0xee5c3a95, L:/127.0.0.1:64195 - R:localhost/127.0.0.1:18432]
10:50:42.669 [Forwarding findChildElement on session df6a6576b4ee226eb544544e8f0bf034 to remote] DEBUG org.asynchttpclient.netty.request.NettyRequestSender - Using pooled Channel '[id: 0xee5c3a95, L:/127.0.0.1:64195 - R:localhost/127.0.0.1:18432]' for 'POST' to 'http://localhost:18432/session/df6a6576b4ee226eb544544e8f0bf034/element/b1e072d5-f493-4baa-a7af-2ac7420d7cd2/element'
10:50:42.670 [Forwarding findChildElement on session df6a6576b4ee226eb544544e8f0bf034 to remote] DEBUG org.asynchttpclient.netty.request.NettyRequestSender - Using open Channel [id: 0xee5c3a95, L:/127.0.0.1:64195 - R:localhost/127.0.0.1:18432] for POST '/session/df6a6576b4ee226eb544544e8f0bf034/element/b1e072d5-f493-4baa-a7af-2ac7420d7cd2/element'
10:50:42.696 [AsyncHttpClient-1-8] DEBUG org.asynchttpclient.netty.handler.HttpHandler - 

Request DefaultHttpRequest(decodeResult: success, version: HTTP/1.1)
POST /session/df6a6576b4ee226eb544544e8f0bf034/element/b1e072d5-f493-4baa-a7af-2ac7420d7cd2/element HTTP/1.1
User-Agent: selenium/4.5.3 (java mac)
Content-Length: 106
Content-Type: application/json; charset=utf-8
host: localhost:18432
accept: */*

Response DefaultHttpResponse(decodeResult: success, version: HTTP/1.1)
HTTP/1.1 200 OK
Content-Length: 88
Content-Type: application/json; charset=utf-8
cache-control: no-cache

10:50:42.697 [AsyncHttpClient-1-8] DEBUG org.asynchttpclient.netty.channel.ChannelManager - Adding key: http://localhost:18432 for channel [id: 0xee5c3a95, L:/127.0.0.1:64195 - R:localhost/127.0.0.1:18432]
10:50:42.700 [Forwarding getElementText on session df6a6576b4ee226eb544544e8f0bf034 to remote] DEBUG org.asynchttpclient.netty.request.NettyRequestSender - Using pooled Channel '[id: 0xee5c3a95, L:/127.0.0.1:64195 - R:localhost/127.0.0.1:18432]' for 'GET' to 'http://localhost:18432/session/df6a6576b4ee226eb544544e8f0bf034/element/30c3d22b-9d00-4d15-a8b4-45e2ca07bd08/text'
10:50:42.700 [Forwarding getElementText on session df6a6576b4ee226eb544544e8f0bf034 to remote] DEBUG org.asynchttpclient.netty.request.NettyRequestSender - Using open Channel [id: 0xee5c3a95, L:/127.0.0.1:64195 - R:localhost/127.0.0.1:18432] for GET '/session/df6a6576b4ee226eb544544e8f0bf034/element/30c3d22b-9d00-4d15-a8b4-45e2ca07bd08/text'
10:50:43.002 [AsyncHttpClient-1-8] DEBUG org.asynchttpclient.netty.handler.HttpHandler - 

Request DefaultFullHttpRequest(decodeResult: success, version: HTTP/1.1, content: EmptyByteBufBE)
GET /session/df6a6576b4ee226eb544544e8f0bf034/element/30c3d22b-9d00-4d15-a8b4-45e2ca07bd08/text HTTP/1.1
User-Agent: selenium/4.5.3 (java mac)
Cache-Control: no-cache
Content-Type: application/json; charset=utf-8
host: localhost:18432
accept: */*

Response DefaultHttpResponse(decodeResult: success, version: HTTP/1.1)
HTTP/1.1 200 OK
Content-Length: 18
Content-Type: application/json; charset=utf-8
cache-control: no-cache

10:50:43.002 [AsyncHttpClient-1-8] DEBUG org.asynchttpclient.netty.channel.ChannelManager - Adding key: http://localhost:18432 for channel [id: 0xee5c3a95, L:/127.0.0.1:64195 - R:localhost/127.0.0.1:18432]
10:50:43.005 [Forwarding findChildElement on session df6a6576b4ee226eb544544e8f0bf034 to remote] DEBUG org.asynchttpclient.netty.request.NettyRequestSender - Using pooled Channel '[id: 0xee5c3a95, L:/127.0.0.1:64195 - R:localhost/127.0.0.1:18432]' for 'POST' to 'http://localhost:18432/session/df6a6576b4ee226eb544544e8f0bf034/element/03c5a0a7-8acc-4a46-8724-c643e192565e/element'
10:50:43.005 [Forwarding findChildElement on session df6a6576b4ee226eb544544e8f0bf034 to remote] DEBUG org.asynchttpclient.netty.request.NettyRequestSender - Using open Channel [id: 0xee5c3a95, L:/127.0.0.1:64195 - R:localhost/127.0.0.1:18432] for POST '/session/df6a6576b4ee226eb544544e8f0bf034/element/03c5a0a7-8acc-4a46-8724-c643e192565e/element'
10:50:43.038 [AsyncHttpClient-1-8] DEBUG org.asynchttpclient.netty.handler.HttpHandler - 

Request DefaultHttpRequest(decodeResult: success, version: HTTP/1.1)
POST /session/df6a6576b4ee226eb544544e8f0bf034/element/03c5a0a7-8acc-4a46-8724-c643e192565e/element HTTP/1.1
User-Agent: selenium/4.5.3 (java mac)
Content-Length: 106
Content-Type: application/json; charset=utf-8
host: localhost:18432
accept: */*

Response DefaultHttpResponse(decodeResult: success, version: HTTP/1.1)
HTTP/1.1 200 OK
Content-Length: 88
Content-Type: application/json; charset=utf-8
cache-control: no-cache

10:50:43.038 [AsyncHttpClient-1-8] DEBUG org.asynchttpclient.netty.channel.ChannelManager - Adding key: http://localhost:18432 for channel [id: 0xee5c3a95, L:/127.0.0.1:64195 - R:localhost/127.0.0.1:18432]
10:50:43.040 [Forwarding getElementText on session df6a6576b4ee226eb544544e8f0bf034 to remote] DEBUG org.asynchttpclient.netty.request.NettyRequestSender - Using pooled Channel '[id: 0xee5c3a95, L:/127.0.0.1:64195 - R:localhost/127.0.0.1:18432]' for 'GET' to 'http://localhost:18432/session/df6a6576b4ee226eb544544e8f0bf034/element/8ec0f142-8586-4b46-95b6-bdc9a9124ae7/text'
10:50:43.040 [Forwarding getElementText on session df6a6576b4ee226eb544544e8f0bf034 to remote] DEBUG org.asynchttpclient.netty.request.NettyRequestSender - Using open Channel [id: 0xee5c3a95, L:/127.0.0.1:64195 - R:localhost/127.0.0.1:18432] for GET '/session/df6a6576b4ee226eb544544e8f0bf034/element/8ec0f142-8586-4b46-95b6-bdc9a9124ae7/text'
10:50:43.113 [AsyncHttpClient-1-8] DEBUG org.asynchttpclient.netty.handler.HttpHandler - 

Request DefaultFullHttpRequest(decodeResult: success, version: HTTP/1.1, content: EmptyByteBufBE)
GET /session/df6a6576b4ee226eb544544e8f0bf034/element/8ec0f142-8586-4b46-95b6-bdc9a9124ae7/text HTTP/1.1
User-Agent: selenium/4.5.3 (java mac)
Cache-Control: no-cache
Content-Type: application/json; charset=utf-8
host: localhost:18432
accept: */*

Response DefaultHttpResponse(decodeResult: success, version: HTTP/1.1)
HTTP/1.1 200 OK
Content-Length: 81
Content-Type: application/json; charset=utf-8
cache-control: no-cache

10:50:43.113 [AsyncHttpClient-1-8] DEBUG org.asynchttpclient.netty.channel.ChannelManager - Adding key: http://localhost:18432 for channel [id: 0xee5c3a95, L:/127.0.0.1:64195 - R:localhost/127.0.0.1:18432]
10:50:43.115 [Forwarding findChildElement on session df6a6576b4ee226eb544544e8f0bf034 to remote] DEBUG org.asynchttpclient.netty.request.NettyRequestSender - Using pooled Channel '[id: 0xee5c3a95, L:/127.0.0.1:64195 - R:localhost/127.0.0.1:18432]' for 'POST' to 'http://localhost:18432/session/df6a6576b4ee226eb544544e8f0bf034/element/03c5a0a7-8acc-4a46-8724-c643e192565e/element'
10:50:43.115 [Forwarding findChildElement on session df6a6576b4ee226eb544544e8f0bf034 to remote] DEBUG org.asynchttpclient.netty.request.NettyRequestSender - Using open Channel [id: 0xee5c3a95, L:/127.0.0.1:64195 - R:localhost/127.0.0.1:18432] for POST '/session/df6a6576b4ee226eb544544e8f0bf034/element/03c5a0a7-8acc-4a46-8724-c643e192565e/element'
10:50:43.278 [AsyncHttpClient-1-8] DEBUG org.asynchttpclient.netty.handler.HttpHandler - 

Request DefaultHttpRequest(decodeResult: success, version: HTTP/1.1)
POST /session/df6a6576b4ee226eb544544e8f0bf034/element/03c5a0a7-8acc-4a46-8724-c643e192565e/element HTTP/1.1
User-Agent: selenium/4.5.3 (java mac)
Content-Length: 106
Content-Type: application/json; charset=utf-8
host: localhost:18432
accept: */*

Response DefaultHttpResponse(decodeResult: success, version: HTTP/1.1)
HTTP/1.1 200 OK
Content-Length: 88
Content-Type: application/json; charset=utf-8
cache-control: no-cache

10:50:43.278 [AsyncHttpClient-1-8] DEBUG org.asynchttpclient.netty.channel.ChannelManager - Adding key: http://localhost:18432 for channel [id: 0xee5c3a95, L:/127.0.0.1:64195 - R:localhost/127.0.0.1:18432]
10:50:43.280 [Forwarding getElementText on session df6a6576b4ee226eb544544e8f0bf034 to remote] DEBUG org.asynchttpclient.netty.request.NettyRequestSender - Using pooled Channel '[id: 0xee5c3a95, L:/127.0.0.1:64195 - R:localhost/127.0.0.1:18432]' for 'GET' to 'http://localhost:18432/session/df6a6576b4ee226eb544544e8f0bf034/element/83f1f877-7882-428d-83c2-faee2be0cfb5/text'
10:50:43.280 [Forwarding getElementText on session df6a6576b4ee226eb544544e8f0bf034 to remote] DEBUG org.asynchttpclient.netty.request.NettyRequestSender - Using open Channel [id: 0xee5c3a95, L:/127.0.0.1:64195 - R:localhost/127.0.0.1:18432] for GET '/session/df6a6576b4ee226eb544544e8f0bf034/element/83f1f877-7882-428d-83c2-faee2be0cfb5/text'
10:50:43.334 [AsyncHttpClient-1-8] DEBUG org.asynchttpclient.netty.handler.HttpHandler - 

Request DefaultFullHttpRequest(decodeResult: success, version: HTTP/1.1, content: EmptyByteBufBE)
GET /session/df6a6576b4ee226eb544544e8f0bf034/element/83f1f877-7882-428d-83c2-faee2be0cfb5/text HTTP/1.1
User-Agent: selenium/4.5.3 (java mac)
Cache-Control: no-cache
Content-Type: application/json; charset=utf-8
host: localhost:18432
accept: */*

Response DefaultHttpResponse(decodeResult: success, version: HTTP/1.1)
HTTP/1.1 200 OK
Content-Length: 19
Content-Type: application/json; charset=utf-8
cache-control: no-cache

10:50:43.334 [AsyncHttpClient-1-8] DEBUG org.asynchttpclient.netty.channel.ChannelManager - Adding key: http://localhost:18432 for channel [id: 0xee5c3a95, L:/127.0.0.1:64195 - R:localhost/127.0.0.1:18432]
10:50:43.337 [Forwarding findChildElement on session df6a6576b4ee226eb544544e8f0bf034 to remote] DEBUG org.asynchttpclient.netty.request.NettyRequestSender - Using pooled Channel '[id: 0xee5c3a95, L:/127.0.0.1:64195 - R:localhost/127.0.0.1:18432]' for 'POST' to 'http://localhost:18432/session/df6a6576b4ee226eb544544e8f0bf034/element/6a34858b-7fd6-4ed2-9476-ae984a02df9d/element'
10:50:43.337 [Forwarding findChildElement on session df6a6576b4ee226eb544544e8f0bf034 to remote] DEBUG org.asynchttpclient.netty.request.NettyRequestSender - Using open Channel [id: 0xee5c3a95, L:/127.0.0.1:64195 - R:localhost/127.0.0.1:18432] for POST '/session/df6a6576b4ee226eb544544e8f0bf034/element/6a34858b-7fd6-4ed2-9476-ae984a02df9d/element'
10:50:43.533 [AsyncHttpClient-1-8] DEBUG org.asynchttpclient.netty.handler.HttpHandler - 

Request DefaultHttpRequest(decodeResult: success, version: HTTP/1.1)
POST /session/df6a6576b4ee226eb544544e8f0bf034/element/6a34858b-7fd6-4ed2-9476-ae984a02df9d/element HTTP/1.1
User-Agent: selenium/4.5.3 (java mac)
Content-Length: 106
Content-Type: application/json; charset=utf-8
host: localhost:18432
accept: */*

Response DefaultHttpResponse(decodeResult: success, version: HTTP/1.1)
HTTP/1.1 200 OK
Content-Length: 88
Content-Type: application/json; charset=utf-8
cache-control: no-cache

10:50:43.533 [AsyncHttpClient-1-8] DEBUG org.asynchttpclient.netty.channel.ChannelManager - Adding key: http://localhost:18432 for channel [id: 0xee5c3a95, L:/127.0.0.1:64195 - R:localhost/127.0.0.1:18432]
10:50:43.534 [Forwarding getElementText on session df6a6576b4ee226eb544544e8f0bf034 to remote] DEBUG org.asynchttpclient.netty.request.NettyRequestSender - Using pooled Channel '[id: 0xee5c3a95, L:/127.0.0.1:64195 - R:localhost/127.0.0.1:18432]' for 'GET' to 'http://localhost:18432/session/df6a6576b4ee226eb544544e8f0bf034/element/72570265-aaef-4b6b-9820-fc3a026bb8af/text'
10:50:43.534 [Forwarding getElementText on session df6a6576b4ee226eb544544e8f0bf034 to remote] DEBUG org.asynchttpclient.netty.request.NettyRequestSender - Using open Channel [id: 0xee5c3a95, L:/127.0.0.1:64195 - R:localhost/127.0.0.1:18432] for GET '/session/df6a6576b4ee226eb544544e8f0bf034/element/72570265-aaef-4b6b-9820-fc3a026bb8af/text'
10:50:43.786 [AsyncHttpClient-1-8] DEBUG org.asynchttpclient.netty.handler.HttpHandler - 

Request DefaultFullHttpRequest(decodeResult: success, version: HTTP/1.1, content: EmptyByteBufBE)
GET /session/df6a6576b4ee226eb544544e8f0bf034/element/72570265-aaef-4b6b-9820-fc3a026bb8af/text HTTP/1.1
User-Agent: selenium/4.5.3 (java mac)
Cache-Control: no-cache
Content-Type: application/json; charset=utf-8
host: localhost:18432
accept: */*

Response DefaultHttpResponse(decodeResult: success, version: HTTP/1.1)
HTTP/1.1 200 OK
Content-Length: 87
Content-Type: application/json; charset=utf-8
cache-control: no-cache

10:50:43.786 [AsyncHttpClient-1-8] DEBUG org.asynchttpclient.netty.channel.ChannelManager - Adding key: http://localhost:18432 for channel [id: 0xee5c3a95, L:/127.0.0.1:64195 - R:localhost/127.0.0.1:18432]
10:50:43.788 [Forwarding findChildElement on session df6a6576b4ee226eb544544e8f0bf034 to remote] DEBUG org.asynchttpclient.netty.request.NettyRequestSender - Using pooled Channel '[id: 0xee5c3a95, L:/127.0.0.1:64195 - R:localhost/127.0.0.1:18432]' for 'POST' to 'http://localhost:18432/session/df6a6576b4ee226eb544544e8f0bf034/element/6a34858b-7fd6-4ed2-9476-ae984a02df9d/element'
10:50:43.788 [Forwarding findChildElement on session df6a6576b4ee226eb544544e8f0bf034 to remote] DEBUG org.asynchttpclient.netty.request.NettyRequestSender - Using open Channel [id: 0xee5c3a95, L:/127.0.0.1:64195 - R:localhost/127.0.0.1:18432] for POST '/session/df6a6576b4ee226eb544544e8f0bf034/element/6a34858b-7fd6-4ed2-9476-ae984a02df9d/element'
10:50:43.861 [AsyncHttpClient-1-8] DEBUG org.asynchttpclient.netty.handler.HttpHandler - 

Request DefaultHttpRequest(decodeResult: success, version: HTTP/1.1)
POST /session/df6a6576b4ee226eb544544e8f0bf034/element/6a34858b-7fd6-4ed2-9476-ae984a02df9d/element HTTP/1.1
User-Agent: selenium/4.5.3 (java mac)
Content-Length: 106
Content-Type: application/json; charset=utf-8
host: localhost:18432
accept: */*

Response DefaultHttpResponse(decodeResult: success, version: HTTP/1.1)
HTTP/1.1 200 OK
Content-Length: 88
Content-Type: application/json; charset=utf-8
cache-control: no-cache

10:50:43.862 [AsyncHttpClient-1-8] DEBUG org.asynchttpclient.netty.channel.ChannelManager - Adding key: http://localhost:18432 for channel [id: 0xee5c3a95, L:/127.0.0.1:64195 - R:localhost/127.0.0.1:18432]
10:50:43.864 [Forwarding getElementText on session df6a6576b4ee226eb544544e8f0bf034 to remote] DEBUG org.asynchttpclient.netty.request.NettyRequestSender - Using pooled Channel '[id: 0xee5c3a95, L:/127.0.0.1:64195 - R:localhost/127.0.0.1:18432]' for 'GET' to 'http://localhost:18432/session/df6a6576b4ee226eb544544e8f0bf034/element/96f30270-df5e-4c61-a283-5c0fdd24aea9/text'
10:50:43.865 [Forwarding getElementText on session df6a6576b4ee226eb544544e8f0bf034 to remote] DEBUG org.asynchttpclient.netty.request.NettyRequestSender - Using open Channel [id: 0xee5c3a95, L:/127.0.0.1:64195 - R:localhost/127.0.0.1:18432] for GET '/session/df6a6576b4ee226eb544544e8f0bf034/element/96f30270-df5e-4c61-a283-5c0fdd24aea9/text'
10:50:43.894 [AsyncHttpClient-1-8] DEBUG org.asynchttpclient.netty.handler.HttpHandler - 

Request DefaultFullHttpRequest(decodeResult: success, version: HTTP/1.1, content: EmptyByteBufBE)
GET /session/df6a6576b4ee226eb544544e8f0bf034/element/96f30270-df5e-4c61-a283-5c0fdd24aea9/text HTTP/1.1
User-Agent: selenium/4.5.3 (java mac)
Cache-Control: no-cache
Content-Type: application/json; charset=utf-8
host: localhost:18432
accept: */*

Response DefaultHttpResponse(decodeResult: success, version: HTTP/1.1)
HTTP/1.1 200 OK
Content-Length: 19
Content-Type: application/json; charset=utf-8
cache-control: no-cache

10:50:43.894 [AsyncHttpClient-1-8] DEBUG org.asynchttpclient.netty.channel.ChannelManager - Adding key: http://localhost:18432 for channel [id: 0xee5c3a95, L:/127.0.0.1:64195 - R:localhost/127.0.0.1:18432]
10:50:43.896 [Forwarding findChildElement on session df6a6576b4ee226eb544544e8f0bf034 to remote] DEBUG org.asynchttpclient.netty.request.NettyRequestSender - Using pooled Channel '[id: 0xee5c3a95, L:/127.0.0.1:64195 - R:localhost/127.0.0.1:18432]' for 'POST' to 'http://localhost:18432/session/df6a6576b4ee226eb544544e8f0bf034/element/59689f6b-2c9c-4325-a9f8-dccc7b7c717b/element'
10:50:43.896 [Forwarding findChildElement on session df6a6576b4ee226eb544544e8f0bf034 to remote] DEBUG org.asynchttpclient.netty.request.NettyRequestSender - Using open Channel [id: 0xee5c3a95, L:/127.0.0.1:64195 - R:localhost/127.0.0.1:18432] for POST '/session/df6a6576b4ee226eb544544e8f0bf034/element/59689f6b-2c9c-4325-a9f8-dccc7b7c717b/element'
10:50:44.120 [AsyncHttpClient-1-8] DEBUG org.asynchttpclient.netty.handler.HttpHandler - 

Request DefaultHttpRequest(decodeResult: success, version: HTTP/1.1)
POST /session/df6a6576b4ee226eb544544e8f0bf034/element/59689f6b-2c9c-4325-a9f8-dccc7b7c717b/element HTTP/1.1
User-Agent: selenium/4.5.3 (java mac)
Content-Length: 106
Content-Type: application/json; charset=utf-8
host: localhost:18432
accept: */*

Response DefaultHttpResponse(decodeResult: success, version: HTTP/1.1)
HTTP/1.1 200 OK
Content-Length: 88
Content-Type: application/json; charset=utf-8
cache-control: no-cache

10:50:44.120 [AsyncHttpClient-1-8] DEBUG org.asynchttpclient.netty.channel.ChannelManager - Adding key: http://localhost:18432 for channel [id: 0xee5c3a95, L:/127.0.0.1:64195 - R:localhost/127.0.0.1:18432]
10:50:44.122 [Forwarding getElementText on session df6a6576b4ee226eb544544e8f0bf034 to remote] DEBUG org.asynchttpclient.netty.request.NettyRequestSender - Using pooled Channel '[id: 0xee5c3a95, L:/127.0.0.1:64195 - R:localhost/127.0.0.1:18432]' for 'GET' to 'http://localhost:18432/session/df6a6576b4ee226eb544544e8f0bf034/element/30fb931e-1895-4545-a9bd-1b5aae9e37f2/text'
10:50:44.122 [Forwarding getElementText on session df6a6576b4ee226eb544544e8f0bf034 to remote] DEBUG org.asynchttpclient.netty.request.NettyRequestSender - Using open Channel [id: 0xee5c3a95, L:/127.0.0.1:64195 - R:localhost/127.0.0.1:18432] for GET '/session/df6a6576b4ee226eb544544e8f0bf034/element/30fb931e-1895-4545-a9bd-1b5aae9e37f2/text'
10:50:44.284 [AsyncHttpClient-1-8] DEBUG org.asynchttpclient.netty.handler.HttpHandler - 

Request DefaultFullHttpRequest(decodeResult: success, version: HTTP/1.1, content: EmptyByteBufBE)
GET /session/df6a6576b4ee226eb544544e8f0bf034/element/30fb931e-1895-4545-a9bd-1b5aae9e37f2/text HTTP/1.1
User-Agent: selenium/4.5.3 (java mac)
Cache-Control: no-cache
Content-Type: application/json; charset=utf-8
host: localhost:18432
accept: */*

Response DefaultHttpResponse(decodeResult: success, version: HTTP/1.1)
HTTP/1.1 200 OK
Content-Length: 76
Content-Type: application/json; charset=utf-8
cache-control: no-cache

10:50:44.284 [AsyncHttpClient-1-8] DEBUG org.asynchttpclient.netty.channel.ChannelManager - Adding key: http://localhost:18432 for channel [id: 0xee5c3a95, L:/127.0.0.1:64195 - R:localhost/127.0.0.1:18432]
10:50:44.286 [Forwarding findChildElement on session df6a6576b4ee226eb544544e8f0bf034 to remote] DEBUG org.asynchttpclient.netty.request.NettyRequestSender - Using pooled Channel '[id: 0xee5c3a95, L:/127.0.0.1:64195 - R:localhost/127.0.0.1:18432]' for 'POST' to 'http://localhost:18432/session/df6a6576b4ee226eb544544e8f0bf034/element/59689f6b-2c9c-4325-a9f8-dccc7b7c717b/element'
10:50:44.286 [Forwarding findChildElement on session df6a6576b4ee226eb544544e8f0bf034 to remote] DEBUG org.asynchttpclient.netty.request.NettyRequestSender - Using open Channel [id: 0xee5c3a95, L:/127.0.0.1:64195 - R:localhost/127.0.0.1:18432] for POST '/session/df6a6576b4ee226eb544544e8f0bf034/element/59689f6b-2c9c-4325-a9f8-dccc7b7c717b/element'
10:50:44.342 [AsyncHttpClient-1-8] DEBUG org.asynchttpclient.netty.handler.HttpHandler - 

Request DefaultHttpRequest(decodeResult: success, version: HTTP/1.1)
POST /session/df6a6576b4ee226eb544544e8f0bf034/element/59689f6b-2c9c-4325-a9f8-dccc7b7c717b/element HTTP/1.1
User-Agent: selenium/4.5.3 (java mac)
Content-Length: 106
Content-Type: application/json; charset=utf-8
host: localhost:18432
accept: */*

Response DefaultHttpResponse(decodeResult: success, version: HTTP/1.1)
HTTP/1.1 200 OK
Content-Length: 88
Content-Type: application/json; charset=utf-8
cache-control: no-cache

10:50:44.343 [AsyncHttpClient-1-8] DEBUG org.asynchttpclient.netty.channel.ChannelManager - Adding key: http://localhost:18432 for channel [id: 0xee5c3a95, L:/127.0.0.1:64195 - R:localhost/127.0.0.1:18432]
10:50:44.344 [Forwarding getElementText on session df6a6576b4ee226eb544544e8f0bf034 to remote] DEBUG org.asynchttpclient.netty.request.NettyRequestSender - Using pooled Channel '[id: 0xee5c3a95, L:/127.0.0.1:64195 - R:localhost/127.0.0.1:18432]' for 'GET' to 'http://localhost:18432/session/df6a6576b4ee226eb544544e8f0bf034/element/2e7e89f4-b5c4-4424-8894-f260c8923f3e/text'
10:50:44.344 [Forwarding getElementText on session df6a6576b4ee226eb544544e8f0bf034 to remote] DEBUG org.asynchttpclient.netty.request.NettyRequestSender - Using open Channel [id: 0xee5c3a95, L:/127.0.0.1:64195 - R:localhost/127.0.0.1:18432] for GET '/session/df6a6576b4ee226eb544544e8f0bf034/element/2e7e89f4-b5c4-4424-8894-f260c8923f3e/text'
10:50:44.389 [AsyncHttpClient-1-8] DEBUG org.asynchttpclient.netty.handler.HttpHandler - 

Request DefaultFullHttpRequest(decodeResult: success, version: HTTP/1.1, content: EmptyByteBufBE)
GET /session/df6a6576b4ee226eb544544e8f0bf034/element/2e7e89f4-b5c4-4424-8894-f260c8923f3e/text HTTP/1.1
User-Agent: selenium/4.5.3 (java mac)
Cache-Control: no-cache
Content-Type: application/json; charset=utf-8
host: localhost:18432
accept: */*

Response DefaultHttpResponse(decodeResult: success, version: HTTP/1.1)
HTTP/1.1 200 OK
Content-Length: 30
Content-Type: application/json; charset=utf-8
cache-control: no-cache

10:50:44.390 [AsyncHttpClient-1-8] DEBUG org.asynchttpclient.netty.channel.ChannelManager - Adding key: http://localhost:18432 for channel [id: 0xee5c3a95, L:/127.0.0.1:64195 - R:localhost/127.0.0.1:18432]
10:50:44.392 [Forwarding findChildElement on session df6a6576b4ee226eb544544e8f0bf034 to remote] DEBUG org.asynchttpclient.netty.request.NettyRequestSender - Using pooled Channel '[id: 0xee5c3a95, L:/127.0.0.1:64195 - R:localhost/127.0.0.1:18432]' for 'POST' to 'http://localhost:18432/session/df6a6576b4ee226eb544544e8f0bf034/element/11baeba9-bd48-4967-80ad-5afc33b3b46b/element'
10:50:44.392 [Forwarding findChildElement on session df6a6576b4ee226eb544544e8f0bf034 to remote] DEBUG org.asynchttpclient.netty.request.NettyRequestSender - Using open Channel [id: 0xee5c3a95, L:/127.0.0.1:64195 - R:localhost/127.0.0.1:18432] for POST '/session/df6a6576b4ee226eb544544e8f0bf034/element/11baeba9-bd48-4967-80ad-5afc33b3b46b/element'
10:50:45.164 [AsyncHttpClient-1-8] DEBUG org.asynchttpclient.netty.handler.HttpHandler - 

Request DefaultHttpRequest(decodeResult: success, version: HTTP/1.1)
POST /session/df6a6576b4ee226eb544544e8f0bf034/element/11baeba9-bd48-4967-80ad-5afc33b3b46b/element HTTP/1.1
User-Agent: selenium/4.5.3 (java mac)
Content-Length: 106
Content-Type: application/json; charset=utf-8
host: localhost:18432
accept: */*

Response DefaultHttpResponse(decodeResult: success, version: HTTP/1.1)
HTTP/1.1 200 OK
Content-Length: 88
Content-Type: application/json; charset=utf-8
cache-control: no-cache

10:50:45.164 [AsyncHttpClient-1-8] DEBUG org.asynchttpclient.netty.channel.ChannelManager - Adding key: http://localhost:18432 for channel [id: 0xee5c3a95, L:/127.0.0.1:64195 - R:localhost/127.0.0.1:18432]
10:50:45.166 [Forwarding getElementText on session df6a6576b4ee226eb544544e8f0bf034 to remote] DEBUG org.asynchttpclient.netty.request.NettyRequestSender - Using pooled Channel '[id: 0xee5c3a95, L:/127.0.0.1:64195 - R:localhost/127.0.0.1:18432]' for 'GET' to 'http://localhost:18432/session/df6a6576b4ee226eb544544e8f0bf034/element/4ed2590b-8e7b-4b51-9333-9a20c10d057a/text'
10:50:45.166 [Forwarding getElementText on session df6a6576b4ee226eb544544e8f0bf034 to remote] DEBUG org.asynchttpclient.netty.request.NettyRequestSender - Using open Channel [id: 0xee5c3a95, L:/127.0.0.1:64195 - R:localhost/127.0.0.1:18432] for GET '/session/df6a6576b4ee226eb544544e8f0bf034/element/4ed2590b-8e7b-4b51-9333-9a20c10d057a/text'
10:50:45.182 [AsyncHttpClient-1-8] DEBUG org.asynchttpclient.netty.handler.HttpHandler - 

Request DefaultFullHttpRequest(decodeResult: success, version: HTTP/1.1, content: EmptyByteBufBE)
GET /session/df6a6576b4ee226eb544544e8f0bf034/element/4ed2590b-8e7b-4b51-9333-9a20c10d057a/text HTTP/1.1
User-Agent: selenium/4.5.3 (java mac)
Cache-Control: no-cache
Content-Type: application/json; charset=utf-8
host: localhost:18432
accept: */*

Response DefaultHttpResponse(decodeResult: success, version: HTTP/1.1)
HTTP/1.1 200 OK
Content-Length: 92
Content-Type: application/json; charset=utf-8
cache-control: no-cache

10:50:45.182 [AsyncHttpClient-1-8] DEBUG org.asynchttpclient.netty.channel.ChannelManager - Adding key: http://localhost:18432 for channel [id: 0xee5c3a95, L:/127.0.0.1:64195 - R:localhost/127.0.0.1:18432]
10:50:45.183 [Forwarding findChildElement on session df6a6576b4ee226eb544544e8f0bf034 to remote] DEBUG org.asynchttpclient.netty.request.NettyRequestSender - Using pooled Channel '[id: 0xee5c3a95, L:/127.0.0.1:64195 - R:localhost/127.0.0.1:18432]' for 'POST' to 'http://localhost:18432/session/df6a6576b4ee226eb544544e8f0bf034/element/11baeba9-bd48-4967-80ad-5afc33b3b46b/element'
10:50:45.184 [Forwarding findChildElement on session df6a6576b4ee226eb544544e8f0bf034 to remote] DEBUG org.asynchttpclient.netty.request.NettyRequestSender - Using open Channel [id: 0xee5c3a95, L:/127.0.0.1:64195 - R:localhost/127.0.0.1:18432] for POST '/session/df6a6576b4ee226eb544544e8f0bf034/element/11baeba9-bd48-4967-80ad-5afc33b3b46b/element'
10:50:45.198 [AsyncHttpClient-1-8] DEBUG org.asynchttpclient.netty.handler.HttpHandler - 

Request DefaultHttpRequest(decodeResult: success, version: HTTP/1.1)
POST /session/df6a6576b4ee226eb544544e8f0bf034/element/11baeba9-bd48-4967-80ad-5afc33b3b46b/element HTTP/1.1
User-Agent: selenium/4.5.3 (java mac)
Content-Length: 106
Content-Type: application/json; charset=utf-8
host: localhost:18432
accept: */*

Response DefaultHttpResponse(decodeResult: success, version: HTTP/1.1)
HTTP/1.1 200 OK
Content-Length: 88
Content-Type: application/json; charset=utf-8
cache-control: no-cache

10:50:45.198 [AsyncHttpClient-1-8] DEBUG org.asynchttpclient.netty.channel.ChannelManager - Adding key: http://localhost:18432 for channel [id: 0xee5c3a95, L:/127.0.0.1:64195 - R:localhost/127.0.0.1:18432]
10:50:45.200 [Forwarding getElementText on session df6a6576b4ee226eb544544e8f0bf034 to remote] DEBUG org.asynchttpclient.netty.request.NettyRequestSender - Using pooled Channel '[id: 0xee5c3a95, L:/127.0.0.1:64195 - R:localhost/127.0.0.1:18432]' for 'GET' to 'http://localhost:18432/session/df6a6576b4ee226eb544544e8f0bf034/element/45cc9c02-bf58-445b-9e00-9343793e3427/text'
10:50:45.200 [Forwarding getElementText on session df6a6576b4ee226eb544544e8f0bf034 to remote] DEBUG org.asynchttpclient.netty.request.NettyRequestSender - Using open Channel [id: 0xee5c3a95, L:/127.0.0.1:64195 - R:localhost/127.0.0.1:18432] for GET '/session/df6a6576b4ee226eb544544e8f0bf034/element/45cc9c02-bf58-445b-9e00-9343793e3427/text'
10:50:45.217 [AsyncHttpClient-1-8] DEBUG org.asynchttpclient.netty.handler.HttpHandler - 

Request DefaultFullHttpRequest(decodeResult: success, version: HTTP/1.1, content: EmptyByteBufBE)
GET /session/df6a6576b4ee226eb544544e8f0bf034/element/45cc9c02-bf58-445b-9e00-9343793e3427/text HTTP/1.1
User-Agent: selenium/4.5.3 (java mac)
Cache-Control: no-cache
Content-Type: application/json; charset=utf-8
host: localhost:18432
accept: */*

Response DefaultHttpResponse(decodeResult: success, version: HTTP/1.1)
HTTP/1.1 200 OK
Content-Length: 30
Content-Type: application/json; charset=utf-8
cache-control: no-cache

10:50:45.217 [AsyncHttpClient-1-8] DEBUG org.asynchttpclient.netty.channel.ChannelManager - Adding key: http://localhost:18432 for channel [id: 0xee5c3a95, L:/127.0.0.1:64195 - R:localhost/127.0.0.1:18432]
10:50:45.218 [Forwarding findChildElement on session df6a6576b4ee226eb544544e8f0bf034 to remote] DEBUG org.asynchttpclient.netty.request.NettyRequestSender - Using pooled Channel '[id: 0xee5c3a95, L:/127.0.0.1:64195 - R:localhost/127.0.0.1:18432]' for 'POST' to 'http://localhost:18432/session/df6a6576b4ee226eb544544e8f0bf034/element/c6c4877b-addb-4801-b5ee-4420fce407ab/element'
10:50:45.218 [Forwarding findChildElement on session df6a6576b4ee226eb544544e8f0bf034 to remote] DEBUG org.asynchttpclient.netty.request.NettyRequestSender - Using open Channel [id: 0xee5c3a95, L:/127.0.0.1:64195 - R:localhost/127.0.0.1:18432] for POST '/session/df6a6576b4ee226eb544544e8f0bf034/element/c6c4877b-addb-4801-b5ee-4420fce407ab/element'
10:50:45.232 [AsyncHttpClient-1-8] DEBUG org.asynchttpclient.netty.handler.HttpHandler - 

Request DefaultHttpRequest(decodeResult: success, version: HTTP/1.1)
POST /session/df6a6576b4ee226eb544544e8f0bf034/element/c6c4877b-addb-4801-b5ee-4420fce407ab/element HTTP/1.1
User-Agent: selenium/4.5.3 (java mac)
Content-Length: 106
Content-Type: application/json; charset=utf-8
host: localhost:18432
accept: */*

Response DefaultHttpResponse(decodeResult: success, version: HTTP/1.1)
HTTP/1.1 200 OK
Content-Length: 88
Content-Type: application/json; charset=utf-8
cache-control: no-cache

10:50:45.233 [AsyncHttpClient-1-8] DEBUG org.asynchttpclient.netty.channel.ChannelManager - Adding key: http://localhost:18432 for channel [id: 0xee5c3a95, L:/127.0.0.1:64195 - R:localhost/127.0.0.1:18432]
10:50:45.234 [Forwarding getElementText on session df6a6576b4ee226eb544544e8f0bf034 to remote] DEBUG org.asynchttpclient.netty.request.NettyRequestSender - Using pooled Channel '[id: 0xee5c3a95, L:/127.0.0.1:64195 - R:localhost/127.0.0.1:18432]' for 'GET' to 'http://localhost:18432/session/df6a6576b4ee226eb544544e8f0bf034/element/7ab234c3-e81d-4344-8436-7a7816148367/text'
10:50:45.234 [Forwarding getElementText on session df6a6576b4ee226eb544544e8f0bf034 to remote] DEBUG org.asynchttpclient.netty.request.NettyRequestSender - Using open Channel [id: 0xee5c3a95, L:/127.0.0.1:64195 - R:localhost/127.0.0.1:18432] for GET '/session/df6a6576b4ee226eb544544e8f0bf034/element/7ab234c3-e81d-4344-8436-7a7816148367/text'
10:50:45.250 [AsyncHttpClient-1-8] DEBUG org.asynchttpclient.netty.handler.HttpHandler - 

Request DefaultFullHttpRequest(decodeResult: success, version: HTTP/1.1, content: EmptyByteBufBE)
GET /session/df6a6576b4ee226eb544544e8f0bf034/element/7ab234c3-e81d-4344-8436-7a7816148367/text HTTP/1.1
User-Agent: selenium/4.5.3 (java mac)
Cache-Control: no-cache
Content-Type: application/json; charset=utf-8
host: localhost:18432
accept: */*

Response DefaultHttpResponse(decodeResult: success, version: HTTP/1.1)
HTTP/1.1 200 OK
Content-Length: 92
Content-Type: application/json; charset=utf-8
cache-control: no-cache

10:50:45.250 [AsyncHttpClient-1-8] DEBUG org.asynchttpclient.netty.channel.ChannelManager - Adding key: http://localhost:18432 for channel [id: 0xee5c3a95, L:/127.0.0.1:64195 - R:localhost/127.0.0.1:18432]
10:50:45.253 [Forwarding findChildElement on session df6a6576b4ee226eb544544e8f0bf034 to remote] DEBUG org.asynchttpclient.netty.request.NettyRequestSender - Using pooled Channel '[id: 0xee5c3a95, L:/127.0.0.1:64195 - R:localhost/127.0.0.1:18432]' for 'POST' to 'http://localhost:18432/session/df6a6576b4ee226eb544544e8f0bf034/element/c6c4877b-addb-4801-b5ee-4420fce407ab/element'
10:50:45.253 [Forwarding findChildElement on session df6a6576b4ee226eb544544e8f0bf034 to remote] DEBUG org.asynchttpclient.netty.request.NettyRequestSender - Using open Channel [id: 0xee5c3a95, L:/127.0.0.1:64195 - R:localhost/127.0.0.1:18432] for POST '/session/df6a6576b4ee226eb544544e8f0bf034/element/c6c4877b-addb-4801-b5ee-4420fce407ab/element'
10:50:45.277 [AsyncHttpClient-1-8] DEBUG org.asynchttpclient.netty.handler.HttpHandler - 

Request DefaultHttpRequest(decodeResult: success, version: HTTP/1.1)
POST /session/df6a6576b4ee226eb544544e8f0bf034/element/c6c4877b-addb-4801-b5ee-4420fce407ab/element HTTP/1.1
User-Agent: selenium/4.5.3 (java mac)
Content-Length: 106
Content-Type: application/json; charset=utf-8
host: localhost:18432
accept: */*

Response DefaultHttpResponse(decodeResult: success, version: HTTP/1.1)
HTTP/1.1 200 OK
Content-Length: 88
Content-Type: application/json; charset=utf-8
cache-control: no-cache

10:50:45.277 [AsyncHttpClient-1-8] DEBUG org.asynchttpclient.netty.channel.ChannelManager - Adding key: http://localhost:18432 for channel [id: 0xee5c3a95, L:/127.0.0.1:64195 - R:localhost/127.0.0.1:18432]
10:50:45.437 [Forwarding getElementText on session df6a6576b4ee226eb544544e8f0bf034 to remote] DEBUG org.asynchttpclient.netty.request.NettyRequestSender - Using pooled Channel '[id: 0xee5c3a95, L:/127.0.0.1:64195 - R:localhost/127.0.0.1:18432]' for 'GET' to 'http://localhost:18432/session/df6a6576b4ee226eb544544e8f0bf034/element/4de63c18-9caf-4a29-897b-745856984596/text'
10:50:45.437 [Forwarding getElementText on session df6a6576b4ee226eb544544e8f0bf034 to remote] DEBUG org.asynchttpclient.netty.request.NettyRequestSender - Using open Channel [id: 0xee5c3a95, L:/127.0.0.1:64195 - R:localhost/127.0.0.1:18432] for GET '/session/df6a6576b4ee226eb544544e8f0bf034/element/4de63c18-9caf-4a29-897b-745856984596/text'
10:50:46.041 [AsyncHttpClient-1-8] DEBUG org.asynchttpclient.netty.handler.HttpHandler - 

Request DefaultFullHttpRequest(decodeResult: success, version: HTTP/1.1, content: EmptyByteBufBE)
GET /session/df6a6576b4ee226eb544544e8f0bf034/element/4de63c18-9caf-4a29-897b-745856984596/text HTTP/1.1
User-Agent: selenium/4.5.3 (java mac)
Cache-Control: no-cache
Content-Type: application/json; charset=utf-8
host: localhost:18432
accept: */*

Response DefaultHttpResponse(decodeResult: success, version: HTTP/1.1)
HTTP/1.1 200 OK
Content-Length: 30
Content-Type: application/json; charset=utf-8
cache-control: no-cache

10:50:46.041 [AsyncHttpClient-1-8] DEBUG org.asynchttpclient.netty.channel.ChannelManager - Adding key: http://localhost:18432 for channel [id: 0xee5c3a95, L:/127.0.0.1:64195 - R:localhost/127.0.0.1:18432]
10:50:46.042 [Forwarding findChildElement on session df6a6576b4ee226eb544544e8f0bf034 to remote] DEBUG org.asynchttpclient.netty.request.NettyRequestSender - Using pooled Channel '[id: 0xee5c3a95, L:/127.0.0.1:64195 - R:localhost/127.0.0.1:18432]' for 'POST' to 'http://localhost:18432/session/df6a6576b4ee226eb544544e8f0bf034/element/d39c46aa-113c-4812-8e6c-c3541a244a40/element'
10:50:46.043 [Forwarding findChildElement on session df6a6576b4ee226eb544544e8f0bf034 to remote] DEBUG org.asynchttpclient.netty.request.NettyRequestSender - Using open Channel [id: 0xee5c3a95, L:/127.0.0.1:64195 - R:localhost/127.0.0.1:18432] for POST '/session/df6a6576b4ee226eb544544e8f0bf034/element/d39c46aa-113c-4812-8e6c-c3541a244a40/element'
10:50:46.064 [AsyncHttpClient-1-8] DEBUG org.asynchttpclient.netty.handler.HttpHandler - 

Request DefaultHttpRequest(decodeResult: success, version: HTTP/1.1)
POST /session/df6a6576b4ee226eb544544e8f0bf034/element/d39c46aa-113c-4812-8e6c-c3541a244a40/element HTTP/1.1
User-Agent: selenium/4.5.3 (java mac)
Content-Length: 106
Content-Type: application/json; charset=utf-8
host: localhost:18432
accept: */*

Response DefaultHttpResponse(decodeResult: success, version: HTTP/1.1)
HTTP/1.1 200 OK
Content-Length: 88
Content-Type: application/json; charset=utf-8
cache-control: no-cache

10:50:46.065 [AsyncHttpClient-1-8] DEBUG org.asynchttpclient.netty.channel.ChannelManager - Adding key: http://localhost:18432 for channel [id: 0xee5c3a95, L:/127.0.0.1:64195 - R:localhost/127.0.0.1:18432]
10:50:46.065 [Forwarding getElementText on session df6a6576b4ee226eb544544e8f0bf034 to remote] DEBUG org.asynchttpclient.netty.request.NettyRequestSender - Using pooled Channel '[id: 0xee5c3a95, L:/127.0.0.1:64195 - R:localhost/127.0.0.1:18432]' for 'GET' to 'http://localhost:18432/session/df6a6576b4ee226eb544544e8f0bf034/element/29781f3f-6954-4180-af5a-910b1ad7ff4f/text'
10:50:46.066 [Forwarding getElementText on session df6a6576b4ee226eb544544e8f0bf034 to remote] DEBUG org.asynchttpclient.netty.request.NettyRequestSender - Using open Channel [id: 0xee5c3a95, L:/127.0.0.1:64195 - R:localhost/127.0.0.1:18432] for GET '/session/df6a6576b4ee226eb544544e8f0bf034/element/29781f3f-6954-4180-af5a-910b1ad7ff4f/text'
10:50:46.120 [AsyncHttpClient-1-8] DEBUG org.asynchttpclient.netty.handler.HttpHandler - 

Request DefaultFullHttpRequest(decodeResult: success, version: HTTP/1.1, content: EmptyByteBufBE)
GET /session/df6a6576b4ee226eb544544e8f0bf034/element/29781f3f-6954-4180-af5a-910b1ad7ff4f/text HTTP/1.1
User-Agent: selenium/4.5.3 (java mac)
Cache-Control: no-cache
Content-Type: application/json; charset=utf-8
host: localhost:18432
accept: */*

Response DefaultHttpResponse(decodeResult: success, version: HTTP/1.1)
HTTP/1.1 200 OK
Content-Length: 66
Content-Type: application/json; charset=utf-8
cache-control: no-cache

10:50:46.120 [AsyncHttpClient-1-8] DEBUG org.asynchttpclient.netty.channel.ChannelManager - Adding key: http://localhost:18432 for channel [id: 0xee5c3a95, L:/127.0.0.1:64195 - R:localhost/127.0.0.1:18432]
10:50:46.122 [Forwarding findChildElement on session df6a6576b4ee226eb544544e8f0bf034 to remote] DEBUG org.asynchttpclient.netty.request.NettyRequestSender - Using pooled Channel '[id: 0xee5c3a95, L:/127.0.0.1:64195 - R:localhost/127.0.0.1:18432]' for 'POST' to 'http://localhost:18432/session/df6a6576b4ee226eb544544e8f0bf034/element/d39c46aa-113c-4812-8e6c-c3541a244a40/element'
10:50:46.122 [Forwarding findChildElement on session df6a6576b4ee226eb544544e8f0bf034 to remote] DEBUG org.asynchttpclient.netty.request.NettyRequestSender - Using open Channel [id: 0xee5c3a95, L:/127.0.0.1:64195 - R:localhost/127.0.0.1:18432] for POST '/session/df6a6576b4ee226eb544544e8f0bf034/element/d39c46aa-113c-4812-8e6c-c3541a244a40/element'
10:50:46.147 [AsyncHttpClient-1-8] DEBUG org.asynchttpclient.netty.handler.HttpHandler - 

Request DefaultHttpRequest(decodeResult: success, version: HTTP/1.1)
POST /session/df6a6576b4ee226eb544544e8f0bf034/element/d39c46aa-113c-4812-8e6c-c3541a244a40/element HTTP/1.1
User-Agent: selenium/4.5.3 (java mac)
Content-Length: 106
Content-Type: application/json; charset=utf-8
host: localhost:18432
accept: */*

Response DefaultHttpResponse(decodeResult: success, version: HTTP/1.1)
HTTP/1.1 200 OK
Content-Length: 88
Content-Type: application/json; charset=utf-8
cache-control: no-cache

10:50:46.147 [AsyncHttpClient-1-8] DEBUG org.asynchttpclient.netty.channel.ChannelManager - Adding key: http://localhost:18432 for channel [id: 0xee5c3a95, L:/127.0.0.1:64195 - R:localhost/127.0.0.1:18432]
10:50:46.148 [Forwarding getElementText on session df6a6576b4ee226eb544544e8f0bf034 to remote] DEBUG org.asynchttpclient.netty.request.NettyRequestSender - Using pooled Channel '[id: 0xee5c3a95, L:/127.0.0.1:64195 - R:localhost/127.0.0.1:18432]' for 'GET' to 'http://localhost:18432/session/df6a6576b4ee226eb544544e8f0bf034/element/9454434f-d566-470d-ae57-0a2042a4b7c4/text'
10:50:46.148 [Forwarding getElementText on session df6a6576b4ee226eb544544e8f0bf034 to remote] DEBUG org.asynchttpclient.netty.request.NettyRequestSender - Using open Channel [id: 0xee5c3a95, L:/127.0.0.1:64195 - R:localhost/127.0.0.1:18432] for GET '/session/df6a6576b4ee226eb544544e8f0bf034/element/9454434f-d566-470d-ae57-0a2042a4b7c4/text'
10:50:46.400 [AsyncHttpClient-1-8] DEBUG org.asynchttpclient.netty.handler.HttpHandler - 

Request DefaultFullHttpRequest(decodeResult: success, version: HTTP/1.1, content: EmptyByteBufBE)
GET /session/df6a6576b4ee226eb544544e8f0bf034/element/9454434f-d566-470d-ae57-0a2042a4b7c4/text HTTP/1.1
User-Agent: selenium/4.5.3 (java mac)
Cache-Control: no-cache
Content-Type: application/json; charset=utf-8
host: localhost:18432
accept: */*

Response DefaultHttpResponse(decodeResult: success, version: HTTP/1.1)
HTTP/1.1 200 OK
Content-Length: 19
Content-Type: application/json; charset=utf-8
cache-control: no-cache

10:50:46.400 [AsyncHttpClient-1-8] DEBUG org.asynchttpclient.netty.channel.ChannelManager - Adding key: http://localhost:18432 for channel [id: 0xee5c3a95, L:/127.0.0.1:64195 - R:localhost/127.0.0.1:18432]
10:50:46.402 [Forwarding findChildElement on session df6a6576b4ee226eb544544e8f0bf034 to remote] DEBUG org.asynchttpclient.netty.request.NettyRequestSender - Using pooled Channel '[id: 0xee5c3a95, L:/127.0.0.1:64195 - R:localhost/127.0.0.1:18432]' for 'POST' to 'http://localhost:18432/session/df6a6576b4ee226eb544544e8f0bf034/element/88432154-e43f-4676-9e32-2cb21f598774/element'
10:50:46.402 [Forwarding findChildElement on session df6a6576b4ee226eb544544e8f0bf034 to remote] DEBUG org.asynchttpclient.netty.request.NettyRequestSender - Using open Channel [id: 0xee5c3a95, L:/127.0.0.1:64195 - R:localhost/127.0.0.1:18432] for POST '/session/df6a6576b4ee226eb544544e8f0bf034/element/88432154-e43f-4676-9e32-2cb21f598774/element'
10:50:46.424 [AsyncHttpClient-1-8] DEBUG org.asynchttpclient.netty.handler.HttpHandler - 

Request DefaultHttpRequest(decodeResult: success, version: HTTP/1.1)
POST /session/df6a6576b4ee226eb544544e8f0bf034/element/88432154-e43f-4676-9e32-2cb21f598774/element HTTP/1.1
User-Agent: selenium/4.5.3 (java mac)
Content-Length: 106
Content-Type: application/json; charset=utf-8
host: localhost:18432
accept: */*

Response DefaultHttpResponse(decodeResult: success, version: HTTP/1.1)
HTTP/1.1 200 OK
Content-Length: 88
Content-Type: application/json; charset=utf-8
cache-control: no-cache

10:50:46.424 [AsyncHttpClient-1-8] DEBUG org.asynchttpclient.netty.channel.ChannelManager - Adding key: http://localhost:18432 for channel [id: 0xee5c3a95, L:/127.0.0.1:64195 - R:localhost/127.0.0.1:18432]
10:50:46.430 [Forwarding getElementText on session df6a6576b4ee226eb544544e8f0bf034 to remote] DEBUG org.asynchttpclient.netty.request.NettyRequestSender - Using pooled Channel '[id: 0xee5c3a95, L:/127.0.0.1:64195 - R:localhost/127.0.0.1:18432]' for 'GET' to 'http://localhost:18432/session/df6a6576b4ee226eb544544e8f0bf034/element/05d14bf6-6c88-4987-848f-139c9a168688/text'
10:50:46.430 [Forwarding getElementText on session df6a6576b4ee226eb544544e8f0bf034 to remote] DEBUG org.asynchttpclient.netty.request.NettyRequestSender - Using open Channel [id: 0xee5c3a95, L:/127.0.0.1:64195 - R:localhost/127.0.0.1:18432] for GET '/session/df6a6576b4ee226eb544544e8f0bf034/element/05d14bf6-6c88-4987-848f-139c9a168688/text'
10:50:46.506 [AsyncHttpClient-1-8] DEBUG org.asynchttpclient.netty.handler.HttpHandler - 

Request DefaultFullHttpRequest(decodeResult: success, version: HTTP/1.1, content: EmptyByteBufBE)
GET /session/df6a6576b4ee226eb544544e8f0bf034/element/05d14bf6-6c88-4987-848f-139c9a168688/text HTTP/1.1
User-Agent: selenium/4.5.3 (java mac)
Cache-Control: no-cache
Content-Type: application/json; charset=utf-8
host: localhost:18432
accept: */*

Response DefaultHttpResponse(decodeResult: success, version: HTTP/1.1)
HTTP/1.1 200 OK
Content-Length: 93
Content-Type: application/json; charset=utf-8
cache-control: no-cache

10:50:46.506 [AsyncHttpClient-1-8] DEBUG org.asynchttpclient.netty.channel.ChannelManager - Adding key: http://localhost:18432 for channel [id: 0xee5c3a95, L:/127.0.0.1:64195 - R:localhost/127.0.0.1:18432]
10:50:46.508 [Forwarding findChildElement on session df6a6576b4ee226eb544544e8f0bf034 to remote] DEBUG org.asynchttpclient.netty.request.NettyRequestSender - Using pooled Channel '[id: 0xee5c3a95, L:/127.0.0.1:64195 - R:localhost/127.0.0.1:18432]' for 'POST' to 'http://localhost:18432/session/df6a6576b4ee226eb544544e8f0bf034/element/88432154-e43f-4676-9e32-2cb21f598774/element'
10:50:46.508 [Forwarding findChildElement on session df6a6576b4ee226eb544544e8f0bf034 to remote] DEBUG org.asynchttpclient.netty.request.NettyRequestSender - Using open Channel [id: 0xee5c3a95, L:/127.0.0.1:64195 - R:localhost/127.0.0.1:18432] for POST '/session/df6a6576b4ee226eb544544e8f0bf034/element/88432154-e43f-4676-9e32-2cb21f598774/element'
10:50:46.523 [AsyncHttpClient-1-8] DEBUG org.asynchttpclient.netty.handler.HttpHandler - 

Request DefaultHttpRequest(decodeResult: success, version: HTTP/1.1)
POST /session/df6a6576b4ee226eb544544e8f0bf034/element/88432154-e43f-4676-9e32-2cb21f598774/element HTTP/1.1
User-Agent: selenium/4.5.3 (java mac)
Content-Length: 106
Content-Type: application/json; charset=utf-8
host: localhost:18432
accept: */*

Response DefaultHttpResponse(decodeResult: success, version: HTTP/1.1)
HTTP/1.1 200 OK
Content-Length: 88
Content-Type: application/json; charset=utf-8
cache-control: no-cache

10:50:46.523 [AsyncHttpClient-1-8] DEBUG org.asynchttpclient.netty.channel.ChannelManager - Adding key: http://localhost:18432 for channel [id: 0xee5c3a95, L:/127.0.0.1:64195 - R:localhost/127.0.0.1:18432]
10:50:46.524 [Forwarding getElementText on session df6a6576b4ee226eb544544e8f0bf034 to remote] DEBUG org.asynchttpclient.netty.request.NettyRequestSender - Using pooled Channel '[id: 0xee5c3a95, L:/127.0.0.1:64195 - R:localhost/127.0.0.1:18432]' for 'GET' to 'http://localhost:18432/session/df6a6576b4ee226eb544544e8f0bf034/element/4d6a7d11-210e-44d1-bec2-3874bdf2d8b3/text'
10:50:46.524 [Forwarding getElementText on session df6a6576b4ee226eb544544e8f0bf034 to remote] DEBUG org.asynchttpclient.netty.request.NettyRequestSender - Using open Channel [id: 0xee5c3a95, L:/127.0.0.1:64195 - R:localhost/127.0.0.1:18432] for GET '/session/df6a6576b4ee226eb544544e8f0bf034/element/4d6a7d11-210e-44d1-bec2-3874bdf2d8b3/text'
10:50:46.826 [AsyncHttpClient-1-8] DEBUG org.asynchttpclient.netty.handler.HttpHandler - 

Request DefaultFullHttpRequest(decodeResult: success, version: HTTP/1.1, content: EmptyByteBufBE)
GET /session/df6a6576b4ee226eb544544e8f0bf034/element/4d6a7d11-210e-44d1-bec2-3874bdf2d8b3/text HTTP/1.1
User-Agent: selenium/4.5.3 (java mac)
Cache-Control: no-cache
Content-Type: application/json; charset=utf-8
host: localhost:18432
accept: */*

Response DefaultHttpResponse(decodeResult: success, version: HTTP/1.1)
HTTP/1.1 200 OK
Content-Length: 19
Content-Type: application/json; charset=utf-8
cache-control: no-cache

10:50:46.826 [AsyncHttpClient-1-8] DEBUG org.asynchttpclient.netty.channel.ChannelManager - Adding key: http://localhost:18432 for channel [id: 0xee5c3a95, L:/127.0.0.1:64195 - R:localhost/127.0.0.1:18432]
10:50:46.829 [Forwarding findChildElement on session df6a6576b4ee226eb544544e8f0bf034 to remote] DEBUG org.asynchttpclient.netty.request.NettyRequestSender - Using pooled Channel '[id: 0xee5c3a95, L:/127.0.0.1:64195 - R:localhost/127.0.0.1:18432]' for 'POST' to 'http://localhost:18432/session/df6a6576b4ee226eb544544e8f0bf034/element/8d5b6632-5b57-4fbe-a287-2afc0cd01eff/element'
10:50:46.829 [Forwarding findChildElement on session df6a6576b4ee226eb544544e8f0bf034 to remote] DEBUG org.asynchttpclient.netty.request.NettyRequestSender - Using open Channel [id: 0xee5c3a95, L:/127.0.0.1:64195 - R:localhost/127.0.0.1:18432] for POST '/session/df6a6576b4ee226eb544544e8f0bf034/element/8d5b6632-5b57-4fbe-a287-2afc0cd01eff/element'
10:50:46.874 [AsyncHttpClient-1-8] DEBUG org.asynchttpclient.netty.handler.HttpHandler - 

Request DefaultHttpRequest(decodeResult: success, version: HTTP/1.1)
POST /session/df6a6576b4ee226eb544544e8f0bf034/element/8d5b6632-5b57-4fbe-a287-2afc0cd01eff/element HTTP/1.1
User-Agent: selenium/4.5.3 (java mac)
Content-Length: 106
Content-Type: application/json; charset=utf-8
host: localhost:18432
accept: */*

Response DefaultHttpResponse(decodeResult: success, version: HTTP/1.1)
HTTP/1.1 200 OK
Content-Length: 88
Content-Type: application/json; charset=utf-8
cache-control: no-cache

10:50:46.875 [AsyncHttpClient-1-8] DEBUG org.asynchttpclient.netty.channel.ChannelManager - Adding key: http://localhost:18432 for channel [id: 0xee5c3a95, L:/127.0.0.1:64195 - R:localhost/127.0.0.1:18432]
10:50:46.877 [Forwarding getElementText on session df6a6576b4ee226eb544544e8f0bf034 to remote] DEBUG org.asynchttpclient.netty.request.NettyRequestSender - Using pooled Channel '[id: 0xee5c3a95, L:/127.0.0.1:64195 - R:localhost/127.0.0.1:18432]' for 'GET' to 'http://localhost:18432/session/df6a6576b4ee226eb544544e8f0bf034/element/a5e931a6-abdc-40fd-8cca-505f5ed315fa/text'
10:50:46.878 [Forwarding getElementText on session df6a6576b4ee226eb544544e8f0bf034 to remote] DEBUG org.asynchttpclient.netty.request.NettyRequestSender - Using open Channel [id: 0xee5c3a95, L:/127.0.0.1:64195 - R:localhost/127.0.0.1:18432] for GET '/session/df6a6576b4ee226eb544544e8f0bf034/element/a5e931a6-abdc-40fd-8cca-505f5ed315fa/text'
10:50:47.139 [AsyncHttpClient-1-8] DEBUG org.asynchttpclient.netty.handler.HttpHandler - 

Request DefaultFullHttpRequest(decodeResult: success, version: HTTP/1.1, content: EmptyByteBufBE)
GET /session/df6a6576b4ee226eb544544e8f0bf034/element/a5e931a6-abdc-40fd-8cca-505f5ed315fa/text HTTP/1.1
User-Agent: selenium/4.5.3 (java mac)
Cache-Control: no-cache
Content-Type: application/json; charset=utf-8
host: localhost:18432
accept: */*

Response DefaultHttpResponse(decodeResult: success, version: HTTP/1.1)
HTTP/1.1 200 OK
Content-Length: 91
Content-Type: application/json; charset=utf-8
cache-control: no-cache

10:50:47.140 [AsyncHttpClient-1-8] DEBUG org.asynchttpclient.netty.channel.ChannelManager - Adding key: http://localhost:18432 for channel [id: 0xee5c3a95, L:/127.0.0.1:64195 - R:localhost/127.0.0.1:18432]
10:50:47.142 [Forwarding findChildElement on session df6a6576b4ee226eb544544e8f0bf034 to remote] DEBUG org.asynchttpclient.netty.request.NettyRequestSender - Using pooled Channel '[id: 0xee5c3a95, L:/127.0.0.1:64195 - R:localhost/127.0.0.1:18432]' for 'POST' to 'http://localhost:18432/session/df6a6576b4ee226eb544544e8f0bf034/element/8d5b6632-5b57-4fbe-a287-2afc0cd01eff/element'
10:50:47.142 [Forwarding findChildElement on session df6a6576b4ee226eb544544e8f0bf034 to remote] DEBUG org.asynchttpclient.netty.request.NettyRequestSender - Using open Channel [id: 0xee5c3a95, L:/127.0.0.1:64195 - R:localhost/127.0.0.1:18432] for POST '/session/df6a6576b4ee226eb544544e8f0bf034/element/8d5b6632-5b57-4fbe-a287-2afc0cd01eff/element'
10:50:47.309 [AsyncHttpClient-1-8] DEBUG org.asynchttpclient.netty.handler.HttpHandler - 

Request DefaultHttpRequest(decodeResult: success, version: HTTP/1.1)
POST /session/df6a6576b4ee226eb544544e8f0bf034/element/8d5b6632-5b57-4fbe-a287-2afc0cd01eff/element HTTP/1.1
User-Agent: selenium/4.5.3 (java mac)
Content-Length: 106
Content-Type: application/json; charset=utf-8
host: localhost:18432
accept: */*

Response DefaultHttpResponse(decodeResult: success, version: HTTP/1.1)
HTTP/1.1 200 OK
Content-Length: 88
Content-Type: application/json; charset=utf-8
cache-control: no-cache

10:50:47.309 [AsyncHttpClient-1-8] DEBUG org.asynchttpclient.netty.channel.ChannelManager - Adding key: http://localhost:18432 for channel [id: 0xee5c3a95, L:/127.0.0.1:64195 - R:localhost/127.0.0.1:18432]
10:50:47.310 [Forwarding getElementText on session df6a6576b4ee226eb544544e8f0bf034 to remote] DEBUG org.asynchttpclient.netty.request.NettyRequestSender - Using pooled Channel '[id: 0xee5c3a95, L:/127.0.0.1:64195 - R:localhost/127.0.0.1:18432]' for 'GET' to 'http://localhost:18432/session/df6a6576b4ee226eb544544e8f0bf034/element/0419349b-0ba0-455f-ad03-b54c2535d647/text'
10:50:47.311 [Forwarding getElementText on session df6a6576b4ee226eb544544e8f0bf034 to remote] DEBUG org.asynchttpclient.netty.request.NettyRequestSender - Using open Channel [id: 0xee5c3a95, L:/127.0.0.1:64195 - R:localhost/127.0.0.1:18432] for GET '/session/df6a6576b4ee226eb544544e8f0bf034/element/0419349b-0ba0-455f-ad03-b54c2535d647/text'
10:50:47.352 [AsyncHttpClient-1-8] DEBUG org.asynchttpclient.netty.handler.HttpHandler - 

Request DefaultFullHttpRequest(decodeResult: success, version: HTTP/1.1, content: EmptyByteBufBE)
GET /session/df6a6576b4ee226eb544544e8f0bf034/element/0419349b-0ba0-455f-ad03-b54c2535d647/text HTTP/1.1
User-Agent: selenium/4.5.3 (java mac)
Cache-Control: no-cache
Content-Type: application/json; charset=utf-8
host: localhost:18432
accept: */*

Response DefaultHttpResponse(decodeResult: success, version: HTTP/1.1)
HTTP/1.1 200 OK
Content-Length: 19
Content-Type: application/json; charset=utf-8
cache-control: no-cache

10:50:47.353 [AsyncHttpClient-1-8] DEBUG org.asynchttpclient.netty.channel.ChannelManager - Adding key: http://localhost:18432 for channel [id: 0xee5c3a95, L:/127.0.0.1:64195 - R:localhost/127.0.0.1:18432]
10:50:47.355 [Forwarding findChildElement on session df6a6576b4ee226eb544544e8f0bf034 to remote] DEBUG org.asynchttpclient.netty.request.NettyRequestSender - Using pooled Channel '[id: 0xee5c3a95, L:/127.0.0.1:64195 - R:localhost/127.0.0.1:18432]' for 'POST' to 'http://localhost:18432/session/df6a6576b4ee226eb544544e8f0bf034/element/fdcdb656-1582-4d70-ae05-43f1c6ba74a4/element'
10:50:47.355 [Forwarding findChildElement on session df6a6576b4ee226eb544544e8f0bf034 to remote] DEBUG org.asynchttpclient.netty.request.NettyRequestSender - Using open Channel [id: 0xee5c3a95, L:/127.0.0.1:64195 - R:localhost/127.0.0.1:18432] for POST '/session/df6a6576b4ee226eb544544e8f0bf034/element/fdcdb656-1582-4d70-ae05-43f1c6ba74a4/element'
10:50:47.371 [AsyncHttpClient-1-8] DEBUG org.asynchttpclient.netty.handler.HttpHandler - 

Request DefaultHttpRequest(decodeResult: success, version: HTTP/1.1)
POST /session/df6a6576b4ee226eb544544e8f0bf034/element/fdcdb656-1582-4d70-ae05-43f1c6ba74a4/element HTTP/1.1
User-Agent: selenium/4.5.3 (java mac)
Content-Length: 106
Content-Type: application/json; charset=utf-8
host: localhost:18432
accept: */*

Response DefaultHttpResponse(decodeResult: success, version: HTTP/1.1)
HTTP/1.1 200 OK
Content-Length: 88
Content-Type: application/json; charset=utf-8
cache-control: no-cache

10:50:47.373 [AsyncHttpClient-1-8] DEBUG org.asynchttpclient.netty.channel.ChannelManager - Adding key: http://localhost:18432 for channel [id: 0xee5c3a95, L:/127.0.0.1:64195 - R:localhost/127.0.0.1:18432]
10:50:47.376 [Forwarding getElementText on session df6a6576b4ee226eb544544e8f0bf034 to remote] DEBUG org.asynchttpclient.netty.request.NettyRequestSender - Using pooled Channel '[id: 0xee5c3a95, L:/127.0.0.1:64195 - R:localhost/127.0.0.1:18432]' for 'GET' to 'http://localhost:18432/session/df6a6576b4ee226eb544544e8f0bf034/element/2ef7f460-3765-4836-8902-13b0f3e744c9/text'
10:50:47.376 [Forwarding getElementText on session df6a6576b4ee226eb544544e8f0bf034 to remote] DEBUG org.asynchttpclient.netty.request.NettyRequestSender - Using open Channel [id: 0xee5c3a95, L:/127.0.0.1:64195 - R:localhost/127.0.0.1:18432] for GET '/session/df6a6576b4ee226eb544544e8f0bf034/element/2ef7f460-3765-4836-8902-13b0f3e744c9/text'
10:50:47.667 [AsyncHttpClient-1-8] DEBUG org.asynchttpclient.netty.handler.HttpHandler - 

Request DefaultFullHttpRequest(decodeResult: success, version: HTTP/1.1, content: EmptyByteBufBE)
GET /session/df6a6576b4ee226eb544544e8f0bf034/element/2ef7f460-3765-4836-8902-13b0f3e744c9/text HTTP/1.1
User-Agent: selenium/4.5.3 (java mac)
Cache-Control: no-cache
Content-Type: application/json; charset=utf-8
host: localhost:18432
accept: */*

Response DefaultHttpResponse(decodeResult: success, version: HTTP/1.1)
HTTP/1.1 200 OK
Content-Length: 90
Content-Type: application/json; charset=utf-8
cache-control: no-cache

10:50:47.668 [AsyncHttpClient-1-8] DEBUG org.asynchttpclient.netty.channel.ChannelManager - Adding key: http://localhost:18432 for channel [id: 0xee5c3a95, L:/127.0.0.1:64195 - R:localhost/127.0.0.1:18432]
10:50:47.669 [Forwarding findChildElement on session df6a6576b4ee226eb544544e8f0bf034 to remote] DEBUG org.asynchttpclient.netty.request.NettyRequestSender - Using pooled Channel '[id: 0xee5c3a95, L:/127.0.0.1:64195 - R:localhost/127.0.0.1:18432]' for 'POST' to 'http://localhost:18432/session/df6a6576b4ee226eb544544e8f0bf034/element/fdcdb656-1582-4d70-ae05-43f1c6ba74a4/element'
10:50:47.670 [Forwarding findChildElement on session df6a6576b4ee226eb544544e8f0bf034 to remote] DEBUG org.asynchttpclient.netty.request.NettyRequestSender - Using open Channel [id: 0xee5c3a95, L:/127.0.0.1:64195 - R:localhost/127.0.0.1:18432] for POST '/session/df6a6576b4ee226eb544544e8f0bf034/element/fdcdb656-1582-4d70-ae05-43f1c6ba74a4/element'
10:50:47.709 [AsyncHttpClient-1-8] DEBUG org.asynchttpclient.netty.handler.HttpHandler - 

Request DefaultHttpRequest(decodeResult: success, version: HTTP/1.1)
POST /session/df6a6576b4ee226eb544544e8f0bf034/element/fdcdb656-1582-4d70-ae05-43f1c6ba74a4/element HTTP/1.1
User-Agent: selenium/4.5.3 (java mac)
Content-Length: 106
Content-Type: application/json; charset=utf-8
host: localhost:18432
accept: */*

Response DefaultHttpResponse(decodeResult: success, version: HTTP/1.1)
HTTP/1.1 200 OK
Content-Length: 88
Content-Type: application/json; charset=utf-8
cache-control: no-cache

10:50:47.709 [AsyncHttpClient-1-8] DEBUG org.asynchttpclient.netty.channel.ChannelManager - Adding key: http://localhost:18432 for channel [id: 0xee5c3a95, L:/127.0.0.1:64195 - R:localhost/127.0.0.1:18432]
10:50:47.713 [Forwarding getElementText on session df6a6576b4ee226eb544544e8f0bf034 to remote] DEBUG org.asynchttpclient.netty.request.NettyRequestSender - Using pooled Channel '[id: 0xee5c3a95, L:/127.0.0.1:64195 - R:localhost/127.0.0.1:18432]' for 'GET' to 'http://localhost:18432/session/df6a6576b4ee226eb544544e8f0bf034/element/89ae016b-1070-46f3-a5e2-207ce2cc4c02/text'
10:50:47.713 [Forwarding getElementText on session df6a6576b4ee226eb544544e8f0bf034 to remote] DEBUG org.asynchttpclient.netty.request.NettyRequestSender - Using open Channel [id: 0xee5c3a95, L:/127.0.0.1:64195 - R:localhost/127.0.0.1:18432] for GET '/session/df6a6576b4ee226eb544544e8f0bf034/element/89ae016b-1070-46f3-a5e2-207ce2cc4c02/text'
10:50:47.922 [AsyncHttpClient-1-8] DEBUG org.asynchttpclient.netty.handler.HttpHandler - 

Request DefaultFullHttpRequest(decodeResult: success, version: HTTP/1.1, content: EmptyByteBufBE)
GET /session/df6a6576b4ee226eb544544e8f0bf034/element/89ae016b-1070-46f3-a5e2-207ce2cc4c02/text HTTP/1.1
User-Agent: selenium/4.5.3 (java mac)
Cache-Control: no-cache
Content-Type: application/json; charset=utf-8
host: localhost:18432
accept: */*

Response DefaultHttpResponse(decodeResult: success, version: HTTP/1.1)
HTTP/1.1 200 OK
Content-Length: 30
Content-Type: application/json; charset=utf-8
cache-control: no-cache

10:50:47.923 [AsyncHttpClient-1-8] DEBUG org.asynchttpclient.netty.channel.ChannelManager - Adding key: http://localhost:18432 for channel [id: 0xee5c3a95, L:/127.0.0.1:64195 - R:localhost/127.0.0.1:18432]
10:50:47.925 [Forwarding findChildElement on session df6a6576b4ee226eb544544e8f0bf034 to remote] DEBUG org.asynchttpclient.netty.request.NettyRequestSender - Using pooled Channel '[id: 0xee5c3a95, L:/127.0.0.1:64195 - R:localhost/127.0.0.1:18432]' for 'POST' to 'http://localhost:18432/session/df6a6576b4ee226eb544544e8f0bf034/element/ac68ce5e-83ec-4dcc-a59f-82924b2c9877/element'
10:50:47.925 [Forwarding findChildElement on session df6a6576b4ee226eb544544e8f0bf034 to remote] DEBUG org.asynchttpclient.netty.request.NettyRequestSender - Using open Channel [id: 0xee5c3a95, L:/127.0.0.1:64195 - R:localhost/127.0.0.1:18432] for POST '/session/df6a6576b4ee226eb544544e8f0bf034/element/ac68ce5e-83ec-4dcc-a59f-82924b2c9877/element'
10:50:47.956 [AsyncHttpClient-1-8] DEBUG org.asynchttpclient.netty.handler.HttpHandler - 

Request DefaultHttpRequest(decodeResult: success, version: HTTP/1.1)
POST /session/df6a6576b4ee226eb544544e8f0bf034/element/ac68ce5e-83ec-4dcc-a59f-82924b2c9877/element HTTP/1.1
User-Agent: selenium/4.5.3 (java mac)
Content-Length: 106
Content-Type: application/json; charset=utf-8
host: localhost:18432
accept: */*

Response DefaultHttpResponse(decodeResult: success, version: HTTP/1.1)
HTTP/1.1 200 OK
Content-Length: 88
Content-Type: application/json; charset=utf-8
cache-control: no-cache

10:50:47.957 [AsyncHttpClient-1-8] DEBUG org.asynchttpclient.netty.channel.ChannelManager - Adding key: http://localhost:18432 for channel [id: 0xee5c3a95, L:/127.0.0.1:64195 - R:localhost/127.0.0.1:18432]
10:50:47.958 [Forwarding getElementText on session df6a6576b4ee226eb544544e8f0bf034 to remote] DEBUG org.asynchttpclient.netty.request.NettyRequestSender - Using pooled Channel '[id: 0xee5c3a95, L:/127.0.0.1:64195 - R:localhost/127.0.0.1:18432]' for 'GET' to 'http://localhost:18432/session/df6a6576b4ee226eb544544e8f0bf034/element/891a0b55-9c14-4ed0-b3e9-571b1f338a91/text'
10:50:47.959 [Forwarding getElementText on session df6a6576b4ee226eb544544e8f0bf034 to remote] DEBUG org.asynchttpclient.netty.request.NettyRequestSender - Using open Channel [id: 0xee5c3a95, L:/127.0.0.1:64195 - R:localhost/127.0.0.1:18432] for GET '/session/df6a6576b4ee226eb544544e8f0bf034/element/891a0b55-9c14-4ed0-b3e9-571b1f338a91/text'
10:50:48.066 [AsyncHttpClient-1-8] DEBUG org.asynchttpclient.netty.handler.HttpHandler - 

Request DefaultFullHttpRequest(decodeResult: success, version: HTTP/1.1, content: EmptyByteBufBE)
GET /session/df6a6576b4ee226eb544544e8f0bf034/element/891a0b55-9c14-4ed0-b3e9-571b1f338a91/text HTTP/1.1
User-Agent: selenium/4.5.3 (java mac)
Cache-Control: no-cache
Content-Type: application/json; charset=utf-8
host: localhost:18432
accept: */*

Response DefaultHttpResponse(decodeResult: success, version: HTTP/1.1)
HTTP/1.1 200 OK
Content-Length: 80
Content-Type: application/json; charset=utf-8
cache-control: no-cache

10:50:48.066 [AsyncHttpClient-1-8] DEBUG org.asynchttpclient.netty.channel.ChannelManager - Adding key: http://localhost:18432 for channel [id: 0xee5c3a95, L:/127.0.0.1:64195 - R:localhost/127.0.0.1:18432]
10:50:48.068 [Forwarding findChildElement on session df6a6576b4ee226eb544544e8f0bf034 to remote] DEBUG org.asynchttpclient.netty.request.NettyRequestSender - Using pooled Channel '[id: 0xee5c3a95, L:/127.0.0.1:64195 - R:localhost/127.0.0.1:18432]' for 'POST' to 'http://localhost:18432/session/df6a6576b4ee226eb544544e8f0bf034/element/ac68ce5e-83ec-4dcc-a59f-82924b2c9877/element'
10:50:48.068 [Forwarding findChildElement on session df6a6576b4ee226eb544544e8f0bf034 to remote] DEBUG org.asynchttpclient.netty.request.NettyRequestSender - Using open Channel [id: 0xee5c3a95, L:/127.0.0.1:64195 - R:localhost/127.0.0.1:18432] for POST '/session/df6a6576b4ee226eb544544e8f0bf034/element/ac68ce5e-83ec-4dcc-a59f-82924b2c9877/element'
10:50:48.121 [AsyncHttpClient-1-8] DEBUG org.asynchttpclient.netty.handler.HttpHandler - 

Request DefaultHttpRequest(decodeResult: success, version: HTTP/1.1)
POST /session/df6a6576b4ee226eb544544e8f0bf034/element/ac68ce5e-83ec-4dcc-a59f-82924b2c9877/element HTTP/1.1
User-Agent: selenium/4.5.3 (java mac)
Content-Length: 106
Content-Type: application/json; charset=utf-8
host: localhost:18432
accept: */*

Response DefaultHttpResponse(decodeResult: success, version: HTTP/1.1)
HTTP/1.1 200 OK
Content-Length: 88
Content-Type: application/json; charset=utf-8
cache-control: no-cache

10:50:48.122 [AsyncHttpClient-1-8] DEBUG org.asynchttpclient.netty.channel.ChannelManager - Adding key: http://localhost:18432 for channel [id: 0xee5c3a95, L:/127.0.0.1:64195 - R:localhost/127.0.0.1:18432]
10:50:48.124 [Forwarding getElementText on session df6a6576b4ee226eb544544e8f0bf034 to remote] DEBUG org.asynchttpclient.netty.request.NettyRequestSender - Using pooled Channel '[id: 0xee5c3a95, L:/127.0.0.1:64195 - R:localhost/127.0.0.1:18432]' for 'GET' to 'http://localhost:18432/session/df6a6576b4ee226eb544544e8f0bf034/element/4469a64b-e555-4e1c-bd28-f1117babba6c/text'
10:50:48.124 [Forwarding getElementText on session df6a6576b4ee226eb544544e8f0bf034 to remote] DEBUG org.asynchttpclient.netty.request.NettyRequestSender - Using open Channel [id: 0xee5c3a95, L:/127.0.0.1:64195 - R:localhost/127.0.0.1:18432] for GET '/session/df6a6576b4ee226eb544544e8f0bf034/element/4469a64b-e555-4e1c-bd28-f1117babba6c/text'
10:50:48.210 [AsyncHttpClient-1-8] DEBUG org.asynchttpclient.netty.handler.HttpHandler - 

Request DefaultFullHttpRequest(decodeResult: success, version: HTTP/1.1, content: EmptyByteBufBE)
GET /session/df6a6576b4ee226eb544544e8f0bf034/element/4469a64b-e555-4e1c-bd28-f1117babba6c/text HTTP/1.1
User-Agent: selenium/4.5.3 (java mac)
Cache-Control: no-cache
Content-Type: application/json; charset=utf-8
host: localhost:18432
accept: */*

Response DefaultHttpResponse(decodeResult: success, version: HTTP/1.1)
HTTP/1.1 200 OK
Content-Length: 19
Content-Type: application/json; charset=utf-8
cache-control: no-cache

10:50:48.211 [AsyncHttpClient-1-8] DEBUG org.asynchttpclient.netty.channel.ChannelManager - Adding key: http://localhost:18432 for channel [id: 0xee5c3a95, L:/127.0.0.1:64195 - R:localhost/127.0.0.1:18432]
Execution time with Web Manager: 102891ms |	 1 minutes 42.00 seconds
10:50:48.496 [AsyncHttpClient-1-1] DEBUG org.asynchttpclient.netty.channel.DefaultChannelPool - Entry count for : http://localhost:18432 : 1
10:50:48.509 [AsyncHttpClient-1-3] DEBUG org.asynchttpclient.netty.channel.NettyConnectListener - Using new Channel '[id: 0x1a9667f1, L:/127.0.0.1:64451 - R:localhost/127.0.0.1:14650]' for 'POST' to '/session'
10:50:49.601 [AsyncHttpClient-1-1] DEBUG org.asynchttpclient.netty.channel.DefaultChannelPool - Entry count for : http://localhost:18432 : 1
10:50:50.697 [AsyncHttpClient-1-1] DEBUG org.asynchttpclient.netty.channel.DefaultChannelPool - Entry count for : http://localhost:18432 : 1
10:50:51.801 [AsyncHttpClient-1-1] DEBUG org.asynchttpclient.netty.channel.DefaultChannelPool - Entry count for : http://localhost:18432 : 1
10:50:52.655 [AsyncHttpClient-1-3] DEBUG org.asynchttpclient.netty.handler.HttpHandler - 

Request DefaultHttpRequest(decodeResult: success, version: HTTP/1.1)
POST /session HTTP/1.1
User-Agent: selenium/4.5.3 (java mac)
Content-Length: 817
Content-Type: application/json; charset=utf-8
host: localhost:14650
accept: */*

Response DefaultHttpResponse(decodeResult: success, version: HTTP/1.1)
HTTP/1.1 200 OK
Content-Length: 800
Content-Type: application/json; charset=utf-8
cache-control: no-cache

10:50:52.656 [AsyncHttpClient-1-3] DEBUG org.asynchttpclient.netty.channel.ChannelManager - Adding key: http://localhost:14650 for channel [id: 0x1a9667f1, L:/127.0.0.1:64451 - R:localhost/127.0.0.1:14650]
10:50:52.669 [AsyncHttpClient-1-4] DEBUG org.asynchttpclient.netty.channel.NettyConnectListener - Using new Channel '[id: 0xe5df9f24, L:/127.0.0.1:64459 - R:localhost/127.0.0.1:64454]' for 'GET' to '/json/version'
10:50:52.672 [AsyncHttpClient-1-4] DEBUG org.asynchttpclient.netty.handler.HttpHandler - 

Request DefaultFullHttpRequest(decodeResult: success, version: HTTP/1.1, content: EmptyByteBufBE)
GET /json/version HTTP/1.1
User-Agent: selenium/4.5.3 (java mac)
host: localhost:64454
accept: */*

Response DefaultHttpResponse(decodeResult: success, version: HTTP/1.1)
HTTP/1.1 200 OK
Content-Security-Policy: frame-ancestors 'none'
Content-Length: 443
Content-Type: application/json; charset=UTF-8

10:50:52.672 [AsyncHttpClient-1-4] DEBUG org.asynchttpclient.netty.channel.ChannelManager - Adding key: http://localhost:64454 for channel [id: 0xe5df9f24, L:/127.0.0.1:64459 - R:localhost/127.0.0.1:64454]
10:50:52.677 [AsyncHttpClient-1-5] DEBUG org.asynchttpclient.netty.channel.NettyConnectListener - Using new Channel '[id: 0xd8c5db24, L:/127.0.0.1:64460 - R:localhost/127.0.0.1:64454]' for 'GET' to '/devtools/browser/2305cfe7-cf71-4138-bb3a-4b290a531d0f'
10:50:52.679 [AsyncHttpClient-1-5] DEBUG org.asynchttpclient.netty.handler.WebSocketHandler - 

Request DefaultFullHttpRequest(decodeResult: success, version: HTTP/1.1, content: EmptyByteBufBE)
GET /devtools/browser/2305cfe7-cf71-4138-bb3a-4b290a531d0f HTTP/1.1
upgrade: websocket
connection: upgrade
sec-websocket-key: Y5G21aHXTwgbBcaC+CRsJw==
sec-websocket-version: 13
origin: http://localhost:64454
host: localhost:64454
accept: */*
user-agent: AHC/2.1

Response DefaultHttpResponse(decodeResult: success, version: HTTP/1.1)
HTTP/1.1 101 WebSocket Protocol Handshake
Upgrade: WebSocket
Connection: Upgrade
Sec-WebSocket-Accept: C/PZZXf+wKdYcVOQcxV3ps3tYxk=

10:50:52.699 [Forwarding get on session 72f0944edfb847112d07e03154691d26 to remote] DEBUG org.asynchttpclient.netty.request.NettyRequestSender - Using pooled Channel '[id: 0x1a9667f1, L:/127.0.0.1:64451 - R:localhost/127.0.0.1:14650]' for 'POST' to 'http://localhost:14650/session/72f0944edfb847112d07e03154691d26/url'
10:50:52.699 [Forwarding get on session 72f0944edfb847112d07e03154691d26 to remote] DEBUG org.asynchttpclient.netty.request.NettyRequestSender - Using open Channel [id: 0x1a9667f1, L:/127.0.0.1:64451 - R:localhost/127.0.0.1:14650] for POST '/session/72f0944edfb847112d07e03154691d26/url'
10:50:52.901 [AsyncHttpClient-1-1] DEBUG org.asynchttpclient.netty.channel.DefaultChannelPool - Entry count for : http://localhost:18432 : 1
10:50:52.901 [AsyncHttpClient-1-1] DEBUG org.asynchttpclient.netty.channel.DefaultChannelPool - Entry count for : http://localhost:64454 : 1
10:50:54.000 [AsyncHttpClient-1-1] DEBUG org.asynchttpclient.netty.channel.DefaultChannelPool - Entry count for : http://localhost:18432 : 1
10:50:54.001 [AsyncHttpClient-1-1] DEBUG org.asynchttpclient.netty.channel.DefaultChannelPool - Entry count for : http://localhost:64454 : 1
10:50:55.100 [AsyncHttpClient-1-1] DEBUG org.asynchttpclient.netty.channel.DefaultChannelPool - Entry count for : http://localhost:18432 : 1
10:50:55.100 [AsyncHttpClient-1-1] DEBUG org.asynchttpclient.netty.channel.DefaultChannelPool - Entry count for : http://localhost:64454 : 1
10:50:56.204 [AsyncHttpClient-1-1] DEBUG org.asynchttpclient.netty.channel.DefaultChannelPool - Entry count for : http://localhost:18432 : 1
10:50:56.204 [AsyncHttpClient-1-1] DEBUG org.asynchttpclient.netty.channel.DefaultChannelPool - Entry count for : http://localhost:64454 : 1
10:50:57.301 [AsyncHttpClient-1-1] DEBUG org.asynchttpclient.netty.channel.DefaultChannelPool - Entry count for : http://localhost:18432 : 1
10:50:57.301 [AsyncHttpClient-1-1] DEBUG org.asynchttpclient.netty.channel.DefaultChannelPool - Entry count for : http://localhost:64454 : 1
10:50:58.400 [AsyncHttpClient-1-1] DEBUG org.asynchttpclient.netty.channel.DefaultChannelPool - Entry count for : http://localhost:18432 : 1
10:50:58.401 [AsyncHttpClient-1-1] DEBUG org.asynchttpclient.netty.channel.DefaultChannelPool - Entry count for : http://localhost:64454 : 1
10:50:58.532 [AsyncHttpClient-1-3] DEBUG org.asynchttpclient.netty.handler.HttpHandler - 

Request DefaultHttpRequest(decodeResult: success, version: HTTP/1.1)
POST /session/72f0944edfb847112d07e03154691d26/url HTTP/1.1
User-Agent: selenium/4.5.3 (java mac)
Content-Length: 51
Content-Type: application/json; charset=utf-8
host: localhost:14650
accept: */*

Response DefaultHttpResponse(decodeResult: success, version: HTTP/1.1)
HTTP/1.1 200 OK
Content-Length: 14
Content-Type: application/json; charset=utf-8
cache-control: no-cache

10:50:58.533 [AsyncHttpClient-1-3] DEBUG org.asynchttpclient.netty.channel.ChannelManager - Adding key: http://localhost:14650 for channel [id: 0x1a9667f1, L:/127.0.0.1:64451 - R:localhost/127.0.0.1:14650]
10:50:58.544 [Forwarding findElement on session 72f0944edfb847112d07e03154691d26 to remote] DEBUG org.asynchttpclient.netty.request.NettyRequestSender - Using pooled Channel '[id: 0x1a9667f1, L:/127.0.0.1:64451 - R:localhost/127.0.0.1:14650]' for 'POST' to 'http://localhost:14650/session/72f0944edfb847112d07e03154691d26/element'
10:50:58.544 [Forwarding findElement on session 72f0944edfb847112d07e03154691d26 to remote] DEBUG org.asynchttpclient.netty.request.NettyRequestSender - Using open Channel [id: 0x1a9667f1, L:/127.0.0.1:64451 - R:localhost/127.0.0.1:14650] for POST '/session/72f0944edfb847112d07e03154691d26/element'
10:50:58.784 [AsyncHttpClient-1-3] DEBUG org.asynchttpclient.netty.handler.HttpHandler - 

Request DefaultHttpRequest(decodeResult: success, version: HTTP/1.1)
POST /session/72f0944edfb847112d07e03154691d26/element HTTP/1.1
User-Agent: selenium/4.5.3 (java mac)
Content-Length: 52
Content-Type: application/json; charset=utf-8
host: localhost:14650
accept: */*

Response DefaultHttpResponse(decodeResult: success, version: HTTP/1.1)
HTTP/1.1 200 OK
Content-Length: 88
Content-Type: application/json; charset=utf-8
cache-control: no-cache

10:50:58.785 [AsyncHttpClient-1-3] DEBUG org.asynchttpclient.netty.channel.ChannelManager - Adding key: http://localhost:14650 for channel [id: 0x1a9667f1, L:/127.0.0.1:64451 - R:localhost/127.0.0.1:14650]
10:50:58.789 [Forwarding sendKeysToElement on session 72f0944edfb847112d07e03154691d26 to remote] DEBUG org.asynchttpclient.netty.request.NettyRequestSender - Using pooled Channel '[id: 0x1a9667f1, L:/127.0.0.1:64451 - R:localhost/127.0.0.1:14650]' for 'POST' to 'http://localhost:14650/session/72f0944edfb847112d07e03154691d26/element/26b45479-51c4-4f1f-ad91-ee8beff90f35/value'
10:50:58.789 [Forwarding sendKeysToElement on session 72f0944edfb847112d07e03154691d26 to remote] DEBUG org.asynchttpclient.netty.request.NettyRequestSender - Using open Channel [id: 0x1a9667f1, L:/127.0.0.1:64451 - R:localhost/127.0.0.1:14650] for POST '/session/72f0944edfb847112d07e03154691d26/element/26b45479-51c4-4f1f-ad91-ee8beff90f35/value'
10:50:59.501 [AsyncHttpClient-1-1] DEBUG org.asynchttpclient.netty.channel.DefaultChannelPool - Entry count for : http://localhost:18432 : 1
10:50:59.501 [AsyncHttpClient-1-1] DEBUG org.asynchttpclient.netty.channel.DefaultChannelPool - Entry count for : http://localhost:64454 : 1
10:51:00.601 [AsyncHttpClient-1-1] DEBUG org.asynchttpclient.netty.channel.DefaultChannelPool - Entry count for : http://localhost:18432 : 1
10:51:00.601 [AsyncHttpClient-1-1] DEBUG org.asynchttpclient.netty.channel.DefaultChannelPool - Entry count for : http://localhost:64454 : 1
10:51:00.924 [AsyncHttpClient-1-3] DEBUG org.asynchttpclient.netty.handler.HttpHandler - 

Request DefaultHttpRequest(decodeResult: success, version: HTTP/1.1)
POST /session/72f0944edfb847112d07e03154691d26/element/26b45479-51c4-4f1f-ad91-ee8beff90f35/value HTTP/1.1
User-Agent: selenium/4.5.3 (java mac)
Content-Length: 141
Content-Type: application/json; charset=utf-8
host: localhost:14650
accept: */*

Response DefaultHttpResponse(decodeResult: success, version: HTTP/1.1)
HTTP/1.1 200 OK
Content-Length: 14
Content-Type: application/json; charset=utf-8
cache-control: no-cache

10:51:00.924 [AsyncHttpClient-1-3] DEBUG org.asynchttpclient.netty.channel.ChannelManager - Adding key: http://localhost:14650 for channel [id: 0x1a9667f1, L:/127.0.0.1:64451 - R:localhost/127.0.0.1:14650]
10:51:00.926 [Forwarding findElement on session 72f0944edfb847112d07e03154691d26 to remote] DEBUG org.asynchttpclient.netty.request.NettyRequestSender - Using pooled Channel '[id: 0x1a9667f1, L:/127.0.0.1:64451 - R:localhost/127.0.0.1:14650]' for 'POST' to 'http://localhost:14650/session/72f0944edfb847112d07e03154691d26/element'
10:51:00.926 [Forwarding findElement on session 72f0944edfb847112d07e03154691d26 to remote] DEBUG org.asynchttpclient.netty.request.NettyRequestSender - Using open Channel [id: 0x1a9667f1, L:/127.0.0.1:64451 - R:localhost/127.0.0.1:14650] for POST '/session/72f0944edfb847112d07e03154691d26/element'
10:51:01.699 [AsyncHttpClient-1-1] DEBUG org.asynchttpclient.netty.channel.DefaultChannelPool - Entry count for : http://localhost:18432 : 1
10:51:01.699 [AsyncHttpClient-1-1] DEBUG org.asynchttpclient.netty.channel.DefaultChannelPool - Entry count for : http://localhost:64454 : 1
10:51:01.790 [AsyncHttpClient-1-3] DEBUG org.asynchttpclient.netty.handler.HttpHandler - 

Request DefaultHttpRequest(decodeResult: success, version: HTTP/1.1)
POST /session/72f0944edfb847112d07e03154691d26/element HTTP/1.1
User-Agent: selenium/4.5.3 (java mac)
Content-Length: 53
Content-Type: application/json; charset=utf-8
host: localhost:14650
accept: */*

Response DefaultHttpResponse(decodeResult: success, version: HTTP/1.1)
HTTP/1.1 200 OK
Content-Length: 88
Content-Type: application/json; charset=utf-8
cache-control: no-cache

10:51:01.790 [AsyncHttpClient-1-3] DEBUG org.asynchttpclient.netty.channel.ChannelManager - Adding key: http://localhost:14650 for channel [id: 0x1a9667f1, L:/127.0.0.1:64451 - R:localhost/127.0.0.1:14650]
10:51:01.792 [Forwarding clickElement on session 72f0944edfb847112d07e03154691d26 to remote] DEBUG org.asynchttpclient.netty.request.NettyRequestSender - Using pooled Channel '[id: 0x1a9667f1, L:/127.0.0.1:64451 - R:localhost/127.0.0.1:14650]' for 'POST' to 'http://localhost:14650/session/72f0944edfb847112d07e03154691d26/element/86f0ce40-4da1-46db-9a3e-c42488bf04d6/click'
10:51:01.792 [Forwarding clickElement on session 72f0944edfb847112d07e03154691d26 to remote] DEBUG org.asynchttpclient.netty.request.NettyRequestSender - Using open Channel [id: 0x1a9667f1, L:/127.0.0.1:64451 - R:localhost/127.0.0.1:14650] for POST '/session/72f0944edfb847112d07e03154691d26/element/86f0ce40-4da1-46db-9a3e-c42488bf04d6/click'
10:51:02.800 [AsyncHttpClient-1-1] DEBUG org.asynchttpclient.netty.channel.DefaultChannelPool - Entry count for : http://localhost:18432 : 1
10:51:02.800 [AsyncHttpClient-1-1] DEBUG org.asynchttpclient.netty.channel.DefaultChannelPool - Entry count for : http://localhost:64454 : 1
10:51:03.901 [AsyncHttpClient-1-1] DEBUG org.asynchttpclient.netty.channel.DefaultChannelPool - Entry count for : http://localhost:18432 : 1
10:51:03.901 [AsyncHttpClient-1-1] DEBUG org.asynchttpclient.netty.channel.DefaultChannelPool - Entry count for : http://localhost:64454 : 1
10:51:04.997 [AsyncHttpClient-1-1] DEBUG org.asynchttpclient.netty.channel.DefaultChannelPool - Entry count for : http://localhost:18432 : 1
10:51:04.997 [AsyncHttpClient-1-1] DEBUG org.asynchttpclient.netty.channel.DefaultChannelPool - Entry count for : http://localhost:64454 : 1
10:51:06.097 [AsyncHttpClient-1-1] DEBUG org.asynchttpclient.netty.channel.DefaultChannelPool - Entry count for : http://localhost:18432 : 1
10:51:06.097 [AsyncHttpClient-1-1] DEBUG org.asynchttpclient.netty.channel.DefaultChannelPool - Entry count for : http://localhost:64454 : 1
10:51:07.198 [AsyncHttpClient-1-1] DEBUG org.asynchttpclient.netty.channel.DefaultChannelPool - Entry count for : http://localhost:18432 : 1
10:51:07.198 [AsyncHttpClient-1-1] DEBUG org.asynchttpclient.netty.channel.DefaultChannelPool - Entry count for : http://localhost:64454 : 1
10:51:08.303 [AsyncHttpClient-1-1] DEBUG org.asynchttpclient.netty.channel.DefaultChannelPool - Entry count for : http://localhost:18432 : 1
10:51:08.305 [AsyncHttpClient-1-1] DEBUG org.asynchttpclient.netty.channel.DefaultChannelPool - Entry count for : http://localhost:64454 : 1
10:51:09.401 [AsyncHttpClient-1-1] DEBUG org.asynchttpclient.netty.channel.DefaultChannelPool - Entry count for : http://localhost:18432 : 1
10:51:09.401 [AsyncHttpClient-1-1] DEBUG org.asynchttpclient.netty.channel.DefaultChannelPool - Entry count for : http://localhost:64454 : 1
10:51:10.503 [AsyncHttpClient-1-1] DEBUG org.asynchttpclient.netty.channel.DefaultChannelPool - Entry count for : http://localhost:18432 : 1
10:51:10.503 [AsyncHttpClient-1-1] DEBUG org.asynchttpclient.netty.channel.DefaultChannelPool - Entry count for : http://localhost:64454 : 1
10:51:11.600 [AsyncHttpClient-1-1] DEBUG org.asynchttpclient.netty.channel.DefaultChannelPool - Entry count for : http://localhost:18432 : 1
10:51:11.600 [AsyncHttpClient-1-1] DEBUG org.asynchttpclient.netty.channel.DefaultChannelPool - Entry count for : http://localhost:64454 : 1
10:51:11.639 [AsyncHttpClient-1-3] DEBUG org.asynchttpclient.netty.handler.HttpHandler - 

Request DefaultHttpRequest(decodeResult: success, version: HTTP/1.1)
POST /session/72f0944edfb847112d07e03154691d26/element/86f0ce40-4da1-46db-9a3e-c42488bf04d6/click HTTP/1.1
User-Agent: selenium/4.5.3 (java mac)
Content-Length: 50
Content-Type: application/json; charset=utf-8
host: localhost:14650
accept: */*

Response DefaultHttpResponse(decodeResult: success, version: HTTP/1.1)
HTTP/1.1 200 OK
Content-Length: 14
Content-Type: application/json; charset=utf-8
cache-control: no-cache

10:51:11.640 [AsyncHttpClient-1-3] DEBUG org.asynchttpclient.netty.channel.ChannelManager - Adding key: http://localhost:14650 for channel [id: 0x1a9667f1, L:/127.0.0.1:64451 - R:localhost/127.0.0.1:14650]
10:51:11.646 [Forwarding findElements on session 72f0944edfb847112d07e03154691d26 to remote] DEBUG org.asynchttpclient.netty.request.NettyRequestSender - Using pooled Channel '[id: 0x1a9667f1, L:/127.0.0.1:64451 - R:localhost/127.0.0.1:14650]' for 'POST' to 'http://localhost:14650/session/72f0944edfb847112d07e03154691d26/elements'
10:51:11.646 [Forwarding findElements on session 72f0944edfb847112d07e03154691d26 to remote] DEBUG org.asynchttpclient.netty.request.NettyRequestSender - Using open Channel [id: 0x1a9667f1, L:/127.0.0.1:64451 - R:localhost/127.0.0.1:14650] for POST '/session/72f0944edfb847112d07e03154691d26/elements'
10:51:11.894 [AsyncHttpClient-1-3] DEBUG org.asynchttpclient.netty.handler.HttpHandler - 

Request DefaultHttpRequest(decodeResult: success, version: HTTP/1.1)
POST /session/72f0944edfb847112d07e03154691d26/elements HTTP/1.1
User-Agent: selenium/4.5.3 (java mac)
Content-Length: 51
Content-Type: application/json; charset=utf-8
host: localhost:14650
accept: */*

Response DefaultHttpResponse(decodeResult: success, version: HTTP/1.1)
HTTP/1.1 200 OK
Content-Length: 5462
Content-Type: application/json; charset=utf-8
cache-control: no-cache

10:51:11.895 [AsyncHttpClient-1-3] DEBUG org.asynchttpclient.netty.channel.ChannelManager - Adding key: http://localhost:14650 for channel [id: 0x1a9667f1, L:/127.0.0.1:64451 - R:localhost/127.0.0.1:14650]
10:51:11.902 [Forwarding findChildElement on session 72f0944edfb847112d07e03154691d26 to remote] DEBUG org.asynchttpclient.netty.request.NettyRequestSender - Using pooled Channel '[id: 0x1a9667f1, L:/127.0.0.1:64451 - R:localhost/127.0.0.1:14650]' for 'POST' to 'http://localhost:14650/session/72f0944edfb847112d07e03154691d26/element/a6a99221-6a4c-41ad-af95-421ab7476cb2/element'
10:51:11.903 [Forwarding findChildElement on session 72f0944edfb847112d07e03154691d26 to remote] DEBUG org.asynchttpclient.netty.request.NettyRequestSender - Using open Channel [id: 0x1a9667f1, L:/127.0.0.1:64451 - R:localhost/127.0.0.1:14650] for POST '/session/72f0944edfb847112d07e03154691d26/element/a6a99221-6a4c-41ad-af95-421ab7476cb2/element'
10:51:12.699 [AsyncHttpClient-1-1] DEBUG org.asynchttpclient.netty.channel.DefaultChannelPool - Entry count for : http://localhost:18432 : 1
10:51:12.699 [AsyncHttpClient-1-1] DEBUG org.asynchttpclient.netty.channel.DefaultChannelPool - Entry count for : http://localhost:64454 : 1
10:51:12.871 [AsyncHttpClient-1-3] DEBUG org.asynchttpclient.netty.handler.HttpHandler - 

Request DefaultHttpRequest(decodeResult: success, version: HTTP/1.1)
POST /session/72f0944edfb847112d07e03154691d26/element/a6a99221-6a4c-41ad-af95-421ab7476cb2/element HTTP/1.1
User-Agent: selenium/4.5.3 (java mac)
Content-Length: 106
Content-Type: application/json; charset=utf-8
host: localhost:14650
accept: */*

Response DefaultHttpResponse(decodeResult: success, version: HTTP/1.1)
HTTP/1.1 200 OK
Content-Length: 88
Content-Type: application/json; charset=utf-8
cache-control: no-cache

10:51:12.871 [AsyncHttpClient-1-3] DEBUG org.asynchttpclient.netty.channel.ChannelManager - Adding key: http://localhost:14650 for channel [id: 0x1a9667f1, L:/127.0.0.1:64451 - R:localhost/127.0.0.1:14650]
10:51:12.872 [Forwarding getElementText on session 72f0944edfb847112d07e03154691d26 to remote] DEBUG org.asynchttpclient.netty.request.NettyRequestSender - Using pooled Channel '[id: 0x1a9667f1, L:/127.0.0.1:64451 - R:localhost/127.0.0.1:14650]' for 'GET' to 'http://localhost:14650/session/72f0944edfb847112d07e03154691d26/element/252bba09-c200-4f50-81bb-fcafe5732867/text'
10:51:12.873 [Forwarding getElementText on session 72f0944edfb847112d07e03154691d26 to remote] DEBUG org.asynchttpclient.netty.request.NettyRequestSender - Using open Channel [id: 0x1a9667f1, L:/127.0.0.1:64451 - R:localhost/127.0.0.1:14650] for GET '/session/72f0944edfb847112d07e03154691d26/element/252bba09-c200-4f50-81bb-fcafe5732867/text'
10:51:13.308 [AsyncHttpClient-1-3] DEBUG org.asynchttpclient.netty.handler.HttpHandler - 

Request DefaultFullHttpRequest(decodeResult: success, version: HTTP/1.1, content: EmptyByteBufBE)
GET /session/72f0944edfb847112d07e03154691d26/element/252bba09-c200-4f50-81bb-fcafe5732867/text HTTP/1.1
User-Agent: selenium/4.5.3 (java mac)
Cache-Control: no-cache
Content-Type: application/json; charset=utf-8
host: localhost:14650
accept: */*

Response DefaultHttpResponse(decodeResult: success, version: HTTP/1.1)
HTTP/1.1 200 OK
Content-Length: 12
Content-Type: application/json; charset=utf-8
cache-control: no-cache

10:51:13.308 [AsyncHttpClient-1-3] DEBUG org.asynchttpclient.netty.channel.ChannelManager - Adding key: http://localhost:14650 for channel [id: 0x1a9667f1, L:/127.0.0.1:64451 - R:localhost/127.0.0.1:14650]
10:51:13.309 [Forwarding findChildElement on session 72f0944edfb847112d07e03154691d26 to remote] DEBUG org.asynchttpclient.netty.request.NettyRequestSender - Using pooled Channel '[id: 0x1a9667f1, L:/127.0.0.1:64451 - R:localhost/127.0.0.1:14650]' for 'POST' to 'http://localhost:14650/session/72f0944edfb847112d07e03154691d26/element/a6a99221-6a4c-41ad-af95-421ab7476cb2/element'
10:51:13.310 [Forwarding findChildElement on session 72f0944edfb847112d07e03154691d26 to remote] DEBUG org.asynchttpclient.netty.request.NettyRequestSender - Using open Channel [id: 0x1a9667f1, L:/127.0.0.1:64451 - R:localhost/127.0.0.1:14650] for POST '/session/72f0944edfb847112d07e03154691d26/element/a6a99221-6a4c-41ad-af95-421ab7476cb2/element'
10:51:13.799 [AsyncHttpClient-1-1] DEBUG org.asynchttpclient.netty.channel.DefaultChannelPool - Entry count for : http://localhost:18432 : 1
10:51:13.799 [AsyncHttpClient-1-1] DEBUG org.asynchttpclient.netty.channel.DefaultChannelPool - Entry count for : http://localhost:64454 : 1
10:51:14.214 [AsyncHttpClient-1-3] DEBUG org.asynchttpclient.netty.handler.HttpHandler - 

Request DefaultHttpRequest(decodeResult: success, version: HTTP/1.1)
POST /session/72f0944edfb847112d07e03154691d26/element/a6a99221-6a4c-41ad-af95-421ab7476cb2/element HTTP/1.1
User-Agent: selenium/4.5.3 (java mac)
Content-Length: 106
Content-Type: application/json; charset=utf-8
host: localhost:14650
accept: */*

Response DefaultHttpResponse(decodeResult: success, version: HTTP/1.1)
HTTP/1.1 200 OK
Content-Length: 88
Content-Type: application/json; charset=utf-8
cache-control: no-cache

10:51:14.214 [AsyncHttpClient-1-3] DEBUG org.asynchttpclient.netty.channel.ChannelManager - Adding key: http://localhost:14650 for channel [id: 0x1a9667f1, L:/127.0.0.1:64451 - R:localhost/127.0.0.1:14650]
10:51:14.215 [Forwarding getElementText on session 72f0944edfb847112d07e03154691d26 to remote] DEBUG org.asynchttpclient.netty.request.NettyRequestSender - Using pooled Channel '[id: 0x1a9667f1, L:/127.0.0.1:64451 - R:localhost/127.0.0.1:14650]' for 'GET' to 'http://localhost:14650/session/72f0944edfb847112d07e03154691d26/element/c6cbda53-c71b-4526-819e-88b736bb00a2/text'
10:51:14.215 [Forwarding getElementText on session 72f0944edfb847112d07e03154691d26 to remote] DEBUG org.asynchttpclient.netty.request.NettyRequestSender - Using open Channel [id: 0x1a9667f1, L:/127.0.0.1:64451 - R:localhost/127.0.0.1:14650] for GET '/session/72f0944edfb847112d07e03154691d26/element/c6cbda53-c71b-4526-819e-88b736bb00a2/text'
10:51:14.650 [AsyncHttpClient-1-3] DEBUG org.asynchttpclient.netty.handler.HttpHandler - 

Request DefaultFullHttpRequest(decodeResult: success, version: HTTP/1.1, content: EmptyByteBufBE)
GET /session/72f0944edfb847112d07e03154691d26/element/c6cbda53-c71b-4526-819e-88b736bb00a2/text HTTP/1.1
User-Agent: selenium/4.5.3 (java mac)
Cache-Control: no-cache
Content-Type: application/json; charset=utf-8
host: localhost:14650
accept: */*

Response DefaultHttpResponse(decodeResult: success, version: HTTP/1.1)
HTTP/1.1 200 OK
Content-Length: 12
Content-Type: application/json; charset=utf-8
cache-control: no-cache

10:51:14.650 [AsyncHttpClient-1-3] DEBUG org.asynchttpclient.netty.channel.ChannelManager - Adding key: http://localhost:14650 for channel [id: 0x1a9667f1, L:/127.0.0.1:64451 - R:localhost/127.0.0.1:14650]
10:51:14.658 [Forwarding findChildElement on session 72f0944edfb847112d07e03154691d26 to remote] DEBUG org.asynchttpclient.netty.request.NettyRequestSender - Using pooled Channel '[id: 0x1a9667f1, L:/127.0.0.1:64451 - R:localhost/127.0.0.1:14650]' for 'POST' to 'http://localhost:14650/session/72f0944edfb847112d07e03154691d26/element/b581c438-b1c4-4eef-bfc7-ea61e5a17056/element'
10:51:14.658 [Forwarding findChildElement on session 72f0944edfb847112d07e03154691d26 to remote] DEBUG org.asynchttpclient.netty.request.NettyRequestSender - Using open Channel [id: 0x1a9667f1, L:/127.0.0.1:64451 - R:localhost/127.0.0.1:14650] for POST '/session/72f0944edfb847112d07e03154691d26/element/b581c438-b1c4-4eef-bfc7-ea61e5a17056/element'
10:51:14.902 [AsyncHttpClient-1-1] DEBUG org.asynchttpclient.netty.channel.DefaultChannelPool - Entry count for : http://localhost:18432 : 1
10:51:14.902 [AsyncHttpClient-1-1] DEBUG org.asynchttpclient.netty.channel.DefaultChannelPool - Entry count for : http://localhost:64454 : 1
10:51:15.935 [AsyncHttpClient-1-3] DEBUG org.asynchttpclient.netty.handler.HttpHandler - 

Request DefaultHttpRequest(decodeResult: success, version: HTTP/1.1)
POST /session/72f0944edfb847112d07e03154691d26/element/b581c438-b1c4-4eef-bfc7-ea61e5a17056/element HTTP/1.1
User-Agent: selenium/4.5.3 (java mac)
Content-Length: 106
Content-Type: application/json; charset=utf-8
host: localhost:14650
accept: */*

Response DefaultHttpResponse(decodeResult: success, version: HTTP/1.1)
HTTP/1.1 200 OK
Content-Length: 88
Content-Type: application/json; charset=utf-8
cache-control: no-cache

10:51:15.935 [AsyncHttpClient-1-3] DEBUG org.asynchttpclient.netty.channel.ChannelManager - Adding key: http://localhost:14650 for channel [id: 0x1a9667f1, L:/127.0.0.1:64451 - R:localhost/127.0.0.1:14650]
10:51:15.937 [Forwarding getElementText on session 72f0944edfb847112d07e03154691d26 to remote] DEBUG org.asynchttpclient.netty.request.NettyRequestSender - Using pooled Channel '[id: 0x1a9667f1, L:/127.0.0.1:64451 - R:localhost/127.0.0.1:14650]' for 'GET' to 'http://localhost:14650/session/72f0944edfb847112d07e03154691d26/element/186a95ee-7f90-4e4a-86ed-7b295d68b373/text'
10:51:15.937 [Forwarding getElementText on session 72f0944edfb847112d07e03154691d26 to remote] DEBUG org.asynchttpclient.netty.request.NettyRequestSender - Using open Channel [id: 0x1a9667f1, L:/127.0.0.1:64451 - R:localhost/127.0.0.1:14650] for GET '/session/72f0944edfb847112d07e03154691d26/element/186a95ee-7f90-4e4a-86ed-7b295d68b373/text'
10:51:16.002 [AsyncHttpClient-1-1] DEBUG org.asynchttpclient.netty.channel.DefaultChannelPool - Entry count for : http://localhost:18432 : 1
10:51:16.002 [AsyncHttpClient-1-1] DEBUG org.asynchttpclient.netty.channel.DefaultChannelPool - Entry count for : http://localhost:64454 : 1
10:51:16.139 [AsyncHttpClient-1-3] DEBUG org.asynchttpclient.netty.handler.HttpHandler - 

Request DefaultFullHttpRequest(decodeResult: success, version: HTTP/1.1, content: EmptyByteBufBE)
GET /session/72f0944edfb847112d07e03154691d26/element/186a95ee-7f90-4e4a-86ed-7b295d68b373/text HTTP/1.1
User-Agent: selenium/4.5.3 (java mac)
Cache-Control: no-cache
Content-Type: application/json; charset=utf-8
host: localhost:14650
accept: */*

Response DefaultHttpResponse(decodeResult: success, version: HTTP/1.1)
HTTP/1.1 200 OK
Content-Length: 64
Content-Type: application/json; charset=utf-8
cache-control: no-cache

10:51:16.139 [AsyncHttpClient-1-3] DEBUG org.asynchttpclient.netty.channel.ChannelManager - Adding key: http://localhost:14650 for channel [id: 0x1a9667f1, L:/127.0.0.1:64451 - R:localhost/127.0.0.1:14650]
10:51:16.140 [Forwarding findChildElement on session 72f0944edfb847112d07e03154691d26 to remote] DEBUG org.asynchttpclient.netty.request.NettyRequestSender - Using pooled Channel '[id: 0x1a9667f1, L:/127.0.0.1:64451 - R:localhost/127.0.0.1:14650]' for 'POST' to 'http://localhost:14650/session/72f0944edfb847112d07e03154691d26/element/b581c438-b1c4-4eef-bfc7-ea61e5a17056/element'
10:51:16.140 [Forwarding findChildElement on session 72f0944edfb847112d07e03154691d26 to remote] DEBUG org.asynchttpclient.netty.request.NettyRequestSender - Using open Channel [id: 0x1a9667f1, L:/127.0.0.1:64451 - R:localhost/127.0.0.1:14650] for POST '/session/72f0944edfb847112d07e03154691d26/element/b581c438-b1c4-4eef-bfc7-ea61e5a17056/element'
10:51:16.496 [AsyncHttpClient-1-3] DEBUG org.asynchttpclient.netty.handler.HttpHandler - 

Request DefaultHttpRequest(decodeResult: success, version: HTTP/1.1)
POST /session/72f0944edfb847112d07e03154691d26/element/b581c438-b1c4-4eef-bfc7-ea61e5a17056/element HTTP/1.1
User-Agent: selenium/4.5.3 (java mac)
Content-Length: 106
Content-Type: application/json; charset=utf-8
host: localhost:14650
accept: */*

Response DefaultHttpResponse(decodeResult: success, version: HTTP/1.1)
HTTP/1.1 200 OK
Content-Length: 88
Content-Type: application/json; charset=utf-8
cache-control: no-cache

10:51:16.497 [AsyncHttpClient-1-3] DEBUG org.asynchttpclient.netty.channel.ChannelManager - Adding key: http://localhost:14650 for channel [id: 0x1a9667f1, L:/127.0.0.1:64451 - R:localhost/127.0.0.1:14650]
10:51:16.498 [Forwarding getElementText on session 72f0944edfb847112d07e03154691d26 to remote] DEBUG org.asynchttpclient.netty.request.NettyRequestSender - Using pooled Channel '[id: 0x1a9667f1, L:/127.0.0.1:64451 - R:localhost/127.0.0.1:14650]' for 'GET' to 'http://localhost:14650/session/72f0944edfb847112d07e03154691d26/element/241e5cc7-d1ea-49b7-82dd-46555743977f/text'
10:51:16.498 [Forwarding getElementText on session 72f0944edfb847112d07e03154691d26 to remote] DEBUG org.asynchttpclient.netty.request.NettyRequestSender - Using open Channel [id: 0x1a9667f1, L:/127.0.0.1:64451 - R:localhost/127.0.0.1:14650] for GET '/session/72f0944edfb847112d07e03154691d26/element/241e5cc7-d1ea-49b7-82dd-46555743977f/text'
10:51:16.660 [AsyncHttpClient-1-3] DEBUG org.asynchttpclient.netty.handler.HttpHandler - 

Request DefaultFullHttpRequest(decodeResult: success, version: HTTP/1.1, content: EmptyByteBufBE)
GET /session/72f0944edfb847112d07e03154691d26/element/241e5cc7-d1ea-49b7-82dd-46555743977f/text HTTP/1.1
User-Agent: selenium/4.5.3 (java mac)
Cache-Control: no-cache
Content-Type: application/json; charset=utf-8
host: localhost:14650
accept: */*

Response DefaultHttpResponse(decodeResult: success, version: HTTP/1.1)
HTTP/1.1 200 OK
Content-Length: 19
Content-Type: application/json; charset=utf-8
cache-control: no-cache

10:51:16.660 [AsyncHttpClient-1-3] DEBUG org.asynchttpclient.netty.channel.ChannelManager - Adding key: http://localhost:14650 for channel [id: 0x1a9667f1, L:/127.0.0.1:64451 - R:localhost/127.0.0.1:14650]
10:51:16.662 [Forwarding findChildElement on session 72f0944edfb847112d07e03154691d26 to remote] DEBUG org.asynchttpclient.netty.request.NettyRequestSender - Using pooled Channel '[id: 0x1a9667f1, L:/127.0.0.1:64451 - R:localhost/127.0.0.1:14650]' for 'POST' to 'http://localhost:14650/session/72f0944edfb847112d07e03154691d26/element/3544abb8-15e5-4fb8-a267-0a68ef3b1a77/element'
10:51:16.662 [Forwarding findChildElement on session 72f0944edfb847112d07e03154691d26 to remote] DEBUG org.asynchttpclient.netty.request.NettyRequestSender - Using open Channel [id: 0x1a9667f1, L:/127.0.0.1:64451 - R:localhost/127.0.0.1:14650] for POST '/session/72f0944edfb847112d07e03154691d26/element/3544abb8-15e5-4fb8-a267-0a68ef3b1a77/element'
10:51:16.986 [AsyncHttpClient-1-3] DEBUG org.asynchttpclient.netty.handler.HttpHandler - 

Request DefaultHttpRequest(decodeResult: success, version: HTTP/1.1)
POST /session/72f0944edfb847112d07e03154691d26/element/3544abb8-15e5-4fb8-a267-0a68ef3b1a77/element HTTP/1.1
User-Agent: selenium/4.5.3 (java mac)
Content-Length: 106
Content-Type: application/json; charset=utf-8
host: localhost:14650
accept: */*

Response DefaultHttpResponse(decodeResult: success, version: HTTP/1.1)
HTTP/1.1 200 OK
Content-Length: 88
Content-Type: application/json; charset=utf-8
cache-control: no-cache

10:51:16.987 [AsyncHttpClient-1-3] DEBUG org.asynchttpclient.netty.channel.ChannelManager - Adding key: http://localhost:14650 for channel [id: 0x1a9667f1, L:/127.0.0.1:64451 - R:localhost/127.0.0.1:14650]
10:51:16.989 [Forwarding getElementText on session 72f0944edfb847112d07e03154691d26 to remote] DEBUG org.asynchttpclient.netty.request.NettyRequestSender - Using pooled Channel '[id: 0x1a9667f1, L:/127.0.0.1:64451 - R:localhost/127.0.0.1:14650]' for 'GET' to 'http://localhost:14650/session/72f0944edfb847112d07e03154691d26/element/cc992ae1-889a-4607-86b6-03b5bb72b290/text'
10:51:16.989 [Forwarding getElementText on session 72f0944edfb847112d07e03154691d26 to remote] DEBUG org.asynchttpclient.netty.request.NettyRequestSender - Using open Channel [id: 0x1a9667f1, L:/127.0.0.1:64451 - R:localhost/127.0.0.1:14650] for GET '/session/72f0944edfb847112d07e03154691d26/element/cc992ae1-889a-4607-86b6-03b5bb72b290/text'
10:51:17.100 [AsyncHttpClient-1-1] DEBUG org.asynchttpclient.netty.channel.DefaultChannelPool - Entry count for : http://localhost:18432 : 1
10:51:17.101 [AsyncHttpClient-1-1] DEBUG org.asynchttpclient.netty.channel.DefaultChannelPool - Entry count for : http://localhost:64454 : 1
10:51:17.961 [AsyncHttpClient-1-3] DEBUG org.asynchttpclient.netty.handler.HttpHandler - 

Request DefaultFullHttpRequest(decodeResult: success, version: HTTP/1.1, content: EmptyByteBufBE)
GET /session/72f0944edfb847112d07e03154691d26/element/cc992ae1-889a-4607-86b6-03b5bb72b290/text HTTP/1.1
User-Agent: selenium/4.5.3 (java mac)
Cache-Control: no-cache
Content-Type: application/json; charset=utf-8
host: localhost:14650
accept: */*

Response DefaultHttpResponse(decodeResult: success, version: HTTP/1.1)
HTTP/1.1 200 OK
Content-Length: 86
Content-Type: application/json; charset=utf-8
cache-control: no-cache

10:51:17.962 [AsyncHttpClient-1-3] DEBUG org.asynchttpclient.netty.channel.ChannelManager - Adding key: http://localhost:14650 for channel [id: 0x1a9667f1, L:/127.0.0.1:64451 - R:localhost/127.0.0.1:14650]
10:51:17.963 [Forwarding findChildElement on session 72f0944edfb847112d07e03154691d26 to remote] DEBUG org.asynchttpclient.netty.request.NettyRequestSender - Using pooled Channel '[id: 0x1a9667f1, L:/127.0.0.1:64451 - R:localhost/127.0.0.1:14650]' for 'POST' to 'http://localhost:14650/session/72f0944edfb847112d07e03154691d26/element/3544abb8-15e5-4fb8-a267-0a68ef3b1a77/element'
10:51:17.963 [Forwarding findChildElement on session 72f0944edfb847112d07e03154691d26 to remote] DEBUG org.asynchttpclient.netty.request.NettyRequestSender - Using open Channel [id: 0x1a9667f1, L:/127.0.0.1:64451 - R:localhost/127.0.0.1:14650] for POST '/session/72f0944edfb847112d07e03154691d26/element/3544abb8-15e5-4fb8-a267-0a68ef3b1a77/element'
10:51:18.199 [AsyncHttpClient-1-1] DEBUG org.asynchttpclient.netty.channel.DefaultChannelPool - Entry count for : http://localhost:18432 : 1
10:51:18.200 [AsyncHttpClient-1-1] DEBUG org.asynchttpclient.netty.channel.DefaultChannelPool - Entry count for : http://localhost:64454 : 1
10:51:18.723 [AsyncHttpClient-1-3] DEBUG org.asynchttpclient.netty.handler.HttpHandler - 

Request DefaultHttpRequest(decodeResult: success, version: HTTP/1.1)
POST /session/72f0944edfb847112d07e03154691d26/element/3544abb8-15e5-4fb8-a267-0a68ef3b1a77/element HTTP/1.1
User-Agent: selenium/4.5.3 (java mac)
Content-Length: 106
Content-Type: application/json; charset=utf-8
host: localhost:14650
accept: */*

Response DefaultHttpResponse(decodeResult: success, version: HTTP/1.1)
HTTP/1.1 200 OK
Content-Length: 88
Content-Type: application/json; charset=utf-8
cache-control: no-cache

10:51:18.723 [AsyncHttpClient-1-3] DEBUG org.asynchttpclient.netty.channel.ChannelManager - Adding key: http://localhost:14650 for channel [id: 0x1a9667f1, L:/127.0.0.1:64451 - R:localhost/127.0.0.1:14650]
10:51:18.724 [Forwarding getElementText on session 72f0944edfb847112d07e03154691d26 to remote] DEBUG org.asynchttpclient.netty.request.NettyRequestSender - Using pooled Channel '[id: 0x1a9667f1, L:/127.0.0.1:64451 - R:localhost/127.0.0.1:14650]' for 'GET' to 'http://localhost:14650/session/72f0944edfb847112d07e03154691d26/element/8ab6395e-bcda-4d93-9c37-c0f33dc35a82/text'
10:51:18.724 [Forwarding getElementText on session 72f0944edfb847112d07e03154691d26 to remote] DEBUG org.asynchttpclient.netty.request.NettyRequestSender - Using open Channel [id: 0x1a9667f1, L:/127.0.0.1:64451 - R:localhost/127.0.0.1:14650] for GET '/session/72f0944edfb847112d07e03154691d26/element/8ab6395e-bcda-4d93-9c37-c0f33dc35a82/text'
10:51:19.300 [AsyncHttpClient-1-1] DEBUG org.asynchttpclient.netty.channel.DefaultChannelPool - Entry count for : http://localhost:18432 : 1
10:51:19.301 [AsyncHttpClient-1-1] DEBUG org.asynchttpclient.netty.channel.DefaultChannelPool - Entry count for : http://localhost:64454 : 1
10:51:20.052 [AsyncHttpClient-1-3] DEBUG org.asynchttpclient.netty.handler.HttpHandler - 

Request DefaultFullHttpRequest(decodeResult: success, version: HTTP/1.1, content: EmptyByteBufBE)
GET /session/72f0944edfb847112d07e03154691d26/element/8ab6395e-bcda-4d93-9c37-c0f33dc35a82/text HTTP/1.1
User-Agent: selenium/4.5.3 (java mac)
Cache-Control: no-cache
Content-Type: application/json; charset=utf-8
host: localhost:14650
accept: */*

Response DefaultHttpResponse(decodeResult: success, version: HTTP/1.1)
HTTP/1.1 200 OK
Content-Length: 19
Content-Type: application/json; charset=utf-8
cache-control: no-cache

10:51:20.052 [AsyncHttpClient-1-3] DEBUG org.asynchttpclient.netty.channel.ChannelManager - Adding key: http://localhost:14650 for channel [id: 0x1a9667f1, L:/127.0.0.1:64451 - R:localhost/127.0.0.1:14650]
10:51:20.054 [Forwarding findChildElement on session 72f0944edfb847112d07e03154691d26 to remote] DEBUG org.asynchttpclient.netty.request.NettyRequestSender - Using pooled Channel '[id: 0x1a9667f1, L:/127.0.0.1:64451 - R:localhost/127.0.0.1:14650]' for 'POST' to 'http://localhost:14650/session/72f0944edfb847112d07e03154691d26/element/6edee3fc-e00f-40bd-add1-a6ee541f091f/element'
10:51:20.054 [Forwarding findChildElement on session 72f0944edfb847112d07e03154691d26 to remote] DEBUG org.asynchttpclient.netty.request.NettyRequestSender - Using open Channel [id: 0x1a9667f1, L:/127.0.0.1:64451 - R:localhost/127.0.0.1:14650] for POST '/session/72f0944edfb847112d07e03154691d26/element/6edee3fc-e00f-40bd-add1-a6ee541f091f/element'
10:51:20.401 [AsyncHttpClient-1-1] DEBUG org.asynchttpclient.netty.channel.DefaultChannelPool - Entry count for : http://localhost:18432 : 1
10:51:20.401 [AsyncHttpClient-1-1] DEBUG org.asynchttpclient.netty.channel.DefaultChannelPool - Entry count for : http://localhost:64454 : 1
10:51:20.768 [AsyncHttpClient-1-3] DEBUG org.asynchttpclient.netty.handler.HttpHandler - 

Request DefaultHttpRequest(decodeResult: success, version: HTTP/1.1)
POST /session/72f0944edfb847112d07e03154691d26/element/6edee3fc-e00f-40bd-add1-a6ee541f091f/element HTTP/1.1
User-Agent: selenium/4.5.3 (java mac)
Content-Length: 106
Content-Type: application/json; charset=utf-8
host: localhost:14650
accept: */*

Response DefaultHttpResponse(decodeResult: success, version: HTTP/1.1)
HTTP/1.1 200 OK
Content-Length: 88
Content-Type: application/json; charset=utf-8
cache-control: no-cache

10:51:20.768 [AsyncHttpClient-1-3] DEBUG org.asynchttpclient.netty.channel.ChannelManager - Adding key: http://localhost:14650 for channel [id: 0x1a9667f1, L:/127.0.0.1:64451 - R:localhost/127.0.0.1:14650]
10:51:20.769 [Forwarding getElementText on session 72f0944edfb847112d07e03154691d26 to remote] DEBUG org.asynchttpclient.netty.request.NettyRequestSender - Using pooled Channel '[id: 0x1a9667f1, L:/127.0.0.1:64451 - R:localhost/127.0.0.1:14650]' for 'GET' to 'http://localhost:14650/session/72f0944edfb847112d07e03154691d26/element/6bc058da-d1a4-4f6e-83f9-07591870af51/text'
10:51:20.769 [Forwarding getElementText on session 72f0944edfb847112d07e03154691d26 to remote] DEBUG org.asynchttpclient.netty.request.NettyRequestSender - Using open Channel [id: 0x1a9667f1, L:/127.0.0.1:64451 - R:localhost/127.0.0.1:14650] for GET '/session/72f0944edfb847112d07e03154691d26/element/6bc058da-d1a4-4f6e-83f9-07591870af51/text'
10:51:20.937 [AsyncHttpClient-1-3] DEBUG org.asynchttpclient.netty.handler.HttpHandler - 

Request DefaultFullHttpRequest(decodeResult: success, version: HTTP/1.1, content: EmptyByteBufBE)
GET /session/72f0944edfb847112d07e03154691d26/element/6bc058da-d1a4-4f6e-83f9-07591870af51/text HTTP/1.1
User-Agent: selenium/4.5.3 (java mac)
Cache-Control: no-cache
Content-Type: application/json; charset=utf-8
host: localhost:14650
accept: */*

Response DefaultHttpResponse(decodeResult: success, version: HTTP/1.1)
HTTP/1.1 200 OK
Content-Length: 76
Content-Type: application/json; charset=utf-8
cache-control: no-cache

10:51:20.938 [AsyncHttpClient-1-3] DEBUG org.asynchttpclient.netty.channel.ChannelManager - Adding key: http://localhost:14650 for channel [id: 0x1a9667f1, L:/127.0.0.1:64451 - R:localhost/127.0.0.1:14650]
10:51:20.941 [Forwarding findChildElement on session 72f0944edfb847112d07e03154691d26 to remote] DEBUG org.asynchttpclient.netty.request.NettyRequestSender - Using pooled Channel '[id: 0x1a9667f1, L:/127.0.0.1:64451 - R:localhost/127.0.0.1:14650]' for 'POST' to 'http://localhost:14650/session/72f0944edfb847112d07e03154691d26/element/6edee3fc-e00f-40bd-add1-a6ee541f091f/element'
10:51:20.941 [Forwarding findChildElement on session 72f0944edfb847112d07e03154691d26 to remote] DEBUG org.asynchttpclient.netty.request.NettyRequestSender - Using open Channel [id: 0x1a9667f1, L:/127.0.0.1:64451 - R:localhost/127.0.0.1:14650] for POST '/session/72f0944edfb847112d07e03154691d26/element/6edee3fc-e00f-40bd-add1-a6ee541f091f/element'
10:51:21.307 [AsyncHttpClient-1-3] DEBUG org.asynchttpclient.netty.handler.HttpHandler - 

Request DefaultHttpRequest(decodeResult: success, version: HTTP/1.1)
POST /session/72f0944edfb847112d07e03154691d26/element/6edee3fc-e00f-40bd-add1-a6ee541f091f/element HTTP/1.1
User-Agent: selenium/4.5.3 (java mac)
Content-Length: 106
Content-Type: application/json; charset=utf-8
host: localhost:14650
accept: */*

Response DefaultHttpResponse(decodeResult: success, version: HTTP/1.1)
HTTP/1.1 200 OK
Content-Length: 88
Content-Type: application/json; charset=utf-8
cache-control: no-cache

10:51:21.308 [AsyncHttpClient-1-3] DEBUG org.asynchttpclient.netty.channel.ChannelManager - Adding key: http://localhost:14650 for channel [id: 0x1a9667f1, L:/127.0.0.1:64451 - R:localhost/127.0.0.1:14650]
10:51:21.309 [Forwarding getElementText on session 72f0944edfb847112d07e03154691d26 to remote] DEBUG org.asynchttpclient.netty.request.NettyRequestSender - Using pooled Channel '[id: 0x1a9667f1, L:/127.0.0.1:64451 - R:localhost/127.0.0.1:14650]' for 'GET' to 'http://localhost:14650/session/72f0944edfb847112d07e03154691d26/element/6789f6ba-de6e-4dc4-aa45-b7bde44c7031/text'
10:51:21.310 [Forwarding getElementText on session 72f0944edfb847112d07e03154691d26 to remote] DEBUG org.asynchttpclient.netty.request.NettyRequestSender - Using open Channel [id: 0x1a9667f1, L:/127.0.0.1:64451 - R:localhost/127.0.0.1:14650] for GET '/session/72f0944edfb847112d07e03154691d26/element/6789f6ba-de6e-4dc4-aa45-b7bde44c7031/text'
10:51:21.498 [AsyncHttpClient-1-1] DEBUG org.asynchttpclient.netty.channel.DefaultChannelPool - Entry count for : http://localhost:18432 : 1
10:51:21.498 [AsyncHttpClient-1-1] DEBUG org.asynchttpclient.netty.channel.DefaultChannelPool - Entry count for : http://localhost:64454 : 1
10:51:22.489 [AsyncHttpClient-1-3] DEBUG org.asynchttpclient.netty.handler.HttpHandler - 

Request DefaultFullHttpRequest(decodeResult: success, version: HTTP/1.1, content: EmptyByteBufBE)
GET /session/72f0944edfb847112d07e03154691d26/element/6789f6ba-de6e-4dc4-aa45-b7bde44c7031/text HTTP/1.1
User-Agent: selenium/4.5.3 (java mac)
Cache-Control: no-cache
Content-Type: application/json; charset=utf-8
host: localhost:14650
accept: */*

Response DefaultHttpResponse(decodeResult: success, version: HTTP/1.1)
HTTP/1.1 200 OK
Content-Length: 30
Content-Type: application/json; charset=utf-8
cache-control: no-cache

10:51:22.489 [AsyncHttpClient-1-3] DEBUG org.asynchttpclient.netty.channel.ChannelManager - Adding key: http://localhost:14650 for channel [id: 0x1a9667f1, L:/127.0.0.1:64451 - R:localhost/127.0.0.1:14650]
10:51:22.491 [Forwarding findChildElement on session 72f0944edfb847112d07e03154691d26 to remote] DEBUG org.asynchttpclient.netty.request.NettyRequestSender - Using pooled Channel '[id: 0x1a9667f1, L:/127.0.0.1:64451 - R:localhost/127.0.0.1:14650]' for 'POST' to 'http://localhost:14650/session/72f0944edfb847112d07e03154691d26/element/70b80110-1b84-427e-a7cd-af3e392d9d6b/element'
10:51:22.491 [Forwarding findChildElement on session 72f0944edfb847112d07e03154691d26 to remote] DEBUG org.asynchttpclient.netty.request.NettyRequestSender - Using open Channel [id: 0x1a9667f1, L:/127.0.0.1:64451 - R:localhost/127.0.0.1:14650] for POST '/session/72f0944edfb847112d07e03154691d26/element/70b80110-1b84-427e-a7cd-af3e392d9d6b/element'
10:51:22.600 [AsyncHttpClient-1-1] DEBUG org.asynchttpclient.netty.channel.DefaultChannelPool - Entry count for : http://localhost:18432 : 1
10:51:22.600 [AsyncHttpClient-1-1] DEBUG org.asynchttpclient.netty.channel.DefaultChannelPool - Entry count for : http://localhost:64454 : 1
10:51:23.280 [AsyncHttpClient-1-3] DEBUG org.asynchttpclient.netty.handler.HttpHandler - 

Request DefaultHttpRequest(decodeResult: success, version: HTTP/1.1)
POST /session/72f0944edfb847112d07e03154691d26/element/70b80110-1b84-427e-a7cd-af3e392d9d6b/element HTTP/1.1
User-Agent: selenium/4.5.3 (java mac)
Content-Length: 106
Content-Type: application/json; charset=utf-8
host: localhost:14650
accept: */*

Response DefaultHttpResponse(decodeResult: success, version: HTTP/1.1)
HTTP/1.1 200 OK
Content-Length: 88
Content-Type: application/json; charset=utf-8
cache-control: no-cache

10:51:23.280 [AsyncHttpClient-1-3] DEBUG org.asynchttpclient.netty.channel.ChannelManager - Adding key: http://localhost:14650 for channel [id: 0x1a9667f1, L:/127.0.0.1:64451 - R:localhost/127.0.0.1:14650]
10:51:23.282 [Forwarding getElementText on session 72f0944edfb847112d07e03154691d26 to remote] DEBUG org.asynchttpclient.netty.request.NettyRequestSender - Using pooled Channel '[id: 0x1a9667f1, L:/127.0.0.1:64451 - R:localhost/127.0.0.1:14650]' for 'GET' to 'http://localhost:14650/session/72f0944edfb847112d07e03154691d26/element/8952e69a-b7e2-4ec8-9190-3a593954ddff/text'
10:51:23.282 [Forwarding getElementText on session 72f0944edfb847112d07e03154691d26 to remote] DEBUG org.asynchttpclient.netty.request.NettyRequestSender - Using open Channel [id: 0x1a9667f1, L:/127.0.0.1:64451 - R:localhost/127.0.0.1:14650] for GET '/session/72f0944edfb847112d07e03154691d26/element/8952e69a-b7e2-4ec8-9190-3a593954ddff/text'
10:51:23.699 [AsyncHttpClient-1-1] DEBUG org.asynchttpclient.netty.channel.DefaultChannelPool - Entry count for : http://localhost:18432 : 1
10:51:23.699 [AsyncHttpClient-1-1] DEBUG org.asynchttpclient.netty.channel.DefaultChannelPool - Entry count for : http://localhost:64454 : 1
10:51:23.762 [AsyncHttpClient-1-3] DEBUG org.asynchttpclient.netty.handler.HttpHandler - 

Request DefaultFullHttpRequest(decodeResult: success, version: HTTP/1.1, content: EmptyByteBufBE)
GET /session/72f0944edfb847112d07e03154691d26/element/8952e69a-b7e2-4ec8-9190-3a593954ddff/text HTTP/1.1
User-Agent: selenium/4.5.3 (java mac)
Cache-Control: no-cache
Content-Type: application/json; charset=utf-8
host: localhost:14650
accept: */*

Response DefaultHttpResponse(decodeResult: success, version: HTTP/1.1)
HTTP/1.1 200 OK
Content-Length: 92
Content-Type: application/json; charset=utf-8
cache-control: no-cache

10:51:23.763 [AsyncHttpClient-1-3] DEBUG org.asynchttpclient.netty.channel.ChannelManager - Adding key: http://localhost:14650 for channel [id: 0x1a9667f1, L:/127.0.0.1:64451 - R:localhost/127.0.0.1:14650]
10:51:23.765 [Forwarding findChildElement on session 72f0944edfb847112d07e03154691d26 to remote] DEBUG org.asynchttpclient.netty.request.NettyRequestSender - Using pooled Channel '[id: 0x1a9667f1, L:/127.0.0.1:64451 - R:localhost/127.0.0.1:14650]' for 'POST' to 'http://localhost:14650/session/72f0944edfb847112d07e03154691d26/element/70b80110-1b84-427e-a7cd-af3e392d9d6b/element'
10:51:23.765 [Forwarding findChildElement on session 72f0944edfb847112d07e03154691d26 to remote] DEBUG org.asynchttpclient.netty.request.NettyRequestSender - Using open Channel [id: 0x1a9667f1, L:/127.0.0.1:64451 - R:localhost/127.0.0.1:14650] for POST '/session/72f0944edfb847112d07e03154691d26/element/70b80110-1b84-427e-a7cd-af3e392d9d6b/element'
10:51:24.802 [AsyncHttpClient-1-1] DEBUG org.asynchttpclient.netty.channel.DefaultChannelPool - Entry count for : http://localhost:18432 : 1
10:51:24.802 [AsyncHttpClient-1-1] DEBUG org.asynchttpclient.netty.channel.DefaultChannelPool - Entry count for : http://localhost:64454 : 1
10:51:24.901 [AsyncHttpClient-1-3] DEBUG org.asynchttpclient.netty.handler.HttpHandler - 

Request DefaultHttpRequest(decodeResult: success, version: HTTP/1.1)
POST /session/72f0944edfb847112d07e03154691d26/element/70b80110-1b84-427e-a7cd-af3e392d9d6b/element HTTP/1.1
User-Agent: selenium/4.5.3 (java mac)
Content-Length: 106
Content-Type: application/json; charset=utf-8
host: localhost:14650
accept: */*

Response DefaultHttpResponse(decodeResult: success, version: HTTP/1.1)
HTTP/1.1 200 OK
Content-Length: 88
Content-Type: application/json; charset=utf-8
cache-control: no-cache

10:51:24.901 [AsyncHttpClient-1-3] DEBUG org.asynchttpclient.netty.channel.ChannelManager - Adding key: http://localhost:14650 for channel [id: 0x1a9667f1, L:/127.0.0.1:64451 - R:localhost/127.0.0.1:14650]
10:51:24.903 [Forwarding getElementText on session 72f0944edfb847112d07e03154691d26 to remote] DEBUG org.asynchttpclient.netty.request.NettyRequestSender - Using pooled Channel '[id: 0x1a9667f1, L:/127.0.0.1:64451 - R:localhost/127.0.0.1:14650]' for 'GET' to 'http://localhost:14650/session/72f0944edfb847112d07e03154691d26/element/4b5e5caf-2d62-4668-9191-238bc600cbf9/text'
10:51:24.903 [Forwarding getElementText on session 72f0944edfb847112d07e03154691d26 to remote] DEBUG org.asynchttpclient.netty.request.NettyRequestSender - Using open Channel [id: 0x1a9667f1, L:/127.0.0.1:64451 - R:localhost/127.0.0.1:14650] for GET '/session/72f0944edfb847112d07e03154691d26/element/4b5e5caf-2d62-4668-9191-238bc600cbf9/text'
10:51:25.122 [AsyncHttpClient-1-3] DEBUG org.asynchttpclient.netty.handler.HttpHandler - 

Request DefaultFullHttpRequest(decodeResult: success, version: HTTP/1.1, content: EmptyByteBufBE)
GET /session/72f0944edfb847112d07e03154691d26/element/4b5e5caf-2d62-4668-9191-238bc600cbf9/text HTTP/1.1
User-Agent: selenium/4.5.3 (java mac)
Cache-Control: no-cache
Content-Type: application/json; charset=utf-8
host: localhost:14650
accept: */*

Response DefaultHttpResponse(decodeResult: success, version: HTTP/1.1)
HTTP/1.1 200 OK
Content-Length: 19
Content-Type: application/json; charset=utf-8
cache-control: no-cache

10:51:25.123 [AsyncHttpClient-1-3] DEBUG org.asynchttpclient.netty.channel.ChannelManager - Adding key: http://localhost:14650 for channel [id: 0x1a9667f1, L:/127.0.0.1:64451 - R:localhost/127.0.0.1:14650]
10:51:25.128 [Forwarding findChildElement on session 72f0944edfb847112d07e03154691d26 to remote] DEBUG org.asynchttpclient.netty.request.NettyRequestSender - Using pooled Channel '[id: 0x1a9667f1, L:/127.0.0.1:64451 - R:localhost/127.0.0.1:14650]' for 'POST' to 'http://localhost:14650/session/72f0944edfb847112d07e03154691d26/element/b4654b03-8a4d-414a-a0be-9de73e9d4c64/element'
10:51:25.128 [Forwarding findChildElement on session 72f0944edfb847112d07e03154691d26 to remote] DEBUG org.asynchttpclient.netty.request.NettyRequestSender - Using open Channel [id: 0x1a9667f1, L:/127.0.0.1:64451 - R:localhost/127.0.0.1:14650] for POST '/session/72f0944edfb847112d07e03154691d26/element/b4654b03-8a4d-414a-a0be-9de73e9d4c64/element'
10:51:25.263 [AsyncHttpClient-1-3] DEBUG org.asynchttpclient.netty.handler.HttpHandler - 

Request DefaultHttpRequest(decodeResult: success, version: HTTP/1.1)
POST /session/72f0944edfb847112d07e03154691d26/element/b4654b03-8a4d-414a-a0be-9de73e9d4c64/element HTTP/1.1
User-Agent: selenium/4.5.3 (java mac)
Content-Length: 106
Content-Type: application/json; charset=utf-8
host: localhost:14650
accept: */*

Response DefaultHttpResponse(decodeResult: success, version: HTTP/1.1)
HTTP/1.1 200 OK
Content-Length: 88
Content-Type: application/json; charset=utf-8
cache-control: no-cache

10:51:25.264 [AsyncHttpClient-1-3] DEBUG org.asynchttpclient.netty.channel.ChannelManager - Adding key: http://localhost:14650 for channel [id: 0x1a9667f1, L:/127.0.0.1:64451 - R:localhost/127.0.0.1:14650]
10:51:25.265 [Forwarding getElementText on session 72f0944edfb847112d07e03154691d26 to remote] DEBUG org.asynchttpclient.netty.request.NettyRequestSender - Using pooled Channel '[id: 0x1a9667f1, L:/127.0.0.1:64451 - R:localhost/127.0.0.1:14650]' for 'GET' to 'http://localhost:14650/session/72f0944edfb847112d07e03154691d26/element/5a28b74b-bf39-4bc4-b4aa-59857409e2bb/text'
10:51:25.265 [Forwarding getElementText on session 72f0944edfb847112d07e03154691d26 to remote] DEBUG org.asynchttpclient.netty.request.NettyRequestSender - Using open Channel [id: 0x1a9667f1, L:/127.0.0.1:64451 - R:localhost/127.0.0.1:14650] for GET '/session/72f0944edfb847112d07e03154691d26/element/5a28b74b-bf39-4bc4-b4aa-59857409e2bb/text'
10:51:25.753 [AsyncHttpClient-1-3] DEBUG org.asynchttpclient.netty.handler.HttpHandler - 

Request DefaultFullHttpRequest(decodeResult: success, version: HTTP/1.1, content: EmptyByteBufBE)
GET /session/72f0944edfb847112d07e03154691d26/element/5a28b74b-bf39-4bc4-b4aa-59857409e2bb/text HTTP/1.1
User-Agent: selenium/4.5.3 (java mac)
Cache-Control: no-cache
Content-Type: application/json; charset=utf-8
host: localhost:14650
accept: */*

Response DefaultHttpResponse(decodeResult: success, version: HTTP/1.1)
HTTP/1.1 200 OK
Content-Length: 79
Content-Type: application/json; charset=utf-8
cache-control: no-cache

10:51:25.753 [AsyncHttpClient-1-3] DEBUG org.asynchttpclient.netty.channel.ChannelManager - Adding key: http://localhost:14650 for channel [id: 0x1a9667f1, L:/127.0.0.1:64451 - R:localhost/127.0.0.1:14650]
10:51:25.755 [Forwarding findChildElement on session 72f0944edfb847112d07e03154691d26 to remote] DEBUG org.asynchttpclient.netty.request.NettyRequestSender - Using pooled Channel '[id: 0x1a9667f1, L:/127.0.0.1:64451 - R:localhost/127.0.0.1:14650]' for 'POST' to 'http://localhost:14650/session/72f0944edfb847112d07e03154691d26/element/b4654b03-8a4d-414a-a0be-9de73e9d4c64/element'
10:51:25.755 [Forwarding findChildElement on session 72f0944edfb847112d07e03154691d26 to remote] DEBUG org.asynchttpclient.netty.request.NettyRequestSender - Using open Channel [id: 0x1a9667f1, L:/127.0.0.1:64451 - R:localhost/127.0.0.1:14650] for POST '/session/72f0944edfb847112d07e03154691d26/element/b4654b03-8a4d-414a-a0be-9de73e9d4c64/element'
10:51:25.897 [AsyncHttpClient-1-1] DEBUG org.asynchttpclient.netty.channel.DefaultChannelPool - Entry count for : http://localhost:18432 : 1
10:51:25.898 [AsyncHttpClient-1-1] DEBUG org.asynchttpclient.netty.channel.DefaultChannelPool - Entry count for : http://localhost:64454 : 1
10:51:26.272 [AsyncHttpClient-1-3] DEBUG org.asynchttpclient.netty.handler.HttpHandler - 

Request DefaultHttpRequest(decodeResult: success, version: HTTP/1.1)
POST /session/72f0944edfb847112d07e03154691d26/element/b4654b03-8a4d-414a-a0be-9de73e9d4c64/element HTTP/1.1
User-Agent: selenium/4.5.3 (java mac)
Content-Length: 106
Content-Type: application/json; charset=utf-8
host: localhost:14650
accept: */*

Response DefaultHttpResponse(decodeResult: success, version: HTTP/1.1)
HTTP/1.1 200 OK
Content-Length: 88
Content-Type: application/json; charset=utf-8
cache-control: no-cache

10:51:26.273 [AsyncHttpClient-1-3] DEBUG org.asynchttpclient.netty.channel.ChannelManager - Adding key: http://localhost:14650 for channel [id: 0x1a9667f1, L:/127.0.0.1:64451 - R:localhost/127.0.0.1:14650]
10:51:26.274 [Forwarding getElementText on session 72f0944edfb847112d07e03154691d26 to remote] DEBUG org.asynchttpclient.netty.request.NettyRequestSender - Using pooled Channel '[id: 0x1a9667f1, L:/127.0.0.1:64451 - R:localhost/127.0.0.1:14650]' for 'GET' to 'http://localhost:14650/session/72f0944edfb847112d07e03154691d26/element/41a00a31-029d-4541-928f-a65876f4884b/text'
10:51:26.274 [Forwarding getElementText on session 72f0944edfb847112d07e03154691d26 to remote] DEBUG org.asynchttpclient.netty.request.NettyRequestSender - Using open Channel [id: 0x1a9667f1, L:/127.0.0.1:64451 - R:localhost/127.0.0.1:14650] for GET '/session/72f0944edfb847112d07e03154691d26/element/41a00a31-029d-4541-928f-a65876f4884b/text'
10:51:26.341 [AsyncHttpClient-1-3] DEBUG org.asynchttpclient.netty.handler.HttpHandler - 

Request DefaultFullHttpRequest(decodeResult: success, version: HTTP/1.1, content: EmptyByteBufBE)
GET /session/72f0944edfb847112d07e03154691d26/element/41a00a31-029d-4541-928f-a65876f4884b/text HTTP/1.1
User-Agent: selenium/4.5.3 (java mac)
Cache-Control: no-cache
Content-Type: application/json; charset=utf-8
host: localhost:14650
accept: */*

Response DefaultHttpResponse(decodeResult: success, version: HTTP/1.1)
HTTP/1.1 200 OK
Content-Length: 19
Content-Type: application/json; charset=utf-8
cache-control: no-cache

10:51:26.341 [AsyncHttpClient-1-3] DEBUG org.asynchttpclient.netty.channel.ChannelManager - Adding key: http://localhost:14650 for channel [id: 0x1a9667f1, L:/127.0.0.1:64451 - R:localhost/127.0.0.1:14650]
10:51:26.342 [Forwarding findChildElement on session 72f0944edfb847112d07e03154691d26 to remote] DEBUG org.asynchttpclient.netty.request.NettyRequestSender - Using pooled Channel '[id: 0x1a9667f1, L:/127.0.0.1:64451 - R:localhost/127.0.0.1:14650]' for 'POST' to 'http://localhost:14650/session/72f0944edfb847112d07e03154691d26/element/ecbb2996-cf10-4a0c-b61c-9a85639a2a26/element'
10:51:26.343 [Forwarding findChildElement on session 72f0944edfb847112d07e03154691d26 to remote] DEBUG org.asynchttpclient.netty.request.NettyRequestSender - Using open Channel [id: 0x1a9667f1, L:/127.0.0.1:64451 - R:localhost/127.0.0.1:14650] for POST '/session/72f0944edfb847112d07e03154691d26/element/ecbb2996-cf10-4a0c-b61c-9a85639a2a26/element'
10:51:26.998 [AsyncHttpClient-1-1] DEBUG org.asynchttpclient.netty.channel.DefaultChannelPool - Entry count for : http://localhost:18432 : 1
10:51:26.998 [AsyncHttpClient-1-1] DEBUG org.asynchttpclient.netty.channel.DefaultChannelPool - Entry count for : http://localhost:64454 : 1
10:51:28.099 [AsyncHttpClient-1-1] DEBUG org.asynchttpclient.netty.channel.DefaultChannelPool - Entry count for : http://localhost:18432 : 1
10:51:28.099 [AsyncHttpClient-1-1] DEBUG org.asynchttpclient.netty.channel.DefaultChannelPool - Entry count for : http://localhost:64454 : 1
10:51:29.078 [AsyncHttpClient-1-3] DEBUG org.asynchttpclient.netty.handler.HttpHandler - 

Request DefaultHttpRequest(decodeResult: success, version: HTTP/1.1)
POST /session/72f0944edfb847112d07e03154691d26/element/ecbb2996-cf10-4a0c-b61c-9a85639a2a26/element HTTP/1.1
User-Agent: selenium/4.5.3 (java mac)
Content-Length: 106
Content-Type: application/json; charset=utf-8
host: localhost:14650
accept: */*

Response DefaultHttpResponse(decodeResult: success, version: HTTP/1.1)
HTTP/1.1 200 OK
Content-Length: 88
Content-Type: application/json; charset=utf-8
cache-control: no-cache

10:51:29.079 [AsyncHttpClient-1-3] DEBUG org.asynchttpclient.netty.channel.ChannelManager - Adding key: http://localhost:14650 for channel [id: 0x1a9667f1, L:/127.0.0.1:64451 - R:localhost/127.0.0.1:14650]
10:51:29.080 [Forwarding getElementText on session 72f0944edfb847112d07e03154691d26 to remote] DEBUG org.asynchttpclient.netty.request.NettyRequestSender - Using pooled Channel '[id: 0x1a9667f1, L:/127.0.0.1:64451 - R:localhost/127.0.0.1:14650]' for 'GET' to 'http://localhost:14650/session/72f0944edfb847112d07e03154691d26/element/aecc7712-1646-4665-a233-3096b06a256c/text'
10:51:29.080 [Forwarding getElementText on session 72f0944edfb847112d07e03154691d26 to remote] DEBUG org.asynchttpclient.netty.request.NettyRequestSender - Using open Channel [id: 0x1a9667f1, L:/127.0.0.1:64451 - R:localhost/127.0.0.1:14650] for GET '/session/72f0944edfb847112d07e03154691d26/element/aecc7712-1646-4665-a233-3096b06a256c/text'
10:51:29.201 [AsyncHttpClient-1-1] DEBUG org.asynchttpclient.netty.channel.DefaultChannelPool - Entry count for : http://localhost:18432 : 1
10:51:29.201 [AsyncHttpClient-1-1] DEBUG org.asynchttpclient.netty.channel.DefaultChannelPool - Entry count for : http://localhost:64454 : 1
10:51:29.532 [AsyncHttpClient-1-3] DEBUG org.asynchttpclient.netty.handler.HttpHandler - 

Request DefaultFullHttpRequest(decodeResult: success, version: HTTP/1.1, content: EmptyByteBufBE)
GET /session/72f0944edfb847112d07e03154691d26/element/aecc7712-1646-4665-a233-3096b06a256c/text HTTP/1.1
User-Agent: selenium/4.5.3 (java mac)
Cache-Control: no-cache
Content-Type: application/json; charset=utf-8
host: localhost:14650
accept: */*

Response DefaultHttpResponse(decodeResult: success, version: HTTP/1.1)
HTTP/1.1 200 OK
Content-Length: 75
Content-Type: application/json; charset=utf-8
cache-control: no-cache

10:51:29.532 [AsyncHttpClient-1-3] DEBUG org.asynchttpclient.netty.channel.ChannelManager - Adding key: http://localhost:14650 for channel [id: 0x1a9667f1, L:/127.0.0.1:64451 - R:localhost/127.0.0.1:14650]
10:51:29.535 [Forwarding findChildElement on session 72f0944edfb847112d07e03154691d26 to remote] DEBUG org.asynchttpclient.netty.request.NettyRequestSender - Using pooled Channel '[id: 0x1a9667f1, L:/127.0.0.1:64451 - R:localhost/127.0.0.1:14650]' for 'POST' to 'http://localhost:14650/session/72f0944edfb847112d07e03154691d26/element/ecbb2996-cf10-4a0c-b61c-9a85639a2a26/element'
10:51:29.535 [Forwarding findChildElement on session 72f0944edfb847112d07e03154691d26 to remote] DEBUG org.asynchttpclient.netty.request.NettyRequestSender - Using open Channel [id: 0x1a9667f1, L:/127.0.0.1:64451 - R:localhost/127.0.0.1:14650] for POST '/session/72f0944edfb847112d07e03154691d26/element/ecbb2996-cf10-4a0c-b61c-9a85639a2a26/element'
10:51:29.956 [AsyncHttpClient-1-3] DEBUG org.asynchttpclient.netty.handler.HttpHandler - 

Request DefaultHttpRequest(decodeResult: success, version: HTTP/1.1)
POST /session/72f0944edfb847112d07e03154691d26/element/ecbb2996-cf10-4a0c-b61c-9a85639a2a26/element HTTP/1.1
User-Agent: selenium/4.5.3 (java mac)
Content-Length: 106
Content-Type: application/json; charset=utf-8
host: localhost:14650
accept: */*

Response DefaultHttpResponse(decodeResult: success, version: HTTP/1.1)
HTTP/1.1 200 OK
Content-Length: 88
Content-Type: application/json; charset=utf-8
cache-control: no-cache

10:51:29.956 [AsyncHttpClient-1-3] DEBUG org.asynchttpclient.netty.channel.ChannelManager - Adding key: http://localhost:14650 for channel [id: 0x1a9667f1, L:/127.0.0.1:64451 - R:localhost/127.0.0.1:14650]
10:51:29.957 [Forwarding getElementText on session 72f0944edfb847112d07e03154691d26 to remote] DEBUG org.asynchttpclient.netty.request.NettyRequestSender - Using pooled Channel '[id: 0x1a9667f1, L:/127.0.0.1:64451 - R:localhost/127.0.0.1:14650]' for 'GET' to 'http://localhost:14650/session/72f0944edfb847112d07e03154691d26/element/41e1bbaf-b874-4caa-b057-bcf54426fe94/text'
10:51:29.957 [Forwarding getElementText on session 72f0944edfb847112d07e03154691d26 to remote] DEBUG org.asynchttpclient.netty.request.NettyRequestSender - Using open Channel [id: 0x1a9667f1, L:/127.0.0.1:64451 - R:localhost/127.0.0.1:14650] for GET '/session/72f0944edfb847112d07e03154691d26/element/41e1bbaf-b874-4caa-b057-bcf54426fe94/text'
10:51:30.300 [AsyncHttpClient-1-1] DEBUG org.asynchttpclient.netty.channel.DefaultChannelPool - Entry count for : http://localhost:18432 : 1
10:51:30.300 [AsyncHttpClient-1-1] DEBUG org.asynchttpclient.netty.channel.DefaultChannelPool - Entry count for : http://localhost:64454 : 1
10:51:30.457 [AsyncHttpClient-1-3] DEBUG org.asynchttpclient.netty.handler.HttpHandler - 

Request DefaultFullHttpRequest(decodeResult: success, version: HTTP/1.1, content: EmptyByteBufBE)
GET /session/72f0944edfb847112d07e03154691d26/element/41e1bbaf-b874-4caa-b057-bcf54426fe94/text HTTP/1.1
User-Agent: selenium/4.5.3 (java mac)
Cache-Control: no-cache
Content-Type: application/json; charset=utf-8
host: localhost:14650
accept: */*

Response DefaultHttpResponse(decodeResult: success, version: HTTP/1.1)
HTTP/1.1 200 OK
Content-Length: 19
Content-Type: application/json; charset=utf-8
cache-control: no-cache

10:51:30.457 [AsyncHttpClient-1-3] DEBUG org.asynchttpclient.netty.channel.ChannelManager - Adding key: http://localhost:14650 for channel [id: 0x1a9667f1, L:/127.0.0.1:64451 - R:localhost/127.0.0.1:14650]
10:51:30.460 [Forwarding findChildElement on session 72f0944edfb847112d07e03154691d26 to remote] DEBUG org.asynchttpclient.netty.request.NettyRequestSender - Using pooled Channel '[id: 0x1a9667f1, L:/127.0.0.1:64451 - R:localhost/127.0.0.1:14650]' for 'POST' to 'http://localhost:14650/session/72f0944edfb847112d07e03154691d26/element/2f0883d7-e14e-4550-9ea1-92a8fd4d4868/element'
10:51:30.461 [Forwarding findChildElement on session 72f0944edfb847112d07e03154691d26 to remote] DEBUG org.asynchttpclient.netty.request.NettyRequestSender - Using open Channel [id: 0x1a9667f1, L:/127.0.0.1:64451 - R:localhost/127.0.0.1:14650] for POST '/session/72f0944edfb847112d07e03154691d26/element/2f0883d7-e14e-4550-9ea1-92a8fd4d4868/element'
10:51:30.556 [AsyncHttpClient-1-3] DEBUG org.asynchttpclient.netty.handler.HttpHandler - 

Request DefaultHttpRequest(decodeResult: success, version: HTTP/1.1)
POST /session/72f0944edfb847112d07e03154691d26/element/2f0883d7-e14e-4550-9ea1-92a8fd4d4868/element HTTP/1.1
User-Agent: selenium/4.5.3 (java mac)
Content-Length: 106
Content-Type: application/json; charset=utf-8
host: localhost:14650
accept: */*

Response DefaultHttpResponse(decodeResult: success, version: HTTP/1.1)
HTTP/1.1 200 OK
Content-Length: 88
Content-Type: application/json; charset=utf-8
cache-control: no-cache

10:51:30.557 [AsyncHttpClient-1-3] DEBUG org.asynchttpclient.netty.channel.ChannelManager - Adding key: http://localhost:14650 for channel [id: 0x1a9667f1, L:/127.0.0.1:64451 - R:localhost/127.0.0.1:14650]
10:51:30.558 [Forwarding getElementText on session 72f0944edfb847112d07e03154691d26 to remote] DEBUG org.asynchttpclient.netty.request.NettyRequestSender - Using pooled Channel '[id: 0x1a9667f1, L:/127.0.0.1:64451 - R:localhost/127.0.0.1:14650]' for 'GET' to 'http://localhost:14650/session/72f0944edfb847112d07e03154691d26/element/fd093e3c-0139-471e-8672-d36c9446da7c/text'
10:51:30.559 [Forwarding getElementText on session 72f0944edfb847112d07e03154691d26 to remote] DEBUG org.asynchttpclient.netty.request.NettyRequestSender - Using open Channel [id: 0x1a9667f1, L:/127.0.0.1:64451 - R:localhost/127.0.0.1:14650] for GET '/session/72f0944edfb847112d07e03154691d26/element/fd093e3c-0139-471e-8672-d36c9446da7c/text'
10:51:30.677 [AsyncHttpClient-1-3] DEBUG org.asynchttpclient.netty.handler.HttpHandler - 

Request DefaultFullHttpRequest(decodeResult: success, version: HTTP/1.1, content: EmptyByteBufBE)
GET /session/72f0944edfb847112d07e03154691d26/element/fd093e3c-0139-471e-8672-d36c9446da7c/text HTTP/1.1
User-Agent: selenium/4.5.3 (java mac)
Cache-Control: no-cache
Content-Type: application/json; charset=utf-8
host: localhost:14650
accept: */*

Response DefaultHttpResponse(decodeResult: success, version: HTTP/1.1)
HTTP/1.1 200 OK
Content-Length: 72
Content-Type: application/json; charset=utf-8
cache-control: no-cache

10:51:30.677 [AsyncHttpClient-1-3] DEBUG org.asynchttpclient.netty.channel.ChannelManager - Adding key: http://localhost:14650 for channel [id: 0x1a9667f1, L:/127.0.0.1:64451 - R:localhost/127.0.0.1:14650]
10:51:30.680 [Forwarding findChildElement on session 72f0944edfb847112d07e03154691d26 to remote] DEBUG org.asynchttpclient.netty.request.NettyRequestSender - Using pooled Channel '[id: 0x1a9667f1, L:/127.0.0.1:64451 - R:localhost/127.0.0.1:14650]' for 'POST' to 'http://localhost:14650/session/72f0944edfb847112d07e03154691d26/element/2f0883d7-e14e-4550-9ea1-92a8fd4d4868/element'
10:51:30.680 [Forwarding findChildElement on session 72f0944edfb847112d07e03154691d26 to remote] DEBUG org.asynchttpclient.netty.request.NettyRequestSender - Using open Channel [id: 0x1a9667f1, L:/127.0.0.1:64451 - R:localhost/127.0.0.1:14650] for POST '/session/72f0944edfb847112d07e03154691d26/element/2f0883d7-e14e-4550-9ea1-92a8fd4d4868/element'
10:51:30.758 [AsyncHttpClient-1-3] DEBUG org.asynchttpclient.netty.handler.HttpHandler - 

Request DefaultHttpRequest(decodeResult: success, version: HTTP/1.1)
POST /session/72f0944edfb847112d07e03154691d26/element/2f0883d7-e14e-4550-9ea1-92a8fd4d4868/element HTTP/1.1
User-Agent: selenium/4.5.3 (java mac)
Content-Length: 106
Content-Type: application/json; charset=utf-8
host: localhost:14650
accept: */*

Response DefaultHttpResponse(decodeResult: success, version: HTTP/1.1)
HTTP/1.1 200 OK
Content-Length: 88
Content-Type: application/json; charset=utf-8
cache-control: no-cache

10:51:30.759 [AsyncHttpClient-1-3] DEBUG org.asynchttpclient.netty.channel.ChannelManager - Adding key: http://localhost:14650 for channel [id: 0x1a9667f1, L:/127.0.0.1:64451 - R:localhost/127.0.0.1:14650]
10:51:30.761 [Forwarding getElementText on session 72f0944edfb847112d07e03154691d26 to remote] DEBUG org.asynchttpclient.netty.request.NettyRequestSender - Using pooled Channel '[id: 0x1a9667f1, L:/127.0.0.1:64451 - R:localhost/127.0.0.1:14650]' for 'GET' to 'http://localhost:14650/session/72f0944edfb847112d07e03154691d26/element/b3d56ba1-3d86-4ef9-9e78-f5c2ecc1df6c/text'
10:51:30.761 [Forwarding getElementText on session 72f0944edfb847112d07e03154691d26 to remote] DEBUG org.asynchttpclient.netty.request.NettyRequestSender - Using open Channel [id: 0x1a9667f1, L:/127.0.0.1:64451 - R:localhost/127.0.0.1:14650] for GET '/session/72f0944edfb847112d07e03154691d26/element/b3d56ba1-3d86-4ef9-9e78-f5c2ecc1df6c/text'
10:51:30.832 [AsyncHttpClient-1-3] DEBUG org.asynchttpclient.netty.handler.HttpHandler - 

Request DefaultFullHttpRequest(decodeResult: success, version: HTTP/1.1, content: EmptyByteBufBE)
GET /session/72f0944edfb847112d07e03154691d26/element/b3d56ba1-3d86-4ef9-9e78-f5c2ecc1df6c/text HTTP/1.1
User-Agent: selenium/4.5.3 (java mac)
Cache-Control: no-cache
Content-Type: application/json; charset=utf-8
host: localhost:14650
accept: */*

Response DefaultHttpResponse(decodeResult: success, version: HTTP/1.1)
HTTP/1.1 200 OK
Content-Length: 19
Content-Type: application/json; charset=utf-8
cache-control: no-cache

10:51:30.832 [AsyncHttpClient-1-3] DEBUG org.asynchttpclient.netty.channel.ChannelManager - Adding key: http://localhost:14650 for channel [id: 0x1a9667f1, L:/127.0.0.1:64451 - R:localhost/127.0.0.1:14650]
10:51:30.834 [Forwarding findChildElement on session 72f0944edfb847112d07e03154691d26 to remote] DEBUG org.asynchttpclient.netty.request.NettyRequestSender - Using pooled Channel '[id: 0x1a9667f1, L:/127.0.0.1:64451 - R:localhost/127.0.0.1:14650]' for 'POST' to 'http://localhost:14650/session/72f0944edfb847112d07e03154691d26/element/ed2406b0-781d-4bf5-8e0e-d1e033ea2e59/element'
10:51:30.834 [Forwarding findChildElement on session 72f0944edfb847112d07e03154691d26 to remote] DEBUG org.asynchttpclient.netty.request.NettyRequestSender - Using open Channel [id: 0x1a9667f1, L:/127.0.0.1:64451 - R:localhost/127.0.0.1:14650] for POST '/session/72f0944edfb847112d07e03154691d26/element/ed2406b0-781d-4bf5-8e0e-d1e033ea2e59/element'
10:51:30.872 [AsyncHttpClient-1-3] DEBUG org.asynchttpclient.netty.handler.HttpHandler - 

Request DefaultHttpRequest(decodeResult: success, version: HTTP/1.1)
POST /session/72f0944edfb847112d07e03154691d26/element/ed2406b0-781d-4bf5-8e0e-d1e033ea2e59/element HTTP/1.1
User-Agent: selenium/4.5.3 (java mac)
Content-Length: 106
Content-Type: application/json; charset=utf-8
host: localhost:14650
accept: */*

Response DefaultHttpResponse(decodeResult: success, version: HTTP/1.1)
HTTP/1.1 200 OK
Content-Length: 88
Content-Type: application/json; charset=utf-8
cache-control: no-cache

10:51:30.872 [AsyncHttpClient-1-3] DEBUG org.asynchttpclient.netty.channel.ChannelManager - Adding key: http://localhost:14650 for channel [id: 0x1a9667f1, L:/127.0.0.1:64451 - R:localhost/127.0.0.1:14650]
10:51:30.873 [Forwarding getElementText on session 72f0944edfb847112d07e03154691d26 to remote] DEBUG org.asynchttpclient.netty.request.NettyRequestSender - Using pooled Channel '[id: 0x1a9667f1, L:/127.0.0.1:64451 - R:localhost/127.0.0.1:14650]' for 'GET' to 'http://localhost:14650/session/72f0944edfb847112d07e03154691d26/element/722c9bc7-274b-4e9f-99af-71ef324257ed/text'
10:51:30.873 [Forwarding getElementText on session 72f0944edfb847112d07e03154691d26 to remote] DEBUG org.asynchttpclient.netty.request.NettyRequestSender - Using open Channel [id: 0x1a9667f1, L:/127.0.0.1:64451 - R:localhost/127.0.0.1:14650] for GET '/session/72f0944edfb847112d07e03154691d26/element/722c9bc7-274b-4e9f-99af-71ef324257ed/text'
10:51:30.946 [AsyncHttpClient-1-3] DEBUG org.asynchttpclient.netty.handler.HttpHandler - 

Request DefaultFullHttpRequest(decodeResult: success, version: HTTP/1.1, content: EmptyByteBufBE)
GET /session/72f0944edfb847112d07e03154691d26/element/722c9bc7-274b-4e9f-99af-71ef324257ed/text HTTP/1.1
User-Agent: selenium/4.5.3 (java mac)
Cache-Control: no-cache
Content-Type: application/json; charset=utf-8
host: localhost:14650
accept: */*

Response DefaultHttpResponse(decodeResult: success, version: HTTP/1.1)
HTTP/1.1 200 OK
Content-Length: 79
Content-Type: application/json; charset=utf-8
cache-control: no-cache

10:51:30.946 [AsyncHttpClient-1-3] DEBUG org.asynchttpclient.netty.channel.ChannelManager - Adding key: http://localhost:14650 for channel [id: 0x1a9667f1, L:/127.0.0.1:64451 - R:localhost/127.0.0.1:14650]
10:51:30.948 [Forwarding findChildElement on session 72f0944edfb847112d07e03154691d26 to remote] DEBUG org.asynchttpclient.netty.request.NettyRequestSender - Using pooled Channel '[id: 0x1a9667f1, L:/127.0.0.1:64451 - R:localhost/127.0.0.1:14650]' for 'POST' to 'http://localhost:14650/session/72f0944edfb847112d07e03154691d26/element/ed2406b0-781d-4bf5-8e0e-d1e033ea2e59/element'
10:51:30.948 [Forwarding findChildElement on session 72f0944edfb847112d07e03154691d26 to remote] DEBUG org.asynchttpclient.netty.request.NettyRequestSender - Using open Channel [id: 0x1a9667f1, L:/127.0.0.1:64451 - R:localhost/127.0.0.1:14650] for POST '/session/72f0944edfb847112d07e03154691d26/element/ed2406b0-781d-4bf5-8e0e-d1e033ea2e59/element'
10:51:31.190 [AsyncHttpClient-1-3] DEBUG org.asynchttpclient.netty.handler.HttpHandler - 

Request DefaultHttpRequest(decodeResult: success, version: HTTP/1.1)
POST /session/72f0944edfb847112d07e03154691d26/element/ed2406b0-781d-4bf5-8e0e-d1e033ea2e59/element HTTP/1.1
User-Agent: selenium/4.5.3 (java mac)
Content-Length: 106
Content-Type: application/json; charset=utf-8
host: localhost:14650
accept: */*

Response DefaultHttpResponse(decodeResult: success, version: HTTP/1.1)
HTTP/1.1 200 OK
Content-Length: 88
Content-Type: application/json; charset=utf-8
cache-control: no-cache

10:51:31.190 [AsyncHttpClient-1-3] DEBUG org.asynchttpclient.netty.channel.ChannelManager - Adding key: http://localhost:14650 for channel [id: 0x1a9667f1, L:/127.0.0.1:64451 - R:localhost/127.0.0.1:14650]
10:51:31.191 [Forwarding getElementText on session 72f0944edfb847112d07e03154691d26 to remote] DEBUG org.asynchttpclient.netty.request.NettyRequestSender - Using pooled Channel '[id: 0x1a9667f1, L:/127.0.0.1:64451 - R:localhost/127.0.0.1:14650]' for 'GET' to 'http://localhost:14650/session/72f0944edfb847112d07e03154691d26/element/ec86b739-eac8-48d6-9338-247c9c2a64f3/text'
10:51:31.191 [Forwarding getElementText on session 72f0944edfb847112d07e03154691d26 to remote] DEBUG org.asynchttpclient.netty.request.NettyRequestSender - Using open Channel [id: 0x1a9667f1, L:/127.0.0.1:64451 - R:localhost/127.0.0.1:14650] for GET '/session/72f0944edfb847112d07e03154691d26/element/ec86b739-eac8-48d6-9338-247c9c2a64f3/text'
10:51:31.313 [AsyncHttpClient-1-3] DEBUG org.asynchttpclient.netty.handler.HttpHandler - 

Request DefaultFullHttpRequest(decodeResult: success, version: HTTP/1.1, content: EmptyByteBufBE)
GET /session/72f0944edfb847112d07e03154691d26/element/ec86b739-eac8-48d6-9338-247c9c2a64f3/text HTTP/1.1
User-Agent: selenium/4.5.3 (java mac)
Cache-Control: no-cache
Content-Type: application/json; charset=utf-8
host: localhost:14650
accept: */*

Response DefaultHttpResponse(decodeResult: success, version: HTTP/1.1)
HTTP/1.1 200 OK
Content-Length: 19
Content-Type: application/json; charset=utf-8
cache-control: no-cache

10:51:31.313 [AsyncHttpClient-1-3] DEBUG org.asynchttpclient.netty.channel.ChannelManager - Adding key: http://localhost:14650 for channel [id: 0x1a9667f1, L:/127.0.0.1:64451 - R:localhost/127.0.0.1:14650]
10:51:31.316 [Forwarding findChildElement on session 72f0944edfb847112d07e03154691d26 to remote] DEBUG org.asynchttpclient.netty.request.NettyRequestSender - Using pooled Channel '[id: 0x1a9667f1, L:/127.0.0.1:64451 - R:localhost/127.0.0.1:14650]' for 'POST' to 'http://localhost:14650/session/72f0944edfb847112d07e03154691d26/element/c2c10561-f3cc-48f8-b703-572d34b975ac/element'
10:51:31.316 [Forwarding findChildElement on session 72f0944edfb847112d07e03154691d26 to remote] DEBUG org.asynchttpclient.netty.request.NettyRequestSender - Using open Channel [id: 0x1a9667f1, L:/127.0.0.1:64451 - R:localhost/127.0.0.1:14650] for POST '/session/72f0944edfb847112d07e03154691d26/element/c2c10561-f3cc-48f8-b703-572d34b975ac/element'
10:51:31.379 [AsyncHttpClient-1-3] DEBUG org.asynchttpclient.netty.handler.HttpHandler - 

Request DefaultHttpRequest(decodeResult: success, version: HTTP/1.1)
POST /session/72f0944edfb847112d07e03154691d26/element/c2c10561-f3cc-48f8-b703-572d34b975ac/element HTTP/1.1
User-Agent: selenium/4.5.3 (java mac)
Content-Length: 106
Content-Type: application/json; charset=utf-8
host: localhost:14650
accept: */*

Response DefaultHttpResponse(decodeResult: success, version: HTTP/1.1)
HTTP/1.1 200 OK
Content-Length: 88
Content-Type: application/json; charset=utf-8
cache-control: no-cache

10:51:31.380 [AsyncHttpClient-1-3] DEBUG org.asynchttpclient.netty.channel.ChannelManager - Adding key: http://localhost:14650 for channel [id: 0x1a9667f1, L:/127.0.0.1:64451 - R:localhost/127.0.0.1:14650]
10:51:31.381 [Forwarding getElementText on session 72f0944edfb847112d07e03154691d26 to remote] DEBUG org.asynchttpclient.netty.request.NettyRequestSender - Using pooled Channel '[id: 0x1a9667f1, L:/127.0.0.1:64451 - R:localhost/127.0.0.1:14650]' for 'GET' to 'http://localhost:14650/session/72f0944edfb847112d07e03154691d26/element/60ffd9a4-7e3b-475f-80ec-3f84184c497d/text'
10:51:31.381 [Forwarding getElementText on session 72f0944edfb847112d07e03154691d26 to remote] DEBUG org.asynchttpclient.netty.request.NettyRequestSender - Using open Channel [id: 0x1a9667f1, L:/127.0.0.1:64451 - R:localhost/127.0.0.1:14650] for GET '/session/72f0944edfb847112d07e03154691d26/element/60ffd9a4-7e3b-475f-80ec-3f84184c497d/text'
10:51:31.401 [AsyncHttpClient-1-1] DEBUG org.asynchttpclient.netty.channel.DefaultChannelPool - Entry count for : http://localhost:18432 : 1
10:51:31.401 [AsyncHttpClient-1-1] DEBUG org.asynchttpclient.netty.channel.DefaultChannelPool - Entry count for : http://localhost:64454 : 1
10:51:31.478 [AsyncHttpClient-1-3] DEBUG org.asynchttpclient.netty.handler.HttpHandler - 

Request DefaultFullHttpRequest(decodeResult: success, version: HTTP/1.1, content: EmptyByteBufBE)
GET /session/72f0944edfb847112d07e03154691d26/element/60ffd9a4-7e3b-475f-80ec-3f84184c497d/text HTTP/1.1
User-Agent: selenium/4.5.3 (java mac)
Cache-Control: no-cache
Content-Type: application/json; charset=utf-8
host: localhost:14650
accept: */*

Response DefaultHttpResponse(decodeResult: success, version: HTTP/1.1)
HTTP/1.1 200 OK
Content-Length: 72
Content-Type: application/json; charset=utf-8
cache-control: no-cache

10:51:31.478 [AsyncHttpClient-1-3] DEBUG org.asynchttpclient.netty.channel.ChannelManager - Adding key: http://localhost:14650 for channel [id: 0x1a9667f1, L:/127.0.0.1:64451 - R:localhost/127.0.0.1:14650]
10:51:31.480 [Forwarding findChildElement on session 72f0944edfb847112d07e03154691d26 to remote] DEBUG org.asynchttpclient.netty.request.NettyRequestSender - Using pooled Channel '[id: 0x1a9667f1, L:/127.0.0.1:64451 - R:localhost/127.0.0.1:14650]' for 'POST' to 'http://localhost:14650/session/72f0944edfb847112d07e03154691d26/element/c2c10561-f3cc-48f8-b703-572d34b975ac/element'
10:51:31.480 [Forwarding findChildElement on session 72f0944edfb847112d07e03154691d26 to remote] DEBUG org.asynchttpclient.netty.request.NettyRequestSender - Using open Channel [id: 0x1a9667f1, L:/127.0.0.1:64451 - R:localhost/127.0.0.1:14650] for POST '/session/72f0944edfb847112d07e03154691d26/element/c2c10561-f3cc-48f8-b703-572d34b975ac/element'
10:51:31.724 [AsyncHttpClient-1-3] DEBUG org.asynchttpclient.netty.handler.HttpHandler - 

Request DefaultHttpRequest(decodeResult: success, version: HTTP/1.1)
POST /session/72f0944edfb847112d07e03154691d26/element/c2c10561-f3cc-48f8-b703-572d34b975ac/element HTTP/1.1
User-Agent: selenium/4.5.3 (java mac)
Content-Length: 106
Content-Type: application/json; charset=utf-8
host: localhost:14650
accept: */*

Response DefaultHttpResponse(decodeResult: success, version: HTTP/1.1)
HTTP/1.1 200 OK
Content-Length: 88
Content-Type: application/json; charset=utf-8
cache-control: no-cache

10:51:31.725 [AsyncHttpClient-1-3] DEBUG org.asynchttpclient.netty.channel.ChannelManager - Adding key: http://localhost:14650 for channel [id: 0x1a9667f1, L:/127.0.0.1:64451 - R:localhost/127.0.0.1:14650]
10:51:31.726 [Forwarding getElementText on session 72f0944edfb847112d07e03154691d26 to remote] DEBUG org.asynchttpclient.netty.request.NettyRequestSender - Using pooled Channel '[id: 0x1a9667f1, L:/127.0.0.1:64451 - R:localhost/127.0.0.1:14650]' for 'GET' to 'http://localhost:14650/session/72f0944edfb847112d07e03154691d26/element/2a8ce17f-95c5-4f61-b3dc-a07297ed9aa6/text'
10:51:31.726 [Forwarding getElementText on session 72f0944edfb847112d07e03154691d26 to remote] DEBUG org.asynchttpclient.netty.request.NettyRequestSender - Using open Channel [id: 0x1a9667f1, L:/127.0.0.1:64451 - R:localhost/127.0.0.1:14650] for GET '/session/72f0944edfb847112d07e03154691d26/element/2a8ce17f-95c5-4f61-b3dc-a07297ed9aa6/text'
10:51:31.869 [AsyncHttpClient-1-3] DEBUG org.asynchttpclient.netty.handler.HttpHandler - 

Request DefaultFullHttpRequest(decodeResult: success, version: HTTP/1.1, content: EmptyByteBufBE)
GET /session/72f0944edfb847112d07e03154691d26/element/2a8ce17f-95c5-4f61-b3dc-a07297ed9aa6/text HTTP/1.1
User-Agent: selenium/4.5.3 (java mac)
Cache-Control: no-cache
Content-Type: application/json; charset=utf-8
host: localhost:14650
accept: */*

Response DefaultHttpResponse(decodeResult: success, version: HTTP/1.1)
HTTP/1.1 200 OK
Content-Length: 19
Content-Type: application/json; charset=utf-8
cache-control: no-cache

10:51:31.870 [AsyncHttpClient-1-3] DEBUG org.asynchttpclient.netty.channel.ChannelManager - Adding key: http://localhost:14650 for channel [id: 0x1a9667f1, L:/127.0.0.1:64451 - R:localhost/127.0.0.1:14650]
10:51:31.872 [Forwarding findChildElement on session 72f0944edfb847112d07e03154691d26 to remote] DEBUG org.asynchttpclient.netty.request.NettyRequestSender - Using pooled Channel '[id: 0x1a9667f1, L:/127.0.0.1:64451 - R:localhost/127.0.0.1:14650]' for 'POST' to 'http://localhost:14650/session/72f0944edfb847112d07e03154691d26/element/e547c749-d344-465a-8798-405f61979e57/element'
10:51:31.872 [Forwarding findChildElement on session 72f0944edfb847112d07e03154691d26 to remote] DEBUG org.asynchttpclient.netty.request.NettyRequestSender - Using open Channel [id: 0x1a9667f1, L:/127.0.0.1:64451 - R:localhost/127.0.0.1:14650] for POST '/session/72f0944edfb847112d07e03154691d26/element/e547c749-d344-465a-8798-405f61979e57/element'
10:51:31.953 [AsyncHttpClient-1-3] DEBUG org.asynchttpclient.netty.handler.HttpHandler - 

Request DefaultHttpRequest(decodeResult: success, version: HTTP/1.1)
POST /session/72f0944edfb847112d07e03154691d26/element/e547c749-d344-465a-8798-405f61979e57/element HTTP/1.1
User-Agent: selenium/4.5.3 (java mac)
Content-Length: 106
Content-Type: application/json; charset=utf-8
host: localhost:14650
accept: */*

Response DefaultHttpResponse(decodeResult: success, version: HTTP/1.1)
HTTP/1.1 200 OK
Content-Length: 88
Content-Type: application/json; charset=utf-8
cache-control: no-cache

10:51:31.954 [AsyncHttpClient-1-3] DEBUG org.asynchttpclient.netty.channel.ChannelManager - Adding key: http://localhost:14650 for channel [id: 0x1a9667f1, L:/127.0.0.1:64451 - R:localhost/127.0.0.1:14650]
10:51:31.955 [Forwarding getElementText on session 72f0944edfb847112d07e03154691d26 to remote] DEBUG org.asynchttpclient.netty.request.NettyRequestSender - Using pooled Channel '[id: 0x1a9667f1, L:/127.0.0.1:64451 - R:localhost/127.0.0.1:14650]' for 'GET' to 'http://localhost:14650/session/72f0944edfb847112d07e03154691d26/element/82fe5e2a-bb9f-4e48-b39d-5c66696b155b/text'
10:51:31.955 [Forwarding getElementText on session 72f0944edfb847112d07e03154691d26 to remote] DEBUG org.asynchttpclient.netty.request.NettyRequestSender - Using open Channel [id: 0x1a9667f1, L:/127.0.0.1:64451 - R:localhost/127.0.0.1:14650] for GET '/session/72f0944edfb847112d07e03154691d26/element/82fe5e2a-bb9f-4e48-b39d-5c66696b155b/text'
10:51:32.029 [AsyncHttpClient-1-3] DEBUG org.asynchttpclient.netty.handler.HttpHandler - 

Request DefaultFullHttpRequest(decodeResult: success, version: HTTP/1.1, content: EmptyByteBufBE)
GET /session/72f0944edfb847112d07e03154691d26/element/82fe5e2a-bb9f-4e48-b39d-5c66696b155b/text HTTP/1.1
User-Agent: selenium/4.5.3 (java mac)
Cache-Control: no-cache
Content-Type: application/json; charset=utf-8
host: localhost:14650
accept: */*

Response DefaultHttpResponse(decodeResult: success, version: HTTP/1.1)
HTTP/1.1 200 OK
Content-Length: 64
Content-Type: application/json; charset=utf-8
cache-control: no-cache

10:51:32.029 [AsyncHttpClient-1-3] DEBUG org.asynchttpclient.netty.channel.ChannelManager - Adding key: http://localhost:14650 for channel [id: 0x1a9667f1, L:/127.0.0.1:64451 - R:localhost/127.0.0.1:14650]
10:51:32.031 [Forwarding findChildElement on session 72f0944edfb847112d07e03154691d26 to remote] DEBUG org.asynchttpclient.netty.request.NettyRequestSender - Using pooled Channel '[id: 0x1a9667f1, L:/127.0.0.1:64451 - R:localhost/127.0.0.1:14650]' for 'POST' to 'http://localhost:14650/session/72f0944edfb847112d07e03154691d26/element/e547c749-d344-465a-8798-405f61979e57/element'
10:51:32.032 [Forwarding findChildElement on session 72f0944edfb847112d07e03154691d26 to remote] DEBUG org.asynchttpclient.netty.request.NettyRequestSender - Using open Channel [id: 0x1a9667f1, L:/127.0.0.1:64451 - R:localhost/127.0.0.1:14650] for POST '/session/72f0944edfb847112d07e03154691d26/element/e547c749-d344-465a-8798-405f61979e57/element'
10:51:32.170 [AsyncHttpClient-1-3] DEBUG org.asynchttpclient.netty.handler.HttpHandler - 

Request DefaultHttpRequest(decodeResult: success, version: HTTP/1.1)
POST /session/72f0944edfb847112d07e03154691d26/element/e547c749-d344-465a-8798-405f61979e57/element HTTP/1.1
User-Agent: selenium/4.5.3 (java mac)
Content-Length: 106
Content-Type: application/json; charset=utf-8
host: localhost:14650
accept: */*

Response DefaultHttpResponse(decodeResult: success, version: HTTP/1.1)
HTTP/1.1 200 OK
Content-Length: 88
Content-Type: application/json; charset=utf-8
cache-control: no-cache

10:51:32.170 [AsyncHttpClient-1-3] DEBUG org.asynchttpclient.netty.channel.ChannelManager - Adding key: http://localhost:14650 for channel [id: 0x1a9667f1, L:/127.0.0.1:64451 - R:localhost/127.0.0.1:14650]
10:51:32.173 [Forwarding getElementText on session 72f0944edfb847112d07e03154691d26 to remote] DEBUG org.asynchttpclient.netty.request.NettyRequestSender - Using pooled Channel '[id: 0x1a9667f1, L:/127.0.0.1:64451 - R:localhost/127.0.0.1:14650]' for 'GET' to 'http://localhost:14650/session/72f0944edfb847112d07e03154691d26/element/06dd78fa-cac9-4b44-b955-fb2fa1107d30/text'
10:51:32.173 [Forwarding getElementText on session 72f0944edfb847112d07e03154691d26 to remote] DEBUG org.asynchttpclient.netty.request.NettyRequestSender - Using open Channel [id: 0x1a9667f1, L:/127.0.0.1:64451 - R:localhost/127.0.0.1:14650] for GET '/session/72f0944edfb847112d07e03154691d26/element/06dd78fa-cac9-4b44-b955-fb2fa1107d30/text'
10:51:32.234 [AsyncHttpClient-1-3] DEBUG org.asynchttpclient.netty.handler.HttpHandler - 

Request DefaultFullHttpRequest(decodeResult: success, version: HTTP/1.1, content: EmptyByteBufBE)
GET /session/72f0944edfb847112d07e03154691d26/element/06dd78fa-cac9-4b44-b955-fb2fa1107d30/text HTTP/1.1
User-Agent: selenium/4.5.3 (java mac)
Cache-Control: no-cache
Content-Type: application/json; charset=utf-8
host: localhost:14650
accept: */*

Response DefaultHttpResponse(decodeResult: success, version: HTTP/1.1)
HTTP/1.1 200 OK
Content-Length: 19
Content-Type: application/json; charset=utf-8
cache-control: no-cache

10:51:32.235 [AsyncHttpClient-1-3] DEBUG org.asynchttpclient.netty.channel.ChannelManager - Adding key: http://localhost:14650 for channel [id: 0x1a9667f1, L:/127.0.0.1:64451 - R:localhost/127.0.0.1:14650]
10:51:32.237 [Forwarding findChildElement on session 72f0944edfb847112d07e03154691d26 to remote] DEBUG org.asynchttpclient.netty.request.NettyRequestSender - Using pooled Channel '[id: 0x1a9667f1, L:/127.0.0.1:64451 - R:localhost/127.0.0.1:14650]' for 'POST' to 'http://localhost:14650/session/72f0944edfb847112d07e03154691d26/element/d6d080a1-20c0-4518-8bc8-e62e812ad559/element'
10:51:32.237 [Forwarding findChildElement on session 72f0944edfb847112d07e03154691d26 to remote] DEBUG org.asynchttpclient.netty.request.NettyRequestSender - Using open Channel [id: 0x1a9667f1, L:/127.0.0.1:64451 - R:localhost/127.0.0.1:14650] for POST '/session/72f0944edfb847112d07e03154691d26/element/d6d080a1-20c0-4518-8bc8-e62e812ad559/element'
10:51:32.320 [AsyncHttpClient-1-3] DEBUG org.asynchttpclient.netty.handler.HttpHandler - 

Request DefaultHttpRequest(decodeResult: success, version: HTTP/1.1)
POST /session/72f0944edfb847112d07e03154691d26/element/d6d080a1-20c0-4518-8bc8-e62e812ad559/element HTTP/1.1
User-Agent: selenium/4.5.3 (java mac)
Content-Length: 106
Content-Type: application/json; charset=utf-8
host: localhost:14650
accept: */*

Response DefaultHttpResponse(decodeResult: success, version: HTTP/1.1)
HTTP/1.1 200 OK
Content-Length: 88
Content-Type: application/json; charset=utf-8
cache-control: no-cache

10:51:32.320 [AsyncHttpClient-1-3] DEBUG org.asynchttpclient.netty.channel.ChannelManager - Adding key: http://localhost:14650 for channel [id: 0x1a9667f1, L:/127.0.0.1:64451 - R:localhost/127.0.0.1:14650]
10:51:32.321 [Forwarding getElementText on session 72f0944edfb847112d07e03154691d26 to remote] DEBUG org.asynchttpclient.netty.request.NettyRequestSender - Using pooled Channel '[id: 0x1a9667f1, L:/127.0.0.1:64451 - R:localhost/127.0.0.1:14650]' for 'GET' to 'http://localhost:14650/session/72f0944edfb847112d07e03154691d26/element/0eb8764f-ba50-45f1-8201-2e7198f6ad74/text'
10:51:32.321 [Forwarding getElementText on session 72f0944edfb847112d07e03154691d26 to remote] DEBUG org.asynchttpclient.netty.request.NettyRequestSender - Using open Channel [id: 0x1a9667f1, L:/127.0.0.1:64451 - R:localhost/127.0.0.1:14650] for GET '/session/72f0944edfb847112d07e03154691d26/element/0eb8764f-ba50-45f1-8201-2e7198f6ad74/text'
10:51:32.453 [AsyncHttpClient-1-3] DEBUG org.asynchttpclient.netty.handler.HttpHandler - 

Request DefaultFullHttpRequest(decodeResult: success, version: HTTP/1.1, content: EmptyByteBufBE)
GET /session/72f0944edfb847112d07e03154691d26/element/0eb8764f-ba50-45f1-8201-2e7198f6ad74/text HTTP/1.1
User-Agent: selenium/4.5.3 (java mac)
Cache-Control: no-cache
Content-Type: application/json; charset=utf-8
host: localhost:14650
accept: */*

Response DefaultHttpResponse(decodeResult: success, version: HTTP/1.1)
HTTP/1.1 200 OK
Content-Length: 91
Content-Type: application/json; charset=utf-8
cache-control: no-cache

10:51:32.453 [AsyncHttpClient-1-3] DEBUG org.asynchttpclient.netty.channel.ChannelManager - Adding key: http://localhost:14650 for channel [id: 0x1a9667f1, L:/127.0.0.1:64451 - R:localhost/127.0.0.1:14650]
10:51:32.455 [Forwarding findChildElement on session 72f0944edfb847112d07e03154691d26 to remote] DEBUG org.asynchttpclient.netty.request.NettyRequestSender - Using pooled Channel '[id: 0x1a9667f1, L:/127.0.0.1:64451 - R:localhost/127.0.0.1:14650]' for 'POST' to 'http://localhost:14650/session/72f0944edfb847112d07e03154691d26/element/d6d080a1-20c0-4518-8bc8-e62e812ad559/element'
10:51:32.455 [Forwarding findChildElement on session 72f0944edfb847112d07e03154691d26 to remote] DEBUG org.asynchttpclient.netty.request.NettyRequestSender - Using open Channel [id: 0x1a9667f1, L:/127.0.0.1:64451 - R:localhost/127.0.0.1:14650] for POST '/session/72f0944edfb847112d07e03154691d26/element/d6d080a1-20c0-4518-8bc8-e62e812ad559/element'
10:51:32.499 [AsyncHttpClient-1-1] DEBUG org.asynchttpclient.netty.channel.DefaultChannelPool - Entry count for : http://localhost:18432 : 1
10:51:32.500 [AsyncHttpClient-1-1] DEBUG org.asynchttpclient.netty.channel.DefaultChannelPool - Entry count for : http://localhost:64454 : 1
10:51:32.571 [AsyncHttpClient-1-3] DEBUG org.asynchttpclient.netty.handler.HttpHandler - 

Request DefaultHttpRequest(decodeResult: success, version: HTTP/1.1)
POST /session/72f0944edfb847112d07e03154691d26/element/d6d080a1-20c0-4518-8bc8-e62e812ad559/element HTTP/1.1
User-Agent: selenium/4.5.3 (java mac)
Content-Length: 106
Content-Type: application/json; charset=utf-8
host: localhost:14650
accept: */*

Response DefaultHttpResponse(decodeResult: success, version: HTTP/1.1)
HTTP/1.1 200 OK
Content-Length: 88
Content-Type: application/json; charset=utf-8
cache-control: no-cache

10:51:32.572 [AsyncHttpClient-1-3] DEBUG org.asynchttpclient.netty.channel.ChannelManager - Adding key: http://localhost:14650 for channel [id: 0x1a9667f1, L:/127.0.0.1:64451 - R:localhost/127.0.0.1:14650]
10:51:32.573 [Forwarding getElementText on session 72f0944edfb847112d07e03154691d26 to remote] DEBUG org.asynchttpclient.netty.request.NettyRequestSender - Using pooled Channel '[id: 0x1a9667f1, L:/127.0.0.1:64451 - R:localhost/127.0.0.1:14650]' for 'GET' to 'http://localhost:14650/session/72f0944edfb847112d07e03154691d26/element/13c546b1-9582-4675-9185-49f844dd1cda/text'
10:51:32.573 [Forwarding getElementText on session 72f0944edfb847112d07e03154691d26 to remote] DEBUG org.asynchttpclient.netty.request.NettyRequestSender - Using open Channel [id: 0x1a9667f1, L:/127.0.0.1:64451 - R:localhost/127.0.0.1:14650] for GET '/session/72f0944edfb847112d07e03154691d26/element/13c546b1-9582-4675-9185-49f844dd1cda/text'
10:51:33.009 [AsyncHttpClient-1-3] DEBUG org.asynchttpclient.netty.handler.HttpHandler - 

Request DefaultFullHttpRequest(decodeResult: success, version: HTTP/1.1, content: EmptyByteBufBE)
GET /session/72f0944edfb847112d07e03154691d26/element/13c546b1-9582-4675-9185-49f844dd1cda/text HTTP/1.1
User-Agent: selenium/4.5.3 (java mac)
Cache-Control: no-cache
Content-Type: application/json; charset=utf-8
host: localhost:14650
accept: */*

Response DefaultHttpResponse(decodeResult: success, version: HTTP/1.1)
HTTP/1.1 200 OK
Content-Length: 19
Content-Type: application/json; charset=utf-8
cache-control: no-cache

10:51:33.009 [AsyncHttpClient-1-3] DEBUG org.asynchttpclient.netty.channel.ChannelManager - Adding key: http://localhost:14650 for channel [id: 0x1a9667f1, L:/127.0.0.1:64451 - R:localhost/127.0.0.1:14650]
10:51:33.011 [Forwarding findChildElement on session 72f0944edfb847112d07e03154691d26 to remote] DEBUG org.asynchttpclient.netty.request.NettyRequestSender - Using pooled Channel '[id: 0x1a9667f1, L:/127.0.0.1:64451 - R:localhost/127.0.0.1:14650]' for 'POST' to 'http://localhost:14650/session/72f0944edfb847112d07e03154691d26/element/83ea48a1-7b52-4f0f-8750-88e069af07b0/element'
10:51:33.011 [Forwarding findChildElement on session 72f0944edfb847112d07e03154691d26 to remote] DEBUG org.asynchttpclient.netty.request.NettyRequestSender - Using open Channel [id: 0x1a9667f1, L:/127.0.0.1:64451 - R:localhost/127.0.0.1:14650] for POST '/session/72f0944edfb847112d07e03154691d26/element/83ea48a1-7b52-4f0f-8750-88e069af07b0/element'
10:51:33.310 [AsyncHttpClient-1-3] DEBUG org.asynchttpclient.netty.handler.HttpHandler - 

Request DefaultHttpRequest(decodeResult: success, version: HTTP/1.1)
POST /session/72f0944edfb847112d07e03154691d26/element/83ea48a1-7b52-4f0f-8750-88e069af07b0/element HTTP/1.1
User-Agent: selenium/4.5.3 (java mac)
Content-Length: 106
Content-Type: application/json; charset=utf-8
host: localhost:14650
accept: */*

Response DefaultHttpResponse(decodeResult: success, version: HTTP/1.1)
HTTP/1.1 200 OK
Content-Length: 88
Content-Type: application/json; charset=utf-8
cache-control: no-cache

10:51:33.311 [AsyncHttpClient-1-3] DEBUG org.asynchttpclient.netty.channel.ChannelManager - Adding key: http://localhost:14650 for channel [id: 0x1a9667f1, L:/127.0.0.1:64451 - R:localhost/127.0.0.1:14650]
10:51:33.314 [Forwarding getElementText on session 72f0944edfb847112d07e03154691d26 to remote] DEBUG org.asynchttpclient.netty.request.NettyRequestSender - Using pooled Channel '[id: 0x1a9667f1, L:/127.0.0.1:64451 - R:localhost/127.0.0.1:14650]' for 'GET' to 'http://localhost:14650/session/72f0944edfb847112d07e03154691d26/element/d8fc8e97-3369-4627-abf2-4b629b16672f/text'
10:51:33.314 [Forwarding getElementText on session 72f0944edfb847112d07e03154691d26 to remote] DEBUG org.asynchttpclient.netty.request.NettyRequestSender - Using open Channel [id: 0x1a9667f1, L:/127.0.0.1:64451 - R:localhost/127.0.0.1:14650] for GET '/session/72f0944edfb847112d07e03154691d26/element/d8fc8e97-3369-4627-abf2-4b629b16672f/text'
10:51:33.329 [AsyncHttpClient-1-3] DEBUG org.asynchttpclient.netty.handler.HttpHandler - 

Request DefaultFullHttpRequest(decodeResult: success, version: HTTP/1.1, content: EmptyByteBufBE)
GET /session/72f0944edfb847112d07e03154691d26/element/d8fc8e97-3369-4627-abf2-4b629b16672f/text HTTP/1.1
User-Agent: selenium/4.5.3 (java mac)
Cache-Control: no-cache
Content-Type: application/json; charset=utf-8
host: localhost:14650
accept: */*

Response DefaultHttpResponse(decodeResult: success, version: HTTP/1.1)
HTTP/1.1 200 OK
Content-Length: 71
Content-Type: application/json; charset=utf-8
cache-control: no-cache

10:51:33.329 [AsyncHttpClient-1-3] DEBUG org.asynchttpclient.netty.channel.ChannelManager - Adding key: http://localhost:14650 for channel [id: 0x1a9667f1, L:/127.0.0.1:64451 - R:localhost/127.0.0.1:14650]
10:51:33.331 [Forwarding findChildElement on session 72f0944edfb847112d07e03154691d26 to remote] DEBUG org.asynchttpclient.netty.request.NettyRequestSender - Using pooled Channel '[id: 0x1a9667f1, L:/127.0.0.1:64451 - R:localhost/127.0.0.1:14650]' for 'POST' to 'http://localhost:14650/session/72f0944edfb847112d07e03154691d26/element/83ea48a1-7b52-4f0f-8750-88e069af07b0/element'
10:51:33.331 [Forwarding findChildElement on session 72f0944edfb847112d07e03154691d26 to remote] DEBUG org.asynchttpclient.netty.request.NettyRequestSender - Using open Channel [id: 0x1a9667f1, L:/127.0.0.1:64451 - R:localhost/127.0.0.1:14650] for POST '/session/72f0944edfb847112d07e03154691d26/element/83ea48a1-7b52-4f0f-8750-88e069af07b0/element'
10:51:33.380 [AsyncHttpClient-1-3] DEBUG org.asynchttpclient.netty.handler.HttpHandler - 

Request DefaultHttpRequest(decodeResult: success, version: HTTP/1.1)
POST /session/72f0944edfb847112d07e03154691d26/element/83ea48a1-7b52-4f0f-8750-88e069af07b0/element HTTP/1.1
User-Agent: selenium/4.5.3 (java mac)
Content-Length: 106
Content-Type: application/json; charset=utf-8
host: localhost:14650
accept: */*

Response DefaultHttpResponse(decodeResult: success, version: HTTP/1.1)
HTTP/1.1 200 OK
Content-Length: 88
Content-Type: application/json; charset=utf-8
cache-control: no-cache

10:51:33.380 [AsyncHttpClient-1-3] DEBUG org.asynchttpclient.netty.channel.ChannelManager - Adding key: http://localhost:14650 for channel [id: 0x1a9667f1, L:/127.0.0.1:64451 - R:localhost/127.0.0.1:14650]
10:51:33.381 [Forwarding getElementText on session 72f0944edfb847112d07e03154691d26 to remote] DEBUG org.asynchttpclient.netty.request.NettyRequestSender - Using pooled Channel '[id: 0x1a9667f1, L:/127.0.0.1:64451 - R:localhost/127.0.0.1:14650]' for 'GET' to 'http://localhost:14650/session/72f0944edfb847112d07e03154691d26/element/36e6a429-3a66-4c19-8f8a-76d10e4113a7/text'
10:51:33.381 [Forwarding getElementText on session 72f0944edfb847112d07e03154691d26 to remote] DEBUG org.asynchttpclient.netty.request.NettyRequestSender - Using open Channel [id: 0x1a9667f1, L:/127.0.0.1:64451 - R:localhost/127.0.0.1:14650] for GET '/session/72f0944edfb847112d07e03154691d26/element/36e6a429-3a66-4c19-8f8a-76d10e4113a7/text'
10:51:33.603 [AsyncHttpClient-1-1] DEBUG org.asynchttpclient.netty.channel.DefaultChannelPool - Entry count for : http://localhost:18432 : 1
10:51:33.607 [AsyncHttpClient-1-1] DEBUG org.asynchttpclient.netty.channel.DefaultChannelPool - Entry count for : http://localhost:64454 : 1
10:51:33.820 [AsyncHttpClient-1-3] DEBUG org.asynchttpclient.netty.handler.HttpHandler - 

Request DefaultFullHttpRequest(decodeResult: success, version: HTTP/1.1, content: EmptyByteBufBE)
GET /session/72f0944edfb847112d07e03154691d26/element/36e6a429-3a66-4c19-8f8a-76d10e4113a7/text HTTP/1.1
User-Agent: selenium/4.5.3 (java mac)
Cache-Control: no-cache
Content-Type: application/json; charset=utf-8
host: localhost:14650
accept: */*

Response DefaultHttpResponse(decodeResult: success, version: HTTP/1.1)
HTTP/1.1 200 OK
Content-Length: 19
Content-Type: application/json; charset=utf-8
cache-control: no-cache

10:51:33.820 [AsyncHttpClient-1-3] DEBUG org.asynchttpclient.netty.channel.ChannelManager - Adding key: http://localhost:14650 for channel [id: 0x1a9667f1, L:/127.0.0.1:64451 - R:localhost/127.0.0.1:14650]
10:51:33.822 [Forwarding findChildElement on session 72f0944edfb847112d07e03154691d26 to remote] DEBUG org.asynchttpclient.netty.request.NettyRequestSender - Using pooled Channel '[id: 0x1a9667f1, L:/127.0.0.1:64451 - R:localhost/127.0.0.1:14650]' for 'POST' to 'http://localhost:14650/session/72f0944edfb847112d07e03154691d26/element/dd4e42fb-da47-4ac5-b2da-32decd1a3003/element'
10:51:33.822 [Forwarding findChildElement on session 72f0944edfb847112d07e03154691d26 to remote] DEBUG org.asynchttpclient.netty.request.NettyRequestSender - Using open Channel [id: 0x1a9667f1, L:/127.0.0.1:64451 - R:localhost/127.0.0.1:14650] for POST '/session/72f0944edfb847112d07e03154691d26/element/dd4e42fb-da47-4ac5-b2da-32decd1a3003/element'
10:51:33.840 [AsyncHttpClient-1-3] DEBUG org.asynchttpclient.netty.handler.HttpHandler - 

Request DefaultHttpRequest(decodeResult: success, version: HTTP/1.1)
POST /session/72f0944edfb847112d07e03154691d26/element/dd4e42fb-da47-4ac5-b2da-32decd1a3003/element HTTP/1.1
User-Agent: selenium/4.5.3 (java mac)
Content-Length: 106
Content-Type: application/json; charset=utf-8
host: localhost:14650
accept: */*

Response DefaultHttpResponse(decodeResult: success, version: HTTP/1.1)
HTTP/1.1 200 OK
Content-Length: 88
Content-Type: application/json; charset=utf-8
cache-control: no-cache

10:51:33.840 [AsyncHttpClient-1-3] DEBUG org.asynchttpclient.netty.channel.ChannelManager - Adding key: http://localhost:14650 for channel [id: 0x1a9667f1, L:/127.0.0.1:64451 - R:localhost/127.0.0.1:14650]
10:51:33.841 [Forwarding getElementText on session 72f0944edfb847112d07e03154691d26 to remote] DEBUG org.asynchttpclient.netty.request.NettyRequestSender - Using pooled Channel '[id: 0x1a9667f1, L:/127.0.0.1:64451 - R:localhost/127.0.0.1:14650]' for 'GET' to 'http://localhost:14650/session/72f0944edfb847112d07e03154691d26/element/6ac9628c-ae30-40c9-b0ca-05f5e7053781/text'
10:51:33.841 [Forwarding getElementText on session 72f0944edfb847112d07e03154691d26 to remote] DEBUG org.asynchttpclient.netty.request.NettyRequestSender - Using open Channel [id: 0x1a9667f1, L:/127.0.0.1:64451 - R:localhost/127.0.0.1:14650] for GET '/session/72f0944edfb847112d07e03154691d26/element/6ac9628c-ae30-40c9-b0ca-05f5e7053781/text'
10:51:34.157 [AsyncHttpClient-1-3] DEBUG org.asynchttpclient.netty.handler.HttpHandler - 

Request DefaultFullHttpRequest(decodeResult: success, version: HTTP/1.1, content: EmptyByteBufBE)
GET /session/72f0944edfb847112d07e03154691d26/element/6ac9628c-ae30-40c9-b0ca-05f5e7053781/text HTTP/1.1
User-Agent: selenium/4.5.3 (java mac)
Cache-Control: no-cache
Content-Type: application/json; charset=utf-8
host: localhost:14650
accept: */*

Response DefaultHttpResponse(decodeResult: success, version: HTTP/1.1)
HTTP/1.1 200 OK
Content-Length: 88
Content-Type: application/json; charset=utf-8
cache-control: no-cache

10:51:34.158 [AsyncHttpClient-1-3] DEBUG org.asynchttpclient.netty.channel.ChannelManager - Adding key: http://localhost:14650 for channel [id: 0x1a9667f1, L:/127.0.0.1:64451 - R:localhost/127.0.0.1:14650]
10:51:34.160 [Forwarding findChildElement on session 72f0944edfb847112d07e03154691d26 to remote] DEBUG org.asynchttpclient.netty.request.NettyRequestSender - Using pooled Channel '[id: 0x1a9667f1, L:/127.0.0.1:64451 - R:localhost/127.0.0.1:14650]' for 'POST' to 'http://localhost:14650/session/72f0944edfb847112d07e03154691d26/element/dd4e42fb-da47-4ac5-b2da-32decd1a3003/element'
10:51:34.160 [Forwarding findChildElement on session 72f0944edfb847112d07e03154691d26 to remote] DEBUG org.asynchttpclient.netty.request.NettyRequestSender - Using open Channel [id: 0x1a9667f1, L:/127.0.0.1:64451 - R:localhost/127.0.0.1:14650] for POST '/session/72f0944edfb847112d07e03154691d26/element/dd4e42fb-da47-4ac5-b2da-32decd1a3003/element'
10:51:34.188 [AsyncHttpClient-1-3] DEBUG org.asynchttpclient.netty.handler.HttpHandler - 

Request DefaultHttpRequest(decodeResult: success, version: HTTP/1.1)
POST /session/72f0944edfb847112d07e03154691d26/element/dd4e42fb-da47-4ac5-b2da-32decd1a3003/element HTTP/1.1
User-Agent: selenium/4.5.3 (java mac)
Content-Length: 106
Content-Type: application/json; charset=utf-8
host: localhost:14650
accept: */*

Response DefaultHttpResponse(decodeResult: success, version: HTTP/1.1)
HTTP/1.1 200 OK
Content-Length: 88
Content-Type: application/json; charset=utf-8
cache-control: no-cache

10:51:34.189 [AsyncHttpClient-1-3] DEBUG org.asynchttpclient.netty.channel.ChannelManager - Adding key: http://localhost:14650 for channel [id: 0x1a9667f1, L:/127.0.0.1:64451 - R:localhost/127.0.0.1:14650]
10:51:34.190 [Forwarding getElementText on session 72f0944edfb847112d07e03154691d26 to remote] DEBUG org.asynchttpclient.netty.request.NettyRequestSender - Using pooled Channel '[id: 0x1a9667f1, L:/127.0.0.1:64451 - R:localhost/127.0.0.1:14650]' for 'GET' to 'http://localhost:14650/session/72f0944edfb847112d07e03154691d26/element/6a43438e-4afb-460b-a5e7-5782bf5ee721/text'
10:51:34.190 [Forwarding getElementText on session 72f0944edfb847112d07e03154691d26 to remote] DEBUG org.asynchttpclient.netty.request.NettyRequestSender - Using open Channel [id: 0x1a9667f1, L:/127.0.0.1:64451 - R:localhost/127.0.0.1:14650] for GET '/session/72f0944edfb847112d07e03154691d26/element/6a43438e-4afb-460b-a5e7-5782bf5ee721/text'
10:51:34.663 [AsyncHttpClient-1-3] DEBUG org.asynchttpclient.netty.handler.HttpHandler - 

Request DefaultFullHttpRequest(decodeResult: success, version: HTTP/1.1, content: EmptyByteBufBE)
GET /session/72f0944edfb847112d07e03154691d26/element/6a43438e-4afb-460b-a5e7-5782bf5ee721/text HTTP/1.1
User-Agent: selenium/4.5.3 (java mac)
Cache-Control: no-cache
Content-Type: application/json; charset=utf-8
host: localhost:14650
accept: */*

Response DefaultHttpResponse(decodeResult: success, version: HTTP/1.1)
HTTP/1.1 200 OK
Content-Length: 19
Content-Type: application/json; charset=utf-8
cache-control: no-cache

10:51:34.663 [AsyncHttpClient-1-3] DEBUG org.asynchttpclient.netty.channel.ChannelManager - Adding key: http://localhost:14650 for channel [id: 0x1a9667f1, L:/127.0.0.1:64451 - R:localhost/127.0.0.1:14650]
10:51:34.665 [Forwarding findChildElement on session 72f0944edfb847112d07e03154691d26 to remote] DEBUG org.asynchttpclient.netty.request.NettyRequestSender - Using pooled Channel '[id: 0x1a9667f1, L:/127.0.0.1:64451 - R:localhost/127.0.0.1:14650]' for 'POST' to 'http://localhost:14650/session/72f0944edfb847112d07e03154691d26/element/faeee594-3f66-4ac6-abd2-71eec70440a4/element'
10:51:34.665 [Forwarding findChildElement on session 72f0944edfb847112d07e03154691d26 to remote] DEBUG org.asynchttpclient.netty.request.NettyRequestSender - Using open Channel [id: 0x1a9667f1, L:/127.0.0.1:64451 - R:localhost/127.0.0.1:14650] for POST '/session/72f0944edfb847112d07e03154691d26/element/faeee594-3f66-4ac6-abd2-71eec70440a4/element'
10:51:34.700 [AsyncHttpClient-1-1] DEBUG org.asynchttpclient.netty.channel.DefaultChannelPool - Entry count for : http://localhost:18432 : 1
10:51:34.700 [AsyncHttpClient-1-1] DEBUG org.asynchttpclient.netty.channel.DefaultChannelPool - Entry count for : http://localhost:64454 : 1
10:51:34.742 [AsyncHttpClient-1-3] DEBUG org.asynchttpclient.netty.handler.HttpHandler - 

Request DefaultHttpRequest(decodeResult: success, version: HTTP/1.1)
POST /session/72f0944edfb847112d07e03154691d26/element/faeee594-3f66-4ac6-abd2-71eec70440a4/element HTTP/1.1
User-Agent: selenium/4.5.3 (java mac)
Content-Length: 106
Content-Type: application/json; charset=utf-8
host: localhost:14650
accept: */*

Response DefaultHttpResponse(decodeResult: success, version: HTTP/1.1)
HTTP/1.1 200 OK
Content-Length: 88
Content-Type: application/json; charset=utf-8
cache-control: no-cache

10:51:34.743 [AsyncHttpClient-1-3] DEBUG org.asynchttpclient.netty.channel.ChannelManager - Adding key: http://localhost:14650 for channel [id: 0x1a9667f1, L:/127.0.0.1:64451 - R:localhost/127.0.0.1:14650]
10:51:34.744 [Forwarding getElementText on session 72f0944edfb847112d07e03154691d26 to remote] DEBUG org.asynchttpclient.netty.request.NettyRequestSender - Using pooled Channel '[id: 0x1a9667f1, L:/127.0.0.1:64451 - R:localhost/127.0.0.1:14650]' for 'GET' to 'http://localhost:14650/session/72f0944edfb847112d07e03154691d26/element/e920c997-944c-44cd-8e2b-54f78be6189b/text'
10:51:34.744 [Forwarding getElementText on session 72f0944edfb847112d07e03154691d26 to remote] DEBUG org.asynchttpclient.netty.request.NettyRequestSender - Using open Channel [id: 0x1a9667f1, L:/127.0.0.1:64451 - R:localhost/127.0.0.1:14650] for GET '/session/72f0944edfb847112d07e03154691d26/element/e920c997-944c-44cd-8e2b-54f78be6189b/text'
10:51:35.132 [AsyncHttpClient-1-3] DEBUG org.asynchttpclient.netty.handler.HttpHandler - 

Request DefaultFullHttpRequest(decodeResult: success, version: HTTP/1.1, content: EmptyByteBufBE)
GET /session/72f0944edfb847112d07e03154691d26/element/e920c997-944c-44cd-8e2b-54f78be6189b/text HTTP/1.1
User-Agent: selenium/4.5.3 (java mac)
Cache-Control: no-cache
Content-Type: application/json; charset=utf-8
host: localhost:14650
accept: */*

Response DefaultHttpResponse(decodeResult: success, version: HTTP/1.1)
HTTP/1.1 200 OK
Content-Length: 59
Content-Type: application/json; charset=utf-8
cache-control: no-cache

10:51:35.132 [AsyncHttpClient-1-3] DEBUG org.asynchttpclient.netty.channel.ChannelManager - Adding key: http://localhost:14650 for channel [id: 0x1a9667f1, L:/127.0.0.1:64451 - R:localhost/127.0.0.1:14650]
10:51:35.134 [Forwarding findChildElement on session 72f0944edfb847112d07e03154691d26 to remote] DEBUG org.asynchttpclient.netty.request.NettyRequestSender - Using pooled Channel '[id: 0x1a9667f1, L:/127.0.0.1:64451 - R:localhost/127.0.0.1:14650]' for 'POST' to 'http://localhost:14650/session/72f0944edfb847112d07e03154691d26/element/faeee594-3f66-4ac6-abd2-71eec70440a4/element'
10:51:35.134 [Forwarding findChildElement on session 72f0944edfb847112d07e03154691d26 to remote] DEBUG org.asynchttpclient.netty.request.NettyRequestSender - Using open Channel [id: 0x1a9667f1, L:/127.0.0.1:64451 - R:localhost/127.0.0.1:14650] for POST '/session/72f0944edfb847112d07e03154691d26/element/faeee594-3f66-4ac6-abd2-71eec70440a4/element'
10:51:35.528 [AsyncHttpClient-1-3] DEBUG org.asynchttpclient.netty.handler.HttpHandler - 

Request DefaultHttpRequest(decodeResult: success, version: HTTP/1.1)
POST /session/72f0944edfb847112d07e03154691d26/element/faeee594-3f66-4ac6-abd2-71eec70440a4/element HTTP/1.1
User-Agent: selenium/4.5.3 (java mac)
Content-Length: 106
Content-Type: application/json; charset=utf-8
host: localhost:14650
accept: */*

Response DefaultHttpResponse(decodeResult: success, version: HTTP/1.1)
HTTP/1.1 200 OK
Content-Length: 88
Content-Type: application/json; charset=utf-8
cache-control: no-cache

10:51:35.528 [AsyncHttpClient-1-3] DEBUG org.asynchttpclient.netty.channel.ChannelManager - Adding key: http://localhost:14650 for channel [id: 0x1a9667f1, L:/127.0.0.1:64451 - R:localhost/127.0.0.1:14650]
10:51:35.529 [Forwarding getElementText on session 72f0944edfb847112d07e03154691d26 to remote] DEBUG org.asynchttpclient.netty.request.NettyRequestSender - Using pooled Channel '[id: 0x1a9667f1, L:/127.0.0.1:64451 - R:localhost/127.0.0.1:14650]' for 'GET' to 'http://localhost:14650/session/72f0944edfb847112d07e03154691d26/element/1fe913cd-4d20-4961-b8de-bcf549c6f513/text'
10:51:35.529 [Forwarding getElementText on session 72f0944edfb847112d07e03154691d26 to remote] DEBUG org.asynchttpclient.netty.request.NettyRequestSender - Using open Channel [id: 0x1a9667f1, L:/127.0.0.1:64451 - R:localhost/127.0.0.1:14650] for GET '/session/72f0944edfb847112d07e03154691d26/element/1fe913cd-4d20-4961-b8de-bcf549c6f513/text'
10:51:35.800 [AsyncHttpClient-1-1] DEBUG org.asynchttpclient.netty.channel.DefaultChannelPool - Entry count for : http://localhost:18432 : 1
10:51:35.800 [AsyncHttpClient-1-1] DEBUG org.asynchttpclient.netty.channel.DefaultChannelPool - Entry count for : http://localhost:64454 : 1
10:51:35.841 [AsyncHttpClient-1-3] DEBUG org.asynchttpclient.netty.handler.HttpHandler - 

Request DefaultFullHttpRequest(decodeResult: success, version: HTTP/1.1, content: EmptyByteBufBE)
GET /session/72f0944edfb847112d07e03154691d26/element/1fe913cd-4d20-4961-b8de-bcf549c6f513/text HTTP/1.1
User-Agent: selenium/4.5.3 (java mac)
Cache-Control: no-cache
Content-Type: application/json; charset=utf-8
host: localhost:14650
accept: */*

Response DefaultHttpResponse(decodeResult: success, version: HTTP/1.1)
HTTP/1.1 200 OK
Content-Length: 19
Content-Type: application/json; charset=utf-8
cache-control: no-cache

10:51:35.841 [AsyncHttpClient-1-3] DEBUG org.asynchttpclient.netty.channel.ChannelManager - Adding key: http://localhost:14650 for channel [id: 0x1a9667f1, L:/127.0.0.1:64451 - R:localhost/127.0.0.1:14650]
10:51:35.843 [Forwarding findChildElement on session 72f0944edfb847112d07e03154691d26 to remote] DEBUG org.asynchttpclient.netty.request.NettyRequestSender - Using pooled Channel '[id: 0x1a9667f1, L:/127.0.0.1:64451 - R:localhost/127.0.0.1:14650]' for 'POST' to 'http://localhost:14650/session/72f0944edfb847112d07e03154691d26/element/842d4063-e9e1-4b68-b79f-bdde86c0b799/element'
10:51:35.843 [Forwarding findChildElement on session 72f0944edfb847112d07e03154691d26 to remote] DEBUG org.asynchttpclient.netty.request.NettyRequestSender - Using open Channel [id: 0x1a9667f1, L:/127.0.0.1:64451 - R:localhost/127.0.0.1:14650] for POST '/session/72f0944edfb847112d07e03154691d26/element/842d4063-e9e1-4b68-b79f-bdde86c0b799/element'
10:51:35.877 [AsyncHttpClient-1-3] DEBUG org.asynchttpclient.netty.handler.HttpHandler - 

Request DefaultHttpRequest(decodeResult: success, version: HTTP/1.1)
POST /session/72f0944edfb847112d07e03154691d26/element/842d4063-e9e1-4b68-b79f-bdde86c0b799/element HTTP/1.1
User-Agent: selenium/4.5.3 (java mac)
Content-Length: 106
Content-Type: application/json; charset=utf-8
host: localhost:14650
accept: */*

Response DefaultHttpResponse(decodeResult: success, version: HTTP/1.1)
HTTP/1.1 200 OK
Content-Length: 88
Content-Type: application/json; charset=utf-8
cache-control: no-cache

10:51:35.878 [AsyncHttpClient-1-3] DEBUG org.asynchttpclient.netty.channel.ChannelManager - Adding key: http://localhost:14650 for channel [id: 0x1a9667f1, L:/127.0.0.1:64451 - R:localhost/127.0.0.1:14650]
10:51:35.879 [Forwarding getElementText on session 72f0944edfb847112d07e03154691d26 to remote] DEBUG org.asynchttpclient.netty.request.NettyRequestSender - Using pooled Channel '[id: 0x1a9667f1, L:/127.0.0.1:64451 - R:localhost/127.0.0.1:14650]' for 'GET' to 'http://localhost:14650/session/72f0944edfb847112d07e03154691d26/element/fddde2fe-78e8-4239-8de7-b5df6644ab37/text'
10:51:35.879 [Forwarding getElementText on session 72f0944edfb847112d07e03154691d26 to remote] DEBUG org.asynchttpclient.netty.request.NettyRequestSender - Using open Channel [id: 0x1a9667f1, L:/127.0.0.1:64451 - R:localhost/127.0.0.1:14650] for GET '/session/72f0944edfb847112d07e03154691d26/element/fddde2fe-78e8-4239-8de7-b5df6644ab37/text'
10:51:36.358 [AsyncHttpClient-1-3] DEBUG org.asynchttpclient.netty.handler.HttpHandler - 

Request DefaultFullHttpRequest(decodeResult: success, version: HTTP/1.1, content: EmptyByteBufBE)
GET /session/72f0944edfb847112d07e03154691d26/element/fddde2fe-78e8-4239-8de7-b5df6644ab37/text HTTP/1.1
User-Agent: selenium/4.5.3 (java mac)
Cache-Control: no-cache
Content-Type: application/json; charset=utf-8
host: localhost:14650
accept: */*

Response DefaultHttpResponse(decodeResult: success, version: HTTP/1.1)
HTTP/1.1 200 OK
Content-Length: 71
Content-Type: application/json; charset=utf-8
cache-control: no-cache

10:51:36.358 [AsyncHttpClient-1-3] DEBUG org.asynchttpclient.netty.channel.ChannelManager - Adding key: http://localhost:14650 for channel [id: 0x1a9667f1, L:/127.0.0.1:64451 - R:localhost/127.0.0.1:14650]
10:51:36.360 [Forwarding findChildElement on session 72f0944edfb847112d07e03154691d26 to remote] DEBUG org.asynchttpclient.netty.request.NettyRequestSender - Using pooled Channel '[id: 0x1a9667f1, L:/127.0.0.1:64451 - R:localhost/127.0.0.1:14650]' for 'POST' to 'http://localhost:14650/session/72f0944edfb847112d07e03154691d26/element/842d4063-e9e1-4b68-b79f-bdde86c0b799/element'
10:51:36.360 [Forwarding findChildElement on session 72f0944edfb847112d07e03154691d26 to remote] DEBUG org.asynchttpclient.netty.request.NettyRequestSender - Using open Channel [id: 0x1a9667f1, L:/127.0.0.1:64451 - R:localhost/127.0.0.1:14650] for POST '/session/72f0944edfb847112d07e03154691d26/element/842d4063-e9e1-4b68-b79f-bdde86c0b799/element'
10:51:36.903 [AsyncHttpClient-1-1] DEBUG org.asynchttpclient.netty.channel.DefaultChannelPool - Entry count for : http://localhost:18432 : 1
10:51:36.903 [AsyncHttpClient-1-1] DEBUG org.asynchttpclient.netty.channel.DefaultChannelPool - Entry count for : http://localhost:64454 : 1
10:51:36.954 [AsyncHttpClient-1-3] DEBUG org.asynchttpclient.netty.handler.HttpHandler - 

Request DefaultHttpRequest(decodeResult: success, version: HTTP/1.1)
POST /session/72f0944edfb847112d07e03154691d26/element/842d4063-e9e1-4b68-b79f-bdde86c0b799/element HTTP/1.1
User-Agent: selenium/4.5.3 (java mac)
Content-Length: 106
Content-Type: application/json; charset=utf-8
host: localhost:14650
accept: */*

Response DefaultHttpResponse(decodeResult: success, version: HTTP/1.1)
HTTP/1.1 200 OK
Content-Length: 88
Content-Type: application/json; charset=utf-8
cache-control: no-cache

10:51:36.954 [AsyncHttpClient-1-3] DEBUG org.asynchttpclient.netty.channel.ChannelManager - Adding key: http://localhost:14650 for channel [id: 0x1a9667f1, L:/127.0.0.1:64451 - R:localhost/127.0.0.1:14650]
10:51:36.955 [Forwarding getElementText on session 72f0944edfb847112d07e03154691d26 to remote] DEBUG org.asynchttpclient.netty.request.NettyRequestSender - Using pooled Channel '[id: 0x1a9667f1, L:/127.0.0.1:64451 - R:localhost/127.0.0.1:14650]' for 'GET' to 'http://localhost:14650/session/72f0944edfb847112d07e03154691d26/element/73dd9979-3d92-4019-afa0-2754b0c1afe6/text'
10:51:36.955 [Forwarding getElementText on session 72f0944edfb847112d07e03154691d26 to remote] DEBUG org.asynchttpclient.netty.request.NettyRequestSender - Using open Channel [id: 0x1a9667f1, L:/127.0.0.1:64451 - R:localhost/127.0.0.1:14650] for GET '/session/72f0944edfb847112d07e03154691d26/element/73dd9979-3d92-4019-afa0-2754b0c1afe6/text'
10:51:37.364 [AsyncHttpClient-1-3] DEBUG org.asynchttpclient.netty.handler.HttpHandler - 

Request DefaultFullHttpRequest(decodeResult: success, version: HTTP/1.1, content: EmptyByteBufBE)
GET /session/72f0944edfb847112d07e03154691d26/element/73dd9979-3d92-4019-afa0-2754b0c1afe6/text HTTP/1.1
User-Agent: selenium/4.5.3 (java mac)
Cache-Control: no-cache
Content-Type: application/json; charset=utf-8
host: localhost:14650
accept: */*

Response DefaultHttpResponse(decodeResult: success, version: HTTP/1.1)
HTTP/1.1 200 OK
Content-Length: 19
Content-Type: application/json; charset=utf-8
cache-control: no-cache

10:51:37.365 [AsyncHttpClient-1-3] DEBUG org.asynchttpclient.netty.channel.ChannelManager - Adding key: http://localhost:14650 for channel [id: 0x1a9667f1, L:/127.0.0.1:64451 - R:localhost/127.0.0.1:14650]
10:51:37.367 [Forwarding findChildElement on session 72f0944edfb847112d07e03154691d26 to remote] DEBUG org.asynchttpclient.netty.request.NettyRequestSender - Using pooled Channel '[id: 0x1a9667f1, L:/127.0.0.1:64451 - R:localhost/127.0.0.1:14650]' for 'POST' to 'http://localhost:14650/session/72f0944edfb847112d07e03154691d26/element/63618a4c-2195-488d-ba17-46b1348bf5c4/element'
10:51:37.368 [Forwarding findChildElement on session 72f0944edfb847112d07e03154691d26 to remote] DEBUG org.asynchttpclient.netty.request.NettyRequestSender - Using open Channel [id: 0x1a9667f1, L:/127.0.0.1:64451 - R:localhost/127.0.0.1:14650] for POST '/session/72f0944edfb847112d07e03154691d26/element/63618a4c-2195-488d-ba17-46b1348bf5c4/element'
10:51:37.404 [AsyncHttpClient-1-3] DEBUG org.asynchttpclient.netty.handler.HttpHandler - 

Request DefaultHttpRequest(decodeResult: success, version: HTTP/1.1)
POST /session/72f0944edfb847112d07e03154691d26/element/63618a4c-2195-488d-ba17-46b1348bf5c4/element HTTP/1.1
User-Agent: selenium/4.5.3 (java mac)
Content-Length: 106
Content-Type: application/json; charset=utf-8
host: localhost:14650
accept: */*

Response DefaultHttpResponse(decodeResult: success, version: HTTP/1.1)
HTTP/1.1 200 OK
Content-Length: 88
Content-Type: application/json; charset=utf-8
cache-control: no-cache

10:51:37.404 [AsyncHttpClient-1-3] DEBUG org.asynchttpclient.netty.channel.ChannelManager - Adding key: http://localhost:14650 for channel [id: 0x1a9667f1, L:/127.0.0.1:64451 - R:localhost/127.0.0.1:14650]
10:51:37.406 [Forwarding getElementText on session 72f0944edfb847112d07e03154691d26 to remote] DEBUG org.asynchttpclient.netty.request.NettyRequestSender - Using pooled Channel '[id: 0x1a9667f1, L:/127.0.0.1:64451 - R:localhost/127.0.0.1:14650]' for 'GET' to 'http://localhost:14650/session/72f0944edfb847112d07e03154691d26/element/dcbc7f1c-737a-4e58-8450-f790e3f669ce/text'
10:51:37.409 [Forwarding getElementText on session 72f0944edfb847112d07e03154691d26 to remote] DEBUG org.asynchttpclient.netty.request.NettyRequestSender - Using open Channel [id: 0x1a9667f1, L:/127.0.0.1:64451 - R:localhost/127.0.0.1:14650] for GET '/session/72f0944edfb847112d07e03154691d26/element/dcbc7f1c-737a-4e58-8450-f790e3f669ce/text'
10:51:37.723 [AsyncHttpClient-1-3] DEBUG org.asynchttpclient.netty.handler.HttpHandler - 

Request DefaultFullHttpRequest(decodeResult: success, version: HTTP/1.1, content: EmptyByteBufBE)
GET /session/72f0944edfb847112d07e03154691d26/element/dcbc7f1c-737a-4e58-8450-f790e3f669ce/text HTTP/1.1
User-Agent: selenium/4.5.3 (java mac)
Cache-Control: no-cache
Content-Type: application/json; charset=utf-8
host: localhost:14650
accept: */*

Response DefaultHttpResponse(decodeResult: success, version: HTTP/1.1)
HTTP/1.1 200 OK
Content-Length: 81
Content-Type: application/json; charset=utf-8
cache-control: no-cache

10:51:37.723 [AsyncHttpClient-1-3] DEBUG org.asynchttpclient.netty.channel.ChannelManager - Adding key: http://localhost:14650 for channel [id: 0x1a9667f1, L:/127.0.0.1:64451 - R:localhost/127.0.0.1:14650]
10:51:37.725 [Forwarding findChildElement on session 72f0944edfb847112d07e03154691d26 to remote] DEBUG org.asynchttpclient.netty.request.NettyRequestSender - Using pooled Channel '[id: 0x1a9667f1, L:/127.0.0.1:64451 - R:localhost/127.0.0.1:14650]' for 'POST' to 'http://localhost:14650/session/72f0944edfb847112d07e03154691d26/element/63618a4c-2195-488d-ba17-46b1348bf5c4/element'
10:51:37.725 [Forwarding findChildElement on session 72f0944edfb847112d07e03154691d26 to remote] DEBUG org.asynchttpclient.netty.request.NettyRequestSender - Using open Channel [id: 0x1a9667f1, L:/127.0.0.1:64451 - R:localhost/127.0.0.1:14650] for POST '/session/72f0944edfb847112d07e03154691d26/element/63618a4c-2195-488d-ba17-46b1348bf5c4/element'
10:51:37.998 [AsyncHttpClient-1-1] DEBUG org.asynchttpclient.netty.channel.DefaultChannelPool - Entry count for : http://localhost:18432 : 1
10:51:37.998 [AsyncHttpClient-1-1] DEBUG org.asynchttpclient.netty.channel.DefaultChannelPool - Entry count for : http://localhost:64454 : 1
10:51:38.049 [AsyncHttpClient-1-3] DEBUG org.asynchttpclient.netty.handler.HttpHandler - 

Request DefaultHttpRequest(decodeResult: success, version: HTTP/1.1)
POST /session/72f0944edfb847112d07e03154691d26/element/63618a4c-2195-488d-ba17-46b1348bf5c4/element HTTP/1.1
User-Agent: selenium/4.5.3 (java mac)
Content-Length: 106
Content-Type: application/json; charset=utf-8
host: localhost:14650
accept: */*

Response DefaultHttpResponse(decodeResult: success, version: HTTP/1.1)
HTTP/1.1 200 OK
Content-Length: 88
Content-Type: application/json; charset=utf-8
cache-control: no-cache

10:51:38.049 [AsyncHttpClient-1-3] DEBUG org.asynchttpclient.netty.channel.ChannelManager - Adding key: http://localhost:14650 for channel [id: 0x1a9667f1, L:/127.0.0.1:64451 - R:localhost/127.0.0.1:14650]
10:51:38.050 [Forwarding getElementText on session 72f0944edfb847112d07e03154691d26 to remote] DEBUG org.asynchttpclient.netty.request.NettyRequestSender - Using pooled Channel '[id: 0x1a9667f1, L:/127.0.0.1:64451 - R:localhost/127.0.0.1:14650]' for 'GET' to 'http://localhost:14650/session/72f0944edfb847112d07e03154691d26/element/930148bc-5a5e-41e2-a6a5-be391b3a01bb/text'
10:51:38.050 [Forwarding getElementText on session 72f0944edfb847112d07e03154691d26 to remote] DEBUG org.asynchttpclient.netty.request.NettyRequestSender - Using open Channel [id: 0x1a9667f1, L:/127.0.0.1:64451 - R:localhost/127.0.0.1:14650] for GET '/session/72f0944edfb847112d07e03154691d26/element/930148bc-5a5e-41e2-a6a5-be391b3a01bb/text'
10:51:38.294 [AsyncHttpClient-1-3] DEBUG org.asynchttpclient.netty.handler.HttpHandler - 

Request DefaultFullHttpRequest(decodeResult: success, version: HTTP/1.1, content: EmptyByteBufBE)
GET /session/72f0944edfb847112d07e03154691d26/element/930148bc-5a5e-41e2-a6a5-be391b3a01bb/text HTTP/1.1
User-Agent: selenium/4.5.3 (java mac)
Cache-Control: no-cache
Content-Type: application/json; charset=utf-8
host: localhost:14650
accept: */*

Response DefaultHttpResponse(decodeResult: success, version: HTTP/1.1)
HTTP/1.1 200 OK
Content-Length: 30
Content-Type: application/json; charset=utf-8
cache-control: no-cache

10:51:38.297 [AsyncHttpClient-1-3] DEBUG org.asynchttpclient.netty.channel.ChannelManager - Adding key: http://localhost:14650 for channel [id: 0x1a9667f1, L:/127.0.0.1:64451 - R:localhost/127.0.0.1:14650]
10:51:38.300 [Forwarding findChildElement on session 72f0944edfb847112d07e03154691d26 to remote] DEBUG org.asynchttpclient.netty.request.NettyRequestSender - Using pooled Channel '[id: 0x1a9667f1, L:/127.0.0.1:64451 - R:localhost/127.0.0.1:14650]' for 'POST' to 'http://localhost:14650/session/72f0944edfb847112d07e03154691d26/element/0755a837-3a2a-461f-9740-91141a9fdcde/element'
10:51:38.301 [Forwarding findChildElement on session 72f0944edfb847112d07e03154691d26 to remote] DEBUG org.asynchttpclient.netty.request.NettyRequestSender - Using open Channel [id: 0x1a9667f1, L:/127.0.0.1:64451 - R:localhost/127.0.0.1:14650] for POST '/session/72f0944edfb847112d07e03154691d26/element/0755a837-3a2a-461f-9740-91141a9fdcde/element'
10:51:38.394 [AsyncHttpClient-1-3] DEBUG org.asynchttpclient.netty.handler.HttpHandler - 

Request DefaultHttpRequest(decodeResult: success, version: HTTP/1.1)
POST /session/72f0944edfb847112d07e03154691d26/element/0755a837-3a2a-461f-9740-91141a9fdcde/element HTTP/1.1
User-Agent: selenium/4.5.3 (java mac)
Content-Length: 106
Content-Type: application/json; charset=utf-8
host: localhost:14650
accept: */*

Response DefaultHttpResponse(decodeResult: success, version: HTTP/1.1)
HTTP/1.1 200 OK
Content-Length: 88
Content-Type: application/json; charset=utf-8
cache-control: no-cache

10:51:38.394 [AsyncHttpClient-1-3] DEBUG org.asynchttpclient.netty.channel.ChannelManager - Adding key: http://localhost:14650 for channel [id: 0x1a9667f1, L:/127.0.0.1:64451 - R:localhost/127.0.0.1:14650]
10:51:38.395 [Forwarding getElementText on session 72f0944edfb847112d07e03154691d26 to remote] DEBUG org.asynchttpclient.netty.request.NettyRequestSender - Using pooled Channel '[id: 0x1a9667f1, L:/127.0.0.1:64451 - R:localhost/127.0.0.1:14650]' for 'GET' to 'http://localhost:14650/session/72f0944edfb847112d07e03154691d26/element/872427f4-fac8-4af9-b1cd-9b90e84e1b2e/text'
10:51:38.395 [Forwarding getElementText on session 72f0944edfb847112d07e03154691d26 to remote] DEBUG org.asynchttpclient.netty.request.NettyRequestSender - Using open Channel [id: 0x1a9667f1, L:/127.0.0.1:64451 - R:localhost/127.0.0.1:14650] for GET '/session/72f0944edfb847112d07e03154691d26/element/872427f4-fac8-4af9-b1cd-9b90e84e1b2e/text'
10:51:38.873 [AsyncHttpClient-1-3] DEBUG org.asynchttpclient.netty.handler.HttpHandler - 

Request DefaultFullHttpRequest(decodeResult: success, version: HTTP/1.1, content: EmptyByteBufBE)
GET /session/72f0944edfb847112d07e03154691d26/element/872427f4-fac8-4af9-b1cd-9b90e84e1b2e/text HTTP/1.1
User-Agent: selenium/4.5.3 (java mac)
Cache-Control: no-cache
Content-Type: application/json; charset=utf-8
host: localhost:14650
accept: */*

Response DefaultHttpResponse(decodeResult: success, version: HTTP/1.1)
HTTP/1.1 200 OK
Content-Length: 64
Content-Type: application/json; charset=utf-8
cache-control: no-cache

10:51:38.874 [AsyncHttpClient-1-3] DEBUG org.asynchttpclient.netty.channel.ChannelManager - Adding key: http://localhost:14650 for channel [id: 0x1a9667f1, L:/127.0.0.1:64451 - R:localhost/127.0.0.1:14650]
10:51:38.876 [Forwarding findChildElement on session 72f0944edfb847112d07e03154691d26 to remote] DEBUG org.asynchttpclient.netty.request.NettyRequestSender - Using pooled Channel '[id: 0x1a9667f1, L:/127.0.0.1:64451 - R:localhost/127.0.0.1:14650]' for 'POST' to 'http://localhost:14650/session/72f0944edfb847112d07e03154691d26/element/0755a837-3a2a-461f-9740-91141a9fdcde/element'
10:51:38.876 [Forwarding findChildElement on session 72f0944edfb847112d07e03154691d26 to remote] DEBUG org.asynchttpclient.netty.request.NettyRequestSender - Using open Channel [id: 0x1a9667f1, L:/127.0.0.1:64451 - R:localhost/127.0.0.1:14650] for POST '/session/72f0944edfb847112d07e03154691d26/element/0755a837-3a2a-461f-9740-91141a9fdcde/element'
10:51:38.998 [AsyncHttpClient-1-3] DEBUG org.asynchttpclient.netty.handler.HttpHandler - 

Request DefaultHttpRequest(decodeResult: success, version: HTTP/1.1)
POST /session/72f0944edfb847112d07e03154691d26/element/0755a837-3a2a-461f-9740-91141a9fdcde/element HTTP/1.1
User-Agent: selenium/4.5.3 (java mac)
Content-Length: 106
Content-Type: application/json; charset=utf-8
host: localhost:14650
accept: */*

Response DefaultHttpResponse(decodeResult: success, version: HTTP/1.1)
HTTP/1.1 200 OK
Content-Length: 88
Content-Type: application/json; charset=utf-8
cache-control: no-cache

10:51:38.998 [AsyncHttpClient-1-3] DEBUG org.asynchttpclient.netty.channel.ChannelManager - Adding key: http://localhost:14650 for channel [id: 0x1a9667f1, L:/127.0.0.1:64451 - R:localhost/127.0.0.1:14650]
10:51:38.999 [Forwarding getElementText on session 72f0944edfb847112d07e03154691d26 to remote] DEBUG org.asynchttpclient.netty.request.NettyRequestSender - Using pooled Channel '[id: 0x1a9667f1, L:/127.0.0.1:64451 - R:localhost/127.0.0.1:14650]' for 'GET' to 'http://localhost:14650/session/72f0944edfb847112d07e03154691d26/element/1b589e81-81ee-4904-b6af-2545e244dbdc/text'
10:51:38.999 [Forwarding getElementText on session 72f0944edfb847112d07e03154691d26 to remote] DEBUG org.asynchttpclient.netty.request.NettyRequestSender - Using open Channel [id: 0x1a9667f1, L:/127.0.0.1:64451 - R:localhost/127.0.0.1:14650] for GET '/session/72f0944edfb847112d07e03154691d26/element/1b589e81-81ee-4904-b6af-2545e244dbdc/text'
10:51:39.034 [AsyncHttpClient-1-3] DEBUG org.asynchttpclient.netty.handler.HttpHandler - 

Request DefaultFullHttpRequest(decodeResult: success, version: HTTP/1.1, content: EmptyByteBufBE)
GET /session/72f0944edfb847112d07e03154691d26/element/1b589e81-81ee-4904-b6af-2545e244dbdc/text HTTP/1.1
User-Agent: selenium/4.5.3 (java mac)
Cache-Control: no-cache
Content-Type: application/json; charset=utf-8
host: localhost:14650
accept: */*

Response DefaultHttpResponse(decodeResult: success, version: HTTP/1.1)
HTTP/1.1 200 OK
Content-Length: 19
Content-Type: application/json; charset=utf-8
cache-control: no-cache

10:51:39.037 [AsyncHttpClient-1-3] DEBUG org.asynchttpclient.netty.channel.ChannelManager - Adding key: http://localhost:14650 for channel [id: 0x1a9667f1, L:/127.0.0.1:64451 - R:localhost/127.0.0.1:14650]
10:51:39.040 [Forwarding findChildElement on session 72f0944edfb847112d07e03154691d26 to remote] DEBUG org.asynchttpclient.netty.request.NettyRequestSender - Using pooled Channel '[id: 0x1a9667f1, L:/127.0.0.1:64451 - R:localhost/127.0.0.1:14650]' for 'POST' to 'http://localhost:14650/session/72f0944edfb847112d07e03154691d26/element/cb7b6e06-9ec8-4419-896c-21b93a66285c/element'
10:51:39.040 [Forwarding findChildElement on session 72f0944edfb847112d07e03154691d26 to remote] DEBUG org.asynchttpclient.netty.request.NettyRequestSender - Using open Channel [id: 0x1a9667f1, L:/127.0.0.1:64451 - R:localhost/127.0.0.1:14650] for POST '/session/72f0944edfb847112d07e03154691d26/element/cb7b6e06-9ec8-4419-896c-21b93a66285c/element'
10:51:39.098 [AsyncHttpClient-1-1] DEBUG org.asynchttpclient.netty.channel.DefaultChannelPool - Entry count for : http://localhost:18432 : 1
10:51:39.098 [AsyncHttpClient-1-1] DEBUG org.asynchttpclient.netty.channel.DefaultChannelPool - Entry count for : http://localhost:64454 : 1
10:51:39.823 [AsyncHttpClient-1-3] DEBUG org.asynchttpclient.netty.handler.HttpHandler - 

Request DefaultHttpRequest(decodeResult: success, version: HTTP/1.1)
POST /session/72f0944edfb847112d07e03154691d26/element/cb7b6e06-9ec8-4419-896c-21b93a66285c/element HTTP/1.1
User-Agent: selenium/4.5.3 (java mac)
Content-Length: 106
Content-Type: application/json; charset=utf-8
host: localhost:14650
accept: */*

Response DefaultHttpResponse(decodeResult: success, version: HTTP/1.1)
HTTP/1.1 200 OK
Content-Length: 88
Content-Type: application/json; charset=utf-8
cache-control: no-cache

10:51:39.824 [AsyncHttpClient-1-3] DEBUG org.asynchttpclient.netty.channel.ChannelManager - Adding key: http://localhost:14650 for channel [id: 0x1a9667f1, L:/127.0.0.1:64451 - R:localhost/127.0.0.1:14650]
10:51:39.827 [Forwarding getElementText on session 72f0944edfb847112d07e03154691d26 to remote] DEBUG org.asynchttpclient.netty.request.NettyRequestSender - Using pooled Channel '[id: 0x1a9667f1, L:/127.0.0.1:64451 - R:localhost/127.0.0.1:14650]' for 'GET' to 'http://localhost:14650/session/72f0944edfb847112d07e03154691d26/element/60d664ba-4433-4f7e-a2d1-31143dfa1d39/text'
10:51:39.827 [Forwarding getElementText on session 72f0944edfb847112d07e03154691d26 to remote] DEBUG org.asynchttpclient.netty.request.NettyRequestSender - Using open Channel [id: 0x1a9667f1, L:/127.0.0.1:64451 - R:localhost/127.0.0.1:14650] for GET '/session/72f0944edfb847112d07e03154691d26/element/60d664ba-4433-4f7e-a2d1-31143dfa1d39/text'
10:51:39.895 [AsyncHttpClient-1-3] DEBUG org.asynchttpclient.netty.handler.HttpHandler - 

Request DefaultFullHttpRequest(decodeResult: success, version: HTTP/1.1, content: EmptyByteBufBE)
GET /session/72f0944edfb847112d07e03154691d26/element/60d664ba-4433-4f7e-a2d1-31143dfa1d39/text HTTP/1.1
User-Agent: selenium/4.5.3 (java mac)
Cache-Control: no-cache
Content-Type: application/json; charset=utf-8
host: localhost:14650
accept: */*

Response DefaultHttpResponse(decodeResult: success, version: HTTP/1.1)
HTTP/1.1 200 OK
Content-Length: 75
Content-Type: application/json; charset=utf-8
cache-control: no-cache

10:51:39.895 [AsyncHttpClient-1-3] DEBUG org.asynchttpclient.netty.channel.ChannelManager - Adding key: http://localhost:14650 for channel [id: 0x1a9667f1, L:/127.0.0.1:64451 - R:localhost/127.0.0.1:14650]
10:51:39.896 [Forwarding findChildElement on session 72f0944edfb847112d07e03154691d26 to remote] DEBUG org.asynchttpclient.netty.request.NettyRequestSender - Using pooled Channel '[id: 0x1a9667f1, L:/127.0.0.1:64451 - R:localhost/127.0.0.1:14650]' for 'POST' to 'http://localhost:14650/session/72f0944edfb847112d07e03154691d26/element/cb7b6e06-9ec8-4419-896c-21b93a66285c/element'
10:51:39.897 [Forwarding findChildElement on session 72f0944edfb847112d07e03154691d26 to remote] DEBUG org.asynchttpclient.netty.request.NettyRequestSender - Using open Channel [id: 0x1a9667f1, L:/127.0.0.1:64451 - R:localhost/127.0.0.1:14650] for POST '/session/72f0944edfb847112d07e03154691d26/element/cb7b6e06-9ec8-4419-896c-21b93a66285c/element'
10:51:40.203 [AsyncHttpClient-1-1] DEBUG org.asynchttpclient.netty.channel.DefaultChannelPool - Entry count for : http://localhost:18432 : 1
10:51:40.203 [AsyncHttpClient-1-1] DEBUG org.asynchttpclient.netty.channel.DefaultChannelPool - Entry count for : http://localhost:64454 : 1
10:51:40.513 [AsyncHttpClient-1-3] DEBUG org.asynchttpclient.netty.handler.HttpHandler - 

Request DefaultHttpRequest(decodeResult: success, version: HTTP/1.1)
POST /session/72f0944edfb847112d07e03154691d26/element/cb7b6e06-9ec8-4419-896c-21b93a66285c/element HTTP/1.1
User-Agent: selenium/4.5.3 (java mac)
Content-Length: 106
Content-Type: application/json; charset=utf-8
host: localhost:14650
accept: */*

Response DefaultHttpResponse(decodeResult: success, version: HTTP/1.1)
HTTP/1.1 200 OK
Content-Length: 88
Content-Type: application/json; charset=utf-8
cache-control: no-cache

10:51:40.513 [AsyncHttpClient-1-3] DEBUG org.asynchttpclient.netty.channel.ChannelManager - Adding key: http://localhost:14650 for channel [id: 0x1a9667f1, L:/127.0.0.1:64451 - R:localhost/127.0.0.1:14650]
10:51:40.515 [Forwarding getElementText on session 72f0944edfb847112d07e03154691d26 to remote] DEBUG org.asynchttpclient.netty.request.NettyRequestSender - Using pooled Channel '[id: 0x1a9667f1, L:/127.0.0.1:64451 - R:localhost/127.0.0.1:14650]' for 'GET' to 'http://localhost:14650/session/72f0944edfb847112d07e03154691d26/element/3b009756-9528-44a9-bad5-9d5bf2c825a1/text'
10:51:40.515 [Forwarding getElementText on session 72f0944edfb847112d07e03154691d26 to remote] DEBUG org.asynchttpclient.netty.request.NettyRequestSender - Using open Channel [id: 0x1a9667f1, L:/127.0.0.1:64451 - R:localhost/127.0.0.1:14650] for GET '/session/72f0944edfb847112d07e03154691d26/element/3b009756-9528-44a9-bad5-9d5bf2c825a1/text'
10:51:40.707 [AsyncHttpClient-1-3] DEBUG org.asynchttpclient.netty.handler.HttpHandler - 

Request DefaultFullHttpRequest(decodeResult: success, version: HTTP/1.1, content: EmptyByteBufBE)
GET /session/72f0944edfb847112d07e03154691d26/element/3b009756-9528-44a9-bad5-9d5bf2c825a1/text HTTP/1.1
User-Agent: selenium/4.5.3 (java mac)
Cache-Control: no-cache
Content-Type: application/json; charset=utf-8
host: localhost:14650
accept: */*

Response DefaultHttpResponse(decodeResult: success, version: HTTP/1.1)
HTTP/1.1 200 OK
Content-Length: 19
Content-Type: application/json; charset=utf-8
cache-control: no-cache

10:51:40.707 [AsyncHttpClient-1-3] DEBUG org.asynchttpclient.netty.channel.ChannelManager - Adding key: http://localhost:14650 for channel [id: 0x1a9667f1, L:/127.0.0.1:64451 - R:localhost/127.0.0.1:14650]
10:51:40.710 [Forwarding findChildElement on session 72f0944edfb847112d07e03154691d26 to remote] DEBUG org.asynchttpclient.netty.request.NettyRequestSender - Using pooled Channel '[id: 0x1a9667f1, L:/127.0.0.1:64451 - R:localhost/127.0.0.1:14650]' for 'POST' to 'http://localhost:14650/session/72f0944edfb847112d07e03154691d26/element/3bedd75d-0f48-40be-85b9-6247e4d35d9c/element'
10:51:40.710 [Forwarding findChildElement on session 72f0944edfb847112d07e03154691d26 to remote] DEBUG org.asynchttpclient.netty.request.NettyRequestSender - Using open Channel [id: 0x1a9667f1, L:/127.0.0.1:64451 - R:localhost/127.0.0.1:14650] for POST '/session/72f0944edfb847112d07e03154691d26/element/3bedd75d-0f48-40be-85b9-6247e4d35d9c/element'
10:51:40.743 [AsyncHttpClient-1-3] DEBUG org.asynchttpclient.netty.handler.HttpHandler - 

Request DefaultHttpRequest(decodeResult: success, version: HTTP/1.1)
POST /session/72f0944edfb847112d07e03154691d26/element/3bedd75d-0f48-40be-85b9-6247e4d35d9c/element HTTP/1.1
User-Agent: selenium/4.5.3 (java mac)
Content-Length: 106
Content-Type: application/json; charset=utf-8
host: localhost:14650
accept: */*

Response DefaultHttpResponse(decodeResult: success, version: HTTP/1.1)
HTTP/1.1 200 OK
Content-Length: 88
Content-Type: application/json; charset=utf-8
cache-control: no-cache

10:51:40.743 [AsyncHttpClient-1-3] DEBUG org.asynchttpclient.netty.channel.ChannelManager - Adding key: http://localhost:14650 for channel [id: 0x1a9667f1, L:/127.0.0.1:64451 - R:localhost/127.0.0.1:14650]
10:51:40.744 [Forwarding getElementText on session 72f0944edfb847112d07e03154691d26 to remote] DEBUG org.asynchttpclient.netty.request.NettyRequestSender - Using pooled Channel '[id: 0x1a9667f1, L:/127.0.0.1:64451 - R:localhost/127.0.0.1:14650]' for 'GET' to 'http://localhost:14650/session/72f0944edfb847112d07e03154691d26/element/26c27e5d-e294-47a8-abdb-db743350c40c/text'
10:51:40.744 [Forwarding getElementText on session 72f0944edfb847112d07e03154691d26 to remote] DEBUG org.asynchttpclient.netty.request.NettyRequestSender - Using open Channel [id: 0x1a9667f1, L:/127.0.0.1:64451 - R:localhost/127.0.0.1:14650] for GET '/session/72f0944edfb847112d07e03154691d26/element/26c27e5d-e294-47a8-abdb-db743350c40c/text'
10:51:40.790 [AsyncHttpClient-1-3] DEBUG org.asynchttpclient.netty.handler.HttpHandler - 

Request DefaultFullHttpRequest(decodeResult: success, version: HTTP/1.1, content: EmptyByteBufBE)
GET /session/72f0944edfb847112d07e03154691d26/element/26c27e5d-e294-47a8-abdb-db743350c40c/text HTTP/1.1
User-Agent: selenium/4.5.3 (java mac)
Cache-Control: no-cache
Content-Type: application/json; charset=utf-8
host: localhost:14650
accept: */*

Response DefaultHttpResponse(decodeResult: success, version: HTTP/1.1)
HTTP/1.1 200 OK
Content-Length: 91
Content-Type: application/json; charset=utf-8
cache-control: no-cache

10:51:40.790 [AsyncHttpClient-1-3] DEBUG org.asynchttpclient.netty.channel.ChannelManager - Adding key: http://localhost:14650 for channel [id: 0x1a9667f1, L:/127.0.0.1:64451 - R:localhost/127.0.0.1:14650]
10:51:40.792 [Forwarding findChildElement on session 72f0944edfb847112d07e03154691d26 to remote] DEBUG org.asynchttpclient.netty.request.NettyRequestSender - Using pooled Channel '[id: 0x1a9667f1, L:/127.0.0.1:64451 - R:localhost/127.0.0.1:14650]' for 'POST' to 'http://localhost:14650/session/72f0944edfb847112d07e03154691d26/element/3bedd75d-0f48-40be-85b9-6247e4d35d9c/element'
10:51:40.792 [Forwarding findChildElement on session 72f0944edfb847112d07e03154691d26 to remote] DEBUG org.asynchttpclient.netty.request.NettyRequestSender - Using open Channel [id: 0x1a9667f1, L:/127.0.0.1:64451 - R:localhost/127.0.0.1:14650] for POST '/session/72f0944edfb847112d07e03154691d26/element/3bedd75d-0f48-40be-85b9-6247e4d35d9c/element'
10:51:41.299 [AsyncHttpClient-1-1] DEBUG org.asynchttpclient.netty.channel.DefaultChannelPool - Entry count for : http://localhost:18432 : 1
10:51:41.300 [AsyncHttpClient-1-1] DEBUG org.asynchttpclient.netty.channel.DefaultChannelPool - Entry count for : http://localhost:64454 : 1
10:51:41.621 [AsyncHttpClient-1-3] DEBUG org.asynchttpclient.netty.handler.HttpHandler - 

Request DefaultHttpRequest(decodeResult: success, version: HTTP/1.1)
POST /session/72f0944edfb847112d07e03154691d26/element/3bedd75d-0f48-40be-85b9-6247e4d35d9c/element HTTP/1.1
User-Agent: selenium/4.5.3 (java mac)
Content-Length: 106
Content-Type: application/json; charset=utf-8
host: localhost:14650
accept: */*

Response DefaultHttpResponse(decodeResult: success, version: HTTP/1.1)
HTTP/1.1 200 OK
Content-Length: 88
Content-Type: application/json; charset=utf-8
cache-control: no-cache

10:51:41.621 [AsyncHttpClient-1-3] DEBUG org.asynchttpclient.netty.channel.ChannelManager - Adding key: http://localhost:14650 for channel [id: 0x1a9667f1, L:/127.0.0.1:64451 - R:localhost/127.0.0.1:14650]
10:51:41.622 [Forwarding getElementText on session 72f0944edfb847112d07e03154691d26 to remote] DEBUG org.asynchttpclient.netty.request.NettyRequestSender - Using pooled Channel '[id: 0x1a9667f1, L:/127.0.0.1:64451 - R:localhost/127.0.0.1:14650]' for 'GET' to 'http://localhost:14650/session/72f0944edfb847112d07e03154691d26/element/19923337-11c2-44f6-85f1-276fe9cbdcd7/text'
10:51:41.622 [Forwarding getElementText on session 72f0944edfb847112d07e03154691d26 to remote] DEBUG org.asynchttpclient.netty.request.NettyRequestSender - Using open Channel [id: 0x1a9667f1, L:/127.0.0.1:64451 - R:localhost/127.0.0.1:14650] for GET '/session/72f0944edfb847112d07e03154691d26/element/19923337-11c2-44f6-85f1-276fe9cbdcd7/text'
10:51:41.952 [AsyncHttpClient-1-3] DEBUG org.asynchttpclient.netty.handler.HttpHandler - 

Request DefaultFullHttpRequest(decodeResult: success, version: HTTP/1.1, content: EmptyByteBufBE)
GET /session/72f0944edfb847112d07e03154691d26/element/19923337-11c2-44f6-85f1-276fe9cbdcd7/text HTTP/1.1
User-Agent: selenium/4.5.3 (java mac)
Cache-Control: no-cache
Content-Type: application/json; charset=utf-8
host: localhost:14650
accept: */*

Response DefaultHttpResponse(decodeResult: success, version: HTTP/1.1)
HTTP/1.1 200 OK
Content-Length: 19
Content-Type: application/json; charset=utf-8
cache-control: no-cache

10:51:41.952 [AsyncHttpClient-1-3] DEBUG org.asynchttpclient.netty.channel.ChannelManager - Adding key: http://localhost:14650 for channel [id: 0x1a9667f1, L:/127.0.0.1:64451 - R:localhost/127.0.0.1:14650]
10:51:41.954 [Forwarding findChildElement on session 72f0944edfb847112d07e03154691d26 to remote] DEBUG org.asynchttpclient.netty.request.NettyRequestSender - Using pooled Channel '[id: 0x1a9667f1, L:/127.0.0.1:64451 - R:localhost/127.0.0.1:14650]' for 'POST' to 'http://localhost:14650/session/72f0944edfb847112d07e03154691d26/element/7f3bafc9-f675-40a8-adc0-2755ff6261c0/element'
10:51:41.954 [Forwarding findChildElement on session 72f0944edfb847112d07e03154691d26 to remote] DEBUG org.asynchttpclient.netty.request.NettyRequestSender - Using open Channel [id: 0x1a9667f1, L:/127.0.0.1:64451 - R:localhost/127.0.0.1:14650] for POST '/session/72f0944edfb847112d07e03154691d26/element/7f3bafc9-f675-40a8-adc0-2755ff6261c0/element'
10:51:42.357 [AsyncHttpClient-1-3] DEBUG org.asynchttpclient.netty.handler.HttpHandler - 

Request DefaultHttpRequest(decodeResult: success, version: HTTP/1.1)
POST /session/72f0944edfb847112d07e03154691d26/element/7f3bafc9-f675-40a8-adc0-2755ff6261c0/element HTTP/1.1
User-Agent: selenium/4.5.3 (java mac)
Content-Length: 106
Content-Type: application/json; charset=utf-8
host: localhost:14650
accept: */*

Response DefaultHttpResponse(decodeResult: success, version: HTTP/1.1)
HTTP/1.1 200 OK
Content-Length: 88
Content-Type: application/json; charset=utf-8
cache-control: no-cache

10:51:42.358 [AsyncHttpClient-1-3] DEBUG org.asynchttpclient.netty.channel.ChannelManager - Adding key: http://localhost:14650 for channel [id: 0x1a9667f1, L:/127.0.0.1:64451 - R:localhost/127.0.0.1:14650]
10:51:42.359 [Forwarding getElementText on session 72f0944edfb847112d07e03154691d26 to remote] DEBUG org.asynchttpclient.netty.request.NettyRequestSender - Using pooled Channel '[id: 0x1a9667f1, L:/127.0.0.1:64451 - R:localhost/127.0.0.1:14650]' for 'GET' to 'http://localhost:14650/session/72f0944edfb847112d07e03154691d26/element/914a7f12-46ff-424c-9858-af57613ff2a5/text'
10:51:42.359 [Forwarding getElementText on session 72f0944edfb847112d07e03154691d26 to remote] DEBUG org.asynchttpclient.netty.request.NettyRequestSender - Using open Channel [id: 0x1a9667f1, L:/127.0.0.1:64451 - R:localhost/127.0.0.1:14650] for GET '/session/72f0944edfb847112d07e03154691d26/element/914a7f12-46ff-424c-9858-af57613ff2a5/text'
10:51:42.401 [AsyncHttpClient-1-1] DEBUG org.asynchttpclient.netty.channel.DefaultChannelPool - Entry count for : http://localhost:18432 : 1
10:51:42.401 [AsyncHttpClient-1-1] DEBUG org.asynchttpclient.netty.channel.DefaultChannelPool - Entry count for : http://localhost:64454 : 1
10:51:42.772 [AsyncHttpClient-1-3] DEBUG org.asynchttpclient.netty.handler.HttpHandler - 

Request DefaultFullHttpRequest(decodeResult: success, version: HTTP/1.1, content: EmptyByteBufBE)
GET /session/72f0944edfb847112d07e03154691d26/element/914a7f12-46ff-424c-9858-af57613ff2a5/text HTTP/1.1
User-Agent: selenium/4.5.3 (java mac)
Cache-Control: no-cache
Content-Type: application/json; charset=utf-8
host: localhost:14650
accept: */*

Response DefaultHttpResponse(decodeResult: success, version: HTTP/1.1)
HTTP/1.1 200 OK
Content-Length: 85
Content-Type: application/json; charset=utf-8
cache-control: no-cache

10:51:42.773 [AsyncHttpClient-1-3] DEBUG org.asynchttpclient.netty.channel.ChannelManager - Adding key: http://localhost:14650 for channel [id: 0x1a9667f1, L:/127.0.0.1:64451 - R:localhost/127.0.0.1:14650]
10:51:42.774 [Forwarding findChildElement on session 72f0944edfb847112d07e03154691d26 to remote] DEBUG org.asynchttpclient.netty.request.NettyRequestSender - Using pooled Channel '[id: 0x1a9667f1, L:/127.0.0.1:64451 - R:localhost/127.0.0.1:14650]' for 'POST' to 'http://localhost:14650/session/72f0944edfb847112d07e03154691d26/element/7f3bafc9-f675-40a8-adc0-2755ff6261c0/element'
10:51:42.774 [Forwarding findChildElement on session 72f0944edfb847112d07e03154691d26 to remote] DEBUG org.asynchttpclient.netty.request.NettyRequestSender - Using open Channel [id: 0x1a9667f1, L:/127.0.0.1:64451 - R:localhost/127.0.0.1:14650] for POST '/session/72f0944edfb847112d07e03154691d26/element/7f3bafc9-f675-40a8-adc0-2755ff6261c0/element'
10:51:43.204 [AsyncHttpClient-1-3] DEBUG org.asynchttpclient.netty.handler.HttpHandler - 

Request DefaultHttpRequest(decodeResult: success, version: HTTP/1.1)
POST /session/72f0944edfb847112d07e03154691d26/element/7f3bafc9-f675-40a8-adc0-2755ff6261c0/element HTTP/1.1
User-Agent: selenium/4.5.3 (java mac)
Content-Length: 106
Content-Type: application/json; charset=utf-8
host: localhost:14650
accept: */*

Response DefaultHttpResponse(decodeResult: success, version: HTTP/1.1)
HTTP/1.1 200 OK
Content-Length: 88
Content-Type: application/json; charset=utf-8
cache-control: no-cache

10:51:43.204 [AsyncHttpClient-1-3] DEBUG org.asynchttpclient.netty.channel.ChannelManager - Adding key: http://localhost:14650 for channel [id: 0x1a9667f1, L:/127.0.0.1:64451 - R:localhost/127.0.0.1:14650]
10:51:43.205 [Forwarding getElementText on session 72f0944edfb847112d07e03154691d26 to remote] DEBUG org.asynchttpclient.netty.request.NettyRequestSender - Using pooled Channel '[id: 0x1a9667f1, L:/127.0.0.1:64451 - R:localhost/127.0.0.1:14650]' for 'GET' to 'http://localhost:14650/session/72f0944edfb847112d07e03154691d26/element/a7b82b24-9c05-4928-bb3c-aeda5320fef3/text'
10:51:43.205 [Forwarding getElementText on session 72f0944edfb847112d07e03154691d26 to remote] DEBUG org.asynchttpclient.netty.request.NettyRequestSender - Using open Channel [id: 0x1a9667f1, L:/127.0.0.1:64451 - R:localhost/127.0.0.1:14650] for GET '/session/72f0944edfb847112d07e03154691d26/element/a7b82b24-9c05-4928-bb3c-aeda5320fef3/text'
10:51:43.502 [AsyncHttpClient-1-1] DEBUG org.asynchttpclient.netty.channel.DefaultChannelPool - Entry count for : http://localhost:18432 : 1
10:51:43.503 [AsyncHttpClient-1-1] DEBUG org.asynchttpclient.netty.channel.DefaultChannelPool - Entry count for : http://localhost:64454 : 1
10:51:43.721 [AsyncHttpClient-1-3] DEBUG org.asynchttpclient.netty.handler.HttpHandler - 

Request DefaultFullHttpRequest(decodeResult: success, version: HTTP/1.1, content: EmptyByteBufBE)
GET /session/72f0944edfb847112d07e03154691d26/element/a7b82b24-9c05-4928-bb3c-aeda5320fef3/text HTTP/1.1
User-Agent: selenium/4.5.3 (java mac)
Cache-Control: no-cache
Content-Type: application/json; charset=utf-8
host: localhost:14650
accept: */*

Response DefaultHttpResponse(decodeResult: success, version: HTTP/1.1)
HTTP/1.1 200 OK
Content-Length: 30
Content-Type: application/json; charset=utf-8
cache-control: no-cache

10:51:43.721 [AsyncHttpClient-1-3] DEBUG org.asynchttpclient.netty.channel.ChannelManager - Adding key: http://localhost:14650 for channel [id: 0x1a9667f1, L:/127.0.0.1:64451 - R:localhost/127.0.0.1:14650]
10:51:43.723 [Forwarding findChildElement on session 72f0944edfb847112d07e03154691d26 to remote] DEBUG org.asynchttpclient.netty.request.NettyRequestSender - Using pooled Channel '[id: 0x1a9667f1, L:/127.0.0.1:64451 - R:localhost/127.0.0.1:14650]' for 'POST' to 'http://localhost:14650/session/72f0944edfb847112d07e03154691d26/element/27504d8e-81b1-4342-b0e1-27954b2d822b/element'
10:51:43.723 [Forwarding findChildElement on session 72f0944edfb847112d07e03154691d26 to remote] DEBUG org.asynchttpclient.netty.request.NettyRequestSender - Using open Channel [id: 0x1a9667f1, L:/127.0.0.1:64451 - R:localhost/127.0.0.1:14650] for POST '/session/72f0944edfb847112d07e03154691d26/element/27504d8e-81b1-4342-b0e1-27954b2d822b/element'
10:51:43.743 [AsyncHttpClient-1-3] DEBUG org.asynchttpclient.netty.handler.HttpHandler - 

Request DefaultHttpRequest(decodeResult: success, version: HTTP/1.1)
POST /session/72f0944edfb847112d07e03154691d26/element/27504d8e-81b1-4342-b0e1-27954b2d822b/element HTTP/1.1
User-Agent: selenium/4.5.3 (java mac)
Content-Length: 106
Content-Type: application/json; charset=utf-8
host: localhost:14650
accept: */*

Response DefaultHttpResponse(decodeResult: success, version: HTTP/1.1)
HTTP/1.1 200 OK
Content-Length: 88
Content-Type: application/json; charset=utf-8
cache-control: no-cache

10:51:43.743 [AsyncHttpClient-1-3] DEBUG org.asynchttpclient.netty.channel.ChannelManager - Adding key: http://localhost:14650 for channel [id: 0x1a9667f1, L:/127.0.0.1:64451 - R:localhost/127.0.0.1:14650]
10:51:43.745 [Forwarding getElementText on session 72f0944edfb847112d07e03154691d26 to remote] DEBUG org.asynchttpclient.netty.request.NettyRequestSender - Using pooled Channel '[id: 0x1a9667f1, L:/127.0.0.1:64451 - R:localhost/127.0.0.1:14650]' for 'GET' to 'http://localhost:14650/session/72f0944edfb847112d07e03154691d26/element/a740a066-a315-4f04-8dfa-ed6bf53108ae/text'
10:51:43.746 [Forwarding getElementText on session 72f0944edfb847112d07e03154691d26 to remote] DEBUG org.asynchttpclient.netty.request.NettyRequestSender - Using open Channel [id: 0x1a9667f1, L:/127.0.0.1:64451 - R:localhost/127.0.0.1:14650] for GET '/session/72f0944edfb847112d07e03154691d26/element/a740a066-a315-4f04-8dfa-ed6bf53108ae/text'
10:51:43.785 [AsyncHttpClient-1-3] DEBUG org.asynchttpclient.netty.handler.HttpHandler - 

Request DefaultFullHttpRequest(decodeResult: success, version: HTTP/1.1, content: EmptyByteBufBE)
GET /session/72f0944edfb847112d07e03154691d26/element/a740a066-a315-4f04-8dfa-ed6bf53108ae/text HTTP/1.1
User-Agent: selenium/4.5.3 (java mac)
Cache-Control: no-cache
Content-Type: application/json; charset=utf-8
host: localhost:14650
accept: */*

Response DefaultHttpResponse(decodeResult: success, version: HTTP/1.1)
HTTP/1.1 200 OK
Content-Length: 71
Content-Type: application/json; charset=utf-8
cache-control: no-cache

10:51:43.785 [AsyncHttpClient-1-3] DEBUG org.asynchttpclient.netty.channel.ChannelManager - Adding key: http://localhost:14650 for channel [id: 0x1a9667f1, L:/127.0.0.1:64451 - R:localhost/127.0.0.1:14650]
10:51:43.786 [Forwarding findChildElement on session 72f0944edfb847112d07e03154691d26 to remote] DEBUG org.asynchttpclient.netty.request.NettyRequestSender - Using pooled Channel '[id: 0x1a9667f1, L:/127.0.0.1:64451 - R:localhost/127.0.0.1:14650]' for 'POST' to 'http://localhost:14650/session/72f0944edfb847112d07e03154691d26/element/27504d8e-81b1-4342-b0e1-27954b2d822b/element'
10:51:43.787 [Forwarding findChildElement on session 72f0944edfb847112d07e03154691d26 to remote] DEBUG org.asynchttpclient.netty.request.NettyRequestSender - Using open Channel [id: 0x1a9667f1, L:/127.0.0.1:64451 - R:localhost/127.0.0.1:14650] for POST '/session/72f0944edfb847112d07e03154691d26/element/27504d8e-81b1-4342-b0e1-27954b2d822b/element'
10:51:44.391 [AsyncHttpClient-1-3] DEBUG org.asynchttpclient.netty.handler.HttpHandler - 

Request DefaultHttpRequest(decodeResult: success, version: HTTP/1.1)
POST /session/72f0944edfb847112d07e03154691d26/element/27504d8e-81b1-4342-b0e1-27954b2d822b/element HTTP/1.1
User-Agent: selenium/4.5.3 (java mac)
Content-Length: 106
Content-Type: application/json; charset=utf-8
host: localhost:14650
accept: */*

Response DefaultHttpResponse(decodeResult: success, version: HTTP/1.1)
HTTP/1.1 200 OK
Content-Length: 88
Content-Type: application/json; charset=utf-8
cache-control: no-cache

10:51:44.393 [AsyncHttpClient-1-3] DEBUG org.asynchttpclient.netty.channel.ChannelManager - Adding key: http://localhost:14650 for channel [id: 0x1a9667f1, L:/127.0.0.1:64451 - R:localhost/127.0.0.1:14650]
10:51:44.396 [Forwarding getElementText on session 72f0944edfb847112d07e03154691d26 to remote] DEBUG org.asynchttpclient.netty.request.NettyRequestSender - Using pooled Channel '[id: 0x1a9667f1, L:/127.0.0.1:64451 - R:localhost/127.0.0.1:14650]' for 'GET' to 'http://localhost:14650/session/72f0944edfb847112d07e03154691d26/element/0003c62e-da00-4338-b5c6-52e4ca73471e/text'
10:51:44.397 [Forwarding getElementText on session 72f0944edfb847112d07e03154691d26 to remote] DEBUG org.asynchttpclient.netty.request.NettyRequestSender - Using open Channel [id: 0x1a9667f1, L:/127.0.0.1:64451 - R:localhost/127.0.0.1:14650] for GET '/session/72f0944edfb847112d07e03154691d26/element/0003c62e-da00-4338-b5c6-52e4ca73471e/text'
10:51:44.602 [AsyncHttpClient-1-1] DEBUG org.asynchttpclient.netty.channel.DefaultChannelPool - Entry count for : http://localhost:18432 : 1
10:51:44.603 [AsyncHttpClient-1-1] DEBUG org.asynchttpclient.netty.channel.DefaultChannelPool - Entry count for : http://localhost:64454 : 1
10:51:44.822 [AsyncHttpClient-1-3] DEBUG org.asynchttpclient.netty.handler.HttpHandler - 

Request DefaultFullHttpRequest(decodeResult: success, version: HTTP/1.1, content: EmptyByteBufBE)
GET /session/72f0944edfb847112d07e03154691d26/element/0003c62e-da00-4338-b5c6-52e4ca73471e/text HTTP/1.1
User-Agent: selenium/4.5.3 (java mac)
Cache-Control: no-cache
Content-Type: application/json; charset=utf-8
host: localhost:14650
accept: */*

Response DefaultHttpResponse(decodeResult: success, version: HTTP/1.1)
HTTP/1.1 200 OK
Content-Length: 18
Content-Type: application/json; charset=utf-8
cache-control: no-cache

10:51:44.823 [AsyncHttpClient-1-3] DEBUG org.asynchttpclient.netty.channel.ChannelManager - Adding key: http://localhost:14650 for channel [id: 0x1a9667f1, L:/127.0.0.1:64451 - R:localhost/127.0.0.1:14650]
10:51:44.826 [Forwarding findChildElement on session 72f0944edfb847112d07e03154691d26 to remote] DEBUG org.asynchttpclient.netty.request.NettyRequestSender - Using pooled Channel '[id: 0x1a9667f1, L:/127.0.0.1:64451 - R:localhost/127.0.0.1:14650]' for 'POST' to 'http://localhost:14650/session/72f0944edfb847112d07e03154691d26/element/7db6ba06-9929-443e-85ac-53e230482494/element'
10:51:44.826 [Forwarding findChildElement on session 72f0944edfb847112d07e03154691d26 to remote] DEBUG org.asynchttpclient.netty.request.NettyRequestSender - Using open Channel [id: 0x1a9667f1, L:/127.0.0.1:64451 - R:localhost/127.0.0.1:14650] for POST '/session/72f0944edfb847112d07e03154691d26/element/7db6ba06-9929-443e-85ac-53e230482494/element'
10:51:44.916 [AsyncHttpClient-1-3] DEBUG org.asynchttpclient.netty.handler.HttpHandler - 

Request DefaultHttpRequest(decodeResult: success, version: HTTP/1.1)
POST /session/72f0944edfb847112d07e03154691d26/element/7db6ba06-9929-443e-85ac-53e230482494/element HTTP/1.1
User-Agent: selenium/4.5.3 (java mac)
Content-Length: 106
Content-Type: application/json; charset=utf-8
host: localhost:14650
accept: */*

Response DefaultHttpResponse(decodeResult: success, version: HTTP/1.1)
HTTP/1.1 200 OK
Content-Length: 88
Content-Type: application/json; charset=utf-8
cache-control: no-cache

10:51:44.916 [AsyncHttpClient-1-3] DEBUG org.asynchttpclient.netty.channel.ChannelManager - Adding key: http://localhost:14650 for channel [id: 0x1a9667f1, L:/127.0.0.1:64451 - R:localhost/127.0.0.1:14650]
10:51:44.921 [Forwarding getElementText on session 72f0944edfb847112d07e03154691d26 to remote] DEBUG org.asynchttpclient.netty.request.NettyRequestSender - Using pooled Channel '[id: 0x1a9667f1, L:/127.0.0.1:64451 - R:localhost/127.0.0.1:14650]' for 'GET' to 'http://localhost:14650/session/72f0944edfb847112d07e03154691d26/element/c3bff7b1-8156-41a3-bd9b-4e4040b55771/text'
10:51:44.921 [Forwarding getElementText on session 72f0944edfb847112d07e03154691d26 to remote] DEBUG org.asynchttpclient.netty.request.NettyRequestSender - Using open Channel [id: 0x1a9667f1, L:/127.0.0.1:64451 - R:localhost/127.0.0.1:14650] for GET '/session/72f0944edfb847112d07e03154691d26/element/c3bff7b1-8156-41a3-bd9b-4e4040b55771/text'
10:51:45.700 [AsyncHttpClient-1-1] DEBUG org.asynchttpclient.netty.channel.DefaultChannelPool - Entry count for : http://localhost:18432 : 1
10:51:45.700 [AsyncHttpClient-1-1] DEBUG org.asynchttpclient.netty.channel.DefaultChannelPool - Entry count for : http://localhost:64454 : 1
10:51:46.236 [AsyncHttpClient-1-3] DEBUG org.asynchttpclient.netty.handler.HttpHandler - 

Request DefaultFullHttpRequest(decodeResult: success, version: HTTP/1.1, content: EmptyByteBufBE)
GET /session/72f0944edfb847112d07e03154691d26/element/c3bff7b1-8156-41a3-bd9b-4e4040b55771/text HTTP/1.1
User-Agent: selenium/4.5.3 (java mac)
Cache-Control: no-cache
Content-Type: application/json; charset=utf-8
host: localhost:14650
accept: */*

Response DefaultHttpResponse(decodeResult: success, version: HTTP/1.1)
HTTP/1.1 200 OK
Content-Length: 89
Content-Type: application/json; charset=utf-8
cache-control: no-cache

10:51:46.236 [AsyncHttpClient-1-3] DEBUG org.asynchttpclient.netty.channel.ChannelManager - Adding key: http://localhost:14650 for channel [id: 0x1a9667f1, L:/127.0.0.1:64451 - R:localhost/127.0.0.1:14650]
10:51:46.238 [Forwarding findChildElement on session 72f0944edfb847112d07e03154691d26 to remote] DEBUG org.asynchttpclient.netty.request.NettyRequestSender - Using pooled Channel '[id: 0x1a9667f1, L:/127.0.0.1:64451 - R:localhost/127.0.0.1:14650]' for 'POST' to 'http://localhost:14650/session/72f0944edfb847112d07e03154691d26/element/7db6ba06-9929-443e-85ac-53e230482494/element'
10:51:46.238 [Forwarding findChildElement on session 72f0944edfb847112d07e03154691d26 to remote] DEBUG org.asynchttpclient.netty.request.NettyRequestSender - Using open Channel [id: 0x1a9667f1, L:/127.0.0.1:64451 - R:localhost/127.0.0.1:14650] for POST '/session/72f0944edfb847112d07e03154691d26/element/7db6ba06-9929-443e-85ac-53e230482494/element'
10:51:46.800 [AsyncHttpClient-1-1] DEBUG org.asynchttpclient.netty.channel.DefaultChannelPool - Entry count for : http://localhost:18432 : 1
10:51:46.800 [AsyncHttpClient-1-1] DEBUG org.asynchttpclient.netty.channel.DefaultChannelPool - Entry count for : http://localhost:64454 : 1
10:51:47.747 [AsyncHttpClient-1-3] DEBUG org.asynchttpclient.netty.handler.HttpHandler - 

Request DefaultHttpRequest(decodeResult: success, version: HTTP/1.1)
POST /session/72f0944edfb847112d07e03154691d26/element/7db6ba06-9929-443e-85ac-53e230482494/element HTTP/1.1
User-Agent: selenium/4.5.3 (java mac)
Content-Length: 106
Content-Type: application/json; charset=utf-8
host: localhost:14650
accept: */*

Response DefaultHttpResponse(decodeResult: success, version: HTTP/1.1)
HTTP/1.1 200 OK
Content-Length: 88
Content-Type: application/json; charset=utf-8
cache-control: no-cache

10:51:47.747 [AsyncHttpClient-1-3] DEBUG org.asynchttpclient.netty.channel.ChannelManager - Adding key: http://localhost:14650 for channel [id: 0x1a9667f1, L:/127.0.0.1:64451 - R:localhost/127.0.0.1:14650]
10:51:47.748 [Forwarding getElementText on session 72f0944edfb847112d07e03154691d26 to remote] DEBUG org.asynchttpclient.netty.request.NettyRequestSender - Using pooled Channel '[id: 0x1a9667f1, L:/127.0.0.1:64451 - R:localhost/127.0.0.1:14650]' for 'GET' to 'http://localhost:14650/session/72f0944edfb847112d07e03154691d26/element/e3439ea5-5e08-418b-905f-bed74b982317/text'
10:51:47.748 [Forwarding getElementText on session 72f0944edfb847112d07e03154691d26 to remote] DEBUG org.asynchttpclient.netty.request.NettyRequestSender - Using open Channel [id: 0x1a9667f1, L:/127.0.0.1:64451 - R:localhost/127.0.0.1:14650] for GET '/session/72f0944edfb847112d07e03154691d26/element/e3439ea5-5e08-418b-905f-bed74b982317/text'
10:51:47.903 [AsyncHttpClient-1-1] DEBUG org.asynchttpclient.netty.channel.DefaultChannelPool - Entry count for : http://localhost:18432 : 1
10:51:47.903 [AsyncHttpClient-1-1] DEBUG org.asynchttpclient.netty.channel.DefaultChannelPool - Entry count for : http://localhost:64454 : 1
10:51:48.999 [AsyncHttpClient-1-1] DEBUG org.asynchttpclient.netty.channel.DefaultChannelPool - Entry count for : http://localhost:18432 : 1
10:51:49.000 [AsyncHttpClient-1-1] DEBUG org.asynchttpclient.netty.channel.DefaultChannelPool - Entry count for : http://localhost:64454 : 1
10:51:49.000 [AsyncHttpClient-1-1] DEBUG org.asynchttpclient.netty.channel.DefaultChannelPool - Adding Candidate expired Channel [id: 0xee5c3a95, L:/127.0.0.1:64195 - R:localhost/127.0.0.1:18432] isIdleTimeoutExpired=true isRemotelyClosed=false isTtlExpired=false
10:51:49.000 [AsyncHttpClient-1-1] DEBUG org.asynchttpclient.netty.channel.DefaultChannelPool - Closing Idle Channel [id: 0xee5c3a95, L:/127.0.0.1:64195 - R:localhost/127.0.0.1:18432]
10:51:49.000 [AsyncHttpClient-1-1] DEBUG org.asynchttpclient.netty.channel.DefaultChannelPool - Closed 1 connections out of 2 in 0 ms
10:51:49.003 [AsyncHttpClient-1-8] DEBUG org.asynchttpclient.netty.handler.HttpHandler - Channel Closed: [id: 0xee5c3a95, L:/127.0.0.1:64195 ! R:localhost/127.0.0.1:18432] with attribute DISCARD
10:51:50.101 [AsyncHttpClient-1-1] DEBUG org.asynchttpclient.netty.channel.DefaultChannelPool - Entry count for : http://localhost:64454 : 1
10:51:51.202 [AsyncHttpClient-1-1] DEBUG org.asynchttpclient.netty.channel.DefaultChannelPool - Entry count for : http://localhost:64454 : 1
10:51:51.205 [AsyncHttpClient-1-3] DEBUG org.asynchttpclient.netty.handler.HttpHandler - 

Request DefaultFullHttpRequest(decodeResult: success, version: HTTP/1.1, content: EmptyByteBufBE)
GET /session/72f0944edfb847112d07e03154691d26/element/e3439ea5-5e08-418b-905f-bed74b982317/text HTTP/1.1
User-Agent: selenium/4.5.3 (java mac)
Cache-Control: no-cache
Content-Type: application/json; charset=utf-8
host: localhost:14650
accept: */*

Response DefaultHttpResponse(decodeResult: success, version: HTTP/1.1)
HTTP/1.1 200 OK
Content-Length: 30
Content-Type: application/json; charset=utf-8
cache-control: no-cache

10:51:51.206 [AsyncHttpClient-1-3] DEBUG org.asynchttpclient.netty.channel.ChannelManager - Adding key: http://localhost:14650 for channel [id: 0x1a9667f1, L:/127.0.0.1:64451 - R:localhost/127.0.0.1:14650]
10:51:51.211 [Forwarding findChildElement on session 72f0944edfb847112d07e03154691d26 to remote] DEBUG org.asynchttpclient.netty.request.NettyRequestSender - Using pooled Channel '[id: 0x1a9667f1, L:/127.0.0.1:64451 - R:localhost/127.0.0.1:14650]' for 'POST' to 'http://localhost:14650/session/72f0944edfb847112d07e03154691d26/element/31dcc950-e225-45dd-a3a3-ed9dfc1506ed/element'
10:51:51.211 [Forwarding findChildElement on session 72f0944edfb847112d07e03154691d26 to remote] DEBUG org.asynchttpclient.netty.request.NettyRequestSender - Using open Channel [id: 0x1a9667f1, L:/127.0.0.1:64451 - R:localhost/127.0.0.1:14650] for POST '/session/72f0944edfb847112d07e03154691d26/element/31dcc950-e225-45dd-a3a3-ed9dfc1506ed/element'
10:51:52.207 [AsyncHttpClient-1-3] DEBUG org.asynchttpclient.netty.handler.HttpHandler - 

Request DefaultHttpRequest(decodeResult: success, version: HTTP/1.1)
POST /session/72f0944edfb847112d07e03154691d26/element/31dcc950-e225-45dd-a3a3-ed9dfc1506ed/element HTTP/1.1
User-Agent: selenium/4.5.3 (java mac)
Content-Length: 106
Content-Type: application/json; charset=utf-8
host: localhost:14650
accept: */*

Response DefaultHttpResponse(decodeResult: success, version: HTTP/1.1)
HTTP/1.1 200 OK
Content-Length: 88
Content-Type: application/json; charset=utf-8
cache-control: no-cache

10:51:52.207 [AsyncHttpClient-1-3] DEBUG org.asynchttpclient.netty.channel.ChannelManager - Adding key: http://localhost:14650 for channel [id: 0x1a9667f1, L:/127.0.0.1:64451 - R:localhost/127.0.0.1:14650]
10:51:52.209 [Forwarding getElementText on session 72f0944edfb847112d07e03154691d26 to remote] DEBUG org.asynchttpclient.netty.request.NettyRequestSender - Using pooled Channel '[id: 0x1a9667f1, L:/127.0.0.1:64451 - R:localhost/127.0.0.1:14650]' for 'GET' to 'http://localhost:14650/session/72f0944edfb847112d07e03154691d26/element/393cfcc6-036d-4d86-ba47-b98a54ed71f7/text'
10:51:52.209 [Forwarding getElementText on session 72f0944edfb847112d07e03154691d26 to remote] DEBUG org.asynchttpclient.netty.request.NettyRequestSender - Using open Channel [id: 0x1a9667f1, L:/127.0.0.1:64451 - R:localhost/127.0.0.1:14650] for GET '/session/72f0944edfb847112d07e03154691d26/element/393cfcc6-036d-4d86-ba47-b98a54ed71f7/text'
10:51:52.298 [AsyncHttpClient-1-1] DEBUG org.asynchttpclient.netty.channel.DefaultChannelPool - Entry count for : http://localhost:64454 : 1
10:51:52.711 [AsyncHttpClient-1-3] DEBUG org.asynchttpclient.netty.handler.HttpHandler - 

Request DefaultFullHttpRequest(decodeResult: success, version: HTTP/1.1, content: EmptyByteBufBE)
GET /session/72f0944edfb847112d07e03154691d26/element/393cfcc6-036d-4d86-ba47-b98a54ed71f7/text HTTP/1.1
User-Agent: selenium/4.5.3 (java mac)
Cache-Control: no-cache
Content-Type: application/json; charset=utf-8
host: localhost:14650
accept: */*

Response DefaultHttpResponse(decodeResult: success, version: HTTP/1.1)
HTTP/1.1 200 OK
Content-Length: 82
Content-Type: application/json; charset=utf-8
cache-control: no-cache

10:51:52.711 [AsyncHttpClient-1-3] DEBUG org.asynchttpclient.netty.channel.ChannelManager - Adding key: http://localhost:14650 for channel [id: 0x1a9667f1, L:/127.0.0.1:64451 - R:localhost/127.0.0.1:14650]
10:51:52.712 [Forwarding findChildElement on session 72f0944edfb847112d07e03154691d26 to remote] DEBUG org.asynchttpclient.netty.request.NettyRequestSender - Using pooled Channel '[id: 0x1a9667f1, L:/127.0.0.1:64451 - R:localhost/127.0.0.1:14650]' for 'POST' to 'http://localhost:14650/session/72f0944edfb847112d07e03154691d26/element/31dcc950-e225-45dd-a3a3-ed9dfc1506ed/element'
10:51:52.713 [Forwarding findChildElement on session 72f0944edfb847112d07e03154691d26 to remote] DEBUG org.asynchttpclient.netty.request.NettyRequestSender - Using open Channel [id: 0x1a9667f1, L:/127.0.0.1:64451 - R:localhost/127.0.0.1:14650] for POST '/session/72f0944edfb847112d07e03154691d26/element/31dcc950-e225-45dd-a3a3-ed9dfc1506ed/element'
10:51:52.735 [AsyncHttpClient-1-3] DEBUG org.asynchttpclient.netty.handler.HttpHandler - 

Request DefaultHttpRequest(decodeResult: success, version: HTTP/1.1)
POST /session/72f0944edfb847112d07e03154691d26/element/31dcc950-e225-45dd-a3a3-ed9dfc1506ed/element HTTP/1.1
User-Agent: selenium/4.5.3 (java mac)
Content-Length: 106
Content-Type: application/json; charset=utf-8
host: localhost:14650
accept: */*

Response DefaultHttpResponse(decodeResult: success, version: HTTP/1.1)
HTTP/1.1 200 OK
Content-Length: 88
Content-Type: application/json; charset=utf-8
cache-control: no-cache

10:51:52.735 [AsyncHttpClient-1-3] DEBUG org.asynchttpclient.netty.channel.ChannelManager - Adding key: http://localhost:14650 for channel [id: 0x1a9667f1, L:/127.0.0.1:64451 - R:localhost/127.0.0.1:14650]
10:51:52.736 [Forwarding getElementText on session 72f0944edfb847112d07e03154691d26 to remote] DEBUG org.asynchttpclient.netty.request.NettyRequestSender - Using pooled Channel '[id: 0x1a9667f1, L:/127.0.0.1:64451 - R:localhost/127.0.0.1:14650]' for 'GET' to 'http://localhost:14650/session/72f0944edfb847112d07e03154691d26/element/9b25cd8b-ca88-4d46-a408-ae2b7a4ff891/text'
10:51:52.736 [Forwarding getElementText on session 72f0944edfb847112d07e03154691d26 to remote] DEBUG org.asynchttpclient.netty.request.NettyRequestSender - Using open Channel [id: 0x1a9667f1, L:/127.0.0.1:64451 - R:localhost/127.0.0.1:14650] for GET '/session/72f0944edfb847112d07e03154691d26/element/9b25cd8b-ca88-4d46-a408-ae2b7a4ff891/text'
10:51:52.793 [AsyncHttpClient-1-3] DEBUG org.asynchttpclient.netty.handler.HttpHandler - 

Request DefaultFullHttpRequest(decodeResult: success, version: HTTP/1.1, content: EmptyByteBufBE)
GET /session/72f0944edfb847112d07e03154691d26/element/9b25cd8b-ca88-4d46-a408-ae2b7a4ff891/text HTTP/1.1
User-Agent: selenium/4.5.3 (java mac)
Cache-Control: no-cache
Content-Type: application/json; charset=utf-8
host: localhost:14650
accept: */*

Response DefaultHttpResponse(decodeResult: success, version: HTTP/1.1)
HTTP/1.1 200 OK
Content-Length: 30
Content-Type: application/json; charset=utf-8
cache-control: no-cache

10:51:52.793 [AsyncHttpClient-1-3] DEBUG org.asynchttpclient.netty.channel.ChannelManager - Adding key: http://localhost:14650 for channel [id: 0x1a9667f1, L:/127.0.0.1:64451 - R:localhost/127.0.0.1:14650]
10:51:52.796 [Forwarding findChildElement on session 72f0944edfb847112d07e03154691d26 to remote] DEBUG org.asynchttpclient.netty.request.NettyRequestSender - Using pooled Channel '[id: 0x1a9667f1, L:/127.0.0.1:64451 - R:localhost/127.0.0.1:14650]' for 'POST' to 'http://localhost:14650/session/72f0944edfb847112d07e03154691d26/element/bf1bf472-623a-45ea-9e09-8d178f1ac7e8/element'
10:51:52.796 [Forwarding findChildElement on session 72f0944edfb847112d07e03154691d26 to remote] DEBUG org.asynchttpclient.netty.request.NettyRequestSender - Using open Channel [id: 0x1a9667f1, L:/127.0.0.1:64451 - R:localhost/127.0.0.1:14650] for POST '/session/72f0944edfb847112d07e03154691d26/element/bf1bf472-623a-45ea-9e09-8d178f1ac7e8/element'
10:51:52.809 [AsyncHttpClient-1-3] DEBUG org.asynchttpclient.netty.handler.HttpHandler - 

Request DefaultHttpRequest(decodeResult: success, version: HTTP/1.1)
POST /session/72f0944edfb847112d07e03154691d26/element/bf1bf472-623a-45ea-9e09-8d178f1ac7e8/element HTTP/1.1
User-Agent: selenium/4.5.3 (java mac)
Content-Length: 106
Content-Type: application/json; charset=utf-8
host: localhost:14650
accept: */*

Response DefaultHttpResponse(decodeResult: success, version: HTTP/1.1)
HTTP/1.1 200 OK
Content-Length: 88
Content-Type: application/json; charset=utf-8
cache-control: no-cache

10:51:52.809 [AsyncHttpClient-1-3] DEBUG org.asynchttpclient.netty.channel.ChannelManager - Adding key: http://localhost:14650 for channel [id: 0x1a9667f1, L:/127.0.0.1:64451 - R:localhost/127.0.0.1:14650]
10:51:52.810 [Forwarding getElementText on session 72f0944edfb847112d07e03154691d26 to remote] DEBUG org.asynchttpclient.netty.request.NettyRequestSender - Using pooled Channel '[id: 0x1a9667f1, L:/127.0.0.1:64451 - R:localhost/127.0.0.1:14650]' for 'GET' to 'http://localhost:14650/session/72f0944edfb847112d07e03154691d26/element/1f2b46e2-b2cf-40d3-b800-1c5f5e54c2fd/text'
10:51:52.810 [Forwarding getElementText on session 72f0944edfb847112d07e03154691d26 to remote] DEBUG org.asynchttpclient.netty.request.NettyRequestSender - Using open Channel [id: 0x1a9667f1, L:/127.0.0.1:64451 - R:localhost/127.0.0.1:14650] for GET '/session/72f0944edfb847112d07e03154691d26/element/1f2b46e2-b2cf-40d3-b800-1c5f5e54c2fd/text'
10:51:53.093 [AsyncHttpClient-1-3] DEBUG org.asynchttpclient.netty.handler.HttpHandler - 

Request DefaultFullHttpRequest(decodeResult: success, version: HTTP/1.1, content: EmptyByteBufBE)
GET /session/72f0944edfb847112d07e03154691d26/element/1f2b46e2-b2cf-40d3-b800-1c5f5e54c2fd/text HTTP/1.1
User-Agent: selenium/4.5.3 (java mac)
Cache-Control: no-cache
Content-Type: application/json; charset=utf-8
host: localhost:14650
accept: */*

Response DefaultHttpResponse(decodeResult: success, version: HTTP/1.1)
HTTP/1.1 200 OK
Content-Length: 90
Content-Type: application/json; charset=utf-8
cache-control: no-cache

10:51:53.094 [AsyncHttpClient-1-3] DEBUG org.asynchttpclient.netty.channel.ChannelManager - Adding key: http://localhost:14650 for channel [id: 0x1a9667f1, L:/127.0.0.1:64451 - R:localhost/127.0.0.1:14650]
10:51:53.095 [Forwarding findChildElement on session 72f0944edfb847112d07e03154691d26 to remote] DEBUG org.asynchttpclient.netty.request.NettyRequestSender - Using pooled Channel '[id: 0x1a9667f1, L:/127.0.0.1:64451 - R:localhost/127.0.0.1:14650]' for 'POST' to 'http://localhost:14650/session/72f0944edfb847112d07e03154691d26/element/bf1bf472-623a-45ea-9e09-8d178f1ac7e8/element'
10:51:53.095 [Forwarding findChildElement on session 72f0944edfb847112d07e03154691d26 to remote] DEBUG org.asynchttpclient.netty.request.NettyRequestSender - Using open Channel [id: 0x1a9667f1, L:/127.0.0.1:64451 - R:localhost/127.0.0.1:14650] for POST '/session/72f0944edfb847112d07e03154691d26/element/bf1bf472-623a-45ea-9e09-8d178f1ac7e8/element'
10:51:53.116 [AsyncHttpClient-1-3] DEBUG org.asynchttpclient.netty.handler.HttpHandler - 

Request DefaultHttpRequest(decodeResult: success, version: HTTP/1.1)
POST /session/72f0944edfb847112d07e03154691d26/element/bf1bf472-623a-45ea-9e09-8d178f1ac7e8/element HTTP/1.1
User-Agent: selenium/4.5.3 (java mac)
Content-Length: 106
Content-Type: application/json; charset=utf-8
host: localhost:14650
accept: */*

Response DefaultHttpResponse(decodeResult: success, version: HTTP/1.1)
HTTP/1.1 200 OK
Content-Length: 88
Content-Type: application/json; charset=utf-8
cache-control: no-cache

10:51:53.116 [AsyncHttpClient-1-3] DEBUG org.asynchttpclient.netty.channel.ChannelManager - Adding key: http://localhost:14650 for channel [id: 0x1a9667f1, L:/127.0.0.1:64451 - R:localhost/127.0.0.1:14650]
10:51:53.117 [Forwarding getElementText on session 72f0944edfb847112d07e03154691d26 to remote] DEBUG org.asynchttpclient.netty.request.NettyRequestSender - Using pooled Channel '[id: 0x1a9667f1, L:/127.0.0.1:64451 - R:localhost/127.0.0.1:14650]' for 'GET' to 'http://localhost:14650/session/72f0944edfb847112d07e03154691d26/element/ff7cdd45-83da-427d-816e-72f219e303e6/text'
10:51:53.117 [Forwarding getElementText on session 72f0944edfb847112d07e03154691d26 to remote] DEBUG org.asynchttpclient.netty.request.NettyRequestSender - Using open Channel [id: 0x1a9667f1, L:/127.0.0.1:64451 - R:localhost/127.0.0.1:14650] for GET '/session/72f0944edfb847112d07e03154691d26/element/ff7cdd45-83da-427d-816e-72f219e303e6/text'
10:51:53.144 [AsyncHttpClient-1-3] DEBUG org.asynchttpclient.netty.handler.HttpHandler - 

Request DefaultFullHttpRequest(decodeResult: success, version: HTTP/1.1, content: EmptyByteBufBE)
GET /session/72f0944edfb847112d07e03154691d26/element/ff7cdd45-83da-427d-816e-72f219e303e6/text HTTP/1.1
User-Agent: selenium/4.5.3 (java mac)
Cache-Control: no-cache
Content-Type: application/json; charset=utf-8
host: localhost:14650
accept: */*

Response DefaultHttpResponse(decodeResult: success, version: HTTP/1.1)
HTTP/1.1 200 OK
Content-Length: 30
Content-Type: application/json; charset=utf-8
cache-control: no-cache

10:51:53.144 [AsyncHttpClient-1-3] DEBUG org.asynchttpclient.netty.channel.ChannelManager - Adding key: http://localhost:14650 for channel [id: 0x1a9667f1, L:/127.0.0.1:64451 - R:localhost/127.0.0.1:14650]
10:51:53.149 [Forwarding findChildElement on session 72f0944edfb847112d07e03154691d26 to remote] DEBUG org.asynchttpclient.netty.request.NettyRequestSender - Using pooled Channel '[id: 0x1a9667f1, L:/127.0.0.1:64451 - R:localhost/127.0.0.1:14650]' for 'POST' to 'http://localhost:14650/session/72f0944edfb847112d07e03154691d26/element/792bbf0b-5f75-4f7e-9b4f-d4acdf591dd4/element'
10:51:53.149 [Forwarding findChildElement on session 72f0944edfb847112d07e03154691d26 to remote] DEBUG org.asynchttpclient.netty.request.NettyRequestSender - Using open Channel [id: 0x1a9667f1, L:/127.0.0.1:64451 - R:localhost/127.0.0.1:14650] for POST '/session/72f0944edfb847112d07e03154691d26/element/792bbf0b-5f75-4f7e-9b4f-d4acdf591dd4/element'
10:51:53.164 [AsyncHttpClient-1-3] DEBUG org.asynchttpclient.netty.handler.HttpHandler - 

Request DefaultHttpRequest(decodeResult: success, version: HTTP/1.1)
POST /session/72f0944edfb847112d07e03154691d26/element/792bbf0b-5f75-4f7e-9b4f-d4acdf591dd4/element HTTP/1.1
User-Agent: selenium/4.5.3 (java mac)
Content-Length: 106
Content-Type: application/json; charset=utf-8
host: localhost:14650
accept: */*

Response DefaultHttpResponse(decodeResult: success, version: HTTP/1.1)
HTTP/1.1 200 OK
Content-Length: 88
Content-Type: application/json; charset=utf-8
cache-control: no-cache

10:51:53.164 [AsyncHttpClient-1-3] DEBUG org.asynchttpclient.netty.channel.ChannelManager - Adding key: http://localhost:14650 for channel [id: 0x1a9667f1, L:/127.0.0.1:64451 - R:localhost/127.0.0.1:14650]
10:51:53.165 [Forwarding getElementText on session 72f0944edfb847112d07e03154691d26 to remote] DEBUG org.asynchttpclient.netty.request.NettyRequestSender - Using pooled Channel '[id: 0x1a9667f1, L:/127.0.0.1:64451 - R:localhost/127.0.0.1:14650]' for 'GET' to 'http://localhost:14650/session/72f0944edfb847112d07e03154691d26/element/e8e12840-0bbc-49ec-84b6-7f2ddc313cd8/text'
10:51:53.165 [Forwarding getElementText on session 72f0944edfb847112d07e03154691d26 to remote] DEBUG org.asynchttpclient.netty.request.NettyRequestSender - Using open Channel [id: 0x1a9667f1, L:/127.0.0.1:64451 - R:localhost/127.0.0.1:14650] for GET '/session/72f0944edfb847112d07e03154691d26/element/e8e12840-0bbc-49ec-84b6-7f2ddc313cd8/text'
10:51:53.182 [AsyncHttpClient-1-3] DEBUG org.asynchttpclient.netty.handler.HttpHandler - 

Request DefaultFullHttpRequest(decodeResult: success, version: HTTP/1.1, content: EmptyByteBufBE)
GET /session/72f0944edfb847112d07e03154691d26/element/e8e12840-0bbc-49ec-84b6-7f2ddc313cd8/text HTTP/1.1
User-Agent: selenium/4.5.3 (java mac)
Cache-Control: no-cache
Content-Type: application/json; charset=utf-8
host: localhost:14650
accept: */*

Response DefaultHttpResponse(decodeResult: success, version: HTTP/1.1)
HTTP/1.1 200 OK
Content-Length: 71
Content-Type: application/json; charset=utf-8
cache-control: no-cache

10:51:53.182 [AsyncHttpClient-1-3] DEBUG org.asynchttpclient.netty.channel.ChannelManager - Adding key: http://localhost:14650 for channel [id: 0x1a9667f1, L:/127.0.0.1:64451 - R:localhost/127.0.0.1:14650]
10:51:53.183 [Forwarding findChildElement on session 72f0944edfb847112d07e03154691d26 to remote] DEBUG org.asynchttpclient.netty.request.NettyRequestSender - Using pooled Channel '[id: 0x1a9667f1, L:/127.0.0.1:64451 - R:localhost/127.0.0.1:14650]' for 'POST' to 'http://localhost:14650/session/72f0944edfb847112d07e03154691d26/element/792bbf0b-5f75-4f7e-9b4f-d4acdf591dd4/element'
10:51:53.184 [Forwarding findChildElement on session 72f0944edfb847112d07e03154691d26 to remote] DEBUG org.asynchttpclient.netty.request.NettyRequestSender - Using open Channel [id: 0x1a9667f1, L:/127.0.0.1:64451 - R:localhost/127.0.0.1:14650] for POST '/session/72f0944edfb847112d07e03154691d26/element/792bbf0b-5f75-4f7e-9b4f-d4acdf591dd4/element'
10:51:53.199 [AsyncHttpClient-1-3] DEBUG org.asynchttpclient.netty.handler.HttpHandler - 

Request DefaultHttpRequest(decodeResult: success, version: HTTP/1.1)
POST /session/72f0944edfb847112d07e03154691d26/element/792bbf0b-5f75-4f7e-9b4f-d4acdf591dd4/element HTTP/1.1
User-Agent: selenium/4.5.3 (java mac)
Content-Length: 106
Content-Type: application/json; charset=utf-8
host: localhost:14650
accept: */*

Response DefaultHttpResponse(decodeResult: success, version: HTTP/1.1)
HTTP/1.1 200 OK
Content-Length: 88
Content-Type: application/json; charset=utf-8
cache-control: no-cache

10:51:53.200 [AsyncHttpClient-1-3] DEBUG org.asynchttpclient.netty.channel.ChannelManager - Adding key: http://localhost:14650 for channel [id: 0x1a9667f1, L:/127.0.0.1:64451 - R:localhost/127.0.0.1:14650]
10:51:53.202 [Forwarding getElementText on session 72f0944edfb847112d07e03154691d26 to remote] DEBUG org.asynchttpclient.netty.request.NettyRequestSender - Using pooled Channel '[id: 0x1a9667f1, L:/127.0.0.1:64451 - R:localhost/127.0.0.1:14650]' for 'GET' to 'http://localhost:14650/session/72f0944edfb847112d07e03154691d26/element/05179197-e693-4875-935f-bebd7f99292c/text'
10:51:53.202 [Forwarding getElementText on session 72f0944edfb847112d07e03154691d26 to remote] DEBUG org.asynchttpclient.netty.request.NettyRequestSender - Using open Channel [id: 0x1a9667f1, L:/127.0.0.1:64451 - R:localhost/127.0.0.1:14650] for GET '/session/72f0944edfb847112d07e03154691d26/element/05179197-e693-4875-935f-bebd7f99292c/text'
10:51:53.400 [AsyncHttpClient-1-1] DEBUG org.asynchttpclient.netty.channel.DefaultChannelPool - Entry count for : http://localhost:64454 : 1
10:51:53.400 [AsyncHttpClient-1-1] DEBUG org.asynchttpclient.netty.channel.DefaultChannelPool - Adding Candidate expired Channel [id: 0xe5df9f24, L:/127.0.0.1:64459 - R:localhost/127.0.0.1:64454] isIdleTimeoutExpired=true isRemotelyClosed=false isTtlExpired=false
10:51:53.400 [AsyncHttpClient-1-1] DEBUG org.asynchttpclient.netty.channel.DefaultChannelPool - Closing Idle Channel [id: 0xe5df9f24, L:/127.0.0.1:64459 - R:localhost/127.0.0.1:64454]
10:51:53.400 [AsyncHttpClient-1-1] DEBUG org.asynchttpclient.netty.channel.DefaultChannelPool - Closed 1 connections out of 1 in 0 ms
10:51:53.401 [AsyncHttpClient-1-4] DEBUG org.asynchttpclient.netty.handler.HttpHandler - Channel Closed: [id: 0xe5df9f24, L:/127.0.0.1:64459 ! R:localhost/127.0.0.1:64454] with attribute DISCARD
10:51:53.621 [AsyncHttpClient-1-3] DEBUG org.asynchttpclient.netty.handler.HttpHandler - 

Request DefaultFullHttpRequest(decodeResult: success, version: HTTP/1.1, content: EmptyByteBufBE)
GET /session/72f0944edfb847112d07e03154691d26/element/05179197-e693-4875-935f-bebd7f99292c/text HTTP/1.1
User-Agent: selenium/4.5.3 (java mac)
Cache-Control: no-cache
Content-Type: application/json; charset=utf-8
host: localhost:14650
accept: */*

Response DefaultHttpResponse(decodeResult: success, version: HTTP/1.1)
HTTP/1.1 200 OK
Content-Length: 30
Content-Type: application/json; charset=utf-8
cache-control: no-cache

10:51:53.621 [AsyncHttpClient-1-3] DEBUG org.asynchttpclient.netty.channel.ChannelManager - Adding key: http://localhost:14650 for channel [id: 0x1a9667f1, L:/127.0.0.1:64451 - R:localhost/127.0.0.1:14650]
10:51:53.624 [Forwarding findChildElement on session 72f0944edfb847112d07e03154691d26 to remote] DEBUG org.asynchttpclient.netty.request.NettyRequestSender - Using pooled Channel '[id: 0x1a9667f1, L:/127.0.0.1:64451 - R:localhost/127.0.0.1:14650]' for 'POST' to 'http://localhost:14650/session/72f0944edfb847112d07e03154691d26/element/874d904e-42cd-4cb9-85a1-125ab6f99c4f/element'
10:51:53.626 [Forwarding findChildElement on session 72f0944edfb847112d07e03154691d26 to remote] DEBUG org.asynchttpclient.netty.request.NettyRequestSender - Using open Channel [id: 0x1a9667f1, L:/127.0.0.1:64451 - R:localhost/127.0.0.1:14650] for POST '/session/72f0944edfb847112d07e03154691d26/element/874d904e-42cd-4cb9-85a1-125ab6f99c4f/element'
10:51:53.671 [AsyncHttpClient-1-3] DEBUG org.asynchttpclient.netty.handler.HttpHandler - 

Request DefaultHttpRequest(decodeResult: success, version: HTTP/1.1)
POST /session/72f0944edfb847112d07e03154691d26/element/874d904e-42cd-4cb9-85a1-125ab6f99c4f/element HTTP/1.1
User-Agent: selenium/4.5.3 (java mac)
Content-Length: 106
Content-Type: application/json; charset=utf-8
host: localhost:14650
accept: */*

Response DefaultHttpResponse(decodeResult: success, version: HTTP/1.1)
HTTP/1.1 200 OK
Content-Length: 88
Content-Type: application/json; charset=utf-8
cache-control: no-cache

10:51:53.671 [AsyncHttpClient-1-3] DEBUG org.asynchttpclient.netty.channel.ChannelManager - Adding key: http://localhost:14650 for channel [id: 0x1a9667f1, L:/127.0.0.1:64451 - R:localhost/127.0.0.1:14650]
10:51:53.672 [Forwarding getElementText on session 72f0944edfb847112d07e03154691d26 to remote] DEBUG org.asynchttpclient.netty.request.NettyRequestSender - Using pooled Channel '[id: 0x1a9667f1, L:/127.0.0.1:64451 - R:localhost/127.0.0.1:14650]' for 'GET' to 'http://localhost:14650/session/72f0944edfb847112d07e03154691d26/element/bc151955-bb2f-4f4a-8c85-87204fc286d0/text'
10:51:53.672 [Forwarding getElementText on session 72f0944edfb847112d07e03154691d26 to remote] DEBUG org.asynchttpclient.netty.request.NettyRequestSender - Using open Channel [id: 0x1a9667f1, L:/127.0.0.1:64451 - R:localhost/127.0.0.1:14650] for GET '/session/72f0944edfb847112d07e03154691d26/element/bc151955-bb2f-4f4a-8c85-87204fc286d0/text'
10:51:53.999 [AsyncHttpClient-1-3] DEBUG org.asynchttpclient.netty.handler.HttpHandler - 

Request DefaultFullHttpRequest(decodeResult: success, version: HTTP/1.1, content: EmptyByteBufBE)
GET /session/72f0944edfb847112d07e03154691d26/element/bc151955-bb2f-4f4a-8c85-87204fc286d0/text HTTP/1.1
User-Agent: selenium/4.5.3 (java mac)
Cache-Control: no-cache
Content-Type: application/json; charset=utf-8
host: localhost:14650
accept: */*

Response DefaultHttpResponse(decodeResult: success, version: HTTP/1.1)
HTTP/1.1 200 OK
Content-Length: 88
Content-Type: application/json; charset=utf-8
cache-control: no-cache

10:51:53.999 [AsyncHttpClient-1-3] DEBUG org.asynchttpclient.netty.channel.ChannelManager - Adding key: http://localhost:14650 for channel [id: 0x1a9667f1, L:/127.0.0.1:64451 - R:localhost/127.0.0.1:14650]
10:51:54.000 [Forwarding findChildElement on session 72f0944edfb847112d07e03154691d26 to remote] DEBUG org.asynchttpclient.netty.request.NettyRequestSender - Using pooled Channel '[id: 0x1a9667f1, L:/127.0.0.1:64451 - R:localhost/127.0.0.1:14650]' for 'POST' to 'http://localhost:14650/session/72f0944edfb847112d07e03154691d26/element/874d904e-42cd-4cb9-85a1-125ab6f99c4f/element'
10:51:54.000 [Forwarding findChildElement on session 72f0944edfb847112d07e03154691d26 to remote] DEBUG org.asynchttpclient.netty.request.NettyRequestSender - Using open Channel [id: 0x1a9667f1, L:/127.0.0.1:64451 - R:localhost/127.0.0.1:14650] for POST '/session/72f0944edfb847112d07e03154691d26/element/874d904e-42cd-4cb9-85a1-125ab6f99c4f/element'
10:51:54.018 [AsyncHttpClient-1-3] DEBUG org.asynchttpclient.netty.handler.HttpHandler - 

Request DefaultHttpRequest(decodeResult: success, version: HTTP/1.1)
POST /session/72f0944edfb847112d07e03154691d26/element/874d904e-42cd-4cb9-85a1-125ab6f99c4f/element HTTP/1.1
User-Agent: selenium/4.5.3 (java mac)
Content-Length: 106
Content-Type: application/json; charset=utf-8
host: localhost:14650
accept: */*

Response DefaultHttpResponse(decodeResult: success, version: HTTP/1.1)
HTTP/1.1 200 OK
Content-Length: 88
Content-Type: application/json; charset=utf-8
cache-control: no-cache

10:51:54.019 [AsyncHttpClient-1-3] DEBUG org.asynchttpclient.netty.channel.ChannelManager - Adding key: http://localhost:14650 for channel [id: 0x1a9667f1, L:/127.0.0.1:64451 - R:localhost/127.0.0.1:14650]
10:51:54.020 [Forwarding getElementText on session 72f0944edfb847112d07e03154691d26 to remote] DEBUG org.asynchttpclient.netty.request.NettyRequestSender - Using pooled Channel '[id: 0x1a9667f1, L:/127.0.0.1:64451 - R:localhost/127.0.0.1:14650]' for 'GET' to 'http://localhost:14650/session/72f0944edfb847112d07e03154691d26/element/f7b9a98a-04e9-4d95-bec4-80829eb0e6c7/text'
10:51:54.020 [Forwarding getElementText on session 72f0944edfb847112d07e03154691d26 to remote] DEBUG org.asynchttpclient.netty.request.NettyRequestSender - Using open Channel [id: 0x1a9667f1, L:/127.0.0.1:64451 - R:localhost/127.0.0.1:14650] for GET '/session/72f0944edfb847112d07e03154691d26/element/f7b9a98a-04e9-4d95-bec4-80829eb0e6c7/text'
10:51:54.416 [AsyncHttpClient-1-3] DEBUG org.asynchttpclient.netty.handler.HttpHandler - 

Request DefaultFullHttpRequest(decodeResult: success, version: HTTP/1.1, content: EmptyByteBufBE)
GET /session/72f0944edfb847112d07e03154691d26/element/f7b9a98a-04e9-4d95-bec4-80829eb0e6c7/text HTTP/1.1
User-Agent: selenium/4.5.3 (java mac)
Cache-Control: no-cache
Content-Type: application/json; charset=utf-8
host: localhost:14650
accept: */*

Response DefaultHttpResponse(decodeResult: success, version: HTTP/1.1)
HTTP/1.1 200 OK
Content-Length: 19
Content-Type: application/json; charset=utf-8
cache-control: no-cache

10:51:54.416 [AsyncHttpClient-1-3] DEBUG org.asynchttpclient.netty.channel.ChannelManager - Adding key: http://localhost:14650 for channel [id: 0x1a9667f1, L:/127.0.0.1:64451 - R:localhost/127.0.0.1:14650]
10:51:54.419 [Forwarding findChildElement on session 72f0944edfb847112d07e03154691d26 to remote] DEBUG org.asynchttpclient.netty.request.NettyRequestSender - Using pooled Channel '[id: 0x1a9667f1, L:/127.0.0.1:64451 - R:localhost/127.0.0.1:14650]' for 'POST' to 'http://localhost:14650/session/72f0944edfb847112d07e03154691d26/element/42ba9db0-b372-44bc-af9a-7e5f541412e8/element'
10:51:54.419 [Forwarding findChildElement on session 72f0944edfb847112d07e03154691d26 to remote] DEBUG org.asynchttpclient.netty.request.NettyRequestSender - Using open Channel [id: 0x1a9667f1, L:/127.0.0.1:64451 - R:localhost/127.0.0.1:14650] for POST '/session/72f0944edfb847112d07e03154691d26/element/42ba9db0-b372-44bc-af9a-7e5f541412e8/element'
10:51:54.470 [AsyncHttpClient-1-3] DEBUG org.asynchttpclient.netty.handler.HttpHandler - 

Request DefaultHttpRequest(decodeResult: success, version: HTTP/1.1)
POST /session/72f0944edfb847112d07e03154691d26/element/42ba9db0-b372-44bc-af9a-7e5f541412e8/element HTTP/1.1
User-Agent: selenium/4.5.3 (java mac)
Content-Length: 106
Content-Type: application/json; charset=utf-8
host: localhost:14650
accept: */*

Response DefaultHttpResponse(decodeResult: success, version: HTTP/1.1)
HTTP/1.1 200 OK
Content-Length: 88
Content-Type: application/json; charset=utf-8
cache-control: no-cache

10:51:54.470 [AsyncHttpClient-1-3] DEBUG org.asynchttpclient.netty.channel.ChannelManager - Adding key: http://localhost:14650 for channel [id: 0x1a9667f1, L:/127.0.0.1:64451 - R:localhost/127.0.0.1:14650]
10:51:54.473 [Forwarding getElementText on session 72f0944edfb847112d07e03154691d26 to remote] DEBUG org.asynchttpclient.netty.request.NettyRequestSender - Using pooled Channel '[id: 0x1a9667f1, L:/127.0.0.1:64451 - R:localhost/127.0.0.1:14650]' for 'GET' to 'http://localhost:14650/session/72f0944edfb847112d07e03154691d26/element/793af58e-e470-45c6-8f96-3106ba828685/text'
10:51:54.473 [Forwarding getElementText on session 72f0944edfb847112d07e03154691d26 to remote] DEBUG org.asynchttpclient.netty.request.NettyRequestSender - Using open Channel [id: 0x1a9667f1, L:/127.0.0.1:64451 - R:localhost/127.0.0.1:14650] for GET '/session/72f0944edfb847112d07e03154691d26/element/793af58e-e470-45c6-8f96-3106ba828685/text'
10:51:54.493 [AsyncHttpClient-1-3] DEBUG org.asynchttpclient.netty.handler.HttpHandler - 

Request DefaultFullHttpRequest(decodeResult: success, version: HTTP/1.1, content: EmptyByteBufBE)
GET /session/72f0944edfb847112d07e03154691d26/element/793af58e-e470-45c6-8f96-3106ba828685/text HTTP/1.1
User-Agent: selenium/4.5.3 (java mac)
Cache-Control: no-cache
Content-Type: application/json; charset=utf-8
host: localhost:14650
accept: */*

Response DefaultHttpResponse(decodeResult: success, version: HTTP/1.1)
HTTP/1.1 200 OK
Content-Length: 59
Content-Type: application/json; charset=utf-8
cache-control: no-cache

10:51:54.493 [AsyncHttpClient-1-3] DEBUG org.asynchttpclient.netty.channel.ChannelManager - Adding key: http://localhost:14650 for channel [id: 0x1a9667f1, L:/127.0.0.1:64451 - R:localhost/127.0.0.1:14650]
10:51:54.496 [Forwarding findChildElement on session 72f0944edfb847112d07e03154691d26 to remote] DEBUG org.asynchttpclient.netty.request.NettyRequestSender - Using pooled Channel '[id: 0x1a9667f1, L:/127.0.0.1:64451 - R:localhost/127.0.0.1:14650]' for 'POST' to 'http://localhost:14650/session/72f0944edfb847112d07e03154691d26/element/42ba9db0-b372-44bc-af9a-7e5f541412e8/element'
10:51:54.496 [Forwarding findChildElement on session 72f0944edfb847112d07e03154691d26 to remote] DEBUG org.asynchttpclient.netty.request.NettyRequestSender - Using open Channel [id: 0x1a9667f1, L:/127.0.0.1:64451 - R:localhost/127.0.0.1:14650] for POST '/session/72f0944edfb847112d07e03154691d26/element/42ba9db0-b372-44bc-af9a-7e5f541412e8/element'
10:51:54.511 [AsyncHttpClient-1-3] DEBUG org.asynchttpclient.netty.handler.HttpHandler - 

Request DefaultHttpRequest(decodeResult: success, version: HTTP/1.1)
POST /session/72f0944edfb847112d07e03154691d26/element/42ba9db0-b372-44bc-af9a-7e5f541412e8/element HTTP/1.1
User-Agent: selenium/4.5.3 (java mac)
Content-Length: 106
Content-Type: application/json; charset=utf-8
host: localhost:14650
accept: */*

Response DefaultHttpResponse(decodeResult: success, version: HTTP/1.1)
HTTP/1.1 200 OK
Content-Length: 88
Content-Type: application/json; charset=utf-8
cache-control: no-cache

10:51:54.512 [AsyncHttpClient-1-3] DEBUG org.asynchttpclient.netty.channel.ChannelManager - Adding key: http://localhost:14650 for channel [id: 0x1a9667f1, L:/127.0.0.1:64451 - R:localhost/127.0.0.1:14650]
10:51:54.513 [Forwarding getElementText on session 72f0944edfb847112d07e03154691d26 to remote] DEBUG org.asynchttpclient.netty.request.NettyRequestSender - Using pooled Channel '[id: 0x1a9667f1, L:/127.0.0.1:64451 - R:localhost/127.0.0.1:14650]' for 'GET' to 'http://localhost:14650/session/72f0944edfb847112d07e03154691d26/element/d67fcd0a-cfff-4fc1-9818-c80093ed50b4/text'
10:51:54.513 [Forwarding getElementText on session 72f0944edfb847112d07e03154691d26 to remote] DEBUG org.asynchttpclient.netty.request.NettyRequestSender - Using open Channel [id: 0x1a9667f1, L:/127.0.0.1:64451 - R:localhost/127.0.0.1:14650] for GET '/session/72f0944edfb847112d07e03154691d26/element/d67fcd0a-cfff-4fc1-9818-c80093ed50b4/text'
10:51:54.532 [AsyncHttpClient-1-3] DEBUG org.asynchttpclient.netty.handler.HttpHandler - 

Request DefaultFullHttpRequest(decodeResult: success, version: HTTP/1.1, content: EmptyByteBufBE)
GET /session/72f0944edfb847112d07e03154691d26/element/d67fcd0a-cfff-4fc1-9818-c80093ed50b4/text HTTP/1.1
User-Agent: selenium/4.5.3 (java mac)
Cache-Control: no-cache
Content-Type: application/json; charset=utf-8
host: localhost:14650
accept: */*

Response DefaultHttpResponse(decodeResult: success, version: HTTP/1.1)
HTTP/1.1 200 OK
Content-Length: 19
Content-Type: application/json; charset=utf-8
cache-control: no-cache

10:51:54.532 [AsyncHttpClient-1-3] DEBUG org.asynchttpclient.netty.channel.ChannelManager - Adding key: http://localhost:14650 for channel [id: 0x1a9667f1, L:/127.0.0.1:64451 - R:localhost/127.0.0.1:14650]
10:51:54.534 [Forwarding findChildElement on session 72f0944edfb847112d07e03154691d26 to remote] DEBUG org.asynchttpclient.netty.request.NettyRequestSender - Using pooled Channel '[id: 0x1a9667f1, L:/127.0.0.1:64451 - R:localhost/127.0.0.1:14650]' for 'POST' to 'http://localhost:14650/session/72f0944edfb847112d07e03154691d26/element/19e4b62e-87dd-4bcc-b3e7-0a77d1934551/element'
10:51:54.534 [Forwarding findChildElement on session 72f0944edfb847112d07e03154691d26 to remote] DEBUG org.asynchttpclient.netty.request.NettyRequestSender - Using open Channel [id: 0x1a9667f1, L:/127.0.0.1:64451 - R:localhost/127.0.0.1:14650] for POST '/session/72f0944edfb847112d07e03154691d26/element/19e4b62e-87dd-4bcc-b3e7-0a77d1934551/element'
10:51:54.551 [AsyncHttpClient-1-3] DEBUG org.asynchttpclient.netty.handler.HttpHandler - 

Request DefaultHttpRequest(decodeResult: success, version: HTTP/1.1)
POST /session/72f0944edfb847112d07e03154691d26/element/19e4b62e-87dd-4bcc-b3e7-0a77d1934551/element HTTP/1.1
User-Agent: selenium/4.5.3 (java mac)
Content-Length: 106
Content-Type: application/json; charset=utf-8
host: localhost:14650
accept: */*

Response DefaultHttpResponse(decodeResult: success, version: HTTP/1.1)
HTTP/1.1 200 OK
Content-Length: 88
Content-Type: application/json; charset=utf-8
cache-control: no-cache

10:51:54.551 [AsyncHttpClient-1-3] DEBUG org.asynchttpclient.netty.channel.ChannelManager - Adding key: http://localhost:14650 for channel [id: 0x1a9667f1, L:/127.0.0.1:64451 - R:localhost/127.0.0.1:14650]
10:51:54.552 [Forwarding getElementText on session 72f0944edfb847112d07e03154691d26 to remote] DEBUG org.asynchttpclient.netty.request.NettyRequestSender - Using pooled Channel '[id: 0x1a9667f1, L:/127.0.0.1:64451 - R:localhost/127.0.0.1:14650]' for 'GET' to 'http://localhost:14650/session/72f0944edfb847112d07e03154691d26/element/0237c58f-320f-4cc4-b60c-df754a5f5465/text'
10:51:54.552 [Forwarding getElementText on session 72f0944edfb847112d07e03154691d26 to remote] DEBUG org.asynchttpclient.netty.request.NettyRequestSender - Using open Channel [id: 0x1a9667f1, L:/127.0.0.1:64451 - R:localhost/127.0.0.1:14650] for GET '/session/72f0944edfb847112d07e03154691d26/element/0237c58f-320f-4cc4-b60c-df754a5f5465/text'
10:51:54.972 [AsyncHttpClient-1-3] DEBUG org.asynchttpclient.netty.handler.HttpHandler - 

Request DefaultFullHttpRequest(decodeResult: success, version: HTTP/1.1, content: EmptyByteBufBE)
GET /session/72f0944edfb847112d07e03154691d26/element/0237c58f-320f-4cc4-b60c-df754a5f5465/text HTTP/1.1
User-Agent: selenium/4.5.3 (java mac)
Cache-Control: no-cache
Content-Type: application/json; charset=utf-8
host: localhost:14650
accept: */*

Response DefaultHttpResponse(decodeResult: success, version: HTTP/1.1)
HTTP/1.1 200 OK
Content-Length: 63
Content-Type: application/json; charset=utf-8
cache-control: no-cache

10:51:54.972 [AsyncHttpClient-1-3] DEBUG org.asynchttpclient.netty.channel.ChannelManager - Adding key: http://localhost:14650 for channel [id: 0x1a9667f1, L:/127.0.0.1:64451 - R:localhost/127.0.0.1:14650]
10:51:54.975 [Forwarding findChildElement on session 72f0944edfb847112d07e03154691d26 to remote] DEBUG org.asynchttpclient.netty.request.NettyRequestSender - Using pooled Channel '[id: 0x1a9667f1, L:/127.0.0.1:64451 - R:localhost/127.0.0.1:14650]' for 'POST' to 'http://localhost:14650/session/72f0944edfb847112d07e03154691d26/element/19e4b62e-87dd-4bcc-b3e7-0a77d1934551/element'
10:51:54.975 [Forwarding findChildElement on session 72f0944edfb847112d07e03154691d26 to remote] DEBUG org.asynchttpclient.netty.request.NettyRequestSender - Using open Channel [id: 0x1a9667f1, L:/127.0.0.1:64451 - R:localhost/127.0.0.1:14650] for POST '/session/72f0944edfb847112d07e03154691d26/element/19e4b62e-87dd-4bcc-b3e7-0a77d1934551/element'
10:51:54.991 [AsyncHttpClient-1-3] DEBUG org.asynchttpclient.netty.handler.HttpHandler - 

Request DefaultHttpRequest(decodeResult: success, version: HTTP/1.1)
POST /session/72f0944edfb847112d07e03154691d26/element/19e4b62e-87dd-4bcc-b3e7-0a77d1934551/element HTTP/1.1
User-Agent: selenium/4.5.3 (java mac)
Content-Length: 106
Content-Type: application/json; charset=utf-8
host: localhost:14650
accept: */*

Response DefaultHttpResponse(decodeResult: success, version: HTTP/1.1)
HTTP/1.1 200 OK
Content-Length: 88
Content-Type: application/json; charset=utf-8
cache-control: no-cache

10:51:54.992 [AsyncHttpClient-1-3] DEBUG org.asynchttpclient.netty.channel.ChannelManager - Adding key: http://localhost:14650 for channel [id: 0x1a9667f1, L:/127.0.0.1:64451 - R:localhost/127.0.0.1:14650]
10:51:54.993 [Forwarding getElementText on session 72f0944edfb847112d07e03154691d26 to remote] DEBUG org.asynchttpclient.netty.request.NettyRequestSender - Using pooled Channel '[id: 0x1a9667f1, L:/127.0.0.1:64451 - R:localhost/127.0.0.1:14650]' for 'GET' to 'http://localhost:14650/session/72f0944edfb847112d07e03154691d26/element/871e128f-db18-4423-9f0b-a1bbdc1ce022/text'
10:51:54.993 [Forwarding getElementText on session 72f0944edfb847112d07e03154691d26 to remote] DEBUG org.asynchttpclient.netty.request.NettyRequestSender - Using open Channel [id: 0x1a9667f1, L:/127.0.0.1:64451 - R:localhost/127.0.0.1:14650] for GET '/session/72f0944edfb847112d07e03154691d26/element/871e128f-db18-4423-9f0b-a1bbdc1ce022/text'
10:51:55.063 [AsyncHttpClient-1-3] DEBUG org.asynchttpclient.netty.handler.HttpHandler - 

Request DefaultFullHttpRequest(decodeResult: success, version: HTTP/1.1, content: EmptyByteBufBE)
GET /session/72f0944edfb847112d07e03154691d26/element/871e128f-db18-4423-9f0b-a1bbdc1ce022/text HTTP/1.1
User-Agent: selenium/4.5.3 (java mac)
Cache-Control: no-cache
Content-Type: application/json; charset=utf-8
host: localhost:14650
accept: */*

Response DefaultHttpResponse(decodeResult: success, version: HTTP/1.1)
HTTP/1.1 200 OK
Content-Length: 19
Content-Type: application/json; charset=utf-8
cache-control: no-cache

10:51:55.063 [AsyncHttpClient-1-3] DEBUG org.asynchttpclient.netty.channel.ChannelManager - Adding key: http://localhost:14650 for channel [id: 0x1a9667f1, L:/127.0.0.1:64451 - R:localhost/127.0.0.1:14650]
10:51:55.066 [Forwarding findChildElement on session 72f0944edfb847112d07e03154691d26 to remote] DEBUG org.asynchttpclient.netty.request.NettyRequestSender - Using pooled Channel '[id: 0x1a9667f1, L:/127.0.0.1:64451 - R:localhost/127.0.0.1:14650]' for 'POST' to 'http://localhost:14650/session/72f0944edfb847112d07e03154691d26/element/cceeaca7-b5fc-47b4-988e-362f07b266b3/element'
10:51:55.066 [Forwarding findChildElement on session 72f0944edfb847112d07e03154691d26 to remote] DEBUG org.asynchttpclient.netty.request.NettyRequestSender - Using open Channel [id: 0x1a9667f1, L:/127.0.0.1:64451 - R:localhost/127.0.0.1:14650] for POST '/session/72f0944edfb847112d07e03154691d26/element/cceeaca7-b5fc-47b4-988e-362f07b266b3/element'
10:51:55.337 [AsyncHttpClient-1-3] DEBUG org.asynchttpclient.netty.handler.HttpHandler - 

Request DefaultHttpRequest(decodeResult: success, version: HTTP/1.1)
POST /session/72f0944edfb847112d07e03154691d26/element/cceeaca7-b5fc-47b4-988e-362f07b266b3/element HTTP/1.1
User-Agent: selenium/4.5.3 (java mac)
Content-Length: 106
Content-Type: application/json; charset=utf-8
host: localhost:14650
accept: */*

Response DefaultHttpResponse(decodeResult: success, version: HTTP/1.1)
HTTP/1.1 200 OK
Content-Length: 88
Content-Type: application/json; charset=utf-8
cache-control: no-cache

10:51:55.337 [AsyncHttpClient-1-3] DEBUG org.asynchttpclient.netty.channel.ChannelManager - Adding key: http://localhost:14650 for channel [id: 0x1a9667f1, L:/127.0.0.1:64451 - R:localhost/127.0.0.1:14650]
10:51:55.338 [Forwarding getElementText on session 72f0944edfb847112d07e03154691d26 to remote] DEBUG org.asynchttpclient.netty.request.NettyRequestSender - Using pooled Channel '[id: 0x1a9667f1, L:/127.0.0.1:64451 - R:localhost/127.0.0.1:14650]' for 'GET' to 'http://localhost:14650/session/72f0944edfb847112d07e03154691d26/element/59589794-7def-4b31-ab84-854af81d8314/text'
10:51:55.338 [Forwarding getElementText on session 72f0944edfb847112d07e03154691d26 to remote] DEBUG org.asynchttpclient.netty.request.NettyRequestSender - Using open Channel [id: 0x1a9667f1, L:/127.0.0.1:64451 - R:localhost/127.0.0.1:14650] for GET '/session/72f0944edfb847112d07e03154691d26/element/59589794-7def-4b31-ab84-854af81d8314/text'
10:51:55.422 [AsyncHttpClient-1-3] DEBUG org.asynchttpclient.netty.handler.HttpHandler - 

Request DefaultFullHttpRequest(decodeResult: success, version: HTTP/1.1, content: EmptyByteBufBE)
GET /session/72f0944edfb847112d07e03154691d26/element/59589794-7def-4b31-ab84-854af81d8314/text HTTP/1.1
User-Agent: selenium/4.5.3 (java mac)
Cache-Control: no-cache
Content-Type: application/json; charset=utf-8
host: localhost:14650
accept: */*

Response DefaultHttpResponse(decodeResult: success, version: HTTP/1.1)
HTTP/1.1 200 OK
Content-Length: 92
Content-Type: application/json; charset=utf-8
cache-control: no-cache

10:51:55.422 [AsyncHttpClient-1-3] DEBUG org.asynchttpclient.netty.channel.ChannelManager - Adding key: http://localhost:14650 for channel [id: 0x1a9667f1, L:/127.0.0.1:64451 - R:localhost/127.0.0.1:14650]
10:51:55.423 [Forwarding findChildElement on session 72f0944edfb847112d07e03154691d26 to remote] DEBUG org.asynchttpclient.netty.request.NettyRequestSender - Using pooled Channel '[id: 0x1a9667f1, L:/127.0.0.1:64451 - R:localhost/127.0.0.1:14650]' for 'POST' to 'http://localhost:14650/session/72f0944edfb847112d07e03154691d26/element/cceeaca7-b5fc-47b4-988e-362f07b266b3/element'
10:51:55.424 [Forwarding findChildElement on session 72f0944edfb847112d07e03154691d26 to remote] DEBUG org.asynchttpclient.netty.request.NettyRequestSender - Using open Channel [id: 0x1a9667f1, L:/127.0.0.1:64451 - R:localhost/127.0.0.1:14650] for POST '/session/72f0944edfb847112d07e03154691d26/element/cceeaca7-b5fc-47b4-988e-362f07b266b3/element'
10:51:55.803 [AsyncHttpClient-1-3] DEBUG org.asynchttpclient.netty.handler.HttpHandler - 

Request DefaultHttpRequest(decodeResult: success, version: HTTP/1.1)
POST /session/72f0944edfb847112d07e03154691d26/element/cceeaca7-b5fc-47b4-988e-362f07b266b3/element HTTP/1.1
User-Agent: selenium/4.5.3 (java mac)
Content-Length: 106
Content-Type: application/json; charset=utf-8
host: localhost:14650
accept: */*

Response DefaultHttpResponse(decodeResult: success, version: HTTP/1.1)
HTTP/1.1 200 OK
Content-Length: 88
Content-Type: application/json; charset=utf-8
cache-control: no-cache

10:51:55.804 [AsyncHttpClient-1-3] DEBUG org.asynchttpclient.netty.channel.ChannelManager - Adding key: http://localhost:14650 for channel [id: 0x1a9667f1, L:/127.0.0.1:64451 - R:localhost/127.0.0.1:14650]
10:51:55.805 [Forwarding getElementText on session 72f0944edfb847112d07e03154691d26 to remote] DEBUG org.asynchttpclient.netty.request.NettyRequestSender - Using pooled Channel '[id: 0x1a9667f1, L:/127.0.0.1:64451 - R:localhost/127.0.0.1:14650]' for 'GET' to 'http://localhost:14650/session/72f0944edfb847112d07e03154691d26/element/af3c421e-2a91-41d2-9295-4b7b88e7dc31/text'
10:51:55.805 [Forwarding getElementText on session 72f0944edfb847112d07e03154691d26 to remote] DEBUG org.asynchttpclient.netty.request.NettyRequestSender - Using open Channel [id: 0x1a9667f1, L:/127.0.0.1:64451 - R:localhost/127.0.0.1:14650] for GET '/session/72f0944edfb847112d07e03154691d26/element/af3c421e-2a91-41d2-9295-4b7b88e7dc31/text'
10:51:56.208 [AsyncHttpClient-1-3] DEBUG org.asynchttpclient.netty.handler.HttpHandler - 

Request DefaultFullHttpRequest(decodeResult: success, version: HTTP/1.1, content: EmptyByteBufBE)
GET /session/72f0944edfb847112d07e03154691d26/element/af3c421e-2a91-41d2-9295-4b7b88e7dc31/text HTTP/1.1
User-Agent: selenium/4.5.3 (java mac)
Cache-Control: no-cache
Content-Type: application/json; charset=utf-8
host: localhost:14650
accept: */*

Response DefaultHttpResponse(decodeResult: success, version: HTTP/1.1)
HTTP/1.1 200 OK
Content-Length: 30
Content-Type: application/json; charset=utf-8
cache-control: no-cache

10:51:56.208 [AsyncHttpClient-1-3] DEBUG org.asynchttpclient.netty.channel.ChannelManager - Adding key: http://localhost:14650 for channel [id: 0x1a9667f1, L:/127.0.0.1:64451 - R:localhost/127.0.0.1:14650]
10:51:56.209 [Forwarding findChildElement on session 72f0944edfb847112d07e03154691d26 to remote] DEBUG org.asynchttpclient.netty.request.NettyRequestSender - Using pooled Channel '[id: 0x1a9667f1, L:/127.0.0.1:64451 - R:localhost/127.0.0.1:14650]' for 'POST' to 'http://localhost:14650/session/72f0944edfb847112d07e03154691d26/element/50cba89b-a816-47a3-ac9b-c0962a79c858/element'
10:51:56.209 [Forwarding findChildElement on session 72f0944edfb847112d07e03154691d26 to remote] DEBUG org.asynchttpclient.netty.request.NettyRequestSender - Using open Channel [id: 0x1a9667f1, L:/127.0.0.1:64451 - R:localhost/127.0.0.1:14650] for POST '/session/72f0944edfb847112d07e03154691d26/element/50cba89b-a816-47a3-ac9b-c0962a79c858/element'
10:51:56.238 [AsyncHttpClient-1-3] DEBUG org.asynchttpclient.netty.handler.HttpHandler - 

Request DefaultHttpRequest(decodeResult: success, version: HTTP/1.1)
POST /session/72f0944edfb847112d07e03154691d26/element/50cba89b-a816-47a3-ac9b-c0962a79c858/element HTTP/1.1
User-Agent: selenium/4.5.3 (java mac)
Content-Length: 106
Content-Type: application/json; charset=utf-8
host: localhost:14650
accept: */*

Response DefaultHttpResponse(decodeResult: success, version: HTTP/1.1)
HTTP/1.1 200 OK
Content-Length: 88
Content-Type: application/json; charset=utf-8
cache-control: no-cache

10:51:56.239 [AsyncHttpClient-1-3] DEBUG org.asynchttpclient.netty.channel.ChannelManager - Adding key: http://localhost:14650 for channel [id: 0x1a9667f1, L:/127.0.0.1:64451 - R:localhost/127.0.0.1:14650]
10:51:56.241 [Forwarding getElementText on session 72f0944edfb847112d07e03154691d26 to remote] DEBUG org.asynchttpclient.netty.request.NettyRequestSender - Using pooled Channel '[id: 0x1a9667f1, L:/127.0.0.1:64451 - R:localhost/127.0.0.1:14650]' for 'GET' to 'http://localhost:14650/session/72f0944edfb847112d07e03154691d26/element/72a7dc18-1baf-4792-bb5d-8651e3e546ca/text'
10:51:56.241 [Forwarding getElementText on session 72f0944edfb847112d07e03154691d26 to remote] DEBUG org.asynchttpclient.netty.request.NettyRequestSender - Using open Channel [id: 0x1a9667f1, L:/127.0.0.1:64451 - R:localhost/127.0.0.1:14650] for GET '/session/72f0944edfb847112d07e03154691d26/element/72a7dc18-1baf-4792-bb5d-8651e3e546ca/text'
10:51:56.257 [AsyncHttpClient-1-3] DEBUG org.asynchttpclient.netty.handler.HttpHandler - 

Request DefaultFullHttpRequest(decodeResult: success, version: HTTP/1.1, content: EmptyByteBufBE)
GET /session/72f0944edfb847112d07e03154691d26/element/72a7dc18-1baf-4792-bb5d-8651e3e546ca/text HTTP/1.1
User-Agent: selenium/4.5.3 (java mac)
Cache-Control: no-cache
Content-Type: application/json; charset=utf-8
host: localhost:14650
accept: */*

Response DefaultHttpResponse(decodeResult: success, version: HTTP/1.1)
HTTP/1.1 200 OK
Content-Length: 91
Content-Type: application/json; charset=utf-8
cache-control: no-cache

10:51:56.257 [AsyncHttpClient-1-3] DEBUG org.asynchttpclient.netty.channel.ChannelManager - Adding key: http://localhost:14650 for channel [id: 0x1a9667f1, L:/127.0.0.1:64451 - R:localhost/127.0.0.1:14650]
10:51:56.258 [Forwarding findChildElement on session 72f0944edfb847112d07e03154691d26 to remote] DEBUG org.asynchttpclient.netty.request.NettyRequestSender - Using pooled Channel '[id: 0x1a9667f1, L:/127.0.0.1:64451 - R:localhost/127.0.0.1:14650]' for 'POST' to 'http://localhost:14650/session/72f0944edfb847112d07e03154691d26/element/50cba89b-a816-47a3-ac9b-c0962a79c858/element'
10:51:56.259 [Forwarding findChildElement on session 72f0944edfb847112d07e03154691d26 to remote] DEBUG org.asynchttpclient.netty.request.NettyRequestSender - Using open Channel [id: 0x1a9667f1, L:/127.0.0.1:64451 - R:localhost/127.0.0.1:14650] for POST '/session/72f0944edfb847112d07e03154691d26/element/50cba89b-a816-47a3-ac9b-c0962a79c858/element'
10:51:56.276 [AsyncHttpClient-1-3] DEBUG org.asynchttpclient.netty.handler.HttpHandler - 

Request DefaultHttpRequest(decodeResult: success, version: HTTP/1.1)
POST /session/72f0944edfb847112d07e03154691d26/element/50cba89b-a816-47a3-ac9b-c0962a79c858/element HTTP/1.1
User-Agent: selenium/4.5.3 (java mac)
Content-Length: 106
Content-Type: application/json; charset=utf-8
host: localhost:14650
accept: */*

Response DefaultHttpResponse(decodeResult: success, version: HTTP/1.1)
HTTP/1.1 200 OK
Content-Length: 88
Content-Type: application/json; charset=utf-8
cache-control: no-cache

10:51:56.276 [AsyncHttpClient-1-3] DEBUG org.asynchttpclient.netty.channel.ChannelManager - Adding key: http://localhost:14650 for channel [id: 0x1a9667f1, L:/127.0.0.1:64451 - R:localhost/127.0.0.1:14650]
10:51:56.285 [Forwarding getElementText on session 72f0944edfb847112d07e03154691d26 to remote] DEBUG org.asynchttpclient.netty.request.NettyRequestSender - Using pooled Channel '[id: 0x1a9667f1, L:/127.0.0.1:64451 - R:localhost/127.0.0.1:14650]' for 'GET' to 'http://localhost:14650/session/72f0944edfb847112d07e03154691d26/element/f3ec6c79-5e6f-45fd-b479-b9007c1348b4/text'
10:51:56.286 [Forwarding getElementText on session 72f0944edfb847112d07e03154691d26 to remote] DEBUG org.asynchttpclient.netty.request.NettyRequestSender - Using open Channel [id: 0x1a9667f1, L:/127.0.0.1:64451 - R:localhost/127.0.0.1:14650] for GET '/session/72f0944edfb847112d07e03154691d26/element/f3ec6c79-5e6f-45fd-b479-b9007c1348b4/text'
10:51:56.317 [AsyncHttpClient-1-3] DEBUG org.asynchttpclient.netty.handler.HttpHandler - 

Request DefaultFullHttpRequest(decodeResult: success, version: HTTP/1.1, content: EmptyByteBufBE)
GET /session/72f0944edfb847112d07e03154691d26/element/f3ec6c79-5e6f-45fd-b479-b9007c1348b4/text HTTP/1.1
User-Agent: selenium/4.5.3 (java mac)
Cache-Control: no-cache
Content-Type: application/json; charset=utf-8
host: localhost:14650
accept: */*

Response DefaultHttpResponse(decodeResult: success, version: HTTP/1.1)
HTTP/1.1 200 OK
Content-Length: 30
Content-Type: application/json; charset=utf-8
cache-control: no-cache

10:51:56.319 [AsyncHttpClient-1-3] DEBUG org.asynchttpclient.netty.channel.ChannelManager - Adding key: http://localhost:14650 for channel [id: 0x1a9667f1, L:/127.0.0.1:64451 - R:localhost/127.0.0.1:14650]
10:51:56.328 [Forwarding findChildElement on session 72f0944edfb847112d07e03154691d26 to remote] DEBUG org.asynchttpclient.netty.request.NettyRequestSender - Using pooled Channel '[id: 0x1a9667f1, L:/127.0.0.1:64451 - R:localhost/127.0.0.1:14650]' for 'POST' to 'http://localhost:14650/session/72f0944edfb847112d07e03154691d26/element/83eb3bbc-a498-4439-8f19-17a869ed5d1f/element'
10:51:56.328 [Forwarding findChildElement on session 72f0944edfb847112d07e03154691d26 to remote] DEBUG org.asynchttpclient.netty.request.NettyRequestSender - Using open Channel [id: 0x1a9667f1, L:/127.0.0.1:64451 - R:localhost/127.0.0.1:14650] for POST '/session/72f0944edfb847112d07e03154691d26/element/83eb3bbc-a498-4439-8f19-17a869ed5d1f/element'
10:51:56.719 [AsyncHttpClient-1-3] DEBUG org.asynchttpclient.netty.handler.HttpHandler - 

Request DefaultHttpRequest(decodeResult: success, version: HTTP/1.1)
POST /session/72f0944edfb847112d07e03154691d26/element/83eb3bbc-a498-4439-8f19-17a869ed5d1f/element HTTP/1.1
User-Agent: selenium/4.5.3 (java mac)
Content-Length: 106
Content-Type: application/json; charset=utf-8
host: localhost:14650
accept: */*

Response DefaultHttpResponse(decodeResult: success, version: HTTP/1.1)
HTTP/1.1 200 OK
Content-Length: 88
Content-Type: application/json; charset=utf-8
cache-control: no-cache

10:51:56.719 [AsyncHttpClient-1-3] DEBUG org.asynchttpclient.netty.channel.ChannelManager - Adding key: http://localhost:14650 for channel [id: 0x1a9667f1, L:/127.0.0.1:64451 - R:localhost/127.0.0.1:14650]
10:51:56.720 [Forwarding getElementText on session 72f0944edfb847112d07e03154691d26 to remote] DEBUG org.asynchttpclient.netty.request.NettyRequestSender - Using pooled Channel '[id: 0x1a9667f1, L:/127.0.0.1:64451 - R:localhost/127.0.0.1:14650]' for 'GET' to 'http://localhost:14650/session/72f0944edfb847112d07e03154691d26/element/b98980c1-9011-4594-8d88-d22bbfdb68bf/text'
10:51:56.720 [Forwarding getElementText on session 72f0944edfb847112d07e03154691d26 to remote] DEBUG org.asynchttpclient.netty.request.NettyRequestSender - Using open Channel [id: 0x1a9667f1, L:/127.0.0.1:64451 - R:localhost/127.0.0.1:14650] for GET '/session/72f0944edfb847112d07e03154691d26/element/b98980c1-9011-4594-8d88-d22bbfdb68bf/text'
10:51:56.736 [AsyncHttpClient-1-3] DEBUG org.asynchttpclient.netty.handler.HttpHandler - 

Request DefaultFullHttpRequest(decodeResult: success, version: HTTP/1.1, content: EmptyByteBufBE)
GET /session/72f0944edfb847112d07e03154691d26/element/b98980c1-9011-4594-8d88-d22bbfdb68bf/text HTTP/1.1
User-Agent: selenium/4.5.3 (java mac)
Cache-Control: no-cache
Content-Type: application/json; charset=utf-8
host: localhost:14650
accept: */*

Response DefaultHttpResponse(decodeResult: success, version: HTTP/1.1)
HTTP/1.1 200 OK
Content-Length: 71
Content-Type: application/json; charset=utf-8
cache-control: no-cache

10:51:56.736 [AsyncHttpClient-1-3] DEBUG org.asynchttpclient.netty.channel.ChannelManager - Adding key: http://localhost:14650 for channel [id: 0x1a9667f1, L:/127.0.0.1:64451 - R:localhost/127.0.0.1:14650]
10:51:56.740 [Forwarding findChildElement on session 72f0944edfb847112d07e03154691d26 to remote] DEBUG org.asynchttpclient.netty.request.NettyRequestSender - Using pooled Channel '[id: 0x1a9667f1, L:/127.0.0.1:64451 - R:localhost/127.0.0.1:14650]' for 'POST' to 'http://localhost:14650/session/72f0944edfb847112d07e03154691d26/element/83eb3bbc-a498-4439-8f19-17a869ed5d1f/element'
10:51:56.740 [Forwarding findChildElement on session 72f0944edfb847112d07e03154691d26 to remote] DEBUG org.asynchttpclient.netty.request.NettyRequestSender - Using open Channel [id: 0x1a9667f1, L:/127.0.0.1:64451 - R:localhost/127.0.0.1:14650] for POST '/session/72f0944edfb847112d07e03154691d26/element/83eb3bbc-a498-4439-8f19-17a869ed5d1f/element'
10:51:56.757 [AsyncHttpClient-1-3] DEBUG org.asynchttpclient.netty.handler.HttpHandler - 

Request DefaultHttpRequest(decodeResult: success, version: HTTP/1.1)
POST /session/72f0944edfb847112d07e03154691d26/element/83eb3bbc-a498-4439-8f19-17a869ed5d1f/element HTTP/1.1
User-Agent: selenium/4.5.3 (java mac)
Content-Length: 106
Content-Type: application/json; charset=utf-8
host: localhost:14650
accept: */*

Response DefaultHttpResponse(decodeResult: success, version: HTTP/1.1)
HTTP/1.1 200 OK
Content-Length: 88
Content-Type: application/json; charset=utf-8
cache-control: no-cache

10:51:56.757 [AsyncHttpClient-1-3] DEBUG org.asynchttpclient.netty.channel.ChannelManager - Adding key: http://localhost:14650 for channel [id: 0x1a9667f1, L:/127.0.0.1:64451 - R:localhost/127.0.0.1:14650]
10:51:56.759 [Forwarding getElementText on session 72f0944edfb847112d07e03154691d26 to remote] DEBUG org.asynchttpclient.netty.request.NettyRequestSender - Using pooled Channel '[id: 0x1a9667f1, L:/127.0.0.1:64451 - R:localhost/127.0.0.1:14650]' for 'GET' to 'http://localhost:14650/session/72f0944edfb847112d07e03154691d26/element/3ada3892-9134-4ed1-9802-e10b9a59d89e/text'
10:51:56.759 [Forwarding getElementText on session 72f0944edfb847112d07e03154691d26 to remote] DEBUG org.asynchttpclient.netty.request.NettyRequestSender - Using open Channel [id: 0x1a9667f1, L:/127.0.0.1:64451 - R:localhost/127.0.0.1:14650] for GET '/session/72f0944edfb847112d07e03154691d26/element/3ada3892-9134-4ed1-9802-e10b9a59d89e/text'
10:51:56.793 [AsyncHttpClient-1-3] DEBUG org.asynchttpclient.netty.handler.HttpHandler - 

Request DefaultFullHttpRequest(decodeResult: success, version: HTTP/1.1, content: EmptyByteBufBE)
GET /session/72f0944edfb847112d07e03154691d26/element/3ada3892-9134-4ed1-9802-e10b9a59d89e/text HTTP/1.1
User-Agent: selenium/4.5.3 (java mac)
Cache-Control: no-cache
Content-Type: application/json; charset=utf-8
host: localhost:14650
accept: */*

Response DefaultHttpResponse(decodeResult: success, version: HTTP/1.1)
HTTP/1.1 200 OK
Content-Length: 19
Content-Type: application/json; charset=utf-8
cache-control: no-cache

10:51:56.794 [AsyncHttpClient-1-3] DEBUG org.asynchttpclient.netty.channel.ChannelManager - Adding key: http://localhost:14650 for channel [id: 0x1a9667f1, L:/127.0.0.1:64451 - R:localhost/127.0.0.1:14650]
10:51:56.807 [Forwarding findChildElement on session 72f0944edfb847112d07e03154691d26 to remote] DEBUG org.asynchttpclient.netty.request.NettyRequestSender - Using pooled Channel '[id: 0x1a9667f1, L:/127.0.0.1:64451 - R:localhost/127.0.0.1:14650]' for 'POST' to 'http://localhost:14650/session/72f0944edfb847112d07e03154691d26/element/20072434-2587-4dd4-8d1d-5da7ed1b5684/element'
10:51:56.807 [Forwarding findChildElement on session 72f0944edfb847112d07e03154691d26 to remote] DEBUG org.asynchttpclient.netty.request.NettyRequestSender - Using open Channel [id: 0x1a9667f1, L:/127.0.0.1:64451 - R:localhost/127.0.0.1:14650] for POST '/session/72f0944edfb847112d07e03154691d26/element/20072434-2587-4dd4-8d1d-5da7ed1b5684/element'
10:51:57.122 [AsyncHttpClient-1-3] DEBUG org.asynchttpclient.netty.handler.HttpHandler - 

Request DefaultHttpRequest(decodeResult: success, version: HTTP/1.1)
POST /session/72f0944edfb847112d07e03154691d26/element/20072434-2587-4dd4-8d1d-5da7ed1b5684/element HTTP/1.1
User-Agent: selenium/4.5.3 (java mac)
Content-Length: 106
Content-Type: application/json; charset=utf-8
host: localhost:14650
accept: */*

Response DefaultHttpResponse(decodeResult: success, version: HTTP/1.1)
HTTP/1.1 200 OK
Content-Length: 88
Content-Type: application/json; charset=utf-8
cache-control: no-cache

10:51:57.123 [AsyncHttpClient-1-3] DEBUG org.asynchttpclient.netty.channel.ChannelManager - Adding key: http://localhost:14650 for channel [id: 0x1a9667f1, L:/127.0.0.1:64451 - R:localhost/127.0.0.1:14650]
10:51:57.128 [Forwarding getElementText on session 72f0944edfb847112d07e03154691d26 to remote] DEBUG org.asynchttpclient.netty.request.NettyRequestSender - Using pooled Channel '[id: 0x1a9667f1, L:/127.0.0.1:64451 - R:localhost/127.0.0.1:14650]' for 'GET' to 'http://localhost:14650/session/72f0944edfb847112d07e03154691d26/element/4f648613-9b12-4070-9559-f13326d0dcf5/text'
10:51:57.128 [Forwarding getElementText on session 72f0944edfb847112d07e03154691d26 to remote] DEBUG org.asynchttpclient.netty.request.NettyRequestSender - Using open Channel [id: 0x1a9667f1, L:/127.0.0.1:64451 - R:localhost/127.0.0.1:14650] for GET '/session/72f0944edfb847112d07e03154691d26/element/4f648613-9b12-4070-9559-f13326d0dcf5/text'
10:51:57.149 [AsyncHttpClient-1-3] DEBUG org.asynchttpclient.netty.handler.HttpHandler - 

Request DefaultFullHttpRequest(decodeResult: success, version: HTTP/1.1, content: EmptyByteBufBE)
GET /session/72f0944edfb847112d07e03154691d26/element/4f648613-9b12-4070-9559-f13326d0dcf5/text HTTP/1.1
User-Agent: selenium/4.5.3 (java mac)
Cache-Control: no-cache
Content-Type: application/json; charset=utf-8
host: localhost:14650
accept: */*

Response DefaultHttpResponse(decodeResult: success, version: HTTP/1.1)
HTTP/1.1 200 OK
Content-Length: 69
Content-Type: application/json; charset=utf-8
cache-control: no-cache

10:51:57.150 [AsyncHttpClient-1-3] DEBUG org.asynchttpclient.netty.channel.ChannelManager - Adding key: http://localhost:14650 for channel [id: 0x1a9667f1, L:/127.0.0.1:64451 - R:localhost/127.0.0.1:14650]
10:51:57.152 [Forwarding findChildElement on session 72f0944edfb847112d07e03154691d26 to remote] DEBUG org.asynchttpclient.netty.request.NettyRequestSender - Using pooled Channel '[id: 0x1a9667f1, L:/127.0.0.1:64451 - R:localhost/127.0.0.1:14650]' for 'POST' to 'http://localhost:14650/session/72f0944edfb847112d07e03154691d26/element/20072434-2587-4dd4-8d1d-5da7ed1b5684/element'
10:51:57.152 [Forwarding findChildElement on session 72f0944edfb847112d07e03154691d26 to remote] DEBUG org.asynchttpclient.netty.request.NettyRequestSender - Using open Channel [id: 0x1a9667f1, L:/127.0.0.1:64451 - R:localhost/127.0.0.1:14650] for POST '/session/72f0944edfb847112d07e03154691d26/element/20072434-2587-4dd4-8d1d-5da7ed1b5684/element'
10:51:57.174 [AsyncHttpClient-1-3] DEBUG org.asynchttpclient.netty.handler.HttpHandler - 

Request DefaultHttpRequest(decodeResult: success, version: HTTP/1.1)
POST /session/72f0944edfb847112d07e03154691d26/element/20072434-2587-4dd4-8d1d-5da7ed1b5684/element HTTP/1.1
User-Agent: selenium/4.5.3 (java mac)
Content-Length: 106
Content-Type: application/json; charset=utf-8
host: localhost:14650
accept: */*

Response DefaultHttpResponse(decodeResult: success, version: HTTP/1.1)
HTTP/1.1 200 OK
Content-Length: 88
Content-Type: application/json; charset=utf-8
cache-control: no-cache

10:51:57.174 [AsyncHttpClient-1-3] DEBUG org.asynchttpclient.netty.channel.ChannelManager - Adding key: http://localhost:14650 for channel [id: 0x1a9667f1, L:/127.0.0.1:64451 - R:localhost/127.0.0.1:14650]
10:51:57.175 [Forwarding getElementText on session 72f0944edfb847112d07e03154691d26 to remote] DEBUG org.asynchttpclient.netty.request.NettyRequestSender - Using pooled Channel '[id: 0x1a9667f1, L:/127.0.0.1:64451 - R:localhost/127.0.0.1:14650]' for 'GET' to 'http://localhost:14650/session/72f0944edfb847112d07e03154691d26/element/dd13937f-ae02-4e54-88aa-427c07463ac5/text'
10:51:57.176 [Forwarding getElementText on session 72f0944edfb847112d07e03154691d26 to remote] DEBUG org.asynchttpclient.netty.request.NettyRequestSender - Using open Channel [id: 0x1a9667f1, L:/127.0.0.1:64451 - R:localhost/127.0.0.1:14650] for GET '/session/72f0944edfb847112d07e03154691d26/element/dd13937f-ae02-4e54-88aa-427c07463ac5/text'
10:51:57.647 [AsyncHttpClient-1-3] DEBUG org.asynchttpclient.netty.handler.HttpHandler - 

Request DefaultFullHttpRequest(decodeResult: success, version: HTTP/1.1, content: EmptyByteBufBE)
GET /session/72f0944edfb847112d07e03154691d26/element/dd13937f-ae02-4e54-88aa-427c07463ac5/text HTTP/1.1
User-Agent: selenium/4.5.3 (java mac)
Cache-Control: no-cache
Content-Type: application/json; charset=utf-8
host: localhost:14650
accept: */*

Response DefaultHttpResponse(decodeResult: success, version: HTTP/1.1)
HTTP/1.1 200 OK
Content-Length: 19
Content-Type: application/json; charset=utf-8
cache-control: no-cache

10:51:57.647 [AsyncHttpClient-1-3] DEBUG org.asynchttpclient.netty.channel.ChannelManager - Adding key: http://localhost:14650 for channel [id: 0x1a9667f1, L:/127.0.0.1:64451 - R:localhost/127.0.0.1:14650]
10:51:57.649 [Forwarding findChildElement on session 72f0944edfb847112d07e03154691d26 to remote] DEBUG org.asynchttpclient.netty.request.NettyRequestSender - Using pooled Channel '[id: 0x1a9667f1, L:/127.0.0.1:64451 - R:localhost/127.0.0.1:14650]' for 'POST' to 'http://localhost:14650/session/72f0944edfb847112d07e03154691d26/element/dbcd6894-3172-4847-a1ee-2f31578b968e/element'
10:51:57.649 [Forwarding findChildElement on session 72f0944edfb847112d07e03154691d26 to remote] DEBUG org.asynchttpclient.netty.request.NettyRequestSender - Using open Channel [id: 0x1a9667f1, L:/127.0.0.1:64451 - R:localhost/127.0.0.1:14650] for POST '/session/72f0944edfb847112d07e03154691d26/element/dbcd6894-3172-4847-a1ee-2f31578b968e/element'
10:51:57.703 [AsyncHttpClient-1-3] DEBUG org.asynchttpclient.netty.handler.HttpHandler - 

Request DefaultHttpRequest(decodeResult: success, version: HTTP/1.1)
POST /session/72f0944edfb847112d07e03154691d26/element/dbcd6894-3172-4847-a1ee-2f31578b968e/element HTTP/1.1
User-Agent: selenium/4.5.3 (java mac)
Content-Length: 106
Content-Type: application/json; charset=utf-8
host: localhost:14650
accept: */*

Response DefaultHttpResponse(decodeResult: success, version: HTTP/1.1)
HTTP/1.1 200 OK
Content-Length: 88
Content-Type: application/json; charset=utf-8
cache-control: no-cache

10:51:57.703 [AsyncHttpClient-1-3] DEBUG org.asynchttpclient.netty.channel.ChannelManager - Adding key: http://localhost:14650 for channel [id: 0x1a9667f1, L:/127.0.0.1:64451 - R:localhost/127.0.0.1:14650]
10:51:57.705 [Forwarding getElementText on session 72f0944edfb847112d07e03154691d26 to remote] DEBUG org.asynchttpclient.netty.request.NettyRequestSender - Using pooled Channel '[id: 0x1a9667f1, L:/127.0.0.1:64451 - R:localhost/127.0.0.1:14650]' for 'GET' to 'http://localhost:14650/session/72f0944edfb847112d07e03154691d26/element/a9b62804-f57f-4554-a655-4ff8640c7d0f/text'
10:51:57.705 [Forwarding getElementText on session 72f0944edfb847112d07e03154691d26 to remote] DEBUG org.asynchttpclient.netty.request.NettyRequestSender - Using open Channel [id: 0x1a9667f1, L:/127.0.0.1:64451 - R:localhost/127.0.0.1:14650] for GET '/session/72f0944edfb847112d07e03154691d26/element/a9b62804-f57f-4554-a655-4ff8640c7d0f/text'
10:51:57.973 [AsyncHttpClient-1-3] DEBUG org.asynchttpclient.netty.handler.HttpHandler - 

Request DefaultFullHttpRequest(decodeResult: success, version: HTTP/1.1, content: EmptyByteBufBE)
GET /session/72f0944edfb847112d07e03154691d26/element/a9b62804-f57f-4554-a655-4ff8640c7d0f/text HTTP/1.1
User-Agent: selenium/4.5.3 (java mac)
Cache-Control: no-cache
Content-Type: application/json; charset=utf-8
host: localhost:14650
accept: */*

Response DefaultHttpResponse(decodeResult: success, version: HTTP/1.1)
HTTP/1.1 200 OK
Content-Length: 80
Content-Type: application/json; charset=utf-8
cache-control: no-cache

10:51:57.973 [AsyncHttpClient-1-3] DEBUG org.asynchttpclient.netty.channel.ChannelManager - Adding key: http://localhost:14650 for channel [id: 0x1a9667f1, L:/127.0.0.1:64451 - R:localhost/127.0.0.1:14650]
10:51:57.976 [Forwarding findChildElement on session 72f0944edfb847112d07e03154691d26 to remote] DEBUG org.asynchttpclient.netty.request.NettyRequestSender - Using pooled Channel '[id: 0x1a9667f1, L:/127.0.0.1:64451 - R:localhost/127.0.0.1:14650]' for 'POST' to 'http://localhost:14650/session/72f0944edfb847112d07e03154691d26/element/dbcd6894-3172-4847-a1ee-2f31578b968e/element'
10:51:57.976 [Forwarding findChildElement on session 72f0944edfb847112d07e03154691d26 to remote] DEBUG org.asynchttpclient.netty.request.NettyRequestSender - Using open Channel [id: 0x1a9667f1, L:/127.0.0.1:64451 - R:localhost/127.0.0.1:14650] for POST '/session/72f0944edfb847112d07e03154691d26/element/dbcd6894-3172-4847-a1ee-2f31578b968e/element'
10:51:57.997 [AsyncHttpClient-1-3] DEBUG org.asynchttpclient.netty.handler.HttpHandler - 

Request DefaultHttpRequest(decodeResult: success, version: HTTP/1.1)
POST /session/72f0944edfb847112d07e03154691d26/element/dbcd6894-3172-4847-a1ee-2f31578b968e/element HTTP/1.1
User-Agent: selenium/4.5.3 (java mac)
Content-Length: 106
Content-Type: application/json; charset=utf-8
host: localhost:14650
accept: */*

Response DefaultHttpResponse(decodeResult: success, version: HTTP/1.1)
HTTP/1.1 200 OK
Content-Length: 88
Content-Type: application/json; charset=utf-8
cache-control: no-cache

10:51:57.998 [AsyncHttpClient-1-3] DEBUG org.asynchttpclient.netty.channel.ChannelManager - Adding key: http://localhost:14650 for channel [id: 0x1a9667f1, L:/127.0.0.1:64451 - R:localhost/127.0.0.1:14650]
10:51:57.999 [Forwarding getElementText on session 72f0944edfb847112d07e03154691d26 to remote] DEBUG org.asynchttpclient.netty.request.NettyRequestSender - Using pooled Channel '[id: 0x1a9667f1, L:/127.0.0.1:64451 - R:localhost/127.0.0.1:14650]' for 'GET' to 'http://localhost:14650/session/72f0944edfb847112d07e03154691d26/element/4b465ccd-8cea-4ea9-b7e9-890a81803488/text'
10:51:57.999 [Forwarding getElementText on session 72f0944edfb847112d07e03154691d26 to remote] DEBUG org.asynchttpclient.netty.request.NettyRequestSender - Using open Channel [id: 0x1a9667f1, L:/127.0.0.1:64451 - R:localhost/127.0.0.1:14650] for GET '/session/72f0944edfb847112d07e03154691d26/element/4b465ccd-8cea-4ea9-b7e9-890a81803488/text'
10:51:58.029 [AsyncHttpClient-1-3] DEBUG org.asynchttpclient.netty.handler.HttpHandler - 

Request DefaultFullHttpRequest(decodeResult: success, version: HTTP/1.1, content: EmptyByteBufBE)
GET /session/72f0944edfb847112d07e03154691d26/element/4b465ccd-8cea-4ea9-b7e9-890a81803488/text HTTP/1.1
User-Agent: selenium/4.5.3 (java mac)
Cache-Control: no-cache
Content-Type: application/json; charset=utf-8
host: localhost:14650
accept: */*

Response DefaultHttpResponse(decodeResult: success, version: HTTP/1.1)
HTTP/1.1 200 OK
Content-Length: 30
Content-Type: application/json; charset=utf-8
cache-control: no-cache

10:51:58.029 [AsyncHttpClient-1-3] DEBUG org.asynchttpclient.netty.channel.ChannelManager - Adding key: http://localhost:14650 for channel [id: 0x1a9667f1, L:/127.0.0.1:64451 - R:localhost/127.0.0.1:14650]
10:51:58.031 [Forwarding findChildElement on session 72f0944edfb847112d07e03154691d26 to remote] DEBUG org.asynchttpclient.netty.request.NettyRequestSender - Using pooled Channel '[id: 0x1a9667f1, L:/127.0.0.1:64451 - R:localhost/127.0.0.1:14650]' for 'POST' to 'http://localhost:14650/session/72f0944edfb847112d07e03154691d26/element/7ee3d366-54c0-479d-8e0d-a38864c32c66/element'
10:51:58.031 [Forwarding findChildElement on session 72f0944edfb847112d07e03154691d26 to remote] DEBUG org.asynchttpclient.netty.request.NettyRequestSender - Using open Channel [id: 0x1a9667f1, L:/127.0.0.1:64451 - R:localhost/127.0.0.1:14650] for POST '/session/72f0944edfb847112d07e03154691d26/element/7ee3d366-54c0-479d-8e0d-a38864c32c66/element'
10:51:58.046 [AsyncHttpClient-1-3] DEBUG org.asynchttpclient.netty.handler.HttpHandler - 

Request DefaultHttpRequest(decodeResult: success, version: HTTP/1.1)
POST /session/72f0944edfb847112d07e03154691d26/element/7ee3d366-54c0-479d-8e0d-a38864c32c66/element HTTP/1.1
User-Agent: selenium/4.5.3 (java mac)
Content-Length: 106
Content-Type: application/json; charset=utf-8
host: localhost:14650
accept: */*

Response DefaultHttpResponse(decodeResult: success, version: HTTP/1.1)
HTTP/1.1 200 OK
Content-Length: 88
Content-Type: application/json; charset=utf-8
cache-control: no-cache

10:51:58.046 [AsyncHttpClient-1-3] DEBUG org.asynchttpclient.netty.channel.ChannelManager - Adding key: http://localhost:14650 for channel [id: 0x1a9667f1, L:/127.0.0.1:64451 - R:localhost/127.0.0.1:14650]
10:51:58.047 [Forwarding getElementText on session 72f0944edfb847112d07e03154691d26 to remote] DEBUG org.asynchttpclient.netty.request.NettyRequestSender - Using pooled Channel '[id: 0x1a9667f1, L:/127.0.0.1:64451 - R:localhost/127.0.0.1:14650]' for 'GET' to 'http://localhost:14650/session/72f0944edfb847112d07e03154691d26/element/9391d3ce-b774-463a-a4cb-594e14496ec4/text'
10:51:58.047 [Forwarding getElementText on session 72f0944edfb847112d07e03154691d26 to remote] DEBUG org.asynchttpclient.netty.request.NettyRequestSender - Using open Channel [id: 0x1a9667f1, L:/127.0.0.1:64451 - R:localhost/127.0.0.1:14650] for GET '/session/72f0944edfb847112d07e03154691d26/element/9391d3ce-b774-463a-a4cb-594e14496ec4/text'
10:51:58.067 [AsyncHttpClient-1-3] DEBUG org.asynchttpclient.netty.handler.HttpHandler - 

Request DefaultFullHttpRequest(decodeResult: success, version: HTTP/1.1, content: EmptyByteBufBE)
GET /session/72f0944edfb847112d07e03154691d26/element/9391d3ce-b774-463a-a4cb-594e14496ec4/text HTTP/1.1
User-Agent: selenium/4.5.3 (java mac)
Cache-Control: no-cache
Content-Type: application/json; charset=utf-8
host: localhost:14650
accept: */*

Response DefaultHttpResponse(decodeResult: success, version: HTTP/1.1)
HTTP/1.1 200 OK
Content-Length: 55
Content-Type: application/json; charset=utf-8
cache-control: no-cache

10:51:58.067 [AsyncHttpClient-1-3] DEBUG org.asynchttpclient.netty.channel.ChannelManager - Adding key: http://localhost:14650 for channel [id: 0x1a9667f1, L:/127.0.0.1:64451 - R:localhost/127.0.0.1:14650]
10:51:58.069 [Forwarding findChildElement on session 72f0944edfb847112d07e03154691d26 to remote] DEBUG org.asynchttpclient.netty.request.NettyRequestSender - Using pooled Channel '[id: 0x1a9667f1, L:/127.0.0.1:64451 - R:localhost/127.0.0.1:14650]' for 'POST' to 'http://localhost:14650/session/72f0944edfb847112d07e03154691d26/element/7ee3d366-54c0-479d-8e0d-a38864c32c66/element'
10:51:58.069 [Forwarding findChildElement on session 72f0944edfb847112d07e03154691d26 to remote] DEBUG org.asynchttpclient.netty.request.NettyRequestSender - Using open Channel [id: 0x1a9667f1, L:/127.0.0.1:64451 - R:localhost/127.0.0.1:14650] for POST '/session/72f0944edfb847112d07e03154691d26/element/7ee3d366-54c0-479d-8e0d-a38864c32c66/element'
10:51:58.172 [AsyncHttpClient-1-3] DEBUG org.asynchttpclient.netty.handler.HttpHandler - 

Request DefaultHttpRequest(decodeResult: success, version: HTTP/1.1)
POST /session/72f0944edfb847112d07e03154691d26/element/7ee3d366-54c0-479d-8e0d-a38864c32c66/element HTTP/1.1
User-Agent: selenium/4.5.3 (java mac)
Content-Length: 106
Content-Type: application/json; charset=utf-8
host: localhost:14650
accept: */*

Response DefaultHttpResponse(decodeResult: success, version: HTTP/1.1)
HTTP/1.1 200 OK
Content-Length: 88
Content-Type: application/json; charset=utf-8
cache-control: no-cache

10:51:58.172 [AsyncHttpClient-1-3] DEBUG org.asynchttpclient.netty.channel.ChannelManager - Adding key: http://localhost:14650 for channel [id: 0x1a9667f1, L:/127.0.0.1:64451 - R:localhost/127.0.0.1:14650]
10:51:58.176 [Forwarding getElementText on session 72f0944edfb847112d07e03154691d26 to remote] DEBUG org.asynchttpclient.netty.request.NettyRequestSender - Using pooled Channel '[id: 0x1a9667f1, L:/127.0.0.1:64451 - R:localhost/127.0.0.1:14650]' for 'GET' to 'http://localhost:14650/session/72f0944edfb847112d07e03154691d26/element/93f552bf-b4d8-41d1-9547-09ec980d6da9/text'
10:51:58.176 [Forwarding getElementText on session 72f0944edfb847112d07e03154691d26 to remote] DEBUG org.asynchttpclient.netty.request.NettyRequestSender - Using open Channel [id: 0x1a9667f1, L:/127.0.0.1:64451 - R:localhost/127.0.0.1:14650] for GET '/session/72f0944edfb847112d07e03154691d26/element/93f552bf-b4d8-41d1-9547-09ec980d6da9/text'
10:51:58.720 [AsyncHttpClient-1-3] DEBUG org.asynchttpclient.netty.handler.HttpHandler - 

Request DefaultFullHttpRequest(decodeResult: success, version: HTTP/1.1, content: EmptyByteBufBE)
GET /session/72f0944edfb847112d07e03154691d26/element/93f552bf-b4d8-41d1-9547-09ec980d6da9/text HTTP/1.1
User-Agent: selenium/4.5.3 (java mac)
Cache-Control: no-cache
Content-Type: application/json; charset=utf-8
host: localhost:14650
accept: */*

Response DefaultHttpResponse(decodeResult: success, version: HTTP/1.1)
HTTP/1.1 200 OK
Content-Length: 19
Content-Type: application/json; charset=utf-8
cache-control: no-cache

10:51:58.720 [AsyncHttpClient-1-3] DEBUG org.asynchttpclient.netty.channel.ChannelManager - Adding key: http://localhost:14650 for channel [id: 0x1a9667f1, L:/127.0.0.1:64451 - R:localhost/127.0.0.1:14650]
10:51:58.724 [Forwarding findChildElement on session 72f0944edfb847112d07e03154691d26 to remote] DEBUG org.asynchttpclient.netty.request.NettyRequestSender - Using pooled Channel '[id: 0x1a9667f1, L:/127.0.0.1:64451 - R:localhost/127.0.0.1:14650]' for 'POST' to 'http://localhost:14650/session/72f0944edfb847112d07e03154691d26/element/61dc7078-dfa8-4db5-bcf0-45cdf25e283e/element'
10:51:58.724 [Forwarding findChildElement on session 72f0944edfb847112d07e03154691d26 to remote] DEBUG org.asynchttpclient.netty.request.NettyRequestSender - Using open Channel [id: 0x1a9667f1, L:/127.0.0.1:64451 - R:localhost/127.0.0.1:14650] for POST '/session/72f0944edfb847112d07e03154691d26/element/61dc7078-dfa8-4db5-bcf0-45cdf25e283e/element'
10:51:58.736 [AsyncHttpClient-1-3] DEBUG org.asynchttpclient.netty.handler.HttpHandler - 

Request DefaultHttpRequest(decodeResult: success, version: HTTP/1.1)
POST /session/72f0944edfb847112d07e03154691d26/element/61dc7078-dfa8-4db5-bcf0-45cdf25e283e/element HTTP/1.1
User-Agent: selenium/4.5.3 (java mac)
Content-Length: 106
Content-Type: application/json; charset=utf-8
host: localhost:14650
accept: */*

Response DefaultHttpResponse(decodeResult: success, version: HTTP/1.1)
HTTP/1.1 200 OK
Content-Length: 88
Content-Type: application/json; charset=utf-8
cache-control: no-cache

10:51:58.737 [AsyncHttpClient-1-3] DEBUG org.asynchttpclient.netty.channel.ChannelManager - Adding key: http://localhost:14650 for channel [id: 0x1a9667f1, L:/127.0.0.1:64451 - R:localhost/127.0.0.1:14650]
10:51:58.738 [Forwarding getElementText on session 72f0944edfb847112d07e03154691d26 to remote] DEBUG org.asynchttpclient.netty.request.NettyRequestSender - Using pooled Channel '[id: 0x1a9667f1, L:/127.0.0.1:64451 - R:localhost/127.0.0.1:14650]' for 'GET' to 'http://localhost:14650/session/72f0944edfb847112d07e03154691d26/element/c193a1f5-7774-4b88-9c3f-710ed1061af2/text'
10:51:58.738 [Forwarding getElementText on session 72f0944edfb847112d07e03154691d26 to remote] DEBUG org.asynchttpclient.netty.request.NettyRequestSender - Using open Channel [id: 0x1a9667f1, L:/127.0.0.1:64451 - R:localhost/127.0.0.1:14650] for GET '/session/72f0944edfb847112d07e03154691d26/element/c193a1f5-7774-4b88-9c3f-710ed1061af2/text'
10:51:58.756 [AsyncHttpClient-1-3] DEBUG org.asynchttpclient.netty.handler.HttpHandler - 

Request DefaultFullHttpRequest(decodeResult: success, version: HTTP/1.1, content: EmptyByteBufBE)
GET /session/72f0944edfb847112d07e03154691d26/element/c193a1f5-7774-4b88-9c3f-710ed1061af2/text HTTP/1.1
User-Agent: selenium/4.5.3 (java mac)
Cache-Control: no-cache
Content-Type: application/json; charset=utf-8
host: localhost:14650
accept: */*

Response DefaultHttpResponse(decodeResult: success, version: HTTP/1.1)
HTTP/1.1 200 OK
Content-Length: 68
Content-Type: application/json; charset=utf-8
cache-control: no-cache

10:51:58.756 [AsyncHttpClient-1-3] DEBUG org.asynchttpclient.netty.channel.ChannelManager - Adding key: http://localhost:14650 for channel [id: 0x1a9667f1, L:/127.0.0.1:64451 - R:localhost/127.0.0.1:14650]
10:51:58.758 [Forwarding findChildElement on session 72f0944edfb847112d07e03154691d26 to remote] DEBUG org.asynchttpclient.netty.request.NettyRequestSender - Using pooled Channel '[id: 0x1a9667f1, L:/127.0.0.1:64451 - R:localhost/127.0.0.1:14650]' for 'POST' to 'http://localhost:14650/session/72f0944edfb847112d07e03154691d26/element/61dc7078-dfa8-4db5-bcf0-45cdf25e283e/element'
10:51:58.758 [Forwarding findChildElement on session 72f0944edfb847112d07e03154691d26 to remote] DEBUG org.asynchttpclient.netty.request.NettyRequestSender - Using open Channel [id: 0x1a9667f1, L:/127.0.0.1:64451 - R:localhost/127.0.0.1:14650] for POST '/session/72f0944edfb847112d07e03154691d26/element/61dc7078-dfa8-4db5-bcf0-45cdf25e283e/element'
10:51:58.771 [AsyncHttpClient-1-3] DEBUG org.asynchttpclient.netty.handler.HttpHandler - 

Request DefaultHttpRequest(decodeResult: success, version: HTTP/1.1)
POST /session/72f0944edfb847112d07e03154691d26/element/61dc7078-dfa8-4db5-bcf0-45cdf25e283e/element HTTP/1.1
User-Agent: selenium/4.5.3 (java mac)
Content-Length: 106
Content-Type: application/json; charset=utf-8
host: localhost:14650
accept: */*

Response DefaultHttpResponse(decodeResult: success, version: HTTP/1.1)
HTTP/1.1 200 OK
Content-Length: 88
Content-Type: application/json; charset=utf-8
cache-control: no-cache

10:51:58.771 [AsyncHttpClient-1-3] DEBUG org.asynchttpclient.netty.channel.ChannelManager - Adding key: http://localhost:14650 for channel [id: 0x1a9667f1, L:/127.0.0.1:64451 - R:localhost/127.0.0.1:14650]
10:51:58.772 [Forwarding getElementText on session 72f0944edfb847112d07e03154691d26 to remote] DEBUG org.asynchttpclient.netty.request.NettyRequestSender - Using pooled Channel '[id: 0x1a9667f1, L:/127.0.0.1:64451 - R:localhost/127.0.0.1:14650]' for 'GET' to 'http://localhost:14650/session/72f0944edfb847112d07e03154691d26/element/15992294-dc6d-4283-94d8-1e8a317e18a7/text'
10:51:58.772 [Forwarding getElementText on session 72f0944edfb847112d07e03154691d26 to remote] DEBUG org.asynchttpclient.netty.request.NettyRequestSender - Using open Channel [id: 0x1a9667f1, L:/127.0.0.1:64451 - R:localhost/127.0.0.1:14650] for GET '/session/72f0944edfb847112d07e03154691d26/element/15992294-dc6d-4283-94d8-1e8a317e18a7/text'
10:51:58.793 [AsyncHttpClient-1-3] DEBUG org.asynchttpclient.netty.handler.HttpHandler - 

Request DefaultFullHttpRequest(decodeResult: success, version: HTTP/1.1, content: EmptyByteBufBE)
GET /session/72f0944edfb847112d07e03154691d26/element/15992294-dc6d-4283-94d8-1e8a317e18a7/text HTTP/1.1
User-Agent: selenium/4.5.3 (java mac)
Cache-Control: no-cache
Content-Type: application/json; charset=utf-8
host: localhost:14650
accept: */*

Response DefaultHttpResponse(decodeResult: success, version: HTTP/1.1)
HTTP/1.1 200 OK
Content-Length: 19
Content-Type: application/json; charset=utf-8
cache-control: no-cache

10:51:58.793 [AsyncHttpClient-1-3] DEBUG org.asynchttpclient.netty.channel.ChannelManager - Adding key: http://localhost:14650 for channel [id: 0x1a9667f1, L:/127.0.0.1:64451 - R:localhost/127.0.0.1:14650]
10:51:58.794 [Forwarding findChildElement on session 72f0944edfb847112d07e03154691d26 to remote] DEBUG org.asynchttpclient.netty.request.NettyRequestSender - Using pooled Channel '[id: 0x1a9667f1, L:/127.0.0.1:64451 - R:localhost/127.0.0.1:14650]' for 'POST' to 'http://localhost:14650/session/72f0944edfb847112d07e03154691d26/element/01ac4618-647f-4337-b9ae-1167661d376f/element'
10:51:58.794 [Forwarding findChildElement on session 72f0944edfb847112d07e03154691d26 to remote] DEBUG org.asynchttpclient.netty.request.NettyRequestSender - Using open Channel [id: 0x1a9667f1, L:/127.0.0.1:64451 - R:localhost/127.0.0.1:14650] for POST '/session/72f0944edfb847112d07e03154691d26/element/01ac4618-647f-4337-b9ae-1167661d376f/element'
10:51:58.814 [AsyncHttpClient-1-3] DEBUG org.asynchttpclient.netty.handler.HttpHandler - 

Request DefaultHttpRequest(decodeResult: success, version: HTTP/1.1)
POST /session/72f0944edfb847112d07e03154691d26/element/01ac4618-647f-4337-b9ae-1167661d376f/element HTTP/1.1
User-Agent: selenium/4.5.3 (java mac)
Content-Length: 106
Content-Type: application/json; charset=utf-8
host: localhost:14650
accept: */*

Response DefaultHttpResponse(decodeResult: success, version: HTTP/1.1)
HTTP/1.1 200 OK
Content-Length: 88
Content-Type: application/json; charset=utf-8
cache-control: no-cache

10:51:58.814 [AsyncHttpClient-1-3] DEBUG org.asynchttpclient.netty.channel.ChannelManager - Adding key: http://localhost:14650 for channel [id: 0x1a9667f1, L:/127.0.0.1:64451 - R:localhost/127.0.0.1:14650]
10:51:58.819 [Forwarding getElementText on session 72f0944edfb847112d07e03154691d26 to remote] DEBUG org.asynchttpclient.netty.request.NettyRequestSender - Using pooled Channel '[id: 0x1a9667f1, L:/127.0.0.1:64451 - R:localhost/127.0.0.1:14650]' for 'GET' to 'http://localhost:14650/session/72f0944edfb847112d07e03154691d26/element/c524030f-d05a-4964-958f-0eabecf2cdad/text'
10:51:58.819 [Forwarding getElementText on session 72f0944edfb847112d07e03154691d26 to remote] DEBUG org.asynchttpclient.netty.request.NettyRequestSender - Using open Channel [id: 0x1a9667f1, L:/127.0.0.1:64451 - R:localhost/127.0.0.1:14650] for GET '/session/72f0944edfb847112d07e03154691d26/element/c524030f-d05a-4964-958f-0eabecf2cdad/text'
10:51:59.362 [AsyncHttpClient-1-3] DEBUG org.asynchttpclient.netty.handler.HttpHandler - 

Request DefaultFullHttpRequest(decodeResult: success, version: HTTP/1.1, content: EmptyByteBufBE)
GET /session/72f0944edfb847112d07e03154691d26/element/c524030f-d05a-4964-958f-0eabecf2cdad/text HTTP/1.1
User-Agent: selenium/4.5.3 (java mac)
Cache-Control: no-cache
Content-Type: application/json; charset=utf-8
host: localhost:14650
accept: */*

Response DefaultHttpResponse(decodeResult: success, version: HTTP/1.1)
HTTP/1.1 200 OK
Content-Length: 64
Content-Type: application/json; charset=utf-8
cache-control: no-cache

10:51:59.362 [AsyncHttpClient-1-3] DEBUG org.asynchttpclient.netty.channel.ChannelManager - Adding key: http://localhost:14650 for channel [id: 0x1a9667f1, L:/127.0.0.1:64451 - R:localhost/127.0.0.1:14650]
10:51:59.364 [Forwarding findChildElement on session 72f0944edfb847112d07e03154691d26 to remote] DEBUG org.asynchttpclient.netty.request.NettyRequestSender - Using pooled Channel '[id: 0x1a9667f1, L:/127.0.0.1:64451 - R:localhost/127.0.0.1:14650]' for 'POST' to 'http://localhost:14650/session/72f0944edfb847112d07e03154691d26/element/01ac4618-647f-4337-b9ae-1167661d376f/element'
10:51:59.364 [Forwarding findChildElement on session 72f0944edfb847112d07e03154691d26 to remote] DEBUG org.asynchttpclient.netty.request.NettyRequestSender - Using open Channel [id: 0x1a9667f1, L:/127.0.0.1:64451 - R:localhost/127.0.0.1:14650] for POST '/session/72f0944edfb847112d07e03154691d26/element/01ac4618-647f-4337-b9ae-1167661d376f/element'
10:51:59.394 [AsyncHttpClient-1-3] DEBUG org.asynchttpclient.netty.handler.HttpHandler - 

Request DefaultHttpRequest(decodeResult: success, version: HTTP/1.1)
POST /session/72f0944edfb847112d07e03154691d26/element/01ac4618-647f-4337-b9ae-1167661d376f/element HTTP/1.1
User-Agent: selenium/4.5.3 (java mac)
Content-Length: 106
Content-Type: application/json; charset=utf-8
host: localhost:14650
accept: */*

Response DefaultHttpResponse(decodeResult: success, version: HTTP/1.1)
HTTP/1.1 200 OK
Content-Length: 88
Content-Type: application/json; charset=utf-8
cache-control: no-cache

10:51:59.395 [AsyncHttpClient-1-3] DEBUG org.asynchttpclient.netty.channel.ChannelManager - Adding key: http://localhost:14650 for channel [id: 0x1a9667f1, L:/127.0.0.1:64451 - R:localhost/127.0.0.1:14650]
10:51:59.398 [Forwarding getElementText on session 72f0944edfb847112d07e03154691d26 to remote] DEBUG org.asynchttpclient.netty.request.NettyRequestSender - Using pooled Channel '[id: 0x1a9667f1, L:/127.0.0.1:64451 - R:localhost/127.0.0.1:14650]' for 'GET' to 'http://localhost:14650/session/72f0944edfb847112d07e03154691d26/element/5b74f8a6-dd23-485c-95f5-d5f6ee184408/text'
10:51:59.398 [Forwarding getElementText on session 72f0944edfb847112d07e03154691d26 to remote] DEBUG org.asynchttpclient.netty.request.NettyRequestSender - Using open Channel [id: 0x1a9667f1, L:/127.0.0.1:64451 - R:localhost/127.0.0.1:14650] for GET '/session/72f0944edfb847112d07e03154691d26/element/5b74f8a6-dd23-485c-95f5-d5f6ee184408/text'
10:51:59.783 [AsyncHttpClient-1-3] DEBUG org.asynchttpclient.netty.handler.HttpHandler - 

Request DefaultFullHttpRequest(decodeResult: success, version: HTTP/1.1, content: EmptyByteBufBE)
GET /session/72f0944edfb847112d07e03154691d26/element/5b74f8a6-dd23-485c-95f5-d5f6ee184408/text HTTP/1.1
User-Agent: selenium/4.5.3 (java mac)
Cache-Control: no-cache
Content-Type: application/json; charset=utf-8
host: localhost:14650
accept: */*

Response DefaultHttpResponse(decodeResult: success, version: HTTP/1.1)
HTTP/1.1 200 OK
Content-Length: 19
Content-Type: application/json; charset=utf-8
cache-control: no-cache

10:51:59.783 [AsyncHttpClient-1-3] DEBUG org.asynchttpclient.netty.channel.ChannelManager - Adding key: http://localhost:14650 for channel [id: 0x1a9667f1, L:/127.0.0.1:64451 - R:localhost/127.0.0.1:14650]
10:51:59.785 [Forwarding findChildElement on session 72f0944edfb847112d07e03154691d26 to remote] DEBUG org.asynchttpclient.netty.request.NettyRequestSender - Using pooled Channel '[id: 0x1a9667f1, L:/127.0.0.1:64451 - R:localhost/127.0.0.1:14650]' for 'POST' to 'http://localhost:14650/session/72f0944edfb847112d07e03154691d26/element/9fb55bac-2e12-4902-92c5-4f31a82149c4/element'
10:51:59.785 [Forwarding findChildElement on session 72f0944edfb847112d07e03154691d26 to remote] DEBUG org.asynchttpclient.netty.request.NettyRequestSender - Using open Channel [id: 0x1a9667f1, L:/127.0.0.1:64451 - R:localhost/127.0.0.1:14650] for POST '/session/72f0944edfb847112d07e03154691d26/element/9fb55bac-2e12-4902-92c5-4f31a82149c4/element'
10:51:59.837 [AsyncHttpClient-1-3] DEBUG org.asynchttpclient.netty.handler.HttpHandler - 

Request DefaultHttpRequest(decodeResult: success, version: HTTP/1.1)
POST /session/72f0944edfb847112d07e03154691d26/element/9fb55bac-2e12-4902-92c5-4f31a82149c4/element HTTP/1.1
User-Agent: selenium/4.5.3 (java mac)
Content-Length: 106
Content-Type: application/json; charset=utf-8
host: localhost:14650
accept: */*

Response DefaultHttpResponse(decodeResult: success, version: HTTP/1.1)
HTTP/1.1 200 OK
Content-Length: 88
Content-Type: application/json; charset=utf-8
cache-control: no-cache

10:51:59.838 [AsyncHttpClient-1-3] DEBUG org.asynchttpclient.netty.channel.ChannelManager - Adding key: http://localhost:14650 for channel [id: 0x1a9667f1, L:/127.0.0.1:64451 - R:localhost/127.0.0.1:14650]
10:51:59.843 [Forwarding getElementText on session 72f0944edfb847112d07e03154691d26 to remote] DEBUG org.asynchttpclient.netty.request.NettyRequestSender - Using pooled Channel '[id: 0x1a9667f1, L:/127.0.0.1:64451 - R:localhost/127.0.0.1:14650]' for 'GET' to 'http://localhost:14650/session/72f0944edfb847112d07e03154691d26/element/23a18943-9689-432e-83fb-fe68354c2202/text'
10:51:59.844 [Forwarding getElementText on session 72f0944edfb847112d07e03154691d26 to remote] DEBUG org.asynchttpclient.netty.request.NettyRequestSender - Using open Channel [id: 0x1a9667f1, L:/127.0.0.1:64451 - R:localhost/127.0.0.1:14650] for GET '/session/72f0944edfb847112d07e03154691d26/element/23a18943-9689-432e-83fb-fe68354c2202/text'
10:51:59.990 [AsyncHttpClient-1-3] DEBUG org.asynchttpclient.netty.handler.HttpHandler - 

Request DefaultFullHttpRequest(decodeResult: success, version: HTTP/1.1, content: EmptyByteBufBE)
GET /session/72f0944edfb847112d07e03154691d26/element/23a18943-9689-432e-83fb-fe68354c2202/text HTTP/1.1
User-Agent: selenium/4.5.3 (java mac)
Cache-Control: no-cache
Content-Type: application/json; charset=utf-8
host: localhost:14650
accept: */*

Response DefaultHttpResponse(decodeResult: success, version: HTTP/1.1)
HTTP/1.1 200 OK
Content-Length: 80
Content-Type: application/json; charset=utf-8
cache-control: no-cache

10:51:59.990 [AsyncHttpClient-1-3] DEBUG org.asynchttpclient.netty.channel.ChannelManager - Adding key: http://localhost:14650 for channel [id: 0x1a9667f1, L:/127.0.0.1:64451 - R:localhost/127.0.0.1:14650]
10:51:59.994 [Forwarding findChildElement on session 72f0944edfb847112d07e03154691d26 to remote] DEBUG org.asynchttpclient.netty.request.NettyRequestSender - Using pooled Channel '[id: 0x1a9667f1, L:/127.0.0.1:64451 - R:localhost/127.0.0.1:14650]' for 'POST' to 'http://localhost:14650/session/72f0944edfb847112d07e03154691d26/element/9fb55bac-2e12-4902-92c5-4f31a82149c4/element'
10:51:59.994 [Forwarding findChildElement on session 72f0944edfb847112d07e03154691d26 to remote] DEBUG org.asynchttpclient.netty.request.NettyRequestSender - Using open Channel [id: 0x1a9667f1, L:/127.0.0.1:64451 - R:localhost/127.0.0.1:14650] for POST '/session/72f0944edfb847112d07e03154691d26/element/9fb55bac-2e12-4902-92c5-4f31a82149c4/element'
10:52:00.029 [AsyncHttpClient-1-3] DEBUG org.asynchttpclient.netty.handler.HttpHandler - 

Request DefaultHttpRequest(decodeResult: success, version: HTTP/1.1)
POST /session/72f0944edfb847112d07e03154691d26/element/9fb55bac-2e12-4902-92c5-4f31a82149c4/element HTTP/1.1
User-Agent: selenium/4.5.3 (java mac)
Content-Length: 106
Content-Type: application/json; charset=utf-8
host: localhost:14650
accept: */*

Response DefaultHttpResponse(decodeResult: success, version: HTTP/1.1)
HTTP/1.1 200 OK
Content-Length: 88
Content-Type: application/json; charset=utf-8
cache-control: no-cache

10:52:00.030 [AsyncHttpClient-1-3] DEBUG org.asynchttpclient.netty.channel.ChannelManager - Adding key: http://localhost:14650 for channel [id: 0x1a9667f1, L:/127.0.0.1:64451 - R:localhost/127.0.0.1:14650]
10:52:00.031 [Forwarding getElementText on session 72f0944edfb847112d07e03154691d26 to remote] DEBUG org.asynchttpclient.netty.request.NettyRequestSender - Using pooled Channel '[id: 0x1a9667f1, L:/127.0.0.1:64451 - R:localhost/127.0.0.1:14650]' for 'GET' to 'http://localhost:14650/session/72f0944edfb847112d07e03154691d26/element/6ab33135-fd66-481f-b356-d3365101d41e/text'
10:52:00.031 [Forwarding getElementText on session 72f0944edfb847112d07e03154691d26 to remote] DEBUG org.asynchttpclient.netty.request.NettyRequestSender - Using open Channel [id: 0x1a9667f1, L:/127.0.0.1:64451 - R:localhost/127.0.0.1:14650] for GET '/session/72f0944edfb847112d07e03154691d26/element/6ab33135-fd66-481f-b356-d3365101d41e/text'
10:52:00.061 [AsyncHttpClient-1-3] DEBUG org.asynchttpclient.netty.handler.HttpHandler - 

Request DefaultFullHttpRequest(decodeResult: success, version: HTTP/1.1, content: EmptyByteBufBE)
GET /session/72f0944edfb847112d07e03154691d26/element/6ab33135-fd66-481f-b356-d3365101d41e/text HTTP/1.1
User-Agent: selenium/4.5.3 (java mac)
Cache-Control: no-cache
Content-Type: application/json; charset=utf-8
host: localhost:14650
accept: */*

Response DefaultHttpResponse(decodeResult: success, version: HTTP/1.1)
HTTP/1.1 200 OK
Content-Length: 19
Content-Type: application/json; charset=utf-8
cache-control: no-cache

10:52:00.062 [AsyncHttpClient-1-3] DEBUG org.asynchttpclient.netty.channel.ChannelManager - Adding key: http://localhost:14650 for channel [id: 0x1a9667f1, L:/127.0.0.1:64451 - R:localhost/127.0.0.1:14650]
10:52:00.065 [Forwarding findChildElement on session 72f0944edfb847112d07e03154691d26 to remote] DEBUG org.asynchttpclient.netty.request.NettyRequestSender - Using pooled Channel '[id: 0x1a9667f1, L:/127.0.0.1:64451 - R:localhost/127.0.0.1:14650]' for 'POST' to 'http://localhost:14650/session/72f0944edfb847112d07e03154691d26/element/4a0b4aed-2346-4c62-99fa-471cf14d1617/element'
10:52:00.065 [Forwarding findChildElement on session 72f0944edfb847112d07e03154691d26 to remote] DEBUG org.asynchttpclient.netty.request.NettyRequestSender - Using open Channel [id: 0x1a9667f1, L:/127.0.0.1:64451 - R:localhost/127.0.0.1:14650] for POST '/session/72f0944edfb847112d07e03154691d26/element/4a0b4aed-2346-4c62-99fa-471cf14d1617/element'
10:52:00.079 [AsyncHttpClient-1-3] DEBUG org.asynchttpclient.netty.handler.HttpHandler - 

Request DefaultHttpRequest(decodeResult: success, version: HTTP/1.1)
POST /session/72f0944edfb847112d07e03154691d26/element/4a0b4aed-2346-4c62-99fa-471cf14d1617/element HTTP/1.1
User-Agent: selenium/4.5.3 (java mac)
Content-Length: 106
Content-Type: application/json; charset=utf-8
host: localhost:14650
accept: */*

Response DefaultHttpResponse(decodeResult: success, version: HTTP/1.1)
HTTP/1.1 200 OK
Content-Length: 88
Content-Type: application/json; charset=utf-8
cache-control: no-cache

10:52:00.080 [AsyncHttpClient-1-3] DEBUG org.asynchttpclient.netty.channel.ChannelManager - Adding key: http://localhost:14650 for channel [id: 0x1a9667f1, L:/127.0.0.1:64451 - R:localhost/127.0.0.1:14650]
10:52:00.085 [Forwarding getElementText on session 72f0944edfb847112d07e03154691d26 to remote] DEBUG org.asynchttpclient.netty.request.NettyRequestSender - Using pooled Channel '[id: 0x1a9667f1, L:/127.0.0.1:64451 - R:localhost/127.0.0.1:14650]' for 'GET' to 'http://localhost:14650/session/72f0944edfb847112d07e03154691d26/element/b24ce726-b173-408c-8750-4c2444c662f5/text'
10:52:00.085 [Forwarding getElementText on session 72f0944edfb847112d07e03154691d26 to remote] DEBUG org.asynchttpclient.netty.request.NettyRequestSender - Using open Channel [id: 0x1a9667f1, L:/127.0.0.1:64451 - R:localhost/127.0.0.1:14650] for GET '/session/72f0944edfb847112d07e03154691d26/element/b24ce726-b173-408c-8750-4c2444c662f5/text'
10:52:00.613 [AsyncHttpClient-1-3] DEBUG org.asynchttpclient.netty.handler.HttpHandler - 

Request DefaultFullHttpRequest(decodeResult: success, version: HTTP/1.1, content: EmptyByteBufBE)
GET /session/72f0944edfb847112d07e03154691d26/element/b24ce726-b173-408c-8750-4c2444c662f5/text HTTP/1.1
User-Agent: selenium/4.5.3 (java mac)
Cache-Control: no-cache
Content-Type: application/json; charset=utf-8
host: localhost:14650
accept: */*

Response DefaultHttpResponse(decodeResult: success, version: HTTP/1.1)
HTTP/1.1 200 OK
Content-Length: 83
Content-Type: application/json; charset=utf-8
cache-control: no-cache

10:52:00.615 [AsyncHttpClient-1-3] DEBUG org.asynchttpclient.netty.channel.ChannelManager - Adding key: http://localhost:14650 for channel [id: 0x1a9667f1, L:/127.0.0.1:64451 - R:localhost/127.0.0.1:14650]
10:52:00.617 [Forwarding findChildElement on session 72f0944edfb847112d07e03154691d26 to remote] DEBUG org.asynchttpclient.netty.request.NettyRequestSender - Using pooled Channel '[id: 0x1a9667f1, L:/127.0.0.1:64451 - R:localhost/127.0.0.1:14650]' for 'POST' to 'http://localhost:14650/session/72f0944edfb847112d07e03154691d26/element/4a0b4aed-2346-4c62-99fa-471cf14d1617/element'
10:52:00.617 [Forwarding findChildElement on session 72f0944edfb847112d07e03154691d26 to remote] DEBUG org.asynchttpclient.netty.request.NettyRequestSender - Using open Channel [id: 0x1a9667f1, L:/127.0.0.1:64451 - R:localhost/127.0.0.1:14650] for POST '/session/72f0944edfb847112d07e03154691d26/element/4a0b4aed-2346-4c62-99fa-471cf14d1617/element'
10:52:00.628 [AsyncHttpClient-1-3] DEBUG org.asynchttpclient.netty.handler.HttpHandler - 

Request DefaultHttpRequest(decodeResult: success, version: HTTP/1.1)
POST /session/72f0944edfb847112d07e03154691d26/element/4a0b4aed-2346-4c62-99fa-471cf14d1617/element HTTP/1.1
User-Agent: selenium/4.5.3 (java mac)
Content-Length: 106
Content-Type: application/json; charset=utf-8
host: localhost:14650
accept: */*

Response DefaultHttpResponse(decodeResult: success, version: HTTP/1.1)
HTTP/1.1 200 OK
Content-Length: 88
Content-Type: application/json; charset=utf-8
cache-control: no-cache

10:52:00.629 [AsyncHttpClient-1-3] DEBUG org.asynchttpclient.netty.channel.ChannelManager - Adding key: http://localhost:14650 for channel [id: 0x1a9667f1, L:/127.0.0.1:64451 - R:localhost/127.0.0.1:14650]
10:52:00.631 [Forwarding getElementText on session 72f0944edfb847112d07e03154691d26 to remote] DEBUG org.asynchttpclient.netty.request.NettyRequestSender - Using pooled Channel '[id: 0x1a9667f1, L:/127.0.0.1:64451 - R:localhost/127.0.0.1:14650]' for 'GET' to 'http://localhost:14650/session/72f0944edfb847112d07e03154691d26/element/dbd57549-315a-4f15-b1ed-e6953c6bc905/text'
10:52:00.631 [Forwarding getElementText on session 72f0944edfb847112d07e03154691d26 to remote] DEBUG org.asynchttpclient.netty.request.NettyRequestSender - Using open Channel [id: 0x1a9667f1, L:/127.0.0.1:64451 - R:localhost/127.0.0.1:14650] for GET '/session/72f0944edfb847112d07e03154691d26/element/dbd57549-315a-4f15-b1ed-e6953c6bc905/text'
10:52:00.644 [AsyncHttpClient-1-3] DEBUG org.asynchttpclient.netty.handler.HttpHandler - 

Request DefaultFullHttpRequest(decodeResult: success, version: HTTP/1.1, content: EmptyByteBufBE)
GET /session/72f0944edfb847112d07e03154691d26/element/dbd57549-315a-4f15-b1ed-e6953c6bc905/text HTTP/1.1
User-Agent: selenium/4.5.3 (java mac)
Cache-Control: no-cache
Content-Type: application/json; charset=utf-8
host: localhost:14650
accept: */*

Response DefaultHttpResponse(decodeResult: success, version: HTTP/1.1)
HTTP/1.1 200 OK
Content-Length: 19
Content-Type: application/json; charset=utf-8
cache-control: no-cache

10:52:00.644 [AsyncHttpClient-1-3] DEBUG org.asynchttpclient.netty.channel.ChannelManager - Adding key: http://localhost:14650 for channel [id: 0x1a9667f1, L:/127.0.0.1:64451 - R:localhost/127.0.0.1:14650]
10:52:00.645 [Forwarding findChildElement on session 72f0944edfb847112d07e03154691d26 to remote] DEBUG org.asynchttpclient.netty.request.NettyRequestSender - Using pooled Channel '[id: 0x1a9667f1, L:/127.0.0.1:64451 - R:localhost/127.0.0.1:14650]' for 'POST' to 'http://localhost:14650/session/72f0944edfb847112d07e03154691d26/element/28c0f4f5-ecd6-4244-94d8-59fa9d701004/element'
10:52:00.646 [Forwarding findChildElement on session 72f0944edfb847112d07e03154691d26 to remote] DEBUG org.asynchttpclient.netty.request.NettyRequestSender - Using open Channel [id: 0x1a9667f1, L:/127.0.0.1:64451 - R:localhost/127.0.0.1:14650] for POST '/session/72f0944edfb847112d07e03154691d26/element/28c0f4f5-ecd6-4244-94d8-59fa9d701004/element'
10:52:00.667 [AsyncHttpClient-1-3] DEBUG org.asynchttpclient.netty.handler.HttpHandler - 

Request DefaultHttpRequest(decodeResult: success, version: HTTP/1.1)
POST /session/72f0944edfb847112d07e03154691d26/element/28c0f4f5-ecd6-4244-94d8-59fa9d701004/element HTTP/1.1
User-Agent: selenium/4.5.3 (java mac)
Content-Length: 106
Content-Type: application/json; charset=utf-8
host: localhost:14650
accept: */*

Response DefaultHttpResponse(decodeResult: success, version: HTTP/1.1)
HTTP/1.1 200 OK
Content-Length: 88
Content-Type: application/json; charset=utf-8
cache-control: no-cache

10:52:00.667 [AsyncHttpClient-1-3] DEBUG org.asynchttpclient.netty.channel.ChannelManager - Adding key: http://localhost:14650 for channel [id: 0x1a9667f1, L:/127.0.0.1:64451 - R:localhost/127.0.0.1:14650]
10:52:00.668 [Forwarding getElementText on session 72f0944edfb847112d07e03154691d26 to remote] DEBUG org.asynchttpclient.netty.request.NettyRequestSender - Using pooled Channel '[id: 0x1a9667f1, L:/127.0.0.1:64451 - R:localhost/127.0.0.1:14650]' for 'GET' to 'http://localhost:14650/session/72f0944edfb847112d07e03154691d26/element/de5521a7-4314-4331-96ee-c247b62e9551/text'
10:52:00.668 [Forwarding getElementText on session 72f0944edfb847112d07e03154691d26 to remote] DEBUG org.asynchttpclient.netty.request.NettyRequestSender - Using open Channel [id: 0x1a9667f1, L:/127.0.0.1:64451 - R:localhost/127.0.0.1:14650] for GET '/session/72f0944edfb847112d07e03154691d26/element/de5521a7-4314-4331-96ee-c247b62e9551/text'
10:52:00.710 [AsyncHttpClient-1-3] DEBUG org.asynchttpclient.netty.handler.HttpHandler - 

Request DefaultFullHttpRequest(decodeResult: success, version: HTTP/1.1, content: EmptyByteBufBE)
GET /session/72f0944edfb847112d07e03154691d26/element/de5521a7-4314-4331-96ee-c247b62e9551/text HTTP/1.1
User-Agent: selenium/4.5.3 (java mac)
Cache-Control: no-cache
Content-Type: application/json; charset=utf-8
host: localhost:14650
accept: */*

Response DefaultHttpResponse(decodeResult: success, version: HTTP/1.1)
HTTP/1.1 200 OK
Content-Length: 88
Content-Type: application/json; charset=utf-8
cache-control: no-cache

10:52:00.711 [AsyncHttpClient-1-3] DEBUG org.asynchttpclient.netty.channel.ChannelManager - Adding key: http://localhost:14650 for channel [id: 0x1a9667f1, L:/127.0.0.1:64451 - R:localhost/127.0.0.1:14650]
10:52:00.712 [Forwarding findChildElement on session 72f0944edfb847112d07e03154691d26 to remote] DEBUG org.asynchttpclient.netty.request.NettyRequestSender - Using pooled Channel '[id: 0x1a9667f1, L:/127.0.0.1:64451 - R:localhost/127.0.0.1:14650]' for 'POST' to 'http://localhost:14650/session/72f0944edfb847112d07e03154691d26/element/28c0f4f5-ecd6-4244-94d8-59fa9d701004/element'
10:52:00.712 [Forwarding findChildElement on session 72f0944edfb847112d07e03154691d26 to remote] DEBUG org.asynchttpclient.netty.request.NettyRequestSender - Using open Channel [id: 0x1a9667f1, L:/127.0.0.1:64451 - R:localhost/127.0.0.1:14650] for POST '/session/72f0944edfb847112d07e03154691d26/element/28c0f4f5-ecd6-4244-94d8-59fa9d701004/element'
10:52:01.352 [AsyncHttpClient-1-3] DEBUG org.asynchttpclient.netty.handler.HttpHandler - 

Request DefaultHttpRequest(decodeResult: success, version: HTTP/1.1)
POST /session/72f0944edfb847112d07e03154691d26/element/28c0f4f5-ecd6-4244-94d8-59fa9d701004/element HTTP/1.1
User-Agent: selenium/4.5.3 (java mac)
Content-Length: 106
Content-Type: application/json; charset=utf-8
host: localhost:14650
accept: */*

Response DefaultHttpResponse(decodeResult: success, version: HTTP/1.1)
HTTP/1.1 200 OK
Content-Length: 88
Content-Type: application/json; charset=utf-8
cache-control: no-cache

10:52:01.352 [AsyncHttpClient-1-3] DEBUG org.asynchttpclient.netty.channel.ChannelManager - Adding key: http://localhost:14650 for channel [id: 0x1a9667f1, L:/127.0.0.1:64451 - R:localhost/127.0.0.1:14650]
10:52:01.353 [Forwarding getElementText on session 72f0944edfb847112d07e03154691d26 to remote] DEBUG org.asynchttpclient.netty.request.NettyRequestSender - Using pooled Channel '[id: 0x1a9667f1, L:/127.0.0.1:64451 - R:localhost/127.0.0.1:14650]' for 'GET' to 'http://localhost:14650/session/72f0944edfb847112d07e03154691d26/element/704de1c9-6a48-4184-b123-55f9ad9ec6a0/text'
10:52:01.353 [Forwarding getElementText on session 72f0944edfb847112d07e03154691d26 to remote] DEBUG org.asynchttpclient.netty.request.NettyRequestSender - Using open Channel [id: 0x1a9667f1, L:/127.0.0.1:64451 - R:localhost/127.0.0.1:14650] for GET '/session/72f0944edfb847112d07e03154691d26/element/704de1c9-6a48-4184-b123-55f9ad9ec6a0/text'
10:52:01.378 [AsyncHttpClient-1-3] DEBUG org.asynchttpclient.netty.handler.HttpHandler - 

Request DefaultFullHttpRequest(decodeResult: success, version: HTTP/1.1, content: EmptyByteBufBE)
GET /session/72f0944edfb847112d07e03154691d26/element/704de1c9-6a48-4184-b123-55f9ad9ec6a0/text HTTP/1.1
User-Agent: selenium/4.5.3 (java mac)
Cache-Control: no-cache
Content-Type: application/json; charset=utf-8
host: localhost:14650
accept: */*

Response DefaultHttpResponse(decodeResult: success, version: HTTP/1.1)
HTTP/1.1 200 OK
Content-Length: 30
Content-Type: application/json; charset=utf-8
cache-control: no-cache

10:52:01.378 [AsyncHttpClient-1-3] DEBUG org.asynchttpclient.netty.channel.ChannelManager - Adding key: http://localhost:14650 for channel [id: 0x1a9667f1, L:/127.0.0.1:64451 - R:localhost/127.0.0.1:14650]
10:52:01.379 [Forwarding findChildElement on session 72f0944edfb847112d07e03154691d26 to remote] DEBUG org.asynchttpclient.netty.request.NettyRequestSender - Using pooled Channel '[id: 0x1a9667f1, L:/127.0.0.1:64451 - R:localhost/127.0.0.1:14650]' for 'POST' to 'http://localhost:14650/session/72f0944edfb847112d07e03154691d26/element/351c0258-0920-4ac3-9ae5-01e479644ec7/element'
10:52:01.379 [Forwarding findChildElement on session 72f0944edfb847112d07e03154691d26 to remote] DEBUG org.asynchttpclient.netty.request.NettyRequestSender - Using open Channel [id: 0x1a9667f1, L:/127.0.0.1:64451 - R:localhost/127.0.0.1:14650] for POST '/session/72f0944edfb847112d07e03154691d26/element/351c0258-0920-4ac3-9ae5-01e479644ec7/element'
10:52:01.403 [AsyncHttpClient-1-3] DEBUG org.asynchttpclient.netty.handler.HttpHandler - 

Request DefaultHttpRequest(decodeResult: success, version: HTTP/1.1)
POST /session/72f0944edfb847112d07e03154691d26/element/351c0258-0920-4ac3-9ae5-01e479644ec7/element HTTP/1.1
User-Agent: selenium/4.5.3 (java mac)
Content-Length: 106
Content-Type: application/json; charset=utf-8
host: localhost:14650
accept: */*

Response DefaultHttpResponse(decodeResult: success, version: HTTP/1.1)
HTTP/1.1 200 OK
Content-Length: 88
Content-Type: application/json; charset=utf-8
cache-control: no-cache

10:52:01.404 [AsyncHttpClient-1-3] DEBUG org.asynchttpclient.netty.channel.ChannelManager - Adding key: http://localhost:14650 for channel [id: 0x1a9667f1, L:/127.0.0.1:64451 - R:localhost/127.0.0.1:14650]
10:52:01.407 [Forwarding getElementText on session 72f0944edfb847112d07e03154691d26 to remote] DEBUG org.asynchttpclient.netty.request.NettyRequestSender - Using pooled Channel '[id: 0x1a9667f1, L:/127.0.0.1:64451 - R:localhost/127.0.0.1:14650]' for 'GET' to 'http://localhost:14650/session/72f0944edfb847112d07e03154691d26/element/64e876ad-d59d-4278-8c15-3456c941f4c1/text'
10:52:01.407 [Forwarding getElementText on session 72f0944edfb847112d07e03154691d26 to remote] DEBUG org.asynchttpclient.netty.request.NettyRequestSender - Using open Channel [id: 0x1a9667f1, L:/127.0.0.1:64451 - R:localhost/127.0.0.1:14650] for GET '/session/72f0944edfb847112d07e03154691d26/element/64e876ad-d59d-4278-8c15-3456c941f4c1/text'
10:52:01.874 [AsyncHttpClient-1-3] DEBUG org.asynchttpclient.netty.handler.HttpHandler - 

Request DefaultFullHttpRequest(decodeResult: success, version: HTTP/1.1, content: EmptyByteBufBE)
GET /session/72f0944edfb847112d07e03154691d26/element/64e876ad-d59d-4278-8c15-3456c941f4c1/text HTTP/1.1
User-Agent: selenium/4.5.3 (java mac)
Cache-Control: no-cache
Content-Type: application/json; charset=utf-8
host: localhost:14650
accept: */*

Response DefaultHttpResponse(decodeResult: success, version: HTTP/1.1)
HTTP/1.1 200 OK
Content-Length: 80
Content-Type: application/json; charset=utf-8
cache-control: no-cache

10:52:01.874 [AsyncHttpClient-1-3] DEBUG org.asynchttpclient.netty.channel.ChannelManager - Adding key: http://localhost:14650 for channel [id: 0x1a9667f1, L:/127.0.0.1:64451 - R:localhost/127.0.0.1:14650]
10:52:01.876 [Forwarding findChildElement on session 72f0944edfb847112d07e03154691d26 to remote] DEBUG org.asynchttpclient.netty.request.NettyRequestSender - Using pooled Channel '[id: 0x1a9667f1, L:/127.0.0.1:64451 - R:localhost/127.0.0.1:14650]' for 'POST' to 'http://localhost:14650/session/72f0944edfb847112d07e03154691d26/element/351c0258-0920-4ac3-9ae5-01e479644ec7/element'
10:52:01.876 [Forwarding findChildElement on session 72f0944edfb847112d07e03154691d26 to remote] DEBUG org.asynchttpclient.netty.request.NettyRequestSender - Using open Channel [id: 0x1a9667f1, L:/127.0.0.1:64451 - R:localhost/127.0.0.1:14650] for POST '/session/72f0944edfb847112d07e03154691d26/element/351c0258-0920-4ac3-9ae5-01e479644ec7/element'
10:52:01.919 [AsyncHttpClient-1-3] DEBUG org.asynchttpclient.netty.handler.HttpHandler - 

Request DefaultHttpRequest(decodeResult: success, version: HTTP/1.1)
POST /session/72f0944edfb847112d07e03154691d26/element/351c0258-0920-4ac3-9ae5-01e479644ec7/element HTTP/1.1
User-Agent: selenium/4.5.3 (java mac)
Content-Length: 106
Content-Type: application/json; charset=utf-8
host: localhost:14650
accept: */*

Response DefaultHttpResponse(decodeResult: success, version: HTTP/1.1)
HTTP/1.1 200 OK
Content-Length: 88
Content-Type: application/json; charset=utf-8
cache-control: no-cache

10:52:01.919 [AsyncHttpClient-1-3] DEBUG org.asynchttpclient.netty.channel.ChannelManager - Adding key: http://localhost:14650 for channel [id: 0x1a9667f1, L:/127.0.0.1:64451 - R:localhost/127.0.0.1:14650]
10:52:01.920 [Forwarding getElementText on session 72f0944edfb847112d07e03154691d26 to remote] DEBUG org.asynchttpclient.netty.request.NettyRequestSender - Using pooled Channel '[id: 0x1a9667f1, L:/127.0.0.1:64451 - R:localhost/127.0.0.1:14650]' for 'GET' to 'http://localhost:14650/session/72f0944edfb847112d07e03154691d26/element/36f06be2-1e28-4f7b-a018-707a2599306f/text'
10:52:01.920 [Forwarding getElementText on session 72f0944edfb847112d07e03154691d26 to remote] DEBUG org.asynchttpclient.netty.request.NettyRequestSender - Using open Channel [id: 0x1a9667f1, L:/127.0.0.1:64451 - R:localhost/127.0.0.1:14650] for GET '/session/72f0944edfb847112d07e03154691d26/element/36f06be2-1e28-4f7b-a018-707a2599306f/text'
10:52:01.952 [AsyncHttpClient-1-3] DEBUG org.asynchttpclient.netty.handler.HttpHandler - 

Request DefaultFullHttpRequest(decodeResult: success, version: HTTP/1.1, content: EmptyByteBufBE)
GET /session/72f0944edfb847112d07e03154691d26/element/36f06be2-1e28-4f7b-a018-707a2599306f/text HTTP/1.1
User-Agent: selenium/4.5.3 (java mac)
Cache-Control: no-cache
Content-Type: application/json; charset=utf-8
host: localhost:14650
accept: */*

Response DefaultHttpResponse(decodeResult: success, version: HTTP/1.1)
HTTP/1.1 200 OK
Content-Length: 30
Content-Type: application/json; charset=utf-8
cache-control: no-cache

10:52:01.952 [AsyncHttpClient-1-3] DEBUG org.asynchttpclient.netty.channel.ChannelManager - Adding key: http://localhost:14650 for channel [id: 0x1a9667f1, L:/127.0.0.1:64451 - R:localhost/127.0.0.1:14650]
10:52:01.955 [Forwarding findChildElement on session 72f0944edfb847112d07e03154691d26 to remote] DEBUG org.asynchttpclient.netty.request.NettyRequestSender - Using pooled Channel '[id: 0x1a9667f1, L:/127.0.0.1:64451 - R:localhost/127.0.0.1:14650]' for 'POST' to 'http://localhost:14650/session/72f0944edfb847112d07e03154691d26/element/f27a184d-e774-44b0-a650-5a1b6b3a7e38/element'
10:52:01.955 [Forwarding findChildElement on session 72f0944edfb847112d07e03154691d26 to remote] DEBUG org.asynchttpclient.netty.request.NettyRequestSender - Using open Channel [id: 0x1a9667f1, L:/127.0.0.1:64451 - R:localhost/127.0.0.1:14650] for POST '/session/72f0944edfb847112d07e03154691d26/element/f27a184d-e774-44b0-a650-5a1b6b3a7e38/element'
10:52:02.351 [AsyncHttpClient-1-3] DEBUG org.asynchttpclient.netty.handler.HttpHandler - 

Request DefaultHttpRequest(decodeResult: success, version: HTTP/1.1)
POST /session/72f0944edfb847112d07e03154691d26/element/f27a184d-e774-44b0-a650-5a1b6b3a7e38/element HTTP/1.1
User-Agent: selenium/4.5.3 (java mac)
Content-Length: 106
Content-Type: application/json; charset=utf-8
host: localhost:14650
accept: */*

Response DefaultHttpResponse(decodeResult: success, version: HTTP/1.1)
HTTP/1.1 200 OK
Content-Length: 88
Content-Type: application/json; charset=utf-8
cache-control: no-cache

10:52:02.351 [AsyncHttpClient-1-3] DEBUG org.asynchttpclient.netty.channel.ChannelManager - Adding key: http://localhost:14650 for channel [id: 0x1a9667f1, L:/127.0.0.1:64451 - R:localhost/127.0.0.1:14650]
10:52:02.353 [Forwarding getElementText on session 72f0944edfb847112d07e03154691d26 to remote] DEBUG org.asynchttpclient.netty.request.NettyRequestSender - Using pooled Channel '[id: 0x1a9667f1, L:/127.0.0.1:64451 - R:localhost/127.0.0.1:14650]' for 'GET' to 'http://localhost:14650/session/72f0944edfb847112d07e03154691d26/element/f6e72179-89d0-49cc-ae7b-d983c38c2f10/text'
10:52:02.353 [Forwarding getElementText on session 72f0944edfb847112d07e03154691d26 to remote] DEBUG org.asynchttpclient.netty.request.NettyRequestSender - Using open Channel [id: 0x1a9667f1, L:/127.0.0.1:64451 - R:localhost/127.0.0.1:14650] for GET '/session/72f0944edfb847112d07e03154691d26/element/f6e72179-89d0-49cc-ae7b-d983c38c2f10/text'
10:52:02.391 [AsyncHttpClient-1-3] DEBUG org.asynchttpclient.netty.handler.HttpHandler - 

Request DefaultFullHttpRequest(decodeResult: success, version: HTTP/1.1, content: EmptyByteBufBE)
GET /session/72f0944edfb847112d07e03154691d26/element/f6e72179-89d0-49cc-ae7b-d983c38c2f10/text HTTP/1.1
User-Agent: selenium/4.5.3 (java mac)
Cache-Control: no-cache
Content-Type: application/json; charset=utf-8
host: localhost:14650
accept: */*

Response DefaultHttpResponse(decodeResult: success, version: HTTP/1.1)
HTTP/1.1 200 OK
Content-Length: 78
Content-Type: application/json; charset=utf-8
cache-control: no-cache

10:52:02.392 [AsyncHttpClient-1-3] DEBUG org.asynchttpclient.netty.channel.ChannelManager - Adding key: http://localhost:14650 for channel [id: 0x1a9667f1, L:/127.0.0.1:64451 - R:localhost/127.0.0.1:14650]
10:52:02.393 [Forwarding findChildElement on session 72f0944edfb847112d07e03154691d26 to remote] DEBUG org.asynchttpclient.netty.request.NettyRequestSender - Using pooled Channel '[id: 0x1a9667f1, L:/127.0.0.1:64451 - R:localhost/127.0.0.1:14650]' for 'POST' to 'http://localhost:14650/session/72f0944edfb847112d07e03154691d26/element/f27a184d-e774-44b0-a650-5a1b6b3a7e38/element'
10:52:02.393 [Forwarding findChildElement on session 72f0944edfb847112d07e03154691d26 to remote] DEBUG org.asynchttpclient.netty.request.NettyRequestSender - Using open Channel [id: 0x1a9667f1, L:/127.0.0.1:64451 - R:localhost/127.0.0.1:14650] for POST '/session/72f0944edfb847112d07e03154691d26/element/f27a184d-e774-44b0-a650-5a1b6b3a7e38/element'
10:52:02.406 [AsyncHttpClient-1-3] DEBUG org.asynchttpclient.netty.handler.HttpHandler - 

Request DefaultHttpRequest(decodeResult: success, version: HTTP/1.1)
POST /session/72f0944edfb847112d07e03154691d26/element/f27a184d-e774-44b0-a650-5a1b6b3a7e38/element HTTP/1.1
User-Agent: selenium/4.5.3 (java mac)
Content-Length: 106
Content-Type: application/json; charset=utf-8
host: localhost:14650
accept: */*

Response DefaultHttpResponse(decodeResult: success, version: HTTP/1.1)
HTTP/1.1 200 OK
Content-Length: 88
Content-Type: application/json; charset=utf-8
cache-control: no-cache

10:52:02.406 [AsyncHttpClient-1-3] DEBUG org.asynchttpclient.netty.channel.ChannelManager - Adding key: http://localhost:14650 for channel [id: 0x1a9667f1, L:/127.0.0.1:64451 - R:localhost/127.0.0.1:14650]
10:52:02.407 [Forwarding getElementText on session 72f0944edfb847112d07e03154691d26 to remote] DEBUG org.asynchttpclient.netty.request.NettyRequestSender - Using pooled Channel '[id: 0x1a9667f1, L:/127.0.0.1:64451 - R:localhost/127.0.0.1:14650]' for 'GET' to 'http://localhost:14650/session/72f0944edfb847112d07e03154691d26/element/f258cc1d-1987-4e16-99b2-adc77802be7b/text'
10:52:02.408 [Forwarding getElementText on session 72f0944edfb847112d07e03154691d26 to remote] DEBUG org.asynchttpclient.netty.request.NettyRequestSender - Using open Channel [id: 0x1a9667f1, L:/127.0.0.1:64451 - R:localhost/127.0.0.1:14650] for GET '/session/72f0944edfb847112d07e03154691d26/element/f258cc1d-1987-4e16-99b2-adc77802be7b/text'
10:52:02.449 [AsyncHttpClient-1-3] DEBUG org.asynchttpclient.netty.handler.HttpHandler - 

Request DefaultFullHttpRequest(decodeResult: success, version: HTTP/1.1, content: EmptyByteBufBE)
GET /session/72f0944edfb847112d07e03154691d26/element/f258cc1d-1987-4e16-99b2-adc77802be7b/text HTTP/1.1
User-Agent: selenium/4.5.3 (java mac)
Cache-Control: no-cache
Content-Type: application/json; charset=utf-8
host: localhost:14650
accept: */*

Response DefaultHttpResponse(decodeResult: success, version: HTTP/1.1)
HTTP/1.1 200 OK
Content-Length: 19
Content-Type: application/json; charset=utf-8
cache-control: no-cache

10:52:02.449 [AsyncHttpClient-1-3] DEBUG org.asynchttpclient.netty.channel.ChannelManager - Adding key: http://localhost:14650 for channel [id: 0x1a9667f1, L:/127.0.0.1:64451 - R:localhost/127.0.0.1:14650]
10:52:02.452 [Forwarding findChildElement on session 72f0944edfb847112d07e03154691d26 to remote] DEBUG org.asynchttpclient.netty.request.NettyRequestSender - Using pooled Channel '[id: 0x1a9667f1, L:/127.0.0.1:64451 - R:localhost/127.0.0.1:14650]' for 'POST' to 'http://localhost:14650/session/72f0944edfb847112d07e03154691d26/element/aa89a112-af85-4a2a-9178-c5b85aa77eba/element'
10:52:02.452 [Forwarding findChildElement on session 72f0944edfb847112d07e03154691d26 to remote] DEBUG org.asynchttpclient.netty.request.NettyRequestSender - Using open Channel [id: 0x1a9667f1, L:/127.0.0.1:64451 - R:localhost/127.0.0.1:14650] for POST '/session/72f0944edfb847112d07e03154691d26/element/aa89a112-af85-4a2a-9178-c5b85aa77eba/element'
10:52:02.965 [AsyncHttpClient-1-3] DEBUG org.asynchttpclient.netty.handler.HttpHandler - 

Request DefaultHttpRequest(decodeResult: success, version: HTTP/1.1)
POST /session/72f0944edfb847112d07e03154691d26/element/aa89a112-af85-4a2a-9178-c5b85aa77eba/element HTTP/1.1
User-Agent: selenium/4.5.3 (java mac)
Content-Length: 106
Content-Type: application/json; charset=utf-8
host: localhost:14650
accept: */*

Response DefaultHttpResponse(decodeResult: success, version: HTTP/1.1)
HTTP/1.1 200 OK
Content-Length: 88
Content-Type: application/json; charset=utf-8
cache-control: no-cache

10:52:02.965 [AsyncHttpClient-1-3] DEBUG org.asynchttpclient.netty.channel.ChannelManager - Adding key: http://localhost:14650 for channel [id: 0x1a9667f1, L:/127.0.0.1:64451 - R:localhost/127.0.0.1:14650]
10:52:02.969 [Forwarding getElementText on session 72f0944edfb847112d07e03154691d26 to remote] DEBUG org.asynchttpclient.netty.request.NettyRequestSender - Using pooled Channel '[id: 0x1a9667f1, L:/127.0.0.1:64451 - R:localhost/127.0.0.1:14650]' for 'GET' to 'http://localhost:14650/session/72f0944edfb847112d07e03154691d26/element/564cee16-4535-477c-a65e-ce4931c95bec/text'
10:52:02.969 [Forwarding getElementText on session 72f0944edfb847112d07e03154691d26 to remote] DEBUG org.asynchttpclient.netty.request.NettyRequestSender - Using open Channel [id: 0x1a9667f1, L:/127.0.0.1:64451 - R:localhost/127.0.0.1:14650] for GET '/session/72f0944edfb847112d07e03154691d26/element/564cee16-4535-477c-a65e-ce4931c95bec/text'
10:52:03.261 [AsyncHttpClient-1-3] DEBUG org.asynchttpclient.netty.handler.HttpHandler - 

Request DefaultFullHttpRequest(decodeResult: success, version: HTTP/1.1, content: EmptyByteBufBE)
GET /session/72f0944edfb847112d07e03154691d26/element/564cee16-4535-477c-a65e-ce4931c95bec/text HTTP/1.1
User-Agent: selenium/4.5.3 (java mac)
Cache-Control: no-cache
Content-Type: application/json; charset=utf-8
host: localhost:14650
accept: */*

Response DefaultHttpResponse(decodeResult: success, version: HTTP/1.1)
HTTP/1.1 200 OK
Content-Length: 88
Content-Type: application/json; charset=utf-8
cache-control: no-cache

10:52:03.261 [AsyncHttpClient-1-3] DEBUG org.asynchttpclient.netty.channel.ChannelManager - Adding key: http://localhost:14650 for channel [id: 0x1a9667f1, L:/127.0.0.1:64451 - R:localhost/127.0.0.1:14650]
10:52:03.265 [Forwarding findChildElement on session 72f0944edfb847112d07e03154691d26 to remote] DEBUG org.asynchttpclient.netty.request.NettyRequestSender - Using pooled Channel '[id: 0x1a9667f1, L:/127.0.0.1:64451 - R:localhost/127.0.0.1:14650]' for 'POST' to 'http://localhost:14650/session/72f0944edfb847112d07e03154691d26/element/aa89a112-af85-4a2a-9178-c5b85aa77eba/element'
10:52:03.265 [Forwarding findChildElement on session 72f0944edfb847112d07e03154691d26 to remote] DEBUG org.asynchttpclient.netty.request.NettyRequestSender - Using open Channel [id: 0x1a9667f1, L:/127.0.0.1:64451 - R:localhost/127.0.0.1:14650] for POST '/session/72f0944edfb847112d07e03154691d26/element/aa89a112-af85-4a2a-9178-c5b85aa77eba/element'
10:52:03.278 [AsyncHttpClient-1-3] DEBUG org.asynchttpclient.netty.handler.HttpHandler - 

Request DefaultHttpRequest(decodeResult: success, version: HTTP/1.1)
POST /session/72f0944edfb847112d07e03154691d26/element/aa89a112-af85-4a2a-9178-c5b85aa77eba/element HTTP/1.1
User-Agent: selenium/4.5.3 (java mac)
Content-Length: 106
Content-Type: application/json; charset=utf-8
host: localhost:14650
accept: */*

Response DefaultHttpResponse(decodeResult: success, version: HTTP/1.1)
HTTP/1.1 200 OK
Content-Length: 88
Content-Type: application/json; charset=utf-8
cache-control: no-cache

10:52:03.279 [AsyncHttpClient-1-3] DEBUG org.asynchttpclient.netty.channel.ChannelManager - Adding key: http://localhost:14650 for channel [id: 0x1a9667f1, L:/127.0.0.1:64451 - R:localhost/127.0.0.1:14650]
10:52:03.281 [Forwarding getElementText on session 72f0944edfb847112d07e03154691d26 to remote] DEBUG org.asynchttpclient.netty.request.NettyRequestSender - Using pooled Channel '[id: 0x1a9667f1, L:/127.0.0.1:64451 - R:localhost/127.0.0.1:14650]' for 'GET' to 'http://localhost:14650/session/72f0944edfb847112d07e03154691d26/element/f955f898-852f-47b5-963c-30c28db5ccaa/text'
10:52:03.281 [Forwarding getElementText on session 72f0944edfb847112d07e03154691d26 to remote] DEBUG org.asynchttpclient.netty.request.NettyRequestSender - Using open Channel [id: 0x1a9667f1, L:/127.0.0.1:64451 - R:localhost/127.0.0.1:14650] for GET '/session/72f0944edfb847112d07e03154691d26/element/f955f898-852f-47b5-963c-30c28db5ccaa/text'
10:52:03.308 [AsyncHttpClient-1-3] DEBUG org.asynchttpclient.netty.handler.HttpHandler - 

Request DefaultFullHttpRequest(decodeResult: success, version: HTTP/1.1, content: EmptyByteBufBE)
GET /session/72f0944edfb847112d07e03154691d26/element/f955f898-852f-47b5-963c-30c28db5ccaa/text HTTP/1.1
User-Agent: selenium/4.5.3 (java mac)
Cache-Control: no-cache
Content-Type: application/json; charset=utf-8
host: localhost:14650
accept: */*

Response DefaultHttpResponse(decodeResult: success, version: HTTP/1.1)
HTTP/1.1 200 OK
Content-Length: 19
Content-Type: application/json; charset=utf-8
cache-control: no-cache

10:52:03.308 [AsyncHttpClient-1-3] DEBUG org.asynchttpclient.netty.channel.ChannelManager - Adding key: http://localhost:14650 for channel [id: 0x1a9667f1, L:/127.0.0.1:64451 - R:localhost/127.0.0.1:14650]
10:52:03.311 [Forwarding findChildElement on session 72f0944edfb847112d07e03154691d26 to remote] DEBUG org.asynchttpclient.netty.request.NettyRequestSender - Using pooled Channel '[id: 0x1a9667f1, L:/127.0.0.1:64451 - R:localhost/127.0.0.1:14650]' for 'POST' to 'http://localhost:14650/session/72f0944edfb847112d07e03154691d26/element/2a4d91a1-ebc7-4262-a6b3-64aaf768a439/element'
10:52:03.311 [Forwarding findChildElement on session 72f0944edfb847112d07e03154691d26 to remote] DEBUG org.asynchttpclient.netty.request.NettyRequestSender - Using open Channel [id: 0x1a9667f1, L:/127.0.0.1:64451 - R:localhost/127.0.0.1:14650] for POST '/session/72f0944edfb847112d07e03154691d26/element/2a4d91a1-ebc7-4262-a6b3-64aaf768a439/element'
10:52:03.323 [AsyncHttpClient-1-3] DEBUG org.asynchttpclient.netty.handler.HttpHandler - 

Request DefaultHttpRequest(decodeResult: success, version: HTTP/1.1)
POST /session/72f0944edfb847112d07e03154691d26/element/2a4d91a1-ebc7-4262-a6b3-64aaf768a439/element HTTP/1.1
User-Agent: selenium/4.5.3 (java mac)
Content-Length: 106
Content-Type: application/json; charset=utf-8
host: localhost:14650
accept: */*

Response DefaultHttpResponse(decodeResult: success, version: HTTP/1.1)
HTTP/1.1 200 OK
Content-Length: 88
Content-Type: application/json; charset=utf-8
cache-control: no-cache

10:52:03.324 [AsyncHttpClient-1-3] DEBUG org.asynchttpclient.netty.channel.ChannelManager - Adding key: http://localhost:14650 for channel [id: 0x1a9667f1, L:/127.0.0.1:64451 - R:localhost/127.0.0.1:14650]
10:52:03.325 [Forwarding getElementText on session 72f0944edfb847112d07e03154691d26 to remote] DEBUG org.asynchttpclient.netty.request.NettyRequestSender - Using pooled Channel '[id: 0x1a9667f1, L:/127.0.0.1:64451 - R:localhost/127.0.0.1:14650]' for 'GET' to 'http://localhost:14650/session/72f0944edfb847112d07e03154691d26/element/342a0de3-3036-470f-b352-f420c5eec0c8/text'
10:52:03.325 [Forwarding getElementText on session 72f0944edfb847112d07e03154691d26 to remote] DEBUG org.asynchttpclient.netty.request.NettyRequestSender - Using open Channel [id: 0x1a9667f1, L:/127.0.0.1:64451 - R:localhost/127.0.0.1:14650] for GET '/session/72f0944edfb847112d07e03154691d26/element/342a0de3-3036-470f-b352-f420c5eec0c8/text'
10:52:03.876 [AsyncHttpClient-1-3] DEBUG org.asynchttpclient.netty.handler.HttpHandler - 

Request DefaultFullHttpRequest(decodeResult: success, version: HTTP/1.1, content: EmptyByteBufBE)
GET /session/72f0944edfb847112d07e03154691d26/element/342a0de3-3036-470f-b352-f420c5eec0c8/text HTTP/1.1
User-Agent: selenium/4.5.3 (java mac)
Cache-Control: no-cache
Content-Type: application/json; charset=utf-8
host: localhost:14650
accept: */*

Response DefaultHttpResponse(decodeResult: success, version: HTTP/1.1)
HTTP/1.1 200 OK
Content-Length: 92
Content-Type: application/json; charset=utf-8
cache-control: no-cache

10:52:03.877 [AsyncHttpClient-1-3] DEBUG org.asynchttpclient.netty.channel.ChannelManager - Adding key: http://localhost:14650 for channel [id: 0x1a9667f1, L:/127.0.0.1:64451 - R:localhost/127.0.0.1:14650]
10:52:03.880 [Forwarding findChildElement on session 72f0944edfb847112d07e03154691d26 to remote] DEBUG org.asynchttpclient.netty.request.NettyRequestSender - Using pooled Channel '[id: 0x1a9667f1, L:/127.0.0.1:64451 - R:localhost/127.0.0.1:14650]' for 'POST' to 'http://localhost:14650/session/72f0944edfb847112d07e03154691d26/element/2a4d91a1-ebc7-4262-a6b3-64aaf768a439/element'
10:52:03.880 [Forwarding findChildElement on session 72f0944edfb847112d07e03154691d26 to remote] DEBUG org.asynchttpclient.netty.request.NettyRequestSender - Using open Channel [id: 0x1a9667f1, L:/127.0.0.1:64451 - R:localhost/127.0.0.1:14650] for POST '/session/72f0944edfb847112d07e03154691d26/element/2a4d91a1-ebc7-4262-a6b3-64aaf768a439/element'
10:52:04.235 [AsyncHttpClient-1-3] DEBUG org.asynchttpclient.netty.handler.HttpHandler - 

Request DefaultHttpRequest(decodeResult: success, version: HTTP/1.1)
POST /session/72f0944edfb847112d07e03154691d26/element/2a4d91a1-ebc7-4262-a6b3-64aaf768a439/element HTTP/1.1
User-Agent: selenium/4.5.3 (java mac)
Content-Length: 106
Content-Type: application/json; charset=utf-8
host: localhost:14650
accept: */*

Response DefaultHttpResponse(decodeResult: success, version: HTTP/1.1)
HTTP/1.1 200 OK
Content-Length: 88
Content-Type: application/json; charset=utf-8
cache-control: no-cache

10:52:04.235 [AsyncHttpClient-1-3] DEBUG org.asynchttpclient.netty.channel.ChannelManager - Adding key: http://localhost:14650 for channel [id: 0x1a9667f1, L:/127.0.0.1:64451 - R:localhost/127.0.0.1:14650]
10:52:04.239 [Forwarding getElementText on session 72f0944edfb847112d07e03154691d26 to remote] DEBUG org.asynchttpclient.netty.request.NettyRequestSender - Using pooled Channel '[id: 0x1a9667f1, L:/127.0.0.1:64451 - R:localhost/127.0.0.1:14650]' for 'GET' to 'http://localhost:14650/session/72f0944edfb847112d07e03154691d26/element/cfeb7a2e-d672-4da5-877a-45b15a9ad7a8/text'
10:52:04.239 [Forwarding getElementText on session 72f0944edfb847112d07e03154691d26 to remote] DEBUG org.asynchttpclient.netty.request.NettyRequestSender - Using open Channel [id: 0x1a9667f1, L:/127.0.0.1:64451 - R:localhost/127.0.0.1:14650] for GET '/session/72f0944edfb847112d07e03154691d26/element/cfeb7a2e-d672-4da5-877a-45b15a9ad7a8/text'
10:52:04.383 [AsyncHttpClient-1-3] DEBUG org.asynchttpclient.netty.handler.HttpHandler - 

Request DefaultFullHttpRequest(decodeResult: success, version: HTTP/1.1, content: EmptyByteBufBE)
GET /session/72f0944edfb847112d07e03154691d26/element/cfeb7a2e-d672-4da5-877a-45b15a9ad7a8/text HTTP/1.1
User-Agent: selenium/4.5.3 (java mac)
Cache-Control: no-cache
Content-Type: application/json; charset=utf-8
host: localhost:14650
accept: */*

Response DefaultHttpResponse(decodeResult: success, version: HTTP/1.1)
HTTP/1.1 200 OK
Content-Length: 19
Content-Type: application/json; charset=utf-8
cache-control: no-cache

10:52:04.384 [AsyncHttpClient-1-3] DEBUG org.asynchttpclient.netty.channel.ChannelManager - Adding key: http://localhost:14650 for channel [id: 0x1a9667f1, L:/127.0.0.1:64451 - R:localhost/127.0.0.1:14650]
10:52:04.393 [Forwarding findChildElement on session 72f0944edfb847112d07e03154691d26 to remote] DEBUG org.asynchttpclient.netty.request.NettyRequestSender - Using pooled Channel '[id: 0x1a9667f1, L:/127.0.0.1:64451 - R:localhost/127.0.0.1:14650]' for 'POST' to 'http://localhost:14650/session/72f0944edfb847112d07e03154691d26/element/747b2ad5-676f-4ba0-bd3e-f560c3e57c2a/element'
10:52:04.393 [Forwarding findChildElement on session 72f0944edfb847112d07e03154691d26 to remote] DEBUG org.asynchttpclient.netty.request.NettyRequestSender - Using open Channel [id: 0x1a9667f1, L:/127.0.0.1:64451 - R:localhost/127.0.0.1:14650] for POST '/session/72f0944edfb847112d07e03154691d26/element/747b2ad5-676f-4ba0-bd3e-f560c3e57c2a/element'
10:52:04.929 [AsyncHttpClient-1-3] DEBUG org.asynchttpclient.netty.handler.HttpHandler - 

Request DefaultHttpRequest(decodeResult: success, version: HTTP/1.1)
POST /session/72f0944edfb847112d07e03154691d26/element/747b2ad5-676f-4ba0-bd3e-f560c3e57c2a/element HTTP/1.1
User-Agent: selenium/4.5.3 (java mac)
Content-Length: 106
Content-Type: application/json; charset=utf-8
host: localhost:14650
accept: */*

Response DefaultHttpResponse(decodeResult: success, version: HTTP/1.1)
HTTP/1.1 200 OK
Content-Length: 88
Content-Type: application/json; charset=utf-8
cache-control: no-cache

10:52:04.930 [AsyncHttpClient-1-3] DEBUG org.asynchttpclient.netty.channel.ChannelManager - Adding key: http://localhost:14650 for channel [id: 0x1a9667f1, L:/127.0.0.1:64451 - R:localhost/127.0.0.1:14650]
10:52:04.932 [Forwarding getElementText on session 72f0944edfb847112d07e03154691d26 to remote] DEBUG org.asynchttpclient.netty.request.NettyRequestSender - Using pooled Channel '[id: 0x1a9667f1, L:/127.0.0.1:64451 - R:localhost/127.0.0.1:14650]' for 'GET' to 'http://localhost:14650/session/72f0944edfb847112d07e03154691d26/element/e867e6ea-8f2d-40b4-87ff-88c905a04532/text'
10:52:04.932 [Forwarding getElementText on session 72f0944edfb847112d07e03154691d26 to remote] DEBUG org.asynchttpclient.netty.request.NettyRequestSender - Using open Channel [id: 0x1a9667f1, L:/127.0.0.1:64451 - R:localhost/127.0.0.1:14650] for GET '/session/72f0944edfb847112d07e03154691d26/element/e867e6ea-8f2d-40b4-87ff-88c905a04532/text'
10:52:05.404 [AsyncHttpClient-1-3] DEBUG org.asynchttpclient.netty.handler.HttpHandler - 

Request DefaultFullHttpRequest(decodeResult: success, version: HTTP/1.1, content: EmptyByteBufBE)
GET /session/72f0944edfb847112d07e03154691d26/element/e867e6ea-8f2d-40b4-87ff-88c905a04532/text HTTP/1.1
User-Agent: selenium/4.5.3 (java mac)
Cache-Control: no-cache
Content-Type: application/json; charset=utf-8
host: localhost:14650
accept: */*

Response DefaultHttpResponse(decodeResult: success, version: HTTP/1.1)
HTTP/1.1 200 OK
Content-Length: 87
Content-Type: application/json; charset=utf-8
cache-control: no-cache

10:52:05.404 [AsyncHttpClient-1-3] DEBUG org.asynchttpclient.netty.channel.ChannelManager - Adding key: http://localhost:14650 for channel [id: 0x1a9667f1, L:/127.0.0.1:64451 - R:localhost/127.0.0.1:14650]
10:52:05.405 [Forwarding findChildElement on session 72f0944edfb847112d07e03154691d26 to remote] DEBUG org.asynchttpclient.netty.request.NettyRequestSender - Using pooled Channel '[id: 0x1a9667f1, L:/127.0.0.1:64451 - R:localhost/127.0.0.1:14650]' for 'POST' to 'http://localhost:14650/session/72f0944edfb847112d07e03154691d26/element/747b2ad5-676f-4ba0-bd3e-f560c3e57c2a/element'
10:52:05.405 [Forwarding findChildElement on session 72f0944edfb847112d07e03154691d26 to remote] DEBUG org.asynchttpclient.netty.request.NettyRequestSender - Using open Channel [id: 0x1a9667f1, L:/127.0.0.1:64451 - R:localhost/127.0.0.1:14650] for POST '/session/72f0944edfb847112d07e03154691d26/element/747b2ad5-676f-4ba0-bd3e-f560c3e57c2a/element'
10:52:05.419 [AsyncHttpClient-1-3] DEBUG org.asynchttpclient.netty.handler.HttpHandler - 

Request DefaultHttpRequest(decodeResult: success, version: HTTP/1.1)
POST /session/72f0944edfb847112d07e03154691d26/element/747b2ad5-676f-4ba0-bd3e-f560c3e57c2a/element HTTP/1.1
User-Agent: selenium/4.5.3 (java mac)
Content-Length: 106
Content-Type: application/json; charset=utf-8
host: localhost:14650
accept: */*

Response DefaultHttpResponse(decodeResult: success, version: HTTP/1.1)
HTTP/1.1 200 OK
Content-Length: 88
Content-Type: application/json; charset=utf-8
cache-control: no-cache

10:52:05.419 [AsyncHttpClient-1-3] DEBUG org.asynchttpclient.netty.channel.ChannelManager - Adding key: http://localhost:14650 for channel [id: 0x1a9667f1, L:/127.0.0.1:64451 - R:localhost/127.0.0.1:14650]
10:52:05.420 [Forwarding getElementText on session 72f0944edfb847112d07e03154691d26 to remote] DEBUG org.asynchttpclient.netty.request.NettyRequestSender - Using pooled Channel '[id: 0x1a9667f1, L:/127.0.0.1:64451 - R:localhost/127.0.0.1:14650]' for 'GET' to 'http://localhost:14650/session/72f0944edfb847112d07e03154691d26/element/a5f0d33f-15d7-4b69-9ffe-4aa72234e9dc/text'
10:52:05.420 [Forwarding getElementText on session 72f0944edfb847112d07e03154691d26 to remote] DEBUG org.asynchttpclient.netty.request.NettyRequestSender - Using open Channel [id: 0x1a9667f1, L:/127.0.0.1:64451 - R:localhost/127.0.0.1:14650] for GET '/session/72f0944edfb847112d07e03154691d26/element/a5f0d33f-15d7-4b69-9ffe-4aa72234e9dc/text'
10:52:05.435 [AsyncHttpClient-1-3] DEBUG org.asynchttpclient.netty.handler.HttpHandler - 

Request DefaultFullHttpRequest(decodeResult: success, version: HTTP/1.1, content: EmptyByteBufBE)
GET /session/72f0944edfb847112d07e03154691d26/element/a5f0d33f-15d7-4b69-9ffe-4aa72234e9dc/text HTTP/1.1
User-Agent: selenium/4.5.3 (java mac)
Cache-Control: no-cache
Content-Type: application/json; charset=utf-8
host: localhost:14650
accept: */*

Response DefaultHttpResponse(decodeResult: success, version: HTTP/1.1)
HTTP/1.1 200 OK
Content-Length: 30
Content-Type: application/json; charset=utf-8
cache-control: no-cache

10:52:05.436 [AsyncHttpClient-1-3] DEBUG org.asynchttpclient.netty.channel.ChannelManager - Adding key: http://localhost:14650 for channel [id: 0x1a9667f1, L:/127.0.0.1:64451 - R:localhost/127.0.0.1:14650]
10:52:05.437 [Forwarding findChildElement on session 72f0944edfb847112d07e03154691d26 to remote] DEBUG org.asynchttpclient.netty.request.NettyRequestSender - Using pooled Channel '[id: 0x1a9667f1, L:/127.0.0.1:64451 - R:localhost/127.0.0.1:14650]' for 'POST' to 'http://localhost:14650/session/72f0944edfb847112d07e03154691d26/element/e92e4af3-5011-4095-8354-27c41297df9f/element'
10:52:05.437 [Forwarding findChildElement on session 72f0944edfb847112d07e03154691d26 to remote] DEBUG org.asynchttpclient.netty.request.NettyRequestSender - Using open Channel [id: 0x1a9667f1, L:/127.0.0.1:64451 - R:localhost/127.0.0.1:14650] for POST '/session/72f0944edfb847112d07e03154691d26/element/e92e4af3-5011-4095-8354-27c41297df9f/element'
10:52:05.452 [AsyncHttpClient-1-3] DEBUG org.asynchttpclient.netty.handler.HttpHandler - 

Request DefaultHttpRequest(decodeResult: success, version: HTTP/1.1)
POST /session/72f0944edfb847112d07e03154691d26/element/e92e4af3-5011-4095-8354-27c41297df9f/element HTTP/1.1
User-Agent: selenium/4.5.3 (java mac)
Content-Length: 106
Content-Type: application/json; charset=utf-8
host: localhost:14650
accept: */*

Response DefaultHttpResponse(decodeResult: success, version: HTTP/1.1)
HTTP/1.1 200 OK
Content-Length: 88
Content-Type: application/json; charset=utf-8
cache-control: no-cache

10:52:05.452 [AsyncHttpClient-1-3] DEBUG org.asynchttpclient.netty.channel.ChannelManager - Adding key: http://localhost:14650 for channel [id: 0x1a9667f1, L:/127.0.0.1:64451 - R:localhost/127.0.0.1:14650]
10:52:05.455 [Forwarding getElementText on session 72f0944edfb847112d07e03154691d26 to remote] DEBUG org.asynchttpclient.netty.request.NettyRequestSender - Using pooled Channel '[id: 0x1a9667f1, L:/127.0.0.1:64451 - R:localhost/127.0.0.1:14650]' for 'GET' to 'http://localhost:14650/session/72f0944edfb847112d07e03154691d26/element/bf0a627b-1035-4d21-a66f-d37f5014e1f8/text'
10:52:05.455 [Forwarding getElementText on session 72f0944edfb847112d07e03154691d26 to remote] DEBUG org.asynchttpclient.netty.request.NettyRequestSender - Using open Channel [id: 0x1a9667f1, L:/127.0.0.1:64451 - R:localhost/127.0.0.1:14650] for GET '/session/72f0944edfb847112d07e03154691d26/element/bf0a627b-1035-4d21-a66f-d37f5014e1f8/text'
10:52:05.870 [AsyncHttpClient-1-3] DEBUG org.asynchttpclient.netty.handler.HttpHandler - 

Request DefaultFullHttpRequest(decodeResult: success, version: HTTP/1.1, content: EmptyByteBufBE)
GET /session/72f0944edfb847112d07e03154691d26/element/bf0a627b-1035-4d21-a66f-d37f5014e1f8/text HTTP/1.1
User-Agent: selenium/4.5.3 (java mac)
Cache-Control: no-cache
Content-Type: application/json; charset=utf-8
host: localhost:14650
accept: */*

Response DefaultHttpResponse(decodeResult: success, version: HTTP/1.1)
HTTP/1.1 200 OK
Content-Length: 92
Content-Type: application/json; charset=utf-8
cache-control: no-cache

10:52:05.870 [AsyncHttpClient-1-3] DEBUG org.asynchttpclient.netty.channel.ChannelManager - Adding key: http://localhost:14650 for channel [id: 0x1a9667f1, L:/127.0.0.1:64451 - R:localhost/127.0.0.1:14650]
10:52:05.872 [Forwarding findChildElement on session 72f0944edfb847112d07e03154691d26 to remote] DEBUG org.asynchttpclient.netty.request.NettyRequestSender - Using pooled Channel '[id: 0x1a9667f1, L:/127.0.0.1:64451 - R:localhost/127.0.0.1:14650]' for 'POST' to 'http://localhost:14650/session/72f0944edfb847112d07e03154691d26/element/e92e4af3-5011-4095-8354-27c41297df9f/element'
10:52:05.872 [Forwarding findChildElement on session 72f0944edfb847112d07e03154691d26 to remote] DEBUG org.asynchttpclient.netty.request.NettyRequestSender - Using open Channel [id: 0x1a9667f1, L:/127.0.0.1:64451 - R:localhost/127.0.0.1:14650] for POST '/session/72f0944edfb847112d07e03154691d26/element/e92e4af3-5011-4095-8354-27c41297df9f/element'
10:52:05.891 [AsyncHttpClient-1-3] DEBUG org.asynchttpclient.netty.handler.HttpHandler - 

Request DefaultHttpRequest(decodeResult: success, version: HTTP/1.1)
POST /session/72f0944edfb847112d07e03154691d26/element/e92e4af3-5011-4095-8354-27c41297df9f/element HTTP/1.1
User-Agent: selenium/4.5.3 (java mac)
Content-Length: 106
Content-Type: application/json; charset=utf-8
host: localhost:14650
accept: */*

Response DefaultHttpResponse(decodeResult: success, version: HTTP/1.1)
HTTP/1.1 200 OK
Content-Length: 88
Content-Type: application/json; charset=utf-8
cache-control: no-cache

10:52:05.891 [AsyncHttpClient-1-3] DEBUG org.asynchttpclient.netty.channel.ChannelManager - Adding key: http://localhost:14650 for channel [id: 0x1a9667f1, L:/127.0.0.1:64451 - R:localhost/127.0.0.1:14650]
10:52:05.894 [Forwarding getElementText on session 72f0944edfb847112d07e03154691d26 to remote] DEBUG org.asynchttpclient.netty.request.NettyRequestSender - Using pooled Channel '[id: 0x1a9667f1, L:/127.0.0.1:64451 - R:localhost/127.0.0.1:14650]' for 'GET' to 'http://localhost:14650/session/72f0944edfb847112d07e03154691d26/element/4a52f5d9-b3a0-4a27-8c6f-281cd456d2e5/text'
10:52:05.894 [Forwarding getElementText on session 72f0944edfb847112d07e03154691d26 to remote] DEBUG org.asynchttpclient.netty.request.NettyRequestSender - Using open Channel [id: 0x1a9667f1, L:/127.0.0.1:64451 - R:localhost/127.0.0.1:14650] for GET '/session/72f0944edfb847112d07e03154691d26/element/4a52f5d9-b3a0-4a27-8c6f-281cd456d2e5/text'
10:52:05.916 [AsyncHttpClient-1-3] DEBUG org.asynchttpclient.netty.handler.HttpHandler - 

Request DefaultFullHttpRequest(decodeResult: success, version: HTTP/1.1, content: EmptyByteBufBE)
GET /session/72f0944edfb847112d07e03154691d26/element/4a52f5d9-b3a0-4a27-8c6f-281cd456d2e5/text HTTP/1.1
User-Agent: selenium/4.5.3 (java mac)
Cache-Control: no-cache
Content-Type: application/json; charset=utf-8
host: localhost:14650
accept: */*

Response DefaultHttpResponse(decodeResult: success, version: HTTP/1.1)
HTTP/1.1 200 OK
Content-Length: 19
Content-Type: application/json; charset=utf-8
cache-control: no-cache

10:52:05.917 [AsyncHttpClient-1-3] DEBUG org.asynchttpclient.netty.channel.ChannelManager - Adding key: http://localhost:14650 for channel [id: 0x1a9667f1, L:/127.0.0.1:64451 - R:localhost/127.0.0.1:14650]
10:52:05.918 [Forwarding findChildElement on session 72f0944edfb847112d07e03154691d26 to remote] DEBUG org.asynchttpclient.netty.request.NettyRequestSender - Using pooled Channel '[id: 0x1a9667f1, L:/127.0.0.1:64451 - R:localhost/127.0.0.1:14650]' for 'POST' to 'http://localhost:14650/session/72f0944edfb847112d07e03154691d26/element/0937b2a2-28ab-44de-98d7-46162c739d23/element'
10:52:05.918 [Forwarding findChildElement on session 72f0944edfb847112d07e03154691d26 to remote] DEBUG org.asynchttpclient.netty.request.NettyRequestSender - Using open Channel [id: 0x1a9667f1, L:/127.0.0.1:64451 - R:localhost/127.0.0.1:14650] for POST '/session/72f0944edfb847112d07e03154691d26/element/0937b2a2-28ab-44de-98d7-46162c739d23/element'
10:52:05.936 [AsyncHttpClient-1-3] DEBUG org.asynchttpclient.netty.handler.HttpHandler - 

Request DefaultHttpRequest(decodeResult: success, version: HTTP/1.1)
POST /session/72f0944edfb847112d07e03154691d26/element/0937b2a2-28ab-44de-98d7-46162c739d23/element HTTP/1.1
User-Agent: selenium/4.5.3 (java mac)
Content-Length: 106
Content-Type: application/json; charset=utf-8
host: localhost:14650
accept: */*

Response DefaultHttpResponse(decodeResult: success, version: HTTP/1.1)
HTTP/1.1 200 OK
Content-Length: 88
Content-Type: application/json; charset=utf-8
cache-control: no-cache

10:52:05.936 [AsyncHttpClient-1-3] DEBUG org.asynchttpclient.netty.channel.ChannelManager - Adding key: http://localhost:14650 for channel [id: 0x1a9667f1, L:/127.0.0.1:64451 - R:localhost/127.0.0.1:14650]
10:52:05.960 [Forwarding getElementText on session 72f0944edfb847112d07e03154691d26 to remote] DEBUG org.asynchttpclient.netty.request.NettyRequestSender - Using pooled Channel '[id: 0x1a9667f1, L:/127.0.0.1:64451 - R:localhost/127.0.0.1:14650]' for 'GET' to 'http://localhost:14650/session/72f0944edfb847112d07e03154691d26/element/b1b1048f-7f26-44cc-bba1-1377b278a516/text'
10:52:05.960 [Forwarding getElementText on session 72f0944edfb847112d07e03154691d26 to remote] DEBUG org.asynchttpclient.netty.request.NettyRequestSender - Using open Channel [id: 0x1a9667f1, L:/127.0.0.1:64451 - R:localhost/127.0.0.1:14650] for GET '/session/72f0944edfb847112d07e03154691d26/element/b1b1048f-7f26-44cc-bba1-1377b278a516/text'
10:52:06.369 [AsyncHttpClient-1-3] DEBUG org.asynchttpclient.netty.handler.HttpHandler - 

Request DefaultFullHttpRequest(decodeResult: success, version: HTTP/1.1, content: EmptyByteBufBE)
GET /session/72f0944edfb847112d07e03154691d26/element/b1b1048f-7f26-44cc-bba1-1377b278a516/text HTTP/1.1
User-Agent: selenium/4.5.3 (java mac)
Cache-Control: no-cache
Content-Type: application/json; charset=utf-8
host: localhost:14650
accept: */*

Response DefaultHttpResponse(decodeResult: success, version: HTTP/1.1)
HTTP/1.1 200 OK
Content-Length: 91
Content-Type: application/json; charset=utf-8
cache-control: no-cache

10:52:06.369 [AsyncHttpClient-1-3] DEBUG org.asynchttpclient.netty.channel.ChannelManager - Adding key: http://localhost:14650 for channel [id: 0x1a9667f1, L:/127.0.0.1:64451 - R:localhost/127.0.0.1:14650]
10:52:06.371 [Forwarding findChildElement on session 72f0944edfb847112d07e03154691d26 to remote] DEBUG org.asynchttpclient.netty.request.NettyRequestSender - Using pooled Channel '[id: 0x1a9667f1, L:/127.0.0.1:64451 - R:localhost/127.0.0.1:14650]' for 'POST' to 'http://localhost:14650/session/72f0944edfb847112d07e03154691d26/element/0937b2a2-28ab-44de-98d7-46162c739d23/element'
10:52:06.371 [Forwarding findChildElement on session 72f0944edfb847112d07e03154691d26 to remote] DEBUG org.asynchttpclient.netty.request.NettyRequestSender - Using open Channel [id: 0x1a9667f1, L:/127.0.0.1:64451 - R:localhost/127.0.0.1:14650] for POST '/session/72f0944edfb847112d07e03154691d26/element/0937b2a2-28ab-44de-98d7-46162c739d23/element'
10:52:06.408 [AsyncHttpClient-1-3] DEBUG org.asynchttpclient.netty.handler.HttpHandler - 

Request DefaultHttpRequest(decodeResult: success, version: HTTP/1.1)
POST /session/72f0944edfb847112d07e03154691d26/element/0937b2a2-28ab-44de-98d7-46162c739d23/element HTTP/1.1
User-Agent: selenium/4.5.3 (java mac)
Content-Length: 106
Content-Type: application/json; charset=utf-8
host: localhost:14650
accept: */*

Response DefaultHttpResponse(decodeResult: success, version: HTTP/1.1)
HTTP/1.1 200 OK
Content-Length: 88
Content-Type: application/json; charset=utf-8
cache-control: no-cache

10:52:06.408 [AsyncHttpClient-1-3] DEBUG org.asynchttpclient.netty.channel.ChannelManager - Adding key: http://localhost:14650 for channel [id: 0x1a9667f1, L:/127.0.0.1:64451 - R:localhost/127.0.0.1:14650]
10:52:06.409 [Forwarding getElementText on session 72f0944edfb847112d07e03154691d26 to remote] DEBUG org.asynchttpclient.netty.request.NettyRequestSender - Using pooled Channel '[id: 0x1a9667f1, L:/127.0.0.1:64451 - R:localhost/127.0.0.1:14650]' for 'GET' to 'http://localhost:14650/session/72f0944edfb847112d07e03154691d26/element/31a84640-2892-4a41-819d-5bb31f5f060e/text'
10:52:06.409 [Forwarding getElementText on session 72f0944edfb847112d07e03154691d26 to remote] DEBUG org.asynchttpclient.netty.request.NettyRequestSender - Using open Channel [id: 0x1a9667f1, L:/127.0.0.1:64451 - R:localhost/127.0.0.1:14650] for GET '/session/72f0944edfb847112d07e03154691d26/element/31a84640-2892-4a41-819d-5bb31f5f060e/text'
10:52:06.446 [AsyncHttpClient-1-3] DEBUG org.asynchttpclient.netty.handler.HttpHandler - 

Request DefaultFullHttpRequest(decodeResult: success, version: HTTP/1.1, content: EmptyByteBufBE)
GET /session/72f0944edfb847112d07e03154691d26/element/31a84640-2892-4a41-819d-5bb31f5f060e/text HTTP/1.1
User-Agent: selenium/4.5.3 (java mac)
Cache-Control: no-cache
Content-Type: application/json; charset=utf-8
host: localhost:14650
accept: */*

Response DefaultHttpResponse(decodeResult: success, version: HTTP/1.1)
HTTP/1.1 200 OK
Content-Length: 19
Content-Type: application/json; charset=utf-8
cache-control: no-cache

10:52:06.448 [AsyncHttpClient-1-3] DEBUG org.asynchttpclient.netty.channel.ChannelManager - Adding key: http://localhost:14650 for channel [id: 0x1a9667f1, L:/127.0.0.1:64451 - R:localhost/127.0.0.1:14650]
10:52:06.450 [Forwarding findChildElement on session 72f0944edfb847112d07e03154691d26 to remote] DEBUG org.asynchttpclient.netty.request.NettyRequestSender - Using pooled Channel '[id: 0x1a9667f1, L:/127.0.0.1:64451 - R:localhost/127.0.0.1:14650]' for 'POST' to 'http://localhost:14650/session/72f0944edfb847112d07e03154691d26/element/e64decff-e6f2-4997-ae8b-c97b086abd7b/element'
10:52:06.450 [Forwarding findChildElement on session 72f0944edfb847112d07e03154691d26 to remote] DEBUG org.asynchttpclient.netty.request.NettyRequestSender - Using open Channel [id: 0x1a9667f1, L:/127.0.0.1:64451 - R:localhost/127.0.0.1:14650] for POST '/session/72f0944edfb847112d07e03154691d26/element/e64decff-e6f2-4997-ae8b-c97b086abd7b/element'
10:52:06.871 [AsyncHttpClient-1-3] DEBUG org.asynchttpclient.netty.handler.HttpHandler - 

Request DefaultHttpRequest(decodeResult: success, version: HTTP/1.1)
POST /session/72f0944edfb847112d07e03154691d26/element/e64decff-e6f2-4997-ae8b-c97b086abd7b/element HTTP/1.1
User-Agent: selenium/4.5.3 (java mac)
Content-Length: 106
Content-Type: application/json; charset=utf-8
host: localhost:14650
accept: */*

Response DefaultHttpResponse(decodeResult: success, version: HTTP/1.1)
HTTP/1.1 200 OK
Content-Length: 88
Content-Type: application/json; charset=utf-8
cache-control: no-cache

10:52:06.872 [AsyncHttpClient-1-3] DEBUG org.asynchttpclient.netty.channel.ChannelManager - Adding key: http://localhost:14650 for channel [id: 0x1a9667f1, L:/127.0.0.1:64451 - R:localhost/127.0.0.1:14650]
10:52:06.873 [Forwarding getElementText on session 72f0944edfb847112d07e03154691d26 to remote] DEBUG org.asynchttpclient.netty.request.NettyRequestSender - Using pooled Channel '[id: 0x1a9667f1, L:/127.0.0.1:64451 - R:localhost/127.0.0.1:14650]' for 'GET' to 'http://localhost:14650/session/72f0944edfb847112d07e03154691d26/element/8d35e456-7441-421c-9a10-7acc9049a8e5/text'
10:52:06.873 [Forwarding getElementText on session 72f0944edfb847112d07e03154691d26 to remote] DEBUG org.asynchttpclient.netty.request.NettyRequestSender - Using open Channel [id: 0x1a9667f1, L:/127.0.0.1:64451 - R:localhost/127.0.0.1:14650] for GET '/session/72f0944edfb847112d07e03154691d26/element/8d35e456-7441-421c-9a10-7acc9049a8e5/text'
10:52:06.901 [AsyncHttpClient-1-3] DEBUG org.asynchttpclient.netty.handler.HttpHandler - 

Request DefaultFullHttpRequest(decodeResult: success, version: HTTP/1.1, content: EmptyByteBufBE)
GET /session/72f0944edfb847112d07e03154691d26/element/8d35e456-7441-421c-9a10-7acc9049a8e5/text HTTP/1.1
User-Agent: selenium/4.5.3 (java mac)
Cache-Control: no-cache
Content-Type: application/json; charset=utf-8
host: localhost:14650
accept: */*

Response DefaultHttpResponse(decodeResult: success, version: HTTP/1.1)
HTTP/1.1 200 OK
Content-Length: 76
Content-Type: application/json; charset=utf-8
cache-control: no-cache

10:52:06.901 [AsyncHttpClient-1-3] DEBUG org.asynchttpclient.netty.channel.ChannelManager - Adding key: http://localhost:14650 for channel [id: 0x1a9667f1, L:/127.0.0.1:64451 - R:localhost/127.0.0.1:14650]
10:52:06.903 [Forwarding findChildElement on session 72f0944edfb847112d07e03154691d26 to remote] DEBUG org.asynchttpclient.netty.request.NettyRequestSender - Using pooled Channel '[id: 0x1a9667f1, L:/127.0.0.1:64451 - R:localhost/127.0.0.1:14650]' for 'POST' to 'http://localhost:14650/session/72f0944edfb847112d07e03154691d26/element/e64decff-e6f2-4997-ae8b-c97b086abd7b/element'
10:52:06.903 [Forwarding findChildElement on session 72f0944edfb847112d07e03154691d26 to remote] DEBUG org.asynchttpclient.netty.request.NettyRequestSender - Using open Channel [id: 0x1a9667f1, L:/127.0.0.1:64451 - R:localhost/127.0.0.1:14650] for POST '/session/72f0944edfb847112d07e03154691d26/element/e64decff-e6f2-4997-ae8b-c97b086abd7b/element'
10:52:06.934 [AsyncHttpClient-1-3] DEBUG org.asynchttpclient.netty.handler.HttpHandler - 

Request DefaultHttpRequest(decodeResult: success, version: HTTP/1.1)
POST /session/72f0944edfb847112d07e03154691d26/element/e64decff-e6f2-4997-ae8b-c97b086abd7b/element HTTP/1.1
User-Agent: selenium/4.5.3 (java mac)
Content-Length: 106
Content-Type: application/json; charset=utf-8
host: localhost:14650
accept: */*

Response DefaultHttpResponse(decodeResult: success, version: HTTP/1.1)
HTTP/1.1 200 OK
Content-Length: 88
Content-Type: application/json; charset=utf-8
cache-control: no-cache

10:52:06.935 [AsyncHttpClient-1-3] DEBUG org.asynchttpclient.netty.channel.ChannelManager - Adding key: http://localhost:14650 for channel [id: 0x1a9667f1, L:/127.0.0.1:64451 - R:localhost/127.0.0.1:14650]
10:52:06.936 [Forwarding getElementText on session 72f0944edfb847112d07e03154691d26 to remote] DEBUG org.asynchttpclient.netty.request.NettyRequestSender - Using pooled Channel '[id: 0x1a9667f1, L:/127.0.0.1:64451 - R:localhost/127.0.0.1:14650]' for 'GET' to 'http://localhost:14650/session/72f0944edfb847112d07e03154691d26/element/8ea41ebb-c528-4d3b-bf24-364f3ab34821/text'
10:52:06.936 [Forwarding getElementText on session 72f0944edfb847112d07e03154691d26 to remote] DEBUG org.asynchttpclient.netty.request.NettyRequestSender - Using open Channel [id: 0x1a9667f1, L:/127.0.0.1:64451 - R:localhost/127.0.0.1:14650] for GET '/session/72f0944edfb847112d07e03154691d26/element/8ea41ebb-c528-4d3b-bf24-364f3ab34821/text'
10:52:06.965 [AsyncHttpClient-1-3] DEBUG org.asynchttpclient.netty.handler.HttpHandler - 

Request DefaultFullHttpRequest(decodeResult: success, version: HTTP/1.1, content: EmptyByteBufBE)
GET /session/72f0944edfb847112d07e03154691d26/element/8ea41ebb-c528-4d3b-bf24-364f3ab34821/text HTTP/1.1
User-Agent: selenium/4.5.3 (java mac)
Cache-Control: no-cache
Content-Type: application/json; charset=utf-8
host: localhost:14650
accept: */*

Response DefaultHttpResponse(decodeResult: success, version: HTTP/1.1)
HTTP/1.1 200 OK
Content-Length: 19
Content-Type: application/json; charset=utf-8
cache-control: no-cache

10:52:06.966 [AsyncHttpClient-1-3] DEBUG org.asynchttpclient.netty.channel.ChannelManager - Adding key: http://localhost:14650 for channel [id: 0x1a9667f1, L:/127.0.0.1:64451 - R:localhost/127.0.0.1:14650]
10:52:06.968 [Forwarding findChildElement on session 72f0944edfb847112d07e03154691d26 to remote] DEBUG org.asynchttpclient.netty.request.NettyRequestSender - Using pooled Channel '[id: 0x1a9667f1, L:/127.0.0.1:64451 - R:localhost/127.0.0.1:14650]' for 'POST' to 'http://localhost:14650/session/72f0944edfb847112d07e03154691d26/element/d6243e1e-4fd3-4d45-a657-8aeabc61380f/element'
10:52:06.968 [Forwarding findChildElement on session 72f0944edfb847112d07e03154691d26 to remote] DEBUG org.asynchttpclient.netty.request.NettyRequestSender - Using open Channel [id: 0x1a9667f1, L:/127.0.0.1:64451 - R:localhost/127.0.0.1:14650] for POST '/session/72f0944edfb847112d07e03154691d26/element/d6243e1e-4fd3-4d45-a657-8aeabc61380f/element'
10:52:07.374 [AsyncHttpClient-1-3] DEBUG org.asynchttpclient.netty.handler.HttpHandler - 

Request DefaultHttpRequest(decodeResult: success, version: HTTP/1.1)
POST /session/72f0944edfb847112d07e03154691d26/element/d6243e1e-4fd3-4d45-a657-8aeabc61380f/element HTTP/1.1
User-Agent: selenium/4.5.3 (java mac)
Content-Length: 106
Content-Type: application/json; charset=utf-8
host: localhost:14650
accept: */*

Response DefaultHttpResponse(decodeResult: success, version: HTTP/1.1)
HTTP/1.1 200 OK
Content-Length: 88
Content-Type: application/json; charset=utf-8
cache-control: no-cache

10:52:07.374 [AsyncHttpClient-1-3] DEBUG org.asynchttpclient.netty.channel.ChannelManager - Adding key: http://localhost:14650 for channel [id: 0x1a9667f1, L:/127.0.0.1:64451 - R:localhost/127.0.0.1:14650]
10:52:07.376 [Forwarding getElementText on session 72f0944edfb847112d07e03154691d26 to remote] DEBUG org.asynchttpclient.netty.request.NettyRequestSender - Using pooled Channel '[id: 0x1a9667f1, L:/127.0.0.1:64451 - R:localhost/127.0.0.1:14650]' for 'GET' to 'http://localhost:14650/session/72f0944edfb847112d07e03154691d26/element/68dbe98a-43f0-4685-ae48-ae3190943f5c/text'
10:52:07.376 [Forwarding getElementText on session 72f0944edfb847112d07e03154691d26 to remote] DEBUG org.asynchttpclient.netty.request.NettyRequestSender - Using open Channel [id: 0x1a9667f1, L:/127.0.0.1:64451 - R:localhost/127.0.0.1:14650] for GET '/session/72f0944edfb847112d07e03154691d26/element/68dbe98a-43f0-4685-ae48-ae3190943f5c/text'
10:52:07.403 [AsyncHttpClient-1-3] DEBUG org.asynchttpclient.netty.handler.HttpHandler - 

Request DefaultFullHttpRequest(decodeResult: success, version: HTTP/1.1, content: EmptyByteBufBE)
GET /session/72f0944edfb847112d07e03154691d26/element/68dbe98a-43f0-4685-ae48-ae3190943f5c/text HTTP/1.1
User-Agent: selenium/4.5.3 (java mac)
Cache-Control: no-cache
Content-Type: application/json; charset=utf-8
host: localhost:14650
accept: */*

Response DefaultHttpResponse(decodeResult: success, version: HTTP/1.1)
HTTP/1.1 200 OK
Content-Length: 88
Content-Type: application/json; charset=utf-8
cache-control: no-cache

10:52:07.403 [AsyncHttpClient-1-3] DEBUG org.asynchttpclient.netty.channel.ChannelManager - Adding key: http://localhost:14650 for channel [id: 0x1a9667f1, L:/127.0.0.1:64451 - R:localhost/127.0.0.1:14650]
10:52:07.405 [Forwarding findChildElement on session 72f0944edfb847112d07e03154691d26 to remote] DEBUG org.asynchttpclient.netty.request.NettyRequestSender - Using pooled Channel '[id: 0x1a9667f1, L:/127.0.0.1:64451 - R:localhost/127.0.0.1:14650]' for 'POST' to 'http://localhost:14650/session/72f0944edfb847112d07e03154691d26/element/d6243e1e-4fd3-4d45-a657-8aeabc61380f/element'
10:52:07.405 [Forwarding findChildElement on session 72f0944edfb847112d07e03154691d26 to remote] DEBUG org.asynchttpclient.netty.request.NettyRequestSender - Using open Channel [id: 0x1a9667f1, L:/127.0.0.1:64451 - R:localhost/127.0.0.1:14650] for POST '/session/72f0944edfb847112d07e03154691d26/element/d6243e1e-4fd3-4d45-a657-8aeabc61380f/element'
10:52:07.418 [AsyncHttpClient-1-3] DEBUG org.asynchttpclient.netty.handler.HttpHandler - 

Request DefaultHttpRequest(decodeResult: success, version: HTTP/1.1)
POST /session/72f0944edfb847112d07e03154691d26/element/d6243e1e-4fd3-4d45-a657-8aeabc61380f/element HTTP/1.1
User-Agent: selenium/4.5.3 (java mac)
Content-Length: 106
Content-Type: application/json; charset=utf-8
host: localhost:14650
accept: */*

Response DefaultHttpResponse(decodeResult: success, version: HTTP/1.1)
HTTP/1.1 200 OK
Content-Length: 88
Content-Type: application/json; charset=utf-8
cache-control: no-cache

10:52:07.419 [AsyncHttpClient-1-3] DEBUG org.asynchttpclient.netty.channel.ChannelManager - Adding key: http://localhost:14650 for channel [id: 0x1a9667f1, L:/127.0.0.1:64451 - R:localhost/127.0.0.1:14650]
10:52:07.420 [Forwarding getElementText on session 72f0944edfb847112d07e03154691d26 to remote] DEBUG org.asynchttpclient.netty.request.NettyRequestSender - Using pooled Channel '[id: 0x1a9667f1, L:/127.0.0.1:64451 - R:localhost/127.0.0.1:14650]' for 'GET' to 'http://localhost:14650/session/72f0944edfb847112d07e03154691d26/element/adaa3f8c-f86a-494c-a14c-b29d0882daeb/text'
10:52:07.420 [Forwarding getElementText on session 72f0944edfb847112d07e03154691d26 to remote] DEBUG org.asynchttpclient.netty.request.NettyRequestSender - Using open Channel [id: 0x1a9667f1, L:/127.0.0.1:64451 - R:localhost/127.0.0.1:14650] for GET '/session/72f0944edfb847112d07e03154691d26/element/adaa3f8c-f86a-494c-a14c-b29d0882daeb/text'
10:52:07.438 [AsyncHttpClient-1-3] DEBUG org.asynchttpclient.netty.handler.HttpHandler - 

Request DefaultFullHttpRequest(decodeResult: success, version: HTTP/1.1, content: EmptyByteBufBE)
GET /session/72f0944edfb847112d07e03154691d26/element/adaa3f8c-f86a-494c-a14c-b29d0882daeb/text HTTP/1.1
User-Agent: selenium/4.5.3 (java mac)
Cache-Control: no-cache
Content-Type: application/json; charset=utf-8
host: localhost:14650
accept: */*

Response DefaultHttpResponse(decodeResult: success, version: HTTP/1.1)
HTTP/1.1 200 OK
Content-Length: 30
Content-Type: application/json; charset=utf-8
cache-control: no-cache

10:52:07.438 [AsyncHttpClient-1-3] DEBUG org.asynchttpclient.netty.channel.ChannelManager - Adding key: http://localhost:14650 for channel [id: 0x1a9667f1, L:/127.0.0.1:64451 - R:localhost/127.0.0.1:14650]
10:52:07.440 [Forwarding findChildElement on session 72f0944edfb847112d07e03154691d26 to remote] DEBUG org.asynchttpclient.netty.request.NettyRequestSender - Using pooled Channel '[id: 0x1a9667f1, L:/127.0.0.1:64451 - R:localhost/127.0.0.1:14650]' for 'POST' to 'http://localhost:14650/session/72f0944edfb847112d07e03154691d26/element/63b5be8b-a3d2-48fe-abea-b2effd275595/element'
10:52:07.440 [Forwarding findChildElement on session 72f0944edfb847112d07e03154691d26 to remote] DEBUG org.asynchttpclient.netty.request.NettyRequestSender - Using open Channel [id: 0x1a9667f1, L:/127.0.0.1:64451 - R:localhost/127.0.0.1:14650] for POST '/session/72f0944edfb847112d07e03154691d26/element/63b5be8b-a3d2-48fe-abea-b2effd275595/element'
10:52:07.453 [AsyncHttpClient-1-3] DEBUG org.asynchttpclient.netty.handler.HttpHandler - 

Request DefaultHttpRequest(decodeResult: success, version: HTTP/1.1)
POST /session/72f0944edfb847112d07e03154691d26/element/63b5be8b-a3d2-48fe-abea-b2effd275595/element HTTP/1.1
User-Agent: selenium/4.5.3 (java mac)
Content-Length: 106
Content-Type: application/json; charset=utf-8
host: localhost:14650
accept: */*

Response DefaultHttpResponse(decodeResult: success, version: HTTP/1.1)
HTTP/1.1 200 OK
Content-Length: 88
Content-Type: application/json; charset=utf-8
cache-control: no-cache

10:52:07.454 [AsyncHttpClient-1-3] DEBUG org.asynchttpclient.netty.channel.ChannelManager - Adding key: http://localhost:14650 for channel [id: 0x1a9667f1, L:/127.0.0.1:64451 - R:localhost/127.0.0.1:14650]
10:52:07.455 [Forwarding getElementText on session 72f0944edfb847112d07e03154691d26 to remote] DEBUG org.asynchttpclient.netty.request.NettyRequestSender - Using pooled Channel '[id: 0x1a9667f1, L:/127.0.0.1:64451 - R:localhost/127.0.0.1:14650]' for 'GET' to 'http://localhost:14650/session/72f0944edfb847112d07e03154691d26/element/07c1f274-e3d9-4a45-ab0d-f5f3f1e0a5ea/text'
10:52:07.455 [Forwarding getElementText on session 72f0944edfb847112d07e03154691d26 to remote] DEBUG org.asynchttpclient.netty.request.NettyRequestSender - Using open Channel [id: 0x1a9667f1, L:/127.0.0.1:64451 - R:localhost/127.0.0.1:14650] for GET '/session/72f0944edfb847112d07e03154691d26/element/07c1f274-e3d9-4a45-ab0d-f5f3f1e0a5ea/text'
10:52:07.923 [AsyncHttpClient-1-3] DEBUG org.asynchttpclient.netty.handler.HttpHandler - 

Request DefaultFullHttpRequest(decodeResult: success, version: HTTP/1.1, content: EmptyByteBufBE)
GET /session/72f0944edfb847112d07e03154691d26/element/07c1f274-e3d9-4a45-ab0d-f5f3f1e0a5ea/text HTTP/1.1
User-Agent: selenium/4.5.3 (java mac)
Cache-Control: no-cache
Content-Type: application/json; charset=utf-8
host: localhost:14650
accept: */*

Response DefaultHttpResponse(decodeResult: success, version: HTTP/1.1)
HTTP/1.1 200 OK
Content-Length: 81
Content-Type: application/json; charset=utf-8
cache-control: no-cache

10:52:07.924 [AsyncHttpClient-1-3] DEBUG org.asynchttpclient.netty.channel.ChannelManager - Adding key: http://localhost:14650 for channel [id: 0x1a9667f1, L:/127.0.0.1:64451 - R:localhost/127.0.0.1:14650]
10:52:07.925 [Forwarding findChildElement on session 72f0944edfb847112d07e03154691d26 to remote] DEBUG org.asynchttpclient.netty.request.NettyRequestSender - Using pooled Channel '[id: 0x1a9667f1, L:/127.0.0.1:64451 - R:localhost/127.0.0.1:14650]' for 'POST' to 'http://localhost:14650/session/72f0944edfb847112d07e03154691d26/element/63b5be8b-a3d2-48fe-abea-b2effd275595/element'
10:52:07.925 [Forwarding findChildElement on session 72f0944edfb847112d07e03154691d26 to remote] DEBUG org.asynchttpclient.netty.request.NettyRequestSender - Using open Channel [id: 0x1a9667f1, L:/127.0.0.1:64451 - R:localhost/127.0.0.1:14650] for POST '/session/72f0944edfb847112d07e03154691d26/element/63b5be8b-a3d2-48fe-abea-b2effd275595/element'
10:52:07.965 [AsyncHttpClient-1-3] DEBUG org.asynchttpclient.netty.handler.HttpHandler - 

Request DefaultHttpRequest(decodeResult: success, version: HTTP/1.1)
POST /session/72f0944edfb847112d07e03154691d26/element/63b5be8b-a3d2-48fe-abea-b2effd275595/element HTTP/1.1
User-Agent: selenium/4.5.3 (java mac)
Content-Length: 106
Content-Type: application/json; charset=utf-8
host: localhost:14650
accept: */*

Response DefaultHttpResponse(decodeResult: success, version: HTTP/1.1)
HTTP/1.1 200 OK
Content-Length: 88
Content-Type: application/json; charset=utf-8
cache-control: no-cache

10:52:07.966 [AsyncHttpClient-1-3] DEBUG org.asynchttpclient.netty.channel.ChannelManager - Adding key: http://localhost:14650 for channel [id: 0x1a9667f1, L:/127.0.0.1:64451 - R:localhost/127.0.0.1:14650]
10:52:07.966 [Forwarding getElementText on session 72f0944edfb847112d07e03154691d26 to remote] DEBUG org.asynchttpclient.netty.request.NettyRequestSender - Using pooled Channel '[id: 0x1a9667f1, L:/127.0.0.1:64451 - R:localhost/127.0.0.1:14650]' for 'GET' to 'http://localhost:14650/session/72f0944edfb847112d07e03154691d26/element/aed187ea-1eed-4af9-ab08-ca6e54fb1967/text'
10:52:07.967 [Forwarding getElementText on session 72f0944edfb847112d07e03154691d26 to remote] DEBUG org.asynchttpclient.netty.request.NettyRequestSender - Using open Channel [id: 0x1a9667f1, L:/127.0.0.1:64451 - R:localhost/127.0.0.1:14650] for GET '/session/72f0944edfb847112d07e03154691d26/element/aed187ea-1eed-4af9-ab08-ca6e54fb1967/text'
10:52:08.350 [AsyncHttpClient-1-3] DEBUG org.asynchttpclient.netty.handler.HttpHandler - 

Request DefaultFullHttpRequest(decodeResult: success, version: HTTP/1.1, content: EmptyByteBufBE)
GET /session/72f0944edfb847112d07e03154691d26/element/aed187ea-1eed-4af9-ab08-ca6e54fb1967/text HTTP/1.1
User-Agent: selenium/4.5.3 (java mac)
Cache-Control: no-cache
Content-Type: application/json; charset=utf-8
host: localhost:14650
accept: */*

Response DefaultHttpResponse(decodeResult: success, version: HTTP/1.1)
HTTP/1.1 200 OK
Content-Length: 19
Content-Type: application/json; charset=utf-8
cache-control: no-cache

10:52:08.350 [AsyncHttpClient-1-3] DEBUG org.asynchttpclient.netty.channel.ChannelManager - Adding key: http://localhost:14650 for channel [id: 0x1a9667f1, L:/127.0.0.1:64451 - R:localhost/127.0.0.1:14650]
10:52:08.351 [Forwarding findChildElement on session 72f0944edfb847112d07e03154691d26 to remote] DEBUG org.asynchttpclient.netty.request.NettyRequestSender - Using pooled Channel '[id: 0x1a9667f1, L:/127.0.0.1:64451 - R:localhost/127.0.0.1:14650]' for 'POST' to 'http://localhost:14650/session/72f0944edfb847112d07e03154691d26/element/8aa6873f-8c8e-4ab7-b608-a105be78a141/element'
10:52:08.352 [Forwarding findChildElement on session 72f0944edfb847112d07e03154691d26 to remote] DEBUG org.asynchttpclient.netty.request.NettyRequestSender - Using open Channel [id: 0x1a9667f1, L:/127.0.0.1:64451 - R:localhost/127.0.0.1:14650] for POST '/session/72f0944edfb847112d07e03154691d26/element/8aa6873f-8c8e-4ab7-b608-a105be78a141/element'
10:52:08.636 [AsyncHttpClient-1-3] DEBUG org.asynchttpclient.netty.handler.HttpHandler - 

Request DefaultHttpRequest(decodeResult: success, version: HTTP/1.1)
POST /session/72f0944edfb847112d07e03154691d26/element/8aa6873f-8c8e-4ab7-b608-a105be78a141/element HTTP/1.1
User-Agent: selenium/4.5.3 (java mac)
Content-Length: 106
Content-Type: application/json; charset=utf-8
host: localhost:14650
accept: */*

Response DefaultHttpResponse(decodeResult: success, version: HTTP/1.1)
HTTP/1.1 200 OK
Content-Length: 88
Content-Type: application/json; charset=utf-8
cache-control: no-cache

10:52:08.636 [AsyncHttpClient-1-3] DEBUG org.asynchttpclient.netty.channel.ChannelManager - Adding key: http://localhost:14650 for channel [id: 0x1a9667f1, L:/127.0.0.1:64451 - R:localhost/127.0.0.1:14650]
10:52:08.637 [Forwarding getElementText on session 72f0944edfb847112d07e03154691d26 to remote] DEBUG org.asynchttpclient.netty.request.NettyRequestSender - Using pooled Channel '[id: 0x1a9667f1, L:/127.0.0.1:64451 - R:localhost/127.0.0.1:14650]' for 'GET' to 'http://localhost:14650/session/72f0944edfb847112d07e03154691d26/element/336ccdb2-3cea-4e56-aea7-81669634874d/text'
10:52:08.637 [Forwarding getElementText on session 72f0944edfb847112d07e03154691d26 to remote] DEBUG org.asynchttpclient.netty.request.NettyRequestSender - Using open Channel [id: 0x1a9667f1, L:/127.0.0.1:64451 - R:localhost/127.0.0.1:14650] for GET '/session/72f0944edfb847112d07e03154691d26/element/336ccdb2-3cea-4e56-aea7-81669634874d/text'
10:52:08.668 [AsyncHttpClient-1-3] DEBUG org.asynchttpclient.netty.handler.HttpHandler - 

Request DefaultFullHttpRequest(decodeResult: success, version: HTTP/1.1, content: EmptyByteBufBE)
GET /session/72f0944edfb847112d07e03154691d26/element/336ccdb2-3cea-4e56-aea7-81669634874d/text HTTP/1.1
User-Agent: selenium/4.5.3 (java mac)
Cache-Control: no-cache
Content-Type: application/json; charset=utf-8
host: localhost:14650
accept: */*

Response DefaultHttpResponse(decodeResult: success, version: HTTP/1.1)
HTTP/1.1 200 OK
Content-Length: 91
Content-Type: application/json; charset=utf-8
cache-control: no-cache

10:52:08.668 [AsyncHttpClient-1-3] DEBUG org.asynchttpclient.netty.channel.ChannelManager - Adding key: http://localhost:14650 for channel [id: 0x1a9667f1, L:/127.0.0.1:64451 - R:localhost/127.0.0.1:14650]
10:52:08.669 [Forwarding findChildElement on session 72f0944edfb847112d07e03154691d26 to remote] DEBUG org.asynchttpclient.netty.request.NettyRequestSender - Using pooled Channel '[id: 0x1a9667f1, L:/127.0.0.1:64451 - R:localhost/127.0.0.1:14650]' for 'POST' to 'http://localhost:14650/session/72f0944edfb847112d07e03154691d26/element/8aa6873f-8c8e-4ab7-b608-a105be78a141/element'
10:52:08.669 [Forwarding findChildElement on session 72f0944edfb847112d07e03154691d26 to remote] DEBUG org.asynchttpclient.netty.request.NettyRequestSender - Using open Channel [id: 0x1a9667f1, L:/127.0.0.1:64451 - R:localhost/127.0.0.1:14650] for POST '/session/72f0944edfb847112d07e03154691d26/element/8aa6873f-8c8e-4ab7-b608-a105be78a141/element'
10:52:08.684 [AsyncHttpClient-1-3] DEBUG org.asynchttpclient.netty.handler.HttpHandler - 

Request DefaultHttpRequest(decodeResult: success, version: HTTP/1.1)
POST /session/72f0944edfb847112d07e03154691d26/element/8aa6873f-8c8e-4ab7-b608-a105be78a141/element HTTP/1.1
User-Agent: selenium/4.5.3 (java mac)
Content-Length: 106
Content-Type: application/json; charset=utf-8
host: localhost:14650
accept: */*

Response DefaultHttpResponse(decodeResult: success, version: HTTP/1.1)
HTTP/1.1 200 OK
Content-Length: 88
Content-Type: application/json; charset=utf-8
cache-control: no-cache

10:52:08.684 [AsyncHttpClient-1-3] DEBUG org.asynchttpclient.netty.channel.ChannelManager - Adding key: http://localhost:14650 for channel [id: 0x1a9667f1, L:/127.0.0.1:64451 - R:localhost/127.0.0.1:14650]
10:52:08.685 [Forwarding getElementText on session 72f0944edfb847112d07e03154691d26 to remote] DEBUG org.asynchttpclient.netty.request.NettyRequestSender - Using pooled Channel '[id: 0x1a9667f1, L:/127.0.0.1:64451 - R:localhost/127.0.0.1:14650]' for 'GET' to 'http://localhost:14650/session/72f0944edfb847112d07e03154691d26/element/801f3987-f5f3-4ddd-9288-85162f82a7b4/text'
10:52:08.685 [Forwarding getElementText on session 72f0944edfb847112d07e03154691d26 to remote] DEBUG org.asynchttpclient.netty.request.NettyRequestSender - Using open Channel [id: 0x1a9667f1, L:/127.0.0.1:64451 - R:localhost/127.0.0.1:14650] for GET '/session/72f0944edfb847112d07e03154691d26/element/801f3987-f5f3-4ddd-9288-85162f82a7b4/text'
10:52:08.706 [AsyncHttpClient-1-3] DEBUG org.asynchttpclient.netty.handler.HttpHandler - 

Request DefaultFullHttpRequest(decodeResult: success, version: HTTP/1.1, content: EmptyByteBufBE)
GET /session/72f0944edfb847112d07e03154691d26/element/801f3987-f5f3-4ddd-9288-85162f82a7b4/text HTTP/1.1
User-Agent: selenium/4.5.3 (java mac)
Cache-Control: no-cache
Content-Type: application/json; charset=utf-8
host: localhost:14650
accept: */*

Response DefaultHttpResponse(decodeResult: success, version: HTTP/1.1)
HTTP/1.1 200 OK
Content-Length: 19
Content-Type: application/json; charset=utf-8
cache-control: no-cache

10:52:08.797 [AsyncHttpClient-1-3] DEBUG org.asynchttpclient.netty.channel.ChannelManager - Adding key: http://localhost:14650 for channel [id: 0x1a9667f1, L:/127.0.0.1:64451 - R:localhost/127.0.0.1:14650]
10:52:08.801 [AsyncHttpClient-1-1] DEBUG org.asynchttpclient.netty.channel.DefaultChannelPool - Entry count for : http://localhost:14650 : 1
10:52:08.811 [Forwarding findChildElement on session 72f0944edfb847112d07e03154691d26 to remote] DEBUG org.asynchttpclient.netty.request.NettyRequestSender - Using pooled Channel '[id: 0x1a9667f1, L:/127.0.0.1:64451 - R:localhost/127.0.0.1:14650]' for 'POST' to 'http://localhost:14650/session/72f0944edfb847112d07e03154691d26/element/5ea9ae10-e1eb-4634-a42f-daa4c400c6f0/element'
10:52:08.811 [Forwarding findChildElement on session 72f0944edfb847112d07e03154691d26 to remote] DEBUG org.asynchttpclient.netty.request.NettyRequestSender - Using open Channel [id: 0x1a9667f1, L:/127.0.0.1:64451 - R:localhost/127.0.0.1:14650] for POST '/session/72f0944edfb847112d07e03154691d26/element/5ea9ae10-e1eb-4634-a42f-daa4c400c6f0/element'
10:52:09.151 [AsyncHttpClient-1-3] DEBUG org.asynchttpclient.netty.handler.HttpHandler - 

Request DefaultHttpRequest(decodeResult: success, version: HTTP/1.1)
POST /session/72f0944edfb847112d07e03154691d26/element/5ea9ae10-e1eb-4634-a42f-daa4c400c6f0/element HTTP/1.1
User-Agent: selenium/4.5.3 (java mac)
Content-Length: 106
Content-Type: application/json; charset=utf-8
host: localhost:14650
accept: */*

Response DefaultHttpResponse(decodeResult: success, version: HTTP/1.1)
HTTP/1.1 200 OK
Content-Length: 88
Content-Type: application/json; charset=utf-8
cache-control: no-cache

10:52:09.151 [AsyncHttpClient-1-3] DEBUG org.asynchttpclient.netty.channel.ChannelManager - Adding key: http://localhost:14650 for channel [id: 0x1a9667f1, L:/127.0.0.1:64451 - R:localhost/127.0.0.1:14650]
10:52:09.151 [Forwarding getElementText on session 72f0944edfb847112d07e03154691d26 to remote] DEBUG org.asynchttpclient.netty.request.NettyRequestSender - Using pooled Channel '[id: 0x1a9667f1, L:/127.0.0.1:64451 - R:localhost/127.0.0.1:14650]' for 'GET' to 'http://localhost:14650/session/72f0944edfb847112d07e03154691d26/element/7f3c1334-45a8-4e8b-865f-e2341a31a802/text'
10:52:09.152 [Forwarding getElementText on session 72f0944edfb847112d07e03154691d26 to remote] DEBUG org.asynchttpclient.netty.request.NettyRequestSender - Using open Channel [id: 0x1a9667f1, L:/127.0.0.1:64451 - R:localhost/127.0.0.1:14650] for GET '/session/72f0944edfb847112d07e03154691d26/element/7f3c1334-45a8-4e8b-865f-e2341a31a802/text'
10:52:09.203 [AsyncHttpClient-1-3] DEBUG org.asynchttpclient.netty.handler.HttpHandler - 

Request DefaultFullHttpRequest(decodeResult: success, version: HTTP/1.1, content: EmptyByteBufBE)
GET /session/72f0944edfb847112d07e03154691d26/element/7f3c1334-45a8-4e8b-865f-e2341a31a802/text HTTP/1.1
User-Agent: selenium/4.5.3 (java mac)
Cache-Control: no-cache
Content-Type: application/json; charset=utf-8
host: localhost:14650
accept: */*

Response DefaultHttpResponse(decodeResult: success, version: HTTP/1.1)
HTTP/1.1 200 OK
Content-Length: 86
Content-Type: application/json; charset=utf-8
cache-control: no-cache

10:52:09.203 [AsyncHttpClient-1-3] DEBUG org.asynchttpclient.netty.channel.ChannelManager - Adding key: http://localhost:14650 for channel [id: 0x1a9667f1, L:/127.0.0.1:64451 - R:localhost/127.0.0.1:14650]
10:52:09.204 [Forwarding findChildElement on session 72f0944edfb847112d07e03154691d26 to remote] DEBUG org.asynchttpclient.netty.request.NettyRequestSender - Using pooled Channel '[id: 0x1a9667f1, L:/127.0.0.1:64451 - R:localhost/127.0.0.1:14650]' for 'POST' to 'http://localhost:14650/session/72f0944edfb847112d07e03154691d26/element/5ea9ae10-e1eb-4634-a42f-daa4c400c6f0/element'
10:52:09.204 [Forwarding findChildElement on session 72f0944edfb847112d07e03154691d26 to remote] DEBUG org.asynchttpclient.netty.request.NettyRequestSender - Using open Channel [id: 0x1a9667f1, L:/127.0.0.1:64451 - R:localhost/127.0.0.1:14650] for POST '/session/72f0944edfb847112d07e03154691d26/element/5ea9ae10-e1eb-4634-a42f-daa4c400c6f0/element'
10:52:09.624 [AsyncHttpClient-1-3] DEBUG org.asynchttpclient.netty.handler.HttpHandler - 

Request DefaultHttpRequest(decodeResult: success, version: HTTP/1.1)
POST /session/72f0944edfb847112d07e03154691d26/element/5ea9ae10-e1eb-4634-a42f-daa4c400c6f0/element HTTP/1.1
User-Agent: selenium/4.5.3 (java mac)
Content-Length: 106
Content-Type: application/json; charset=utf-8
host: localhost:14650
accept: */*

Response DefaultHttpResponse(decodeResult: success, version: HTTP/1.1)
HTTP/1.1 200 OK
Content-Length: 88
Content-Type: application/json; charset=utf-8
cache-control: no-cache

10:52:09.624 [AsyncHttpClient-1-3] DEBUG org.asynchttpclient.netty.channel.ChannelManager - Adding key: http://localhost:14650 for channel [id: 0x1a9667f1, L:/127.0.0.1:64451 - R:localhost/127.0.0.1:14650]
10:52:09.625 [Forwarding getElementText on session 72f0944edfb847112d07e03154691d26 to remote] DEBUG org.asynchttpclient.netty.request.NettyRequestSender - Using pooled Channel '[id: 0x1a9667f1, L:/127.0.0.1:64451 - R:localhost/127.0.0.1:14650]' for 'GET' to 'http://localhost:14650/session/72f0944edfb847112d07e03154691d26/element/1c04a311-64f8-45ed-ae82-84ff276994fa/text'
10:52:09.625 [Forwarding getElementText on session 72f0944edfb847112d07e03154691d26 to remote] DEBUG org.asynchttpclient.netty.request.NettyRequestSender - Using open Channel [id: 0x1a9667f1, L:/127.0.0.1:64451 - R:localhost/127.0.0.1:14650] for GET '/session/72f0944edfb847112d07e03154691d26/element/1c04a311-64f8-45ed-ae82-84ff276994fa/text'
10:52:09.762 [AsyncHttpClient-1-3] DEBUG org.asynchttpclient.netty.handler.HttpHandler - 

Request DefaultFullHttpRequest(decodeResult: success, version: HTTP/1.1, content: EmptyByteBufBE)
GET /session/72f0944edfb847112d07e03154691d26/element/1c04a311-64f8-45ed-ae82-84ff276994fa/text HTTP/1.1
User-Agent: selenium/4.5.3 (java mac)
Cache-Control: no-cache
Content-Type: application/json; charset=utf-8
host: localhost:14650
accept: */*

Response DefaultHttpResponse(decodeResult: success, version: HTTP/1.1)
HTTP/1.1 200 OK
Content-Length: 30
Content-Type: application/json; charset=utf-8
cache-control: no-cache

10:52:09.762 [AsyncHttpClient-1-3] DEBUG org.asynchttpclient.netty.channel.ChannelManager - Adding key: http://localhost:14650 for channel [id: 0x1a9667f1, L:/127.0.0.1:64451 - R:localhost/127.0.0.1:14650]
10:52:09.766 [Forwarding findChildElement on session 72f0944edfb847112d07e03154691d26 to remote] DEBUG org.asynchttpclient.netty.request.NettyRequestSender - Using pooled Channel '[id: 0x1a9667f1, L:/127.0.0.1:64451 - R:localhost/127.0.0.1:14650]' for 'POST' to 'http://localhost:14650/session/72f0944edfb847112d07e03154691d26/element/a6db65bc-a862-4d71-9536-0cc7091b9762/element'
10:52:09.766 [Forwarding findChildElement on session 72f0944edfb847112d07e03154691d26 to remote] DEBUG org.asynchttpclient.netty.request.NettyRequestSender - Using open Channel [id: 0x1a9667f1, L:/127.0.0.1:64451 - R:localhost/127.0.0.1:14650] for POST '/session/72f0944edfb847112d07e03154691d26/element/a6db65bc-a862-4d71-9536-0cc7091b9762/element'
10:52:09.787 [AsyncHttpClient-1-3] DEBUG org.asynchttpclient.netty.handler.HttpHandler - 

Request DefaultHttpRequest(decodeResult: success, version: HTTP/1.1)
POST /session/72f0944edfb847112d07e03154691d26/element/a6db65bc-a862-4d71-9536-0cc7091b9762/element HTTP/1.1
User-Agent: selenium/4.5.3 (java mac)
Content-Length: 106
Content-Type: application/json; charset=utf-8
host: localhost:14650
accept: */*

Response DefaultHttpResponse(decodeResult: success, version: HTTP/1.1)
HTTP/1.1 200 OK
Content-Length: 88
Content-Type: application/json; charset=utf-8
cache-control: no-cache

10:52:09.787 [AsyncHttpClient-1-3] DEBUG org.asynchttpclient.netty.channel.ChannelManager - Adding key: http://localhost:14650 for channel [id: 0x1a9667f1, L:/127.0.0.1:64451 - R:localhost/127.0.0.1:14650]
10:52:09.788 [Forwarding getElementText on session 72f0944edfb847112d07e03154691d26 to remote] DEBUG org.asynchttpclient.netty.request.NettyRequestSender - Using pooled Channel '[id: 0x1a9667f1, L:/127.0.0.1:64451 - R:localhost/127.0.0.1:14650]' for 'GET' to 'http://localhost:14650/session/72f0944edfb847112d07e03154691d26/element/780ce7ea-b662-47a4-bfcd-83a0e2c2cab1/text'
10:52:09.788 [Forwarding getElementText on session 72f0944edfb847112d07e03154691d26 to remote] DEBUG org.asynchttpclient.netty.request.NettyRequestSender - Using open Channel [id: 0x1a9667f1, L:/127.0.0.1:64451 - R:localhost/127.0.0.1:14650] for GET '/session/72f0944edfb847112d07e03154691d26/element/780ce7ea-b662-47a4-bfcd-83a0e2c2cab1/text'
10:52:10.438 [AsyncHttpClient-1-3] DEBUG org.asynchttpclient.netty.handler.HttpHandler - 

Request DefaultFullHttpRequest(decodeResult: success, version: HTTP/1.1, content: EmptyByteBufBE)
GET /session/72f0944edfb847112d07e03154691d26/element/780ce7ea-b662-47a4-bfcd-83a0e2c2cab1/text HTTP/1.1
User-Agent: selenium/4.5.3 (java mac)
Cache-Control: no-cache
Content-Type: application/json; charset=utf-8
host: localhost:14650
accept: */*

Response DefaultHttpResponse(decodeResult: success, version: HTTP/1.1)
HTTP/1.1 200 OK
Content-Length: 86
Content-Type: application/json; charset=utf-8
cache-control: no-cache

10:52:10.439 [AsyncHttpClient-1-3] DEBUG org.asynchttpclient.netty.channel.ChannelManager - Adding key: http://localhost:14650 for channel [id: 0x1a9667f1, L:/127.0.0.1:64451 - R:localhost/127.0.0.1:14650]
10:52:10.440 [Forwarding findChildElement on session 72f0944edfb847112d07e03154691d26 to remote] DEBUG org.asynchttpclient.netty.request.NettyRequestSender - Using pooled Channel '[id: 0x1a9667f1, L:/127.0.0.1:64451 - R:localhost/127.0.0.1:14650]' for 'POST' to 'http://localhost:14650/session/72f0944edfb847112d07e03154691d26/element/a6db65bc-a862-4d71-9536-0cc7091b9762/element'
10:52:10.440 [Forwarding findChildElement on session 72f0944edfb847112d07e03154691d26 to remote] DEBUG org.asynchttpclient.netty.request.NettyRequestSender - Using open Channel [id: 0x1a9667f1, L:/127.0.0.1:64451 - R:localhost/127.0.0.1:14650] for POST '/session/72f0944edfb847112d07e03154691d26/element/a6db65bc-a862-4d71-9536-0cc7091b9762/element'
10:52:10.877 [AsyncHttpClient-1-3] DEBUG org.asynchttpclient.netty.handler.HttpHandler - 

Request DefaultHttpRequest(decodeResult: success, version: HTTP/1.1)
POST /session/72f0944edfb847112d07e03154691d26/element/a6db65bc-a862-4d71-9536-0cc7091b9762/element HTTP/1.1
User-Agent: selenium/4.5.3 (java mac)
Content-Length: 106
Content-Type: application/json; charset=utf-8
host: localhost:14650
accept: */*

Response DefaultHttpResponse(decodeResult: success, version: HTTP/1.1)
HTTP/1.1 200 OK
Content-Length: 88
Content-Type: application/json; charset=utf-8
cache-control: no-cache

10:52:10.877 [AsyncHttpClient-1-3] DEBUG org.asynchttpclient.netty.channel.ChannelManager - Adding key: http://localhost:14650 for channel [id: 0x1a9667f1, L:/127.0.0.1:64451 - R:localhost/127.0.0.1:14650]
10:52:10.879 [Forwarding getElementText on session 72f0944edfb847112d07e03154691d26 to remote] DEBUG org.asynchttpclient.netty.request.NettyRequestSender - Using pooled Channel '[id: 0x1a9667f1, L:/127.0.0.1:64451 - R:localhost/127.0.0.1:14650]' for 'GET' to 'http://localhost:14650/session/72f0944edfb847112d07e03154691d26/element/26a9c20b-227b-46cc-89f6-7f23c10221b8/text'
10:52:10.879 [Forwarding getElementText on session 72f0944edfb847112d07e03154691d26 to remote] DEBUG org.asynchttpclient.netty.request.NettyRequestSender - Using open Channel [id: 0x1a9667f1, L:/127.0.0.1:64451 - R:localhost/127.0.0.1:14650] for GET '/session/72f0944edfb847112d07e03154691d26/element/26a9c20b-227b-46cc-89f6-7f23c10221b8/text'
10:52:12.087 [AsyncHttpClient-1-3] DEBUG org.asynchttpclient.netty.handler.HttpHandler - 

Request DefaultFullHttpRequest(decodeResult: success, version: HTTP/1.1, content: EmptyByteBufBE)
GET /session/72f0944edfb847112d07e03154691d26/element/26a9c20b-227b-46cc-89f6-7f23c10221b8/text HTTP/1.1
User-Agent: selenium/4.5.3 (java mac)
Cache-Control: no-cache
Content-Type: application/json; charset=utf-8
host: localhost:14650
accept: */*

Response DefaultHttpResponse(decodeResult: success, version: HTTP/1.1)
HTTP/1.1 200 OK
Content-Length: 19
Content-Type: application/json; charset=utf-8
cache-control: no-cache

10:52:12.087 [AsyncHttpClient-1-3] DEBUG org.asynchttpclient.netty.channel.ChannelManager - Adding key: http://localhost:14650 for channel [id: 0x1a9667f1, L:/127.0.0.1:64451 - R:localhost/127.0.0.1:14650]
10:52:12.088 [Forwarding findChildElement on session 72f0944edfb847112d07e03154691d26 to remote] DEBUG org.asynchttpclient.netty.request.NettyRequestSender - Using pooled Channel '[id: 0x1a9667f1, L:/127.0.0.1:64451 - R:localhost/127.0.0.1:14650]' for 'POST' to 'http://localhost:14650/session/72f0944edfb847112d07e03154691d26/element/102f4af4-1dd9-4131-959c-74ed38837605/element'
10:52:12.089 [Forwarding findChildElement on session 72f0944edfb847112d07e03154691d26 to remote] DEBUG org.asynchttpclient.netty.request.NettyRequestSender - Using open Channel [id: 0x1a9667f1, L:/127.0.0.1:64451 - R:localhost/127.0.0.1:14650] for POST '/session/72f0944edfb847112d07e03154691d26/element/102f4af4-1dd9-4131-959c-74ed38837605/element'
10:52:12.498 [AsyncHttpClient-1-3] DEBUG org.asynchttpclient.netty.handler.HttpHandler - 

Request DefaultHttpRequest(decodeResult: success, version: HTTP/1.1)
POST /session/72f0944edfb847112d07e03154691d26/element/102f4af4-1dd9-4131-959c-74ed38837605/element HTTP/1.1
User-Agent: selenium/4.5.3 (java mac)
Content-Length: 106
Content-Type: application/json; charset=utf-8
host: localhost:14650
accept: */*

Response DefaultHttpResponse(decodeResult: success, version: HTTP/1.1)
HTTP/1.1 200 OK
Content-Length: 88
Content-Type: application/json; charset=utf-8
cache-control: no-cache

10:52:12.498 [AsyncHttpClient-1-3] DEBUG org.asynchttpclient.netty.channel.ChannelManager - Adding key: http://localhost:14650 for channel [id: 0x1a9667f1, L:/127.0.0.1:64451 - R:localhost/127.0.0.1:14650]
10:52:12.499 [Forwarding getElementText on session 72f0944edfb847112d07e03154691d26 to remote] DEBUG org.asynchttpclient.netty.request.NettyRequestSender - Using pooled Channel '[id: 0x1a9667f1, L:/127.0.0.1:64451 - R:localhost/127.0.0.1:14650]' for 'GET' to 'http://localhost:14650/session/72f0944edfb847112d07e03154691d26/element/608997d9-8778-4eeb-974c-6e5be1fa3ef7/text'
10:52:12.499 [Forwarding getElementText on session 72f0944edfb847112d07e03154691d26 to remote] DEBUG org.asynchttpclient.netty.request.NettyRequestSender - Using open Channel [id: 0x1a9667f1, L:/127.0.0.1:64451 - R:localhost/127.0.0.1:14650] for GET '/session/72f0944edfb847112d07e03154691d26/element/608997d9-8778-4eeb-974c-6e5be1fa3ef7/text'
10:52:12.529 [AsyncHttpClient-1-3] DEBUG org.asynchttpclient.netty.handler.HttpHandler - 

Request DefaultFullHttpRequest(decodeResult: success, version: HTTP/1.1, content: EmptyByteBufBE)
GET /session/72f0944edfb847112d07e03154691d26/element/608997d9-8778-4eeb-974c-6e5be1fa3ef7/text HTTP/1.1
User-Agent: selenium/4.5.3 (java mac)
Cache-Control: no-cache
Content-Type: application/json; charset=utf-8
host: localhost:14650
accept: */*

Response DefaultHttpResponse(decodeResult: success, version: HTTP/1.1)
HTTP/1.1 200 OK
Content-Length: 72
Content-Type: application/json; charset=utf-8
cache-control: no-cache

10:52:12.529 [AsyncHttpClient-1-3] DEBUG org.asynchttpclient.netty.channel.ChannelManager - Adding key: http://localhost:14650 for channel [id: 0x1a9667f1, L:/127.0.0.1:64451 - R:localhost/127.0.0.1:14650]
10:52:12.531 [Forwarding findChildElement on session 72f0944edfb847112d07e03154691d26 to remote] DEBUG org.asynchttpclient.netty.request.NettyRequestSender - Using pooled Channel '[id: 0x1a9667f1, L:/127.0.0.1:64451 - R:localhost/127.0.0.1:14650]' for 'POST' to 'http://localhost:14650/session/72f0944edfb847112d07e03154691d26/element/102f4af4-1dd9-4131-959c-74ed38837605/element'
10:52:12.531 [Forwarding findChildElement on session 72f0944edfb847112d07e03154691d26 to remote] DEBUG org.asynchttpclient.netty.request.NettyRequestSender - Using open Channel [id: 0x1a9667f1, L:/127.0.0.1:64451 - R:localhost/127.0.0.1:14650] for POST '/session/72f0944edfb847112d07e03154691d26/element/102f4af4-1dd9-4131-959c-74ed38837605/element'
10:52:12.557 [AsyncHttpClient-1-3] DEBUG org.asynchttpclient.netty.handler.HttpHandler - 

Request DefaultHttpRequest(decodeResult: success, version: HTTP/1.1)
POST /session/72f0944edfb847112d07e03154691d26/element/102f4af4-1dd9-4131-959c-74ed38837605/element HTTP/1.1
User-Agent: selenium/4.5.3 (java mac)
Content-Length: 106
Content-Type: application/json; charset=utf-8
host: localhost:14650
accept: */*

Response DefaultHttpResponse(decodeResult: success, version: HTTP/1.1)
HTTP/1.1 200 OK
Content-Length: 88
Content-Type: application/json; charset=utf-8
cache-control: no-cache

10:52:12.558 [AsyncHttpClient-1-3] DEBUG org.asynchttpclient.netty.channel.ChannelManager - Adding key: http://localhost:14650 for channel [id: 0x1a9667f1, L:/127.0.0.1:64451 - R:localhost/127.0.0.1:14650]
10:52:12.559 [Forwarding getElementText on session 72f0944edfb847112d07e03154691d26 to remote] DEBUG org.asynchttpclient.netty.request.NettyRequestSender - Using pooled Channel '[id: 0x1a9667f1, L:/127.0.0.1:64451 - R:localhost/127.0.0.1:14650]' for 'GET' to 'http://localhost:14650/session/72f0944edfb847112d07e03154691d26/element/3cd37ce3-cc33-447b-a40b-147ffe14e910/text'
10:52:12.559 [Forwarding getElementText on session 72f0944edfb847112d07e03154691d26 to remote] DEBUG org.asynchttpclient.netty.request.NettyRequestSender - Using open Channel [id: 0x1a9667f1, L:/127.0.0.1:64451 - R:localhost/127.0.0.1:14650] for GET '/session/72f0944edfb847112d07e03154691d26/element/3cd37ce3-cc33-447b-a40b-147ffe14e910/text'
10:52:12.601 [AsyncHttpClient-1-3] DEBUG org.asynchttpclient.netty.handler.HttpHandler - 

Request DefaultFullHttpRequest(decodeResult: success, version: HTTP/1.1, content: EmptyByteBufBE)
GET /session/72f0944edfb847112d07e03154691d26/element/3cd37ce3-cc33-447b-a40b-147ffe14e910/text HTTP/1.1
User-Agent: selenium/4.5.3 (java mac)
Cache-Control: no-cache
Content-Type: application/json; charset=utf-8
host: localhost:14650
accept: */*

Response DefaultHttpResponse(decodeResult: success, version: HTTP/1.1)
HTTP/1.1 200 OK
Content-Length: 28
Content-Type: application/json; charset=utf-8
cache-control: no-cache

10:52:12.601 [AsyncHttpClient-1-3] DEBUG org.asynchttpclient.netty.channel.ChannelManager - Adding key: http://localhost:14650 for channel [id: 0x1a9667f1, L:/127.0.0.1:64451 - R:localhost/127.0.0.1:14650]
10:52:12.603 [Forwarding findChildElement on session 72f0944edfb847112d07e03154691d26 to remote] DEBUG org.asynchttpclient.netty.request.NettyRequestSender - Using pooled Channel '[id: 0x1a9667f1, L:/127.0.0.1:64451 - R:localhost/127.0.0.1:14650]' for 'POST' to 'http://localhost:14650/session/72f0944edfb847112d07e03154691d26/element/02fd90c4-d1f1-44c7-8add-3c28a3e71d94/element'
10:52:12.603 [Forwarding findChildElement on session 72f0944edfb847112d07e03154691d26 to remote] DEBUG org.asynchttpclient.netty.request.NettyRequestSender - Using open Channel [id: 0x1a9667f1, L:/127.0.0.1:64451 - R:localhost/127.0.0.1:14650] for POST '/session/72f0944edfb847112d07e03154691d26/element/02fd90c4-d1f1-44c7-8add-3c28a3e71d94/element'
10:52:13.253 [AsyncHttpClient-1-3] DEBUG org.asynchttpclient.netty.handler.HttpHandler - 

Request DefaultHttpRequest(decodeResult: success, version: HTTP/1.1)
POST /session/72f0944edfb847112d07e03154691d26/element/02fd90c4-d1f1-44c7-8add-3c28a3e71d94/element HTTP/1.1
User-Agent: selenium/4.5.3 (java mac)
Content-Length: 106
Content-Type: application/json; charset=utf-8
host: localhost:14650
accept: */*

Response DefaultHttpResponse(decodeResult: success, version: HTTP/1.1)
HTTP/1.1 200 OK
Content-Length: 88
Content-Type: application/json; charset=utf-8
cache-control: no-cache

10:52:13.254 [AsyncHttpClient-1-3] DEBUG org.asynchttpclient.netty.channel.ChannelManager - Adding key: http://localhost:14650 for channel [id: 0x1a9667f1, L:/127.0.0.1:64451 - R:localhost/127.0.0.1:14650]
10:52:13.256 [Forwarding getElementText on session 72f0944edfb847112d07e03154691d26 to remote] DEBUG org.asynchttpclient.netty.request.NettyRequestSender - Using pooled Channel '[id: 0x1a9667f1, L:/127.0.0.1:64451 - R:localhost/127.0.0.1:14650]' for 'GET' to 'http://localhost:14650/session/72f0944edfb847112d07e03154691d26/element/3b02c480-db13-41ba-8e5b-8d8fdc2f5ec0/text'
10:52:13.256 [Forwarding getElementText on session 72f0944edfb847112d07e03154691d26 to remote] DEBUG org.asynchttpclient.netty.request.NettyRequestSender - Using open Channel [id: 0x1a9667f1, L:/127.0.0.1:64451 - R:localhost/127.0.0.1:14650] for GET '/session/72f0944edfb847112d07e03154691d26/element/3b02c480-db13-41ba-8e5b-8d8fdc2f5ec0/text'
10:52:13.284 [AsyncHttpClient-1-3] DEBUG org.asynchttpclient.netty.handler.HttpHandler - 

Request DefaultFullHttpRequest(decodeResult: success, version: HTTP/1.1, content: EmptyByteBufBE)
GET /session/72f0944edfb847112d07e03154691d26/element/3b02c480-db13-41ba-8e5b-8d8fdc2f5ec0/text HTTP/1.1
User-Agent: selenium/4.5.3 (java mac)
Cache-Control: no-cache
Content-Type: application/json; charset=utf-8
host: localhost:14650
accept: */*

Response DefaultHttpResponse(decodeResult: success, version: HTTP/1.1)
HTTP/1.1 200 OK
Content-Length: 90
Content-Type: application/json; charset=utf-8
cache-control: no-cache

10:52:13.285 [AsyncHttpClient-1-3] DEBUG org.asynchttpclient.netty.channel.ChannelManager - Adding key: http://localhost:14650 for channel [id: 0x1a9667f1, L:/127.0.0.1:64451 - R:localhost/127.0.0.1:14650]
10:52:13.286 [Forwarding findChildElement on session 72f0944edfb847112d07e03154691d26 to remote] DEBUG org.asynchttpclient.netty.request.NettyRequestSender - Using pooled Channel '[id: 0x1a9667f1, L:/127.0.0.1:64451 - R:localhost/127.0.0.1:14650]' for 'POST' to 'http://localhost:14650/session/72f0944edfb847112d07e03154691d26/element/02fd90c4-d1f1-44c7-8add-3c28a3e71d94/element'
10:52:13.287 [Forwarding findChildElement on session 72f0944edfb847112d07e03154691d26 to remote] DEBUG org.asynchttpclient.netty.request.NettyRequestSender - Using open Channel [id: 0x1a9667f1, L:/127.0.0.1:64451 - R:localhost/127.0.0.1:14650] for POST '/session/72f0944edfb847112d07e03154691d26/element/02fd90c4-d1f1-44c7-8add-3c28a3e71d94/element'
10:52:13.336 [AsyncHttpClient-1-3] DEBUG org.asynchttpclient.netty.handler.HttpHandler - 

Request DefaultHttpRequest(decodeResult: success, version: HTTP/1.1)
POST /session/72f0944edfb847112d07e03154691d26/element/02fd90c4-d1f1-44c7-8add-3c28a3e71d94/element HTTP/1.1
User-Agent: selenium/4.5.3 (java mac)
Content-Length: 106
Content-Type: application/json; charset=utf-8
host: localhost:14650
accept: */*

Response DefaultHttpResponse(decodeResult: success, version: HTTP/1.1)
HTTP/1.1 200 OK
Content-Length: 88
Content-Type: application/json; charset=utf-8
cache-control: no-cache

10:52:13.336 [AsyncHttpClient-1-3] DEBUG org.asynchttpclient.netty.channel.ChannelManager - Adding key: http://localhost:14650 for channel [id: 0x1a9667f1, L:/127.0.0.1:64451 - R:localhost/127.0.0.1:14650]
10:52:13.337 [Forwarding getElementText on session 72f0944edfb847112d07e03154691d26 to remote] DEBUG org.asynchttpclient.netty.request.NettyRequestSender - Using pooled Channel '[id: 0x1a9667f1, L:/127.0.0.1:64451 - R:localhost/127.0.0.1:14650]' for 'GET' to 'http://localhost:14650/session/72f0944edfb847112d07e03154691d26/element/a8466817-b9c4-430b-9f7b-8e08f3b168ce/text'
10:52:13.337 [Forwarding getElementText on session 72f0944edfb847112d07e03154691d26 to remote] DEBUG org.asynchttpclient.netty.request.NettyRequestSender - Using open Channel [id: 0x1a9667f1, L:/127.0.0.1:64451 - R:localhost/127.0.0.1:14650] for GET '/session/72f0944edfb847112d07e03154691d26/element/a8466817-b9c4-430b-9f7b-8e08f3b168ce/text'
10:52:14.184 [AsyncHttpClient-1-3] DEBUG org.asynchttpclient.netty.handler.HttpHandler - 

Request DefaultFullHttpRequest(decodeResult: success, version: HTTP/1.1, content: EmptyByteBufBE)
GET /session/72f0944edfb847112d07e03154691d26/element/a8466817-b9c4-430b-9f7b-8e08f3b168ce/text HTTP/1.1
User-Agent: selenium/4.5.3 (java mac)
Cache-Control: no-cache
Content-Type: application/json; charset=utf-8
host: localhost:14650
accept: */*

Response DefaultHttpResponse(decodeResult: success, version: HTTP/1.1)
HTTP/1.1 200 OK
Content-Length: 19
Content-Type: application/json; charset=utf-8
cache-control: no-cache

10:52:14.185 [AsyncHttpClient-1-3] DEBUG org.asynchttpclient.netty.channel.ChannelManager - Adding key: http://localhost:14650 for channel [id: 0x1a9667f1, L:/127.0.0.1:64451 - R:localhost/127.0.0.1:14650]
10:52:14.186 [Forwarding findChildElement on session 72f0944edfb847112d07e03154691d26 to remote] DEBUG org.asynchttpclient.netty.request.NettyRequestSender - Using pooled Channel '[id: 0x1a9667f1, L:/127.0.0.1:64451 - R:localhost/127.0.0.1:14650]' for 'POST' to 'http://localhost:14650/session/72f0944edfb847112d07e03154691d26/element/453bea9b-32f8-427d-b345-37c8d6be3b0c/element'
10:52:14.186 [Forwarding findChildElement on session 72f0944edfb847112d07e03154691d26 to remote] DEBUG org.asynchttpclient.netty.request.NettyRequestSender - Using open Channel [id: 0x1a9667f1, L:/127.0.0.1:64451 - R:localhost/127.0.0.1:14650] for POST '/session/72f0944edfb847112d07e03154691d26/element/453bea9b-32f8-427d-b345-37c8d6be3b0c/element'
10:52:14.308 [AsyncHttpClient-1-3] DEBUG org.asynchttpclient.netty.handler.HttpHandler - 

Request DefaultHttpRequest(decodeResult: success, version: HTTP/1.1)
POST /session/72f0944edfb847112d07e03154691d26/element/453bea9b-32f8-427d-b345-37c8d6be3b0c/element HTTP/1.1
User-Agent: selenium/4.5.3 (java mac)
Content-Length: 106
Content-Type: application/json; charset=utf-8
host: localhost:14650
accept: */*

Response DefaultHttpResponse(decodeResult: success, version: HTTP/1.1)
HTTP/1.1 200 OK
Content-Length: 88
Content-Type: application/json; charset=utf-8
cache-control: no-cache

10:52:14.308 [AsyncHttpClient-1-3] DEBUG org.asynchttpclient.netty.channel.ChannelManager - Adding key: http://localhost:14650 for channel [id: 0x1a9667f1, L:/127.0.0.1:64451 - R:localhost/127.0.0.1:14650]
10:52:14.310 [Forwarding getElementText on session 72f0944edfb847112d07e03154691d26 to remote] DEBUG org.asynchttpclient.netty.request.NettyRequestSender - Using pooled Channel '[id: 0x1a9667f1, L:/127.0.0.1:64451 - R:localhost/127.0.0.1:14650]' for 'GET' to 'http://localhost:14650/session/72f0944edfb847112d07e03154691d26/element/0fe8017f-b08b-40c0-a035-cd737d2f2b8f/text'
10:52:14.310 [Forwarding getElementText on session 72f0944edfb847112d07e03154691d26 to remote] DEBUG org.asynchttpclient.netty.request.NettyRequestSender - Using open Channel [id: 0x1a9667f1, L:/127.0.0.1:64451 - R:localhost/127.0.0.1:14650] for GET '/session/72f0944edfb847112d07e03154691d26/element/0fe8017f-b08b-40c0-a035-cd737d2f2b8f/text'
10:52:14.786 [AsyncHttpClient-1-3] DEBUG org.asynchttpclient.netty.handler.HttpHandler - 

Request DefaultFullHttpRequest(decodeResult: success, version: HTTP/1.1, content: EmptyByteBufBE)
GET /session/72f0944edfb847112d07e03154691d26/element/0fe8017f-b08b-40c0-a035-cd737d2f2b8f/text HTTP/1.1
User-Agent: selenium/4.5.3 (java mac)
Cache-Control: no-cache
Content-Type: application/json; charset=utf-8
host: localhost:14650
accept: */*

Response DefaultHttpResponse(decodeResult: success, version: HTTP/1.1)
HTTP/1.1 200 OK
Content-Length: 72
Content-Type: application/json; charset=utf-8
cache-control: no-cache

10:52:14.787 [AsyncHttpClient-1-3] DEBUG org.asynchttpclient.netty.channel.ChannelManager - Adding key: http://localhost:14650 for channel [id: 0x1a9667f1, L:/127.0.0.1:64451 - R:localhost/127.0.0.1:14650]
10:52:14.788 [Forwarding findChildElement on session 72f0944edfb847112d07e03154691d26 to remote] DEBUG org.asynchttpclient.netty.request.NettyRequestSender - Using pooled Channel '[id: 0x1a9667f1, L:/127.0.0.1:64451 - R:localhost/127.0.0.1:14650]' for 'POST' to 'http://localhost:14650/session/72f0944edfb847112d07e03154691d26/element/453bea9b-32f8-427d-b345-37c8d6be3b0c/element'
10:52:14.789 [Forwarding findChildElement on session 72f0944edfb847112d07e03154691d26 to remote] DEBUG org.asynchttpclient.netty.request.NettyRequestSender - Using open Channel [id: 0x1a9667f1, L:/127.0.0.1:64451 - R:localhost/127.0.0.1:14650] for POST '/session/72f0944edfb847112d07e03154691d26/element/453bea9b-32f8-427d-b345-37c8d6be3b0c/element'
10:52:14.819 [AsyncHttpClient-1-3] DEBUG org.asynchttpclient.netty.handler.HttpHandler - 

Request DefaultHttpRequest(decodeResult: success, version: HTTP/1.1)
POST /session/72f0944edfb847112d07e03154691d26/element/453bea9b-32f8-427d-b345-37c8d6be3b0c/element HTTP/1.1
User-Agent: selenium/4.5.3 (java mac)
Content-Length: 106
Content-Type: application/json; charset=utf-8
host: localhost:14650
accept: */*

Response DefaultHttpResponse(decodeResult: success, version: HTTP/1.1)
HTTP/1.1 200 OK
Content-Length: 88
Content-Type: application/json; charset=utf-8
cache-control: no-cache

10:52:14.819 [AsyncHttpClient-1-3] DEBUG org.asynchttpclient.netty.channel.ChannelManager - Adding key: http://localhost:14650 for channel [id: 0x1a9667f1, L:/127.0.0.1:64451 - R:localhost/127.0.0.1:14650]
10:52:14.820 [Forwarding getElementText on session 72f0944edfb847112d07e03154691d26 to remote] DEBUG org.asynchttpclient.netty.request.NettyRequestSender - Using pooled Channel '[id: 0x1a9667f1, L:/127.0.0.1:64451 - R:localhost/127.0.0.1:14650]' for 'GET' to 'http://localhost:14650/session/72f0944edfb847112d07e03154691d26/element/8c482fe5-a50c-44b6-b562-4db76b578f6c/text'
10:52:14.820 [Forwarding getElementText on session 72f0944edfb847112d07e03154691d26 to remote] DEBUG org.asynchttpclient.netty.request.NettyRequestSender - Using open Channel [id: 0x1a9667f1, L:/127.0.0.1:64451 - R:localhost/127.0.0.1:14650] for GET '/session/72f0944edfb847112d07e03154691d26/element/8c482fe5-a50c-44b6-b562-4db76b578f6c/text'
10:52:14.854 [AsyncHttpClient-1-3] DEBUG org.asynchttpclient.netty.handler.HttpHandler - 

Request DefaultFullHttpRequest(decodeResult: success, version: HTTP/1.1, content: EmptyByteBufBE)
GET /session/72f0944edfb847112d07e03154691d26/element/8c482fe5-a50c-44b6-b562-4db76b578f6c/text HTTP/1.1
User-Agent: selenium/4.5.3 (java mac)
Cache-Control: no-cache
Content-Type: application/json; charset=utf-8
host: localhost:14650
accept: */*

Response DefaultHttpResponse(decodeResult: success, version: HTTP/1.1)
HTTP/1.1 200 OK
Content-Length: 18
Content-Type: application/json; charset=utf-8
cache-control: no-cache

10:52:14.854 [AsyncHttpClient-1-3] DEBUG org.asynchttpclient.netty.channel.ChannelManager - Adding key: http://localhost:14650 for channel [id: 0x1a9667f1, L:/127.0.0.1:64451 - R:localhost/127.0.0.1:14650]
10:52:14.858 [Forwarding findChildElement on session 72f0944edfb847112d07e03154691d26 to remote] DEBUG org.asynchttpclient.netty.request.NettyRequestSender - Using pooled Channel '[id: 0x1a9667f1, L:/127.0.0.1:64451 - R:localhost/127.0.0.1:14650]' for 'POST' to 'http://localhost:14650/session/72f0944edfb847112d07e03154691d26/element/8bea4335-2631-4732-b4d8-1e7a5396738b/element'
10:52:14.858 [Forwarding findChildElement on session 72f0944edfb847112d07e03154691d26 to remote] DEBUG org.asynchttpclient.netty.request.NettyRequestSender - Using open Channel [id: 0x1a9667f1, L:/127.0.0.1:64451 - R:localhost/127.0.0.1:14650] for POST '/session/72f0944edfb847112d07e03154691d26/element/8bea4335-2631-4732-b4d8-1e7a5396738b/element'
10:52:15.516 [AsyncHttpClient-1-3] DEBUG org.asynchttpclient.netty.handler.HttpHandler - 

Request DefaultHttpRequest(decodeResult: success, version: HTTP/1.1)
POST /session/72f0944edfb847112d07e03154691d26/element/8bea4335-2631-4732-b4d8-1e7a5396738b/element HTTP/1.1
User-Agent: selenium/4.5.3 (java mac)
Content-Length: 106
Content-Type: application/json; charset=utf-8
host: localhost:14650
accept: */*

Response DefaultHttpResponse(decodeResult: success, version: HTTP/1.1)
HTTP/1.1 200 OK
Content-Length: 88
Content-Type: application/json; charset=utf-8
cache-control: no-cache

10:52:15.516 [AsyncHttpClient-1-3] DEBUG org.asynchttpclient.netty.channel.ChannelManager - Adding key: http://localhost:14650 for channel [id: 0x1a9667f1, L:/127.0.0.1:64451 - R:localhost/127.0.0.1:14650]
10:52:15.517 [Forwarding getElementText on session 72f0944edfb847112d07e03154691d26 to remote] DEBUG org.asynchttpclient.netty.request.NettyRequestSender - Using pooled Channel '[id: 0x1a9667f1, L:/127.0.0.1:64451 - R:localhost/127.0.0.1:14650]' for 'GET' to 'http://localhost:14650/session/72f0944edfb847112d07e03154691d26/element/0a199b83-8953-47ca-9ca9-4cd3519f3a0a/text'
10:52:15.517 [Forwarding getElementText on session 72f0944edfb847112d07e03154691d26 to remote] DEBUG org.asynchttpclient.netty.request.NettyRequestSender - Using open Channel [id: 0x1a9667f1, L:/127.0.0.1:64451 - R:localhost/127.0.0.1:14650] for GET '/session/72f0944edfb847112d07e03154691d26/element/0a199b83-8953-47ca-9ca9-4cd3519f3a0a/text'
10:52:15.550 [AsyncHttpClient-1-3] DEBUG org.asynchttpclient.netty.handler.HttpHandler - 

Request DefaultFullHttpRequest(decodeResult: success, version: HTTP/1.1, content: EmptyByteBufBE)
GET /session/72f0944edfb847112d07e03154691d26/element/0a199b83-8953-47ca-9ca9-4cd3519f3a0a/text HTTP/1.1
User-Agent: selenium/4.5.3 (java mac)
Cache-Control: no-cache
Content-Type: application/json; charset=utf-8
host: localhost:14650
accept: */*

Response DefaultHttpResponse(decodeResult: success, version: HTTP/1.1)
HTTP/1.1 200 OK
Content-Length: 91
Content-Type: application/json; charset=utf-8
cache-control: no-cache

10:52:15.550 [AsyncHttpClient-1-3] DEBUG org.asynchttpclient.netty.channel.ChannelManager - Adding key: http://localhost:14650 for channel [id: 0x1a9667f1, L:/127.0.0.1:64451 - R:localhost/127.0.0.1:14650]
10:52:15.551 [Forwarding findChildElement on session 72f0944edfb847112d07e03154691d26 to remote] DEBUG org.asynchttpclient.netty.request.NettyRequestSender - Using pooled Channel '[id: 0x1a9667f1, L:/127.0.0.1:64451 - R:localhost/127.0.0.1:14650]' for 'POST' to 'http://localhost:14650/session/72f0944edfb847112d07e03154691d26/element/8bea4335-2631-4732-b4d8-1e7a5396738b/element'
10:52:15.551 [Forwarding findChildElement on session 72f0944edfb847112d07e03154691d26 to remote] DEBUG org.asynchttpclient.netty.request.NettyRequestSender - Using open Channel [id: 0x1a9667f1, L:/127.0.0.1:64451 - R:localhost/127.0.0.1:14650] for POST '/session/72f0944edfb847112d07e03154691d26/element/8bea4335-2631-4732-b4d8-1e7a5396738b/element'
10:52:15.572 [AsyncHttpClient-1-3] DEBUG org.asynchttpclient.netty.handler.HttpHandler - 

Request DefaultHttpRequest(decodeResult: success, version: HTTP/1.1)
POST /session/72f0944edfb847112d07e03154691d26/element/8bea4335-2631-4732-b4d8-1e7a5396738b/element HTTP/1.1
User-Agent: selenium/4.5.3 (java mac)
Content-Length: 106
Content-Type: application/json; charset=utf-8
host: localhost:14650
accept: */*

Response DefaultHttpResponse(decodeResult: success, version: HTTP/1.1)
HTTP/1.1 200 OK
Content-Length: 88
Content-Type: application/json; charset=utf-8
cache-control: no-cache

10:52:15.572 [AsyncHttpClient-1-3] DEBUG org.asynchttpclient.netty.channel.ChannelManager - Adding key: http://localhost:14650 for channel [id: 0x1a9667f1, L:/127.0.0.1:64451 - R:localhost/127.0.0.1:14650]
10:52:15.573 [Forwarding getElementText on session 72f0944edfb847112d07e03154691d26 to remote] DEBUG org.asynchttpclient.netty.request.NettyRequestSender - Using pooled Channel '[id: 0x1a9667f1, L:/127.0.0.1:64451 - R:localhost/127.0.0.1:14650]' for 'GET' to 'http://localhost:14650/session/72f0944edfb847112d07e03154691d26/element/dd5b5b3a-3f69-41e4-ba07-ba6aed2eee27/text'
10:52:15.573 [Forwarding getElementText on session 72f0944edfb847112d07e03154691d26 to remote] DEBUG org.asynchttpclient.netty.request.NettyRequestSender - Using open Channel [id: 0x1a9667f1, L:/127.0.0.1:64451 - R:localhost/127.0.0.1:14650] for GET '/session/72f0944edfb847112d07e03154691d26/element/dd5b5b3a-3f69-41e4-ba07-ba6aed2eee27/text'
10:52:15.589 [AsyncHttpClient-1-3] DEBUG org.asynchttpclient.netty.handler.HttpHandler - 

Request DefaultFullHttpRequest(decodeResult: success, version: HTTP/1.1, content: EmptyByteBufBE)
GET /session/72f0944edfb847112d07e03154691d26/element/dd5b5b3a-3f69-41e4-ba07-ba6aed2eee27/text HTTP/1.1
User-Agent: selenium/4.5.3 (java mac)
Cache-Control: no-cache
Content-Type: application/json; charset=utf-8
host: localhost:14650
accept: */*

Response DefaultHttpResponse(decodeResult: success, version: HTTP/1.1)
HTTP/1.1 200 OK
Content-Length: 19
Content-Type: application/json; charset=utf-8
cache-control: no-cache

10:52:15.589 [AsyncHttpClient-1-3] DEBUG org.asynchttpclient.netty.channel.ChannelManager - Adding key: http://localhost:14650 for channel [id: 0x1a9667f1, L:/127.0.0.1:64451 - R:localhost/127.0.0.1:14650]
10:52:15.591 [Forwarding findChildElement on session 72f0944edfb847112d07e03154691d26 to remote] DEBUG org.asynchttpclient.netty.request.NettyRequestSender - Using pooled Channel '[id: 0x1a9667f1, L:/127.0.0.1:64451 - R:localhost/127.0.0.1:14650]' for 'POST' to 'http://localhost:14650/session/72f0944edfb847112d07e03154691d26/element/44c9dcbb-f94d-49f9-b8b8-93c876dab567/element'
10:52:15.591 [Forwarding findChildElement on session 72f0944edfb847112d07e03154691d26 to remote] DEBUG org.asynchttpclient.netty.request.NettyRequestSender - Using open Channel [id: 0x1a9667f1, L:/127.0.0.1:64451 - R:localhost/127.0.0.1:14650] for POST '/session/72f0944edfb847112d07e03154691d26/element/44c9dcbb-f94d-49f9-b8b8-93c876dab567/element'
10:52:16.142 [AsyncHttpClient-1-3] DEBUG org.asynchttpclient.netty.handler.HttpHandler - 

Request DefaultHttpRequest(decodeResult: success, version: HTTP/1.1)
POST /session/72f0944edfb847112d07e03154691d26/element/44c9dcbb-f94d-49f9-b8b8-93c876dab567/element HTTP/1.1
User-Agent: selenium/4.5.3 (java mac)
Content-Length: 106
Content-Type: application/json; charset=utf-8
host: localhost:14650
accept: */*

Response DefaultHttpResponse(decodeResult: success, version: HTTP/1.1)
HTTP/1.1 200 OK
Content-Length: 88
Content-Type: application/json; charset=utf-8
cache-control: no-cache

10:52:16.144 [AsyncHttpClient-1-3] DEBUG org.asynchttpclient.netty.channel.ChannelManager - Adding key: http://localhost:14650 for channel [id: 0x1a9667f1, L:/127.0.0.1:64451 - R:localhost/127.0.0.1:14650]
10:52:16.145 [Forwarding getElementText on session 72f0944edfb847112d07e03154691d26 to remote] DEBUG org.asynchttpclient.netty.request.NettyRequestSender - Using pooled Channel '[id: 0x1a9667f1, L:/127.0.0.1:64451 - R:localhost/127.0.0.1:14650]' for 'GET' to 'http://localhost:14650/session/72f0944edfb847112d07e03154691d26/element/4bcba2fa-8b44-4d8f-9b80-3c912967f1eb/text'
10:52:16.146 [Forwarding getElementText on session 72f0944edfb847112d07e03154691d26 to remote] DEBUG org.asynchttpclient.netty.request.NettyRequestSender - Using open Channel [id: 0x1a9667f1, L:/127.0.0.1:64451 - R:localhost/127.0.0.1:14650] for GET '/session/72f0944edfb847112d07e03154691d26/element/4bcba2fa-8b44-4d8f-9b80-3c912967f1eb/text'
10:52:16.180 [AsyncHttpClient-1-3] DEBUG org.asynchttpclient.netty.handler.HttpHandler - 

Request DefaultFullHttpRequest(decodeResult: success, version: HTTP/1.1, content: EmptyByteBufBE)
GET /session/72f0944edfb847112d07e03154691d26/element/4bcba2fa-8b44-4d8f-9b80-3c912967f1eb/text HTTP/1.1
User-Agent: selenium/4.5.3 (java mac)
Cache-Control: no-cache
Content-Type: application/json; charset=utf-8
host: localhost:14650
accept: */*

Response DefaultHttpResponse(decodeResult: success, version: HTTP/1.1)
HTTP/1.1 200 OK
Content-Length: 69
Content-Type: application/json; charset=utf-8
cache-control: no-cache

10:52:16.180 [AsyncHttpClient-1-3] DEBUG org.asynchttpclient.netty.channel.ChannelManager - Adding key: http://localhost:14650 for channel [id: 0x1a9667f1, L:/127.0.0.1:64451 - R:localhost/127.0.0.1:14650]
10:52:16.182 [Forwarding findChildElement on session 72f0944edfb847112d07e03154691d26 to remote] DEBUG org.asynchttpclient.netty.request.NettyRequestSender - Using pooled Channel '[id: 0x1a9667f1, L:/127.0.0.1:64451 - R:localhost/127.0.0.1:14650]' for 'POST' to 'http://localhost:14650/session/72f0944edfb847112d07e03154691d26/element/44c9dcbb-f94d-49f9-b8b8-93c876dab567/element'
10:52:16.182 [Forwarding findChildElement on session 72f0944edfb847112d07e03154691d26 to remote] DEBUG org.asynchttpclient.netty.request.NettyRequestSender - Using open Channel [id: 0x1a9667f1, L:/127.0.0.1:64451 - R:localhost/127.0.0.1:14650] for POST '/session/72f0944edfb847112d07e03154691d26/element/44c9dcbb-f94d-49f9-b8b8-93c876dab567/element'
10:52:16.230 [AsyncHttpClient-1-3] DEBUG org.asynchttpclient.netty.handler.HttpHandler - 

Request DefaultHttpRequest(decodeResult: success, version: HTTP/1.1)
POST /session/72f0944edfb847112d07e03154691d26/element/44c9dcbb-f94d-49f9-b8b8-93c876dab567/element HTTP/1.1
User-Agent: selenium/4.5.3 (java mac)
Content-Length: 106
Content-Type: application/json; charset=utf-8
host: localhost:14650
accept: */*

Response DefaultHttpResponse(decodeResult: success, version: HTTP/1.1)
HTTP/1.1 200 OK
Content-Length: 88
Content-Type: application/json; charset=utf-8
cache-control: no-cache

10:52:16.231 [AsyncHttpClient-1-3] DEBUG org.asynchttpclient.netty.channel.ChannelManager - Adding key: http://localhost:14650 for channel [id: 0x1a9667f1, L:/127.0.0.1:64451 - R:localhost/127.0.0.1:14650]
10:52:16.232 [Forwarding getElementText on session 72f0944edfb847112d07e03154691d26 to remote] DEBUG org.asynchttpclient.netty.request.NettyRequestSender - Using pooled Channel '[id: 0x1a9667f1, L:/127.0.0.1:64451 - R:localhost/127.0.0.1:14650]' for 'GET' to 'http://localhost:14650/session/72f0944edfb847112d07e03154691d26/element/67d6953f-cedf-4ec5-bea2-e417eb51c3f1/text'
10:52:16.232 [Forwarding getElementText on session 72f0944edfb847112d07e03154691d26 to remote] DEBUG org.asynchttpclient.netty.request.NettyRequestSender - Using open Channel [id: 0x1a9667f1, L:/127.0.0.1:64451 - R:localhost/127.0.0.1:14650] for GET '/session/72f0944edfb847112d07e03154691d26/element/67d6953f-cedf-4ec5-bea2-e417eb51c3f1/text'
10:52:16.815 [AsyncHttpClient-1-3] DEBUG org.asynchttpclient.netty.handler.HttpHandler - 

Request DefaultFullHttpRequest(decodeResult: success, version: HTTP/1.1, content: EmptyByteBufBE)
GET /session/72f0944edfb847112d07e03154691d26/element/67d6953f-cedf-4ec5-bea2-e417eb51c3f1/text HTTP/1.1
User-Agent: selenium/4.5.3 (java mac)
Cache-Control: no-cache
Content-Type: application/json; charset=utf-8
host: localhost:14650
accept: */*

Response DefaultHttpResponse(decodeResult: success, version: HTTP/1.1)
HTTP/1.1 200 OK
Content-Length: 19
Content-Type: application/json; charset=utf-8
cache-control: no-cache

10:52:16.815 [AsyncHttpClient-1-3] DEBUG org.asynchttpclient.netty.channel.ChannelManager - Adding key: http://localhost:14650 for channel [id: 0x1a9667f1, L:/127.0.0.1:64451 - R:localhost/127.0.0.1:14650]
10:52:16.817 [Forwarding findChildElement on session 72f0944edfb847112d07e03154691d26 to remote] DEBUG org.asynchttpclient.netty.request.NettyRequestSender - Using pooled Channel '[id: 0x1a9667f1, L:/127.0.0.1:64451 - R:localhost/127.0.0.1:14650]' for 'POST' to 'http://localhost:14650/session/72f0944edfb847112d07e03154691d26/element/c328527b-315a-4fc1-ae3b-5c6b78f04c70/element'
10:52:16.817 [Forwarding findChildElement on session 72f0944edfb847112d07e03154691d26 to remote] DEBUG org.asynchttpclient.netty.request.NettyRequestSender - Using open Channel [id: 0x1a9667f1, L:/127.0.0.1:64451 - R:localhost/127.0.0.1:14650] for POST '/session/72f0944edfb847112d07e03154691d26/element/c328527b-315a-4fc1-ae3b-5c6b78f04c70/element'
10:52:17.386 [AsyncHttpClient-1-3] DEBUG org.asynchttpclient.netty.handler.HttpHandler - 

Request DefaultHttpRequest(decodeResult: success, version: HTTP/1.1)
POST /session/72f0944edfb847112d07e03154691d26/element/c328527b-315a-4fc1-ae3b-5c6b78f04c70/element HTTP/1.1
User-Agent: selenium/4.5.3 (java mac)
Content-Length: 106
Content-Type: application/json; charset=utf-8
host: localhost:14650
accept: */*

Response DefaultHttpResponse(decodeResult: success, version: HTTP/1.1)
HTTP/1.1 200 OK
Content-Length: 88
Content-Type: application/json; charset=utf-8
cache-control: no-cache

10:52:17.386 [AsyncHttpClient-1-3] DEBUG org.asynchttpclient.netty.channel.ChannelManager - Adding key: http://localhost:14650 for channel [id: 0x1a9667f1, L:/127.0.0.1:64451 - R:localhost/127.0.0.1:14650]
10:52:17.387 [Forwarding getElementText on session 72f0944edfb847112d07e03154691d26 to remote] DEBUG org.asynchttpclient.netty.request.NettyRequestSender - Using pooled Channel '[id: 0x1a9667f1, L:/127.0.0.1:64451 - R:localhost/127.0.0.1:14650]' for 'GET' to 'http://localhost:14650/session/72f0944edfb847112d07e03154691d26/element/78667b03-b5b9-4f62-aa32-10bbd035a898/text'
10:52:17.387 [Forwarding getElementText on session 72f0944edfb847112d07e03154691d26 to remote] DEBUG org.asynchttpclient.netty.request.NettyRequestSender - Using open Channel [id: 0x1a9667f1, L:/127.0.0.1:64451 - R:localhost/127.0.0.1:14650] for GET '/session/72f0944edfb847112d07e03154691d26/element/78667b03-b5b9-4f62-aa32-10bbd035a898/text'
10:52:17.407 [AsyncHttpClient-1-3] DEBUG org.asynchttpclient.netty.handler.HttpHandler - 

Request DefaultFullHttpRequest(decodeResult: success, version: HTTP/1.1, content: EmptyByteBufBE)
GET /session/72f0944edfb847112d07e03154691d26/element/78667b03-b5b9-4f62-aa32-10bbd035a898/text HTTP/1.1
User-Agent: selenium/4.5.3 (java mac)
Cache-Control: no-cache
Content-Type: application/json; charset=utf-8
host: localhost:14650
accept: */*

Response DefaultHttpResponse(decodeResult: success, version: HTTP/1.1)
HTTP/1.1 200 OK
Content-Length: 69
Content-Type: application/json; charset=utf-8
cache-control: no-cache

10:52:17.407 [AsyncHttpClient-1-3] DEBUG org.asynchttpclient.netty.channel.ChannelManager - Adding key: http://localhost:14650 for channel [id: 0x1a9667f1, L:/127.0.0.1:64451 - R:localhost/127.0.0.1:14650]
10:52:17.408 [Forwarding findChildElement on session 72f0944edfb847112d07e03154691d26 to remote] DEBUG org.asynchttpclient.netty.request.NettyRequestSender - Using pooled Channel '[id: 0x1a9667f1, L:/127.0.0.1:64451 - R:localhost/127.0.0.1:14650]' for 'POST' to 'http://localhost:14650/session/72f0944edfb847112d07e03154691d26/element/c328527b-315a-4fc1-ae3b-5c6b78f04c70/element'
10:52:17.408 [Forwarding findChildElement on session 72f0944edfb847112d07e03154691d26 to remote] DEBUG org.asynchttpclient.netty.request.NettyRequestSender - Using open Channel [id: 0x1a9667f1, L:/127.0.0.1:64451 - R:localhost/127.0.0.1:14650] for POST '/session/72f0944edfb847112d07e03154691d26/element/c328527b-315a-4fc1-ae3b-5c6b78f04c70/element'
10:52:17.445 [AsyncHttpClient-1-3] DEBUG org.asynchttpclient.netty.handler.HttpHandler - 

Request DefaultHttpRequest(decodeResult: success, version: HTTP/1.1)
POST /session/72f0944edfb847112d07e03154691d26/element/c328527b-315a-4fc1-ae3b-5c6b78f04c70/element HTTP/1.1
User-Agent: selenium/4.5.3 (java mac)
Content-Length: 106
Content-Type: application/json; charset=utf-8
host: localhost:14650
accept: */*

Response DefaultHttpResponse(decodeResult: success, version: HTTP/1.1)
HTTP/1.1 200 OK
Content-Length: 88
Content-Type: application/json; charset=utf-8
cache-control: no-cache

10:52:17.445 [AsyncHttpClient-1-3] DEBUG org.asynchttpclient.netty.channel.ChannelManager - Adding key: http://localhost:14650 for channel [id: 0x1a9667f1, L:/127.0.0.1:64451 - R:localhost/127.0.0.1:14650]
10:52:17.446 [Forwarding getElementText on session 72f0944edfb847112d07e03154691d26 to remote] DEBUG org.asynchttpclient.netty.request.NettyRequestSender - Using pooled Channel '[id: 0x1a9667f1, L:/127.0.0.1:64451 - R:localhost/127.0.0.1:14650]' for 'GET' to 'http://localhost:14650/session/72f0944edfb847112d07e03154691d26/element/409ca123-2843-4584-aa8b-f05956226d5f/text'
10:52:17.446 [Forwarding getElementText on session 72f0944edfb847112d07e03154691d26 to remote] DEBUG org.asynchttpclient.netty.request.NettyRequestSender - Using open Channel [id: 0x1a9667f1, L:/127.0.0.1:64451 - R:localhost/127.0.0.1:14650] for GET '/session/72f0944edfb847112d07e03154691d26/element/409ca123-2843-4584-aa8b-f05956226d5f/text'
10:52:17.474 [AsyncHttpClient-1-3] DEBUG org.asynchttpclient.netty.handler.HttpHandler - 

Request DefaultFullHttpRequest(decodeResult: success, version: HTTP/1.1, content: EmptyByteBufBE)
GET /session/72f0944edfb847112d07e03154691d26/element/409ca123-2843-4584-aa8b-f05956226d5f/text HTTP/1.1
User-Agent: selenium/4.5.3 (java mac)
Cache-Control: no-cache
Content-Type: application/json; charset=utf-8
host: localhost:14650
accept: */*

Response DefaultHttpResponse(decodeResult: success, version: HTTP/1.1)
HTTP/1.1 200 OK
Content-Length: 18
Content-Type: application/json; charset=utf-8
cache-control: no-cache

10:52:17.475 [AsyncHttpClient-1-3] DEBUG org.asynchttpclient.netty.channel.ChannelManager - Adding key: http://localhost:14650 for channel [id: 0x1a9667f1, L:/127.0.0.1:64451 - R:localhost/127.0.0.1:14650]
10:52:17.476 [Forwarding findChildElement on session 72f0944edfb847112d07e03154691d26 to remote] DEBUG org.asynchttpclient.netty.request.NettyRequestSender - Using pooled Channel '[id: 0x1a9667f1, L:/127.0.0.1:64451 - R:localhost/127.0.0.1:14650]' for 'POST' to 'http://localhost:14650/session/72f0944edfb847112d07e03154691d26/element/c94d2eee-4cf2-4cbd-a312-6afd75ba5c36/element'
10:52:17.476 [Forwarding findChildElement on session 72f0944edfb847112d07e03154691d26 to remote] DEBUG org.asynchttpclient.netty.request.NettyRequestSender - Using open Channel [id: 0x1a9667f1, L:/127.0.0.1:64451 - R:localhost/127.0.0.1:14650] for POST '/session/72f0944edfb847112d07e03154691d26/element/c94d2eee-4cf2-4cbd-a312-6afd75ba5c36/element'
10:52:17.489 [AsyncHttpClient-1-3] DEBUG org.asynchttpclient.netty.handler.HttpHandler - 

Request DefaultHttpRequest(decodeResult: success, version: HTTP/1.1)
POST /session/72f0944edfb847112d07e03154691d26/element/c94d2eee-4cf2-4cbd-a312-6afd75ba5c36/element HTTP/1.1
User-Agent: selenium/4.5.3 (java mac)
Content-Length: 106
Content-Type: application/json; charset=utf-8
host: localhost:14650
accept: */*

Response DefaultHttpResponse(decodeResult: success, version: HTTP/1.1)
HTTP/1.1 200 OK
Content-Length: 88
Content-Type: application/json; charset=utf-8
cache-control: no-cache

10:52:17.489 [AsyncHttpClient-1-3] DEBUG org.asynchttpclient.netty.channel.ChannelManager - Adding key: http://localhost:14650 for channel [id: 0x1a9667f1, L:/127.0.0.1:64451 - R:localhost/127.0.0.1:14650]
10:52:17.490 [Forwarding getElementText on session 72f0944edfb847112d07e03154691d26 to remote] DEBUG org.asynchttpclient.netty.request.NettyRequestSender - Using pooled Channel '[id: 0x1a9667f1, L:/127.0.0.1:64451 - R:localhost/127.0.0.1:14650]' for 'GET' to 'http://localhost:14650/session/72f0944edfb847112d07e03154691d26/element/a139bf75-ac41-4390-9eef-a116985aadfd/text'
10:52:17.490 [Forwarding getElementText on session 72f0944edfb847112d07e03154691d26 to remote] DEBUG org.asynchttpclient.netty.request.NettyRequestSender - Using open Channel [id: 0x1a9667f1, L:/127.0.0.1:64451 - R:localhost/127.0.0.1:14650] for GET '/session/72f0944edfb847112d07e03154691d26/element/a139bf75-ac41-4390-9eef-a116985aadfd/text'
10:52:18.243 [AsyncHttpClient-1-3] DEBUG org.asynchttpclient.netty.handler.HttpHandler - 

Request DefaultFullHttpRequest(decodeResult: success, version: HTTP/1.1, content: EmptyByteBufBE)
GET /session/72f0944edfb847112d07e03154691d26/element/a139bf75-ac41-4390-9eef-a116985aadfd/text HTTP/1.1
User-Agent: selenium/4.5.3 (java mac)
Cache-Control: no-cache
Content-Type: application/json; charset=utf-8
host: localhost:14650
accept: */*

Response DefaultHttpResponse(decodeResult: success, version: HTTP/1.1)
HTTP/1.1 200 OK
Content-Length: 81
Content-Type: application/json; charset=utf-8
cache-control: no-cache

10:52:18.243 [AsyncHttpClient-1-3] DEBUG org.asynchttpclient.netty.channel.ChannelManager - Adding key: http://localhost:14650 for channel [id: 0x1a9667f1, L:/127.0.0.1:64451 - R:localhost/127.0.0.1:14650]
10:52:18.245 [Forwarding findChildElement on session 72f0944edfb847112d07e03154691d26 to remote] DEBUG org.asynchttpclient.netty.request.NettyRequestSender - Using pooled Channel '[id: 0x1a9667f1, L:/127.0.0.1:64451 - R:localhost/127.0.0.1:14650]' for 'POST' to 'http://localhost:14650/session/72f0944edfb847112d07e03154691d26/element/c94d2eee-4cf2-4cbd-a312-6afd75ba5c36/element'
10:52:18.245 [Forwarding findChildElement on session 72f0944edfb847112d07e03154691d26 to remote] DEBUG org.asynchttpclient.netty.request.NettyRequestSender - Using open Channel [id: 0x1a9667f1, L:/127.0.0.1:64451 - R:localhost/127.0.0.1:14650] for POST '/session/72f0944edfb847112d07e03154691d26/element/c94d2eee-4cf2-4cbd-a312-6afd75ba5c36/element'
10:52:18.675 [AsyncHttpClient-1-3] DEBUG org.asynchttpclient.netty.handler.HttpHandler - 

Request DefaultHttpRequest(decodeResult: success, version: HTTP/1.1)
POST /session/72f0944edfb847112d07e03154691d26/element/c94d2eee-4cf2-4cbd-a312-6afd75ba5c36/element HTTP/1.1
User-Agent: selenium/4.5.3 (java mac)
Content-Length: 106
Content-Type: application/json; charset=utf-8
host: localhost:14650
accept: */*

Response DefaultHttpResponse(decodeResult: success, version: HTTP/1.1)
HTTP/1.1 200 OK
Content-Length: 88
Content-Type: application/json; charset=utf-8
cache-control: no-cache

10:52:18.676 [AsyncHttpClient-1-3] DEBUG org.asynchttpclient.netty.channel.ChannelManager - Adding key: http://localhost:14650 for channel [id: 0x1a9667f1, L:/127.0.0.1:64451 - R:localhost/127.0.0.1:14650]
10:52:18.677 [Forwarding getElementText on session 72f0944edfb847112d07e03154691d26 to remote] DEBUG org.asynchttpclient.netty.request.NettyRequestSender - Using pooled Channel '[id: 0x1a9667f1, L:/127.0.0.1:64451 - R:localhost/127.0.0.1:14650]' for 'GET' to 'http://localhost:14650/session/72f0944edfb847112d07e03154691d26/element/a0f29b01-53e6-40cd-9611-83a835bbe53c/text'
10:52:18.677 [Forwarding getElementText on session 72f0944edfb847112d07e03154691d26 to remote] DEBUG org.asynchttpclient.netty.request.NettyRequestSender - Using open Channel [id: 0x1a9667f1, L:/127.0.0.1:64451 - R:localhost/127.0.0.1:14650] for GET '/session/72f0944edfb847112d07e03154691d26/element/a0f29b01-53e6-40cd-9611-83a835bbe53c/text'
10:52:18.698 [AsyncHttpClient-1-3] DEBUG org.asynchttpclient.netty.handler.HttpHandler - 

Request DefaultFullHttpRequest(decodeResult: success, version: HTTP/1.1, content: EmptyByteBufBE)
GET /session/72f0944edfb847112d07e03154691d26/element/a0f29b01-53e6-40cd-9611-83a835bbe53c/text HTTP/1.1
User-Agent: selenium/4.5.3 (java mac)
Cache-Control: no-cache
Content-Type: application/json; charset=utf-8
host: localhost:14650
accept: */*

Response DefaultHttpResponse(decodeResult: success, version: HTTP/1.1)
HTTP/1.1 200 OK
Content-Length: 19
Content-Type: application/json; charset=utf-8
cache-control: no-cache

10:52:18.698 [AsyncHttpClient-1-3] DEBUG org.asynchttpclient.netty.channel.ChannelManager - Adding key: http://localhost:14650 for channel [id: 0x1a9667f1, L:/127.0.0.1:64451 - R:localhost/127.0.0.1:14650]
10:52:18.700 [Forwarding findChildElement on session 72f0944edfb847112d07e03154691d26 to remote] DEBUG org.asynchttpclient.netty.request.NettyRequestSender - Using pooled Channel '[id: 0x1a9667f1, L:/127.0.0.1:64451 - R:localhost/127.0.0.1:14650]' for 'POST' to 'http://localhost:14650/session/72f0944edfb847112d07e03154691d26/element/68920ae4-2873-471b-94a3-394b40223cfd/element'
10:52:18.700 [Forwarding findChildElement on session 72f0944edfb847112d07e03154691d26 to remote] DEBUG org.asynchttpclient.netty.request.NettyRequestSender - Using open Channel [id: 0x1a9667f1, L:/127.0.0.1:64451 - R:localhost/127.0.0.1:14650] for POST '/session/72f0944edfb847112d07e03154691d26/element/68920ae4-2873-471b-94a3-394b40223cfd/element'
10:52:18.713 [AsyncHttpClient-1-3] DEBUG org.asynchttpclient.netty.handler.HttpHandler - 

Request DefaultHttpRequest(decodeResult: success, version: HTTP/1.1)
POST /session/72f0944edfb847112d07e03154691d26/element/68920ae4-2873-471b-94a3-394b40223cfd/element HTTP/1.1
User-Agent: selenium/4.5.3 (java mac)
Content-Length: 106
Content-Type: application/json; charset=utf-8
host: localhost:14650
accept: */*

Response DefaultHttpResponse(decodeResult: success, version: HTTP/1.1)
HTTP/1.1 200 OK
Content-Length: 88
Content-Type: application/json; charset=utf-8
cache-control: no-cache

10:52:18.713 [AsyncHttpClient-1-3] DEBUG org.asynchttpclient.netty.channel.ChannelManager - Adding key: http://localhost:14650 for channel [id: 0x1a9667f1, L:/127.0.0.1:64451 - R:localhost/127.0.0.1:14650]
10:52:18.714 [Forwarding getElementText on session 72f0944edfb847112d07e03154691d26 to remote] DEBUG org.asynchttpclient.netty.request.NettyRequestSender - Using pooled Channel '[id: 0x1a9667f1, L:/127.0.0.1:64451 - R:localhost/127.0.0.1:14650]' for 'GET' to 'http://localhost:14650/session/72f0944edfb847112d07e03154691d26/element/5c8017e1-f157-4cd2-9a18-06d7e92491cc/text'
10:52:18.715 [Forwarding getElementText on session 72f0944edfb847112d07e03154691d26 to remote] DEBUG org.asynchttpclient.netty.request.NettyRequestSender - Using open Channel [id: 0x1a9667f1, L:/127.0.0.1:64451 - R:localhost/127.0.0.1:14650] for GET '/session/72f0944edfb847112d07e03154691d26/element/5c8017e1-f157-4cd2-9a18-06d7e92491cc/text'
10:52:18.740 [AsyncHttpClient-1-3] DEBUG org.asynchttpclient.netty.handler.HttpHandler - 

Request DefaultFullHttpRequest(decodeResult: success, version: HTTP/1.1, content: EmptyByteBufBE)
GET /session/72f0944edfb847112d07e03154691d26/element/5c8017e1-f157-4cd2-9a18-06d7e92491cc/text HTTP/1.1
User-Agent: selenium/4.5.3 (java mac)
Cache-Control: no-cache
Content-Type: application/json; charset=utf-8
host: localhost:14650
accept: */*

Response DefaultHttpResponse(decodeResult: success, version: HTTP/1.1)
HTTP/1.1 200 OK
Content-Length: 87
Content-Type: application/json; charset=utf-8
cache-control: no-cache

10:52:18.740 [AsyncHttpClient-1-3] DEBUG org.asynchttpclient.netty.channel.ChannelManager - Adding key: http://localhost:14650 for channel [id: 0x1a9667f1, L:/127.0.0.1:64451 - R:localhost/127.0.0.1:14650]
10:52:18.743 [Forwarding findChildElement on session 72f0944edfb847112d07e03154691d26 to remote] DEBUG org.asynchttpclient.netty.request.NettyRequestSender - Using pooled Channel '[id: 0x1a9667f1, L:/127.0.0.1:64451 - R:localhost/127.0.0.1:14650]' for 'POST' to 'http://localhost:14650/session/72f0944edfb847112d07e03154691d26/element/68920ae4-2873-471b-94a3-394b40223cfd/element'
10:52:18.743 [Forwarding findChildElement on session 72f0944edfb847112d07e03154691d26 to remote] DEBUG org.asynchttpclient.netty.request.NettyRequestSender - Using open Channel [id: 0x1a9667f1, L:/127.0.0.1:64451 - R:localhost/127.0.0.1:14650] for POST '/session/72f0944edfb847112d07e03154691d26/element/68920ae4-2873-471b-94a3-394b40223cfd/element'
10:52:19.727 [AsyncHttpClient-1-3] DEBUG org.asynchttpclient.netty.handler.HttpHandler - 

Request DefaultHttpRequest(decodeResult: success, version: HTTP/1.1)
POST /session/72f0944edfb847112d07e03154691d26/element/68920ae4-2873-471b-94a3-394b40223cfd/element HTTP/1.1
User-Agent: selenium/4.5.3 (java mac)
Content-Length: 106
Content-Type: application/json; charset=utf-8
host: localhost:14650
accept: */*

Response DefaultHttpResponse(decodeResult: success, version: HTTP/1.1)
HTTP/1.1 200 OK
Content-Length: 88
Content-Type: application/json; charset=utf-8
cache-control: no-cache

10:52:19.728 [AsyncHttpClient-1-3] DEBUG org.asynchttpclient.netty.channel.ChannelManager - Adding key: http://localhost:14650 for channel [id: 0x1a9667f1, L:/127.0.0.1:64451 - R:localhost/127.0.0.1:14650]
10:52:19.728 [Forwarding getElementText on session 72f0944edfb847112d07e03154691d26 to remote] DEBUG org.asynchttpclient.netty.request.NettyRequestSender - Using pooled Channel '[id: 0x1a9667f1, L:/127.0.0.1:64451 - R:localhost/127.0.0.1:14650]' for 'GET' to 'http://localhost:14650/session/72f0944edfb847112d07e03154691d26/element/c7746428-9904-4cd8-8cdd-460a03f31413/text'
10:52:19.728 [Forwarding getElementText on session 72f0944edfb847112d07e03154691d26 to remote] DEBUG org.asynchttpclient.netty.request.NettyRequestSender - Using open Channel [id: 0x1a9667f1, L:/127.0.0.1:64451 - R:localhost/127.0.0.1:14650] for GET '/session/72f0944edfb847112d07e03154691d26/element/c7746428-9904-4cd8-8cdd-460a03f31413/text'
10:52:20.399 [AsyncHttpClient-1-3] DEBUG org.asynchttpclient.netty.handler.HttpHandler - 

Request DefaultFullHttpRequest(decodeResult: success, version: HTTP/1.1, content: EmptyByteBufBE)
GET /session/72f0944edfb847112d07e03154691d26/element/c7746428-9904-4cd8-8cdd-460a03f31413/text HTTP/1.1
User-Agent: selenium/4.5.3 (java mac)
Cache-Control: no-cache
Content-Type: application/json; charset=utf-8
host: localhost:14650
accept: */*

Response DefaultHttpResponse(decodeResult: success, version: HTTP/1.1)
HTTP/1.1 200 OK
Content-Length: 19
Content-Type: application/json; charset=utf-8
cache-control: no-cache

10:52:20.400 [AsyncHttpClient-1-3] DEBUG org.asynchttpclient.netty.channel.ChannelManager - Adding key: http://localhost:14650 for channel [id: 0x1a9667f1, L:/127.0.0.1:64451 - R:localhost/127.0.0.1:14650]
10:52:20.401 [Forwarding findChildElement on session 72f0944edfb847112d07e03154691d26 to remote] DEBUG org.asynchttpclient.netty.request.NettyRequestSender - Using pooled Channel '[id: 0x1a9667f1, L:/127.0.0.1:64451 - R:localhost/127.0.0.1:14650]' for 'POST' to 'http://localhost:14650/session/72f0944edfb847112d07e03154691d26/element/490b2fc9-e9cf-4c48-b160-1db3aa467701/element'
10:52:20.401 [Forwarding findChildElement on session 72f0944edfb847112d07e03154691d26 to remote] DEBUG org.asynchttpclient.netty.request.NettyRequestSender - Using open Channel [id: 0x1a9667f1, L:/127.0.0.1:64451 - R:localhost/127.0.0.1:14650] for POST '/session/72f0944edfb847112d07e03154691d26/element/490b2fc9-e9cf-4c48-b160-1db3aa467701/element'
10:52:24.331 [AsyncHttpClient-1-3] DEBUG org.asynchttpclient.netty.handler.HttpHandler - 

Request DefaultHttpRequest(decodeResult: success, version: HTTP/1.1)
POST /session/72f0944edfb847112d07e03154691d26/element/490b2fc9-e9cf-4c48-b160-1db3aa467701/element HTTP/1.1
User-Agent: selenium/4.5.3 (java mac)
Content-Length: 106
Content-Type: application/json; charset=utf-8
host: localhost:14650
accept: */*

Response DefaultHttpResponse(decodeResult: success, version: HTTP/1.1)
HTTP/1.1 200 OK
Content-Length: 88
Content-Type: application/json; charset=utf-8
cache-control: no-cache

10:52:24.333 [AsyncHttpClient-1-3] DEBUG org.asynchttpclient.netty.channel.ChannelManager - Adding key: http://localhost:14650 for channel [id: 0x1a9667f1, L:/127.0.0.1:64451 - R:localhost/127.0.0.1:14650]
10:52:24.336 [Forwarding getElementText on session 72f0944edfb847112d07e03154691d26 to remote] DEBUG org.asynchttpclient.netty.request.NettyRequestSender - Using pooled Channel '[id: 0x1a9667f1, L:/127.0.0.1:64451 - R:localhost/127.0.0.1:14650]' for 'GET' to 'http://localhost:14650/session/72f0944edfb847112d07e03154691d26/element/1186bb46-faf2-48ea-87bc-b3e5b63a09af/text'
10:52:24.336 [Forwarding getElementText on session 72f0944edfb847112d07e03154691d26 to remote] DEBUG org.asynchttpclient.netty.request.NettyRequestSender - Using open Channel [id: 0x1a9667f1, L:/127.0.0.1:64451 - R:localhost/127.0.0.1:14650] for GET '/session/72f0944edfb847112d07e03154691d26/element/1186bb46-faf2-48ea-87bc-b3e5b63a09af/text'
10:52:24.905 [AsyncHttpClient-1-3] DEBUG org.asynchttpclient.netty.handler.HttpHandler - 

Request DefaultFullHttpRequest(decodeResult: success, version: HTTP/1.1, content: EmptyByteBufBE)
GET /session/72f0944edfb847112d07e03154691d26/element/1186bb46-faf2-48ea-87bc-b3e5b63a09af/text HTTP/1.1
User-Agent: selenium/4.5.3 (java mac)
Cache-Control: no-cache
Content-Type: application/json; charset=utf-8
host: localhost:14650
accept: */*

Response DefaultHttpResponse(decodeResult: success, version: HTTP/1.1)
HTTP/1.1 200 OK
Content-Length: 76
Content-Type: application/json; charset=utf-8
cache-control: no-cache

10:52:24.905 [AsyncHttpClient-1-3] DEBUG org.asynchttpclient.netty.channel.ChannelManager - Adding key: http://localhost:14650 for channel [id: 0x1a9667f1, L:/127.0.0.1:64451 - R:localhost/127.0.0.1:14650]
10:52:24.910 [Forwarding findChildElement on session 72f0944edfb847112d07e03154691d26 to remote] DEBUG org.asynchttpclient.netty.request.NettyRequestSender - Using pooled Channel '[id: 0x1a9667f1, L:/127.0.0.1:64451 - R:localhost/127.0.0.1:14650]' for 'POST' to 'http://localhost:14650/session/72f0944edfb847112d07e03154691d26/element/490b2fc9-e9cf-4c48-b160-1db3aa467701/element'
10:52:24.910 [Forwarding findChildElement on session 72f0944edfb847112d07e03154691d26 to remote] DEBUG org.asynchttpclient.netty.request.NettyRequestSender - Using open Channel [id: 0x1a9667f1, L:/127.0.0.1:64451 - R:localhost/127.0.0.1:14650] for POST '/session/72f0944edfb847112d07e03154691d26/element/490b2fc9-e9cf-4c48-b160-1db3aa467701/element'
10:52:25.384 [AsyncHttpClient-1-3] DEBUG org.asynchttpclient.netty.handler.HttpHandler - 

Request DefaultHttpRequest(decodeResult: success, version: HTTP/1.1)
POST /session/72f0944edfb847112d07e03154691d26/element/490b2fc9-e9cf-4c48-b160-1db3aa467701/element HTTP/1.1
User-Agent: selenium/4.5.3 (java mac)
Content-Length: 106
Content-Type: application/json; charset=utf-8
host: localhost:14650
accept: */*

Response DefaultHttpResponse(decodeResult: success, version: HTTP/1.1)
HTTP/1.1 200 OK
Content-Length: 88
Content-Type: application/json; charset=utf-8
cache-control: no-cache

10:52:25.387 [AsyncHttpClient-1-3] DEBUG org.asynchttpclient.netty.channel.ChannelManager - Adding key: http://localhost:14650 for channel [id: 0x1a9667f1, L:/127.0.0.1:64451 - R:localhost/127.0.0.1:14650]
10:52:25.388 [Forwarding getElementText on session 72f0944edfb847112d07e03154691d26 to remote] DEBUG org.asynchttpclient.netty.request.NettyRequestSender - Using pooled Channel '[id: 0x1a9667f1, L:/127.0.0.1:64451 - R:localhost/127.0.0.1:14650]' for 'GET' to 'http://localhost:14650/session/72f0944edfb847112d07e03154691d26/element/52e886a5-fb46-4e93-a0ef-2c92654fc844/text'
10:52:25.388 [Forwarding getElementText on session 72f0944edfb847112d07e03154691d26 to remote] DEBUG org.asynchttpclient.netty.request.NettyRequestSender - Using open Channel [id: 0x1a9667f1, L:/127.0.0.1:64451 - R:localhost/127.0.0.1:14650] for GET '/session/72f0944edfb847112d07e03154691d26/element/52e886a5-fb46-4e93-a0ef-2c92654fc844/text'
10:52:25.408 [AsyncHttpClient-1-3] DEBUG org.asynchttpclient.netty.handler.HttpHandler - 

Request DefaultFullHttpRequest(decodeResult: success, version: HTTP/1.1, content: EmptyByteBufBE)
GET /session/72f0944edfb847112d07e03154691d26/element/52e886a5-fb46-4e93-a0ef-2c92654fc844/text HTTP/1.1
User-Agent: selenium/4.5.3 (java mac)
Cache-Control: no-cache
Content-Type: application/json; charset=utf-8
host: localhost:14650
accept: */*

Response DefaultHttpResponse(decodeResult: success, version: HTTP/1.1)
HTTP/1.1 200 OK
Content-Length: 30
Content-Type: application/json; charset=utf-8
cache-control: no-cache

10:52:25.408 [AsyncHttpClient-1-3] DEBUG org.asynchttpclient.netty.channel.ChannelManager - Adding key: http://localhost:14650 for channel [id: 0x1a9667f1, L:/127.0.0.1:64451 - R:localhost/127.0.0.1:14650]
10:52:25.411 [Forwarding findChildElement on session 72f0944edfb847112d07e03154691d26 to remote] DEBUG org.asynchttpclient.netty.request.NettyRequestSender - Using pooled Channel '[id: 0x1a9667f1, L:/127.0.0.1:64451 - R:localhost/127.0.0.1:14650]' for 'POST' to 'http://localhost:14650/session/72f0944edfb847112d07e03154691d26/element/7a46392b-6640-4202-bd94-07003962f74f/element'
10:52:25.411 [Forwarding findChildElement on session 72f0944edfb847112d07e03154691d26 to remote] DEBUG org.asynchttpclient.netty.request.NettyRequestSender - Using open Channel [id: 0x1a9667f1, L:/127.0.0.1:64451 - R:localhost/127.0.0.1:14650] for POST '/session/72f0944edfb847112d07e03154691d26/element/7a46392b-6640-4202-bd94-07003962f74f/element'
10:52:25.427 [AsyncHttpClient-1-3] DEBUG org.asynchttpclient.netty.handler.HttpHandler - 

Request DefaultHttpRequest(decodeResult: success, version: HTTP/1.1)
POST /session/72f0944edfb847112d07e03154691d26/element/7a46392b-6640-4202-bd94-07003962f74f/element HTTP/1.1
User-Agent: selenium/4.5.3 (java mac)
Content-Length: 106
Content-Type: application/json; charset=utf-8
host: localhost:14650
accept: */*

Response DefaultHttpResponse(decodeResult: success, version: HTTP/1.1)
HTTP/1.1 200 OK
Content-Length: 88
Content-Type: application/json; charset=utf-8
cache-control: no-cache

10:52:25.428 [AsyncHttpClient-1-3] DEBUG org.asynchttpclient.netty.channel.ChannelManager - Adding key: http://localhost:14650 for channel [id: 0x1a9667f1, L:/127.0.0.1:64451 - R:localhost/127.0.0.1:14650]
10:52:25.430 [Forwarding getElementText on session 72f0944edfb847112d07e03154691d26 to remote] DEBUG org.asynchttpclient.netty.request.NettyRequestSender - Using pooled Channel '[id: 0x1a9667f1, L:/127.0.0.1:64451 - R:localhost/127.0.0.1:14650]' for 'GET' to 'http://localhost:14650/session/72f0944edfb847112d07e03154691d26/element/f2437153-efbc-44e4-8afe-6cfb5a4d6c17/text'
10:52:25.430 [Forwarding getElementText on session 72f0944edfb847112d07e03154691d26 to remote] DEBUG org.asynchttpclient.netty.request.NettyRequestSender - Using open Channel [id: 0x1a9667f1, L:/127.0.0.1:64451 - R:localhost/127.0.0.1:14650] for GET '/session/72f0944edfb847112d07e03154691d26/element/f2437153-efbc-44e4-8afe-6cfb5a4d6c17/text'
10:52:25.449 [AsyncHttpClient-1-3] DEBUG org.asynchttpclient.netty.handler.HttpHandler - 

Request DefaultFullHttpRequest(decodeResult: success, version: HTTP/1.1, content: EmptyByteBufBE)
GET /session/72f0944edfb847112d07e03154691d26/element/f2437153-efbc-44e4-8afe-6cfb5a4d6c17/text HTTP/1.1
User-Agent: selenium/4.5.3 (java mac)
Cache-Control: no-cache
Content-Type: application/json; charset=utf-8
host: localhost:14650
accept: */*

Response DefaultHttpResponse(decodeResult: success, version: HTTP/1.1)
HTTP/1.1 200 OK
Content-Length: 92
Content-Type: application/json; charset=utf-8
cache-control: no-cache

10:52:25.449 [AsyncHttpClient-1-3] DEBUG org.asynchttpclient.netty.channel.ChannelManager - Adding key: http://localhost:14650 for channel [id: 0x1a9667f1, L:/127.0.0.1:64451 - R:localhost/127.0.0.1:14650]
10:52:25.451 [Forwarding findChildElement on session 72f0944edfb847112d07e03154691d26 to remote] DEBUG org.asynchttpclient.netty.request.NettyRequestSender - Using pooled Channel '[id: 0x1a9667f1, L:/127.0.0.1:64451 - R:localhost/127.0.0.1:14650]' for 'POST' to 'http://localhost:14650/session/72f0944edfb847112d07e03154691d26/element/7a46392b-6640-4202-bd94-07003962f74f/element'
10:52:25.451 [Forwarding findChildElement on session 72f0944edfb847112d07e03154691d26 to remote] DEBUG org.asynchttpclient.netty.request.NettyRequestSender - Using open Channel [id: 0x1a9667f1, L:/127.0.0.1:64451 - R:localhost/127.0.0.1:14650] for POST '/session/72f0944edfb847112d07e03154691d26/element/7a46392b-6640-4202-bd94-07003962f74f/element'
10:52:25.474 [AsyncHttpClient-1-3] DEBUG org.asynchttpclient.netty.handler.HttpHandler - 

Request DefaultHttpRequest(decodeResult: success, version: HTTP/1.1)
POST /session/72f0944edfb847112d07e03154691d26/element/7a46392b-6640-4202-bd94-07003962f74f/element HTTP/1.1
User-Agent: selenium/4.5.3 (java mac)
Content-Length: 106
Content-Type: application/json; charset=utf-8
host: localhost:14650
accept: */*

Response DefaultHttpResponse(decodeResult: success, version: HTTP/1.1)
HTTP/1.1 200 OK
Content-Length: 88
Content-Type: application/json; charset=utf-8
cache-control: no-cache

10:52:25.474 [AsyncHttpClient-1-3] DEBUG org.asynchttpclient.netty.channel.ChannelManager - Adding key: http://localhost:14650 for channel [id: 0x1a9667f1, L:/127.0.0.1:64451 - R:localhost/127.0.0.1:14650]
10:52:25.475 [Forwarding getElementText on session 72f0944edfb847112d07e03154691d26 to remote] DEBUG org.asynchttpclient.netty.request.NettyRequestSender - Using pooled Channel '[id: 0x1a9667f1, L:/127.0.0.1:64451 - R:localhost/127.0.0.1:14650]' for 'GET' to 'http://localhost:14650/session/72f0944edfb847112d07e03154691d26/element/bd9687f4-9b66-4fac-8b3c-db2fff4bd7f9/text'
10:52:25.475 [Forwarding getElementText on session 72f0944edfb847112d07e03154691d26 to remote] DEBUG org.asynchttpclient.netty.request.NettyRequestSender - Using open Channel [id: 0x1a9667f1, L:/127.0.0.1:64451 - R:localhost/127.0.0.1:14650] for GET '/session/72f0944edfb847112d07e03154691d26/element/bd9687f4-9b66-4fac-8b3c-db2fff4bd7f9/text'
10:52:25.492 [AsyncHttpClient-1-3] DEBUG org.asynchttpclient.netty.handler.HttpHandler - 

Request DefaultFullHttpRequest(decodeResult: success, version: HTTP/1.1, content: EmptyByteBufBE)
GET /session/72f0944edfb847112d07e03154691d26/element/bd9687f4-9b66-4fac-8b3c-db2fff4bd7f9/text HTTP/1.1
User-Agent: selenium/4.5.3 (java mac)
Cache-Control: no-cache
Content-Type: application/json; charset=utf-8
host: localhost:14650
accept: */*

Response DefaultHttpResponse(decodeResult: success, version: HTTP/1.1)
HTTP/1.1 200 OK
Content-Length: 30
Content-Type: application/json; charset=utf-8
cache-control: no-cache

10:52:25.493 [AsyncHttpClient-1-3] DEBUG org.asynchttpclient.netty.channel.ChannelManager - Adding key: http://localhost:14650 for channel [id: 0x1a9667f1, L:/127.0.0.1:64451 - R:localhost/127.0.0.1:14650]
10:52:25.494 [Forwarding findChildElement on session 72f0944edfb847112d07e03154691d26 to remote] DEBUG org.asynchttpclient.netty.request.NettyRequestSender - Using pooled Channel '[id: 0x1a9667f1, L:/127.0.0.1:64451 - R:localhost/127.0.0.1:14650]' for 'POST' to 'http://localhost:14650/session/72f0944edfb847112d07e03154691d26/element/032b310f-b806-4e60-830b-3485c9b54e25/element'
10:52:25.494 [Forwarding findChildElement on session 72f0944edfb847112d07e03154691d26 to remote] DEBUG org.asynchttpclient.netty.request.NettyRequestSender - Using open Channel [id: 0x1a9667f1, L:/127.0.0.1:64451 - R:localhost/127.0.0.1:14650] for POST '/session/72f0944edfb847112d07e03154691d26/element/032b310f-b806-4e60-830b-3485c9b54e25/element'
10:52:26.069 [AsyncHttpClient-1-3] DEBUG org.asynchttpclient.netty.handler.HttpHandler - 

Request DefaultHttpRequest(decodeResult: success, version: HTTP/1.1)
POST /session/72f0944edfb847112d07e03154691d26/element/032b310f-b806-4e60-830b-3485c9b54e25/element HTTP/1.1
User-Agent: selenium/4.5.3 (java mac)
Content-Length: 106
Content-Type: application/json; charset=utf-8
host: localhost:14650
accept: */*

Response DefaultHttpResponse(decodeResult: success, version: HTTP/1.1)
HTTP/1.1 200 OK
Content-Length: 88
Content-Type: application/json; charset=utf-8
cache-control: no-cache

10:52:26.069 [AsyncHttpClient-1-3] DEBUG org.asynchttpclient.netty.channel.ChannelManager - Adding key: http://localhost:14650 for channel [id: 0x1a9667f1, L:/127.0.0.1:64451 - R:localhost/127.0.0.1:14650]
10:52:26.071 [Forwarding getElementText on session 72f0944edfb847112d07e03154691d26 to remote] DEBUG org.asynchttpclient.netty.request.NettyRequestSender - Using pooled Channel '[id: 0x1a9667f1, L:/127.0.0.1:64451 - R:localhost/127.0.0.1:14650]' for 'GET' to 'http://localhost:14650/session/72f0944edfb847112d07e03154691d26/element/86b306a8-a50c-4453-9dbb-f20726b0b61a/text'
10:52:26.072 [Forwarding getElementText on session 72f0944edfb847112d07e03154691d26 to remote] DEBUG org.asynchttpclient.netty.request.NettyRequestSender - Using open Channel [id: 0x1a9667f1, L:/127.0.0.1:64451 - R:localhost/127.0.0.1:14650] for GET '/session/72f0944edfb847112d07e03154691d26/element/86b306a8-a50c-4453-9dbb-f20726b0b61a/text'
10:52:26.234 [AsyncHttpClient-1-3] DEBUG org.asynchttpclient.netty.handler.HttpHandler - 

Request DefaultFullHttpRequest(decodeResult: success, version: HTTP/1.1, content: EmptyByteBufBE)
GET /session/72f0944edfb847112d07e03154691d26/element/86b306a8-a50c-4453-9dbb-f20726b0b61a/text HTTP/1.1
User-Agent: selenium/4.5.3 (java mac)
Cache-Control: no-cache
Content-Type: application/json; charset=utf-8
host: localhost:14650
accept: */*

Response DefaultHttpResponse(decodeResult: success, version: HTTP/1.1)
HTTP/1.1 200 OK
Content-Length: 92
Content-Type: application/json; charset=utf-8
cache-control: no-cache

10:52:26.234 [AsyncHttpClient-1-3] DEBUG org.asynchttpclient.netty.channel.ChannelManager - Adding key: http://localhost:14650 for channel [id: 0x1a9667f1, L:/127.0.0.1:64451 - R:localhost/127.0.0.1:14650]
10:52:26.235 [Forwarding findChildElement on session 72f0944edfb847112d07e03154691d26 to remote] DEBUG org.asynchttpclient.netty.request.NettyRequestSender - Using pooled Channel '[id: 0x1a9667f1, L:/127.0.0.1:64451 - R:localhost/127.0.0.1:14650]' for 'POST' to 'http://localhost:14650/session/72f0944edfb847112d07e03154691d26/element/032b310f-b806-4e60-830b-3485c9b54e25/element'
10:52:26.236 [Forwarding findChildElement on session 72f0944edfb847112d07e03154691d26 to remote] DEBUG org.asynchttpclient.netty.request.NettyRequestSender - Using open Channel [id: 0x1a9667f1, L:/127.0.0.1:64451 - R:localhost/127.0.0.1:14650] for POST '/session/72f0944edfb847112d07e03154691d26/element/032b310f-b806-4e60-830b-3485c9b54e25/element'
10:52:26.480 [AsyncHttpClient-1-3] DEBUG org.asynchttpclient.netty.handler.HttpHandler - 

Request DefaultHttpRequest(decodeResult: success, version: HTTP/1.1)
POST /session/72f0944edfb847112d07e03154691d26/element/032b310f-b806-4e60-830b-3485c9b54e25/element HTTP/1.1
User-Agent: selenium/4.5.3 (java mac)
Content-Length: 106
Content-Type: application/json; charset=utf-8
host: localhost:14650
accept: */*

Response DefaultHttpResponse(decodeResult: success, version: HTTP/1.1)
HTTP/1.1 200 OK
Content-Length: 88
Content-Type: application/json; charset=utf-8
cache-control: no-cache

10:52:26.480 [AsyncHttpClient-1-3] DEBUG org.asynchttpclient.netty.channel.ChannelManager - Adding key: http://localhost:14650 for channel [id: 0x1a9667f1, L:/127.0.0.1:64451 - R:localhost/127.0.0.1:14650]
10:52:26.481 [Forwarding getElementText on session 72f0944edfb847112d07e03154691d26 to remote] DEBUG org.asynchttpclient.netty.request.NettyRequestSender - Using pooled Channel '[id: 0x1a9667f1, L:/127.0.0.1:64451 - R:localhost/127.0.0.1:14650]' for 'GET' to 'http://localhost:14650/session/72f0944edfb847112d07e03154691d26/element/5a35b636-c71a-43e2-b540-27e088e2e7e8/text'
10:52:26.481 [Forwarding getElementText on session 72f0944edfb847112d07e03154691d26 to remote] DEBUG org.asynchttpclient.netty.request.NettyRequestSender - Using open Channel [id: 0x1a9667f1, L:/127.0.0.1:64451 - R:localhost/127.0.0.1:14650] for GET '/session/72f0944edfb847112d07e03154691d26/element/5a35b636-c71a-43e2-b540-27e088e2e7e8/text'
10:52:26.661 [AsyncHttpClient-1-3] DEBUG org.asynchttpclient.netty.handler.HttpHandler - 

Request DefaultFullHttpRequest(decodeResult: success, version: HTTP/1.1, content: EmptyByteBufBE)
GET /session/72f0944edfb847112d07e03154691d26/element/5a35b636-c71a-43e2-b540-27e088e2e7e8/text HTTP/1.1
User-Agent: selenium/4.5.3 (java mac)
Cache-Control: no-cache
Content-Type: application/json; charset=utf-8
host: localhost:14650
accept: */*

Response DefaultHttpResponse(decodeResult: success, version: HTTP/1.1)
HTTP/1.1 200 OK
Content-Length: 30
Content-Type: application/json; charset=utf-8
cache-control: no-cache

10:52:26.661 [AsyncHttpClient-1-3] DEBUG org.asynchttpclient.netty.channel.ChannelManager - Adding key: http://localhost:14650 for channel [id: 0x1a9667f1, L:/127.0.0.1:64451 - R:localhost/127.0.0.1:14650]
10:52:26.662 [Forwarding findChildElement on session 72f0944edfb847112d07e03154691d26 to remote] DEBUG org.asynchttpclient.netty.request.NettyRequestSender - Using pooled Channel '[id: 0x1a9667f1, L:/127.0.0.1:64451 - R:localhost/127.0.0.1:14650]' for 'POST' to 'http://localhost:14650/session/72f0944edfb847112d07e03154691d26/element/53a69915-0ea2-4d6b-bba2-6ebf8669ec37/element'
10:52:26.662 [Forwarding findChildElement on session 72f0944edfb847112d07e03154691d26 to remote] DEBUG org.asynchttpclient.netty.request.NettyRequestSender - Using open Channel [id: 0x1a9667f1, L:/127.0.0.1:64451 - R:localhost/127.0.0.1:14650] for POST '/session/72f0944edfb847112d07e03154691d26/element/53a69915-0ea2-4d6b-bba2-6ebf8669ec37/element'
10:52:26.677 [AsyncHttpClient-1-3] DEBUG org.asynchttpclient.netty.handler.HttpHandler - 

Request DefaultHttpRequest(decodeResult: success, version: HTTP/1.1)
POST /session/72f0944edfb847112d07e03154691d26/element/53a69915-0ea2-4d6b-bba2-6ebf8669ec37/element HTTP/1.1
User-Agent: selenium/4.5.3 (java mac)
Content-Length: 106
Content-Type: application/json; charset=utf-8
host: localhost:14650
accept: */*

Response DefaultHttpResponse(decodeResult: success, version: HTTP/1.1)
HTTP/1.1 200 OK
Content-Length: 88
Content-Type: application/json; charset=utf-8
cache-control: no-cache

10:52:26.677 [AsyncHttpClient-1-3] DEBUG org.asynchttpclient.netty.channel.ChannelManager - Adding key: http://localhost:14650 for channel [id: 0x1a9667f1, L:/127.0.0.1:64451 - R:localhost/127.0.0.1:14650]
10:52:26.679 [Forwarding getElementText on session 72f0944edfb847112d07e03154691d26 to remote] DEBUG org.asynchttpclient.netty.request.NettyRequestSender - Using pooled Channel '[id: 0x1a9667f1, L:/127.0.0.1:64451 - R:localhost/127.0.0.1:14650]' for 'GET' to 'http://localhost:14650/session/72f0944edfb847112d07e03154691d26/element/7a22e259-4c66-4b85-affd-9b0bb534158a/text'
10:52:26.679 [Forwarding getElementText on session 72f0944edfb847112d07e03154691d26 to remote] DEBUG org.asynchttpclient.netty.request.NettyRequestSender - Using open Channel [id: 0x1a9667f1, L:/127.0.0.1:64451 - R:localhost/127.0.0.1:14650] for GET '/session/72f0944edfb847112d07e03154691d26/element/7a22e259-4c66-4b85-affd-9b0bb534158a/text'
10:52:26.696 [AsyncHttpClient-1-3] DEBUG org.asynchttpclient.netty.handler.HttpHandler - 

Request DefaultFullHttpRequest(decodeResult: success, version: HTTP/1.1, content: EmptyByteBufBE)
GET /session/72f0944edfb847112d07e03154691d26/element/7a22e259-4c66-4b85-affd-9b0bb534158a/text HTTP/1.1
User-Agent: selenium/4.5.3 (java mac)
Cache-Control: no-cache
Content-Type: application/json; charset=utf-8
host: localhost:14650
accept: */*

Response DefaultHttpResponse(decodeResult: success, version: HTTP/1.1)
HTTP/1.1 200 OK
Content-Length: 66
Content-Type: application/json; charset=utf-8
cache-control: no-cache

10:52:26.696 [AsyncHttpClient-1-3] DEBUG org.asynchttpclient.netty.channel.ChannelManager - Adding key: http://localhost:14650 for channel [id: 0x1a9667f1, L:/127.0.0.1:64451 - R:localhost/127.0.0.1:14650]
10:52:26.697 [Forwarding findChildElement on session 72f0944edfb847112d07e03154691d26 to remote] DEBUG org.asynchttpclient.netty.request.NettyRequestSender - Using pooled Channel '[id: 0x1a9667f1, L:/127.0.0.1:64451 - R:localhost/127.0.0.1:14650]' for 'POST' to 'http://localhost:14650/session/72f0944edfb847112d07e03154691d26/element/53a69915-0ea2-4d6b-bba2-6ebf8669ec37/element'
10:52:26.697 [Forwarding findChildElement on session 72f0944edfb847112d07e03154691d26 to remote] DEBUG org.asynchttpclient.netty.request.NettyRequestSender - Using open Channel [id: 0x1a9667f1, L:/127.0.0.1:64451 - R:localhost/127.0.0.1:14650] for POST '/session/72f0944edfb847112d07e03154691d26/element/53a69915-0ea2-4d6b-bba2-6ebf8669ec37/element'
10:52:26.711 [AsyncHttpClient-1-3] DEBUG org.asynchttpclient.netty.handler.HttpHandler - 

Request DefaultHttpRequest(decodeResult: success, version: HTTP/1.1)
POST /session/72f0944edfb847112d07e03154691d26/element/53a69915-0ea2-4d6b-bba2-6ebf8669ec37/element HTTP/1.1
User-Agent: selenium/4.5.3 (java mac)
Content-Length: 106
Content-Type: application/json; charset=utf-8
host: localhost:14650
accept: */*

Response DefaultHttpResponse(decodeResult: success, version: HTTP/1.1)
HTTP/1.1 200 OK
Content-Length: 88
Content-Type: application/json; charset=utf-8
cache-control: no-cache

10:52:26.712 [AsyncHttpClient-1-3] DEBUG org.asynchttpclient.netty.channel.ChannelManager - Adding key: http://localhost:14650 for channel [id: 0x1a9667f1, L:/127.0.0.1:64451 - R:localhost/127.0.0.1:14650]
10:52:26.713 [Forwarding getElementText on session 72f0944edfb847112d07e03154691d26 to remote] DEBUG org.asynchttpclient.netty.request.NettyRequestSender - Using pooled Channel '[id: 0x1a9667f1, L:/127.0.0.1:64451 - R:localhost/127.0.0.1:14650]' for 'GET' to 'http://localhost:14650/session/72f0944edfb847112d07e03154691d26/element/8620d2d3-3684-41f4-a979-fea202c82bfe/text'
10:52:26.713 [Forwarding getElementText on session 72f0944edfb847112d07e03154691d26 to remote] DEBUG org.asynchttpclient.netty.request.NettyRequestSender - Using open Channel [id: 0x1a9667f1, L:/127.0.0.1:64451 - R:localhost/127.0.0.1:14650] for GET '/session/72f0944edfb847112d07e03154691d26/element/8620d2d3-3684-41f4-a979-fea202c82bfe/text'
10:52:26.730 [AsyncHttpClient-1-3] DEBUG org.asynchttpclient.netty.handler.HttpHandler - 

Request DefaultFullHttpRequest(decodeResult: success, version: HTTP/1.1, content: EmptyByteBufBE)
GET /session/72f0944edfb847112d07e03154691d26/element/8620d2d3-3684-41f4-a979-fea202c82bfe/text HTTP/1.1
User-Agent: selenium/4.5.3 (java mac)
Cache-Control: no-cache
Content-Type: application/json; charset=utf-8
host: localhost:14650
accept: */*

Response DefaultHttpResponse(decodeResult: success, version: HTTP/1.1)
HTTP/1.1 200 OK
Content-Length: 19
Content-Type: application/json; charset=utf-8
cache-control: no-cache

10:52:26.730 [AsyncHttpClient-1-3] DEBUG org.asynchttpclient.netty.channel.ChannelManager - Adding key: http://localhost:14650 for channel [id: 0x1a9667f1, L:/127.0.0.1:64451 - R:localhost/127.0.0.1:14650]
10:52:26.731 [Forwarding findChildElement on session 72f0944edfb847112d07e03154691d26 to remote] DEBUG org.asynchttpclient.netty.request.NettyRequestSender - Using pooled Channel '[id: 0x1a9667f1, L:/127.0.0.1:64451 - R:localhost/127.0.0.1:14650]' for 'POST' to 'http://localhost:14650/session/72f0944edfb847112d07e03154691d26/element/fd2cb742-97fb-4304-831f-7f947bef7c01/element'
10:52:26.731 [Forwarding findChildElement on session 72f0944edfb847112d07e03154691d26 to remote] DEBUG org.asynchttpclient.netty.request.NettyRequestSender - Using open Channel [id: 0x1a9667f1, L:/127.0.0.1:64451 - R:localhost/127.0.0.1:14650] for POST '/session/72f0944edfb847112d07e03154691d26/element/fd2cb742-97fb-4304-831f-7f947bef7c01/element'
10:52:26.751 [AsyncHttpClient-1-3] DEBUG org.asynchttpclient.netty.handler.HttpHandler - 

Request DefaultHttpRequest(decodeResult: success, version: HTTP/1.1)
POST /session/72f0944edfb847112d07e03154691d26/element/fd2cb742-97fb-4304-831f-7f947bef7c01/element HTTP/1.1
User-Agent: selenium/4.5.3 (java mac)
Content-Length: 106
Content-Type: application/json; charset=utf-8
host: localhost:14650
accept: */*

Response DefaultHttpResponse(decodeResult: success, version: HTTP/1.1)
HTTP/1.1 200 OK
Content-Length: 88
Content-Type: application/json; charset=utf-8
cache-control: no-cache

10:52:26.751 [AsyncHttpClient-1-3] DEBUG org.asynchttpclient.netty.channel.ChannelManager - Adding key: http://localhost:14650 for channel [id: 0x1a9667f1, L:/127.0.0.1:64451 - R:localhost/127.0.0.1:14650]
10:52:26.751 [Forwarding getElementText on session 72f0944edfb847112d07e03154691d26 to remote] DEBUG org.asynchttpclient.netty.request.NettyRequestSender - Using pooled Channel '[id: 0x1a9667f1, L:/127.0.0.1:64451 - R:localhost/127.0.0.1:14650]' for 'GET' to 'http://localhost:14650/session/72f0944edfb847112d07e03154691d26/element/d733c8a7-774d-4a5a-a238-6559901dafbe/text'
10:52:26.751 [Forwarding getElementText on session 72f0944edfb847112d07e03154691d26 to remote] DEBUG org.asynchttpclient.netty.request.NettyRequestSender - Using open Channel [id: 0x1a9667f1, L:/127.0.0.1:64451 - R:localhost/127.0.0.1:14650] for GET '/session/72f0944edfb847112d07e03154691d26/element/d733c8a7-774d-4a5a-a238-6559901dafbe/text'
10:52:27.087 [AsyncHttpClient-1-3] DEBUG org.asynchttpclient.netty.handler.HttpHandler - 

Request DefaultFullHttpRequest(decodeResult: success, version: HTTP/1.1, content: EmptyByteBufBE)
GET /session/72f0944edfb847112d07e03154691d26/element/d733c8a7-774d-4a5a-a238-6559901dafbe/text HTTP/1.1
User-Agent: selenium/4.5.3 (java mac)
Cache-Control: no-cache
Content-Type: application/json; charset=utf-8
host: localhost:14650
accept: */*

Response DefaultHttpResponse(decodeResult: success, version: HTTP/1.1)
HTTP/1.1 200 OK
Content-Length: 93
Content-Type: application/json; charset=utf-8
cache-control: no-cache

10:52:27.087 [AsyncHttpClient-1-3] DEBUG org.asynchttpclient.netty.channel.ChannelManager - Adding key: http://localhost:14650 for channel [id: 0x1a9667f1, L:/127.0.0.1:64451 - R:localhost/127.0.0.1:14650]
10:52:27.088 [Forwarding findChildElement on session 72f0944edfb847112d07e03154691d26 to remote] DEBUG org.asynchttpclient.netty.request.NettyRequestSender - Using pooled Channel '[id: 0x1a9667f1, L:/127.0.0.1:64451 - R:localhost/127.0.0.1:14650]' for 'POST' to 'http://localhost:14650/session/72f0944edfb847112d07e03154691d26/element/fd2cb742-97fb-4304-831f-7f947bef7c01/element'
10:52:27.088 [Forwarding findChildElement on session 72f0944edfb847112d07e03154691d26 to remote] DEBUG org.asynchttpclient.netty.request.NettyRequestSender - Using open Channel [id: 0x1a9667f1, L:/127.0.0.1:64451 - R:localhost/127.0.0.1:14650] for POST '/session/72f0944edfb847112d07e03154691d26/element/fd2cb742-97fb-4304-831f-7f947bef7c01/element'
10:52:27.445 [AsyncHttpClient-1-3] DEBUG org.asynchttpclient.netty.handler.HttpHandler - 

Request DefaultHttpRequest(decodeResult: success, version: HTTP/1.1)
POST /session/72f0944edfb847112d07e03154691d26/element/fd2cb742-97fb-4304-831f-7f947bef7c01/element HTTP/1.1
User-Agent: selenium/4.5.3 (java mac)
Content-Length: 106
Content-Type: application/json; charset=utf-8
host: localhost:14650
accept: */*

Response DefaultHttpResponse(decodeResult: success, version: HTTP/1.1)
HTTP/1.1 200 OK
Content-Length: 88
Content-Type: application/json; charset=utf-8
cache-control: no-cache

10:52:27.445 [AsyncHttpClient-1-3] DEBUG org.asynchttpclient.netty.channel.ChannelManager - Adding key: http://localhost:14650 for channel [id: 0x1a9667f1, L:/127.0.0.1:64451 - R:localhost/127.0.0.1:14650]
10:52:27.446 [Forwarding getElementText on session 72f0944edfb847112d07e03154691d26 to remote] DEBUG org.asynchttpclient.netty.request.NettyRequestSender - Using pooled Channel '[id: 0x1a9667f1, L:/127.0.0.1:64451 - R:localhost/127.0.0.1:14650]' for 'GET' to 'http://localhost:14650/session/72f0944edfb847112d07e03154691d26/element/c747b150-8491-419f-a319-fda48b3d4756/text'
10:52:27.446 [Forwarding getElementText on session 72f0944edfb847112d07e03154691d26 to remote] DEBUG org.asynchttpclient.netty.request.NettyRequestSender - Using open Channel [id: 0x1a9667f1, L:/127.0.0.1:64451 - R:localhost/127.0.0.1:14650] for GET '/session/72f0944edfb847112d07e03154691d26/element/c747b150-8491-419f-a319-fda48b3d4756/text'
10:52:27.485 [AsyncHttpClient-1-3] DEBUG org.asynchttpclient.netty.handler.HttpHandler - 

Request DefaultFullHttpRequest(decodeResult: success, version: HTTP/1.1, content: EmptyByteBufBE)
GET /session/72f0944edfb847112d07e03154691d26/element/c747b150-8491-419f-a319-fda48b3d4756/text HTTP/1.1
User-Agent: selenium/4.5.3 (java mac)
Cache-Control: no-cache
Content-Type: application/json; charset=utf-8
host: localhost:14650
accept: */*

Response DefaultHttpResponse(decodeResult: success, version: HTTP/1.1)
HTTP/1.1 200 OK
Content-Length: 19
Content-Type: application/json; charset=utf-8
cache-control: no-cache

10:52:27.486 [AsyncHttpClient-1-3] DEBUG org.asynchttpclient.netty.channel.ChannelManager - Adding key: http://localhost:14650 for channel [id: 0x1a9667f1, L:/127.0.0.1:64451 - R:localhost/127.0.0.1:14650]
10:52:27.488 [Forwarding findChildElement on session 72f0944edfb847112d07e03154691d26 to remote] DEBUG org.asynchttpclient.netty.request.NettyRequestSender - Using pooled Channel '[id: 0x1a9667f1, L:/127.0.0.1:64451 - R:localhost/127.0.0.1:14650]' for 'POST' to 'http://localhost:14650/session/72f0944edfb847112d07e03154691d26/element/83feb630-045b-4a61-94fc-78714f22cda1/element'
10:52:27.488 [Forwarding findChildElement on session 72f0944edfb847112d07e03154691d26 to remote] DEBUG org.asynchttpclient.netty.request.NettyRequestSender - Using open Channel [id: 0x1a9667f1, L:/127.0.0.1:64451 - R:localhost/127.0.0.1:14650] for POST '/session/72f0944edfb847112d07e03154691d26/element/83feb630-045b-4a61-94fc-78714f22cda1/element'
10:52:27.870 [AsyncHttpClient-1-3] DEBUG org.asynchttpclient.netty.handler.HttpHandler - 

Request DefaultHttpRequest(decodeResult: success, version: HTTP/1.1)
POST /session/72f0944edfb847112d07e03154691d26/element/83feb630-045b-4a61-94fc-78714f22cda1/element HTTP/1.1
User-Agent: selenium/4.5.3 (java mac)
Content-Length: 106
Content-Type: application/json; charset=utf-8
host: localhost:14650
accept: */*

Response DefaultHttpResponse(decodeResult: success, version: HTTP/1.1)
HTTP/1.1 200 OK
Content-Length: 88
Content-Type: application/json; charset=utf-8
cache-control: no-cache

10:52:27.870 [AsyncHttpClient-1-3] DEBUG org.asynchttpclient.netty.channel.ChannelManager - Adding key: http://localhost:14650 for channel [id: 0x1a9667f1, L:/127.0.0.1:64451 - R:localhost/127.0.0.1:14650]
10:52:27.871 [Forwarding getElementText on session 72f0944edfb847112d07e03154691d26 to remote] DEBUG org.asynchttpclient.netty.request.NettyRequestSender - Using pooled Channel '[id: 0x1a9667f1, L:/127.0.0.1:64451 - R:localhost/127.0.0.1:14650]' for 'GET' to 'http://localhost:14650/session/72f0944edfb847112d07e03154691d26/element/665c1802-da15-4ac2-938c-a563bea0e5af/text'
10:52:27.871 [Forwarding getElementText on session 72f0944edfb847112d07e03154691d26 to remote] DEBUG org.asynchttpclient.netty.request.NettyRequestSender - Using open Channel [id: 0x1a9667f1, L:/127.0.0.1:64451 - R:localhost/127.0.0.1:14650] for GET '/session/72f0944edfb847112d07e03154691d26/element/665c1802-da15-4ac2-938c-a563bea0e5af/text'
10:52:28.270 [AsyncHttpClient-1-3] DEBUG org.asynchttpclient.netty.handler.HttpHandler - 

Request DefaultFullHttpRequest(decodeResult: success, version: HTTP/1.1, content: EmptyByteBufBE)
GET /session/72f0944edfb847112d07e03154691d26/element/665c1802-da15-4ac2-938c-a563bea0e5af/text HTTP/1.1
User-Agent: selenium/4.5.3 (java mac)
Cache-Control: no-cache
Content-Type: application/json; charset=utf-8
host: localhost:14650
accept: */*

Response DefaultHttpResponse(decodeResult: success, version: HTTP/1.1)
HTTP/1.1 200 OK
Content-Length: 91
Content-Type: application/json; charset=utf-8
cache-control: no-cache

10:52:28.270 [AsyncHttpClient-1-3] DEBUG org.asynchttpclient.netty.channel.ChannelManager - Adding key: http://localhost:14650 for channel [id: 0x1a9667f1, L:/127.0.0.1:64451 - R:localhost/127.0.0.1:14650]
10:52:28.271 [Forwarding findChildElement on session 72f0944edfb847112d07e03154691d26 to remote] DEBUG org.asynchttpclient.netty.request.NettyRequestSender - Using pooled Channel '[id: 0x1a9667f1, L:/127.0.0.1:64451 - R:localhost/127.0.0.1:14650]' for 'POST' to 'http://localhost:14650/session/72f0944edfb847112d07e03154691d26/element/83feb630-045b-4a61-94fc-78714f22cda1/element'
10:52:28.271 [Forwarding findChildElement on session 72f0944edfb847112d07e03154691d26 to remote] DEBUG org.asynchttpclient.netty.request.NettyRequestSender - Using open Channel [id: 0x1a9667f1, L:/127.0.0.1:64451 - R:localhost/127.0.0.1:14650] for POST '/session/72f0944edfb847112d07e03154691d26/element/83feb630-045b-4a61-94fc-78714f22cda1/element'
10:52:28.291 [AsyncHttpClient-1-3] DEBUG org.asynchttpclient.netty.handler.HttpHandler - 

Request DefaultHttpRequest(decodeResult: success, version: HTTP/1.1)
POST /session/72f0944edfb847112d07e03154691d26/element/83feb630-045b-4a61-94fc-78714f22cda1/element HTTP/1.1
User-Agent: selenium/4.5.3 (java mac)
Content-Length: 106
Content-Type: application/json; charset=utf-8
host: localhost:14650
accept: */*

Response DefaultHttpResponse(decodeResult: success, version: HTTP/1.1)
HTTP/1.1 200 OK
Content-Length: 88
Content-Type: application/json; charset=utf-8
cache-control: no-cache

10:52:28.291 [AsyncHttpClient-1-3] DEBUG org.asynchttpclient.netty.channel.ChannelManager - Adding key: http://localhost:14650 for channel [id: 0x1a9667f1, L:/127.0.0.1:64451 - R:localhost/127.0.0.1:14650]
10:52:28.292 [Forwarding getElementText on session 72f0944edfb847112d07e03154691d26 to remote] DEBUG org.asynchttpclient.netty.request.NettyRequestSender - Using pooled Channel '[id: 0x1a9667f1, L:/127.0.0.1:64451 - R:localhost/127.0.0.1:14650]' for 'GET' to 'http://localhost:14650/session/72f0944edfb847112d07e03154691d26/element/28f4c5c9-70c3-419f-be02-0594abd19c04/text'
10:52:28.292 [Forwarding getElementText on session 72f0944edfb847112d07e03154691d26 to remote] DEBUG org.asynchttpclient.netty.request.NettyRequestSender - Using open Channel [id: 0x1a9667f1, L:/127.0.0.1:64451 - R:localhost/127.0.0.1:14650] for GET '/session/72f0944edfb847112d07e03154691d26/element/28f4c5c9-70c3-419f-be02-0594abd19c04/text'
10:52:28.319 [AsyncHttpClient-1-3] DEBUG org.asynchttpclient.netty.handler.HttpHandler - 

Request DefaultFullHttpRequest(decodeResult: success, version: HTTP/1.1, content: EmptyByteBufBE)
GET /session/72f0944edfb847112d07e03154691d26/element/28f4c5c9-70c3-419f-be02-0594abd19c04/text HTTP/1.1
User-Agent: selenium/4.5.3 (java mac)
Cache-Control: no-cache
Content-Type: application/json; charset=utf-8
host: localhost:14650
accept: */*

Response DefaultHttpResponse(decodeResult: success, version: HTTP/1.1)
HTTP/1.1 200 OK
Content-Length: 19
Content-Type: application/json; charset=utf-8
cache-control: no-cache

10:52:28.319 [AsyncHttpClient-1-3] DEBUG org.asynchttpclient.netty.channel.ChannelManager - Adding key: http://localhost:14650 for channel [id: 0x1a9667f1, L:/127.0.0.1:64451 - R:localhost/127.0.0.1:14650]
10:52:28.320 [Forwarding findChildElement on session 72f0944edfb847112d07e03154691d26 to remote] DEBUG org.asynchttpclient.netty.request.NettyRequestSender - Using pooled Channel '[id: 0x1a9667f1, L:/127.0.0.1:64451 - R:localhost/127.0.0.1:14650]' for 'POST' to 'http://localhost:14650/session/72f0944edfb847112d07e03154691d26/element/a1848e1d-7657-4da1-8bb6-425c2fc26249/element'
10:52:28.320 [Forwarding findChildElement on session 72f0944edfb847112d07e03154691d26 to remote] DEBUG org.asynchttpclient.netty.request.NettyRequestSender - Using open Channel [id: 0x1a9667f1, L:/127.0.0.1:64451 - R:localhost/127.0.0.1:14650] for POST '/session/72f0944edfb847112d07e03154691d26/element/a1848e1d-7657-4da1-8bb6-425c2fc26249/element'
10:52:28.332 [AsyncHttpClient-1-3] DEBUG org.asynchttpclient.netty.handler.HttpHandler - 

Request DefaultHttpRequest(decodeResult: success, version: HTTP/1.1)
POST /session/72f0944edfb847112d07e03154691d26/element/a1848e1d-7657-4da1-8bb6-425c2fc26249/element HTTP/1.1
User-Agent: selenium/4.5.3 (java mac)
Content-Length: 106
Content-Type: application/json; charset=utf-8
host: localhost:14650
accept: */*

Response DefaultHttpResponse(decodeResult: success, version: HTTP/1.1)
HTTP/1.1 200 OK
Content-Length: 88
Content-Type: application/json; charset=utf-8
cache-control: no-cache

10:52:28.332 [AsyncHttpClient-1-3] DEBUG org.asynchttpclient.netty.channel.ChannelManager - Adding key: http://localhost:14650 for channel [id: 0x1a9667f1, L:/127.0.0.1:64451 - R:localhost/127.0.0.1:14650]
10:52:28.333 [Forwarding getElementText on session 72f0944edfb847112d07e03154691d26 to remote] DEBUG org.asynchttpclient.netty.request.NettyRequestSender - Using pooled Channel '[id: 0x1a9667f1, L:/127.0.0.1:64451 - R:localhost/127.0.0.1:14650]' for 'GET' to 'http://localhost:14650/session/72f0944edfb847112d07e03154691d26/element/df08ab84-1b34-46fe-8023-a0162dfcaaa0/text'
10:52:28.333 [Forwarding getElementText on session 72f0944edfb847112d07e03154691d26 to remote] DEBUG org.asynchttpclient.netty.request.NettyRequestSender - Using open Channel [id: 0x1a9667f1, L:/127.0.0.1:64451 - R:localhost/127.0.0.1:14650] for GET '/session/72f0944edfb847112d07e03154691d26/element/df08ab84-1b34-46fe-8023-a0162dfcaaa0/text'
10:52:28.356 [AsyncHttpClient-1-3] DEBUG org.asynchttpclient.netty.handler.HttpHandler - 

Request DefaultFullHttpRequest(decodeResult: success, version: HTTP/1.1, content: EmptyByteBufBE)
GET /session/72f0944edfb847112d07e03154691d26/element/df08ab84-1b34-46fe-8023-a0162dfcaaa0/text HTTP/1.1
User-Agent: selenium/4.5.3 (java mac)
Cache-Control: no-cache
Content-Type: application/json; charset=utf-8
host: localhost:14650
accept: */*

Response DefaultHttpResponse(decodeResult: success, version: HTTP/1.1)
HTTP/1.1 200 OK
Content-Length: 90
Content-Type: application/json; charset=utf-8
cache-control: no-cache

10:52:28.356 [AsyncHttpClient-1-3] DEBUG org.asynchttpclient.netty.channel.ChannelManager - Adding key: http://localhost:14650 for channel [id: 0x1a9667f1, L:/127.0.0.1:64451 - R:localhost/127.0.0.1:14650]
10:52:28.358 [Forwarding findChildElement on session 72f0944edfb847112d07e03154691d26 to remote] DEBUG org.asynchttpclient.netty.request.NettyRequestSender - Using pooled Channel '[id: 0x1a9667f1, L:/127.0.0.1:64451 - R:localhost/127.0.0.1:14650]' for 'POST' to 'http://localhost:14650/session/72f0944edfb847112d07e03154691d26/element/a1848e1d-7657-4da1-8bb6-425c2fc26249/element'
10:52:28.358 [Forwarding findChildElement on session 72f0944edfb847112d07e03154691d26 to remote] DEBUG org.asynchttpclient.netty.request.NettyRequestSender - Using open Channel [id: 0x1a9667f1, L:/127.0.0.1:64451 - R:localhost/127.0.0.1:14650] for POST '/session/72f0944edfb847112d07e03154691d26/element/a1848e1d-7657-4da1-8bb6-425c2fc26249/element'
10:52:28.378 [AsyncHttpClient-1-3] DEBUG org.asynchttpclient.netty.handler.HttpHandler - 

Request DefaultHttpRequest(decodeResult: success, version: HTTP/1.1)
POST /session/72f0944edfb847112d07e03154691d26/element/a1848e1d-7657-4da1-8bb6-425c2fc26249/element HTTP/1.1
User-Agent: selenium/4.5.3 (java mac)
Content-Length: 106
Content-Type: application/json; charset=utf-8
host: localhost:14650
accept: */*

Response DefaultHttpResponse(decodeResult: success, version: HTTP/1.1)
HTTP/1.1 200 OK
Content-Length: 88
Content-Type: application/json; charset=utf-8
cache-control: no-cache

10:52:28.378 [AsyncHttpClient-1-3] DEBUG org.asynchttpclient.netty.channel.ChannelManager - Adding key: http://localhost:14650 for channel [id: 0x1a9667f1, L:/127.0.0.1:64451 - R:localhost/127.0.0.1:14650]
10:52:28.379 [Forwarding getElementText on session 72f0944edfb847112d07e03154691d26 to remote] DEBUG org.asynchttpclient.netty.request.NettyRequestSender - Using pooled Channel '[id: 0x1a9667f1, L:/127.0.0.1:64451 - R:localhost/127.0.0.1:14650]' for 'GET' to 'http://localhost:14650/session/72f0944edfb847112d07e03154691d26/element/bad762a5-4658-44c2-842b-8f3d76e6b09d/text'
10:52:28.379 [Forwarding getElementText on session 72f0944edfb847112d07e03154691d26 to remote] DEBUG org.asynchttpclient.netty.request.NettyRequestSender - Using open Channel [id: 0x1a9667f1, L:/127.0.0.1:64451 - R:localhost/127.0.0.1:14650] for GET '/session/72f0944edfb847112d07e03154691d26/element/bad762a5-4658-44c2-842b-8f3d76e6b09d/text'
10:52:29.020 [AsyncHttpClient-1-3] DEBUG org.asynchttpclient.netty.handler.HttpHandler - 

Request DefaultFullHttpRequest(decodeResult: success, version: HTTP/1.1, content: EmptyByteBufBE)
GET /session/72f0944edfb847112d07e03154691d26/element/bad762a5-4658-44c2-842b-8f3d76e6b09d/text HTTP/1.1
User-Agent: selenium/4.5.3 (java mac)
Cache-Control: no-cache
Content-Type: application/json; charset=utf-8
host: localhost:14650
accept: */*

Response DefaultHttpResponse(decodeResult: success, version: HTTP/1.1)
HTTP/1.1 200 OK
Content-Length: 30
Content-Type: application/json; charset=utf-8
cache-control: no-cache

10:52:29.020 [AsyncHttpClient-1-3] DEBUG org.asynchttpclient.netty.channel.ChannelManager - Adding key: http://localhost:14650 for channel [id: 0x1a9667f1, L:/127.0.0.1:64451 - R:localhost/127.0.0.1:14650]
10:52:29.024 [Forwarding findChildElement on session 72f0944edfb847112d07e03154691d26 to remote] DEBUG org.asynchttpclient.netty.request.NettyRequestSender - Using pooled Channel '[id: 0x1a9667f1, L:/127.0.0.1:64451 - R:localhost/127.0.0.1:14650]' for 'POST' to 'http://localhost:14650/session/72f0944edfb847112d07e03154691d26/element/acb66dc6-9b4d-4b3a-a91c-67d483c3572d/element'
10:52:29.024 [Forwarding findChildElement on session 72f0944edfb847112d07e03154691d26 to remote] DEBUG org.asynchttpclient.netty.request.NettyRequestSender - Using open Channel [id: 0x1a9667f1, L:/127.0.0.1:64451 - R:localhost/127.0.0.1:14650] for POST '/session/72f0944edfb847112d07e03154691d26/element/acb66dc6-9b4d-4b3a-a91c-67d483c3572d/element'
10:52:29.037 [AsyncHttpClient-1-3] DEBUG org.asynchttpclient.netty.handler.HttpHandler - 

Request DefaultHttpRequest(decodeResult: success, version: HTTP/1.1)
POST /session/72f0944edfb847112d07e03154691d26/element/acb66dc6-9b4d-4b3a-a91c-67d483c3572d/element HTTP/1.1
User-Agent: selenium/4.5.3 (java mac)
Content-Length: 106
Content-Type: application/json; charset=utf-8
host: localhost:14650
accept: */*

Response DefaultHttpResponse(decodeResult: success, version: HTTP/1.1)
HTTP/1.1 200 OK
Content-Length: 88
Content-Type: application/json; charset=utf-8
cache-control: no-cache

10:52:29.037 [AsyncHttpClient-1-3] DEBUG org.asynchttpclient.netty.channel.ChannelManager - Adding key: http://localhost:14650 for channel [id: 0x1a9667f1, L:/127.0.0.1:64451 - R:localhost/127.0.0.1:14650]
10:52:29.039 [Forwarding getElementText on session 72f0944edfb847112d07e03154691d26 to remote] DEBUG org.asynchttpclient.netty.request.NettyRequestSender - Using pooled Channel '[id: 0x1a9667f1, L:/127.0.0.1:64451 - R:localhost/127.0.0.1:14650]' for 'GET' to 'http://localhost:14650/session/72f0944edfb847112d07e03154691d26/element/d5c9ea5c-05a0-4965-b9cb-8e2ec7c26e0f/text'
10:52:29.039 [Forwarding getElementText on session 72f0944edfb847112d07e03154691d26 to remote] DEBUG org.asynchttpclient.netty.request.NettyRequestSender - Using open Channel [id: 0x1a9667f1, L:/127.0.0.1:64451 - R:localhost/127.0.0.1:14650] for GET '/session/72f0944edfb847112d07e03154691d26/element/d5c9ea5c-05a0-4965-b9cb-8e2ec7c26e0f/text'
10:52:29.076 [AsyncHttpClient-1-3] DEBUG org.asynchttpclient.netty.handler.HttpHandler - 

Request DefaultFullHttpRequest(decodeResult: success, version: HTTP/1.1, content: EmptyByteBufBE)
GET /session/72f0944edfb847112d07e03154691d26/element/d5c9ea5c-05a0-4965-b9cb-8e2ec7c26e0f/text HTTP/1.1
User-Agent: selenium/4.5.3 (java mac)
Cache-Control: no-cache
Content-Type: application/json; charset=utf-8
host: localhost:14650
accept: */*

Response DefaultHttpResponse(decodeResult: success, version: HTTP/1.1)
HTTP/1.1 200 OK
Content-Length: 80
Content-Type: application/json; charset=utf-8
cache-control: no-cache

10:52:29.077 [AsyncHttpClient-1-3] DEBUG org.asynchttpclient.netty.channel.ChannelManager - Adding key: http://localhost:14650 for channel [id: 0x1a9667f1, L:/127.0.0.1:64451 - R:localhost/127.0.0.1:14650]
10:52:29.078 [Forwarding findChildElement on session 72f0944edfb847112d07e03154691d26 to remote] DEBUG org.asynchttpclient.netty.request.NettyRequestSender - Using pooled Channel '[id: 0x1a9667f1, L:/127.0.0.1:64451 - R:localhost/127.0.0.1:14650]' for 'POST' to 'http://localhost:14650/session/72f0944edfb847112d07e03154691d26/element/acb66dc6-9b4d-4b3a-a91c-67d483c3572d/element'
10:52:29.078 [Forwarding findChildElement on session 72f0944edfb847112d07e03154691d26 to remote] DEBUG org.asynchttpclient.netty.request.NettyRequestSender - Using open Channel [id: 0x1a9667f1, L:/127.0.0.1:64451 - R:localhost/127.0.0.1:14650] for POST '/session/72f0944edfb847112d07e03154691d26/element/acb66dc6-9b4d-4b3a-a91c-67d483c3572d/element'
10:52:29.095 [AsyncHttpClient-1-3] DEBUG org.asynchttpclient.netty.handler.HttpHandler - 

Request DefaultHttpRequest(decodeResult: success, version: HTTP/1.1)
POST /session/72f0944edfb847112d07e03154691d26/element/acb66dc6-9b4d-4b3a-a91c-67d483c3572d/element HTTP/1.1
User-Agent: selenium/4.5.3 (java mac)
Content-Length: 106
Content-Type: application/json; charset=utf-8
host: localhost:14650
accept: */*

Response DefaultHttpResponse(decodeResult: success, version: HTTP/1.1)
HTTP/1.1 200 OK
Content-Length: 88
Content-Type: application/json; charset=utf-8
cache-control: no-cache

10:52:29.095 [AsyncHttpClient-1-3] DEBUG org.asynchttpclient.netty.channel.ChannelManager - Adding key: http://localhost:14650 for channel [id: 0x1a9667f1, L:/127.0.0.1:64451 - R:localhost/127.0.0.1:14650]
10:52:29.096 [Forwarding getElementText on session 72f0944edfb847112d07e03154691d26 to remote] DEBUG org.asynchttpclient.netty.request.NettyRequestSender - Using pooled Channel '[id: 0x1a9667f1, L:/127.0.0.1:64451 - R:localhost/127.0.0.1:14650]' for 'GET' to 'http://localhost:14650/session/72f0944edfb847112d07e03154691d26/element/aab9fdc0-3774-4b4b-a3a1-68dbb4a83cda/text'
10:52:29.096 [Forwarding getElementText on session 72f0944edfb847112d07e03154691d26 to remote] DEBUG org.asynchttpclient.netty.request.NettyRequestSender - Using open Channel [id: 0x1a9667f1, L:/127.0.0.1:64451 - R:localhost/127.0.0.1:14650] for GET '/session/72f0944edfb847112d07e03154691d26/element/aab9fdc0-3774-4b4b-a3a1-68dbb4a83cda/text'
10:52:29.526 [AsyncHttpClient-1-3] DEBUG org.asynchttpclient.netty.handler.HttpHandler - 

Request DefaultFullHttpRequest(decodeResult: success, version: HTTP/1.1, content: EmptyByteBufBE)
GET /session/72f0944edfb847112d07e03154691d26/element/aab9fdc0-3774-4b4b-a3a1-68dbb4a83cda/text HTTP/1.1
User-Agent: selenium/4.5.3 (java mac)
Cache-Control: no-cache
Content-Type: application/json; charset=utf-8
host: localhost:14650
accept: */*

Response DefaultHttpResponse(decodeResult: success, version: HTTP/1.1)
HTTP/1.1 200 OK
Content-Length: 19
Content-Type: application/json; charset=utf-8
cache-control: no-cache

10:52:29.526 [AsyncHttpClient-1-3] DEBUG org.asynchttpclient.netty.channel.ChannelManager - Adding key: http://localhost:14650 for channel [id: 0x1a9667f1, L:/127.0.0.1:64451 - R:localhost/127.0.0.1:14650]
Execution time with ChromeDriver: 101257ms |	 1 minutes 41.00 seconds
That's a difference of -1634ms
10:52:29.704 [AsyncHttpClient-1-1] DEBUG org.asynchttpclient.netty.channel.DefaultChannelPool - Entry count for : http://localhost:14650 : 1
10:52:30.805 [AsyncHttpClient-1-1] DEBUG org.asynchttpclient.netty.channel.DefaultChannelPool - Entry count for : http://localhost:14650 : 1
]]></system-out>
    <system-err><![CDATA[Starting ChromeDriver 110.0.5481.77 (65ed616c6e8ee3fe0ad64fe83796c020644d42af-refs/branch-heads/5481@{#839}) on port 20275
Only local connections are allowed.
Please see https://chromedriver.chromium.org/security-considerations for suggestions on keeping ChromeDriver safe.
ChromeDriver was started successfully.
[1677599316.479][WARNING]: virtual void DevToolsClientImpl::AddListener(DevToolsEventListener *) subscribing a listener to the already connected DevToolsClient. Connection notification will not arrive.
Feb 28, 2023 10:48:37 AM org.openqa.selenium.devtools.CdpVersionFinder findNearestMatch
WARNING: Unable to find CDP implementation matching 110
Feb 28, 2023 10:48:37 AM org.openqa.selenium.chromium.ChromiumDriver lambda$new$3
WARNING: Unable to find version of CDP to use for . You may need to include a dependency on a specific version of the CDP using something similar to `org.seleniumhq.selenium:selenium-devtools-v86:4.5.3` where the version ("v86") matches the version of the chromium-based browser you're using and the version number of the artifact is the same as Selenium's.
Starting ChromeDriver 110.0.5481.77 (65ed616c6e8ee3fe0ad64fe83796c020644d42af-refs/branch-heads/5481@{#839}) on port 25946
Only local connections are allowed.
Please see https://chromedriver.chromium.org/security-considerations for suggestions on keeping ChromeDriver safe.
ChromeDriver was started successfully.
[1677599335.969][WARNING]: virtual void DevToolsClientImpl::AddListener(DevToolsEventListener *) subscribing a listener to the already connected DevToolsClient. Connection notification will not arrive.
Feb 28, 2023 10:48:56 AM org.openqa.selenium.devtools.CdpVersionFinder findNearestMatch
WARNING: Unable to find CDP implementation matching 110
Feb 28, 2023 10:48:56 AM org.openqa.selenium.chromium.ChromiumDriver lambda$new$3
WARNING: Unable to find version of CDP to use for . You may need to include a dependency on a specific version of the CDP using something similar to `org.seleniumhq.selenium:selenium-devtools-v86:4.5.3` where the version ("v86") matches the version of the chromium-based browser you're using and the version number of the artifact is the same as Selenium's.
Starting ChromeDriver 110.0.5481.77 (65ed616c6e8ee3fe0ad64fe83796c020644d42af-refs/branch-heads/5481@{#839}) on port 18432
Only local connections are allowed.
Please see https://chromedriver.chromium.org/security-considerations for suggestions on keeping ChromeDriver safe.
ChromeDriver was started successfully.
[1677599353.902][WARNING]: virtual void DevToolsClientImpl::AddListener(DevToolsEventListener *) subscribing a listener to the already connected DevToolsClient. Connection notification will not arrive.
Feb 28, 2023 10:49:14 AM org.openqa.selenium.devtools.CdpVersionFinder findNearestMatch
WARNING: Unable to find CDP implementation matching 110
Feb 28, 2023 10:49:14 AM org.openqa.selenium.chromium.ChromiumDriver lambda$new$3
WARNING: Unable to find version of CDP to use for . You may need to include a dependency on a specific version of the CDP using something similar to `org.seleniumhq.selenium:selenium-devtools-v86:4.5.3` where the version ("v86") matches the version of the chromium-based browser you're using and the version number of the artifact is the same as Selenium's.
Starting ChromeDriver 110.0.5481.77 (65ed616c6e8ee3fe0ad64fe83796c020644d42af-refs/branch-heads/5481@{#839}) on port 14650
Only local connections are allowed.
Please see https://chromedriver.chromium.org/security-considerations for suggestions on keeping ChromeDriver safe.
ChromeDriver was started successfully.
[1677599452.170][WARNING]: virtual void DevToolsClientImpl::AddListener(DevToolsEventListener *) subscribing a listener to the already connected DevToolsClient. Connection notification will not arrive.
Feb 28, 2023 10:50:52 AM org.openqa.selenium.devtools.CdpVersionFinder findNearestMatch
WARNING: Unable to find CDP implementation matching 110
Feb 28, 2023 10:50:52 AM org.openqa.selenium.chromium.ChromiumDriver lambda$new$3
WARNING: Unable to find version of CDP to use for . You may need to include a dependency on a specific version of the CDP using something similar to `org.seleniumhq.selenium:selenium-devtools-v86:4.5.3` where the version ("v86") matches the version of the chromium-based browser you're using and the version number of the artifact is the same as Selenium's.
]]></system-err>
  </testcase>
</testsuite>