<?xml version="1.0" encoding="UTF-8"?>
<testsuite xmlns:xsi="http://www.w3.org/2001/XMLSchema-instance" xsi:noNamespaceSchemaLocation="https://maven.apache.org/surefire/maven-surefire-plugin/xsd/surefire-test-report.xsd" name="app.selenium.TestEbay" time="578.892" tests="5" errors="0" skipped="0" failures="3">
  <properties>
    <property name="java.specification.version" value="19"/>
    <property name="sun.jnu.encoding" value="UTF-8"/>
    <property name="java.class.path" value="/Users/quese/work/shop/target/test-classes:/Users/quese/work/shop/target/classes:/Users/quese/.m2/repository/org/springframework/boot/spring-boot-starter-actuator/3.0.2/spring-boot-starter-actuator-3.0.2.jar:/Users/quese/.m2/repository/org/springframework/boot/spring-boot-starter/3.0.2/spring-boot-starter-3.0.2.jar:/Users/quese/.m2/repository/org/springframework/boot/spring-boot-starter-logging/3.0.2/spring-boot-starter-logging-3.0.2.jar:/Users/quese/.m2/repository/ch/qos/logback/logback-classic/1.4.5/logback-classic-1.4.5.jar:/Users/quese/.m2/repository/ch/qos/logback/logback-core/1.4.5/logback-core-1.4.5.jar:/Users/quese/.m2/repository/org/apache/logging/log4j/log4j-to-slf4j/2.19.0/log4j-to-slf4j-2.19.0.jar:/Users/quese/.m2/repository/org/apache/logging/log4j/log4j-api/2.19.0/log4j-api-2.19.0.jar:/Users/quese/.m2/repository/org/slf4j/jul-to-slf4j/2.0.6/jul-to-slf4j-2.0.6.jar:/Users/quese/.m2/repository/jakarta/annotation/jakarta.annotation-api/2.1.1/jakarta.annotation-api-2.1.1.jar:/Users/quese/.m2/repository/org/springframework/spring-core/6.0.4/spring-core-6.0.4.jar:/Users/quese/.m2/repository/org/springframework/spring-jcl/6.0.4/spring-jcl-6.0.4.jar:/Users/quese/.m2/repository/org/yaml/snakeyaml/1.33/snakeyaml-1.33.jar:/Users/quese/.m2/repository/org/springframework/boot/spring-boot-actuator-autoconfigure/3.0.2/spring-boot-actuator-autoconfigure-3.0.2.jar:/Users/quese/.m2/repository/org/springframework/boot/spring-boot-actuator/3.0.2/spring-boot-actuator-3.0.2.jar:/Users/quese/.m2/repository/com/fasterxml/jackson/core/jackson-databind/2.14.1/jackson-databind-2.14.1.jar:/Users/quese/.m2/repository/com/fasterxml/jackson/core/jackson-annotations/2.14.1/jackson-annotations-2.14.1.jar:/Users/quese/.m2/repository/com/fasterxml/jackson/core/jackson-core/2.14.1/jackson-core-2.14.1.jar:/Users/quese/.m2/repository/com/fasterxml/jackson/datatype/jackson-datatype-jsr310/2.14.1/jackson-datatype-jsr310-2.14.1.jar:/Users/quese/.m2/repository/io/micrometer/micrometer-observation/1.10.3/micrometer-observation-1.10.3.jar:/Users/quese/.m2/repository/io/micrometer/micrometer-commons/1.10.3/micrometer-commons-1.10.3.jar:/Users/quese/.m2/repository/io/micrometer/micrometer-core/1.10.3/micrometer-core-1.10.3.jar:/Users/quese/.m2/repository/org/hdrhistogram/HdrHistogram/2.1.12/HdrHistogram-2.1.12.jar:/Users/quese/.m2/repository/org/latencyutils/LatencyUtils/2.0.3/LatencyUtils-2.0.3.jar:/Users/quese/.m2/repository/org/springframework/boot/spring-boot-starter-web/3.0.2/spring-boot-starter-web-3.0.2.jar:/Users/quese/.m2/repository/org/springframework/boot/spring-boot-starter-json/3.0.2/spring-boot-starter-json-3.0.2.jar:/Users/quese/.m2/repository/com/fasterxml/jackson/datatype/jackson-datatype-jdk8/2.14.1/jackson-datatype-jdk8-2.14.1.jar:/Users/quese/.m2/repository/com/fasterxml/jackson/module/jackson-module-parameter-names/2.14.1/jackson-module-parameter-names-2.14.1.jar:/Users/quese/.m2/repository/org/springframework/boot/spring-boot-starter-tomcat/3.0.2/spring-boot-starter-tomcat-3.0.2.jar:/Users/quese/.m2/repository/org/apache/tomcat/embed/tomcat-embed-core/10.1.5/tomcat-embed-core-10.1.5.jar:/Users/quese/.m2/repository/org/apache/tomcat/embed/tomcat-embed-el/10.1.5/tomcat-embed-el-10.1.5.jar:/Users/quese/.m2/repository/org/apache/tomcat/embed/tomcat-embed-websocket/10.1.5/tomcat-embed-websocket-10.1.5.jar:/Users/quese/.m2/repository/org/springframework/spring-web/6.0.4/spring-web-6.0.4.jar:/Users/quese/.m2/repository/org/springframework/spring-beans/6.0.4/spring-beans-6.0.4.jar:/Users/quese/.m2/repository/org/springframework/spring-webmvc/6.0.4/spring-webmvc-6.0.4.jar:/Users/quese/.m2/repository/org/springframework/spring-aop/6.0.4/spring-aop-6.0.4.jar:/Users/quese/.m2/repository/org/springframework/spring-context/6.0.4/spring-context-6.0.4.jar:/Users/quese/.m2/repository/org/springframework/spring-expression/6.0.4/spring-expression-6.0.4.jar:/Users/quese/.m2/repository/org/springframework/boot/spring-boot-devtools/3.0.2/spring-boot-devtools-3.0.2.jar:/Users/quese/.m2/repository/org/springframework/boot/spring-boot/3.0.2/spring-boot-3.0.2.jar:/Users/quese/.m2/repository/org/springframework/boot/spring-boot-autoconfigure/3.0.2/spring-boot-autoconfigure-3.0.2.jar:/Users/quese/.m2/repository/org/springframework/boot/spring-boot-configuration-processor/3.0.2/spring-boot-configuration-processor-3.0.2.jar:/Users/quese/.m2/repository/org/projectlombok/lombok/1.18.24/lombok-1.18.24.jar:/Users/quese/.m2/repository/org/springframework/boot/spring-boot-starter-data-jpa/3.0.2/spring-boot-starter-data-jpa-3.0.2.jar:/Users/quese/.m2/repository/org/springframework/boot/spring-boot-starter-aop/3.0.2/spring-boot-starter-aop-3.0.2.jar:/Users/quese/.m2/repository/org/aspectj/aspectjweaver/1.9.19/aspectjweaver-1.9.19.jar:/Users/quese/.m2/repository/org/springframework/boot/spring-boot-starter-jdbc/3.0.2/spring-boot-starter-jdbc-3.0.2.jar:/Users/quese/.m2/repository/com/zaxxer/HikariCP/5.0.1/HikariCP-5.0.1.jar:/Users/quese/.m2/repository/org/springframework/spring-jdbc/6.0.4/spring-jdbc-6.0.4.jar:/Users/quese/.m2/repository/org/springframework/data/spring-data-jpa/3.0.1/spring-data-jpa-3.0.1.jar:/Users/quese/.m2/repository/org/springframework/data/spring-data-commons/3.0.1/spring-data-commons-3.0.1.jar:/Users/quese/.m2/repository/org/springframework/spring-orm/6.0.4/spring-orm-6.0.4.jar:/Users/quese/.m2/repository/org/springframework/spring-tx/6.0.4/spring-tx-6.0.4.jar:/Users/quese/.m2/repository/org/springframework/spring-aspects/6.0.4/spring-aspects-6.0.4.jar:/Users/quese/.m2/repository/jakarta/persistence/jakarta.persistence-api/3.1.0/jakarta.persistence-api-3.1.0.jar:/Users/quese/.m2/repository/mysql/mysql-connector-java/8.0.28/mysql-connector-java-8.0.28.jar:/Users/quese/.m2/repository/org/hibernate/orm/hibernate-core/6.1.6.Final/hibernate-core-6.1.6.Final.jar:/Users/quese/.m2/repository/jakarta/transaction/jakarta.transaction-api/2.0.1/jakarta.transaction-api-2.0.1.jar:/Users/quese/.m2/repository/org/jboss/logging/jboss-logging/3.5.0.Final/jboss-logging-3.5.0.Final.jar:/Users/quese/.m2/repository/org/hibernate/common/hibernate-commons-annotations/6.0.2.Final/hibernate-commons-annotations-6.0.2.Final.jar:/Users/quese/.m2/repository/org/jboss/jandex/2.4.2.Final/jandex-2.4.2.Final.jar:/Users/quese/.m2/repository/com/fasterxml/classmate/1.5.1/classmate-1.5.1.jar:/Users/quese/.m2/repository/net/bytebuddy/byte-buddy/1.12.22/byte-buddy-1.12.22.jar:/Users/quese/.m2/repository/jakarta/xml/bind/jakarta.xml.bind-api/4.0.0/jakarta.xml.bind-api-4.0.0.jar:/Users/quese/.m2/repository/jakarta/activation/jakarta.activation-api/2.1.1/jakarta.activation-api-2.1.1.jar:/Users/quese/.m2/repository/org/glassfish/jaxb/jaxb-runtime/4.0.1/jaxb-runtime-4.0.1.jar:/Users/quese/.m2/repository/org/glassfish/jaxb/jaxb-core/4.0.1/jaxb-core-4.0.1.jar:/Users/quese/.m2/repository/org/eclipse/angus/angus-activation/1.0.0/angus-activation-1.0.0.jar:/Users/quese/.m2/repository/org/glassfish/jaxb/txw2/4.0.1/txw2-4.0.1.jar:/Users/quese/.m2/repository/com/sun/istack/istack-commons-runtime/4.1.1/istack-commons-runtime-4.1.1.jar:/Users/quese/.m2/repository/jakarta/inject/jakarta.inject-api/2.0.0/jakarta.inject-api-2.0.0.jar:/Users/quese/.m2/repository/org/antlr/antlr4-runtime/4.10.1/antlr4-runtime-4.10.1.jar:/Users/quese/.m2/repository/org/seleniumhq/selenium/selenium-api/4.5.3/selenium-api-4.5.3.jar:/Users/quese/.m2/repository/org/seleniumhq/selenium/selenium-support/4.5.3/selenium-support-4.5.3.jar:/Users/quese/.m2/repository/com/google/auto/service/auto-service-annotations/1.0.1/auto-service-annotations-1.0.1.jar:/Users/quese/.m2/repository/com/google/auto/service/auto-service/1.0.1/auto-service-1.0.1.jar:/Users/quese/.m2/repository/com/google/auto/auto-common/1.2/auto-common-1.2.jar:/Users/quese/.m2/repository/com/google/guava/guava/31.1-jre/guava-31.1-jre.jar:/Users/quese/.m2/repository/com/google/guava/failureaccess/1.0.1/failureaccess-1.0.1.jar:/Users/quese/.m2/repository/com/google/guava/listenablefuture/9999.0-empty-to-avoid-conflict-with-guava/listenablefuture-9999.0-empty-to-avoid-conflict-with-guava.jar:/Users/quese/.m2/repository/com/google/code/findbugs/jsr305/3.0.2/jsr305-3.0.2.jar:/Users/quese/.m2/repository/org/checkerframework/checker-qual/3.12.0/checker-qual-3.12.0.jar:/Users/quese/.m2/repository/com/google/errorprone/error_prone_annotations/2.11.0/error_prone_annotations-2.11.0.jar:/Users/quese/.m2/repository/com/google/j2objc/j2objc-annotations/1.3/j2objc-annotations-1.3.jar:/Users/quese/.m2/repository/org/seleniumhq/selenium/selenium-json/4.5.3/selenium-json-4.5.3.jar:/Users/quese/.m2/repository/org/seleniumhq/selenium/selenium-remote-driver/4.5.3/selenium-remote-driver-4.5.3.jar:/Users/quese/.m2/repository/com/beust/jcommander/1.82/jcommander-1.82.jar:/Users/quese/.m2/repository/io/netty/netty-buffer/4.1.87.Final/netty-buffer-4.1.87.Final.jar:/Users/quese/.m2/repository/io/netty/netty-codec-http/4.1.87.Final/netty-codec-http-4.1.87.Final.jar:/Users/quese/.m2/repository/io/netty/netty-codec/4.1.87.Final/netty-codec-4.1.87.Final.jar:/Users/quese/.m2/repository/io/netty/netty-handler/4.1.87.Final/netty-handler-4.1.87.Final.jar:/Users/quese/.m2/repository/io/netty/netty-common/4.1.87.Final/netty-common-4.1.87.Final.jar:/Users/quese/.m2/repository/io/netty/netty-transport-classes-epoll/4.1.87.Final/netty-transport-classes-epoll-4.1.87.Final.jar:/Users/quese/.m2/repository/io/netty/netty-transport-classes-kqueue/4.1.87.Final/netty-transport-classes-kqueue-4.1.87.Final.jar:/Users/quese/.m2/repository/io/netty/netty-transport-native-epoll/4.1.87.Final/netty-transport-native-epoll-4.1.87.Final.jar:/Users/quese/.m2/repository/io/netty/netty-transport-native-kqueue/4.1.87.Final/netty-transport-native-kqueue-4.1.87.Final.jar:/Users/quese/.m2/repository/io/netty/netty-transport-native-unix-common/4.1.87.Final/netty-transport-native-unix-common-4.1.87.Final.jar:/Users/quese/.m2/repository/io/netty/netty-transport/4.1.87.Final/netty-transport-4.1.87.Final.jar:/Users/quese/.m2/repository/io/netty/netty-resolver/4.1.87.Final/netty-resolver-4.1.87.Final.jar:/Users/quese/.m2/repository/io/opentelemetry/opentelemetry-api/1.19.0/opentelemetry-api-1.19.0.jar:/Users/quese/.m2/repository/io/opentelemetry/opentelemetry-context/1.19.0/opentelemetry-context-1.19.0.jar:/Users/quese/.m2/repository/io/opentelemetry/opentelemetry-exporter-logging/1.19.0/opentelemetry-exporter-logging-1.19.0.jar:/Users/quese/.m2/repository/io/opentelemetry/opentelemetry-sdk-metrics/1.19.0/opentelemetry-sdk-metrics-1.19.0.jar:/Users/quese/.m2/repository/io/opentelemetry/opentelemetry-sdk-logs/1.19.0-alpha/opentelemetry-sdk-logs-1.19.0-alpha.jar:/Users/quese/.m2/repository/io/opentelemetry/opentelemetry-api-logs/1.19.0-alpha/opentelemetry-api-logs-1.19.0-alpha.jar:/Users/quese/.m2/repository/io/opentelemetry/opentelemetry-sdk-common/1.19.0/opentelemetry-sdk-common-1.19.0.jar:/Users/quese/.m2/repository/io/opentelemetry/opentelemetry-sdk-extension-autoconfigure-spi/1.19.0/opentelemetry-sdk-extension-autoconfigure-spi-1.19.0.jar:/Users/quese/.m2/repository/io/opentelemetry/opentelemetry-sdk-extension-autoconfigure/1.19.0-alpha/opentelemetry-sdk-extension-autoconfigure-1.19.0-alpha.jar:/Users/quese/.m2/repository/io/opentelemetry/opentelemetry-exporter-common/1.19.0/opentelemetry-exporter-common-1.19.0.jar:/Users/quese/.m2/repository/io/opentelemetry/opentelemetry-sdk-trace/1.19.0/opentelemetry-sdk-trace-1.19.0.jar:/Users/quese/.m2/repository/io/opentelemetry/opentelemetry-sdk/1.19.0/opentelemetry-sdk-1.19.0.jar:/Users/quese/.m2/repository/io/opentelemetry/opentelemetry-semconv/1.19.0-alpha/opentelemetry-semconv-1.19.0-alpha.jar:/Users/quese/.m2/repository/io/ous/jtoml/2.0.0/jtoml-2.0.0.jar:/Users/quese/.m2/repository/org/apache/commons/commons-exec/1.3/commons-exec-1.3.jar:/Users/quese/.m2/repository/org/asynchttpclient/async-http-client/2.12.3/async-http-client-2.12.3.jar:/Users/quese/.m2/repository/org/asynchttpclient/async-http-client-netty-utils/2.12.3/async-http-client-netty-utils-2.12.3.jar:/Users/quese/.m2/repository/io/netty/netty-codec-socks/4.1.87.Final/netty-codec-socks-4.1.87.Final.jar:/Users/quese/.m2/repository/io/netty/netty-handler-proxy/4.1.87.Final/netty-handler-proxy-4.1.87.Final.jar:/Users/quese/.m2/repository/io/netty/netty-transport-native-epoll/4.1.87.Final/netty-transport-native-epoll-4.1.87.Final-linux-x86_64.jar:/Users/quese/.m2/repository/io/netty/netty-transport-native-kqueue/4.1.87.Final/netty-transport-native-kqueue-4.1.87.Final-osx-x86_64.jar:/Users/quese/.m2/repository/org/reactivestreams/reactive-streams/1.0.4/reactive-streams-1.0.4.jar:/Users/quese/.m2/repository/com/typesafe/netty/netty-reactive-streams/2.0.4/netty-reactive-streams-2.0.4.jar:/Users/quese/.m2/repository/com/sun/activation/jakarta.activation/1.2.2/jakarta.activation-1.2.2.jar:/Users/quese/.m2/repository/org/seleniumhq/selenium/selenium-http/4.5.3/selenium-http-4.5.3.jar:/Users/quese/.m2/repository/dev/failsafe/failsafe/3.3.0/failsafe-3.3.0.jar:/Users/quese/.m2/repository/org/seleniumhq/selenium/selenium-chrome-driver/4.1.2/selenium-chrome-driver-4.1.2.jar:/Users/quese/.m2/repository/io/github/bonigarcia/webdrivermanager/5.0.3/webdrivermanager-5.0.3.jar:/Users/quese/.m2/repository/org/slf4j/slf4j-api/2.0.6/slf4j-api-2.0.6.jar:/Users/quese/.m2/repository/com/google/code/gson/gson/2.9.1/gson-2.9.1.jar:/Users/quese/.m2/repository/org/jsoup/jsoup/1.14.2/jsoup-1.14.2.jar:/Users/quese/.m2/repository/com/github/docker-java/docker-java/3.2.12/docker-java-3.2.12.jar:/Users/quese/.m2/repository/com/github/docker-java/docker-java-core/3.2.12/docker-java-core-3.2.12.jar:/Users/quese/.m2/repository/com/github/docker-java/docker-java-api/3.2.12/docker-java-api-3.2.12.jar:/Users/quese/.m2/repository/commons-io/commons-io/2.6/commons-io-2.6.jar:/Users/quese/.m2/repository/org/apache/commons/commons-compress/1.21/commons-compress-1.21.jar:/Users/quese/.m2/repository/commons-lang/commons-lang/2.6/commons-lang-2.6.jar:/Users/quese/.m2/repository/org/bouncycastle/bcpkix-jdk15on/1.64/bcpkix-jdk15on-1.64.jar:/Users/quese/.m2/repository/org/bouncycastle/bcprov-jdk15on/1.64/bcprov-jdk15on-1.64.jar:/Users/quese/.m2/repository/org/slf4j/jcl-over-slf4j/2.0.6/jcl-over-slf4j-2.0.6.jar:/Users/quese/.m2/repository/com/github/docker-java/docker-java-transport-httpclient5/3.2.12/docker-java-transport-httpclient5-3.2.12.jar:/Users/quese/.m2/repository/com/github/docker-java/docker-java-transport/3.2.12/docker-java-transport-3.2.12.jar:/Users/quese/.m2/repository/org/apache/httpcomponents/client5/httpclient5/5.1.4/httpclient5-5.1.4.jar:/Users/quese/.m2/repository/org/apache/httpcomponents/core5/httpcore5/5.1.5/httpcore5-5.1.5.jar:/Users/quese/.m2/repository/commons-codec/commons-codec/1.15/commons-codec-1.15.jar:/Users/quese/.m2/repository/net/java/dev/jna/jna/5.8.0/jna-5.8.0.jar:/Users/quese/.m2/repository/org/brotli/dec/0.1.2/dec-0.1.2.jar:/Users/quese/.m2/repository/org/seleniumhq/selenium/selenium-chromium-driver/4.5.3/selenium-chromium-driver-4.5.3.jar:/Users/quese/.m2/repository/junit/junit/4.12/junit-4.12.jar:/Users/quese/.m2/repository/org/hamcrest/hamcrest-core/2.2/hamcrest-core-2.2.jar:/Users/quese/.m2/repository/org/hamcrest/hamcrest/2.2/hamcrest-2.2.jar:/Users/quese/.m2/repository/org/junit/jupiter/junit-jupiter-engine/5.7.2/junit-jupiter-engine-5.7.2.jar:/Users/quese/.m2/repository/org/apiguardian/apiguardian-api/1.1.0/apiguardian-api-1.1.0.jar:/Users/quese/.m2/repository/org/junit/platform/junit-platform-engine/1.9.2/junit-platform-engine-1.9.2.jar:/Users/quese/.m2/repository/org/junit/jupiter/junit-jupiter-api/5.9.2/junit-jupiter-api-5.9.2.jar:/Users/quese/.m2/repository/org/opentest4j/opentest4j/1.2.0/opentest4j-1.2.0.jar:/Users/quese/.m2/repository/org/junit/platform/junit-platform-commons/1.9.2/junit-platform-commons-1.9.2.jar:"/>
    <property name="java.vm.vendor" value="Homebrew"/>
    <property name="sun.arch.data.model" value="64"/>
    <property name="java.vendor.url" value="https://github.com/Homebrew/homebrew-core/issues"/>
    <property name="os.name" value="Mac OS X"/>
    <property name="java.vm.specification.version" value="19"/>
    <property name="sun.java.launcher" value="SUN_STANDARD"/>
    <property name="user.country" value="US"/>
    <property name="sun.boot.library.path" value="/usr/local/Cellar/openjdk/19.0.2/libexec/openjdk.jdk/Contents/Home/lib"/>
    <property name="sun.java.command" value="/Users/quese/work/shop/target/surefire/surefirebooter14058701791336040603.jar /Users/quese/work/shop/target/surefire 2023-03-01T18-20-15_322-jvmRun1 surefire12194489510213928808tmp surefire_04446315187497702001tmp"/>
    <property name="http.nonProxyHosts" value="local|*.local|169.254/16|*.169.254/16"/>
    <property name="jdk.debug" value="release"/>
    <property name="surefire.test.class.path" value="/Users/quese/work/shop/target/test-classes:/Users/quese/work/shop/target/classes:/Users/quese/.m2/repository/org/springframework/boot/spring-boot-starter-actuator/3.0.2/spring-boot-starter-actuator-3.0.2.jar:/Users/quese/.m2/repository/org/springframework/boot/spring-boot-starter/3.0.2/spring-boot-starter-3.0.2.jar:/Users/quese/.m2/repository/org/springframework/boot/spring-boot-starter-logging/3.0.2/spring-boot-starter-logging-3.0.2.jar:/Users/quese/.m2/repository/ch/qos/logback/logback-classic/1.4.5/logback-classic-1.4.5.jar:/Users/quese/.m2/repository/ch/qos/logback/logback-core/1.4.5/logback-core-1.4.5.jar:/Users/quese/.m2/repository/org/apache/logging/log4j/log4j-to-slf4j/2.19.0/log4j-to-slf4j-2.19.0.jar:/Users/quese/.m2/repository/org/apache/logging/log4j/log4j-api/2.19.0/log4j-api-2.19.0.jar:/Users/quese/.m2/repository/org/slf4j/jul-to-slf4j/2.0.6/jul-to-slf4j-2.0.6.jar:/Users/quese/.m2/repository/jakarta/annotation/jakarta.annotation-api/2.1.1/jakarta.annotation-api-2.1.1.jar:/Users/quese/.m2/repository/org/springframework/spring-core/6.0.4/spring-core-6.0.4.jar:/Users/quese/.m2/repository/org/springframework/spring-jcl/6.0.4/spring-jcl-6.0.4.jar:/Users/quese/.m2/repository/org/yaml/snakeyaml/1.33/snakeyaml-1.33.jar:/Users/quese/.m2/repository/org/springframework/boot/spring-boot-actuator-autoconfigure/3.0.2/spring-boot-actuator-autoconfigure-3.0.2.jar:/Users/quese/.m2/repository/org/springframework/boot/spring-boot-actuator/3.0.2/spring-boot-actuator-3.0.2.jar:/Users/quese/.m2/repository/com/fasterxml/jackson/core/jackson-databind/2.14.1/jackson-databind-2.14.1.jar:/Users/quese/.m2/repository/com/fasterxml/jackson/core/jackson-annotations/2.14.1/jackson-annotations-2.14.1.jar:/Users/quese/.m2/repository/com/fasterxml/jackson/core/jackson-core/2.14.1/jackson-core-2.14.1.jar:/Users/quese/.m2/repository/com/fasterxml/jackson/datatype/jackson-datatype-jsr310/2.14.1/jackson-datatype-jsr310-2.14.1.jar:/Users/quese/.m2/repository/io/micrometer/micrometer-observation/1.10.3/micrometer-observation-1.10.3.jar:/Users/quese/.m2/repository/io/micrometer/micrometer-commons/1.10.3/micrometer-commons-1.10.3.jar:/Users/quese/.m2/repository/io/micrometer/micrometer-core/1.10.3/micrometer-core-1.10.3.jar:/Users/quese/.m2/repository/org/hdrhistogram/HdrHistogram/2.1.12/HdrHistogram-2.1.12.jar:/Users/quese/.m2/repository/org/latencyutils/LatencyUtils/2.0.3/LatencyUtils-2.0.3.jar:/Users/quese/.m2/repository/org/springframework/boot/spring-boot-starter-web/3.0.2/spring-boot-starter-web-3.0.2.jar:/Users/quese/.m2/repository/org/springframework/boot/spring-boot-starter-json/3.0.2/spring-boot-starter-json-3.0.2.jar:/Users/quese/.m2/repository/com/fasterxml/jackson/datatype/jackson-datatype-jdk8/2.14.1/jackson-datatype-jdk8-2.14.1.jar:/Users/quese/.m2/repository/com/fasterxml/jackson/module/jackson-module-parameter-names/2.14.1/jackson-module-parameter-names-2.14.1.jar:/Users/quese/.m2/repository/org/springframework/boot/spring-boot-starter-tomcat/3.0.2/spring-boot-starter-tomcat-3.0.2.jar:/Users/quese/.m2/repository/org/apache/tomcat/embed/tomcat-embed-core/10.1.5/tomcat-embed-core-10.1.5.jar:/Users/quese/.m2/repository/org/apache/tomcat/embed/tomcat-embed-el/10.1.5/tomcat-embed-el-10.1.5.jar:/Users/quese/.m2/repository/org/apache/tomcat/embed/tomcat-embed-websocket/10.1.5/tomcat-embed-websocket-10.1.5.jar:/Users/quese/.m2/repository/org/springframework/spring-web/6.0.4/spring-web-6.0.4.jar:/Users/quese/.m2/repository/org/springframework/spring-beans/6.0.4/spring-beans-6.0.4.jar:/Users/quese/.m2/repository/org/springframework/spring-webmvc/6.0.4/spring-webmvc-6.0.4.jar:/Users/quese/.m2/repository/org/springframework/spring-aop/6.0.4/spring-aop-6.0.4.jar:/Users/quese/.m2/repository/org/springframework/spring-context/6.0.4/spring-context-6.0.4.jar:/Users/quese/.m2/repository/org/springframework/spring-expression/6.0.4/spring-expression-6.0.4.jar:/Users/quese/.m2/repository/org/springframework/boot/spring-boot-devtools/3.0.2/spring-boot-devtools-3.0.2.jar:/Users/quese/.m2/repository/org/springframework/boot/spring-boot/3.0.2/spring-boot-3.0.2.jar:/Users/quese/.m2/repository/org/springframework/boot/spring-boot-autoconfigure/3.0.2/spring-boot-autoconfigure-3.0.2.jar:/Users/quese/.m2/repository/org/springframework/boot/spring-boot-configuration-processor/3.0.2/spring-boot-configuration-processor-3.0.2.jar:/Users/quese/.m2/repository/org/projectlombok/lombok/1.18.24/lombok-1.18.24.jar:/Users/quese/.m2/repository/org/springframework/boot/spring-boot-starter-data-jpa/3.0.2/spring-boot-starter-data-jpa-3.0.2.jar:/Users/quese/.m2/repository/org/springframework/boot/spring-boot-starter-aop/3.0.2/spring-boot-starter-aop-3.0.2.jar:/Users/quese/.m2/repository/org/aspectj/aspectjweaver/1.9.19/aspectjweaver-1.9.19.jar:/Users/quese/.m2/repository/org/springframework/boot/spring-boot-starter-jdbc/3.0.2/spring-boot-starter-jdbc-3.0.2.jar:/Users/quese/.m2/repository/com/zaxxer/HikariCP/5.0.1/HikariCP-5.0.1.jar:/Users/quese/.m2/repository/org/springframework/spring-jdbc/6.0.4/spring-jdbc-6.0.4.jar:/Users/quese/.m2/repository/org/springframework/data/spring-data-jpa/3.0.1/spring-data-jpa-3.0.1.jar:/Users/quese/.m2/repository/org/springframework/data/spring-data-commons/3.0.1/spring-data-commons-3.0.1.jar:/Users/quese/.m2/repository/org/springframework/spring-orm/6.0.4/spring-orm-6.0.4.jar:/Users/quese/.m2/repository/org/springframework/spring-tx/6.0.4/spring-tx-6.0.4.jar:/Users/quese/.m2/repository/org/springframework/spring-aspects/6.0.4/spring-aspects-6.0.4.jar:/Users/quese/.m2/repository/jakarta/persistence/jakarta.persistence-api/3.1.0/jakarta.persistence-api-3.1.0.jar:/Users/quese/.m2/repository/mysql/mysql-connector-java/8.0.28/mysql-connector-java-8.0.28.jar:/Users/quese/.m2/repository/org/hibernate/orm/hibernate-core/6.1.6.Final/hibernate-core-6.1.6.Final.jar:/Users/quese/.m2/repository/jakarta/transaction/jakarta.transaction-api/2.0.1/jakarta.transaction-api-2.0.1.jar:/Users/quese/.m2/repository/org/jboss/logging/jboss-logging/3.5.0.Final/jboss-logging-3.5.0.Final.jar:/Users/quese/.m2/repository/org/hibernate/common/hibernate-commons-annotations/6.0.2.Final/hibernate-commons-annotations-6.0.2.Final.jar:/Users/quese/.m2/repository/org/jboss/jandex/2.4.2.Final/jandex-2.4.2.Final.jar:/Users/quese/.m2/repository/com/fasterxml/classmate/1.5.1/classmate-1.5.1.jar:/Users/quese/.m2/repository/net/bytebuddy/byte-buddy/1.12.22/byte-buddy-1.12.22.jar:/Users/quese/.m2/repository/jakarta/xml/bind/jakarta.xml.bind-api/4.0.0/jakarta.xml.bind-api-4.0.0.jar:/Users/quese/.m2/repository/jakarta/activation/jakarta.activation-api/2.1.1/jakarta.activation-api-2.1.1.jar:/Users/quese/.m2/repository/org/glassfish/jaxb/jaxb-runtime/4.0.1/jaxb-runtime-4.0.1.jar:/Users/quese/.m2/repository/org/glassfish/jaxb/jaxb-core/4.0.1/jaxb-core-4.0.1.jar:/Users/quese/.m2/repository/org/eclipse/angus/angus-activation/1.0.0/angus-activation-1.0.0.jar:/Users/quese/.m2/repository/org/glassfish/jaxb/txw2/4.0.1/txw2-4.0.1.jar:/Users/quese/.m2/repository/com/sun/istack/istack-commons-runtime/4.1.1/istack-commons-runtime-4.1.1.jar:/Users/quese/.m2/repository/jakarta/inject/jakarta.inject-api/2.0.0/jakarta.inject-api-2.0.0.jar:/Users/quese/.m2/repository/org/antlr/antlr4-runtime/4.10.1/antlr4-runtime-4.10.1.jar:/Users/quese/.m2/repository/org/seleniumhq/selenium/selenium-api/4.5.3/selenium-api-4.5.3.jar:/Users/quese/.m2/repository/org/seleniumhq/selenium/selenium-support/4.5.3/selenium-support-4.5.3.jar:/Users/quese/.m2/repository/com/google/auto/service/auto-service-annotations/1.0.1/auto-service-annotations-1.0.1.jar:/Users/quese/.m2/repository/com/google/auto/service/auto-service/1.0.1/auto-service-1.0.1.jar:/Users/quese/.m2/repository/com/google/auto/auto-common/1.2/auto-common-1.2.jar:/Users/quese/.m2/repository/com/google/guava/guava/31.1-jre/guava-31.1-jre.jar:/Users/quese/.m2/repository/com/google/guava/failureaccess/1.0.1/failureaccess-1.0.1.jar:/Users/quese/.m2/repository/com/google/guava/listenablefuture/9999.0-empty-to-avoid-conflict-with-guava/listenablefuture-9999.0-empty-to-avoid-conflict-with-guava.jar:/Users/quese/.m2/repository/com/google/code/findbugs/jsr305/3.0.2/jsr305-3.0.2.jar:/Users/quese/.m2/repository/org/checkerframework/checker-qual/3.12.0/checker-qual-3.12.0.jar:/Users/quese/.m2/repository/com/google/errorprone/error_prone_annotations/2.11.0/error_prone_annotations-2.11.0.jar:/Users/quese/.m2/repository/com/google/j2objc/j2objc-annotations/1.3/j2objc-annotations-1.3.jar:/Users/quese/.m2/repository/org/seleniumhq/selenium/selenium-json/4.5.3/selenium-json-4.5.3.jar:/Users/quese/.m2/repository/org/seleniumhq/selenium/selenium-remote-driver/4.5.3/selenium-remote-driver-4.5.3.jar:/Users/quese/.m2/repository/com/beust/jcommander/1.82/jcommander-1.82.jar:/Users/quese/.m2/repository/io/netty/netty-buffer/4.1.87.Final/netty-buffer-4.1.87.Final.jar:/Users/quese/.m2/repository/io/netty/netty-codec-http/4.1.87.Final/netty-codec-http-4.1.87.Final.jar:/Users/quese/.m2/repository/io/netty/netty-codec/4.1.87.Final/netty-codec-4.1.87.Final.jar:/Users/quese/.m2/repository/io/netty/netty-handler/4.1.87.Final/netty-handler-4.1.87.Final.jar:/Users/quese/.m2/repository/io/netty/netty-common/4.1.87.Final/netty-common-4.1.87.Final.jar:/Users/quese/.m2/repository/io/netty/netty-transport-classes-epoll/4.1.87.Final/netty-transport-classes-epoll-4.1.87.Final.jar:/Users/quese/.m2/repository/io/netty/netty-transport-classes-kqueue/4.1.87.Final/netty-transport-classes-kqueue-4.1.87.Final.jar:/Users/quese/.m2/repository/io/netty/netty-transport-native-epoll/4.1.87.Final/netty-transport-native-epoll-4.1.87.Final.jar:/Users/quese/.m2/repository/io/netty/netty-transport-native-kqueue/4.1.87.Final/netty-transport-native-kqueue-4.1.87.Final.jar:/Users/quese/.m2/repository/io/netty/netty-transport-native-unix-common/4.1.87.Final/netty-transport-native-unix-common-4.1.87.Final.jar:/Users/quese/.m2/repository/io/netty/netty-transport/4.1.87.Final/netty-transport-4.1.87.Final.jar:/Users/quese/.m2/repository/io/netty/netty-resolver/4.1.87.Final/netty-resolver-4.1.87.Final.jar:/Users/quese/.m2/repository/io/opentelemetry/opentelemetry-api/1.19.0/opentelemetry-api-1.19.0.jar:/Users/quese/.m2/repository/io/opentelemetry/opentelemetry-context/1.19.0/opentelemetry-context-1.19.0.jar:/Users/quese/.m2/repository/io/opentelemetry/opentelemetry-exporter-logging/1.19.0/opentelemetry-exporter-logging-1.19.0.jar:/Users/quese/.m2/repository/io/opentelemetry/opentelemetry-sdk-metrics/1.19.0/opentelemetry-sdk-metrics-1.19.0.jar:/Users/quese/.m2/repository/io/opentelemetry/opentelemetry-sdk-logs/1.19.0-alpha/opentelemetry-sdk-logs-1.19.0-alpha.jar:/Users/quese/.m2/repository/io/opentelemetry/opentelemetry-api-logs/1.19.0-alpha/opentelemetry-api-logs-1.19.0-alpha.jar:/Users/quese/.m2/repository/io/opentelemetry/opentelemetry-sdk-common/1.19.0/opentelemetry-sdk-common-1.19.0.jar:/Users/quese/.m2/repository/io/opentelemetry/opentelemetry-sdk-extension-autoconfigure-spi/1.19.0/opentelemetry-sdk-extension-autoconfigure-spi-1.19.0.jar:/Users/quese/.m2/repository/io/opentelemetry/opentelemetry-sdk-extension-autoconfigure/1.19.0-alpha/opentelemetry-sdk-extension-autoconfigure-1.19.0-alpha.jar:/Users/quese/.m2/repository/io/opentelemetry/opentelemetry-exporter-common/1.19.0/opentelemetry-exporter-common-1.19.0.jar:/Users/quese/.m2/repository/io/opentelemetry/opentelemetry-sdk-trace/1.19.0/opentelemetry-sdk-trace-1.19.0.jar:/Users/quese/.m2/repository/io/opentelemetry/opentelemetry-sdk/1.19.0/opentelemetry-sdk-1.19.0.jar:/Users/quese/.m2/repository/io/opentelemetry/opentelemetry-semconv/1.19.0-alpha/opentelemetry-semconv-1.19.0-alpha.jar:/Users/quese/.m2/repository/io/ous/jtoml/2.0.0/jtoml-2.0.0.jar:/Users/quese/.m2/repository/org/apache/commons/commons-exec/1.3/commons-exec-1.3.jar:/Users/quese/.m2/repository/org/asynchttpclient/async-http-client/2.12.3/async-http-client-2.12.3.jar:/Users/quese/.m2/repository/org/asynchttpclient/async-http-client-netty-utils/2.12.3/async-http-client-netty-utils-2.12.3.jar:/Users/quese/.m2/repository/io/netty/netty-codec-socks/4.1.87.Final/netty-codec-socks-4.1.87.Final.jar:/Users/quese/.m2/repository/io/netty/netty-handler-proxy/4.1.87.Final/netty-handler-proxy-4.1.87.Final.jar:/Users/quese/.m2/repository/io/netty/netty-transport-native-epoll/4.1.87.Final/netty-transport-native-epoll-4.1.87.Final-linux-x86_64.jar:/Users/quese/.m2/repository/io/netty/netty-transport-native-kqueue/4.1.87.Final/netty-transport-native-kqueue-4.1.87.Final-osx-x86_64.jar:/Users/quese/.m2/repository/org/reactivestreams/reactive-streams/1.0.4/reactive-streams-1.0.4.jar:/Users/quese/.m2/repository/com/typesafe/netty/netty-reactive-streams/2.0.4/netty-reactive-streams-2.0.4.jar:/Users/quese/.m2/repository/com/sun/activation/jakarta.activation/1.2.2/jakarta.activation-1.2.2.jar:/Users/quese/.m2/repository/org/seleniumhq/selenium/selenium-http/4.5.3/selenium-http-4.5.3.jar:/Users/quese/.m2/repository/dev/failsafe/failsafe/3.3.0/failsafe-3.3.0.jar:/Users/quese/.m2/repository/org/seleniumhq/selenium/selenium-chrome-driver/4.1.2/selenium-chrome-driver-4.1.2.jar:/Users/quese/.m2/repository/io/github/bonigarcia/webdrivermanager/5.0.3/webdrivermanager-5.0.3.jar:/Users/quese/.m2/repository/org/slf4j/slf4j-api/2.0.6/slf4j-api-2.0.6.jar:/Users/quese/.m2/repository/com/google/code/gson/gson/2.9.1/gson-2.9.1.jar:/Users/quese/.m2/repository/org/jsoup/jsoup/1.14.2/jsoup-1.14.2.jar:/Users/quese/.m2/repository/com/github/docker-java/docker-java/3.2.12/docker-java-3.2.12.jar:/Users/quese/.m2/repository/com/github/docker-java/docker-java-core/3.2.12/docker-java-core-3.2.12.jar:/Users/quese/.m2/repository/com/github/docker-java/docker-java-api/3.2.12/docker-java-api-3.2.12.jar:/Users/quese/.m2/repository/commons-io/commons-io/2.6/commons-io-2.6.jar:/Users/quese/.m2/repository/org/apache/commons/commons-compress/1.21/commons-compress-1.21.jar:/Users/quese/.m2/repository/commons-lang/commons-lang/2.6/commons-lang-2.6.jar:/Users/quese/.m2/repository/org/bouncycastle/bcpkix-jdk15on/1.64/bcpkix-jdk15on-1.64.jar:/Users/quese/.m2/repository/org/bouncycastle/bcprov-jdk15on/1.64/bcprov-jdk15on-1.64.jar:/Users/quese/.m2/repository/org/slf4j/jcl-over-slf4j/2.0.6/jcl-over-slf4j-2.0.6.jar:/Users/quese/.m2/repository/com/github/docker-java/docker-java-transport-httpclient5/3.2.12/docker-java-transport-httpclient5-3.2.12.jar:/Users/quese/.m2/repository/com/github/docker-java/docker-java-transport/3.2.12/docker-java-transport-3.2.12.jar:/Users/quese/.m2/repository/org/apache/httpcomponents/client5/httpclient5/5.1.4/httpclient5-5.1.4.jar:/Users/quese/.m2/repository/org/apache/httpcomponents/core5/httpcore5/5.1.5/httpcore5-5.1.5.jar:/Users/quese/.m2/repository/commons-codec/commons-codec/1.15/commons-codec-1.15.jar:/Users/quese/.m2/repository/net/java/dev/jna/jna/5.8.0/jna-5.8.0.jar:/Users/quese/.m2/repository/org/brotli/dec/0.1.2/dec-0.1.2.jar:/Users/quese/.m2/repository/org/seleniumhq/selenium/selenium-chromium-driver/4.5.3/selenium-chromium-driver-4.5.3.jar:/Users/quese/.m2/repository/junit/junit/4.12/junit-4.12.jar:/Users/quese/.m2/repository/org/hamcrest/hamcrest-core/2.2/hamcrest-core-2.2.jar:/Users/quese/.m2/repository/org/hamcrest/hamcrest/2.2/hamcrest-2.2.jar:/Users/quese/.m2/repository/org/junit/jupiter/junit-jupiter-engine/5.7.2/junit-jupiter-engine-5.7.2.jar:/Users/quese/.m2/repository/org/apiguardian/apiguardian-api/1.1.0/apiguardian-api-1.1.0.jar:/Users/quese/.m2/repository/org/junit/platform/junit-platform-engine/1.9.2/junit-platform-engine-1.9.2.jar:/Users/quese/.m2/repository/org/junit/jupiter/junit-jupiter-api/5.9.2/junit-jupiter-api-5.9.2.jar:/Users/quese/.m2/repository/org/opentest4j/opentest4j/1.2.0/opentest4j-1.2.0.jar:/Users/quese/.m2/repository/org/junit/platform/junit-platform-commons/1.9.2/junit-platform-commons-1.9.2.jar:"/>
    <property name="sun.cpu.endian" value="little"/>
    <property name="user.home" value="/Users/quese"/>
    <property name="user.language" value="en"/>
    <property name="java.specification.vendor" value="Oracle Corporation"/>
    <property name="java.version.date" value="2023-01-17"/>
    <property name="java.home" value="/usr/local/Cellar/openjdk/19.0.2/libexec/openjdk.jdk/Contents/Home"/>
    <property name="file.separator" value="/"/>
    <property name="basedir" value="/Users/quese/work/shop"/>
    <property name="java.vm.compressedOopsMode" value="Zero based"/>
    <property name="line.separator" value="&#10;"/>
    <property name="java.vm.specification.vendor" value="Oracle Corporation"/>
    <property name="java.specification.name" value="Java Platform API Specification"/>
    <property name="apple.awt.application.name" value="ForkedBooter"/>
    <property name="surefire.real.class.path" value="/Users/quese/work/shop/target/surefire/surefirebooter14058701791336040603.jar"/>
    <property name="sun.management.compiler" value="HotSpot 64-Bit Tiered Compilers"/>
    <property name="ftp.nonProxyHosts" value="local|*.local|169.254/16|*.169.254/16"/>
    <property name="java.runtime.version" value="19.0.2"/>
    <property name="user.name" value="quese"/>
    <property name="stdout.encoding" value="UTF-8"/>
    <property name="path.separator" value=":"/>
    <property name="os.version" value="12.6.3"/>
    <property name="java.runtime.name" value="OpenJDK Runtime Environment"/>
    <property name="file.encoding" value="UTF-8"/>
    <property name="java.vm.name" value="OpenJDK 64-Bit Server VM"/>
    <property name="java.vendor.version" value="Homebrew"/>
    <property name="localRepository" value="/Users/quese/.m2/repository"/>
    <property name="java.vendor.url.bug" value="https://github.com/Homebrew/homebrew-core/issues"/>
    <property name="java.io.tmpdir" value="/var/folders/rc/9hfg82cx7fg1qlccjz5wbcn80000gn/T/"/>
    <property name="java.version" value="19.0.2"/>
    <property name="user.dir" value="/Users/quese/work/shop"/>
    <property name="os.arch" value="x86_64"/>
    <property name="java.vm.specification.name" value="Java Virtual Machine Specification"/>
    <property name="native.encoding" value="UTF-8"/>
    <property name="java.library.path" value="/Users/quese/Library/Java/Extensions:/Library/Java/Extensions:/Network/Library/Java/Extensions:/System/Library/Java/Extensions:/usr/lib/java:."/>
    <property name="java.vm.info" value="mixed mode, sharing"/>
    <property name="stderr.encoding" value="UTF-8"/>
    <property name="java.vendor" value="Homebrew"/>
    <property name="java.vm.version" value="19.0.2"/>
    <property name="sun.io.unicode.encoding" value="UnicodeBig"/>
    <property name="socksNonProxyHosts" value="local|*.local|169.254/16|*.169.254/16"/>
    <property name="java.class.version" value="63.0"/>
  </properties>
  <testcase name="testWhetherWebManagerisFaster[1]" classname="app.selenium.TestEbay" time="102.732">
    <failure message="Bonigarcia&apos;s WebdriverManager at 59636ms can connect and crawl data from Ebay.com faster than Google&apos;s ChromeDriver.exe(ver 110) at37271ms. ==&gt; expected: &lt;true&gt; but was: &lt;false&gt;" type="org.opentest4j.AssertionFailedError"><![CDATA[org.opentest4j.AssertionFailedError: Bonigarcia's WebdriverManager at 59636ms can connect and crawl data from Ebay.com faster than Google's ChromeDriver.exe(ver 110) at37271ms. ==> expected: <true> but was: <false>
	at app.selenium.TestEbay.testWhetherWebManagerisFaster(TestEbay.java:85)
]]></failure>
    <system-out><![CDATA[18:20:19.750 [main] DEBUG io.github.bonigarcia.wdm.cache.ResolutionCache - Resolution chrome=110 in cache (valid until 18:41:36 01/03/2023 EST)
18:20:19.767 [main] DEBUG io.github.bonigarcia.wdm.cache.ResolutionCache - Resolution chrome110=110.0.5481.77 in cache (valid until 17:41:36 02/03/2023 EST)
18:20:19.769 [main] INFO io.github.bonigarcia.wdm.WebDriverManager - Using chromedriver 110.0.5481.77 (resolved driver for Chrome 110)
18:20:19.826 [main] DEBUG io.github.bonigarcia.wdm.WebDriverManager - Driver chromedriver 110.0.5481.77 found in cache
18:20:19.828 [main] INFO io.github.bonigarcia.wdm.WebDriverManager - Exporting webdriver.chrome.driver as /Users/quese/.cache/selenium/chromedriver/mac64/110.0.5481.77/chromedriver
18:20:21.229 [main] DEBUG io.netty.util.internal.logging.InternalLoggerFactory - Using SLF4J as the default logging framework
18:20:21.237 [main] DEBUG io.netty.util.ResourceLeakDetector - -Dio.netty.leakDetection.level: simple
18:20:21.238 [main] DEBUG io.netty.util.ResourceLeakDetector - -Dio.netty.leakDetection.targetRecords: 4
18:20:21.249 [main] DEBUG io.netty.util.ResourceLeakDetectorFactory - Loaded default ResourceLeakDetector: io.netty.util.ResourceLeakDetector@4b7e96a
18:20:21.316 [main] DEBUG io.netty.util.internal.PlatformDependent0 - -Dio.netty.noUnsafe: false
18:20:21.474 [main] DEBUG io.netty.util.internal.PlatformDependent0 - Java version: 19
18:20:21.586 [main] DEBUG io.netty.util.internal.PlatformDependent0 - sun.misc.Unsafe.theUnsafe: available
18:20:21.588 [main] DEBUG io.netty.util.internal.PlatformDependent0 - sun.misc.Unsafe.copyMemory: available
18:20:21.590 [main] DEBUG io.netty.util.internal.PlatformDependent0 - sun.misc.Unsafe.storeFence: available
18:20:21.605 [main] DEBUG io.netty.util.internal.PlatformDependent0 - java.nio.Buffer.address: available
18:20:21.614 [main] DEBUG io.netty.util.internal.PlatformDependent0 - direct buffer constructor: unavailable: Reflective setAccessible(true) disabled
18:20:21.618 [main] DEBUG io.netty.util.internal.PlatformDependent0 - java.nio.Bits.unaligned: available, true
18:20:21.628 [main] DEBUG io.netty.util.internal.PlatformDependent0 - jdk.internal.misc.Unsafe.allocateUninitializedArray(int): unavailable: class io.netty.util.internal.PlatformDependent0$7 cannot access class jdk.internal.misc.Unsafe (in module java.base) because module java.base does not export jdk.internal.misc to unnamed module @5db54e92
18:20:21.635 [main] DEBUG io.netty.util.internal.PlatformDependent0 - java.nio.DirectByteBuffer.<init>(long, int): unavailable
18:20:21.635 [main] DEBUG io.netty.util.internal.PlatformDependent - sun.misc.Unsafe: available
18:20:21.641 [main] DEBUG io.netty.util.internal.PlatformDependent - maxDirectMemory: 2147483648 bytes (maybe)
18:20:21.642 [main] DEBUG io.netty.util.internal.PlatformDependent - -Dio.netty.tmpdir: /var/folders/rc/9hfg82cx7fg1qlccjz5wbcn80000gn/T (java.io.tmpdir)
18:20:21.644 [main] DEBUG io.netty.util.internal.PlatformDependent - -Dio.netty.bitMode: 64 (sun.arch.data.model)
18:20:21.652 [main] DEBUG io.netty.util.internal.PlatformDependent - Platform: MacOS
18:20:21.655 [main] DEBUG io.netty.util.internal.PlatformDependent - -Dio.netty.maxDirectMemory: -1 bytes
18:20:21.656 [main] DEBUG io.netty.util.internal.PlatformDependent - -Dio.netty.uninitializedArrayAllocationThreshold: -1
18:20:21.671 [main] DEBUG io.netty.util.internal.CleanerJava9 - java.nio.ByteBuffer.cleaner(): available
18:20:21.672 [main] DEBUG io.netty.util.internal.PlatformDependent - -Dio.netty.noPreferDirect: false
18:20:22.036 [main] DEBUG io.netty.util.internal.PlatformDependent - org.jctools-core.MpscChunkedArrayQueue: available
18:20:22.176 [main] DEBUG io.netty.util.internal.InternalThreadLocalMap - -Dio.netty.threadLocalMap.stringBuilder.initialSize: 1024
18:20:22.177 [main] DEBUG io.netty.util.internal.InternalThreadLocalMap - -Dio.netty.threadLocalMap.stringBuilder.maxSize: 4096
18:20:22.764 [main] DEBUG io.netty.handler.ssl.JdkSslContext - Default protocols (JDK): [TLSv1.3, TLSv1.2] 
18:20:22.764 [main] DEBUG io.netty.handler.ssl.JdkSslContext - Default cipher suites (JDK): [TLS_ECDHE_ECDSA_WITH_AES_256_GCM_SHA384, TLS_ECDHE_ECDSA_WITH_AES_128_GCM_SHA256, TLS_ECDHE_RSA_WITH_AES_128_GCM_SHA256, TLS_ECDHE_RSA_WITH_AES_256_GCM_SHA384, TLS_ECDHE_RSA_WITH_AES_128_CBC_SHA, TLS_ECDHE_RSA_WITH_AES_256_CBC_SHA, TLS_RSA_WITH_AES_128_GCM_SHA256, TLS_RSA_WITH_AES_128_CBC_SHA, TLS_RSA_WITH_AES_256_CBC_SHA, TLS_AES_128_GCM_SHA256, TLS_AES_256_GCM_SHA384]
18:20:22.967 [main] DEBUG io.netty.channel.MultithreadEventLoopGroup - -Dio.netty.eventLoopThreads: 8
18:20:23.015 [main] DEBUG io.netty.channel.nio.NioEventLoop - -Dio.netty.noKeySetOptimization: false
18:20:23.015 [main] DEBUG io.netty.channel.nio.NioEventLoop - -Dio.netty.selectorAutoRebuildThreshold: 512
18:20:23.214 [main] DEBUG io.netty.buffer.PooledByteBufAllocator - -Dio.netty.allocator.numHeapArenas: 8
18:20:23.214 [main] DEBUG io.netty.buffer.PooledByteBufAllocator - -Dio.netty.allocator.numDirectArenas: 8
18:20:23.215 [main] DEBUG io.netty.buffer.PooledByteBufAllocator - -Dio.netty.allocator.pageSize: 8192
18:20:23.215 [main] DEBUG io.netty.buffer.PooledByteBufAllocator - -Dio.netty.allocator.maxOrder: 9
18:20:23.215 [main] DEBUG io.netty.buffer.PooledByteBufAllocator - -Dio.netty.allocator.chunkSize: 4194304
18:20:23.216 [main] DEBUG io.netty.buffer.PooledByteBufAllocator - -Dio.netty.allocator.smallCacheSize: 256
18:20:23.217 [main] DEBUG io.netty.buffer.PooledByteBufAllocator - -Dio.netty.allocator.normalCacheSize: 64
18:20:23.218 [main] DEBUG io.netty.buffer.PooledByteBufAllocator - -Dio.netty.allocator.maxCachedBufferCapacity: 32768
18:20:23.225 [main] DEBUG io.netty.buffer.PooledByteBufAllocator - -Dio.netty.allocator.cacheTrimInterval: 8192
18:20:23.226 [main] DEBUG io.netty.buffer.PooledByteBufAllocator - -Dio.netty.allocator.cacheTrimIntervalMillis: 0
18:20:23.226 [main] DEBUG io.netty.buffer.PooledByteBufAllocator - -Dio.netty.allocator.useCacheForAllThreads: false
18:20:23.227 [main] DEBUG io.netty.buffer.PooledByteBufAllocator - -Dio.netty.allocator.maxCachedByteBuffersPerChunk: 1023
18:20:23.256 [main] DEBUG io.netty.buffer.ByteBufUtil - -Dio.netty.allocator.type: pooled
18:20:23.256 [main] DEBUG io.netty.buffer.ByteBufUtil - -Dio.netty.threadLocalDirectBufferSize: 0
18:20:23.256 [main] DEBUG io.netty.buffer.ByteBufUtil - -Dio.netty.maxThreadLocalCharBufferSize: 16384
18:20:25.187 [Forwarding newSession on session null to remote] DEBUG io.netty.channel.DefaultChannelId - -Dio.netty.processId: 9206 (auto-detected)
18:20:25.196 [Forwarding newSession on session null to remote] DEBUG io.netty.util.NetUtil - -Djava.net.preferIPv4Stack: false
18:20:25.196 [Forwarding newSession on session null to remote] DEBUG io.netty.util.NetUtil - -Djava.net.preferIPv6Addresses: false
18:20:25.287 [Forwarding newSession on session null to remote] DEBUG io.netty.util.NetUtilInitializations - Loopback interface: lo0 (lo0, 0:0:0:0:0:0:0:1%lo0)
18:20:25.292 [Forwarding newSession on session null to remote] DEBUG io.netty.util.NetUtil - Failed to get SOMAXCONN from sysctl and file /proc/sys/net/core/somaxconn. Default: 128
18:20:25.314 [Forwarding newSession on session null to remote] DEBUG io.netty.channel.DefaultChannelId - -Dio.netty.machineId: 98:01:a7:ff:fe:a1:1c:cf (auto-detected)
18:20:25.615 [AsyncHttpClient-1-2] DEBUG io.netty.buffer.AbstractByteBuf - -Dio.netty.buffer.checkAccessible: true
18:20:25.616 [AsyncHttpClient-1-2] DEBUG io.netty.buffer.AbstractByteBuf - -Dio.netty.buffer.checkBounds: true
18:20:25.616 [AsyncHttpClient-1-2] DEBUG io.netty.util.ResourceLeakDetectorFactory - Loaded default ResourceLeakDetector: io.netty.util.ResourceLeakDetector@6505abc1
18:20:25.650 [AsyncHttpClient-1-2] DEBUG org.asynchttpclient.netty.channel.NettyConnectListener - Using new Channel '[id: 0x15725c6d, L:/127.0.0.1:54222 - R:localhost/127.0.0.1:47544]' for 'POST' to '/session'
18:20:25.676 [AsyncHttpClient-1-2] DEBUG io.netty.util.Recycler - -Dio.netty.recycler.maxCapacityPerThread: 4096
18:20:25.677 [AsyncHttpClient-1-2] DEBUG io.netty.util.Recycler - -Dio.netty.recycler.ratio: 8
18:20:25.677 [AsyncHttpClient-1-2] DEBUG io.netty.util.Recycler - -Dio.netty.recycler.chunkSize: 32
18:20:25.678 [AsyncHttpClient-1-2] DEBUG io.netty.util.Recycler - -Dio.netty.recycler.blocking: false
18:20:32.096 [AsyncHttpClient-1-2] DEBUG io.netty.handler.codec.compression.Brotli - brotli4j not in the classpath; Brotli support will be unavailable.
18:20:32.096 [AsyncHttpClient-1-2] DEBUG org.asynchttpclient.netty.handler.HttpHandler - 

Request DefaultHttpRequest(decodeResult: success, version: HTTP/1.1)
POST /session HTTP/1.1
User-Agent: selenium/4.5.3 (java mac)
Content-Length: 817
Content-Type: application/json; charset=utf-8
host: localhost:47544
accept: */*

Response DefaultHttpResponse(decodeResult: success, version: HTTP/1.1)
HTTP/1.1 200 OK
Content-Length: 800
Content-Type: application/json; charset=utf-8
cache-control: no-cache

18:20:32.115 [AsyncHttpClient-1-2] DEBUG org.asynchttpclient.netty.channel.ChannelManager - Adding key: http://localhost:47544 for channel [id: 0x15725c6d, L:/127.0.0.1:54222 - R:localhost/127.0.0.1:47544]
18:20:32.250 [AsyncHttpClient-1-3] DEBUG org.asynchttpclient.netty.channel.NettyConnectListener - Using new Channel '[id: 0xc13b5085, L:/127.0.0.1:54231 - R:localhost/127.0.0.1:54225]' for 'GET' to '/json/version'
18:20:32.256 [AsyncHttpClient-1-3] DEBUG org.asynchttpclient.netty.handler.HttpHandler - 

Request DefaultFullHttpRequest(decodeResult: success, version: HTTP/1.1, content: EmptyByteBufBE)
GET /json/version HTTP/1.1
User-Agent: selenium/4.5.3 (java mac)
host: localhost:54225
accept: */*

Response DefaultHttpResponse(decodeResult: success, version: HTTP/1.1)
HTTP/1.1 200 OK
Content-Security-Policy: frame-ancestors 'none'
Content-Length: 443
Content-Type: application/json; charset=UTF-8

18:20:32.257 [AsyncHttpClient-1-3] DEBUG org.asynchttpclient.netty.channel.ChannelManager - Adding key: http://localhost:54225 for channel [id: 0xc13b5085, L:/127.0.0.1:54231 - R:localhost/127.0.0.1:54225]
18:20:32.407 [main] DEBUG io.netty.util.internal.ThreadLocalRandom - -Dio.netty.initialSeedUniquifier: 0x5c71ff67e76a81e7
18:20:32.420 [AsyncHttpClient-1-4] DEBUG org.asynchttpclient.netty.channel.NettyConnectListener - Using new Channel '[id: 0xd085b593, L:/127.0.0.1:54232 - R:localhost/127.0.0.1:54225]' for 'GET' to '/devtools/browser/a12dfe8d-316d-4533-bbe2-cecaa0225f42'
18:20:32.426 [AsyncHttpClient-1-4] DEBUG org.asynchttpclient.netty.handler.WebSocketHandler - 

Request DefaultFullHttpRequest(decodeResult: success, version: HTTP/1.1, content: EmptyByteBufBE)
GET /devtools/browser/a12dfe8d-316d-4533-bbe2-cecaa0225f42 HTTP/1.1
upgrade: websocket
connection: upgrade
sec-websocket-key: bCzQ2nrvOLWwfUfmjKbtlQ==
sec-websocket-version: 13
origin: http://localhost:54225
host: localhost:54225
accept: */*
user-agent: AHC/2.1

Response DefaultHttpResponse(decodeResult: success, version: HTTP/1.1)
HTTP/1.1 101 WebSocket Protocol Handshake
Upgrade: WebSocket
Connection: Upgrade
Sec-WebSocket-Accept: 7Oy/NypA29bOwtvD6+liWmvfnOw=

18:20:32.612 [AsyncHttpClient-1-1] DEBUG org.asynchttpclient.netty.channel.DefaultChannelPool - Entry count for : http://localhost:47544 : 1
18:20:32.612 [AsyncHttpClient-1-1] DEBUG org.asynchttpclient.netty.channel.DefaultChannelPool - Entry count for : http://localhost:54225 : 1
18:20:32.784 [Forwarding get on session 2110e51d6eb213971c2be95817a2ce95 to remote] DEBUG org.asynchttpclient.netty.request.NettyRequestSender - Using pooled Channel '[id: 0x15725c6d, L:/127.0.0.1:54222 - R:localhost/127.0.0.1:47544]' for 'POST' to 'http://localhost:47544/session/2110e51d6eb213971c2be95817a2ce95/url'
18:20:32.784 [Forwarding get on session 2110e51d6eb213971c2be95817a2ce95 to remote] DEBUG org.asynchttpclient.netty.request.NettyRequestSender - Using open Channel [id: 0x15725c6d, L:/127.0.0.1:54222 - R:localhost/127.0.0.1:47544] for POST '/session/2110e51d6eb213971c2be95817a2ce95/url'
18:20:33.719 [AsyncHttpClient-1-1] DEBUG org.asynchttpclient.netty.channel.DefaultChannelPool - Entry count for : http://localhost:54225 : 1
18:20:34.810 [AsyncHttpClient-1-1] DEBUG org.asynchttpclient.netty.channel.DefaultChannelPool - Entry count for : http://localhost:54225 : 1
18:20:35.909 [AsyncHttpClient-1-1] DEBUG org.asynchttpclient.netty.channel.DefaultChannelPool - Entry count for : http://localhost:54225 : 1
18:20:37.011 [AsyncHttpClient-1-1] DEBUG org.asynchttpclient.netty.channel.DefaultChannelPool - Entry count for : http://localhost:54225 : 1
18:20:37.200 [AsyncHttpClient-1-2] DEBUG org.asynchttpclient.netty.handler.HttpHandler - 

Request DefaultHttpRequest(decodeResult: success, version: HTTP/1.1)
POST /session/2110e51d6eb213971c2be95817a2ce95/url HTTP/1.1
User-Agent: selenium/4.5.3 (java mac)
Content-Length: 51
Content-Type: application/json; charset=utf-8
host: localhost:47544
accept: */*

Response DefaultHttpResponse(decodeResult: success, version: HTTP/1.1)
HTTP/1.1 200 OK
Content-Length: 14
Content-Type: application/json; charset=utf-8
cache-control: no-cache

18:20:37.201 [AsyncHttpClient-1-2] DEBUG org.asynchttpclient.netty.channel.ChannelManager - Adding key: http://localhost:47544 for channel [id: 0x15725c6d, L:/127.0.0.1:54222 - R:localhost/127.0.0.1:47544]
18:20:37.219 [Forwarding findElement on session 2110e51d6eb213971c2be95817a2ce95 to remote] DEBUG org.asynchttpclient.netty.request.NettyRequestSender - Using pooled Channel '[id: 0x15725c6d, L:/127.0.0.1:54222 - R:localhost/127.0.0.1:47544]' for 'POST' to 'http://localhost:47544/session/2110e51d6eb213971c2be95817a2ce95/element'
18:20:37.219 [Forwarding findElement on session 2110e51d6eb213971c2be95817a2ce95 to remote] DEBUG org.asynchttpclient.netty.request.NettyRequestSender - Using open Channel [id: 0x15725c6d, L:/127.0.0.1:54222 - R:localhost/127.0.0.1:47544] for POST '/session/2110e51d6eb213971c2be95817a2ce95/element'
18:20:37.337 [AsyncHttpClient-1-2] DEBUG org.asynchttpclient.netty.handler.HttpHandler - 

Request DefaultHttpRequest(decodeResult: success, version: HTTP/1.1)
POST /session/2110e51d6eb213971c2be95817a2ce95/element HTTP/1.1
User-Agent: selenium/4.5.3 (java mac)
Content-Length: 52
Content-Type: application/json; charset=utf-8
host: localhost:47544
accept: */*

Response DefaultHttpResponse(decodeResult: success, version: HTTP/1.1)
HTTP/1.1 200 OK
Content-Length: 88
Content-Type: application/json; charset=utf-8
cache-control: no-cache

18:20:37.338 [AsyncHttpClient-1-2] DEBUG org.asynchttpclient.netty.channel.ChannelManager - Adding key: http://localhost:47544 for channel [id: 0x15725c6d, L:/127.0.0.1:54222 - R:localhost/127.0.0.1:47544]
18:20:37.372 [Forwarding sendKeysToElement on session 2110e51d6eb213971c2be95817a2ce95 to remote] DEBUG org.asynchttpclient.netty.request.NettyRequestSender - Using pooled Channel '[id: 0x15725c6d, L:/127.0.0.1:54222 - R:localhost/127.0.0.1:47544]' for 'POST' to 'http://localhost:47544/session/2110e51d6eb213971c2be95817a2ce95/element/0f9016ec-e239-4d9b-8be4-b35a0ccc4c06/value'
18:20:37.372 [Forwarding sendKeysToElement on session 2110e51d6eb213971c2be95817a2ce95 to remote] DEBUG org.asynchttpclient.netty.request.NettyRequestSender - Using open Channel [id: 0x15725c6d, L:/127.0.0.1:54222 - R:localhost/127.0.0.1:47544] for POST '/session/2110e51d6eb213971c2be95817a2ce95/element/0f9016ec-e239-4d9b-8be4-b35a0ccc4c06/value'
18:20:38.112 [AsyncHttpClient-1-1] DEBUG org.asynchttpclient.netty.channel.DefaultChannelPool - Entry count for : http://localhost:54225 : 1
18:20:39.209 [AsyncHttpClient-1-1] DEBUG org.asynchttpclient.netty.channel.DefaultChannelPool - Entry count for : http://localhost:54225 : 1
18:20:39.328 [AsyncHttpClient-1-2] DEBUG org.asynchttpclient.netty.handler.HttpHandler - 

Request DefaultHttpRequest(decodeResult: success, version: HTTP/1.1)
POST /session/2110e51d6eb213971c2be95817a2ce95/element/0f9016ec-e239-4d9b-8be4-b35a0ccc4c06/value HTTP/1.1
User-Agent: selenium/4.5.3 (java mac)
Content-Length: 141
Content-Type: application/json; charset=utf-8
host: localhost:47544
accept: */*

Response DefaultHttpResponse(decodeResult: success, version: HTTP/1.1)
HTTP/1.1 200 OK
Content-Length: 14
Content-Type: application/json; charset=utf-8
cache-control: no-cache

18:20:39.329 [AsyncHttpClient-1-2] DEBUG org.asynchttpclient.netty.channel.ChannelManager - Adding key: http://localhost:47544 for channel [id: 0x15725c6d, L:/127.0.0.1:54222 - R:localhost/127.0.0.1:47544]
18:20:39.332 [Forwarding findElement on session 2110e51d6eb213971c2be95817a2ce95 to remote] DEBUG org.asynchttpclient.netty.request.NettyRequestSender - Using pooled Channel '[id: 0x15725c6d, L:/127.0.0.1:54222 - R:localhost/127.0.0.1:47544]' for 'POST' to 'http://localhost:47544/session/2110e51d6eb213971c2be95817a2ce95/element'
18:20:39.332 [Forwarding findElement on session 2110e51d6eb213971c2be95817a2ce95 to remote] DEBUG org.asynchttpclient.netty.request.NettyRequestSender - Using open Channel [id: 0x15725c6d, L:/127.0.0.1:54222 - R:localhost/127.0.0.1:47544] for POST '/session/2110e51d6eb213971c2be95817a2ce95/element'
18:20:39.874 [AsyncHttpClient-1-2] DEBUG org.asynchttpclient.netty.handler.HttpHandler - 

Request DefaultHttpRequest(decodeResult: success, version: HTTP/1.1)
POST /session/2110e51d6eb213971c2be95817a2ce95/element HTTP/1.1
User-Agent: selenium/4.5.3 (java mac)
Content-Length: 53
Content-Type: application/json; charset=utf-8
host: localhost:47544
accept: */*

Response DefaultHttpResponse(decodeResult: success, version: HTTP/1.1)
HTTP/1.1 200 OK
Content-Length: 88
Content-Type: application/json; charset=utf-8
cache-control: no-cache

18:20:39.875 [AsyncHttpClient-1-2] DEBUG org.asynchttpclient.netty.channel.ChannelManager - Adding key: http://localhost:47544 for channel [id: 0x15725c6d, L:/127.0.0.1:54222 - R:localhost/127.0.0.1:47544]
18:20:39.878 [Forwarding clickElement on session 2110e51d6eb213971c2be95817a2ce95 to remote] DEBUG org.asynchttpclient.netty.request.NettyRequestSender - Using pooled Channel '[id: 0x15725c6d, L:/127.0.0.1:54222 - R:localhost/127.0.0.1:47544]' for 'POST' to 'http://localhost:47544/session/2110e51d6eb213971c2be95817a2ce95/element/520f4ce3-958f-460b-bb9b-7e5715748331/click'
18:20:39.878 [Forwarding clickElement on session 2110e51d6eb213971c2be95817a2ce95 to remote] DEBUG org.asynchttpclient.netty.request.NettyRequestSender - Using open Channel [id: 0x15725c6d, L:/127.0.0.1:54222 - R:localhost/127.0.0.1:47544] for POST '/session/2110e51d6eb213971c2be95817a2ce95/element/520f4ce3-958f-460b-bb9b-7e5715748331/click'
18:20:40.313 [AsyncHttpClient-1-1] DEBUG org.asynchttpclient.netty.channel.DefaultChannelPool - Entry count for : http://localhost:54225 : 1
18:20:41.410 [AsyncHttpClient-1-1] DEBUG org.asynchttpclient.netty.channel.DefaultChannelPool - Entry count for : http://localhost:54225 : 1
18:20:42.509 [AsyncHttpClient-1-1] DEBUG org.asynchttpclient.netty.channel.DefaultChannelPool - Entry count for : http://localhost:54225 : 1
18:20:43.613 [AsyncHttpClient-1-1] DEBUG org.asynchttpclient.netty.channel.DefaultChannelPool - Entry count for : http://localhost:54225 : 1
18:20:44.709 [AsyncHttpClient-1-1] DEBUG org.asynchttpclient.netty.channel.DefaultChannelPool - Entry count for : http://localhost:54225 : 1
18:20:45.809 [AsyncHttpClient-1-1] DEBUG org.asynchttpclient.netty.channel.DefaultChannelPool - Entry count for : http://localhost:54225 : 1
18:20:46.913 [AsyncHttpClient-1-1] DEBUG org.asynchttpclient.netty.channel.DefaultChannelPool - Entry count for : http://localhost:54225 : 1
18:20:48.009 [AsyncHttpClient-1-1] DEBUG org.asynchttpclient.netty.channel.DefaultChannelPool - Entry count for : http://localhost:54225 : 1
18:20:49.109 [AsyncHttpClient-1-1] DEBUG org.asynchttpclient.netty.channel.DefaultChannelPool - Entry count for : http://localhost:54225 : 1
18:20:49.929 [AsyncHttpClient-1-2] DEBUG org.asynchttpclient.netty.handler.HttpHandler - 

Request DefaultHttpRequest(decodeResult: success, version: HTTP/1.1)
POST /session/2110e51d6eb213971c2be95817a2ce95/element/520f4ce3-958f-460b-bb9b-7e5715748331/click HTTP/1.1
User-Agent: selenium/4.5.3 (java mac)
Content-Length: 50
Content-Type: application/json; charset=utf-8
host: localhost:47544
accept: */*

Response DefaultHttpResponse(decodeResult: success, version: HTTP/1.1)
HTTP/1.1 200 OK
Content-Length: 14
Content-Type: application/json; charset=utf-8
cache-control: no-cache

18:20:49.931 [AsyncHttpClient-1-2] DEBUG org.asynchttpclient.netty.channel.ChannelManager - Adding key: http://localhost:47544 for channel [id: 0x15725c6d, L:/127.0.0.1:54222 - R:localhost/127.0.0.1:47544]
18:20:49.942 [Forwarding findElements on session 2110e51d6eb213971c2be95817a2ce95 to remote] DEBUG org.asynchttpclient.netty.request.NettyRequestSender - Using pooled Channel '[id: 0x15725c6d, L:/127.0.0.1:54222 - R:localhost/127.0.0.1:47544]' for 'POST' to 'http://localhost:47544/session/2110e51d6eb213971c2be95817a2ce95/elements'
18:20:49.942 [Forwarding findElements on session 2110e51d6eb213971c2be95817a2ce95 to remote] DEBUG org.asynchttpclient.netty.request.NettyRequestSender - Using open Channel [id: 0x15725c6d, L:/127.0.0.1:54222 - R:localhost/127.0.0.1:47544] for POST '/session/2110e51d6eb213971c2be95817a2ce95/elements'
18:20:49.979 [AsyncHttpClient-1-2] DEBUG org.asynchttpclient.netty.handler.HttpHandler - 

Request DefaultHttpRequest(decodeResult: success, version: HTTP/1.1)
POST /session/2110e51d6eb213971c2be95817a2ce95/elements HTTP/1.1
User-Agent: selenium/4.5.3 (java mac)
Content-Length: 51
Content-Type: application/json; charset=utf-8
host: localhost:47544
accept: */*

Response DefaultHttpResponse(decodeResult: success, version: HTTP/1.1)
HTTP/1.1 200 OK
Content-Length: 5462
Content-Type: application/json; charset=utf-8
cache-control: no-cache

18:20:49.980 [AsyncHttpClient-1-2] DEBUG org.asynchttpclient.netty.channel.ChannelManager - Adding key: http://localhost:47544 for channel [id: 0x15725c6d, L:/127.0.0.1:54222 - R:localhost/127.0.0.1:47544]
18:20:50.002 [Forwarding findChildElement on session 2110e51d6eb213971c2be95817a2ce95 to remote] DEBUG org.asynchttpclient.netty.request.NettyRequestSender - Using pooled Channel '[id: 0x15725c6d, L:/127.0.0.1:54222 - R:localhost/127.0.0.1:47544]' for 'POST' to 'http://localhost:47544/session/2110e51d6eb213971c2be95817a2ce95/element/2ab613f5-d9ff-41ad-b9e0-5ffcd8daecd2/element'
18:20:50.003 [Forwarding findChildElement on session 2110e51d6eb213971c2be95817a2ce95 to remote] DEBUG org.asynchttpclient.netty.request.NettyRequestSender - Using open Channel [id: 0x15725c6d, L:/127.0.0.1:54222 - R:localhost/127.0.0.1:47544] for POST '/session/2110e51d6eb213971c2be95817a2ce95/element/2ab613f5-d9ff-41ad-b9e0-5ffcd8daecd2/element'
18:20:50.196 [AsyncHttpClient-1-2] DEBUG org.asynchttpclient.netty.handler.HttpHandler - 

Request DefaultHttpRequest(decodeResult: success, version: HTTP/1.1)
POST /session/2110e51d6eb213971c2be95817a2ce95/element/2ab613f5-d9ff-41ad-b9e0-5ffcd8daecd2/element HTTP/1.1
User-Agent: selenium/4.5.3 (java mac)
Content-Length: 106
Content-Type: application/json; charset=utf-8
host: localhost:47544
accept: */*

Response DefaultHttpResponse(decodeResult: success, version: HTTP/1.1)
HTTP/1.1 200 OK
Content-Length: 88
Content-Type: application/json; charset=utf-8
cache-control: no-cache

18:20:50.196 [AsyncHttpClient-1-2] DEBUG org.asynchttpclient.netty.channel.ChannelManager - Adding key: http://localhost:47544 for channel [id: 0x15725c6d, L:/127.0.0.1:54222 - R:localhost/127.0.0.1:47544]
18:20:50.201 [Forwarding getElementText on session 2110e51d6eb213971c2be95817a2ce95 to remote] DEBUG org.asynchttpclient.netty.request.NettyRequestSender - Using pooled Channel '[id: 0x15725c6d, L:/127.0.0.1:54222 - R:localhost/127.0.0.1:47544]' for 'GET' to 'http://localhost:47544/session/2110e51d6eb213971c2be95817a2ce95/element/8f79666a-1152-4ba0-b414-d3e1223bc734/text'
18:20:50.201 [Forwarding getElementText on session 2110e51d6eb213971c2be95817a2ce95 to remote] DEBUG org.asynchttpclient.netty.request.NettyRequestSender - Using open Channel [id: 0x15725c6d, L:/127.0.0.1:54222 - R:localhost/127.0.0.1:47544] for GET '/session/2110e51d6eb213971c2be95817a2ce95/element/8f79666a-1152-4ba0-b414-d3e1223bc734/text'
18:20:50.212 [AsyncHttpClient-1-1] DEBUG org.asynchttpclient.netty.channel.DefaultChannelPool - Entry count for : http://localhost:54225 : 1
18:20:50.526 [AsyncHttpClient-1-2] DEBUG org.asynchttpclient.netty.handler.HttpHandler - 

Request DefaultFullHttpRequest(decodeResult: success, version: HTTP/1.1, content: EmptyByteBufBE)
GET /session/2110e51d6eb213971c2be95817a2ce95/element/8f79666a-1152-4ba0-b414-d3e1223bc734/text HTTP/1.1
User-Agent: selenium/4.5.3 (java mac)
Cache-Control: no-cache
Content-Type: application/json; charset=utf-8
host: localhost:47544
accept: */*

Response DefaultHttpResponse(decodeResult: success, version: HTTP/1.1)
HTTP/1.1 200 OK
Content-Length: 12
Content-Type: application/json; charset=utf-8
cache-control: no-cache

18:20:50.527 [AsyncHttpClient-1-2] DEBUG org.asynchttpclient.netty.channel.ChannelManager - Adding key: http://localhost:47544 for channel [id: 0x15725c6d, L:/127.0.0.1:54222 - R:localhost/127.0.0.1:47544]
18:20:50.535 [Forwarding findChildElement on session 2110e51d6eb213971c2be95817a2ce95 to remote] DEBUG org.asynchttpclient.netty.request.NettyRequestSender - Using pooled Channel '[id: 0x15725c6d, L:/127.0.0.1:54222 - R:localhost/127.0.0.1:47544]' for 'POST' to 'http://localhost:47544/session/2110e51d6eb213971c2be95817a2ce95/element/2ab613f5-d9ff-41ad-b9e0-5ffcd8daecd2/element'
18:20:50.535 [Forwarding findChildElement on session 2110e51d6eb213971c2be95817a2ce95 to remote] DEBUG org.asynchttpclient.netty.request.NettyRequestSender - Using open Channel [id: 0x15725c6d, L:/127.0.0.1:54222 - R:localhost/127.0.0.1:47544] for POST '/session/2110e51d6eb213971c2be95817a2ce95/element/2ab613f5-d9ff-41ad-b9e0-5ffcd8daecd2/element'
18:20:51.309 [AsyncHttpClient-1-1] DEBUG org.asynchttpclient.netty.channel.DefaultChannelPool - Entry count for : http://localhost:54225 : 1
18:20:51.541 [AsyncHttpClient-1-2] DEBUG org.asynchttpclient.netty.handler.HttpHandler - 

Request DefaultHttpRequest(decodeResult: success, version: HTTP/1.1)
POST /session/2110e51d6eb213971c2be95817a2ce95/element/2ab613f5-d9ff-41ad-b9e0-5ffcd8daecd2/element HTTP/1.1
User-Agent: selenium/4.5.3 (java mac)
Content-Length: 106
Content-Type: application/json; charset=utf-8
host: localhost:47544
accept: */*

Response DefaultHttpResponse(decodeResult: success, version: HTTP/1.1)
HTTP/1.1 200 OK
Content-Length: 88
Content-Type: application/json; charset=utf-8
cache-control: no-cache

18:20:51.541 [AsyncHttpClient-1-2] DEBUG org.asynchttpclient.netty.channel.ChannelManager - Adding key: http://localhost:47544 for channel [id: 0x15725c6d, L:/127.0.0.1:54222 - R:localhost/127.0.0.1:47544]
18:20:51.543 [Forwarding getElementText on session 2110e51d6eb213971c2be95817a2ce95 to remote] DEBUG org.asynchttpclient.netty.request.NettyRequestSender - Using pooled Channel '[id: 0x15725c6d, L:/127.0.0.1:54222 - R:localhost/127.0.0.1:47544]' for 'GET' to 'http://localhost:47544/session/2110e51d6eb213971c2be95817a2ce95/element/5ca27739-4404-4fa5-9f60-b39fbffcf2c2/text'
18:20:51.543 [Forwarding getElementText on session 2110e51d6eb213971c2be95817a2ce95 to remote] DEBUG org.asynchttpclient.netty.request.NettyRequestSender - Using open Channel [id: 0x15725c6d, L:/127.0.0.1:54222 - R:localhost/127.0.0.1:47544] for GET '/session/2110e51d6eb213971c2be95817a2ce95/element/5ca27739-4404-4fa5-9f60-b39fbffcf2c2/text'
18:20:52.242 [AsyncHttpClient-1-2] DEBUG org.asynchttpclient.netty.handler.HttpHandler - 

Request DefaultFullHttpRequest(decodeResult: success, version: HTTP/1.1, content: EmptyByteBufBE)
GET /session/2110e51d6eb213971c2be95817a2ce95/element/5ca27739-4404-4fa5-9f60-b39fbffcf2c2/text HTTP/1.1
User-Agent: selenium/4.5.3 (java mac)
Cache-Control: no-cache
Content-Type: application/json; charset=utf-8
host: localhost:47544
accept: */*

Response DefaultHttpResponse(decodeResult: success, version: HTTP/1.1)
HTTP/1.1 200 OK
Content-Length: 12
Content-Type: application/json; charset=utf-8
cache-control: no-cache

18:20:52.243 [AsyncHttpClient-1-2] DEBUG org.asynchttpclient.netty.channel.ChannelManager - Adding key: http://localhost:47544 for channel [id: 0x15725c6d, L:/127.0.0.1:54222 - R:localhost/127.0.0.1:47544]
18:20:52.329 [Forwarding findChildElement on session 2110e51d6eb213971c2be95817a2ce95 to remote] DEBUG org.asynchttpclient.netty.request.NettyRequestSender - Using pooled Channel '[id: 0x15725c6d, L:/127.0.0.1:54222 - R:localhost/127.0.0.1:47544]' for 'POST' to 'http://localhost:47544/session/2110e51d6eb213971c2be95817a2ce95/element/9a009e52-4b9b-4c86-b949-8e887dba105d/element'
18:20:52.330 [Forwarding findChildElement on session 2110e51d6eb213971c2be95817a2ce95 to remote] DEBUG org.asynchttpclient.netty.request.NettyRequestSender - Using open Channel [id: 0x15725c6d, L:/127.0.0.1:54222 - R:localhost/127.0.0.1:47544] for POST '/session/2110e51d6eb213971c2be95817a2ce95/element/9a009e52-4b9b-4c86-b949-8e887dba105d/element'
18:20:52.409 [AsyncHttpClient-1-1] DEBUG org.asynchttpclient.netty.channel.DefaultChannelPool - Entry count for : http://localhost:54225 : 1
18:20:52.900 [AsyncHttpClient-1-2] DEBUG org.asynchttpclient.netty.handler.HttpHandler - 

Request DefaultHttpRequest(decodeResult: success, version: HTTP/1.1)
POST /session/2110e51d6eb213971c2be95817a2ce95/element/9a009e52-4b9b-4c86-b949-8e887dba105d/element HTTP/1.1
User-Agent: selenium/4.5.3 (java mac)
Content-Length: 106
Content-Type: application/json; charset=utf-8
host: localhost:47544
accept: */*

Response DefaultHttpResponse(decodeResult: success, version: HTTP/1.1)
HTTP/1.1 200 OK
Content-Length: 88
Content-Type: application/json; charset=utf-8
cache-control: no-cache

18:20:52.901 [AsyncHttpClient-1-2] DEBUG org.asynchttpclient.netty.channel.ChannelManager - Adding key: http://localhost:47544 for channel [id: 0x15725c6d, L:/127.0.0.1:54222 - R:localhost/127.0.0.1:47544]
18:20:52.904 [Forwarding getElementText on session 2110e51d6eb213971c2be95817a2ce95 to remote] DEBUG org.asynchttpclient.netty.request.NettyRequestSender - Using pooled Channel '[id: 0x15725c6d, L:/127.0.0.1:54222 - R:localhost/127.0.0.1:47544]' for 'GET' to 'http://localhost:47544/session/2110e51d6eb213971c2be95817a2ce95/element/e0e77a42-1e6e-4dd4-96bb-9b1e452cef3d/text'
18:20:52.905 [Forwarding getElementText on session 2110e51d6eb213971c2be95817a2ce95 to remote] DEBUG org.asynchttpclient.netty.request.NettyRequestSender - Using open Channel [id: 0x15725c6d, L:/127.0.0.1:54222 - R:localhost/127.0.0.1:47544] for GET '/session/2110e51d6eb213971c2be95817a2ce95/element/e0e77a42-1e6e-4dd4-96bb-9b1e452cef3d/text'
18:20:53.237 [AsyncHttpClient-1-2] DEBUG org.asynchttpclient.netty.handler.HttpHandler - 

Request DefaultFullHttpRequest(decodeResult: success, version: HTTP/1.1, content: EmptyByteBufBE)
GET /session/2110e51d6eb213971c2be95817a2ce95/element/e0e77a42-1e6e-4dd4-96bb-9b1e452cef3d/text HTTP/1.1
User-Agent: selenium/4.5.3 (java mac)
Cache-Control: no-cache
Content-Type: application/json; charset=utf-8
host: localhost:47544
accept: */*

Response DefaultHttpResponse(decodeResult: success, version: HTTP/1.1)
HTTP/1.1 200 OK
Content-Length: 76
Content-Type: application/json; charset=utf-8
cache-control: no-cache

18:20:53.237 [AsyncHttpClient-1-2] DEBUG org.asynchttpclient.netty.channel.ChannelManager - Adding key: http://localhost:47544 for channel [id: 0x15725c6d, L:/127.0.0.1:54222 - R:localhost/127.0.0.1:47544]
18:20:53.239 [Forwarding findChildElement on session 2110e51d6eb213971c2be95817a2ce95 to remote] DEBUG org.asynchttpclient.netty.request.NettyRequestSender - Using pooled Channel '[id: 0x15725c6d, L:/127.0.0.1:54222 - R:localhost/127.0.0.1:47544]' for 'POST' to 'http://localhost:47544/session/2110e51d6eb213971c2be95817a2ce95/element/9a009e52-4b9b-4c86-b949-8e887dba105d/element'
18:20:53.240 [Forwarding findChildElement on session 2110e51d6eb213971c2be95817a2ce95 to remote] DEBUG org.asynchttpclient.netty.request.NettyRequestSender - Using open Channel [id: 0x15725c6d, L:/127.0.0.1:54222 - R:localhost/127.0.0.1:47544] for POST '/session/2110e51d6eb213971c2be95817a2ce95/element/9a009e52-4b9b-4c86-b949-8e887dba105d/element'
18:20:53.434 [AsyncHttpClient-1-2] DEBUG org.asynchttpclient.netty.handler.HttpHandler - 

Request DefaultHttpRequest(decodeResult: success, version: HTTP/1.1)
POST /session/2110e51d6eb213971c2be95817a2ce95/element/9a009e52-4b9b-4c86-b949-8e887dba105d/element HTTP/1.1
User-Agent: selenium/4.5.3 (java mac)
Content-Length: 106
Content-Type: application/json; charset=utf-8
host: localhost:47544
accept: */*

Response DefaultHttpResponse(decodeResult: success, version: HTTP/1.1)
HTTP/1.1 200 OK
Content-Length: 88
Content-Type: application/json; charset=utf-8
cache-control: no-cache

18:20:53.434 [AsyncHttpClient-1-2] DEBUG org.asynchttpclient.netty.channel.ChannelManager - Adding key: http://localhost:47544 for channel [id: 0x15725c6d, L:/127.0.0.1:54222 - R:localhost/127.0.0.1:47544]
18:20:53.437 [Forwarding getElementText on session 2110e51d6eb213971c2be95817a2ce95 to remote] DEBUG org.asynchttpclient.netty.request.NettyRequestSender - Using pooled Channel '[id: 0x15725c6d, L:/127.0.0.1:54222 - R:localhost/127.0.0.1:47544]' for 'GET' to 'http://localhost:47544/session/2110e51d6eb213971c2be95817a2ce95/element/efdf08d0-8c62-4196-bb4a-b9f0ac5cc936/text'
18:20:53.438 [Forwarding getElementText on session 2110e51d6eb213971c2be95817a2ce95 to remote] DEBUG org.asynchttpclient.netty.request.NettyRequestSender - Using open Channel [id: 0x15725c6d, L:/127.0.0.1:54222 - R:localhost/127.0.0.1:47544] for GET '/session/2110e51d6eb213971c2be95817a2ce95/element/efdf08d0-8c62-4196-bb4a-b9f0ac5cc936/text'
18:20:53.509 [AsyncHttpClient-1-1] DEBUG org.asynchttpclient.netty.channel.DefaultChannelPool - Entry count for : http://localhost:54225 : 1
18:20:53.641 [AsyncHttpClient-1-2] DEBUG org.asynchttpclient.netty.handler.HttpHandler - 

Request DefaultFullHttpRequest(decodeResult: success, version: HTTP/1.1, content: EmptyByteBufBE)
GET /session/2110e51d6eb213971c2be95817a2ce95/element/efdf08d0-8c62-4196-bb4a-b9f0ac5cc936/text HTTP/1.1
User-Agent: selenium/4.5.3 (java mac)
Cache-Control: no-cache
Content-Type: application/json; charset=utf-8
host: localhost:47544
accept: */*

Response DefaultHttpResponse(decodeResult: success, version: HTTP/1.1)
HTTP/1.1 200 OK
Content-Length: 19
Content-Type: application/json; charset=utf-8
cache-control: no-cache

18:20:53.642 [AsyncHttpClient-1-2] DEBUG org.asynchttpclient.netty.channel.ChannelManager - Adding key: http://localhost:47544 for channel [id: 0x15725c6d, L:/127.0.0.1:54222 - R:localhost/127.0.0.1:47544]
18:20:53.644 [Forwarding findChildElement on session 2110e51d6eb213971c2be95817a2ce95 to remote] DEBUG org.asynchttpclient.netty.request.NettyRequestSender - Using pooled Channel '[id: 0x15725c6d, L:/127.0.0.1:54222 - R:localhost/127.0.0.1:47544]' for 'POST' to 'http://localhost:47544/session/2110e51d6eb213971c2be95817a2ce95/element/b311e121-6a1a-438a-8bd1-80bf5d00f1d1/element'
18:20:53.645 [Forwarding findChildElement on session 2110e51d6eb213971c2be95817a2ce95 to remote] DEBUG org.asynchttpclient.netty.request.NettyRequestSender - Using open Channel [id: 0x15725c6d, L:/127.0.0.1:54222 - R:localhost/127.0.0.1:47544] for POST '/session/2110e51d6eb213971c2be95817a2ce95/element/b311e121-6a1a-438a-8bd1-80bf5d00f1d1/element'
18:20:53.726 [AsyncHttpClient-1-2] DEBUG org.asynchttpclient.netty.handler.HttpHandler - 

Request DefaultHttpRequest(decodeResult: success, version: HTTP/1.1)
POST /session/2110e51d6eb213971c2be95817a2ce95/element/b311e121-6a1a-438a-8bd1-80bf5d00f1d1/element HTTP/1.1
User-Agent: selenium/4.5.3 (java mac)
Content-Length: 106
Content-Type: application/json; charset=utf-8
host: localhost:47544
accept: */*

Response DefaultHttpResponse(decodeResult: success, version: HTTP/1.1)
HTTP/1.1 200 OK
Content-Length: 88
Content-Type: application/json; charset=utf-8
cache-control: no-cache

18:20:53.727 [AsyncHttpClient-1-2] DEBUG org.asynchttpclient.netty.channel.ChannelManager - Adding key: http://localhost:47544 for channel [id: 0x15725c6d, L:/127.0.0.1:54222 - R:localhost/127.0.0.1:47544]
18:20:53.730 [Forwarding getElementText on session 2110e51d6eb213971c2be95817a2ce95 to remote] DEBUG org.asynchttpclient.netty.request.NettyRequestSender - Using pooled Channel '[id: 0x15725c6d, L:/127.0.0.1:54222 - R:localhost/127.0.0.1:47544]' for 'GET' to 'http://localhost:47544/session/2110e51d6eb213971c2be95817a2ce95/element/bdff2671-5e99-46d6-b17a-7113ed9c86cb/text'
18:20:53.730 [Forwarding getElementText on session 2110e51d6eb213971c2be95817a2ce95 to remote] DEBUG org.asynchttpclient.netty.request.NettyRequestSender - Using open Channel [id: 0x15725c6d, L:/127.0.0.1:54222 - R:localhost/127.0.0.1:47544] for GET '/session/2110e51d6eb213971c2be95817a2ce95/element/bdff2671-5e99-46d6-b17a-7113ed9c86cb/text'
18:20:54.009 [AsyncHttpClient-1-2] DEBUG org.asynchttpclient.netty.handler.HttpHandler - 

Request DefaultFullHttpRequest(decodeResult: success, version: HTTP/1.1, content: EmptyByteBufBE)
GET /session/2110e51d6eb213971c2be95817a2ce95/element/bdff2671-5e99-46d6-b17a-7113ed9c86cb/text HTTP/1.1
User-Agent: selenium/4.5.3 (java mac)
Cache-Control: no-cache
Content-Type: application/json; charset=utf-8
host: localhost:47544
accept: */*

Response DefaultHttpResponse(decodeResult: success, version: HTTP/1.1)
HTTP/1.1 200 OK
Content-Length: 87
Content-Type: application/json; charset=utf-8
cache-control: no-cache

18:20:54.009 [AsyncHttpClient-1-2] DEBUG org.asynchttpclient.netty.channel.ChannelManager - Adding key: http://localhost:47544 for channel [id: 0x15725c6d, L:/127.0.0.1:54222 - R:localhost/127.0.0.1:47544]
18:20:54.012 [Forwarding findChildElement on session 2110e51d6eb213971c2be95817a2ce95 to remote] DEBUG org.asynchttpclient.netty.request.NettyRequestSender - Using pooled Channel '[id: 0x15725c6d, L:/127.0.0.1:54222 - R:localhost/127.0.0.1:47544]' for 'POST' to 'http://localhost:47544/session/2110e51d6eb213971c2be95817a2ce95/element/b311e121-6a1a-438a-8bd1-80bf5d00f1d1/element'
18:20:54.012 [Forwarding findChildElement on session 2110e51d6eb213971c2be95817a2ce95 to remote] DEBUG org.asynchttpclient.netty.request.NettyRequestSender - Using open Channel [id: 0x15725c6d, L:/127.0.0.1:54222 - R:localhost/127.0.0.1:47544] for POST '/session/2110e51d6eb213971c2be95817a2ce95/element/b311e121-6a1a-438a-8bd1-80bf5d00f1d1/element'
18:20:54.164 [AsyncHttpClient-1-2] DEBUG org.asynchttpclient.netty.handler.HttpHandler - 

Request DefaultHttpRequest(decodeResult: success, version: HTTP/1.1)
POST /session/2110e51d6eb213971c2be95817a2ce95/element/b311e121-6a1a-438a-8bd1-80bf5d00f1d1/element HTTP/1.1
User-Agent: selenium/4.5.3 (java mac)
Content-Length: 106
Content-Type: application/json; charset=utf-8
host: localhost:47544
accept: */*

Response DefaultHttpResponse(decodeResult: success, version: HTTP/1.1)
HTTP/1.1 200 OK
Content-Length: 88
Content-Type: application/json; charset=utf-8
cache-control: no-cache

18:20:54.165 [AsyncHttpClient-1-2] DEBUG org.asynchttpclient.netty.channel.ChannelManager - Adding key: http://localhost:47544 for channel [id: 0x15725c6d, L:/127.0.0.1:54222 - R:localhost/127.0.0.1:47544]
18:20:54.168 [Forwarding getElementText on session 2110e51d6eb213971c2be95817a2ce95 to remote] DEBUG org.asynchttpclient.netty.request.NettyRequestSender - Using pooled Channel '[id: 0x15725c6d, L:/127.0.0.1:54222 - R:localhost/127.0.0.1:47544]' for 'GET' to 'http://localhost:47544/session/2110e51d6eb213971c2be95817a2ce95/element/d5575349-be8c-4612-b9b2-42837b2a4e98/text'
18:20:54.168 [Forwarding getElementText on session 2110e51d6eb213971c2be95817a2ce95 to remote] DEBUG org.asynchttpclient.netty.request.NettyRequestSender - Using open Channel [id: 0x15725c6d, L:/127.0.0.1:54222 - R:localhost/127.0.0.1:47544] for GET '/session/2110e51d6eb213971c2be95817a2ce95/element/d5575349-be8c-4612-b9b2-42837b2a4e98/text'
18:20:54.611 [AsyncHttpClient-1-1] DEBUG org.asynchttpclient.netty.channel.DefaultChannelPool - Entry count for : http://localhost:54225 : 1
18:20:54.693 [AsyncHttpClient-1-2] DEBUG org.asynchttpclient.netty.handler.HttpHandler - 

Request DefaultFullHttpRequest(decodeResult: success, version: HTTP/1.1, content: EmptyByteBufBE)
GET /session/2110e51d6eb213971c2be95817a2ce95/element/d5575349-be8c-4612-b9b2-42837b2a4e98/text HTTP/1.1
User-Agent: selenium/4.5.3 (java mac)
Cache-Control: no-cache
Content-Type: application/json; charset=utf-8
host: localhost:47544
accept: */*

Response DefaultHttpResponse(decodeResult: success, version: HTTP/1.1)
HTTP/1.1 200 OK
Content-Length: 19
Content-Type: application/json; charset=utf-8
cache-control: no-cache

18:20:54.694 [AsyncHttpClient-1-2] DEBUG org.asynchttpclient.netty.channel.ChannelManager - Adding key: http://localhost:47544 for channel [id: 0x15725c6d, L:/127.0.0.1:54222 - R:localhost/127.0.0.1:47544]
18:20:54.700 [Forwarding findChildElement on session 2110e51d6eb213971c2be95817a2ce95 to remote] DEBUG org.asynchttpclient.netty.request.NettyRequestSender - Using pooled Channel '[id: 0x15725c6d, L:/127.0.0.1:54222 - R:localhost/127.0.0.1:47544]' for 'POST' to 'http://localhost:47544/session/2110e51d6eb213971c2be95817a2ce95/element/9bd1b3c2-37f5-421e-b76f-1cd5c8a7f7b1/element'
18:20:54.700 [Forwarding findChildElement on session 2110e51d6eb213971c2be95817a2ce95 to remote] DEBUG org.asynchttpclient.netty.request.NettyRequestSender - Using open Channel [id: 0x15725c6d, L:/127.0.0.1:54222 - R:localhost/127.0.0.1:47544] for POST '/session/2110e51d6eb213971c2be95817a2ce95/element/9bd1b3c2-37f5-421e-b76f-1cd5c8a7f7b1/element'
18:20:54.722 [AsyncHttpClient-1-2] DEBUG org.asynchttpclient.netty.handler.HttpHandler - 

Request DefaultHttpRequest(decodeResult: success, version: HTTP/1.1)
POST /session/2110e51d6eb213971c2be95817a2ce95/element/9bd1b3c2-37f5-421e-b76f-1cd5c8a7f7b1/element HTTP/1.1
User-Agent: selenium/4.5.3 (java mac)
Content-Length: 106
Content-Type: application/json; charset=utf-8
host: localhost:47544
accept: */*

Response DefaultHttpResponse(decodeResult: success, version: HTTP/1.1)
HTTP/1.1 200 OK
Content-Length: 88
Content-Type: application/json; charset=utf-8
cache-control: no-cache

18:20:54.722 [AsyncHttpClient-1-2] DEBUG org.asynchttpclient.netty.channel.ChannelManager - Adding key: http://localhost:47544 for channel [id: 0x15725c6d, L:/127.0.0.1:54222 - R:localhost/127.0.0.1:47544]
18:20:54.725 [Forwarding getElementText on session 2110e51d6eb213971c2be95817a2ce95 to remote] DEBUG org.asynchttpclient.netty.request.NettyRequestSender - Using pooled Channel '[id: 0x15725c6d, L:/127.0.0.1:54222 - R:localhost/127.0.0.1:47544]' for 'GET' to 'http://localhost:47544/session/2110e51d6eb213971c2be95817a2ce95/element/2198e924-5bc0-4f80-881f-a90d0ce7d41b/text'
18:20:54.725 [Forwarding getElementText on session 2110e51d6eb213971c2be95817a2ce95 to remote] DEBUG org.asynchttpclient.netty.request.NettyRequestSender - Using open Channel [id: 0x15725c6d, L:/127.0.0.1:54222 - R:localhost/127.0.0.1:47544] for GET '/session/2110e51d6eb213971c2be95817a2ce95/element/2198e924-5bc0-4f80-881f-a90d0ce7d41b/text'
18:20:54.934 [AsyncHttpClient-1-2] DEBUG org.asynchttpclient.netty.handler.HttpHandler - 

Request DefaultFullHttpRequest(decodeResult: success, version: HTTP/1.1, content: EmptyByteBufBE)
GET /session/2110e51d6eb213971c2be95817a2ce95/element/2198e924-5bc0-4f80-881f-a90d0ce7d41b/text HTTP/1.1
User-Agent: selenium/4.5.3 (java mac)
Cache-Control: no-cache
Content-Type: application/json; charset=utf-8
host: localhost:47544
accept: */*

Response DefaultHttpResponse(decodeResult: success, version: HTTP/1.1)
HTTP/1.1 200 OK
Content-Length: 75
Content-Type: application/json; charset=utf-8
cache-control: no-cache

18:20:54.935 [AsyncHttpClient-1-2] DEBUG org.asynchttpclient.netty.channel.ChannelManager - Adding key: http://localhost:47544 for channel [id: 0x15725c6d, L:/127.0.0.1:54222 - R:localhost/127.0.0.1:47544]
18:20:54.937 [Forwarding findChildElement on session 2110e51d6eb213971c2be95817a2ce95 to remote] DEBUG org.asynchttpclient.netty.request.NettyRequestSender - Using pooled Channel '[id: 0x15725c6d, L:/127.0.0.1:54222 - R:localhost/127.0.0.1:47544]' for 'POST' to 'http://localhost:47544/session/2110e51d6eb213971c2be95817a2ce95/element/9bd1b3c2-37f5-421e-b76f-1cd5c8a7f7b1/element'
18:20:54.937 [Forwarding findChildElement on session 2110e51d6eb213971c2be95817a2ce95 to remote] DEBUG org.asynchttpclient.netty.request.NettyRequestSender - Using open Channel [id: 0x15725c6d, L:/127.0.0.1:54222 - R:localhost/127.0.0.1:47544] for POST '/session/2110e51d6eb213971c2be95817a2ce95/element/9bd1b3c2-37f5-421e-b76f-1cd5c8a7f7b1/element'
18:20:54.977 [AsyncHttpClient-1-2] DEBUG org.asynchttpclient.netty.handler.HttpHandler - 

Request DefaultHttpRequest(decodeResult: success, version: HTTP/1.1)
POST /session/2110e51d6eb213971c2be95817a2ce95/element/9bd1b3c2-37f5-421e-b76f-1cd5c8a7f7b1/element HTTP/1.1
User-Agent: selenium/4.5.3 (java mac)
Content-Length: 106
Content-Type: application/json; charset=utf-8
host: localhost:47544
accept: */*

Response DefaultHttpResponse(decodeResult: success, version: HTTP/1.1)
HTTP/1.1 200 OK
Content-Length: 88
Content-Type: application/json; charset=utf-8
cache-control: no-cache

18:20:54.978 [AsyncHttpClient-1-2] DEBUG org.asynchttpclient.netty.channel.ChannelManager - Adding key: http://localhost:47544 for channel [id: 0x15725c6d, L:/127.0.0.1:54222 - R:localhost/127.0.0.1:47544]
18:20:54.980 [Forwarding getElementText on session 2110e51d6eb213971c2be95817a2ce95 to remote] DEBUG org.asynchttpclient.netty.request.NettyRequestSender - Using pooled Channel '[id: 0x15725c6d, L:/127.0.0.1:54222 - R:localhost/127.0.0.1:47544]' for 'GET' to 'http://localhost:47544/session/2110e51d6eb213971c2be95817a2ce95/element/714a6417-48b8-4c15-a4b4-21d43a8b436c/text'
18:20:54.980 [Forwarding getElementText on session 2110e51d6eb213971c2be95817a2ce95 to remote] DEBUG org.asynchttpclient.netty.request.NettyRequestSender - Using open Channel [id: 0x15725c6d, L:/127.0.0.1:54222 - R:localhost/127.0.0.1:47544] for GET '/session/2110e51d6eb213971c2be95817a2ce95/element/714a6417-48b8-4c15-a4b4-21d43a8b436c/text'
18:20:55.007 [AsyncHttpClient-1-2] DEBUG org.asynchttpclient.netty.handler.HttpHandler - 

Request DefaultFullHttpRequest(decodeResult: success, version: HTTP/1.1, content: EmptyByteBufBE)
GET /session/2110e51d6eb213971c2be95817a2ce95/element/714a6417-48b8-4c15-a4b4-21d43a8b436c/text HTTP/1.1
User-Agent: selenium/4.5.3 (java mac)
Cache-Control: no-cache
Content-Type: application/json; charset=utf-8
host: localhost:47544
accept: */*

Response DefaultHttpResponse(decodeResult: success, version: HTTP/1.1)
HTTP/1.1 200 OK
Content-Length: 19
Content-Type: application/json; charset=utf-8
cache-control: no-cache

18:20:55.008 [AsyncHttpClient-1-2] DEBUG org.asynchttpclient.netty.channel.ChannelManager - Adding key: http://localhost:47544 for channel [id: 0x15725c6d, L:/127.0.0.1:54222 - R:localhost/127.0.0.1:47544]
18:20:55.011 [Forwarding findChildElement on session 2110e51d6eb213971c2be95817a2ce95 to remote] DEBUG org.asynchttpclient.netty.request.NettyRequestSender - Using pooled Channel '[id: 0x15725c6d, L:/127.0.0.1:54222 - R:localhost/127.0.0.1:47544]' for 'POST' to 'http://localhost:47544/session/2110e51d6eb213971c2be95817a2ce95/element/cc9cb0f3-7d1e-4a09-9066-56fe48f7be9b/element'
18:20:55.011 [Forwarding findChildElement on session 2110e51d6eb213971c2be95817a2ce95 to remote] DEBUG org.asynchttpclient.netty.request.NettyRequestSender - Using open Channel [id: 0x15725c6d, L:/127.0.0.1:54222 - R:localhost/127.0.0.1:47544] for POST '/session/2110e51d6eb213971c2be95817a2ce95/element/cc9cb0f3-7d1e-4a09-9066-56fe48f7be9b/element'
18:20:55.054 [AsyncHttpClient-1-2] DEBUG org.asynchttpclient.netty.handler.HttpHandler - 

Request DefaultHttpRequest(decodeResult: success, version: HTTP/1.1)
POST /session/2110e51d6eb213971c2be95817a2ce95/element/cc9cb0f3-7d1e-4a09-9066-56fe48f7be9b/element HTTP/1.1
User-Agent: selenium/4.5.3 (java mac)
Content-Length: 106
Content-Type: application/json; charset=utf-8
host: localhost:47544
accept: */*

Response DefaultHttpResponse(decodeResult: success, version: HTTP/1.1)
HTTP/1.1 200 OK
Content-Length: 88
Content-Type: application/json; charset=utf-8
cache-control: no-cache

18:20:55.054 [AsyncHttpClient-1-2] DEBUG org.asynchttpclient.netty.channel.ChannelManager - Adding key: http://localhost:47544 for channel [id: 0x15725c6d, L:/127.0.0.1:54222 - R:localhost/127.0.0.1:47544]
18:20:55.056 [Forwarding getElementText on session 2110e51d6eb213971c2be95817a2ce95 to remote] DEBUG org.asynchttpclient.netty.request.NettyRequestSender - Using pooled Channel '[id: 0x15725c6d, L:/127.0.0.1:54222 - R:localhost/127.0.0.1:47544]' for 'GET' to 'http://localhost:47544/session/2110e51d6eb213971c2be95817a2ce95/element/5c5fe235-c1a2-4179-bfa8-2aef5471ef42/text'
18:20:55.056 [Forwarding getElementText on session 2110e51d6eb213971c2be95817a2ce95 to remote] DEBUG org.asynchttpclient.netty.request.NettyRequestSender - Using open Channel [id: 0x15725c6d, L:/127.0.0.1:54222 - R:localhost/127.0.0.1:47544] for GET '/session/2110e51d6eb213971c2be95817a2ce95/element/5c5fe235-c1a2-4179-bfa8-2aef5471ef42/text'
18:20:55.235 [AsyncHttpClient-1-2] DEBUG org.asynchttpclient.netty.handler.HttpHandler - 

Request DefaultFullHttpRequest(decodeResult: success, version: HTTP/1.1, content: EmptyByteBufBE)
GET /session/2110e51d6eb213971c2be95817a2ce95/element/5c5fe235-c1a2-4179-bfa8-2aef5471ef42/text HTTP/1.1
User-Agent: selenium/4.5.3 (java mac)
Cache-Control: no-cache
Content-Type: application/json; charset=utf-8
host: localhost:47544
accept: */*

Response DefaultHttpResponse(decodeResult: success, version: HTTP/1.1)
HTTP/1.1 200 OK
Content-Length: 90
Content-Type: application/json; charset=utf-8
cache-control: no-cache

18:20:55.236 [AsyncHttpClient-1-2] DEBUG org.asynchttpclient.netty.channel.ChannelManager - Adding key: http://localhost:47544 for channel [id: 0x15725c6d, L:/127.0.0.1:54222 - R:localhost/127.0.0.1:47544]
18:20:55.238 [Forwarding findChildElement on session 2110e51d6eb213971c2be95817a2ce95 to remote] DEBUG org.asynchttpclient.netty.request.NettyRequestSender - Using pooled Channel '[id: 0x15725c6d, L:/127.0.0.1:54222 - R:localhost/127.0.0.1:47544]' for 'POST' to 'http://localhost:47544/session/2110e51d6eb213971c2be95817a2ce95/element/cc9cb0f3-7d1e-4a09-9066-56fe48f7be9b/element'
18:20:55.239 [Forwarding findChildElement on session 2110e51d6eb213971c2be95817a2ce95 to remote] DEBUG org.asynchttpclient.netty.request.NettyRequestSender - Using open Channel [id: 0x15725c6d, L:/127.0.0.1:54222 - R:localhost/127.0.0.1:47544] for POST '/session/2110e51d6eb213971c2be95817a2ce95/element/cc9cb0f3-7d1e-4a09-9066-56fe48f7be9b/element'
18:20:55.305 [AsyncHttpClient-1-2] DEBUG org.asynchttpclient.netty.handler.HttpHandler - 

Request DefaultHttpRequest(decodeResult: success, version: HTTP/1.1)
POST /session/2110e51d6eb213971c2be95817a2ce95/element/cc9cb0f3-7d1e-4a09-9066-56fe48f7be9b/element HTTP/1.1
User-Agent: selenium/4.5.3 (java mac)
Content-Length: 106
Content-Type: application/json; charset=utf-8
host: localhost:47544
accept: */*

Response DefaultHttpResponse(decodeResult: success, version: HTTP/1.1)
HTTP/1.1 200 OK
Content-Length: 88
Content-Type: application/json; charset=utf-8
cache-control: no-cache

18:20:55.305 [AsyncHttpClient-1-2] DEBUG org.asynchttpclient.netty.channel.ChannelManager - Adding key: http://localhost:47544 for channel [id: 0x15725c6d, L:/127.0.0.1:54222 - R:localhost/127.0.0.1:47544]
18:20:55.307 [Forwarding getElementText on session 2110e51d6eb213971c2be95817a2ce95 to remote] DEBUG org.asynchttpclient.netty.request.NettyRequestSender - Using pooled Channel '[id: 0x15725c6d, L:/127.0.0.1:54222 - R:localhost/127.0.0.1:47544]' for 'GET' to 'http://localhost:47544/session/2110e51d6eb213971c2be95817a2ce95/element/f1e8afe1-7192-4aa4-b4fe-8255208fff26/text'
18:20:55.307 [Forwarding getElementText on session 2110e51d6eb213971c2be95817a2ce95 to remote] DEBUG org.asynchttpclient.netty.request.NettyRequestSender - Using open Channel [id: 0x15725c6d, L:/127.0.0.1:54222 - R:localhost/127.0.0.1:47544] for GET '/session/2110e51d6eb213971c2be95817a2ce95/element/f1e8afe1-7192-4aa4-b4fe-8255208fff26/text'
18:20:55.713 [AsyncHttpClient-1-1] DEBUG org.asynchttpclient.netty.channel.DefaultChannelPool - Entry count for : http://localhost:54225 : 1
18:20:55.799 [AsyncHttpClient-1-2] DEBUG org.asynchttpclient.netty.handler.HttpHandler - 

Request DefaultFullHttpRequest(decodeResult: success, version: HTTP/1.1, content: EmptyByteBufBE)
GET /session/2110e51d6eb213971c2be95817a2ce95/element/f1e8afe1-7192-4aa4-b4fe-8255208fff26/text HTTP/1.1
User-Agent: selenium/4.5.3 (java mac)
Cache-Control: no-cache
Content-Type: application/json; charset=utf-8
host: localhost:47544
accept: */*

Response DefaultHttpResponse(decodeResult: success, version: HTTP/1.1)
HTTP/1.1 200 OK
Content-Length: 19
Content-Type: application/json; charset=utf-8
cache-control: no-cache

18:20:55.800 [AsyncHttpClient-1-2] DEBUG org.asynchttpclient.netty.channel.ChannelManager - Adding key: http://localhost:47544 for channel [id: 0x15725c6d, L:/127.0.0.1:54222 - R:localhost/127.0.0.1:47544]
18:20:55.803 [Forwarding findChildElement on session 2110e51d6eb213971c2be95817a2ce95 to remote] DEBUG org.asynchttpclient.netty.request.NettyRequestSender - Using pooled Channel '[id: 0x15725c6d, L:/127.0.0.1:54222 - R:localhost/127.0.0.1:47544]' for 'POST' to 'http://localhost:47544/session/2110e51d6eb213971c2be95817a2ce95/element/629bea5b-c881-4c95-bb85-a3fb1d25f446/element'
18:20:55.803 [Forwarding findChildElement on session 2110e51d6eb213971c2be95817a2ce95 to remote] DEBUG org.asynchttpclient.netty.request.NettyRequestSender - Using open Channel [id: 0x15725c6d, L:/127.0.0.1:54222 - R:localhost/127.0.0.1:47544] for POST '/session/2110e51d6eb213971c2be95817a2ce95/element/629bea5b-c881-4c95-bb85-a3fb1d25f446/element'
18:20:55.846 [AsyncHttpClient-1-2] DEBUG org.asynchttpclient.netty.handler.HttpHandler - 

Request DefaultHttpRequest(decodeResult: success, version: HTTP/1.1)
POST /session/2110e51d6eb213971c2be95817a2ce95/element/629bea5b-c881-4c95-bb85-a3fb1d25f446/element HTTP/1.1
User-Agent: selenium/4.5.3 (java mac)
Content-Length: 106
Content-Type: application/json; charset=utf-8
host: localhost:47544
accept: */*

Response DefaultHttpResponse(decodeResult: success, version: HTTP/1.1)
HTTP/1.1 200 OK
Content-Length: 88
Content-Type: application/json; charset=utf-8
cache-control: no-cache

18:20:55.846 [AsyncHttpClient-1-2] DEBUG org.asynchttpclient.netty.channel.ChannelManager - Adding key: http://localhost:47544 for channel [id: 0x15725c6d, L:/127.0.0.1:54222 - R:localhost/127.0.0.1:47544]
18:20:55.849 [Forwarding getElementText on session 2110e51d6eb213971c2be95817a2ce95 to remote] DEBUG org.asynchttpclient.netty.request.NettyRequestSender - Using pooled Channel '[id: 0x15725c6d, L:/127.0.0.1:54222 - R:localhost/127.0.0.1:47544]' for 'GET' to 'http://localhost:47544/session/2110e51d6eb213971c2be95817a2ce95/element/15b5afde-92dc-4190-be09-32fe91c7f556/text'
18:20:55.849 [Forwarding getElementText on session 2110e51d6eb213971c2be95817a2ce95 to remote] DEBUG org.asynchttpclient.netty.request.NettyRequestSender - Using open Channel [id: 0x15725c6d, L:/127.0.0.1:54222 - R:localhost/127.0.0.1:47544] for GET '/session/2110e51d6eb213971c2be95817a2ce95/element/15b5afde-92dc-4190-be09-32fe91c7f556/text'
18:20:56.040 [AsyncHttpClient-1-2] DEBUG org.asynchttpclient.netty.handler.HttpHandler - 

Request DefaultFullHttpRequest(decodeResult: success, version: HTTP/1.1, content: EmptyByteBufBE)
GET /session/2110e51d6eb213971c2be95817a2ce95/element/15b5afde-92dc-4190-be09-32fe91c7f556/text HTTP/1.1
User-Agent: selenium/4.5.3 (java mac)
Cache-Control: no-cache
Content-Type: application/json; charset=utf-8
host: localhost:47544
accept: */*

Response DefaultHttpResponse(decodeResult: success, version: HTTP/1.1)
HTTP/1.1 200 OK
Content-Length: 72
Content-Type: application/json; charset=utf-8
cache-control: no-cache

18:20:56.040 [AsyncHttpClient-1-2] DEBUG org.asynchttpclient.netty.channel.ChannelManager - Adding key: http://localhost:47544 for channel [id: 0x15725c6d, L:/127.0.0.1:54222 - R:localhost/127.0.0.1:47544]
18:20:56.044 [Forwarding findChildElement on session 2110e51d6eb213971c2be95817a2ce95 to remote] DEBUG org.asynchttpclient.netty.request.NettyRequestSender - Using pooled Channel '[id: 0x15725c6d, L:/127.0.0.1:54222 - R:localhost/127.0.0.1:47544]' for 'POST' to 'http://localhost:47544/session/2110e51d6eb213971c2be95817a2ce95/element/629bea5b-c881-4c95-bb85-a3fb1d25f446/element'
18:20:56.044 [Forwarding findChildElement on session 2110e51d6eb213971c2be95817a2ce95 to remote] DEBUG org.asynchttpclient.netty.request.NettyRequestSender - Using open Channel [id: 0x15725c6d, L:/127.0.0.1:54222 - R:localhost/127.0.0.1:47544] for POST '/session/2110e51d6eb213971c2be95817a2ce95/element/629bea5b-c881-4c95-bb85-a3fb1d25f446/element'
18:20:56.068 [AsyncHttpClient-1-2] DEBUG org.asynchttpclient.netty.handler.HttpHandler - 

Request DefaultHttpRequest(decodeResult: success, version: HTTP/1.1)
POST /session/2110e51d6eb213971c2be95817a2ce95/element/629bea5b-c881-4c95-bb85-a3fb1d25f446/element HTTP/1.1
User-Agent: selenium/4.5.3 (java mac)
Content-Length: 106
Content-Type: application/json; charset=utf-8
host: localhost:47544
accept: */*

Response DefaultHttpResponse(decodeResult: success, version: HTTP/1.1)
HTTP/1.1 200 OK
Content-Length: 88
Content-Type: application/json; charset=utf-8
cache-control: no-cache

18:20:56.069 [AsyncHttpClient-1-2] DEBUG org.asynchttpclient.netty.channel.ChannelManager - Adding key: http://localhost:47544 for channel [id: 0x15725c6d, L:/127.0.0.1:54222 - R:localhost/127.0.0.1:47544]
18:20:56.071 [Forwarding getElementText on session 2110e51d6eb213971c2be95817a2ce95 to remote] DEBUG org.asynchttpclient.netty.request.NettyRequestSender - Using pooled Channel '[id: 0x15725c6d, L:/127.0.0.1:54222 - R:localhost/127.0.0.1:47544]' for 'GET' to 'http://localhost:47544/session/2110e51d6eb213971c2be95817a2ce95/element/0d7cb9fd-af51-421c-bb5a-4ea002aec304/text'
18:20:56.071 [Forwarding getElementText on session 2110e51d6eb213971c2be95817a2ce95 to remote] DEBUG org.asynchttpclient.netty.request.NettyRequestSender - Using open Channel [id: 0x15725c6d, L:/127.0.0.1:54222 - R:localhost/127.0.0.1:47544] for GET '/session/2110e51d6eb213971c2be95817a2ce95/element/0d7cb9fd-af51-421c-bb5a-4ea002aec304/text'
18:20:56.094 [AsyncHttpClient-1-2] DEBUG org.asynchttpclient.netty.handler.HttpHandler - 

Request DefaultFullHttpRequest(decodeResult: success, version: HTTP/1.1, content: EmptyByteBufBE)
GET /session/2110e51d6eb213971c2be95817a2ce95/element/0d7cb9fd-af51-421c-bb5a-4ea002aec304/text HTTP/1.1
User-Agent: selenium/4.5.3 (java mac)
Cache-Control: no-cache
Content-Type: application/json; charset=utf-8
host: localhost:47544
accept: */*

Response DefaultHttpResponse(decodeResult: success, version: HTTP/1.1)
HTTP/1.1 200 OK
Content-Length: 19
Content-Type: application/json; charset=utf-8
cache-control: no-cache

18:20:56.094 [AsyncHttpClient-1-2] DEBUG org.asynchttpclient.netty.channel.ChannelManager - Adding key: http://localhost:47544 for channel [id: 0x15725c6d, L:/127.0.0.1:54222 - R:localhost/127.0.0.1:47544]
18:20:56.098 [Forwarding findChildElement on session 2110e51d6eb213971c2be95817a2ce95 to remote] DEBUG org.asynchttpclient.netty.request.NettyRequestSender - Using pooled Channel '[id: 0x15725c6d, L:/127.0.0.1:54222 - R:localhost/127.0.0.1:47544]' for 'POST' to 'http://localhost:47544/session/2110e51d6eb213971c2be95817a2ce95/element/952df395-518f-46bf-8214-4dc695bf928d/element'
18:20:56.098 [Forwarding findChildElement on session 2110e51d6eb213971c2be95817a2ce95 to remote] DEBUG org.asynchttpclient.netty.request.NettyRequestSender - Using open Channel [id: 0x15725c6d, L:/127.0.0.1:54222 - R:localhost/127.0.0.1:47544] for POST '/session/2110e51d6eb213971c2be95817a2ce95/element/952df395-518f-46bf-8214-4dc695bf928d/element'
18:20:56.119 [AsyncHttpClient-1-2] DEBUG org.asynchttpclient.netty.handler.HttpHandler - 

Request DefaultHttpRequest(decodeResult: success, version: HTTP/1.1)
POST /session/2110e51d6eb213971c2be95817a2ce95/element/952df395-518f-46bf-8214-4dc695bf928d/element HTTP/1.1
User-Agent: selenium/4.5.3 (java mac)
Content-Length: 106
Content-Type: application/json; charset=utf-8
host: localhost:47544
accept: */*

Response DefaultHttpResponse(decodeResult: success, version: HTTP/1.1)
HTTP/1.1 200 OK
Content-Length: 88
Content-Type: application/json; charset=utf-8
cache-control: no-cache

18:20:56.120 [AsyncHttpClient-1-2] DEBUG org.asynchttpclient.netty.channel.ChannelManager - Adding key: http://localhost:47544 for channel [id: 0x15725c6d, L:/127.0.0.1:54222 - R:localhost/127.0.0.1:47544]
18:20:56.124 [Forwarding getElementText on session 2110e51d6eb213971c2be95817a2ce95 to remote] DEBUG org.asynchttpclient.netty.request.NettyRequestSender - Using pooled Channel '[id: 0x15725c6d, L:/127.0.0.1:54222 - R:localhost/127.0.0.1:47544]' for 'GET' to 'http://localhost:47544/session/2110e51d6eb213971c2be95817a2ce95/element/5c9ebc84-4363-473e-8412-1c24324b1576/text'
18:20:56.124 [Forwarding getElementText on session 2110e51d6eb213971c2be95817a2ce95 to remote] DEBUG org.asynchttpclient.netty.request.NettyRequestSender - Using open Channel [id: 0x15725c6d, L:/127.0.0.1:54222 - R:localhost/127.0.0.1:47544] for GET '/session/2110e51d6eb213971c2be95817a2ce95/element/5c9ebc84-4363-473e-8412-1c24324b1576/text'
18:20:56.149 [AsyncHttpClient-1-2] DEBUG org.asynchttpclient.netty.handler.HttpHandler - 

Request DefaultFullHttpRequest(decodeResult: success, version: HTTP/1.1, content: EmptyByteBufBE)
GET /session/2110e51d6eb213971c2be95817a2ce95/element/5c9ebc84-4363-473e-8412-1c24324b1576/text HTTP/1.1
User-Agent: selenium/4.5.3 (java mac)
Cache-Control: no-cache
Content-Type: application/json; charset=utf-8
host: localhost:47544
accept: */*

Response DefaultHttpResponse(decodeResult: success, version: HTTP/1.1)
HTTP/1.1 200 OK
Content-Length: 85
Content-Type: application/json; charset=utf-8
cache-control: no-cache

18:20:56.149 [AsyncHttpClient-1-2] DEBUG org.asynchttpclient.netty.channel.ChannelManager - Adding key: http://localhost:47544 for channel [id: 0x15725c6d, L:/127.0.0.1:54222 - R:localhost/127.0.0.1:47544]
18:20:56.157 [Forwarding findChildElement on session 2110e51d6eb213971c2be95817a2ce95 to remote] DEBUG org.asynchttpclient.netty.request.NettyRequestSender - Using pooled Channel '[id: 0x15725c6d, L:/127.0.0.1:54222 - R:localhost/127.0.0.1:47544]' for 'POST' to 'http://localhost:47544/session/2110e51d6eb213971c2be95817a2ce95/element/952df395-518f-46bf-8214-4dc695bf928d/element'
18:20:56.158 [Forwarding findChildElement on session 2110e51d6eb213971c2be95817a2ce95 to remote] DEBUG org.asynchttpclient.netty.request.NettyRequestSender - Using open Channel [id: 0x15725c6d, L:/127.0.0.1:54222 - R:localhost/127.0.0.1:47544] for POST '/session/2110e51d6eb213971c2be95817a2ce95/element/952df395-518f-46bf-8214-4dc695bf928d/element'
18:20:56.348 [AsyncHttpClient-1-2] DEBUG org.asynchttpclient.netty.handler.HttpHandler - 

Request DefaultHttpRequest(decodeResult: success, version: HTTP/1.1)
POST /session/2110e51d6eb213971c2be95817a2ce95/element/952df395-518f-46bf-8214-4dc695bf928d/element HTTP/1.1
User-Agent: selenium/4.5.3 (java mac)
Content-Length: 106
Content-Type: application/json; charset=utf-8
host: localhost:47544
accept: */*

Response DefaultHttpResponse(decodeResult: success, version: HTTP/1.1)
HTTP/1.1 200 OK
Content-Length: 88
Content-Type: application/json; charset=utf-8
cache-control: no-cache

18:20:56.348 [AsyncHttpClient-1-2] DEBUG org.asynchttpclient.netty.channel.ChannelManager - Adding key: http://localhost:47544 for channel [id: 0x15725c6d, L:/127.0.0.1:54222 - R:localhost/127.0.0.1:47544]
18:20:56.352 [Forwarding getElementText on session 2110e51d6eb213971c2be95817a2ce95 to remote] DEBUG org.asynchttpclient.netty.request.NettyRequestSender - Using pooled Channel '[id: 0x15725c6d, L:/127.0.0.1:54222 - R:localhost/127.0.0.1:47544]' for 'GET' to 'http://localhost:47544/session/2110e51d6eb213971c2be95817a2ce95/element/5da900fc-908f-4629-b19a-9a26d5fd9a2d/text'
18:20:56.352 [Forwarding getElementText on session 2110e51d6eb213971c2be95817a2ce95 to remote] DEBUG org.asynchttpclient.netty.request.NettyRequestSender - Using open Channel [id: 0x15725c6d, L:/127.0.0.1:54222 - R:localhost/127.0.0.1:47544] for GET '/session/2110e51d6eb213971c2be95817a2ce95/element/5da900fc-908f-4629-b19a-9a26d5fd9a2d/text'
18:20:56.370 [AsyncHttpClient-1-2] DEBUG org.asynchttpclient.netty.handler.HttpHandler - 

Request DefaultFullHttpRequest(decodeResult: success, version: HTTP/1.1, content: EmptyByteBufBE)
GET /session/2110e51d6eb213971c2be95817a2ce95/element/5da900fc-908f-4629-b19a-9a26d5fd9a2d/text HTTP/1.1
User-Agent: selenium/4.5.3 (java mac)
Cache-Control: no-cache
Content-Type: application/json; charset=utf-8
host: localhost:47544
accept: */*

Response DefaultHttpResponse(decodeResult: success, version: HTTP/1.1)
HTTP/1.1 200 OK
Content-Length: 30
Content-Type: application/json; charset=utf-8
cache-control: no-cache

18:20:56.371 [AsyncHttpClient-1-2] DEBUG org.asynchttpclient.netty.channel.ChannelManager - Adding key: http://localhost:47544 for channel [id: 0x15725c6d, L:/127.0.0.1:54222 - R:localhost/127.0.0.1:47544]
18:20:56.373 [Forwarding findChildElement on session 2110e51d6eb213971c2be95817a2ce95 to remote] DEBUG org.asynchttpclient.netty.request.NettyRequestSender - Using pooled Channel '[id: 0x15725c6d, L:/127.0.0.1:54222 - R:localhost/127.0.0.1:47544]' for 'POST' to 'http://localhost:47544/session/2110e51d6eb213971c2be95817a2ce95/element/10e984db-ae2c-4cae-9629-52782c1bf836/element'
18:20:56.374 [Forwarding findChildElement on session 2110e51d6eb213971c2be95817a2ce95 to remote] DEBUG org.asynchttpclient.netty.request.NettyRequestSender - Using open Channel [id: 0x15725c6d, L:/127.0.0.1:54222 - R:localhost/127.0.0.1:47544] for POST '/session/2110e51d6eb213971c2be95817a2ce95/element/10e984db-ae2c-4cae-9629-52782c1bf836/element'
18:20:56.604 [AsyncHttpClient-1-2] DEBUG org.asynchttpclient.netty.handler.HttpHandler - 

Request DefaultHttpRequest(decodeResult: success, version: HTTP/1.1)
POST /session/2110e51d6eb213971c2be95817a2ce95/element/10e984db-ae2c-4cae-9629-52782c1bf836/element HTTP/1.1
User-Agent: selenium/4.5.3 (java mac)
Content-Length: 106
Content-Type: application/json; charset=utf-8
host: localhost:47544
accept: */*

Response DefaultHttpResponse(decodeResult: success, version: HTTP/1.1)
HTTP/1.1 200 OK
Content-Length: 88
Content-Type: application/json; charset=utf-8
cache-control: no-cache

18:20:56.604 [AsyncHttpClient-1-2] DEBUG org.asynchttpclient.netty.channel.ChannelManager - Adding key: http://localhost:47544 for channel [id: 0x15725c6d, L:/127.0.0.1:54222 - R:localhost/127.0.0.1:47544]
18:20:56.615 [Forwarding getElementText on session 2110e51d6eb213971c2be95817a2ce95 to remote] DEBUG org.asynchttpclient.netty.request.NettyRequestSender - Using pooled Channel '[id: 0x15725c6d, L:/127.0.0.1:54222 - R:localhost/127.0.0.1:47544]' for 'GET' to 'http://localhost:47544/session/2110e51d6eb213971c2be95817a2ce95/element/adf2295d-f8f1-43b7-9e31-385b3a2c1f81/text'
18:20:56.624 [Forwarding getElementText on session 2110e51d6eb213971c2be95817a2ce95 to remote] DEBUG org.asynchttpclient.netty.request.NettyRequestSender - Using open Channel [id: 0x15725c6d, L:/127.0.0.1:54222 - R:localhost/127.0.0.1:47544] for GET '/session/2110e51d6eb213971c2be95817a2ce95/element/adf2295d-f8f1-43b7-9e31-385b3a2c1f81/text'
18:20:56.758 [AsyncHttpClient-1-2] DEBUG org.asynchttpclient.netty.handler.HttpHandler - 

Request DefaultFullHttpRequest(decodeResult: success, version: HTTP/1.1, content: EmptyByteBufBE)
GET /session/2110e51d6eb213971c2be95817a2ce95/element/adf2295d-f8f1-43b7-9e31-385b3a2c1f81/text HTTP/1.1
User-Agent: selenium/4.5.3 (java mac)
Cache-Control: no-cache
Content-Type: application/json; charset=utf-8
host: localhost:47544
accept: */*

Response DefaultHttpResponse(decodeResult: success, version: HTTP/1.1)
HTTP/1.1 200 OK
Content-Length: 79
Content-Type: application/json; charset=utf-8
cache-control: no-cache

18:20:56.759 [AsyncHttpClient-1-2] DEBUG org.asynchttpclient.netty.channel.ChannelManager - Adding key: http://localhost:47544 for channel [id: 0x15725c6d, L:/127.0.0.1:54222 - R:localhost/127.0.0.1:47544]
18:20:56.762 [Forwarding findChildElement on session 2110e51d6eb213971c2be95817a2ce95 to remote] DEBUG org.asynchttpclient.netty.request.NettyRequestSender - Using pooled Channel '[id: 0x15725c6d, L:/127.0.0.1:54222 - R:localhost/127.0.0.1:47544]' for 'POST' to 'http://localhost:47544/session/2110e51d6eb213971c2be95817a2ce95/element/10e984db-ae2c-4cae-9629-52782c1bf836/element'
18:20:56.762 [Forwarding findChildElement on session 2110e51d6eb213971c2be95817a2ce95 to remote] DEBUG org.asynchttpclient.netty.request.NettyRequestSender - Using open Channel [id: 0x15725c6d, L:/127.0.0.1:54222 - R:localhost/127.0.0.1:47544] for POST '/session/2110e51d6eb213971c2be95817a2ce95/element/10e984db-ae2c-4cae-9629-52782c1bf836/element'
18:20:56.773 [AsyncHttpClient-1-2] DEBUG org.asynchttpclient.netty.handler.HttpHandler - 

Request DefaultHttpRequest(decodeResult: success, version: HTTP/1.1)
POST /session/2110e51d6eb213971c2be95817a2ce95/element/10e984db-ae2c-4cae-9629-52782c1bf836/element HTTP/1.1
User-Agent: selenium/4.5.3 (java mac)
Content-Length: 106
Content-Type: application/json; charset=utf-8
host: localhost:47544
accept: */*

Response DefaultHttpResponse(decodeResult: success, version: HTTP/1.1)
HTTP/1.1 200 OK
Content-Length: 88
Content-Type: application/json; charset=utf-8
cache-control: no-cache

18:20:56.773 [AsyncHttpClient-1-2] DEBUG org.asynchttpclient.netty.channel.ChannelManager - Adding key: http://localhost:47544 for channel [id: 0x15725c6d, L:/127.0.0.1:54222 - R:localhost/127.0.0.1:47544]
18:20:56.775 [Forwarding getElementText on session 2110e51d6eb213971c2be95817a2ce95 to remote] DEBUG org.asynchttpclient.netty.request.NettyRequestSender - Using pooled Channel '[id: 0x15725c6d, L:/127.0.0.1:54222 - R:localhost/127.0.0.1:47544]' for 'GET' to 'http://localhost:47544/session/2110e51d6eb213971c2be95817a2ce95/element/baed801f-7276-45b3-939c-28279cbd4f64/text'
18:20:56.775 [Forwarding getElementText on session 2110e51d6eb213971c2be95817a2ce95 to remote] DEBUG org.asynchttpclient.netty.request.NettyRequestSender - Using open Channel [id: 0x15725c6d, L:/127.0.0.1:54222 - R:localhost/127.0.0.1:47544] for GET '/session/2110e51d6eb213971c2be95817a2ce95/element/baed801f-7276-45b3-939c-28279cbd4f64/text'
18:20:56.809 [AsyncHttpClient-1-1] DEBUG org.asynchttpclient.netty.channel.DefaultChannelPool - Entry count for : http://localhost:54225 : 1
18:20:57.070 [AsyncHttpClient-1-2] DEBUG org.asynchttpclient.netty.handler.HttpHandler - 

Request DefaultFullHttpRequest(decodeResult: success, version: HTTP/1.1, content: EmptyByteBufBE)
GET /session/2110e51d6eb213971c2be95817a2ce95/element/baed801f-7276-45b3-939c-28279cbd4f64/text HTTP/1.1
User-Agent: selenium/4.5.3 (java mac)
Cache-Control: no-cache
Content-Type: application/json; charset=utf-8
host: localhost:47544
accept: */*

Response DefaultHttpResponse(decodeResult: success, version: HTTP/1.1)
HTTP/1.1 200 OK
Content-Length: 19
Content-Type: application/json; charset=utf-8
cache-control: no-cache

18:20:57.071 [AsyncHttpClient-1-2] DEBUG org.asynchttpclient.netty.channel.ChannelManager - Adding key: http://localhost:47544 for channel [id: 0x15725c6d, L:/127.0.0.1:54222 - R:localhost/127.0.0.1:47544]
18:20:57.074 [Forwarding findChildElement on session 2110e51d6eb213971c2be95817a2ce95 to remote] DEBUG org.asynchttpclient.netty.request.NettyRequestSender - Using pooled Channel '[id: 0x15725c6d, L:/127.0.0.1:54222 - R:localhost/127.0.0.1:47544]' for 'POST' to 'http://localhost:47544/session/2110e51d6eb213971c2be95817a2ce95/element/fb717dc4-5305-4e81-bb50-a6ca101db98d/element'
18:20:57.074 [Forwarding findChildElement on session 2110e51d6eb213971c2be95817a2ce95 to remote] DEBUG org.asynchttpclient.netty.request.NettyRequestSender - Using open Channel [id: 0x15725c6d, L:/127.0.0.1:54222 - R:localhost/127.0.0.1:47544] for POST '/session/2110e51d6eb213971c2be95817a2ce95/element/fb717dc4-5305-4e81-bb50-a6ca101db98d/element'
18:20:57.090 [AsyncHttpClient-1-2] DEBUG org.asynchttpclient.netty.handler.HttpHandler - 

Request DefaultHttpRequest(decodeResult: success, version: HTTP/1.1)
POST /session/2110e51d6eb213971c2be95817a2ce95/element/fb717dc4-5305-4e81-bb50-a6ca101db98d/element HTTP/1.1
User-Agent: selenium/4.5.3 (java mac)
Content-Length: 106
Content-Type: application/json; charset=utf-8
host: localhost:47544
accept: */*

Response DefaultHttpResponse(decodeResult: success, version: HTTP/1.1)
HTTP/1.1 200 OK
Content-Length: 88
Content-Type: application/json; charset=utf-8
cache-control: no-cache

18:20:57.091 [AsyncHttpClient-1-2] DEBUG org.asynchttpclient.netty.channel.ChannelManager - Adding key: http://localhost:47544 for channel [id: 0x15725c6d, L:/127.0.0.1:54222 - R:localhost/127.0.0.1:47544]
18:20:57.095 [Forwarding getElementText on session 2110e51d6eb213971c2be95817a2ce95 to remote] DEBUG org.asynchttpclient.netty.request.NettyRequestSender - Using pooled Channel '[id: 0x15725c6d, L:/127.0.0.1:54222 - R:localhost/127.0.0.1:47544]' for 'GET' to 'http://localhost:47544/session/2110e51d6eb213971c2be95817a2ce95/element/238c655f-6272-466d-a346-75b8453396a1/text'
18:20:57.096 [Forwarding getElementText on session 2110e51d6eb213971c2be95817a2ce95 to remote] DEBUG org.asynchttpclient.netty.request.NettyRequestSender - Using open Channel [id: 0x15725c6d, L:/127.0.0.1:54222 - R:localhost/127.0.0.1:47544] for GET '/session/2110e51d6eb213971c2be95817a2ce95/element/238c655f-6272-466d-a346-75b8453396a1/text'
18:20:57.118 [AsyncHttpClient-1-2] DEBUG org.asynchttpclient.netty.handler.HttpHandler - 

Request DefaultFullHttpRequest(decodeResult: success, version: HTTP/1.1, content: EmptyByteBufBE)
GET /session/2110e51d6eb213971c2be95817a2ce95/element/238c655f-6272-466d-a346-75b8453396a1/text HTTP/1.1
User-Agent: selenium/4.5.3 (java mac)
Cache-Control: no-cache
Content-Type: application/json; charset=utf-8
host: localhost:47544
accept: */*

Response DefaultHttpResponse(decodeResult: success, version: HTTP/1.1)
HTTP/1.1 200 OK
Content-Length: 72
Content-Type: application/json; charset=utf-8
cache-control: no-cache

18:20:57.118 [AsyncHttpClient-1-2] DEBUG org.asynchttpclient.netty.channel.ChannelManager - Adding key: http://localhost:47544 for channel [id: 0x15725c6d, L:/127.0.0.1:54222 - R:localhost/127.0.0.1:47544]
18:20:57.122 [Forwarding findChildElement on session 2110e51d6eb213971c2be95817a2ce95 to remote] DEBUG org.asynchttpclient.netty.request.NettyRequestSender - Using pooled Channel '[id: 0x15725c6d, L:/127.0.0.1:54222 - R:localhost/127.0.0.1:47544]' for 'POST' to 'http://localhost:47544/session/2110e51d6eb213971c2be95817a2ce95/element/fb717dc4-5305-4e81-bb50-a6ca101db98d/element'
18:20:57.122 [Forwarding findChildElement on session 2110e51d6eb213971c2be95817a2ce95 to remote] DEBUG org.asynchttpclient.netty.request.NettyRequestSender - Using open Channel [id: 0x15725c6d, L:/127.0.0.1:54222 - R:localhost/127.0.0.1:47544] for POST '/session/2110e51d6eb213971c2be95817a2ce95/element/fb717dc4-5305-4e81-bb50-a6ca101db98d/element'
18:20:57.133 [AsyncHttpClient-1-2] DEBUG org.asynchttpclient.netty.handler.HttpHandler - 

Request DefaultHttpRequest(decodeResult: success, version: HTTP/1.1)
POST /session/2110e51d6eb213971c2be95817a2ce95/element/fb717dc4-5305-4e81-bb50-a6ca101db98d/element HTTP/1.1
User-Agent: selenium/4.5.3 (java mac)
Content-Length: 106
Content-Type: application/json; charset=utf-8
host: localhost:47544
accept: */*

Response DefaultHttpResponse(decodeResult: success, version: HTTP/1.1)
HTTP/1.1 200 OK
Content-Length: 88
Content-Type: application/json; charset=utf-8
cache-control: no-cache

18:20:57.133 [AsyncHttpClient-1-2] DEBUG org.asynchttpclient.netty.channel.ChannelManager - Adding key: http://localhost:47544 for channel [id: 0x15725c6d, L:/127.0.0.1:54222 - R:localhost/127.0.0.1:47544]
18:20:57.136 [Forwarding getElementText on session 2110e51d6eb213971c2be95817a2ce95 to remote] DEBUG org.asynchttpclient.netty.request.NettyRequestSender - Using pooled Channel '[id: 0x15725c6d, L:/127.0.0.1:54222 - R:localhost/127.0.0.1:47544]' for 'GET' to 'http://localhost:47544/session/2110e51d6eb213971c2be95817a2ce95/element/72ce9d95-0d13-41ac-8a73-7dd40beaddf9/text'
18:20:57.136 [Forwarding getElementText on session 2110e51d6eb213971c2be95817a2ce95 to remote] DEBUG org.asynchttpclient.netty.request.NettyRequestSender - Using open Channel [id: 0x15725c6d, L:/127.0.0.1:54222 - R:localhost/127.0.0.1:47544] for GET '/session/2110e51d6eb213971c2be95817a2ce95/element/72ce9d95-0d13-41ac-8a73-7dd40beaddf9/text'
18:20:57.150 [AsyncHttpClient-1-2] DEBUG org.asynchttpclient.netty.handler.HttpHandler - 

Request DefaultFullHttpRequest(decodeResult: success, version: HTTP/1.1, content: EmptyByteBufBE)
GET /session/2110e51d6eb213971c2be95817a2ce95/element/72ce9d95-0d13-41ac-8a73-7dd40beaddf9/text HTTP/1.1
User-Agent: selenium/4.5.3 (java mac)
Cache-Control: no-cache
Content-Type: application/json; charset=utf-8
host: localhost:47544
accept: */*

Response DefaultHttpResponse(decodeResult: success, version: HTTP/1.1)
HTTP/1.1 200 OK
Content-Length: 19
Content-Type: application/json; charset=utf-8
cache-control: no-cache

18:20:57.151 [AsyncHttpClient-1-2] DEBUG org.asynchttpclient.netty.channel.ChannelManager - Adding key: http://localhost:47544 for channel [id: 0x15725c6d, L:/127.0.0.1:54222 - R:localhost/127.0.0.1:47544]
18:20:57.158 [Forwarding findChildElement on session 2110e51d6eb213971c2be95817a2ce95 to remote] DEBUG org.asynchttpclient.netty.request.NettyRequestSender - Using pooled Channel '[id: 0x15725c6d, L:/127.0.0.1:54222 - R:localhost/127.0.0.1:47544]' for 'POST' to 'http://localhost:47544/session/2110e51d6eb213971c2be95817a2ce95/element/fac4afe4-a5ba-4c21-ab59-4cccd3de8378/element'
18:20:57.159 [Forwarding findChildElement on session 2110e51d6eb213971c2be95817a2ce95 to remote] DEBUG org.asynchttpclient.netty.request.NettyRequestSender - Using open Channel [id: 0x15725c6d, L:/127.0.0.1:54222 - R:localhost/127.0.0.1:47544] for POST '/session/2110e51d6eb213971c2be95817a2ce95/element/fac4afe4-a5ba-4c21-ab59-4cccd3de8378/element'
18:20:57.179 [AsyncHttpClient-1-2] DEBUG org.asynchttpclient.netty.handler.HttpHandler - 

Request DefaultHttpRequest(decodeResult: success, version: HTTP/1.1)
POST /session/2110e51d6eb213971c2be95817a2ce95/element/fac4afe4-a5ba-4c21-ab59-4cccd3de8378/element HTTP/1.1
User-Agent: selenium/4.5.3 (java mac)
Content-Length: 106
Content-Type: application/json; charset=utf-8
host: localhost:47544
accept: */*

Response DefaultHttpResponse(decodeResult: success, version: HTTP/1.1)
HTTP/1.1 200 OK
Content-Length: 88
Content-Type: application/json; charset=utf-8
cache-control: no-cache

18:20:57.180 [AsyncHttpClient-1-2] DEBUG org.asynchttpclient.netty.channel.ChannelManager - Adding key: http://localhost:47544 for channel [id: 0x15725c6d, L:/127.0.0.1:54222 - R:localhost/127.0.0.1:47544]
18:20:57.183 [Forwarding getElementText on session 2110e51d6eb213971c2be95817a2ce95 to remote] DEBUG org.asynchttpclient.netty.request.NettyRequestSender - Using pooled Channel '[id: 0x15725c6d, L:/127.0.0.1:54222 - R:localhost/127.0.0.1:47544]' for 'GET' to 'http://localhost:47544/session/2110e51d6eb213971c2be95817a2ce95/element/5d10a6f4-641b-4ac1-bb5b-043ff15fc727/text'
18:20:57.183 [Forwarding getElementText on session 2110e51d6eb213971c2be95817a2ce95 to remote] DEBUG org.asynchttpclient.netty.request.NettyRequestSender - Using open Channel [id: 0x15725c6d, L:/127.0.0.1:54222 - R:localhost/127.0.0.1:47544] for GET '/session/2110e51d6eb213971c2be95817a2ce95/element/5d10a6f4-641b-4ac1-bb5b-043ff15fc727/text'
18:20:57.576 [AsyncHttpClient-1-2] DEBUG org.asynchttpclient.netty.handler.HttpHandler - 

Request DefaultFullHttpRequest(decodeResult: success, version: HTTP/1.1, content: EmptyByteBufBE)
GET /session/2110e51d6eb213971c2be95817a2ce95/element/5d10a6f4-641b-4ac1-bb5b-043ff15fc727/text HTTP/1.1
User-Agent: selenium/4.5.3 (java mac)
Cache-Control: no-cache
Content-Type: application/json; charset=utf-8
host: localhost:47544
accept: */*

Response DefaultHttpResponse(decodeResult: success, version: HTTP/1.1)
HTTP/1.1 200 OK
Content-Length: 79
Content-Type: application/json; charset=utf-8
cache-control: no-cache

18:20:57.577 [AsyncHttpClient-1-2] DEBUG org.asynchttpclient.netty.channel.ChannelManager - Adding key: http://localhost:47544 for channel [id: 0x15725c6d, L:/127.0.0.1:54222 - R:localhost/127.0.0.1:47544]
18:20:57.579 [Forwarding findChildElement on session 2110e51d6eb213971c2be95817a2ce95 to remote] DEBUG org.asynchttpclient.netty.request.NettyRequestSender - Using pooled Channel '[id: 0x15725c6d, L:/127.0.0.1:54222 - R:localhost/127.0.0.1:47544]' for 'POST' to 'http://localhost:47544/session/2110e51d6eb213971c2be95817a2ce95/element/fac4afe4-a5ba-4c21-ab59-4cccd3de8378/element'
18:20:57.579 [Forwarding findChildElement on session 2110e51d6eb213971c2be95817a2ce95 to remote] DEBUG org.asynchttpclient.netty.request.NettyRequestSender - Using open Channel [id: 0x15725c6d, L:/127.0.0.1:54222 - R:localhost/127.0.0.1:47544] for POST '/session/2110e51d6eb213971c2be95817a2ce95/element/fac4afe4-a5ba-4c21-ab59-4cccd3de8378/element'
18:20:57.592 [AsyncHttpClient-1-2] DEBUG org.asynchttpclient.netty.handler.HttpHandler - 

Request DefaultHttpRequest(decodeResult: success, version: HTTP/1.1)
POST /session/2110e51d6eb213971c2be95817a2ce95/element/fac4afe4-a5ba-4c21-ab59-4cccd3de8378/element HTTP/1.1
User-Agent: selenium/4.5.3 (java mac)
Content-Length: 106
Content-Type: application/json; charset=utf-8
host: localhost:47544
accept: */*

Response DefaultHttpResponse(decodeResult: success, version: HTTP/1.1)
HTTP/1.1 200 OK
Content-Length: 88
Content-Type: application/json; charset=utf-8
cache-control: no-cache

18:20:57.592 [AsyncHttpClient-1-2] DEBUG org.asynchttpclient.netty.channel.ChannelManager - Adding key: http://localhost:47544 for channel [id: 0x15725c6d, L:/127.0.0.1:54222 - R:localhost/127.0.0.1:47544]
18:20:57.595 [Forwarding getElementText on session 2110e51d6eb213971c2be95817a2ce95 to remote] DEBUG org.asynchttpclient.netty.request.NettyRequestSender - Using pooled Channel '[id: 0x15725c6d, L:/127.0.0.1:54222 - R:localhost/127.0.0.1:47544]' for 'GET' to 'http://localhost:47544/session/2110e51d6eb213971c2be95817a2ce95/element/d1f962c3-ec3e-4941-8b52-17600e81259a/text'
18:20:57.595 [Forwarding getElementText on session 2110e51d6eb213971c2be95817a2ce95 to remote] DEBUG org.asynchttpclient.netty.request.NettyRequestSender - Using open Channel [id: 0x15725c6d, L:/127.0.0.1:54222 - R:localhost/127.0.0.1:47544] for GET '/session/2110e51d6eb213971c2be95817a2ce95/element/d1f962c3-ec3e-4941-8b52-17600e81259a/text'
18:20:57.610 [AsyncHttpClient-1-2] DEBUG org.asynchttpclient.netty.handler.HttpHandler - 

Request DefaultFullHttpRequest(decodeResult: success, version: HTTP/1.1, content: EmptyByteBufBE)
GET /session/2110e51d6eb213971c2be95817a2ce95/element/d1f962c3-ec3e-4941-8b52-17600e81259a/text HTTP/1.1
User-Agent: selenium/4.5.3 (java mac)
Cache-Control: no-cache
Content-Type: application/json; charset=utf-8
host: localhost:47544
accept: */*

Response DefaultHttpResponse(decodeResult: success, version: HTTP/1.1)
HTTP/1.1 200 OK
Content-Length: 19
Content-Type: application/json; charset=utf-8
cache-control: no-cache

18:20:57.610 [AsyncHttpClient-1-2] DEBUG org.asynchttpclient.netty.channel.ChannelManager - Adding key: http://localhost:47544 for channel [id: 0x15725c6d, L:/127.0.0.1:54222 - R:localhost/127.0.0.1:47544]
18:20:57.615 [Forwarding findChildElement on session 2110e51d6eb213971c2be95817a2ce95 to remote] DEBUG org.asynchttpclient.netty.request.NettyRequestSender - Using pooled Channel '[id: 0x15725c6d, L:/127.0.0.1:54222 - R:localhost/127.0.0.1:47544]' for 'POST' to 'http://localhost:47544/session/2110e51d6eb213971c2be95817a2ce95/element/02eb5f51-b943-49d1-964a-ddd853a31035/element'
18:20:57.615 [Forwarding findChildElement on session 2110e51d6eb213971c2be95817a2ce95 to remote] DEBUG org.asynchttpclient.netty.request.NettyRequestSender - Using open Channel [id: 0x15725c6d, L:/127.0.0.1:54222 - R:localhost/127.0.0.1:47544] for POST '/session/2110e51d6eb213971c2be95817a2ce95/element/02eb5f51-b943-49d1-964a-ddd853a31035/element'
18:20:57.630 [AsyncHttpClient-1-2] DEBUG org.asynchttpclient.netty.handler.HttpHandler - 

Request DefaultHttpRequest(decodeResult: success, version: HTTP/1.1)
POST /session/2110e51d6eb213971c2be95817a2ce95/element/02eb5f51-b943-49d1-964a-ddd853a31035/element HTTP/1.1
User-Agent: selenium/4.5.3 (java mac)
Content-Length: 106
Content-Type: application/json; charset=utf-8
host: localhost:47544
accept: */*

Response DefaultHttpResponse(decodeResult: success, version: HTTP/1.1)
HTTP/1.1 200 OK
Content-Length: 88
Content-Type: application/json; charset=utf-8
cache-control: no-cache

18:20:57.631 [AsyncHttpClient-1-2] DEBUG org.asynchttpclient.netty.channel.ChannelManager - Adding key: http://localhost:47544 for channel [id: 0x15725c6d, L:/127.0.0.1:54222 - R:localhost/127.0.0.1:47544]
18:20:57.638 [Forwarding getElementText on session 2110e51d6eb213971c2be95817a2ce95 to remote] DEBUG org.asynchttpclient.netty.request.NettyRequestSender - Using pooled Channel '[id: 0x15725c6d, L:/127.0.0.1:54222 - R:localhost/127.0.0.1:47544]' for 'GET' to 'http://localhost:47544/session/2110e51d6eb213971c2be95817a2ce95/element/7cdad9d5-0972-4687-88c4-53d92f03e35c/text'
18:20:57.638 [Forwarding getElementText on session 2110e51d6eb213971c2be95817a2ce95 to remote] DEBUG org.asynchttpclient.netty.request.NettyRequestSender - Using open Channel [id: 0x15725c6d, L:/127.0.0.1:54222 - R:localhost/127.0.0.1:47544] for GET '/session/2110e51d6eb213971c2be95817a2ce95/element/7cdad9d5-0972-4687-88c4-53d92f03e35c/text'
18:20:57.659 [AsyncHttpClient-1-2] DEBUG org.asynchttpclient.netty.handler.HttpHandler - 

Request DefaultFullHttpRequest(decodeResult: success, version: HTTP/1.1, content: EmptyByteBufBE)
GET /session/2110e51d6eb213971c2be95817a2ce95/element/7cdad9d5-0972-4687-88c4-53d92f03e35c/text HTTP/1.1
User-Agent: selenium/4.5.3 (java mac)
Cache-Control: no-cache
Content-Type: application/json; charset=utf-8
host: localhost:47544
accept: */*

Response DefaultHttpResponse(decodeResult: success, version: HTTP/1.1)
HTTP/1.1 200 OK
Content-Length: 64
Content-Type: application/json; charset=utf-8
cache-control: no-cache

18:20:57.660 [AsyncHttpClient-1-2] DEBUG org.asynchttpclient.netty.channel.ChannelManager - Adding key: http://localhost:47544 for channel [id: 0x15725c6d, L:/127.0.0.1:54222 - R:localhost/127.0.0.1:47544]
18:20:57.662 [Forwarding findChildElement on session 2110e51d6eb213971c2be95817a2ce95 to remote] DEBUG org.asynchttpclient.netty.request.NettyRequestSender - Using pooled Channel '[id: 0x15725c6d, L:/127.0.0.1:54222 - R:localhost/127.0.0.1:47544]' for 'POST' to 'http://localhost:47544/session/2110e51d6eb213971c2be95817a2ce95/element/02eb5f51-b943-49d1-964a-ddd853a31035/element'
18:20:57.663 [Forwarding findChildElement on session 2110e51d6eb213971c2be95817a2ce95 to remote] DEBUG org.asynchttpclient.netty.request.NettyRequestSender - Using open Channel [id: 0x15725c6d, L:/127.0.0.1:54222 - R:localhost/127.0.0.1:47544] for POST '/session/2110e51d6eb213971c2be95817a2ce95/element/02eb5f51-b943-49d1-964a-ddd853a31035/element'
18:20:57.674 [AsyncHttpClient-1-2] DEBUG org.asynchttpclient.netty.handler.HttpHandler - 

Request DefaultHttpRequest(decodeResult: success, version: HTTP/1.1)
POST /session/2110e51d6eb213971c2be95817a2ce95/element/02eb5f51-b943-49d1-964a-ddd853a31035/element HTTP/1.1
User-Agent: selenium/4.5.3 (java mac)
Content-Length: 106
Content-Type: application/json; charset=utf-8
host: localhost:47544
accept: */*

Response DefaultHttpResponse(decodeResult: success, version: HTTP/1.1)
HTTP/1.1 200 OK
Content-Length: 88
Content-Type: application/json; charset=utf-8
cache-control: no-cache

18:20:57.675 [AsyncHttpClient-1-2] DEBUG org.asynchttpclient.netty.channel.ChannelManager - Adding key: http://localhost:47544 for channel [id: 0x15725c6d, L:/127.0.0.1:54222 - R:localhost/127.0.0.1:47544]
18:20:57.677 [Forwarding getElementText on session 2110e51d6eb213971c2be95817a2ce95 to remote] DEBUG org.asynchttpclient.netty.request.NettyRequestSender - Using pooled Channel '[id: 0x15725c6d, L:/127.0.0.1:54222 - R:localhost/127.0.0.1:47544]' for 'GET' to 'http://localhost:47544/session/2110e51d6eb213971c2be95817a2ce95/element/2afb6d44-5f03-4c9b-9ecb-34c8366a16d6/text'
18:20:57.677 [Forwarding getElementText on session 2110e51d6eb213971c2be95817a2ce95 to remote] DEBUG org.asynchttpclient.netty.request.NettyRequestSender - Using open Channel [id: 0x15725c6d, L:/127.0.0.1:54222 - R:localhost/127.0.0.1:47544] for GET '/session/2110e51d6eb213971c2be95817a2ce95/element/2afb6d44-5f03-4c9b-9ecb-34c8366a16d6/text'
18:20:57.909 [AsyncHttpClient-1-1] DEBUG org.asynchttpclient.netty.channel.DefaultChannelPool - Entry count for : http://localhost:54225 : 1
18:20:58.144 [AsyncHttpClient-1-2] DEBUG org.asynchttpclient.netty.handler.HttpHandler - 

Request DefaultFullHttpRequest(decodeResult: success, version: HTTP/1.1, content: EmptyByteBufBE)
GET /session/2110e51d6eb213971c2be95817a2ce95/element/2afb6d44-5f03-4c9b-9ecb-34c8366a16d6/text HTTP/1.1
User-Agent: selenium/4.5.3 (java mac)
Cache-Control: no-cache
Content-Type: application/json; charset=utf-8
host: localhost:47544
accept: */*

Response DefaultHttpResponse(decodeResult: success, version: HTTP/1.1)
HTTP/1.1 200 OK
Content-Length: 19
Content-Type: application/json; charset=utf-8
cache-control: no-cache

18:20:58.144 [AsyncHttpClient-1-2] DEBUG org.asynchttpclient.netty.channel.ChannelManager - Adding key: http://localhost:47544 for channel [id: 0x15725c6d, L:/127.0.0.1:54222 - R:localhost/127.0.0.1:47544]
18:20:58.152 [Forwarding findChildElement on session 2110e51d6eb213971c2be95817a2ce95 to remote] DEBUG org.asynchttpclient.netty.request.NettyRequestSender - Using pooled Channel '[id: 0x15725c6d, L:/127.0.0.1:54222 - R:localhost/127.0.0.1:47544]' for 'POST' to 'http://localhost:47544/session/2110e51d6eb213971c2be95817a2ce95/element/a11c3336-68ca-474b-8fd2-8b24aa433dac/element'
18:20:58.152 [Forwarding findChildElement on session 2110e51d6eb213971c2be95817a2ce95 to remote] DEBUG org.asynchttpclient.netty.request.NettyRequestSender - Using open Channel [id: 0x15725c6d, L:/127.0.0.1:54222 - R:localhost/127.0.0.1:47544] for POST '/session/2110e51d6eb213971c2be95817a2ce95/element/a11c3336-68ca-474b-8fd2-8b24aa433dac/element'
18:20:58.441 [AsyncHttpClient-1-2] DEBUG org.asynchttpclient.netty.handler.HttpHandler - 

Request DefaultHttpRequest(decodeResult: success, version: HTTP/1.1)
POST /session/2110e51d6eb213971c2be95817a2ce95/element/a11c3336-68ca-474b-8fd2-8b24aa433dac/element HTTP/1.1
User-Agent: selenium/4.5.3 (java mac)
Content-Length: 106
Content-Type: application/json; charset=utf-8
host: localhost:47544
accept: */*

Response DefaultHttpResponse(decodeResult: success, version: HTTP/1.1)
HTTP/1.1 200 OK
Content-Length: 88
Content-Type: application/json; charset=utf-8
cache-control: no-cache

18:20:58.442 [AsyncHttpClient-1-2] DEBUG org.asynchttpclient.netty.channel.ChannelManager - Adding key: http://localhost:47544 for channel [id: 0x15725c6d, L:/127.0.0.1:54222 - R:localhost/127.0.0.1:47544]
18:20:58.444 [Forwarding getElementText on session 2110e51d6eb213971c2be95817a2ce95 to remote] DEBUG org.asynchttpclient.netty.request.NettyRequestSender - Using pooled Channel '[id: 0x15725c6d, L:/127.0.0.1:54222 - R:localhost/127.0.0.1:47544]' for 'GET' to 'http://localhost:47544/session/2110e51d6eb213971c2be95817a2ce95/element/bbe1f7d7-9ae7-44b0-9606-e84bc201cf9e/text'
18:20:58.448 [Forwarding getElementText on session 2110e51d6eb213971c2be95817a2ce95 to remote] DEBUG org.asynchttpclient.netty.request.NettyRequestSender - Using open Channel [id: 0x15725c6d, L:/127.0.0.1:54222 - R:localhost/127.0.0.1:47544] for GET '/session/2110e51d6eb213971c2be95817a2ce95/element/bbe1f7d7-9ae7-44b0-9606-e84bc201cf9e/text'
18:20:58.690 [AsyncHttpClient-1-2] DEBUG org.asynchttpclient.netty.handler.HttpHandler - 

Request DefaultFullHttpRequest(decodeResult: success, version: HTTP/1.1, content: EmptyByteBufBE)
GET /session/2110e51d6eb213971c2be95817a2ce95/element/bbe1f7d7-9ae7-44b0-9606-e84bc201cf9e/text HTTP/1.1
User-Agent: selenium/4.5.3 (java mac)
Cache-Control: no-cache
Content-Type: application/json; charset=utf-8
host: localhost:47544
accept: */*

Response DefaultHttpResponse(decodeResult: success, version: HTTP/1.1)
HTTP/1.1 200 OK
Content-Length: 91
Content-Type: application/json; charset=utf-8
cache-control: no-cache

18:20:58.690 [AsyncHttpClient-1-2] DEBUG org.asynchttpclient.netty.channel.ChannelManager - Adding key: http://localhost:47544 for channel [id: 0x15725c6d, L:/127.0.0.1:54222 - R:localhost/127.0.0.1:47544]
18:20:58.693 [Forwarding findChildElement on session 2110e51d6eb213971c2be95817a2ce95 to remote] DEBUG org.asynchttpclient.netty.request.NettyRequestSender - Using pooled Channel '[id: 0x15725c6d, L:/127.0.0.1:54222 - R:localhost/127.0.0.1:47544]' for 'POST' to 'http://localhost:47544/session/2110e51d6eb213971c2be95817a2ce95/element/a11c3336-68ca-474b-8fd2-8b24aa433dac/element'
18:20:58.694 [Forwarding findChildElement on session 2110e51d6eb213971c2be95817a2ce95 to remote] DEBUG org.asynchttpclient.netty.request.NettyRequestSender - Using open Channel [id: 0x15725c6d, L:/127.0.0.1:54222 - R:localhost/127.0.0.1:47544] for POST '/session/2110e51d6eb213971c2be95817a2ce95/element/a11c3336-68ca-474b-8fd2-8b24aa433dac/element'
18:20:58.709 [AsyncHttpClient-1-2] DEBUG org.asynchttpclient.netty.handler.HttpHandler - 

Request DefaultHttpRequest(decodeResult: success, version: HTTP/1.1)
POST /session/2110e51d6eb213971c2be95817a2ce95/element/a11c3336-68ca-474b-8fd2-8b24aa433dac/element HTTP/1.1
User-Agent: selenium/4.5.3 (java mac)
Content-Length: 106
Content-Type: application/json; charset=utf-8
host: localhost:47544
accept: */*

Response DefaultHttpResponse(decodeResult: success, version: HTTP/1.1)
HTTP/1.1 200 OK
Content-Length: 88
Content-Type: application/json; charset=utf-8
cache-control: no-cache

18:20:58.710 [AsyncHttpClient-1-2] DEBUG org.asynchttpclient.netty.channel.ChannelManager - Adding key: http://localhost:47544 for channel [id: 0x15725c6d, L:/127.0.0.1:54222 - R:localhost/127.0.0.1:47544]
18:20:58.713 [Forwarding getElementText on session 2110e51d6eb213971c2be95817a2ce95 to remote] DEBUG org.asynchttpclient.netty.request.NettyRequestSender - Using pooled Channel '[id: 0x15725c6d, L:/127.0.0.1:54222 - R:localhost/127.0.0.1:47544]' for 'GET' to 'http://localhost:47544/session/2110e51d6eb213971c2be95817a2ce95/element/77630a3e-2250-4289-8a95-e15551b29fce/text'
18:20:58.713 [Forwarding getElementText on session 2110e51d6eb213971c2be95817a2ce95 to remote] DEBUG org.asynchttpclient.netty.request.NettyRequestSender - Using open Channel [id: 0x15725c6d, L:/127.0.0.1:54222 - R:localhost/127.0.0.1:47544] for GET '/session/2110e51d6eb213971c2be95817a2ce95/element/77630a3e-2250-4289-8a95-e15551b29fce/text'
18:20:58.739 [AsyncHttpClient-1-2] DEBUG org.asynchttpclient.netty.handler.HttpHandler - 

Request DefaultFullHttpRequest(decodeResult: success, version: HTTP/1.1, content: EmptyByteBufBE)
GET /session/2110e51d6eb213971c2be95817a2ce95/element/77630a3e-2250-4289-8a95-e15551b29fce/text HTTP/1.1
User-Agent: selenium/4.5.3 (java mac)
Cache-Control: no-cache
Content-Type: application/json; charset=utf-8
host: localhost:47544
accept: */*

Response DefaultHttpResponse(decodeResult: success, version: HTTP/1.1)
HTTP/1.1 200 OK
Content-Length: 19
Content-Type: application/json; charset=utf-8
cache-control: no-cache

18:20:58.739 [AsyncHttpClient-1-2] DEBUG org.asynchttpclient.netty.channel.ChannelManager - Adding key: http://localhost:47544 for channel [id: 0x15725c6d, L:/127.0.0.1:54222 - R:localhost/127.0.0.1:47544]
18:20:58.747 [Forwarding findChildElement on session 2110e51d6eb213971c2be95817a2ce95 to remote] DEBUG org.asynchttpclient.netty.request.NettyRequestSender - Using pooled Channel '[id: 0x15725c6d, L:/127.0.0.1:54222 - R:localhost/127.0.0.1:47544]' for 'POST' to 'http://localhost:47544/session/2110e51d6eb213971c2be95817a2ce95/element/b73da29b-1a6e-4f5b-a6da-b3606758ffb3/element'
18:20:58.747 [Forwarding findChildElement on session 2110e51d6eb213971c2be95817a2ce95 to remote] DEBUG org.asynchttpclient.netty.request.NettyRequestSender - Using open Channel [id: 0x15725c6d, L:/127.0.0.1:54222 - R:localhost/127.0.0.1:47544] for POST '/session/2110e51d6eb213971c2be95817a2ce95/element/b73da29b-1a6e-4f5b-a6da-b3606758ffb3/element'
18:20:58.771 [AsyncHttpClient-1-2] DEBUG org.asynchttpclient.netty.handler.HttpHandler - 

Request DefaultHttpRequest(decodeResult: success, version: HTTP/1.1)
POST /session/2110e51d6eb213971c2be95817a2ce95/element/b73da29b-1a6e-4f5b-a6da-b3606758ffb3/element HTTP/1.1
User-Agent: selenium/4.5.3 (java mac)
Content-Length: 106
Content-Type: application/json; charset=utf-8
host: localhost:47544
accept: */*

Response DefaultHttpResponse(decodeResult: success, version: HTTP/1.1)
HTTP/1.1 200 OK
Content-Length: 88
Content-Type: application/json; charset=utf-8
cache-control: no-cache

18:20:58.772 [AsyncHttpClient-1-2] DEBUG org.asynchttpclient.netty.channel.ChannelManager - Adding key: http://localhost:47544 for channel [id: 0x15725c6d, L:/127.0.0.1:54222 - R:localhost/127.0.0.1:47544]
18:20:58.775 [Forwarding getElementText on session 2110e51d6eb213971c2be95817a2ce95 to remote] DEBUG org.asynchttpclient.netty.request.NettyRequestSender - Using pooled Channel '[id: 0x15725c6d, L:/127.0.0.1:54222 - R:localhost/127.0.0.1:47544]' for 'GET' to 'http://localhost:47544/session/2110e51d6eb213971c2be95817a2ce95/element/8526c777-7fe5-4755-9c86-20d8c6744740/text'
18:20:58.776 [Forwarding getElementText on session 2110e51d6eb213971c2be95817a2ce95 to remote] DEBUG org.asynchttpclient.netty.request.NettyRequestSender - Using open Channel [id: 0x15725c6d, L:/127.0.0.1:54222 - R:localhost/127.0.0.1:47544] for GET '/session/2110e51d6eb213971c2be95817a2ce95/element/8526c777-7fe5-4755-9c86-20d8c6744740/text'
18:20:58.806 [AsyncHttpClient-1-2] DEBUG org.asynchttpclient.netty.handler.HttpHandler - 

Request DefaultFullHttpRequest(decodeResult: success, version: HTTP/1.1, content: EmptyByteBufBE)
GET /session/2110e51d6eb213971c2be95817a2ce95/element/8526c777-7fe5-4755-9c86-20d8c6744740/text HTTP/1.1
User-Agent: selenium/4.5.3 (java mac)
Cache-Control: no-cache
Content-Type: application/json; charset=utf-8
host: localhost:47544
accept: */*

Response DefaultHttpResponse(decodeResult: success, version: HTTP/1.1)
HTTP/1.1 200 OK
Content-Length: 71
Content-Type: application/json; charset=utf-8
cache-control: no-cache

18:20:58.807 [AsyncHttpClient-1-2] DEBUG org.asynchttpclient.netty.channel.ChannelManager - Adding key: http://localhost:47544 for channel [id: 0x15725c6d, L:/127.0.0.1:54222 - R:localhost/127.0.0.1:47544]
18:20:58.810 [Forwarding findChildElement on session 2110e51d6eb213971c2be95817a2ce95 to remote] DEBUG org.asynchttpclient.netty.request.NettyRequestSender - Using pooled Channel '[id: 0x15725c6d, L:/127.0.0.1:54222 - R:localhost/127.0.0.1:47544]' for 'POST' to 'http://localhost:47544/session/2110e51d6eb213971c2be95817a2ce95/element/b73da29b-1a6e-4f5b-a6da-b3606758ffb3/element'
18:20:58.810 [Forwarding findChildElement on session 2110e51d6eb213971c2be95817a2ce95 to remote] DEBUG org.asynchttpclient.netty.request.NettyRequestSender - Using open Channel [id: 0x15725c6d, L:/127.0.0.1:54222 - R:localhost/127.0.0.1:47544] for POST '/session/2110e51d6eb213971c2be95817a2ce95/element/b73da29b-1a6e-4f5b-a6da-b3606758ffb3/element'
18:20:59.009 [AsyncHttpClient-1-1] DEBUG org.asynchttpclient.netty.channel.DefaultChannelPool - Entry count for : http://localhost:54225 : 1
18:20:59.150 [AsyncHttpClient-1-2] DEBUG org.asynchttpclient.netty.handler.HttpHandler - 

Request DefaultHttpRequest(decodeResult: success, version: HTTP/1.1)
POST /session/2110e51d6eb213971c2be95817a2ce95/element/b73da29b-1a6e-4f5b-a6da-b3606758ffb3/element HTTP/1.1
User-Agent: selenium/4.5.3 (java mac)
Content-Length: 106
Content-Type: application/json; charset=utf-8
host: localhost:47544
accept: */*

Response DefaultHttpResponse(decodeResult: success, version: HTTP/1.1)
HTTP/1.1 200 OK
Content-Length: 88
Content-Type: application/json; charset=utf-8
cache-control: no-cache

18:20:59.152 [AsyncHttpClient-1-2] DEBUG org.asynchttpclient.netty.channel.ChannelManager - Adding key: http://localhost:47544 for channel [id: 0x15725c6d, L:/127.0.0.1:54222 - R:localhost/127.0.0.1:47544]
18:20:59.154 [Forwarding getElementText on session 2110e51d6eb213971c2be95817a2ce95 to remote] DEBUG org.asynchttpclient.netty.request.NettyRequestSender - Using pooled Channel '[id: 0x15725c6d, L:/127.0.0.1:54222 - R:localhost/127.0.0.1:47544]' for 'GET' to 'http://localhost:47544/session/2110e51d6eb213971c2be95817a2ce95/element/6161af69-3763-40b4-97cc-3b84acb5a0b5/text'
18:20:59.155 [Forwarding getElementText on session 2110e51d6eb213971c2be95817a2ce95 to remote] DEBUG org.asynchttpclient.netty.request.NettyRequestSender - Using open Channel [id: 0x15725c6d, L:/127.0.0.1:54222 - R:localhost/127.0.0.1:47544] for GET '/session/2110e51d6eb213971c2be95817a2ce95/element/6161af69-3763-40b4-97cc-3b84acb5a0b5/text'
18:20:59.181 [AsyncHttpClient-1-2] DEBUG org.asynchttpclient.netty.handler.HttpHandler - 

Request DefaultFullHttpRequest(decodeResult: success, version: HTTP/1.1, content: EmptyByteBufBE)
GET /session/2110e51d6eb213971c2be95817a2ce95/element/6161af69-3763-40b4-97cc-3b84acb5a0b5/text HTTP/1.1
User-Agent: selenium/4.5.3 (java mac)
Cache-Control: no-cache
Content-Type: application/json; charset=utf-8
host: localhost:47544
accept: */*

Response DefaultHttpResponse(decodeResult: success, version: HTTP/1.1)
HTTP/1.1 200 OK
Content-Length: 19
Content-Type: application/json; charset=utf-8
cache-control: no-cache

18:20:59.181 [AsyncHttpClient-1-2] DEBUG org.asynchttpclient.netty.channel.ChannelManager - Adding key: http://localhost:47544 for channel [id: 0x15725c6d, L:/127.0.0.1:54222 - R:localhost/127.0.0.1:47544]
18:20:59.185 [Forwarding findChildElement on session 2110e51d6eb213971c2be95817a2ce95 to remote] DEBUG org.asynchttpclient.netty.request.NettyRequestSender - Using pooled Channel '[id: 0x15725c6d, L:/127.0.0.1:54222 - R:localhost/127.0.0.1:47544]' for 'POST' to 'http://localhost:47544/session/2110e51d6eb213971c2be95817a2ce95/element/6639beb4-d77f-404f-ba6a-0ff29f58f3e0/element'
18:20:59.186 [Forwarding findChildElement on session 2110e51d6eb213971c2be95817a2ce95 to remote] DEBUG org.asynchttpclient.netty.request.NettyRequestSender - Using open Channel [id: 0x15725c6d, L:/127.0.0.1:54222 - R:localhost/127.0.0.1:47544] for POST '/session/2110e51d6eb213971c2be95817a2ce95/element/6639beb4-d77f-404f-ba6a-0ff29f58f3e0/element'
18:20:59.371 [AsyncHttpClient-1-2] DEBUG org.asynchttpclient.netty.handler.HttpHandler - 

Request DefaultHttpRequest(decodeResult: success, version: HTTP/1.1)
POST /session/2110e51d6eb213971c2be95817a2ce95/element/6639beb4-d77f-404f-ba6a-0ff29f58f3e0/element HTTP/1.1
User-Agent: selenium/4.5.3 (java mac)
Content-Length: 106
Content-Type: application/json; charset=utf-8
host: localhost:47544
accept: */*

Response DefaultHttpResponse(decodeResult: success, version: HTTP/1.1)
HTTP/1.1 200 OK
Content-Length: 88
Content-Type: application/json; charset=utf-8
cache-control: no-cache

18:20:59.372 [AsyncHttpClient-1-2] DEBUG org.asynchttpclient.netty.channel.ChannelManager - Adding key: http://localhost:47544 for channel [id: 0x15725c6d, L:/127.0.0.1:54222 - R:localhost/127.0.0.1:47544]
18:20:59.374 [Forwarding getElementText on session 2110e51d6eb213971c2be95817a2ce95 to remote] DEBUG org.asynchttpclient.netty.request.NettyRequestSender - Using pooled Channel '[id: 0x15725c6d, L:/127.0.0.1:54222 - R:localhost/127.0.0.1:47544]' for 'GET' to 'http://localhost:47544/session/2110e51d6eb213971c2be95817a2ce95/element/880b0825-86a0-45c0-ba46-1f6884cd88e8/text'
18:20:59.374 [Forwarding getElementText on session 2110e51d6eb213971c2be95817a2ce95 to remote] DEBUG org.asynchttpclient.netty.request.NettyRequestSender - Using open Channel [id: 0x15725c6d, L:/127.0.0.1:54222 - R:localhost/127.0.0.1:47544] for GET '/session/2110e51d6eb213971c2be95817a2ce95/element/880b0825-86a0-45c0-ba46-1f6884cd88e8/text'
18:20:59.692 [AsyncHttpClient-1-2] DEBUG org.asynchttpclient.netty.handler.HttpHandler - 

Request DefaultFullHttpRequest(decodeResult: success, version: HTTP/1.1, content: EmptyByteBufBE)
GET /session/2110e51d6eb213971c2be95817a2ce95/element/880b0825-86a0-45c0-ba46-1f6884cd88e8/text HTTP/1.1
User-Agent: selenium/4.5.3 (java mac)
Cache-Control: no-cache
Content-Type: application/json; charset=utf-8
host: localhost:47544
accept: */*

Response DefaultHttpResponse(decodeResult: success, version: HTTP/1.1)
HTTP/1.1 200 OK
Content-Length: 88
Content-Type: application/json; charset=utf-8
cache-control: no-cache

18:20:59.692 [AsyncHttpClient-1-2] DEBUG org.asynchttpclient.netty.channel.ChannelManager - Adding key: http://localhost:47544 for channel [id: 0x15725c6d, L:/127.0.0.1:54222 - R:localhost/127.0.0.1:47544]
18:20:59.695 [Forwarding findChildElement on session 2110e51d6eb213971c2be95817a2ce95 to remote] DEBUG org.asynchttpclient.netty.request.NettyRequestSender - Using pooled Channel '[id: 0x15725c6d, L:/127.0.0.1:54222 - R:localhost/127.0.0.1:47544]' for 'POST' to 'http://localhost:47544/session/2110e51d6eb213971c2be95817a2ce95/element/6639beb4-d77f-404f-ba6a-0ff29f58f3e0/element'
18:20:59.695 [Forwarding findChildElement on session 2110e51d6eb213971c2be95817a2ce95 to remote] DEBUG org.asynchttpclient.netty.request.NettyRequestSender - Using open Channel [id: 0x15725c6d, L:/127.0.0.1:54222 - R:localhost/127.0.0.1:47544] for POST '/session/2110e51d6eb213971c2be95817a2ce95/element/6639beb4-d77f-404f-ba6a-0ff29f58f3e0/element'
18:20:59.730 [AsyncHttpClient-1-2] DEBUG org.asynchttpclient.netty.handler.HttpHandler - 

Request DefaultHttpRequest(decodeResult: success, version: HTTP/1.1)
POST /session/2110e51d6eb213971c2be95817a2ce95/element/6639beb4-d77f-404f-ba6a-0ff29f58f3e0/element HTTP/1.1
User-Agent: selenium/4.5.3 (java mac)
Content-Length: 106
Content-Type: application/json; charset=utf-8
host: localhost:47544
accept: */*

Response DefaultHttpResponse(decodeResult: success, version: HTTP/1.1)
HTTP/1.1 200 OK
Content-Length: 88
Content-Type: application/json; charset=utf-8
cache-control: no-cache

18:20:59.730 [AsyncHttpClient-1-2] DEBUG org.asynchttpclient.netty.channel.ChannelManager - Adding key: http://localhost:47544 for channel [id: 0x15725c6d, L:/127.0.0.1:54222 - R:localhost/127.0.0.1:47544]
18:20:59.732 [Forwarding getElementText on session 2110e51d6eb213971c2be95817a2ce95 to remote] DEBUG org.asynchttpclient.netty.request.NettyRequestSender - Using pooled Channel '[id: 0x15725c6d, L:/127.0.0.1:54222 - R:localhost/127.0.0.1:47544]' for 'GET' to 'http://localhost:47544/session/2110e51d6eb213971c2be95817a2ce95/element/6d9ad130-ed20-4ece-adb7-075d28e9f602/text'
18:20:59.732 [Forwarding getElementText on session 2110e51d6eb213971c2be95817a2ce95 to remote] DEBUG org.asynchttpclient.netty.request.NettyRequestSender - Using open Channel [id: 0x15725c6d, L:/127.0.0.1:54222 - R:localhost/127.0.0.1:47544] for GET '/session/2110e51d6eb213971c2be95817a2ce95/element/6d9ad130-ed20-4ece-adb7-075d28e9f602/text'
18:20:59.759 [AsyncHttpClient-1-2] DEBUG org.asynchttpclient.netty.handler.HttpHandler - 

Request DefaultFullHttpRequest(decodeResult: success, version: HTTP/1.1, content: EmptyByteBufBE)
GET /session/2110e51d6eb213971c2be95817a2ce95/element/6d9ad130-ed20-4ece-adb7-075d28e9f602/text HTTP/1.1
User-Agent: selenium/4.5.3 (java mac)
Cache-Control: no-cache
Content-Type: application/json; charset=utf-8
host: localhost:47544
accept: */*

Response DefaultHttpResponse(decodeResult: success, version: HTTP/1.1)
HTTP/1.1 200 OK
Content-Length: 19
Content-Type: application/json; charset=utf-8
cache-control: no-cache

18:20:59.759 [AsyncHttpClient-1-2] DEBUG org.asynchttpclient.netty.channel.ChannelManager - Adding key: http://localhost:47544 for channel [id: 0x15725c6d, L:/127.0.0.1:54222 - R:localhost/127.0.0.1:47544]
18:20:59.761 [Forwarding findChildElement on session 2110e51d6eb213971c2be95817a2ce95 to remote] DEBUG org.asynchttpclient.netty.request.NettyRequestSender - Using pooled Channel '[id: 0x15725c6d, L:/127.0.0.1:54222 - R:localhost/127.0.0.1:47544]' for 'POST' to 'http://localhost:47544/session/2110e51d6eb213971c2be95817a2ce95/element/342c893a-54f8-40df-acd9-c14fe95ebadd/element'
18:20:59.762 [Forwarding findChildElement on session 2110e51d6eb213971c2be95817a2ce95 to remote] DEBUG org.asynchttpclient.netty.request.NettyRequestSender - Using open Channel [id: 0x15725c6d, L:/127.0.0.1:54222 - R:localhost/127.0.0.1:47544] for POST '/session/2110e51d6eb213971c2be95817a2ce95/element/342c893a-54f8-40df-acd9-c14fe95ebadd/element'
18:21:00.099 [AsyncHttpClient-1-2] DEBUG org.asynchttpclient.netty.handler.HttpHandler - 

Request DefaultHttpRequest(decodeResult: success, version: HTTP/1.1)
POST /session/2110e51d6eb213971c2be95817a2ce95/element/342c893a-54f8-40df-acd9-c14fe95ebadd/element HTTP/1.1
User-Agent: selenium/4.5.3 (java mac)
Content-Length: 106
Content-Type: application/json; charset=utf-8
host: localhost:47544
accept: */*

Response DefaultHttpResponse(decodeResult: success, version: HTTP/1.1)
HTTP/1.1 200 OK
Content-Length: 88
Content-Type: application/json; charset=utf-8
cache-control: no-cache

18:21:00.099 [AsyncHttpClient-1-2] DEBUG org.asynchttpclient.netty.channel.ChannelManager - Adding key: http://localhost:47544 for channel [id: 0x15725c6d, L:/127.0.0.1:54222 - R:localhost/127.0.0.1:47544]
18:21:00.101 [Forwarding getElementText on session 2110e51d6eb213971c2be95817a2ce95 to remote] DEBUG org.asynchttpclient.netty.request.NettyRequestSender - Using pooled Channel '[id: 0x15725c6d, L:/127.0.0.1:54222 - R:localhost/127.0.0.1:47544]' for 'GET' to 'http://localhost:47544/session/2110e51d6eb213971c2be95817a2ce95/element/eaf0991d-152d-4d61-9413-cb0306977702/text'
18:21:00.102 [Forwarding getElementText on session 2110e51d6eb213971c2be95817a2ce95 to remote] DEBUG org.asynchttpclient.netty.request.NettyRequestSender - Using open Channel [id: 0x15725c6d, L:/127.0.0.1:54222 - R:localhost/127.0.0.1:47544] for GET '/session/2110e51d6eb213971c2be95817a2ce95/element/eaf0991d-152d-4d61-9413-cb0306977702/text'
18:21:00.111 [AsyncHttpClient-1-1] DEBUG org.asynchttpclient.netty.channel.DefaultChannelPool - Entry count for : http://localhost:54225 : 1
18:21:00.158 [AsyncHttpClient-1-2] DEBUG org.asynchttpclient.netty.handler.HttpHandler - 

Request DefaultFullHttpRequest(decodeResult: success, version: HTTP/1.1, content: EmptyByteBufBE)
GET /session/2110e51d6eb213971c2be95817a2ce95/element/eaf0991d-152d-4d61-9413-cb0306977702/text HTTP/1.1
User-Agent: selenium/4.5.3 (java mac)
Cache-Control: no-cache
Content-Type: application/json; charset=utf-8
host: localhost:47544
accept: */*

Response DefaultHttpResponse(decodeResult: success, version: HTTP/1.1)
HTTP/1.1 200 OK
Content-Length: 59
Content-Type: application/json; charset=utf-8
cache-control: no-cache

18:21:00.158 [AsyncHttpClient-1-2] DEBUG org.asynchttpclient.netty.channel.ChannelManager - Adding key: http://localhost:47544 for channel [id: 0x15725c6d, L:/127.0.0.1:54222 - R:localhost/127.0.0.1:47544]
18:21:00.161 [Forwarding findChildElement on session 2110e51d6eb213971c2be95817a2ce95 to remote] DEBUG org.asynchttpclient.netty.request.NettyRequestSender - Using pooled Channel '[id: 0x15725c6d, L:/127.0.0.1:54222 - R:localhost/127.0.0.1:47544]' for 'POST' to 'http://localhost:47544/session/2110e51d6eb213971c2be95817a2ce95/element/342c893a-54f8-40df-acd9-c14fe95ebadd/element'
18:21:00.161 [Forwarding findChildElement on session 2110e51d6eb213971c2be95817a2ce95 to remote] DEBUG org.asynchttpclient.netty.request.NettyRequestSender - Using open Channel [id: 0x15725c6d, L:/127.0.0.1:54222 - R:localhost/127.0.0.1:47544] for POST '/session/2110e51d6eb213971c2be95817a2ce95/element/342c893a-54f8-40df-acd9-c14fe95ebadd/element'
18:21:00.175 [AsyncHttpClient-1-2] DEBUG org.asynchttpclient.netty.handler.HttpHandler - 

Request DefaultHttpRequest(decodeResult: success, version: HTTP/1.1)
POST /session/2110e51d6eb213971c2be95817a2ce95/element/342c893a-54f8-40df-acd9-c14fe95ebadd/element HTTP/1.1
User-Agent: selenium/4.5.3 (java mac)
Content-Length: 106
Content-Type: application/json; charset=utf-8
host: localhost:47544
accept: */*

Response DefaultHttpResponse(decodeResult: success, version: HTTP/1.1)
HTTP/1.1 200 OK
Content-Length: 88
Content-Type: application/json; charset=utf-8
cache-control: no-cache

18:21:00.175 [AsyncHttpClient-1-2] DEBUG org.asynchttpclient.netty.channel.ChannelManager - Adding key: http://localhost:47544 for channel [id: 0x15725c6d, L:/127.0.0.1:54222 - R:localhost/127.0.0.1:47544]
18:21:00.178 [Forwarding getElementText on session 2110e51d6eb213971c2be95817a2ce95 to remote] DEBUG org.asynchttpclient.netty.request.NettyRequestSender - Using pooled Channel '[id: 0x15725c6d, L:/127.0.0.1:54222 - R:localhost/127.0.0.1:47544]' for 'GET' to 'http://localhost:47544/session/2110e51d6eb213971c2be95817a2ce95/element/9f274ab9-dd06-4d76-9377-e0956464b0aa/text'
18:21:00.179 [Forwarding getElementText on session 2110e51d6eb213971c2be95817a2ce95 to remote] DEBUG org.asynchttpclient.netty.request.NettyRequestSender - Using open Channel [id: 0x15725c6d, L:/127.0.0.1:54222 - R:localhost/127.0.0.1:47544] for GET '/session/2110e51d6eb213971c2be95817a2ce95/element/9f274ab9-dd06-4d76-9377-e0956464b0aa/text'
18:21:00.447 [AsyncHttpClient-1-2] DEBUG org.asynchttpclient.netty.handler.HttpHandler - 

Request DefaultFullHttpRequest(decodeResult: success, version: HTTP/1.1, content: EmptyByteBufBE)
GET /session/2110e51d6eb213971c2be95817a2ce95/element/9f274ab9-dd06-4d76-9377-e0956464b0aa/text HTTP/1.1
User-Agent: selenium/4.5.3 (java mac)
Cache-Control: no-cache
Content-Type: application/json; charset=utf-8
host: localhost:47544
accept: */*

Response DefaultHttpResponse(decodeResult: success, version: HTTP/1.1)
HTTP/1.1 200 OK
Content-Length: 19
Content-Type: application/json; charset=utf-8
cache-control: no-cache

18:21:00.448 [AsyncHttpClient-1-2] DEBUG org.asynchttpclient.netty.channel.ChannelManager - Adding key: http://localhost:47544 for channel [id: 0x15725c6d, L:/127.0.0.1:54222 - R:localhost/127.0.0.1:47544]
18:21:00.450 [Forwarding findChildElement on session 2110e51d6eb213971c2be95817a2ce95 to remote] DEBUG org.asynchttpclient.netty.request.NettyRequestSender - Using pooled Channel '[id: 0x15725c6d, L:/127.0.0.1:54222 - R:localhost/127.0.0.1:47544]' for 'POST' to 'http://localhost:47544/session/2110e51d6eb213971c2be95817a2ce95/element/1e1bfa73-e0f2-4e2e-9953-7aca64a82936/element'
18:21:00.451 [Forwarding findChildElement on session 2110e51d6eb213971c2be95817a2ce95 to remote] DEBUG org.asynchttpclient.netty.request.NettyRequestSender - Using open Channel [id: 0x15725c6d, L:/127.0.0.1:54222 - R:localhost/127.0.0.1:47544] for POST '/session/2110e51d6eb213971c2be95817a2ce95/element/1e1bfa73-e0f2-4e2e-9953-7aca64a82936/element'
18:21:00.465 [AsyncHttpClient-1-2] DEBUG org.asynchttpclient.netty.handler.HttpHandler - 

Request DefaultHttpRequest(decodeResult: success, version: HTTP/1.1)
POST /session/2110e51d6eb213971c2be95817a2ce95/element/1e1bfa73-e0f2-4e2e-9953-7aca64a82936/element HTTP/1.1
User-Agent: selenium/4.5.3 (java mac)
Content-Length: 106
Content-Type: application/json; charset=utf-8
host: localhost:47544
accept: */*

Response DefaultHttpResponse(decodeResult: success, version: HTTP/1.1)
HTTP/1.1 200 OK
Content-Length: 88
Content-Type: application/json; charset=utf-8
cache-control: no-cache

18:21:00.465 [AsyncHttpClient-1-2] DEBUG org.asynchttpclient.netty.channel.ChannelManager - Adding key: http://localhost:47544 for channel [id: 0x15725c6d, L:/127.0.0.1:54222 - R:localhost/127.0.0.1:47544]
18:21:00.467 [Forwarding getElementText on session 2110e51d6eb213971c2be95817a2ce95 to remote] DEBUG org.asynchttpclient.netty.request.NettyRequestSender - Using pooled Channel '[id: 0x15725c6d, L:/127.0.0.1:54222 - R:localhost/127.0.0.1:47544]' for 'GET' to 'http://localhost:47544/session/2110e51d6eb213971c2be95817a2ce95/element/8673a78a-9f96-4444-8ae0-535380c1d2b3/text'
18:21:00.467 [Forwarding getElementText on session 2110e51d6eb213971c2be95817a2ce95 to remote] DEBUG org.asynchttpclient.netty.request.NettyRequestSender - Using open Channel [id: 0x15725c6d, L:/127.0.0.1:54222 - R:localhost/127.0.0.1:47544] for GET '/session/2110e51d6eb213971c2be95817a2ce95/element/8673a78a-9f96-4444-8ae0-535380c1d2b3/text'
18:21:00.483 [AsyncHttpClient-1-2] DEBUG org.asynchttpclient.netty.handler.HttpHandler - 

Request DefaultFullHttpRequest(decodeResult: success, version: HTTP/1.1, content: EmptyByteBufBE)
GET /session/2110e51d6eb213971c2be95817a2ce95/element/8673a78a-9f96-4444-8ae0-535380c1d2b3/text HTTP/1.1
User-Agent: selenium/4.5.3 (java mac)
Cache-Control: no-cache
Content-Type: application/json; charset=utf-8
host: localhost:47544
accept: */*

Response DefaultHttpResponse(decodeResult: success, version: HTTP/1.1)
HTTP/1.1 200 OK
Content-Length: 64
Content-Type: application/json; charset=utf-8
cache-control: no-cache

18:21:00.483 [AsyncHttpClient-1-2] DEBUG org.asynchttpclient.netty.channel.ChannelManager - Adding key: http://localhost:47544 for channel [id: 0x15725c6d, L:/127.0.0.1:54222 - R:localhost/127.0.0.1:47544]
18:21:00.486 [Forwarding findChildElement on session 2110e51d6eb213971c2be95817a2ce95 to remote] DEBUG org.asynchttpclient.netty.request.NettyRequestSender - Using pooled Channel '[id: 0x15725c6d, L:/127.0.0.1:54222 - R:localhost/127.0.0.1:47544]' for 'POST' to 'http://localhost:47544/session/2110e51d6eb213971c2be95817a2ce95/element/1e1bfa73-e0f2-4e2e-9953-7aca64a82936/element'
18:21:00.486 [Forwarding findChildElement on session 2110e51d6eb213971c2be95817a2ce95 to remote] DEBUG org.asynchttpclient.netty.request.NettyRequestSender - Using open Channel [id: 0x15725c6d, L:/127.0.0.1:54222 - R:localhost/127.0.0.1:47544] for POST '/session/2110e51d6eb213971c2be95817a2ce95/element/1e1bfa73-e0f2-4e2e-9953-7aca64a82936/element'
18:21:00.500 [AsyncHttpClient-1-2] DEBUG org.asynchttpclient.netty.handler.HttpHandler - 

Request DefaultHttpRequest(decodeResult: success, version: HTTP/1.1)
POST /session/2110e51d6eb213971c2be95817a2ce95/element/1e1bfa73-e0f2-4e2e-9953-7aca64a82936/element HTTP/1.1
User-Agent: selenium/4.5.3 (java mac)
Content-Length: 106
Content-Type: application/json; charset=utf-8
host: localhost:47544
accept: */*

Response DefaultHttpResponse(decodeResult: success, version: HTTP/1.1)
HTTP/1.1 200 OK
Content-Length: 88
Content-Type: application/json; charset=utf-8
cache-control: no-cache

18:21:00.500 [AsyncHttpClient-1-2] DEBUG org.asynchttpclient.netty.channel.ChannelManager - Adding key: http://localhost:47544 for channel [id: 0x15725c6d, L:/127.0.0.1:54222 - R:localhost/127.0.0.1:47544]
18:21:00.502 [Forwarding getElementText on session 2110e51d6eb213971c2be95817a2ce95 to remote] DEBUG org.asynchttpclient.netty.request.NettyRequestSender - Using pooled Channel '[id: 0x15725c6d, L:/127.0.0.1:54222 - R:localhost/127.0.0.1:47544]' for 'GET' to 'http://localhost:47544/session/2110e51d6eb213971c2be95817a2ce95/element/dccc8e11-7a18-4e83-9e33-da8f83d69812/text'
18:21:00.502 [Forwarding getElementText on session 2110e51d6eb213971c2be95817a2ce95 to remote] DEBUG org.asynchttpclient.netty.request.NettyRequestSender - Using open Channel [id: 0x15725c6d, L:/127.0.0.1:54222 - R:localhost/127.0.0.1:47544] for GET '/session/2110e51d6eb213971c2be95817a2ce95/element/dccc8e11-7a18-4e83-9e33-da8f83d69812/text'
18:21:00.518 [AsyncHttpClient-1-2] DEBUG org.asynchttpclient.netty.handler.HttpHandler - 

Request DefaultFullHttpRequest(decodeResult: success, version: HTTP/1.1, content: EmptyByteBufBE)
GET /session/2110e51d6eb213971c2be95817a2ce95/element/dccc8e11-7a18-4e83-9e33-da8f83d69812/text HTTP/1.1
User-Agent: selenium/4.5.3 (java mac)
Cache-Control: no-cache
Content-Type: application/json; charset=utf-8
host: localhost:47544
accept: */*

Response DefaultHttpResponse(decodeResult: success, version: HTTP/1.1)
HTTP/1.1 200 OK
Content-Length: 19
Content-Type: application/json; charset=utf-8
cache-control: no-cache

18:21:00.519 [AsyncHttpClient-1-2] DEBUG org.asynchttpclient.netty.channel.ChannelManager - Adding key: http://localhost:47544 for channel [id: 0x15725c6d, L:/127.0.0.1:54222 - R:localhost/127.0.0.1:47544]
18:21:00.520 [Forwarding findChildElement on session 2110e51d6eb213971c2be95817a2ce95 to remote] DEBUG org.asynchttpclient.netty.request.NettyRequestSender - Using pooled Channel '[id: 0x15725c6d, L:/127.0.0.1:54222 - R:localhost/127.0.0.1:47544]' for 'POST' to 'http://localhost:47544/session/2110e51d6eb213971c2be95817a2ce95/element/9cc0939f-1313-4da2-8697-33964e657cf4/element'
18:21:00.521 [Forwarding findChildElement on session 2110e51d6eb213971c2be95817a2ce95 to remote] DEBUG org.asynchttpclient.netty.request.NettyRequestSender - Using open Channel [id: 0x15725c6d, L:/127.0.0.1:54222 - R:localhost/127.0.0.1:47544] for POST '/session/2110e51d6eb213971c2be95817a2ce95/element/9cc0939f-1313-4da2-8697-33964e657cf4/element'
18:21:00.533 [AsyncHttpClient-1-2] DEBUG org.asynchttpclient.netty.handler.HttpHandler - 

Request DefaultHttpRequest(decodeResult: success, version: HTTP/1.1)
POST /session/2110e51d6eb213971c2be95817a2ce95/element/9cc0939f-1313-4da2-8697-33964e657cf4/element HTTP/1.1
User-Agent: selenium/4.5.3 (java mac)
Content-Length: 106
Content-Type: application/json; charset=utf-8
host: localhost:47544
accept: */*

Response DefaultHttpResponse(decodeResult: success, version: HTTP/1.1)
HTTP/1.1 200 OK
Content-Length: 88
Content-Type: application/json; charset=utf-8
cache-control: no-cache

18:21:00.534 [AsyncHttpClient-1-2] DEBUG org.asynchttpclient.netty.channel.ChannelManager - Adding key: http://localhost:47544 for channel [id: 0x15725c6d, L:/127.0.0.1:54222 - R:localhost/127.0.0.1:47544]
18:21:00.536 [Forwarding getElementText on session 2110e51d6eb213971c2be95817a2ce95 to remote] DEBUG org.asynchttpclient.netty.request.NettyRequestSender - Using pooled Channel '[id: 0x15725c6d, L:/127.0.0.1:54222 - R:localhost/127.0.0.1:47544]' for 'GET' to 'http://localhost:47544/session/2110e51d6eb213971c2be95817a2ce95/element/754a9af8-bfe4-4c2d-9f2a-d81cd16967b8/text'
18:21:00.536 [Forwarding getElementText on session 2110e51d6eb213971c2be95817a2ce95 to remote] DEBUG org.asynchttpclient.netty.request.NettyRequestSender - Using open Channel [id: 0x15725c6d, L:/127.0.0.1:54222 - R:localhost/127.0.0.1:47544] for GET '/session/2110e51d6eb213971c2be95817a2ce95/element/754a9af8-bfe4-4c2d-9f2a-d81cd16967b8/text'
18:21:00.556 [AsyncHttpClient-1-2] DEBUG org.asynchttpclient.netty.handler.HttpHandler - 

Request DefaultFullHttpRequest(decodeResult: success, version: HTTP/1.1, content: EmptyByteBufBE)
GET /session/2110e51d6eb213971c2be95817a2ce95/element/754a9af8-bfe4-4c2d-9f2a-d81cd16967b8/text HTTP/1.1
User-Agent: selenium/4.5.3 (java mac)
Cache-Control: no-cache
Content-Type: application/json; charset=utf-8
host: localhost:47544
accept: */*

Response DefaultHttpResponse(decodeResult: success, version: HTTP/1.1)
HTTP/1.1 200 OK
Content-Length: 81
Content-Type: application/json; charset=utf-8
cache-control: no-cache

18:21:00.556 [AsyncHttpClient-1-2] DEBUG org.asynchttpclient.netty.channel.ChannelManager - Adding key: http://localhost:47544 for channel [id: 0x15725c6d, L:/127.0.0.1:54222 - R:localhost/127.0.0.1:47544]
18:21:00.558 [Forwarding findChildElement on session 2110e51d6eb213971c2be95817a2ce95 to remote] DEBUG org.asynchttpclient.netty.request.NettyRequestSender - Using pooled Channel '[id: 0x15725c6d, L:/127.0.0.1:54222 - R:localhost/127.0.0.1:47544]' for 'POST' to 'http://localhost:47544/session/2110e51d6eb213971c2be95817a2ce95/element/9cc0939f-1313-4da2-8697-33964e657cf4/element'
18:21:00.558 [Forwarding findChildElement on session 2110e51d6eb213971c2be95817a2ce95 to remote] DEBUG org.asynchttpclient.netty.request.NettyRequestSender - Using open Channel [id: 0x15725c6d, L:/127.0.0.1:54222 - R:localhost/127.0.0.1:47544] for POST '/session/2110e51d6eb213971c2be95817a2ce95/element/9cc0939f-1313-4da2-8697-33964e657cf4/element'
18:21:00.824 [AsyncHttpClient-1-2] DEBUG org.asynchttpclient.netty.handler.HttpHandler - 

Request DefaultHttpRequest(decodeResult: success, version: HTTP/1.1)
POST /session/2110e51d6eb213971c2be95817a2ce95/element/9cc0939f-1313-4da2-8697-33964e657cf4/element HTTP/1.1
User-Agent: selenium/4.5.3 (java mac)
Content-Length: 106
Content-Type: application/json; charset=utf-8
host: localhost:47544
accept: */*

Response DefaultHttpResponse(decodeResult: success, version: HTTP/1.1)
HTTP/1.1 200 OK
Content-Length: 88
Content-Type: application/json; charset=utf-8
cache-control: no-cache

18:21:00.824 [AsyncHttpClient-1-2] DEBUG org.asynchttpclient.netty.channel.ChannelManager - Adding key: http://localhost:47544 for channel [id: 0x15725c6d, L:/127.0.0.1:54222 - R:localhost/127.0.0.1:47544]
18:21:00.826 [Forwarding getElementText on session 2110e51d6eb213971c2be95817a2ce95 to remote] DEBUG org.asynchttpclient.netty.request.NettyRequestSender - Using pooled Channel '[id: 0x15725c6d, L:/127.0.0.1:54222 - R:localhost/127.0.0.1:47544]' for 'GET' to 'http://localhost:47544/session/2110e51d6eb213971c2be95817a2ce95/element/10b24f7c-b8ec-4278-818f-ee2f787bd5eb/text'
18:21:00.826 [Forwarding getElementText on session 2110e51d6eb213971c2be95817a2ce95 to remote] DEBUG org.asynchttpclient.netty.request.NettyRequestSender - Using open Channel [id: 0x15725c6d, L:/127.0.0.1:54222 - R:localhost/127.0.0.1:47544] for GET '/session/2110e51d6eb213971c2be95817a2ce95/element/10b24f7c-b8ec-4278-818f-ee2f787bd5eb/text'
18:21:00.854 [AsyncHttpClient-1-2] DEBUG org.asynchttpclient.netty.handler.HttpHandler - 

Request DefaultFullHttpRequest(decodeResult: success, version: HTTP/1.1, content: EmptyByteBufBE)
GET /session/2110e51d6eb213971c2be95817a2ce95/element/10b24f7c-b8ec-4278-818f-ee2f787bd5eb/text HTTP/1.1
User-Agent: selenium/4.5.3 (java mac)
Cache-Control: no-cache
Content-Type: application/json; charset=utf-8
host: localhost:47544
accept: */*

Response DefaultHttpResponse(decodeResult: success, version: HTTP/1.1)
HTTP/1.1 200 OK
Content-Length: 30
Content-Type: application/json; charset=utf-8
cache-control: no-cache

18:21:00.855 [AsyncHttpClient-1-2] DEBUG org.asynchttpclient.netty.channel.ChannelManager - Adding key: http://localhost:47544 for channel [id: 0x15725c6d, L:/127.0.0.1:54222 - R:localhost/127.0.0.1:47544]
18:21:00.858 [Forwarding findChildElement on session 2110e51d6eb213971c2be95817a2ce95 to remote] DEBUG org.asynchttpclient.netty.request.NettyRequestSender - Using pooled Channel '[id: 0x15725c6d, L:/127.0.0.1:54222 - R:localhost/127.0.0.1:47544]' for 'POST' to 'http://localhost:47544/session/2110e51d6eb213971c2be95817a2ce95/element/30a0faa4-4b2c-495f-b0cc-953a8cd490c5/element'
18:21:00.858 [Forwarding findChildElement on session 2110e51d6eb213971c2be95817a2ce95 to remote] DEBUG org.asynchttpclient.netty.request.NettyRequestSender - Using open Channel [id: 0x15725c6d, L:/127.0.0.1:54222 - R:localhost/127.0.0.1:47544] for POST '/session/2110e51d6eb213971c2be95817a2ce95/element/30a0faa4-4b2c-495f-b0cc-953a8cd490c5/element'
18:21:00.870 [AsyncHttpClient-1-2] DEBUG org.asynchttpclient.netty.handler.HttpHandler - 

Request DefaultHttpRequest(decodeResult: success, version: HTTP/1.1)
POST /session/2110e51d6eb213971c2be95817a2ce95/element/30a0faa4-4b2c-495f-b0cc-953a8cd490c5/element HTTP/1.1
User-Agent: selenium/4.5.3 (java mac)
Content-Length: 106
Content-Type: application/json; charset=utf-8
host: localhost:47544
accept: */*

Response DefaultHttpResponse(decodeResult: success, version: HTTP/1.1)
HTTP/1.1 200 OK
Content-Length: 88
Content-Type: application/json; charset=utf-8
cache-control: no-cache

18:21:00.871 [AsyncHttpClient-1-2] DEBUG org.asynchttpclient.netty.channel.ChannelManager - Adding key: http://localhost:47544 for channel [id: 0x15725c6d, L:/127.0.0.1:54222 - R:localhost/127.0.0.1:47544]
18:21:00.875 [Forwarding getElementText on session 2110e51d6eb213971c2be95817a2ce95 to remote] DEBUG org.asynchttpclient.netty.request.NettyRequestSender - Using pooled Channel '[id: 0x15725c6d, L:/127.0.0.1:54222 - R:localhost/127.0.0.1:47544]' for 'GET' to 'http://localhost:47544/session/2110e51d6eb213971c2be95817a2ce95/element/ebf83c00-3d21-4002-9c1d-90ff037c3dd5/text'
18:21:00.875 [Forwarding getElementText on session 2110e51d6eb213971c2be95817a2ce95 to remote] DEBUG org.asynchttpclient.netty.request.NettyRequestSender - Using open Channel [id: 0x15725c6d, L:/127.0.0.1:54222 - R:localhost/127.0.0.1:47544] for GET '/session/2110e51d6eb213971c2be95817a2ce95/element/ebf83c00-3d21-4002-9c1d-90ff037c3dd5/text'
18:21:00.898 [AsyncHttpClient-1-2] DEBUG org.asynchttpclient.netty.handler.HttpHandler - 

Request DefaultFullHttpRequest(decodeResult: success, version: HTTP/1.1, content: EmptyByteBufBE)
GET /session/2110e51d6eb213971c2be95817a2ce95/element/ebf83c00-3d21-4002-9c1d-90ff037c3dd5/text HTTP/1.1
User-Agent: selenium/4.5.3 (java mac)
Cache-Control: no-cache
Content-Type: application/json; charset=utf-8
host: localhost:47544
accept: */*

Response DefaultHttpResponse(decodeResult: success, version: HTTP/1.1)
HTTP/1.1 200 OK
Content-Length: 64
Content-Type: application/json; charset=utf-8
cache-control: no-cache

18:21:00.898 [AsyncHttpClient-1-2] DEBUG org.asynchttpclient.netty.channel.ChannelManager - Adding key: http://localhost:47544 for channel [id: 0x15725c6d, L:/127.0.0.1:54222 - R:localhost/127.0.0.1:47544]
18:21:00.901 [Forwarding findChildElement on session 2110e51d6eb213971c2be95817a2ce95 to remote] DEBUG org.asynchttpclient.netty.request.NettyRequestSender - Using pooled Channel '[id: 0x15725c6d, L:/127.0.0.1:54222 - R:localhost/127.0.0.1:47544]' for 'POST' to 'http://localhost:47544/session/2110e51d6eb213971c2be95817a2ce95/element/30a0faa4-4b2c-495f-b0cc-953a8cd490c5/element'
18:21:00.901 [Forwarding findChildElement on session 2110e51d6eb213971c2be95817a2ce95 to remote] DEBUG org.asynchttpclient.netty.request.NettyRequestSender - Using open Channel [id: 0x15725c6d, L:/127.0.0.1:54222 - R:localhost/127.0.0.1:47544] for POST '/session/2110e51d6eb213971c2be95817a2ce95/element/30a0faa4-4b2c-495f-b0cc-953a8cd490c5/element'
18:21:00.914 [AsyncHttpClient-1-2] DEBUG org.asynchttpclient.netty.handler.HttpHandler - 

Request DefaultHttpRequest(decodeResult: success, version: HTTP/1.1)
POST /session/2110e51d6eb213971c2be95817a2ce95/element/30a0faa4-4b2c-495f-b0cc-953a8cd490c5/element HTTP/1.1
User-Agent: selenium/4.5.3 (java mac)
Content-Length: 106
Content-Type: application/json; charset=utf-8
host: localhost:47544
accept: */*

Response DefaultHttpResponse(decodeResult: success, version: HTTP/1.1)
HTTP/1.1 200 OK
Content-Length: 88
Content-Type: application/json; charset=utf-8
cache-control: no-cache

18:21:00.914 [AsyncHttpClient-1-2] DEBUG org.asynchttpclient.netty.channel.ChannelManager - Adding key: http://localhost:47544 for channel [id: 0x15725c6d, L:/127.0.0.1:54222 - R:localhost/127.0.0.1:47544]
18:21:00.916 [Forwarding getElementText on session 2110e51d6eb213971c2be95817a2ce95 to remote] DEBUG org.asynchttpclient.netty.request.NettyRequestSender - Using pooled Channel '[id: 0x15725c6d, L:/127.0.0.1:54222 - R:localhost/127.0.0.1:47544]' for 'GET' to 'http://localhost:47544/session/2110e51d6eb213971c2be95817a2ce95/element/ebc9efec-d204-4916-867e-7ac8c2a52996/text'
18:21:00.916 [Forwarding getElementText on session 2110e51d6eb213971c2be95817a2ce95 to remote] DEBUG org.asynchttpclient.netty.request.NettyRequestSender - Using open Channel [id: 0x15725c6d, L:/127.0.0.1:54222 - R:localhost/127.0.0.1:47544] for GET '/session/2110e51d6eb213971c2be95817a2ce95/element/ebc9efec-d204-4916-867e-7ac8c2a52996/text'
18:21:00.942 [AsyncHttpClient-1-2] DEBUG org.asynchttpclient.netty.handler.HttpHandler - 

Request DefaultFullHttpRequest(decodeResult: success, version: HTTP/1.1, content: EmptyByteBufBE)
GET /session/2110e51d6eb213971c2be95817a2ce95/element/ebc9efec-d204-4916-867e-7ac8c2a52996/text HTTP/1.1
User-Agent: selenium/4.5.3 (java mac)
Cache-Control: no-cache
Content-Type: application/json; charset=utf-8
host: localhost:47544
accept: */*

Response DefaultHttpResponse(decodeResult: success, version: HTTP/1.1)
HTTP/1.1 200 OK
Content-Length: 19
Content-Type: application/json; charset=utf-8
cache-control: no-cache

18:21:00.942 [AsyncHttpClient-1-2] DEBUG org.asynchttpclient.netty.channel.ChannelManager - Adding key: http://localhost:47544 for channel [id: 0x15725c6d, L:/127.0.0.1:54222 - R:localhost/127.0.0.1:47544]
18:21:00.945 [Forwarding findChildElement on session 2110e51d6eb213971c2be95817a2ce95 to remote] DEBUG org.asynchttpclient.netty.request.NettyRequestSender - Using pooled Channel '[id: 0x15725c6d, L:/127.0.0.1:54222 - R:localhost/127.0.0.1:47544]' for 'POST' to 'http://localhost:47544/session/2110e51d6eb213971c2be95817a2ce95/element/517a458c-cc6b-4adc-abf2-7ecfbcd642be/element'
18:21:00.945 [Forwarding findChildElement on session 2110e51d6eb213971c2be95817a2ce95 to remote] DEBUG org.asynchttpclient.netty.request.NettyRequestSender - Using open Channel [id: 0x15725c6d, L:/127.0.0.1:54222 - R:localhost/127.0.0.1:47544] for POST '/session/2110e51d6eb213971c2be95817a2ce95/element/517a458c-cc6b-4adc-abf2-7ecfbcd642be/element'
18:21:01.134 [AsyncHttpClient-1-2] DEBUG org.asynchttpclient.netty.handler.HttpHandler - 

Request DefaultHttpRequest(decodeResult: success, version: HTTP/1.1)
POST /session/2110e51d6eb213971c2be95817a2ce95/element/517a458c-cc6b-4adc-abf2-7ecfbcd642be/element HTTP/1.1
User-Agent: selenium/4.5.3 (java mac)
Content-Length: 106
Content-Type: application/json; charset=utf-8
host: localhost:47544
accept: */*

Response DefaultHttpResponse(decodeResult: success, version: HTTP/1.1)
HTTP/1.1 200 OK
Content-Length: 88
Content-Type: application/json; charset=utf-8
cache-control: no-cache

18:21:01.135 [AsyncHttpClient-1-2] DEBUG org.asynchttpclient.netty.channel.ChannelManager - Adding key: http://localhost:47544 for channel [id: 0x15725c6d, L:/127.0.0.1:54222 - R:localhost/127.0.0.1:47544]
18:21:01.136 [Forwarding getElementText on session 2110e51d6eb213971c2be95817a2ce95 to remote] DEBUG org.asynchttpclient.netty.request.NettyRequestSender - Using pooled Channel '[id: 0x15725c6d, L:/127.0.0.1:54222 - R:localhost/127.0.0.1:47544]' for 'GET' to 'http://localhost:47544/session/2110e51d6eb213971c2be95817a2ce95/element/2f15c204-791d-4635-85e5-75edf32fa59d/text'
18:21:01.136 [Forwarding getElementText on session 2110e51d6eb213971c2be95817a2ce95 to remote] DEBUG org.asynchttpclient.netty.request.NettyRequestSender - Using open Channel [id: 0x15725c6d, L:/127.0.0.1:54222 - R:localhost/127.0.0.1:47544] for GET '/session/2110e51d6eb213971c2be95817a2ce95/element/2f15c204-791d-4635-85e5-75edf32fa59d/text'
18:21:01.184 [AsyncHttpClient-1-2] DEBUG org.asynchttpclient.netty.handler.HttpHandler - 

Request DefaultFullHttpRequest(decodeResult: success, version: HTTP/1.1, content: EmptyByteBufBE)
GET /session/2110e51d6eb213971c2be95817a2ce95/element/2f15c204-791d-4635-85e5-75edf32fa59d/text HTTP/1.1
User-Agent: selenium/4.5.3 (java mac)
Cache-Control: no-cache
Content-Type: application/json; charset=utf-8
host: localhost:47544
accept: */*

Response DefaultHttpResponse(decodeResult: success, version: HTTP/1.1)
HTTP/1.1 200 OK
Content-Length: 75
Content-Type: application/json; charset=utf-8
cache-control: no-cache

18:21:01.184 [AsyncHttpClient-1-2] DEBUG org.asynchttpclient.netty.channel.ChannelManager - Adding key: http://localhost:47544 for channel [id: 0x15725c6d, L:/127.0.0.1:54222 - R:localhost/127.0.0.1:47544]
18:21:01.187 [Forwarding findChildElement on session 2110e51d6eb213971c2be95817a2ce95 to remote] DEBUG org.asynchttpclient.netty.request.NettyRequestSender - Using pooled Channel '[id: 0x15725c6d, L:/127.0.0.1:54222 - R:localhost/127.0.0.1:47544]' for 'POST' to 'http://localhost:47544/session/2110e51d6eb213971c2be95817a2ce95/element/517a458c-cc6b-4adc-abf2-7ecfbcd642be/element'
18:21:01.187 [Forwarding findChildElement on session 2110e51d6eb213971c2be95817a2ce95 to remote] DEBUG org.asynchttpclient.netty.request.NettyRequestSender - Using open Channel [id: 0x15725c6d, L:/127.0.0.1:54222 - R:localhost/127.0.0.1:47544] for POST '/session/2110e51d6eb213971c2be95817a2ce95/element/517a458c-cc6b-4adc-abf2-7ecfbcd642be/element'
18:21:01.209 [AsyncHttpClient-1-1] DEBUG org.asynchttpclient.netty.channel.DefaultChannelPool - Entry count for : http://localhost:54225 : 1
18:21:01.334 [AsyncHttpClient-1-2] DEBUG org.asynchttpclient.netty.handler.HttpHandler - 

Request DefaultHttpRequest(decodeResult: success, version: HTTP/1.1)
POST /session/2110e51d6eb213971c2be95817a2ce95/element/517a458c-cc6b-4adc-abf2-7ecfbcd642be/element HTTP/1.1
User-Agent: selenium/4.5.3 (java mac)
Content-Length: 106
Content-Type: application/json; charset=utf-8
host: localhost:47544
accept: */*

Response DefaultHttpResponse(decodeResult: success, version: HTTP/1.1)
HTTP/1.1 200 OK
Content-Length: 88
Content-Type: application/json; charset=utf-8
cache-control: no-cache

18:21:01.334 [AsyncHttpClient-1-2] DEBUG org.asynchttpclient.netty.channel.ChannelManager - Adding key: http://localhost:47544 for channel [id: 0x15725c6d, L:/127.0.0.1:54222 - R:localhost/127.0.0.1:47544]
18:21:01.336 [Forwarding getElementText on session 2110e51d6eb213971c2be95817a2ce95 to remote] DEBUG org.asynchttpclient.netty.request.NettyRequestSender - Using pooled Channel '[id: 0x15725c6d, L:/127.0.0.1:54222 - R:localhost/127.0.0.1:47544]' for 'GET' to 'http://localhost:47544/session/2110e51d6eb213971c2be95817a2ce95/element/c2259974-7d8f-4461-8453-badfc5e40aac/text'
18:21:01.337 [Forwarding getElementText on session 2110e51d6eb213971c2be95817a2ce95 to remote] DEBUG org.asynchttpclient.netty.request.NettyRequestSender - Using open Channel [id: 0x15725c6d, L:/127.0.0.1:54222 - R:localhost/127.0.0.1:47544] for GET '/session/2110e51d6eb213971c2be95817a2ce95/element/c2259974-7d8f-4461-8453-badfc5e40aac/text'
18:21:01.387 [AsyncHttpClient-1-2] DEBUG org.asynchttpclient.netty.handler.HttpHandler - 

Request DefaultFullHttpRequest(decodeResult: success, version: HTTP/1.1, content: EmptyByteBufBE)
GET /session/2110e51d6eb213971c2be95817a2ce95/element/c2259974-7d8f-4461-8453-badfc5e40aac/text HTTP/1.1
User-Agent: selenium/4.5.3 (java mac)
Cache-Control: no-cache
Content-Type: application/json; charset=utf-8
host: localhost:47544
accept: */*

Response DefaultHttpResponse(decodeResult: success, version: HTTP/1.1)
HTTP/1.1 200 OK
Content-Length: 19
Content-Type: application/json; charset=utf-8
cache-control: no-cache

18:21:01.388 [AsyncHttpClient-1-2] DEBUG org.asynchttpclient.netty.channel.ChannelManager - Adding key: http://localhost:47544 for channel [id: 0x15725c6d, L:/127.0.0.1:54222 - R:localhost/127.0.0.1:47544]
18:21:01.391 [Forwarding findChildElement on session 2110e51d6eb213971c2be95817a2ce95 to remote] DEBUG org.asynchttpclient.netty.request.NettyRequestSender - Using pooled Channel '[id: 0x15725c6d, L:/127.0.0.1:54222 - R:localhost/127.0.0.1:47544]' for 'POST' to 'http://localhost:47544/session/2110e51d6eb213971c2be95817a2ce95/element/20efe7c3-d8d6-414b-bbe1-845ca654713c/element'
18:21:01.392 [Forwarding findChildElement on session 2110e51d6eb213971c2be95817a2ce95 to remote] DEBUG org.asynchttpclient.netty.request.NettyRequestSender - Using open Channel [id: 0x15725c6d, L:/127.0.0.1:54222 - R:localhost/127.0.0.1:47544] for POST '/session/2110e51d6eb213971c2be95817a2ce95/element/20efe7c3-d8d6-414b-bbe1-845ca654713c/element'
18:21:01.411 [AsyncHttpClient-1-2] DEBUG org.asynchttpclient.netty.handler.HttpHandler - 

Request DefaultHttpRequest(decodeResult: success, version: HTTP/1.1)
POST /session/2110e51d6eb213971c2be95817a2ce95/element/20efe7c3-d8d6-414b-bbe1-845ca654713c/element HTTP/1.1
User-Agent: selenium/4.5.3 (java mac)
Content-Length: 106
Content-Type: application/json; charset=utf-8
host: localhost:47544
accept: */*

Response DefaultHttpResponse(decodeResult: success, version: HTTP/1.1)
HTTP/1.1 200 OK
Content-Length: 88
Content-Type: application/json; charset=utf-8
cache-control: no-cache

18:21:01.411 [AsyncHttpClient-1-2] DEBUG org.asynchttpclient.netty.channel.ChannelManager - Adding key: http://localhost:47544 for channel [id: 0x15725c6d, L:/127.0.0.1:54222 - R:localhost/127.0.0.1:47544]
18:21:01.413 [Forwarding getElementText on session 2110e51d6eb213971c2be95817a2ce95 to remote] DEBUG org.asynchttpclient.netty.request.NettyRequestSender - Using pooled Channel '[id: 0x15725c6d, L:/127.0.0.1:54222 - R:localhost/127.0.0.1:47544]' for 'GET' to 'http://localhost:47544/session/2110e51d6eb213971c2be95817a2ce95/element/b34c3b6e-5068-480c-b274-27fbb900c923/text'
18:21:01.414 [Forwarding getElementText on session 2110e51d6eb213971c2be95817a2ce95 to remote] DEBUG org.asynchttpclient.netty.request.NettyRequestSender - Using open Channel [id: 0x15725c6d, L:/127.0.0.1:54222 - R:localhost/127.0.0.1:47544] for GET '/session/2110e51d6eb213971c2be95817a2ce95/element/b34c3b6e-5068-480c-b274-27fbb900c923/text'
18:21:01.715 [AsyncHttpClient-1-2] DEBUG org.asynchttpclient.netty.handler.HttpHandler - 

Request DefaultFullHttpRequest(decodeResult: success, version: HTTP/1.1, content: EmptyByteBufBE)
GET /session/2110e51d6eb213971c2be95817a2ce95/element/b34c3b6e-5068-480c-b274-27fbb900c923/text HTTP/1.1
User-Agent: selenium/4.5.3 (java mac)
Cache-Control: no-cache
Content-Type: application/json; charset=utf-8
host: localhost:47544
accept: */*

Response DefaultHttpResponse(decodeResult: success, version: HTTP/1.1)
HTTP/1.1 200 OK
Content-Length: 91
Content-Type: application/json; charset=utf-8
cache-control: no-cache

18:21:01.715 [AsyncHttpClient-1-2] DEBUG org.asynchttpclient.netty.channel.ChannelManager - Adding key: http://localhost:47544 for channel [id: 0x15725c6d, L:/127.0.0.1:54222 - R:localhost/127.0.0.1:47544]
18:21:01.717 [Forwarding findChildElement on session 2110e51d6eb213971c2be95817a2ce95 to remote] DEBUG org.asynchttpclient.netty.request.NettyRequestSender - Using pooled Channel '[id: 0x15725c6d, L:/127.0.0.1:54222 - R:localhost/127.0.0.1:47544]' for 'POST' to 'http://localhost:47544/session/2110e51d6eb213971c2be95817a2ce95/element/20efe7c3-d8d6-414b-bbe1-845ca654713c/element'
18:21:01.718 [Forwarding findChildElement on session 2110e51d6eb213971c2be95817a2ce95 to remote] DEBUG org.asynchttpclient.netty.request.NettyRequestSender - Using open Channel [id: 0x15725c6d, L:/127.0.0.1:54222 - R:localhost/127.0.0.1:47544] for POST '/session/2110e51d6eb213971c2be95817a2ce95/element/20efe7c3-d8d6-414b-bbe1-845ca654713c/element'
18:21:01.735 [AsyncHttpClient-1-2] DEBUG org.asynchttpclient.netty.handler.HttpHandler - 

Request DefaultHttpRequest(decodeResult: success, version: HTTP/1.1)
POST /session/2110e51d6eb213971c2be95817a2ce95/element/20efe7c3-d8d6-414b-bbe1-845ca654713c/element HTTP/1.1
User-Agent: selenium/4.5.3 (java mac)
Content-Length: 106
Content-Type: application/json; charset=utf-8
host: localhost:47544
accept: */*

Response DefaultHttpResponse(decodeResult: success, version: HTTP/1.1)
HTTP/1.1 200 OK
Content-Length: 88
Content-Type: application/json; charset=utf-8
cache-control: no-cache

18:21:01.735 [AsyncHttpClient-1-2] DEBUG org.asynchttpclient.netty.channel.ChannelManager - Adding key: http://localhost:47544 for channel [id: 0x15725c6d, L:/127.0.0.1:54222 - R:localhost/127.0.0.1:47544]
18:21:01.737 [Forwarding getElementText on session 2110e51d6eb213971c2be95817a2ce95 to remote] DEBUG org.asynchttpclient.netty.request.NettyRequestSender - Using pooled Channel '[id: 0x15725c6d, L:/127.0.0.1:54222 - R:localhost/127.0.0.1:47544]' for 'GET' to 'http://localhost:47544/session/2110e51d6eb213971c2be95817a2ce95/element/516916e8-1de4-4194-9003-095d20c95e84/text'
18:21:01.737 [Forwarding getElementText on session 2110e51d6eb213971c2be95817a2ce95 to remote] DEBUG org.asynchttpclient.netty.request.NettyRequestSender - Using open Channel [id: 0x15725c6d, L:/127.0.0.1:54222 - R:localhost/127.0.0.1:47544] for GET '/session/2110e51d6eb213971c2be95817a2ce95/element/516916e8-1de4-4194-9003-095d20c95e84/text'
18:21:01.751 [AsyncHttpClient-1-2] DEBUG org.asynchttpclient.netty.handler.HttpHandler - 

Request DefaultFullHttpRequest(decodeResult: success, version: HTTP/1.1, content: EmptyByteBufBE)
GET /session/2110e51d6eb213971c2be95817a2ce95/element/516916e8-1de4-4194-9003-095d20c95e84/text HTTP/1.1
User-Agent: selenium/4.5.3 (java mac)
Cache-Control: no-cache
Content-Type: application/json; charset=utf-8
host: localhost:47544
accept: */*

Response DefaultHttpResponse(decodeResult: success, version: HTTP/1.1)
HTTP/1.1 200 OK
Content-Length: 19
Content-Type: application/json; charset=utf-8
cache-control: no-cache

18:21:01.752 [AsyncHttpClient-1-2] DEBUG org.asynchttpclient.netty.channel.ChannelManager - Adding key: http://localhost:47544 for channel [id: 0x15725c6d, L:/127.0.0.1:54222 - R:localhost/127.0.0.1:47544]
18:21:01.754 [Forwarding findChildElement on session 2110e51d6eb213971c2be95817a2ce95 to remote] DEBUG org.asynchttpclient.netty.request.NettyRequestSender - Using pooled Channel '[id: 0x15725c6d, L:/127.0.0.1:54222 - R:localhost/127.0.0.1:47544]' for 'POST' to 'http://localhost:47544/session/2110e51d6eb213971c2be95817a2ce95/element/2a2db0ea-ceab-4086-aeb0-bd7aebef5c76/element'
18:21:01.754 [Forwarding findChildElement on session 2110e51d6eb213971c2be95817a2ce95 to remote] DEBUG org.asynchttpclient.netty.request.NettyRequestSender - Using open Channel [id: 0x15725c6d, L:/127.0.0.1:54222 - R:localhost/127.0.0.1:47544] for POST '/session/2110e51d6eb213971c2be95817a2ce95/element/2a2db0ea-ceab-4086-aeb0-bd7aebef5c76/element'
18:21:01.774 [AsyncHttpClient-1-2] DEBUG org.asynchttpclient.netty.handler.HttpHandler - 

Request DefaultHttpRequest(decodeResult: success, version: HTTP/1.1)
POST /session/2110e51d6eb213971c2be95817a2ce95/element/2a2db0ea-ceab-4086-aeb0-bd7aebef5c76/element HTTP/1.1
User-Agent: selenium/4.5.3 (java mac)
Content-Length: 106
Content-Type: application/json; charset=utf-8
host: localhost:47544
accept: */*

Response DefaultHttpResponse(decodeResult: success, version: HTTP/1.1)
HTTP/1.1 200 OK
Content-Length: 88
Content-Type: application/json; charset=utf-8
cache-control: no-cache

18:21:01.774 [AsyncHttpClient-1-2] DEBUG org.asynchttpclient.netty.channel.ChannelManager - Adding key: http://localhost:47544 for channel [id: 0x15725c6d, L:/127.0.0.1:54222 - R:localhost/127.0.0.1:47544]
18:21:01.775 [Forwarding getElementText on session 2110e51d6eb213971c2be95817a2ce95 to remote] DEBUG org.asynchttpclient.netty.request.NettyRequestSender - Using pooled Channel '[id: 0x15725c6d, L:/127.0.0.1:54222 - R:localhost/127.0.0.1:47544]' for 'GET' to 'http://localhost:47544/session/2110e51d6eb213971c2be95817a2ce95/element/cb796f92-c230-40f3-8dad-ba2c9dec4c04/text'
18:21:01.777 [Forwarding getElementText on session 2110e51d6eb213971c2be95817a2ce95 to remote] DEBUG org.asynchttpclient.netty.request.NettyRequestSender - Using open Channel [id: 0x15725c6d, L:/127.0.0.1:54222 - R:localhost/127.0.0.1:47544] for GET '/session/2110e51d6eb213971c2be95817a2ce95/element/cb796f92-c230-40f3-8dad-ba2c9dec4c04/text'
18:21:01.800 [AsyncHttpClient-1-2] DEBUG org.asynchttpclient.netty.handler.HttpHandler - 

Request DefaultFullHttpRequest(decodeResult: success, version: HTTP/1.1, content: EmptyByteBufBE)
GET /session/2110e51d6eb213971c2be95817a2ce95/element/cb796f92-c230-40f3-8dad-ba2c9dec4c04/text HTTP/1.1
User-Agent: selenium/4.5.3 (java mac)
Cache-Control: no-cache
Content-Type: application/json; charset=utf-8
host: localhost:47544
accept: */*

Response DefaultHttpResponse(decodeResult: success, version: HTTP/1.1)
HTTP/1.1 200 OK
Content-Length: 71
Content-Type: application/json; charset=utf-8
cache-control: no-cache

18:21:01.801 [AsyncHttpClient-1-2] DEBUG org.asynchttpclient.netty.channel.ChannelManager - Adding key: http://localhost:47544 for channel [id: 0x15725c6d, L:/127.0.0.1:54222 - R:localhost/127.0.0.1:47544]
18:21:01.803 [Forwarding findChildElement on session 2110e51d6eb213971c2be95817a2ce95 to remote] DEBUG org.asynchttpclient.netty.request.NettyRequestSender - Using pooled Channel '[id: 0x15725c6d, L:/127.0.0.1:54222 - R:localhost/127.0.0.1:47544]' for 'POST' to 'http://localhost:47544/session/2110e51d6eb213971c2be95817a2ce95/element/2a2db0ea-ceab-4086-aeb0-bd7aebef5c76/element'
18:21:01.803 [Forwarding findChildElement on session 2110e51d6eb213971c2be95817a2ce95 to remote] DEBUG org.asynchttpclient.netty.request.NettyRequestSender - Using open Channel [id: 0x15725c6d, L:/127.0.0.1:54222 - R:localhost/127.0.0.1:47544] for POST '/session/2110e51d6eb213971c2be95817a2ce95/element/2a2db0ea-ceab-4086-aeb0-bd7aebef5c76/element'
18:21:02.031 [AsyncHttpClient-1-2] DEBUG org.asynchttpclient.netty.handler.HttpHandler - 

Request DefaultHttpRequest(decodeResult: success, version: HTTP/1.1)
POST /session/2110e51d6eb213971c2be95817a2ce95/element/2a2db0ea-ceab-4086-aeb0-bd7aebef5c76/element HTTP/1.1
User-Agent: selenium/4.5.3 (java mac)
Content-Length: 106
Content-Type: application/json; charset=utf-8
host: localhost:47544
accept: */*

Response DefaultHttpResponse(decodeResult: success, version: HTTP/1.1)
HTTP/1.1 200 OK
Content-Length: 88
Content-Type: application/json; charset=utf-8
cache-control: no-cache

18:21:02.031 [AsyncHttpClient-1-2] DEBUG org.asynchttpclient.netty.channel.ChannelManager - Adding key: http://localhost:47544 for channel [id: 0x15725c6d, L:/127.0.0.1:54222 - R:localhost/127.0.0.1:47544]
18:21:02.033 [Forwarding getElementText on session 2110e51d6eb213971c2be95817a2ce95 to remote] DEBUG org.asynchttpclient.netty.request.NettyRequestSender - Using pooled Channel '[id: 0x15725c6d, L:/127.0.0.1:54222 - R:localhost/127.0.0.1:47544]' for 'GET' to 'http://localhost:47544/session/2110e51d6eb213971c2be95817a2ce95/element/c1345015-f13e-4b4b-a26e-2ae944438e76/text'
18:21:02.033 [Forwarding getElementText on session 2110e51d6eb213971c2be95817a2ce95 to remote] DEBUG org.asynchttpclient.netty.request.NettyRequestSender - Using open Channel [id: 0x15725c6d, L:/127.0.0.1:54222 - R:localhost/127.0.0.1:47544] for GET '/session/2110e51d6eb213971c2be95817a2ce95/element/c1345015-f13e-4b4b-a26e-2ae944438e76/text'
18:21:02.064 [AsyncHttpClient-1-2] DEBUG org.asynchttpclient.netty.handler.HttpHandler - 

Request DefaultFullHttpRequest(decodeResult: success, version: HTTP/1.1, content: EmptyByteBufBE)
GET /session/2110e51d6eb213971c2be95817a2ce95/element/c1345015-f13e-4b4b-a26e-2ae944438e76/text HTTP/1.1
User-Agent: selenium/4.5.3 (java mac)
Cache-Control: no-cache
Content-Type: application/json; charset=utf-8
host: localhost:47544
accept: */*

Response DefaultHttpResponse(decodeResult: success, version: HTTP/1.1)
HTTP/1.1 200 OK
Content-Length: 19
Content-Type: application/json; charset=utf-8
cache-control: no-cache

18:21:02.065 [AsyncHttpClient-1-2] DEBUG org.asynchttpclient.netty.channel.ChannelManager - Adding key: http://localhost:47544 for channel [id: 0x15725c6d, L:/127.0.0.1:54222 - R:localhost/127.0.0.1:47544]
18:21:02.068 [Forwarding findChildElement on session 2110e51d6eb213971c2be95817a2ce95 to remote] DEBUG org.asynchttpclient.netty.request.NettyRequestSender - Using pooled Channel '[id: 0x15725c6d, L:/127.0.0.1:54222 - R:localhost/127.0.0.1:47544]' for 'POST' to 'http://localhost:47544/session/2110e51d6eb213971c2be95817a2ce95/element/e61386aa-66bc-4c3d-9cea-ee3b79e0e159/element'
18:21:02.068 [Forwarding findChildElement on session 2110e51d6eb213971c2be95817a2ce95 to remote] DEBUG org.asynchttpclient.netty.request.NettyRequestSender - Using open Channel [id: 0x15725c6d, L:/127.0.0.1:54222 - R:localhost/127.0.0.1:47544] for POST '/session/2110e51d6eb213971c2be95817a2ce95/element/e61386aa-66bc-4c3d-9cea-ee3b79e0e159/element'
18:21:02.266 [AsyncHttpClient-1-2] DEBUG org.asynchttpclient.netty.handler.HttpHandler - 

Request DefaultHttpRequest(decodeResult: success, version: HTTP/1.1)
POST /session/2110e51d6eb213971c2be95817a2ce95/element/e61386aa-66bc-4c3d-9cea-ee3b79e0e159/element HTTP/1.1
User-Agent: selenium/4.5.3 (java mac)
Content-Length: 106
Content-Type: application/json; charset=utf-8
host: localhost:47544
accept: */*

Response DefaultHttpResponse(decodeResult: success, version: HTTP/1.1)
HTTP/1.1 200 OK
Content-Length: 88
Content-Type: application/json; charset=utf-8
cache-control: no-cache

18:21:02.267 [AsyncHttpClient-1-2] DEBUG org.asynchttpclient.netty.channel.ChannelManager - Adding key: http://localhost:47544 for channel [id: 0x15725c6d, L:/127.0.0.1:54222 - R:localhost/127.0.0.1:47544]
18:21:02.269 [Forwarding getElementText on session 2110e51d6eb213971c2be95817a2ce95 to remote] DEBUG org.asynchttpclient.netty.request.NettyRequestSender - Using pooled Channel '[id: 0x15725c6d, L:/127.0.0.1:54222 - R:localhost/127.0.0.1:47544]' for 'GET' to 'http://localhost:47544/session/2110e51d6eb213971c2be95817a2ce95/element/c3f372c8-0360-4c6e-8695-ec108da1db3d/text'
18:21:02.269 [Forwarding getElementText on session 2110e51d6eb213971c2be95817a2ce95 to remote] DEBUG org.asynchttpclient.netty.request.NettyRequestSender - Using open Channel [id: 0x15725c6d, L:/127.0.0.1:54222 - R:localhost/127.0.0.1:47544] for GET '/session/2110e51d6eb213971c2be95817a2ce95/element/c3f372c8-0360-4c6e-8695-ec108da1db3d/text'
18:21:02.284 [AsyncHttpClient-1-2] DEBUG org.asynchttpclient.netty.handler.HttpHandler - 

Request DefaultFullHttpRequest(decodeResult: success, version: HTTP/1.1, content: EmptyByteBufBE)
GET /session/2110e51d6eb213971c2be95817a2ce95/element/c3f372c8-0360-4c6e-8695-ec108da1db3d/text HTTP/1.1
User-Agent: selenium/4.5.3 (java mac)
Cache-Control: no-cache
Content-Type: application/json; charset=utf-8
host: localhost:47544
accept: */*

Response DefaultHttpResponse(decodeResult: success, version: HTTP/1.1)
HTTP/1.1 200 OK
Content-Length: 88
Content-Type: application/json; charset=utf-8
cache-control: no-cache

18:21:02.285 [AsyncHttpClient-1-2] DEBUG org.asynchttpclient.netty.channel.ChannelManager - Adding key: http://localhost:47544 for channel [id: 0x15725c6d, L:/127.0.0.1:54222 - R:localhost/127.0.0.1:47544]
18:21:02.288 [Forwarding findChildElement on session 2110e51d6eb213971c2be95817a2ce95 to remote] DEBUG org.asynchttpclient.netty.request.NettyRequestSender - Using pooled Channel '[id: 0x15725c6d, L:/127.0.0.1:54222 - R:localhost/127.0.0.1:47544]' for 'POST' to 'http://localhost:47544/session/2110e51d6eb213971c2be95817a2ce95/element/e61386aa-66bc-4c3d-9cea-ee3b79e0e159/element'
18:21:02.288 [Forwarding findChildElement on session 2110e51d6eb213971c2be95817a2ce95 to remote] DEBUG org.asynchttpclient.netty.request.NettyRequestSender - Using open Channel [id: 0x15725c6d, L:/127.0.0.1:54222 - R:localhost/127.0.0.1:47544] for POST '/session/2110e51d6eb213971c2be95817a2ce95/element/e61386aa-66bc-4c3d-9cea-ee3b79e0e159/element'
18:21:02.300 [AsyncHttpClient-1-2] DEBUG org.asynchttpclient.netty.handler.HttpHandler - 

Request DefaultHttpRequest(decodeResult: success, version: HTTP/1.1)
POST /session/2110e51d6eb213971c2be95817a2ce95/element/e61386aa-66bc-4c3d-9cea-ee3b79e0e159/element HTTP/1.1
User-Agent: selenium/4.5.3 (java mac)
Content-Length: 106
Content-Type: application/json; charset=utf-8
host: localhost:47544
accept: */*

Response DefaultHttpResponse(decodeResult: success, version: HTTP/1.1)
HTTP/1.1 200 OK
Content-Length: 88
Content-Type: application/json; charset=utf-8
cache-control: no-cache

18:21:02.301 [AsyncHttpClient-1-2] DEBUG org.asynchttpclient.netty.channel.ChannelManager - Adding key: http://localhost:47544 for channel [id: 0x15725c6d, L:/127.0.0.1:54222 - R:localhost/127.0.0.1:47544]
18:21:02.303 [Forwarding getElementText on session 2110e51d6eb213971c2be95817a2ce95 to remote] DEBUG org.asynchttpclient.netty.request.NettyRequestSender - Using pooled Channel '[id: 0x15725c6d, L:/127.0.0.1:54222 - R:localhost/127.0.0.1:47544]' for 'GET' to 'http://localhost:47544/session/2110e51d6eb213971c2be95817a2ce95/element/1d4f9650-5f2e-4a94-9550-3af14210269d/text'
18:21:02.303 [Forwarding getElementText on session 2110e51d6eb213971c2be95817a2ce95 to remote] DEBUG org.asynchttpclient.netty.request.NettyRequestSender - Using open Channel [id: 0x15725c6d, L:/127.0.0.1:54222 - R:localhost/127.0.0.1:47544] for GET '/session/2110e51d6eb213971c2be95817a2ce95/element/1d4f9650-5f2e-4a94-9550-3af14210269d/text'
18:21:02.309 [AsyncHttpClient-1-1] DEBUG org.asynchttpclient.netty.channel.DefaultChannelPool - Entry count for : http://localhost:54225 : 1
18:21:02.319 [AsyncHttpClient-1-2] DEBUG org.asynchttpclient.netty.handler.HttpHandler - 

Request DefaultFullHttpRequest(decodeResult: success, version: HTTP/1.1, content: EmptyByteBufBE)
GET /session/2110e51d6eb213971c2be95817a2ce95/element/1d4f9650-5f2e-4a94-9550-3af14210269d/text HTTP/1.1
User-Agent: selenium/4.5.3 (java mac)
Cache-Control: no-cache
Content-Type: application/json; charset=utf-8
host: localhost:47544
accept: */*

Response DefaultHttpResponse(decodeResult: success, version: HTTP/1.1)
HTTP/1.1 200 OK
Content-Length: 19
Content-Type: application/json; charset=utf-8
cache-control: no-cache

18:21:02.320 [AsyncHttpClient-1-2] DEBUG org.asynchttpclient.netty.channel.ChannelManager - Adding key: http://localhost:47544 for channel [id: 0x15725c6d, L:/127.0.0.1:54222 - R:localhost/127.0.0.1:47544]
18:21:02.322 [Forwarding findChildElement on session 2110e51d6eb213971c2be95817a2ce95 to remote] DEBUG org.asynchttpclient.netty.request.NettyRequestSender - Using pooled Channel '[id: 0x15725c6d, L:/127.0.0.1:54222 - R:localhost/127.0.0.1:47544]' for 'POST' to 'http://localhost:47544/session/2110e51d6eb213971c2be95817a2ce95/element/581576f6-1ab1-4a02-b4b3-b1965753df2a/element'
18:21:02.322 [Forwarding findChildElement on session 2110e51d6eb213971c2be95817a2ce95 to remote] DEBUG org.asynchttpclient.netty.request.NettyRequestSender - Using open Channel [id: 0x15725c6d, L:/127.0.0.1:54222 - R:localhost/127.0.0.1:47544] for POST '/session/2110e51d6eb213971c2be95817a2ce95/element/581576f6-1ab1-4a02-b4b3-b1965753df2a/element'
18:21:02.467 [AsyncHttpClient-1-2] DEBUG org.asynchttpclient.netty.handler.HttpHandler - 

Request DefaultHttpRequest(decodeResult: success, version: HTTP/1.1)
POST /session/2110e51d6eb213971c2be95817a2ce95/element/581576f6-1ab1-4a02-b4b3-b1965753df2a/element HTTP/1.1
User-Agent: selenium/4.5.3 (java mac)
Content-Length: 106
Content-Type: application/json; charset=utf-8
host: localhost:47544
accept: */*

Response DefaultHttpResponse(decodeResult: success, version: HTTP/1.1)
HTTP/1.1 200 OK
Content-Length: 88
Content-Type: application/json; charset=utf-8
cache-control: no-cache

18:21:02.468 [AsyncHttpClient-1-2] DEBUG org.asynchttpclient.netty.channel.ChannelManager - Adding key: http://localhost:47544 for channel [id: 0x15725c6d, L:/127.0.0.1:54222 - R:localhost/127.0.0.1:47544]
18:21:02.470 [Forwarding getElementText on session 2110e51d6eb213971c2be95817a2ce95 to remote] DEBUG org.asynchttpclient.netty.request.NettyRequestSender - Using pooled Channel '[id: 0x15725c6d, L:/127.0.0.1:54222 - R:localhost/127.0.0.1:47544]' for 'GET' to 'http://localhost:47544/session/2110e51d6eb213971c2be95817a2ce95/element/97e7734f-c32f-4d63-98ea-a6b417f16214/text'
18:21:02.471 [Forwarding getElementText on session 2110e51d6eb213971c2be95817a2ce95 to remote] DEBUG org.asynchttpclient.netty.request.NettyRequestSender - Using open Channel [id: 0x15725c6d, L:/127.0.0.1:54222 - R:localhost/127.0.0.1:47544] for GET '/session/2110e51d6eb213971c2be95817a2ce95/element/97e7734f-c32f-4d63-98ea-a6b417f16214/text'
18:21:02.539 [AsyncHttpClient-1-2] DEBUG org.asynchttpclient.netty.handler.HttpHandler - 

Request DefaultFullHttpRequest(decodeResult: success, version: HTTP/1.1, content: EmptyByteBufBE)
GET /session/2110e51d6eb213971c2be95817a2ce95/element/97e7734f-c32f-4d63-98ea-a6b417f16214/text HTTP/1.1
User-Agent: selenium/4.5.3 (java mac)
Cache-Control: no-cache
Content-Type: application/json; charset=utf-8
host: localhost:47544
accept: */*

Response DefaultHttpResponse(decodeResult: success, version: HTTP/1.1)
HTTP/1.1 200 OK
Content-Length: 80
Content-Type: application/json; charset=utf-8
cache-control: no-cache

18:21:02.541 [AsyncHttpClient-1-2] DEBUG org.asynchttpclient.netty.channel.ChannelManager - Adding key: http://localhost:47544 for channel [id: 0x15725c6d, L:/127.0.0.1:54222 - R:localhost/127.0.0.1:47544]
18:21:02.544 [Forwarding findChildElement on session 2110e51d6eb213971c2be95817a2ce95 to remote] DEBUG org.asynchttpclient.netty.request.NettyRequestSender - Using pooled Channel '[id: 0x15725c6d, L:/127.0.0.1:54222 - R:localhost/127.0.0.1:47544]' for 'POST' to 'http://localhost:47544/session/2110e51d6eb213971c2be95817a2ce95/element/581576f6-1ab1-4a02-b4b3-b1965753df2a/element'
18:21:02.544 [Forwarding findChildElement on session 2110e51d6eb213971c2be95817a2ce95 to remote] DEBUG org.asynchttpclient.netty.request.NettyRequestSender - Using open Channel [id: 0x15725c6d, L:/127.0.0.1:54222 - R:localhost/127.0.0.1:47544] for POST '/session/2110e51d6eb213971c2be95817a2ce95/element/581576f6-1ab1-4a02-b4b3-b1965753df2a/element'
18:21:02.640 [AsyncHttpClient-1-2] DEBUG org.asynchttpclient.netty.handler.HttpHandler - 

Request DefaultHttpRequest(decodeResult: success, version: HTTP/1.1)
POST /session/2110e51d6eb213971c2be95817a2ce95/element/581576f6-1ab1-4a02-b4b3-b1965753df2a/element HTTP/1.1
User-Agent: selenium/4.5.3 (java mac)
Content-Length: 106
Content-Type: application/json; charset=utf-8
host: localhost:47544
accept: */*

Response DefaultHttpResponse(decodeResult: success, version: HTTP/1.1)
HTTP/1.1 200 OK
Content-Length: 88
Content-Type: application/json; charset=utf-8
cache-control: no-cache

18:21:02.643 [AsyncHttpClient-1-2] DEBUG org.asynchttpclient.netty.channel.ChannelManager - Adding key: http://localhost:47544 for channel [id: 0x15725c6d, L:/127.0.0.1:54222 - R:localhost/127.0.0.1:47544]
18:21:02.644 [Forwarding getElementText on session 2110e51d6eb213971c2be95817a2ce95 to remote] DEBUG org.asynchttpclient.netty.request.NettyRequestSender - Using pooled Channel '[id: 0x15725c6d, L:/127.0.0.1:54222 - R:localhost/127.0.0.1:47544]' for 'GET' to 'http://localhost:47544/session/2110e51d6eb213971c2be95817a2ce95/element/da25ac7d-9cf2-4843-8d9e-72daf2909d5d/text'
18:21:02.644 [Forwarding getElementText on session 2110e51d6eb213971c2be95817a2ce95 to remote] DEBUG org.asynchttpclient.netty.request.NettyRequestSender - Using open Channel [id: 0x15725c6d, L:/127.0.0.1:54222 - R:localhost/127.0.0.1:47544] for GET '/session/2110e51d6eb213971c2be95817a2ce95/element/da25ac7d-9cf2-4843-8d9e-72daf2909d5d/text'
18:21:02.688 [AsyncHttpClient-1-2] DEBUG org.asynchttpclient.netty.handler.HttpHandler - 

Request DefaultFullHttpRequest(decodeResult: success, version: HTTP/1.1, content: EmptyByteBufBE)
GET /session/2110e51d6eb213971c2be95817a2ce95/element/da25ac7d-9cf2-4843-8d9e-72daf2909d5d/text HTTP/1.1
User-Agent: selenium/4.5.3 (java mac)
Cache-Control: no-cache
Content-Type: application/json; charset=utf-8
host: localhost:47544
accept: */*

Response DefaultHttpResponse(decodeResult: success, version: HTTP/1.1)
HTTP/1.1 200 OK
Content-Length: 19
Content-Type: application/json; charset=utf-8
cache-control: no-cache

18:21:02.689 [AsyncHttpClient-1-2] DEBUG org.asynchttpclient.netty.channel.ChannelManager - Adding key: http://localhost:47544 for channel [id: 0x15725c6d, L:/127.0.0.1:54222 - R:localhost/127.0.0.1:47544]
18:21:02.692 [Forwarding findChildElement on session 2110e51d6eb213971c2be95817a2ce95 to remote] DEBUG org.asynchttpclient.netty.request.NettyRequestSender - Using pooled Channel '[id: 0x15725c6d, L:/127.0.0.1:54222 - R:localhost/127.0.0.1:47544]' for 'POST' to 'http://localhost:47544/session/2110e51d6eb213971c2be95817a2ce95/element/1c66a2ab-24d4-4885-9e6e-faee46a15765/element'
18:21:02.692 [Forwarding findChildElement on session 2110e51d6eb213971c2be95817a2ce95 to remote] DEBUG org.asynchttpclient.netty.request.NettyRequestSender - Using open Channel [id: 0x15725c6d, L:/127.0.0.1:54222 - R:localhost/127.0.0.1:47544] for POST '/session/2110e51d6eb213971c2be95817a2ce95/element/1c66a2ab-24d4-4885-9e6e-faee46a15765/element'
18:21:02.752 [AsyncHttpClient-1-2] DEBUG org.asynchttpclient.netty.handler.HttpHandler - 

Request DefaultHttpRequest(decodeResult: success, version: HTTP/1.1)
POST /session/2110e51d6eb213971c2be95817a2ce95/element/1c66a2ab-24d4-4885-9e6e-faee46a15765/element HTTP/1.1
User-Agent: selenium/4.5.3 (java mac)
Content-Length: 106
Content-Type: application/json; charset=utf-8
host: localhost:47544
accept: */*

Response DefaultHttpResponse(decodeResult: success, version: HTTP/1.1)
HTTP/1.1 200 OK
Content-Length: 88
Content-Type: application/json; charset=utf-8
cache-control: no-cache

18:21:02.753 [AsyncHttpClient-1-2] DEBUG org.asynchttpclient.netty.channel.ChannelManager - Adding key: http://localhost:47544 for channel [id: 0x15725c6d, L:/127.0.0.1:54222 - R:localhost/127.0.0.1:47544]
18:21:02.755 [Forwarding getElementText on session 2110e51d6eb213971c2be95817a2ce95 to remote] DEBUG org.asynchttpclient.netty.request.NettyRequestSender - Using pooled Channel '[id: 0x15725c6d, L:/127.0.0.1:54222 - R:localhost/127.0.0.1:47544]' for 'GET' to 'http://localhost:47544/session/2110e51d6eb213971c2be95817a2ce95/element/ebafdfab-a84b-42fc-9eb8-c7d43ac878b9/text'
18:21:02.755 [Forwarding getElementText on session 2110e51d6eb213971c2be95817a2ce95 to remote] DEBUG org.asynchttpclient.netty.request.NettyRequestSender - Using open Channel [id: 0x15725c6d, L:/127.0.0.1:54222 - R:localhost/127.0.0.1:47544] for GET '/session/2110e51d6eb213971c2be95817a2ce95/element/ebafdfab-a84b-42fc-9eb8-c7d43ac878b9/text'
18:21:02.789 [AsyncHttpClient-1-2] DEBUG org.asynchttpclient.netty.handler.HttpHandler - 

Request DefaultFullHttpRequest(decodeResult: success, version: HTTP/1.1, content: EmptyByteBufBE)
GET /session/2110e51d6eb213971c2be95817a2ce95/element/ebafdfab-a84b-42fc-9eb8-c7d43ac878b9/text HTTP/1.1
User-Agent: selenium/4.5.3 (java mac)
Cache-Control: no-cache
Content-Type: application/json; charset=utf-8
host: localhost:47544
accept: */*

Response DefaultHttpResponse(decodeResult: success, version: HTTP/1.1)
HTTP/1.1 200 OK
Content-Length: 83
Content-Type: application/json; charset=utf-8
cache-control: no-cache

18:21:02.789 [AsyncHttpClient-1-2] DEBUG org.asynchttpclient.netty.channel.ChannelManager - Adding key: http://localhost:47544 for channel [id: 0x15725c6d, L:/127.0.0.1:54222 - R:localhost/127.0.0.1:47544]
18:21:02.791 [Forwarding findChildElement on session 2110e51d6eb213971c2be95817a2ce95 to remote] DEBUG org.asynchttpclient.netty.request.NettyRequestSender - Using pooled Channel '[id: 0x15725c6d, L:/127.0.0.1:54222 - R:localhost/127.0.0.1:47544]' for 'POST' to 'http://localhost:47544/session/2110e51d6eb213971c2be95817a2ce95/element/1c66a2ab-24d4-4885-9e6e-faee46a15765/element'
18:21:02.791 [Forwarding findChildElement on session 2110e51d6eb213971c2be95817a2ce95 to remote] DEBUG org.asynchttpclient.netty.request.NettyRequestSender - Using open Channel [id: 0x15725c6d, L:/127.0.0.1:54222 - R:localhost/127.0.0.1:47544] for POST '/session/2110e51d6eb213971c2be95817a2ce95/element/1c66a2ab-24d4-4885-9e6e-faee46a15765/element'
18:21:02.819 [AsyncHttpClient-1-2] DEBUG org.asynchttpclient.netty.handler.HttpHandler - 

Request DefaultHttpRequest(decodeResult: success, version: HTTP/1.1)
POST /session/2110e51d6eb213971c2be95817a2ce95/element/1c66a2ab-24d4-4885-9e6e-faee46a15765/element HTTP/1.1
User-Agent: selenium/4.5.3 (java mac)
Content-Length: 106
Content-Type: application/json; charset=utf-8
host: localhost:47544
accept: */*

Response DefaultHttpResponse(decodeResult: success, version: HTTP/1.1)
HTTP/1.1 200 OK
Content-Length: 88
Content-Type: application/json; charset=utf-8
cache-control: no-cache

18:21:02.822 [AsyncHttpClient-1-2] DEBUG org.asynchttpclient.netty.channel.ChannelManager - Adding key: http://localhost:47544 for channel [id: 0x15725c6d, L:/127.0.0.1:54222 - R:localhost/127.0.0.1:47544]
18:21:02.824 [Forwarding getElementText on session 2110e51d6eb213971c2be95817a2ce95 to remote] DEBUG org.asynchttpclient.netty.request.NettyRequestSender - Using pooled Channel '[id: 0x15725c6d, L:/127.0.0.1:54222 - R:localhost/127.0.0.1:47544]' for 'GET' to 'http://localhost:47544/session/2110e51d6eb213971c2be95817a2ce95/element/5af56887-2240-402b-af64-c80862341718/text'
18:21:02.824 [Forwarding getElementText on session 2110e51d6eb213971c2be95817a2ce95 to remote] DEBUG org.asynchttpclient.netty.request.NettyRequestSender - Using open Channel [id: 0x15725c6d, L:/127.0.0.1:54222 - R:localhost/127.0.0.1:47544] for GET '/session/2110e51d6eb213971c2be95817a2ce95/element/5af56887-2240-402b-af64-c80862341718/text'
18:21:02.980 [AsyncHttpClient-1-2] DEBUG org.asynchttpclient.netty.handler.HttpHandler - 

Request DefaultFullHttpRequest(decodeResult: success, version: HTTP/1.1, content: EmptyByteBufBE)
GET /session/2110e51d6eb213971c2be95817a2ce95/element/5af56887-2240-402b-af64-c80862341718/text HTTP/1.1
User-Agent: selenium/4.5.3 (java mac)
Cache-Control: no-cache
Content-Type: application/json; charset=utf-8
host: localhost:47544
accept: */*

Response DefaultHttpResponse(decodeResult: success, version: HTTP/1.1)
HTTP/1.1 200 OK
Content-Length: 19
Content-Type: application/json; charset=utf-8
cache-control: no-cache

18:21:02.980 [AsyncHttpClient-1-2] DEBUG org.asynchttpclient.netty.channel.ChannelManager - Adding key: http://localhost:47544 for channel [id: 0x15725c6d, L:/127.0.0.1:54222 - R:localhost/127.0.0.1:47544]
18:21:02.982 [Forwarding findChildElement on session 2110e51d6eb213971c2be95817a2ce95 to remote] DEBUG org.asynchttpclient.netty.request.NettyRequestSender - Using pooled Channel '[id: 0x15725c6d, L:/127.0.0.1:54222 - R:localhost/127.0.0.1:47544]' for 'POST' to 'http://localhost:47544/session/2110e51d6eb213971c2be95817a2ce95/element/fa8dbc7a-8672-4b86-9c7b-b8a2cc552773/element'
18:21:02.982 [Forwarding findChildElement on session 2110e51d6eb213971c2be95817a2ce95 to remote] DEBUG org.asynchttpclient.netty.request.NettyRequestSender - Using open Channel [id: 0x15725c6d, L:/127.0.0.1:54222 - R:localhost/127.0.0.1:47544] for POST '/session/2110e51d6eb213971c2be95817a2ce95/element/fa8dbc7a-8672-4b86-9c7b-b8a2cc552773/element'
18:21:02.997 [AsyncHttpClient-1-2] DEBUG org.asynchttpclient.netty.handler.HttpHandler - 

Request DefaultHttpRequest(decodeResult: success, version: HTTP/1.1)
POST /session/2110e51d6eb213971c2be95817a2ce95/element/fa8dbc7a-8672-4b86-9c7b-b8a2cc552773/element HTTP/1.1
User-Agent: selenium/4.5.3 (java mac)
Content-Length: 106
Content-Type: application/json; charset=utf-8
host: localhost:47544
accept: */*

Response DefaultHttpResponse(decodeResult: success, version: HTTP/1.1)
HTTP/1.1 200 OK
Content-Length: 88
Content-Type: application/json; charset=utf-8
cache-control: no-cache

18:21:02.998 [AsyncHttpClient-1-2] DEBUG org.asynchttpclient.netty.channel.ChannelManager - Adding key: http://localhost:47544 for channel [id: 0x15725c6d, L:/127.0.0.1:54222 - R:localhost/127.0.0.1:47544]
18:21:02.999 [Forwarding getElementText on session 2110e51d6eb213971c2be95817a2ce95 to remote] DEBUG org.asynchttpclient.netty.request.NettyRequestSender - Using pooled Channel '[id: 0x15725c6d, L:/127.0.0.1:54222 - R:localhost/127.0.0.1:47544]' for 'GET' to 'http://localhost:47544/session/2110e51d6eb213971c2be95817a2ce95/element/79797d82-9426-4d0a-9f6b-71174150b25a/text'
18:21:02.999 [Forwarding getElementText on session 2110e51d6eb213971c2be95817a2ce95 to remote] DEBUG org.asynchttpclient.netty.request.NettyRequestSender - Using open Channel [id: 0x15725c6d, L:/127.0.0.1:54222 - R:localhost/127.0.0.1:47544] for GET '/session/2110e51d6eb213971c2be95817a2ce95/element/79797d82-9426-4d0a-9f6b-71174150b25a/text'
18:21:03.017 [AsyncHttpClient-1-2] DEBUG org.asynchttpclient.netty.handler.HttpHandler - 

Request DefaultFullHttpRequest(decodeResult: success, version: HTTP/1.1, content: EmptyByteBufBE)
GET /session/2110e51d6eb213971c2be95817a2ce95/element/79797d82-9426-4d0a-9f6b-71174150b25a/text HTTP/1.1
User-Agent: selenium/4.5.3 (java mac)
Cache-Control: no-cache
Content-Type: application/json; charset=utf-8
host: localhost:47544
accept: */*

Response DefaultHttpResponse(decodeResult: success, version: HTTP/1.1)
HTTP/1.1 200 OK
Content-Length: 88
Content-Type: application/json; charset=utf-8
cache-control: no-cache

18:21:03.017 [AsyncHttpClient-1-2] DEBUG org.asynchttpclient.netty.channel.ChannelManager - Adding key: http://localhost:47544 for channel [id: 0x15725c6d, L:/127.0.0.1:54222 - R:localhost/127.0.0.1:47544]
18:21:03.020 [Forwarding findChildElement on session 2110e51d6eb213971c2be95817a2ce95 to remote] DEBUG org.asynchttpclient.netty.request.NettyRequestSender - Using pooled Channel '[id: 0x15725c6d, L:/127.0.0.1:54222 - R:localhost/127.0.0.1:47544]' for 'POST' to 'http://localhost:47544/session/2110e51d6eb213971c2be95817a2ce95/element/fa8dbc7a-8672-4b86-9c7b-b8a2cc552773/element'
18:21:03.020 [Forwarding findChildElement on session 2110e51d6eb213971c2be95817a2ce95 to remote] DEBUG org.asynchttpclient.netty.request.NettyRequestSender - Using open Channel [id: 0x15725c6d, L:/127.0.0.1:54222 - R:localhost/127.0.0.1:47544] for POST '/session/2110e51d6eb213971c2be95817a2ce95/element/fa8dbc7a-8672-4b86-9c7b-b8a2cc552773/element'
18:21:03.036 [AsyncHttpClient-1-2] DEBUG org.asynchttpclient.netty.handler.HttpHandler - 

Request DefaultHttpRequest(decodeResult: success, version: HTTP/1.1)
POST /session/2110e51d6eb213971c2be95817a2ce95/element/fa8dbc7a-8672-4b86-9c7b-b8a2cc552773/element HTTP/1.1
User-Agent: selenium/4.5.3 (java mac)
Content-Length: 106
Content-Type: application/json; charset=utf-8
host: localhost:47544
accept: */*

Response DefaultHttpResponse(decodeResult: success, version: HTTP/1.1)
HTTP/1.1 200 OK
Content-Length: 88
Content-Type: application/json; charset=utf-8
cache-control: no-cache

18:21:03.036 [AsyncHttpClient-1-2] DEBUG org.asynchttpclient.netty.channel.ChannelManager - Adding key: http://localhost:47544 for channel [id: 0x15725c6d, L:/127.0.0.1:54222 - R:localhost/127.0.0.1:47544]
18:21:03.037 [Forwarding getElementText on session 2110e51d6eb213971c2be95817a2ce95 to remote] DEBUG org.asynchttpclient.netty.request.NettyRequestSender - Using pooled Channel '[id: 0x15725c6d, L:/127.0.0.1:54222 - R:localhost/127.0.0.1:47544]' for 'GET' to 'http://localhost:47544/session/2110e51d6eb213971c2be95817a2ce95/element/7b40f1de-d66a-4dbc-9142-d50f64a154f3/text'
18:21:03.037 [Forwarding getElementText on session 2110e51d6eb213971c2be95817a2ce95 to remote] DEBUG org.asynchttpclient.netty.request.NettyRequestSender - Using open Channel [id: 0x15725c6d, L:/127.0.0.1:54222 - R:localhost/127.0.0.1:47544] for GET '/session/2110e51d6eb213971c2be95817a2ce95/element/7b40f1de-d66a-4dbc-9142-d50f64a154f3/text'
18:21:03.056 [AsyncHttpClient-1-2] DEBUG org.asynchttpclient.netty.handler.HttpHandler - 

Request DefaultFullHttpRequest(decodeResult: success, version: HTTP/1.1, content: EmptyByteBufBE)
GET /session/2110e51d6eb213971c2be95817a2ce95/element/7b40f1de-d66a-4dbc-9142-d50f64a154f3/text HTTP/1.1
User-Agent: selenium/4.5.3 (java mac)
Cache-Control: no-cache
Content-Type: application/json; charset=utf-8
host: localhost:47544
accept: */*

Response DefaultHttpResponse(decodeResult: success, version: HTTP/1.1)
HTTP/1.1 200 OK
Content-Length: 30
Content-Type: application/json; charset=utf-8
cache-control: no-cache

18:21:03.056 [AsyncHttpClient-1-2] DEBUG org.asynchttpclient.netty.channel.ChannelManager - Adding key: http://localhost:47544 for channel [id: 0x15725c6d, L:/127.0.0.1:54222 - R:localhost/127.0.0.1:47544]
18:21:03.057 [Forwarding findChildElement on session 2110e51d6eb213971c2be95817a2ce95 to remote] DEBUG org.asynchttpclient.netty.request.NettyRequestSender - Using pooled Channel '[id: 0x15725c6d, L:/127.0.0.1:54222 - R:localhost/127.0.0.1:47544]' for 'POST' to 'http://localhost:47544/session/2110e51d6eb213971c2be95817a2ce95/element/0e731390-9f33-47e6-b1f2-6d30e3797c9f/element'
18:21:03.058 [Forwarding findChildElement on session 2110e51d6eb213971c2be95817a2ce95 to remote] DEBUG org.asynchttpclient.netty.request.NettyRequestSender - Using open Channel [id: 0x15725c6d, L:/127.0.0.1:54222 - R:localhost/127.0.0.1:47544] for POST '/session/2110e51d6eb213971c2be95817a2ce95/element/0e731390-9f33-47e6-b1f2-6d30e3797c9f/element'
18:21:03.070 [AsyncHttpClient-1-2] DEBUG org.asynchttpclient.netty.handler.HttpHandler - 

Request DefaultHttpRequest(decodeResult: success, version: HTTP/1.1)
POST /session/2110e51d6eb213971c2be95817a2ce95/element/0e731390-9f33-47e6-b1f2-6d30e3797c9f/element HTTP/1.1
User-Agent: selenium/4.5.3 (java mac)
Content-Length: 106
Content-Type: application/json; charset=utf-8
host: localhost:47544
accept: */*

Response DefaultHttpResponse(decodeResult: success, version: HTTP/1.1)
HTTP/1.1 200 OK
Content-Length: 88
Content-Type: application/json; charset=utf-8
cache-control: no-cache

18:21:03.070 [AsyncHttpClient-1-2] DEBUG org.asynchttpclient.netty.channel.ChannelManager - Adding key: http://localhost:47544 for channel [id: 0x15725c6d, L:/127.0.0.1:54222 - R:localhost/127.0.0.1:47544]
18:21:03.071 [Forwarding getElementText on session 2110e51d6eb213971c2be95817a2ce95 to remote] DEBUG org.asynchttpclient.netty.request.NettyRequestSender - Using pooled Channel '[id: 0x15725c6d, L:/127.0.0.1:54222 - R:localhost/127.0.0.1:47544]' for 'GET' to 'http://localhost:47544/session/2110e51d6eb213971c2be95817a2ce95/element/06ec2e6e-1496-4c6b-8632-1f61706dd3e7/text'
18:21:03.072 [Forwarding getElementText on session 2110e51d6eb213971c2be95817a2ce95 to remote] DEBUG org.asynchttpclient.netty.request.NettyRequestSender - Using open Channel [id: 0x15725c6d, L:/127.0.0.1:54222 - R:localhost/127.0.0.1:47544] for GET '/session/2110e51d6eb213971c2be95817a2ce95/element/06ec2e6e-1496-4c6b-8632-1f61706dd3e7/text'
18:21:03.292 [AsyncHttpClient-1-2] DEBUG org.asynchttpclient.netty.handler.HttpHandler - 

Request DefaultFullHttpRequest(decodeResult: success, version: HTTP/1.1, content: EmptyByteBufBE)
GET /session/2110e51d6eb213971c2be95817a2ce95/element/06ec2e6e-1496-4c6b-8632-1f61706dd3e7/text HTTP/1.1
User-Agent: selenium/4.5.3 (java mac)
Cache-Control: no-cache
Content-Type: application/json; charset=utf-8
host: localhost:47544
accept: */*

Response DefaultHttpResponse(decodeResult: success, version: HTTP/1.1)
HTTP/1.1 200 OK
Content-Length: 78
Content-Type: application/json; charset=utf-8
cache-control: no-cache

18:21:03.293 [AsyncHttpClient-1-2] DEBUG org.asynchttpclient.netty.channel.ChannelManager - Adding key: http://localhost:47544 for channel [id: 0x15725c6d, L:/127.0.0.1:54222 - R:localhost/127.0.0.1:47544]
18:21:03.296 [Forwarding findChildElement on session 2110e51d6eb213971c2be95817a2ce95 to remote] DEBUG org.asynchttpclient.netty.request.NettyRequestSender - Using pooled Channel '[id: 0x15725c6d, L:/127.0.0.1:54222 - R:localhost/127.0.0.1:47544]' for 'POST' to 'http://localhost:47544/session/2110e51d6eb213971c2be95817a2ce95/element/0e731390-9f33-47e6-b1f2-6d30e3797c9f/element'
18:21:03.296 [Forwarding findChildElement on session 2110e51d6eb213971c2be95817a2ce95 to remote] DEBUG org.asynchttpclient.netty.request.NettyRequestSender - Using open Channel [id: 0x15725c6d, L:/127.0.0.1:54222 - R:localhost/127.0.0.1:47544] for POST '/session/2110e51d6eb213971c2be95817a2ce95/element/0e731390-9f33-47e6-b1f2-6d30e3797c9f/element'
18:21:03.333 [AsyncHttpClient-1-2] DEBUG org.asynchttpclient.netty.handler.HttpHandler - 

Request DefaultHttpRequest(decodeResult: success, version: HTTP/1.1)
POST /session/2110e51d6eb213971c2be95817a2ce95/element/0e731390-9f33-47e6-b1f2-6d30e3797c9f/element HTTP/1.1
User-Agent: selenium/4.5.3 (java mac)
Content-Length: 106
Content-Type: application/json; charset=utf-8
host: localhost:47544
accept: */*

Response DefaultHttpResponse(decodeResult: success, version: HTTP/1.1)
HTTP/1.1 200 OK
Content-Length: 88
Content-Type: application/json; charset=utf-8
cache-control: no-cache

18:21:03.334 [AsyncHttpClient-1-2] DEBUG org.asynchttpclient.netty.channel.ChannelManager - Adding key: http://localhost:47544 for channel [id: 0x15725c6d, L:/127.0.0.1:54222 - R:localhost/127.0.0.1:47544]
18:21:03.335 [Forwarding getElementText on session 2110e51d6eb213971c2be95817a2ce95 to remote] DEBUG org.asynchttpclient.netty.request.NettyRequestSender - Using pooled Channel '[id: 0x15725c6d, L:/127.0.0.1:54222 - R:localhost/127.0.0.1:47544]' for 'GET' to 'http://localhost:47544/session/2110e51d6eb213971c2be95817a2ce95/element/7bd8761c-bbaf-4749-99b7-8efac9ef0f4c/text'
18:21:03.335 [Forwarding getElementText on session 2110e51d6eb213971c2be95817a2ce95 to remote] DEBUG org.asynchttpclient.netty.request.NettyRequestSender - Using open Channel [id: 0x15725c6d, L:/127.0.0.1:54222 - R:localhost/127.0.0.1:47544] for GET '/session/2110e51d6eb213971c2be95817a2ce95/element/7bd8761c-bbaf-4749-99b7-8efac9ef0f4c/text'
18:21:03.396 [AsyncHttpClient-1-2] DEBUG org.asynchttpclient.netty.handler.HttpHandler - 

Request DefaultFullHttpRequest(decodeResult: success, version: HTTP/1.1, content: EmptyByteBufBE)
GET /session/2110e51d6eb213971c2be95817a2ce95/element/7bd8761c-bbaf-4749-99b7-8efac9ef0f4c/text HTTP/1.1
User-Agent: selenium/4.5.3 (java mac)
Cache-Control: no-cache
Content-Type: application/json; charset=utf-8
host: localhost:47544
accept: */*

Response DefaultHttpResponse(decodeResult: success, version: HTTP/1.1)
HTTP/1.1 200 OK
Content-Length: 19
Content-Type: application/json; charset=utf-8
cache-control: no-cache

18:21:03.396 [AsyncHttpClient-1-2] DEBUG org.asynchttpclient.netty.channel.ChannelManager - Adding key: http://localhost:47544 for channel [id: 0x15725c6d, L:/127.0.0.1:54222 - R:localhost/127.0.0.1:47544]
18:21:03.398 [Forwarding findChildElement on session 2110e51d6eb213971c2be95817a2ce95 to remote] DEBUG org.asynchttpclient.netty.request.NettyRequestSender - Using pooled Channel '[id: 0x15725c6d, L:/127.0.0.1:54222 - R:localhost/127.0.0.1:47544]' for 'POST' to 'http://localhost:47544/session/2110e51d6eb213971c2be95817a2ce95/element/5504936f-c2fe-4e48-b7a3-ac83b4462f96/element'
18:21:03.398 [Forwarding findChildElement on session 2110e51d6eb213971c2be95817a2ce95 to remote] DEBUG org.asynchttpclient.netty.request.NettyRequestSender - Using open Channel [id: 0x15725c6d, L:/127.0.0.1:54222 - R:localhost/127.0.0.1:47544] for POST '/session/2110e51d6eb213971c2be95817a2ce95/element/5504936f-c2fe-4e48-b7a3-ac83b4462f96/element'
18:21:03.411 [AsyncHttpClient-1-1] DEBUG org.asynchttpclient.netty.channel.DefaultChannelPool - Entry count for : http://localhost:54225 : 1
18:21:03.441 [AsyncHttpClient-1-2] DEBUG org.asynchttpclient.netty.handler.HttpHandler - 

Request DefaultHttpRequest(decodeResult: success, version: HTTP/1.1)
POST /session/2110e51d6eb213971c2be95817a2ce95/element/5504936f-c2fe-4e48-b7a3-ac83b4462f96/element HTTP/1.1
User-Agent: selenium/4.5.3 (java mac)
Content-Length: 106
Content-Type: application/json; charset=utf-8
host: localhost:47544
accept: */*

Response DefaultHttpResponse(decodeResult: success, version: HTTP/1.1)
HTTP/1.1 200 OK
Content-Length: 88
Content-Type: application/json; charset=utf-8
cache-control: no-cache

18:21:03.441 [AsyncHttpClient-1-2] DEBUG org.asynchttpclient.netty.channel.ChannelManager - Adding key: http://localhost:47544 for channel [id: 0x15725c6d, L:/127.0.0.1:54222 - R:localhost/127.0.0.1:47544]
18:21:03.450 [Forwarding getElementText on session 2110e51d6eb213971c2be95817a2ce95 to remote] DEBUG org.asynchttpclient.netty.request.NettyRequestSender - Using pooled Channel '[id: 0x15725c6d, L:/127.0.0.1:54222 - R:localhost/127.0.0.1:47544]' for 'GET' to 'http://localhost:47544/session/2110e51d6eb213971c2be95817a2ce95/element/8b1eb4b3-390c-475f-8518-14c484b40972/text'
18:21:03.450 [Forwarding getElementText on session 2110e51d6eb213971c2be95817a2ce95 to remote] DEBUG org.asynchttpclient.netty.request.NettyRequestSender - Using open Channel [id: 0x15725c6d, L:/127.0.0.1:54222 - R:localhost/127.0.0.1:47544] for GET '/session/2110e51d6eb213971c2be95817a2ce95/element/8b1eb4b3-390c-475f-8518-14c484b40972/text'
18:21:03.599 [AsyncHttpClient-1-2] DEBUG org.asynchttpclient.netty.handler.HttpHandler - 

Request DefaultFullHttpRequest(decodeResult: success, version: HTTP/1.1, content: EmptyByteBufBE)
GET /session/2110e51d6eb213971c2be95817a2ce95/element/8b1eb4b3-390c-475f-8518-14c484b40972/text HTTP/1.1
User-Agent: selenium/4.5.3 (java mac)
Cache-Control: no-cache
Content-Type: application/json; charset=utf-8
host: localhost:47544
accept: */*

Response DefaultHttpResponse(decodeResult: success, version: HTTP/1.1)
HTTP/1.1 200 OK
Content-Length: 71
Content-Type: application/json; charset=utf-8
cache-control: no-cache

18:21:03.599 [AsyncHttpClient-1-2] DEBUG org.asynchttpclient.netty.channel.ChannelManager - Adding key: http://localhost:47544 for channel [id: 0x15725c6d, L:/127.0.0.1:54222 - R:localhost/127.0.0.1:47544]
18:21:03.602 [Forwarding findChildElement on session 2110e51d6eb213971c2be95817a2ce95 to remote] DEBUG org.asynchttpclient.netty.request.NettyRequestSender - Using pooled Channel '[id: 0x15725c6d, L:/127.0.0.1:54222 - R:localhost/127.0.0.1:47544]' for 'POST' to 'http://localhost:47544/session/2110e51d6eb213971c2be95817a2ce95/element/5504936f-c2fe-4e48-b7a3-ac83b4462f96/element'
18:21:03.602 [Forwarding findChildElement on session 2110e51d6eb213971c2be95817a2ce95 to remote] DEBUG org.asynchttpclient.netty.request.NettyRequestSender - Using open Channel [id: 0x15725c6d, L:/127.0.0.1:54222 - R:localhost/127.0.0.1:47544] for POST '/session/2110e51d6eb213971c2be95817a2ce95/element/5504936f-c2fe-4e48-b7a3-ac83b4462f96/element'
18:21:03.615 [AsyncHttpClient-1-2] DEBUG org.asynchttpclient.netty.handler.HttpHandler - 

Request DefaultHttpRequest(decodeResult: success, version: HTTP/1.1)
POST /session/2110e51d6eb213971c2be95817a2ce95/element/5504936f-c2fe-4e48-b7a3-ac83b4462f96/element HTTP/1.1
User-Agent: selenium/4.5.3 (java mac)
Content-Length: 106
Content-Type: application/json; charset=utf-8
host: localhost:47544
accept: */*

Response DefaultHttpResponse(decodeResult: success, version: HTTP/1.1)
HTTP/1.1 200 OK
Content-Length: 88
Content-Type: application/json; charset=utf-8
cache-control: no-cache

18:21:03.615 [AsyncHttpClient-1-2] DEBUG org.asynchttpclient.netty.channel.ChannelManager - Adding key: http://localhost:47544 for channel [id: 0x15725c6d, L:/127.0.0.1:54222 - R:localhost/127.0.0.1:47544]
18:21:03.616 [Forwarding getElementText on session 2110e51d6eb213971c2be95817a2ce95 to remote] DEBUG org.asynchttpclient.netty.request.NettyRequestSender - Using pooled Channel '[id: 0x15725c6d, L:/127.0.0.1:54222 - R:localhost/127.0.0.1:47544]' for 'GET' to 'http://localhost:47544/session/2110e51d6eb213971c2be95817a2ce95/element/e746a981-f7e3-4068-995f-ceaced927708/text'
18:21:03.616 [Forwarding getElementText on session 2110e51d6eb213971c2be95817a2ce95 to remote] DEBUG org.asynchttpclient.netty.request.NettyRequestSender - Using open Channel [id: 0x15725c6d, L:/127.0.0.1:54222 - R:localhost/127.0.0.1:47544] for GET '/session/2110e51d6eb213971c2be95817a2ce95/element/e746a981-f7e3-4068-995f-ceaced927708/text'
18:21:03.651 [AsyncHttpClient-1-2] DEBUG org.asynchttpclient.netty.handler.HttpHandler - 

Request DefaultFullHttpRequest(decodeResult: success, version: HTTP/1.1, content: EmptyByteBufBE)
GET /session/2110e51d6eb213971c2be95817a2ce95/element/e746a981-f7e3-4068-995f-ceaced927708/text HTTP/1.1
User-Agent: selenium/4.5.3 (java mac)
Cache-Control: no-cache
Content-Type: application/json; charset=utf-8
host: localhost:47544
accept: */*

Response DefaultHttpResponse(decodeResult: success, version: HTTP/1.1)
HTTP/1.1 200 OK
Content-Length: 18
Content-Type: application/json; charset=utf-8
cache-control: no-cache

18:21:03.652 [AsyncHttpClient-1-2] DEBUG org.asynchttpclient.netty.channel.ChannelManager - Adding key: http://localhost:47544 for channel [id: 0x15725c6d, L:/127.0.0.1:54222 - R:localhost/127.0.0.1:47544]
18:21:03.654 [Forwarding findChildElement on session 2110e51d6eb213971c2be95817a2ce95 to remote] DEBUG org.asynchttpclient.netty.request.NettyRequestSender - Using pooled Channel '[id: 0x15725c6d, L:/127.0.0.1:54222 - R:localhost/127.0.0.1:47544]' for 'POST' to 'http://localhost:47544/session/2110e51d6eb213971c2be95817a2ce95/element/f7da7a5b-9c05-41c9-9777-d17e8e96f7c1/element'
18:21:03.654 [Forwarding findChildElement on session 2110e51d6eb213971c2be95817a2ce95 to remote] DEBUG org.asynchttpclient.netty.request.NettyRequestSender - Using open Channel [id: 0x15725c6d, L:/127.0.0.1:54222 - R:localhost/127.0.0.1:47544] for POST '/session/2110e51d6eb213971c2be95817a2ce95/element/f7da7a5b-9c05-41c9-9777-d17e8e96f7c1/element'
18:21:03.672 [AsyncHttpClient-1-2] DEBUG org.asynchttpclient.netty.handler.HttpHandler - 

Request DefaultHttpRequest(decodeResult: success, version: HTTP/1.1)
POST /session/2110e51d6eb213971c2be95817a2ce95/element/f7da7a5b-9c05-41c9-9777-d17e8e96f7c1/element HTTP/1.1
User-Agent: selenium/4.5.3 (java mac)
Content-Length: 106
Content-Type: application/json; charset=utf-8
host: localhost:47544
accept: */*

Response DefaultHttpResponse(decodeResult: success, version: HTTP/1.1)
HTTP/1.1 200 OK
Content-Length: 88
Content-Type: application/json; charset=utf-8
cache-control: no-cache

18:21:03.673 [AsyncHttpClient-1-2] DEBUG org.asynchttpclient.netty.channel.ChannelManager - Adding key: http://localhost:47544 for channel [id: 0x15725c6d, L:/127.0.0.1:54222 - R:localhost/127.0.0.1:47544]
18:21:03.675 [Forwarding getElementText on session 2110e51d6eb213971c2be95817a2ce95 to remote] DEBUG org.asynchttpclient.netty.request.NettyRequestSender - Using pooled Channel '[id: 0x15725c6d, L:/127.0.0.1:54222 - R:localhost/127.0.0.1:47544]' for 'GET' to 'http://localhost:47544/session/2110e51d6eb213971c2be95817a2ce95/element/4f28825c-f36f-4062-a99f-67e137f447c7/text'
18:21:03.675 [Forwarding getElementText on session 2110e51d6eb213971c2be95817a2ce95 to remote] DEBUG org.asynchttpclient.netty.request.NettyRequestSender - Using open Channel [id: 0x15725c6d, L:/127.0.0.1:54222 - R:localhost/127.0.0.1:47544] for GET '/session/2110e51d6eb213971c2be95817a2ce95/element/4f28825c-f36f-4062-a99f-67e137f447c7/text'
18:21:03.951 [AsyncHttpClient-1-2] DEBUG org.asynchttpclient.netty.handler.HttpHandler - 

Request DefaultFullHttpRequest(decodeResult: success, version: HTTP/1.1, content: EmptyByteBufBE)
GET /session/2110e51d6eb213971c2be95817a2ce95/element/4f28825c-f36f-4062-a99f-67e137f447c7/text HTTP/1.1
User-Agent: selenium/4.5.3 (java mac)
Cache-Control: no-cache
Content-Type: application/json; charset=utf-8
host: localhost:47544
accept: */*

Response DefaultHttpResponse(decodeResult: success, version: HTTP/1.1)
HTTP/1.1 200 OK
Content-Length: 59
Content-Type: application/json; charset=utf-8
cache-control: no-cache

18:21:03.951 [AsyncHttpClient-1-2] DEBUG org.asynchttpclient.netty.channel.ChannelManager - Adding key: http://localhost:47544 for channel [id: 0x15725c6d, L:/127.0.0.1:54222 - R:localhost/127.0.0.1:47544]
18:21:03.952 [Forwarding findChildElement on session 2110e51d6eb213971c2be95817a2ce95 to remote] DEBUG org.asynchttpclient.netty.request.NettyRequestSender - Using pooled Channel '[id: 0x15725c6d, L:/127.0.0.1:54222 - R:localhost/127.0.0.1:47544]' for 'POST' to 'http://localhost:47544/session/2110e51d6eb213971c2be95817a2ce95/element/f7da7a5b-9c05-41c9-9777-d17e8e96f7c1/element'
18:21:03.953 [Forwarding findChildElement on session 2110e51d6eb213971c2be95817a2ce95 to remote] DEBUG org.asynchttpclient.netty.request.NettyRequestSender - Using open Channel [id: 0x15725c6d, L:/127.0.0.1:54222 - R:localhost/127.0.0.1:47544] for POST '/session/2110e51d6eb213971c2be95817a2ce95/element/f7da7a5b-9c05-41c9-9777-d17e8e96f7c1/element'
18:21:03.971 [AsyncHttpClient-1-2] DEBUG org.asynchttpclient.netty.handler.HttpHandler - 

Request DefaultHttpRequest(decodeResult: success, version: HTTP/1.1)
POST /session/2110e51d6eb213971c2be95817a2ce95/element/f7da7a5b-9c05-41c9-9777-d17e8e96f7c1/element HTTP/1.1
User-Agent: selenium/4.5.3 (java mac)
Content-Length: 106
Content-Type: application/json; charset=utf-8
host: localhost:47544
accept: */*

Response DefaultHttpResponse(decodeResult: success, version: HTTP/1.1)
HTTP/1.1 200 OK
Content-Length: 88
Content-Type: application/json; charset=utf-8
cache-control: no-cache

18:21:03.972 [AsyncHttpClient-1-2] DEBUG org.asynchttpclient.netty.channel.ChannelManager - Adding key: http://localhost:47544 for channel [id: 0x15725c6d, L:/127.0.0.1:54222 - R:localhost/127.0.0.1:47544]
18:21:03.974 [Forwarding getElementText on session 2110e51d6eb213971c2be95817a2ce95 to remote] DEBUG org.asynchttpclient.netty.request.NettyRequestSender - Using pooled Channel '[id: 0x15725c6d, L:/127.0.0.1:54222 - R:localhost/127.0.0.1:47544]' for 'GET' to 'http://localhost:47544/session/2110e51d6eb213971c2be95817a2ce95/element/e70d4ad9-a0bb-4287-96bd-6d62b557fc58/text'
18:21:03.974 [Forwarding getElementText on session 2110e51d6eb213971c2be95817a2ce95 to remote] DEBUG org.asynchttpclient.netty.request.NettyRequestSender - Using open Channel [id: 0x15725c6d, L:/127.0.0.1:54222 - R:localhost/127.0.0.1:47544] for GET '/session/2110e51d6eb213971c2be95817a2ce95/element/e70d4ad9-a0bb-4287-96bd-6d62b557fc58/text'
18:21:04.033 [AsyncHttpClient-1-2] DEBUG org.asynchttpclient.netty.handler.HttpHandler - 

Request DefaultFullHttpRequest(decodeResult: success, version: HTTP/1.1, content: EmptyByteBufBE)
GET /session/2110e51d6eb213971c2be95817a2ce95/element/e70d4ad9-a0bb-4287-96bd-6d62b557fc58/text HTTP/1.1
User-Agent: selenium/4.5.3 (java mac)
Cache-Control: no-cache
Content-Type: application/json; charset=utf-8
host: localhost:47544
accept: */*

Response DefaultHttpResponse(decodeResult: success, version: HTTP/1.1)
HTTP/1.1 200 OK
Content-Length: 19
Content-Type: application/json; charset=utf-8
cache-control: no-cache

18:21:04.034 [AsyncHttpClient-1-2] DEBUG org.asynchttpclient.netty.channel.ChannelManager - Adding key: http://localhost:47544 for channel [id: 0x15725c6d, L:/127.0.0.1:54222 - R:localhost/127.0.0.1:47544]
18:21:04.037 [Forwarding findChildElement on session 2110e51d6eb213971c2be95817a2ce95 to remote] DEBUG org.asynchttpclient.netty.request.NettyRequestSender - Using pooled Channel '[id: 0x15725c6d, L:/127.0.0.1:54222 - R:localhost/127.0.0.1:47544]' for 'POST' to 'http://localhost:47544/session/2110e51d6eb213971c2be95817a2ce95/element/1d6351ff-fa1f-4644-b2c2-b4fb42a6de5a/element'
18:21:04.037 [Forwarding findChildElement on session 2110e51d6eb213971c2be95817a2ce95 to remote] DEBUG org.asynchttpclient.netty.request.NettyRequestSender - Using open Channel [id: 0x15725c6d, L:/127.0.0.1:54222 - R:localhost/127.0.0.1:47544] for POST '/session/2110e51d6eb213971c2be95817a2ce95/element/1d6351ff-fa1f-4644-b2c2-b4fb42a6de5a/element'
18:21:04.193 [AsyncHttpClient-1-2] DEBUG org.asynchttpclient.netty.handler.HttpHandler - 

Request DefaultHttpRequest(decodeResult: success, version: HTTP/1.1)
POST /session/2110e51d6eb213971c2be95817a2ce95/element/1d6351ff-fa1f-4644-b2c2-b4fb42a6de5a/element HTTP/1.1
User-Agent: selenium/4.5.3 (java mac)
Content-Length: 106
Content-Type: application/json; charset=utf-8
host: localhost:47544
accept: */*

Response DefaultHttpResponse(decodeResult: success, version: HTTP/1.1)
HTTP/1.1 200 OK
Content-Length: 88
Content-Type: application/json; charset=utf-8
cache-control: no-cache

18:21:04.193 [AsyncHttpClient-1-2] DEBUG org.asynchttpclient.netty.channel.ChannelManager - Adding key: http://localhost:47544 for channel [id: 0x15725c6d, L:/127.0.0.1:54222 - R:localhost/127.0.0.1:47544]
18:21:04.194 [Forwarding getElementText on session 2110e51d6eb213971c2be95817a2ce95 to remote] DEBUG org.asynchttpclient.netty.request.NettyRequestSender - Using pooled Channel '[id: 0x15725c6d, L:/127.0.0.1:54222 - R:localhost/127.0.0.1:47544]' for 'GET' to 'http://localhost:47544/session/2110e51d6eb213971c2be95817a2ce95/element/16d45399-b4db-4fd7-95f7-15404f39570e/text'
18:21:04.195 [Forwarding getElementText on session 2110e51d6eb213971c2be95817a2ce95 to remote] DEBUG org.asynchttpclient.netty.request.NettyRequestSender - Using open Channel [id: 0x15725c6d, L:/127.0.0.1:54222 - R:localhost/127.0.0.1:47544] for GET '/session/2110e51d6eb213971c2be95817a2ce95/element/16d45399-b4db-4fd7-95f7-15404f39570e/text'
18:21:04.331 [AsyncHttpClient-1-2] DEBUG org.asynchttpclient.netty.handler.HttpHandler - 

Request DefaultFullHttpRequest(decodeResult: success, version: HTTP/1.1, content: EmptyByteBufBE)
GET /session/2110e51d6eb213971c2be95817a2ce95/element/16d45399-b4db-4fd7-95f7-15404f39570e/text HTTP/1.1
User-Agent: selenium/4.5.3 (java mac)
Cache-Control: no-cache
Content-Type: application/json; charset=utf-8
host: localhost:47544
accept: */*

Response DefaultHttpResponse(decodeResult: success, version: HTTP/1.1)
HTTP/1.1 200 OK
Content-Length: 92
Content-Type: application/json; charset=utf-8
cache-control: no-cache

18:21:04.331 [AsyncHttpClient-1-2] DEBUG org.asynchttpclient.netty.channel.ChannelManager - Adding key: http://localhost:47544 for channel [id: 0x15725c6d, L:/127.0.0.1:54222 - R:localhost/127.0.0.1:47544]
18:21:04.333 [Forwarding findChildElement on session 2110e51d6eb213971c2be95817a2ce95 to remote] DEBUG org.asynchttpclient.netty.request.NettyRequestSender - Using pooled Channel '[id: 0x15725c6d, L:/127.0.0.1:54222 - R:localhost/127.0.0.1:47544]' for 'POST' to 'http://localhost:47544/session/2110e51d6eb213971c2be95817a2ce95/element/1d6351ff-fa1f-4644-b2c2-b4fb42a6de5a/element'
18:21:04.333 [Forwarding findChildElement on session 2110e51d6eb213971c2be95817a2ce95 to remote] DEBUG org.asynchttpclient.netty.request.NettyRequestSender - Using open Channel [id: 0x15725c6d, L:/127.0.0.1:54222 - R:localhost/127.0.0.1:47544] for POST '/session/2110e51d6eb213971c2be95817a2ce95/element/1d6351ff-fa1f-4644-b2c2-b4fb42a6de5a/element'
18:21:04.347 [AsyncHttpClient-1-2] DEBUG org.asynchttpclient.netty.handler.HttpHandler - 

Request DefaultHttpRequest(decodeResult: success, version: HTTP/1.1)
POST /session/2110e51d6eb213971c2be95817a2ce95/element/1d6351ff-fa1f-4644-b2c2-b4fb42a6de5a/element HTTP/1.1
User-Agent: selenium/4.5.3 (java mac)
Content-Length: 106
Content-Type: application/json; charset=utf-8
host: localhost:47544
accept: */*

Response DefaultHttpResponse(decodeResult: success, version: HTTP/1.1)
HTTP/1.1 200 OK
Content-Length: 88
Content-Type: application/json; charset=utf-8
cache-control: no-cache

18:21:04.347 [AsyncHttpClient-1-2] DEBUG org.asynchttpclient.netty.channel.ChannelManager - Adding key: http://localhost:47544 for channel [id: 0x15725c6d, L:/127.0.0.1:54222 - R:localhost/127.0.0.1:47544]
18:21:04.348 [Forwarding getElementText on session 2110e51d6eb213971c2be95817a2ce95 to remote] DEBUG org.asynchttpclient.netty.request.NettyRequestSender - Using pooled Channel '[id: 0x15725c6d, L:/127.0.0.1:54222 - R:localhost/127.0.0.1:47544]' for 'GET' to 'http://localhost:47544/session/2110e51d6eb213971c2be95817a2ce95/element/9485d7d9-d3c6-4091-a67a-694bacb7d80f/text'
18:21:04.349 [Forwarding getElementText on session 2110e51d6eb213971c2be95817a2ce95 to remote] DEBUG org.asynchttpclient.netty.request.NettyRequestSender - Using open Channel [id: 0x15725c6d, L:/127.0.0.1:54222 - R:localhost/127.0.0.1:47544] for GET '/session/2110e51d6eb213971c2be95817a2ce95/element/9485d7d9-d3c6-4091-a67a-694bacb7d80f/text'
18:21:04.389 [AsyncHttpClient-1-2] DEBUG org.asynchttpclient.netty.handler.HttpHandler - 

Request DefaultFullHttpRequest(decodeResult: success, version: HTTP/1.1, content: EmptyByteBufBE)
GET /session/2110e51d6eb213971c2be95817a2ce95/element/9485d7d9-d3c6-4091-a67a-694bacb7d80f/text HTTP/1.1
User-Agent: selenium/4.5.3 (java mac)
Cache-Control: no-cache
Content-Type: application/json; charset=utf-8
host: localhost:47544
accept: */*

Response DefaultHttpResponse(decodeResult: success, version: HTTP/1.1)
HTTP/1.1 200 OK
Content-Length: 30
Content-Type: application/json; charset=utf-8
cache-control: no-cache

18:21:04.390 [AsyncHttpClient-1-2] DEBUG org.asynchttpclient.netty.channel.ChannelManager - Adding key: http://localhost:47544 for channel [id: 0x15725c6d, L:/127.0.0.1:54222 - R:localhost/127.0.0.1:47544]
18:21:04.392 [Forwarding findChildElement on session 2110e51d6eb213971c2be95817a2ce95 to remote] DEBUG org.asynchttpclient.netty.request.NettyRequestSender - Using pooled Channel '[id: 0x15725c6d, L:/127.0.0.1:54222 - R:localhost/127.0.0.1:47544]' for 'POST' to 'http://localhost:47544/session/2110e51d6eb213971c2be95817a2ce95/element/8846f5d6-d2b4-4a67-a746-5ba8f453f61c/element'
18:21:04.392 [Forwarding findChildElement on session 2110e51d6eb213971c2be95817a2ce95 to remote] DEBUG org.asynchttpclient.netty.request.NettyRequestSender - Using open Channel [id: 0x15725c6d, L:/127.0.0.1:54222 - R:localhost/127.0.0.1:47544] for POST '/session/2110e51d6eb213971c2be95817a2ce95/element/8846f5d6-d2b4-4a67-a746-5ba8f453f61c/element'
18:21:04.415 [AsyncHttpClient-1-2] DEBUG org.asynchttpclient.netty.handler.HttpHandler - 

Request DefaultHttpRequest(decodeResult: success, version: HTTP/1.1)
POST /session/2110e51d6eb213971c2be95817a2ce95/element/8846f5d6-d2b4-4a67-a746-5ba8f453f61c/element HTTP/1.1
User-Agent: selenium/4.5.3 (java mac)
Content-Length: 106
Content-Type: application/json; charset=utf-8
host: localhost:47544
accept: */*

Response DefaultHttpResponse(decodeResult: success, version: HTTP/1.1)
HTTP/1.1 200 OK
Content-Length: 88
Content-Type: application/json; charset=utf-8
cache-control: no-cache

18:21:04.416 [AsyncHttpClient-1-2] DEBUG org.asynchttpclient.netty.channel.ChannelManager - Adding key: http://localhost:47544 for channel [id: 0x15725c6d, L:/127.0.0.1:54222 - R:localhost/127.0.0.1:47544]
18:21:04.418 [Forwarding getElementText on session 2110e51d6eb213971c2be95817a2ce95 to remote] DEBUG org.asynchttpclient.netty.request.NettyRequestSender - Using pooled Channel '[id: 0x15725c6d, L:/127.0.0.1:54222 - R:localhost/127.0.0.1:47544]' for 'GET' to 'http://localhost:47544/session/2110e51d6eb213971c2be95817a2ce95/element/9e4d0ea6-56f6-4f7a-831c-5b4177a61616/text'
18:21:04.418 [Forwarding getElementText on session 2110e51d6eb213971c2be95817a2ce95 to remote] DEBUG org.asynchttpclient.netty.request.NettyRequestSender - Using open Channel [id: 0x15725c6d, L:/127.0.0.1:54222 - R:localhost/127.0.0.1:47544] for GET '/session/2110e51d6eb213971c2be95817a2ce95/element/9e4d0ea6-56f6-4f7a-831c-5b4177a61616/text'
18:21:04.443 [AsyncHttpClient-1-2] DEBUG org.asynchttpclient.netty.handler.HttpHandler - 

Request DefaultFullHttpRequest(decodeResult: success, version: HTTP/1.1, content: EmptyByteBufBE)
GET /session/2110e51d6eb213971c2be95817a2ce95/element/9e4d0ea6-56f6-4f7a-831c-5b4177a61616/text HTTP/1.1
User-Agent: selenium/4.5.3 (java mac)
Cache-Control: no-cache
Content-Type: application/json; charset=utf-8
host: localhost:47544
accept: */*

Response DefaultHttpResponse(decodeResult: success, version: HTTP/1.1)
HTTP/1.1 200 OK
Content-Length: 64
Content-Type: application/json; charset=utf-8
cache-control: no-cache

18:21:04.443 [AsyncHttpClient-1-2] DEBUG org.asynchttpclient.netty.channel.ChannelManager - Adding key: http://localhost:47544 for channel [id: 0x15725c6d, L:/127.0.0.1:54222 - R:localhost/127.0.0.1:47544]
18:21:04.446 [Forwarding findChildElement on session 2110e51d6eb213971c2be95817a2ce95 to remote] DEBUG org.asynchttpclient.netty.request.NettyRequestSender - Using pooled Channel '[id: 0x15725c6d, L:/127.0.0.1:54222 - R:localhost/127.0.0.1:47544]' for 'POST' to 'http://localhost:47544/session/2110e51d6eb213971c2be95817a2ce95/element/8846f5d6-d2b4-4a67-a746-5ba8f453f61c/element'
18:21:04.446 [Forwarding findChildElement on session 2110e51d6eb213971c2be95817a2ce95 to remote] DEBUG org.asynchttpclient.netty.request.NettyRequestSender - Using open Channel [id: 0x15725c6d, L:/127.0.0.1:54222 - R:localhost/127.0.0.1:47544] for POST '/session/2110e51d6eb213971c2be95817a2ce95/element/8846f5d6-d2b4-4a67-a746-5ba8f453f61c/element'
18:21:04.509 [AsyncHttpClient-1-1] DEBUG org.asynchttpclient.netty.channel.DefaultChannelPool - Entry count for : http://localhost:54225 : 1
18:21:04.709 [AsyncHttpClient-1-2] DEBUG org.asynchttpclient.netty.handler.HttpHandler - 

Request DefaultHttpRequest(decodeResult: success, version: HTTP/1.1)
POST /session/2110e51d6eb213971c2be95817a2ce95/element/8846f5d6-d2b4-4a67-a746-5ba8f453f61c/element HTTP/1.1
User-Agent: selenium/4.5.3 (java mac)
Content-Length: 106
Content-Type: application/json; charset=utf-8
host: localhost:47544
accept: */*

Response DefaultHttpResponse(decodeResult: success, version: HTTP/1.1)
HTTP/1.1 200 OK
Content-Length: 88
Content-Type: application/json; charset=utf-8
cache-control: no-cache

18:21:04.714 [AsyncHttpClient-1-2] DEBUG org.asynchttpclient.netty.channel.ChannelManager - Adding key: http://localhost:47544 for channel [id: 0x15725c6d, L:/127.0.0.1:54222 - R:localhost/127.0.0.1:47544]
18:21:04.773 [Forwarding getElementText on session 2110e51d6eb213971c2be95817a2ce95 to remote] DEBUG org.asynchttpclient.netty.request.NettyRequestSender - Using pooled Channel '[id: 0x15725c6d, L:/127.0.0.1:54222 - R:localhost/127.0.0.1:47544]' for 'GET' to 'http://localhost:47544/session/2110e51d6eb213971c2be95817a2ce95/element/34d9959e-8a7f-4f6d-8b8c-77a6128f9001/text'
18:21:04.773 [Forwarding getElementText on session 2110e51d6eb213971c2be95817a2ce95 to remote] DEBUG org.asynchttpclient.netty.request.NettyRequestSender - Using open Channel [id: 0x15725c6d, L:/127.0.0.1:54222 - R:localhost/127.0.0.1:47544] for GET '/session/2110e51d6eb213971c2be95817a2ce95/element/34d9959e-8a7f-4f6d-8b8c-77a6128f9001/text'
18:21:04.887 [AsyncHttpClient-1-2] DEBUG org.asynchttpclient.netty.handler.HttpHandler - 

Request DefaultFullHttpRequest(decodeResult: success, version: HTTP/1.1, content: EmptyByteBufBE)
GET /session/2110e51d6eb213971c2be95817a2ce95/element/34d9959e-8a7f-4f6d-8b8c-77a6128f9001/text HTTP/1.1
User-Agent: selenium/4.5.3 (java mac)
Cache-Control: no-cache
Content-Type: application/json; charset=utf-8
host: localhost:47544
accept: */*

Response DefaultHttpResponse(decodeResult: success, version: HTTP/1.1)
HTTP/1.1 200 OK
Content-Length: 19
Content-Type: application/json; charset=utf-8
cache-control: no-cache

18:21:04.888 [AsyncHttpClient-1-2] DEBUG org.asynchttpclient.netty.channel.ChannelManager - Adding key: http://localhost:47544 for channel [id: 0x15725c6d, L:/127.0.0.1:54222 - R:localhost/127.0.0.1:47544]
18:21:04.889 [Forwarding findChildElement on session 2110e51d6eb213971c2be95817a2ce95 to remote] DEBUG org.asynchttpclient.netty.request.NettyRequestSender - Using pooled Channel '[id: 0x15725c6d, L:/127.0.0.1:54222 - R:localhost/127.0.0.1:47544]' for 'POST' to 'http://localhost:47544/session/2110e51d6eb213971c2be95817a2ce95/element/0a0a1aa7-7cb2-4061-a4a1-c5e7454d159a/element'
18:21:04.890 [Forwarding findChildElement on session 2110e51d6eb213971c2be95817a2ce95 to remote] DEBUG org.asynchttpclient.netty.request.NettyRequestSender - Using open Channel [id: 0x15725c6d, L:/127.0.0.1:54222 - R:localhost/127.0.0.1:47544] for POST '/session/2110e51d6eb213971c2be95817a2ce95/element/0a0a1aa7-7cb2-4061-a4a1-c5e7454d159a/element'
18:21:05.088 [AsyncHttpClient-1-2] DEBUG org.asynchttpclient.netty.handler.HttpHandler - 

Request DefaultHttpRequest(decodeResult: success, version: HTTP/1.1)
POST /session/2110e51d6eb213971c2be95817a2ce95/element/0a0a1aa7-7cb2-4061-a4a1-c5e7454d159a/element HTTP/1.1
User-Agent: selenium/4.5.3 (java mac)
Content-Length: 106
Content-Type: application/json; charset=utf-8
host: localhost:47544
accept: */*

Response DefaultHttpResponse(decodeResult: success, version: HTTP/1.1)
HTTP/1.1 200 OK
Content-Length: 88
Content-Type: application/json; charset=utf-8
cache-control: no-cache

18:21:05.088 [AsyncHttpClient-1-2] DEBUG org.asynchttpclient.netty.channel.ChannelManager - Adding key: http://localhost:47544 for channel [id: 0x15725c6d, L:/127.0.0.1:54222 - R:localhost/127.0.0.1:47544]
18:21:05.089 [Forwarding getElementText on session 2110e51d6eb213971c2be95817a2ce95 to remote] DEBUG org.asynchttpclient.netty.request.NettyRequestSender - Using pooled Channel '[id: 0x15725c6d, L:/127.0.0.1:54222 - R:localhost/127.0.0.1:47544]' for 'GET' to 'http://localhost:47544/session/2110e51d6eb213971c2be95817a2ce95/element/6b7bfc3e-a350-4337-a0ff-cf2676fe8607/text'
18:21:05.090 [Forwarding getElementText on session 2110e51d6eb213971c2be95817a2ce95 to remote] DEBUG org.asynchttpclient.netty.request.NettyRequestSender - Using open Channel [id: 0x15725c6d, L:/127.0.0.1:54222 - R:localhost/127.0.0.1:47544] for GET '/session/2110e51d6eb213971c2be95817a2ce95/element/6b7bfc3e-a350-4337-a0ff-cf2676fe8607/text'
18:21:05.125 [AsyncHttpClient-1-2] DEBUG org.asynchttpclient.netty.handler.HttpHandler - 

Request DefaultFullHttpRequest(decodeResult: success, version: HTTP/1.1, content: EmptyByteBufBE)
GET /session/2110e51d6eb213971c2be95817a2ce95/element/6b7bfc3e-a350-4337-a0ff-cf2676fe8607/text HTTP/1.1
User-Agent: selenium/4.5.3 (java mac)
Cache-Control: no-cache
Content-Type: application/json; charset=utf-8
host: localhost:47544
accept: */*

Response DefaultHttpResponse(decodeResult: success, version: HTTP/1.1)
HTTP/1.1 200 OK
Content-Length: 91
Content-Type: application/json; charset=utf-8
cache-control: no-cache

18:21:05.125 [AsyncHttpClient-1-2] DEBUG org.asynchttpclient.netty.channel.ChannelManager - Adding key: http://localhost:47544 for channel [id: 0x15725c6d, L:/127.0.0.1:54222 - R:localhost/127.0.0.1:47544]
18:21:05.127 [Forwarding findChildElement on session 2110e51d6eb213971c2be95817a2ce95 to remote] DEBUG org.asynchttpclient.netty.request.NettyRequestSender - Using pooled Channel '[id: 0x15725c6d, L:/127.0.0.1:54222 - R:localhost/127.0.0.1:47544]' for 'POST' to 'http://localhost:47544/session/2110e51d6eb213971c2be95817a2ce95/element/0a0a1aa7-7cb2-4061-a4a1-c5e7454d159a/element'
18:21:05.128 [Forwarding findChildElement on session 2110e51d6eb213971c2be95817a2ce95 to remote] DEBUG org.asynchttpclient.netty.request.NettyRequestSender - Using open Channel [id: 0x15725c6d, L:/127.0.0.1:54222 - R:localhost/127.0.0.1:47544] for POST '/session/2110e51d6eb213971c2be95817a2ce95/element/0a0a1aa7-7cb2-4061-a4a1-c5e7454d159a/element'
18:21:05.144 [AsyncHttpClient-1-2] DEBUG org.asynchttpclient.netty.handler.HttpHandler - 

Request DefaultHttpRequest(decodeResult: success, version: HTTP/1.1)
POST /session/2110e51d6eb213971c2be95817a2ce95/element/0a0a1aa7-7cb2-4061-a4a1-c5e7454d159a/element HTTP/1.1
User-Agent: selenium/4.5.3 (java mac)
Content-Length: 106
Content-Type: application/json; charset=utf-8
host: localhost:47544
accept: */*

Response DefaultHttpResponse(decodeResult: success, version: HTTP/1.1)
HTTP/1.1 200 OK
Content-Length: 88
Content-Type: application/json; charset=utf-8
cache-control: no-cache

18:21:05.144 [AsyncHttpClient-1-2] DEBUG org.asynchttpclient.netty.channel.ChannelManager - Adding key: http://localhost:47544 for channel [id: 0x15725c6d, L:/127.0.0.1:54222 - R:localhost/127.0.0.1:47544]
18:21:05.145 [Forwarding getElementText on session 2110e51d6eb213971c2be95817a2ce95 to remote] DEBUG org.asynchttpclient.netty.request.NettyRequestSender - Using pooled Channel '[id: 0x15725c6d, L:/127.0.0.1:54222 - R:localhost/127.0.0.1:47544]' for 'GET' to 'http://localhost:47544/session/2110e51d6eb213971c2be95817a2ce95/element/9a2d39fb-3895-42df-9b13-ad1279e3d451/text'
18:21:05.145 [Forwarding getElementText on session 2110e51d6eb213971c2be95817a2ce95 to remote] DEBUG org.asynchttpclient.netty.request.NettyRequestSender - Using open Channel [id: 0x15725c6d, L:/127.0.0.1:54222 - R:localhost/127.0.0.1:47544] for GET '/session/2110e51d6eb213971c2be95817a2ce95/element/9a2d39fb-3895-42df-9b13-ad1279e3d451/text'
18:21:05.166 [AsyncHttpClient-1-2] DEBUG org.asynchttpclient.netty.handler.HttpHandler - 

Request DefaultFullHttpRequest(decodeResult: success, version: HTTP/1.1, content: EmptyByteBufBE)
GET /session/2110e51d6eb213971c2be95817a2ce95/element/9a2d39fb-3895-42df-9b13-ad1279e3d451/text HTTP/1.1
User-Agent: selenium/4.5.3 (java mac)
Cache-Control: no-cache
Content-Type: application/json; charset=utf-8
host: localhost:47544
accept: */*

Response DefaultHttpResponse(decodeResult: success, version: HTTP/1.1)
HTTP/1.1 200 OK
Content-Length: 30
Content-Type: application/json; charset=utf-8
cache-control: no-cache

18:21:05.166 [AsyncHttpClient-1-2] DEBUG org.asynchttpclient.netty.channel.ChannelManager - Adding key: http://localhost:47544 for channel [id: 0x15725c6d, L:/127.0.0.1:54222 - R:localhost/127.0.0.1:47544]
18:21:05.168 [Forwarding findChildElement on session 2110e51d6eb213971c2be95817a2ce95 to remote] DEBUG org.asynchttpclient.netty.request.NettyRequestSender - Using pooled Channel '[id: 0x15725c6d, L:/127.0.0.1:54222 - R:localhost/127.0.0.1:47544]' for 'POST' to 'http://localhost:47544/session/2110e51d6eb213971c2be95817a2ce95/element/64d0ed05-670e-4326-b3ba-37f15771d411/element'
18:21:05.168 [Forwarding findChildElement on session 2110e51d6eb213971c2be95817a2ce95 to remote] DEBUG org.asynchttpclient.netty.request.NettyRequestSender - Using open Channel [id: 0x15725c6d, L:/127.0.0.1:54222 - R:localhost/127.0.0.1:47544] for POST '/session/2110e51d6eb213971c2be95817a2ce95/element/64d0ed05-670e-4326-b3ba-37f15771d411/element'
18:21:05.182 [AsyncHttpClient-1-2] DEBUG org.asynchttpclient.netty.handler.HttpHandler - 

Request DefaultHttpRequest(decodeResult: success, version: HTTP/1.1)
POST /session/2110e51d6eb213971c2be95817a2ce95/element/64d0ed05-670e-4326-b3ba-37f15771d411/element HTTP/1.1
User-Agent: selenium/4.5.3 (java mac)
Content-Length: 106
Content-Type: application/json; charset=utf-8
host: localhost:47544
accept: */*

Response DefaultHttpResponse(decodeResult: success, version: HTTP/1.1)
HTTP/1.1 200 OK
Content-Length: 88
Content-Type: application/json; charset=utf-8
cache-control: no-cache

18:21:05.182 [AsyncHttpClient-1-2] DEBUG org.asynchttpclient.netty.channel.ChannelManager - Adding key: http://localhost:47544 for channel [id: 0x15725c6d, L:/127.0.0.1:54222 - R:localhost/127.0.0.1:47544]
18:21:05.183 [Forwarding getElementText on session 2110e51d6eb213971c2be95817a2ce95 to remote] DEBUG org.asynchttpclient.netty.request.NettyRequestSender - Using pooled Channel '[id: 0x15725c6d, L:/127.0.0.1:54222 - R:localhost/127.0.0.1:47544]' for 'GET' to 'http://localhost:47544/session/2110e51d6eb213971c2be95817a2ce95/element/09f28452-79e1-4086-9621-27e196a85724/text'
18:21:05.184 [Forwarding getElementText on session 2110e51d6eb213971c2be95817a2ce95 to remote] DEBUG org.asynchttpclient.netty.request.NettyRequestSender - Using open Channel [id: 0x15725c6d, L:/127.0.0.1:54222 - R:localhost/127.0.0.1:47544] for GET '/session/2110e51d6eb213971c2be95817a2ce95/element/09f28452-79e1-4086-9621-27e196a85724/text'
18:21:05.486 [AsyncHttpClient-1-2] DEBUG org.asynchttpclient.netty.handler.HttpHandler - 

Request DefaultFullHttpRequest(decodeResult: success, version: HTTP/1.1, content: EmptyByteBufBE)
GET /session/2110e51d6eb213971c2be95817a2ce95/element/09f28452-79e1-4086-9621-27e196a85724/text HTTP/1.1
User-Agent: selenium/4.5.3 (java mac)
Cache-Control: no-cache
Content-Type: application/json; charset=utf-8
host: localhost:47544
accept: */*

Response DefaultHttpResponse(decodeResult: success, version: HTTP/1.1)
HTTP/1.1 200 OK
Content-Length: 68
Content-Type: application/json; charset=utf-8
cache-control: no-cache

18:21:05.486 [AsyncHttpClient-1-2] DEBUG org.asynchttpclient.netty.channel.ChannelManager - Adding key: http://localhost:47544 for channel [id: 0x15725c6d, L:/127.0.0.1:54222 - R:localhost/127.0.0.1:47544]
18:21:05.488 [Forwarding findChildElement on session 2110e51d6eb213971c2be95817a2ce95 to remote] DEBUG org.asynchttpclient.netty.request.NettyRequestSender - Using pooled Channel '[id: 0x15725c6d, L:/127.0.0.1:54222 - R:localhost/127.0.0.1:47544]' for 'POST' to 'http://localhost:47544/session/2110e51d6eb213971c2be95817a2ce95/element/64d0ed05-670e-4326-b3ba-37f15771d411/element'
18:21:05.488 [Forwarding findChildElement on session 2110e51d6eb213971c2be95817a2ce95 to remote] DEBUG org.asynchttpclient.netty.request.NettyRequestSender - Using open Channel [id: 0x15725c6d, L:/127.0.0.1:54222 - R:localhost/127.0.0.1:47544] for POST '/session/2110e51d6eb213971c2be95817a2ce95/element/64d0ed05-670e-4326-b3ba-37f15771d411/element'
18:21:05.506 [AsyncHttpClient-1-2] DEBUG org.asynchttpclient.netty.handler.HttpHandler - 

Request DefaultHttpRequest(decodeResult: success, version: HTTP/1.1)
POST /session/2110e51d6eb213971c2be95817a2ce95/element/64d0ed05-670e-4326-b3ba-37f15771d411/element HTTP/1.1
User-Agent: selenium/4.5.3 (java mac)
Content-Length: 106
Content-Type: application/json; charset=utf-8
host: localhost:47544
accept: */*

Response DefaultHttpResponse(decodeResult: success, version: HTTP/1.1)
HTTP/1.1 200 OK
Content-Length: 88
Content-Type: application/json; charset=utf-8
cache-control: no-cache

18:21:05.510 [AsyncHttpClient-1-2] DEBUG org.asynchttpclient.netty.channel.ChannelManager - Adding key: http://localhost:47544 for channel [id: 0x15725c6d, L:/127.0.0.1:54222 - R:localhost/127.0.0.1:47544]
18:21:05.513 [Forwarding getElementText on session 2110e51d6eb213971c2be95817a2ce95 to remote] DEBUG org.asynchttpclient.netty.request.NettyRequestSender - Using pooled Channel '[id: 0x15725c6d, L:/127.0.0.1:54222 - R:localhost/127.0.0.1:47544]' for 'GET' to 'http://localhost:47544/session/2110e51d6eb213971c2be95817a2ce95/element/5340adb2-307e-46b2-a9e5-51876557bc48/text'
18:21:05.513 [Forwarding getElementText on session 2110e51d6eb213971c2be95817a2ce95 to remote] DEBUG org.asynchttpclient.netty.request.NettyRequestSender - Using open Channel [id: 0x15725c6d, L:/127.0.0.1:54222 - R:localhost/127.0.0.1:47544] for GET '/session/2110e51d6eb213971c2be95817a2ce95/element/5340adb2-307e-46b2-a9e5-51876557bc48/text'
18:21:05.531 [AsyncHttpClient-1-2] DEBUG org.asynchttpclient.netty.handler.HttpHandler - 

Request DefaultFullHttpRequest(decodeResult: success, version: HTTP/1.1, content: EmptyByteBufBE)
GET /session/2110e51d6eb213971c2be95817a2ce95/element/5340adb2-307e-46b2-a9e5-51876557bc48/text HTTP/1.1
User-Agent: selenium/4.5.3 (java mac)
Cache-Control: no-cache
Content-Type: application/json; charset=utf-8
host: localhost:47544
accept: */*

Response DefaultHttpResponse(decodeResult: success, version: HTTP/1.1)
HTTP/1.1 200 OK
Content-Length: 19
Content-Type: application/json; charset=utf-8
cache-control: no-cache

18:21:05.531 [AsyncHttpClient-1-2] DEBUG org.asynchttpclient.netty.channel.ChannelManager - Adding key: http://localhost:47544 for channel [id: 0x15725c6d, L:/127.0.0.1:54222 - R:localhost/127.0.0.1:47544]
18:21:05.539 [Forwarding findChildElement on session 2110e51d6eb213971c2be95817a2ce95 to remote] DEBUG org.asynchttpclient.netty.request.NettyRequestSender - Using pooled Channel '[id: 0x15725c6d, L:/127.0.0.1:54222 - R:localhost/127.0.0.1:47544]' for 'POST' to 'http://localhost:47544/session/2110e51d6eb213971c2be95817a2ce95/element/1af6a5a9-ac7f-4981-be56-a30405963938/element'
18:21:05.539 [Forwarding findChildElement on session 2110e51d6eb213971c2be95817a2ce95 to remote] DEBUG org.asynchttpclient.netty.request.NettyRequestSender - Using open Channel [id: 0x15725c6d, L:/127.0.0.1:54222 - R:localhost/127.0.0.1:47544] for POST '/session/2110e51d6eb213971c2be95817a2ce95/element/1af6a5a9-ac7f-4981-be56-a30405963938/element'
18:21:05.561 [AsyncHttpClient-1-2] DEBUG org.asynchttpclient.netty.handler.HttpHandler - 

Request DefaultHttpRequest(decodeResult: success, version: HTTP/1.1)
POST /session/2110e51d6eb213971c2be95817a2ce95/element/1af6a5a9-ac7f-4981-be56-a30405963938/element HTTP/1.1
User-Agent: selenium/4.5.3 (java mac)
Content-Length: 106
Content-Type: application/json; charset=utf-8
host: localhost:47544
accept: */*

Response DefaultHttpResponse(decodeResult: success, version: HTTP/1.1)
HTTP/1.1 200 OK
Content-Length: 88
Content-Type: application/json; charset=utf-8
cache-control: no-cache

18:21:05.564 [AsyncHttpClient-1-2] DEBUG org.asynchttpclient.netty.channel.ChannelManager - Adding key: http://localhost:47544 for channel [id: 0x15725c6d, L:/127.0.0.1:54222 - R:localhost/127.0.0.1:47544]
18:21:05.569 [Forwarding getElementText on session 2110e51d6eb213971c2be95817a2ce95 to remote] DEBUG org.asynchttpclient.netty.request.NettyRequestSender - Using pooled Channel '[id: 0x15725c6d, L:/127.0.0.1:54222 - R:localhost/127.0.0.1:47544]' for 'GET' to 'http://localhost:47544/session/2110e51d6eb213971c2be95817a2ce95/element/775dc960-ea48-441d-bd80-fb42b0af823a/text'
18:21:05.569 [Forwarding getElementText on session 2110e51d6eb213971c2be95817a2ce95 to remote] DEBUG org.asynchttpclient.netty.request.NettyRequestSender - Using open Channel [id: 0x15725c6d, L:/127.0.0.1:54222 - R:localhost/127.0.0.1:47544] for GET '/session/2110e51d6eb213971c2be95817a2ce95/element/775dc960-ea48-441d-bd80-fb42b0af823a/text'
18:21:05.612 [AsyncHttpClient-1-1] DEBUG org.asynchttpclient.netty.channel.DefaultChannelPool - Entry count for : http://localhost:54225 : 1
18:21:05.832 [AsyncHttpClient-1-2] DEBUG org.asynchttpclient.netty.handler.HttpHandler - 

Request DefaultFullHttpRequest(decodeResult: success, version: HTTP/1.1, content: EmptyByteBufBE)
GET /session/2110e51d6eb213971c2be95817a2ce95/element/775dc960-ea48-441d-bd80-fb42b0af823a/text HTTP/1.1
User-Agent: selenium/4.5.3 (java mac)
Cache-Control: no-cache
Content-Type: application/json; charset=utf-8
host: localhost:47544
accept: */*

Response DefaultHttpResponse(decodeResult: success, version: HTTP/1.1)
HTTP/1.1 200 OK
Content-Length: 63
Content-Type: application/json; charset=utf-8
cache-control: no-cache

18:21:05.833 [AsyncHttpClient-1-2] DEBUG org.asynchttpclient.netty.channel.ChannelManager - Adding key: http://localhost:47544 for channel [id: 0x15725c6d, L:/127.0.0.1:54222 - R:localhost/127.0.0.1:47544]
18:21:05.835 [Forwarding findChildElement on session 2110e51d6eb213971c2be95817a2ce95 to remote] DEBUG org.asynchttpclient.netty.request.NettyRequestSender - Using pooled Channel '[id: 0x15725c6d, L:/127.0.0.1:54222 - R:localhost/127.0.0.1:47544]' for 'POST' to 'http://localhost:47544/session/2110e51d6eb213971c2be95817a2ce95/element/1af6a5a9-ac7f-4981-be56-a30405963938/element'
18:21:05.835 [Forwarding findChildElement on session 2110e51d6eb213971c2be95817a2ce95 to remote] DEBUG org.asynchttpclient.netty.request.NettyRequestSender - Using open Channel [id: 0x15725c6d, L:/127.0.0.1:54222 - R:localhost/127.0.0.1:47544] for POST '/session/2110e51d6eb213971c2be95817a2ce95/element/1af6a5a9-ac7f-4981-be56-a30405963938/element'
18:21:05.897 [AsyncHttpClient-1-2] DEBUG org.asynchttpclient.netty.handler.HttpHandler - 

Request DefaultHttpRequest(decodeResult: success, version: HTTP/1.1)
POST /session/2110e51d6eb213971c2be95817a2ce95/element/1af6a5a9-ac7f-4981-be56-a30405963938/element HTTP/1.1
User-Agent: selenium/4.5.3 (java mac)
Content-Length: 106
Content-Type: application/json; charset=utf-8
host: localhost:47544
accept: */*

Response DefaultHttpResponse(decodeResult: success, version: HTTP/1.1)
HTTP/1.1 200 OK
Content-Length: 88
Content-Type: application/json; charset=utf-8
cache-control: no-cache

18:21:05.898 [AsyncHttpClient-1-2] DEBUG org.asynchttpclient.netty.channel.ChannelManager - Adding key: http://localhost:47544 for channel [id: 0x15725c6d, L:/127.0.0.1:54222 - R:localhost/127.0.0.1:47544]
18:21:05.899 [Forwarding getElementText on session 2110e51d6eb213971c2be95817a2ce95 to remote] DEBUG org.asynchttpclient.netty.request.NettyRequestSender - Using pooled Channel '[id: 0x15725c6d, L:/127.0.0.1:54222 - R:localhost/127.0.0.1:47544]' for 'GET' to 'http://localhost:47544/session/2110e51d6eb213971c2be95817a2ce95/element/fa12ff80-a9ba-4066-92f5-dd18736a4da7/text'
18:21:05.899 [Forwarding getElementText on session 2110e51d6eb213971c2be95817a2ce95 to remote] DEBUG org.asynchttpclient.netty.request.NettyRequestSender - Using open Channel [id: 0x15725c6d, L:/127.0.0.1:54222 - R:localhost/127.0.0.1:47544] for GET '/session/2110e51d6eb213971c2be95817a2ce95/element/fa12ff80-a9ba-4066-92f5-dd18736a4da7/text'
18:21:05.912 [AsyncHttpClient-1-2] DEBUG org.asynchttpclient.netty.handler.HttpHandler - 

Request DefaultFullHttpRequest(decodeResult: success, version: HTTP/1.1, content: EmptyByteBufBE)
GET /session/2110e51d6eb213971c2be95817a2ce95/element/fa12ff80-a9ba-4066-92f5-dd18736a4da7/text HTTP/1.1
User-Agent: selenium/4.5.3 (java mac)
Cache-Control: no-cache
Content-Type: application/json; charset=utf-8
host: localhost:47544
accept: */*

Response DefaultHttpResponse(decodeResult: success, version: HTTP/1.1)
HTTP/1.1 200 OK
Content-Length: 19
Content-Type: application/json; charset=utf-8
cache-control: no-cache

18:21:05.913 [AsyncHttpClient-1-2] DEBUG org.asynchttpclient.netty.channel.ChannelManager - Adding key: http://localhost:47544 for channel [id: 0x15725c6d, L:/127.0.0.1:54222 - R:localhost/127.0.0.1:47544]
18:21:05.916 [Forwarding findChildElement on session 2110e51d6eb213971c2be95817a2ce95 to remote] DEBUG org.asynchttpclient.netty.request.NettyRequestSender - Using pooled Channel '[id: 0x15725c6d, L:/127.0.0.1:54222 - R:localhost/127.0.0.1:47544]' for 'POST' to 'http://localhost:47544/session/2110e51d6eb213971c2be95817a2ce95/element/6dbde9fb-ae71-402e-ad67-ecf6d9efbad5/element'
18:21:05.916 [Forwarding findChildElement on session 2110e51d6eb213971c2be95817a2ce95 to remote] DEBUG org.asynchttpclient.netty.request.NettyRequestSender - Using open Channel [id: 0x15725c6d, L:/127.0.0.1:54222 - R:localhost/127.0.0.1:47544] for POST '/session/2110e51d6eb213971c2be95817a2ce95/element/6dbde9fb-ae71-402e-ad67-ecf6d9efbad5/element'
18:21:05.941 [AsyncHttpClient-1-2] DEBUG org.asynchttpclient.netty.handler.HttpHandler - 

Request DefaultHttpRequest(decodeResult: success, version: HTTP/1.1)
POST /session/2110e51d6eb213971c2be95817a2ce95/element/6dbde9fb-ae71-402e-ad67-ecf6d9efbad5/element HTTP/1.1
User-Agent: selenium/4.5.3 (java mac)
Content-Length: 106
Content-Type: application/json; charset=utf-8
host: localhost:47544
accept: */*

Response DefaultHttpResponse(decodeResult: success, version: HTTP/1.1)
HTTP/1.1 200 OK
Content-Length: 88
Content-Type: application/json; charset=utf-8
cache-control: no-cache

18:21:05.941 [AsyncHttpClient-1-2] DEBUG org.asynchttpclient.netty.channel.ChannelManager - Adding key: http://localhost:47544 for channel [id: 0x15725c6d, L:/127.0.0.1:54222 - R:localhost/127.0.0.1:47544]
18:21:05.942 [Forwarding getElementText on session 2110e51d6eb213971c2be95817a2ce95 to remote] DEBUG org.asynchttpclient.netty.request.NettyRequestSender - Using pooled Channel '[id: 0x15725c6d, L:/127.0.0.1:54222 - R:localhost/127.0.0.1:47544]' for 'GET' to 'http://localhost:47544/session/2110e51d6eb213971c2be95817a2ce95/element/ef2a08e2-e5b1-4457-9156-f2278e5078bc/text'
18:21:05.942 [Forwarding getElementText on session 2110e51d6eb213971c2be95817a2ce95 to remote] DEBUG org.asynchttpclient.netty.request.NettyRequestSender - Using open Channel [id: 0x15725c6d, L:/127.0.0.1:54222 - R:localhost/127.0.0.1:47544] for GET '/session/2110e51d6eb213971c2be95817a2ce95/element/ef2a08e2-e5b1-4457-9156-f2278e5078bc/text'
18:21:06.106 [AsyncHttpClient-1-2] DEBUG org.asynchttpclient.netty.handler.HttpHandler - 

Request DefaultFullHttpRequest(decodeResult: success, version: HTTP/1.1, content: EmptyByteBufBE)
GET /session/2110e51d6eb213971c2be95817a2ce95/element/ef2a08e2-e5b1-4457-9156-f2278e5078bc/text HTTP/1.1
User-Agent: selenium/4.5.3 (java mac)
Cache-Control: no-cache
Content-Type: application/json; charset=utf-8
host: localhost:47544
accept: */*

Response DefaultHttpResponse(decodeResult: success, version: HTTP/1.1)
HTTP/1.1 200 OK
Content-Length: 92
Content-Type: application/json; charset=utf-8
cache-control: no-cache

18:21:06.107 [AsyncHttpClient-1-2] DEBUG org.asynchttpclient.netty.channel.ChannelManager - Adding key: http://localhost:47544 for channel [id: 0x15725c6d, L:/127.0.0.1:54222 - R:localhost/127.0.0.1:47544]
18:21:06.108 [Forwarding findChildElement on session 2110e51d6eb213971c2be95817a2ce95 to remote] DEBUG org.asynchttpclient.netty.request.NettyRequestSender - Using pooled Channel '[id: 0x15725c6d, L:/127.0.0.1:54222 - R:localhost/127.0.0.1:47544]' for 'POST' to 'http://localhost:47544/session/2110e51d6eb213971c2be95817a2ce95/element/6dbde9fb-ae71-402e-ad67-ecf6d9efbad5/element'
18:21:06.109 [Forwarding findChildElement on session 2110e51d6eb213971c2be95817a2ce95 to remote] DEBUG org.asynchttpclient.netty.request.NettyRequestSender - Using open Channel [id: 0x15725c6d, L:/127.0.0.1:54222 - R:localhost/127.0.0.1:47544] for POST '/session/2110e51d6eb213971c2be95817a2ce95/element/6dbde9fb-ae71-402e-ad67-ecf6d9efbad5/element'
18:21:06.120 [AsyncHttpClient-1-2] DEBUG org.asynchttpclient.netty.handler.HttpHandler - 

Request DefaultHttpRequest(decodeResult: success, version: HTTP/1.1)
POST /session/2110e51d6eb213971c2be95817a2ce95/element/6dbde9fb-ae71-402e-ad67-ecf6d9efbad5/element HTTP/1.1
User-Agent: selenium/4.5.3 (java mac)
Content-Length: 106
Content-Type: application/json; charset=utf-8
host: localhost:47544
accept: */*

Response DefaultHttpResponse(decodeResult: success, version: HTTP/1.1)
HTTP/1.1 200 OK
Content-Length: 88
Content-Type: application/json; charset=utf-8
cache-control: no-cache

18:21:06.120 [AsyncHttpClient-1-2] DEBUG org.asynchttpclient.netty.channel.ChannelManager - Adding key: http://localhost:47544 for channel [id: 0x15725c6d, L:/127.0.0.1:54222 - R:localhost/127.0.0.1:47544]
18:21:06.121 [Forwarding getElementText on session 2110e51d6eb213971c2be95817a2ce95 to remote] DEBUG org.asynchttpclient.netty.request.NettyRequestSender - Using pooled Channel '[id: 0x15725c6d, L:/127.0.0.1:54222 - R:localhost/127.0.0.1:47544]' for 'GET' to 'http://localhost:47544/session/2110e51d6eb213971c2be95817a2ce95/element/cf1764ac-4ffc-49b8-8c74-7c609c1512cf/text'
18:21:06.121 [Forwarding getElementText on session 2110e51d6eb213971c2be95817a2ce95 to remote] DEBUG org.asynchttpclient.netty.request.NettyRequestSender - Using open Channel [id: 0x15725c6d, L:/127.0.0.1:54222 - R:localhost/127.0.0.1:47544] for GET '/session/2110e51d6eb213971c2be95817a2ce95/element/cf1764ac-4ffc-49b8-8c74-7c609c1512cf/text'
18:21:06.140 [AsyncHttpClient-1-2] DEBUG org.asynchttpclient.netty.handler.HttpHandler - 

Request DefaultFullHttpRequest(decodeResult: success, version: HTTP/1.1, content: EmptyByteBufBE)
GET /session/2110e51d6eb213971c2be95817a2ce95/element/cf1764ac-4ffc-49b8-8c74-7c609c1512cf/text HTTP/1.1
User-Agent: selenium/4.5.3 (java mac)
Cache-Control: no-cache
Content-Type: application/json; charset=utf-8
host: localhost:47544
accept: */*

Response DefaultHttpResponse(decodeResult: success, version: HTTP/1.1)
HTTP/1.1 200 OK
Content-Length: 19
Content-Type: application/json; charset=utf-8
cache-control: no-cache

18:21:06.140 [AsyncHttpClient-1-2] DEBUG org.asynchttpclient.netty.channel.ChannelManager - Adding key: http://localhost:47544 for channel [id: 0x15725c6d, L:/127.0.0.1:54222 - R:localhost/127.0.0.1:47544]
18:21:06.142 [Forwarding findChildElement on session 2110e51d6eb213971c2be95817a2ce95 to remote] DEBUG org.asynchttpclient.netty.request.NettyRequestSender - Using pooled Channel '[id: 0x15725c6d, L:/127.0.0.1:54222 - R:localhost/127.0.0.1:47544]' for 'POST' to 'http://localhost:47544/session/2110e51d6eb213971c2be95817a2ce95/element/c83589fe-f5b1-4210-9eb6-1c2ab80982ee/element'
18:21:06.142 [Forwarding findChildElement on session 2110e51d6eb213971c2be95817a2ce95 to remote] DEBUG org.asynchttpclient.netty.request.NettyRequestSender - Using open Channel [id: 0x15725c6d, L:/127.0.0.1:54222 - R:localhost/127.0.0.1:47544] for POST '/session/2110e51d6eb213971c2be95817a2ce95/element/c83589fe-f5b1-4210-9eb6-1c2ab80982ee/element'
18:21:06.164 [AsyncHttpClient-1-2] DEBUG org.asynchttpclient.netty.handler.HttpHandler - 

Request DefaultHttpRequest(decodeResult: success, version: HTTP/1.1)
POST /session/2110e51d6eb213971c2be95817a2ce95/element/c83589fe-f5b1-4210-9eb6-1c2ab80982ee/element HTTP/1.1
User-Agent: selenium/4.5.3 (java mac)
Content-Length: 106
Content-Type: application/json; charset=utf-8
host: localhost:47544
accept: */*

Response DefaultHttpResponse(decodeResult: success, version: HTTP/1.1)
HTTP/1.1 200 OK
Content-Length: 88
Content-Type: application/json; charset=utf-8
cache-control: no-cache

18:21:06.164 [AsyncHttpClient-1-2] DEBUG org.asynchttpclient.netty.channel.ChannelManager - Adding key: http://localhost:47544 for channel [id: 0x15725c6d, L:/127.0.0.1:54222 - R:localhost/127.0.0.1:47544]
18:21:06.165 [Forwarding getElementText on session 2110e51d6eb213971c2be95817a2ce95 to remote] DEBUG org.asynchttpclient.netty.request.NettyRequestSender - Using pooled Channel '[id: 0x15725c6d, L:/127.0.0.1:54222 - R:localhost/127.0.0.1:47544]' for 'GET' to 'http://localhost:47544/session/2110e51d6eb213971c2be95817a2ce95/element/8065bb2d-0b5c-4fd3-9209-5bfeced19e34/text'
18:21:06.165 [Forwarding getElementText on session 2110e51d6eb213971c2be95817a2ce95 to remote] DEBUG org.asynchttpclient.netty.request.NettyRequestSender - Using open Channel [id: 0x15725c6d, L:/127.0.0.1:54222 - R:localhost/127.0.0.1:47544] for GET '/session/2110e51d6eb213971c2be95817a2ce95/element/8065bb2d-0b5c-4fd3-9209-5bfeced19e34/text'
18:21:06.186 [AsyncHttpClient-1-2] DEBUG org.asynchttpclient.netty.handler.HttpHandler - 

Request DefaultFullHttpRequest(decodeResult: success, version: HTTP/1.1, content: EmptyByteBufBE)
GET /session/2110e51d6eb213971c2be95817a2ce95/element/8065bb2d-0b5c-4fd3-9209-5bfeced19e34/text HTTP/1.1
User-Agent: selenium/4.5.3 (java mac)
Cache-Control: no-cache
Content-Type: application/json; charset=utf-8
host: localhost:47544
accept: */*

Response DefaultHttpResponse(decodeResult: success, version: HTTP/1.1)
HTTP/1.1 200 OK
Content-Length: 87
Content-Type: application/json; charset=utf-8
cache-control: no-cache

18:21:06.187 [AsyncHttpClient-1-2] DEBUG org.asynchttpclient.netty.channel.ChannelManager - Adding key: http://localhost:47544 for channel [id: 0x15725c6d, L:/127.0.0.1:54222 - R:localhost/127.0.0.1:47544]
18:21:06.188 [Forwarding findChildElement on session 2110e51d6eb213971c2be95817a2ce95 to remote] DEBUG org.asynchttpclient.netty.request.NettyRequestSender - Using pooled Channel '[id: 0x15725c6d, L:/127.0.0.1:54222 - R:localhost/127.0.0.1:47544]' for 'POST' to 'http://localhost:47544/session/2110e51d6eb213971c2be95817a2ce95/element/c83589fe-f5b1-4210-9eb6-1c2ab80982ee/element'
18:21:06.188 [Forwarding findChildElement on session 2110e51d6eb213971c2be95817a2ce95 to remote] DEBUG org.asynchttpclient.netty.request.NettyRequestSender - Using open Channel [id: 0x15725c6d, L:/127.0.0.1:54222 - R:localhost/127.0.0.1:47544] for POST '/session/2110e51d6eb213971c2be95817a2ce95/element/c83589fe-f5b1-4210-9eb6-1c2ab80982ee/element'
18:21:06.199 [AsyncHttpClient-1-2] DEBUG org.asynchttpclient.netty.handler.HttpHandler - 

Request DefaultHttpRequest(decodeResult: success, version: HTTP/1.1)
POST /session/2110e51d6eb213971c2be95817a2ce95/element/c83589fe-f5b1-4210-9eb6-1c2ab80982ee/element HTTP/1.1
User-Agent: selenium/4.5.3 (java mac)
Content-Length: 106
Content-Type: application/json; charset=utf-8
host: localhost:47544
accept: */*

Response DefaultHttpResponse(decodeResult: success, version: HTTP/1.1)
HTTP/1.1 200 OK
Content-Length: 88
Content-Type: application/json; charset=utf-8
cache-control: no-cache

18:21:06.199 [AsyncHttpClient-1-2] DEBUG org.asynchttpclient.netty.channel.ChannelManager - Adding key: http://localhost:47544 for channel [id: 0x15725c6d, L:/127.0.0.1:54222 - R:localhost/127.0.0.1:47544]
18:21:06.200 [Forwarding getElementText on session 2110e51d6eb213971c2be95817a2ce95 to remote] DEBUG org.asynchttpclient.netty.request.NettyRequestSender - Using pooled Channel '[id: 0x15725c6d, L:/127.0.0.1:54222 - R:localhost/127.0.0.1:47544]' for 'GET' to 'http://localhost:47544/session/2110e51d6eb213971c2be95817a2ce95/element/94ef1273-3543-4507-a2d4-872a3200cb63/text'
18:21:06.200 [Forwarding getElementText on session 2110e51d6eb213971c2be95817a2ce95 to remote] DEBUG org.asynchttpclient.netty.request.NettyRequestSender - Using open Channel [id: 0x15725c6d, L:/127.0.0.1:54222 - R:localhost/127.0.0.1:47544] for GET '/session/2110e51d6eb213971c2be95817a2ce95/element/94ef1273-3543-4507-a2d4-872a3200cb63/text'
18:21:06.367 [AsyncHttpClient-1-2] DEBUG org.asynchttpclient.netty.handler.HttpHandler - 

Request DefaultFullHttpRequest(decodeResult: success, version: HTTP/1.1, content: EmptyByteBufBE)
GET /session/2110e51d6eb213971c2be95817a2ce95/element/94ef1273-3543-4507-a2d4-872a3200cb63/text HTTP/1.1
User-Agent: selenium/4.5.3 (java mac)
Cache-Control: no-cache
Content-Type: application/json; charset=utf-8
host: localhost:47544
accept: */*

Response DefaultHttpResponse(decodeResult: success, version: HTTP/1.1)
HTTP/1.1 200 OK
Content-Length: 19
Content-Type: application/json; charset=utf-8
cache-control: no-cache

18:21:06.367 [AsyncHttpClient-1-2] DEBUG org.asynchttpclient.netty.channel.ChannelManager - Adding key: http://localhost:47544 for channel [id: 0x15725c6d, L:/127.0.0.1:54222 - R:localhost/127.0.0.1:47544]
18:21:06.369 [Forwarding findChildElement on session 2110e51d6eb213971c2be95817a2ce95 to remote] DEBUG org.asynchttpclient.netty.request.NettyRequestSender - Using pooled Channel '[id: 0x15725c6d, L:/127.0.0.1:54222 - R:localhost/127.0.0.1:47544]' for 'POST' to 'http://localhost:47544/session/2110e51d6eb213971c2be95817a2ce95/element/97a32db2-d9ae-4592-be58-ae6651266e0d/element'
18:21:06.369 [Forwarding findChildElement on session 2110e51d6eb213971c2be95817a2ce95 to remote] DEBUG org.asynchttpclient.netty.request.NettyRequestSender - Using open Channel [id: 0x15725c6d, L:/127.0.0.1:54222 - R:localhost/127.0.0.1:47544] for POST '/session/2110e51d6eb213971c2be95817a2ce95/element/97a32db2-d9ae-4592-be58-ae6651266e0d/element'
18:21:06.400 [AsyncHttpClient-1-2] DEBUG org.asynchttpclient.netty.handler.HttpHandler - 

Request DefaultHttpRequest(decodeResult: success, version: HTTP/1.1)
POST /session/2110e51d6eb213971c2be95817a2ce95/element/97a32db2-d9ae-4592-be58-ae6651266e0d/element HTTP/1.1
User-Agent: selenium/4.5.3 (java mac)
Content-Length: 106
Content-Type: application/json; charset=utf-8
host: localhost:47544
accept: */*

Response DefaultHttpResponse(decodeResult: success, version: HTTP/1.1)
HTTP/1.1 200 OK
Content-Length: 88
Content-Type: application/json; charset=utf-8
cache-control: no-cache

18:21:06.400 [AsyncHttpClient-1-2] DEBUG org.asynchttpclient.netty.channel.ChannelManager - Adding key: http://localhost:47544 for channel [id: 0x15725c6d, L:/127.0.0.1:54222 - R:localhost/127.0.0.1:47544]
18:21:06.402 [Forwarding getElementText on session 2110e51d6eb213971c2be95817a2ce95 to remote] DEBUG org.asynchttpclient.netty.request.NettyRequestSender - Using pooled Channel '[id: 0x15725c6d, L:/127.0.0.1:54222 - R:localhost/127.0.0.1:47544]' for 'GET' to 'http://localhost:47544/session/2110e51d6eb213971c2be95817a2ce95/element/d1812a10-7532-41a5-b74c-9777796e9793/text'
18:21:06.402 [Forwarding getElementText on session 2110e51d6eb213971c2be95817a2ce95 to remote] DEBUG org.asynchttpclient.netty.request.NettyRequestSender - Using open Channel [id: 0x15725c6d, L:/127.0.0.1:54222 - R:localhost/127.0.0.1:47544] for GET '/session/2110e51d6eb213971c2be95817a2ce95/element/d1812a10-7532-41a5-b74c-9777796e9793/text'
18:21:06.430 [AsyncHttpClient-1-2] DEBUG org.asynchttpclient.netty.handler.HttpHandler - 

Request DefaultFullHttpRequest(decodeResult: success, version: HTTP/1.1, content: EmptyByteBufBE)
GET /session/2110e51d6eb213971c2be95817a2ce95/element/d1812a10-7532-41a5-b74c-9777796e9793/text HTTP/1.1
User-Agent: selenium/4.5.3 (java mac)
Cache-Control: no-cache
Content-Type: application/json; charset=utf-8
host: localhost:47544
accept: */*

Response DefaultHttpResponse(decodeResult: success, version: HTTP/1.1)
HTTP/1.1 200 OK
Content-Length: 80
Content-Type: application/json; charset=utf-8
cache-control: no-cache

18:21:06.430 [AsyncHttpClient-1-2] DEBUG org.asynchttpclient.netty.channel.ChannelManager - Adding key: http://localhost:47544 for channel [id: 0x15725c6d, L:/127.0.0.1:54222 - R:localhost/127.0.0.1:47544]
18:21:06.432 [Forwarding findChildElement on session 2110e51d6eb213971c2be95817a2ce95 to remote] DEBUG org.asynchttpclient.netty.request.NettyRequestSender - Using pooled Channel '[id: 0x15725c6d, L:/127.0.0.1:54222 - R:localhost/127.0.0.1:47544]' for 'POST' to 'http://localhost:47544/session/2110e51d6eb213971c2be95817a2ce95/element/97a32db2-d9ae-4592-be58-ae6651266e0d/element'
18:21:06.432 [Forwarding findChildElement on session 2110e51d6eb213971c2be95817a2ce95 to remote] DEBUG org.asynchttpclient.netty.request.NettyRequestSender - Using open Channel [id: 0x15725c6d, L:/127.0.0.1:54222 - R:localhost/127.0.0.1:47544] for POST '/session/2110e51d6eb213971c2be95817a2ce95/element/97a32db2-d9ae-4592-be58-ae6651266e0d/element'
18:21:06.571 [AsyncHttpClient-1-2] DEBUG org.asynchttpclient.netty.handler.HttpHandler - 

Request DefaultHttpRequest(decodeResult: success, version: HTTP/1.1)
POST /session/2110e51d6eb213971c2be95817a2ce95/element/97a32db2-d9ae-4592-be58-ae6651266e0d/element HTTP/1.1
User-Agent: selenium/4.5.3 (java mac)
Content-Length: 106
Content-Type: application/json; charset=utf-8
host: localhost:47544
accept: */*

Response DefaultHttpResponse(decodeResult: success, version: HTTP/1.1)
HTTP/1.1 200 OK
Content-Length: 88
Content-Type: application/json; charset=utf-8
cache-control: no-cache

18:21:06.571 [AsyncHttpClient-1-2] DEBUG org.asynchttpclient.netty.channel.ChannelManager - Adding key: http://localhost:47544 for channel [id: 0x15725c6d, L:/127.0.0.1:54222 - R:localhost/127.0.0.1:47544]
18:21:06.582 [Forwarding getElementText on session 2110e51d6eb213971c2be95817a2ce95 to remote] DEBUG org.asynchttpclient.netty.request.NettyRequestSender - Using pooled Channel '[id: 0x15725c6d, L:/127.0.0.1:54222 - R:localhost/127.0.0.1:47544]' for 'GET' to 'http://localhost:47544/session/2110e51d6eb213971c2be95817a2ce95/element/c990f796-fd6d-494c-bb0e-fb86de6d2d78/text'
18:21:06.585 [Forwarding getElementText on session 2110e51d6eb213971c2be95817a2ce95 to remote] DEBUG org.asynchttpclient.netty.request.NettyRequestSender - Using open Channel [id: 0x15725c6d, L:/127.0.0.1:54222 - R:localhost/127.0.0.1:47544] for GET '/session/2110e51d6eb213971c2be95817a2ce95/element/c990f796-fd6d-494c-bb0e-fb86de6d2d78/text'
18:21:06.608 [AsyncHttpClient-1-2] DEBUG org.asynchttpclient.netty.handler.HttpHandler - 

Request DefaultFullHttpRequest(decodeResult: success, version: HTTP/1.1, content: EmptyByteBufBE)
GET /session/2110e51d6eb213971c2be95817a2ce95/element/c990f796-fd6d-494c-bb0e-fb86de6d2d78/text HTTP/1.1
User-Agent: selenium/4.5.3 (java mac)
Cache-Control: no-cache
Content-Type: application/json; charset=utf-8
host: localhost:47544
accept: */*

Response DefaultHttpResponse(decodeResult: success, version: HTTP/1.1)
HTTP/1.1 200 OK
Content-Length: 30
Content-Type: application/json; charset=utf-8
cache-control: no-cache

18:21:06.609 [AsyncHttpClient-1-2] DEBUG org.asynchttpclient.netty.channel.ChannelManager - Adding key: http://localhost:47544 for channel [id: 0x15725c6d, L:/127.0.0.1:54222 - R:localhost/127.0.0.1:47544]
18:21:06.612 [Forwarding findChildElement on session 2110e51d6eb213971c2be95817a2ce95 to remote] DEBUG org.asynchttpclient.netty.request.NettyRequestSender - Using pooled Channel '[id: 0x15725c6d, L:/127.0.0.1:54222 - R:localhost/127.0.0.1:47544]' for 'POST' to 'http://localhost:47544/session/2110e51d6eb213971c2be95817a2ce95/element/27e14ffe-ea2f-4271-b2b4-2bc9b345f396/element'
18:21:06.612 [Forwarding findChildElement on session 2110e51d6eb213971c2be95817a2ce95 to remote] DEBUG org.asynchttpclient.netty.request.NettyRequestSender - Using open Channel [id: 0x15725c6d, L:/127.0.0.1:54222 - R:localhost/127.0.0.1:47544] for POST '/session/2110e51d6eb213971c2be95817a2ce95/element/27e14ffe-ea2f-4271-b2b4-2bc9b345f396/element'
18:21:06.651 [AsyncHttpClient-1-2] DEBUG org.asynchttpclient.netty.handler.HttpHandler - 

Request DefaultHttpRequest(decodeResult: success, version: HTTP/1.1)
POST /session/2110e51d6eb213971c2be95817a2ce95/element/27e14ffe-ea2f-4271-b2b4-2bc9b345f396/element HTTP/1.1
User-Agent: selenium/4.5.3 (java mac)
Content-Length: 106
Content-Type: application/json; charset=utf-8
host: localhost:47544
accept: */*

Response DefaultHttpResponse(decodeResult: success, version: HTTP/1.1)
HTTP/1.1 200 OK
Content-Length: 88
Content-Type: application/json; charset=utf-8
cache-control: no-cache

18:21:06.651 [AsyncHttpClient-1-2] DEBUG org.asynchttpclient.netty.channel.ChannelManager - Adding key: http://localhost:47544 for channel [id: 0x15725c6d, L:/127.0.0.1:54222 - R:localhost/127.0.0.1:47544]
18:21:06.652 [Forwarding getElementText on session 2110e51d6eb213971c2be95817a2ce95 to remote] DEBUG org.asynchttpclient.netty.request.NettyRequestSender - Using pooled Channel '[id: 0x15725c6d, L:/127.0.0.1:54222 - R:localhost/127.0.0.1:47544]' for 'GET' to 'http://localhost:47544/session/2110e51d6eb213971c2be95817a2ce95/element/14f85383-5049-4376-b035-839fb048422b/text'
18:21:06.653 [Forwarding getElementText on session 2110e51d6eb213971c2be95817a2ce95 to remote] DEBUG org.asynchttpclient.netty.request.NettyRequestSender - Using open Channel [id: 0x15725c6d, L:/127.0.0.1:54222 - R:localhost/127.0.0.1:47544] for GET '/session/2110e51d6eb213971c2be95817a2ce95/element/14f85383-5049-4376-b035-839fb048422b/text'
18:21:06.677 [AsyncHttpClient-1-2] DEBUG org.asynchttpclient.netty.handler.HttpHandler - 

Request DefaultFullHttpRequest(decodeResult: success, version: HTTP/1.1, content: EmptyByteBufBE)
GET /session/2110e51d6eb213971c2be95817a2ce95/element/14f85383-5049-4376-b035-839fb048422b/text HTTP/1.1
User-Agent: selenium/4.5.3 (java mac)
Cache-Control: no-cache
Content-Type: application/json; charset=utf-8
host: localhost:47544
accept: */*

Response DefaultHttpResponse(decodeResult: success, version: HTTP/1.1)
HTTP/1.1 200 OK
Content-Length: 69
Content-Type: application/json; charset=utf-8
cache-control: no-cache

18:21:06.677 [AsyncHttpClient-1-2] DEBUG org.asynchttpclient.netty.channel.ChannelManager - Adding key: http://localhost:47544 for channel [id: 0x15725c6d, L:/127.0.0.1:54222 - R:localhost/127.0.0.1:47544]
18:21:06.679 [Forwarding findChildElement on session 2110e51d6eb213971c2be95817a2ce95 to remote] DEBUG org.asynchttpclient.netty.request.NettyRequestSender - Using pooled Channel '[id: 0x15725c6d, L:/127.0.0.1:54222 - R:localhost/127.0.0.1:47544]' for 'POST' to 'http://localhost:47544/session/2110e51d6eb213971c2be95817a2ce95/element/27e14ffe-ea2f-4271-b2b4-2bc9b345f396/element'
18:21:06.679 [Forwarding findChildElement on session 2110e51d6eb213971c2be95817a2ce95 to remote] DEBUG org.asynchttpclient.netty.request.NettyRequestSender - Using open Channel [id: 0x15725c6d, L:/127.0.0.1:54222 - R:localhost/127.0.0.1:47544] for POST '/session/2110e51d6eb213971c2be95817a2ce95/element/27e14ffe-ea2f-4271-b2b4-2bc9b345f396/element'
18:21:06.690 [AsyncHttpClient-1-2] DEBUG org.asynchttpclient.netty.handler.HttpHandler - 

Request DefaultHttpRequest(decodeResult: success, version: HTTP/1.1)
POST /session/2110e51d6eb213971c2be95817a2ce95/element/27e14ffe-ea2f-4271-b2b4-2bc9b345f396/element HTTP/1.1
User-Agent: selenium/4.5.3 (java mac)
Content-Length: 106
Content-Type: application/json; charset=utf-8
host: localhost:47544
accept: */*

Response DefaultHttpResponse(decodeResult: success, version: HTTP/1.1)
HTTP/1.1 200 OK
Content-Length: 88
Content-Type: application/json; charset=utf-8
cache-control: no-cache

18:21:06.690 [AsyncHttpClient-1-2] DEBUG org.asynchttpclient.netty.channel.ChannelManager - Adding key: http://localhost:47544 for channel [id: 0x15725c6d, L:/127.0.0.1:54222 - R:localhost/127.0.0.1:47544]
18:21:06.691 [Forwarding getElementText on session 2110e51d6eb213971c2be95817a2ce95 to remote] DEBUG org.asynchttpclient.netty.request.NettyRequestSender - Using pooled Channel '[id: 0x15725c6d, L:/127.0.0.1:54222 - R:localhost/127.0.0.1:47544]' for 'GET' to 'http://localhost:47544/session/2110e51d6eb213971c2be95817a2ce95/element/24bcfb54-78bb-477f-b372-5bd4dcbf1de7/text'
18:21:06.691 [Forwarding getElementText on session 2110e51d6eb213971c2be95817a2ce95 to remote] DEBUG org.asynchttpclient.netty.request.NettyRequestSender - Using open Channel [id: 0x15725c6d, L:/127.0.0.1:54222 - R:localhost/127.0.0.1:47544] for GET '/session/2110e51d6eb213971c2be95817a2ce95/element/24bcfb54-78bb-477f-b372-5bd4dcbf1de7/text'
18:21:06.709 [AsyncHttpClient-1-1] DEBUG org.asynchttpclient.netty.channel.DefaultChannelPool - Entry count for : http://localhost:54225 : 1
18:21:06.852 [AsyncHttpClient-1-2] DEBUG org.asynchttpclient.netty.handler.HttpHandler - 

Request DefaultFullHttpRequest(decodeResult: success, version: HTTP/1.1, content: EmptyByteBufBE)
GET /session/2110e51d6eb213971c2be95817a2ce95/element/24bcfb54-78bb-477f-b372-5bd4dcbf1de7/text HTTP/1.1
User-Agent: selenium/4.5.3 (java mac)
Cache-Control: no-cache
Content-Type: application/json; charset=utf-8
host: localhost:47544
accept: */*

Response DefaultHttpResponse(decodeResult: success, version: HTTP/1.1)
HTTP/1.1 200 OK
Content-Length: 19
Content-Type: application/json; charset=utf-8
cache-control: no-cache

18:21:06.852 [AsyncHttpClient-1-2] DEBUG org.asynchttpclient.netty.channel.ChannelManager - Adding key: http://localhost:47544 for channel [id: 0x15725c6d, L:/127.0.0.1:54222 - R:localhost/127.0.0.1:47544]
18:21:06.855 [Forwarding findChildElement on session 2110e51d6eb213971c2be95817a2ce95 to remote] DEBUG org.asynchttpclient.netty.request.NettyRequestSender - Using pooled Channel '[id: 0x15725c6d, L:/127.0.0.1:54222 - R:localhost/127.0.0.1:47544]' for 'POST' to 'http://localhost:47544/session/2110e51d6eb213971c2be95817a2ce95/element/e4c54b79-cf2f-46db-91a6-6a1e659a0356/element'
18:21:06.855 [Forwarding findChildElement on session 2110e51d6eb213971c2be95817a2ce95 to remote] DEBUG org.asynchttpclient.netty.request.NettyRequestSender - Using open Channel [id: 0x15725c6d, L:/127.0.0.1:54222 - R:localhost/127.0.0.1:47544] for POST '/session/2110e51d6eb213971c2be95817a2ce95/element/e4c54b79-cf2f-46db-91a6-6a1e659a0356/element'
18:21:06.874 [AsyncHttpClient-1-2] DEBUG org.asynchttpclient.netty.handler.HttpHandler - 

Request DefaultHttpRequest(decodeResult: success, version: HTTP/1.1)
POST /session/2110e51d6eb213971c2be95817a2ce95/element/e4c54b79-cf2f-46db-91a6-6a1e659a0356/element HTTP/1.1
User-Agent: selenium/4.5.3 (java mac)
Content-Length: 106
Content-Type: application/json; charset=utf-8
host: localhost:47544
accept: */*

Response DefaultHttpResponse(decodeResult: success, version: HTTP/1.1)
HTTP/1.1 200 OK
Content-Length: 88
Content-Type: application/json; charset=utf-8
cache-control: no-cache

18:21:06.874 [AsyncHttpClient-1-2] DEBUG org.asynchttpclient.netty.channel.ChannelManager - Adding key: http://localhost:47544 for channel [id: 0x15725c6d, L:/127.0.0.1:54222 - R:localhost/127.0.0.1:47544]
18:21:06.875 [Forwarding getElementText on session 2110e51d6eb213971c2be95817a2ce95 to remote] DEBUG org.asynchttpclient.netty.request.NettyRequestSender - Using pooled Channel '[id: 0x15725c6d, L:/127.0.0.1:54222 - R:localhost/127.0.0.1:47544]' for 'GET' to 'http://localhost:47544/session/2110e51d6eb213971c2be95817a2ce95/element/66a1d8d8-a276-41fe-adb9-5ef4594fcebd/text'
18:21:06.875 [Forwarding getElementText on session 2110e51d6eb213971c2be95817a2ce95 to remote] DEBUG org.asynchttpclient.netty.request.NettyRequestSender - Using open Channel [id: 0x15725c6d, L:/127.0.0.1:54222 - R:localhost/127.0.0.1:47544] for GET '/session/2110e51d6eb213971c2be95817a2ce95/element/66a1d8d8-a276-41fe-adb9-5ef4594fcebd/text'
18:21:06.921 [AsyncHttpClient-1-2] DEBUG org.asynchttpclient.netty.handler.HttpHandler - 

Request DefaultFullHttpRequest(decodeResult: success, version: HTTP/1.1, content: EmptyByteBufBE)
GET /session/2110e51d6eb213971c2be95817a2ce95/element/66a1d8d8-a276-41fe-adb9-5ef4594fcebd/text HTTP/1.1
User-Agent: selenium/4.5.3 (java mac)
Cache-Control: no-cache
Content-Type: application/json; charset=utf-8
host: localhost:47544
accept: */*

Response DefaultHttpResponse(decodeResult: success, version: HTTP/1.1)
HTTP/1.1 200 OK
Content-Length: 89
Content-Type: application/json; charset=utf-8
cache-control: no-cache

18:21:06.921 [AsyncHttpClient-1-2] DEBUG org.asynchttpclient.netty.channel.ChannelManager - Adding key: http://localhost:47544 for channel [id: 0x15725c6d, L:/127.0.0.1:54222 - R:localhost/127.0.0.1:47544]
18:21:06.928 [Forwarding findChildElement on session 2110e51d6eb213971c2be95817a2ce95 to remote] DEBUG org.asynchttpclient.netty.request.NettyRequestSender - Using pooled Channel '[id: 0x15725c6d, L:/127.0.0.1:54222 - R:localhost/127.0.0.1:47544]' for 'POST' to 'http://localhost:47544/session/2110e51d6eb213971c2be95817a2ce95/element/e4c54b79-cf2f-46db-91a6-6a1e659a0356/element'
18:21:06.928 [Forwarding findChildElement on session 2110e51d6eb213971c2be95817a2ce95 to remote] DEBUG org.asynchttpclient.netty.request.NettyRequestSender - Using open Channel [id: 0x15725c6d, L:/127.0.0.1:54222 - R:localhost/127.0.0.1:47544] for POST '/session/2110e51d6eb213971c2be95817a2ce95/element/e4c54b79-cf2f-46db-91a6-6a1e659a0356/element'
18:21:07.265 [AsyncHttpClient-1-2] DEBUG org.asynchttpclient.netty.handler.HttpHandler - 

Request DefaultHttpRequest(decodeResult: success, version: HTTP/1.1)
POST /session/2110e51d6eb213971c2be95817a2ce95/element/e4c54b79-cf2f-46db-91a6-6a1e659a0356/element HTTP/1.1
User-Agent: selenium/4.5.3 (java mac)
Content-Length: 106
Content-Type: application/json; charset=utf-8
host: localhost:47544
accept: */*

Response DefaultHttpResponse(decodeResult: success, version: HTTP/1.1)
HTTP/1.1 200 OK
Content-Length: 88
Content-Type: application/json; charset=utf-8
cache-control: no-cache

18:21:07.266 [AsyncHttpClient-1-2] DEBUG org.asynchttpclient.netty.channel.ChannelManager - Adding key: http://localhost:47544 for channel [id: 0x15725c6d, L:/127.0.0.1:54222 - R:localhost/127.0.0.1:47544]
18:21:07.268 [Forwarding getElementText on session 2110e51d6eb213971c2be95817a2ce95 to remote] DEBUG org.asynchttpclient.netty.request.NettyRequestSender - Using pooled Channel '[id: 0x15725c6d, L:/127.0.0.1:54222 - R:localhost/127.0.0.1:47544]' for 'GET' to 'http://localhost:47544/session/2110e51d6eb213971c2be95817a2ce95/element/23a08295-a281-48c4-99f8-b4f3a648a3e1/text'
18:21:07.268 [Forwarding getElementText on session 2110e51d6eb213971c2be95817a2ce95 to remote] DEBUG org.asynchttpclient.netty.request.NettyRequestSender - Using open Channel [id: 0x15725c6d, L:/127.0.0.1:54222 - R:localhost/127.0.0.1:47544] for GET '/session/2110e51d6eb213971c2be95817a2ce95/element/23a08295-a281-48c4-99f8-b4f3a648a3e1/text'
18:21:07.355 [AsyncHttpClient-1-2] DEBUG org.asynchttpclient.netty.handler.HttpHandler - 

Request DefaultFullHttpRequest(decodeResult: success, version: HTTP/1.1, content: EmptyByteBufBE)
GET /session/2110e51d6eb213971c2be95817a2ce95/element/23a08295-a281-48c4-99f8-b4f3a648a3e1/text HTTP/1.1
User-Agent: selenium/4.5.3 (java mac)
Cache-Control: no-cache
Content-Type: application/json; charset=utf-8
host: localhost:47544
accept: */*

Response DefaultHttpResponse(decodeResult: success, version: HTTP/1.1)
HTTP/1.1 200 OK
Content-Length: 30
Content-Type: application/json; charset=utf-8
cache-control: no-cache

18:21:07.355 [AsyncHttpClient-1-2] DEBUG org.asynchttpclient.netty.channel.ChannelManager - Adding key: http://localhost:47544 for channel [id: 0x15725c6d, L:/127.0.0.1:54222 - R:localhost/127.0.0.1:47544]
18:21:07.359 [Forwarding findChildElement on session 2110e51d6eb213971c2be95817a2ce95 to remote] DEBUG org.asynchttpclient.netty.request.NettyRequestSender - Using pooled Channel '[id: 0x15725c6d, L:/127.0.0.1:54222 - R:localhost/127.0.0.1:47544]' for 'POST' to 'http://localhost:47544/session/2110e51d6eb213971c2be95817a2ce95/element/da2b14c7-9a87-4b39-9b0e-7a8773b73e13/element'
18:21:07.359 [Forwarding findChildElement on session 2110e51d6eb213971c2be95817a2ce95 to remote] DEBUG org.asynchttpclient.netty.request.NettyRequestSender - Using open Channel [id: 0x15725c6d, L:/127.0.0.1:54222 - R:localhost/127.0.0.1:47544] for POST '/session/2110e51d6eb213971c2be95817a2ce95/element/da2b14c7-9a87-4b39-9b0e-7a8773b73e13/element'
18:21:07.494 [AsyncHttpClient-1-2] DEBUG org.asynchttpclient.netty.handler.HttpHandler - 

Request DefaultHttpRequest(decodeResult: success, version: HTTP/1.1)
POST /session/2110e51d6eb213971c2be95817a2ce95/element/da2b14c7-9a87-4b39-9b0e-7a8773b73e13/element HTTP/1.1
User-Agent: selenium/4.5.3 (java mac)
Content-Length: 106
Content-Type: application/json; charset=utf-8
host: localhost:47544
accept: */*

Response DefaultHttpResponse(decodeResult: success, version: HTTP/1.1)
HTTP/1.1 200 OK
Content-Length: 88
Content-Type: application/json; charset=utf-8
cache-control: no-cache

18:21:07.495 [AsyncHttpClient-1-2] DEBUG org.asynchttpclient.netty.channel.ChannelManager - Adding key: http://localhost:47544 for channel [id: 0x15725c6d, L:/127.0.0.1:54222 - R:localhost/127.0.0.1:47544]
18:21:07.496 [Forwarding getElementText on session 2110e51d6eb213971c2be95817a2ce95 to remote] DEBUG org.asynchttpclient.netty.request.NettyRequestSender - Using pooled Channel '[id: 0x15725c6d, L:/127.0.0.1:54222 - R:localhost/127.0.0.1:47544]' for 'GET' to 'http://localhost:47544/session/2110e51d6eb213971c2be95817a2ce95/element/be5252ec-0ccd-49ac-a15f-e2214e34ea20/text'
18:21:07.498 [Forwarding getElementText on session 2110e51d6eb213971c2be95817a2ce95 to remote] DEBUG org.asynchttpclient.netty.request.NettyRequestSender - Using open Channel [id: 0x15725c6d, L:/127.0.0.1:54222 - R:localhost/127.0.0.1:47544] for GET '/session/2110e51d6eb213971c2be95817a2ce95/element/be5252ec-0ccd-49ac-a15f-e2214e34ea20/text'
18:21:07.515 [AsyncHttpClient-1-2] DEBUG org.asynchttpclient.netty.handler.HttpHandler - 

Request DefaultFullHttpRequest(decodeResult: success, version: HTTP/1.1, content: EmptyByteBufBE)
GET /session/2110e51d6eb213971c2be95817a2ce95/element/be5252ec-0ccd-49ac-a15f-e2214e34ea20/text HTTP/1.1
User-Agent: selenium/4.5.3 (java mac)
Cache-Control: no-cache
Content-Type: application/json; charset=utf-8
host: localhost:47544
accept: */*

Response DefaultHttpResponse(decodeResult: success, version: HTTP/1.1)
HTTP/1.1 200 OK
Content-Length: 76
Content-Type: application/json; charset=utf-8
cache-control: no-cache

18:21:07.515 [AsyncHttpClient-1-2] DEBUG org.asynchttpclient.netty.channel.ChannelManager - Adding key: http://localhost:47544 for channel [id: 0x15725c6d, L:/127.0.0.1:54222 - R:localhost/127.0.0.1:47544]
18:21:07.517 [Forwarding findChildElement on session 2110e51d6eb213971c2be95817a2ce95 to remote] DEBUG org.asynchttpclient.netty.request.NettyRequestSender - Using pooled Channel '[id: 0x15725c6d, L:/127.0.0.1:54222 - R:localhost/127.0.0.1:47544]' for 'POST' to 'http://localhost:47544/session/2110e51d6eb213971c2be95817a2ce95/element/da2b14c7-9a87-4b39-9b0e-7a8773b73e13/element'
18:21:07.517 [Forwarding findChildElement on session 2110e51d6eb213971c2be95817a2ce95 to remote] DEBUG org.asynchttpclient.netty.request.NettyRequestSender - Using open Channel [id: 0x15725c6d, L:/127.0.0.1:54222 - R:localhost/127.0.0.1:47544] for POST '/session/2110e51d6eb213971c2be95817a2ce95/element/da2b14c7-9a87-4b39-9b0e-7a8773b73e13/element'
18:21:07.533 [AsyncHttpClient-1-2] DEBUG org.asynchttpclient.netty.handler.HttpHandler - 

Request DefaultHttpRequest(decodeResult: success, version: HTTP/1.1)
POST /session/2110e51d6eb213971c2be95817a2ce95/element/da2b14c7-9a87-4b39-9b0e-7a8773b73e13/element HTTP/1.1
User-Agent: selenium/4.5.3 (java mac)
Content-Length: 106
Content-Type: application/json; charset=utf-8
host: localhost:47544
accept: */*

Response DefaultHttpResponse(decodeResult: success, version: HTTP/1.1)
HTTP/1.1 200 OK
Content-Length: 88
Content-Type: application/json; charset=utf-8
cache-control: no-cache

18:21:07.533 [AsyncHttpClient-1-2] DEBUG org.asynchttpclient.netty.channel.ChannelManager - Adding key: http://localhost:47544 for channel [id: 0x15725c6d, L:/127.0.0.1:54222 - R:localhost/127.0.0.1:47544]
18:21:07.537 [Forwarding getElementText on session 2110e51d6eb213971c2be95817a2ce95 to remote] DEBUG org.asynchttpclient.netty.request.NettyRequestSender - Using pooled Channel '[id: 0x15725c6d, L:/127.0.0.1:54222 - R:localhost/127.0.0.1:47544]' for 'GET' to 'http://localhost:47544/session/2110e51d6eb213971c2be95817a2ce95/element/f3d64ee5-5225-4b9b-8b25-2edcb9f85223/text'
18:21:07.539 [Forwarding getElementText on session 2110e51d6eb213971c2be95817a2ce95 to remote] DEBUG org.asynchttpclient.netty.request.NettyRequestSender - Using open Channel [id: 0x15725c6d, L:/127.0.0.1:54222 - R:localhost/127.0.0.1:47544] for GET '/session/2110e51d6eb213971c2be95817a2ce95/element/f3d64ee5-5225-4b9b-8b25-2edcb9f85223/text'
18:21:07.575 [AsyncHttpClient-1-2] DEBUG org.asynchttpclient.netty.handler.HttpHandler - 

Request DefaultFullHttpRequest(decodeResult: success, version: HTTP/1.1, content: EmptyByteBufBE)
GET /session/2110e51d6eb213971c2be95817a2ce95/element/f3d64ee5-5225-4b9b-8b25-2edcb9f85223/text HTTP/1.1
User-Agent: selenium/4.5.3 (java mac)
Cache-Control: no-cache
Content-Type: application/json; charset=utf-8
host: localhost:47544
accept: */*

Response DefaultHttpResponse(decodeResult: success, version: HTTP/1.1)
HTTP/1.1 200 OK
Content-Length: 19
Content-Type: application/json; charset=utf-8
cache-control: no-cache

18:21:07.575 [AsyncHttpClient-1-2] DEBUG org.asynchttpclient.netty.channel.ChannelManager - Adding key: http://localhost:47544 for channel [id: 0x15725c6d, L:/127.0.0.1:54222 - R:localhost/127.0.0.1:47544]
18:21:07.579 [Forwarding findChildElement on session 2110e51d6eb213971c2be95817a2ce95 to remote] DEBUG org.asynchttpclient.netty.request.NettyRequestSender - Using pooled Channel '[id: 0x15725c6d, L:/127.0.0.1:54222 - R:localhost/127.0.0.1:47544]' for 'POST' to 'http://localhost:47544/session/2110e51d6eb213971c2be95817a2ce95/element/43b844d4-4335-47fd-854a-bd91d3c3ee70/element'
18:21:07.579 [Forwarding findChildElement on session 2110e51d6eb213971c2be95817a2ce95 to remote] DEBUG org.asynchttpclient.netty.request.NettyRequestSender - Using open Channel [id: 0x15725c6d, L:/127.0.0.1:54222 - R:localhost/127.0.0.1:47544] for POST '/session/2110e51d6eb213971c2be95817a2ce95/element/43b844d4-4335-47fd-854a-bd91d3c3ee70/element'
18:21:07.817 [AsyncHttpClient-1-1] DEBUG org.asynchttpclient.netty.channel.DefaultChannelPool - Entry count for : http://localhost:54225 : 1
18:21:07.843 [AsyncHttpClient-1-2] DEBUG org.asynchttpclient.netty.handler.HttpHandler - 

Request DefaultHttpRequest(decodeResult: success, version: HTTP/1.1)
POST /session/2110e51d6eb213971c2be95817a2ce95/element/43b844d4-4335-47fd-854a-bd91d3c3ee70/element HTTP/1.1
User-Agent: selenium/4.5.3 (java mac)
Content-Length: 106
Content-Type: application/json; charset=utf-8
host: localhost:47544
accept: */*

Response DefaultHttpResponse(decodeResult: success, version: HTTP/1.1)
HTTP/1.1 200 OK
Content-Length: 88
Content-Type: application/json; charset=utf-8
cache-control: no-cache

18:21:07.844 [AsyncHttpClient-1-2] DEBUG org.asynchttpclient.netty.channel.ChannelManager - Adding key: http://localhost:47544 for channel [id: 0x15725c6d, L:/127.0.0.1:54222 - R:localhost/127.0.0.1:47544]
18:21:07.845 [Forwarding getElementText on session 2110e51d6eb213971c2be95817a2ce95 to remote] DEBUG org.asynchttpclient.netty.request.NettyRequestSender - Using pooled Channel '[id: 0x15725c6d, L:/127.0.0.1:54222 - R:localhost/127.0.0.1:47544]' for 'GET' to 'http://localhost:47544/session/2110e51d6eb213971c2be95817a2ce95/element/f38fd8cf-30e0-4d95-ab4b-5ffd04d1bbb8/text'
18:21:07.845 [Forwarding getElementText on session 2110e51d6eb213971c2be95817a2ce95 to remote] DEBUG org.asynchttpclient.netty.request.NettyRequestSender - Using open Channel [id: 0x15725c6d, L:/127.0.0.1:54222 - R:localhost/127.0.0.1:47544] for GET '/session/2110e51d6eb213971c2be95817a2ce95/element/f38fd8cf-30e0-4d95-ab4b-5ffd04d1bbb8/text'
18:21:07.868 [AsyncHttpClient-1-2] DEBUG org.asynchttpclient.netty.handler.HttpHandler - 

Request DefaultFullHttpRequest(decodeResult: success, version: HTTP/1.1, content: EmptyByteBufBE)
GET /session/2110e51d6eb213971c2be95817a2ce95/element/f38fd8cf-30e0-4d95-ab4b-5ffd04d1bbb8/text HTTP/1.1
User-Agent: selenium/4.5.3 (java mac)
Cache-Control: no-cache
Content-Type: application/json; charset=utf-8
host: localhost:47544
accept: */*

Response DefaultHttpResponse(decodeResult: success, version: HTTP/1.1)
HTTP/1.1 200 OK
Content-Length: 88
Content-Type: application/json; charset=utf-8
cache-control: no-cache

18:21:07.868 [AsyncHttpClient-1-2] DEBUG org.asynchttpclient.netty.channel.ChannelManager - Adding key: http://localhost:47544 for channel [id: 0x15725c6d, L:/127.0.0.1:54222 - R:localhost/127.0.0.1:47544]
18:21:07.869 [Forwarding findChildElement on session 2110e51d6eb213971c2be95817a2ce95 to remote] DEBUG org.asynchttpclient.netty.request.NettyRequestSender - Using pooled Channel '[id: 0x15725c6d, L:/127.0.0.1:54222 - R:localhost/127.0.0.1:47544]' for 'POST' to 'http://localhost:47544/session/2110e51d6eb213971c2be95817a2ce95/element/43b844d4-4335-47fd-854a-bd91d3c3ee70/element'
18:21:07.869 [Forwarding findChildElement on session 2110e51d6eb213971c2be95817a2ce95 to remote] DEBUG org.asynchttpclient.netty.request.NettyRequestSender - Using open Channel [id: 0x15725c6d, L:/127.0.0.1:54222 - R:localhost/127.0.0.1:47544] for POST '/session/2110e51d6eb213971c2be95817a2ce95/element/43b844d4-4335-47fd-854a-bd91d3c3ee70/element'
18:21:07.881 [AsyncHttpClient-1-2] DEBUG org.asynchttpclient.netty.handler.HttpHandler - 

Request DefaultHttpRequest(decodeResult: success, version: HTTP/1.1)
POST /session/2110e51d6eb213971c2be95817a2ce95/element/43b844d4-4335-47fd-854a-bd91d3c3ee70/element HTTP/1.1
User-Agent: selenium/4.5.3 (java mac)
Content-Length: 106
Content-Type: application/json; charset=utf-8
host: localhost:47544
accept: */*

Response DefaultHttpResponse(decodeResult: success, version: HTTP/1.1)
HTTP/1.1 200 OK
Content-Length: 88
Content-Type: application/json; charset=utf-8
cache-control: no-cache

18:21:07.881 [AsyncHttpClient-1-2] DEBUG org.asynchttpclient.netty.channel.ChannelManager - Adding key: http://localhost:47544 for channel [id: 0x15725c6d, L:/127.0.0.1:54222 - R:localhost/127.0.0.1:47544]
18:21:07.882 [Forwarding getElementText on session 2110e51d6eb213971c2be95817a2ce95 to remote] DEBUG org.asynchttpclient.netty.request.NettyRequestSender - Using pooled Channel '[id: 0x15725c6d, L:/127.0.0.1:54222 - R:localhost/127.0.0.1:47544]' for 'GET' to 'http://localhost:47544/session/2110e51d6eb213971c2be95817a2ce95/element/fbfb7ddf-5c7f-4c66-a255-759d10262da9/text'
18:21:07.882 [Forwarding getElementText on session 2110e51d6eb213971c2be95817a2ce95 to remote] DEBUG org.asynchttpclient.netty.request.NettyRequestSender - Using open Channel [id: 0x15725c6d, L:/127.0.0.1:54222 - R:localhost/127.0.0.1:47544] for GET '/session/2110e51d6eb213971c2be95817a2ce95/element/fbfb7ddf-5c7f-4c66-a255-759d10262da9/text'
18:21:07.900 [AsyncHttpClient-1-2] DEBUG org.asynchttpclient.netty.handler.HttpHandler - 

Request DefaultFullHttpRequest(decodeResult: success, version: HTTP/1.1, content: EmptyByteBufBE)
GET /session/2110e51d6eb213971c2be95817a2ce95/element/fbfb7ddf-5c7f-4c66-a255-759d10262da9/text HTTP/1.1
User-Agent: selenium/4.5.3 (java mac)
Cache-Control: no-cache
Content-Type: application/json; charset=utf-8
host: localhost:47544
accept: */*

Response DefaultHttpResponse(decodeResult: success, version: HTTP/1.1)
HTTP/1.1 200 OK
Content-Length: 19
Content-Type: application/json; charset=utf-8
cache-control: no-cache

18:21:07.900 [AsyncHttpClient-1-2] DEBUG org.asynchttpclient.netty.channel.ChannelManager - Adding key: http://localhost:47544 for channel [id: 0x15725c6d, L:/127.0.0.1:54222 - R:localhost/127.0.0.1:47544]
18:21:07.902 [Forwarding findChildElement on session 2110e51d6eb213971c2be95817a2ce95 to remote] DEBUG org.asynchttpclient.netty.request.NettyRequestSender - Using pooled Channel '[id: 0x15725c6d, L:/127.0.0.1:54222 - R:localhost/127.0.0.1:47544]' for 'POST' to 'http://localhost:47544/session/2110e51d6eb213971c2be95817a2ce95/element/70768af8-359f-4710-b3bb-77c3bb01a78a/element'
18:21:07.902 [Forwarding findChildElement on session 2110e51d6eb213971c2be95817a2ce95 to remote] DEBUG org.asynchttpclient.netty.request.NettyRequestSender - Using open Channel [id: 0x15725c6d, L:/127.0.0.1:54222 - R:localhost/127.0.0.1:47544] for POST '/session/2110e51d6eb213971c2be95817a2ce95/element/70768af8-359f-4710-b3bb-77c3bb01a78a/element'
18:21:07.914 [AsyncHttpClient-1-2] DEBUG org.asynchttpclient.netty.handler.HttpHandler - 

Request DefaultHttpRequest(decodeResult: success, version: HTTP/1.1)
POST /session/2110e51d6eb213971c2be95817a2ce95/element/70768af8-359f-4710-b3bb-77c3bb01a78a/element HTTP/1.1
User-Agent: selenium/4.5.3 (java mac)
Content-Length: 106
Content-Type: application/json; charset=utf-8
host: localhost:47544
accept: */*

Response DefaultHttpResponse(decodeResult: success, version: HTTP/1.1)
HTTP/1.1 200 OK
Content-Length: 88
Content-Type: application/json; charset=utf-8
cache-control: no-cache

18:21:07.914 [AsyncHttpClient-1-2] DEBUG org.asynchttpclient.netty.channel.ChannelManager - Adding key: http://localhost:47544 for channel [id: 0x15725c6d, L:/127.0.0.1:54222 - R:localhost/127.0.0.1:47544]
18:21:07.915 [Forwarding getElementText on session 2110e51d6eb213971c2be95817a2ce95 to remote] DEBUG org.asynchttpclient.netty.request.NettyRequestSender - Using pooled Channel '[id: 0x15725c6d, L:/127.0.0.1:54222 - R:localhost/127.0.0.1:47544]' for 'GET' to 'http://localhost:47544/session/2110e51d6eb213971c2be95817a2ce95/element/47cdd253-cb06-4fb0-8a1a-889d9339aa23/text'
18:21:07.915 [Forwarding getElementText on session 2110e51d6eb213971c2be95817a2ce95 to remote] DEBUG org.asynchttpclient.netty.request.NettyRequestSender - Using open Channel [id: 0x15725c6d, L:/127.0.0.1:54222 - R:localhost/127.0.0.1:47544] for GET '/session/2110e51d6eb213971c2be95817a2ce95/element/47cdd253-cb06-4fb0-8a1a-889d9339aa23/text'
18:21:07.930 [AsyncHttpClient-1-2] DEBUG org.asynchttpclient.netty.handler.HttpHandler - 

Request DefaultFullHttpRequest(decodeResult: success, version: HTTP/1.1, content: EmptyByteBufBE)
GET /session/2110e51d6eb213971c2be95817a2ce95/element/47cdd253-cb06-4fb0-8a1a-889d9339aa23/text HTTP/1.1
User-Agent: selenium/4.5.3 (java mac)
Cache-Control: no-cache
Content-Type: application/json; charset=utf-8
host: localhost:47544
accept: */*

Response DefaultHttpResponse(decodeResult: success, version: HTTP/1.1)
HTTP/1.1 200 OK
Content-Length: 75
Content-Type: application/json; charset=utf-8
cache-control: no-cache

18:21:07.932 [AsyncHttpClient-1-2] DEBUG org.asynchttpclient.netty.channel.ChannelManager - Adding key: http://localhost:47544 for channel [id: 0x15725c6d, L:/127.0.0.1:54222 - R:localhost/127.0.0.1:47544]
18:21:07.933 [Forwarding findChildElement on session 2110e51d6eb213971c2be95817a2ce95 to remote] DEBUG org.asynchttpclient.netty.request.NettyRequestSender - Using pooled Channel '[id: 0x15725c6d, L:/127.0.0.1:54222 - R:localhost/127.0.0.1:47544]' for 'POST' to 'http://localhost:47544/session/2110e51d6eb213971c2be95817a2ce95/element/70768af8-359f-4710-b3bb-77c3bb01a78a/element'
18:21:07.933 [Forwarding findChildElement on session 2110e51d6eb213971c2be95817a2ce95 to remote] DEBUG org.asynchttpclient.netty.request.NettyRequestSender - Using open Channel [id: 0x15725c6d, L:/127.0.0.1:54222 - R:localhost/127.0.0.1:47544] for POST '/session/2110e51d6eb213971c2be95817a2ce95/element/70768af8-359f-4710-b3bb-77c3bb01a78a/element'
18:21:07.949 [AsyncHttpClient-1-2] DEBUG org.asynchttpclient.netty.handler.HttpHandler - 

Request DefaultHttpRequest(decodeResult: success, version: HTTP/1.1)
POST /session/2110e51d6eb213971c2be95817a2ce95/element/70768af8-359f-4710-b3bb-77c3bb01a78a/element HTTP/1.1
User-Agent: selenium/4.5.3 (java mac)
Content-Length: 106
Content-Type: application/json; charset=utf-8
host: localhost:47544
accept: */*

Response DefaultHttpResponse(decodeResult: success, version: HTTP/1.1)
HTTP/1.1 200 OK
Content-Length: 88
Content-Type: application/json; charset=utf-8
cache-control: no-cache

18:21:07.950 [AsyncHttpClient-1-2] DEBUG org.asynchttpclient.netty.channel.ChannelManager - Adding key: http://localhost:47544 for channel [id: 0x15725c6d, L:/127.0.0.1:54222 - R:localhost/127.0.0.1:47544]
18:21:07.951 [Forwarding getElementText on session 2110e51d6eb213971c2be95817a2ce95 to remote] DEBUG org.asynchttpclient.netty.request.NettyRequestSender - Using pooled Channel '[id: 0x15725c6d, L:/127.0.0.1:54222 - R:localhost/127.0.0.1:47544]' for 'GET' to 'http://localhost:47544/session/2110e51d6eb213971c2be95817a2ce95/element/8b9d2bfc-c17a-4357-b550-de0865c94e5e/text'
18:21:07.951 [Forwarding getElementText on session 2110e51d6eb213971c2be95817a2ce95 to remote] DEBUG org.asynchttpclient.netty.request.NettyRequestSender - Using open Channel [id: 0x15725c6d, L:/127.0.0.1:54222 - R:localhost/127.0.0.1:47544] for GET '/session/2110e51d6eb213971c2be95817a2ce95/element/8b9d2bfc-c17a-4357-b550-de0865c94e5e/text'
18:21:08.201 [AsyncHttpClient-1-2] DEBUG org.asynchttpclient.netty.handler.HttpHandler - 

Request DefaultFullHttpRequest(decodeResult: success, version: HTTP/1.1, content: EmptyByteBufBE)
GET /session/2110e51d6eb213971c2be95817a2ce95/element/8b9d2bfc-c17a-4357-b550-de0865c94e5e/text HTTP/1.1
User-Agent: selenium/4.5.3 (java mac)
Cache-Control: no-cache
Content-Type: application/json; charset=utf-8
host: localhost:47544
accept: */*

Response DefaultHttpResponse(decodeResult: success, version: HTTP/1.1)
HTTP/1.1 200 OK
Content-Length: 19
Content-Type: application/json; charset=utf-8
cache-control: no-cache

18:21:08.201 [AsyncHttpClient-1-2] DEBUG org.asynchttpclient.netty.channel.ChannelManager - Adding key: http://localhost:47544 for channel [id: 0x15725c6d, L:/127.0.0.1:54222 - R:localhost/127.0.0.1:47544]
18:21:08.203 [Forwarding findChildElement on session 2110e51d6eb213971c2be95817a2ce95 to remote] DEBUG org.asynchttpclient.netty.request.NettyRequestSender - Using pooled Channel '[id: 0x15725c6d, L:/127.0.0.1:54222 - R:localhost/127.0.0.1:47544]' for 'POST' to 'http://localhost:47544/session/2110e51d6eb213971c2be95817a2ce95/element/d91c26be-6091-4b39-ad94-e26d27d2f743/element'
18:21:08.203 [Forwarding findChildElement on session 2110e51d6eb213971c2be95817a2ce95 to remote] DEBUG org.asynchttpclient.netty.request.NettyRequestSender - Using open Channel [id: 0x15725c6d, L:/127.0.0.1:54222 - R:localhost/127.0.0.1:47544] for POST '/session/2110e51d6eb213971c2be95817a2ce95/element/d91c26be-6091-4b39-ad94-e26d27d2f743/element'
18:21:08.399 [AsyncHttpClient-1-2] DEBUG org.asynchttpclient.netty.handler.HttpHandler - 

Request DefaultHttpRequest(decodeResult: success, version: HTTP/1.1)
POST /session/2110e51d6eb213971c2be95817a2ce95/element/d91c26be-6091-4b39-ad94-e26d27d2f743/element HTTP/1.1
User-Agent: selenium/4.5.3 (java mac)
Content-Length: 106
Content-Type: application/json; charset=utf-8
host: localhost:47544
accept: */*

Response DefaultHttpResponse(decodeResult: success, version: HTTP/1.1)
HTTP/1.1 200 OK
Content-Length: 88
Content-Type: application/json; charset=utf-8
cache-control: no-cache

18:21:08.399 [AsyncHttpClient-1-2] DEBUG org.asynchttpclient.netty.channel.ChannelManager - Adding key: http://localhost:47544 for channel [id: 0x15725c6d, L:/127.0.0.1:54222 - R:localhost/127.0.0.1:47544]
18:21:08.401 [Forwarding getElementText on session 2110e51d6eb213971c2be95817a2ce95 to remote] DEBUG org.asynchttpclient.netty.request.NettyRequestSender - Using pooled Channel '[id: 0x15725c6d, L:/127.0.0.1:54222 - R:localhost/127.0.0.1:47544]' for 'GET' to 'http://localhost:47544/session/2110e51d6eb213971c2be95817a2ce95/element/81eac810-81a9-4957-aabd-a65d752bca7e/text'
18:21:08.401 [Forwarding getElementText on session 2110e51d6eb213971c2be95817a2ce95 to remote] DEBUG org.asynchttpclient.netty.request.NettyRequestSender - Using open Channel [id: 0x15725c6d, L:/127.0.0.1:54222 - R:localhost/127.0.0.1:47544] for GET '/session/2110e51d6eb213971c2be95817a2ce95/element/81eac810-81a9-4957-aabd-a65d752bca7e/text'
18:21:08.506 [AsyncHttpClient-1-2] DEBUG org.asynchttpclient.netty.handler.HttpHandler - 

Request DefaultFullHttpRequest(decodeResult: success, version: HTTP/1.1, content: EmptyByteBufBE)
GET /session/2110e51d6eb213971c2be95817a2ce95/element/81eac810-81a9-4957-aabd-a65d752bca7e/text HTTP/1.1
User-Agent: selenium/4.5.3 (java mac)
Cache-Control: no-cache
Content-Type: application/json; charset=utf-8
host: localhost:47544
accept: */*

Response DefaultHttpResponse(decodeResult: success, version: HTTP/1.1)
HTTP/1.1 200 OK
Content-Length: 87
Content-Type: application/json; charset=utf-8
cache-control: no-cache

18:21:08.506 [AsyncHttpClient-1-2] DEBUG org.asynchttpclient.netty.channel.ChannelManager - Adding key: http://localhost:47544 for channel [id: 0x15725c6d, L:/127.0.0.1:54222 - R:localhost/127.0.0.1:47544]
18:21:08.508 [Forwarding findChildElement on session 2110e51d6eb213971c2be95817a2ce95 to remote] DEBUG org.asynchttpclient.netty.request.NettyRequestSender - Using pooled Channel '[id: 0x15725c6d, L:/127.0.0.1:54222 - R:localhost/127.0.0.1:47544]' for 'POST' to 'http://localhost:47544/session/2110e51d6eb213971c2be95817a2ce95/element/d91c26be-6091-4b39-ad94-e26d27d2f743/element'
18:21:08.508 [Forwarding findChildElement on session 2110e51d6eb213971c2be95817a2ce95 to remote] DEBUG org.asynchttpclient.netty.request.NettyRequestSender - Using open Channel [id: 0x15725c6d, L:/127.0.0.1:54222 - R:localhost/127.0.0.1:47544] for POST '/session/2110e51d6eb213971c2be95817a2ce95/element/d91c26be-6091-4b39-ad94-e26d27d2f743/element'
18:21:08.557 [AsyncHttpClient-1-2] DEBUG org.asynchttpclient.netty.handler.HttpHandler - 

Request DefaultHttpRequest(decodeResult: success, version: HTTP/1.1)
POST /session/2110e51d6eb213971c2be95817a2ce95/element/d91c26be-6091-4b39-ad94-e26d27d2f743/element HTTP/1.1
User-Agent: selenium/4.5.3 (java mac)
Content-Length: 106
Content-Type: application/json; charset=utf-8
host: localhost:47544
accept: */*

Response DefaultHttpResponse(decodeResult: success, version: HTTP/1.1)
HTTP/1.1 200 OK
Content-Length: 88
Content-Type: application/json; charset=utf-8
cache-control: no-cache

18:21:08.558 [AsyncHttpClient-1-2] DEBUG org.asynchttpclient.netty.channel.ChannelManager - Adding key: http://localhost:47544 for channel [id: 0x15725c6d, L:/127.0.0.1:54222 - R:localhost/127.0.0.1:47544]
18:21:08.559 [Forwarding getElementText on session 2110e51d6eb213971c2be95817a2ce95 to remote] DEBUG org.asynchttpclient.netty.request.NettyRequestSender - Using pooled Channel '[id: 0x15725c6d, L:/127.0.0.1:54222 - R:localhost/127.0.0.1:47544]' for 'GET' to 'http://localhost:47544/session/2110e51d6eb213971c2be95817a2ce95/element/379258b3-b0da-4e2b-8f94-766ce6033a6d/text'
18:21:08.559 [Forwarding getElementText on session 2110e51d6eb213971c2be95817a2ce95 to remote] DEBUG org.asynchttpclient.netty.request.NettyRequestSender - Using open Channel [id: 0x15725c6d, L:/127.0.0.1:54222 - R:localhost/127.0.0.1:47544] for GET '/session/2110e51d6eb213971c2be95817a2ce95/element/379258b3-b0da-4e2b-8f94-766ce6033a6d/text'
18:21:08.713 [AsyncHttpClient-1-2] DEBUG org.asynchttpclient.netty.handler.HttpHandler - 

Request DefaultFullHttpRequest(decodeResult: success, version: HTTP/1.1, content: EmptyByteBufBE)
GET /session/2110e51d6eb213971c2be95817a2ce95/element/379258b3-b0da-4e2b-8f94-766ce6033a6d/text HTTP/1.1
User-Agent: selenium/4.5.3 (java mac)
Cache-Control: no-cache
Content-Type: application/json; charset=utf-8
host: localhost:47544
accept: */*

Response DefaultHttpResponse(decodeResult: success, version: HTTP/1.1)
HTTP/1.1 200 OK
Content-Length: 30
Content-Type: application/json; charset=utf-8
cache-control: no-cache

18:21:08.714 [AsyncHttpClient-1-2] DEBUG org.asynchttpclient.netty.channel.ChannelManager - Adding key: http://localhost:47544 for channel [id: 0x15725c6d, L:/127.0.0.1:54222 - R:localhost/127.0.0.1:47544]
18:21:08.716 [Forwarding findChildElement on session 2110e51d6eb213971c2be95817a2ce95 to remote] DEBUG org.asynchttpclient.netty.request.NettyRequestSender - Using pooled Channel '[id: 0x15725c6d, L:/127.0.0.1:54222 - R:localhost/127.0.0.1:47544]' for 'POST' to 'http://localhost:47544/session/2110e51d6eb213971c2be95817a2ce95/element/f6dc4dbe-ef7f-43e0-b615-dad7c645c5e4/element'
18:21:08.716 [Forwarding findChildElement on session 2110e51d6eb213971c2be95817a2ce95 to remote] DEBUG org.asynchttpclient.netty.request.NettyRequestSender - Using open Channel [id: 0x15725c6d, L:/127.0.0.1:54222 - R:localhost/127.0.0.1:47544] for POST '/session/2110e51d6eb213971c2be95817a2ce95/element/f6dc4dbe-ef7f-43e0-b615-dad7c645c5e4/element'
18:21:08.753 [AsyncHttpClient-1-2] DEBUG org.asynchttpclient.netty.handler.HttpHandler - 

Request DefaultHttpRequest(decodeResult: success, version: HTTP/1.1)
POST /session/2110e51d6eb213971c2be95817a2ce95/element/f6dc4dbe-ef7f-43e0-b615-dad7c645c5e4/element HTTP/1.1
User-Agent: selenium/4.5.3 (java mac)
Content-Length: 106
Content-Type: application/json; charset=utf-8
host: localhost:47544
accept: */*

Response DefaultHttpResponse(decodeResult: success, version: HTTP/1.1)
HTTP/1.1 200 OK
Content-Length: 88
Content-Type: application/json; charset=utf-8
cache-control: no-cache

18:21:08.753 [AsyncHttpClient-1-2] DEBUG org.asynchttpclient.netty.channel.ChannelManager - Adding key: http://localhost:47544 for channel [id: 0x15725c6d, L:/127.0.0.1:54222 - R:localhost/127.0.0.1:47544]
18:21:08.754 [Forwarding getElementText on session 2110e51d6eb213971c2be95817a2ce95 to remote] DEBUG org.asynchttpclient.netty.request.NettyRequestSender - Using pooled Channel '[id: 0x15725c6d, L:/127.0.0.1:54222 - R:localhost/127.0.0.1:47544]' for 'GET' to 'http://localhost:47544/session/2110e51d6eb213971c2be95817a2ce95/element/4f33c398-dbd1-4d8e-9d5c-d13f56405a49/text'
18:21:08.755 [Forwarding getElementText on session 2110e51d6eb213971c2be95817a2ce95 to remote] DEBUG org.asynchttpclient.netty.request.NettyRequestSender - Using open Channel [id: 0x15725c6d, L:/127.0.0.1:54222 - R:localhost/127.0.0.1:47544] for GET '/session/2110e51d6eb213971c2be95817a2ce95/element/4f33c398-dbd1-4d8e-9d5c-d13f56405a49/text'
18:21:08.778 [AsyncHttpClient-1-2] DEBUG org.asynchttpclient.netty.handler.HttpHandler - 

Request DefaultFullHttpRequest(decodeResult: success, version: HTTP/1.1, content: EmptyByteBufBE)
GET /session/2110e51d6eb213971c2be95817a2ce95/element/4f33c398-dbd1-4d8e-9d5c-d13f56405a49/text HTTP/1.1
User-Agent: selenium/4.5.3 (java mac)
Cache-Control: no-cache
Content-Type: application/json; charset=utf-8
host: localhost:47544
accept: */*

Response DefaultHttpResponse(decodeResult: success, version: HTTP/1.1)
HTTP/1.1 200 OK
Content-Length: 91
Content-Type: application/json; charset=utf-8
cache-control: no-cache

18:21:08.778 [AsyncHttpClient-1-2] DEBUG org.asynchttpclient.netty.channel.ChannelManager - Adding key: http://localhost:47544 for channel [id: 0x15725c6d, L:/127.0.0.1:54222 - R:localhost/127.0.0.1:47544]
18:21:08.780 [Forwarding findChildElement on session 2110e51d6eb213971c2be95817a2ce95 to remote] DEBUG org.asynchttpclient.netty.request.NettyRequestSender - Using pooled Channel '[id: 0x15725c6d, L:/127.0.0.1:54222 - R:localhost/127.0.0.1:47544]' for 'POST' to 'http://localhost:47544/session/2110e51d6eb213971c2be95817a2ce95/element/f6dc4dbe-ef7f-43e0-b615-dad7c645c5e4/element'
18:21:08.780 [Forwarding findChildElement on session 2110e51d6eb213971c2be95817a2ce95 to remote] DEBUG org.asynchttpclient.netty.request.NettyRequestSender - Using open Channel [id: 0x15725c6d, L:/127.0.0.1:54222 - R:localhost/127.0.0.1:47544] for POST '/session/2110e51d6eb213971c2be95817a2ce95/element/f6dc4dbe-ef7f-43e0-b615-dad7c645c5e4/element'
18:21:08.800 [AsyncHttpClient-1-2] DEBUG org.asynchttpclient.netty.handler.HttpHandler - 

Request DefaultHttpRequest(decodeResult: success, version: HTTP/1.1)
POST /session/2110e51d6eb213971c2be95817a2ce95/element/f6dc4dbe-ef7f-43e0-b615-dad7c645c5e4/element HTTP/1.1
User-Agent: selenium/4.5.3 (java mac)
Content-Length: 106
Content-Type: application/json; charset=utf-8
host: localhost:47544
accept: */*

Response DefaultHttpResponse(decodeResult: success, version: HTTP/1.1)
HTTP/1.1 200 OK
Content-Length: 88
Content-Type: application/json; charset=utf-8
cache-control: no-cache

18:21:08.800 [AsyncHttpClient-1-2] DEBUG org.asynchttpclient.netty.channel.ChannelManager - Adding key: http://localhost:47544 for channel [id: 0x15725c6d, L:/127.0.0.1:54222 - R:localhost/127.0.0.1:47544]
18:21:08.801 [Forwarding getElementText on session 2110e51d6eb213971c2be95817a2ce95 to remote] DEBUG org.asynchttpclient.netty.request.NettyRequestSender - Using pooled Channel '[id: 0x15725c6d, L:/127.0.0.1:54222 - R:localhost/127.0.0.1:47544]' for 'GET' to 'http://localhost:47544/session/2110e51d6eb213971c2be95817a2ce95/element/c3717a81-ce74-421f-b1d4-577ec6d98910/text'
18:21:08.801 [Forwarding getElementText on session 2110e51d6eb213971c2be95817a2ce95 to remote] DEBUG org.asynchttpclient.netty.request.NettyRequestSender - Using open Channel [id: 0x15725c6d, L:/127.0.0.1:54222 - R:localhost/127.0.0.1:47544] for GET '/session/2110e51d6eb213971c2be95817a2ce95/element/c3717a81-ce74-421f-b1d4-577ec6d98910/text'
18:21:08.818 [AsyncHttpClient-1-2] DEBUG org.asynchttpclient.netty.handler.HttpHandler - 

Request DefaultFullHttpRequest(decodeResult: success, version: HTTP/1.1, content: EmptyByteBufBE)
GET /session/2110e51d6eb213971c2be95817a2ce95/element/c3717a81-ce74-421f-b1d4-577ec6d98910/text HTTP/1.1
User-Agent: selenium/4.5.3 (java mac)
Cache-Control: no-cache
Content-Type: application/json; charset=utf-8
host: localhost:47544
accept: */*

Response DefaultHttpResponse(decodeResult: success, version: HTTP/1.1)
HTTP/1.1 200 OK
Content-Length: 19
Content-Type: application/json; charset=utf-8
cache-control: no-cache

18:21:08.818 [AsyncHttpClient-1-2] DEBUG org.asynchttpclient.netty.channel.ChannelManager - Adding key: http://localhost:47544 for channel [id: 0x15725c6d, L:/127.0.0.1:54222 - R:localhost/127.0.0.1:47544]
18:21:08.819 [Forwarding findChildElement on session 2110e51d6eb213971c2be95817a2ce95 to remote] DEBUG org.asynchttpclient.netty.request.NettyRequestSender - Using pooled Channel '[id: 0x15725c6d, L:/127.0.0.1:54222 - R:localhost/127.0.0.1:47544]' for 'POST' to 'http://localhost:47544/session/2110e51d6eb213971c2be95817a2ce95/element/4073b62f-882e-4dc6-a41d-a49b57d57c06/element'
18:21:08.819 [Forwarding findChildElement on session 2110e51d6eb213971c2be95817a2ce95 to remote] DEBUG org.asynchttpclient.netty.request.NettyRequestSender - Using open Channel [id: 0x15725c6d, L:/127.0.0.1:54222 - R:localhost/127.0.0.1:47544] for POST '/session/2110e51d6eb213971c2be95817a2ce95/element/4073b62f-882e-4dc6-a41d-a49b57d57c06/element'
18:21:08.837 [AsyncHttpClient-1-2] DEBUG org.asynchttpclient.netty.handler.HttpHandler - 

Request DefaultHttpRequest(decodeResult: success, version: HTTP/1.1)
POST /session/2110e51d6eb213971c2be95817a2ce95/element/4073b62f-882e-4dc6-a41d-a49b57d57c06/element HTTP/1.1
User-Agent: selenium/4.5.3 (java mac)
Content-Length: 106
Content-Type: application/json; charset=utf-8
host: localhost:47544
accept: */*

Response DefaultHttpResponse(decodeResult: success, version: HTTP/1.1)
HTTP/1.1 200 OK
Content-Length: 88
Content-Type: application/json; charset=utf-8
cache-control: no-cache

18:21:08.838 [AsyncHttpClient-1-2] DEBUG org.asynchttpclient.netty.channel.ChannelManager - Adding key: http://localhost:47544 for channel [id: 0x15725c6d, L:/127.0.0.1:54222 - R:localhost/127.0.0.1:47544]
18:21:08.839 [Forwarding getElementText on session 2110e51d6eb213971c2be95817a2ce95 to remote] DEBUG org.asynchttpclient.netty.request.NettyRequestSender - Using pooled Channel '[id: 0x15725c6d, L:/127.0.0.1:54222 - R:localhost/127.0.0.1:47544]' for 'GET' to 'http://localhost:47544/session/2110e51d6eb213971c2be95817a2ce95/element/2b21e6e4-19f8-4cd2-96ad-481bb146a44d/text'
18:21:08.839 [Forwarding getElementText on session 2110e51d6eb213971c2be95817a2ce95 to remote] DEBUG org.asynchttpclient.netty.request.NettyRequestSender - Using open Channel [id: 0x15725c6d, L:/127.0.0.1:54222 - R:localhost/127.0.0.1:47544] for GET '/session/2110e51d6eb213971c2be95817a2ce95/element/2b21e6e4-19f8-4cd2-96ad-481bb146a44d/text'
18:21:08.909 [AsyncHttpClient-1-1] DEBUG org.asynchttpclient.netty.channel.DefaultChannelPool - Entry count for : http://localhost:54225 : 1
18:21:08.979 [AsyncHttpClient-1-2] DEBUG org.asynchttpclient.netty.handler.HttpHandler - 

Request DefaultFullHttpRequest(decodeResult: success, version: HTTP/1.1, content: EmptyByteBufBE)
GET /session/2110e51d6eb213971c2be95817a2ce95/element/2b21e6e4-19f8-4cd2-96ad-481bb146a44d/text HTTP/1.1
User-Agent: selenium/4.5.3 (java mac)
Cache-Control: no-cache
Content-Type: application/json; charset=utf-8
host: localhost:47544
accept: */*

Response DefaultHttpResponse(decodeResult: success, version: HTTP/1.1)
HTTP/1.1 200 OK
Content-Length: 68
Content-Type: application/json; charset=utf-8
cache-control: no-cache

18:21:08.979 [AsyncHttpClient-1-2] DEBUG org.asynchttpclient.netty.channel.ChannelManager - Adding key: http://localhost:47544 for channel [id: 0x15725c6d, L:/127.0.0.1:54222 - R:localhost/127.0.0.1:47544]
18:21:08.981 [Forwarding findChildElement on session 2110e51d6eb213971c2be95817a2ce95 to remote] DEBUG org.asynchttpclient.netty.request.NettyRequestSender - Using pooled Channel '[id: 0x15725c6d, L:/127.0.0.1:54222 - R:localhost/127.0.0.1:47544]' for 'POST' to 'http://localhost:47544/session/2110e51d6eb213971c2be95817a2ce95/element/4073b62f-882e-4dc6-a41d-a49b57d57c06/element'
18:21:08.981 [Forwarding findChildElement on session 2110e51d6eb213971c2be95817a2ce95 to remote] DEBUG org.asynchttpclient.netty.request.NettyRequestSender - Using open Channel [id: 0x15725c6d, L:/127.0.0.1:54222 - R:localhost/127.0.0.1:47544] for POST '/session/2110e51d6eb213971c2be95817a2ce95/element/4073b62f-882e-4dc6-a41d-a49b57d57c06/element'
18:21:08.999 [AsyncHttpClient-1-2] DEBUG org.asynchttpclient.netty.handler.HttpHandler - 

Request DefaultHttpRequest(decodeResult: success, version: HTTP/1.1)
POST /session/2110e51d6eb213971c2be95817a2ce95/element/4073b62f-882e-4dc6-a41d-a49b57d57c06/element HTTP/1.1
User-Agent: selenium/4.5.3 (java mac)
Content-Length: 106
Content-Type: application/json; charset=utf-8
host: localhost:47544
accept: */*

Response DefaultHttpResponse(decodeResult: success, version: HTTP/1.1)
HTTP/1.1 200 OK
Content-Length: 88
Content-Type: application/json; charset=utf-8
cache-control: no-cache

18:21:08.999 [AsyncHttpClient-1-2] DEBUG org.asynchttpclient.netty.channel.ChannelManager - Adding key: http://localhost:47544 for channel [id: 0x15725c6d, L:/127.0.0.1:54222 - R:localhost/127.0.0.1:47544]
18:21:09.001 [Forwarding getElementText on session 2110e51d6eb213971c2be95817a2ce95 to remote] DEBUG org.asynchttpclient.netty.request.NettyRequestSender - Using pooled Channel '[id: 0x15725c6d, L:/127.0.0.1:54222 - R:localhost/127.0.0.1:47544]' for 'GET' to 'http://localhost:47544/session/2110e51d6eb213971c2be95817a2ce95/element/bd3e2c58-a88b-404f-b43c-a6727d72941b/text'
18:21:09.001 [Forwarding getElementText on session 2110e51d6eb213971c2be95817a2ce95 to remote] DEBUG org.asynchttpclient.netty.request.NettyRequestSender - Using open Channel [id: 0x15725c6d, L:/127.0.0.1:54222 - R:localhost/127.0.0.1:47544] for GET '/session/2110e51d6eb213971c2be95817a2ce95/element/bd3e2c58-a88b-404f-b43c-a6727d72941b/text'
18:21:09.028 [AsyncHttpClient-1-2] DEBUG org.asynchttpclient.netty.handler.HttpHandler - 

Request DefaultFullHttpRequest(decodeResult: success, version: HTTP/1.1, content: EmptyByteBufBE)
GET /session/2110e51d6eb213971c2be95817a2ce95/element/bd3e2c58-a88b-404f-b43c-a6727d72941b/text HTTP/1.1
User-Agent: selenium/4.5.3 (java mac)
Cache-Control: no-cache
Content-Type: application/json; charset=utf-8
host: localhost:47544
accept: */*

Response DefaultHttpResponse(decodeResult: success, version: HTTP/1.1)
HTTP/1.1 200 OK
Content-Length: 19
Content-Type: application/json; charset=utf-8
cache-control: no-cache

18:21:09.028 [AsyncHttpClient-1-2] DEBUG org.asynchttpclient.netty.channel.ChannelManager - Adding key: http://localhost:47544 for channel [id: 0x15725c6d, L:/127.0.0.1:54222 - R:localhost/127.0.0.1:47544]
18:21:09.030 [Forwarding findChildElement on session 2110e51d6eb213971c2be95817a2ce95 to remote] DEBUG org.asynchttpclient.netty.request.NettyRequestSender - Using pooled Channel '[id: 0x15725c6d, L:/127.0.0.1:54222 - R:localhost/127.0.0.1:47544]' for 'POST' to 'http://localhost:47544/session/2110e51d6eb213971c2be95817a2ce95/element/2ce92bdf-2376-4e33-9073-9cb1982d70f4/element'
18:21:09.031 [Forwarding findChildElement on session 2110e51d6eb213971c2be95817a2ce95 to remote] DEBUG org.asynchttpclient.netty.request.NettyRequestSender - Using open Channel [id: 0x15725c6d, L:/127.0.0.1:54222 - R:localhost/127.0.0.1:47544] for POST '/session/2110e51d6eb213971c2be95817a2ce95/element/2ce92bdf-2376-4e33-9073-9cb1982d70f4/element'
18:21:09.043 [AsyncHttpClient-1-2] DEBUG org.asynchttpclient.netty.handler.HttpHandler - 

Request DefaultHttpRequest(decodeResult: success, version: HTTP/1.1)
POST /session/2110e51d6eb213971c2be95817a2ce95/element/2ce92bdf-2376-4e33-9073-9cb1982d70f4/element HTTP/1.1
User-Agent: selenium/4.5.3 (java mac)
Content-Length: 106
Content-Type: application/json; charset=utf-8
host: localhost:47544
accept: */*

Response DefaultHttpResponse(decodeResult: success, version: HTTP/1.1)
HTTP/1.1 200 OK
Content-Length: 88
Content-Type: application/json; charset=utf-8
cache-control: no-cache

18:21:09.043 [AsyncHttpClient-1-2] DEBUG org.asynchttpclient.netty.channel.ChannelManager - Adding key: http://localhost:47544 for channel [id: 0x15725c6d, L:/127.0.0.1:54222 - R:localhost/127.0.0.1:47544]
18:21:09.045 [Forwarding getElementText on session 2110e51d6eb213971c2be95817a2ce95 to remote] DEBUG org.asynchttpclient.netty.request.NettyRequestSender - Using pooled Channel '[id: 0x15725c6d, L:/127.0.0.1:54222 - R:localhost/127.0.0.1:47544]' for 'GET' to 'http://localhost:47544/session/2110e51d6eb213971c2be95817a2ce95/element/7627fec8-2f90-426c-9e18-94bafd40fa80/text'
18:21:09.045 [Forwarding getElementText on session 2110e51d6eb213971c2be95817a2ce95 to remote] DEBUG org.asynchttpclient.netty.request.NettyRequestSender - Using open Channel [id: 0x15725c6d, L:/127.0.0.1:54222 - R:localhost/127.0.0.1:47544] for GET '/session/2110e51d6eb213971c2be95817a2ce95/element/7627fec8-2f90-426c-9e18-94bafd40fa80/text'
18:21:09.070 [AsyncHttpClient-1-2] DEBUG org.asynchttpclient.netty.handler.HttpHandler - 

Request DefaultFullHttpRequest(decodeResult: success, version: HTTP/1.1, content: EmptyByteBufBE)
GET /session/2110e51d6eb213971c2be95817a2ce95/element/7627fec8-2f90-426c-9e18-94bafd40fa80/text HTTP/1.1
User-Agent: selenium/4.5.3 (java mac)
Cache-Control: no-cache
Content-Type: application/json; charset=utf-8
host: localhost:47544
accept: */*

Response DefaultHttpResponse(decodeResult: success, version: HTTP/1.1)
HTTP/1.1 200 OK
Content-Length: 66
Content-Type: application/json; charset=utf-8
cache-control: no-cache

18:21:09.070 [AsyncHttpClient-1-2] DEBUG org.asynchttpclient.netty.channel.ChannelManager - Adding key: http://localhost:47544 for channel [id: 0x15725c6d, L:/127.0.0.1:54222 - R:localhost/127.0.0.1:47544]
18:21:09.073 [Forwarding findChildElement on session 2110e51d6eb213971c2be95817a2ce95 to remote] DEBUG org.asynchttpclient.netty.request.NettyRequestSender - Using pooled Channel '[id: 0x15725c6d, L:/127.0.0.1:54222 - R:localhost/127.0.0.1:47544]' for 'POST' to 'http://localhost:47544/session/2110e51d6eb213971c2be95817a2ce95/element/2ce92bdf-2376-4e33-9073-9cb1982d70f4/element'
18:21:09.074 [Forwarding findChildElement on session 2110e51d6eb213971c2be95817a2ce95 to remote] DEBUG org.asynchttpclient.netty.request.NettyRequestSender - Using open Channel [id: 0x15725c6d, L:/127.0.0.1:54222 - R:localhost/127.0.0.1:47544] for POST '/session/2110e51d6eb213971c2be95817a2ce95/element/2ce92bdf-2376-4e33-9073-9cb1982d70f4/element'
18:21:09.091 [AsyncHttpClient-1-2] DEBUG org.asynchttpclient.netty.handler.HttpHandler - 

Request DefaultHttpRequest(decodeResult: success, version: HTTP/1.1)
POST /session/2110e51d6eb213971c2be95817a2ce95/element/2ce92bdf-2376-4e33-9073-9cb1982d70f4/element HTTP/1.1
User-Agent: selenium/4.5.3 (java mac)
Content-Length: 106
Content-Type: application/json; charset=utf-8
host: localhost:47544
accept: */*

Response DefaultHttpResponse(decodeResult: success, version: HTTP/1.1)
HTTP/1.1 200 OK
Content-Length: 88
Content-Type: application/json; charset=utf-8
cache-control: no-cache

18:21:09.091 [AsyncHttpClient-1-2] DEBUG org.asynchttpclient.netty.channel.ChannelManager - Adding key: http://localhost:47544 for channel [id: 0x15725c6d, L:/127.0.0.1:54222 - R:localhost/127.0.0.1:47544]
18:21:09.093 [Forwarding getElementText on session 2110e51d6eb213971c2be95817a2ce95 to remote] DEBUG org.asynchttpclient.netty.request.NettyRequestSender - Using pooled Channel '[id: 0x15725c6d, L:/127.0.0.1:54222 - R:localhost/127.0.0.1:47544]' for 'GET' to 'http://localhost:47544/session/2110e51d6eb213971c2be95817a2ce95/element/0437c81e-f50e-4d01-a2c3-953c62388b59/text'
18:21:09.093 [Forwarding getElementText on session 2110e51d6eb213971c2be95817a2ce95 to remote] DEBUG org.asynchttpclient.netty.request.NettyRequestSender - Using open Channel [id: 0x15725c6d, L:/127.0.0.1:54222 - R:localhost/127.0.0.1:47544] for GET '/session/2110e51d6eb213971c2be95817a2ce95/element/0437c81e-f50e-4d01-a2c3-953c62388b59/text'
18:21:09.157 [AsyncHttpClient-1-2] DEBUG org.asynchttpclient.netty.handler.HttpHandler - 

Request DefaultFullHttpRequest(decodeResult: success, version: HTTP/1.1, content: EmptyByteBufBE)
GET /session/2110e51d6eb213971c2be95817a2ce95/element/0437c81e-f50e-4d01-a2c3-953c62388b59/text HTTP/1.1
User-Agent: selenium/4.5.3 (java mac)
Cache-Control: no-cache
Content-Type: application/json; charset=utf-8
host: localhost:47544
accept: */*

Response DefaultHttpResponse(decodeResult: success, version: HTTP/1.1)
HTTP/1.1 200 OK
Content-Length: 19
Content-Type: application/json; charset=utf-8
cache-control: no-cache

18:21:09.157 [AsyncHttpClient-1-2] DEBUG org.asynchttpclient.netty.channel.ChannelManager - Adding key: http://localhost:47544 for channel [id: 0x15725c6d, L:/127.0.0.1:54222 - R:localhost/127.0.0.1:47544]
18:21:09.161 [Forwarding findChildElement on session 2110e51d6eb213971c2be95817a2ce95 to remote] DEBUG org.asynchttpclient.netty.request.NettyRequestSender - Using pooled Channel '[id: 0x15725c6d, L:/127.0.0.1:54222 - R:localhost/127.0.0.1:47544]' for 'POST' to 'http://localhost:47544/session/2110e51d6eb213971c2be95817a2ce95/element/805432c2-dad4-4c80-a1fc-969e193dbb6b/element'
18:21:09.162 [Forwarding findChildElement on session 2110e51d6eb213971c2be95817a2ce95 to remote] DEBUG org.asynchttpclient.netty.request.NettyRequestSender - Using open Channel [id: 0x15725c6d, L:/127.0.0.1:54222 - R:localhost/127.0.0.1:47544] for POST '/session/2110e51d6eb213971c2be95817a2ce95/element/805432c2-dad4-4c80-a1fc-969e193dbb6b/element'
18:21:09.230 [AsyncHttpClient-1-2] DEBUG org.asynchttpclient.netty.handler.HttpHandler - 

Request DefaultHttpRequest(decodeResult: success, version: HTTP/1.1)
POST /session/2110e51d6eb213971c2be95817a2ce95/element/805432c2-dad4-4c80-a1fc-969e193dbb6b/element HTTP/1.1
User-Agent: selenium/4.5.3 (java mac)
Content-Length: 106
Content-Type: application/json; charset=utf-8
host: localhost:47544
accept: */*

Response DefaultHttpResponse(decodeResult: success, version: HTTP/1.1)
HTTP/1.1 200 OK
Content-Length: 88
Content-Type: application/json; charset=utf-8
cache-control: no-cache

18:21:09.230 [AsyncHttpClient-1-2] DEBUG org.asynchttpclient.netty.channel.ChannelManager - Adding key: http://localhost:47544 for channel [id: 0x15725c6d, L:/127.0.0.1:54222 - R:localhost/127.0.0.1:47544]
18:21:09.232 [Forwarding getElementText on session 2110e51d6eb213971c2be95817a2ce95 to remote] DEBUG org.asynchttpclient.netty.request.NettyRequestSender - Using pooled Channel '[id: 0x15725c6d, L:/127.0.0.1:54222 - R:localhost/127.0.0.1:47544]' for 'GET' to 'http://localhost:47544/session/2110e51d6eb213971c2be95817a2ce95/element/68ea196d-b2b5-41ce-85f3-a1d0bfd0d401/text'
18:21:09.233 [Forwarding getElementText on session 2110e51d6eb213971c2be95817a2ce95 to remote] DEBUG org.asynchttpclient.netty.request.NettyRequestSender - Using open Channel [id: 0x15725c6d, L:/127.0.0.1:54222 - R:localhost/127.0.0.1:47544] for GET '/session/2110e51d6eb213971c2be95817a2ce95/element/68ea196d-b2b5-41ce-85f3-a1d0bfd0d401/text'
18:21:09.259 [AsyncHttpClient-1-2] DEBUG org.asynchttpclient.netty.handler.HttpHandler - 

Request DefaultFullHttpRequest(decodeResult: success, version: HTTP/1.1, content: EmptyByteBufBE)
GET /session/2110e51d6eb213971c2be95817a2ce95/element/68ea196d-b2b5-41ce-85f3-a1d0bfd0d401/text HTTP/1.1
User-Agent: selenium/4.5.3 (java mac)
Cache-Control: no-cache
Content-Type: application/json; charset=utf-8
host: localhost:47544
accept: */*

Response DefaultHttpResponse(decodeResult: success, version: HTTP/1.1)
HTTP/1.1 200 OK
Content-Length: 71
Content-Type: application/json; charset=utf-8
cache-control: no-cache

18:21:09.259 [AsyncHttpClient-1-2] DEBUG org.asynchttpclient.netty.channel.ChannelManager - Adding key: http://localhost:47544 for channel [id: 0x15725c6d, L:/127.0.0.1:54222 - R:localhost/127.0.0.1:47544]
18:21:09.261 [Forwarding findChildElement on session 2110e51d6eb213971c2be95817a2ce95 to remote] DEBUG org.asynchttpclient.netty.request.NettyRequestSender - Using pooled Channel '[id: 0x15725c6d, L:/127.0.0.1:54222 - R:localhost/127.0.0.1:47544]' for 'POST' to 'http://localhost:47544/session/2110e51d6eb213971c2be95817a2ce95/element/805432c2-dad4-4c80-a1fc-969e193dbb6b/element'
18:21:09.261 [Forwarding findChildElement on session 2110e51d6eb213971c2be95817a2ce95 to remote] DEBUG org.asynchttpclient.netty.request.NettyRequestSender - Using open Channel [id: 0x15725c6d, L:/127.0.0.1:54222 - R:localhost/127.0.0.1:47544] for POST '/session/2110e51d6eb213971c2be95817a2ce95/element/805432c2-dad4-4c80-a1fc-969e193dbb6b/element'
18:21:09.283 [AsyncHttpClient-1-2] DEBUG org.asynchttpclient.netty.handler.HttpHandler - 

Request DefaultHttpRequest(decodeResult: success, version: HTTP/1.1)
POST /session/2110e51d6eb213971c2be95817a2ce95/element/805432c2-dad4-4c80-a1fc-969e193dbb6b/element HTTP/1.1
User-Agent: selenium/4.5.3 (java mac)
Content-Length: 106
Content-Type: application/json; charset=utf-8
host: localhost:47544
accept: */*

Response DefaultHttpResponse(decodeResult: success, version: HTTP/1.1)
HTTP/1.1 200 OK
Content-Length: 88
Content-Type: application/json; charset=utf-8
cache-control: no-cache

18:21:09.284 [AsyncHttpClient-1-2] DEBUG org.asynchttpclient.netty.channel.ChannelManager - Adding key: http://localhost:47544 for channel [id: 0x15725c6d, L:/127.0.0.1:54222 - R:localhost/127.0.0.1:47544]
18:21:09.286 [Forwarding getElementText on session 2110e51d6eb213971c2be95817a2ce95 to remote] DEBUG org.asynchttpclient.netty.request.NettyRequestSender - Using pooled Channel '[id: 0x15725c6d, L:/127.0.0.1:54222 - R:localhost/127.0.0.1:47544]' for 'GET' to 'http://localhost:47544/session/2110e51d6eb213971c2be95817a2ce95/element/d4d8488a-1870-4c03-bbcd-2742cf748b41/text'
18:21:09.286 [Forwarding getElementText on session 2110e51d6eb213971c2be95817a2ce95 to remote] DEBUG org.asynchttpclient.netty.request.NettyRequestSender - Using open Channel [id: 0x15725c6d, L:/127.0.0.1:54222 - R:localhost/127.0.0.1:47544] for GET '/session/2110e51d6eb213971c2be95817a2ce95/element/d4d8488a-1870-4c03-bbcd-2742cf748b41/text'
18:21:09.315 [AsyncHttpClient-1-2] DEBUG org.asynchttpclient.netty.handler.HttpHandler - 

Request DefaultFullHttpRequest(decodeResult: success, version: HTTP/1.1, content: EmptyByteBufBE)
GET /session/2110e51d6eb213971c2be95817a2ce95/element/d4d8488a-1870-4c03-bbcd-2742cf748b41/text HTTP/1.1
User-Agent: selenium/4.5.3 (java mac)
Cache-Control: no-cache
Content-Type: application/json; charset=utf-8
host: localhost:47544
accept: */*

Response DefaultHttpResponse(decodeResult: success, version: HTTP/1.1)
HTTP/1.1 200 OK
Content-Length: 19
Content-Type: application/json; charset=utf-8
cache-control: no-cache

18:21:09.315 [AsyncHttpClient-1-2] DEBUG org.asynchttpclient.netty.channel.ChannelManager - Adding key: http://localhost:47544 for channel [id: 0x15725c6d, L:/127.0.0.1:54222 - R:localhost/127.0.0.1:47544]
18:21:09.317 [Forwarding findChildElement on session 2110e51d6eb213971c2be95817a2ce95 to remote] DEBUG org.asynchttpclient.netty.request.NettyRequestSender - Using pooled Channel '[id: 0x15725c6d, L:/127.0.0.1:54222 - R:localhost/127.0.0.1:47544]' for 'POST' to 'http://localhost:47544/session/2110e51d6eb213971c2be95817a2ce95/element/4a2b6c50-f10f-449b-9df3-857dac16f0b5/element'
18:21:09.317 [Forwarding findChildElement on session 2110e51d6eb213971c2be95817a2ce95 to remote] DEBUG org.asynchttpclient.netty.request.NettyRequestSender - Using open Channel [id: 0x15725c6d, L:/127.0.0.1:54222 - R:localhost/127.0.0.1:47544] for POST '/session/2110e51d6eb213971c2be95817a2ce95/element/4a2b6c50-f10f-449b-9df3-857dac16f0b5/element'
18:21:09.354 [AsyncHttpClient-1-2] DEBUG org.asynchttpclient.netty.handler.HttpHandler - 

Request DefaultHttpRequest(decodeResult: success, version: HTTP/1.1)
POST /session/2110e51d6eb213971c2be95817a2ce95/element/4a2b6c50-f10f-449b-9df3-857dac16f0b5/element HTTP/1.1
User-Agent: selenium/4.5.3 (java mac)
Content-Length: 106
Content-Type: application/json; charset=utf-8
host: localhost:47544
accept: */*

Response DefaultHttpResponse(decodeResult: success, version: HTTP/1.1)
HTTP/1.1 200 OK
Content-Length: 88
Content-Type: application/json; charset=utf-8
cache-control: no-cache

18:21:09.354 [AsyncHttpClient-1-2] DEBUG org.asynchttpclient.netty.channel.ChannelManager - Adding key: http://localhost:47544 for channel [id: 0x15725c6d, L:/127.0.0.1:54222 - R:localhost/127.0.0.1:47544]
18:21:09.355 [Forwarding getElementText on session 2110e51d6eb213971c2be95817a2ce95 to remote] DEBUG org.asynchttpclient.netty.request.NettyRequestSender - Using pooled Channel '[id: 0x15725c6d, L:/127.0.0.1:54222 - R:localhost/127.0.0.1:47544]' for 'GET' to 'http://localhost:47544/session/2110e51d6eb213971c2be95817a2ce95/element/e1dee47d-5140-4033-bd58-4ccf4cb64e3a/text'
18:21:09.355 [Forwarding getElementText on session 2110e51d6eb213971c2be95817a2ce95 to remote] DEBUG org.asynchttpclient.netty.request.NettyRequestSender - Using open Channel [id: 0x15725c6d, L:/127.0.0.1:54222 - R:localhost/127.0.0.1:47544] for GET '/session/2110e51d6eb213971c2be95817a2ce95/element/e1dee47d-5140-4033-bd58-4ccf4cb64e3a/text'
18:21:09.595 [AsyncHttpClient-1-2] DEBUG org.asynchttpclient.netty.handler.HttpHandler - 

Request DefaultFullHttpRequest(decodeResult: success, version: HTTP/1.1, content: EmptyByteBufBE)
GET /session/2110e51d6eb213971c2be95817a2ce95/element/e1dee47d-5140-4033-bd58-4ccf4cb64e3a/text HTTP/1.1
User-Agent: selenium/4.5.3 (java mac)
Cache-Control: no-cache
Content-Type: application/json; charset=utf-8
host: localhost:47544
accept: */*

Response DefaultHttpResponse(decodeResult: success, version: HTTP/1.1)
HTTP/1.1 200 OK
Content-Length: 55
Content-Type: application/json; charset=utf-8
cache-control: no-cache

18:21:09.595 [AsyncHttpClient-1-2] DEBUG org.asynchttpclient.netty.channel.ChannelManager - Adding key: http://localhost:47544 for channel [id: 0x15725c6d, L:/127.0.0.1:54222 - R:localhost/127.0.0.1:47544]
18:21:09.597 [Forwarding findChildElement on session 2110e51d6eb213971c2be95817a2ce95 to remote] DEBUG org.asynchttpclient.netty.request.NettyRequestSender - Using pooled Channel '[id: 0x15725c6d, L:/127.0.0.1:54222 - R:localhost/127.0.0.1:47544]' for 'POST' to 'http://localhost:47544/session/2110e51d6eb213971c2be95817a2ce95/element/4a2b6c50-f10f-449b-9df3-857dac16f0b5/element'
18:21:09.597 [Forwarding findChildElement on session 2110e51d6eb213971c2be95817a2ce95 to remote] DEBUG org.asynchttpclient.netty.request.NettyRequestSender - Using open Channel [id: 0x15725c6d, L:/127.0.0.1:54222 - R:localhost/127.0.0.1:47544] for POST '/session/2110e51d6eb213971c2be95817a2ce95/element/4a2b6c50-f10f-449b-9df3-857dac16f0b5/element'
18:21:09.615 [AsyncHttpClient-1-2] DEBUG org.asynchttpclient.netty.handler.HttpHandler - 

Request DefaultHttpRequest(decodeResult: success, version: HTTP/1.1)
POST /session/2110e51d6eb213971c2be95817a2ce95/element/4a2b6c50-f10f-449b-9df3-857dac16f0b5/element HTTP/1.1
User-Agent: selenium/4.5.3 (java mac)
Content-Length: 106
Content-Type: application/json; charset=utf-8
host: localhost:47544
accept: */*

Response DefaultHttpResponse(decodeResult: success, version: HTTP/1.1)
HTTP/1.1 200 OK
Content-Length: 88
Content-Type: application/json; charset=utf-8
cache-control: no-cache

18:21:09.616 [AsyncHttpClient-1-2] DEBUG org.asynchttpclient.netty.channel.ChannelManager - Adding key: http://localhost:47544 for channel [id: 0x15725c6d, L:/127.0.0.1:54222 - R:localhost/127.0.0.1:47544]
18:21:09.618 [Forwarding getElementText on session 2110e51d6eb213971c2be95817a2ce95 to remote] DEBUG org.asynchttpclient.netty.request.NettyRequestSender - Using pooled Channel '[id: 0x15725c6d, L:/127.0.0.1:54222 - R:localhost/127.0.0.1:47544]' for 'GET' to 'http://localhost:47544/session/2110e51d6eb213971c2be95817a2ce95/element/5b61367f-fa72-414b-aa08-cf560654aa2c/text'
18:21:09.618 [Forwarding getElementText on session 2110e51d6eb213971c2be95817a2ce95 to remote] DEBUG org.asynchttpclient.netty.request.NettyRequestSender - Using open Channel [id: 0x15725c6d, L:/127.0.0.1:54222 - R:localhost/127.0.0.1:47544] for GET '/session/2110e51d6eb213971c2be95817a2ce95/element/5b61367f-fa72-414b-aa08-cf560654aa2c/text'
18:21:09.647 [AsyncHttpClient-1-2] DEBUG org.asynchttpclient.netty.handler.HttpHandler - 

Request DefaultFullHttpRequest(decodeResult: success, version: HTTP/1.1, content: EmptyByteBufBE)
GET /session/2110e51d6eb213971c2be95817a2ce95/element/5b61367f-fa72-414b-aa08-cf560654aa2c/text HTTP/1.1
User-Agent: selenium/4.5.3 (java mac)
Cache-Control: no-cache
Content-Type: application/json; charset=utf-8
host: localhost:47544
accept: */*

Response DefaultHttpResponse(decodeResult: success, version: HTTP/1.1)
HTTP/1.1 200 OK
Content-Length: 19
Content-Type: application/json; charset=utf-8
cache-control: no-cache

18:21:09.647 [AsyncHttpClient-1-2] DEBUG org.asynchttpclient.netty.channel.ChannelManager - Adding key: http://localhost:47544 for channel [id: 0x15725c6d, L:/127.0.0.1:54222 - R:localhost/127.0.0.1:47544]
18:21:09.649 [Forwarding findChildElement on session 2110e51d6eb213971c2be95817a2ce95 to remote] DEBUG org.asynchttpclient.netty.request.NettyRequestSender - Using pooled Channel '[id: 0x15725c6d, L:/127.0.0.1:54222 - R:localhost/127.0.0.1:47544]' for 'POST' to 'http://localhost:47544/session/2110e51d6eb213971c2be95817a2ce95/element/769b129b-a698-4226-a101-704b0aa03d0b/element'
18:21:09.649 [Forwarding findChildElement on session 2110e51d6eb213971c2be95817a2ce95 to remote] DEBUG org.asynchttpclient.netty.request.NettyRequestSender - Using open Channel [id: 0x15725c6d, L:/127.0.0.1:54222 - R:localhost/127.0.0.1:47544] for POST '/session/2110e51d6eb213971c2be95817a2ce95/element/769b129b-a698-4226-a101-704b0aa03d0b/element'
18:21:09.661 [AsyncHttpClient-1-2] DEBUG org.asynchttpclient.netty.handler.HttpHandler - 

Request DefaultHttpRequest(decodeResult: success, version: HTTP/1.1)
POST /session/2110e51d6eb213971c2be95817a2ce95/element/769b129b-a698-4226-a101-704b0aa03d0b/element HTTP/1.1
User-Agent: selenium/4.5.3 (java mac)
Content-Length: 106
Content-Type: application/json; charset=utf-8
host: localhost:47544
accept: */*

Response DefaultHttpResponse(decodeResult: success, version: HTTP/1.1)
HTTP/1.1 200 OK
Content-Length: 88
Content-Type: application/json; charset=utf-8
cache-control: no-cache

18:21:09.661 [AsyncHttpClient-1-2] DEBUG org.asynchttpclient.netty.channel.ChannelManager - Adding key: http://localhost:47544 for channel [id: 0x15725c6d, L:/127.0.0.1:54222 - R:localhost/127.0.0.1:47544]
18:21:09.662 [Forwarding getElementText on session 2110e51d6eb213971c2be95817a2ce95 to remote] DEBUG org.asynchttpclient.netty.request.NettyRequestSender - Using pooled Channel '[id: 0x15725c6d, L:/127.0.0.1:54222 - R:localhost/127.0.0.1:47544]' for 'GET' to 'http://localhost:47544/session/2110e51d6eb213971c2be95817a2ce95/element/794e7dff-d701-461b-bf66-66cb77c21b8c/text'
18:21:09.662 [Forwarding getElementText on session 2110e51d6eb213971c2be95817a2ce95 to remote] DEBUG org.asynchttpclient.netty.request.NettyRequestSender - Using open Channel [id: 0x15725c6d, L:/127.0.0.1:54222 - R:localhost/127.0.0.1:47544] for GET '/session/2110e51d6eb213971c2be95817a2ce95/element/794e7dff-d701-461b-bf66-66cb77c21b8c/text'
18:21:09.678 [AsyncHttpClient-1-2] DEBUG org.asynchttpclient.netty.handler.HttpHandler - 

Request DefaultFullHttpRequest(decodeResult: success, version: HTTP/1.1, content: EmptyByteBufBE)
GET /session/2110e51d6eb213971c2be95817a2ce95/element/794e7dff-d701-461b-bf66-66cb77c21b8c/text HTTP/1.1
User-Agent: selenium/4.5.3 (java mac)
Cache-Control: no-cache
Content-Type: application/json; charset=utf-8
host: localhost:47544
accept: */*

Response DefaultHttpResponse(decodeResult: success, version: HTTP/1.1)
HTTP/1.1 200 OK
Content-Length: 88
Content-Type: application/json; charset=utf-8
cache-control: no-cache

18:21:09.679 [AsyncHttpClient-1-2] DEBUG org.asynchttpclient.netty.channel.ChannelManager - Adding key: http://localhost:47544 for channel [id: 0x15725c6d, L:/127.0.0.1:54222 - R:localhost/127.0.0.1:47544]
18:21:09.680 [Forwarding findChildElement on session 2110e51d6eb213971c2be95817a2ce95 to remote] DEBUG org.asynchttpclient.netty.request.NettyRequestSender - Using pooled Channel '[id: 0x15725c6d, L:/127.0.0.1:54222 - R:localhost/127.0.0.1:47544]' for 'POST' to 'http://localhost:47544/session/2110e51d6eb213971c2be95817a2ce95/element/769b129b-a698-4226-a101-704b0aa03d0b/element'
18:21:09.680 [Forwarding findChildElement on session 2110e51d6eb213971c2be95817a2ce95 to remote] DEBUG org.asynchttpclient.netty.request.NettyRequestSender - Using open Channel [id: 0x15725c6d, L:/127.0.0.1:54222 - R:localhost/127.0.0.1:47544] for POST '/session/2110e51d6eb213971c2be95817a2ce95/element/769b129b-a698-4226-a101-704b0aa03d0b/element'
18:21:09.699 [AsyncHttpClient-1-2] DEBUG org.asynchttpclient.netty.handler.HttpHandler - 

Request DefaultHttpRequest(decodeResult: success, version: HTTP/1.1)
POST /session/2110e51d6eb213971c2be95817a2ce95/element/769b129b-a698-4226-a101-704b0aa03d0b/element HTTP/1.1
User-Agent: selenium/4.5.3 (java mac)
Content-Length: 106
Content-Type: application/json; charset=utf-8
host: localhost:47544
accept: */*

Response DefaultHttpResponse(decodeResult: success, version: HTTP/1.1)
HTTP/1.1 200 OK
Content-Length: 88
Content-Type: application/json; charset=utf-8
cache-control: no-cache

18:21:09.700 [AsyncHttpClient-1-2] DEBUG org.asynchttpclient.netty.channel.ChannelManager - Adding key: http://localhost:47544 for channel [id: 0x15725c6d, L:/127.0.0.1:54222 - R:localhost/127.0.0.1:47544]
18:21:09.701 [Forwarding getElementText on session 2110e51d6eb213971c2be95817a2ce95 to remote] DEBUG org.asynchttpclient.netty.request.NettyRequestSender - Using pooled Channel '[id: 0x15725c6d, L:/127.0.0.1:54222 - R:localhost/127.0.0.1:47544]' for 'GET' to 'http://localhost:47544/session/2110e51d6eb213971c2be95817a2ce95/element/dc1eae1f-6fce-40fd-ad2f-804961b30361/text'
18:21:09.701 [Forwarding getElementText on session 2110e51d6eb213971c2be95817a2ce95 to remote] DEBUG org.asynchttpclient.netty.request.NettyRequestSender - Using open Channel [id: 0x15725c6d, L:/127.0.0.1:54222 - R:localhost/127.0.0.1:47544] for GET '/session/2110e51d6eb213971c2be95817a2ce95/element/dc1eae1f-6fce-40fd-ad2f-804961b30361/text'
18:21:09.828 [AsyncHttpClient-1-2] DEBUG org.asynchttpclient.netty.handler.HttpHandler - 

Request DefaultFullHttpRequest(decodeResult: success, version: HTTP/1.1, content: EmptyByteBufBE)
GET /session/2110e51d6eb213971c2be95817a2ce95/element/dc1eae1f-6fce-40fd-ad2f-804961b30361/text HTTP/1.1
User-Agent: selenium/4.5.3 (java mac)
Cache-Control: no-cache
Content-Type: application/json; charset=utf-8
host: localhost:47544
accept: */*

Response DefaultHttpResponse(decodeResult: success, version: HTTP/1.1)
HTTP/1.1 200 OK
Content-Length: 30
Content-Type: application/json; charset=utf-8
cache-control: no-cache

18:21:09.829 [AsyncHttpClient-1-2] DEBUG org.asynchttpclient.netty.channel.ChannelManager - Adding key: http://localhost:47544 for channel [id: 0x15725c6d, L:/127.0.0.1:54222 - R:localhost/127.0.0.1:47544]
18:21:09.831 [Forwarding findChildElement on session 2110e51d6eb213971c2be95817a2ce95 to remote] DEBUG org.asynchttpclient.netty.request.NettyRequestSender - Using pooled Channel '[id: 0x15725c6d, L:/127.0.0.1:54222 - R:localhost/127.0.0.1:47544]' for 'POST' to 'http://localhost:47544/session/2110e51d6eb213971c2be95817a2ce95/element/6b577033-1202-4b74-aa59-44a329325efd/element'
18:21:09.831 [Forwarding findChildElement on session 2110e51d6eb213971c2be95817a2ce95 to remote] DEBUG org.asynchttpclient.netty.request.NettyRequestSender - Using open Channel [id: 0x15725c6d, L:/127.0.0.1:54222 - R:localhost/127.0.0.1:47544] for POST '/session/2110e51d6eb213971c2be95817a2ce95/element/6b577033-1202-4b74-aa59-44a329325efd/element'
18:21:09.853 [AsyncHttpClient-1-2] DEBUG org.asynchttpclient.netty.handler.HttpHandler - 

Request DefaultHttpRequest(decodeResult: success, version: HTTP/1.1)
POST /session/2110e51d6eb213971c2be95817a2ce95/element/6b577033-1202-4b74-aa59-44a329325efd/element HTTP/1.1
User-Agent: selenium/4.5.3 (java mac)
Content-Length: 106
Content-Type: application/json; charset=utf-8
host: localhost:47544
accept: */*

Response DefaultHttpResponse(decodeResult: success, version: HTTP/1.1)
HTTP/1.1 200 OK
Content-Length: 88
Content-Type: application/json; charset=utf-8
cache-control: no-cache

18:21:09.854 [AsyncHttpClient-1-2] DEBUG org.asynchttpclient.netty.channel.ChannelManager - Adding key: http://localhost:47544 for channel [id: 0x15725c6d, L:/127.0.0.1:54222 - R:localhost/127.0.0.1:47544]
18:21:09.855 [Forwarding getElementText on session 2110e51d6eb213971c2be95817a2ce95 to remote] DEBUG org.asynchttpclient.netty.request.NettyRequestSender - Using pooled Channel '[id: 0x15725c6d, L:/127.0.0.1:54222 - R:localhost/127.0.0.1:47544]' for 'GET' to 'http://localhost:47544/session/2110e51d6eb213971c2be95817a2ce95/element/62844d2b-cf29-4f69-a19e-acb9a1917ac1/text'
18:21:09.855 [Forwarding getElementText on session 2110e51d6eb213971c2be95817a2ce95 to remote] DEBUG org.asynchttpclient.netty.request.NettyRequestSender - Using open Channel [id: 0x15725c6d, L:/127.0.0.1:54222 - R:localhost/127.0.0.1:47544] for GET '/session/2110e51d6eb213971c2be95817a2ce95/element/62844d2b-cf29-4f69-a19e-acb9a1917ac1/text'
18:21:09.917 [AsyncHttpClient-1-2] DEBUG org.asynchttpclient.netty.handler.HttpHandler - 

Request DefaultFullHttpRequest(decodeResult: success, version: HTTP/1.1, content: EmptyByteBufBE)
GET /session/2110e51d6eb213971c2be95817a2ce95/element/62844d2b-cf29-4f69-a19e-acb9a1917ac1/text HTTP/1.1
User-Agent: selenium/4.5.3 (java mac)
Cache-Control: no-cache
Content-Type: application/json; charset=utf-8
host: localhost:47544
accept: */*

Response DefaultHttpResponse(decodeResult: success, version: HTTP/1.1)
HTTP/1.1 200 OK
Content-Length: 90
Content-Type: application/json; charset=utf-8
cache-control: no-cache

18:21:09.917 [AsyncHttpClient-1-2] DEBUG org.asynchttpclient.netty.channel.ChannelManager - Adding key: http://localhost:47544 for channel [id: 0x15725c6d, L:/127.0.0.1:54222 - R:localhost/127.0.0.1:47544]
18:21:09.919 [Forwarding findChildElement on session 2110e51d6eb213971c2be95817a2ce95 to remote] DEBUG org.asynchttpclient.netty.request.NettyRequestSender - Using pooled Channel '[id: 0x15725c6d, L:/127.0.0.1:54222 - R:localhost/127.0.0.1:47544]' for 'POST' to 'http://localhost:47544/session/2110e51d6eb213971c2be95817a2ce95/element/6b577033-1202-4b74-aa59-44a329325efd/element'
18:21:09.919 [Forwarding findChildElement on session 2110e51d6eb213971c2be95817a2ce95 to remote] DEBUG org.asynchttpclient.netty.request.NettyRequestSender - Using open Channel [id: 0x15725c6d, L:/127.0.0.1:54222 - R:localhost/127.0.0.1:47544] for POST '/session/2110e51d6eb213971c2be95817a2ce95/element/6b577033-1202-4b74-aa59-44a329325efd/element'
18:21:09.972 [AsyncHttpClient-1-2] DEBUG org.asynchttpclient.netty.handler.HttpHandler - 

Request DefaultHttpRequest(decodeResult: success, version: HTTP/1.1)
POST /session/2110e51d6eb213971c2be95817a2ce95/element/6b577033-1202-4b74-aa59-44a329325efd/element HTTP/1.1
User-Agent: selenium/4.5.3 (java mac)
Content-Length: 106
Content-Type: application/json; charset=utf-8
host: localhost:47544
accept: */*

Response DefaultHttpResponse(decodeResult: success, version: HTTP/1.1)
HTTP/1.1 200 OK
Content-Length: 88
Content-Type: application/json; charset=utf-8
cache-control: no-cache

18:21:09.972 [AsyncHttpClient-1-2] DEBUG org.asynchttpclient.netty.channel.ChannelManager - Adding key: http://localhost:47544 for channel [id: 0x15725c6d, L:/127.0.0.1:54222 - R:localhost/127.0.0.1:47544]
18:21:09.973 [Forwarding getElementText on session 2110e51d6eb213971c2be95817a2ce95 to remote] DEBUG org.asynchttpclient.netty.request.NettyRequestSender - Using pooled Channel '[id: 0x15725c6d, L:/127.0.0.1:54222 - R:localhost/127.0.0.1:47544]' for 'GET' to 'http://localhost:47544/session/2110e51d6eb213971c2be95817a2ce95/element/b57cc118-d185-47bf-aeca-ce7c0b2deee7/text'
18:21:09.974 [Forwarding getElementText on session 2110e51d6eb213971c2be95817a2ce95 to remote] DEBUG org.asynchttpclient.netty.request.NettyRequestSender - Using open Channel [id: 0x15725c6d, L:/127.0.0.1:54222 - R:localhost/127.0.0.1:47544] for GET '/session/2110e51d6eb213971c2be95817a2ce95/element/b57cc118-d185-47bf-aeca-ce7c0b2deee7/text'
18:21:09.998 [AsyncHttpClient-1-2] DEBUG org.asynchttpclient.netty.handler.HttpHandler - 

Request DefaultFullHttpRequest(decodeResult: success, version: HTTP/1.1, content: EmptyByteBufBE)
GET /session/2110e51d6eb213971c2be95817a2ce95/element/b57cc118-d185-47bf-aeca-ce7c0b2deee7/text HTTP/1.1
User-Agent: selenium/4.5.3 (java mac)
Cache-Control: no-cache
Content-Type: application/json; charset=utf-8
host: localhost:47544
accept: */*

Response DefaultHttpResponse(decodeResult: success, version: HTTP/1.1)
HTTP/1.1 200 OK
Content-Length: 30
Content-Type: application/json; charset=utf-8
cache-control: no-cache

18:21:09.998 [AsyncHttpClient-1-2] DEBUG org.asynchttpclient.netty.channel.ChannelManager - Adding key: http://localhost:47544 for channel [id: 0x15725c6d, L:/127.0.0.1:54222 - R:localhost/127.0.0.1:47544]
18:21:10.001 [Forwarding findChildElement on session 2110e51d6eb213971c2be95817a2ce95 to remote] DEBUG org.asynchttpclient.netty.request.NettyRequestSender - Using pooled Channel '[id: 0x15725c6d, L:/127.0.0.1:54222 - R:localhost/127.0.0.1:47544]' for 'POST' to 'http://localhost:47544/session/2110e51d6eb213971c2be95817a2ce95/element/41634c79-5d4a-428e-b941-31d13a41e462/element'
18:21:10.001 [Forwarding findChildElement on session 2110e51d6eb213971c2be95817a2ce95 to remote] DEBUG org.asynchttpclient.netty.request.NettyRequestSender - Using open Channel [id: 0x15725c6d, L:/127.0.0.1:54222 - R:localhost/127.0.0.1:47544] for POST '/session/2110e51d6eb213971c2be95817a2ce95/element/41634c79-5d4a-428e-b941-31d13a41e462/element'
18:21:10.011 [AsyncHttpClient-1-1] DEBUG org.asynchttpclient.netty.channel.DefaultChannelPool - Entry count for : http://localhost:54225 : 1
18:21:10.016 [AsyncHttpClient-1-2] DEBUG org.asynchttpclient.netty.handler.HttpHandler - 

Request DefaultHttpRequest(decodeResult: success, version: HTTP/1.1)
POST /session/2110e51d6eb213971c2be95817a2ce95/element/41634c79-5d4a-428e-b941-31d13a41e462/element HTTP/1.1
User-Agent: selenium/4.5.3 (java mac)
Content-Length: 106
Content-Type: application/json; charset=utf-8
host: localhost:47544
accept: */*

Response DefaultHttpResponse(decodeResult: success, version: HTTP/1.1)
HTTP/1.1 200 OK
Content-Length: 88
Content-Type: application/json; charset=utf-8
cache-control: no-cache

18:21:10.016 [AsyncHttpClient-1-2] DEBUG org.asynchttpclient.netty.channel.ChannelManager - Adding key: http://localhost:47544 for channel [id: 0x15725c6d, L:/127.0.0.1:54222 - R:localhost/127.0.0.1:47544]
18:21:10.025 [Forwarding getElementText on session 2110e51d6eb213971c2be95817a2ce95 to remote] DEBUG org.asynchttpclient.netty.request.NettyRequestSender - Using pooled Channel '[id: 0x15725c6d, L:/127.0.0.1:54222 - R:localhost/127.0.0.1:47544]' for 'GET' to 'http://localhost:47544/session/2110e51d6eb213971c2be95817a2ce95/element/d5790b55-80ce-4f44-8dbb-354cb1ab9fa0/text'
18:21:10.025 [Forwarding getElementText on session 2110e51d6eb213971c2be95817a2ce95 to remote] DEBUG org.asynchttpclient.netty.request.NettyRequestSender - Using open Channel [id: 0x15725c6d, L:/127.0.0.1:54222 - R:localhost/127.0.0.1:47544] for GET '/session/2110e51d6eb213971c2be95817a2ce95/element/d5790b55-80ce-4f44-8dbb-354cb1ab9fa0/text'
18:21:10.054 [AsyncHttpClient-1-2] DEBUG org.asynchttpclient.netty.handler.HttpHandler - 

Request DefaultFullHttpRequest(decodeResult: success, version: HTTP/1.1, content: EmptyByteBufBE)
GET /session/2110e51d6eb213971c2be95817a2ce95/element/d5790b55-80ce-4f44-8dbb-354cb1ab9fa0/text HTTP/1.1
User-Agent: selenium/4.5.3 (java mac)
Cache-Control: no-cache
Content-Type: application/json; charset=utf-8
host: localhost:47544
accept: */*

Response DefaultHttpResponse(decodeResult: success, version: HTTP/1.1)
HTTP/1.1 200 OK
Content-Length: 72
Content-Type: application/json; charset=utf-8
cache-control: no-cache

18:21:10.054 [AsyncHttpClient-1-2] DEBUG org.asynchttpclient.netty.channel.ChannelManager - Adding key: http://localhost:47544 for channel [id: 0x15725c6d, L:/127.0.0.1:54222 - R:localhost/127.0.0.1:47544]
18:21:10.056 [Forwarding findChildElement on session 2110e51d6eb213971c2be95817a2ce95 to remote] DEBUG org.asynchttpclient.netty.request.NettyRequestSender - Using pooled Channel '[id: 0x15725c6d, L:/127.0.0.1:54222 - R:localhost/127.0.0.1:47544]' for 'POST' to 'http://localhost:47544/session/2110e51d6eb213971c2be95817a2ce95/element/41634c79-5d4a-428e-b941-31d13a41e462/element'
18:21:10.056 [Forwarding findChildElement on session 2110e51d6eb213971c2be95817a2ce95 to remote] DEBUG org.asynchttpclient.netty.request.NettyRequestSender - Using open Channel [id: 0x15725c6d, L:/127.0.0.1:54222 - R:localhost/127.0.0.1:47544] for POST '/session/2110e51d6eb213971c2be95817a2ce95/element/41634c79-5d4a-428e-b941-31d13a41e462/element'
18:21:10.071 [AsyncHttpClient-1-2] DEBUG org.asynchttpclient.netty.handler.HttpHandler - 

Request DefaultHttpRequest(decodeResult: success, version: HTTP/1.1)
POST /session/2110e51d6eb213971c2be95817a2ce95/element/41634c79-5d4a-428e-b941-31d13a41e462/element HTTP/1.1
User-Agent: selenium/4.5.3 (java mac)
Content-Length: 106
Content-Type: application/json; charset=utf-8
host: localhost:47544
accept: */*

Response DefaultHttpResponse(decodeResult: success, version: HTTP/1.1)
HTTP/1.1 200 OK
Content-Length: 88
Content-Type: application/json; charset=utf-8
cache-control: no-cache

18:21:10.072 [AsyncHttpClient-1-2] DEBUG org.asynchttpclient.netty.channel.ChannelManager - Adding key: http://localhost:47544 for channel [id: 0x15725c6d, L:/127.0.0.1:54222 - R:localhost/127.0.0.1:47544]
18:21:10.073 [Forwarding getElementText on session 2110e51d6eb213971c2be95817a2ce95 to remote] DEBUG org.asynchttpclient.netty.request.NettyRequestSender - Using pooled Channel '[id: 0x15725c6d, L:/127.0.0.1:54222 - R:localhost/127.0.0.1:47544]' for 'GET' to 'http://localhost:47544/session/2110e51d6eb213971c2be95817a2ce95/element/32acfd82-644e-4d2e-92ed-64bc6d7ec487/text'
18:21:10.074 [Forwarding getElementText on session 2110e51d6eb213971c2be95817a2ce95 to remote] DEBUG org.asynchttpclient.netty.request.NettyRequestSender - Using open Channel [id: 0x15725c6d, L:/127.0.0.1:54222 - R:localhost/127.0.0.1:47544] for GET '/session/2110e51d6eb213971c2be95817a2ce95/element/32acfd82-644e-4d2e-92ed-64bc6d7ec487/text'
18:21:10.090 [AsyncHttpClient-1-2] DEBUG org.asynchttpclient.netty.handler.HttpHandler - 

Request DefaultFullHttpRequest(decodeResult: success, version: HTTP/1.1, content: EmptyByteBufBE)
GET /session/2110e51d6eb213971c2be95817a2ce95/element/32acfd82-644e-4d2e-92ed-64bc6d7ec487/text HTTP/1.1
User-Agent: selenium/4.5.3 (java mac)
Cache-Control: no-cache
Content-Type: application/json; charset=utf-8
host: localhost:47544
accept: */*

Response DefaultHttpResponse(decodeResult: success, version: HTTP/1.1)
HTTP/1.1 200 OK
Content-Length: 28
Content-Type: application/json; charset=utf-8
cache-control: no-cache

18:21:10.090 [AsyncHttpClient-1-2] DEBUG org.asynchttpclient.netty.channel.ChannelManager - Adding key: http://localhost:47544 for channel [id: 0x15725c6d, L:/127.0.0.1:54222 - R:localhost/127.0.0.1:47544]
18:21:10.094 [Forwarding findChildElement on session 2110e51d6eb213971c2be95817a2ce95 to remote] DEBUG org.asynchttpclient.netty.request.NettyRequestSender - Using pooled Channel '[id: 0x15725c6d, L:/127.0.0.1:54222 - R:localhost/127.0.0.1:47544]' for 'POST' to 'http://localhost:47544/session/2110e51d6eb213971c2be95817a2ce95/element/5615491a-6e98-410b-bb64-fc7294f3f9d5/element'
18:21:10.094 [Forwarding findChildElement on session 2110e51d6eb213971c2be95817a2ce95 to remote] DEBUG org.asynchttpclient.netty.request.NettyRequestSender - Using open Channel [id: 0x15725c6d, L:/127.0.0.1:54222 - R:localhost/127.0.0.1:47544] for POST '/session/2110e51d6eb213971c2be95817a2ce95/element/5615491a-6e98-410b-bb64-fc7294f3f9d5/element'
18:21:10.168 [AsyncHttpClient-1-2] DEBUG org.asynchttpclient.netty.handler.HttpHandler - 

Request DefaultHttpRequest(decodeResult: success, version: HTTP/1.1)
POST /session/2110e51d6eb213971c2be95817a2ce95/element/5615491a-6e98-410b-bb64-fc7294f3f9d5/element HTTP/1.1
User-Agent: selenium/4.5.3 (java mac)
Content-Length: 106
Content-Type: application/json; charset=utf-8
host: localhost:47544
accept: */*

Response DefaultHttpResponse(decodeResult: success, version: HTTP/1.1)
HTTP/1.1 200 OK
Content-Length: 88
Content-Type: application/json; charset=utf-8
cache-control: no-cache

18:21:10.169 [AsyncHttpClient-1-2] DEBUG org.asynchttpclient.netty.channel.ChannelManager - Adding key: http://localhost:47544 for channel [id: 0x15725c6d, L:/127.0.0.1:54222 - R:localhost/127.0.0.1:47544]
18:21:10.170 [Forwarding getElementText on session 2110e51d6eb213971c2be95817a2ce95 to remote] DEBUG org.asynchttpclient.netty.request.NettyRequestSender - Using pooled Channel '[id: 0x15725c6d, L:/127.0.0.1:54222 - R:localhost/127.0.0.1:47544]' for 'GET' to 'http://localhost:47544/session/2110e51d6eb213971c2be95817a2ce95/element/e3e39fe0-0052-476f-8e32-b7cfa7e41456/text'
18:21:10.170 [Forwarding getElementText on session 2110e51d6eb213971c2be95817a2ce95 to remote] DEBUG org.asynchttpclient.netty.request.NettyRequestSender - Using open Channel [id: 0x15725c6d, L:/127.0.0.1:54222 - R:localhost/127.0.0.1:47544] for GET '/session/2110e51d6eb213971c2be95817a2ce95/element/e3e39fe0-0052-476f-8e32-b7cfa7e41456/text'
18:21:10.198 [AsyncHttpClient-1-2] DEBUG org.asynchttpclient.netty.handler.HttpHandler - 

Request DefaultFullHttpRequest(decodeResult: success, version: HTTP/1.1, content: EmptyByteBufBE)
GET /session/2110e51d6eb213971c2be95817a2ce95/element/e3e39fe0-0052-476f-8e32-b7cfa7e41456/text HTTP/1.1
User-Agent: selenium/4.5.3 (java mac)
Cache-Control: no-cache
Content-Type: application/json; charset=utf-8
host: localhost:47544
accept: */*

Response DefaultHttpResponse(decodeResult: success, version: HTTP/1.1)
HTTP/1.1 200 OK
Content-Length: 91
Content-Type: application/json; charset=utf-8
cache-control: no-cache

18:21:10.199 [AsyncHttpClient-1-2] DEBUG org.asynchttpclient.netty.channel.ChannelManager - Adding key: http://localhost:47544 for channel [id: 0x15725c6d, L:/127.0.0.1:54222 - R:localhost/127.0.0.1:47544]
18:21:10.200 [Forwarding findChildElement on session 2110e51d6eb213971c2be95817a2ce95 to remote] DEBUG org.asynchttpclient.netty.request.NettyRequestSender - Using pooled Channel '[id: 0x15725c6d, L:/127.0.0.1:54222 - R:localhost/127.0.0.1:47544]' for 'POST' to 'http://localhost:47544/session/2110e51d6eb213971c2be95817a2ce95/element/5615491a-6e98-410b-bb64-fc7294f3f9d5/element'
18:21:10.200 [Forwarding findChildElement on session 2110e51d6eb213971c2be95817a2ce95 to remote] DEBUG org.asynchttpclient.netty.request.NettyRequestSender - Using open Channel [id: 0x15725c6d, L:/127.0.0.1:54222 - R:localhost/127.0.0.1:47544] for POST '/session/2110e51d6eb213971c2be95817a2ce95/element/5615491a-6e98-410b-bb64-fc7294f3f9d5/element'
18:21:10.217 [AsyncHttpClient-1-2] DEBUG org.asynchttpclient.netty.handler.HttpHandler - 

Request DefaultHttpRequest(decodeResult: success, version: HTTP/1.1)
POST /session/2110e51d6eb213971c2be95817a2ce95/element/5615491a-6e98-410b-bb64-fc7294f3f9d5/element HTTP/1.1
User-Agent: selenium/4.5.3 (java mac)
Content-Length: 106
Content-Type: application/json; charset=utf-8
host: localhost:47544
accept: */*

Response DefaultHttpResponse(decodeResult: success, version: HTTP/1.1)
HTTP/1.1 200 OK
Content-Length: 88
Content-Type: application/json; charset=utf-8
cache-control: no-cache

18:21:10.217 [AsyncHttpClient-1-2] DEBUG org.asynchttpclient.netty.channel.ChannelManager - Adding key: http://localhost:47544 for channel [id: 0x15725c6d, L:/127.0.0.1:54222 - R:localhost/127.0.0.1:47544]
18:21:10.218 [Forwarding getElementText on session 2110e51d6eb213971c2be95817a2ce95 to remote] DEBUG org.asynchttpclient.netty.request.NettyRequestSender - Using pooled Channel '[id: 0x15725c6d, L:/127.0.0.1:54222 - R:localhost/127.0.0.1:47544]' for 'GET' to 'http://localhost:47544/session/2110e51d6eb213971c2be95817a2ce95/element/a615b0cc-04ed-420f-a68b-b0cf4bc6f77f/text'
18:21:10.218 [Forwarding getElementText on session 2110e51d6eb213971c2be95817a2ce95 to remote] DEBUG org.asynchttpclient.netty.request.NettyRequestSender - Using open Channel [id: 0x15725c6d, L:/127.0.0.1:54222 - R:localhost/127.0.0.1:47544] for GET '/session/2110e51d6eb213971c2be95817a2ce95/element/a615b0cc-04ed-420f-a68b-b0cf4bc6f77f/text'
18:21:10.373 [AsyncHttpClient-1-2] DEBUG org.asynchttpclient.netty.handler.HttpHandler - 

Request DefaultFullHttpRequest(decodeResult: success, version: HTTP/1.1, content: EmptyByteBufBE)
GET /session/2110e51d6eb213971c2be95817a2ce95/element/a615b0cc-04ed-420f-a68b-b0cf4bc6f77f/text HTTP/1.1
User-Agent: selenium/4.5.3 (java mac)
Cache-Control: no-cache
Content-Type: application/json; charset=utf-8
host: localhost:47544
accept: */*

Response DefaultHttpResponse(decodeResult: success, version: HTTP/1.1)
HTTP/1.1 200 OK
Content-Length: 19
Content-Type: application/json; charset=utf-8
cache-control: no-cache

18:21:10.374 [AsyncHttpClient-1-2] DEBUG org.asynchttpclient.netty.channel.ChannelManager - Adding key: http://localhost:47544 for channel [id: 0x15725c6d, L:/127.0.0.1:54222 - R:localhost/127.0.0.1:47544]
18:21:10.375 [Forwarding findChildElement on session 2110e51d6eb213971c2be95817a2ce95 to remote] DEBUG org.asynchttpclient.netty.request.NettyRequestSender - Using pooled Channel '[id: 0x15725c6d, L:/127.0.0.1:54222 - R:localhost/127.0.0.1:47544]' for 'POST' to 'http://localhost:47544/session/2110e51d6eb213971c2be95817a2ce95/element/8181b3ab-6a22-4482-96e6-5aacb0381994/element'
18:21:10.375 [Forwarding findChildElement on session 2110e51d6eb213971c2be95817a2ce95 to remote] DEBUG org.asynchttpclient.netty.request.NettyRequestSender - Using open Channel [id: 0x15725c6d, L:/127.0.0.1:54222 - R:localhost/127.0.0.1:47544] for POST '/session/2110e51d6eb213971c2be95817a2ce95/element/8181b3ab-6a22-4482-96e6-5aacb0381994/element'
18:21:10.402 [AsyncHttpClient-1-2] DEBUG org.asynchttpclient.netty.handler.HttpHandler - 

Request DefaultHttpRequest(decodeResult: success, version: HTTP/1.1)
POST /session/2110e51d6eb213971c2be95817a2ce95/element/8181b3ab-6a22-4482-96e6-5aacb0381994/element HTTP/1.1
User-Agent: selenium/4.5.3 (java mac)
Content-Length: 106
Content-Type: application/json; charset=utf-8
host: localhost:47544
accept: */*

Response DefaultHttpResponse(decodeResult: success, version: HTTP/1.1)
HTTP/1.1 200 OK
Content-Length: 88
Content-Type: application/json; charset=utf-8
cache-control: no-cache

18:21:10.402 [AsyncHttpClient-1-2] DEBUG org.asynchttpclient.netty.channel.ChannelManager - Adding key: http://localhost:47544 for channel [id: 0x15725c6d, L:/127.0.0.1:54222 - R:localhost/127.0.0.1:47544]
18:21:10.403 [Forwarding getElementText on session 2110e51d6eb213971c2be95817a2ce95 to remote] DEBUG org.asynchttpclient.netty.request.NettyRequestSender - Using pooled Channel '[id: 0x15725c6d, L:/127.0.0.1:54222 - R:localhost/127.0.0.1:47544]' for 'GET' to 'http://localhost:47544/session/2110e51d6eb213971c2be95817a2ce95/element/44e99d3b-745f-4274-9ee6-4d2edee94632/text'
18:21:10.403 [Forwarding getElementText on session 2110e51d6eb213971c2be95817a2ce95 to remote] DEBUG org.asynchttpclient.netty.request.NettyRequestSender - Using open Channel [id: 0x15725c6d, L:/127.0.0.1:54222 - R:localhost/127.0.0.1:47544] for GET '/session/2110e51d6eb213971c2be95817a2ce95/element/44e99d3b-745f-4274-9ee6-4d2edee94632/text'
18:21:10.497 [AsyncHttpClient-1-2] DEBUG org.asynchttpclient.netty.handler.HttpHandler - 

Request DefaultFullHttpRequest(decodeResult: success, version: HTTP/1.1, content: EmptyByteBufBE)
GET /session/2110e51d6eb213971c2be95817a2ce95/element/44e99d3b-745f-4274-9ee6-4d2edee94632/text HTTP/1.1
User-Agent: selenium/4.5.3 (java mac)
Cache-Control: no-cache
Content-Type: application/json; charset=utf-8
host: localhost:47544
accept: */*

Response DefaultHttpResponse(decodeResult: success, version: HTTP/1.1)
HTTP/1.1 200 OK
Content-Length: 72
Content-Type: application/json; charset=utf-8
cache-control: no-cache

18:21:10.497 [AsyncHttpClient-1-2] DEBUG org.asynchttpclient.netty.channel.ChannelManager - Adding key: http://localhost:47544 for channel [id: 0x15725c6d, L:/127.0.0.1:54222 - R:localhost/127.0.0.1:47544]
18:21:10.499 [Forwarding findChildElement on session 2110e51d6eb213971c2be95817a2ce95 to remote] DEBUG org.asynchttpclient.netty.request.NettyRequestSender - Using pooled Channel '[id: 0x15725c6d, L:/127.0.0.1:54222 - R:localhost/127.0.0.1:47544]' for 'POST' to 'http://localhost:47544/session/2110e51d6eb213971c2be95817a2ce95/element/8181b3ab-6a22-4482-96e6-5aacb0381994/element'
18:21:10.499 [Forwarding findChildElement on session 2110e51d6eb213971c2be95817a2ce95 to remote] DEBUG org.asynchttpclient.netty.request.NettyRequestSender - Using open Channel [id: 0x15725c6d, L:/127.0.0.1:54222 - R:localhost/127.0.0.1:47544] for POST '/session/2110e51d6eb213971c2be95817a2ce95/element/8181b3ab-6a22-4482-96e6-5aacb0381994/element'
18:21:10.535 [AsyncHttpClient-1-2] DEBUG org.asynchttpclient.netty.handler.HttpHandler - 

Request DefaultHttpRequest(decodeResult: success, version: HTTP/1.1)
POST /session/2110e51d6eb213971c2be95817a2ce95/element/8181b3ab-6a22-4482-96e6-5aacb0381994/element HTTP/1.1
User-Agent: selenium/4.5.3 (java mac)
Content-Length: 106
Content-Type: application/json; charset=utf-8
host: localhost:47544
accept: */*

Response DefaultHttpResponse(decodeResult: success, version: HTTP/1.1)
HTTP/1.1 200 OK
Content-Length: 88
Content-Type: application/json; charset=utf-8
cache-control: no-cache

18:21:10.536 [AsyncHttpClient-1-2] DEBUG org.asynchttpclient.netty.channel.ChannelManager - Adding key: http://localhost:47544 for channel [id: 0x15725c6d, L:/127.0.0.1:54222 - R:localhost/127.0.0.1:47544]
18:21:10.537 [Forwarding getElementText on session 2110e51d6eb213971c2be95817a2ce95 to remote] DEBUG org.asynchttpclient.netty.request.NettyRequestSender - Using pooled Channel '[id: 0x15725c6d, L:/127.0.0.1:54222 - R:localhost/127.0.0.1:47544]' for 'GET' to 'http://localhost:47544/session/2110e51d6eb213971c2be95817a2ce95/element/bb25aaeb-d565-47fe-a666-421986b2451e/text'
18:21:10.537 [Forwarding getElementText on session 2110e51d6eb213971c2be95817a2ce95 to remote] DEBUG org.asynchttpclient.netty.request.NettyRequestSender - Using open Channel [id: 0x15725c6d, L:/127.0.0.1:54222 - R:localhost/127.0.0.1:47544] for GET '/session/2110e51d6eb213971c2be95817a2ce95/element/bb25aaeb-d565-47fe-a666-421986b2451e/text'
18:21:10.585 [AsyncHttpClient-1-2] DEBUG org.asynchttpclient.netty.handler.HttpHandler - 

Request DefaultFullHttpRequest(decodeResult: success, version: HTTP/1.1, content: EmptyByteBufBE)
GET /session/2110e51d6eb213971c2be95817a2ce95/element/bb25aaeb-d565-47fe-a666-421986b2451e/text HTTP/1.1
User-Agent: selenium/4.5.3 (java mac)
Cache-Control: no-cache
Content-Type: application/json; charset=utf-8
host: localhost:47544
accept: */*

Response DefaultHttpResponse(decodeResult: success, version: HTTP/1.1)
HTTP/1.1 200 OK
Content-Length: 18
Content-Type: application/json; charset=utf-8
cache-control: no-cache

18:21:10.585 [AsyncHttpClient-1-2] DEBUG org.asynchttpclient.netty.channel.ChannelManager - Adding key: http://localhost:47544 for channel [id: 0x15725c6d, L:/127.0.0.1:54222 - R:localhost/127.0.0.1:47544]
18:21:10.587 [Forwarding findChildElement on session 2110e51d6eb213971c2be95817a2ce95 to remote] DEBUG org.asynchttpclient.netty.request.NettyRequestSender - Using pooled Channel '[id: 0x15725c6d, L:/127.0.0.1:54222 - R:localhost/127.0.0.1:47544]' for 'POST' to 'http://localhost:47544/session/2110e51d6eb213971c2be95817a2ce95/element/0009c7b9-4e21-46eb-9a7b-40ddf529cbc4/element'
18:21:10.587 [Forwarding findChildElement on session 2110e51d6eb213971c2be95817a2ce95 to remote] DEBUG org.asynchttpclient.netty.request.NettyRequestSender - Using open Channel [id: 0x15725c6d, L:/127.0.0.1:54222 - R:localhost/127.0.0.1:47544] for POST '/session/2110e51d6eb213971c2be95817a2ce95/element/0009c7b9-4e21-46eb-9a7b-40ddf529cbc4/element'
18:21:10.669 [AsyncHttpClient-1-2] DEBUG org.asynchttpclient.netty.handler.HttpHandler - 

Request DefaultHttpRequest(decodeResult: success, version: HTTP/1.1)
POST /session/2110e51d6eb213971c2be95817a2ce95/element/0009c7b9-4e21-46eb-9a7b-40ddf529cbc4/element HTTP/1.1
User-Agent: selenium/4.5.3 (java mac)
Content-Length: 106
Content-Type: application/json; charset=utf-8
host: localhost:47544
accept: */*

Response DefaultHttpResponse(decodeResult: success, version: HTTP/1.1)
HTTP/1.1 200 OK
Content-Length: 88
Content-Type: application/json; charset=utf-8
cache-control: no-cache

18:21:10.669 [AsyncHttpClient-1-2] DEBUG org.asynchttpclient.netty.channel.ChannelManager - Adding key: http://localhost:47544 for channel [id: 0x15725c6d, L:/127.0.0.1:54222 - R:localhost/127.0.0.1:47544]
18:21:10.671 [Forwarding getElementText on session 2110e51d6eb213971c2be95817a2ce95 to remote] DEBUG org.asynchttpclient.netty.request.NettyRequestSender - Using pooled Channel '[id: 0x15725c6d, L:/127.0.0.1:54222 - R:localhost/127.0.0.1:47544]' for 'GET' to 'http://localhost:47544/session/2110e51d6eb213971c2be95817a2ce95/element/99c8adcc-8ecf-493b-94ed-2fd5509e3bb8/text'
18:21:10.671 [Forwarding getElementText on session 2110e51d6eb213971c2be95817a2ce95 to remote] DEBUG org.asynchttpclient.netty.request.NettyRequestSender - Using open Channel [id: 0x15725c6d, L:/127.0.0.1:54222 - R:localhost/127.0.0.1:47544] for GET '/session/2110e51d6eb213971c2be95817a2ce95/element/99c8adcc-8ecf-493b-94ed-2fd5509e3bb8/text'
18:21:10.716 [AsyncHttpClient-1-2] DEBUG org.asynchttpclient.netty.handler.HttpHandler - 

Request DefaultFullHttpRequest(decodeResult: success, version: HTTP/1.1, content: EmptyByteBufBE)
GET /session/2110e51d6eb213971c2be95817a2ce95/element/99c8adcc-8ecf-493b-94ed-2fd5509e3bb8/text HTTP/1.1
User-Agent: selenium/4.5.3 (java mac)
Cache-Control: no-cache
Content-Type: application/json; charset=utf-8
host: localhost:47544
accept: */*

Response DefaultHttpResponse(decodeResult: success, version: HTTP/1.1)
HTTP/1.1 200 OK
Content-Length: 92
Content-Type: application/json; charset=utf-8
cache-control: no-cache

18:21:10.716 [AsyncHttpClient-1-2] DEBUG org.asynchttpclient.netty.channel.ChannelManager - Adding key: http://localhost:47544 for channel [id: 0x15725c6d, L:/127.0.0.1:54222 - R:localhost/127.0.0.1:47544]
18:21:10.718 [Forwarding findChildElement on session 2110e51d6eb213971c2be95817a2ce95 to remote] DEBUG org.asynchttpclient.netty.request.NettyRequestSender - Using pooled Channel '[id: 0x15725c6d, L:/127.0.0.1:54222 - R:localhost/127.0.0.1:47544]' for 'POST' to 'http://localhost:47544/session/2110e51d6eb213971c2be95817a2ce95/element/0009c7b9-4e21-46eb-9a7b-40ddf529cbc4/element'
18:21:10.718 [Forwarding findChildElement on session 2110e51d6eb213971c2be95817a2ce95 to remote] DEBUG org.asynchttpclient.netty.request.NettyRequestSender - Using open Channel [id: 0x15725c6d, L:/127.0.0.1:54222 - R:localhost/127.0.0.1:47544] for POST '/session/2110e51d6eb213971c2be95817a2ce95/element/0009c7b9-4e21-46eb-9a7b-40ddf529cbc4/element'
18:21:10.826 [AsyncHttpClient-1-2] DEBUG org.asynchttpclient.netty.handler.HttpHandler - 

Request DefaultHttpRequest(decodeResult: success, version: HTTP/1.1)
POST /session/2110e51d6eb213971c2be95817a2ce95/element/0009c7b9-4e21-46eb-9a7b-40ddf529cbc4/element HTTP/1.1
User-Agent: selenium/4.5.3 (java mac)
Content-Length: 106
Content-Type: application/json; charset=utf-8
host: localhost:47544
accept: */*

Response DefaultHttpResponse(decodeResult: success, version: HTTP/1.1)
HTTP/1.1 200 OK
Content-Length: 88
Content-Type: application/json; charset=utf-8
cache-control: no-cache

18:21:10.826 [AsyncHttpClient-1-2] DEBUG org.asynchttpclient.netty.channel.ChannelManager - Adding key: http://localhost:47544 for channel [id: 0x15725c6d, L:/127.0.0.1:54222 - R:localhost/127.0.0.1:47544]
18:21:10.827 [Forwarding getElementText on session 2110e51d6eb213971c2be95817a2ce95 to remote] DEBUG org.asynchttpclient.netty.request.NettyRequestSender - Using pooled Channel '[id: 0x15725c6d, L:/127.0.0.1:54222 - R:localhost/127.0.0.1:47544]' for 'GET' to 'http://localhost:47544/session/2110e51d6eb213971c2be95817a2ce95/element/788d4ff9-e9e3-4126-a51f-fe918de79a5c/text'
18:21:10.827 [Forwarding getElementText on session 2110e51d6eb213971c2be95817a2ce95 to remote] DEBUG org.asynchttpclient.netty.request.NettyRequestSender - Using open Channel [id: 0x15725c6d, L:/127.0.0.1:54222 - R:localhost/127.0.0.1:47544] for GET '/session/2110e51d6eb213971c2be95817a2ce95/element/788d4ff9-e9e3-4126-a51f-fe918de79a5c/text'
18:21:10.873 [AsyncHttpClient-1-2] DEBUG org.asynchttpclient.netty.handler.HttpHandler - 

Request DefaultFullHttpRequest(decodeResult: success, version: HTTP/1.1, content: EmptyByteBufBE)
GET /session/2110e51d6eb213971c2be95817a2ce95/element/788d4ff9-e9e3-4126-a51f-fe918de79a5c/text HTTP/1.1
User-Agent: selenium/4.5.3 (java mac)
Cache-Control: no-cache
Content-Type: application/json; charset=utf-8
host: localhost:47544
accept: */*

Response DefaultHttpResponse(decodeResult: success, version: HTTP/1.1)
HTTP/1.1 200 OK
Content-Length: 21
Content-Type: application/json; charset=utf-8
cache-control: no-cache

18:21:10.873 [AsyncHttpClient-1-2] DEBUG org.asynchttpclient.netty.channel.ChannelManager - Adding key: http://localhost:47544 for channel [id: 0x15725c6d, L:/127.0.0.1:54222 - R:localhost/127.0.0.1:47544]
18:21:10.875 [Forwarding findChildElement on session 2110e51d6eb213971c2be95817a2ce95 to remote] DEBUG org.asynchttpclient.netty.request.NettyRequestSender - Using pooled Channel '[id: 0x15725c6d, L:/127.0.0.1:54222 - R:localhost/127.0.0.1:47544]' for 'POST' to 'http://localhost:47544/session/2110e51d6eb213971c2be95817a2ce95/element/db523b73-ea63-4667-b9dc-6d10be8819fe/element'
18:21:10.875 [Forwarding findChildElement on session 2110e51d6eb213971c2be95817a2ce95 to remote] DEBUG org.asynchttpclient.netty.request.NettyRequestSender - Using open Channel [id: 0x15725c6d, L:/127.0.0.1:54222 - R:localhost/127.0.0.1:47544] for POST '/session/2110e51d6eb213971c2be95817a2ce95/element/db523b73-ea63-4667-b9dc-6d10be8819fe/element'
18:21:10.902 [AsyncHttpClient-1-2] DEBUG org.asynchttpclient.netty.handler.HttpHandler - 

Request DefaultHttpRequest(decodeResult: success, version: HTTP/1.1)
POST /session/2110e51d6eb213971c2be95817a2ce95/element/db523b73-ea63-4667-b9dc-6d10be8819fe/element HTTP/1.1
User-Agent: selenium/4.5.3 (java mac)
Content-Length: 106
Content-Type: application/json; charset=utf-8
host: localhost:47544
accept: */*

Response DefaultHttpResponse(decodeResult: success, version: HTTP/1.1)
HTTP/1.1 200 OK
Content-Length: 88
Content-Type: application/json; charset=utf-8
cache-control: no-cache

18:21:10.902 [AsyncHttpClient-1-2] DEBUG org.asynchttpclient.netty.channel.ChannelManager - Adding key: http://localhost:47544 for channel [id: 0x15725c6d, L:/127.0.0.1:54222 - R:localhost/127.0.0.1:47544]
18:21:10.903 [Forwarding getElementText on session 2110e51d6eb213971c2be95817a2ce95 to remote] DEBUG org.asynchttpclient.netty.request.NettyRequestSender - Using pooled Channel '[id: 0x15725c6d, L:/127.0.0.1:54222 - R:localhost/127.0.0.1:47544]' for 'GET' to 'http://localhost:47544/session/2110e51d6eb213971c2be95817a2ce95/element/5742aa10-eb75-42db-b4f0-b0ba89ae2ed2/text'
18:21:10.903 [Forwarding getElementText on session 2110e51d6eb213971c2be95817a2ce95 to remote] DEBUG org.asynchttpclient.netty.request.NettyRequestSender - Using open Channel [id: 0x15725c6d, L:/127.0.0.1:54222 - R:localhost/127.0.0.1:47544] for GET '/session/2110e51d6eb213971c2be95817a2ce95/element/5742aa10-eb75-42db-b4f0-b0ba89ae2ed2/text'
18:21:10.927 [AsyncHttpClient-1-2] DEBUG org.asynchttpclient.netty.handler.HttpHandler - 

Request DefaultFullHttpRequest(decodeResult: success, version: HTTP/1.1, content: EmptyByteBufBE)
GET /session/2110e51d6eb213971c2be95817a2ce95/element/5742aa10-eb75-42db-b4f0-b0ba89ae2ed2/text HTTP/1.1
User-Agent: selenium/4.5.3 (java mac)
Cache-Control: no-cache
Content-Type: application/json; charset=utf-8
host: localhost:47544
accept: */*

Response DefaultHttpResponse(decodeResult: success, version: HTTP/1.1)
HTTP/1.1 200 OK
Content-Length: 91
Content-Type: application/json; charset=utf-8
cache-control: no-cache

18:21:10.927 [AsyncHttpClient-1-2] DEBUG org.asynchttpclient.netty.channel.ChannelManager - Adding key: http://localhost:47544 for channel [id: 0x15725c6d, L:/127.0.0.1:54222 - R:localhost/127.0.0.1:47544]
18:21:10.929 [Forwarding findChildElement on session 2110e51d6eb213971c2be95817a2ce95 to remote] DEBUG org.asynchttpclient.netty.request.NettyRequestSender - Using pooled Channel '[id: 0x15725c6d, L:/127.0.0.1:54222 - R:localhost/127.0.0.1:47544]' for 'POST' to 'http://localhost:47544/session/2110e51d6eb213971c2be95817a2ce95/element/db523b73-ea63-4667-b9dc-6d10be8819fe/element'
18:21:10.929 [Forwarding findChildElement on session 2110e51d6eb213971c2be95817a2ce95 to remote] DEBUG org.asynchttpclient.netty.request.NettyRequestSender - Using open Channel [id: 0x15725c6d, L:/127.0.0.1:54222 - R:localhost/127.0.0.1:47544] for POST '/session/2110e51d6eb213971c2be95817a2ce95/element/db523b73-ea63-4667-b9dc-6d10be8819fe/element'
18:21:10.948 [AsyncHttpClient-1-2] DEBUG org.asynchttpclient.netty.handler.HttpHandler - 

Request DefaultHttpRequest(decodeResult: success, version: HTTP/1.1)
POST /session/2110e51d6eb213971c2be95817a2ce95/element/db523b73-ea63-4667-b9dc-6d10be8819fe/element HTTP/1.1
User-Agent: selenium/4.5.3 (java mac)
Content-Length: 106
Content-Type: application/json; charset=utf-8
host: localhost:47544
accept: */*

Response DefaultHttpResponse(decodeResult: success, version: HTTP/1.1)
HTTP/1.1 200 OK
Content-Length: 88
Content-Type: application/json; charset=utf-8
cache-control: no-cache

18:21:10.948 [AsyncHttpClient-1-2] DEBUG org.asynchttpclient.netty.channel.ChannelManager - Adding key: http://localhost:47544 for channel [id: 0x15725c6d, L:/127.0.0.1:54222 - R:localhost/127.0.0.1:47544]
18:21:10.949 [Forwarding getElementText on session 2110e51d6eb213971c2be95817a2ce95 to remote] DEBUG org.asynchttpclient.netty.request.NettyRequestSender - Using pooled Channel '[id: 0x15725c6d, L:/127.0.0.1:54222 - R:localhost/127.0.0.1:47544]' for 'GET' to 'http://localhost:47544/session/2110e51d6eb213971c2be95817a2ce95/element/cbe41be9-3ff4-4a8f-bc4d-3e96a7b3846c/text'
18:21:10.949 [Forwarding getElementText on session 2110e51d6eb213971c2be95817a2ce95 to remote] DEBUG org.asynchttpclient.netty.request.NettyRequestSender - Using open Channel [id: 0x15725c6d, L:/127.0.0.1:54222 - R:localhost/127.0.0.1:47544] for GET '/session/2110e51d6eb213971c2be95817a2ce95/element/cbe41be9-3ff4-4a8f-bc4d-3e96a7b3846c/text'
18:21:11.111 [AsyncHttpClient-1-1] DEBUG org.asynchttpclient.netty.channel.DefaultChannelPool - Entry count for : http://localhost:54225 : 1
18:21:11.114 [AsyncHttpClient-1-2] DEBUG org.asynchttpclient.netty.handler.HttpHandler - 

Request DefaultFullHttpRequest(decodeResult: success, version: HTTP/1.1, content: EmptyByteBufBE)
GET /session/2110e51d6eb213971c2be95817a2ce95/element/cbe41be9-3ff4-4a8f-bc4d-3e96a7b3846c/text HTTP/1.1
User-Agent: selenium/4.5.3 (java mac)
Cache-Control: no-cache
Content-Type: application/json; charset=utf-8
host: localhost:47544
accept: */*

Response DefaultHttpResponse(decodeResult: success, version: HTTP/1.1)
HTTP/1.1 200 OK
Content-Length: 19
Content-Type: application/json; charset=utf-8
cache-control: no-cache

18:21:11.114 [AsyncHttpClient-1-2] DEBUG org.asynchttpclient.netty.channel.ChannelManager - Adding key: http://localhost:47544 for channel [id: 0x15725c6d, L:/127.0.0.1:54222 - R:localhost/127.0.0.1:47544]
18:21:11.116 [Forwarding findChildElement on session 2110e51d6eb213971c2be95817a2ce95 to remote] DEBUG org.asynchttpclient.netty.request.NettyRequestSender - Using pooled Channel '[id: 0x15725c6d, L:/127.0.0.1:54222 - R:localhost/127.0.0.1:47544]' for 'POST' to 'http://localhost:47544/session/2110e51d6eb213971c2be95817a2ce95/element/6cc29fda-3767-4f85-bfc8-c93604cb9e42/element'
18:21:11.116 [Forwarding findChildElement on session 2110e51d6eb213971c2be95817a2ce95 to remote] DEBUG org.asynchttpclient.netty.request.NettyRequestSender - Using open Channel [id: 0x15725c6d, L:/127.0.0.1:54222 - R:localhost/127.0.0.1:47544] for POST '/session/2110e51d6eb213971c2be95817a2ce95/element/6cc29fda-3767-4f85-bfc8-c93604cb9e42/element'
18:21:11.169 [AsyncHttpClient-1-2] DEBUG org.asynchttpclient.netty.handler.HttpHandler - 

Request DefaultHttpRequest(decodeResult: success, version: HTTP/1.1)
POST /session/2110e51d6eb213971c2be95817a2ce95/element/6cc29fda-3767-4f85-bfc8-c93604cb9e42/element HTTP/1.1
User-Agent: selenium/4.5.3 (java mac)
Content-Length: 106
Content-Type: application/json; charset=utf-8
host: localhost:47544
accept: */*

Response DefaultHttpResponse(decodeResult: success, version: HTTP/1.1)
HTTP/1.1 200 OK
Content-Length: 88
Content-Type: application/json; charset=utf-8
cache-control: no-cache

18:21:11.169 [AsyncHttpClient-1-2] DEBUG org.asynchttpclient.netty.channel.ChannelManager - Adding key: http://localhost:47544 for channel [id: 0x15725c6d, L:/127.0.0.1:54222 - R:localhost/127.0.0.1:47544]
18:21:11.170 [Forwarding getElementText on session 2110e51d6eb213971c2be95817a2ce95 to remote] DEBUG org.asynchttpclient.netty.request.NettyRequestSender - Using pooled Channel '[id: 0x15725c6d, L:/127.0.0.1:54222 - R:localhost/127.0.0.1:47544]' for 'GET' to 'http://localhost:47544/session/2110e51d6eb213971c2be95817a2ce95/element/5b02fca8-057d-483c-afcc-5993ee01edbf/text'
18:21:11.171 [Forwarding getElementText on session 2110e51d6eb213971c2be95817a2ce95 to remote] DEBUG org.asynchttpclient.netty.request.NettyRequestSender - Using open Channel [id: 0x15725c6d, L:/127.0.0.1:54222 - R:localhost/127.0.0.1:47544] for GET '/session/2110e51d6eb213971c2be95817a2ce95/element/5b02fca8-057d-483c-afcc-5993ee01edbf/text'
18:21:11.201 [AsyncHttpClient-1-2] DEBUG org.asynchttpclient.netty.handler.HttpHandler - 

Request DefaultFullHttpRequest(decodeResult: success, version: HTTP/1.1, content: EmptyByteBufBE)
GET /session/2110e51d6eb213971c2be95817a2ce95/element/5b02fca8-057d-483c-afcc-5993ee01edbf/text HTTP/1.1
User-Agent: selenium/4.5.3 (java mac)
Cache-Control: no-cache
Content-Type: application/json; charset=utf-8
host: localhost:47544
accept: */*

Response DefaultHttpResponse(decodeResult: success, version: HTTP/1.1)
HTTP/1.1 200 OK
Content-Length: 86
Content-Type: application/json; charset=utf-8
cache-control: no-cache

18:21:11.201 [AsyncHttpClient-1-2] DEBUG org.asynchttpclient.netty.channel.ChannelManager - Adding key: http://localhost:47544 for channel [id: 0x15725c6d, L:/127.0.0.1:54222 - R:localhost/127.0.0.1:47544]
18:21:11.203 [Forwarding findChildElement on session 2110e51d6eb213971c2be95817a2ce95 to remote] DEBUG org.asynchttpclient.netty.request.NettyRequestSender - Using pooled Channel '[id: 0x15725c6d, L:/127.0.0.1:54222 - R:localhost/127.0.0.1:47544]' for 'POST' to 'http://localhost:47544/session/2110e51d6eb213971c2be95817a2ce95/element/6cc29fda-3767-4f85-bfc8-c93604cb9e42/element'
18:21:11.203 [Forwarding findChildElement on session 2110e51d6eb213971c2be95817a2ce95 to remote] DEBUG org.asynchttpclient.netty.request.NettyRequestSender - Using open Channel [id: 0x15725c6d, L:/127.0.0.1:54222 - R:localhost/127.0.0.1:47544] for POST '/session/2110e51d6eb213971c2be95817a2ce95/element/6cc29fda-3767-4f85-bfc8-c93604cb9e42/element'
18:21:11.268 [AsyncHttpClient-1-2] DEBUG org.asynchttpclient.netty.handler.HttpHandler - 

Request DefaultHttpRequest(decodeResult: success, version: HTTP/1.1)
POST /session/2110e51d6eb213971c2be95817a2ce95/element/6cc29fda-3767-4f85-bfc8-c93604cb9e42/element HTTP/1.1
User-Agent: selenium/4.5.3 (java mac)
Content-Length: 106
Content-Type: application/json; charset=utf-8
host: localhost:47544
accept: */*

Response DefaultHttpResponse(decodeResult: success, version: HTTP/1.1)
HTTP/1.1 200 OK
Content-Length: 88
Content-Type: application/json; charset=utf-8
cache-control: no-cache

18:21:11.268 [AsyncHttpClient-1-2] DEBUG org.asynchttpclient.netty.channel.ChannelManager - Adding key: http://localhost:47544 for channel [id: 0x15725c6d, L:/127.0.0.1:54222 - R:localhost/127.0.0.1:47544]
18:21:11.270 [Forwarding getElementText on session 2110e51d6eb213971c2be95817a2ce95 to remote] DEBUG org.asynchttpclient.netty.request.NettyRequestSender - Using pooled Channel '[id: 0x15725c6d, L:/127.0.0.1:54222 - R:localhost/127.0.0.1:47544]' for 'GET' to 'http://localhost:47544/session/2110e51d6eb213971c2be95817a2ce95/element/8d178d01-baef-4567-9afc-567f69c1f796/text'
18:21:11.271 [Forwarding getElementText on session 2110e51d6eb213971c2be95817a2ce95 to remote] DEBUG org.asynchttpclient.netty.request.NettyRequestSender - Using open Channel [id: 0x15725c6d, L:/127.0.0.1:54222 - R:localhost/127.0.0.1:47544] for GET '/session/2110e51d6eb213971c2be95817a2ce95/element/8d178d01-baef-4567-9afc-567f69c1f796/text'
18:21:11.441 [AsyncHttpClient-1-2] DEBUG org.asynchttpclient.netty.handler.HttpHandler - 

Request DefaultFullHttpRequest(decodeResult: success, version: HTTP/1.1, content: EmptyByteBufBE)
GET /session/2110e51d6eb213971c2be95817a2ce95/element/8d178d01-baef-4567-9afc-567f69c1f796/text HTTP/1.1
User-Agent: selenium/4.5.3 (java mac)
Cache-Control: no-cache
Content-Type: application/json; charset=utf-8
host: localhost:47544
accept: */*

Response DefaultHttpResponse(decodeResult: success, version: HTTP/1.1)
HTTP/1.1 200 OK
Content-Length: 30
Content-Type: application/json; charset=utf-8
cache-control: no-cache

18:21:11.441 [AsyncHttpClient-1-2] DEBUG org.asynchttpclient.netty.channel.ChannelManager - Adding key: http://localhost:47544 for channel [id: 0x15725c6d, L:/127.0.0.1:54222 - R:localhost/127.0.0.1:47544]
18:21:11.452 [Forwarding findChildElement on session 2110e51d6eb213971c2be95817a2ce95 to remote] DEBUG org.asynchttpclient.netty.request.NettyRequestSender - Using pooled Channel '[id: 0x15725c6d, L:/127.0.0.1:54222 - R:localhost/127.0.0.1:47544]' for 'POST' to 'http://localhost:47544/session/2110e51d6eb213971c2be95817a2ce95/element/718eb496-eb79-415c-b1c5-4da534d5ab75/element'
18:21:11.453 [Forwarding findChildElement on session 2110e51d6eb213971c2be95817a2ce95 to remote] DEBUG org.asynchttpclient.netty.request.NettyRequestSender - Using open Channel [id: 0x15725c6d, L:/127.0.0.1:54222 - R:localhost/127.0.0.1:47544] for POST '/session/2110e51d6eb213971c2be95817a2ce95/element/718eb496-eb79-415c-b1c5-4da534d5ab75/element'
18:21:11.488 [AsyncHttpClient-1-2] DEBUG org.asynchttpclient.netty.handler.HttpHandler - 

Request DefaultHttpRequest(decodeResult: success, version: HTTP/1.1)
POST /session/2110e51d6eb213971c2be95817a2ce95/element/718eb496-eb79-415c-b1c5-4da534d5ab75/element HTTP/1.1
User-Agent: selenium/4.5.3 (java mac)
Content-Length: 106
Content-Type: application/json; charset=utf-8
host: localhost:47544
accept: */*

Response DefaultHttpResponse(decodeResult: success, version: HTTP/1.1)
HTTP/1.1 200 OK
Content-Length: 88
Content-Type: application/json; charset=utf-8
cache-control: no-cache

18:21:11.488 [AsyncHttpClient-1-2] DEBUG org.asynchttpclient.netty.channel.ChannelManager - Adding key: http://localhost:47544 for channel [id: 0x15725c6d, L:/127.0.0.1:54222 - R:localhost/127.0.0.1:47544]
18:21:11.489 [Forwarding getElementText on session 2110e51d6eb213971c2be95817a2ce95 to remote] DEBUG org.asynchttpclient.netty.request.NettyRequestSender - Using pooled Channel '[id: 0x15725c6d, L:/127.0.0.1:54222 - R:localhost/127.0.0.1:47544]' for 'GET' to 'http://localhost:47544/session/2110e51d6eb213971c2be95817a2ce95/element/cf23aa35-d0d1-470c-b3d2-d4b3a8ba2ea5/text'
18:21:11.490 [Forwarding getElementText on session 2110e51d6eb213971c2be95817a2ce95 to remote] DEBUG org.asynchttpclient.netty.request.NettyRequestSender - Using open Channel [id: 0x15725c6d, L:/127.0.0.1:54222 - R:localhost/127.0.0.1:47544] for GET '/session/2110e51d6eb213971c2be95817a2ce95/element/cf23aa35-d0d1-470c-b3d2-d4b3a8ba2ea5/text'
18:21:11.572 [AsyncHttpClient-1-2] DEBUG org.asynchttpclient.netty.handler.HttpHandler - 

Request DefaultFullHttpRequest(decodeResult: success, version: HTTP/1.1, content: EmptyByteBufBE)
GET /session/2110e51d6eb213971c2be95817a2ce95/element/cf23aa35-d0d1-470c-b3d2-d4b3a8ba2ea5/text HTTP/1.1
User-Agent: selenium/4.5.3 (java mac)
Cache-Control: no-cache
Content-Type: application/json; charset=utf-8
host: localhost:47544
accept: */*

Response DefaultHttpResponse(decodeResult: success, version: HTTP/1.1)
HTTP/1.1 200 OK
Content-Length: 88
Content-Type: application/json; charset=utf-8
cache-control: no-cache

18:21:11.572 [AsyncHttpClient-1-2] DEBUG org.asynchttpclient.netty.channel.ChannelManager - Adding key: http://localhost:47544 for channel [id: 0x15725c6d, L:/127.0.0.1:54222 - R:localhost/127.0.0.1:47544]
18:21:11.574 [Forwarding findChildElement on session 2110e51d6eb213971c2be95817a2ce95 to remote] DEBUG org.asynchttpclient.netty.request.NettyRequestSender - Using pooled Channel '[id: 0x15725c6d, L:/127.0.0.1:54222 - R:localhost/127.0.0.1:47544]' for 'POST' to 'http://localhost:47544/session/2110e51d6eb213971c2be95817a2ce95/element/718eb496-eb79-415c-b1c5-4da534d5ab75/element'
18:21:11.574 [Forwarding findChildElement on session 2110e51d6eb213971c2be95817a2ce95 to remote] DEBUG org.asynchttpclient.netty.request.NettyRequestSender - Using open Channel [id: 0x15725c6d, L:/127.0.0.1:54222 - R:localhost/127.0.0.1:47544] for POST '/session/2110e51d6eb213971c2be95817a2ce95/element/718eb496-eb79-415c-b1c5-4da534d5ab75/element'
18:21:11.702 [AsyncHttpClient-1-2] DEBUG org.asynchttpclient.netty.handler.HttpHandler - 

Request DefaultHttpRequest(decodeResult: success, version: HTTP/1.1)
POST /session/2110e51d6eb213971c2be95817a2ce95/element/718eb496-eb79-415c-b1c5-4da534d5ab75/element HTTP/1.1
User-Agent: selenium/4.5.3 (java mac)
Content-Length: 106
Content-Type: application/json; charset=utf-8
host: localhost:47544
accept: */*

Response DefaultHttpResponse(decodeResult: success, version: HTTP/1.1)
HTTP/1.1 200 OK
Content-Length: 88
Content-Type: application/json; charset=utf-8
cache-control: no-cache

18:21:11.702 [AsyncHttpClient-1-2] DEBUG org.asynchttpclient.netty.channel.ChannelManager - Adding key: http://localhost:47544 for channel [id: 0x15725c6d, L:/127.0.0.1:54222 - R:localhost/127.0.0.1:47544]
18:21:11.703 [Forwarding getElementText on session 2110e51d6eb213971c2be95817a2ce95 to remote] DEBUG org.asynchttpclient.netty.request.NettyRequestSender - Using pooled Channel '[id: 0x15725c6d, L:/127.0.0.1:54222 - R:localhost/127.0.0.1:47544]' for 'GET' to 'http://localhost:47544/session/2110e51d6eb213971c2be95817a2ce95/element/06cf4e4f-6962-4984-952a-c6f501153ee7/text'
18:21:11.703 [Forwarding getElementText on session 2110e51d6eb213971c2be95817a2ce95 to remote] DEBUG org.asynchttpclient.netty.request.NettyRequestSender - Using open Channel [id: 0x15725c6d, L:/127.0.0.1:54222 - R:localhost/127.0.0.1:47544] for GET '/session/2110e51d6eb213971c2be95817a2ce95/element/06cf4e4f-6962-4984-952a-c6f501153ee7/text'
18:21:11.867 [AsyncHttpClient-1-2] DEBUG org.asynchttpclient.netty.handler.HttpHandler - 

Request DefaultFullHttpRequest(decodeResult: success, version: HTTP/1.1, content: EmptyByteBufBE)
GET /session/2110e51d6eb213971c2be95817a2ce95/element/06cf4e4f-6962-4984-952a-c6f501153ee7/text HTTP/1.1
User-Agent: selenium/4.5.3 (java mac)
Cache-Control: no-cache
Content-Type: application/json; charset=utf-8
host: localhost:47544
accept: */*

Response DefaultHttpResponse(decodeResult: success, version: HTTP/1.1)
HTTP/1.1 200 OK
Content-Length: 19
Content-Type: application/json; charset=utf-8
cache-control: no-cache

18:21:11.867 [AsyncHttpClient-1-2] DEBUG org.asynchttpclient.netty.channel.ChannelManager - Adding key: http://localhost:47544 for channel [id: 0x15725c6d, L:/127.0.0.1:54222 - R:localhost/127.0.0.1:47544]
18:21:11.871 [Forwarding findChildElement on session 2110e51d6eb213971c2be95817a2ce95 to remote] DEBUG org.asynchttpclient.netty.request.NettyRequestSender - Using pooled Channel '[id: 0x15725c6d, L:/127.0.0.1:54222 - R:localhost/127.0.0.1:47544]' for 'POST' to 'http://localhost:47544/session/2110e51d6eb213971c2be95817a2ce95/element/ec40ee06-eca2-478f-b97a-d238774720d9/element'
18:21:11.871 [Forwarding findChildElement on session 2110e51d6eb213971c2be95817a2ce95 to remote] DEBUG org.asynchttpclient.netty.request.NettyRequestSender - Using open Channel [id: 0x15725c6d, L:/127.0.0.1:54222 - R:localhost/127.0.0.1:47544] for POST '/session/2110e51d6eb213971c2be95817a2ce95/element/ec40ee06-eca2-478f-b97a-d238774720d9/element'
18:21:11.887 [AsyncHttpClient-1-2] DEBUG org.asynchttpclient.netty.handler.HttpHandler - 

Request DefaultHttpRequest(decodeResult: success, version: HTTP/1.1)
POST /session/2110e51d6eb213971c2be95817a2ce95/element/ec40ee06-eca2-478f-b97a-d238774720d9/element HTTP/1.1
User-Agent: selenium/4.5.3 (java mac)
Content-Length: 106
Content-Type: application/json; charset=utf-8
host: localhost:47544
accept: */*

Response DefaultHttpResponse(decodeResult: success, version: HTTP/1.1)
HTTP/1.1 200 OK
Content-Length: 88
Content-Type: application/json; charset=utf-8
cache-control: no-cache

18:21:11.887 [AsyncHttpClient-1-2] DEBUG org.asynchttpclient.netty.channel.ChannelManager - Adding key: http://localhost:47544 for channel [id: 0x15725c6d, L:/127.0.0.1:54222 - R:localhost/127.0.0.1:47544]
18:21:11.888 [Forwarding getElementText on session 2110e51d6eb213971c2be95817a2ce95 to remote] DEBUG org.asynchttpclient.netty.request.NettyRequestSender - Using pooled Channel '[id: 0x15725c6d, L:/127.0.0.1:54222 - R:localhost/127.0.0.1:47544]' for 'GET' to 'http://localhost:47544/session/2110e51d6eb213971c2be95817a2ce95/element/0da69d52-6824-4599-9dc4-90f066dac3ae/text'
18:21:11.888 [Forwarding getElementText on session 2110e51d6eb213971c2be95817a2ce95 to remote] DEBUG org.asynchttpclient.netty.request.NettyRequestSender - Using open Channel [id: 0x15725c6d, L:/127.0.0.1:54222 - R:localhost/127.0.0.1:47544] for GET '/session/2110e51d6eb213971c2be95817a2ce95/element/0da69d52-6824-4599-9dc4-90f066dac3ae/text'
18:21:11.936 [AsyncHttpClient-1-2] DEBUG org.asynchttpclient.netty.handler.HttpHandler - 

Request DefaultFullHttpRequest(decodeResult: success, version: HTTP/1.1, content: EmptyByteBufBE)
GET /session/2110e51d6eb213971c2be95817a2ce95/element/0da69d52-6824-4599-9dc4-90f066dac3ae/text HTTP/1.1
User-Agent: selenium/4.5.3 (java mac)
Cache-Control: no-cache
Content-Type: application/json; charset=utf-8
host: localhost:47544
accept: */*

Response DefaultHttpResponse(decodeResult: success, version: HTTP/1.1)
HTTP/1.1 200 OK
Content-Length: 92
Content-Type: application/json; charset=utf-8
cache-control: no-cache

18:21:11.936 [AsyncHttpClient-1-2] DEBUG org.asynchttpclient.netty.channel.ChannelManager - Adding key: http://localhost:47544 for channel [id: 0x15725c6d, L:/127.0.0.1:54222 - R:localhost/127.0.0.1:47544]
18:21:11.939 [Forwarding findChildElement on session 2110e51d6eb213971c2be95817a2ce95 to remote] DEBUG org.asynchttpclient.netty.request.NettyRequestSender - Using pooled Channel '[id: 0x15725c6d, L:/127.0.0.1:54222 - R:localhost/127.0.0.1:47544]' for 'POST' to 'http://localhost:47544/session/2110e51d6eb213971c2be95817a2ce95/element/ec40ee06-eca2-478f-b97a-d238774720d9/element'
18:21:11.940 [Forwarding findChildElement on session 2110e51d6eb213971c2be95817a2ce95 to remote] DEBUG org.asynchttpclient.netty.request.NettyRequestSender - Using open Channel [id: 0x15725c6d, L:/127.0.0.1:54222 - R:localhost/127.0.0.1:47544] for POST '/session/2110e51d6eb213971c2be95817a2ce95/element/ec40ee06-eca2-478f-b97a-d238774720d9/element'
18:21:12.153 [AsyncHttpClient-1-2] DEBUG org.asynchttpclient.netty.handler.HttpHandler - 

Request DefaultHttpRequest(decodeResult: success, version: HTTP/1.1)
POST /session/2110e51d6eb213971c2be95817a2ce95/element/ec40ee06-eca2-478f-b97a-d238774720d9/element HTTP/1.1
User-Agent: selenium/4.5.3 (java mac)
Content-Length: 106
Content-Type: application/json; charset=utf-8
host: localhost:47544
accept: */*

Response DefaultHttpResponse(decodeResult: success, version: HTTP/1.1)
HTTP/1.1 200 OK
Content-Length: 88
Content-Type: application/json; charset=utf-8
cache-control: no-cache

18:21:12.154 [AsyncHttpClient-1-2] DEBUG org.asynchttpclient.netty.channel.ChannelManager - Adding key: http://localhost:47544 for channel [id: 0x15725c6d, L:/127.0.0.1:54222 - R:localhost/127.0.0.1:47544]
18:21:12.155 [Forwarding getElementText on session 2110e51d6eb213971c2be95817a2ce95 to remote] DEBUG org.asynchttpclient.netty.request.NettyRequestSender - Using pooled Channel '[id: 0x15725c6d, L:/127.0.0.1:54222 - R:localhost/127.0.0.1:47544]' for 'GET' to 'http://localhost:47544/session/2110e51d6eb213971c2be95817a2ce95/element/b5f3d1f5-4b4e-4ebc-950f-f9b6cdf4dc52/text'
18:21:12.156 [Forwarding getElementText on session 2110e51d6eb213971c2be95817a2ce95 to remote] DEBUG org.asynchttpclient.netty.request.NettyRequestSender - Using open Channel [id: 0x15725c6d, L:/127.0.0.1:54222 - R:localhost/127.0.0.1:47544] for GET '/session/2110e51d6eb213971c2be95817a2ce95/element/b5f3d1f5-4b4e-4ebc-950f-f9b6cdf4dc52/text'
18:21:12.209 [AsyncHttpClient-1-1] DEBUG org.asynchttpclient.netty.channel.DefaultChannelPool - Entry count for : http://localhost:54225 : 1
18:21:12.268 [AsyncHttpClient-1-2] DEBUG org.asynchttpclient.netty.handler.HttpHandler - 

Request DefaultFullHttpRequest(decodeResult: success, version: HTTP/1.1, content: EmptyByteBufBE)
GET /session/2110e51d6eb213971c2be95817a2ce95/element/b5f3d1f5-4b4e-4ebc-950f-f9b6cdf4dc52/text HTTP/1.1
User-Agent: selenium/4.5.3 (java mac)
Cache-Control: no-cache
Content-Type: application/json; charset=utf-8
host: localhost:47544
accept: */*

Response DefaultHttpResponse(decodeResult: success, version: HTTP/1.1)
HTTP/1.1 200 OK
Content-Length: 19
Content-Type: application/json; charset=utf-8
cache-control: no-cache

18:21:12.268 [AsyncHttpClient-1-2] DEBUG org.asynchttpclient.netty.channel.ChannelManager - Adding key: http://localhost:47544 for channel [id: 0x15725c6d, L:/127.0.0.1:54222 - R:localhost/127.0.0.1:47544]
18:21:12.270 [Forwarding findChildElement on session 2110e51d6eb213971c2be95817a2ce95 to remote] DEBUG org.asynchttpclient.netty.request.NettyRequestSender - Using pooled Channel '[id: 0x15725c6d, L:/127.0.0.1:54222 - R:localhost/127.0.0.1:47544]' for 'POST' to 'http://localhost:47544/session/2110e51d6eb213971c2be95817a2ce95/element/94487347-a95b-4bf2-9c72-a475dd04b723/element'
18:21:12.271 [Forwarding findChildElement on session 2110e51d6eb213971c2be95817a2ce95 to remote] DEBUG org.asynchttpclient.netty.request.NettyRequestSender - Using open Channel [id: 0x15725c6d, L:/127.0.0.1:54222 - R:localhost/127.0.0.1:47544] for POST '/session/2110e51d6eb213971c2be95817a2ce95/element/94487347-a95b-4bf2-9c72-a475dd04b723/element'
18:21:12.315 [AsyncHttpClient-1-2] DEBUG org.asynchttpclient.netty.handler.HttpHandler - 

Request DefaultHttpRequest(decodeResult: success, version: HTTP/1.1)
POST /session/2110e51d6eb213971c2be95817a2ce95/element/94487347-a95b-4bf2-9c72-a475dd04b723/element HTTP/1.1
User-Agent: selenium/4.5.3 (java mac)
Content-Length: 106
Content-Type: application/json; charset=utf-8
host: localhost:47544
accept: */*

Response DefaultHttpResponse(decodeResult: success, version: HTTP/1.1)
HTTP/1.1 200 OK
Content-Length: 88
Content-Type: application/json; charset=utf-8
cache-control: no-cache

18:21:12.316 [AsyncHttpClient-1-2] DEBUG org.asynchttpclient.netty.channel.ChannelManager - Adding key: http://localhost:47544 for channel [id: 0x15725c6d, L:/127.0.0.1:54222 - R:localhost/127.0.0.1:47544]
18:21:12.316 [Forwarding getElementText on session 2110e51d6eb213971c2be95817a2ce95 to remote] DEBUG org.asynchttpclient.netty.request.NettyRequestSender - Using pooled Channel '[id: 0x15725c6d, L:/127.0.0.1:54222 - R:localhost/127.0.0.1:47544]' for 'GET' to 'http://localhost:47544/session/2110e51d6eb213971c2be95817a2ce95/element/2c2043aa-ccd4-436c-b4ed-61a411ed4723/text'
18:21:12.317 [Forwarding getElementText on session 2110e51d6eb213971c2be95817a2ce95 to remote] DEBUG org.asynchttpclient.netty.request.NettyRequestSender - Using open Channel [id: 0x15725c6d, L:/127.0.0.1:54222 - R:localhost/127.0.0.1:47544] for GET '/session/2110e51d6eb213971c2be95817a2ce95/element/2c2043aa-ccd4-436c-b4ed-61a411ed4723/text'
18:21:12.337 [AsyncHttpClient-1-2] DEBUG org.asynchttpclient.netty.handler.HttpHandler - 

Request DefaultFullHttpRequest(decodeResult: success, version: HTTP/1.1, content: EmptyByteBufBE)
GET /session/2110e51d6eb213971c2be95817a2ce95/element/2c2043aa-ccd4-436c-b4ed-61a411ed4723/text HTTP/1.1
User-Agent: selenium/4.5.3 (java mac)
Cache-Control: no-cache
Content-Type: application/json; charset=utf-8
host: localhost:47544
accept: */*

Response DefaultHttpResponse(decodeResult: success, version: HTTP/1.1)
HTTP/1.1 200 OK
Content-Length: 76
Content-Type: application/json; charset=utf-8
cache-control: no-cache

18:21:12.338 [AsyncHttpClient-1-2] DEBUG org.asynchttpclient.netty.channel.ChannelManager - Adding key: http://localhost:47544 for channel [id: 0x15725c6d, L:/127.0.0.1:54222 - R:localhost/127.0.0.1:47544]
18:21:12.339 [Forwarding findChildElement on session 2110e51d6eb213971c2be95817a2ce95 to remote] DEBUG org.asynchttpclient.netty.request.NettyRequestSender - Using pooled Channel '[id: 0x15725c6d, L:/127.0.0.1:54222 - R:localhost/127.0.0.1:47544]' for 'POST' to 'http://localhost:47544/session/2110e51d6eb213971c2be95817a2ce95/element/94487347-a95b-4bf2-9c72-a475dd04b723/element'
18:21:12.339 [Forwarding findChildElement on session 2110e51d6eb213971c2be95817a2ce95 to remote] DEBUG org.asynchttpclient.netty.request.NettyRequestSender - Using open Channel [id: 0x15725c6d, L:/127.0.0.1:54222 - R:localhost/127.0.0.1:47544] for POST '/session/2110e51d6eb213971c2be95817a2ce95/element/94487347-a95b-4bf2-9c72-a475dd04b723/element'
18:21:12.414 [AsyncHttpClient-1-2] DEBUG org.asynchttpclient.netty.handler.HttpHandler - 

Request DefaultHttpRequest(decodeResult: success, version: HTTP/1.1)
POST /session/2110e51d6eb213971c2be95817a2ce95/element/94487347-a95b-4bf2-9c72-a475dd04b723/element HTTP/1.1
User-Agent: selenium/4.5.3 (java mac)
Content-Length: 106
Content-Type: application/json; charset=utf-8
host: localhost:47544
accept: */*

Response DefaultHttpResponse(decodeResult: success, version: HTTP/1.1)
HTTP/1.1 200 OK
Content-Length: 88
Content-Type: application/json; charset=utf-8
cache-control: no-cache

18:21:12.414 [AsyncHttpClient-1-2] DEBUG org.asynchttpclient.netty.channel.ChannelManager - Adding key: http://localhost:47544 for channel [id: 0x15725c6d, L:/127.0.0.1:54222 - R:localhost/127.0.0.1:47544]
18:21:12.415 [Forwarding getElementText on session 2110e51d6eb213971c2be95817a2ce95 to remote] DEBUG org.asynchttpclient.netty.request.NettyRequestSender - Using pooled Channel '[id: 0x15725c6d, L:/127.0.0.1:54222 - R:localhost/127.0.0.1:47544]' for 'GET' to 'http://localhost:47544/session/2110e51d6eb213971c2be95817a2ce95/element/6e5213aa-e585-40ac-be00-4b722cf297ea/text'
18:21:12.415 [Forwarding getElementText on session 2110e51d6eb213971c2be95817a2ce95 to remote] DEBUG org.asynchttpclient.netty.request.NettyRequestSender - Using open Channel [id: 0x15725c6d, L:/127.0.0.1:54222 - R:localhost/127.0.0.1:47544] for GET '/session/2110e51d6eb213971c2be95817a2ce95/element/6e5213aa-e585-40ac-be00-4b722cf297ea/text'
18:21:12.486 [AsyncHttpClient-1-2] DEBUG org.asynchttpclient.netty.handler.HttpHandler - 

Request DefaultFullHttpRequest(decodeResult: success, version: HTTP/1.1, content: EmptyByteBufBE)
GET /session/2110e51d6eb213971c2be95817a2ce95/element/6e5213aa-e585-40ac-be00-4b722cf297ea/text HTTP/1.1
User-Agent: selenium/4.5.3 (java mac)
Cache-Control: no-cache
Content-Type: application/json; charset=utf-8
host: localhost:47544
accept: */*

Response DefaultHttpResponse(decodeResult: success, version: HTTP/1.1)
HTTP/1.1 200 OK
Content-Length: 19
Content-Type: application/json; charset=utf-8
cache-control: no-cache

18:21:12.486 [AsyncHttpClient-1-2] DEBUG org.asynchttpclient.netty.channel.ChannelManager - Adding key: http://localhost:47544 for channel [id: 0x15725c6d, L:/127.0.0.1:54222 - R:localhost/127.0.0.1:47544]
18:21:12.488 [Forwarding findChildElement on session 2110e51d6eb213971c2be95817a2ce95 to remote] DEBUG org.asynchttpclient.netty.request.NettyRequestSender - Using pooled Channel '[id: 0x15725c6d, L:/127.0.0.1:54222 - R:localhost/127.0.0.1:47544]' for 'POST' to 'http://localhost:47544/session/2110e51d6eb213971c2be95817a2ce95/element/a204cc59-58cf-4b38-b744-d4687002f3d3/element'
18:21:12.488 [Forwarding findChildElement on session 2110e51d6eb213971c2be95817a2ce95 to remote] DEBUG org.asynchttpclient.netty.request.NettyRequestSender - Using open Channel [id: 0x15725c6d, L:/127.0.0.1:54222 - R:localhost/127.0.0.1:47544] for POST '/session/2110e51d6eb213971c2be95817a2ce95/element/a204cc59-58cf-4b38-b744-d4687002f3d3/element'
18:21:12.601 [AsyncHttpClient-1-2] DEBUG org.asynchttpclient.netty.handler.HttpHandler - 

Request DefaultHttpRequest(decodeResult: success, version: HTTP/1.1)
POST /session/2110e51d6eb213971c2be95817a2ce95/element/a204cc59-58cf-4b38-b744-d4687002f3d3/element HTTP/1.1
User-Agent: selenium/4.5.3 (java mac)
Content-Length: 106
Content-Type: application/json; charset=utf-8
host: localhost:47544
accept: */*

Response DefaultHttpResponse(decodeResult: success, version: HTTP/1.1)
HTTP/1.1 200 OK
Content-Length: 88
Content-Type: application/json; charset=utf-8
cache-control: no-cache

18:21:12.601 [AsyncHttpClient-1-2] DEBUG org.asynchttpclient.netty.channel.ChannelManager - Adding key: http://localhost:47544 for channel [id: 0x15725c6d, L:/127.0.0.1:54222 - R:localhost/127.0.0.1:47544]
18:21:12.602 [Forwarding getElementText on session 2110e51d6eb213971c2be95817a2ce95 to remote] DEBUG org.asynchttpclient.netty.request.NettyRequestSender - Using pooled Channel '[id: 0x15725c6d, L:/127.0.0.1:54222 - R:localhost/127.0.0.1:47544]' for 'GET' to 'http://localhost:47544/session/2110e51d6eb213971c2be95817a2ce95/element/eed89d8a-6b68-41c7-97df-5c75a600a898/text'
18:21:12.602 [Forwarding getElementText on session 2110e51d6eb213971c2be95817a2ce95 to remote] DEBUG org.asynchttpclient.netty.request.NettyRequestSender - Using open Channel [id: 0x15725c6d, L:/127.0.0.1:54222 - R:localhost/127.0.0.1:47544] for GET '/session/2110e51d6eb213971c2be95817a2ce95/element/eed89d8a-6b68-41c7-97df-5c75a600a898/text'
18:21:12.641 [AsyncHttpClient-1-2] DEBUG org.asynchttpclient.netty.handler.HttpHandler - 

Request DefaultFullHttpRequest(decodeResult: success, version: HTTP/1.1, content: EmptyByteBufBE)
GET /session/2110e51d6eb213971c2be95817a2ce95/element/eed89d8a-6b68-41c7-97df-5c75a600a898/text HTTP/1.1
User-Agent: selenium/4.5.3 (java mac)
Cache-Control: no-cache
Content-Type: application/json; charset=utf-8
host: localhost:47544
accept: */*

Response DefaultHttpResponse(decodeResult: success, version: HTTP/1.1)
HTTP/1.1 200 OK
Content-Length: 81
Content-Type: application/json; charset=utf-8
cache-control: no-cache

18:21:12.642 [AsyncHttpClient-1-2] DEBUG org.asynchttpclient.netty.channel.ChannelManager - Adding key: http://localhost:47544 for channel [id: 0x15725c6d, L:/127.0.0.1:54222 - R:localhost/127.0.0.1:47544]
18:21:12.643 [Forwarding findChildElement on session 2110e51d6eb213971c2be95817a2ce95 to remote] DEBUG org.asynchttpclient.netty.request.NettyRequestSender - Using pooled Channel '[id: 0x15725c6d, L:/127.0.0.1:54222 - R:localhost/127.0.0.1:47544]' for 'POST' to 'http://localhost:47544/session/2110e51d6eb213971c2be95817a2ce95/element/a204cc59-58cf-4b38-b744-d4687002f3d3/element'
18:21:12.643 [Forwarding findChildElement on session 2110e51d6eb213971c2be95817a2ce95 to remote] DEBUG org.asynchttpclient.netty.request.NettyRequestSender - Using open Channel [id: 0x15725c6d, L:/127.0.0.1:54222 - R:localhost/127.0.0.1:47544] for POST '/session/2110e51d6eb213971c2be95817a2ce95/element/a204cc59-58cf-4b38-b744-d4687002f3d3/element'
18:21:12.678 [AsyncHttpClient-1-2] DEBUG org.asynchttpclient.netty.handler.HttpHandler - 

Request DefaultHttpRequest(decodeResult: success, version: HTTP/1.1)
POST /session/2110e51d6eb213971c2be95817a2ce95/element/a204cc59-58cf-4b38-b744-d4687002f3d3/element HTTP/1.1
User-Agent: selenium/4.5.3 (java mac)
Content-Length: 106
Content-Type: application/json; charset=utf-8
host: localhost:47544
accept: */*

Response DefaultHttpResponse(decodeResult: success, version: HTTP/1.1)
HTTP/1.1 200 OK
Content-Length: 88
Content-Type: application/json; charset=utf-8
cache-control: no-cache

18:21:12.679 [AsyncHttpClient-1-2] DEBUG org.asynchttpclient.netty.channel.ChannelManager - Adding key: http://localhost:47544 for channel [id: 0x15725c6d, L:/127.0.0.1:54222 - R:localhost/127.0.0.1:47544]
18:21:12.681 [Forwarding getElementText on session 2110e51d6eb213971c2be95817a2ce95 to remote] DEBUG org.asynchttpclient.netty.request.NettyRequestSender - Using pooled Channel '[id: 0x15725c6d, L:/127.0.0.1:54222 - R:localhost/127.0.0.1:47544]' for 'GET' to 'http://localhost:47544/session/2110e51d6eb213971c2be95817a2ce95/element/eac350e8-06ec-49d8-9893-3b2b668e790e/text'
18:21:12.682 [Forwarding getElementText on session 2110e51d6eb213971c2be95817a2ce95 to remote] DEBUG org.asynchttpclient.netty.request.NettyRequestSender - Using open Channel [id: 0x15725c6d, L:/127.0.0.1:54222 - R:localhost/127.0.0.1:47544] for GET '/session/2110e51d6eb213971c2be95817a2ce95/element/eac350e8-06ec-49d8-9893-3b2b668e790e/text'
18:21:12.774 [AsyncHttpClient-1-2] DEBUG org.asynchttpclient.netty.handler.HttpHandler - 

Request DefaultFullHttpRequest(decodeResult: success, version: HTTP/1.1, content: EmptyByteBufBE)
GET /session/2110e51d6eb213971c2be95817a2ce95/element/eac350e8-06ec-49d8-9893-3b2b668e790e/text HTTP/1.1
User-Agent: selenium/4.5.3 (java mac)
Cache-Control: no-cache
Content-Type: application/json; charset=utf-8
host: localhost:47544
accept: */*

Response DefaultHttpResponse(decodeResult: success, version: HTTP/1.1)
HTTP/1.1 200 OK
Content-Length: 19
Content-Type: application/json; charset=utf-8
cache-control: no-cache

18:21:12.775 [AsyncHttpClient-1-2] DEBUG org.asynchttpclient.netty.channel.ChannelManager - Adding key: http://localhost:47544 for channel [id: 0x15725c6d, L:/127.0.0.1:54222 - R:localhost/127.0.0.1:47544]
18:21:12.777 [Forwarding findChildElement on session 2110e51d6eb213971c2be95817a2ce95 to remote] DEBUG org.asynchttpclient.netty.request.NettyRequestSender - Using pooled Channel '[id: 0x15725c6d, L:/127.0.0.1:54222 - R:localhost/127.0.0.1:47544]' for 'POST' to 'http://localhost:47544/session/2110e51d6eb213971c2be95817a2ce95/element/9506a269-e837-4266-b566-f6320780b3ea/element'
18:21:12.777 [Forwarding findChildElement on session 2110e51d6eb213971c2be95817a2ce95 to remote] DEBUG org.asynchttpclient.netty.request.NettyRequestSender - Using open Channel [id: 0x15725c6d, L:/127.0.0.1:54222 - R:localhost/127.0.0.1:47544] for POST '/session/2110e51d6eb213971c2be95817a2ce95/element/9506a269-e837-4266-b566-f6320780b3ea/element'
18:21:12.822 [AsyncHttpClient-1-2] DEBUG org.asynchttpclient.netty.handler.HttpHandler - 

Request DefaultHttpRequest(decodeResult: success, version: HTTP/1.1)
POST /session/2110e51d6eb213971c2be95817a2ce95/element/9506a269-e837-4266-b566-f6320780b3ea/element HTTP/1.1
User-Agent: selenium/4.5.3 (java mac)
Content-Length: 106
Content-Type: application/json; charset=utf-8
host: localhost:47544
accept: */*

Response DefaultHttpResponse(decodeResult: success, version: HTTP/1.1)
HTTP/1.1 200 OK
Content-Length: 88
Content-Type: application/json; charset=utf-8
cache-control: no-cache

18:21:12.823 [AsyncHttpClient-1-2] DEBUG org.asynchttpclient.netty.channel.ChannelManager - Adding key: http://localhost:47544 for channel [id: 0x15725c6d, L:/127.0.0.1:54222 - R:localhost/127.0.0.1:47544]
18:21:12.826 [Forwarding getElementText on session 2110e51d6eb213971c2be95817a2ce95 to remote] DEBUG org.asynchttpclient.netty.request.NettyRequestSender - Using pooled Channel '[id: 0x15725c6d, L:/127.0.0.1:54222 - R:localhost/127.0.0.1:47544]' for 'GET' to 'http://localhost:47544/session/2110e51d6eb213971c2be95817a2ce95/element/c993c21c-26cc-43a4-a553-469d740b4062/text'
18:21:12.826 [Forwarding getElementText on session 2110e51d6eb213971c2be95817a2ce95 to remote] DEBUG org.asynchttpclient.netty.request.NettyRequestSender - Using open Channel [id: 0x15725c6d, L:/127.0.0.1:54222 - R:localhost/127.0.0.1:47544] for GET '/session/2110e51d6eb213971c2be95817a2ce95/element/c993c21c-26cc-43a4-a553-469d740b4062/text'
18:21:13.312 [AsyncHttpClient-1-1] DEBUG org.asynchttpclient.netty.channel.DefaultChannelPool - Entry count for : http://localhost:54225 : 1
18:21:13.387 [AsyncHttpClient-1-2] DEBUG org.asynchttpclient.netty.handler.HttpHandler - 

Request DefaultFullHttpRequest(decodeResult: success, version: HTTP/1.1, content: EmptyByteBufBE)
GET /session/2110e51d6eb213971c2be95817a2ce95/element/c993c21c-26cc-43a4-a553-469d740b4062/text HTTP/1.1
User-Agent: selenium/4.5.3 (java mac)
Cache-Control: no-cache
Content-Type: application/json; charset=utf-8
host: localhost:47544
accept: */*

Response DefaultHttpResponse(decodeResult: success, version: HTTP/1.1)
HTTP/1.1 200 OK
Content-Length: 72
Content-Type: application/json; charset=utf-8
cache-control: no-cache

18:21:13.387 [AsyncHttpClient-1-2] DEBUG org.asynchttpclient.netty.channel.ChannelManager - Adding key: http://localhost:47544 for channel [id: 0x15725c6d, L:/127.0.0.1:54222 - R:localhost/127.0.0.1:47544]
18:21:13.390 [Forwarding findChildElement on session 2110e51d6eb213971c2be95817a2ce95 to remote] DEBUG org.asynchttpclient.netty.request.NettyRequestSender - Using pooled Channel '[id: 0x15725c6d, L:/127.0.0.1:54222 - R:localhost/127.0.0.1:47544]' for 'POST' to 'http://localhost:47544/session/2110e51d6eb213971c2be95817a2ce95/element/9506a269-e837-4266-b566-f6320780b3ea/element'
18:21:13.390 [Forwarding findChildElement on session 2110e51d6eb213971c2be95817a2ce95 to remote] DEBUG org.asynchttpclient.netty.request.NettyRequestSender - Using open Channel [id: 0x15725c6d, L:/127.0.0.1:54222 - R:localhost/127.0.0.1:47544] for POST '/session/2110e51d6eb213971c2be95817a2ce95/element/9506a269-e837-4266-b566-f6320780b3ea/element'
18:21:13.568 [AsyncHttpClient-1-2] DEBUG org.asynchttpclient.netty.handler.HttpHandler - 

Request DefaultHttpRequest(decodeResult: success, version: HTTP/1.1)
POST /session/2110e51d6eb213971c2be95817a2ce95/element/9506a269-e837-4266-b566-f6320780b3ea/element HTTP/1.1
User-Agent: selenium/4.5.3 (java mac)
Content-Length: 106
Content-Type: application/json; charset=utf-8
host: localhost:47544
accept: */*

Response DefaultHttpResponse(decodeResult: success, version: HTTP/1.1)
HTTP/1.1 200 OK
Content-Length: 88
Content-Type: application/json; charset=utf-8
cache-control: no-cache

18:21:13.568 [AsyncHttpClient-1-2] DEBUG org.asynchttpclient.netty.channel.ChannelManager - Adding key: http://localhost:47544 for channel [id: 0x15725c6d, L:/127.0.0.1:54222 - R:localhost/127.0.0.1:47544]
18:21:13.569 [Forwarding getElementText on session 2110e51d6eb213971c2be95817a2ce95 to remote] DEBUG org.asynchttpclient.netty.request.NettyRequestSender - Using pooled Channel '[id: 0x15725c6d, L:/127.0.0.1:54222 - R:localhost/127.0.0.1:47544]' for 'GET' to 'http://localhost:47544/session/2110e51d6eb213971c2be95817a2ce95/element/1a529682-2554-4239-be0b-9f2c0576a029/text'
18:21:13.570 [Forwarding getElementText on session 2110e51d6eb213971c2be95817a2ce95 to remote] DEBUG org.asynchttpclient.netty.request.NettyRequestSender - Using open Channel [id: 0x15725c6d, L:/127.0.0.1:54222 - R:localhost/127.0.0.1:47544] for GET '/session/2110e51d6eb213971c2be95817a2ce95/element/1a529682-2554-4239-be0b-9f2c0576a029/text'
18:21:14.007 [AsyncHttpClient-1-2] DEBUG org.asynchttpclient.netty.handler.HttpHandler - 

Request DefaultFullHttpRequest(decodeResult: success, version: HTTP/1.1, content: EmptyByteBufBE)
GET /session/2110e51d6eb213971c2be95817a2ce95/element/1a529682-2554-4239-be0b-9f2c0576a029/text HTTP/1.1
User-Agent: selenium/4.5.3 (java mac)
Cache-Control: no-cache
Content-Type: application/json; charset=utf-8
host: localhost:47544
accept: */*

Response DefaultHttpResponse(decodeResult: success, version: HTTP/1.1)
HTTP/1.1 200 OK
Content-Length: 19
Content-Type: application/json; charset=utf-8
cache-control: no-cache

18:21:14.007 [AsyncHttpClient-1-2] DEBUG org.asynchttpclient.netty.channel.ChannelManager - Adding key: http://localhost:47544 for channel [id: 0x15725c6d, L:/127.0.0.1:54222 - R:localhost/127.0.0.1:47544]
18:21:14.009 [Forwarding findChildElement on session 2110e51d6eb213971c2be95817a2ce95 to remote] DEBUG org.asynchttpclient.netty.request.NettyRequestSender - Using pooled Channel '[id: 0x15725c6d, L:/127.0.0.1:54222 - R:localhost/127.0.0.1:47544]' for 'POST' to 'http://localhost:47544/session/2110e51d6eb213971c2be95817a2ce95/element/6b990b00-0fab-4840-9a72-1eedc041d210/element'
18:21:14.010 [Forwarding findChildElement on session 2110e51d6eb213971c2be95817a2ce95 to remote] DEBUG org.asynchttpclient.netty.request.NettyRequestSender - Using open Channel [id: 0x15725c6d, L:/127.0.0.1:54222 - R:localhost/127.0.0.1:47544] for POST '/session/2110e51d6eb213971c2be95817a2ce95/element/6b990b00-0fab-4840-9a72-1eedc041d210/element'
18:21:14.239 [AsyncHttpClient-1-2] DEBUG org.asynchttpclient.netty.handler.HttpHandler - 

Request DefaultHttpRequest(decodeResult: success, version: HTTP/1.1)
POST /session/2110e51d6eb213971c2be95817a2ce95/element/6b990b00-0fab-4840-9a72-1eedc041d210/element HTTP/1.1
User-Agent: selenium/4.5.3 (java mac)
Content-Length: 106
Content-Type: application/json; charset=utf-8
host: localhost:47544
accept: */*

Response DefaultHttpResponse(decodeResult: success, version: HTTP/1.1)
HTTP/1.1 200 OK
Content-Length: 88
Content-Type: application/json; charset=utf-8
cache-control: no-cache

18:21:14.239 [AsyncHttpClient-1-2] DEBUG org.asynchttpclient.netty.channel.ChannelManager - Adding key: http://localhost:47544 for channel [id: 0x15725c6d, L:/127.0.0.1:54222 - R:localhost/127.0.0.1:47544]
18:21:14.240 [Forwarding getElementText on session 2110e51d6eb213971c2be95817a2ce95 to remote] DEBUG org.asynchttpclient.netty.request.NettyRequestSender - Using pooled Channel '[id: 0x15725c6d, L:/127.0.0.1:54222 - R:localhost/127.0.0.1:47544]' for 'GET' to 'http://localhost:47544/session/2110e51d6eb213971c2be95817a2ce95/element/42cc7f2d-2e0c-405b-8fb9-2eec09959fd7/text'
18:21:14.240 [Forwarding getElementText on session 2110e51d6eb213971c2be95817a2ce95 to remote] DEBUG org.asynchttpclient.netty.request.NettyRequestSender - Using open Channel [id: 0x15725c6d, L:/127.0.0.1:54222 - R:localhost/127.0.0.1:47544] for GET '/session/2110e51d6eb213971c2be95817a2ce95/element/42cc7f2d-2e0c-405b-8fb9-2eec09959fd7/text'
18:21:14.400 [AsyncHttpClient-1-2] DEBUG org.asynchttpclient.netty.handler.HttpHandler - 

Request DefaultFullHttpRequest(decodeResult: success, version: HTTP/1.1, content: EmptyByteBufBE)
GET /session/2110e51d6eb213971c2be95817a2ce95/element/42cc7f2d-2e0c-405b-8fb9-2eec09959fd7/text HTTP/1.1
User-Agent: selenium/4.5.3 (java mac)
Cache-Control: no-cache
Content-Type: application/json; charset=utf-8
host: localhost:47544
accept: */*

Response DefaultHttpResponse(decodeResult: success, version: HTTP/1.1)
HTTP/1.1 200 OK
Content-Length: 91
Content-Type: application/json; charset=utf-8
cache-control: no-cache

18:21:14.400 [AsyncHttpClient-1-2] DEBUG org.asynchttpclient.netty.channel.ChannelManager - Adding key: http://localhost:47544 for channel [id: 0x15725c6d, L:/127.0.0.1:54222 - R:localhost/127.0.0.1:47544]
18:21:14.401 [Forwarding findChildElement on session 2110e51d6eb213971c2be95817a2ce95 to remote] DEBUG org.asynchttpclient.netty.request.NettyRequestSender - Using pooled Channel '[id: 0x15725c6d, L:/127.0.0.1:54222 - R:localhost/127.0.0.1:47544]' for 'POST' to 'http://localhost:47544/session/2110e51d6eb213971c2be95817a2ce95/element/6b990b00-0fab-4840-9a72-1eedc041d210/element'
18:21:14.402 [Forwarding findChildElement on session 2110e51d6eb213971c2be95817a2ce95 to remote] DEBUG org.asynchttpclient.netty.request.NettyRequestSender - Using open Channel [id: 0x15725c6d, L:/127.0.0.1:54222 - R:localhost/127.0.0.1:47544] for POST '/session/2110e51d6eb213971c2be95817a2ce95/element/6b990b00-0fab-4840-9a72-1eedc041d210/element'
18:21:14.410 [AsyncHttpClient-1-1] DEBUG org.asynchttpclient.netty.channel.DefaultChannelPool - Entry count for : http://localhost:54225 : 1
18:21:14.457 [AsyncHttpClient-1-2] DEBUG org.asynchttpclient.netty.handler.HttpHandler - 

Request DefaultHttpRequest(decodeResult: success, version: HTTP/1.1)
POST /session/2110e51d6eb213971c2be95817a2ce95/element/6b990b00-0fab-4840-9a72-1eedc041d210/element HTTP/1.1
User-Agent: selenium/4.5.3 (java mac)
Content-Length: 106
Content-Type: application/json; charset=utf-8
host: localhost:47544
accept: */*

Response DefaultHttpResponse(decodeResult: success, version: HTTP/1.1)
HTTP/1.1 200 OK
Content-Length: 88
Content-Type: application/json; charset=utf-8
cache-control: no-cache

18:21:14.457 [AsyncHttpClient-1-2] DEBUG org.asynchttpclient.netty.channel.ChannelManager - Adding key: http://localhost:47544 for channel [id: 0x15725c6d, L:/127.0.0.1:54222 - R:localhost/127.0.0.1:47544]
18:21:14.459 [Forwarding getElementText on session 2110e51d6eb213971c2be95817a2ce95 to remote] DEBUG org.asynchttpclient.netty.request.NettyRequestSender - Using pooled Channel '[id: 0x15725c6d, L:/127.0.0.1:54222 - R:localhost/127.0.0.1:47544]' for 'GET' to 'http://localhost:47544/session/2110e51d6eb213971c2be95817a2ce95/element/8289e9ed-3c75-4063-94f3-006ca553f936/text'
18:21:14.459 [Forwarding getElementText on session 2110e51d6eb213971c2be95817a2ce95 to remote] DEBUG org.asynchttpclient.netty.request.NettyRequestSender - Using open Channel [id: 0x15725c6d, L:/127.0.0.1:54222 - R:localhost/127.0.0.1:47544] for GET '/session/2110e51d6eb213971c2be95817a2ce95/element/8289e9ed-3c75-4063-94f3-006ca553f936/text'
18:21:14.573 [AsyncHttpClient-1-2] DEBUG org.asynchttpclient.netty.handler.HttpHandler - 

Request DefaultFullHttpRequest(decodeResult: success, version: HTTP/1.1, content: EmptyByteBufBE)
GET /session/2110e51d6eb213971c2be95817a2ce95/element/8289e9ed-3c75-4063-94f3-006ca553f936/text HTTP/1.1
User-Agent: selenium/4.5.3 (java mac)
Cache-Control: no-cache
Content-Type: application/json; charset=utf-8
host: localhost:47544
accept: */*

Response DefaultHttpResponse(decodeResult: success, version: HTTP/1.1)
HTTP/1.1 200 OK
Content-Length: 19
Content-Type: application/json; charset=utf-8
cache-control: no-cache

18:21:14.573 [AsyncHttpClient-1-2] DEBUG org.asynchttpclient.netty.channel.ChannelManager - Adding key: http://localhost:47544 for channel [id: 0x15725c6d, L:/127.0.0.1:54222 - R:localhost/127.0.0.1:47544]
18:21:14.576 [Forwarding findChildElement on session 2110e51d6eb213971c2be95817a2ce95 to remote] DEBUG org.asynchttpclient.netty.request.NettyRequestSender - Using pooled Channel '[id: 0x15725c6d, L:/127.0.0.1:54222 - R:localhost/127.0.0.1:47544]' for 'POST' to 'http://localhost:47544/session/2110e51d6eb213971c2be95817a2ce95/element/eca90d87-bb22-444b-9048-d4a772b1c18f/element'
18:21:14.576 [Forwarding findChildElement on session 2110e51d6eb213971c2be95817a2ce95 to remote] DEBUG org.asynchttpclient.netty.request.NettyRequestSender - Using open Channel [id: 0x15725c6d, L:/127.0.0.1:54222 - R:localhost/127.0.0.1:47544] for POST '/session/2110e51d6eb213971c2be95817a2ce95/element/eca90d87-bb22-444b-9048-d4a772b1c18f/element'
18:21:14.725 [AsyncHttpClient-1-2] DEBUG org.asynchttpclient.netty.handler.HttpHandler - 

Request DefaultHttpRequest(decodeResult: success, version: HTTP/1.1)
POST /session/2110e51d6eb213971c2be95817a2ce95/element/eca90d87-bb22-444b-9048-d4a772b1c18f/element HTTP/1.1
User-Agent: selenium/4.5.3 (java mac)
Content-Length: 106
Content-Type: application/json; charset=utf-8
host: localhost:47544
accept: */*

Response DefaultHttpResponse(decodeResult: success, version: HTTP/1.1)
HTTP/1.1 200 OK
Content-Length: 88
Content-Type: application/json; charset=utf-8
cache-control: no-cache

18:21:14.726 [AsyncHttpClient-1-2] DEBUG org.asynchttpclient.netty.channel.ChannelManager - Adding key: http://localhost:47544 for channel [id: 0x15725c6d, L:/127.0.0.1:54222 - R:localhost/127.0.0.1:47544]
18:21:14.727 [Forwarding getElementText on session 2110e51d6eb213971c2be95817a2ce95 to remote] DEBUG org.asynchttpclient.netty.request.NettyRequestSender - Using pooled Channel '[id: 0x15725c6d, L:/127.0.0.1:54222 - R:localhost/127.0.0.1:47544]' for 'GET' to 'http://localhost:47544/session/2110e51d6eb213971c2be95817a2ce95/element/bb981ccb-21e8-44f7-b7da-b0e64f671922/text'
18:21:14.727 [Forwarding getElementText on session 2110e51d6eb213971c2be95817a2ce95 to remote] DEBUG org.asynchttpclient.netty.request.NettyRequestSender - Using open Channel [id: 0x15725c6d, L:/127.0.0.1:54222 - R:localhost/127.0.0.1:47544] for GET '/session/2110e51d6eb213971c2be95817a2ce95/element/bb981ccb-21e8-44f7-b7da-b0e64f671922/text'
18:21:14.742 [AsyncHttpClient-1-2] DEBUG org.asynchttpclient.netty.handler.HttpHandler - 

Request DefaultFullHttpRequest(decodeResult: success, version: HTTP/1.1, content: EmptyByteBufBE)
GET /session/2110e51d6eb213971c2be95817a2ce95/element/bb981ccb-21e8-44f7-b7da-b0e64f671922/text HTTP/1.1
User-Agent: selenium/4.5.3 (java mac)
Cache-Control: no-cache
Content-Type: application/json; charset=utf-8
host: localhost:47544
accept: */*

Response DefaultHttpResponse(decodeResult: success, version: HTTP/1.1)
HTTP/1.1 200 OK
Content-Length: 91
Content-Type: application/json; charset=utf-8
cache-control: no-cache

18:21:14.742 [AsyncHttpClient-1-2] DEBUG org.asynchttpclient.netty.channel.ChannelManager - Adding key: http://localhost:47544 for channel [id: 0x15725c6d, L:/127.0.0.1:54222 - R:localhost/127.0.0.1:47544]
18:21:14.744 [Forwarding findChildElement on session 2110e51d6eb213971c2be95817a2ce95 to remote] DEBUG org.asynchttpclient.netty.request.NettyRequestSender - Using pooled Channel '[id: 0x15725c6d, L:/127.0.0.1:54222 - R:localhost/127.0.0.1:47544]' for 'POST' to 'http://localhost:47544/session/2110e51d6eb213971c2be95817a2ce95/element/eca90d87-bb22-444b-9048-d4a772b1c18f/element'
18:21:14.744 [Forwarding findChildElement on session 2110e51d6eb213971c2be95817a2ce95 to remote] DEBUG org.asynchttpclient.netty.request.NettyRequestSender - Using open Channel [id: 0x15725c6d, L:/127.0.0.1:54222 - R:localhost/127.0.0.1:47544] for POST '/session/2110e51d6eb213971c2be95817a2ce95/element/eca90d87-bb22-444b-9048-d4a772b1c18f/element'
18:21:14.775 [AsyncHttpClient-1-2] DEBUG org.asynchttpclient.netty.handler.HttpHandler - 

Request DefaultHttpRequest(decodeResult: success, version: HTTP/1.1)
POST /session/2110e51d6eb213971c2be95817a2ce95/element/eca90d87-bb22-444b-9048-d4a772b1c18f/element HTTP/1.1
User-Agent: selenium/4.5.3 (java mac)
Content-Length: 106
Content-Type: application/json; charset=utf-8
host: localhost:47544
accept: */*

Response DefaultHttpResponse(decodeResult: success, version: HTTP/1.1)
HTTP/1.1 200 OK
Content-Length: 88
Content-Type: application/json; charset=utf-8
cache-control: no-cache

18:21:14.777 [AsyncHttpClient-1-2] DEBUG org.asynchttpclient.netty.channel.ChannelManager - Adding key: http://localhost:47544 for channel [id: 0x15725c6d, L:/127.0.0.1:54222 - R:localhost/127.0.0.1:47544]
18:21:14.782 [Forwarding getElementText on session 2110e51d6eb213971c2be95817a2ce95 to remote] DEBUG org.asynchttpclient.netty.request.NettyRequestSender - Using pooled Channel '[id: 0x15725c6d, L:/127.0.0.1:54222 - R:localhost/127.0.0.1:47544]' for 'GET' to 'http://localhost:47544/session/2110e51d6eb213971c2be95817a2ce95/element/540d6701-e464-4196-8346-4e77e93241dd/text'
18:21:14.782 [Forwarding getElementText on session 2110e51d6eb213971c2be95817a2ce95 to remote] DEBUG org.asynchttpclient.netty.request.NettyRequestSender - Using open Channel [id: 0x15725c6d, L:/127.0.0.1:54222 - R:localhost/127.0.0.1:47544] for GET '/session/2110e51d6eb213971c2be95817a2ce95/element/540d6701-e464-4196-8346-4e77e93241dd/text'
18:21:14.797 [AsyncHttpClient-1-2] DEBUG org.asynchttpclient.netty.handler.HttpHandler - 

Request DefaultFullHttpRequest(decodeResult: success, version: HTTP/1.1, content: EmptyByteBufBE)
GET /session/2110e51d6eb213971c2be95817a2ce95/element/540d6701-e464-4196-8346-4e77e93241dd/text HTTP/1.1
User-Agent: selenium/4.5.3 (java mac)
Cache-Control: no-cache
Content-Type: application/json; charset=utf-8
host: localhost:47544
accept: */*

Response DefaultHttpResponse(decodeResult: success, version: HTTP/1.1)
HTTP/1.1 200 OK
Content-Length: 19
Content-Type: application/json; charset=utf-8
cache-control: no-cache

18:21:14.798 [AsyncHttpClient-1-2] DEBUG org.asynchttpclient.netty.channel.ChannelManager - Adding key: http://localhost:47544 for channel [id: 0x15725c6d, L:/127.0.0.1:54222 - R:localhost/127.0.0.1:47544]
18:21:14.807 [Forwarding findChildElement on session 2110e51d6eb213971c2be95817a2ce95 to remote] DEBUG org.asynchttpclient.netty.request.NettyRequestSender - Using pooled Channel '[id: 0x15725c6d, L:/127.0.0.1:54222 - R:localhost/127.0.0.1:47544]' for 'POST' to 'http://localhost:47544/session/2110e51d6eb213971c2be95817a2ce95/element/91e54ec0-9e2d-4662-96b1-bdb0ba08eaf2/element'
18:21:14.808 [Forwarding findChildElement on session 2110e51d6eb213971c2be95817a2ce95 to remote] DEBUG org.asynchttpclient.netty.request.NettyRequestSender - Using open Channel [id: 0x15725c6d, L:/127.0.0.1:54222 - R:localhost/127.0.0.1:47544] for POST '/session/2110e51d6eb213971c2be95817a2ce95/element/91e54ec0-9e2d-4662-96b1-bdb0ba08eaf2/element'
18:21:14.846 [AsyncHttpClient-1-2] DEBUG org.asynchttpclient.netty.handler.HttpHandler - 

Request DefaultHttpRequest(decodeResult: success, version: HTTP/1.1)
POST /session/2110e51d6eb213971c2be95817a2ce95/element/91e54ec0-9e2d-4662-96b1-bdb0ba08eaf2/element HTTP/1.1
User-Agent: selenium/4.5.3 (java mac)
Content-Length: 106
Content-Type: application/json; charset=utf-8
host: localhost:47544
accept: */*

Response DefaultHttpResponse(decodeResult: success, version: HTTP/1.1)
HTTP/1.1 200 OK
Content-Length: 88
Content-Type: application/json; charset=utf-8
cache-control: no-cache

18:21:14.846 [AsyncHttpClient-1-2] DEBUG org.asynchttpclient.netty.channel.ChannelManager - Adding key: http://localhost:47544 for channel [id: 0x15725c6d, L:/127.0.0.1:54222 - R:localhost/127.0.0.1:47544]
18:21:14.848 [Forwarding getElementText on session 2110e51d6eb213971c2be95817a2ce95 to remote] DEBUG org.asynchttpclient.netty.request.NettyRequestSender - Using pooled Channel '[id: 0x15725c6d, L:/127.0.0.1:54222 - R:localhost/127.0.0.1:47544]' for 'GET' to 'http://localhost:47544/session/2110e51d6eb213971c2be95817a2ce95/element/0399ae64-e695-4203-a515-05b09504e981/text'
18:21:14.849 [Forwarding getElementText on session 2110e51d6eb213971c2be95817a2ce95 to remote] DEBUG org.asynchttpclient.netty.request.NettyRequestSender - Using open Channel [id: 0x15725c6d, L:/127.0.0.1:54222 - R:localhost/127.0.0.1:47544] for GET '/session/2110e51d6eb213971c2be95817a2ce95/element/0399ae64-e695-4203-a515-05b09504e981/text'
18:21:14.984 [AsyncHttpClient-1-2] DEBUG org.asynchttpclient.netty.handler.HttpHandler - 

Request DefaultFullHttpRequest(decodeResult: success, version: HTTP/1.1, content: EmptyByteBufBE)
GET /session/2110e51d6eb213971c2be95817a2ce95/element/0399ae64-e695-4203-a515-05b09504e981/text HTTP/1.1
User-Agent: selenium/4.5.3 (java mac)
Cache-Control: no-cache
Content-Type: application/json; charset=utf-8
host: localhost:47544
accept: */*

Response DefaultHttpResponse(decodeResult: success, version: HTTP/1.1)
HTTP/1.1 200 OK
Content-Length: 81
Content-Type: application/json; charset=utf-8
cache-control: no-cache

18:21:14.984 [AsyncHttpClient-1-2] DEBUG org.asynchttpclient.netty.channel.ChannelManager - Adding key: http://localhost:47544 for channel [id: 0x15725c6d, L:/127.0.0.1:54222 - R:localhost/127.0.0.1:47544]
18:21:14.986 [Forwarding findChildElement on session 2110e51d6eb213971c2be95817a2ce95 to remote] DEBUG org.asynchttpclient.netty.request.NettyRequestSender - Using pooled Channel '[id: 0x15725c6d, L:/127.0.0.1:54222 - R:localhost/127.0.0.1:47544]' for 'POST' to 'http://localhost:47544/session/2110e51d6eb213971c2be95817a2ce95/element/91e54ec0-9e2d-4662-96b1-bdb0ba08eaf2/element'
18:21:14.987 [Forwarding findChildElement on session 2110e51d6eb213971c2be95817a2ce95 to remote] DEBUG org.asynchttpclient.netty.request.NettyRequestSender - Using open Channel [id: 0x15725c6d, L:/127.0.0.1:54222 - R:localhost/127.0.0.1:47544] for POST '/session/2110e51d6eb213971c2be95817a2ce95/element/91e54ec0-9e2d-4662-96b1-bdb0ba08eaf2/element'
18:21:15.039 [AsyncHttpClient-1-2] DEBUG org.asynchttpclient.netty.handler.HttpHandler - 

Request DefaultHttpRequest(decodeResult: success, version: HTTP/1.1)
POST /session/2110e51d6eb213971c2be95817a2ce95/element/91e54ec0-9e2d-4662-96b1-bdb0ba08eaf2/element HTTP/1.1
User-Agent: selenium/4.5.3 (java mac)
Content-Length: 106
Content-Type: application/json; charset=utf-8
host: localhost:47544
accept: */*

Response DefaultHttpResponse(decodeResult: success, version: HTTP/1.1)
HTTP/1.1 200 OK
Content-Length: 88
Content-Type: application/json; charset=utf-8
cache-control: no-cache

18:21:15.040 [AsyncHttpClient-1-2] DEBUG org.asynchttpclient.netty.channel.ChannelManager - Adding key: http://localhost:47544 for channel [id: 0x15725c6d, L:/127.0.0.1:54222 - R:localhost/127.0.0.1:47544]
18:21:15.041 [Forwarding getElementText on session 2110e51d6eb213971c2be95817a2ce95 to remote] DEBUG org.asynchttpclient.netty.request.NettyRequestSender - Using pooled Channel '[id: 0x15725c6d, L:/127.0.0.1:54222 - R:localhost/127.0.0.1:47544]' for 'GET' to 'http://localhost:47544/session/2110e51d6eb213971c2be95817a2ce95/element/9ca6fde4-52dc-4276-a4d5-f913f6e7643b/text'
18:21:15.042 [Forwarding getElementText on session 2110e51d6eb213971c2be95817a2ce95 to remote] DEBUG org.asynchttpclient.netty.request.NettyRequestSender - Using open Channel [id: 0x15725c6d, L:/127.0.0.1:54222 - R:localhost/127.0.0.1:47544] for GET '/session/2110e51d6eb213971c2be95817a2ce95/element/9ca6fde4-52dc-4276-a4d5-f913f6e7643b/text'
18:21:15.088 [AsyncHttpClient-1-2] DEBUG org.asynchttpclient.netty.handler.HttpHandler - 

Request DefaultFullHttpRequest(decodeResult: success, version: HTTP/1.1, content: EmptyByteBufBE)
GET /session/2110e51d6eb213971c2be95817a2ce95/element/9ca6fde4-52dc-4276-a4d5-f913f6e7643b/text HTTP/1.1
User-Agent: selenium/4.5.3 (java mac)
Cache-Control: no-cache
Content-Type: application/json; charset=utf-8
host: localhost:47544
accept: */*

Response DefaultHttpResponse(decodeResult: success, version: HTTP/1.1)
HTTP/1.1 200 OK
Content-Length: 19
Content-Type: application/json; charset=utf-8
cache-control: no-cache

18:21:15.088 [AsyncHttpClient-1-2] DEBUG org.asynchttpclient.netty.channel.ChannelManager - Adding key: http://localhost:47544 for channel [id: 0x15725c6d, L:/127.0.0.1:54222 - R:localhost/127.0.0.1:47544]
18:21:15.090 [Forwarding findChildElement on session 2110e51d6eb213971c2be95817a2ce95 to remote] DEBUG org.asynchttpclient.netty.request.NettyRequestSender - Using pooled Channel '[id: 0x15725c6d, L:/127.0.0.1:54222 - R:localhost/127.0.0.1:47544]' for 'POST' to 'http://localhost:47544/session/2110e51d6eb213971c2be95817a2ce95/element/a865ea8a-2cf6-4d39-8914-7ef217ee2e5d/element'
18:21:15.090 [Forwarding findChildElement on session 2110e51d6eb213971c2be95817a2ce95 to remote] DEBUG org.asynchttpclient.netty.request.NettyRequestSender - Using open Channel [id: 0x15725c6d, L:/127.0.0.1:54222 - R:localhost/127.0.0.1:47544] for POST '/session/2110e51d6eb213971c2be95817a2ce95/element/a865ea8a-2cf6-4d39-8914-7ef217ee2e5d/element'
18:21:15.169 [AsyncHttpClient-1-2] DEBUG org.asynchttpclient.netty.handler.HttpHandler - 

Request DefaultHttpRequest(decodeResult: success, version: HTTP/1.1)
POST /session/2110e51d6eb213971c2be95817a2ce95/element/a865ea8a-2cf6-4d39-8914-7ef217ee2e5d/element HTTP/1.1
User-Agent: selenium/4.5.3 (java mac)
Content-Length: 106
Content-Type: application/json; charset=utf-8
host: localhost:47544
accept: */*

Response DefaultHttpResponse(decodeResult: success, version: HTTP/1.1)
HTTP/1.1 200 OK
Content-Length: 88
Content-Type: application/json; charset=utf-8
cache-control: no-cache

18:21:15.169 [AsyncHttpClient-1-2] DEBUG org.asynchttpclient.netty.channel.ChannelManager - Adding key: http://localhost:47544 for channel [id: 0x15725c6d, L:/127.0.0.1:54222 - R:localhost/127.0.0.1:47544]
18:21:15.171 [Forwarding getElementText on session 2110e51d6eb213971c2be95817a2ce95 to remote] DEBUG org.asynchttpclient.netty.request.NettyRequestSender - Using pooled Channel '[id: 0x15725c6d, L:/127.0.0.1:54222 - R:localhost/127.0.0.1:47544]' for 'GET' to 'http://localhost:47544/session/2110e51d6eb213971c2be95817a2ce95/element/38056ff2-135e-4007-b3fc-7c6995d40621/text'
18:21:15.171 [Forwarding getElementText on session 2110e51d6eb213971c2be95817a2ce95 to remote] DEBUG org.asynchttpclient.netty.request.NettyRequestSender - Using open Channel [id: 0x15725c6d, L:/127.0.0.1:54222 - R:localhost/127.0.0.1:47544] for GET '/session/2110e51d6eb213971c2be95817a2ce95/element/38056ff2-135e-4007-b3fc-7c6995d40621/text'
18:21:15.289 [AsyncHttpClient-1-2] DEBUG org.asynchttpclient.netty.handler.HttpHandler - 

Request DefaultFullHttpRequest(decodeResult: success, version: HTTP/1.1, content: EmptyByteBufBE)
GET /session/2110e51d6eb213971c2be95817a2ce95/element/38056ff2-135e-4007-b3fc-7c6995d40621/text HTTP/1.1
User-Agent: selenium/4.5.3 (java mac)
Cache-Control: no-cache
Content-Type: application/json; charset=utf-8
host: localhost:47544
accept: */*

Response DefaultHttpResponse(decodeResult: success, version: HTTP/1.1)
HTTP/1.1 200 OK
Content-Length: 80
Content-Type: application/json; charset=utf-8
cache-control: no-cache

18:21:15.289 [AsyncHttpClient-1-2] DEBUG org.asynchttpclient.netty.channel.ChannelManager - Adding key: http://localhost:47544 for channel [id: 0x15725c6d, L:/127.0.0.1:54222 - R:localhost/127.0.0.1:47544]
18:21:15.290 [Forwarding findChildElement on session 2110e51d6eb213971c2be95817a2ce95 to remote] DEBUG org.asynchttpclient.netty.request.NettyRequestSender - Using pooled Channel '[id: 0x15725c6d, L:/127.0.0.1:54222 - R:localhost/127.0.0.1:47544]' for 'POST' to 'http://localhost:47544/session/2110e51d6eb213971c2be95817a2ce95/element/a865ea8a-2cf6-4d39-8914-7ef217ee2e5d/element'
18:21:15.290 [Forwarding findChildElement on session 2110e51d6eb213971c2be95817a2ce95 to remote] DEBUG org.asynchttpclient.netty.request.NettyRequestSender - Using open Channel [id: 0x15725c6d, L:/127.0.0.1:54222 - R:localhost/127.0.0.1:47544] for POST '/session/2110e51d6eb213971c2be95817a2ce95/element/a865ea8a-2cf6-4d39-8914-7ef217ee2e5d/element'
18:21:15.398 [AsyncHttpClient-1-2] DEBUG org.asynchttpclient.netty.handler.HttpHandler - 

Request DefaultHttpRequest(decodeResult: success, version: HTTP/1.1)
POST /session/2110e51d6eb213971c2be95817a2ce95/element/a865ea8a-2cf6-4d39-8914-7ef217ee2e5d/element HTTP/1.1
User-Agent: selenium/4.5.3 (java mac)
Content-Length: 106
Content-Type: application/json; charset=utf-8
host: localhost:47544
accept: */*

Response DefaultHttpResponse(decodeResult: success, version: HTTP/1.1)
HTTP/1.1 200 OK
Content-Length: 88
Content-Type: application/json; charset=utf-8
cache-control: no-cache

18:21:15.399 [AsyncHttpClient-1-2] DEBUG org.asynchttpclient.netty.channel.ChannelManager - Adding key: http://localhost:47544 for channel [id: 0x15725c6d, L:/127.0.0.1:54222 - R:localhost/127.0.0.1:47544]
18:21:15.400 [Forwarding getElementText on session 2110e51d6eb213971c2be95817a2ce95 to remote] DEBUG org.asynchttpclient.netty.request.NettyRequestSender - Using pooled Channel '[id: 0x15725c6d, L:/127.0.0.1:54222 - R:localhost/127.0.0.1:47544]' for 'GET' to 'http://localhost:47544/session/2110e51d6eb213971c2be95817a2ce95/element/f057c9d4-78a4-4d6a-8409-c175bd392320/text'
18:21:15.400 [Forwarding getElementText on session 2110e51d6eb213971c2be95817a2ce95 to remote] DEBUG org.asynchttpclient.netty.request.NettyRequestSender - Using open Channel [id: 0x15725c6d, L:/127.0.0.1:54222 - R:localhost/127.0.0.1:47544] for GET '/session/2110e51d6eb213971c2be95817a2ce95/element/f057c9d4-78a4-4d6a-8409-c175bd392320/text'
18:21:15.446 [AsyncHttpClient-1-2] DEBUG org.asynchttpclient.netty.handler.HttpHandler - 

Request DefaultFullHttpRequest(decodeResult: success, version: HTTP/1.1, content: EmptyByteBufBE)
GET /session/2110e51d6eb213971c2be95817a2ce95/element/f057c9d4-78a4-4d6a-8409-c175bd392320/text HTTP/1.1
User-Agent: selenium/4.5.3 (java mac)
Cache-Control: no-cache
Content-Type: application/json; charset=utf-8
host: localhost:47544
accept: */*

Response DefaultHttpResponse(decodeResult: success, version: HTTP/1.1)
HTTP/1.1 200 OK
Content-Length: 19
Content-Type: application/json; charset=utf-8
cache-control: no-cache

18:21:15.446 [AsyncHttpClient-1-2] DEBUG org.asynchttpclient.netty.channel.ChannelManager - Adding key: http://localhost:47544 for channel [id: 0x15725c6d, L:/127.0.0.1:54222 - R:localhost/127.0.0.1:47544]
18:21:15.449 [Forwarding findChildElement on session 2110e51d6eb213971c2be95817a2ce95 to remote] DEBUG org.asynchttpclient.netty.request.NettyRequestSender - Using pooled Channel '[id: 0x15725c6d, L:/127.0.0.1:54222 - R:localhost/127.0.0.1:47544]' for 'POST' to 'http://localhost:47544/session/2110e51d6eb213971c2be95817a2ce95/element/69fc74f2-c3ab-4a98-95f3-42375290f2b0/element'
18:21:15.449 [Forwarding findChildElement on session 2110e51d6eb213971c2be95817a2ce95 to remote] DEBUG org.asynchttpclient.netty.request.NettyRequestSender - Using open Channel [id: 0x15725c6d, L:/127.0.0.1:54222 - R:localhost/127.0.0.1:47544] for POST '/session/2110e51d6eb213971c2be95817a2ce95/element/69fc74f2-c3ab-4a98-95f3-42375290f2b0/element'
18:21:15.509 [AsyncHttpClient-1-1] DEBUG org.asynchttpclient.netty.channel.DefaultChannelPool - Entry count for : http://localhost:54225 : 1
18:21:15.737 [AsyncHttpClient-1-2] DEBUG org.asynchttpclient.netty.handler.HttpHandler - 

Request DefaultHttpRequest(decodeResult: success, version: HTTP/1.1)
POST /session/2110e51d6eb213971c2be95817a2ce95/element/69fc74f2-c3ab-4a98-95f3-42375290f2b0/element HTTP/1.1
User-Agent: selenium/4.5.3 (java mac)
Content-Length: 106
Content-Type: application/json; charset=utf-8
host: localhost:47544
accept: */*

Response DefaultHttpResponse(decodeResult: success, version: HTTP/1.1)
HTTP/1.1 200 OK
Content-Length: 88
Content-Type: application/json; charset=utf-8
cache-control: no-cache

18:21:15.738 [AsyncHttpClient-1-2] DEBUG org.asynchttpclient.netty.channel.ChannelManager - Adding key: http://localhost:47544 for channel [id: 0x15725c6d, L:/127.0.0.1:54222 - R:localhost/127.0.0.1:47544]
18:21:15.739 [Forwarding getElementText on session 2110e51d6eb213971c2be95817a2ce95 to remote] DEBUG org.asynchttpclient.netty.request.NettyRequestSender - Using pooled Channel '[id: 0x15725c6d, L:/127.0.0.1:54222 - R:localhost/127.0.0.1:47544]' for 'GET' to 'http://localhost:47544/session/2110e51d6eb213971c2be95817a2ce95/element/05d38225-91e8-4f1c-8c2c-e9e45f405fd5/text'
18:21:15.739 [Forwarding getElementText on session 2110e51d6eb213971c2be95817a2ce95 to remote] DEBUG org.asynchttpclient.netty.request.NettyRequestSender - Using open Channel [id: 0x15725c6d, L:/127.0.0.1:54222 - R:localhost/127.0.0.1:47544] for GET '/session/2110e51d6eb213971c2be95817a2ce95/element/05d38225-91e8-4f1c-8c2c-e9e45f405fd5/text'
18:21:15.788 [AsyncHttpClient-1-2] DEBUG org.asynchttpclient.netty.handler.HttpHandler - 

Request DefaultFullHttpRequest(decodeResult: success, version: HTTP/1.1, content: EmptyByteBufBE)
GET /session/2110e51d6eb213971c2be95817a2ce95/element/05d38225-91e8-4f1c-8c2c-e9e45f405fd5/text HTTP/1.1
User-Agent: selenium/4.5.3 (java mac)
Cache-Control: no-cache
Content-Type: application/json; charset=utf-8
host: localhost:47544
accept: */*

Response DefaultHttpResponse(decodeResult: success, version: HTTP/1.1)
HTTP/1.1 200 OK
Content-Length: 66
Content-Type: application/json; charset=utf-8
cache-control: no-cache

18:21:15.788 [AsyncHttpClient-1-2] DEBUG org.asynchttpclient.netty.channel.ChannelManager - Adding key: http://localhost:47544 for channel [id: 0x15725c6d, L:/127.0.0.1:54222 - R:localhost/127.0.0.1:47544]
18:21:15.794 [Forwarding findChildElement on session 2110e51d6eb213971c2be95817a2ce95 to remote] DEBUG org.asynchttpclient.netty.request.NettyRequestSender - Using pooled Channel '[id: 0x15725c6d, L:/127.0.0.1:54222 - R:localhost/127.0.0.1:47544]' for 'POST' to 'http://localhost:47544/session/2110e51d6eb213971c2be95817a2ce95/element/69fc74f2-c3ab-4a98-95f3-42375290f2b0/element'
18:21:15.794 [Forwarding findChildElement on session 2110e51d6eb213971c2be95817a2ce95 to remote] DEBUG org.asynchttpclient.netty.request.NettyRequestSender - Using open Channel [id: 0x15725c6d, L:/127.0.0.1:54222 - R:localhost/127.0.0.1:47544] for POST '/session/2110e51d6eb213971c2be95817a2ce95/element/69fc74f2-c3ab-4a98-95f3-42375290f2b0/element'
18:21:15.823 [AsyncHttpClient-1-2] DEBUG org.asynchttpclient.netty.handler.HttpHandler - 

Request DefaultHttpRequest(decodeResult: success, version: HTTP/1.1)
POST /session/2110e51d6eb213971c2be95817a2ce95/element/69fc74f2-c3ab-4a98-95f3-42375290f2b0/element HTTP/1.1
User-Agent: selenium/4.5.3 (java mac)
Content-Length: 106
Content-Type: application/json; charset=utf-8
host: localhost:47544
accept: */*

Response DefaultHttpResponse(decodeResult: success, version: HTTP/1.1)
HTTP/1.1 200 OK
Content-Length: 88
Content-Type: application/json; charset=utf-8
cache-control: no-cache

18:21:15.823 [AsyncHttpClient-1-2] DEBUG org.asynchttpclient.netty.channel.ChannelManager - Adding key: http://localhost:47544 for channel [id: 0x15725c6d, L:/127.0.0.1:54222 - R:localhost/127.0.0.1:47544]
18:21:15.825 [Forwarding getElementText on session 2110e51d6eb213971c2be95817a2ce95 to remote] DEBUG org.asynchttpclient.netty.request.NettyRequestSender - Using pooled Channel '[id: 0x15725c6d, L:/127.0.0.1:54222 - R:localhost/127.0.0.1:47544]' for 'GET' to 'http://localhost:47544/session/2110e51d6eb213971c2be95817a2ce95/element/02cb2d11-69d3-4713-9c60-ec66758f2c7c/text'
18:21:15.825 [Forwarding getElementText on session 2110e51d6eb213971c2be95817a2ce95 to remote] DEBUG org.asynchttpclient.netty.request.NettyRequestSender - Using open Channel [id: 0x15725c6d, L:/127.0.0.1:54222 - R:localhost/127.0.0.1:47544] for GET '/session/2110e51d6eb213971c2be95817a2ce95/element/02cb2d11-69d3-4713-9c60-ec66758f2c7c/text'
18:21:16.067 [AsyncHttpClient-1-2] DEBUG org.asynchttpclient.netty.handler.HttpHandler - 

Request DefaultFullHttpRequest(decodeResult: success, version: HTTP/1.1, content: EmptyByteBufBE)
GET /session/2110e51d6eb213971c2be95817a2ce95/element/02cb2d11-69d3-4713-9c60-ec66758f2c7c/text HTTP/1.1
User-Agent: selenium/4.5.3 (java mac)
Cache-Control: no-cache
Content-Type: application/json; charset=utf-8
host: localhost:47544
accept: */*

Response DefaultHttpResponse(decodeResult: success, version: HTTP/1.1)
HTTP/1.1 200 OK
Content-Length: 19
Content-Type: application/json; charset=utf-8
cache-control: no-cache

18:21:16.067 [AsyncHttpClient-1-2] DEBUG org.asynchttpclient.netty.channel.ChannelManager - Adding key: http://localhost:47544 for channel [id: 0x15725c6d, L:/127.0.0.1:54222 - R:localhost/127.0.0.1:47544]
18:21:16.069 [Forwarding findChildElement on session 2110e51d6eb213971c2be95817a2ce95 to remote] DEBUG org.asynchttpclient.netty.request.NettyRequestSender - Using pooled Channel '[id: 0x15725c6d, L:/127.0.0.1:54222 - R:localhost/127.0.0.1:47544]' for 'POST' to 'http://localhost:47544/session/2110e51d6eb213971c2be95817a2ce95/element/329bdf0b-60e0-4125-9ade-b9ac81b4cfe4/element'
18:21:16.069 [Forwarding findChildElement on session 2110e51d6eb213971c2be95817a2ce95 to remote] DEBUG org.asynchttpclient.netty.request.NettyRequestSender - Using open Channel [id: 0x15725c6d, L:/127.0.0.1:54222 - R:localhost/127.0.0.1:47544] for POST '/session/2110e51d6eb213971c2be95817a2ce95/element/329bdf0b-60e0-4125-9ade-b9ac81b4cfe4/element'
18:21:16.186 [AsyncHttpClient-1-2] DEBUG org.asynchttpclient.netty.handler.HttpHandler - 

Request DefaultHttpRequest(decodeResult: success, version: HTTP/1.1)
POST /session/2110e51d6eb213971c2be95817a2ce95/element/329bdf0b-60e0-4125-9ade-b9ac81b4cfe4/element HTTP/1.1
User-Agent: selenium/4.5.3 (java mac)
Content-Length: 106
Content-Type: application/json; charset=utf-8
host: localhost:47544
accept: */*

Response DefaultHttpResponse(decodeResult: success, version: HTTP/1.1)
HTTP/1.1 200 OK
Content-Length: 88
Content-Type: application/json; charset=utf-8
cache-control: no-cache

18:21:16.186 [AsyncHttpClient-1-2] DEBUG org.asynchttpclient.netty.channel.ChannelManager - Adding key: http://localhost:47544 for channel [id: 0x15725c6d, L:/127.0.0.1:54222 - R:localhost/127.0.0.1:47544]
18:21:16.189 [Forwarding getElementText on session 2110e51d6eb213971c2be95817a2ce95 to remote] DEBUG org.asynchttpclient.netty.request.NettyRequestSender - Using pooled Channel '[id: 0x15725c6d, L:/127.0.0.1:54222 - R:localhost/127.0.0.1:47544]' for 'GET' to 'http://localhost:47544/session/2110e51d6eb213971c2be95817a2ce95/element/41fb84c7-fed3-40b0-ac06-0d28e691e074/text'
18:21:16.189 [Forwarding getElementText on session 2110e51d6eb213971c2be95817a2ce95 to remote] DEBUG org.asynchttpclient.netty.request.NettyRequestSender - Using open Channel [id: 0x15725c6d, L:/127.0.0.1:54222 - R:localhost/127.0.0.1:47544] for GET '/session/2110e51d6eb213971c2be95817a2ce95/element/41fb84c7-fed3-40b0-ac06-0d28e691e074/text'
18:21:16.219 [AsyncHttpClient-1-2] DEBUG org.asynchttpclient.netty.handler.HttpHandler - 

Request DefaultFullHttpRequest(decodeResult: success, version: HTTP/1.1, content: EmptyByteBufBE)
GET /session/2110e51d6eb213971c2be95817a2ce95/element/41fb84c7-fed3-40b0-ac06-0d28e691e074/text HTTP/1.1
User-Agent: selenium/4.5.3 (java mac)
Cache-Control: no-cache
Content-Type: application/json; charset=utf-8
host: localhost:47544
accept: */*

Response DefaultHttpResponse(decodeResult: success, version: HTTP/1.1)
HTTP/1.1 200 OK
Content-Length: 92
Content-Type: application/json; charset=utf-8
cache-control: no-cache

18:21:16.219 [AsyncHttpClient-1-2] DEBUG org.asynchttpclient.netty.channel.ChannelManager - Adding key: http://localhost:47544 for channel [id: 0x15725c6d, L:/127.0.0.1:54222 - R:localhost/127.0.0.1:47544]
18:21:16.223 [Forwarding findChildElement on session 2110e51d6eb213971c2be95817a2ce95 to remote] DEBUG org.asynchttpclient.netty.request.NettyRequestSender - Using pooled Channel '[id: 0x15725c6d, L:/127.0.0.1:54222 - R:localhost/127.0.0.1:47544]' for 'POST' to 'http://localhost:47544/session/2110e51d6eb213971c2be95817a2ce95/element/329bdf0b-60e0-4125-9ade-b9ac81b4cfe4/element'
18:21:16.223 [Forwarding findChildElement on session 2110e51d6eb213971c2be95817a2ce95 to remote] DEBUG org.asynchttpclient.netty.request.NettyRequestSender - Using open Channel [id: 0x15725c6d, L:/127.0.0.1:54222 - R:localhost/127.0.0.1:47544] for POST '/session/2110e51d6eb213971c2be95817a2ce95/element/329bdf0b-60e0-4125-9ade-b9ac81b4cfe4/element'
18:21:16.363 [AsyncHttpClient-1-2] DEBUG org.asynchttpclient.netty.handler.HttpHandler - 

Request DefaultHttpRequest(decodeResult: success, version: HTTP/1.1)
POST /session/2110e51d6eb213971c2be95817a2ce95/element/329bdf0b-60e0-4125-9ade-b9ac81b4cfe4/element HTTP/1.1
User-Agent: selenium/4.5.3 (java mac)
Content-Length: 106
Content-Type: application/json; charset=utf-8
host: localhost:47544
accept: */*

Response DefaultHttpResponse(decodeResult: success, version: HTTP/1.1)
HTTP/1.1 200 OK
Content-Length: 88
Content-Type: application/json; charset=utf-8
cache-control: no-cache

18:21:16.363 [AsyncHttpClient-1-2] DEBUG org.asynchttpclient.netty.channel.ChannelManager - Adding key: http://localhost:47544 for channel [id: 0x15725c6d, L:/127.0.0.1:54222 - R:localhost/127.0.0.1:47544]
18:21:16.364 [Forwarding getElementText on session 2110e51d6eb213971c2be95817a2ce95 to remote] DEBUG org.asynchttpclient.netty.request.NettyRequestSender - Using pooled Channel '[id: 0x15725c6d, L:/127.0.0.1:54222 - R:localhost/127.0.0.1:47544]' for 'GET' to 'http://localhost:47544/session/2110e51d6eb213971c2be95817a2ce95/element/216930a6-e79b-40e5-a929-ca2ac7ee8f78/text'
18:21:16.364 [Forwarding getElementText on session 2110e51d6eb213971c2be95817a2ce95 to remote] DEBUG org.asynchttpclient.netty.request.NettyRequestSender - Using open Channel [id: 0x15725c6d, L:/127.0.0.1:54222 - R:localhost/127.0.0.1:47544] for GET '/session/2110e51d6eb213971c2be95817a2ce95/element/216930a6-e79b-40e5-a929-ca2ac7ee8f78/text'
18:21:16.434 [AsyncHttpClient-1-2] DEBUG org.asynchttpclient.netty.handler.HttpHandler - 

Request DefaultFullHttpRequest(decodeResult: success, version: HTTP/1.1, content: EmptyByteBufBE)
GET /session/2110e51d6eb213971c2be95817a2ce95/element/216930a6-e79b-40e5-a929-ca2ac7ee8f78/text HTTP/1.1
User-Agent: selenium/4.5.3 (java mac)
Cache-Control: no-cache
Content-Type: application/json; charset=utf-8
host: localhost:47544
accept: */*

Response DefaultHttpResponse(decodeResult: success, version: HTTP/1.1)
HTTP/1.1 200 OK
Content-Length: 30
Content-Type: application/json; charset=utf-8
cache-control: no-cache

18:21:16.435 [AsyncHttpClient-1-2] DEBUG org.asynchttpclient.netty.channel.ChannelManager - Adding key: http://localhost:47544 for channel [id: 0x15725c6d, L:/127.0.0.1:54222 - R:localhost/127.0.0.1:47544]
18:21:16.438 [Forwarding findChildElement on session 2110e51d6eb213971c2be95817a2ce95 to remote] DEBUG org.asynchttpclient.netty.request.NettyRequestSender - Using pooled Channel '[id: 0x15725c6d, L:/127.0.0.1:54222 - R:localhost/127.0.0.1:47544]' for 'POST' to 'http://localhost:47544/session/2110e51d6eb213971c2be95817a2ce95/element/8b89689c-27c2-4f8c-9e3b-3b6d666f6dbe/element'
18:21:16.438 [Forwarding findChildElement on session 2110e51d6eb213971c2be95817a2ce95 to remote] DEBUG org.asynchttpclient.netty.request.NettyRequestSender - Using open Channel [id: 0x15725c6d, L:/127.0.0.1:54222 - R:localhost/127.0.0.1:47544] for POST '/session/2110e51d6eb213971c2be95817a2ce95/element/8b89689c-27c2-4f8c-9e3b-3b6d666f6dbe/element'
18:21:16.538 [AsyncHttpClient-1-2] DEBUG org.asynchttpclient.netty.handler.HttpHandler - 

Request DefaultHttpRequest(decodeResult: success, version: HTTP/1.1)
POST /session/2110e51d6eb213971c2be95817a2ce95/element/8b89689c-27c2-4f8c-9e3b-3b6d666f6dbe/element HTTP/1.1
User-Agent: selenium/4.5.3 (java mac)
Content-Length: 106
Content-Type: application/json; charset=utf-8
host: localhost:47544
accept: */*

Response DefaultHttpResponse(decodeResult: success, version: HTTP/1.1)
HTTP/1.1 200 OK
Content-Length: 88
Content-Type: application/json; charset=utf-8
cache-control: no-cache

18:21:16.539 [AsyncHttpClient-1-2] DEBUG org.asynchttpclient.netty.channel.ChannelManager - Adding key: http://localhost:47544 for channel [id: 0x15725c6d, L:/127.0.0.1:54222 - R:localhost/127.0.0.1:47544]
18:21:16.540 [Forwarding getElementText on session 2110e51d6eb213971c2be95817a2ce95 to remote] DEBUG org.asynchttpclient.netty.request.NettyRequestSender - Using pooled Channel '[id: 0x15725c6d, L:/127.0.0.1:54222 - R:localhost/127.0.0.1:47544]' for 'GET' to 'http://localhost:47544/session/2110e51d6eb213971c2be95817a2ce95/element/3010cdfe-1e1d-4dd5-80cd-a87117618a51/text'
18:21:16.540 [Forwarding getElementText on session 2110e51d6eb213971c2be95817a2ce95 to remote] DEBUG org.asynchttpclient.netty.request.NettyRequestSender - Using open Channel [id: 0x15725c6d, L:/127.0.0.1:54222 - R:localhost/127.0.0.1:47544] for GET '/session/2110e51d6eb213971c2be95817a2ce95/element/3010cdfe-1e1d-4dd5-80cd-a87117618a51/text'
18:21:16.612 [AsyncHttpClient-1-1] DEBUG org.asynchttpclient.netty.channel.DefaultChannelPool - Entry count for : http://localhost:54225 : 1
18:21:16.618 [AsyncHttpClient-1-2] DEBUG org.asynchttpclient.netty.handler.HttpHandler - 

Request DefaultFullHttpRequest(decodeResult: success, version: HTTP/1.1, content: EmptyByteBufBE)
GET /session/2110e51d6eb213971c2be95817a2ce95/element/3010cdfe-1e1d-4dd5-80cd-a87117618a51/text HTTP/1.1
User-Agent: selenium/4.5.3 (java mac)
Cache-Control: no-cache
Content-Type: application/json; charset=utf-8
host: localhost:47544
accept: */*

Response DefaultHttpResponse(decodeResult: success, version: HTTP/1.1)
HTTP/1.1 200 OK
Content-Length: 58
Content-Type: application/json; charset=utf-8
cache-control: no-cache

18:21:16.619 [AsyncHttpClient-1-2] DEBUG org.asynchttpclient.netty.channel.ChannelManager - Adding key: http://localhost:47544 for channel [id: 0x15725c6d, L:/127.0.0.1:54222 - R:localhost/127.0.0.1:47544]
18:21:16.620 [Forwarding findChildElement on session 2110e51d6eb213971c2be95817a2ce95 to remote] DEBUG org.asynchttpclient.netty.request.NettyRequestSender - Using pooled Channel '[id: 0x15725c6d, L:/127.0.0.1:54222 - R:localhost/127.0.0.1:47544]' for 'POST' to 'http://localhost:47544/session/2110e51d6eb213971c2be95817a2ce95/element/8b89689c-27c2-4f8c-9e3b-3b6d666f6dbe/element'
18:21:16.621 [Forwarding findChildElement on session 2110e51d6eb213971c2be95817a2ce95 to remote] DEBUG org.asynchttpclient.netty.request.NettyRequestSender - Using open Channel [id: 0x15725c6d, L:/127.0.0.1:54222 - R:localhost/127.0.0.1:47544] for POST '/session/2110e51d6eb213971c2be95817a2ce95/element/8b89689c-27c2-4f8c-9e3b-3b6d666f6dbe/element'
18:21:16.712 [AsyncHttpClient-1-2] DEBUG org.asynchttpclient.netty.handler.HttpHandler - 

Request DefaultHttpRequest(decodeResult: success, version: HTTP/1.1)
POST /session/2110e51d6eb213971c2be95817a2ce95/element/8b89689c-27c2-4f8c-9e3b-3b6d666f6dbe/element HTTP/1.1
User-Agent: selenium/4.5.3 (java mac)
Content-Length: 106
Content-Type: application/json; charset=utf-8
host: localhost:47544
accept: */*

Response DefaultHttpResponse(decodeResult: success, version: HTTP/1.1)
HTTP/1.1 200 OK
Content-Length: 88
Content-Type: application/json; charset=utf-8
cache-control: no-cache

18:21:16.713 [AsyncHttpClient-1-2] DEBUG org.asynchttpclient.netty.channel.ChannelManager - Adding key: http://localhost:47544 for channel [id: 0x15725c6d, L:/127.0.0.1:54222 - R:localhost/127.0.0.1:47544]
18:21:16.714 [Forwarding getElementText on session 2110e51d6eb213971c2be95817a2ce95 to remote] DEBUG org.asynchttpclient.netty.request.NettyRequestSender - Using pooled Channel '[id: 0x15725c6d, L:/127.0.0.1:54222 - R:localhost/127.0.0.1:47544]' for 'GET' to 'http://localhost:47544/session/2110e51d6eb213971c2be95817a2ce95/element/dc69565b-55c1-4fdc-9ff1-46fc93ccf92a/text'
18:21:16.714 [Forwarding getElementText on session 2110e51d6eb213971c2be95817a2ce95 to remote] DEBUG org.asynchttpclient.netty.request.NettyRequestSender - Using open Channel [id: 0x15725c6d, L:/127.0.0.1:54222 - R:localhost/127.0.0.1:47544] for GET '/session/2110e51d6eb213971c2be95817a2ce95/element/dc69565b-55c1-4fdc-9ff1-46fc93ccf92a/text'
18:21:16.731 [AsyncHttpClient-1-2] DEBUG org.asynchttpclient.netty.handler.HttpHandler - 

Request DefaultFullHttpRequest(decodeResult: success, version: HTTP/1.1, content: EmptyByteBufBE)
GET /session/2110e51d6eb213971c2be95817a2ce95/element/dc69565b-55c1-4fdc-9ff1-46fc93ccf92a/text HTTP/1.1
User-Agent: selenium/4.5.3 (java mac)
Cache-Control: no-cache
Content-Type: application/json; charset=utf-8
host: localhost:47544
accept: */*

Response DefaultHttpResponse(decodeResult: success, version: HTTP/1.1)
HTTP/1.1 200 OK
Content-Length: 17
Content-Type: application/json; charset=utf-8
cache-control: no-cache

18:21:16.731 [AsyncHttpClient-1-2] DEBUG org.asynchttpclient.netty.channel.ChannelManager - Adding key: http://localhost:47544 for channel [id: 0x15725c6d, L:/127.0.0.1:54222 - R:localhost/127.0.0.1:47544]
18:21:16.733 [Forwarding findChildElement on session 2110e51d6eb213971c2be95817a2ce95 to remote] DEBUG org.asynchttpclient.netty.request.NettyRequestSender - Using pooled Channel '[id: 0x15725c6d, L:/127.0.0.1:54222 - R:localhost/127.0.0.1:47544]' for 'POST' to 'http://localhost:47544/session/2110e51d6eb213971c2be95817a2ce95/element/2f474d10-deef-43ce-b158-cb7644a74dc8/element'
18:21:16.733 [Forwarding findChildElement on session 2110e51d6eb213971c2be95817a2ce95 to remote] DEBUG org.asynchttpclient.netty.request.NettyRequestSender - Using open Channel [id: 0x15725c6d, L:/127.0.0.1:54222 - R:localhost/127.0.0.1:47544] for POST '/session/2110e51d6eb213971c2be95817a2ce95/element/2f474d10-deef-43ce-b158-cb7644a74dc8/element'
18:21:16.784 [AsyncHttpClient-1-2] DEBUG org.asynchttpclient.netty.handler.HttpHandler - 

Request DefaultHttpRequest(decodeResult: success, version: HTTP/1.1)
POST /session/2110e51d6eb213971c2be95817a2ce95/element/2f474d10-deef-43ce-b158-cb7644a74dc8/element HTTP/1.1
User-Agent: selenium/4.5.3 (java mac)
Content-Length: 106
Content-Type: application/json; charset=utf-8
host: localhost:47544
accept: */*

Response DefaultHttpResponse(decodeResult: success, version: HTTP/1.1)
HTTP/1.1 200 OK
Content-Length: 88
Content-Type: application/json; charset=utf-8
cache-control: no-cache

18:21:16.785 [AsyncHttpClient-1-2] DEBUG org.asynchttpclient.netty.channel.ChannelManager - Adding key: http://localhost:47544 for channel [id: 0x15725c6d, L:/127.0.0.1:54222 - R:localhost/127.0.0.1:47544]
18:21:16.788 [Forwarding getElementText on session 2110e51d6eb213971c2be95817a2ce95 to remote] DEBUG org.asynchttpclient.netty.request.NettyRequestSender - Using pooled Channel '[id: 0x15725c6d, L:/127.0.0.1:54222 - R:localhost/127.0.0.1:47544]' for 'GET' to 'http://localhost:47544/session/2110e51d6eb213971c2be95817a2ce95/element/cc27cdc9-0363-47f7-bd8a-003029ad3f6d/text'
18:21:16.788 [Forwarding getElementText on session 2110e51d6eb213971c2be95817a2ce95 to remote] DEBUG org.asynchttpclient.netty.request.NettyRequestSender - Using open Channel [id: 0x15725c6d, L:/127.0.0.1:54222 - R:localhost/127.0.0.1:47544] for GET '/session/2110e51d6eb213971c2be95817a2ce95/element/cc27cdc9-0363-47f7-bd8a-003029ad3f6d/text'
18:21:16.811 [AsyncHttpClient-1-2] DEBUG org.asynchttpclient.netty.handler.HttpHandler - 

Request DefaultFullHttpRequest(decodeResult: success, version: HTTP/1.1, content: EmptyByteBufBE)
GET /session/2110e51d6eb213971c2be95817a2ce95/element/cc27cdc9-0363-47f7-bd8a-003029ad3f6d/text HTTP/1.1
User-Agent: selenium/4.5.3 (java mac)
Cache-Control: no-cache
Content-Type: application/json; charset=utf-8
host: localhost:47544
accept: */*

Response DefaultHttpResponse(decodeResult: success, version: HTTP/1.1)
HTTP/1.1 200 OK
Content-Length: 68
Content-Type: application/json; charset=utf-8
cache-control: no-cache

18:21:16.812 [AsyncHttpClient-1-2] DEBUG org.asynchttpclient.netty.channel.ChannelManager - Adding key: http://localhost:47544 for channel [id: 0x15725c6d, L:/127.0.0.1:54222 - R:localhost/127.0.0.1:47544]
18:21:16.813 [Forwarding findChildElement on session 2110e51d6eb213971c2be95817a2ce95 to remote] DEBUG org.asynchttpclient.netty.request.NettyRequestSender - Using pooled Channel '[id: 0x15725c6d, L:/127.0.0.1:54222 - R:localhost/127.0.0.1:47544]' for 'POST' to 'http://localhost:47544/session/2110e51d6eb213971c2be95817a2ce95/element/2f474d10-deef-43ce-b158-cb7644a74dc8/element'
18:21:16.814 [Forwarding findChildElement on session 2110e51d6eb213971c2be95817a2ce95 to remote] DEBUG org.asynchttpclient.netty.request.NettyRequestSender - Using open Channel [id: 0x15725c6d, L:/127.0.0.1:54222 - R:localhost/127.0.0.1:47544] for POST '/session/2110e51d6eb213971c2be95817a2ce95/element/2f474d10-deef-43ce-b158-cb7644a74dc8/element'
18:21:16.827 [AsyncHttpClient-1-2] DEBUG org.asynchttpclient.netty.handler.HttpHandler - 

Request DefaultHttpRequest(decodeResult: success, version: HTTP/1.1)
POST /session/2110e51d6eb213971c2be95817a2ce95/element/2f474d10-deef-43ce-b158-cb7644a74dc8/element HTTP/1.1
User-Agent: selenium/4.5.3 (java mac)
Content-Length: 106
Content-Type: application/json; charset=utf-8
host: localhost:47544
accept: */*

Response DefaultHttpResponse(decodeResult: success, version: HTTP/1.1)
HTTP/1.1 200 OK
Content-Length: 88
Content-Type: application/json; charset=utf-8
cache-control: no-cache

18:21:16.828 [AsyncHttpClient-1-2] DEBUG org.asynchttpclient.netty.channel.ChannelManager - Adding key: http://localhost:47544 for channel [id: 0x15725c6d, L:/127.0.0.1:54222 - R:localhost/127.0.0.1:47544]
18:21:16.829 [Forwarding getElementText on session 2110e51d6eb213971c2be95817a2ce95 to remote] DEBUG org.asynchttpclient.netty.request.NettyRequestSender - Using pooled Channel '[id: 0x15725c6d, L:/127.0.0.1:54222 - R:localhost/127.0.0.1:47544]' for 'GET' to 'http://localhost:47544/session/2110e51d6eb213971c2be95817a2ce95/element/4b9dc85c-6fc7-43cb-805d-3d83d859cac1/text'
18:21:16.829 [Forwarding getElementText on session 2110e51d6eb213971c2be95817a2ce95 to remote] DEBUG org.asynchttpclient.netty.request.NettyRequestSender - Using open Channel [id: 0x15725c6d, L:/127.0.0.1:54222 - R:localhost/127.0.0.1:47544] for GET '/session/2110e51d6eb213971c2be95817a2ce95/element/4b9dc85c-6fc7-43cb-805d-3d83d859cac1/text'
18:21:16.984 [AsyncHttpClient-1-2] DEBUG org.asynchttpclient.netty.handler.HttpHandler - 

Request DefaultFullHttpRequest(decodeResult: success, version: HTTP/1.1, content: EmptyByteBufBE)
GET /session/2110e51d6eb213971c2be95817a2ce95/element/4b9dc85c-6fc7-43cb-805d-3d83d859cac1/text HTTP/1.1
User-Agent: selenium/4.5.3 (java mac)
Cache-Control: no-cache
Content-Type: application/json; charset=utf-8
host: localhost:47544
accept: */*

Response DefaultHttpResponse(decodeResult: success, version: HTTP/1.1)
HTTP/1.1 200 OK
Content-Length: 19
Content-Type: application/json; charset=utf-8
cache-control: no-cache

18:21:16.984 [AsyncHttpClient-1-2] DEBUG org.asynchttpclient.netty.channel.ChannelManager - Adding key: http://localhost:47544 for channel [id: 0x15725c6d, L:/127.0.0.1:54222 - R:localhost/127.0.0.1:47544]
18:21:16.988 [Forwarding findChildElement on session 2110e51d6eb213971c2be95817a2ce95 to remote] DEBUG org.asynchttpclient.netty.request.NettyRequestSender - Using pooled Channel '[id: 0x15725c6d, L:/127.0.0.1:54222 - R:localhost/127.0.0.1:47544]' for 'POST' to 'http://localhost:47544/session/2110e51d6eb213971c2be95817a2ce95/element/d239299f-49f4-4d4d-a553-5448643790e8/element'
18:21:16.988 [Forwarding findChildElement on session 2110e51d6eb213971c2be95817a2ce95 to remote] DEBUG org.asynchttpclient.netty.request.NettyRequestSender - Using open Channel [id: 0x15725c6d, L:/127.0.0.1:54222 - R:localhost/127.0.0.1:47544] for POST '/session/2110e51d6eb213971c2be95817a2ce95/element/d239299f-49f4-4d4d-a553-5448643790e8/element'
18:21:17.001 [AsyncHttpClient-1-2] DEBUG org.asynchttpclient.netty.handler.HttpHandler - 

Request DefaultHttpRequest(decodeResult: success, version: HTTP/1.1)
POST /session/2110e51d6eb213971c2be95817a2ce95/element/d239299f-49f4-4d4d-a553-5448643790e8/element HTTP/1.1
User-Agent: selenium/4.5.3 (java mac)
Content-Length: 106
Content-Type: application/json; charset=utf-8
host: localhost:47544
accept: */*

Response DefaultHttpResponse(decodeResult: success, version: HTTP/1.1)
HTTP/1.1 200 OK
Content-Length: 88
Content-Type: application/json; charset=utf-8
cache-control: no-cache

18:21:17.001 [AsyncHttpClient-1-2] DEBUG org.asynchttpclient.netty.channel.ChannelManager - Adding key: http://localhost:47544 for channel [id: 0x15725c6d, L:/127.0.0.1:54222 - R:localhost/127.0.0.1:47544]
18:21:17.002 [Forwarding getElementText on session 2110e51d6eb213971c2be95817a2ce95 to remote] DEBUG org.asynchttpclient.netty.request.NettyRequestSender - Using pooled Channel '[id: 0x15725c6d, L:/127.0.0.1:54222 - R:localhost/127.0.0.1:47544]' for 'GET' to 'http://localhost:47544/session/2110e51d6eb213971c2be95817a2ce95/element/1e5ce5db-4c87-4f5a-9465-7fdc57f350bf/text'
18:21:17.002 [Forwarding getElementText on session 2110e51d6eb213971c2be95817a2ce95 to remote] DEBUG org.asynchttpclient.netty.request.NettyRequestSender - Using open Channel [id: 0x15725c6d, L:/127.0.0.1:54222 - R:localhost/127.0.0.1:47544] for GET '/session/2110e51d6eb213971c2be95817a2ce95/element/1e5ce5db-4c87-4f5a-9465-7fdc57f350bf/text'
18:21:17.026 [AsyncHttpClient-1-2] DEBUG org.asynchttpclient.netty.handler.HttpHandler - 

Request DefaultFullHttpRequest(decodeResult: success, version: HTTP/1.1, content: EmptyByteBufBE)
GET /session/2110e51d6eb213971c2be95817a2ce95/element/1e5ce5db-4c87-4f5a-9465-7fdc57f350bf/text HTTP/1.1
User-Agent: selenium/4.5.3 (java mac)
Cache-Control: no-cache
Content-Type: application/json; charset=utf-8
host: localhost:47544
accept: */*

Response DefaultHttpResponse(decodeResult: success, version: HTTP/1.1)
HTTP/1.1 200 OK
Content-Length: 92
Content-Type: application/json; charset=utf-8
cache-control: no-cache

18:21:17.026 [AsyncHttpClient-1-2] DEBUG org.asynchttpclient.netty.channel.ChannelManager - Adding key: http://localhost:47544 for channel [id: 0x15725c6d, L:/127.0.0.1:54222 - R:localhost/127.0.0.1:47544]
18:21:17.028 [Forwarding findChildElement on session 2110e51d6eb213971c2be95817a2ce95 to remote] DEBUG org.asynchttpclient.netty.request.NettyRequestSender - Using pooled Channel '[id: 0x15725c6d, L:/127.0.0.1:54222 - R:localhost/127.0.0.1:47544]' for 'POST' to 'http://localhost:47544/session/2110e51d6eb213971c2be95817a2ce95/element/d239299f-49f4-4d4d-a553-5448643790e8/element'
18:21:17.028 [Forwarding findChildElement on session 2110e51d6eb213971c2be95817a2ce95 to remote] DEBUG org.asynchttpclient.netty.request.NettyRequestSender - Using open Channel [id: 0x15725c6d, L:/127.0.0.1:54222 - R:localhost/127.0.0.1:47544] for POST '/session/2110e51d6eb213971c2be95817a2ce95/element/d239299f-49f4-4d4d-a553-5448643790e8/element'
18:21:17.065 [AsyncHttpClient-1-2] DEBUG org.asynchttpclient.netty.handler.HttpHandler - 

Request DefaultHttpRequest(decodeResult: success, version: HTTP/1.1)
POST /session/2110e51d6eb213971c2be95817a2ce95/element/d239299f-49f4-4d4d-a553-5448643790e8/element HTTP/1.1
User-Agent: selenium/4.5.3 (java mac)
Content-Length: 106
Content-Type: application/json; charset=utf-8
host: localhost:47544
accept: */*

Response DefaultHttpResponse(decodeResult: success, version: HTTP/1.1)
HTTP/1.1 200 OK
Content-Length: 88
Content-Type: application/json; charset=utf-8
cache-control: no-cache

18:21:17.066 [AsyncHttpClient-1-2] DEBUG org.asynchttpclient.netty.channel.ChannelManager - Adding key: http://localhost:47544 for channel [id: 0x15725c6d, L:/127.0.0.1:54222 - R:localhost/127.0.0.1:47544]
18:21:17.070 [Forwarding getElementText on session 2110e51d6eb213971c2be95817a2ce95 to remote] DEBUG org.asynchttpclient.netty.request.NettyRequestSender - Using pooled Channel '[id: 0x15725c6d, L:/127.0.0.1:54222 - R:localhost/127.0.0.1:47544]' for 'GET' to 'http://localhost:47544/session/2110e51d6eb213971c2be95817a2ce95/element/aaf01887-bb66-4707-b544-a2b998cb2a2d/text'
18:21:17.070 [Forwarding getElementText on session 2110e51d6eb213971c2be95817a2ce95 to remote] DEBUG org.asynchttpclient.netty.request.NettyRequestSender - Using open Channel [id: 0x15725c6d, L:/127.0.0.1:54222 - R:localhost/127.0.0.1:47544] for GET '/session/2110e51d6eb213971c2be95817a2ce95/element/aaf01887-bb66-4707-b544-a2b998cb2a2d/text'
18:21:17.124 [AsyncHttpClient-1-2] DEBUG org.asynchttpclient.netty.handler.HttpHandler - 

Request DefaultFullHttpRequest(decodeResult: success, version: HTTP/1.1, content: EmptyByteBufBE)
GET /session/2110e51d6eb213971c2be95817a2ce95/element/aaf01887-bb66-4707-b544-a2b998cb2a2d/text HTTP/1.1
User-Agent: selenium/4.5.3 (java mac)
Cache-Control: no-cache
Content-Type: application/json; charset=utf-8
host: localhost:47544
accept: */*

Response DefaultHttpResponse(decodeResult: success, version: HTTP/1.1)
HTTP/1.1 200 OK
Content-Length: 30
Content-Type: application/json; charset=utf-8
cache-control: no-cache

18:21:17.124 [AsyncHttpClient-1-2] DEBUG org.asynchttpclient.netty.channel.ChannelManager - Adding key: http://localhost:47544 for channel [id: 0x15725c6d, L:/127.0.0.1:54222 - R:localhost/127.0.0.1:47544]
Execution time with Web Manager: 59636ms |	 0 minutes 59.00 seconds
18:21:17.302 [AsyncHttpClient-1-5] DEBUG org.asynchttpclient.netty.channel.NettyConnectListener - Using new Channel '[id: 0x606ef152, L:/127.0.0.1:54348 - R:localhost/127.0.0.1:41557]' for 'POST' to '/session'
18:21:17.712 [AsyncHttpClient-1-1] DEBUG org.asynchttpclient.netty.channel.DefaultChannelPool - Entry count for : http://localhost:47544 : 1
18:21:17.712 [AsyncHttpClient-1-1] DEBUG org.asynchttpclient.netty.channel.DefaultChannelPool - Entry count for : http://localhost:54225 : 1
18:21:18.814 [AsyncHttpClient-1-1] DEBUG org.asynchttpclient.netty.channel.DefaultChannelPool - Entry count for : http://localhost:47544 : 1
18:21:18.814 [AsyncHttpClient-1-1] DEBUG org.asynchttpclient.netty.channel.DefaultChannelPool - Entry count for : http://localhost:54225 : 1
18:21:19.911 [AsyncHttpClient-1-1] DEBUG org.asynchttpclient.netty.channel.DefaultChannelPool - Entry count for : http://localhost:47544 : 1
18:21:19.911 [AsyncHttpClient-1-1] DEBUG org.asynchttpclient.netty.channel.DefaultChannelPool - Entry count for : http://localhost:54225 : 1
18:21:20.120 [AsyncHttpClient-1-5] DEBUG org.asynchttpclient.netty.handler.HttpHandler - 

Request DefaultHttpRequest(decodeResult: success, version: HTTP/1.1)
POST /session HTTP/1.1
User-Agent: selenium/4.5.3 (java mac)
Content-Length: 817
Content-Type: application/json; charset=utf-8
host: localhost:41557
accept: */*

Response DefaultHttpResponse(decodeResult: success, version: HTTP/1.1)
HTTP/1.1 200 OK
Content-Length: 800
Content-Type: application/json; charset=utf-8
cache-control: no-cache

18:21:20.120 [AsyncHttpClient-1-5] DEBUG org.asynchttpclient.netty.channel.ChannelManager - Adding key: http://localhost:41557 for channel [id: 0x606ef152, L:/127.0.0.1:54348 - R:localhost/127.0.0.1:41557]
18:21:20.132 [AsyncHttpClient-1-6] DEBUG org.asynchttpclient.netty.channel.NettyConnectListener - Using new Channel '[id: 0x89e04704, L:/127.0.0.1:54357 - R:localhost/127.0.0.1:54349]' for 'GET' to '/json/version'
18:21:20.137 [AsyncHttpClient-1-6] DEBUG org.asynchttpclient.netty.handler.HttpHandler - 

Request DefaultFullHttpRequest(decodeResult: success, version: HTTP/1.1, content: EmptyByteBufBE)
GET /json/version HTTP/1.1
User-Agent: selenium/4.5.3 (java mac)
host: localhost:54349
accept: */*

Response DefaultHttpResponse(decodeResult: success, version: HTTP/1.1)
HTTP/1.1 200 OK
Content-Security-Policy: frame-ancestors 'none'
Content-Length: 443
Content-Type: application/json; charset=UTF-8

18:21:20.137 [AsyncHttpClient-1-6] DEBUG org.asynchttpclient.netty.channel.ChannelManager - Adding key: http://localhost:54349 for channel [id: 0x89e04704, L:/127.0.0.1:54357 - R:localhost/127.0.0.1:54349]
18:21:20.140 [AsyncHttpClient-1-7] DEBUG org.asynchttpclient.netty.channel.NettyConnectListener - Using new Channel '[id: 0x300f2aaa, L:/127.0.0.1:54358 - R:localhost/127.0.0.1:54349]' for 'GET' to '/devtools/browser/f997836b-d133-4f10-897d-888843179ab9'
18:21:20.153 [AsyncHttpClient-1-7] DEBUG org.asynchttpclient.netty.handler.WebSocketHandler - 

Request DefaultFullHttpRequest(decodeResult: success, version: HTTP/1.1, content: EmptyByteBufBE)
GET /devtools/browser/f997836b-d133-4f10-897d-888843179ab9 HTTP/1.1
upgrade: websocket
connection: upgrade
sec-websocket-key: nuLWat2hYkz9RgTNrmTl0g==
sec-websocket-version: 13
origin: http://localhost:54349
host: localhost:54349
accept: */*
user-agent: AHC/2.1

Response DefaultHttpResponse(decodeResult: success, version: HTTP/1.1)
HTTP/1.1 101 WebSocket Protocol Handshake
Upgrade: WebSocket
Connection: Upgrade
Sec-WebSocket-Accept: wf2P9XOgqqtRj6olR5wAtSWSlh8=

18:21:20.161 [Forwarding get on session 7200920663eac18be101966e581c9db5 to remote] DEBUG org.asynchttpclient.netty.request.NettyRequestSender - Using pooled Channel '[id: 0x606ef152, L:/127.0.0.1:54348 - R:localhost/127.0.0.1:41557]' for 'POST' to 'http://localhost:41557/session/7200920663eac18be101966e581c9db5/url'
18:21:20.161 [Forwarding get on session 7200920663eac18be101966e581c9db5 to remote] DEBUG org.asynchttpclient.netty.request.NettyRequestSender - Using open Channel [id: 0x606ef152, L:/127.0.0.1:54348 - R:localhost/127.0.0.1:41557] for POST '/session/7200920663eac18be101966e581c9db5/url'
18:21:21.009 [AsyncHttpClient-1-1] DEBUG org.asynchttpclient.netty.channel.DefaultChannelPool - Entry count for : http://localhost:54349 : 1
18:21:21.010 [AsyncHttpClient-1-1] DEBUG org.asynchttpclient.netty.channel.DefaultChannelPool - Entry count for : http://localhost:47544 : 1
18:21:21.010 [AsyncHttpClient-1-1] DEBUG org.asynchttpclient.netty.channel.DefaultChannelPool - Entry count for : http://localhost:54225 : 1
18:21:22.112 [AsyncHttpClient-1-1] DEBUG org.asynchttpclient.netty.channel.DefaultChannelPool - Entry count for : http://localhost:54349 : 1
18:21:22.112 [AsyncHttpClient-1-1] DEBUG org.asynchttpclient.netty.channel.DefaultChannelPool - Entry count for : http://localhost:47544 : 1
18:21:22.112 [AsyncHttpClient-1-1] DEBUG org.asynchttpclient.netty.channel.DefaultChannelPool - Entry count for : http://localhost:54225 : 1
18:21:23.212 [AsyncHttpClient-1-1] DEBUG org.asynchttpclient.netty.channel.DefaultChannelPool - Entry count for : http://localhost:54349 : 1
18:21:23.212 [AsyncHttpClient-1-1] DEBUG org.asynchttpclient.netty.channel.DefaultChannelPool - Entry count for : http://localhost:47544 : 1
18:21:23.212 [AsyncHttpClient-1-1] DEBUG org.asynchttpclient.netty.channel.DefaultChannelPool - Entry count for : http://localhost:54225 : 1
18:21:23.601 [AsyncHttpClient-1-5] DEBUG org.asynchttpclient.netty.handler.HttpHandler - 

Request DefaultHttpRequest(decodeResult: success, version: HTTP/1.1)
POST /session/7200920663eac18be101966e581c9db5/url HTTP/1.1
User-Agent: selenium/4.5.3 (java mac)
Content-Length: 51
Content-Type: application/json; charset=utf-8
host: localhost:41557
accept: */*

Response DefaultHttpResponse(decodeResult: success, version: HTTP/1.1)
HTTP/1.1 200 OK
Content-Length: 14
Content-Type: application/json; charset=utf-8
cache-control: no-cache

18:21:23.601 [AsyncHttpClient-1-5] DEBUG org.asynchttpclient.netty.channel.ChannelManager - Adding key: http://localhost:41557 for channel [id: 0x606ef152, L:/127.0.0.1:54348 - R:localhost/127.0.0.1:41557]
18:21:23.605 [Forwarding findElement on session 7200920663eac18be101966e581c9db5 to remote] DEBUG org.asynchttpclient.netty.request.NettyRequestSender - Using pooled Channel '[id: 0x606ef152, L:/127.0.0.1:54348 - R:localhost/127.0.0.1:41557]' for 'POST' to 'http://localhost:41557/session/7200920663eac18be101966e581c9db5/element'
18:21:23.605 [Forwarding findElement on session 7200920663eac18be101966e581c9db5 to remote] DEBUG org.asynchttpclient.netty.request.NettyRequestSender - Using open Channel [id: 0x606ef152, L:/127.0.0.1:54348 - R:localhost/127.0.0.1:41557] for POST '/session/7200920663eac18be101966e581c9db5/element'
18:21:23.691 [AsyncHttpClient-1-5] DEBUG org.asynchttpclient.netty.handler.HttpHandler - 

Request DefaultHttpRequest(decodeResult: success, version: HTTP/1.1)
POST /session/7200920663eac18be101966e581c9db5/element HTTP/1.1
User-Agent: selenium/4.5.3 (java mac)
Content-Length: 52
Content-Type: application/json; charset=utf-8
host: localhost:41557
accept: */*

Response DefaultHttpResponse(decodeResult: success, version: HTTP/1.1)
HTTP/1.1 200 OK
Content-Length: 88
Content-Type: application/json; charset=utf-8
cache-control: no-cache

18:21:23.691 [AsyncHttpClient-1-5] DEBUG org.asynchttpclient.netty.channel.ChannelManager - Adding key: http://localhost:41557 for channel [id: 0x606ef152, L:/127.0.0.1:54348 - R:localhost/127.0.0.1:41557]
18:21:23.693 [Forwarding sendKeysToElement on session 7200920663eac18be101966e581c9db5 to remote] DEBUG org.asynchttpclient.netty.request.NettyRequestSender - Using pooled Channel '[id: 0x606ef152, L:/127.0.0.1:54348 - R:localhost/127.0.0.1:41557]' for 'POST' to 'http://localhost:41557/session/7200920663eac18be101966e581c9db5/element/2f36b482-a6a2-4215-af4e-c9d23b8f3604/value'
18:21:23.693 [Forwarding sendKeysToElement on session 7200920663eac18be101966e581c9db5 to remote] DEBUG org.asynchttpclient.netty.request.NettyRequestSender - Using open Channel [id: 0x606ef152, L:/127.0.0.1:54348 - R:localhost/127.0.0.1:41557] for POST '/session/7200920663eac18be101966e581c9db5/element/2f36b482-a6a2-4215-af4e-c9d23b8f3604/value'
18:21:24.309 [AsyncHttpClient-1-1] DEBUG org.asynchttpclient.netty.channel.DefaultChannelPool - Entry count for : http://localhost:54349 : 1
18:21:24.309 [AsyncHttpClient-1-1] DEBUG org.asynchttpclient.netty.channel.DefaultChannelPool - Entry count for : http://localhost:47544 : 1
18:21:24.309 [AsyncHttpClient-1-1] DEBUG org.asynchttpclient.netty.channel.DefaultChannelPool - Entry count for : http://localhost:54225 : 1
18:21:24.638 [AsyncHttpClient-1-5] DEBUG org.asynchttpclient.netty.handler.HttpHandler - 

Request DefaultHttpRequest(decodeResult: success, version: HTTP/1.1)
POST /session/7200920663eac18be101966e581c9db5/element/2f36b482-a6a2-4215-af4e-c9d23b8f3604/value HTTP/1.1
User-Agent: selenium/4.5.3 (java mac)
Content-Length: 141
Content-Type: application/json; charset=utf-8
host: localhost:41557
accept: */*

Response DefaultHttpResponse(decodeResult: success, version: HTTP/1.1)
HTTP/1.1 200 OK
Content-Length: 14
Content-Type: application/json; charset=utf-8
cache-control: no-cache

18:21:24.638 [AsyncHttpClient-1-5] DEBUG org.asynchttpclient.netty.channel.ChannelManager - Adding key: http://localhost:41557 for channel [id: 0x606ef152, L:/127.0.0.1:54348 - R:localhost/127.0.0.1:41557]
18:21:24.641 [Forwarding findElement on session 7200920663eac18be101966e581c9db5 to remote] DEBUG org.asynchttpclient.netty.request.NettyRequestSender - Using pooled Channel '[id: 0x606ef152, L:/127.0.0.1:54348 - R:localhost/127.0.0.1:41557]' for 'POST' to 'http://localhost:41557/session/7200920663eac18be101966e581c9db5/element'
18:21:24.641 [Forwarding findElement on session 7200920663eac18be101966e581c9db5 to remote] DEBUG org.asynchttpclient.netty.request.NettyRequestSender - Using open Channel [id: 0x606ef152, L:/127.0.0.1:54348 - R:localhost/127.0.0.1:41557] for POST '/session/7200920663eac18be101966e581c9db5/element'
18:21:25.412 [AsyncHttpClient-1-1] DEBUG org.asynchttpclient.netty.channel.DefaultChannelPool - Entry count for : http://localhost:54349 : 1
18:21:25.412 [AsyncHttpClient-1-1] DEBUG org.asynchttpclient.netty.channel.DefaultChannelPool - Entry count for : http://localhost:47544 : 1
18:21:25.412 [AsyncHttpClient-1-1] DEBUG org.asynchttpclient.netty.channel.DefaultChannelPool - Entry count for : http://localhost:54225 : 1
18:21:26.511 [AsyncHttpClient-1-1] DEBUG org.asynchttpclient.netty.channel.DefaultChannelPool - Entry count for : http://localhost:54349 : 1
18:21:26.511 [AsyncHttpClient-1-1] DEBUG org.asynchttpclient.netty.channel.DefaultChannelPool - Entry count for : http://localhost:47544 : 1
18:21:26.511 [AsyncHttpClient-1-1] DEBUG org.asynchttpclient.netty.channel.DefaultChannelPool - Entry count for : http://localhost:54225 : 1
18:21:26.641 [AsyncHttpClient-1-5] DEBUG org.asynchttpclient.netty.handler.HttpHandler - 

Request DefaultHttpRequest(decodeResult: success, version: HTTP/1.1)
POST /session/7200920663eac18be101966e581c9db5/element HTTP/1.1
User-Agent: selenium/4.5.3 (java mac)
Content-Length: 53
Content-Type: application/json; charset=utf-8
host: localhost:41557
accept: */*

Response DefaultHttpResponse(decodeResult: success, version: HTTP/1.1)
HTTP/1.1 200 OK
Content-Length: 88
Content-Type: application/json; charset=utf-8
cache-control: no-cache

18:21:26.641 [AsyncHttpClient-1-5] DEBUG org.asynchttpclient.netty.channel.ChannelManager - Adding key: http://localhost:41557 for channel [id: 0x606ef152, L:/127.0.0.1:54348 - R:localhost/127.0.0.1:41557]
18:21:26.643 [Forwarding clickElement on session 7200920663eac18be101966e581c9db5 to remote] DEBUG org.asynchttpclient.netty.request.NettyRequestSender - Using pooled Channel '[id: 0x606ef152, L:/127.0.0.1:54348 - R:localhost/127.0.0.1:41557]' for 'POST' to 'http://localhost:41557/session/7200920663eac18be101966e581c9db5/element/d53cc047-b8f7-4695-b419-5146fe5d90b1/click'
18:21:26.643 [Forwarding clickElement on session 7200920663eac18be101966e581c9db5 to remote] DEBUG org.asynchttpclient.netty.request.NettyRequestSender - Using open Channel [id: 0x606ef152, L:/127.0.0.1:54348 - R:localhost/127.0.0.1:41557] for POST '/session/7200920663eac18be101966e581c9db5/element/d53cc047-b8f7-4695-b419-5146fe5d90b1/click'
18:21:27.611 [AsyncHttpClient-1-1] DEBUG org.asynchttpclient.netty.channel.DefaultChannelPool - Entry count for : http://localhost:54349 : 1
18:21:27.611 [AsyncHttpClient-1-1] DEBUG org.asynchttpclient.netty.channel.DefaultChannelPool - Entry count for : http://localhost:47544 : 1
18:21:27.611 [AsyncHttpClient-1-1] DEBUG org.asynchttpclient.netty.channel.DefaultChannelPool - Entry count for : http://localhost:54225 : 1
18:21:28.714 [AsyncHttpClient-1-1] DEBUG org.asynchttpclient.netty.channel.DefaultChannelPool - Entry count for : http://localhost:54349 : 1
18:21:28.714 [AsyncHttpClient-1-1] DEBUG org.asynchttpclient.netty.channel.DefaultChannelPool - Entry count for : http://localhost:47544 : 1
18:21:28.714 [AsyncHttpClient-1-1] DEBUG org.asynchttpclient.netty.channel.DefaultChannelPool - Entry count for : http://localhost:54225 : 1
18:21:29.809 [AsyncHttpClient-1-1] DEBUG org.asynchttpclient.netty.channel.DefaultChannelPool - Entry count for : http://localhost:54349 : 1
18:21:29.809 [AsyncHttpClient-1-1] DEBUG org.asynchttpclient.netty.channel.DefaultChannelPool - Entry count for : http://localhost:47544 : 1
18:21:29.809 [AsyncHttpClient-1-1] DEBUG org.asynchttpclient.netty.channel.DefaultChannelPool - Entry count for : http://localhost:54225 : 1
18:21:30.909 [AsyncHttpClient-1-1] DEBUG org.asynchttpclient.netty.channel.DefaultChannelPool - Entry count for : http://localhost:54349 : 1
18:21:30.909 [AsyncHttpClient-1-1] DEBUG org.asynchttpclient.netty.channel.DefaultChannelPool - Entry count for : http://localhost:47544 : 1
18:21:30.909 [AsyncHttpClient-1-1] DEBUG org.asynchttpclient.netty.channel.DefaultChannelPool - Entry count for : http://localhost:54225 : 1
18:21:32.011 [AsyncHttpClient-1-1] DEBUG org.asynchttpclient.netty.channel.DefaultChannelPool - Entry count for : http://localhost:54349 : 1
18:21:32.011 [AsyncHttpClient-1-1] DEBUG org.asynchttpclient.netty.channel.DefaultChannelPool - Entry count for : http://localhost:47544 : 1
18:21:32.011 [AsyncHttpClient-1-1] DEBUG org.asynchttpclient.netty.channel.DefaultChannelPool - Entry count for : http://localhost:54225 : 1
18:21:32.534 [AsyncHttpClient-1-5] DEBUG org.asynchttpclient.netty.handler.HttpHandler - 

Request DefaultHttpRequest(decodeResult: success, version: HTTP/1.1)
POST /session/7200920663eac18be101966e581c9db5/element/d53cc047-b8f7-4695-b419-5146fe5d90b1/click HTTP/1.1
User-Agent: selenium/4.5.3 (java mac)
Content-Length: 50
Content-Type: application/json; charset=utf-8
host: localhost:41557
accept: */*

Response DefaultHttpResponse(decodeResult: success, version: HTTP/1.1)
HTTP/1.1 200 OK
Content-Length: 14
Content-Type: application/json; charset=utf-8
cache-control: no-cache

18:21:32.534 [AsyncHttpClient-1-5] DEBUG org.asynchttpclient.netty.channel.ChannelManager - Adding key: http://localhost:41557 for channel [id: 0x606ef152, L:/127.0.0.1:54348 - R:localhost/127.0.0.1:41557]
18:21:32.536 [Forwarding findElements on session 7200920663eac18be101966e581c9db5 to remote] DEBUG org.asynchttpclient.netty.request.NettyRequestSender - Using pooled Channel '[id: 0x606ef152, L:/127.0.0.1:54348 - R:localhost/127.0.0.1:41557]' for 'POST' to 'http://localhost:41557/session/7200920663eac18be101966e581c9db5/elements'
18:21:32.536 [Forwarding findElements on session 7200920663eac18be101966e581c9db5 to remote] DEBUG org.asynchttpclient.netty.request.NettyRequestSender - Using open Channel [id: 0x606ef152, L:/127.0.0.1:54348 - R:localhost/127.0.0.1:41557] for POST '/session/7200920663eac18be101966e581c9db5/elements'
18:21:32.639 [AsyncHttpClient-1-5] DEBUG org.asynchttpclient.netty.handler.HttpHandler - 

Request DefaultHttpRequest(decodeResult: success, version: HTTP/1.1)
POST /session/7200920663eac18be101966e581c9db5/elements HTTP/1.1
User-Agent: selenium/4.5.3 (java mac)
Content-Length: 51
Content-Type: application/json; charset=utf-8
host: localhost:41557
accept: */*

Response DefaultHttpResponse(decodeResult: success, version: HTTP/1.1)
HTTP/1.1 200 OK
Content-Length: 5462
Content-Type: application/json; charset=utf-8
cache-control: no-cache

18:21:32.640 [AsyncHttpClient-1-5] DEBUG org.asynchttpclient.netty.channel.ChannelManager - Adding key: http://localhost:41557 for channel [id: 0x606ef152, L:/127.0.0.1:54348 - R:localhost/127.0.0.1:41557]
18:21:32.718 [Forwarding findChildElement on session 7200920663eac18be101966e581c9db5 to remote] DEBUG org.asynchttpclient.netty.request.NettyRequestSender - Using pooled Channel '[id: 0x606ef152, L:/127.0.0.1:54348 - R:localhost/127.0.0.1:41557]' for 'POST' to 'http://localhost:41557/session/7200920663eac18be101966e581c9db5/element/86ded9cc-31c1-4041-8a91-a7a598d378ed/element'
18:21:32.718 [Forwarding findChildElement on session 7200920663eac18be101966e581c9db5 to remote] DEBUG org.asynchttpclient.netty.request.NettyRequestSender - Using open Channel [id: 0x606ef152, L:/127.0.0.1:54348 - R:localhost/127.0.0.1:41557] for POST '/session/7200920663eac18be101966e581c9db5/element/86ded9cc-31c1-4041-8a91-a7a598d378ed/element'
18:21:33.111 [AsyncHttpClient-1-1] DEBUG org.asynchttpclient.netty.channel.DefaultChannelPool - Entry count for : http://localhost:54349 : 1
18:21:33.111 [AsyncHttpClient-1-1] DEBUG org.asynchttpclient.netty.channel.DefaultChannelPool - Entry count for : http://localhost:47544 : 1
18:21:33.111 [AsyncHttpClient-1-1] DEBUG org.asynchttpclient.netty.channel.DefaultChannelPool - Entry count for : http://localhost:54225 : 1
18:21:33.112 [AsyncHttpClient-1-1] DEBUG org.asynchttpclient.netty.channel.DefaultChannelPool - Adding Candidate expired Channel [id: 0xc13b5085, L:/127.0.0.1:54231 - R:localhost/127.0.0.1:54225] isIdleTimeoutExpired=true isRemotelyClosed=false isTtlExpired=false
18:21:33.112 [AsyncHttpClient-1-1] DEBUG org.asynchttpclient.netty.channel.DefaultChannelPool - Closing Idle Channel [id: 0xc13b5085, L:/127.0.0.1:54231 - R:localhost/127.0.0.1:54225]
18:21:33.116 [AsyncHttpClient-1-1] DEBUG org.asynchttpclient.netty.channel.DefaultChannelPool - Closed 1 connections out of 3 in 5 ms
18:21:33.117 [AsyncHttpClient-1-3] DEBUG org.asynchttpclient.netty.handler.HttpHandler - Channel Closed: [id: 0xc13b5085, L:/127.0.0.1:54231 ! R:localhost/127.0.0.1:54225] with attribute DISCARD
18:21:33.312 [AsyncHttpClient-1-5] DEBUG org.asynchttpclient.netty.handler.HttpHandler - 

Request DefaultHttpRequest(decodeResult: success, version: HTTP/1.1)
POST /session/7200920663eac18be101966e581c9db5/element/86ded9cc-31c1-4041-8a91-a7a598d378ed/element HTTP/1.1
User-Agent: selenium/4.5.3 (java mac)
Content-Length: 106
Content-Type: application/json; charset=utf-8
host: localhost:41557
accept: */*

Response DefaultHttpResponse(decodeResult: success, version: HTTP/1.1)
HTTP/1.1 200 OK
Content-Length: 88
Content-Type: application/json; charset=utf-8
cache-control: no-cache

18:21:33.312 [AsyncHttpClient-1-5] DEBUG org.asynchttpclient.netty.channel.ChannelManager - Adding key: http://localhost:41557 for channel [id: 0x606ef152, L:/127.0.0.1:54348 - R:localhost/127.0.0.1:41557]
18:21:33.314 [Forwarding getElementText on session 7200920663eac18be101966e581c9db5 to remote] DEBUG org.asynchttpclient.netty.request.NettyRequestSender - Using pooled Channel '[id: 0x606ef152, L:/127.0.0.1:54348 - R:localhost/127.0.0.1:41557]' for 'GET' to 'http://localhost:41557/session/7200920663eac18be101966e581c9db5/element/c7331e17-533a-46b9-b481-06ae6d75e1e2/text'
18:21:33.314 [Forwarding getElementText on session 7200920663eac18be101966e581c9db5 to remote] DEBUG org.asynchttpclient.netty.request.NettyRequestSender - Using open Channel [id: 0x606ef152, L:/127.0.0.1:54348 - R:localhost/127.0.0.1:41557] for GET '/session/7200920663eac18be101966e581c9db5/element/c7331e17-533a-46b9-b481-06ae6d75e1e2/text'
18:21:33.461 [AsyncHttpClient-1-5] DEBUG org.asynchttpclient.netty.handler.HttpHandler - 

Request DefaultFullHttpRequest(decodeResult: success, version: HTTP/1.1, content: EmptyByteBufBE)
GET /session/7200920663eac18be101966e581c9db5/element/c7331e17-533a-46b9-b481-06ae6d75e1e2/text HTTP/1.1
User-Agent: selenium/4.5.3 (java mac)
Cache-Control: no-cache
Content-Type: application/json; charset=utf-8
host: localhost:41557
accept: */*

Response DefaultHttpResponse(decodeResult: success, version: HTTP/1.1)
HTTP/1.1 200 OK
Content-Length: 12
Content-Type: application/json; charset=utf-8
cache-control: no-cache

18:21:33.461 [AsyncHttpClient-1-5] DEBUG org.asynchttpclient.netty.channel.ChannelManager - Adding key: http://localhost:41557 for channel [id: 0x606ef152, L:/127.0.0.1:54348 - R:localhost/127.0.0.1:41557]
18:21:33.464 [Forwarding findChildElement on session 7200920663eac18be101966e581c9db5 to remote] DEBUG org.asynchttpclient.netty.request.NettyRequestSender - Using pooled Channel '[id: 0x606ef152, L:/127.0.0.1:54348 - R:localhost/127.0.0.1:41557]' for 'POST' to 'http://localhost:41557/session/7200920663eac18be101966e581c9db5/element/86ded9cc-31c1-4041-8a91-a7a598d378ed/element'
18:21:33.464 [Forwarding findChildElement on session 7200920663eac18be101966e581c9db5 to remote] DEBUG org.asynchttpclient.netty.request.NettyRequestSender - Using open Channel [id: 0x606ef152, L:/127.0.0.1:54348 - R:localhost/127.0.0.1:41557] for POST '/session/7200920663eac18be101966e581c9db5/element/86ded9cc-31c1-4041-8a91-a7a598d378ed/element'
18:21:34.176 [AsyncHttpClient-1-5] DEBUG org.asynchttpclient.netty.handler.HttpHandler - 

Request DefaultHttpRequest(decodeResult: success, version: HTTP/1.1)
POST /session/7200920663eac18be101966e581c9db5/element/86ded9cc-31c1-4041-8a91-a7a598d378ed/element HTTP/1.1
User-Agent: selenium/4.5.3 (java mac)
Content-Length: 106
Content-Type: application/json; charset=utf-8
host: localhost:41557
accept: */*

Response DefaultHttpResponse(decodeResult: success, version: HTTP/1.1)
HTTP/1.1 200 OK
Content-Length: 88
Content-Type: application/json; charset=utf-8
cache-control: no-cache

18:21:34.176 [AsyncHttpClient-1-5] DEBUG org.asynchttpclient.netty.channel.ChannelManager - Adding key: http://localhost:41557 for channel [id: 0x606ef152, L:/127.0.0.1:54348 - R:localhost/127.0.0.1:41557]
18:21:34.177 [Forwarding getElementText on session 7200920663eac18be101966e581c9db5 to remote] DEBUG org.asynchttpclient.netty.request.NettyRequestSender - Using pooled Channel '[id: 0x606ef152, L:/127.0.0.1:54348 - R:localhost/127.0.0.1:41557]' for 'GET' to 'http://localhost:41557/session/7200920663eac18be101966e581c9db5/element/aa767171-4181-4464-833b-b3277ae92f14/text'
18:21:34.178 [Forwarding getElementText on session 7200920663eac18be101966e581c9db5 to remote] DEBUG org.asynchttpclient.netty.request.NettyRequestSender - Using open Channel [id: 0x606ef152, L:/127.0.0.1:54348 - R:localhost/127.0.0.1:41557] for GET '/session/7200920663eac18be101966e581c9db5/element/aa767171-4181-4464-833b-b3277ae92f14/text'
18:21:34.211 [AsyncHttpClient-1-1] DEBUG org.asynchttpclient.netty.channel.DefaultChannelPool - Entry count for : http://localhost:54349 : 1
18:21:34.211 [AsyncHttpClient-1-1] DEBUG org.asynchttpclient.netty.channel.DefaultChannelPool - Entry count for : http://localhost:47544 : 1
18:21:34.298 [AsyncHttpClient-1-5] DEBUG org.asynchttpclient.netty.handler.HttpHandler - 

Request DefaultFullHttpRequest(decodeResult: success, version: HTTP/1.1, content: EmptyByteBufBE)
GET /session/7200920663eac18be101966e581c9db5/element/aa767171-4181-4464-833b-b3277ae92f14/text HTTP/1.1
User-Agent: selenium/4.5.3 (java mac)
Cache-Control: no-cache
Content-Type: application/json; charset=utf-8
host: localhost:41557
accept: */*

Response DefaultHttpResponse(decodeResult: success, version: HTTP/1.1)
HTTP/1.1 200 OK
Content-Length: 12
Content-Type: application/json; charset=utf-8
cache-control: no-cache

18:21:34.298 [AsyncHttpClient-1-5] DEBUG org.asynchttpclient.netty.channel.ChannelManager - Adding key: http://localhost:41557 for channel [id: 0x606ef152, L:/127.0.0.1:54348 - R:localhost/127.0.0.1:41557]
18:21:34.301 [Forwarding findChildElement on session 7200920663eac18be101966e581c9db5 to remote] DEBUG org.asynchttpclient.netty.request.NettyRequestSender - Using pooled Channel '[id: 0x606ef152, L:/127.0.0.1:54348 - R:localhost/127.0.0.1:41557]' for 'POST' to 'http://localhost:41557/session/7200920663eac18be101966e581c9db5/element/181a653f-f9f3-4dc1-9ca4-ed053225e4c0/element'
18:21:34.301 [Forwarding findChildElement on session 7200920663eac18be101966e581c9db5 to remote] DEBUG org.asynchttpclient.netty.request.NettyRequestSender - Using open Channel [id: 0x606ef152, L:/127.0.0.1:54348 - R:localhost/127.0.0.1:41557] for POST '/session/7200920663eac18be101966e581c9db5/element/181a653f-f9f3-4dc1-9ca4-ed053225e4c0/element'
18:21:34.423 [AsyncHttpClient-1-5] DEBUG org.asynchttpclient.netty.handler.HttpHandler - 

Request DefaultHttpRequest(decodeResult: success, version: HTTP/1.1)
POST /session/7200920663eac18be101966e581c9db5/element/181a653f-f9f3-4dc1-9ca4-ed053225e4c0/element HTTP/1.1
User-Agent: selenium/4.5.3 (java mac)
Content-Length: 106
Content-Type: application/json; charset=utf-8
host: localhost:41557
accept: */*

Response DefaultHttpResponse(decodeResult: success, version: HTTP/1.1)
HTTP/1.1 200 OK
Content-Length: 88
Content-Type: application/json; charset=utf-8
cache-control: no-cache

18:21:34.423 [AsyncHttpClient-1-5] DEBUG org.asynchttpclient.netty.channel.ChannelManager - Adding key: http://localhost:41557 for channel [id: 0x606ef152, L:/127.0.0.1:54348 - R:localhost/127.0.0.1:41557]
18:21:34.424 [Forwarding getElementText on session 7200920663eac18be101966e581c9db5 to remote] DEBUG org.asynchttpclient.netty.request.NettyRequestSender - Using pooled Channel '[id: 0x606ef152, L:/127.0.0.1:54348 - R:localhost/127.0.0.1:41557]' for 'GET' to 'http://localhost:41557/session/7200920663eac18be101966e581c9db5/element/0cf6b376-b5c9-484c-b5a5-3a8eb449a1bd/text'
18:21:34.425 [Forwarding getElementText on session 7200920663eac18be101966e581c9db5 to remote] DEBUG org.asynchttpclient.netty.request.NettyRequestSender - Using open Channel [id: 0x606ef152, L:/127.0.0.1:54348 - R:localhost/127.0.0.1:41557] for GET '/session/7200920663eac18be101966e581c9db5/element/0cf6b376-b5c9-484c-b5a5-3a8eb449a1bd/text'
18:21:34.483 [AsyncHttpClient-1-5] DEBUG org.asynchttpclient.netty.handler.HttpHandler - 

Request DefaultFullHttpRequest(decodeResult: success, version: HTTP/1.1, content: EmptyByteBufBE)
GET /session/7200920663eac18be101966e581c9db5/element/0cf6b376-b5c9-484c-b5a5-3a8eb449a1bd/text HTTP/1.1
User-Agent: selenium/4.5.3 (java mac)
Cache-Control: no-cache
Content-Type: application/json; charset=utf-8
host: localhost:41557
accept: */*

Response DefaultHttpResponse(decodeResult: success, version: HTTP/1.1)
HTTP/1.1 200 OK
Content-Length: 76
Content-Type: application/json; charset=utf-8
cache-control: no-cache

18:21:34.483 [AsyncHttpClient-1-5] DEBUG org.asynchttpclient.netty.channel.ChannelManager - Adding key: http://localhost:41557 for channel [id: 0x606ef152, L:/127.0.0.1:54348 - R:localhost/127.0.0.1:41557]
18:21:34.485 [Forwarding findChildElement on session 7200920663eac18be101966e581c9db5 to remote] DEBUG org.asynchttpclient.netty.request.NettyRequestSender - Using pooled Channel '[id: 0x606ef152, L:/127.0.0.1:54348 - R:localhost/127.0.0.1:41557]' for 'POST' to 'http://localhost:41557/session/7200920663eac18be101966e581c9db5/element/181a653f-f9f3-4dc1-9ca4-ed053225e4c0/element'
18:21:34.485 [Forwarding findChildElement on session 7200920663eac18be101966e581c9db5 to remote] DEBUG org.asynchttpclient.netty.request.NettyRequestSender - Using open Channel [id: 0x606ef152, L:/127.0.0.1:54348 - R:localhost/127.0.0.1:41557] for POST '/session/7200920663eac18be101966e581c9db5/element/181a653f-f9f3-4dc1-9ca4-ed053225e4c0/element'
18:21:34.540 [AsyncHttpClient-1-5] DEBUG org.asynchttpclient.netty.handler.HttpHandler - 

Request DefaultHttpRequest(decodeResult: success, version: HTTP/1.1)
POST /session/7200920663eac18be101966e581c9db5/element/181a653f-f9f3-4dc1-9ca4-ed053225e4c0/element HTTP/1.1
User-Agent: selenium/4.5.3 (java mac)
Content-Length: 106
Content-Type: application/json; charset=utf-8
host: localhost:41557
accept: */*

Response DefaultHttpResponse(decodeResult: success, version: HTTP/1.1)
HTTP/1.1 200 OK
Content-Length: 88
Content-Type: application/json; charset=utf-8
cache-control: no-cache

18:21:34.541 [AsyncHttpClient-1-5] DEBUG org.asynchttpclient.netty.channel.ChannelManager - Adding key: http://localhost:41557 for channel [id: 0x606ef152, L:/127.0.0.1:54348 - R:localhost/127.0.0.1:41557]
18:21:34.542 [Forwarding getElementText on session 7200920663eac18be101966e581c9db5 to remote] DEBUG org.asynchttpclient.netty.request.NettyRequestSender - Using pooled Channel '[id: 0x606ef152, L:/127.0.0.1:54348 - R:localhost/127.0.0.1:41557]' for 'GET' to 'http://localhost:41557/session/7200920663eac18be101966e581c9db5/element/22d079d9-f9eb-4ed6-b7d0-b17ab95b911e/text'
18:21:34.542 [Forwarding getElementText on session 7200920663eac18be101966e581c9db5 to remote] DEBUG org.asynchttpclient.netty.request.NettyRequestSender - Using open Channel [id: 0x606ef152, L:/127.0.0.1:54348 - R:localhost/127.0.0.1:41557] for GET '/session/7200920663eac18be101966e581c9db5/element/22d079d9-f9eb-4ed6-b7d0-b17ab95b911e/text'
18:21:34.843 [AsyncHttpClient-1-5] DEBUG org.asynchttpclient.netty.handler.HttpHandler - 

Request DefaultFullHttpRequest(decodeResult: success, version: HTTP/1.1, content: EmptyByteBufBE)
GET /session/7200920663eac18be101966e581c9db5/element/22d079d9-f9eb-4ed6-b7d0-b17ab95b911e/text HTTP/1.1
User-Agent: selenium/4.5.3 (java mac)
Cache-Control: no-cache
Content-Type: application/json; charset=utf-8
host: localhost:41557
accept: */*

Response DefaultHttpResponse(decodeResult: success, version: HTTP/1.1)
HTTP/1.1 200 OK
Content-Length: 19
Content-Type: application/json; charset=utf-8
cache-control: no-cache

18:21:34.843 [AsyncHttpClient-1-5] DEBUG org.asynchttpclient.netty.channel.ChannelManager - Adding key: http://localhost:41557 for channel [id: 0x606ef152, L:/127.0.0.1:54348 - R:localhost/127.0.0.1:41557]
18:21:34.846 [Forwarding findChildElement on session 7200920663eac18be101966e581c9db5 to remote] DEBUG org.asynchttpclient.netty.request.NettyRequestSender - Using pooled Channel '[id: 0x606ef152, L:/127.0.0.1:54348 - R:localhost/127.0.0.1:41557]' for 'POST' to 'http://localhost:41557/session/7200920663eac18be101966e581c9db5/element/05134e05-31b3-4798-b397-80a07e2b3665/element'
18:21:34.846 [Forwarding findChildElement on session 7200920663eac18be101966e581c9db5 to remote] DEBUG org.asynchttpclient.netty.request.NettyRequestSender - Using open Channel [id: 0x606ef152, L:/127.0.0.1:54348 - R:localhost/127.0.0.1:41557] for POST '/session/7200920663eac18be101966e581c9db5/element/05134e05-31b3-4798-b397-80a07e2b3665/element'
18:21:34.934 [AsyncHttpClient-1-5] DEBUG org.asynchttpclient.netty.handler.HttpHandler - 

Request DefaultHttpRequest(decodeResult: success, version: HTTP/1.1)
POST /session/7200920663eac18be101966e581c9db5/element/05134e05-31b3-4798-b397-80a07e2b3665/element HTTP/1.1
User-Agent: selenium/4.5.3 (java mac)
Content-Length: 106
Content-Type: application/json; charset=utf-8
host: localhost:41557
accept: */*

Response DefaultHttpResponse(decodeResult: success, version: HTTP/1.1)
HTTP/1.1 200 OK
Content-Length: 88
Content-Type: application/json; charset=utf-8
cache-control: no-cache

18:21:34.934 [AsyncHttpClient-1-5] DEBUG org.asynchttpclient.netty.channel.ChannelManager - Adding key: http://localhost:41557 for channel [id: 0x606ef152, L:/127.0.0.1:54348 - R:localhost/127.0.0.1:41557]
18:21:34.935 [Forwarding getElementText on session 7200920663eac18be101966e581c9db5 to remote] DEBUG org.asynchttpclient.netty.request.NettyRequestSender - Using pooled Channel '[id: 0x606ef152, L:/127.0.0.1:54348 - R:localhost/127.0.0.1:41557]' for 'GET' to 'http://localhost:41557/session/7200920663eac18be101966e581c9db5/element/d0624217-c5ae-4244-b9c6-88c704e4560a/text'
18:21:34.935 [Forwarding getElementText on session 7200920663eac18be101966e581c9db5 to remote] DEBUG org.asynchttpclient.netty.request.NettyRequestSender - Using open Channel [id: 0x606ef152, L:/127.0.0.1:54348 - R:localhost/127.0.0.1:41557] for GET '/session/7200920663eac18be101966e581c9db5/element/d0624217-c5ae-4244-b9c6-88c704e4560a/text'
18:21:35.088 [AsyncHttpClient-1-5] DEBUG org.asynchttpclient.netty.handler.HttpHandler - 

Request DefaultFullHttpRequest(decodeResult: success, version: HTTP/1.1, content: EmptyByteBufBE)
GET /session/7200920663eac18be101966e581c9db5/element/d0624217-c5ae-4244-b9c6-88c704e4560a/text HTTP/1.1
User-Agent: selenium/4.5.3 (java mac)
Cache-Control: no-cache
Content-Type: application/json; charset=utf-8
host: localhost:41557
accept: */*

Response DefaultHttpResponse(decodeResult: success, version: HTTP/1.1)
HTTP/1.1 200 OK
Content-Length: 87
Content-Type: application/json; charset=utf-8
cache-control: no-cache

18:21:35.088 [AsyncHttpClient-1-5] DEBUG org.asynchttpclient.netty.channel.ChannelManager - Adding key: http://localhost:41557 for channel [id: 0x606ef152, L:/127.0.0.1:54348 - R:localhost/127.0.0.1:41557]
18:21:35.090 [Forwarding findChildElement on session 7200920663eac18be101966e581c9db5 to remote] DEBUG org.asynchttpclient.netty.request.NettyRequestSender - Using pooled Channel '[id: 0x606ef152, L:/127.0.0.1:54348 - R:localhost/127.0.0.1:41557]' for 'POST' to 'http://localhost:41557/session/7200920663eac18be101966e581c9db5/element/05134e05-31b3-4798-b397-80a07e2b3665/element'
18:21:35.090 [Forwarding findChildElement on session 7200920663eac18be101966e581c9db5 to remote] DEBUG org.asynchttpclient.netty.request.NettyRequestSender - Using open Channel [id: 0x606ef152, L:/127.0.0.1:54348 - R:localhost/127.0.0.1:41557] for POST '/session/7200920663eac18be101966e581c9db5/element/05134e05-31b3-4798-b397-80a07e2b3665/element'
18:21:35.309 [AsyncHttpClient-1-1] DEBUG org.asynchttpclient.netty.channel.DefaultChannelPool - Entry count for : http://localhost:54349 : 1
18:21:35.309 [AsyncHttpClient-1-1] DEBUG org.asynchttpclient.netty.channel.DefaultChannelPool - Entry count for : http://localhost:47544 : 1
18:21:35.600 [AsyncHttpClient-1-5] DEBUG org.asynchttpclient.netty.handler.HttpHandler - 

Request DefaultHttpRequest(decodeResult: success, version: HTTP/1.1)
POST /session/7200920663eac18be101966e581c9db5/element/05134e05-31b3-4798-b397-80a07e2b3665/element HTTP/1.1
User-Agent: selenium/4.5.3 (java mac)
Content-Length: 106
Content-Type: application/json; charset=utf-8
host: localhost:41557
accept: */*

Response DefaultHttpResponse(decodeResult: success, version: HTTP/1.1)
HTTP/1.1 200 OK
Content-Length: 88
Content-Type: application/json; charset=utf-8
cache-control: no-cache

18:21:35.601 [AsyncHttpClient-1-5] DEBUG org.asynchttpclient.netty.channel.ChannelManager - Adding key: http://localhost:41557 for channel [id: 0x606ef152, L:/127.0.0.1:54348 - R:localhost/127.0.0.1:41557]
18:21:35.604 [Forwarding getElementText on session 7200920663eac18be101966e581c9db5 to remote] DEBUG org.asynchttpclient.netty.request.NettyRequestSender - Using pooled Channel '[id: 0x606ef152, L:/127.0.0.1:54348 - R:localhost/127.0.0.1:41557]' for 'GET' to 'http://localhost:41557/session/7200920663eac18be101966e581c9db5/element/ed6414f4-0e61-4e23-b698-24beee1e4413/text'
18:21:35.604 [Forwarding getElementText on session 7200920663eac18be101966e581c9db5 to remote] DEBUG org.asynchttpclient.netty.request.NettyRequestSender - Using open Channel [id: 0x606ef152, L:/127.0.0.1:54348 - R:localhost/127.0.0.1:41557] for GET '/session/7200920663eac18be101966e581c9db5/element/ed6414f4-0e61-4e23-b698-24beee1e4413/text'
18:21:36.033 [AsyncHttpClient-1-5] DEBUG org.asynchttpclient.netty.handler.HttpHandler - 

Request DefaultFullHttpRequest(decodeResult: success, version: HTTP/1.1, content: EmptyByteBufBE)
GET /session/7200920663eac18be101966e581c9db5/element/ed6414f4-0e61-4e23-b698-24beee1e4413/text HTTP/1.1
User-Agent: selenium/4.5.3 (java mac)
Cache-Control: no-cache
Content-Type: application/json; charset=utf-8
host: localhost:41557
accept: */*

Response DefaultHttpResponse(decodeResult: success, version: HTTP/1.1)
HTTP/1.1 200 OK
Content-Length: 19
Content-Type: application/json; charset=utf-8
cache-control: no-cache

18:21:36.033 [AsyncHttpClient-1-5] DEBUG org.asynchttpclient.netty.channel.ChannelManager - Adding key: http://localhost:41557 for channel [id: 0x606ef152, L:/127.0.0.1:54348 - R:localhost/127.0.0.1:41557]
18:21:36.073 [Forwarding findChildElement on session 7200920663eac18be101966e581c9db5 to remote] DEBUG org.asynchttpclient.netty.request.NettyRequestSender - Using pooled Channel '[id: 0x606ef152, L:/127.0.0.1:54348 - R:localhost/127.0.0.1:41557]' for 'POST' to 'http://localhost:41557/session/7200920663eac18be101966e581c9db5/element/c2583ac5-4e43-44c2-a16c-985e651164fd/element'
18:21:36.073 [Forwarding findChildElement on session 7200920663eac18be101966e581c9db5 to remote] DEBUG org.asynchttpclient.netty.request.NettyRequestSender - Using open Channel [id: 0x606ef152, L:/127.0.0.1:54348 - R:localhost/127.0.0.1:41557] for POST '/session/7200920663eac18be101966e581c9db5/element/c2583ac5-4e43-44c2-a16c-985e651164fd/element'
18:21:36.413 [AsyncHttpClient-1-1] DEBUG org.asynchttpclient.netty.channel.DefaultChannelPool - Entry count for : http://localhost:54349 : 1
18:21:36.413 [AsyncHttpClient-1-1] DEBUG org.asynchttpclient.netty.channel.DefaultChannelPool - Entry count for : http://localhost:47544 : 1
18:21:36.416 [AsyncHttpClient-1-5] DEBUG org.asynchttpclient.netty.handler.HttpHandler - 

Request DefaultHttpRequest(decodeResult: success, version: HTTP/1.1)
POST /session/7200920663eac18be101966e581c9db5/element/c2583ac5-4e43-44c2-a16c-985e651164fd/element HTTP/1.1
User-Agent: selenium/4.5.3 (java mac)
Content-Length: 106
Content-Type: application/json; charset=utf-8
host: localhost:41557
accept: */*

Response DefaultHttpResponse(decodeResult: success, version: HTTP/1.1)
HTTP/1.1 200 OK
Content-Length: 88
Content-Type: application/json; charset=utf-8
cache-control: no-cache

18:21:36.416 [AsyncHttpClient-1-5] DEBUG org.asynchttpclient.netty.channel.ChannelManager - Adding key: http://localhost:41557 for channel [id: 0x606ef152, L:/127.0.0.1:54348 - R:localhost/127.0.0.1:41557]
18:21:36.417 [Forwarding getElementText on session 7200920663eac18be101966e581c9db5 to remote] DEBUG org.asynchttpclient.netty.request.NettyRequestSender - Using pooled Channel '[id: 0x606ef152, L:/127.0.0.1:54348 - R:localhost/127.0.0.1:41557]' for 'GET' to 'http://localhost:41557/session/7200920663eac18be101966e581c9db5/element/98bdf315-c353-4120-99e2-fc9e7956f819/text'
18:21:36.417 [Forwarding getElementText on session 7200920663eac18be101966e581c9db5 to remote] DEBUG org.asynchttpclient.netty.request.NettyRequestSender - Using open Channel [id: 0x606ef152, L:/127.0.0.1:54348 - R:localhost/127.0.0.1:41557] for GET '/session/7200920663eac18be101966e581c9db5/element/98bdf315-c353-4120-99e2-fc9e7956f819/text'
18:21:36.466 [AsyncHttpClient-1-5] DEBUG org.asynchttpclient.netty.handler.HttpHandler - 

Request DefaultFullHttpRequest(decodeResult: success, version: HTTP/1.1, content: EmptyByteBufBE)
GET /session/7200920663eac18be101966e581c9db5/element/98bdf315-c353-4120-99e2-fc9e7956f819/text HTTP/1.1
User-Agent: selenium/4.5.3 (java mac)
Cache-Control: no-cache
Content-Type: application/json; charset=utf-8
host: localhost:41557
accept: */*

Response DefaultHttpResponse(decodeResult: success, version: HTTP/1.1)
HTTP/1.1 200 OK
Content-Length: 75
Content-Type: application/json; charset=utf-8
cache-control: no-cache

18:21:36.466 [AsyncHttpClient-1-5] DEBUG org.asynchttpclient.netty.channel.ChannelManager - Adding key: http://localhost:41557 for channel [id: 0x606ef152, L:/127.0.0.1:54348 - R:localhost/127.0.0.1:41557]
18:21:36.468 [Forwarding findChildElement on session 7200920663eac18be101966e581c9db5 to remote] DEBUG org.asynchttpclient.netty.request.NettyRequestSender - Using pooled Channel '[id: 0x606ef152, L:/127.0.0.1:54348 - R:localhost/127.0.0.1:41557]' for 'POST' to 'http://localhost:41557/session/7200920663eac18be101966e581c9db5/element/c2583ac5-4e43-44c2-a16c-985e651164fd/element'
18:21:36.468 [Forwarding findChildElement on session 7200920663eac18be101966e581c9db5 to remote] DEBUG org.asynchttpclient.netty.request.NettyRequestSender - Using open Channel [id: 0x606ef152, L:/127.0.0.1:54348 - R:localhost/127.0.0.1:41557] for POST '/session/7200920663eac18be101966e581c9db5/element/c2583ac5-4e43-44c2-a16c-985e651164fd/element'
18:21:36.569 [AsyncHttpClient-1-5] DEBUG org.asynchttpclient.netty.handler.HttpHandler - 

Request DefaultHttpRequest(decodeResult: success, version: HTTP/1.1)
POST /session/7200920663eac18be101966e581c9db5/element/c2583ac5-4e43-44c2-a16c-985e651164fd/element HTTP/1.1
User-Agent: selenium/4.5.3 (java mac)
Content-Length: 106
Content-Type: application/json; charset=utf-8
host: localhost:41557
accept: */*

Response DefaultHttpResponse(decodeResult: success, version: HTTP/1.1)
HTTP/1.1 200 OK
Content-Length: 88
Content-Type: application/json; charset=utf-8
cache-control: no-cache

18:21:36.569 [AsyncHttpClient-1-5] DEBUG org.asynchttpclient.netty.channel.ChannelManager - Adding key: http://localhost:41557 for channel [id: 0x606ef152, L:/127.0.0.1:54348 - R:localhost/127.0.0.1:41557]
18:21:36.570 [Forwarding getElementText on session 7200920663eac18be101966e581c9db5 to remote] DEBUG org.asynchttpclient.netty.request.NettyRequestSender - Using pooled Channel '[id: 0x606ef152, L:/127.0.0.1:54348 - R:localhost/127.0.0.1:41557]' for 'GET' to 'http://localhost:41557/session/7200920663eac18be101966e581c9db5/element/f8545e59-2dc1-4dd4-a197-47f8c0a1027a/text'
18:21:36.570 [Forwarding getElementText on session 7200920663eac18be101966e581c9db5 to remote] DEBUG org.asynchttpclient.netty.request.NettyRequestSender - Using open Channel [id: 0x606ef152, L:/127.0.0.1:54348 - R:localhost/127.0.0.1:41557] for GET '/session/7200920663eac18be101966e581c9db5/element/f8545e59-2dc1-4dd4-a197-47f8c0a1027a/text'
18:21:36.717 [AsyncHttpClient-1-5] DEBUG org.asynchttpclient.netty.handler.HttpHandler - 

Request DefaultFullHttpRequest(decodeResult: success, version: HTTP/1.1, content: EmptyByteBufBE)
GET /session/7200920663eac18be101966e581c9db5/element/f8545e59-2dc1-4dd4-a197-47f8c0a1027a/text HTTP/1.1
User-Agent: selenium/4.5.3 (java mac)
Cache-Control: no-cache
Content-Type: application/json; charset=utf-8
host: localhost:41557
accept: */*

Response DefaultHttpResponse(decodeResult: success, version: HTTP/1.1)
HTTP/1.1 200 OK
Content-Length: 19
Content-Type: application/json; charset=utf-8
cache-control: no-cache

18:21:36.717 [AsyncHttpClient-1-5] DEBUG org.asynchttpclient.netty.channel.ChannelManager - Adding key: http://localhost:41557 for channel [id: 0x606ef152, L:/127.0.0.1:54348 - R:localhost/127.0.0.1:41557]
18:21:36.719 [Forwarding findChildElement on session 7200920663eac18be101966e581c9db5 to remote] DEBUG org.asynchttpclient.netty.request.NettyRequestSender - Using pooled Channel '[id: 0x606ef152, L:/127.0.0.1:54348 - R:localhost/127.0.0.1:41557]' for 'POST' to 'http://localhost:41557/session/7200920663eac18be101966e581c9db5/element/b73e780f-f208-4455-b754-0fb54645c61b/element'
18:21:36.719 [Forwarding findChildElement on session 7200920663eac18be101966e581c9db5 to remote] DEBUG org.asynchttpclient.netty.request.NettyRequestSender - Using open Channel [id: 0x606ef152, L:/127.0.0.1:54348 - R:localhost/127.0.0.1:41557] for POST '/session/7200920663eac18be101966e581c9db5/element/b73e780f-f208-4455-b754-0fb54645c61b/element'
18:21:36.842 [AsyncHttpClient-1-5] DEBUG org.asynchttpclient.netty.handler.HttpHandler - 

Request DefaultHttpRequest(decodeResult: success, version: HTTP/1.1)
POST /session/7200920663eac18be101966e581c9db5/element/b73e780f-f208-4455-b754-0fb54645c61b/element HTTP/1.1
User-Agent: selenium/4.5.3 (java mac)
Content-Length: 106
Content-Type: application/json; charset=utf-8
host: localhost:41557
accept: */*

Response DefaultHttpResponse(decodeResult: success, version: HTTP/1.1)
HTTP/1.1 200 OK
Content-Length: 88
Content-Type: application/json; charset=utf-8
cache-control: no-cache

18:21:36.842 [AsyncHttpClient-1-5] DEBUG org.asynchttpclient.netty.channel.ChannelManager - Adding key: http://localhost:41557 for channel [id: 0x606ef152, L:/127.0.0.1:54348 - R:localhost/127.0.0.1:41557]
18:21:36.843 [Forwarding getElementText on session 7200920663eac18be101966e581c9db5 to remote] DEBUG org.asynchttpclient.netty.request.NettyRequestSender - Using pooled Channel '[id: 0x606ef152, L:/127.0.0.1:54348 - R:localhost/127.0.0.1:41557]' for 'GET' to 'http://localhost:41557/session/7200920663eac18be101966e581c9db5/element/f61ee29c-92d7-4a3e-9892-7ba9932f9bce/text'
18:21:36.844 [Forwarding getElementText on session 7200920663eac18be101966e581c9db5 to remote] DEBUG org.asynchttpclient.netty.request.NettyRequestSender - Using open Channel [id: 0x606ef152, L:/127.0.0.1:54348 - R:localhost/127.0.0.1:41557] for GET '/session/7200920663eac18be101966e581c9db5/element/f61ee29c-92d7-4a3e-9892-7ba9932f9bce/text'
18:21:37.004 [AsyncHttpClient-1-5] DEBUG org.asynchttpclient.netty.handler.HttpHandler - 

Request DefaultFullHttpRequest(decodeResult: success, version: HTTP/1.1, content: EmptyByteBufBE)
GET /session/7200920663eac18be101966e581c9db5/element/f61ee29c-92d7-4a3e-9892-7ba9932f9bce/text HTTP/1.1
User-Agent: selenium/4.5.3 (java mac)
Cache-Control: no-cache
Content-Type: application/json; charset=utf-8
host: localhost:41557
accept: */*

Response DefaultHttpResponse(decodeResult: success, version: HTTP/1.1)
HTTP/1.1 200 OK
Content-Length: 90
Content-Type: application/json; charset=utf-8
cache-control: no-cache

18:21:37.004 [AsyncHttpClient-1-5] DEBUG org.asynchttpclient.netty.channel.ChannelManager - Adding key: http://localhost:41557 for channel [id: 0x606ef152, L:/127.0.0.1:54348 - R:localhost/127.0.0.1:41557]
18:21:37.005 [Forwarding findChildElement on session 7200920663eac18be101966e581c9db5 to remote] DEBUG org.asynchttpclient.netty.request.NettyRequestSender - Using pooled Channel '[id: 0x606ef152, L:/127.0.0.1:54348 - R:localhost/127.0.0.1:41557]' for 'POST' to 'http://localhost:41557/session/7200920663eac18be101966e581c9db5/element/b73e780f-f208-4455-b754-0fb54645c61b/element'
18:21:37.005 [Forwarding findChildElement on session 7200920663eac18be101966e581c9db5 to remote] DEBUG org.asynchttpclient.netty.request.NettyRequestSender - Using open Channel [id: 0x606ef152, L:/127.0.0.1:54348 - R:localhost/127.0.0.1:41557] for POST '/session/7200920663eac18be101966e581c9db5/element/b73e780f-f208-4455-b754-0fb54645c61b/element'
18:21:37.080 [AsyncHttpClient-1-5] DEBUG org.asynchttpclient.netty.handler.HttpHandler - 

Request DefaultHttpRequest(decodeResult: success, version: HTTP/1.1)
POST /session/7200920663eac18be101966e581c9db5/element/b73e780f-f208-4455-b754-0fb54645c61b/element HTTP/1.1
User-Agent: selenium/4.5.3 (java mac)
Content-Length: 106
Content-Type: application/json; charset=utf-8
host: localhost:41557
accept: */*

Response DefaultHttpResponse(decodeResult: success, version: HTTP/1.1)
HTTP/1.1 200 OK
Content-Length: 88
Content-Type: application/json; charset=utf-8
cache-control: no-cache

18:21:37.080 [AsyncHttpClient-1-5] DEBUG org.asynchttpclient.netty.channel.ChannelManager - Adding key: http://localhost:41557 for channel [id: 0x606ef152, L:/127.0.0.1:54348 - R:localhost/127.0.0.1:41557]
18:21:37.081 [Forwarding getElementText on session 7200920663eac18be101966e581c9db5 to remote] DEBUG org.asynchttpclient.netty.request.NettyRequestSender - Using pooled Channel '[id: 0x606ef152, L:/127.0.0.1:54348 - R:localhost/127.0.0.1:41557]' for 'GET' to 'http://localhost:41557/session/7200920663eac18be101966e581c9db5/element/a47b492c-ddbb-41f2-99d0-761660ff3e28/text'
18:21:37.082 [Forwarding getElementText on session 7200920663eac18be101966e581c9db5 to remote] DEBUG org.asynchttpclient.netty.request.NettyRequestSender - Using open Channel [id: 0x606ef152, L:/127.0.0.1:54348 - R:localhost/127.0.0.1:41557] for GET '/session/7200920663eac18be101966e581c9db5/element/a47b492c-ddbb-41f2-99d0-761660ff3e28/text'
18:21:37.149 [AsyncHttpClient-1-5] DEBUG org.asynchttpclient.netty.handler.HttpHandler - 

Request DefaultFullHttpRequest(decodeResult: success, version: HTTP/1.1, content: EmptyByteBufBE)
GET /session/7200920663eac18be101966e581c9db5/element/a47b492c-ddbb-41f2-99d0-761660ff3e28/text HTTP/1.1
User-Agent: selenium/4.5.3 (java mac)
Cache-Control: no-cache
Content-Type: application/json; charset=utf-8
host: localhost:41557
accept: */*

Response DefaultHttpResponse(decodeResult: success, version: HTTP/1.1)
HTTP/1.1 200 OK
Content-Length: 19
Content-Type: application/json; charset=utf-8
cache-control: no-cache

18:21:37.149 [AsyncHttpClient-1-5] DEBUG org.asynchttpclient.netty.channel.ChannelManager - Adding key: http://localhost:41557 for channel [id: 0x606ef152, L:/127.0.0.1:54348 - R:localhost/127.0.0.1:41557]
18:21:37.152 [Forwarding findChildElement on session 7200920663eac18be101966e581c9db5 to remote] DEBUG org.asynchttpclient.netty.request.NettyRequestSender - Using pooled Channel '[id: 0x606ef152, L:/127.0.0.1:54348 - R:localhost/127.0.0.1:41557]' for 'POST' to 'http://localhost:41557/session/7200920663eac18be101966e581c9db5/element/5d01cb6b-4f0e-4933-99ed-6b18b98ebe4b/element'
18:21:37.152 [Forwarding findChildElement on session 7200920663eac18be101966e581c9db5 to remote] DEBUG org.asynchttpclient.netty.request.NettyRequestSender - Using open Channel [id: 0x606ef152, L:/127.0.0.1:54348 - R:localhost/127.0.0.1:41557] for POST '/session/7200920663eac18be101966e581c9db5/element/5d01cb6b-4f0e-4933-99ed-6b18b98ebe4b/element'
18:21:37.305 [AsyncHttpClient-1-5] DEBUG org.asynchttpclient.netty.handler.HttpHandler - 

Request DefaultHttpRequest(decodeResult: success, version: HTTP/1.1)
POST /session/7200920663eac18be101966e581c9db5/element/5d01cb6b-4f0e-4933-99ed-6b18b98ebe4b/element HTTP/1.1
User-Agent: selenium/4.5.3 (java mac)
Content-Length: 106
Content-Type: application/json; charset=utf-8
host: localhost:41557
accept: */*

Response DefaultHttpResponse(decodeResult: success, version: HTTP/1.1)
HTTP/1.1 200 OK
Content-Length: 88
Content-Type: application/json; charset=utf-8
cache-control: no-cache

18:21:37.306 [AsyncHttpClient-1-5] DEBUG org.asynchttpclient.netty.channel.ChannelManager - Adding key: http://localhost:41557 for channel [id: 0x606ef152, L:/127.0.0.1:54348 - R:localhost/127.0.0.1:41557]
18:21:37.307 [Forwarding getElementText on session 7200920663eac18be101966e581c9db5 to remote] DEBUG org.asynchttpclient.netty.request.NettyRequestSender - Using pooled Channel '[id: 0x606ef152, L:/127.0.0.1:54348 - R:localhost/127.0.0.1:41557]' for 'GET' to 'http://localhost:41557/session/7200920663eac18be101966e581c9db5/element/2fb06afb-44cb-48a9-88e3-3f2501f141b0/text'
18:21:37.307 [Forwarding getElementText on session 7200920663eac18be101966e581c9db5 to remote] DEBUG org.asynchttpclient.netty.request.NettyRequestSender - Using open Channel [id: 0x606ef152, L:/127.0.0.1:54348 - R:localhost/127.0.0.1:41557] for GET '/session/7200920663eac18be101966e581c9db5/element/2fb06afb-44cb-48a9-88e3-3f2501f141b0/text'
18:21:37.354 [AsyncHttpClient-1-5] DEBUG org.asynchttpclient.netty.handler.HttpHandler - 

Request DefaultFullHttpRequest(decodeResult: success, version: HTTP/1.1, content: EmptyByteBufBE)
GET /session/7200920663eac18be101966e581c9db5/element/2fb06afb-44cb-48a9-88e3-3f2501f141b0/text HTTP/1.1
User-Agent: selenium/4.5.3 (java mac)
Cache-Control: no-cache
Content-Type: application/json; charset=utf-8
host: localhost:41557
accept: */*

Response DefaultHttpResponse(decodeResult: success, version: HTTP/1.1)
HTTP/1.1 200 OK
Content-Length: 72
Content-Type: application/json; charset=utf-8
cache-control: no-cache

18:21:37.355 [AsyncHttpClient-1-5] DEBUG org.asynchttpclient.netty.channel.ChannelManager - Adding key: http://localhost:41557 for channel [id: 0x606ef152, L:/127.0.0.1:54348 - R:localhost/127.0.0.1:41557]
18:21:37.356 [Forwarding findChildElement on session 7200920663eac18be101966e581c9db5 to remote] DEBUG org.asynchttpclient.netty.request.NettyRequestSender - Using pooled Channel '[id: 0x606ef152, L:/127.0.0.1:54348 - R:localhost/127.0.0.1:41557]' for 'POST' to 'http://localhost:41557/session/7200920663eac18be101966e581c9db5/element/5d01cb6b-4f0e-4933-99ed-6b18b98ebe4b/element'
18:21:37.356 [Forwarding findChildElement on session 7200920663eac18be101966e581c9db5 to remote] DEBUG org.asynchttpclient.netty.request.NettyRequestSender - Using open Channel [id: 0x606ef152, L:/127.0.0.1:54348 - R:localhost/127.0.0.1:41557] for POST '/session/7200920663eac18be101966e581c9db5/element/5d01cb6b-4f0e-4933-99ed-6b18b98ebe4b/element'
18:21:37.448 [AsyncHttpClient-1-5] DEBUG org.asynchttpclient.netty.handler.HttpHandler - 

Request DefaultHttpRequest(decodeResult: success, version: HTTP/1.1)
POST /session/7200920663eac18be101966e581c9db5/element/5d01cb6b-4f0e-4933-99ed-6b18b98ebe4b/element HTTP/1.1
User-Agent: selenium/4.5.3 (java mac)
Content-Length: 106
Content-Type: application/json; charset=utf-8
host: localhost:41557
accept: */*

Response DefaultHttpResponse(decodeResult: success, version: HTTP/1.1)
HTTP/1.1 200 OK
Content-Length: 88
Content-Type: application/json; charset=utf-8
cache-control: no-cache

18:21:37.448 [AsyncHttpClient-1-5] DEBUG org.asynchttpclient.netty.channel.ChannelManager - Adding key: http://localhost:41557 for channel [id: 0x606ef152, L:/127.0.0.1:54348 - R:localhost/127.0.0.1:41557]
18:21:37.451 [Forwarding getElementText on session 7200920663eac18be101966e581c9db5 to remote] DEBUG org.asynchttpclient.netty.request.NettyRequestSender - Using pooled Channel '[id: 0x606ef152, L:/127.0.0.1:54348 - R:localhost/127.0.0.1:41557]' for 'GET' to 'http://localhost:41557/session/7200920663eac18be101966e581c9db5/element/d211222e-8f3d-4f4d-b2f6-5ee0fc40ac67/text'
18:21:37.451 [Forwarding getElementText on session 7200920663eac18be101966e581c9db5 to remote] DEBUG org.asynchttpclient.netty.request.NettyRequestSender - Using open Channel [id: 0x606ef152, L:/127.0.0.1:54348 - R:localhost/127.0.0.1:41557] for GET '/session/7200920663eac18be101966e581c9db5/element/d211222e-8f3d-4f4d-b2f6-5ee0fc40ac67/text'
18:21:37.484 [AsyncHttpClient-1-5] DEBUG org.asynchttpclient.netty.handler.HttpHandler - 

Request DefaultFullHttpRequest(decodeResult: success, version: HTTP/1.1, content: EmptyByteBufBE)
GET /session/7200920663eac18be101966e581c9db5/element/d211222e-8f3d-4f4d-b2f6-5ee0fc40ac67/text HTTP/1.1
User-Agent: selenium/4.5.3 (java mac)
Cache-Control: no-cache
Content-Type: application/json; charset=utf-8
host: localhost:41557
accept: */*

Response DefaultHttpResponse(decodeResult: success, version: HTTP/1.1)
HTTP/1.1 200 OK
Content-Length: 19
Content-Type: application/json; charset=utf-8
cache-control: no-cache

18:21:37.485 [AsyncHttpClient-1-5] DEBUG org.asynchttpclient.netty.channel.ChannelManager - Adding key: http://localhost:41557 for channel [id: 0x606ef152, L:/127.0.0.1:54348 - R:localhost/127.0.0.1:41557]
18:21:37.486 [Forwarding findChildElement on session 7200920663eac18be101966e581c9db5 to remote] DEBUG org.asynchttpclient.netty.request.NettyRequestSender - Using pooled Channel '[id: 0x606ef152, L:/127.0.0.1:54348 - R:localhost/127.0.0.1:41557]' for 'POST' to 'http://localhost:41557/session/7200920663eac18be101966e581c9db5/element/1d5695d6-08a9-44b1-9aa3-42ebed59a728/element'
18:21:37.486 [Forwarding findChildElement on session 7200920663eac18be101966e581c9db5 to remote] DEBUG org.asynchttpclient.netty.request.NettyRequestSender - Using open Channel [id: 0x606ef152, L:/127.0.0.1:54348 - R:localhost/127.0.0.1:41557] for POST '/session/7200920663eac18be101966e581c9db5/element/1d5695d6-08a9-44b1-9aa3-42ebed59a728/element'
18:21:37.513 [AsyncHttpClient-1-1] DEBUG org.asynchttpclient.netty.channel.DefaultChannelPool - Entry count for : http://localhost:54349 : 1
18:21:37.513 [AsyncHttpClient-1-1] DEBUG org.asynchttpclient.netty.channel.DefaultChannelPool - Entry count for : http://localhost:47544 : 1
18:21:37.521 [AsyncHttpClient-1-5] DEBUG org.asynchttpclient.netty.handler.HttpHandler - 

Request DefaultHttpRequest(decodeResult: success, version: HTTP/1.1)
POST /session/7200920663eac18be101966e581c9db5/element/1d5695d6-08a9-44b1-9aa3-42ebed59a728/element HTTP/1.1
User-Agent: selenium/4.5.3 (java mac)
Content-Length: 106
Content-Type: application/json; charset=utf-8
host: localhost:41557
accept: */*

Response DefaultHttpResponse(decodeResult: success, version: HTTP/1.1)
HTTP/1.1 200 OK
Content-Length: 88
Content-Type: application/json; charset=utf-8
cache-control: no-cache

18:21:37.521 [AsyncHttpClient-1-5] DEBUG org.asynchttpclient.netty.channel.ChannelManager - Adding key: http://localhost:41557 for channel [id: 0x606ef152, L:/127.0.0.1:54348 - R:localhost/127.0.0.1:41557]
18:21:37.522 [Forwarding getElementText on session 7200920663eac18be101966e581c9db5 to remote] DEBUG org.asynchttpclient.netty.request.NettyRequestSender - Using pooled Channel '[id: 0x606ef152, L:/127.0.0.1:54348 - R:localhost/127.0.0.1:41557]' for 'GET' to 'http://localhost:41557/session/7200920663eac18be101966e581c9db5/element/449d0cc6-eacf-46b3-b3f6-41bfdef5c519/text'
18:21:37.522 [Forwarding getElementText on session 7200920663eac18be101966e581c9db5 to remote] DEBUG org.asynchttpclient.netty.request.NettyRequestSender - Using open Channel [id: 0x606ef152, L:/127.0.0.1:54348 - R:localhost/127.0.0.1:41557] for GET '/session/7200920663eac18be101966e581c9db5/element/449d0cc6-eacf-46b3-b3f6-41bfdef5c519/text'
18:21:37.537 [AsyncHttpClient-1-5] DEBUG org.asynchttpclient.netty.handler.HttpHandler - 

Request DefaultFullHttpRequest(decodeResult: success, version: HTTP/1.1, content: EmptyByteBufBE)
GET /session/7200920663eac18be101966e581c9db5/element/449d0cc6-eacf-46b3-b3f6-41bfdef5c519/text HTTP/1.1
User-Agent: selenium/4.5.3 (java mac)
Cache-Control: no-cache
Content-Type: application/json; charset=utf-8
host: localhost:41557
accept: */*

Response DefaultHttpResponse(decodeResult: success, version: HTTP/1.1)
HTTP/1.1 200 OK
Content-Length: 85
Content-Type: application/json; charset=utf-8
cache-control: no-cache

18:21:37.537 [AsyncHttpClient-1-5] DEBUG org.asynchttpclient.netty.channel.ChannelManager - Adding key: http://localhost:41557 for channel [id: 0x606ef152, L:/127.0.0.1:54348 - R:localhost/127.0.0.1:41557]
18:21:37.539 [Forwarding findChildElement on session 7200920663eac18be101966e581c9db5 to remote] DEBUG org.asynchttpclient.netty.request.NettyRequestSender - Using pooled Channel '[id: 0x606ef152, L:/127.0.0.1:54348 - R:localhost/127.0.0.1:41557]' for 'POST' to 'http://localhost:41557/session/7200920663eac18be101966e581c9db5/element/1d5695d6-08a9-44b1-9aa3-42ebed59a728/element'
18:21:37.539 [Forwarding findChildElement on session 7200920663eac18be101966e581c9db5 to remote] DEBUG org.asynchttpclient.netty.request.NettyRequestSender - Using open Channel [id: 0x606ef152, L:/127.0.0.1:54348 - R:localhost/127.0.0.1:41557] for POST '/session/7200920663eac18be101966e581c9db5/element/1d5695d6-08a9-44b1-9aa3-42ebed59a728/element'
18:21:37.597 [AsyncHttpClient-1-5] DEBUG org.asynchttpclient.netty.handler.HttpHandler - 

Request DefaultHttpRequest(decodeResult: success, version: HTTP/1.1)
POST /session/7200920663eac18be101966e581c9db5/element/1d5695d6-08a9-44b1-9aa3-42ebed59a728/element HTTP/1.1
User-Agent: selenium/4.5.3 (java mac)
Content-Length: 106
Content-Type: application/json; charset=utf-8
host: localhost:41557
accept: */*

Response DefaultHttpResponse(decodeResult: success, version: HTTP/1.1)
HTTP/1.1 200 OK
Content-Length: 88
Content-Type: application/json; charset=utf-8
cache-control: no-cache

18:21:37.597 [AsyncHttpClient-1-5] DEBUG org.asynchttpclient.netty.channel.ChannelManager - Adding key: http://localhost:41557 for channel [id: 0x606ef152, L:/127.0.0.1:54348 - R:localhost/127.0.0.1:41557]
18:21:37.599 [Forwarding getElementText on session 7200920663eac18be101966e581c9db5 to remote] DEBUG org.asynchttpclient.netty.request.NettyRequestSender - Using pooled Channel '[id: 0x606ef152, L:/127.0.0.1:54348 - R:localhost/127.0.0.1:41557]' for 'GET' to 'http://localhost:41557/session/7200920663eac18be101966e581c9db5/element/a2876479-cc11-440d-b203-2cb8f5ec590c/text'
18:21:37.599 [Forwarding getElementText on session 7200920663eac18be101966e581c9db5 to remote] DEBUG org.asynchttpclient.netty.request.NettyRequestSender - Using open Channel [id: 0x606ef152, L:/127.0.0.1:54348 - R:localhost/127.0.0.1:41557] for GET '/session/7200920663eac18be101966e581c9db5/element/a2876479-cc11-440d-b203-2cb8f5ec590c/text'
18:21:37.618 [AsyncHttpClient-1-5] DEBUG org.asynchttpclient.netty.handler.HttpHandler - 

Request DefaultFullHttpRequest(decodeResult: success, version: HTTP/1.1, content: EmptyByteBufBE)
GET /session/7200920663eac18be101966e581c9db5/element/a2876479-cc11-440d-b203-2cb8f5ec590c/text HTTP/1.1
User-Agent: selenium/4.5.3 (java mac)
Cache-Control: no-cache
Content-Type: application/json; charset=utf-8
host: localhost:41557
accept: */*

Response DefaultHttpResponse(decodeResult: success, version: HTTP/1.1)
HTTP/1.1 200 OK
Content-Length: 30
Content-Type: application/json; charset=utf-8
cache-control: no-cache

18:21:37.618 [AsyncHttpClient-1-5] DEBUG org.asynchttpclient.netty.channel.ChannelManager - Adding key: http://localhost:41557 for channel [id: 0x606ef152, L:/127.0.0.1:54348 - R:localhost/127.0.0.1:41557]
18:21:37.623 [Forwarding findChildElement on session 7200920663eac18be101966e581c9db5 to remote] DEBUG org.asynchttpclient.netty.request.NettyRequestSender - Using pooled Channel '[id: 0x606ef152, L:/127.0.0.1:54348 - R:localhost/127.0.0.1:41557]' for 'POST' to 'http://localhost:41557/session/7200920663eac18be101966e581c9db5/element/f1fddea5-4b68-40b9-ba03-b398683e7f90/element'
18:21:37.623 [Forwarding findChildElement on session 7200920663eac18be101966e581c9db5 to remote] DEBUG org.asynchttpclient.netty.request.NettyRequestSender - Using open Channel [id: 0x606ef152, L:/127.0.0.1:54348 - R:localhost/127.0.0.1:41557] for POST '/session/7200920663eac18be101966e581c9db5/element/f1fddea5-4b68-40b9-ba03-b398683e7f90/element'
18:21:37.642 [AsyncHttpClient-1-5] DEBUG org.asynchttpclient.netty.handler.HttpHandler - 

Request DefaultHttpRequest(decodeResult: success, version: HTTP/1.1)
POST /session/7200920663eac18be101966e581c9db5/element/f1fddea5-4b68-40b9-ba03-b398683e7f90/element HTTP/1.1
User-Agent: selenium/4.5.3 (java mac)
Content-Length: 106
Content-Type: application/json; charset=utf-8
host: localhost:41557
accept: */*

Response DefaultHttpResponse(decodeResult: success, version: HTTP/1.1)
HTTP/1.1 200 OK
Content-Length: 88
Content-Type: application/json; charset=utf-8
cache-control: no-cache

18:21:37.642 [AsyncHttpClient-1-5] DEBUG org.asynchttpclient.netty.channel.ChannelManager - Adding key: http://localhost:41557 for channel [id: 0x606ef152, L:/127.0.0.1:54348 - R:localhost/127.0.0.1:41557]
18:21:37.644 [Forwarding getElementText on session 7200920663eac18be101966e581c9db5 to remote] DEBUG org.asynchttpclient.netty.request.NettyRequestSender - Using pooled Channel '[id: 0x606ef152, L:/127.0.0.1:54348 - R:localhost/127.0.0.1:41557]' for 'GET' to 'http://localhost:41557/session/7200920663eac18be101966e581c9db5/element/5bbed6fc-733d-49b6-a3f2-c0ab3ca40bfb/text'
18:21:37.644 [Forwarding getElementText on session 7200920663eac18be101966e581c9db5 to remote] DEBUG org.asynchttpclient.netty.request.NettyRequestSender - Using open Channel [id: 0x606ef152, L:/127.0.0.1:54348 - R:localhost/127.0.0.1:41557] for GET '/session/7200920663eac18be101966e581c9db5/element/5bbed6fc-733d-49b6-a3f2-c0ab3ca40bfb/text'
18:21:37.679 [AsyncHttpClient-1-5] DEBUG org.asynchttpclient.netty.handler.HttpHandler - 

Request DefaultFullHttpRequest(decodeResult: success, version: HTTP/1.1, content: EmptyByteBufBE)
GET /session/7200920663eac18be101966e581c9db5/element/5bbed6fc-733d-49b6-a3f2-c0ab3ca40bfb/text HTTP/1.1
User-Agent: selenium/4.5.3 (java mac)
Cache-Control: no-cache
Content-Type: application/json; charset=utf-8
host: localhost:41557
accept: */*

Response DefaultHttpResponse(decodeResult: success, version: HTTP/1.1)
HTTP/1.1 200 OK
Content-Length: 79
Content-Type: application/json; charset=utf-8
cache-control: no-cache

18:21:37.679 [AsyncHttpClient-1-5] DEBUG org.asynchttpclient.netty.channel.ChannelManager - Adding key: http://localhost:41557 for channel [id: 0x606ef152, L:/127.0.0.1:54348 - R:localhost/127.0.0.1:41557]
18:21:37.683 [Forwarding findChildElement on session 7200920663eac18be101966e581c9db5 to remote] DEBUG org.asynchttpclient.netty.request.NettyRequestSender - Using pooled Channel '[id: 0x606ef152, L:/127.0.0.1:54348 - R:localhost/127.0.0.1:41557]' for 'POST' to 'http://localhost:41557/session/7200920663eac18be101966e581c9db5/element/f1fddea5-4b68-40b9-ba03-b398683e7f90/element'
18:21:37.683 [Forwarding findChildElement on session 7200920663eac18be101966e581c9db5 to remote] DEBUG org.asynchttpclient.netty.request.NettyRequestSender - Using open Channel [id: 0x606ef152, L:/127.0.0.1:54348 - R:localhost/127.0.0.1:41557] for POST '/session/7200920663eac18be101966e581c9db5/element/f1fddea5-4b68-40b9-ba03-b398683e7f90/element'
18:21:37.696 [AsyncHttpClient-1-5] DEBUG org.asynchttpclient.netty.handler.HttpHandler - 

Request DefaultHttpRequest(decodeResult: success, version: HTTP/1.1)
POST /session/7200920663eac18be101966e581c9db5/element/f1fddea5-4b68-40b9-ba03-b398683e7f90/element HTTP/1.1
User-Agent: selenium/4.5.3 (java mac)
Content-Length: 106
Content-Type: application/json; charset=utf-8
host: localhost:41557
accept: */*

Response DefaultHttpResponse(decodeResult: success, version: HTTP/1.1)
HTTP/1.1 200 OK
Content-Length: 88
Content-Type: application/json; charset=utf-8
cache-control: no-cache

18:21:37.696 [AsyncHttpClient-1-5] DEBUG org.asynchttpclient.netty.channel.ChannelManager - Adding key: http://localhost:41557 for channel [id: 0x606ef152, L:/127.0.0.1:54348 - R:localhost/127.0.0.1:41557]
18:21:37.697 [Forwarding getElementText on session 7200920663eac18be101966e581c9db5 to remote] DEBUG org.asynchttpclient.netty.request.NettyRequestSender - Using pooled Channel '[id: 0x606ef152, L:/127.0.0.1:54348 - R:localhost/127.0.0.1:41557]' for 'GET' to 'http://localhost:41557/session/7200920663eac18be101966e581c9db5/element/f5b44353-6c9c-4f53-9236-0d3c5a0bc613/text'
18:21:37.697 [Forwarding getElementText on session 7200920663eac18be101966e581c9db5 to remote] DEBUG org.asynchttpclient.netty.request.NettyRequestSender - Using open Channel [id: 0x606ef152, L:/127.0.0.1:54348 - R:localhost/127.0.0.1:41557] for GET '/session/7200920663eac18be101966e581c9db5/element/f5b44353-6c9c-4f53-9236-0d3c5a0bc613/text'
18:21:37.719 [AsyncHttpClient-1-5] DEBUG org.asynchttpclient.netty.handler.HttpHandler - 

Request DefaultFullHttpRequest(decodeResult: success, version: HTTP/1.1, content: EmptyByteBufBE)
GET /session/7200920663eac18be101966e581c9db5/element/f5b44353-6c9c-4f53-9236-0d3c5a0bc613/text HTTP/1.1
User-Agent: selenium/4.5.3 (java mac)
Cache-Control: no-cache
Content-Type: application/json; charset=utf-8
host: localhost:41557
accept: */*

Response DefaultHttpResponse(decodeResult: success, version: HTTP/1.1)
HTTP/1.1 200 OK
Content-Length: 19
Content-Type: application/json; charset=utf-8
cache-control: no-cache

18:21:37.719 [AsyncHttpClient-1-5] DEBUG org.asynchttpclient.netty.channel.ChannelManager - Adding key: http://localhost:41557 for channel [id: 0x606ef152, L:/127.0.0.1:54348 - R:localhost/127.0.0.1:41557]
18:21:37.721 [Forwarding findChildElement on session 7200920663eac18be101966e581c9db5 to remote] DEBUG org.asynchttpclient.netty.request.NettyRequestSender - Using pooled Channel '[id: 0x606ef152, L:/127.0.0.1:54348 - R:localhost/127.0.0.1:41557]' for 'POST' to 'http://localhost:41557/session/7200920663eac18be101966e581c9db5/element/f231706a-6ebf-474b-a0e7-3c5b573c984b/element'
18:21:37.721 [Forwarding findChildElement on session 7200920663eac18be101966e581c9db5 to remote] DEBUG org.asynchttpclient.netty.request.NettyRequestSender - Using open Channel [id: 0x606ef152, L:/127.0.0.1:54348 - R:localhost/127.0.0.1:41557] for POST '/session/7200920663eac18be101966e581c9db5/element/f231706a-6ebf-474b-a0e7-3c5b573c984b/element'
18:21:37.744 [AsyncHttpClient-1-5] DEBUG org.asynchttpclient.netty.handler.HttpHandler - 

Request DefaultHttpRequest(decodeResult: success, version: HTTP/1.1)
POST /session/7200920663eac18be101966e581c9db5/element/f231706a-6ebf-474b-a0e7-3c5b573c984b/element HTTP/1.1
User-Agent: selenium/4.5.3 (java mac)
Content-Length: 106
Content-Type: application/json; charset=utf-8
host: localhost:41557
accept: */*

Response DefaultHttpResponse(decodeResult: success, version: HTTP/1.1)
HTTP/1.1 200 OK
Content-Length: 88
Content-Type: application/json; charset=utf-8
cache-control: no-cache

18:21:37.745 [AsyncHttpClient-1-5] DEBUG org.asynchttpclient.netty.channel.ChannelManager - Adding key: http://localhost:41557 for channel [id: 0x606ef152, L:/127.0.0.1:54348 - R:localhost/127.0.0.1:41557]
18:21:37.747 [Forwarding getElementText on session 7200920663eac18be101966e581c9db5 to remote] DEBUG org.asynchttpclient.netty.request.NettyRequestSender - Using pooled Channel '[id: 0x606ef152, L:/127.0.0.1:54348 - R:localhost/127.0.0.1:41557]' for 'GET' to 'http://localhost:41557/session/7200920663eac18be101966e581c9db5/element/374317f3-09ab-4f92-848e-b215eae15639/text'
18:21:37.747 [Forwarding getElementText on session 7200920663eac18be101966e581c9db5 to remote] DEBUG org.asynchttpclient.netty.request.NettyRequestSender - Using open Channel [id: 0x606ef152, L:/127.0.0.1:54348 - R:localhost/127.0.0.1:41557] for GET '/session/7200920663eac18be101966e581c9db5/element/374317f3-09ab-4f92-848e-b215eae15639/text'
18:21:37.776 [AsyncHttpClient-1-5] DEBUG org.asynchttpclient.netty.handler.HttpHandler - 

Request DefaultFullHttpRequest(decodeResult: success, version: HTTP/1.1, content: EmptyByteBufBE)
GET /session/7200920663eac18be101966e581c9db5/element/374317f3-09ab-4f92-848e-b215eae15639/text HTTP/1.1
User-Agent: selenium/4.5.3 (java mac)
Cache-Control: no-cache
Content-Type: application/json; charset=utf-8
host: localhost:41557
accept: */*

Response DefaultHttpResponse(decodeResult: success, version: HTTP/1.1)
HTTP/1.1 200 OK
Content-Length: 72
Content-Type: application/json; charset=utf-8
cache-control: no-cache

18:21:37.776 [AsyncHttpClient-1-5] DEBUG org.asynchttpclient.netty.channel.ChannelManager - Adding key: http://localhost:41557 for channel [id: 0x606ef152, L:/127.0.0.1:54348 - R:localhost/127.0.0.1:41557]
18:21:37.778 [Forwarding findChildElement on session 7200920663eac18be101966e581c9db5 to remote] DEBUG org.asynchttpclient.netty.request.NettyRequestSender - Using pooled Channel '[id: 0x606ef152, L:/127.0.0.1:54348 - R:localhost/127.0.0.1:41557]' for 'POST' to 'http://localhost:41557/session/7200920663eac18be101966e581c9db5/element/f231706a-6ebf-474b-a0e7-3c5b573c984b/element'
18:21:37.778 [Forwarding findChildElement on session 7200920663eac18be101966e581c9db5 to remote] DEBUG org.asynchttpclient.netty.request.NettyRequestSender - Using open Channel [id: 0x606ef152, L:/127.0.0.1:54348 - R:localhost/127.0.0.1:41557] for POST '/session/7200920663eac18be101966e581c9db5/element/f231706a-6ebf-474b-a0e7-3c5b573c984b/element'
18:21:37.808 [AsyncHttpClient-1-5] DEBUG org.asynchttpclient.netty.handler.HttpHandler - 

Request DefaultHttpRequest(decodeResult: success, version: HTTP/1.1)
POST /session/7200920663eac18be101966e581c9db5/element/f231706a-6ebf-474b-a0e7-3c5b573c984b/element HTTP/1.1
User-Agent: selenium/4.5.3 (java mac)
Content-Length: 106
Content-Type: application/json; charset=utf-8
host: localhost:41557
accept: */*

Response DefaultHttpResponse(decodeResult: success, version: HTTP/1.1)
HTTP/1.1 200 OK
Content-Length: 88
Content-Type: application/json; charset=utf-8
cache-control: no-cache

18:21:37.809 [AsyncHttpClient-1-5] DEBUG org.asynchttpclient.netty.channel.ChannelManager - Adding key: http://localhost:41557 for channel [id: 0x606ef152, L:/127.0.0.1:54348 - R:localhost/127.0.0.1:41557]
18:21:37.810 [Forwarding getElementText on session 7200920663eac18be101966e581c9db5 to remote] DEBUG org.asynchttpclient.netty.request.NettyRequestSender - Using pooled Channel '[id: 0x606ef152, L:/127.0.0.1:54348 - R:localhost/127.0.0.1:41557]' for 'GET' to 'http://localhost:41557/session/7200920663eac18be101966e581c9db5/element/30f33f88-f0e0-4a70-b5d2-9144e6e4bc13/text'
18:21:37.811 [Forwarding getElementText on session 7200920663eac18be101966e581c9db5 to remote] DEBUG org.asynchttpclient.netty.request.NettyRequestSender - Using open Channel [id: 0x606ef152, L:/127.0.0.1:54348 - R:localhost/127.0.0.1:41557] for GET '/session/7200920663eac18be101966e581c9db5/element/30f33f88-f0e0-4a70-b5d2-9144e6e4bc13/text'
18:21:37.848 [AsyncHttpClient-1-5] DEBUG org.asynchttpclient.netty.handler.HttpHandler - 

Request DefaultFullHttpRequest(decodeResult: success, version: HTTP/1.1, content: EmptyByteBufBE)
GET /session/7200920663eac18be101966e581c9db5/element/30f33f88-f0e0-4a70-b5d2-9144e6e4bc13/text HTTP/1.1
User-Agent: selenium/4.5.3 (java mac)
Cache-Control: no-cache
Content-Type: application/json; charset=utf-8
host: localhost:41557
accept: */*

Response DefaultHttpResponse(decodeResult: success, version: HTTP/1.1)
HTTP/1.1 200 OK
Content-Length: 19
Content-Type: application/json; charset=utf-8
cache-control: no-cache

18:21:37.848 [AsyncHttpClient-1-5] DEBUG org.asynchttpclient.netty.channel.ChannelManager - Adding key: http://localhost:41557 for channel [id: 0x606ef152, L:/127.0.0.1:54348 - R:localhost/127.0.0.1:41557]
18:21:37.851 [Forwarding findChildElement on session 7200920663eac18be101966e581c9db5 to remote] DEBUG org.asynchttpclient.netty.request.NettyRequestSender - Using pooled Channel '[id: 0x606ef152, L:/127.0.0.1:54348 - R:localhost/127.0.0.1:41557]' for 'POST' to 'http://localhost:41557/session/7200920663eac18be101966e581c9db5/element/3504b3e7-022a-485c-88b2-c3c94b8275dd/element'
18:21:37.851 [Forwarding findChildElement on session 7200920663eac18be101966e581c9db5 to remote] DEBUG org.asynchttpclient.netty.request.NettyRequestSender - Using open Channel [id: 0x606ef152, L:/127.0.0.1:54348 - R:localhost/127.0.0.1:41557] for POST '/session/7200920663eac18be101966e581c9db5/element/3504b3e7-022a-485c-88b2-c3c94b8275dd/element'
18:21:37.863 [AsyncHttpClient-1-5] DEBUG org.asynchttpclient.netty.handler.HttpHandler - 

Request DefaultHttpRequest(decodeResult: success, version: HTTP/1.1)
POST /session/7200920663eac18be101966e581c9db5/element/3504b3e7-022a-485c-88b2-c3c94b8275dd/element HTTP/1.1
User-Agent: selenium/4.5.3 (java mac)
Content-Length: 106
Content-Type: application/json; charset=utf-8
host: localhost:41557
accept: */*

Response DefaultHttpResponse(decodeResult: success, version: HTTP/1.1)
HTTP/1.1 200 OK
Content-Length: 88
Content-Type: application/json; charset=utf-8
cache-control: no-cache

18:21:37.863 [AsyncHttpClient-1-5] DEBUG org.asynchttpclient.netty.channel.ChannelManager - Adding key: http://localhost:41557 for channel [id: 0x606ef152, L:/127.0.0.1:54348 - R:localhost/127.0.0.1:41557]
18:21:37.864 [Forwarding getElementText on session 7200920663eac18be101966e581c9db5 to remote] DEBUG org.asynchttpclient.netty.request.NettyRequestSender - Using pooled Channel '[id: 0x606ef152, L:/127.0.0.1:54348 - R:localhost/127.0.0.1:41557]' for 'GET' to 'http://localhost:41557/session/7200920663eac18be101966e581c9db5/element/222bebec-6da7-4fe9-9476-469528fd8747/text'
18:21:37.864 [Forwarding getElementText on session 7200920663eac18be101966e581c9db5 to remote] DEBUG org.asynchttpclient.netty.request.NettyRequestSender - Using open Channel [id: 0x606ef152, L:/127.0.0.1:54348 - R:localhost/127.0.0.1:41557] for GET '/session/7200920663eac18be101966e581c9db5/element/222bebec-6da7-4fe9-9476-469528fd8747/text'
18:21:37.922 [AsyncHttpClient-1-5] DEBUG org.asynchttpclient.netty.handler.HttpHandler - 

Request DefaultFullHttpRequest(decodeResult: success, version: HTTP/1.1, content: EmptyByteBufBE)
GET /session/7200920663eac18be101966e581c9db5/element/222bebec-6da7-4fe9-9476-469528fd8747/text HTTP/1.1
User-Agent: selenium/4.5.3 (java mac)
Cache-Control: no-cache
Content-Type: application/json; charset=utf-8
host: localhost:41557
accept: */*

Response DefaultHttpResponse(decodeResult: success, version: HTTP/1.1)
HTTP/1.1 200 OK
Content-Length: 79
Content-Type: application/json; charset=utf-8
cache-control: no-cache

18:21:37.922 [AsyncHttpClient-1-5] DEBUG org.asynchttpclient.netty.channel.ChannelManager - Adding key: http://localhost:41557 for channel [id: 0x606ef152, L:/127.0.0.1:54348 - R:localhost/127.0.0.1:41557]
18:21:37.923 [Forwarding findChildElement on session 7200920663eac18be101966e581c9db5 to remote] DEBUG org.asynchttpclient.netty.request.NettyRequestSender - Using pooled Channel '[id: 0x606ef152, L:/127.0.0.1:54348 - R:localhost/127.0.0.1:41557]' for 'POST' to 'http://localhost:41557/session/7200920663eac18be101966e581c9db5/element/3504b3e7-022a-485c-88b2-c3c94b8275dd/element'
18:21:37.923 [Forwarding findChildElement on session 7200920663eac18be101966e581c9db5 to remote] DEBUG org.asynchttpclient.netty.request.NettyRequestSender - Using open Channel [id: 0x606ef152, L:/127.0.0.1:54348 - R:localhost/127.0.0.1:41557] for POST '/session/7200920663eac18be101966e581c9db5/element/3504b3e7-022a-485c-88b2-c3c94b8275dd/element'
18:21:37.933 [AsyncHttpClient-1-5] DEBUG org.asynchttpclient.netty.handler.HttpHandler - 

Request DefaultHttpRequest(decodeResult: success, version: HTTP/1.1)
POST /session/7200920663eac18be101966e581c9db5/element/3504b3e7-022a-485c-88b2-c3c94b8275dd/element HTTP/1.1
User-Agent: selenium/4.5.3 (java mac)
Content-Length: 106
Content-Type: application/json; charset=utf-8
host: localhost:41557
accept: */*

Response DefaultHttpResponse(decodeResult: success, version: HTTP/1.1)
HTTP/1.1 200 OK
Content-Length: 88
Content-Type: application/json; charset=utf-8
cache-control: no-cache

18:21:37.934 [AsyncHttpClient-1-5] DEBUG org.asynchttpclient.netty.channel.ChannelManager - Adding key: http://localhost:41557 for channel [id: 0x606ef152, L:/127.0.0.1:54348 - R:localhost/127.0.0.1:41557]
18:21:37.935 [Forwarding getElementText on session 7200920663eac18be101966e581c9db5 to remote] DEBUG org.asynchttpclient.netty.request.NettyRequestSender - Using pooled Channel '[id: 0x606ef152, L:/127.0.0.1:54348 - R:localhost/127.0.0.1:41557]' for 'GET' to 'http://localhost:41557/session/7200920663eac18be101966e581c9db5/element/0be5c582-0fd3-496f-860e-3bc9f15b664e/text'
18:21:37.935 [Forwarding getElementText on session 7200920663eac18be101966e581c9db5 to remote] DEBUG org.asynchttpclient.netty.request.NettyRequestSender - Using open Channel [id: 0x606ef152, L:/127.0.0.1:54348 - R:localhost/127.0.0.1:41557] for GET '/session/7200920663eac18be101966e581c9db5/element/0be5c582-0fd3-496f-860e-3bc9f15b664e/text'
18:21:37.989 [AsyncHttpClient-1-5] DEBUG org.asynchttpclient.netty.handler.HttpHandler - 

Request DefaultFullHttpRequest(decodeResult: success, version: HTTP/1.1, content: EmptyByteBufBE)
GET /session/7200920663eac18be101966e581c9db5/element/0be5c582-0fd3-496f-860e-3bc9f15b664e/text HTTP/1.1
User-Agent: selenium/4.5.3 (java mac)
Cache-Control: no-cache
Content-Type: application/json; charset=utf-8
host: localhost:41557
accept: */*

Response DefaultHttpResponse(decodeResult: success, version: HTTP/1.1)
HTTP/1.1 200 OK
Content-Length: 19
Content-Type: application/json; charset=utf-8
cache-control: no-cache

18:21:37.989 [AsyncHttpClient-1-5] DEBUG org.asynchttpclient.netty.channel.ChannelManager - Adding key: http://localhost:41557 for channel [id: 0x606ef152, L:/127.0.0.1:54348 - R:localhost/127.0.0.1:41557]
18:21:38.001 [Forwarding findChildElement on session 7200920663eac18be101966e581c9db5 to remote] DEBUG org.asynchttpclient.netty.request.NettyRequestSender - Using pooled Channel '[id: 0x606ef152, L:/127.0.0.1:54348 - R:localhost/127.0.0.1:41557]' for 'POST' to 'http://localhost:41557/session/7200920663eac18be101966e581c9db5/element/35438978-4d97-4fc2-bbe4-c145c51dc764/element'
18:21:38.002 [Forwarding findChildElement on session 7200920663eac18be101966e581c9db5 to remote] DEBUG org.asynchttpclient.netty.request.NettyRequestSender - Using open Channel [id: 0x606ef152, L:/127.0.0.1:54348 - R:localhost/127.0.0.1:41557] for POST '/session/7200920663eac18be101966e581c9db5/element/35438978-4d97-4fc2-bbe4-c145c51dc764/element'
18:21:38.071 [AsyncHttpClient-1-5] DEBUG org.asynchttpclient.netty.handler.HttpHandler - 

Request DefaultHttpRequest(decodeResult: success, version: HTTP/1.1)
POST /session/7200920663eac18be101966e581c9db5/element/35438978-4d97-4fc2-bbe4-c145c51dc764/element HTTP/1.1
User-Agent: selenium/4.5.3 (java mac)
Content-Length: 106
Content-Type: application/json; charset=utf-8
host: localhost:41557
accept: */*

Response DefaultHttpResponse(decodeResult: success, version: HTTP/1.1)
HTTP/1.1 200 OK
Content-Length: 88
Content-Type: application/json; charset=utf-8
cache-control: no-cache

18:21:38.071 [AsyncHttpClient-1-5] DEBUG org.asynchttpclient.netty.channel.ChannelManager - Adding key: http://localhost:41557 for channel [id: 0x606ef152, L:/127.0.0.1:54348 - R:localhost/127.0.0.1:41557]
18:21:38.072 [Forwarding getElementText on session 7200920663eac18be101966e581c9db5 to remote] DEBUG org.asynchttpclient.netty.request.NettyRequestSender - Using pooled Channel '[id: 0x606ef152, L:/127.0.0.1:54348 - R:localhost/127.0.0.1:41557]' for 'GET' to 'http://localhost:41557/session/7200920663eac18be101966e581c9db5/element/56c64109-2914-4b45-8ef9-9edae3bb8d8a/text'
18:21:38.073 [Forwarding getElementText on session 7200920663eac18be101966e581c9db5 to remote] DEBUG org.asynchttpclient.netty.request.NettyRequestSender - Using open Channel [id: 0x606ef152, L:/127.0.0.1:54348 - R:localhost/127.0.0.1:41557] for GET '/session/7200920663eac18be101966e581c9db5/element/56c64109-2914-4b45-8ef9-9edae3bb8d8a/text'
18:21:38.152 [AsyncHttpClient-1-5] DEBUG org.asynchttpclient.netty.handler.HttpHandler - 

Request DefaultFullHttpRequest(decodeResult: success, version: HTTP/1.1, content: EmptyByteBufBE)
GET /session/7200920663eac18be101966e581c9db5/element/56c64109-2914-4b45-8ef9-9edae3bb8d8a/text HTTP/1.1
User-Agent: selenium/4.5.3 (java mac)
Cache-Control: no-cache
Content-Type: application/json; charset=utf-8
host: localhost:41557
accept: */*

Response DefaultHttpResponse(decodeResult: success, version: HTTP/1.1)
HTTP/1.1 200 OK
Content-Length: 64
Content-Type: application/json; charset=utf-8
cache-control: no-cache

18:21:38.153 [AsyncHttpClient-1-5] DEBUG org.asynchttpclient.netty.channel.ChannelManager - Adding key: http://localhost:41557 for channel [id: 0x606ef152, L:/127.0.0.1:54348 - R:localhost/127.0.0.1:41557]
18:21:38.155 [Forwarding findChildElement on session 7200920663eac18be101966e581c9db5 to remote] DEBUG org.asynchttpclient.netty.request.NettyRequestSender - Using pooled Channel '[id: 0x606ef152, L:/127.0.0.1:54348 - R:localhost/127.0.0.1:41557]' for 'POST' to 'http://localhost:41557/session/7200920663eac18be101966e581c9db5/element/35438978-4d97-4fc2-bbe4-c145c51dc764/element'
18:21:38.155 [Forwarding findChildElement on session 7200920663eac18be101966e581c9db5 to remote] DEBUG org.asynchttpclient.netty.request.NettyRequestSender - Using open Channel [id: 0x606ef152, L:/127.0.0.1:54348 - R:localhost/127.0.0.1:41557] for POST '/session/7200920663eac18be101966e581c9db5/element/35438978-4d97-4fc2-bbe4-c145c51dc764/element'
18:21:38.227 [AsyncHttpClient-1-5] DEBUG org.asynchttpclient.netty.handler.HttpHandler - 

Request DefaultHttpRequest(decodeResult: success, version: HTTP/1.1)
POST /session/7200920663eac18be101966e581c9db5/element/35438978-4d97-4fc2-bbe4-c145c51dc764/element HTTP/1.1
User-Agent: selenium/4.5.3 (java mac)
Content-Length: 106
Content-Type: application/json; charset=utf-8
host: localhost:41557
accept: */*

Response DefaultHttpResponse(decodeResult: success, version: HTTP/1.1)
HTTP/1.1 200 OK
Content-Length: 88
Content-Type: application/json; charset=utf-8
cache-control: no-cache

18:21:38.227 [AsyncHttpClient-1-5] DEBUG org.asynchttpclient.netty.channel.ChannelManager - Adding key: http://localhost:41557 for channel [id: 0x606ef152, L:/127.0.0.1:54348 - R:localhost/127.0.0.1:41557]
18:21:38.229 [Forwarding getElementText on session 7200920663eac18be101966e581c9db5 to remote] DEBUG org.asynchttpclient.netty.request.NettyRequestSender - Using pooled Channel '[id: 0x606ef152, L:/127.0.0.1:54348 - R:localhost/127.0.0.1:41557]' for 'GET' to 'http://localhost:41557/session/7200920663eac18be101966e581c9db5/element/ef16f350-e87f-4094-ac41-6e1c4169b5ab/text'
18:21:38.229 [Forwarding getElementText on session 7200920663eac18be101966e581c9db5 to remote] DEBUG org.asynchttpclient.netty.request.NettyRequestSender - Using open Channel [id: 0x606ef152, L:/127.0.0.1:54348 - R:localhost/127.0.0.1:41557] for GET '/session/7200920663eac18be101966e581c9db5/element/ef16f350-e87f-4094-ac41-6e1c4169b5ab/text'
18:21:38.277 [AsyncHttpClient-1-5] DEBUG org.asynchttpclient.netty.handler.HttpHandler - 

Request DefaultFullHttpRequest(decodeResult: success, version: HTTP/1.1, content: EmptyByteBufBE)
GET /session/7200920663eac18be101966e581c9db5/element/ef16f350-e87f-4094-ac41-6e1c4169b5ab/text HTTP/1.1
User-Agent: selenium/4.5.3 (java mac)
Cache-Control: no-cache
Content-Type: application/json; charset=utf-8
host: localhost:41557
accept: */*

Response DefaultHttpResponse(decodeResult: success, version: HTTP/1.1)
HTTP/1.1 200 OK
Content-Length: 19
Content-Type: application/json; charset=utf-8
cache-control: no-cache

18:21:38.277 [AsyncHttpClient-1-5] DEBUG org.asynchttpclient.netty.channel.ChannelManager - Adding key: http://localhost:41557 for channel [id: 0x606ef152, L:/127.0.0.1:54348 - R:localhost/127.0.0.1:41557]
18:21:38.279 [Forwarding findChildElement on session 7200920663eac18be101966e581c9db5 to remote] DEBUG org.asynchttpclient.netty.request.NettyRequestSender - Using pooled Channel '[id: 0x606ef152, L:/127.0.0.1:54348 - R:localhost/127.0.0.1:41557]' for 'POST' to 'http://localhost:41557/session/7200920663eac18be101966e581c9db5/element/172b2653-92c3-4caa-aa6e-09800214eb41/element'
18:21:38.279 [Forwarding findChildElement on session 7200920663eac18be101966e581c9db5 to remote] DEBUG org.asynchttpclient.netty.request.NettyRequestSender - Using open Channel [id: 0x606ef152, L:/127.0.0.1:54348 - R:localhost/127.0.0.1:41557] for POST '/session/7200920663eac18be101966e581c9db5/element/172b2653-92c3-4caa-aa6e-09800214eb41/element'
18:21:38.316 [AsyncHttpClient-1-5] DEBUG org.asynchttpclient.netty.handler.HttpHandler - 

Request DefaultHttpRequest(decodeResult: success, version: HTTP/1.1)
POST /session/7200920663eac18be101966e581c9db5/element/172b2653-92c3-4caa-aa6e-09800214eb41/element HTTP/1.1
User-Agent: selenium/4.5.3 (java mac)
Content-Length: 106
Content-Type: application/json; charset=utf-8
host: localhost:41557
accept: */*

Response DefaultHttpResponse(decodeResult: success, version: HTTP/1.1)
HTTP/1.1 200 OK
Content-Length: 88
Content-Type: application/json; charset=utf-8
cache-control: no-cache

18:21:38.316 [AsyncHttpClient-1-5] DEBUG org.asynchttpclient.netty.channel.ChannelManager - Adding key: http://localhost:41557 for channel [id: 0x606ef152, L:/127.0.0.1:54348 - R:localhost/127.0.0.1:41557]
18:21:38.317 [Forwarding getElementText on session 7200920663eac18be101966e581c9db5 to remote] DEBUG org.asynchttpclient.netty.request.NettyRequestSender - Using pooled Channel '[id: 0x606ef152, L:/127.0.0.1:54348 - R:localhost/127.0.0.1:41557]' for 'GET' to 'http://localhost:41557/session/7200920663eac18be101966e581c9db5/element/e5906439-fcc9-4919-a001-1b218cbff5a5/text'
18:21:38.318 [Forwarding getElementText on session 7200920663eac18be101966e581c9db5 to remote] DEBUG org.asynchttpclient.netty.request.NettyRequestSender - Using open Channel [id: 0x606ef152, L:/127.0.0.1:54348 - R:localhost/127.0.0.1:41557] for GET '/session/7200920663eac18be101966e581c9db5/element/e5906439-fcc9-4919-a001-1b218cbff5a5/text'
18:21:38.366 [AsyncHttpClient-1-5] DEBUG org.asynchttpclient.netty.handler.HttpHandler - 

Request DefaultFullHttpRequest(decodeResult: success, version: HTTP/1.1, content: EmptyByteBufBE)
GET /session/7200920663eac18be101966e581c9db5/element/e5906439-fcc9-4919-a001-1b218cbff5a5/text HTTP/1.1
User-Agent: selenium/4.5.3 (java mac)
Cache-Control: no-cache
Content-Type: application/json; charset=utf-8
host: localhost:41557
accept: */*

Response DefaultHttpResponse(decodeResult: success, version: HTTP/1.1)
HTTP/1.1 200 OK
Content-Length: 91
Content-Type: application/json; charset=utf-8
cache-control: no-cache

18:21:38.368 [AsyncHttpClient-1-5] DEBUG org.asynchttpclient.netty.channel.ChannelManager - Adding key: http://localhost:41557 for channel [id: 0x606ef152, L:/127.0.0.1:54348 - R:localhost/127.0.0.1:41557]
18:21:38.374 [Forwarding findChildElement on session 7200920663eac18be101966e581c9db5 to remote] DEBUG org.asynchttpclient.netty.request.NettyRequestSender - Using pooled Channel '[id: 0x606ef152, L:/127.0.0.1:54348 - R:localhost/127.0.0.1:41557]' for 'POST' to 'http://localhost:41557/session/7200920663eac18be101966e581c9db5/element/172b2653-92c3-4caa-aa6e-09800214eb41/element'
18:21:38.374 [Forwarding findChildElement on session 7200920663eac18be101966e581c9db5 to remote] DEBUG org.asynchttpclient.netty.request.NettyRequestSender - Using open Channel [id: 0x606ef152, L:/127.0.0.1:54348 - R:localhost/127.0.0.1:41557] for POST '/session/7200920663eac18be101966e581c9db5/element/172b2653-92c3-4caa-aa6e-09800214eb41/element'
18:21:38.386 [AsyncHttpClient-1-5] DEBUG org.asynchttpclient.netty.handler.HttpHandler - 

Request DefaultHttpRequest(decodeResult: success, version: HTTP/1.1)
POST /session/7200920663eac18be101966e581c9db5/element/172b2653-92c3-4caa-aa6e-09800214eb41/element HTTP/1.1
User-Agent: selenium/4.5.3 (java mac)
Content-Length: 106
Content-Type: application/json; charset=utf-8
host: localhost:41557
accept: */*

Response DefaultHttpResponse(decodeResult: success, version: HTTP/1.1)
HTTP/1.1 200 OK
Content-Length: 88
Content-Type: application/json; charset=utf-8
cache-control: no-cache

18:21:38.386 [AsyncHttpClient-1-5] DEBUG org.asynchttpclient.netty.channel.ChannelManager - Adding key: http://localhost:41557 for channel [id: 0x606ef152, L:/127.0.0.1:54348 - R:localhost/127.0.0.1:41557]
18:21:38.387 [Forwarding getElementText on session 7200920663eac18be101966e581c9db5 to remote] DEBUG org.asynchttpclient.netty.request.NettyRequestSender - Using pooled Channel '[id: 0x606ef152, L:/127.0.0.1:54348 - R:localhost/127.0.0.1:41557]' for 'GET' to 'http://localhost:41557/session/7200920663eac18be101966e581c9db5/element/92a77cdc-d811-4e36-810b-f8079937b61b/text'
18:21:38.388 [Forwarding getElementText on session 7200920663eac18be101966e581c9db5 to remote] DEBUG org.asynchttpclient.netty.request.NettyRequestSender - Using open Channel [id: 0x606ef152, L:/127.0.0.1:54348 - R:localhost/127.0.0.1:41557] for GET '/session/7200920663eac18be101966e581c9db5/element/92a77cdc-d811-4e36-810b-f8079937b61b/text'
18:21:38.439 [AsyncHttpClient-1-5] DEBUG org.asynchttpclient.netty.handler.HttpHandler - 

Request DefaultFullHttpRequest(decodeResult: success, version: HTTP/1.1, content: EmptyByteBufBE)
GET /session/7200920663eac18be101966e581c9db5/element/92a77cdc-d811-4e36-810b-f8079937b61b/text HTTP/1.1
User-Agent: selenium/4.5.3 (java mac)
Cache-Control: no-cache
Content-Type: application/json; charset=utf-8
host: localhost:41557
accept: */*

Response DefaultHttpResponse(decodeResult: success, version: HTTP/1.1)
HTTP/1.1 200 OK
Content-Length: 19
Content-Type: application/json; charset=utf-8
cache-control: no-cache

18:21:38.440 [AsyncHttpClient-1-5] DEBUG org.asynchttpclient.netty.channel.ChannelManager - Adding key: http://localhost:41557 for channel [id: 0x606ef152, L:/127.0.0.1:54348 - R:localhost/127.0.0.1:41557]
18:21:38.444 [Forwarding findChildElement on session 7200920663eac18be101966e581c9db5 to remote] DEBUG org.asynchttpclient.netty.request.NettyRequestSender - Using pooled Channel '[id: 0x606ef152, L:/127.0.0.1:54348 - R:localhost/127.0.0.1:41557]' for 'POST' to 'http://localhost:41557/session/7200920663eac18be101966e581c9db5/element/028b9380-6972-4a64-9bba-1fac1f54c650/element'
18:21:38.444 [Forwarding findChildElement on session 7200920663eac18be101966e581c9db5 to remote] DEBUG org.asynchttpclient.netty.request.NettyRequestSender - Using open Channel [id: 0x606ef152, L:/127.0.0.1:54348 - R:localhost/127.0.0.1:41557] for POST '/session/7200920663eac18be101966e581c9db5/element/028b9380-6972-4a64-9bba-1fac1f54c650/element'
18:21:38.483 [AsyncHttpClient-1-5] DEBUG org.asynchttpclient.netty.handler.HttpHandler - 

Request DefaultHttpRequest(decodeResult: success, version: HTTP/1.1)
POST /session/7200920663eac18be101966e581c9db5/element/028b9380-6972-4a64-9bba-1fac1f54c650/element HTTP/1.1
User-Agent: selenium/4.5.3 (java mac)
Content-Length: 106
Content-Type: application/json; charset=utf-8
host: localhost:41557
accept: */*

Response DefaultHttpResponse(decodeResult: success, version: HTTP/1.1)
HTTP/1.1 200 OK
Content-Length: 88
Content-Type: application/json; charset=utf-8
cache-control: no-cache

18:21:38.483 [AsyncHttpClient-1-5] DEBUG org.asynchttpclient.netty.channel.ChannelManager - Adding key: http://localhost:41557 for channel [id: 0x606ef152, L:/127.0.0.1:54348 - R:localhost/127.0.0.1:41557]
18:21:38.485 [Forwarding getElementText on session 7200920663eac18be101966e581c9db5 to remote] DEBUG org.asynchttpclient.netty.request.NettyRequestSender - Using pooled Channel '[id: 0x606ef152, L:/127.0.0.1:54348 - R:localhost/127.0.0.1:41557]' for 'GET' to 'http://localhost:41557/session/7200920663eac18be101966e581c9db5/element/217b9c44-56d0-4abb-967d-67944c1424b3/text'
18:21:38.486 [Forwarding getElementText on session 7200920663eac18be101966e581c9db5 to remote] DEBUG org.asynchttpclient.netty.request.NettyRequestSender - Using open Channel [id: 0x606ef152, L:/127.0.0.1:54348 - R:localhost/127.0.0.1:41557] for GET '/session/7200920663eac18be101966e581c9db5/element/217b9c44-56d0-4abb-967d-67944c1424b3/text'
18:21:38.519 [AsyncHttpClient-1-5] DEBUG org.asynchttpclient.netty.handler.HttpHandler - 

Request DefaultFullHttpRequest(decodeResult: success, version: HTTP/1.1, content: EmptyByteBufBE)
GET /session/7200920663eac18be101966e581c9db5/element/217b9c44-56d0-4abb-967d-67944c1424b3/text HTTP/1.1
User-Agent: selenium/4.5.3 (java mac)
Cache-Control: no-cache
Content-Type: application/json; charset=utf-8
host: localhost:41557
accept: */*

Response DefaultHttpResponse(decodeResult: success, version: HTTP/1.1)
HTTP/1.1 200 OK
Content-Length: 71
Content-Type: application/json; charset=utf-8
cache-control: no-cache

18:21:38.519 [AsyncHttpClient-1-5] DEBUG org.asynchttpclient.netty.channel.ChannelManager - Adding key: http://localhost:41557 for channel [id: 0x606ef152, L:/127.0.0.1:54348 - R:localhost/127.0.0.1:41557]
18:21:38.532 [Forwarding findChildElement on session 7200920663eac18be101966e581c9db5 to remote] DEBUG org.asynchttpclient.netty.request.NettyRequestSender - Using pooled Channel '[id: 0x606ef152, L:/127.0.0.1:54348 - R:localhost/127.0.0.1:41557]' for 'POST' to 'http://localhost:41557/session/7200920663eac18be101966e581c9db5/element/028b9380-6972-4a64-9bba-1fac1f54c650/element'
18:21:38.532 [Forwarding findChildElement on session 7200920663eac18be101966e581c9db5 to remote] DEBUG org.asynchttpclient.netty.request.NettyRequestSender - Using open Channel [id: 0x606ef152, L:/127.0.0.1:54348 - R:localhost/127.0.0.1:41557] for POST '/session/7200920663eac18be101966e581c9db5/element/028b9380-6972-4a64-9bba-1fac1f54c650/element'
18:21:38.565 [AsyncHttpClient-1-5] DEBUG org.asynchttpclient.netty.handler.HttpHandler - 

Request DefaultHttpRequest(decodeResult: success, version: HTTP/1.1)
POST /session/7200920663eac18be101966e581c9db5/element/028b9380-6972-4a64-9bba-1fac1f54c650/element HTTP/1.1
User-Agent: selenium/4.5.3 (java mac)
Content-Length: 106
Content-Type: application/json; charset=utf-8
host: localhost:41557
accept: */*

Response DefaultHttpResponse(decodeResult: success, version: HTTP/1.1)
HTTP/1.1 200 OK
Content-Length: 88
Content-Type: application/json; charset=utf-8
cache-control: no-cache

18:21:38.565 [AsyncHttpClient-1-5] DEBUG org.asynchttpclient.netty.channel.ChannelManager - Adding key: http://localhost:41557 for channel [id: 0x606ef152, L:/127.0.0.1:54348 - R:localhost/127.0.0.1:41557]
18:21:38.567 [Forwarding getElementText on session 7200920663eac18be101966e581c9db5 to remote] DEBUG org.asynchttpclient.netty.request.NettyRequestSender - Using pooled Channel '[id: 0x606ef152, L:/127.0.0.1:54348 - R:localhost/127.0.0.1:41557]' for 'GET' to 'http://localhost:41557/session/7200920663eac18be101966e581c9db5/element/34cd4524-ef43-48e4-9328-8599ba9d57a8/text'
18:21:38.567 [Forwarding getElementText on session 7200920663eac18be101966e581c9db5 to remote] DEBUG org.asynchttpclient.netty.request.NettyRequestSender - Using open Channel [id: 0x606ef152, L:/127.0.0.1:54348 - R:localhost/127.0.0.1:41557] for GET '/session/7200920663eac18be101966e581c9db5/element/34cd4524-ef43-48e4-9328-8599ba9d57a8/text'
18:21:38.594 [AsyncHttpClient-1-5] DEBUG org.asynchttpclient.netty.handler.HttpHandler - 

Request DefaultFullHttpRequest(decodeResult: success, version: HTTP/1.1, content: EmptyByteBufBE)
GET /session/7200920663eac18be101966e581c9db5/element/34cd4524-ef43-48e4-9328-8599ba9d57a8/text HTTP/1.1
User-Agent: selenium/4.5.3 (java mac)
Cache-Control: no-cache
Content-Type: application/json; charset=utf-8
host: localhost:41557
accept: */*

Response DefaultHttpResponse(decodeResult: success, version: HTTP/1.1)
HTTP/1.1 200 OK
Content-Length: 19
Content-Type: application/json; charset=utf-8
cache-control: no-cache

18:21:38.595 [AsyncHttpClient-1-5] DEBUG org.asynchttpclient.netty.channel.ChannelManager - Adding key: http://localhost:41557 for channel [id: 0x606ef152, L:/127.0.0.1:54348 - R:localhost/127.0.0.1:41557]
18:21:38.597 [Forwarding findChildElement on session 7200920663eac18be101966e581c9db5 to remote] DEBUG org.asynchttpclient.netty.request.NettyRequestSender - Using pooled Channel '[id: 0x606ef152, L:/127.0.0.1:54348 - R:localhost/127.0.0.1:41557]' for 'POST' to 'http://localhost:41557/session/7200920663eac18be101966e581c9db5/element/ff61e45e-33a1-436b-b721-376b73a437e7/element'
18:21:38.597 [Forwarding findChildElement on session 7200920663eac18be101966e581c9db5 to remote] DEBUG org.asynchttpclient.netty.request.NettyRequestSender - Using open Channel [id: 0x606ef152, L:/127.0.0.1:54348 - R:localhost/127.0.0.1:41557] for POST '/session/7200920663eac18be101966e581c9db5/element/ff61e45e-33a1-436b-b721-376b73a437e7/element'
18:21:38.611 [AsyncHttpClient-1-1] DEBUG org.asynchttpclient.netty.channel.DefaultChannelPool - Entry count for : http://localhost:54349 : 1
18:21:38.611 [AsyncHttpClient-1-1] DEBUG org.asynchttpclient.netty.channel.DefaultChannelPool - Entry count for : http://localhost:47544 : 1
18:21:38.628 [AsyncHttpClient-1-5] DEBUG org.asynchttpclient.netty.handler.HttpHandler - 

Request DefaultHttpRequest(decodeResult: success, version: HTTP/1.1)
POST /session/7200920663eac18be101966e581c9db5/element/ff61e45e-33a1-436b-b721-376b73a437e7/element HTTP/1.1
User-Agent: selenium/4.5.3 (java mac)
Content-Length: 106
Content-Type: application/json; charset=utf-8
host: localhost:41557
accept: */*

Response DefaultHttpResponse(decodeResult: success, version: HTTP/1.1)
HTTP/1.1 200 OK
Content-Length: 88
Content-Type: application/json; charset=utf-8
cache-control: no-cache

18:21:38.629 [AsyncHttpClient-1-5] DEBUG org.asynchttpclient.netty.channel.ChannelManager - Adding key: http://localhost:41557 for channel [id: 0x606ef152, L:/127.0.0.1:54348 - R:localhost/127.0.0.1:41557]
18:21:38.631 [Forwarding getElementText on session 7200920663eac18be101966e581c9db5 to remote] DEBUG org.asynchttpclient.netty.request.NettyRequestSender - Using pooled Channel '[id: 0x606ef152, L:/127.0.0.1:54348 - R:localhost/127.0.0.1:41557]' for 'GET' to 'http://localhost:41557/session/7200920663eac18be101966e581c9db5/element/0ca5e882-6e22-4be5-8b9d-115fb4167435/text'
18:21:38.631 [Forwarding getElementText on session 7200920663eac18be101966e581c9db5 to remote] DEBUG org.asynchttpclient.netty.request.NettyRequestSender - Using open Channel [id: 0x606ef152, L:/127.0.0.1:54348 - R:localhost/127.0.0.1:41557] for GET '/session/7200920663eac18be101966e581c9db5/element/0ca5e882-6e22-4be5-8b9d-115fb4167435/text'
18:21:38.668 [AsyncHttpClient-1-5] DEBUG org.asynchttpclient.netty.handler.HttpHandler - 

Request DefaultFullHttpRequest(decodeResult: success, version: HTTP/1.1, content: EmptyByteBufBE)
GET /session/7200920663eac18be101966e581c9db5/element/0ca5e882-6e22-4be5-8b9d-115fb4167435/text HTTP/1.1
User-Agent: selenium/4.5.3 (java mac)
Cache-Control: no-cache
Content-Type: application/json; charset=utf-8
host: localhost:41557
accept: */*

Response DefaultHttpResponse(decodeResult: success, version: HTTP/1.1)
HTTP/1.1 200 OK
Content-Length: 88
Content-Type: application/json; charset=utf-8
cache-control: no-cache

18:21:38.668 [AsyncHttpClient-1-5] DEBUG org.asynchttpclient.netty.channel.ChannelManager - Adding key: http://localhost:41557 for channel [id: 0x606ef152, L:/127.0.0.1:54348 - R:localhost/127.0.0.1:41557]
18:21:38.671 [Forwarding findChildElement on session 7200920663eac18be101966e581c9db5 to remote] DEBUG org.asynchttpclient.netty.request.NettyRequestSender - Using pooled Channel '[id: 0x606ef152, L:/127.0.0.1:54348 - R:localhost/127.0.0.1:41557]' for 'POST' to 'http://localhost:41557/session/7200920663eac18be101966e581c9db5/element/ff61e45e-33a1-436b-b721-376b73a437e7/element'
18:21:38.671 [Forwarding findChildElement on session 7200920663eac18be101966e581c9db5 to remote] DEBUG org.asynchttpclient.netty.request.NettyRequestSender - Using open Channel [id: 0x606ef152, L:/127.0.0.1:54348 - R:localhost/127.0.0.1:41557] for POST '/session/7200920663eac18be101966e581c9db5/element/ff61e45e-33a1-436b-b721-376b73a437e7/element'
18:21:38.689 [AsyncHttpClient-1-5] DEBUG org.asynchttpclient.netty.handler.HttpHandler - 

Request DefaultHttpRequest(decodeResult: success, version: HTTP/1.1)
POST /session/7200920663eac18be101966e581c9db5/element/ff61e45e-33a1-436b-b721-376b73a437e7/element HTTP/1.1
User-Agent: selenium/4.5.3 (java mac)
Content-Length: 106
Content-Type: application/json; charset=utf-8
host: localhost:41557
accept: */*

Response DefaultHttpResponse(decodeResult: success, version: HTTP/1.1)
HTTP/1.1 200 OK
Content-Length: 88
Content-Type: application/json; charset=utf-8
cache-control: no-cache

18:21:38.691 [AsyncHttpClient-1-5] DEBUG org.asynchttpclient.netty.channel.ChannelManager - Adding key: http://localhost:41557 for channel [id: 0x606ef152, L:/127.0.0.1:54348 - R:localhost/127.0.0.1:41557]
18:21:38.696 [Forwarding getElementText on session 7200920663eac18be101966e581c9db5 to remote] DEBUG org.asynchttpclient.netty.request.NettyRequestSender - Using pooled Channel '[id: 0x606ef152, L:/127.0.0.1:54348 - R:localhost/127.0.0.1:41557]' for 'GET' to 'http://localhost:41557/session/7200920663eac18be101966e581c9db5/element/f1b65fa3-a363-459c-802b-8143bb8a9ff5/text'
18:21:38.696 [Forwarding getElementText on session 7200920663eac18be101966e581c9db5 to remote] DEBUG org.asynchttpclient.netty.request.NettyRequestSender - Using open Channel [id: 0x606ef152, L:/127.0.0.1:54348 - R:localhost/127.0.0.1:41557] for GET '/session/7200920663eac18be101966e581c9db5/element/f1b65fa3-a363-459c-802b-8143bb8a9ff5/text'
18:21:38.722 [AsyncHttpClient-1-5] DEBUG org.asynchttpclient.netty.handler.HttpHandler - 

Request DefaultFullHttpRequest(decodeResult: success, version: HTTP/1.1, content: EmptyByteBufBE)
GET /session/7200920663eac18be101966e581c9db5/element/f1b65fa3-a363-459c-802b-8143bb8a9ff5/text HTTP/1.1
User-Agent: selenium/4.5.3 (java mac)
Cache-Control: no-cache
Content-Type: application/json; charset=utf-8
host: localhost:41557
accept: */*

Response DefaultHttpResponse(decodeResult: success, version: HTTP/1.1)
HTTP/1.1 200 OK
Content-Length: 19
Content-Type: application/json; charset=utf-8
cache-control: no-cache

18:21:38.722 [AsyncHttpClient-1-5] DEBUG org.asynchttpclient.netty.channel.ChannelManager - Adding key: http://localhost:41557 for channel [id: 0x606ef152, L:/127.0.0.1:54348 - R:localhost/127.0.0.1:41557]
18:21:38.724 [Forwarding findChildElement on session 7200920663eac18be101966e581c9db5 to remote] DEBUG org.asynchttpclient.netty.request.NettyRequestSender - Using pooled Channel '[id: 0x606ef152, L:/127.0.0.1:54348 - R:localhost/127.0.0.1:41557]' for 'POST' to 'http://localhost:41557/session/7200920663eac18be101966e581c9db5/element/cd94724a-81da-4b14-b8f8-67b74c245946/element'
18:21:38.724 [Forwarding findChildElement on session 7200920663eac18be101966e581c9db5 to remote] DEBUG org.asynchttpclient.netty.request.NettyRequestSender - Using open Channel [id: 0x606ef152, L:/127.0.0.1:54348 - R:localhost/127.0.0.1:41557] for POST '/session/7200920663eac18be101966e581c9db5/element/cd94724a-81da-4b14-b8f8-67b74c245946/element'
18:21:38.757 [AsyncHttpClient-1-5] DEBUG org.asynchttpclient.netty.handler.HttpHandler - 

Request DefaultHttpRequest(decodeResult: success, version: HTTP/1.1)
POST /session/7200920663eac18be101966e581c9db5/element/cd94724a-81da-4b14-b8f8-67b74c245946/element HTTP/1.1
User-Agent: selenium/4.5.3 (java mac)
Content-Length: 106
Content-Type: application/json; charset=utf-8
host: localhost:41557
accept: */*

Response DefaultHttpResponse(decodeResult: success, version: HTTP/1.1)
HTTP/1.1 200 OK
Content-Length: 88
Content-Type: application/json; charset=utf-8
cache-control: no-cache

18:21:38.759 [AsyncHttpClient-1-5] DEBUG org.asynchttpclient.netty.channel.ChannelManager - Adding key: http://localhost:41557 for channel [id: 0x606ef152, L:/127.0.0.1:54348 - R:localhost/127.0.0.1:41557]
18:21:38.763 [Forwarding getElementText on session 7200920663eac18be101966e581c9db5 to remote] DEBUG org.asynchttpclient.netty.request.NettyRequestSender - Using pooled Channel '[id: 0x606ef152, L:/127.0.0.1:54348 - R:localhost/127.0.0.1:41557]' for 'GET' to 'http://localhost:41557/session/7200920663eac18be101966e581c9db5/element/ce6b1fce-1e42-46f9-b8fa-e9738f33f522/text'
18:21:38.763 [Forwarding getElementText on session 7200920663eac18be101966e581c9db5 to remote] DEBUG org.asynchttpclient.netty.request.NettyRequestSender - Using open Channel [id: 0x606ef152, L:/127.0.0.1:54348 - R:localhost/127.0.0.1:41557] for GET '/session/7200920663eac18be101966e581c9db5/element/ce6b1fce-1e42-46f9-b8fa-e9738f33f522/text'
18:21:38.787 [AsyncHttpClient-1-5] DEBUG org.asynchttpclient.netty.handler.HttpHandler - 

Request DefaultFullHttpRequest(decodeResult: success, version: HTTP/1.1, content: EmptyByteBufBE)
GET /session/7200920663eac18be101966e581c9db5/element/ce6b1fce-1e42-46f9-b8fa-e9738f33f522/text HTTP/1.1
User-Agent: selenium/4.5.3 (java mac)
Cache-Control: no-cache
Content-Type: application/json; charset=utf-8
host: localhost:41557
accept: */*

Response DefaultHttpResponse(decodeResult: success, version: HTTP/1.1)
HTTP/1.1 200 OK
Content-Length: 59
Content-Type: application/json; charset=utf-8
cache-control: no-cache

18:21:38.787 [AsyncHttpClient-1-5] DEBUG org.asynchttpclient.netty.channel.ChannelManager - Adding key: http://localhost:41557 for channel [id: 0x606ef152, L:/127.0.0.1:54348 - R:localhost/127.0.0.1:41557]
18:21:38.789 [Forwarding findChildElement on session 7200920663eac18be101966e581c9db5 to remote] DEBUG org.asynchttpclient.netty.request.NettyRequestSender - Using pooled Channel '[id: 0x606ef152, L:/127.0.0.1:54348 - R:localhost/127.0.0.1:41557]' for 'POST' to 'http://localhost:41557/session/7200920663eac18be101966e581c9db5/element/cd94724a-81da-4b14-b8f8-67b74c245946/element'
18:21:38.789 [Forwarding findChildElement on session 7200920663eac18be101966e581c9db5 to remote] DEBUG org.asynchttpclient.netty.request.NettyRequestSender - Using open Channel [id: 0x606ef152, L:/127.0.0.1:54348 - R:localhost/127.0.0.1:41557] for POST '/session/7200920663eac18be101966e581c9db5/element/cd94724a-81da-4b14-b8f8-67b74c245946/element'
18:21:38.811 [AsyncHttpClient-1-5] DEBUG org.asynchttpclient.netty.handler.HttpHandler - 

Request DefaultHttpRequest(decodeResult: success, version: HTTP/1.1)
POST /session/7200920663eac18be101966e581c9db5/element/cd94724a-81da-4b14-b8f8-67b74c245946/element HTTP/1.1
User-Agent: selenium/4.5.3 (java mac)
Content-Length: 106
Content-Type: application/json; charset=utf-8
host: localhost:41557
accept: */*

Response DefaultHttpResponse(decodeResult: success, version: HTTP/1.1)
HTTP/1.1 200 OK
Content-Length: 88
Content-Type: application/json; charset=utf-8
cache-control: no-cache

18:21:38.812 [AsyncHttpClient-1-5] DEBUG org.asynchttpclient.netty.channel.ChannelManager - Adding key: http://localhost:41557 for channel [id: 0x606ef152, L:/127.0.0.1:54348 - R:localhost/127.0.0.1:41557]
18:21:38.814 [Forwarding getElementText on session 7200920663eac18be101966e581c9db5 to remote] DEBUG org.asynchttpclient.netty.request.NettyRequestSender - Using pooled Channel '[id: 0x606ef152, L:/127.0.0.1:54348 - R:localhost/127.0.0.1:41557]' for 'GET' to 'http://localhost:41557/session/7200920663eac18be101966e581c9db5/element/b18ab664-86a2-48e3-b8f9-4f53ecf3eef2/text'
18:21:38.814 [Forwarding getElementText on session 7200920663eac18be101966e581c9db5 to remote] DEBUG org.asynchttpclient.netty.request.NettyRequestSender - Using open Channel [id: 0x606ef152, L:/127.0.0.1:54348 - R:localhost/127.0.0.1:41557] for GET '/session/7200920663eac18be101966e581c9db5/element/b18ab664-86a2-48e3-b8f9-4f53ecf3eef2/text'
18:21:38.837 [AsyncHttpClient-1-5] DEBUG org.asynchttpclient.netty.handler.HttpHandler - 

Request DefaultFullHttpRequest(decodeResult: success, version: HTTP/1.1, content: EmptyByteBufBE)
GET /session/7200920663eac18be101966e581c9db5/element/b18ab664-86a2-48e3-b8f9-4f53ecf3eef2/text HTTP/1.1
User-Agent: selenium/4.5.3 (java mac)
Cache-Control: no-cache
Content-Type: application/json; charset=utf-8
host: localhost:41557
accept: */*

Response DefaultHttpResponse(decodeResult: success, version: HTTP/1.1)
HTTP/1.1 200 OK
Content-Length: 19
Content-Type: application/json; charset=utf-8
cache-control: no-cache

18:21:38.837 [AsyncHttpClient-1-5] DEBUG org.asynchttpclient.netty.channel.ChannelManager - Adding key: http://localhost:41557 for channel [id: 0x606ef152, L:/127.0.0.1:54348 - R:localhost/127.0.0.1:41557]
18:21:38.840 [Forwarding findChildElement on session 7200920663eac18be101966e581c9db5 to remote] DEBUG org.asynchttpclient.netty.request.NettyRequestSender - Using pooled Channel '[id: 0x606ef152, L:/127.0.0.1:54348 - R:localhost/127.0.0.1:41557]' for 'POST' to 'http://localhost:41557/session/7200920663eac18be101966e581c9db5/element/f78eb203-61ea-4c33-8f32-97cf9bf68436/element'
18:21:38.840 [Forwarding findChildElement on session 7200920663eac18be101966e581c9db5 to remote] DEBUG org.asynchttpclient.netty.request.NettyRequestSender - Using open Channel [id: 0x606ef152, L:/127.0.0.1:54348 - R:localhost/127.0.0.1:41557] for POST '/session/7200920663eac18be101966e581c9db5/element/f78eb203-61ea-4c33-8f32-97cf9bf68436/element'
18:21:38.872 [AsyncHttpClient-1-5] DEBUG org.asynchttpclient.netty.handler.HttpHandler - 

Request DefaultHttpRequest(decodeResult: success, version: HTTP/1.1)
POST /session/7200920663eac18be101966e581c9db5/element/f78eb203-61ea-4c33-8f32-97cf9bf68436/element HTTP/1.1
User-Agent: selenium/4.5.3 (java mac)
Content-Length: 106
Content-Type: application/json; charset=utf-8
host: localhost:41557
accept: */*

Response DefaultHttpResponse(decodeResult: success, version: HTTP/1.1)
HTTP/1.1 200 OK
Content-Length: 88
Content-Type: application/json; charset=utf-8
cache-control: no-cache

18:21:38.872 [AsyncHttpClient-1-5] DEBUG org.asynchttpclient.netty.channel.ChannelManager - Adding key: http://localhost:41557 for channel [id: 0x606ef152, L:/127.0.0.1:54348 - R:localhost/127.0.0.1:41557]
18:21:38.873 [Forwarding getElementText on session 7200920663eac18be101966e581c9db5 to remote] DEBUG org.asynchttpclient.netty.request.NettyRequestSender - Using pooled Channel '[id: 0x606ef152, L:/127.0.0.1:54348 - R:localhost/127.0.0.1:41557]' for 'GET' to 'http://localhost:41557/session/7200920663eac18be101966e581c9db5/element/3d73f3f0-c08e-42a9-9201-8967f8a20dce/text'
18:21:38.875 [Forwarding getElementText on session 7200920663eac18be101966e581c9db5 to remote] DEBUG org.asynchttpclient.netty.request.NettyRequestSender - Using open Channel [id: 0x606ef152, L:/127.0.0.1:54348 - R:localhost/127.0.0.1:41557] for GET '/session/7200920663eac18be101966e581c9db5/element/3d73f3f0-c08e-42a9-9201-8967f8a20dce/text'
18:21:38.914 [AsyncHttpClient-1-5] DEBUG org.asynchttpclient.netty.handler.HttpHandler - 

Request DefaultFullHttpRequest(decodeResult: success, version: HTTP/1.1, content: EmptyByteBufBE)
GET /session/7200920663eac18be101966e581c9db5/element/3d73f3f0-c08e-42a9-9201-8967f8a20dce/text HTTP/1.1
User-Agent: selenium/4.5.3 (java mac)
Cache-Control: no-cache
Content-Type: application/json; charset=utf-8
host: localhost:41557
accept: */*

Response DefaultHttpResponse(decodeResult: success, version: HTTP/1.1)
HTTP/1.1 200 OK
Content-Length: 64
Content-Type: application/json; charset=utf-8
cache-control: no-cache

18:21:38.915 [AsyncHttpClient-1-5] DEBUG org.asynchttpclient.netty.channel.ChannelManager - Adding key: http://localhost:41557 for channel [id: 0x606ef152, L:/127.0.0.1:54348 - R:localhost/127.0.0.1:41557]
18:21:38.920 [Forwarding findChildElement on session 7200920663eac18be101966e581c9db5 to remote] DEBUG org.asynchttpclient.netty.request.NettyRequestSender - Using pooled Channel '[id: 0x606ef152, L:/127.0.0.1:54348 - R:localhost/127.0.0.1:41557]' for 'POST' to 'http://localhost:41557/session/7200920663eac18be101966e581c9db5/element/f78eb203-61ea-4c33-8f32-97cf9bf68436/element'
18:21:38.920 [Forwarding findChildElement on session 7200920663eac18be101966e581c9db5 to remote] DEBUG org.asynchttpclient.netty.request.NettyRequestSender - Using open Channel [id: 0x606ef152, L:/127.0.0.1:54348 - R:localhost/127.0.0.1:41557] for POST '/session/7200920663eac18be101966e581c9db5/element/f78eb203-61ea-4c33-8f32-97cf9bf68436/element'
18:21:38.963 [AsyncHttpClient-1-5] DEBUG org.asynchttpclient.netty.handler.HttpHandler - 

Request DefaultHttpRequest(decodeResult: success, version: HTTP/1.1)
POST /session/7200920663eac18be101966e581c9db5/element/f78eb203-61ea-4c33-8f32-97cf9bf68436/element HTTP/1.1
User-Agent: selenium/4.5.3 (java mac)
Content-Length: 106
Content-Type: application/json; charset=utf-8
host: localhost:41557
accept: */*

Response DefaultHttpResponse(decodeResult: success, version: HTTP/1.1)
HTTP/1.1 200 OK
Content-Length: 88
Content-Type: application/json; charset=utf-8
cache-control: no-cache

18:21:38.963 [AsyncHttpClient-1-5] DEBUG org.asynchttpclient.netty.channel.ChannelManager - Adding key: http://localhost:41557 for channel [id: 0x606ef152, L:/127.0.0.1:54348 - R:localhost/127.0.0.1:41557]
18:21:38.965 [Forwarding getElementText on session 7200920663eac18be101966e581c9db5 to remote] DEBUG org.asynchttpclient.netty.request.NettyRequestSender - Using pooled Channel '[id: 0x606ef152, L:/127.0.0.1:54348 - R:localhost/127.0.0.1:41557]' for 'GET' to 'http://localhost:41557/session/7200920663eac18be101966e581c9db5/element/84250394-49a8-4dfc-bdba-0351999d84bf/text'
18:21:38.965 [Forwarding getElementText on session 7200920663eac18be101966e581c9db5 to remote] DEBUG org.asynchttpclient.netty.request.NettyRequestSender - Using open Channel [id: 0x606ef152, L:/127.0.0.1:54348 - R:localhost/127.0.0.1:41557] for GET '/session/7200920663eac18be101966e581c9db5/element/84250394-49a8-4dfc-bdba-0351999d84bf/text'
18:21:38.992 [AsyncHttpClient-1-5] DEBUG org.asynchttpclient.netty.handler.HttpHandler - 

Request DefaultFullHttpRequest(decodeResult: success, version: HTTP/1.1, content: EmptyByteBufBE)
GET /session/7200920663eac18be101966e581c9db5/element/84250394-49a8-4dfc-bdba-0351999d84bf/text HTTP/1.1
User-Agent: selenium/4.5.3 (java mac)
Cache-Control: no-cache
Content-Type: application/json; charset=utf-8
host: localhost:41557
accept: */*

Response DefaultHttpResponse(decodeResult: success, version: HTTP/1.1)
HTTP/1.1 200 OK
Content-Length: 19
Content-Type: application/json; charset=utf-8
cache-control: no-cache

18:21:38.992 [AsyncHttpClient-1-5] DEBUG org.asynchttpclient.netty.channel.ChannelManager - Adding key: http://localhost:41557 for channel [id: 0x606ef152, L:/127.0.0.1:54348 - R:localhost/127.0.0.1:41557]
18:21:38.994 [Forwarding findChildElement on session 7200920663eac18be101966e581c9db5 to remote] DEBUG org.asynchttpclient.netty.request.NettyRequestSender - Using pooled Channel '[id: 0x606ef152, L:/127.0.0.1:54348 - R:localhost/127.0.0.1:41557]' for 'POST' to 'http://localhost:41557/session/7200920663eac18be101966e581c9db5/element/b58cabcf-365f-49e3-b39d-fbd637026057/element'
18:21:38.994 [Forwarding findChildElement on session 7200920663eac18be101966e581c9db5 to remote] DEBUG org.asynchttpclient.netty.request.NettyRequestSender - Using open Channel [id: 0x606ef152, L:/127.0.0.1:54348 - R:localhost/127.0.0.1:41557] for POST '/session/7200920663eac18be101966e581c9db5/element/b58cabcf-365f-49e3-b39d-fbd637026057/element'
18:21:39.020 [AsyncHttpClient-1-5] DEBUG org.asynchttpclient.netty.handler.HttpHandler - 

Request DefaultHttpRequest(decodeResult: success, version: HTTP/1.1)
POST /session/7200920663eac18be101966e581c9db5/element/b58cabcf-365f-49e3-b39d-fbd637026057/element HTTP/1.1
User-Agent: selenium/4.5.3 (java mac)
Content-Length: 106
Content-Type: application/json; charset=utf-8
host: localhost:41557
accept: */*

Response DefaultHttpResponse(decodeResult: success, version: HTTP/1.1)
HTTP/1.1 200 OK
Content-Length: 88
Content-Type: application/json; charset=utf-8
cache-control: no-cache

18:21:39.024 [AsyncHttpClient-1-5] DEBUG org.asynchttpclient.netty.channel.ChannelManager - Adding key: http://localhost:41557 for channel [id: 0x606ef152, L:/127.0.0.1:54348 - R:localhost/127.0.0.1:41557]
18:21:39.026 [Forwarding getElementText on session 7200920663eac18be101966e581c9db5 to remote] DEBUG org.asynchttpclient.netty.request.NettyRequestSender - Using pooled Channel '[id: 0x606ef152, L:/127.0.0.1:54348 - R:localhost/127.0.0.1:41557]' for 'GET' to 'http://localhost:41557/session/7200920663eac18be101966e581c9db5/element/e01ec3f0-02db-49b5-ab76-c6c803ff925a/text'
18:21:39.026 [Forwarding getElementText on session 7200920663eac18be101966e581c9db5 to remote] DEBUG org.asynchttpclient.netty.request.NettyRequestSender - Using open Channel [id: 0x606ef152, L:/127.0.0.1:54348 - R:localhost/127.0.0.1:41557] for GET '/session/7200920663eac18be101966e581c9db5/element/e01ec3f0-02db-49b5-ab76-c6c803ff925a/text'
18:21:39.053 [AsyncHttpClient-1-5] DEBUG org.asynchttpclient.netty.handler.HttpHandler - 

Request DefaultFullHttpRequest(decodeResult: success, version: HTTP/1.1, content: EmptyByteBufBE)
GET /session/7200920663eac18be101966e581c9db5/element/e01ec3f0-02db-49b5-ab76-c6c803ff925a/text HTTP/1.1
User-Agent: selenium/4.5.3 (java mac)
Cache-Control: no-cache
Content-Type: application/json; charset=utf-8
host: localhost:41557
accept: */*

Response DefaultHttpResponse(decodeResult: success, version: HTTP/1.1)
HTTP/1.1 200 OK
Content-Length: 81
Content-Type: application/json; charset=utf-8
cache-control: no-cache

18:21:39.054 [AsyncHttpClient-1-5] DEBUG org.asynchttpclient.netty.channel.ChannelManager - Adding key: http://localhost:41557 for channel [id: 0x606ef152, L:/127.0.0.1:54348 - R:localhost/127.0.0.1:41557]
18:21:39.073 [Forwarding findChildElement on session 7200920663eac18be101966e581c9db5 to remote] DEBUG org.asynchttpclient.netty.request.NettyRequestSender - Using pooled Channel '[id: 0x606ef152, L:/127.0.0.1:54348 - R:localhost/127.0.0.1:41557]' for 'POST' to 'http://localhost:41557/session/7200920663eac18be101966e581c9db5/element/b58cabcf-365f-49e3-b39d-fbd637026057/element'
18:21:39.074 [Forwarding findChildElement on session 7200920663eac18be101966e581c9db5 to remote] DEBUG org.asynchttpclient.netty.request.NettyRequestSender - Using open Channel [id: 0x606ef152, L:/127.0.0.1:54348 - R:localhost/127.0.0.1:41557] for POST '/session/7200920663eac18be101966e581c9db5/element/b58cabcf-365f-49e3-b39d-fbd637026057/element'
18:21:39.090 [AsyncHttpClient-1-5] DEBUG org.asynchttpclient.netty.handler.HttpHandler - 

Request DefaultHttpRequest(decodeResult: success, version: HTTP/1.1)
POST /session/7200920663eac18be101966e581c9db5/element/b58cabcf-365f-49e3-b39d-fbd637026057/element HTTP/1.1
User-Agent: selenium/4.5.3 (java mac)
Content-Length: 106
Content-Type: application/json; charset=utf-8
host: localhost:41557
accept: */*

Response DefaultHttpResponse(decodeResult: success, version: HTTP/1.1)
HTTP/1.1 200 OK
Content-Length: 88
Content-Type: application/json; charset=utf-8
cache-control: no-cache

18:21:39.091 [AsyncHttpClient-1-5] DEBUG org.asynchttpclient.netty.channel.ChannelManager - Adding key: http://localhost:41557 for channel [id: 0x606ef152, L:/127.0.0.1:54348 - R:localhost/127.0.0.1:41557]
18:21:39.093 [Forwarding getElementText on session 7200920663eac18be101966e581c9db5 to remote] DEBUG org.asynchttpclient.netty.request.NettyRequestSender - Using pooled Channel '[id: 0x606ef152, L:/127.0.0.1:54348 - R:localhost/127.0.0.1:41557]' for 'GET' to 'http://localhost:41557/session/7200920663eac18be101966e581c9db5/element/141afbba-278c-4e27-b5f3-785e2f3754ec/text'
18:21:39.093 [Forwarding getElementText on session 7200920663eac18be101966e581c9db5 to remote] DEBUG org.asynchttpclient.netty.request.NettyRequestSender - Using open Channel [id: 0x606ef152, L:/127.0.0.1:54348 - R:localhost/127.0.0.1:41557] for GET '/session/7200920663eac18be101966e581c9db5/element/141afbba-278c-4e27-b5f3-785e2f3754ec/text'
18:21:39.167 [AsyncHttpClient-1-5] DEBUG org.asynchttpclient.netty.handler.HttpHandler - 

Request DefaultFullHttpRequest(decodeResult: success, version: HTTP/1.1, content: EmptyByteBufBE)
GET /session/7200920663eac18be101966e581c9db5/element/141afbba-278c-4e27-b5f3-785e2f3754ec/text HTTP/1.1
User-Agent: selenium/4.5.3 (java mac)
Cache-Control: no-cache
Content-Type: application/json; charset=utf-8
host: localhost:41557
accept: */*

Response DefaultHttpResponse(decodeResult: success, version: HTTP/1.1)
HTTP/1.1 200 OK
Content-Length: 30
Content-Type: application/json; charset=utf-8
cache-control: no-cache

18:21:39.167 [AsyncHttpClient-1-5] DEBUG org.asynchttpclient.netty.channel.ChannelManager - Adding key: http://localhost:41557 for channel [id: 0x606ef152, L:/127.0.0.1:54348 - R:localhost/127.0.0.1:41557]
18:21:39.170 [Forwarding findChildElement on session 7200920663eac18be101966e581c9db5 to remote] DEBUG org.asynchttpclient.netty.request.NettyRequestSender - Using pooled Channel '[id: 0x606ef152, L:/127.0.0.1:54348 - R:localhost/127.0.0.1:41557]' for 'POST' to 'http://localhost:41557/session/7200920663eac18be101966e581c9db5/element/86e345ef-3b93-49c1-918b-af5e865a3e2b/element'
18:21:39.170 [Forwarding findChildElement on session 7200920663eac18be101966e581c9db5 to remote] DEBUG org.asynchttpclient.netty.request.NettyRequestSender - Using open Channel [id: 0x606ef152, L:/127.0.0.1:54348 - R:localhost/127.0.0.1:41557] for POST '/session/7200920663eac18be101966e581c9db5/element/86e345ef-3b93-49c1-918b-af5e865a3e2b/element'
18:21:39.187 [AsyncHttpClient-1-5] DEBUG org.asynchttpclient.netty.handler.HttpHandler - 

Request DefaultHttpRequest(decodeResult: success, version: HTTP/1.1)
POST /session/7200920663eac18be101966e581c9db5/element/86e345ef-3b93-49c1-918b-af5e865a3e2b/element HTTP/1.1
User-Agent: selenium/4.5.3 (java mac)
Content-Length: 106
Content-Type: application/json; charset=utf-8
host: localhost:41557
accept: */*

Response DefaultHttpResponse(decodeResult: success, version: HTTP/1.1)
HTTP/1.1 200 OK
Content-Length: 88
Content-Type: application/json; charset=utf-8
cache-control: no-cache

18:21:39.187 [AsyncHttpClient-1-5] DEBUG org.asynchttpclient.netty.channel.ChannelManager - Adding key: http://localhost:41557 for channel [id: 0x606ef152, L:/127.0.0.1:54348 - R:localhost/127.0.0.1:41557]
18:21:39.188 [Forwarding getElementText on session 7200920663eac18be101966e581c9db5 to remote] DEBUG org.asynchttpclient.netty.request.NettyRequestSender - Using pooled Channel '[id: 0x606ef152, L:/127.0.0.1:54348 - R:localhost/127.0.0.1:41557]' for 'GET' to 'http://localhost:41557/session/7200920663eac18be101966e581c9db5/element/95921db6-8f2d-45b3-967c-4d420911574f/text'
18:21:39.188 [Forwarding getElementText on session 7200920663eac18be101966e581c9db5 to remote] DEBUG org.asynchttpclient.netty.request.NettyRequestSender - Using open Channel [id: 0x606ef152, L:/127.0.0.1:54348 - R:localhost/127.0.0.1:41557] for GET '/session/7200920663eac18be101966e581c9db5/element/95921db6-8f2d-45b3-967c-4d420911574f/text'
18:21:39.256 [AsyncHttpClient-1-5] DEBUG org.asynchttpclient.netty.handler.HttpHandler - 

Request DefaultFullHttpRequest(decodeResult: success, version: HTTP/1.1, content: EmptyByteBufBE)
GET /session/7200920663eac18be101966e581c9db5/element/95921db6-8f2d-45b3-967c-4d420911574f/text HTTP/1.1
User-Agent: selenium/4.5.3 (java mac)
Cache-Control: no-cache
Content-Type: application/json; charset=utf-8
host: localhost:41557
accept: */*

Response DefaultHttpResponse(decodeResult: success, version: HTTP/1.1)
HTTP/1.1 200 OK
Content-Length: 64
Content-Type: application/json; charset=utf-8
cache-control: no-cache

18:21:39.257 [AsyncHttpClient-1-5] DEBUG org.asynchttpclient.netty.channel.ChannelManager - Adding key: http://localhost:41557 for channel [id: 0x606ef152, L:/127.0.0.1:54348 - R:localhost/127.0.0.1:41557]
18:21:39.260 [Forwarding findChildElement on session 7200920663eac18be101966e581c9db5 to remote] DEBUG org.asynchttpclient.netty.request.NettyRequestSender - Using pooled Channel '[id: 0x606ef152, L:/127.0.0.1:54348 - R:localhost/127.0.0.1:41557]' for 'POST' to 'http://localhost:41557/session/7200920663eac18be101966e581c9db5/element/86e345ef-3b93-49c1-918b-af5e865a3e2b/element'
18:21:39.260 [Forwarding findChildElement on session 7200920663eac18be101966e581c9db5 to remote] DEBUG org.asynchttpclient.netty.request.NettyRequestSender - Using open Channel [id: 0x606ef152, L:/127.0.0.1:54348 - R:localhost/127.0.0.1:41557] for POST '/session/7200920663eac18be101966e581c9db5/element/86e345ef-3b93-49c1-918b-af5e865a3e2b/element'
18:21:39.284 [AsyncHttpClient-1-5] DEBUG org.asynchttpclient.netty.handler.HttpHandler - 

Request DefaultHttpRequest(decodeResult: success, version: HTTP/1.1)
POST /session/7200920663eac18be101966e581c9db5/element/86e345ef-3b93-49c1-918b-af5e865a3e2b/element HTTP/1.1
User-Agent: selenium/4.5.3 (java mac)
Content-Length: 106
Content-Type: application/json; charset=utf-8
host: localhost:41557
accept: */*

Response DefaultHttpResponse(decodeResult: success, version: HTTP/1.1)
HTTP/1.1 200 OK
Content-Length: 88
Content-Type: application/json; charset=utf-8
cache-control: no-cache

18:21:39.284 [AsyncHttpClient-1-5] DEBUG org.asynchttpclient.netty.channel.ChannelManager - Adding key: http://localhost:41557 for channel [id: 0x606ef152, L:/127.0.0.1:54348 - R:localhost/127.0.0.1:41557]
18:21:39.285 [Forwarding getElementText on session 7200920663eac18be101966e581c9db5 to remote] DEBUG org.asynchttpclient.netty.request.NettyRequestSender - Using pooled Channel '[id: 0x606ef152, L:/127.0.0.1:54348 - R:localhost/127.0.0.1:41557]' for 'GET' to 'http://localhost:41557/session/7200920663eac18be101966e581c9db5/element/819cd5b4-3e99-4a6f-acee-f51d1fdafb86/text'
18:21:39.285 [Forwarding getElementText on session 7200920663eac18be101966e581c9db5 to remote] DEBUG org.asynchttpclient.netty.request.NettyRequestSender - Using open Channel [id: 0x606ef152, L:/127.0.0.1:54348 - R:localhost/127.0.0.1:41557] for GET '/session/7200920663eac18be101966e581c9db5/element/819cd5b4-3e99-4a6f-acee-f51d1fdafb86/text'
18:21:39.333 [AsyncHttpClient-1-5] DEBUG org.asynchttpclient.netty.handler.HttpHandler - 

Request DefaultFullHttpRequest(decodeResult: success, version: HTTP/1.1, content: EmptyByteBufBE)
GET /session/7200920663eac18be101966e581c9db5/element/819cd5b4-3e99-4a6f-acee-f51d1fdafb86/text HTTP/1.1
User-Agent: selenium/4.5.3 (java mac)
Cache-Control: no-cache
Content-Type: application/json; charset=utf-8
host: localhost:41557
accept: */*

Response DefaultHttpResponse(decodeResult: success, version: HTTP/1.1)
HTTP/1.1 200 OK
Content-Length: 19
Content-Type: application/json; charset=utf-8
cache-control: no-cache

18:21:39.334 [AsyncHttpClient-1-5] DEBUG org.asynchttpclient.netty.channel.ChannelManager - Adding key: http://localhost:41557 for channel [id: 0x606ef152, L:/127.0.0.1:54348 - R:localhost/127.0.0.1:41557]
18:21:39.336 [Forwarding findChildElement on session 7200920663eac18be101966e581c9db5 to remote] DEBUG org.asynchttpclient.netty.request.NettyRequestSender - Using pooled Channel '[id: 0x606ef152, L:/127.0.0.1:54348 - R:localhost/127.0.0.1:41557]' for 'POST' to 'http://localhost:41557/session/7200920663eac18be101966e581c9db5/element/a00463f9-7e1b-47dc-a7f1-5f3b43857343/element'
18:21:39.337 [Forwarding findChildElement on session 7200920663eac18be101966e581c9db5 to remote] DEBUG org.asynchttpclient.netty.request.NettyRequestSender - Using open Channel [id: 0x606ef152, L:/127.0.0.1:54348 - R:localhost/127.0.0.1:41557] for POST '/session/7200920663eac18be101966e581c9db5/element/a00463f9-7e1b-47dc-a7f1-5f3b43857343/element'
18:21:39.357 [AsyncHttpClient-1-5] DEBUG org.asynchttpclient.netty.handler.HttpHandler - 

Request DefaultHttpRequest(decodeResult: success, version: HTTP/1.1)
POST /session/7200920663eac18be101966e581c9db5/element/a00463f9-7e1b-47dc-a7f1-5f3b43857343/element HTTP/1.1
User-Agent: selenium/4.5.3 (java mac)
Content-Length: 106
Content-Type: application/json; charset=utf-8
host: localhost:41557
accept: */*

Response DefaultHttpResponse(decodeResult: success, version: HTTP/1.1)
HTTP/1.1 200 OK
Content-Length: 88
Content-Type: application/json; charset=utf-8
cache-control: no-cache

18:21:39.357 [AsyncHttpClient-1-5] DEBUG org.asynchttpclient.netty.channel.ChannelManager - Adding key: http://localhost:41557 for channel [id: 0x606ef152, L:/127.0.0.1:54348 - R:localhost/127.0.0.1:41557]
18:21:39.358 [Forwarding getElementText on session 7200920663eac18be101966e581c9db5 to remote] DEBUG org.asynchttpclient.netty.request.NettyRequestSender - Using pooled Channel '[id: 0x606ef152, L:/127.0.0.1:54348 - R:localhost/127.0.0.1:41557]' for 'GET' to 'http://localhost:41557/session/7200920663eac18be101966e581c9db5/element/5d75c1ca-2721-4d44-a1ee-a559c9440f2a/text'
18:21:39.358 [Forwarding getElementText on session 7200920663eac18be101966e581c9db5 to remote] DEBUG org.asynchttpclient.netty.request.NettyRequestSender - Using open Channel [id: 0x606ef152, L:/127.0.0.1:54348 - R:localhost/127.0.0.1:41557] for GET '/session/7200920663eac18be101966e581c9db5/element/5d75c1ca-2721-4d44-a1ee-a559c9440f2a/text'
18:21:39.386 [AsyncHttpClient-1-5] DEBUG org.asynchttpclient.netty.handler.HttpHandler - 

Request DefaultFullHttpRequest(decodeResult: success, version: HTTP/1.1, content: EmptyByteBufBE)
GET /session/7200920663eac18be101966e581c9db5/element/5d75c1ca-2721-4d44-a1ee-a559c9440f2a/text HTTP/1.1
User-Agent: selenium/4.5.3 (java mac)
Cache-Control: no-cache
Content-Type: application/json; charset=utf-8
host: localhost:41557
accept: */*

Response DefaultHttpResponse(decodeResult: success, version: HTTP/1.1)
HTTP/1.1 200 OK
Content-Length: 75
Content-Type: application/json; charset=utf-8
cache-control: no-cache

18:21:39.386 [AsyncHttpClient-1-5] DEBUG org.asynchttpclient.netty.channel.ChannelManager - Adding key: http://localhost:41557 for channel [id: 0x606ef152, L:/127.0.0.1:54348 - R:localhost/127.0.0.1:41557]
18:21:39.389 [Forwarding findChildElement on session 7200920663eac18be101966e581c9db5 to remote] DEBUG org.asynchttpclient.netty.request.NettyRequestSender - Using pooled Channel '[id: 0x606ef152, L:/127.0.0.1:54348 - R:localhost/127.0.0.1:41557]' for 'POST' to 'http://localhost:41557/session/7200920663eac18be101966e581c9db5/element/a00463f9-7e1b-47dc-a7f1-5f3b43857343/element'
18:21:39.389 [Forwarding findChildElement on session 7200920663eac18be101966e581c9db5 to remote] DEBUG org.asynchttpclient.netty.request.NettyRequestSender - Using open Channel [id: 0x606ef152, L:/127.0.0.1:54348 - R:localhost/127.0.0.1:41557] for POST '/session/7200920663eac18be101966e581c9db5/element/a00463f9-7e1b-47dc-a7f1-5f3b43857343/element'
18:21:39.413 [AsyncHttpClient-1-5] DEBUG org.asynchttpclient.netty.handler.HttpHandler - 

Request DefaultHttpRequest(decodeResult: success, version: HTTP/1.1)
POST /session/7200920663eac18be101966e581c9db5/element/a00463f9-7e1b-47dc-a7f1-5f3b43857343/element HTTP/1.1
User-Agent: selenium/4.5.3 (java mac)
Content-Length: 106
Content-Type: application/json; charset=utf-8
host: localhost:41557
accept: */*

Response DefaultHttpResponse(decodeResult: success, version: HTTP/1.1)
HTTP/1.1 200 OK
Content-Length: 88
Content-Type: application/json; charset=utf-8
cache-control: no-cache

18:21:39.415 [AsyncHttpClient-1-5] DEBUG org.asynchttpclient.netty.channel.ChannelManager - Adding key: http://localhost:41557 for channel [id: 0x606ef152, L:/127.0.0.1:54348 - R:localhost/127.0.0.1:41557]
18:21:39.420 [Forwarding getElementText on session 7200920663eac18be101966e581c9db5 to remote] DEBUG org.asynchttpclient.netty.request.NettyRequestSender - Using pooled Channel '[id: 0x606ef152, L:/127.0.0.1:54348 - R:localhost/127.0.0.1:41557]' for 'GET' to 'http://localhost:41557/session/7200920663eac18be101966e581c9db5/element/aa11862e-6096-4ab2-b427-1638fb24a0f8/text'
18:21:39.420 [Forwarding getElementText on session 7200920663eac18be101966e581c9db5 to remote] DEBUG org.asynchttpclient.netty.request.NettyRequestSender - Using open Channel [id: 0x606ef152, L:/127.0.0.1:54348 - R:localhost/127.0.0.1:41557] for GET '/session/7200920663eac18be101966e581c9db5/element/aa11862e-6096-4ab2-b427-1638fb24a0f8/text'
18:21:39.499 [AsyncHttpClient-1-5] DEBUG org.asynchttpclient.netty.handler.HttpHandler - 

Request DefaultFullHttpRequest(decodeResult: success, version: HTTP/1.1, content: EmptyByteBufBE)
GET /session/7200920663eac18be101966e581c9db5/element/aa11862e-6096-4ab2-b427-1638fb24a0f8/text HTTP/1.1
User-Agent: selenium/4.5.3 (java mac)
Cache-Control: no-cache
Content-Type: application/json; charset=utf-8
host: localhost:41557
accept: */*

Response DefaultHttpResponse(decodeResult: success, version: HTTP/1.1)
HTTP/1.1 200 OK
Content-Length: 19
Content-Type: application/json; charset=utf-8
cache-control: no-cache

18:21:39.499 [AsyncHttpClient-1-5] DEBUG org.asynchttpclient.netty.channel.ChannelManager - Adding key: http://localhost:41557 for channel [id: 0x606ef152, L:/127.0.0.1:54348 - R:localhost/127.0.0.1:41557]
18:21:39.501 [Forwarding findChildElement on session 7200920663eac18be101966e581c9db5 to remote] DEBUG org.asynchttpclient.netty.request.NettyRequestSender - Using pooled Channel '[id: 0x606ef152, L:/127.0.0.1:54348 - R:localhost/127.0.0.1:41557]' for 'POST' to 'http://localhost:41557/session/7200920663eac18be101966e581c9db5/element/e5eeab0c-b33b-4819-9639-51d9fabb29b6/element'
18:21:39.501 [Forwarding findChildElement on session 7200920663eac18be101966e581c9db5 to remote] DEBUG org.asynchttpclient.netty.request.NettyRequestSender - Using open Channel [id: 0x606ef152, L:/127.0.0.1:54348 - R:localhost/127.0.0.1:41557] for POST '/session/7200920663eac18be101966e581c9db5/element/e5eeab0c-b33b-4819-9639-51d9fabb29b6/element'
18:21:39.523 [AsyncHttpClient-1-5] DEBUG org.asynchttpclient.netty.handler.HttpHandler - 

Request DefaultHttpRequest(decodeResult: success, version: HTTP/1.1)
POST /session/7200920663eac18be101966e581c9db5/element/e5eeab0c-b33b-4819-9639-51d9fabb29b6/element HTTP/1.1
User-Agent: selenium/4.5.3 (java mac)
Content-Length: 106
Content-Type: application/json; charset=utf-8
host: localhost:41557
accept: */*

Response DefaultHttpResponse(decodeResult: success, version: HTTP/1.1)
HTTP/1.1 200 OK
Content-Length: 88
Content-Type: application/json; charset=utf-8
cache-control: no-cache

18:21:39.523 [AsyncHttpClient-1-5] DEBUG org.asynchttpclient.netty.channel.ChannelManager - Adding key: http://localhost:41557 for channel [id: 0x606ef152, L:/127.0.0.1:54348 - R:localhost/127.0.0.1:41557]
18:21:39.524 [Forwarding getElementText on session 7200920663eac18be101966e581c9db5 to remote] DEBUG org.asynchttpclient.netty.request.NettyRequestSender - Using pooled Channel '[id: 0x606ef152, L:/127.0.0.1:54348 - R:localhost/127.0.0.1:41557]' for 'GET' to 'http://localhost:41557/session/7200920663eac18be101966e581c9db5/element/f2d579a4-554a-44a1-8670-e97ed4c89736/text'
18:21:39.525 [Forwarding getElementText on session 7200920663eac18be101966e581c9db5 to remote] DEBUG org.asynchttpclient.netty.request.NettyRequestSender - Using open Channel [id: 0x606ef152, L:/127.0.0.1:54348 - R:localhost/127.0.0.1:41557] for GET '/session/7200920663eac18be101966e581c9db5/element/f2d579a4-554a-44a1-8670-e97ed4c89736/text'
18:21:39.570 [AsyncHttpClient-1-5] DEBUG org.asynchttpclient.netty.handler.HttpHandler - 

Request DefaultFullHttpRequest(decodeResult: success, version: HTTP/1.1, content: EmptyByteBufBE)
GET /session/7200920663eac18be101966e581c9db5/element/f2d579a4-554a-44a1-8670-e97ed4c89736/text HTTP/1.1
User-Agent: selenium/4.5.3 (java mac)
Cache-Control: no-cache
Content-Type: application/json; charset=utf-8
host: localhost:41557
accept: */*

Response DefaultHttpResponse(decodeResult: success, version: HTTP/1.1)
HTTP/1.1 200 OK
Content-Length: 91
Content-Type: application/json; charset=utf-8
cache-control: no-cache

18:21:39.570 [AsyncHttpClient-1-5] DEBUG org.asynchttpclient.netty.channel.ChannelManager - Adding key: http://localhost:41557 for channel [id: 0x606ef152, L:/127.0.0.1:54348 - R:localhost/127.0.0.1:41557]
18:21:39.572 [Forwarding findChildElement on session 7200920663eac18be101966e581c9db5 to remote] DEBUG org.asynchttpclient.netty.request.NettyRequestSender - Using pooled Channel '[id: 0x606ef152, L:/127.0.0.1:54348 - R:localhost/127.0.0.1:41557]' for 'POST' to 'http://localhost:41557/session/7200920663eac18be101966e581c9db5/element/e5eeab0c-b33b-4819-9639-51d9fabb29b6/element'
18:21:39.572 [Forwarding findChildElement on session 7200920663eac18be101966e581c9db5 to remote] DEBUG org.asynchttpclient.netty.request.NettyRequestSender - Using open Channel [id: 0x606ef152, L:/127.0.0.1:54348 - R:localhost/127.0.0.1:41557] for POST '/session/7200920663eac18be101966e581c9db5/element/e5eeab0c-b33b-4819-9639-51d9fabb29b6/element'
18:21:39.612 [AsyncHttpClient-1-5] DEBUG org.asynchttpclient.netty.handler.HttpHandler - 

Request DefaultHttpRequest(decodeResult: success, version: HTTP/1.1)
POST /session/7200920663eac18be101966e581c9db5/element/e5eeab0c-b33b-4819-9639-51d9fabb29b6/element HTTP/1.1
User-Agent: selenium/4.5.3 (java mac)
Content-Length: 106
Content-Type: application/json; charset=utf-8
host: localhost:41557
accept: */*

Response DefaultHttpResponse(decodeResult: success, version: HTTP/1.1)
HTTP/1.1 200 OK
Content-Length: 88
Content-Type: application/json; charset=utf-8
cache-control: no-cache

18:21:39.613 [AsyncHttpClient-1-5] DEBUG org.asynchttpclient.netty.channel.ChannelManager - Adding key: http://localhost:41557 for channel [id: 0x606ef152, L:/127.0.0.1:54348 - R:localhost/127.0.0.1:41557]
18:21:39.614 [Forwarding getElementText on session 7200920663eac18be101966e581c9db5 to remote] DEBUG org.asynchttpclient.netty.request.NettyRequestSender - Using pooled Channel '[id: 0x606ef152, L:/127.0.0.1:54348 - R:localhost/127.0.0.1:41557]' for 'GET' to 'http://localhost:41557/session/7200920663eac18be101966e581c9db5/element/5fe75c3e-caaa-4d71-84e5-8dc08eeb6dbb/text'
18:21:39.614 [Forwarding getElementText on session 7200920663eac18be101966e581c9db5 to remote] DEBUG org.asynchttpclient.netty.request.NettyRequestSender - Using open Channel [id: 0x606ef152, L:/127.0.0.1:54348 - R:localhost/127.0.0.1:41557] for GET '/session/7200920663eac18be101966e581c9db5/element/5fe75c3e-caaa-4d71-84e5-8dc08eeb6dbb/text'
18:21:39.641 [AsyncHttpClient-1-5] DEBUG org.asynchttpclient.netty.handler.HttpHandler - 

Request DefaultFullHttpRequest(decodeResult: success, version: HTTP/1.1, content: EmptyByteBufBE)
GET /session/7200920663eac18be101966e581c9db5/element/5fe75c3e-caaa-4d71-84e5-8dc08eeb6dbb/text HTTP/1.1
User-Agent: selenium/4.5.3 (java mac)
Cache-Control: no-cache
Content-Type: application/json; charset=utf-8
host: localhost:41557
accept: */*

Response DefaultHttpResponse(decodeResult: success, version: HTTP/1.1)
HTTP/1.1 200 OK
Content-Length: 19
Content-Type: application/json; charset=utf-8
cache-control: no-cache

18:21:39.641 [AsyncHttpClient-1-5] DEBUG org.asynchttpclient.netty.channel.ChannelManager - Adding key: http://localhost:41557 for channel [id: 0x606ef152, L:/127.0.0.1:54348 - R:localhost/127.0.0.1:41557]
18:21:39.643 [Forwarding findChildElement on session 7200920663eac18be101966e581c9db5 to remote] DEBUG org.asynchttpclient.netty.request.NettyRequestSender - Using pooled Channel '[id: 0x606ef152, L:/127.0.0.1:54348 - R:localhost/127.0.0.1:41557]' for 'POST' to 'http://localhost:41557/session/7200920663eac18be101966e581c9db5/element/5f5fc176-7f39-4ab4-a2fd-46f3b1a3113e/element'
18:21:39.643 [Forwarding findChildElement on session 7200920663eac18be101966e581c9db5 to remote] DEBUG org.asynchttpclient.netty.request.NettyRequestSender - Using open Channel [id: 0x606ef152, L:/127.0.0.1:54348 - R:localhost/127.0.0.1:41557] for POST '/session/7200920663eac18be101966e581c9db5/element/5f5fc176-7f39-4ab4-a2fd-46f3b1a3113e/element'
18:21:39.664 [AsyncHttpClient-1-5] DEBUG org.asynchttpclient.netty.handler.HttpHandler - 

Request DefaultHttpRequest(decodeResult: success, version: HTTP/1.1)
POST /session/7200920663eac18be101966e581c9db5/element/5f5fc176-7f39-4ab4-a2fd-46f3b1a3113e/element HTTP/1.1
User-Agent: selenium/4.5.3 (java mac)
Content-Length: 106
Content-Type: application/json; charset=utf-8
host: localhost:41557
accept: */*

Response DefaultHttpResponse(decodeResult: success, version: HTTP/1.1)
HTTP/1.1 200 OK
Content-Length: 88
Content-Type: application/json; charset=utf-8
cache-control: no-cache

18:21:39.665 [AsyncHttpClient-1-5] DEBUG org.asynchttpclient.netty.channel.ChannelManager - Adding key: http://localhost:41557 for channel [id: 0x606ef152, L:/127.0.0.1:54348 - R:localhost/127.0.0.1:41557]
18:21:39.666 [Forwarding getElementText on session 7200920663eac18be101966e581c9db5 to remote] DEBUG org.asynchttpclient.netty.request.NettyRequestSender - Using pooled Channel '[id: 0x606ef152, L:/127.0.0.1:54348 - R:localhost/127.0.0.1:41557]' for 'GET' to 'http://localhost:41557/session/7200920663eac18be101966e581c9db5/element/454b691f-15ca-4371-ac16-1677d39ad743/text'
18:21:39.666 [Forwarding getElementText on session 7200920663eac18be101966e581c9db5 to remote] DEBUG org.asynchttpclient.netty.request.NettyRequestSender - Using open Channel [id: 0x606ef152, L:/127.0.0.1:54348 - R:localhost/127.0.0.1:41557] for GET '/session/7200920663eac18be101966e581c9db5/element/454b691f-15ca-4371-ac16-1677d39ad743/text'
18:21:39.690 [AsyncHttpClient-1-5] DEBUG org.asynchttpclient.netty.handler.HttpHandler - 

Request DefaultFullHttpRequest(decodeResult: success, version: HTTP/1.1, content: EmptyByteBufBE)
GET /session/7200920663eac18be101966e581c9db5/element/454b691f-15ca-4371-ac16-1677d39ad743/text HTTP/1.1
User-Agent: selenium/4.5.3 (java mac)
Cache-Control: no-cache
Content-Type: application/json; charset=utf-8
host: localhost:41557
accept: */*

Response DefaultHttpResponse(decodeResult: success, version: HTTP/1.1)
HTTP/1.1 200 OK
Content-Length: 71
Content-Type: application/json; charset=utf-8
cache-control: no-cache

18:21:39.691 [AsyncHttpClient-1-5] DEBUG org.asynchttpclient.netty.channel.ChannelManager - Adding key: http://localhost:41557 for channel [id: 0x606ef152, L:/127.0.0.1:54348 - R:localhost/127.0.0.1:41557]
18:21:39.692 [Forwarding findChildElement on session 7200920663eac18be101966e581c9db5 to remote] DEBUG org.asynchttpclient.netty.request.NettyRequestSender - Using pooled Channel '[id: 0x606ef152, L:/127.0.0.1:54348 - R:localhost/127.0.0.1:41557]' for 'POST' to 'http://localhost:41557/session/7200920663eac18be101966e581c9db5/element/5f5fc176-7f39-4ab4-a2fd-46f3b1a3113e/element'
18:21:39.692 [Forwarding findChildElement on session 7200920663eac18be101966e581c9db5 to remote] DEBUG org.asynchttpclient.netty.request.NettyRequestSender - Using open Channel [id: 0x606ef152, L:/127.0.0.1:54348 - R:localhost/127.0.0.1:41557] for POST '/session/7200920663eac18be101966e581c9db5/element/5f5fc176-7f39-4ab4-a2fd-46f3b1a3113e/element'
18:21:39.709 [AsyncHttpClient-1-1] DEBUG org.asynchttpclient.netty.channel.DefaultChannelPool - Entry count for : http://localhost:54349 : 1
18:21:39.709 [AsyncHttpClient-1-1] DEBUG org.asynchttpclient.netty.channel.DefaultChannelPool - Entry count for : http://localhost:47544 : 1
18:21:39.737 [AsyncHttpClient-1-5] DEBUG org.asynchttpclient.netty.handler.HttpHandler - 

Request DefaultHttpRequest(decodeResult: success, version: HTTP/1.1)
POST /session/7200920663eac18be101966e581c9db5/element/5f5fc176-7f39-4ab4-a2fd-46f3b1a3113e/element HTTP/1.1
User-Agent: selenium/4.5.3 (java mac)
Content-Length: 106
Content-Type: application/json; charset=utf-8
host: localhost:41557
accept: */*

Response DefaultHttpResponse(decodeResult: success, version: HTTP/1.1)
HTTP/1.1 200 OK
Content-Length: 88
Content-Type: application/json; charset=utf-8
cache-control: no-cache

18:21:39.738 [AsyncHttpClient-1-5] DEBUG org.asynchttpclient.netty.channel.ChannelManager - Adding key: http://localhost:41557 for channel [id: 0x606ef152, L:/127.0.0.1:54348 - R:localhost/127.0.0.1:41557]
18:21:39.739 [Forwarding getElementText on session 7200920663eac18be101966e581c9db5 to remote] DEBUG org.asynchttpclient.netty.request.NettyRequestSender - Using pooled Channel '[id: 0x606ef152, L:/127.0.0.1:54348 - R:localhost/127.0.0.1:41557]' for 'GET' to 'http://localhost:41557/session/7200920663eac18be101966e581c9db5/element/e6b13008-9528-466c-b4fe-dfcd665b4e47/text'
18:21:39.739 [Forwarding getElementText on session 7200920663eac18be101966e581c9db5 to remote] DEBUG org.asynchttpclient.netty.request.NettyRequestSender - Using open Channel [id: 0x606ef152, L:/127.0.0.1:54348 - R:localhost/127.0.0.1:41557] for GET '/session/7200920663eac18be101966e581c9db5/element/e6b13008-9528-466c-b4fe-dfcd665b4e47/text'
18:21:39.774 [AsyncHttpClient-1-5] DEBUG org.asynchttpclient.netty.handler.HttpHandler - 

Request DefaultFullHttpRequest(decodeResult: success, version: HTTP/1.1, content: EmptyByteBufBE)
GET /session/7200920663eac18be101966e581c9db5/element/e6b13008-9528-466c-b4fe-dfcd665b4e47/text HTTP/1.1
User-Agent: selenium/4.5.3 (java mac)
Cache-Control: no-cache
Content-Type: application/json; charset=utf-8
host: localhost:41557
accept: */*

Response DefaultHttpResponse(decodeResult: success, version: HTTP/1.1)
HTTP/1.1 200 OK
Content-Length: 19
Content-Type: application/json; charset=utf-8
cache-control: no-cache

18:21:39.775 [AsyncHttpClient-1-5] DEBUG org.asynchttpclient.netty.channel.ChannelManager - Adding key: http://localhost:41557 for channel [id: 0x606ef152, L:/127.0.0.1:54348 - R:localhost/127.0.0.1:41557]
18:21:39.776 [Forwarding findChildElement on session 7200920663eac18be101966e581c9db5 to remote] DEBUG org.asynchttpclient.netty.request.NettyRequestSender - Using pooled Channel '[id: 0x606ef152, L:/127.0.0.1:54348 - R:localhost/127.0.0.1:41557]' for 'POST' to 'http://localhost:41557/session/7200920663eac18be101966e581c9db5/element/5404709b-85b3-4580-bae4-07d49b96e5b7/element'
18:21:39.777 [Forwarding findChildElement on session 7200920663eac18be101966e581c9db5 to remote] DEBUG org.asynchttpclient.netty.request.NettyRequestSender - Using open Channel [id: 0x606ef152, L:/127.0.0.1:54348 - R:localhost/127.0.0.1:41557] for POST '/session/7200920663eac18be101966e581c9db5/element/5404709b-85b3-4580-bae4-07d49b96e5b7/element'
18:21:39.889 [AsyncHttpClient-1-5] DEBUG org.asynchttpclient.netty.handler.HttpHandler - 

Request DefaultHttpRequest(decodeResult: success, version: HTTP/1.1)
POST /session/7200920663eac18be101966e581c9db5/element/5404709b-85b3-4580-bae4-07d49b96e5b7/element HTTP/1.1
User-Agent: selenium/4.5.3 (java mac)
Content-Length: 106
Content-Type: application/json; charset=utf-8
host: localhost:41557
accept: */*

Response DefaultHttpResponse(decodeResult: success, version: HTTP/1.1)
HTTP/1.1 200 OK
Content-Length: 88
Content-Type: application/json; charset=utf-8
cache-control: no-cache

18:21:39.890 [AsyncHttpClient-1-5] DEBUG org.asynchttpclient.netty.channel.ChannelManager - Adding key: http://localhost:41557 for channel [id: 0x606ef152, L:/127.0.0.1:54348 - R:localhost/127.0.0.1:41557]
18:21:39.900 [Forwarding getElementText on session 7200920663eac18be101966e581c9db5 to remote] DEBUG org.asynchttpclient.netty.request.NettyRequestSender - Using pooled Channel '[id: 0x606ef152, L:/127.0.0.1:54348 - R:localhost/127.0.0.1:41557]' for 'GET' to 'http://localhost:41557/session/7200920663eac18be101966e581c9db5/element/22a23cef-04e4-4f52-bb47-46afc68dc2aa/text'
18:21:39.900 [Forwarding getElementText on session 7200920663eac18be101966e581c9db5 to remote] DEBUG org.asynchttpclient.netty.request.NettyRequestSender - Using open Channel [id: 0x606ef152, L:/127.0.0.1:54348 - R:localhost/127.0.0.1:41557] for GET '/session/7200920663eac18be101966e581c9db5/element/22a23cef-04e4-4f52-bb47-46afc68dc2aa/text'
18:21:39.977 [AsyncHttpClient-1-5] DEBUG org.asynchttpclient.netty.handler.HttpHandler - 

Request DefaultFullHttpRequest(decodeResult: success, version: HTTP/1.1, content: EmptyByteBufBE)
GET /session/7200920663eac18be101966e581c9db5/element/22a23cef-04e4-4f52-bb47-46afc68dc2aa/text HTTP/1.1
User-Agent: selenium/4.5.3 (java mac)
Cache-Control: no-cache
Content-Type: application/json; charset=utf-8
host: localhost:41557
accept: */*

Response DefaultHttpResponse(decodeResult: success, version: HTTP/1.1)
HTTP/1.1 200 OK
Content-Length: 88
Content-Type: application/json; charset=utf-8
cache-control: no-cache

18:21:39.977 [AsyncHttpClient-1-5] DEBUG org.asynchttpclient.netty.channel.ChannelManager - Adding key: http://localhost:41557 for channel [id: 0x606ef152, L:/127.0.0.1:54348 - R:localhost/127.0.0.1:41557]
18:21:39.981 [Forwarding findChildElement on session 7200920663eac18be101966e581c9db5 to remote] DEBUG org.asynchttpclient.netty.request.NettyRequestSender - Using pooled Channel '[id: 0x606ef152, L:/127.0.0.1:54348 - R:localhost/127.0.0.1:41557]' for 'POST' to 'http://localhost:41557/session/7200920663eac18be101966e581c9db5/element/5404709b-85b3-4580-bae4-07d49b96e5b7/element'
18:21:39.982 [Forwarding findChildElement on session 7200920663eac18be101966e581c9db5 to remote] DEBUG org.asynchttpclient.netty.request.NettyRequestSender - Using open Channel [id: 0x606ef152, L:/127.0.0.1:54348 - R:localhost/127.0.0.1:41557] for POST '/session/7200920663eac18be101966e581c9db5/element/5404709b-85b3-4580-bae4-07d49b96e5b7/element'
18:21:40.014 [AsyncHttpClient-1-5] DEBUG org.asynchttpclient.netty.handler.HttpHandler - 

Request DefaultHttpRequest(decodeResult: success, version: HTTP/1.1)
POST /session/7200920663eac18be101966e581c9db5/element/5404709b-85b3-4580-bae4-07d49b96e5b7/element HTTP/1.1
User-Agent: selenium/4.5.3 (java mac)
Content-Length: 106
Content-Type: application/json; charset=utf-8
host: localhost:41557
accept: */*

Response DefaultHttpResponse(decodeResult: success, version: HTTP/1.1)
HTTP/1.1 200 OK
Content-Length: 88
Content-Type: application/json; charset=utf-8
cache-control: no-cache

18:21:40.014 [AsyncHttpClient-1-5] DEBUG org.asynchttpclient.netty.channel.ChannelManager - Adding key: http://localhost:41557 for channel [id: 0x606ef152, L:/127.0.0.1:54348 - R:localhost/127.0.0.1:41557]
18:21:40.015 [Forwarding getElementText on session 7200920663eac18be101966e581c9db5 to remote] DEBUG org.asynchttpclient.netty.request.NettyRequestSender - Using pooled Channel '[id: 0x606ef152, L:/127.0.0.1:54348 - R:localhost/127.0.0.1:41557]' for 'GET' to 'http://localhost:41557/session/7200920663eac18be101966e581c9db5/element/3bb54857-c4f9-497d-8e6d-dd6accf2acfa/text'
18:21:40.015 [Forwarding getElementText on session 7200920663eac18be101966e581c9db5 to remote] DEBUG org.asynchttpclient.netty.request.NettyRequestSender - Using open Channel [id: 0x606ef152, L:/127.0.0.1:54348 - R:localhost/127.0.0.1:41557] for GET '/session/7200920663eac18be101966e581c9db5/element/3bb54857-c4f9-497d-8e6d-dd6accf2acfa/text'
18:21:40.046 [AsyncHttpClient-1-5] DEBUG org.asynchttpclient.netty.handler.HttpHandler - 

Request DefaultFullHttpRequest(decodeResult: success, version: HTTP/1.1, content: EmptyByteBufBE)
GET /session/7200920663eac18be101966e581c9db5/element/3bb54857-c4f9-497d-8e6d-dd6accf2acfa/text HTTP/1.1
User-Agent: selenium/4.5.3 (java mac)
Cache-Control: no-cache
Content-Type: application/json; charset=utf-8
host: localhost:41557
accept: */*

Response DefaultHttpResponse(decodeResult: success, version: HTTP/1.1)
HTTP/1.1 200 OK
Content-Length: 19
Content-Type: application/json; charset=utf-8
cache-control: no-cache

18:21:40.046 [AsyncHttpClient-1-5] DEBUG org.asynchttpclient.netty.channel.ChannelManager - Adding key: http://localhost:41557 for channel [id: 0x606ef152, L:/127.0.0.1:54348 - R:localhost/127.0.0.1:41557]
18:21:40.048 [Forwarding findChildElement on session 7200920663eac18be101966e581c9db5 to remote] DEBUG org.asynchttpclient.netty.request.NettyRequestSender - Using pooled Channel '[id: 0x606ef152, L:/127.0.0.1:54348 - R:localhost/127.0.0.1:41557]' for 'POST' to 'http://localhost:41557/session/7200920663eac18be101966e581c9db5/element/dfe69a49-0c90-481f-b8c1-88adb46b5345/element'
18:21:40.049 [Forwarding findChildElement on session 7200920663eac18be101966e581c9db5 to remote] DEBUG org.asynchttpclient.netty.request.NettyRequestSender - Using open Channel [id: 0x606ef152, L:/127.0.0.1:54348 - R:localhost/127.0.0.1:41557] for POST '/session/7200920663eac18be101966e581c9db5/element/dfe69a49-0c90-481f-b8c1-88adb46b5345/element'
18:21:40.197 [AsyncHttpClient-1-5] DEBUG org.asynchttpclient.netty.handler.HttpHandler - 

Request DefaultHttpRequest(decodeResult: success, version: HTTP/1.1)
POST /session/7200920663eac18be101966e581c9db5/element/dfe69a49-0c90-481f-b8c1-88adb46b5345/element HTTP/1.1
User-Agent: selenium/4.5.3 (java mac)
Content-Length: 106
Content-Type: application/json; charset=utf-8
host: localhost:41557
accept: */*

Response DefaultHttpResponse(decodeResult: success, version: HTTP/1.1)
HTTP/1.1 200 OK
Content-Length: 88
Content-Type: application/json; charset=utf-8
cache-control: no-cache

18:21:40.197 [AsyncHttpClient-1-5] DEBUG org.asynchttpclient.netty.channel.ChannelManager - Adding key: http://localhost:41557 for channel [id: 0x606ef152, L:/127.0.0.1:54348 - R:localhost/127.0.0.1:41557]
18:21:40.199 [Forwarding getElementText on session 7200920663eac18be101966e581c9db5 to remote] DEBUG org.asynchttpclient.netty.request.NettyRequestSender - Using pooled Channel '[id: 0x606ef152, L:/127.0.0.1:54348 - R:localhost/127.0.0.1:41557]' for 'GET' to 'http://localhost:41557/session/7200920663eac18be101966e581c9db5/element/7fa21bcb-4354-49cc-bfbc-2a6c40976b24/text'
18:21:40.199 [Forwarding getElementText on session 7200920663eac18be101966e581c9db5 to remote] DEBUG org.asynchttpclient.netty.request.NettyRequestSender - Using open Channel [id: 0x606ef152, L:/127.0.0.1:54348 - R:localhost/127.0.0.1:41557] for GET '/session/7200920663eac18be101966e581c9db5/element/7fa21bcb-4354-49cc-bfbc-2a6c40976b24/text'
18:21:40.237 [AsyncHttpClient-1-5] DEBUG org.asynchttpclient.netty.handler.HttpHandler - 

Request DefaultFullHttpRequest(decodeResult: success, version: HTTP/1.1, content: EmptyByteBufBE)
GET /session/7200920663eac18be101966e581c9db5/element/7fa21bcb-4354-49cc-bfbc-2a6c40976b24/text HTTP/1.1
User-Agent: selenium/4.5.3 (java mac)
Cache-Control: no-cache
Content-Type: application/json; charset=utf-8
host: localhost:41557
accept: */*

Response DefaultHttpResponse(decodeResult: success, version: HTTP/1.1)
HTTP/1.1 200 OK
Content-Length: 83
Content-Type: application/json; charset=utf-8
cache-control: no-cache

18:21:40.237 [AsyncHttpClient-1-5] DEBUG org.asynchttpclient.netty.channel.ChannelManager - Adding key: http://localhost:41557 for channel [id: 0x606ef152, L:/127.0.0.1:54348 - R:localhost/127.0.0.1:41557]
18:21:40.239 [Forwarding findChildElement on session 7200920663eac18be101966e581c9db5 to remote] DEBUG org.asynchttpclient.netty.request.NettyRequestSender - Using pooled Channel '[id: 0x606ef152, L:/127.0.0.1:54348 - R:localhost/127.0.0.1:41557]' for 'POST' to 'http://localhost:41557/session/7200920663eac18be101966e581c9db5/element/dfe69a49-0c90-481f-b8c1-88adb46b5345/element'
18:21:40.239 [Forwarding findChildElement on session 7200920663eac18be101966e581c9db5 to remote] DEBUG org.asynchttpclient.netty.request.NettyRequestSender - Using open Channel [id: 0x606ef152, L:/127.0.0.1:54348 - R:localhost/127.0.0.1:41557] for POST '/session/7200920663eac18be101966e581c9db5/element/dfe69a49-0c90-481f-b8c1-88adb46b5345/element'
18:21:40.271 [AsyncHttpClient-1-5] DEBUG org.asynchttpclient.netty.handler.HttpHandler - 

Request DefaultHttpRequest(decodeResult: success, version: HTTP/1.1)
POST /session/7200920663eac18be101966e581c9db5/element/dfe69a49-0c90-481f-b8c1-88adb46b5345/element HTTP/1.1
User-Agent: selenium/4.5.3 (java mac)
Content-Length: 106
Content-Type: application/json; charset=utf-8
host: localhost:41557
accept: */*

Response DefaultHttpResponse(decodeResult: success, version: HTTP/1.1)
HTTP/1.1 200 OK
Content-Length: 88
Content-Type: application/json; charset=utf-8
cache-control: no-cache

18:21:40.272 [AsyncHttpClient-1-5] DEBUG org.asynchttpclient.netty.channel.ChannelManager - Adding key: http://localhost:41557 for channel [id: 0x606ef152, L:/127.0.0.1:54348 - R:localhost/127.0.0.1:41557]
18:21:40.273 [Forwarding getElementText on session 7200920663eac18be101966e581c9db5 to remote] DEBUG org.asynchttpclient.netty.request.NettyRequestSender - Using pooled Channel '[id: 0x606ef152, L:/127.0.0.1:54348 - R:localhost/127.0.0.1:41557]' for 'GET' to 'http://localhost:41557/session/7200920663eac18be101966e581c9db5/element/103b935e-9d4c-4ccb-b7ab-e092b3baa7a7/text'
18:21:40.273 [Forwarding getElementText on session 7200920663eac18be101966e581c9db5 to remote] DEBUG org.asynchttpclient.netty.request.NettyRequestSender - Using open Channel [id: 0x606ef152, L:/127.0.0.1:54348 - R:localhost/127.0.0.1:41557] for GET '/session/7200920663eac18be101966e581c9db5/element/103b935e-9d4c-4ccb-b7ab-e092b3baa7a7/text'
18:21:40.288 [AsyncHttpClient-1-5] DEBUG org.asynchttpclient.netty.handler.HttpHandler - 

Request DefaultFullHttpRequest(decodeResult: success, version: HTTP/1.1, content: EmptyByteBufBE)
GET /session/7200920663eac18be101966e581c9db5/element/103b935e-9d4c-4ccb-b7ab-e092b3baa7a7/text HTTP/1.1
User-Agent: selenium/4.5.3 (java mac)
Cache-Control: no-cache
Content-Type: application/json; charset=utf-8
host: localhost:41557
accept: */*

Response DefaultHttpResponse(decodeResult: success, version: HTTP/1.1)
HTTP/1.1 200 OK
Content-Length: 19
Content-Type: application/json; charset=utf-8
cache-control: no-cache

18:21:40.288 [AsyncHttpClient-1-5] DEBUG org.asynchttpclient.netty.channel.ChannelManager - Adding key: http://localhost:41557 for channel [id: 0x606ef152, L:/127.0.0.1:54348 - R:localhost/127.0.0.1:41557]
18:21:40.297 [Forwarding findChildElement on session 7200920663eac18be101966e581c9db5 to remote] DEBUG org.asynchttpclient.netty.request.NettyRequestSender - Using pooled Channel '[id: 0x606ef152, L:/127.0.0.1:54348 - R:localhost/127.0.0.1:41557]' for 'POST' to 'http://localhost:41557/session/7200920663eac18be101966e581c9db5/element/a1fb9928-da89-4a19-a13d-593dcf1cd02d/element'
18:21:40.298 [Forwarding findChildElement on session 7200920663eac18be101966e581c9db5 to remote] DEBUG org.asynchttpclient.netty.request.NettyRequestSender - Using open Channel [id: 0x606ef152, L:/127.0.0.1:54348 - R:localhost/127.0.0.1:41557] for POST '/session/7200920663eac18be101966e581c9db5/element/a1fb9928-da89-4a19-a13d-593dcf1cd02d/element'
18:21:40.366 [AsyncHttpClient-1-5] DEBUG org.asynchttpclient.netty.handler.HttpHandler - 

Request DefaultHttpRequest(decodeResult: success, version: HTTP/1.1)
POST /session/7200920663eac18be101966e581c9db5/element/a1fb9928-da89-4a19-a13d-593dcf1cd02d/element HTTP/1.1
User-Agent: selenium/4.5.3 (java mac)
Content-Length: 106
Content-Type: application/json; charset=utf-8
host: localhost:41557
accept: */*

Response DefaultHttpResponse(decodeResult: success, version: HTTP/1.1)
HTTP/1.1 200 OK
Content-Length: 88
Content-Type: application/json; charset=utf-8
cache-control: no-cache

18:21:40.367 [AsyncHttpClient-1-5] DEBUG org.asynchttpclient.netty.channel.ChannelManager - Adding key: http://localhost:41557 for channel [id: 0x606ef152, L:/127.0.0.1:54348 - R:localhost/127.0.0.1:41557]
18:21:40.370 [Forwarding getElementText on session 7200920663eac18be101966e581c9db5 to remote] DEBUG org.asynchttpclient.netty.request.NettyRequestSender - Using pooled Channel '[id: 0x606ef152, L:/127.0.0.1:54348 - R:localhost/127.0.0.1:41557]' for 'GET' to 'http://localhost:41557/session/7200920663eac18be101966e581c9db5/element/5e106878-0b54-4692-b475-e03ec0630125/text'
18:21:40.372 [Forwarding getElementText on session 7200920663eac18be101966e581c9db5 to remote] DEBUG org.asynchttpclient.netty.request.NettyRequestSender - Using open Channel [id: 0x606ef152, L:/127.0.0.1:54348 - R:localhost/127.0.0.1:41557] for GET '/session/7200920663eac18be101966e581c9db5/element/5e106878-0b54-4692-b475-e03ec0630125/text'
18:21:40.435 [AsyncHttpClient-1-5] DEBUG org.asynchttpclient.netty.handler.HttpHandler - 

Request DefaultFullHttpRequest(decodeResult: success, version: HTTP/1.1, content: EmptyByteBufBE)
GET /session/7200920663eac18be101966e581c9db5/element/5e106878-0b54-4692-b475-e03ec0630125/text HTTP/1.1
User-Agent: selenium/4.5.3 (java mac)
Cache-Control: no-cache
Content-Type: application/json; charset=utf-8
host: localhost:41557
accept: */*

Response DefaultHttpResponse(decodeResult: success, version: HTTP/1.1)
HTTP/1.1 200 OK
Content-Length: 88
Content-Type: application/json; charset=utf-8
cache-control: no-cache

18:21:40.437 [AsyncHttpClient-1-5] DEBUG org.asynchttpclient.netty.channel.ChannelManager - Adding key: http://localhost:41557 for channel [id: 0x606ef152, L:/127.0.0.1:54348 - R:localhost/127.0.0.1:41557]
18:21:40.439 [Forwarding findChildElement on session 7200920663eac18be101966e581c9db5 to remote] DEBUG org.asynchttpclient.netty.request.NettyRequestSender - Using pooled Channel '[id: 0x606ef152, L:/127.0.0.1:54348 - R:localhost/127.0.0.1:41557]' for 'POST' to 'http://localhost:41557/session/7200920663eac18be101966e581c9db5/element/a1fb9928-da89-4a19-a13d-593dcf1cd02d/element'
18:21:40.440 [Forwarding findChildElement on session 7200920663eac18be101966e581c9db5 to remote] DEBUG org.asynchttpclient.netty.request.NettyRequestSender - Using open Channel [id: 0x606ef152, L:/127.0.0.1:54348 - R:localhost/127.0.0.1:41557] for POST '/session/7200920663eac18be101966e581c9db5/element/a1fb9928-da89-4a19-a13d-593dcf1cd02d/element'
18:21:40.512 [AsyncHttpClient-1-5] DEBUG org.asynchttpclient.netty.handler.HttpHandler - 

Request DefaultHttpRequest(decodeResult: success, version: HTTP/1.1)
POST /session/7200920663eac18be101966e581c9db5/element/a1fb9928-da89-4a19-a13d-593dcf1cd02d/element HTTP/1.1
User-Agent: selenium/4.5.3 (java mac)
Content-Length: 106
Content-Type: application/json; charset=utf-8
host: localhost:41557
accept: */*

Response DefaultHttpResponse(decodeResult: success, version: HTTP/1.1)
HTTP/1.1 200 OK
Content-Length: 88
Content-Type: application/json; charset=utf-8
cache-control: no-cache

18:21:40.512 [AsyncHttpClient-1-5] DEBUG org.asynchttpclient.netty.channel.ChannelManager - Adding key: http://localhost:41557 for channel [id: 0x606ef152, L:/127.0.0.1:54348 - R:localhost/127.0.0.1:41557]
18:21:40.514 [Forwarding getElementText on session 7200920663eac18be101966e581c9db5 to remote] DEBUG org.asynchttpclient.netty.request.NettyRequestSender - Using pooled Channel '[id: 0x606ef152, L:/127.0.0.1:54348 - R:localhost/127.0.0.1:41557]' for 'GET' to 'http://localhost:41557/session/7200920663eac18be101966e581c9db5/element/dac731cb-12ef-422e-bfb8-9c45a91ad876/text'
18:21:40.514 [Forwarding getElementText on session 7200920663eac18be101966e581c9db5 to remote] DEBUG org.asynchttpclient.netty.request.NettyRequestSender - Using open Channel [id: 0x606ef152, L:/127.0.0.1:54348 - R:localhost/127.0.0.1:41557] for GET '/session/7200920663eac18be101966e581c9db5/element/dac731cb-12ef-422e-bfb8-9c45a91ad876/text'
18:21:40.620 [AsyncHttpClient-1-5] DEBUG org.asynchttpclient.netty.handler.HttpHandler - 

Request DefaultFullHttpRequest(decodeResult: success, version: HTTP/1.1, content: EmptyByteBufBE)
GET /session/7200920663eac18be101966e581c9db5/element/dac731cb-12ef-422e-bfb8-9c45a91ad876/text HTTP/1.1
User-Agent: selenium/4.5.3 (java mac)
Cache-Control: no-cache
Content-Type: application/json; charset=utf-8
host: localhost:41557
accept: */*

Response DefaultHttpResponse(decodeResult: success, version: HTTP/1.1)
HTTP/1.1 200 OK
Content-Length: 30
Content-Type: application/json; charset=utf-8
cache-control: no-cache

18:21:40.620 [AsyncHttpClient-1-5] DEBUG org.asynchttpclient.netty.channel.ChannelManager - Adding key: http://localhost:41557 for channel [id: 0x606ef152, L:/127.0.0.1:54348 - R:localhost/127.0.0.1:41557]
18:21:40.623 [Forwarding findChildElement on session 7200920663eac18be101966e581c9db5 to remote] DEBUG org.asynchttpclient.netty.request.NettyRequestSender - Using pooled Channel '[id: 0x606ef152, L:/127.0.0.1:54348 - R:localhost/127.0.0.1:41557]' for 'POST' to 'http://localhost:41557/session/7200920663eac18be101966e581c9db5/element/1b07a669-95c6-425b-a404-d0823f981716/element'
18:21:40.623 [Forwarding findChildElement on session 7200920663eac18be101966e581c9db5 to remote] DEBUG org.asynchttpclient.netty.request.NettyRequestSender - Using open Channel [id: 0x606ef152, L:/127.0.0.1:54348 - R:localhost/127.0.0.1:41557] for POST '/session/7200920663eac18be101966e581c9db5/element/1b07a669-95c6-425b-a404-d0823f981716/element'
18:21:40.650 [AsyncHttpClient-1-5] DEBUG org.asynchttpclient.netty.handler.HttpHandler - 

Request DefaultHttpRequest(decodeResult: success, version: HTTP/1.1)
POST /session/7200920663eac18be101966e581c9db5/element/1b07a669-95c6-425b-a404-d0823f981716/element HTTP/1.1
User-Agent: selenium/4.5.3 (java mac)
Content-Length: 106
Content-Type: application/json; charset=utf-8
host: localhost:41557
accept: */*

Response DefaultHttpResponse(decodeResult: success, version: HTTP/1.1)
HTTP/1.1 200 OK
Content-Length: 88
Content-Type: application/json; charset=utf-8
cache-control: no-cache

18:21:40.650 [AsyncHttpClient-1-5] DEBUG org.asynchttpclient.netty.channel.ChannelManager - Adding key: http://localhost:41557 for channel [id: 0x606ef152, L:/127.0.0.1:54348 - R:localhost/127.0.0.1:41557]
18:21:40.652 [Forwarding getElementText on session 7200920663eac18be101966e581c9db5 to remote] DEBUG org.asynchttpclient.netty.request.NettyRequestSender - Using pooled Channel '[id: 0x606ef152, L:/127.0.0.1:54348 - R:localhost/127.0.0.1:41557]' for 'GET' to 'http://localhost:41557/session/7200920663eac18be101966e581c9db5/element/425aa339-13a9-4f52-95e8-7e800a5fada8/text'
18:21:40.652 [Forwarding getElementText on session 7200920663eac18be101966e581c9db5 to remote] DEBUG org.asynchttpclient.netty.request.NettyRequestSender - Using open Channel [id: 0x606ef152, L:/127.0.0.1:54348 - R:localhost/127.0.0.1:41557] for GET '/session/7200920663eac18be101966e581c9db5/element/425aa339-13a9-4f52-95e8-7e800a5fada8/text'
18:21:40.707 [AsyncHttpClient-1-5] DEBUG org.asynchttpclient.netty.handler.HttpHandler - 

Request DefaultFullHttpRequest(decodeResult: success, version: HTTP/1.1, content: EmptyByteBufBE)
GET /session/7200920663eac18be101966e581c9db5/element/425aa339-13a9-4f52-95e8-7e800a5fada8/text HTTP/1.1
User-Agent: selenium/4.5.3 (java mac)
Cache-Control: no-cache
Content-Type: application/json; charset=utf-8
host: localhost:41557
accept: */*

Response DefaultHttpResponse(decodeResult: success, version: HTTP/1.1)
HTTP/1.1 200 OK
Content-Length: 89
Content-Type: application/json; charset=utf-8
cache-control: no-cache

18:21:40.708 [AsyncHttpClient-1-5] DEBUG org.asynchttpclient.netty.channel.ChannelManager - Adding key: http://localhost:41557 for channel [id: 0x606ef152, L:/127.0.0.1:54348 - R:localhost/127.0.0.1:41557]
18:21:40.711 [Forwarding findChildElement on session 7200920663eac18be101966e581c9db5 to remote] DEBUG org.asynchttpclient.netty.request.NettyRequestSender - Using pooled Channel '[id: 0x606ef152, L:/127.0.0.1:54348 - R:localhost/127.0.0.1:41557]' for 'POST' to 'http://localhost:41557/session/7200920663eac18be101966e581c9db5/element/1b07a669-95c6-425b-a404-d0823f981716/element'
18:21:40.713 [Forwarding findChildElement on session 7200920663eac18be101966e581c9db5 to remote] DEBUG org.asynchttpclient.netty.request.NettyRequestSender - Using open Channel [id: 0x606ef152, L:/127.0.0.1:54348 - R:localhost/127.0.0.1:41557] for POST '/session/7200920663eac18be101966e581c9db5/element/1b07a669-95c6-425b-a404-d0823f981716/element'
18:21:40.733 [AsyncHttpClient-1-5] DEBUG org.asynchttpclient.netty.handler.HttpHandler - 

Request DefaultHttpRequest(decodeResult: success, version: HTTP/1.1)
POST /session/7200920663eac18be101966e581c9db5/element/1b07a669-95c6-425b-a404-d0823f981716/element HTTP/1.1
User-Agent: selenium/4.5.3 (java mac)
Content-Length: 106
Content-Type: application/json; charset=utf-8
host: localhost:41557
accept: */*

Response DefaultHttpResponse(decodeResult: success, version: HTTP/1.1)
HTTP/1.1 200 OK
Content-Length: 88
Content-Type: application/json; charset=utf-8
cache-control: no-cache

18:21:40.733 [AsyncHttpClient-1-5] DEBUG org.asynchttpclient.netty.channel.ChannelManager - Adding key: http://localhost:41557 for channel [id: 0x606ef152, L:/127.0.0.1:54348 - R:localhost/127.0.0.1:41557]
18:21:40.734 [Forwarding getElementText on session 7200920663eac18be101966e581c9db5 to remote] DEBUG org.asynchttpclient.netty.request.NettyRequestSender - Using pooled Channel '[id: 0x606ef152, L:/127.0.0.1:54348 - R:localhost/127.0.0.1:41557]' for 'GET' to 'http://localhost:41557/session/7200920663eac18be101966e581c9db5/element/409c62d4-028e-44a7-bf27-7eece51e8cb8/text'
18:21:40.734 [Forwarding getElementText on session 7200920663eac18be101966e581c9db5 to remote] DEBUG org.asynchttpclient.netty.request.NettyRequestSender - Using open Channel [id: 0x606ef152, L:/127.0.0.1:54348 - R:localhost/127.0.0.1:41557] for GET '/session/7200920663eac18be101966e581c9db5/element/409c62d4-028e-44a7-bf27-7eece51e8cb8/text'
18:21:40.776 [AsyncHttpClient-1-5] DEBUG org.asynchttpclient.netty.handler.HttpHandler - 

Request DefaultFullHttpRequest(decodeResult: success, version: HTTP/1.1, content: EmptyByteBufBE)
GET /session/7200920663eac18be101966e581c9db5/element/409c62d4-028e-44a7-bf27-7eece51e8cb8/text HTTP/1.1
User-Agent: selenium/4.5.3 (java mac)
Cache-Control: no-cache
Content-Type: application/json; charset=utf-8
host: localhost:41557
accept: */*

Response DefaultHttpResponse(decodeResult: success, version: HTTP/1.1)
HTTP/1.1 200 OK
Content-Length: 30
Content-Type: application/json; charset=utf-8
cache-control: no-cache

18:21:40.776 [AsyncHttpClient-1-5] DEBUG org.asynchttpclient.netty.channel.ChannelManager - Adding key: http://localhost:41557 for channel [id: 0x606ef152, L:/127.0.0.1:54348 - R:localhost/127.0.0.1:41557]
18:21:40.778 [Forwarding findChildElement on session 7200920663eac18be101966e581c9db5 to remote] DEBUG org.asynchttpclient.netty.request.NettyRequestSender - Using pooled Channel '[id: 0x606ef152, L:/127.0.0.1:54348 - R:localhost/127.0.0.1:41557]' for 'POST' to 'http://localhost:41557/session/7200920663eac18be101966e581c9db5/element/7324fe82-a6da-4f46-b8d3-25a671db7a92/element'
18:21:40.779 [Forwarding findChildElement on session 7200920663eac18be101966e581c9db5 to remote] DEBUG org.asynchttpclient.netty.request.NettyRequestSender - Using open Channel [id: 0x606ef152, L:/127.0.0.1:54348 - R:localhost/127.0.0.1:41557] for POST '/session/7200920663eac18be101966e581c9db5/element/7324fe82-a6da-4f46-b8d3-25a671db7a92/element'
18:21:40.800 [AsyncHttpClient-1-5] DEBUG org.asynchttpclient.netty.handler.HttpHandler - 

Request DefaultHttpRequest(decodeResult: success, version: HTTP/1.1)
POST /session/7200920663eac18be101966e581c9db5/element/7324fe82-a6da-4f46-b8d3-25a671db7a92/element HTTP/1.1
User-Agent: selenium/4.5.3 (java mac)
Content-Length: 106
Content-Type: application/json; charset=utf-8
host: localhost:41557
accept: */*

Response DefaultHttpResponse(decodeResult: success, version: HTTP/1.1)
HTTP/1.1 200 OK
Content-Length: 88
Content-Type: application/json; charset=utf-8
cache-control: no-cache

18:21:40.801 [AsyncHttpClient-1-5] DEBUG org.asynchttpclient.netty.channel.ChannelManager - Adding key: http://localhost:41557 for channel [id: 0x606ef152, L:/127.0.0.1:54348 - R:localhost/127.0.0.1:41557]
18:21:40.802 [Forwarding getElementText on session 7200920663eac18be101966e581c9db5 to remote] DEBUG org.asynchttpclient.netty.request.NettyRequestSender - Using pooled Channel '[id: 0x606ef152, L:/127.0.0.1:54348 - R:localhost/127.0.0.1:41557]' for 'GET' to 'http://localhost:41557/session/7200920663eac18be101966e581c9db5/element/b8104e9a-fa3c-4342-a269-9c9aa70d8a0a/text'
18:21:40.802 [Forwarding getElementText on session 7200920663eac18be101966e581c9db5 to remote] DEBUG org.asynchttpclient.netty.request.NettyRequestSender - Using open Channel [id: 0x606ef152, L:/127.0.0.1:54348 - R:localhost/127.0.0.1:41557] for GET '/session/7200920663eac18be101966e581c9db5/element/b8104e9a-fa3c-4342-a269-9c9aa70d8a0a/text'
18:21:40.812 [AsyncHttpClient-1-1] DEBUG org.asynchttpclient.netty.channel.DefaultChannelPool - Entry count for : http://localhost:54349 : 1
18:21:40.812 [AsyncHttpClient-1-1] DEBUG org.asynchttpclient.netty.channel.DefaultChannelPool - Entry count for : http://localhost:47544 : 1
18:21:40.927 [AsyncHttpClient-1-5] DEBUG org.asynchttpclient.netty.handler.HttpHandler - 

Request DefaultFullHttpRequest(decodeResult: success, version: HTTP/1.1, content: EmptyByteBufBE)
GET /session/7200920663eac18be101966e581c9db5/element/b8104e9a-fa3c-4342-a269-9c9aa70d8a0a/text HTTP/1.1
User-Agent: selenium/4.5.3 (java mac)
Cache-Control: no-cache
Content-Type: application/json; charset=utf-8
host: localhost:41557
accept: */*

Response DefaultHttpResponse(decodeResult: success, version: HTTP/1.1)
HTTP/1.1 200 OK
Content-Length: 78
Content-Type: application/json; charset=utf-8
cache-control: no-cache

18:21:40.928 [AsyncHttpClient-1-5] DEBUG org.asynchttpclient.netty.channel.ChannelManager - Adding key: http://localhost:41557 for channel [id: 0x606ef152, L:/127.0.0.1:54348 - R:localhost/127.0.0.1:41557]
18:21:40.930 [Forwarding findChildElement on session 7200920663eac18be101966e581c9db5 to remote] DEBUG org.asynchttpclient.netty.request.NettyRequestSender - Using pooled Channel '[id: 0x606ef152, L:/127.0.0.1:54348 - R:localhost/127.0.0.1:41557]' for 'POST' to 'http://localhost:41557/session/7200920663eac18be101966e581c9db5/element/7324fe82-a6da-4f46-b8d3-25a671db7a92/element'
18:21:40.930 [Forwarding findChildElement on session 7200920663eac18be101966e581c9db5 to remote] DEBUG org.asynchttpclient.netty.request.NettyRequestSender - Using open Channel [id: 0x606ef152, L:/127.0.0.1:54348 - R:localhost/127.0.0.1:41557] for POST '/session/7200920663eac18be101966e581c9db5/element/7324fe82-a6da-4f46-b8d3-25a671db7a92/element'
18:21:40.965 [AsyncHttpClient-1-5] DEBUG org.asynchttpclient.netty.handler.HttpHandler - 

Request DefaultHttpRequest(decodeResult: success, version: HTTP/1.1)
POST /session/7200920663eac18be101966e581c9db5/element/7324fe82-a6da-4f46-b8d3-25a671db7a92/element HTTP/1.1
User-Agent: selenium/4.5.3 (java mac)
Content-Length: 106
Content-Type: application/json; charset=utf-8
host: localhost:41557
accept: */*

Response DefaultHttpResponse(decodeResult: success, version: HTTP/1.1)
HTTP/1.1 200 OK
Content-Length: 88
Content-Type: application/json; charset=utf-8
cache-control: no-cache

18:21:40.965 [AsyncHttpClient-1-5] DEBUG org.asynchttpclient.netty.channel.ChannelManager - Adding key: http://localhost:41557 for channel [id: 0x606ef152, L:/127.0.0.1:54348 - R:localhost/127.0.0.1:41557]
18:21:40.967 [Forwarding getElementText on session 7200920663eac18be101966e581c9db5 to remote] DEBUG org.asynchttpclient.netty.request.NettyRequestSender - Using pooled Channel '[id: 0x606ef152, L:/127.0.0.1:54348 - R:localhost/127.0.0.1:41557]' for 'GET' to 'http://localhost:41557/session/7200920663eac18be101966e581c9db5/element/8b0b94d2-65f8-4923-99e4-55bcb31727d9/text'
18:21:40.967 [Forwarding getElementText on session 7200920663eac18be101966e581c9db5 to remote] DEBUG org.asynchttpclient.netty.request.NettyRequestSender - Using open Channel [id: 0x606ef152, L:/127.0.0.1:54348 - R:localhost/127.0.0.1:41557] for GET '/session/7200920663eac18be101966e581c9db5/element/8b0b94d2-65f8-4923-99e4-55bcb31727d9/text'
18:21:41.010 [AsyncHttpClient-1-5] DEBUG org.asynchttpclient.netty.handler.HttpHandler - 

Request DefaultFullHttpRequest(decodeResult: success, version: HTTP/1.1, content: EmptyByteBufBE)
GET /session/7200920663eac18be101966e581c9db5/element/8b0b94d2-65f8-4923-99e4-55bcb31727d9/text HTTP/1.1
User-Agent: selenium/4.5.3 (java mac)
Cache-Control: no-cache
Content-Type: application/json; charset=utf-8
host: localhost:41557
accept: */*

Response DefaultHttpResponse(decodeResult: success, version: HTTP/1.1)
HTTP/1.1 200 OK
Content-Length: 19
Content-Type: application/json; charset=utf-8
cache-control: no-cache

18:21:41.010 [AsyncHttpClient-1-5] DEBUG org.asynchttpclient.netty.channel.ChannelManager - Adding key: http://localhost:41557 for channel [id: 0x606ef152, L:/127.0.0.1:54348 - R:localhost/127.0.0.1:41557]
18:21:41.012 [Forwarding findChildElement on session 7200920663eac18be101966e581c9db5 to remote] DEBUG org.asynchttpclient.netty.request.NettyRequestSender - Using pooled Channel '[id: 0x606ef152, L:/127.0.0.1:54348 - R:localhost/127.0.0.1:41557]' for 'POST' to 'http://localhost:41557/session/7200920663eac18be101966e581c9db5/element/03b0ed54-c2af-494b-9365-a32057ab2ff8/element'
18:21:41.012 [Forwarding findChildElement on session 7200920663eac18be101966e581c9db5 to remote] DEBUG org.asynchttpclient.netty.request.NettyRequestSender - Using open Channel [id: 0x606ef152, L:/127.0.0.1:54348 - R:localhost/127.0.0.1:41557] for POST '/session/7200920663eac18be101966e581c9db5/element/03b0ed54-c2af-494b-9365-a32057ab2ff8/element'
18:21:41.039 [AsyncHttpClient-1-5] DEBUG org.asynchttpclient.netty.handler.HttpHandler - 

Request DefaultHttpRequest(decodeResult: success, version: HTTP/1.1)
POST /session/7200920663eac18be101966e581c9db5/element/03b0ed54-c2af-494b-9365-a32057ab2ff8/element HTTP/1.1
User-Agent: selenium/4.5.3 (java mac)
Content-Length: 106
Content-Type: application/json; charset=utf-8
host: localhost:41557
accept: */*

Response DefaultHttpResponse(decodeResult: success, version: HTTP/1.1)
HTTP/1.1 200 OK
Content-Length: 88
Content-Type: application/json; charset=utf-8
cache-control: no-cache

18:21:41.039 [AsyncHttpClient-1-5] DEBUG org.asynchttpclient.netty.channel.ChannelManager - Adding key: http://localhost:41557 for channel [id: 0x606ef152, L:/127.0.0.1:54348 - R:localhost/127.0.0.1:41557]
18:21:41.040 [Forwarding getElementText on session 7200920663eac18be101966e581c9db5 to remote] DEBUG org.asynchttpclient.netty.request.NettyRequestSender - Using pooled Channel '[id: 0x606ef152, L:/127.0.0.1:54348 - R:localhost/127.0.0.1:41557]' for 'GET' to 'http://localhost:41557/session/7200920663eac18be101966e581c9db5/element/5519548c-7dad-45e9-845b-e24fec5979af/text'
18:21:41.040 [Forwarding getElementText on session 7200920663eac18be101966e581c9db5 to remote] DEBUG org.asynchttpclient.netty.request.NettyRequestSender - Using open Channel [id: 0x606ef152, L:/127.0.0.1:54348 - R:localhost/127.0.0.1:41557] for GET '/session/7200920663eac18be101966e581c9db5/element/5519548c-7dad-45e9-845b-e24fec5979af/text'
18:21:41.084 [AsyncHttpClient-1-5] DEBUG org.asynchttpclient.netty.handler.HttpHandler - 

Request DefaultFullHttpRequest(decodeResult: success, version: HTTP/1.1, content: EmptyByteBufBE)
GET /session/7200920663eac18be101966e581c9db5/element/5519548c-7dad-45e9-845b-e24fec5979af/text HTTP/1.1
User-Agent: selenium/4.5.3 (java mac)
Cache-Control: no-cache
Content-Type: application/json; charset=utf-8
host: localhost:41557
accept: */*

Response DefaultHttpResponse(decodeResult: success, version: HTTP/1.1)
HTTP/1.1 200 OK
Content-Length: 71
Content-Type: application/json; charset=utf-8
cache-control: no-cache

18:21:41.085 [AsyncHttpClient-1-5] DEBUG org.asynchttpclient.netty.channel.ChannelManager - Adding key: http://localhost:41557 for channel [id: 0x606ef152, L:/127.0.0.1:54348 - R:localhost/127.0.0.1:41557]
18:21:41.086 [Forwarding findChildElement on session 7200920663eac18be101966e581c9db5 to remote] DEBUG org.asynchttpclient.netty.request.NettyRequestSender - Using pooled Channel '[id: 0x606ef152, L:/127.0.0.1:54348 - R:localhost/127.0.0.1:41557]' for 'POST' to 'http://localhost:41557/session/7200920663eac18be101966e581c9db5/element/03b0ed54-c2af-494b-9365-a32057ab2ff8/element'
18:21:41.086 [Forwarding findChildElement on session 7200920663eac18be101966e581c9db5 to remote] DEBUG org.asynchttpclient.netty.request.NettyRequestSender - Using open Channel [id: 0x606ef152, L:/127.0.0.1:54348 - R:localhost/127.0.0.1:41557] for POST '/session/7200920663eac18be101966e581c9db5/element/03b0ed54-c2af-494b-9365-a32057ab2ff8/element'
18:21:41.110 [AsyncHttpClient-1-5] DEBUG org.asynchttpclient.netty.handler.HttpHandler - 

Request DefaultHttpRequest(decodeResult: success, version: HTTP/1.1)
POST /session/7200920663eac18be101966e581c9db5/element/03b0ed54-c2af-494b-9365-a32057ab2ff8/element HTTP/1.1
User-Agent: selenium/4.5.3 (java mac)
Content-Length: 106
Content-Type: application/json; charset=utf-8
host: localhost:41557
accept: */*

Response DefaultHttpResponse(decodeResult: success, version: HTTP/1.1)
HTTP/1.1 200 OK
Content-Length: 88
Content-Type: application/json; charset=utf-8
cache-control: no-cache

18:21:41.111 [AsyncHttpClient-1-5] DEBUG org.asynchttpclient.netty.channel.ChannelManager - Adding key: http://localhost:41557 for channel [id: 0x606ef152, L:/127.0.0.1:54348 - R:localhost/127.0.0.1:41557]
18:21:41.121 [Forwarding getElementText on session 7200920663eac18be101966e581c9db5 to remote] DEBUG org.asynchttpclient.netty.request.NettyRequestSender - Using pooled Channel '[id: 0x606ef152, L:/127.0.0.1:54348 - R:localhost/127.0.0.1:41557]' for 'GET' to 'http://localhost:41557/session/7200920663eac18be101966e581c9db5/element/6dac5cdc-c25b-4b21-b754-0d8510e304d9/text'
18:21:41.121 [Forwarding getElementText on session 7200920663eac18be101966e581c9db5 to remote] DEBUG org.asynchttpclient.netty.request.NettyRequestSender - Using open Channel [id: 0x606ef152, L:/127.0.0.1:54348 - R:localhost/127.0.0.1:41557] for GET '/session/7200920663eac18be101966e581c9db5/element/6dac5cdc-c25b-4b21-b754-0d8510e304d9/text'
18:21:41.148 [AsyncHttpClient-1-5] DEBUG org.asynchttpclient.netty.handler.HttpHandler - 

Request DefaultFullHttpRequest(decodeResult: success, version: HTTP/1.1, content: EmptyByteBufBE)
GET /session/7200920663eac18be101966e581c9db5/element/6dac5cdc-c25b-4b21-b754-0d8510e304d9/text HTTP/1.1
User-Agent: selenium/4.5.3 (java mac)
Cache-Control: no-cache
Content-Type: application/json; charset=utf-8
host: localhost:41557
accept: */*

Response DefaultHttpResponse(decodeResult: success, version: HTTP/1.1)
HTTP/1.1 200 OK
Content-Length: 18
Content-Type: application/json; charset=utf-8
cache-control: no-cache

18:21:41.148 [AsyncHttpClient-1-5] DEBUG org.asynchttpclient.netty.channel.ChannelManager - Adding key: http://localhost:41557 for channel [id: 0x606ef152, L:/127.0.0.1:54348 - R:localhost/127.0.0.1:41557]
18:21:41.150 [Forwarding findChildElement on session 7200920663eac18be101966e581c9db5 to remote] DEBUG org.asynchttpclient.netty.request.NettyRequestSender - Using pooled Channel '[id: 0x606ef152, L:/127.0.0.1:54348 - R:localhost/127.0.0.1:41557]' for 'POST' to 'http://localhost:41557/session/7200920663eac18be101966e581c9db5/element/6bb3f6dc-3b68-4e81-8b6c-14bbb9bbe6b0/element'
18:21:41.150 [Forwarding findChildElement on session 7200920663eac18be101966e581c9db5 to remote] DEBUG org.asynchttpclient.netty.request.NettyRequestSender - Using open Channel [id: 0x606ef152, L:/127.0.0.1:54348 - R:localhost/127.0.0.1:41557] for POST '/session/7200920663eac18be101966e581c9db5/element/6bb3f6dc-3b68-4e81-8b6c-14bbb9bbe6b0/element'
18:21:41.178 [AsyncHttpClient-1-5] DEBUG org.asynchttpclient.netty.handler.HttpHandler - 

Request DefaultHttpRequest(decodeResult: success, version: HTTP/1.1)
POST /session/7200920663eac18be101966e581c9db5/element/6bb3f6dc-3b68-4e81-8b6c-14bbb9bbe6b0/element HTTP/1.1
User-Agent: selenium/4.5.3 (java mac)
Content-Length: 106
Content-Type: application/json; charset=utf-8
host: localhost:41557
accept: */*

Response DefaultHttpResponse(decodeResult: success, version: HTTP/1.1)
HTTP/1.1 200 OK
Content-Length: 88
Content-Type: application/json; charset=utf-8
cache-control: no-cache

18:21:41.178 [AsyncHttpClient-1-5] DEBUG org.asynchttpclient.netty.channel.ChannelManager - Adding key: http://localhost:41557 for channel [id: 0x606ef152, L:/127.0.0.1:54348 - R:localhost/127.0.0.1:41557]
18:21:41.180 [Forwarding getElementText on session 7200920663eac18be101966e581c9db5 to remote] DEBUG org.asynchttpclient.netty.request.NettyRequestSender - Using pooled Channel '[id: 0x606ef152, L:/127.0.0.1:54348 - R:localhost/127.0.0.1:41557]' for 'GET' to 'http://localhost:41557/session/7200920663eac18be101966e581c9db5/element/f8b6deb8-55e2-4832-8a8d-998b91a42386/text'
18:21:41.180 [Forwarding getElementText on session 7200920663eac18be101966e581c9db5 to remote] DEBUG org.asynchttpclient.netty.request.NettyRequestSender - Using open Channel [id: 0x606ef152, L:/127.0.0.1:54348 - R:localhost/127.0.0.1:41557] for GET '/session/7200920663eac18be101966e581c9db5/element/f8b6deb8-55e2-4832-8a8d-998b91a42386/text'
18:21:41.206 [AsyncHttpClient-1-5] DEBUG org.asynchttpclient.netty.handler.HttpHandler - 

Request DefaultFullHttpRequest(decodeResult: success, version: HTTP/1.1, content: EmptyByteBufBE)
GET /session/7200920663eac18be101966e581c9db5/element/f8b6deb8-55e2-4832-8a8d-998b91a42386/text HTTP/1.1
User-Agent: selenium/4.5.3 (java mac)
Cache-Control: no-cache
Content-Type: application/json; charset=utf-8
host: localhost:41557
accept: */*

Response DefaultHttpResponse(decodeResult: success, version: HTTP/1.1)
HTTP/1.1 200 OK
Content-Length: 59
Content-Type: application/json; charset=utf-8
cache-control: no-cache

18:21:41.207 [AsyncHttpClient-1-5] DEBUG org.asynchttpclient.netty.channel.ChannelManager - Adding key: http://localhost:41557 for channel [id: 0x606ef152, L:/127.0.0.1:54348 - R:localhost/127.0.0.1:41557]
18:21:41.209 [Forwarding findChildElement on session 7200920663eac18be101966e581c9db5 to remote] DEBUG org.asynchttpclient.netty.request.NettyRequestSender - Using pooled Channel '[id: 0x606ef152, L:/127.0.0.1:54348 - R:localhost/127.0.0.1:41557]' for 'POST' to 'http://localhost:41557/session/7200920663eac18be101966e581c9db5/element/6bb3f6dc-3b68-4e81-8b6c-14bbb9bbe6b0/element'
18:21:41.209 [Forwarding findChildElement on session 7200920663eac18be101966e581c9db5 to remote] DEBUG org.asynchttpclient.netty.request.NettyRequestSender - Using open Channel [id: 0x606ef152, L:/127.0.0.1:54348 - R:localhost/127.0.0.1:41557] for POST '/session/7200920663eac18be101966e581c9db5/element/6bb3f6dc-3b68-4e81-8b6c-14bbb9bbe6b0/element'
18:21:41.251 [AsyncHttpClient-1-5] DEBUG org.asynchttpclient.netty.handler.HttpHandler - 

Request DefaultHttpRequest(decodeResult: success, version: HTTP/1.1)
POST /session/7200920663eac18be101966e581c9db5/element/6bb3f6dc-3b68-4e81-8b6c-14bbb9bbe6b0/element HTTP/1.1
User-Agent: selenium/4.5.3 (java mac)
Content-Length: 106
Content-Type: application/json; charset=utf-8
host: localhost:41557
accept: */*

Response DefaultHttpResponse(decodeResult: success, version: HTTP/1.1)
HTTP/1.1 200 OK
Content-Length: 88
Content-Type: application/json; charset=utf-8
cache-control: no-cache

18:21:41.251 [AsyncHttpClient-1-5] DEBUG org.asynchttpclient.netty.channel.ChannelManager - Adding key: http://localhost:41557 for channel [id: 0x606ef152, L:/127.0.0.1:54348 - R:localhost/127.0.0.1:41557]
18:21:41.252 [Forwarding getElementText on session 7200920663eac18be101966e581c9db5 to remote] DEBUG org.asynchttpclient.netty.request.NettyRequestSender - Using pooled Channel '[id: 0x606ef152, L:/127.0.0.1:54348 - R:localhost/127.0.0.1:41557]' for 'GET' to 'http://localhost:41557/session/7200920663eac18be101966e581c9db5/element/a513d39f-7b95-4cda-80ba-1d677c08efdb/text'
18:21:41.252 [Forwarding getElementText on session 7200920663eac18be101966e581c9db5 to remote] DEBUG org.asynchttpclient.netty.request.NettyRequestSender - Using open Channel [id: 0x606ef152, L:/127.0.0.1:54348 - R:localhost/127.0.0.1:41557] for GET '/session/7200920663eac18be101966e581c9db5/element/a513d39f-7b95-4cda-80ba-1d677c08efdb/text'
18:21:41.302 [AsyncHttpClient-1-5] DEBUG org.asynchttpclient.netty.handler.HttpHandler - 

Request DefaultFullHttpRequest(decodeResult: success, version: HTTP/1.1, content: EmptyByteBufBE)
GET /session/7200920663eac18be101966e581c9db5/element/a513d39f-7b95-4cda-80ba-1d677c08efdb/text HTTP/1.1
User-Agent: selenium/4.5.3 (java mac)
Cache-Control: no-cache
Content-Type: application/json; charset=utf-8
host: localhost:41557
accept: */*

Response DefaultHttpResponse(decodeResult: success, version: HTTP/1.1)
HTTP/1.1 200 OK
Content-Length: 19
Content-Type: application/json; charset=utf-8
cache-control: no-cache

18:21:41.303 [AsyncHttpClient-1-5] DEBUG org.asynchttpclient.netty.channel.ChannelManager - Adding key: http://localhost:41557 for channel [id: 0x606ef152, L:/127.0.0.1:54348 - R:localhost/127.0.0.1:41557]
18:21:41.313 [Forwarding findChildElement on session 7200920663eac18be101966e581c9db5 to remote] DEBUG org.asynchttpclient.netty.request.NettyRequestSender - Using pooled Channel '[id: 0x606ef152, L:/127.0.0.1:54348 - R:localhost/127.0.0.1:41557]' for 'POST' to 'http://localhost:41557/session/7200920663eac18be101966e581c9db5/element/519b0f58-4c43-4551-8dca-2152883d33d0/element'
18:21:41.314 [Forwarding findChildElement on session 7200920663eac18be101966e581c9db5 to remote] DEBUG org.asynchttpclient.netty.request.NettyRequestSender - Using open Channel [id: 0x606ef152, L:/127.0.0.1:54348 - R:localhost/127.0.0.1:41557] for POST '/session/7200920663eac18be101966e581c9db5/element/519b0f58-4c43-4551-8dca-2152883d33d0/element'
18:21:41.362 [AsyncHttpClient-1-5] DEBUG org.asynchttpclient.netty.handler.HttpHandler - 

Request DefaultHttpRequest(decodeResult: success, version: HTTP/1.1)
POST /session/7200920663eac18be101966e581c9db5/element/519b0f58-4c43-4551-8dca-2152883d33d0/element HTTP/1.1
User-Agent: selenium/4.5.3 (java mac)
Content-Length: 106
Content-Type: application/json; charset=utf-8
host: localhost:41557
accept: */*

Response DefaultHttpResponse(decodeResult: success, version: HTTP/1.1)
HTTP/1.1 200 OK
Content-Length: 88
Content-Type: application/json; charset=utf-8
cache-control: no-cache

18:21:41.362 [AsyncHttpClient-1-5] DEBUG org.asynchttpclient.netty.channel.ChannelManager - Adding key: http://localhost:41557 for channel [id: 0x606ef152, L:/127.0.0.1:54348 - R:localhost/127.0.0.1:41557]
18:21:41.363 [Forwarding getElementText on session 7200920663eac18be101966e581c9db5 to remote] DEBUG org.asynchttpclient.netty.request.NettyRequestSender - Using pooled Channel '[id: 0x606ef152, L:/127.0.0.1:54348 - R:localhost/127.0.0.1:41557]' for 'GET' to 'http://localhost:41557/session/7200920663eac18be101966e581c9db5/element/ebdd0fbc-e8f9-4e90-b305-c24f77f1f5b4/text'
18:21:41.363 [Forwarding getElementText on session 7200920663eac18be101966e581c9db5 to remote] DEBUG org.asynchttpclient.netty.request.NettyRequestSender - Using open Channel [id: 0x606ef152, L:/127.0.0.1:54348 - R:localhost/127.0.0.1:41557] for GET '/session/7200920663eac18be101966e581c9db5/element/ebdd0fbc-e8f9-4e90-b305-c24f77f1f5b4/text'
18:21:41.395 [AsyncHttpClient-1-5] DEBUG org.asynchttpclient.netty.handler.HttpHandler - 

Request DefaultFullHttpRequest(decodeResult: success, version: HTTP/1.1, content: EmptyByteBufBE)
GET /session/7200920663eac18be101966e581c9db5/element/ebdd0fbc-e8f9-4e90-b305-c24f77f1f5b4/text HTTP/1.1
User-Agent: selenium/4.5.3 (java mac)
Cache-Control: no-cache
Content-Type: application/json; charset=utf-8
host: localhost:41557
accept: */*

Response DefaultHttpResponse(decodeResult: success, version: HTTP/1.1)
HTTP/1.1 200 OK
Content-Length: 92
Content-Type: application/json; charset=utf-8
cache-control: no-cache

18:21:41.395 [AsyncHttpClient-1-5] DEBUG org.asynchttpclient.netty.channel.ChannelManager - Adding key: http://localhost:41557 for channel [id: 0x606ef152, L:/127.0.0.1:54348 - R:localhost/127.0.0.1:41557]
18:21:41.397 [Forwarding findChildElement on session 7200920663eac18be101966e581c9db5 to remote] DEBUG org.asynchttpclient.netty.request.NettyRequestSender - Using pooled Channel '[id: 0x606ef152, L:/127.0.0.1:54348 - R:localhost/127.0.0.1:41557]' for 'POST' to 'http://localhost:41557/session/7200920663eac18be101966e581c9db5/element/519b0f58-4c43-4551-8dca-2152883d33d0/element'
18:21:41.397 [Forwarding findChildElement on session 7200920663eac18be101966e581c9db5 to remote] DEBUG org.asynchttpclient.netty.request.NettyRequestSender - Using open Channel [id: 0x606ef152, L:/127.0.0.1:54348 - R:localhost/127.0.0.1:41557] for POST '/session/7200920663eac18be101966e581c9db5/element/519b0f58-4c43-4551-8dca-2152883d33d0/element'
18:21:41.408 [AsyncHttpClient-1-5] DEBUG org.asynchttpclient.netty.handler.HttpHandler - 

Request DefaultHttpRequest(decodeResult: success, version: HTTP/1.1)
POST /session/7200920663eac18be101966e581c9db5/element/519b0f58-4c43-4551-8dca-2152883d33d0/element HTTP/1.1
User-Agent: selenium/4.5.3 (java mac)
Content-Length: 106
Content-Type: application/json; charset=utf-8
host: localhost:41557
accept: */*

Response DefaultHttpResponse(decodeResult: success, version: HTTP/1.1)
HTTP/1.1 200 OK
Content-Length: 88
Content-Type: application/json; charset=utf-8
cache-control: no-cache

18:21:41.408 [AsyncHttpClient-1-5] DEBUG org.asynchttpclient.netty.channel.ChannelManager - Adding key: http://localhost:41557 for channel [id: 0x606ef152, L:/127.0.0.1:54348 - R:localhost/127.0.0.1:41557]
18:21:41.410 [Forwarding getElementText on session 7200920663eac18be101966e581c9db5 to remote] DEBUG org.asynchttpclient.netty.request.NettyRequestSender - Using pooled Channel '[id: 0x606ef152, L:/127.0.0.1:54348 - R:localhost/127.0.0.1:41557]' for 'GET' to 'http://localhost:41557/session/7200920663eac18be101966e581c9db5/element/4091c953-b7fe-4272-a49a-4367cec2402c/text'
18:21:41.410 [Forwarding getElementText on session 7200920663eac18be101966e581c9db5 to remote] DEBUG org.asynchttpclient.netty.request.NettyRequestSender - Using open Channel [id: 0x606ef152, L:/127.0.0.1:54348 - R:localhost/127.0.0.1:41557] for GET '/session/7200920663eac18be101966e581c9db5/element/4091c953-b7fe-4272-a49a-4367cec2402c/text'
18:21:41.427 [AsyncHttpClient-1-5] DEBUG org.asynchttpclient.netty.handler.HttpHandler - 

Request DefaultFullHttpRequest(decodeResult: success, version: HTTP/1.1, content: EmptyByteBufBE)
GET /session/7200920663eac18be101966e581c9db5/element/4091c953-b7fe-4272-a49a-4367cec2402c/text HTTP/1.1
User-Agent: selenium/4.5.3 (java mac)
Cache-Control: no-cache
Content-Type: application/json; charset=utf-8
host: localhost:41557
accept: */*

Response DefaultHttpResponse(decodeResult: success, version: HTTP/1.1)
HTTP/1.1 200 OK
Content-Length: 30
Content-Type: application/json; charset=utf-8
cache-control: no-cache

18:21:41.428 [AsyncHttpClient-1-5] DEBUG org.asynchttpclient.netty.channel.ChannelManager - Adding key: http://localhost:41557 for channel [id: 0x606ef152, L:/127.0.0.1:54348 - R:localhost/127.0.0.1:41557]
18:21:41.435 [Forwarding findChildElement on session 7200920663eac18be101966e581c9db5 to remote] DEBUG org.asynchttpclient.netty.request.NettyRequestSender - Using pooled Channel '[id: 0x606ef152, L:/127.0.0.1:54348 - R:localhost/127.0.0.1:41557]' for 'POST' to 'http://localhost:41557/session/7200920663eac18be101966e581c9db5/element/5f9a4140-25dc-4aab-8b28-2410c08ec23f/element'
18:21:41.435 [Forwarding findChildElement on session 7200920663eac18be101966e581c9db5 to remote] DEBUG org.asynchttpclient.netty.request.NettyRequestSender - Using open Channel [id: 0x606ef152, L:/127.0.0.1:54348 - R:localhost/127.0.0.1:41557] for POST '/session/7200920663eac18be101966e581c9db5/element/5f9a4140-25dc-4aab-8b28-2410c08ec23f/element'
18:21:41.457 [AsyncHttpClient-1-5] DEBUG org.asynchttpclient.netty.handler.HttpHandler - 

Request DefaultHttpRequest(decodeResult: success, version: HTTP/1.1)
POST /session/7200920663eac18be101966e581c9db5/element/5f9a4140-25dc-4aab-8b28-2410c08ec23f/element HTTP/1.1
User-Agent: selenium/4.5.3 (java mac)
Content-Length: 106
Content-Type: application/json; charset=utf-8
host: localhost:41557
accept: */*

Response DefaultHttpResponse(decodeResult: success, version: HTTP/1.1)
HTTP/1.1 200 OK
Content-Length: 88
Content-Type: application/json; charset=utf-8
cache-control: no-cache

18:21:41.457 [AsyncHttpClient-1-5] DEBUG org.asynchttpclient.netty.channel.ChannelManager - Adding key: http://localhost:41557 for channel [id: 0x606ef152, L:/127.0.0.1:54348 - R:localhost/127.0.0.1:41557]
18:21:41.459 [Forwarding getElementText on session 7200920663eac18be101966e581c9db5 to remote] DEBUG org.asynchttpclient.netty.request.NettyRequestSender - Using pooled Channel '[id: 0x606ef152, L:/127.0.0.1:54348 - R:localhost/127.0.0.1:41557]' for 'GET' to 'http://localhost:41557/session/7200920663eac18be101966e581c9db5/element/05ac52c9-59fc-43c4-80e5-42a85b0470a3/text'
18:21:41.459 [Forwarding getElementText on session 7200920663eac18be101966e581c9db5 to remote] DEBUG org.asynchttpclient.netty.request.NettyRequestSender - Using open Channel [id: 0x606ef152, L:/127.0.0.1:54348 - R:localhost/127.0.0.1:41557] for GET '/session/7200920663eac18be101966e581c9db5/element/05ac52c9-59fc-43c4-80e5-42a85b0470a3/text'
18:21:41.487 [AsyncHttpClient-1-5] DEBUG org.asynchttpclient.netty.handler.HttpHandler - 

Request DefaultFullHttpRequest(decodeResult: success, version: HTTP/1.1, content: EmptyByteBufBE)
GET /session/7200920663eac18be101966e581c9db5/element/05ac52c9-59fc-43c4-80e5-42a85b0470a3/text HTTP/1.1
User-Agent: selenium/4.5.3 (java mac)
Cache-Control: no-cache
Content-Type: application/json; charset=utf-8
host: localhost:41557
accept: */*

Response DefaultHttpResponse(decodeResult: success, version: HTTP/1.1)
HTTP/1.1 200 OK
Content-Length: 64
Content-Type: application/json; charset=utf-8
cache-control: no-cache

18:21:41.488 [AsyncHttpClient-1-5] DEBUG org.asynchttpclient.netty.channel.ChannelManager - Adding key: http://localhost:41557 for channel [id: 0x606ef152, L:/127.0.0.1:54348 - R:localhost/127.0.0.1:41557]
18:21:41.490 [Forwarding findChildElement on session 7200920663eac18be101966e581c9db5 to remote] DEBUG org.asynchttpclient.netty.request.NettyRequestSender - Using pooled Channel '[id: 0x606ef152, L:/127.0.0.1:54348 - R:localhost/127.0.0.1:41557]' for 'POST' to 'http://localhost:41557/session/7200920663eac18be101966e581c9db5/element/5f9a4140-25dc-4aab-8b28-2410c08ec23f/element'
18:21:41.491 [Forwarding findChildElement on session 7200920663eac18be101966e581c9db5 to remote] DEBUG org.asynchttpclient.netty.request.NettyRequestSender - Using open Channel [id: 0x606ef152, L:/127.0.0.1:54348 - R:localhost/127.0.0.1:41557] for POST '/session/7200920663eac18be101966e581c9db5/element/5f9a4140-25dc-4aab-8b28-2410c08ec23f/element'
18:21:41.577 [AsyncHttpClient-1-5] DEBUG org.asynchttpclient.netty.handler.HttpHandler - 

Request DefaultHttpRequest(decodeResult: success, version: HTTP/1.1)
POST /session/7200920663eac18be101966e581c9db5/element/5f9a4140-25dc-4aab-8b28-2410c08ec23f/element HTTP/1.1
User-Agent: selenium/4.5.3 (java mac)
Content-Length: 106
Content-Type: application/json; charset=utf-8
host: localhost:41557
accept: */*

Response DefaultHttpResponse(decodeResult: success, version: HTTP/1.1)
HTTP/1.1 200 OK
Content-Length: 88
Content-Type: application/json; charset=utf-8
cache-control: no-cache

18:21:41.578 [AsyncHttpClient-1-5] DEBUG org.asynchttpclient.netty.channel.ChannelManager - Adding key: http://localhost:41557 for channel [id: 0x606ef152, L:/127.0.0.1:54348 - R:localhost/127.0.0.1:41557]
18:21:41.579 [Forwarding getElementText on session 7200920663eac18be101966e581c9db5 to remote] DEBUG org.asynchttpclient.netty.request.NettyRequestSender - Using pooled Channel '[id: 0x606ef152, L:/127.0.0.1:54348 - R:localhost/127.0.0.1:41557]' for 'GET' to 'http://localhost:41557/session/7200920663eac18be101966e581c9db5/element/a6beacfd-96f5-4201-b859-f088bb35eb95/text'
18:21:41.579 [Forwarding getElementText on session 7200920663eac18be101966e581c9db5 to remote] DEBUG org.asynchttpclient.netty.request.NettyRequestSender - Using open Channel [id: 0x606ef152, L:/127.0.0.1:54348 - R:localhost/127.0.0.1:41557] for GET '/session/7200920663eac18be101966e581c9db5/element/a6beacfd-96f5-4201-b859-f088bb35eb95/text'
18:21:41.634 [AsyncHttpClient-1-5] DEBUG org.asynchttpclient.netty.handler.HttpHandler - 

Request DefaultFullHttpRequest(decodeResult: success, version: HTTP/1.1, content: EmptyByteBufBE)
GET /session/7200920663eac18be101966e581c9db5/element/a6beacfd-96f5-4201-b859-f088bb35eb95/text HTTP/1.1
User-Agent: selenium/4.5.3 (java mac)
Cache-Control: no-cache
Content-Type: application/json; charset=utf-8
host: localhost:41557
accept: */*

Response DefaultHttpResponse(decodeResult: success, version: HTTP/1.1)
HTTP/1.1 200 OK
Content-Length: 19
Content-Type: application/json; charset=utf-8
cache-control: no-cache

18:21:41.635 [AsyncHttpClient-1-5] DEBUG org.asynchttpclient.netty.channel.ChannelManager - Adding key: http://localhost:41557 for channel [id: 0x606ef152, L:/127.0.0.1:54348 - R:localhost/127.0.0.1:41557]
18:21:41.645 [Forwarding findChildElement on session 7200920663eac18be101966e581c9db5 to remote] DEBUG org.asynchttpclient.netty.request.NettyRequestSender - Using pooled Channel '[id: 0x606ef152, L:/127.0.0.1:54348 - R:localhost/127.0.0.1:41557]' for 'POST' to 'http://localhost:41557/session/7200920663eac18be101966e581c9db5/element/eead37d0-b436-419c-a427-01e08ef69ce3/element'
18:21:41.645 [Forwarding findChildElement on session 7200920663eac18be101966e581c9db5 to remote] DEBUG org.asynchttpclient.netty.request.NettyRequestSender - Using open Channel [id: 0x606ef152, L:/127.0.0.1:54348 - R:localhost/127.0.0.1:41557] for POST '/session/7200920663eac18be101966e581c9db5/element/eead37d0-b436-419c-a427-01e08ef69ce3/element'
18:21:41.662 [AsyncHttpClient-1-5] DEBUG org.asynchttpclient.netty.handler.HttpHandler - 

Request DefaultHttpRequest(decodeResult: success, version: HTTP/1.1)
POST /session/7200920663eac18be101966e581c9db5/element/eead37d0-b436-419c-a427-01e08ef69ce3/element HTTP/1.1
User-Agent: selenium/4.5.3 (java mac)
Content-Length: 106
Content-Type: application/json; charset=utf-8
host: localhost:41557
accept: */*

Response DefaultHttpResponse(decodeResult: success, version: HTTP/1.1)
HTTP/1.1 200 OK
Content-Length: 88
Content-Type: application/json; charset=utf-8
cache-control: no-cache

18:21:41.663 [AsyncHttpClient-1-5] DEBUG org.asynchttpclient.netty.channel.ChannelManager - Adding key: http://localhost:41557 for channel [id: 0x606ef152, L:/127.0.0.1:54348 - R:localhost/127.0.0.1:41557]
18:21:41.668 [Forwarding getElementText on session 7200920663eac18be101966e581c9db5 to remote] DEBUG org.asynchttpclient.netty.request.NettyRequestSender - Using pooled Channel '[id: 0x606ef152, L:/127.0.0.1:54348 - R:localhost/127.0.0.1:41557]' for 'GET' to 'http://localhost:41557/session/7200920663eac18be101966e581c9db5/element/f545e099-a245-4720-8676-879995817e65/text'
18:21:41.670 [Forwarding getElementText on session 7200920663eac18be101966e581c9db5 to remote] DEBUG org.asynchttpclient.netty.request.NettyRequestSender - Using open Channel [id: 0x606ef152, L:/127.0.0.1:54348 - R:localhost/127.0.0.1:41557] for GET '/session/7200920663eac18be101966e581c9db5/element/f545e099-a245-4720-8676-879995817e65/text'
18:21:41.695 [AsyncHttpClient-1-5] DEBUG org.asynchttpclient.netty.handler.HttpHandler - 

Request DefaultFullHttpRequest(decodeResult: success, version: HTTP/1.1, content: EmptyByteBufBE)
GET /session/7200920663eac18be101966e581c9db5/element/f545e099-a245-4720-8676-879995817e65/text HTTP/1.1
User-Agent: selenium/4.5.3 (java mac)
Cache-Control: no-cache
Content-Type: application/json; charset=utf-8
host: localhost:41557
accept: */*

Response DefaultHttpResponse(decodeResult: success, version: HTTP/1.1)
HTTP/1.1 200 OK
Content-Length: 91
Content-Type: application/json; charset=utf-8
cache-control: no-cache

18:21:41.695 [AsyncHttpClient-1-5] DEBUG org.asynchttpclient.netty.channel.ChannelManager - Adding key: http://localhost:41557 for channel [id: 0x606ef152, L:/127.0.0.1:54348 - R:localhost/127.0.0.1:41557]
18:21:41.699 [Forwarding findChildElement on session 7200920663eac18be101966e581c9db5 to remote] DEBUG org.asynchttpclient.netty.request.NettyRequestSender - Using pooled Channel '[id: 0x606ef152, L:/127.0.0.1:54348 - R:localhost/127.0.0.1:41557]' for 'POST' to 'http://localhost:41557/session/7200920663eac18be101966e581c9db5/element/eead37d0-b436-419c-a427-01e08ef69ce3/element'
18:21:41.699 [Forwarding findChildElement on session 7200920663eac18be101966e581c9db5 to remote] DEBUG org.asynchttpclient.netty.request.NettyRequestSender - Using open Channel [id: 0x606ef152, L:/127.0.0.1:54348 - R:localhost/127.0.0.1:41557] for POST '/session/7200920663eac18be101966e581c9db5/element/eead37d0-b436-419c-a427-01e08ef69ce3/element'
18:21:41.732 [AsyncHttpClient-1-5] DEBUG org.asynchttpclient.netty.handler.HttpHandler - 

Request DefaultHttpRequest(decodeResult: success, version: HTTP/1.1)
POST /session/7200920663eac18be101966e581c9db5/element/eead37d0-b436-419c-a427-01e08ef69ce3/element HTTP/1.1
User-Agent: selenium/4.5.3 (java mac)
Content-Length: 106
Content-Type: application/json; charset=utf-8
host: localhost:41557
accept: */*

Response DefaultHttpResponse(decodeResult: success, version: HTTP/1.1)
HTTP/1.1 200 OK
Content-Length: 88
Content-Type: application/json; charset=utf-8
cache-control: no-cache

18:21:41.733 [AsyncHttpClient-1-5] DEBUG org.asynchttpclient.netty.channel.ChannelManager - Adding key: http://localhost:41557 for channel [id: 0x606ef152, L:/127.0.0.1:54348 - R:localhost/127.0.0.1:41557]
18:21:41.739 [Forwarding getElementText on session 7200920663eac18be101966e581c9db5 to remote] DEBUG org.asynchttpclient.netty.request.NettyRequestSender - Using pooled Channel '[id: 0x606ef152, L:/127.0.0.1:54348 - R:localhost/127.0.0.1:41557]' for 'GET' to 'http://localhost:41557/session/7200920663eac18be101966e581c9db5/element/92c35985-6fc5-48f3-8ea5-13212d6a74d4/text'
18:21:41.739 [Forwarding getElementText on session 7200920663eac18be101966e581c9db5 to remote] DEBUG org.asynchttpclient.netty.request.NettyRequestSender - Using open Channel [id: 0x606ef152, L:/127.0.0.1:54348 - R:localhost/127.0.0.1:41557] for GET '/session/7200920663eac18be101966e581c9db5/element/92c35985-6fc5-48f3-8ea5-13212d6a74d4/text'
18:21:41.779 [AsyncHttpClient-1-5] DEBUG org.asynchttpclient.netty.handler.HttpHandler - 

Request DefaultFullHttpRequest(decodeResult: success, version: HTTP/1.1, content: EmptyByteBufBE)
GET /session/7200920663eac18be101966e581c9db5/element/92c35985-6fc5-48f3-8ea5-13212d6a74d4/text HTTP/1.1
User-Agent: selenium/4.5.3 (java mac)
Cache-Control: no-cache
Content-Type: application/json; charset=utf-8
host: localhost:41557
accept: */*

Response DefaultHttpResponse(decodeResult: success, version: HTTP/1.1)
HTTP/1.1 200 OK
Content-Length: 30
Content-Type: application/json; charset=utf-8
cache-control: no-cache

18:21:41.780 [AsyncHttpClient-1-5] DEBUG org.asynchttpclient.netty.channel.ChannelManager - Adding key: http://localhost:41557 for channel [id: 0x606ef152, L:/127.0.0.1:54348 - R:localhost/127.0.0.1:41557]
18:21:41.782 [Forwarding findChildElement on session 7200920663eac18be101966e581c9db5 to remote] DEBUG org.asynchttpclient.netty.request.NettyRequestSender - Using pooled Channel '[id: 0x606ef152, L:/127.0.0.1:54348 - R:localhost/127.0.0.1:41557]' for 'POST' to 'http://localhost:41557/session/7200920663eac18be101966e581c9db5/element/d086e1fd-5ab8-4bab-8153-ad953555adca/element'
18:21:41.782 [Forwarding findChildElement on session 7200920663eac18be101966e581c9db5 to remote] DEBUG org.asynchttpclient.netty.request.NettyRequestSender - Using open Channel [id: 0x606ef152, L:/127.0.0.1:54348 - R:localhost/127.0.0.1:41557] for POST '/session/7200920663eac18be101966e581c9db5/element/d086e1fd-5ab8-4bab-8153-ad953555adca/element'
18:21:41.807 [AsyncHttpClient-1-5] DEBUG org.asynchttpclient.netty.handler.HttpHandler - 

Request DefaultHttpRequest(decodeResult: success, version: HTTP/1.1)
POST /session/7200920663eac18be101966e581c9db5/element/d086e1fd-5ab8-4bab-8153-ad953555adca/element HTTP/1.1
User-Agent: selenium/4.5.3 (java mac)
Content-Length: 106
Content-Type: application/json; charset=utf-8
host: localhost:41557
accept: */*

Response DefaultHttpResponse(decodeResult: success, version: HTTP/1.1)
HTTP/1.1 200 OK
Content-Length: 88
Content-Type: application/json; charset=utf-8
cache-control: no-cache

18:21:41.807 [AsyncHttpClient-1-5] DEBUG org.asynchttpclient.netty.channel.ChannelManager - Adding key: http://localhost:41557 for channel [id: 0x606ef152, L:/127.0.0.1:54348 - R:localhost/127.0.0.1:41557]
18:21:41.809 [Forwarding getElementText on session 7200920663eac18be101966e581c9db5 to remote] DEBUG org.asynchttpclient.netty.request.NettyRequestSender - Using pooled Channel '[id: 0x606ef152, L:/127.0.0.1:54348 - R:localhost/127.0.0.1:41557]' for 'GET' to 'http://localhost:41557/session/7200920663eac18be101966e581c9db5/element/4b8964b0-1a0e-4868-8195-2dfc5fa79c6f/text'
18:21:41.809 [Forwarding getElementText on session 7200920663eac18be101966e581c9db5 to remote] DEBUG org.asynchttpclient.netty.request.NettyRequestSender - Using open Channel [id: 0x606ef152, L:/127.0.0.1:54348 - R:localhost/127.0.0.1:41557] for GET '/session/7200920663eac18be101966e581c9db5/element/4b8964b0-1a0e-4868-8195-2dfc5fa79c6f/text'
18:21:41.849 [AsyncHttpClient-1-5] DEBUG org.asynchttpclient.netty.handler.HttpHandler - 

Request DefaultFullHttpRequest(decodeResult: success, version: HTTP/1.1, content: EmptyByteBufBE)
GET /session/7200920663eac18be101966e581c9db5/element/4b8964b0-1a0e-4868-8195-2dfc5fa79c6f/text HTTP/1.1
User-Agent: selenium/4.5.3 (java mac)
Cache-Control: no-cache
Content-Type: application/json; charset=utf-8
host: localhost:41557
accept: */*

Response DefaultHttpResponse(decodeResult: success, version: HTTP/1.1)
HTTP/1.1 200 OK
Content-Length: 68
Content-Type: application/json; charset=utf-8
cache-control: no-cache

18:21:41.849 [AsyncHttpClient-1-5] DEBUG org.asynchttpclient.netty.channel.ChannelManager - Adding key: http://localhost:41557 for channel [id: 0x606ef152, L:/127.0.0.1:54348 - R:localhost/127.0.0.1:41557]
18:21:41.851 [Forwarding findChildElement on session 7200920663eac18be101966e581c9db5 to remote] DEBUG org.asynchttpclient.netty.request.NettyRequestSender - Using pooled Channel '[id: 0x606ef152, L:/127.0.0.1:54348 - R:localhost/127.0.0.1:41557]' for 'POST' to 'http://localhost:41557/session/7200920663eac18be101966e581c9db5/element/d086e1fd-5ab8-4bab-8153-ad953555adca/element'
18:21:41.851 [Forwarding findChildElement on session 7200920663eac18be101966e581c9db5 to remote] DEBUG org.asynchttpclient.netty.request.NettyRequestSender - Using open Channel [id: 0x606ef152, L:/127.0.0.1:54348 - R:localhost/127.0.0.1:41557] for POST '/session/7200920663eac18be101966e581c9db5/element/d086e1fd-5ab8-4bab-8153-ad953555adca/element'
18:21:41.888 [AsyncHttpClient-1-5] DEBUG org.asynchttpclient.netty.handler.HttpHandler - 

Request DefaultHttpRequest(decodeResult: success, version: HTTP/1.1)
POST /session/7200920663eac18be101966e581c9db5/element/d086e1fd-5ab8-4bab-8153-ad953555adca/element HTTP/1.1
User-Agent: selenium/4.5.3 (java mac)
Content-Length: 106
Content-Type: application/json; charset=utf-8
host: localhost:41557
accept: */*

Response DefaultHttpResponse(decodeResult: success, version: HTTP/1.1)
HTTP/1.1 200 OK
Content-Length: 88
Content-Type: application/json; charset=utf-8
cache-control: no-cache

18:21:41.888 [AsyncHttpClient-1-5] DEBUG org.asynchttpclient.netty.channel.ChannelManager - Adding key: http://localhost:41557 for channel [id: 0x606ef152, L:/127.0.0.1:54348 - R:localhost/127.0.0.1:41557]
18:21:41.889 [Forwarding getElementText on session 7200920663eac18be101966e581c9db5 to remote] DEBUG org.asynchttpclient.netty.request.NettyRequestSender - Using pooled Channel '[id: 0x606ef152, L:/127.0.0.1:54348 - R:localhost/127.0.0.1:41557]' for 'GET' to 'http://localhost:41557/session/7200920663eac18be101966e581c9db5/element/5a1bb375-52da-46fb-a40c-5d0f20ea760d/text'
18:21:41.890 [Forwarding getElementText on session 7200920663eac18be101966e581c9db5 to remote] DEBUG org.asynchttpclient.netty.request.NettyRequestSender - Using open Channel [id: 0x606ef152, L:/127.0.0.1:54348 - R:localhost/127.0.0.1:41557] for GET '/session/7200920663eac18be101966e581c9db5/element/5a1bb375-52da-46fb-a40c-5d0f20ea760d/text'
18:21:41.912 [AsyncHttpClient-1-1] DEBUG org.asynchttpclient.netty.channel.DefaultChannelPool - Entry count for : http://localhost:54349 : 1
18:21:41.912 [AsyncHttpClient-1-1] DEBUG org.asynchttpclient.netty.channel.DefaultChannelPool - Entry count for : http://localhost:47544 : 1
18:21:41.913 [AsyncHttpClient-1-5] DEBUG org.asynchttpclient.netty.handler.HttpHandler - 

Request DefaultFullHttpRequest(decodeResult: success, version: HTTP/1.1, content: EmptyByteBufBE)
GET /session/7200920663eac18be101966e581c9db5/element/5a1bb375-52da-46fb-a40c-5d0f20ea760d/text HTTP/1.1
User-Agent: selenium/4.5.3 (java mac)
Cache-Control: no-cache
Content-Type: application/json; charset=utf-8
host: localhost:41557
accept: */*

Response DefaultHttpResponse(decodeResult: success, version: HTTP/1.1)
HTTP/1.1 200 OK
Content-Length: 19
Content-Type: application/json; charset=utf-8
cache-control: no-cache

18:21:41.913 [AsyncHttpClient-1-5] DEBUG org.asynchttpclient.netty.channel.ChannelManager - Adding key: http://localhost:41557 for channel [id: 0x606ef152, L:/127.0.0.1:54348 - R:localhost/127.0.0.1:41557]
18:21:41.915 [Forwarding findChildElement on session 7200920663eac18be101966e581c9db5 to remote] DEBUG org.asynchttpclient.netty.request.NettyRequestSender - Using pooled Channel '[id: 0x606ef152, L:/127.0.0.1:54348 - R:localhost/127.0.0.1:41557]' for 'POST' to 'http://localhost:41557/session/7200920663eac18be101966e581c9db5/element/100baca8-0fc4-42b8-b8db-d7c155c6cbc6/element'
18:21:41.915 [Forwarding findChildElement on session 7200920663eac18be101966e581c9db5 to remote] DEBUG org.asynchttpclient.netty.request.NettyRequestSender - Using open Channel [id: 0x606ef152, L:/127.0.0.1:54348 - R:localhost/127.0.0.1:41557] for POST '/session/7200920663eac18be101966e581c9db5/element/100baca8-0fc4-42b8-b8db-d7c155c6cbc6/element'
18:21:41.935 [AsyncHttpClient-1-5] DEBUG org.asynchttpclient.netty.handler.HttpHandler - 

Request DefaultHttpRequest(decodeResult: success, version: HTTP/1.1)
POST /session/7200920663eac18be101966e581c9db5/element/100baca8-0fc4-42b8-b8db-d7c155c6cbc6/element HTTP/1.1
User-Agent: selenium/4.5.3 (java mac)
Content-Length: 106
Content-Type: application/json; charset=utf-8
host: localhost:41557
accept: */*

Response DefaultHttpResponse(decodeResult: success, version: HTTP/1.1)
HTTP/1.1 200 OK
Content-Length: 88
Content-Type: application/json; charset=utf-8
cache-control: no-cache

18:21:41.935 [AsyncHttpClient-1-5] DEBUG org.asynchttpclient.netty.channel.ChannelManager - Adding key: http://localhost:41557 for channel [id: 0x606ef152, L:/127.0.0.1:54348 - R:localhost/127.0.0.1:41557]
18:21:41.936 [Forwarding getElementText on session 7200920663eac18be101966e581c9db5 to remote] DEBUG org.asynchttpclient.netty.request.NettyRequestSender - Using pooled Channel '[id: 0x606ef152, L:/127.0.0.1:54348 - R:localhost/127.0.0.1:41557]' for 'GET' to 'http://localhost:41557/session/7200920663eac18be101966e581c9db5/element/ccce7c75-2b6f-4c29-87d1-b6cb07e66f2c/text'
18:21:41.936 [Forwarding getElementText on session 7200920663eac18be101966e581c9db5 to remote] DEBUG org.asynchttpclient.netty.request.NettyRequestSender - Using open Channel [id: 0x606ef152, L:/127.0.0.1:54348 - R:localhost/127.0.0.1:41557] for GET '/session/7200920663eac18be101966e581c9db5/element/ccce7c75-2b6f-4c29-87d1-b6cb07e66f2c/text'
18:21:41.965 [AsyncHttpClient-1-5] DEBUG org.asynchttpclient.netty.handler.HttpHandler - 

Request DefaultFullHttpRequest(decodeResult: success, version: HTTP/1.1, content: EmptyByteBufBE)
GET /session/7200920663eac18be101966e581c9db5/element/ccce7c75-2b6f-4c29-87d1-b6cb07e66f2c/text HTTP/1.1
User-Agent: selenium/4.5.3 (java mac)
Cache-Control: no-cache
Content-Type: application/json; charset=utf-8
host: localhost:41557
accept: */*

Response DefaultHttpResponse(decodeResult: success, version: HTTP/1.1)
HTTP/1.1 200 OK
Content-Length: 63
Content-Type: application/json; charset=utf-8
cache-control: no-cache

18:21:41.966 [AsyncHttpClient-1-5] DEBUG org.asynchttpclient.netty.channel.ChannelManager - Adding key: http://localhost:41557 for channel [id: 0x606ef152, L:/127.0.0.1:54348 - R:localhost/127.0.0.1:41557]
18:21:41.975 [Forwarding findChildElement on session 7200920663eac18be101966e581c9db5 to remote] DEBUG org.asynchttpclient.netty.request.NettyRequestSender - Using pooled Channel '[id: 0x606ef152, L:/127.0.0.1:54348 - R:localhost/127.0.0.1:41557]' for 'POST' to 'http://localhost:41557/session/7200920663eac18be101966e581c9db5/element/100baca8-0fc4-42b8-b8db-d7c155c6cbc6/element'
18:21:41.975 [Forwarding findChildElement on session 7200920663eac18be101966e581c9db5 to remote] DEBUG org.asynchttpclient.netty.request.NettyRequestSender - Using open Channel [id: 0x606ef152, L:/127.0.0.1:54348 - R:localhost/127.0.0.1:41557] for POST '/session/7200920663eac18be101966e581c9db5/element/100baca8-0fc4-42b8-b8db-d7c155c6cbc6/element'
18:21:42.172 [AsyncHttpClient-1-5] DEBUG org.asynchttpclient.netty.handler.HttpHandler - 

Request DefaultHttpRequest(decodeResult: success, version: HTTP/1.1)
POST /session/7200920663eac18be101966e581c9db5/element/100baca8-0fc4-42b8-b8db-d7c155c6cbc6/element HTTP/1.1
User-Agent: selenium/4.5.3 (java mac)
Content-Length: 106
Content-Type: application/json; charset=utf-8
host: localhost:41557
accept: */*

Response DefaultHttpResponse(decodeResult: success, version: HTTP/1.1)
HTTP/1.1 200 OK
Content-Length: 88
Content-Type: application/json; charset=utf-8
cache-control: no-cache

18:21:42.173 [AsyncHttpClient-1-5] DEBUG org.asynchttpclient.netty.channel.ChannelManager - Adding key: http://localhost:41557 for channel [id: 0x606ef152, L:/127.0.0.1:54348 - R:localhost/127.0.0.1:41557]
18:21:42.183 [Forwarding getElementText on session 7200920663eac18be101966e581c9db5 to remote] DEBUG org.asynchttpclient.netty.request.NettyRequestSender - Using pooled Channel '[id: 0x606ef152, L:/127.0.0.1:54348 - R:localhost/127.0.0.1:41557]' for 'GET' to 'http://localhost:41557/session/7200920663eac18be101966e581c9db5/element/b19ab355-57b0-4a78-9568-f6ba61d4677a/text'
18:21:42.183 [Forwarding getElementText on session 7200920663eac18be101966e581c9db5 to remote] DEBUG org.asynchttpclient.netty.request.NettyRequestSender - Using open Channel [id: 0x606ef152, L:/127.0.0.1:54348 - R:localhost/127.0.0.1:41557] for GET '/session/7200920663eac18be101966e581c9db5/element/b19ab355-57b0-4a78-9568-f6ba61d4677a/text'
18:21:42.202 [AsyncHttpClient-1-5] DEBUG org.asynchttpclient.netty.handler.HttpHandler - 

Request DefaultFullHttpRequest(decodeResult: success, version: HTTP/1.1, content: EmptyByteBufBE)
GET /session/7200920663eac18be101966e581c9db5/element/b19ab355-57b0-4a78-9568-f6ba61d4677a/text HTTP/1.1
User-Agent: selenium/4.5.3 (java mac)
Cache-Control: no-cache
Content-Type: application/json; charset=utf-8
host: localhost:41557
accept: */*

Response DefaultHttpResponse(decodeResult: success, version: HTTP/1.1)
HTTP/1.1 200 OK
Content-Length: 19
Content-Type: application/json; charset=utf-8
cache-control: no-cache

18:21:42.202 [AsyncHttpClient-1-5] DEBUG org.asynchttpclient.netty.channel.ChannelManager - Adding key: http://localhost:41557 for channel [id: 0x606ef152, L:/127.0.0.1:54348 - R:localhost/127.0.0.1:41557]
18:21:42.211 [Forwarding findChildElement on session 7200920663eac18be101966e581c9db5 to remote] DEBUG org.asynchttpclient.netty.request.NettyRequestSender - Using pooled Channel '[id: 0x606ef152, L:/127.0.0.1:54348 - R:localhost/127.0.0.1:41557]' for 'POST' to 'http://localhost:41557/session/7200920663eac18be101966e581c9db5/element/76ecc35d-aa52-4401-935e-b458a60df93d/element'
18:21:42.211 [Forwarding findChildElement on session 7200920663eac18be101966e581c9db5 to remote] DEBUG org.asynchttpclient.netty.request.NettyRequestSender - Using open Channel [id: 0x606ef152, L:/127.0.0.1:54348 - R:localhost/127.0.0.1:41557] for POST '/session/7200920663eac18be101966e581c9db5/element/76ecc35d-aa52-4401-935e-b458a60df93d/element'
18:21:42.225 [AsyncHttpClient-1-5] DEBUG org.asynchttpclient.netty.handler.HttpHandler - 

Request DefaultHttpRequest(decodeResult: success, version: HTTP/1.1)
POST /session/7200920663eac18be101966e581c9db5/element/76ecc35d-aa52-4401-935e-b458a60df93d/element HTTP/1.1
User-Agent: selenium/4.5.3 (java mac)
Content-Length: 106
Content-Type: application/json; charset=utf-8
host: localhost:41557
accept: */*

Response DefaultHttpResponse(decodeResult: success, version: HTTP/1.1)
HTTP/1.1 200 OK
Content-Length: 88
Content-Type: application/json; charset=utf-8
cache-control: no-cache

18:21:42.225 [AsyncHttpClient-1-5] DEBUG org.asynchttpclient.netty.channel.ChannelManager - Adding key: http://localhost:41557 for channel [id: 0x606ef152, L:/127.0.0.1:54348 - R:localhost/127.0.0.1:41557]
18:21:42.227 [Forwarding getElementText on session 7200920663eac18be101966e581c9db5 to remote] DEBUG org.asynchttpclient.netty.request.NettyRequestSender - Using pooled Channel '[id: 0x606ef152, L:/127.0.0.1:54348 - R:localhost/127.0.0.1:41557]' for 'GET' to 'http://localhost:41557/session/7200920663eac18be101966e581c9db5/element/3bf65f37-8c80-4fe5-925e-f9cdd644b331/text'
18:21:42.227 [Forwarding getElementText on session 7200920663eac18be101966e581c9db5 to remote] DEBUG org.asynchttpclient.netty.request.NettyRequestSender - Using open Channel [id: 0x606ef152, L:/127.0.0.1:54348 - R:localhost/127.0.0.1:41557] for GET '/session/7200920663eac18be101966e581c9db5/element/3bf65f37-8c80-4fe5-925e-f9cdd644b331/text'
18:21:42.291 [AsyncHttpClient-1-5] DEBUG org.asynchttpclient.netty.handler.HttpHandler - 

Request DefaultFullHttpRequest(decodeResult: success, version: HTTP/1.1, content: EmptyByteBufBE)
GET /session/7200920663eac18be101966e581c9db5/element/3bf65f37-8c80-4fe5-925e-f9cdd644b331/text HTTP/1.1
User-Agent: selenium/4.5.3 (java mac)
Cache-Control: no-cache
Content-Type: application/json; charset=utf-8
host: localhost:41557
accept: */*

Response DefaultHttpResponse(decodeResult: success, version: HTTP/1.1)
HTTP/1.1 200 OK
Content-Length: 92
Content-Type: application/json; charset=utf-8
cache-control: no-cache

18:21:42.291 [AsyncHttpClient-1-5] DEBUG org.asynchttpclient.netty.channel.ChannelManager - Adding key: http://localhost:41557 for channel [id: 0x606ef152, L:/127.0.0.1:54348 - R:localhost/127.0.0.1:41557]
18:21:42.293 [Forwarding findChildElement on session 7200920663eac18be101966e581c9db5 to remote] DEBUG org.asynchttpclient.netty.request.NettyRequestSender - Using pooled Channel '[id: 0x606ef152, L:/127.0.0.1:54348 - R:localhost/127.0.0.1:41557]' for 'POST' to 'http://localhost:41557/session/7200920663eac18be101966e581c9db5/element/76ecc35d-aa52-4401-935e-b458a60df93d/element'
18:21:42.293 [Forwarding findChildElement on session 7200920663eac18be101966e581c9db5 to remote] DEBUG org.asynchttpclient.netty.request.NettyRequestSender - Using open Channel [id: 0x606ef152, L:/127.0.0.1:54348 - R:localhost/127.0.0.1:41557] for POST '/session/7200920663eac18be101966e581c9db5/element/76ecc35d-aa52-4401-935e-b458a60df93d/element'
18:21:42.332 [AsyncHttpClient-1-5] DEBUG org.asynchttpclient.netty.handler.HttpHandler - 

Request DefaultHttpRequest(decodeResult: success, version: HTTP/1.1)
POST /session/7200920663eac18be101966e581c9db5/element/76ecc35d-aa52-4401-935e-b458a60df93d/element HTTP/1.1
User-Agent: selenium/4.5.3 (java mac)
Content-Length: 106
Content-Type: application/json; charset=utf-8
host: localhost:41557
accept: */*

Response DefaultHttpResponse(decodeResult: success, version: HTTP/1.1)
HTTP/1.1 200 OK
Content-Length: 88
Content-Type: application/json; charset=utf-8
cache-control: no-cache

18:21:42.333 [AsyncHttpClient-1-5] DEBUG org.asynchttpclient.netty.channel.ChannelManager - Adding key: http://localhost:41557 for channel [id: 0x606ef152, L:/127.0.0.1:54348 - R:localhost/127.0.0.1:41557]
18:21:42.334 [Forwarding getElementText on session 7200920663eac18be101966e581c9db5 to remote] DEBUG org.asynchttpclient.netty.request.NettyRequestSender - Using pooled Channel '[id: 0x606ef152, L:/127.0.0.1:54348 - R:localhost/127.0.0.1:41557]' for 'GET' to 'http://localhost:41557/session/7200920663eac18be101966e581c9db5/element/c40a53bb-b133-47d4-a80c-5259d92c2df1/text'
18:21:42.334 [Forwarding getElementText on session 7200920663eac18be101966e581c9db5 to remote] DEBUG org.asynchttpclient.netty.request.NettyRequestSender - Using open Channel [id: 0x606ef152, L:/127.0.0.1:54348 - R:localhost/127.0.0.1:41557] for GET '/session/7200920663eac18be101966e581c9db5/element/c40a53bb-b133-47d4-a80c-5259d92c2df1/text'
18:21:42.354 [AsyncHttpClient-1-5] DEBUG org.asynchttpclient.netty.handler.HttpHandler - 

Request DefaultFullHttpRequest(decodeResult: success, version: HTTP/1.1, content: EmptyByteBufBE)
GET /session/7200920663eac18be101966e581c9db5/element/c40a53bb-b133-47d4-a80c-5259d92c2df1/text HTTP/1.1
User-Agent: selenium/4.5.3 (java mac)
Cache-Control: no-cache
Content-Type: application/json; charset=utf-8
host: localhost:41557
accept: */*

Response DefaultHttpResponse(decodeResult: success, version: HTTP/1.1)
HTTP/1.1 200 OK
Content-Length: 19
Content-Type: application/json; charset=utf-8
cache-control: no-cache

18:21:42.354 [AsyncHttpClient-1-5] DEBUG org.asynchttpclient.netty.channel.ChannelManager - Adding key: http://localhost:41557 for channel [id: 0x606ef152, L:/127.0.0.1:54348 - R:localhost/127.0.0.1:41557]
18:21:42.355 [Forwarding findChildElement on session 7200920663eac18be101966e581c9db5 to remote] DEBUG org.asynchttpclient.netty.request.NettyRequestSender - Using pooled Channel '[id: 0x606ef152, L:/127.0.0.1:54348 - R:localhost/127.0.0.1:41557]' for 'POST' to 'http://localhost:41557/session/7200920663eac18be101966e581c9db5/element/35481917-28bb-4f4b-ac0d-9b64fb0f11ef/element'
18:21:42.356 [Forwarding findChildElement on session 7200920663eac18be101966e581c9db5 to remote] DEBUG org.asynchttpclient.netty.request.NettyRequestSender - Using open Channel [id: 0x606ef152, L:/127.0.0.1:54348 - R:localhost/127.0.0.1:41557] for POST '/session/7200920663eac18be101966e581c9db5/element/35481917-28bb-4f4b-ac0d-9b64fb0f11ef/element'
18:21:42.384 [AsyncHttpClient-1-5] DEBUG org.asynchttpclient.netty.handler.HttpHandler - 

Request DefaultHttpRequest(decodeResult: success, version: HTTP/1.1)
POST /session/7200920663eac18be101966e581c9db5/element/35481917-28bb-4f4b-ac0d-9b64fb0f11ef/element HTTP/1.1
User-Agent: selenium/4.5.3 (java mac)
Content-Length: 106
Content-Type: application/json; charset=utf-8
host: localhost:41557
accept: */*

Response DefaultHttpResponse(decodeResult: success, version: HTTP/1.1)
HTTP/1.1 200 OK
Content-Length: 88
Content-Type: application/json; charset=utf-8
cache-control: no-cache

18:21:42.384 [AsyncHttpClient-1-5] DEBUG org.asynchttpclient.netty.channel.ChannelManager - Adding key: http://localhost:41557 for channel [id: 0x606ef152, L:/127.0.0.1:54348 - R:localhost/127.0.0.1:41557]
18:21:42.387 [Forwarding getElementText on session 7200920663eac18be101966e581c9db5 to remote] DEBUG org.asynchttpclient.netty.request.NettyRequestSender - Using pooled Channel '[id: 0x606ef152, L:/127.0.0.1:54348 - R:localhost/127.0.0.1:41557]' for 'GET' to 'http://localhost:41557/session/7200920663eac18be101966e581c9db5/element/3f5ee3dd-1b3d-47fe-8dd8-9b919b9d168b/text'
18:21:42.387 [Forwarding getElementText on session 7200920663eac18be101966e581c9db5 to remote] DEBUG org.asynchttpclient.netty.request.NettyRequestSender - Using open Channel [id: 0x606ef152, L:/127.0.0.1:54348 - R:localhost/127.0.0.1:41557] for GET '/session/7200920663eac18be101966e581c9db5/element/3f5ee3dd-1b3d-47fe-8dd8-9b919b9d168b/text'
18:21:42.483 [AsyncHttpClient-1-5] DEBUG org.asynchttpclient.netty.handler.HttpHandler - 

Request DefaultFullHttpRequest(decodeResult: success, version: HTTP/1.1, content: EmptyByteBufBE)
GET /session/7200920663eac18be101966e581c9db5/element/3f5ee3dd-1b3d-47fe-8dd8-9b919b9d168b/text HTTP/1.1
User-Agent: selenium/4.5.3 (java mac)
Cache-Control: no-cache
Content-Type: application/json; charset=utf-8
host: localhost:41557
accept: */*

Response DefaultHttpResponse(decodeResult: success, version: HTTP/1.1)
HTTP/1.1 200 OK
Content-Length: 87
Content-Type: application/json; charset=utf-8
cache-control: no-cache

18:21:42.483 [AsyncHttpClient-1-5] DEBUG org.asynchttpclient.netty.channel.ChannelManager - Adding key: http://localhost:41557 for channel [id: 0x606ef152, L:/127.0.0.1:54348 - R:localhost/127.0.0.1:41557]
18:21:42.487 [Forwarding findChildElement on session 7200920663eac18be101966e581c9db5 to remote] DEBUG org.asynchttpclient.netty.request.NettyRequestSender - Using pooled Channel '[id: 0x606ef152, L:/127.0.0.1:54348 - R:localhost/127.0.0.1:41557]' for 'POST' to 'http://localhost:41557/session/7200920663eac18be101966e581c9db5/element/35481917-28bb-4f4b-ac0d-9b64fb0f11ef/element'
18:21:42.487 [Forwarding findChildElement on session 7200920663eac18be101966e581c9db5 to remote] DEBUG org.asynchttpclient.netty.request.NettyRequestSender - Using open Channel [id: 0x606ef152, L:/127.0.0.1:54348 - R:localhost/127.0.0.1:41557] for POST '/session/7200920663eac18be101966e581c9db5/element/35481917-28bb-4f4b-ac0d-9b64fb0f11ef/element'
18:21:42.632 [AsyncHttpClient-1-5] DEBUG org.asynchttpclient.netty.handler.HttpHandler - 

Request DefaultHttpRequest(decodeResult: success, version: HTTP/1.1)
POST /session/7200920663eac18be101966e581c9db5/element/35481917-28bb-4f4b-ac0d-9b64fb0f11ef/element HTTP/1.1
User-Agent: selenium/4.5.3 (java mac)
Content-Length: 106
Content-Type: application/json; charset=utf-8
host: localhost:41557
accept: */*

Response DefaultHttpResponse(decodeResult: success, version: HTTP/1.1)
HTTP/1.1 200 OK
Content-Length: 88
Content-Type: application/json; charset=utf-8
cache-control: no-cache

18:21:42.633 [AsyncHttpClient-1-5] DEBUG org.asynchttpclient.netty.channel.ChannelManager - Adding key: http://localhost:41557 for channel [id: 0x606ef152, L:/127.0.0.1:54348 - R:localhost/127.0.0.1:41557]
18:21:42.634 [Forwarding getElementText on session 7200920663eac18be101966e581c9db5 to remote] DEBUG org.asynchttpclient.netty.request.NettyRequestSender - Using pooled Channel '[id: 0x606ef152, L:/127.0.0.1:54348 - R:localhost/127.0.0.1:41557]' for 'GET' to 'http://localhost:41557/session/7200920663eac18be101966e581c9db5/element/63b928a6-1158-478e-b042-3340e81285ce/text'
18:21:42.634 [Forwarding getElementText on session 7200920663eac18be101966e581c9db5 to remote] DEBUG org.asynchttpclient.netty.request.NettyRequestSender - Using open Channel [id: 0x606ef152, L:/127.0.0.1:54348 - R:localhost/127.0.0.1:41557] for GET '/session/7200920663eac18be101966e581c9db5/element/63b928a6-1158-478e-b042-3340e81285ce/text'
18:21:42.700 [AsyncHttpClient-1-5] DEBUG org.asynchttpclient.netty.handler.HttpHandler - 

Request DefaultFullHttpRequest(decodeResult: success, version: HTTP/1.1, content: EmptyByteBufBE)
GET /session/7200920663eac18be101966e581c9db5/element/63b928a6-1158-478e-b042-3340e81285ce/text HTTP/1.1
User-Agent: selenium/4.5.3 (java mac)
Cache-Control: no-cache
Content-Type: application/json; charset=utf-8
host: localhost:41557
accept: */*

Response DefaultHttpResponse(decodeResult: success, version: HTTP/1.1)
HTTP/1.1 200 OK
Content-Length: 19
Content-Type: application/json; charset=utf-8
cache-control: no-cache

18:21:42.700 [AsyncHttpClient-1-5] DEBUG org.asynchttpclient.netty.channel.ChannelManager - Adding key: http://localhost:41557 for channel [id: 0x606ef152, L:/127.0.0.1:54348 - R:localhost/127.0.0.1:41557]
18:21:42.701 [Forwarding findChildElement on session 7200920663eac18be101966e581c9db5 to remote] DEBUG org.asynchttpclient.netty.request.NettyRequestSender - Using pooled Channel '[id: 0x606ef152, L:/127.0.0.1:54348 - R:localhost/127.0.0.1:41557]' for 'POST' to 'http://localhost:41557/session/7200920663eac18be101966e581c9db5/element/25098e81-573d-471f-8494-310e2e3ed883/element'
18:21:42.701 [Forwarding findChildElement on session 7200920663eac18be101966e581c9db5 to remote] DEBUG org.asynchttpclient.netty.request.NettyRequestSender - Using open Channel [id: 0x606ef152, L:/127.0.0.1:54348 - R:localhost/127.0.0.1:41557] for POST '/session/7200920663eac18be101966e581c9db5/element/25098e81-573d-471f-8494-310e2e3ed883/element'
18:21:42.740 [AsyncHttpClient-1-5] DEBUG org.asynchttpclient.netty.handler.HttpHandler - 

Request DefaultHttpRequest(decodeResult: success, version: HTTP/1.1)
POST /session/7200920663eac18be101966e581c9db5/element/25098e81-573d-471f-8494-310e2e3ed883/element HTTP/1.1
User-Agent: selenium/4.5.3 (java mac)
Content-Length: 106
Content-Type: application/json; charset=utf-8
host: localhost:41557
accept: */*

Response DefaultHttpResponse(decodeResult: success, version: HTTP/1.1)
HTTP/1.1 200 OK
Content-Length: 88
Content-Type: application/json; charset=utf-8
cache-control: no-cache

18:21:42.740 [AsyncHttpClient-1-5] DEBUG org.asynchttpclient.netty.channel.ChannelManager - Adding key: http://localhost:41557 for channel [id: 0x606ef152, L:/127.0.0.1:54348 - R:localhost/127.0.0.1:41557]
18:21:42.741 [Forwarding getElementText on session 7200920663eac18be101966e581c9db5 to remote] DEBUG org.asynchttpclient.netty.request.NettyRequestSender - Using pooled Channel '[id: 0x606ef152, L:/127.0.0.1:54348 - R:localhost/127.0.0.1:41557]' for 'GET' to 'http://localhost:41557/session/7200920663eac18be101966e581c9db5/element/57e77a71-96a3-4a8b-8349-d6e72cbd8aca/text'
18:21:42.741 [Forwarding getElementText on session 7200920663eac18be101966e581c9db5 to remote] DEBUG org.asynchttpclient.netty.request.NettyRequestSender - Using open Channel [id: 0x606ef152, L:/127.0.0.1:54348 - R:localhost/127.0.0.1:41557] for GET '/session/7200920663eac18be101966e581c9db5/element/57e77a71-96a3-4a8b-8349-d6e72cbd8aca/text'
18:21:42.821 [AsyncHttpClient-1-5] DEBUG org.asynchttpclient.netty.handler.HttpHandler - 

Request DefaultFullHttpRequest(decodeResult: success, version: HTTP/1.1, content: EmptyByteBufBE)
GET /session/7200920663eac18be101966e581c9db5/element/57e77a71-96a3-4a8b-8349-d6e72cbd8aca/text HTTP/1.1
User-Agent: selenium/4.5.3 (java mac)
Cache-Control: no-cache
Content-Type: application/json; charset=utf-8
host: localhost:41557
accept: */*

Response DefaultHttpResponse(decodeResult: success, version: HTTP/1.1)
HTTP/1.1 200 OK
Content-Length: 80
Content-Type: application/json; charset=utf-8
cache-control: no-cache

18:21:42.821 [AsyncHttpClient-1-5] DEBUG org.asynchttpclient.netty.channel.ChannelManager - Adding key: http://localhost:41557 for channel [id: 0x606ef152, L:/127.0.0.1:54348 - R:localhost/127.0.0.1:41557]
18:21:42.825 [Forwarding findChildElement on session 7200920663eac18be101966e581c9db5 to remote] DEBUG org.asynchttpclient.netty.request.NettyRequestSender - Using pooled Channel '[id: 0x606ef152, L:/127.0.0.1:54348 - R:localhost/127.0.0.1:41557]' for 'POST' to 'http://localhost:41557/session/7200920663eac18be101966e581c9db5/element/25098e81-573d-471f-8494-310e2e3ed883/element'
18:21:42.825 [Forwarding findChildElement on session 7200920663eac18be101966e581c9db5 to remote] DEBUG org.asynchttpclient.netty.request.NettyRequestSender - Using open Channel [id: 0x606ef152, L:/127.0.0.1:54348 - R:localhost/127.0.0.1:41557] for POST '/session/7200920663eac18be101966e581c9db5/element/25098e81-573d-471f-8494-310e2e3ed883/element'
18:21:42.836 [AsyncHttpClient-1-5] DEBUG org.asynchttpclient.netty.handler.HttpHandler - 

Request DefaultHttpRequest(decodeResult: success, version: HTTP/1.1)
POST /session/7200920663eac18be101966e581c9db5/element/25098e81-573d-471f-8494-310e2e3ed883/element HTTP/1.1
User-Agent: selenium/4.5.3 (java mac)
Content-Length: 106
Content-Type: application/json; charset=utf-8
host: localhost:41557
accept: */*

Response DefaultHttpResponse(decodeResult: success, version: HTTP/1.1)
HTTP/1.1 200 OK
Content-Length: 88
Content-Type: application/json; charset=utf-8
cache-control: no-cache

18:21:42.836 [AsyncHttpClient-1-5] DEBUG org.asynchttpclient.netty.channel.ChannelManager - Adding key: http://localhost:41557 for channel [id: 0x606ef152, L:/127.0.0.1:54348 - R:localhost/127.0.0.1:41557]
18:21:42.837 [Forwarding getElementText on session 7200920663eac18be101966e581c9db5 to remote] DEBUG org.asynchttpclient.netty.request.NettyRequestSender - Using pooled Channel '[id: 0x606ef152, L:/127.0.0.1:54348 - R:localhost/127.0.0.1:41557]' for 'GET' to 'http://localhost:41557/session/7200920663eac18be101966e581c9db5/element/c3528128-1f0f-4b77-8a68-a4688a88602c/text'
18:21:42.838 [Forwarding getElementText on session 7200920663eac18be101966e581c9db5 to remote] DEBUG org.asynchttpclient.netty.request.NettyRequestSender - Using open Channel [id: 0x606ef152, L:/127.0.0.1:54348 - R:localhost/127.0.0.1:41557] for GET '/session/7200920663eac18be101966e581c9db5/element/c3528128-1f0f-4b77-8a68-a4688a88602c/text'
18:21:42.887 [AsyncHttpClient-1-5] DEBUG org.asynchttpclient.netty.handler.HttpHandler - 

Request DefaultFullHttpRequest(decodeResult: success, version: HTTP/1.1, content: EmptyByteBufBE)
GET /session/7200920663eac18be101966e581c9db5/element/c3528128-1f0f-4b77-8a68-a4688a88602c/text HTTP/1.1
User-Agent: selenium/4.5.3 (java mac)
Cache-Control: no-cache
Content-Type: application/json; charset=utf-8
host: localhost:41557
accept: */*

Response DefaultHttpResponse(decodeResult: success, version: HTTP/1.1)
HTTP/1.1 200 OK
Content-Length: 30
Content-Type: application/json; charset=utf-8
cache-control: no-cache

18:21:42.887 [AsyncHttpClient-1-5] DEBUG org.asynchttpclient.netty.channel.ChannelManager - Adding key: http://localhost:41557 for channel [id: 0x606ef152, L:/127.0.0.1:54348 - R:localhost/127.0.0.1:41557]
18:21:42.889 [Forwarding findChildElement on session 7200920663eac18be101966e581c9db5 to remote] DEBUG org.asynchttpclient.netty.request.NettyRequestSender - Using pooled Channel '[id: 0x606ef152, L:/127.0.0.1:54348 - R:localhost/127.0.0.1:41557]' for 'POST' to 'http://localhost:41557/session/7200920663eac18be101966e581c9db5/element/8fc3074a-d880-4033-aee4-7d20ee17c712/element'
18:21:42.889 [Forwarding findChildElement on session 7200920663eac18be101966e581c9db5 to remote] DEBUG org.asynchttpclient.netty.request.NettyRequestSender - Using open Channel [id: 0x606ef152, L:/127.0.0.1:54348 - R:localhost/127.0.0.1:41557] for POST '/session/7200920663eac18be101966e581c9db5/element/8fc3074a-d880-4033-aee4-7d20ee17c712/element'
18:21:42.948 [AsyncHttpClient-1-5] DEBUG org.asynchttpclient.netty.handler.HttpHandler - 

Request DefaultHttpRequest(decodeResult: success, version: HTTP/1.1)
POST /session/7200920663eac18be101966e581c9db5/element/8fc3074a-d880-4033-aee4-7d20ee17c712/element HTTP/1.1
User-Agent: selenium/4.5.3 (java mac)
Content-Length: 106
Content-Type: application/json; charset=utf-8
host: localhost:41557
accept: */*

Response DefaultHttpResponse(decodeResult: success, version: HTTP/1.1)
HTTP/1.1 200 OK
Content-Length: 88
Content-Type: application/json; charset=utf-8
cache-control: no-cache

18:21:42.948 [AsyncHttpClient-1-5] DEBUG org.asynchttpclient.netty.channel.ChannelManager - Adding key: http://localhost:41557 for channel [id: 0x606ef152, L:/127.0.0.1:54348 - R:localhost/127.0.0.1:41557]
18:21:42.950 [Forwarding getElementText on session 7200920663eac18be101966e581c9db5 to remote] DEBUG org.asynchttpclient.netty.request.NettyRequestSender - Using pooled Channel '[id: 0x606ef152, L:/127.0.0.1:54348 - R:localhost/127.0.0.1:41557]' for 'GET' to 'http://localhost:41557/session/7200920663eac18be101966e581c9db5/element/84844b3e-afd1-4a37-9c63-16e4f8d40063/text'
18:21:42.951 [Forwarding getElementText on session 7200920663eac18be101966e581c9db5 to remote] DEBUG org.asynchttpclient.netty.request.NettyRequestSender - Using open Channel [id: 0x606ef152, L:/127.0.0.1:54348 - R:localhost/127.0.0.1:41557] for GET '/session/7200920663eac18be101966e581c9db5/element/84844b3e-afd1-4a37-9c63-16e4f8d40063/text'
18:21:42.977 [AsyncHttpClient-1-5] DEBUG org.asynchttpclient.netty.handler.HttpHandler - 

Request DefaultFullHttpRequest(decodeResult: success, version: HTTP/1.1, content: EmptyByteBufBE)
GET /session/7200920663eac18be101966e581c9db5/element/84844b3e-afd1-4a37-9c63-16e4f8d40063/text HTTP/1.1
User-Agent: selenium/4.5.3 (java mac)
Cache-Control: no-cache
Content-Type: application/json; charset=utf-8
host: localhost:41557
accept: */*

Response DefaultHttpResponse(decodeResult: success, version: HTTP/1.1)
HTTP/1.1 200 OK
Content-Length: 69
Content-Type: application/json; charset=utf-8
cache-control: no-cache

18:21:42.978 [AsyncHttpClient-1-5] DEBUG org.asynchttpclient.netty.channel.ChannelManager - Adding key: http://localhost:41557 for channel [id: 0x606ef152, L:/127.0.0.1:54348 - R:localhost/127.0.0.1:41557]
18:21:42.980 [Forwarding findChildElement on session 7200920663eac18be101966e581c9db5 to remote] DEBUG org.asynchttpclient.netty.request.NettyRequestSender - Using pooled Channel '[id: 0x606ef152, L:/127.0.0.1:54348 - R:localhost/127.0.0.1:41557]' for 'POST' to 'http://localhost:41557/session/7200920663eac18be101966e581c9db5/element/8fc3074a-d880-4033-aee4-7d20ee17c712/element'
18:21:42.980 [Forwarding findChildElement on session 7200920663eac18be101966e581c9db5 to remote] DEBUG org.asynchttpclient.netty.request.NettyRequestSender - Using open Channel [id: 0x606ef152, L:/127.0.0.1:54348 - R:localhost/127.0.0.1:41557] for POST '/session/7200920663eac18be101966e581c9db5/element/8fc3074a-d880-4033-aee4-7d20ee17c712/element'
18:21:42.992 [AsyncHttpClient-1-5] DEBUG org.asynchttpclient.netty.handler.HttpHandler - 

Request DefaultHttpRequest(decodeResult: success, version: HTTP/1.1)
POST /session/7200920663eac18be101966e581c9db5/element/8fc3074a-d880-4033-aee4-7d20ee17c712/element HTTP/1.1
User-Agent: selenium/4.5.3 (java mac)
Content-Length: 106
Content-Type: application/json; charset=utf-8
host: localhost:41557
accept: */*

Response DefaultHttpResponse(decodeResult: success, version: HTTP/1.1)
HTTP/1.1 200 OK
Content-Length: 88
Content-Type: application/json; charset=utf-8
cache-control: no-cache

18:21:42.993 [AsyncHttpClient-1-5] DEBUG org.asynchttpclient.netty.channel.ChannelManager - Adding key: http://localhost:41557 for channel [id: 0x606ef152, L:/127.0.0.1:54348 - R:localhost/127.0.0.1:41557]
18:21:42.994 [Forwarding getElementText on session 7200920663eac18be101966e581c9db5 to remote] DEBUG org.asynchttpclient.netty.request.NettyRequestSender - Using pooled Channel '[id: 0x606ef152, L:/127.0.0.1:54348 - R:localhost/127.0.0.1:41557]' for 'GET' to 'http://localhost:41557/session/7200920663eac18be101966e581c9db5/element/ff34fcc6-0493-40da-98ec-e86d2c6edc22/text'
18:21:42.994 [Forwarding getElementText on session 7200920663eac18be101966e581c9db5 to remote] DEBUG org.asynchttpclient.netty.request.NettyRequestSender - Using open Channel [id: 0x606ef152, L:/127.0.0.1:54348 - R:localhost/127.0.0.1:41557] for GET '/session/7200920663eac18be101966e581c9db5/element/ff34fcc6-0493-40da-98ec-e86d2c6edc22/text'
18:21:43.009 [AsyncHttpClient-1-1] DEBUG org.asynchttpclient.netty.channel.DefaultChannelPool - Entry count for : http://localhost:54349 : 1
18:21:43.009 [AsyncHttpClient-1-1] DEBUG org.asynchttpclient.netty.channel.DefaultChannelPool - Entry count for : http://localhost:47544 : 1
18:21:43.041 [AsyncHttpClient-1-5] DEBUG org.asynchttpclient.netty.handler.HttpHandler - 

Request DefaultFullHttpRequest(decodeResult: success, version: HTTP/1.1, content: EmptyByteBufBE)
GET /session/7200920663eac18be101966e581c9db5/element/ff34fcc6-0493-40da-98ec-e86d2c6edc22/text HTTP/1.1
User-Agent: selenium/4.5.3 (java mac)
Cache-Control: no-cache
Content-Type: application/json; charset=utf-8
host: localhost:41557
accept: */*

Response DefaultHttpResponse(decodeResult: success, version: HTTP/1.1)
HTTP/1.1 200 OK
Content-Length: 19
Content-Type: application/json; charset=utf-8
cache-control: no-cache

18:21:43.041 [AsyncHttpClient-1-5] DEBUG org.asynchttpclient.netty.channel.ChannelManager - Adding key: http://localhost:41557 for channel [id: 0x606ef152, L:/127.0.0.1:54348 - R:localhost/127.0.0.1:41557]
18:21:43.043 [Forwarding findChildElement on session 7200920663eac18be101966e581c9db5 to remote] DEBUG org.asynchttpclient.netty.request.NettyRequestSender - Using pooled Channel '[id: 0x606ef152, L:/127.0.0.1:54348 - R:localhost/127.0.0.1:41557]' for 'POST' to 'http://localhost:41557/session/7200920663eac18be101966e581c9db5/element/54ff43be-7350-4c05-b50f-0a130707931f/element'
18:21:43.044 [Forwarding findChildElement on session 7200920663eac18be101966e581c9db5 to remote] DEBUG org.asynchttpclient.netty.request.NettyRequestSender - Using open Channel [id: 0x606ef152, L:/127.0.0.1:54348 - R:localhost/127.0.0.1:41557] for POST '/session/7200920663eac18be101966e581c9db5/element/54ff43be-7350-4c05-b50f-0a130707931f/element'
18:21:43.193 [AsyncHttpClient-1-5] DEBUG org.asynchttpclient.netty.handler.HttpHandler - 

Request DefaultHttpRequest(decodeResult: success, version: HTTP/1.1)
POST /session/7200920663eac18be101966e581c9db5/element/54ff43be-7350-4c05-b50f-0a130707931f/element HTTP/1.1
User-Agent: selenium/4.5.3 (java mac)
Content-Length: 106
Content-Type: application/json; charset=utf-8
host: localhost:41557
accept: */*

Response DefaultHttpResponse(decodeResult: success, version: HTTP/1.1)
HTTP/1.1 200 OK
Content-Length: 88
Content-Type: application/json; charset=utf-8
cache-control: no-cache

18:21:43.193 [AsyncHttpClient-1-5] DEBUG org.asynchttpclient.netty.channel.ChannelManager - Adding key: http://localhost:41557 for channel [id: 0x606ef152, L:/127.0.0.1:54348 - R:localhost/127.0.0.1:41557]
18:21:43.194 [Forwarding getElementText on session 7200920663eac18be101966e581c9db5 to remote] DEBUG org.asynchttpclient.netty.request.NettyRequestSender - Using pooled Channel '[id: 0x606ef152, L:/127.0.0.1:54348 - R:localhost/127.0.0.1:41557]' for 'GET' to 'http://localhost:41557/session/7200920663eac18be101966e581c9db5/element/1b3a21f7-0988-4dcd-a9b5-1eb2e4280861/text'
18:21:43.194 [Forwarding getElementText on session 7200920663eac18be101966e581c9db5 to remote] DEBUG org.asynchttpclient.netty.request.NettyRequestSender - Using open Channel [id: 0x606ef152, L:/127.0.0.1:54348 - R:localhost/127.0.0.1:41557] for GET '/session/7200920663eac18be101966e581c9db5/element/1b3a21f7-0988-4dcd-a9b5-1eb2e4280861/text'
18:21:43.211 [AsyncHttpClient-1-5] DEBUG org.asynchttpclient.netty.handler.HttpHandler - 

Request DefaultFullHttpRequest(decodeResult: success, version: HTTP/1.1, content: EmptyByteBufBE)
GET /session/7200920663eac18be101966e581c9db5/element/1b3a21f7-0988-4dcd-a9b5-1eb2e4280861/text HTTP/1.1
User-Agent: selenium/4.5.3 (java mac)
Cache-Control: no-cache
Content-Type: application/json; charset=utf-8
host: localhost:41557
accept: */*

Response DefaultHttpResponse(decodeResult: success, version: HTTP/1.1)
HTTP/1.1 200 OK
Content-Length: 76
Content-Type: application/json; charset=utf-8
cache-control: no-cache

18:21:43.211 [AsyncHttpClient-1-5] DEBUG org.asynchttpclient.netty.channel.ChannelManager - Adding key: http://localhost:41557 for channel [id: 0x606ef152, L:/127.0.0.1:54348 - R:localhost/127.0.0.1:41557]
18:21:43.213 [Forwarding findChildElement on session 7200920663eac18be101966e581c9db5 to remote] DEBUG org.asynchttpclient.netty.request.NettyRequestSender - Using pooled Channel '[id: 0x606ef152, L:/127.0.0.1:54348 - R:localhost/127.0.0.1:41557]' for 'POST' to 'http://localhost:41557/session/7200920663eac18be101966e581c9db5/element/54ff43be-7350-4c05-b50f-0a130707931f/element'
18:21:43.213 [Forwarding findChildElement on session 7200920663eac18be101966e581c9db5 to remote] DEBUG org.asynchttpclient.netty.request.NettyRequestSender - Using open Channel [id: 0x606ef152, L:/127.0.0.1:54348 - R:localhost/127.0.0.1:41557] for POST '/session/7200920663eac18be101966e581c9db5/element/54ff43be-7350-4c05-b50f-0a130707931f/element'
18:21:43.241 [AsyncHttpClient-1-5] DEBUG org.asynchttpclient.netty.handler.HttpHandler - 

Request DefaultHttpRequest(decodeResult: success, version: HTTP/1.1)
POST /session/7200920663eac18be101966e581c9db5/element/54ff43be-7350-4c05-b50f-0a130707931f/element HTTP/1.1
User-Agent: selenium/4.5.3 (java mac)
Content-Length: 106
Content-Type: application/json; charset=utf-8
host: localhost:41557
accept: */*

Response DefaultHttpResponse(decodeResult: success, version: HTTP/1.1)
HTTP/1.1 200 OK
Content-Length: 88
Content-Type: application/json; charset=utf-8
cache-control: no-cache

18:21:43.241 [AsyncHttpClient-1-5] DEBUG org.asynchttpclient.netty.channel.ChannelManager - Adding key: http://localhost:41557 for channel [id: 0x606ef152, L:/127.0.0.1:54348 - R:localhost/127.0.0.1:41557]
18:21:43.244 [Forwarding getElementText on session 7200920663eac18be101966e581c9db5 to remote] DEBUG org.asynchttpclient.netty.request.NettyRequestSender - Using pooled Channel '[id: 0x606ef152, L:/127.0.0.1:54348 - R:localhost/127.0.0.1:41557]' for 'GET' to 'http://localhost:41557/session/7200920663eac18be101966e581c9db5/element/f91f564b-54a8-4d51-a48e-fd51a1cf79cb/text'
18:21:43.249 [Forwarding getElementText on session 7200920663eac18be101966e581c9db5 to remote] DEBUG org.asynchttpclient.netty.request.NettyRequestSender - Using open Channel [id: 0x606ef152, L:/127.0.0.1:54348 - R:localhost/127.0.0.1:41557] for GET '/session/7200920663eac18be101966e581c9db5/element/f91f564b-54a8-4d51-a48e-fd51a1cf79cb/text'
18:21:43.448 [AsyncHttpClient-1-5] DEBUG org.asynchttpclient.netty.handler.HttpHandler - 

Request DefaultFullHttpRequest(decodeResult: success, version: HTTP/1.1, content: EmptyByteBufBE)
GET /session/7200920663eac18be101966e581c9db5/element/f91f564b-54a8-4d51-a48e-fd51a1cf79cb/text HTTP/1.1
User-Agent: selenium/4.5.3 (java mac)
Cache-Control: no-cache
Content-Type: application/json; charset=utf-8
host: localhost:41557
accept: */*

Response DefaultHttpResponse(decodeResult: success, version: HTTP/1.1)
HTTP/1.1 200 OK
Content-Length: 19
Content-Type: application/json; charset=utf-8
cache-control: no-cache

18:21:43.449 [AsyncHttpClient-1-5] DEBUG org.asynchttpclient.netty.channel.ChannelManager - Adding key: http://localhost:41557 for channel [id: 0x606ef152, L:/127.0.0.1:54348 - R:localhost/127.0.0.1:41557]
18:21:43.451 [Forwarding findChildElement on session 7200920663eac18be101966e581c9db5 to remote] DEBUG org.asynchttpclient.netty.request.NettyRequestSender - Using pooled Channel '[id: 0x606ef152, L:/127.0.0.1:54348 - R:localhost/127.0.0.1:41557]' for 'POST' to 'http://localhost:41557/session/7200920663eac18be101966e581c9db5/element/21e579c5-1062-45d1-97f2-ccb22a5ff057/element'
18:21:43.451 [Forwarding findChildElement on session 7200920663eac18be101966e581c9db5 to remote] DEBUG org.asynchttpclient.netty.request.NettyRequestSender - Using open Channel [id: 0x606ef152, L:/127.0.0.1:54348 - R:localhost/127.0.0.1:41557] for POST '/session/7200920663eac18be101966e581c9db5/element/21e579c5-1062-45d1-97f2-ccb22a5ff057/element'
18:21:43.480 [AsyncHttpClient-1-5] DEBUG org.asynchttpclient.netty.handler.HttpHandler - 

Request DefaultHttpRequest(decodeResult: success, version: HTTP/1.1)
POST /session/7200920663eac18be101966e581c9db5/element/21e579c5-1062-45d1-97f2-ccb22a5ff057/element HTTP/1.1
User-Agent: selenium/4.5.3 (java mac)
Content-Length: 106
Content-Type: application/json; charset=utf-8
host: localhost:41557
accept: */*

Response DefaultHttpResponse(decodeResult: success, version: HTTP/1.1)
HTTP/1.1 200 OK
Content-Length: 88
Content-Type: application/json; charset=utf-8
cache-control: no-cache

18:21:43.481 [AsyncHttpClient-1-5] DEBUG org.asynchttpclient.netty.channel.ChannelManager - Adding key: http://localhost:41557 for channel [id: 0x606ef152, L:/127.0.0.1:54348 - R:localhost/127.0.0.1:41557]
18:21:43.482 [Forwarding getElementText on session 7200920663eac18be101966e581c9db5 to remote] DEBUG org.asynchttpclient.netty.request.NettyRequestSender - Using pooled Channel '[id: 0x606ef152, L:/127.0.0.1:54348 - R:localhost/127.0.0.1:41557]' for 'GET' to 'http://localhost:41557/session/7200920663eac18be101966e581c9db5/element/148671b4-07ee-4dd6-aa13-f0a52ca25b17/text'
18:21:43.482 [Forwarding getElementText on session 7200920663eac18be101966e581c9db5 to remote] DEBUG org.asynchttpclient.netty.request.NettyRequestSender - Using open Channel [id: 0x606ef152, L:/127.0.0.1:54348 - R:localhost/127.0.0.1:41557] for GET '/session/7200920663eac18be101966e581c9db5/element/148671b4-07ee-4dd6-aa13-f0a52ca25b17/text'
18:21:43.582 [AsyncHttpClient-1-5] DEBUG org.asynchttpclient.netty.handler.HttpHandler - 

Request DefaultFullHttpRequest(decodeResult: success, version: HTTP/1.1, content: EmptyByteBufBE)
GET /session/7200920663eac18be101966e581c9db5/element/148671b4-07ee-4dd6-aa13-f0a52ca25b17/text HTTP/1.1
User-Agent: selenium/4.5.3 (java mac)
Cache-Control: no-cache
Content-Type: application/json; charset=utf-8
host: localhost:41557
accept: */*

Response DefaultHttpResponse(decodeResult: success, version: HTTP/1.1)
HTTP/1.1 200 OK
Content-Length: 88
Content-Type: application/json; charset=utf-8
cache-control: no-cache

18:21:43.582 [AsyncHttpClient-1-5] DEBUG org.asynchttpclient.netty.channel.ChannelManager - Adding key: http://localhost:41557 for channel [id: 0x606ef152, L:/127.0.0.1:54348 - R:localhost/127.0.0.1:41557]
18:21:43.583 [Forwarding findChildElement on session 7200920663eac18be101966e581c9db5 to remote] DEBUG org.asynchttpclient.netty.request.NettyRequestSender - Using pooled Channel '[id: 0x606ef152, L:/127.0.0.1:54348 - R:localhost/127.0.0.1:41557]' for 'POST' to 'http://localhost:41557/session/7200920663eac18be101966e581c9db5/element/21e579c5-1062-45d1-97f2-ccb22a5ff057/element'
18:21:43.584 [Forwarding findChildElement on session 7200920663eac18be101966e581c9db5 to remote] DEBUG org.asynchttpclient.netty.request.NettyRequestSender - Using open Channel [id: 0x606ef152, L:/127.0.0.1:54348 - R:localhost/127.0.0.1:41557] for POST '/session/7200920663eac18be101966e581c9db5/element/21e579c5-1062-45d1-97f2-ccb22a5ff057/element'
18:21:43.633 [AsyncHttpClient-1-5] DEBUG org.asynchttpclient.netty.handler.HttpHandler - 

Request DefaultHttpRequest(decodeResult: success, version: HTTP/1.1)
POST /session/7200920663eac18be101966e581c9db5/element/21e579c5-1062-45d1-97f2-ccb22a5ff057/element HTTP/1.1
User-Agent: selenium/4.5.3 (java mac)
Content-Length: 106
Content-Type: application/json; charset=utf-8
host: localhost:41557
accept: */*

Response DefaultHttpResponse(decodeResult: success, version: HTTP/1.1)
HTTP/1.1 200 OK
Content-Length: 88
Content-Type: application/json; charset=utf-8
cache-control: no-cache

18:21:43.633 [AsyncHttpClient-1-5] DEBUG org.asynchttpclient.netty.channel.ChannelManager - Adding key: http://localhost:41557 for channel [id: 0x606ef152, L:/127.0.0.1:54348 - R:localhost/127.0.0.1:41557]
18:21:43.634 [Forwarding getElementText on session 7200920663eac18be101966e581c9db5 to remote] DEBUG org.asynchttpclient.netty.request.NettyRequestSender - Using pooled Channel '[id: 0x606ef152, L:/127.0.0.1:54348 - R:localhost/127.0.0.1:41557]' for 'GET' to 'http://localhost:41557/session/7200920663eac18be101966e581c9db5/element/d33c22d7-effc-4131-ad15-01b552fcaa4f/text'
18:21:43.635 [Forwarding getElementText on session 7200920663eac18be101966e581c9db5 to remote] DEBUG org.asynchttpclient.netty.request.NettyRequestSender - Using open Channel [id: 0x606ef152, L:/127.0.0.1:54348 - R:localhost/127.0.0.1:41557] for GET '/session/7200920663eac18be101966e581c9db5/element/d33c22d7-effc-4131-ad15-01b552fcaa4f/text'
18:21:43.788 [AsyncHttpClient-1-5] DEBUG org.asynchttpclient.netty.handler.HttpHandler - 

Request DefaultFullHttpRequest(decodeResult: success, version: HTTP/1.1, content: EmptyByteBufBE)
GET /session/7200920663eac18be101966e581c9db5/element/d33c22d7-effc-4131-ad15-01b552fcaa4f/text HTTP/1.1
User-Agent: selenium/4.5.3 (java mac)
Cache-Control: no-cache
Content-Type: application/json; charset=utf-8
host: localhost:41557
accept: */*

Response DefaultHttpResponse(decodeResult: success, version: HTTP/1.1)
HTTP/1.1 200 OK
Content-Length: 19
Content-Type: application/json; charset=utf-8
cache-control: no-cache

18:21:43.788 [AsyncHttpClient-1-5] DEBUG org.asynchttpclient.netty.channel.ChannelManager - Adding key: http://localhost:41557 for channel [id: 0x606ef152, L:/127.0.0.1:54348 - R:localhost/127.0.0.1:41557]
18:21:43.791 [Forwarding findChildElement on session 7200920663eac18be101966e581c9db5 to remote] DEBUG org.asynchttpclient.netty.request.NettyRequestSender - Using pooled Channel '[id: 0x606ef152, L:/127.0.0.1:54348 - R:localhost/127.0.0.1:41557]' for 'POST' to 'http://localhost:41557/session/7200920663eac18be101966e581c9db5/element/4c795b6b-d2e2-4f20-8174-2178b34cc08f/element'
18:21:43.791 [Forwarding findChildElement on session 7200920663eac18be101966e581c9db5 to remote] DEBUG org.asynchttpclient.netty.request.NettyRequestSender - Using open Channel [id: 0x606ef152, L:/127.0.0.1:54348 - R:localhost/127.0.0.1:41557] for POST '/session/7200920663eac18be101966e581c9db5/element/4c795b6b-d2e2-4f20-8174-2178b34cc08f/element'
18:21:43.831 [AsyncHttpClient-1-5] DEBUG org.asynchttpclient.netty.handler.HttpHandler - 

Request DefaultHttpRequest(decodeResult: success, version: HTTP/1.1)
POST /session/7200920663eac18be101966e581c9db5/element/4c795b6b-d2e2-4f20-8174-2178b34cc08f/element HTTP/1.1
User-Agent: selenium/4.5.3 (java mac)
Content-Length: 106
Content-Type: application/json; charset=utf-8
host: localhost:41557
accept: */*

Response DefaultHttpResponse(decodeResult: success, version: HTTP/1.1)
HTTP/1.1 200 OK
Content-Length: 88
Content-Type: application/json; charset=utf-8
cache-control: no-cache

18:21:43.832 [AsyncHttpClient-1-5] DEBUG org.asynchttpclient.netty.channel.ChannelManager - Adding key: http://localhost:41557 for channel [id: 0x606ef152, L:/127.0.0.1:54348 - R:localhost/127.0.0.1:41557]
18:21:43.833 [Forwarding getElementText on session 7200920663eac18be101966e581c9db5 to remote] DEBUG org.asynchttpclient.netty.request.NettyRequestSender - Using pooled Channel '[id: 0x606ef152, L:/127.0.0.1:54348 - R:localhost/127.0.0.1:41557]' for 'GET' to 'http://localhost:41557/session/7200920663eac18be101966e581c9db5/element/0a57b7e6-fb96-4be9-b3a4-9c0938cd2f5f/text'
18:21:43.833 [Forwarding getElementText on session 7200920663eac18be101966e581c9db5 to remote] DEBUG org.asynchttpclient.netty.request.NettyRequestSender - Using open Channel [id: 0x606ef152, L:/127.0.0.1:54348 - R:localhost/127.0.0.1:41557] for GET '/session/7200920663eac18be101966e581c9db5/element/0a57b7e6-fb96-4be9-b3a4-9c0938cd2f5f/text'
18:21:43.858 [AsyncHttpClient-1-5] DEBUG org.asynchttpclient.netty.handler.HttpHandler - 

Request DefaultFullHttpRequest(decodeResult: success, version: HTTP/1.1, content: EmptyByteBufBE)
GET /session/7200920663eac18be101966e581c9db5/element/0a57b7e6-fb96-4be9-b3a4-9c0938cd2f5f/text HTTP/1.1
User-Agent: selenium/4.5.3 (java mac)
Cache-Control: no-cache
Content-Type: application/json; charset=utf-8
host: localhost:41557
accept: */*

Response DefaultHttpResponse(decodeResult: success, version: HTTP/1.1)
HTTP/1.1 200 OK
Content-Length: 75
Content-Type: application/json; charset=utf-8
cache-control: no-cache

18:21:43.859 [AsyncHttpClient-1-5] DEBUG org.asynchttpclient.netty.channel.ChannelManager - Adding key: http://localhost:41557 for channel [id: 0x606ef152, L:/127.0.0.1:54348 - R:localhost/127.0.0.1:41557]
18:21:43.869 [Forwarding findChildElement on session 7200920663eac18be101966e581c9db5 to remote] DEBUG org.asynchttpclient.netty.request.NettyRequestSender - Using pooled Channel '[id: 0x606ef152, L:/127.0.0.1:54348 - R:localhost/127.0.0.1:41557]' for 'POST' to 'http://localhost:41557/session/7200920663eac18be101966e581c9db5/element/4c795b6b-d2e2-4f20-8174-2178b34cc08f/element'
18:21:43.869 [Forwarding findChildElement on session 7200920663eac18be101966e581c9db5 to remote] DEBUG org.asynchttpclient.netty.request.NettyRequestSender - Using open Channel [id: 0x606ef152, L:/127.0.0.1:54348 - R:localhost/127.0.0.1:41557] for POST '/session/7200920663eac18be101966e581c9db5/element/4c795b6b-d2e2-4f20-8174-2178b34cc08f/element'
18:21:43.892 [AsyncHttpClient-1-5] DEBUG org.asynchttpclient.netty.handler.HttpHandler - 

Request DefaultHttpRequest(decodeResult: success, version: HTTP/1.1)
POST /session/7200920663eac18be101966e581c9db5/element/4c795b6b-d2e2-4f20-8174-2178b34cc08f/element HTTP/1.1
User-Agent: selenium/4.5.3 (java mac)
Content-Length: 106
Content-Type: application/json; charset=utf-8
host: localhost:41557
accept: */*

Response DefaultHttpResponse(decodeResult: success, version: HTTP/1.1)
HTTP/1.1 200 OK
Content-Length: 88
Content-Type: application/json; charset=utf-8
cache-control: no-cache

18:21:43.892 [AsyncHttpClient-1-5] DEBUG org.asynchttpclient.netty.channel.ChannelManager - Adding key: http://localhost:41557 for channel [id: 0x606ef152, L:/127.0.0.1:54348 - R:localhost/127.0.0.1:41557]
18:21:43.895 [Forwarding getElementText on session 7200920663eac18be101966e581c9db5 to remote] DEBUG org.asynchttpclient.netty.request.NettyRequestSender - Using pooled Channel '[id: 0x606ef152, L:/127.0.0.1:54348 - R:localhost/127.0.0.1:41557]' for 'GET' to 'http://localhost:41557/session/7200920663eac18be101966e581c9db5/element/cee885ba-f8d4-4dfc-af9b-3728a0a61b1c/text'
18:21:43.895 [Forwarding getElementText on session 7200920663eac18be101966e581c9db5 to remote] DEBUG org.asynchttpclient.netty.request.NettyRequestSender - Using open Channel [id: 0x606ef152, L:/127.0.0.1:54348 - R:localhost/127.0.0.1:41557] for GET '/session/7200920663eac18be101966e581c9db5/element/cee885ba-f8d4-4dfc-af9b-3728a0a61b1c/text'
18:21:43.913 [AsyncHttpClient-1-5] DEBUG org.asynchttpclient.netty.handler.HttpHandler - 

Request DefaultFullHttpRequest(decodeResult: success, version: HTTP/1.1, content: EmptyByteBufBE)
GET /session/7200920663eac18be101966e581c9db5/element/cee885ba-f8d4-4dfc-af9b-3728a0a61b1c/text HTTP/1.1
User-Agent: selenium/4.5.3 (java mac)
Cache-Control: no-cache
Content-Type: application/json; charset=utf-8
host: localhost:41557
accept: */*

Response DefaultHttpResponse(decodeResult: success, version: HTTP/1.1)
HTTP/1.1 200 OK
Content-Length: 19
Content-Type: application/json; charset=utf-8
cache-control: no-cache

18:21:43.913 [AsyncHttpClient-1-5] DEBUG org.asynchttpclient.netty.channel.ChannelManager - Adding key: http://localhost:41557 for channel [id: 0x606ef152, L:/127.0.0.1:54348 - R:localhost/127.0.0.1:41557]
18:21:43.916 [Forwarding findChildElement on session 7200920663eac18be101966e581c9db5 to remote] DEBUG org.asynchttpclient.netty.request.NettyRequestSender - Using pooled Channel '[id: 0x606ef152, L:/127.0.0.1:54348 - R:localhost/127.0.0.1:41557]' for 'POST' to 'http://localhost:41557/session/7200920663eac18be101966e581c9db5/element/13222746-8b7e-430a-8f74-18326c4c7de4/element'
18:21:43.916 [Forwarding findChildElement on session 7200920663eac18be101966e581c9db5 to remote] DEBUG org.asynchttpclient.netty.request.NettyRequestSender - Using open Channel [id: 0x606ef152, L:/127.0.0.1:54348 - R:localhost/127.0.0.1:41557] for POST '/session/7200920663eac18be101966e581c9db5/element/13222746-8b7e-430a-8f74-18326c4c7de4/element'
18:21:44.055 [AsyncHttpClient-1-5] DEBUG org.asynchttpclient.netty.handler.HttpHandler - 

Request DefaultHttpRequest(decodeResult: success, version: HTTP/1.1)
POST /session/7200920663eac18be101966e581c9db5/element/13222746-8b7e-430a-8f74-18326c4c7de4/element HTTP/1.1
User-Agent: selenium/4.5.3 (java mac)
Content-Length: 106
Content-Type: application/json; charset=utf-8
host: localhost:41557
accept: */*

Response DefaultHttpResponse(decodeResult: success, version: HTTP/1.1)
HTTP/1.1 200 OK
Content-Length: 88
Content-Type: application/json; charset=utf-8
cache-control: no-cache

18:21:44.055 [AsyncHttpClient-1-5] DEBUG org.asynchttpclient.netty.channel.ChannelManager - Adding key: http://localhost:41557 for channel [id: 0x606ef152, L:/127.0.0.1:54348 - R:localhost/127.0.0.1:41557]
18:21:44.056 [Forwarding getElementText on session 7200920663eac18be101966e581c9db5 to remote] DEBUG org.asynchttpclient.netty.request.NettyRequestSender - Using pooled Channel '[id: 0x606ef152, L:/127.0.0.1:54348 - R:localhost/127.0.0.1:41557]' for 'GET' to 'http://localhost:41557/session/7200920663eac18be101966e581c9db5/element/e0c4564d-fa43-4c44-a945-b81130f70f24/text'
18:21:44.056 [Forwarding getElementText on session 7200920663eac18be101966e581c9db5 to remote] DEBUG org.asynchttpclient.netty.request.NettyRequestSender - Using open Channel [id: 0x606ef152, L:/127.0.0.1:54348 - R:localhost/127.0.0.1:41557] for GET '/session/7200920663eac18be101966e581c9db5/element/e0c4564d-fa43-4c44-a945-b81130f70f24/text'
18:21:44.101 [AsyncHttpClient-1-5] DEBUG org.asynchttpclient.netty.handler.HttpHandler - 

Request DefaultFullHttpRequest(decodeResult: success, version: HTTP/1.1, content: EmptyByteBufBE)
GET /session/7200920663eac18be101966e581c9db5/element/e0c4564d-fa43-4c44-a945-b81130f70f24/text HTTP/1.1
User-Agent: selenium/4.5.3 (java mac)
Cache-Control: no-cache
Content-Type: application/json; charset=utf-8
host: localhost:41557
accept: */*

Response DefaultHttpResponse(decodeResult: success, version: HTTP/1.1)
HTTP/1.1 200 OK
Content-Length: 88
Content-Type: application/json; charset=utf-8
cache-control: no-cache

18:21:44.101 [AsyncHttpClient-1-5] DEBUG org.asynchttpclient.netty.channel.ChannelManager - Adding key: http://localhost:41557 for channel [id: 0x606ef152, L:/127.0.0.1:54348 - R:localhost/127.0.0.1:41557]
18:21:44.104 [Forwarding findChildElement on session 7200920663eac18be101966e581c9db5 to remote] DEBUG org.asynchttpclient.netty.request.NettyRequestSender - Using pooled Channel '[id: 0x606ef152, L:/127.0.0.1:54348 - R:localhost/127.0.0.1:41557]' for 'POST' to 'http://localhost:41557/session/7200920663eac18be101966e581c9db5/element/13222746-8b7e-430a-8f74-18326c4c7de4/element'
18:21:44.104 [Forwarding findChildElement on session 7200920663eac18be101966e581c9db5 to remote] DEBUG org.asynchttpclient.netty.request.NettyRequestSender - Using open Channel [id: 0x606ef152, L:/127.0.0.1:54348 - R:localhost/127.0.0.1:41557] for POST '/session/7200920663eac18be101966e581c9db5/element/13222746-8b7e-430a-8f74-18326c4c7de4/element'
18:21:44.112 [AsyncHttpClient-1-1] DEBUG org.asynchttpclient.netty.channel.DefaultChannelPool - Entry count for : http://localhost:54349 : 1
18:21:44.112 [AsyncHttpClient-1-1] DEBUG org.asynchttpclient.netty.channel.DefaultChannelPool - Entry count for : http://localhost:47544 : 1
18:21:44.157 [AsyncHttpClient-1-5] DEBUG org.asynchttpclient.netty.handler.HttpHandler - 

Request DefaultHttpRequest(decodeResult: success, version: HTTP/1.1)
POST /session/7200920663eac18be101966e581c9db5/element/13222746-8b7e-430a-8f74-18326c4c7de4/element HTTP/1.1
User-Agent: selenium/4.5.3 (java mac)
Content-Length: 106
Content-Type: application/json; charset=utf-8
host: localhost:41557
accept: */*

Response DefaultHttpResponse(decodeResult: success, version: HTTP/1.1)
HTTP/1.1 200 OK
Content-Length: 88
Content-Type: application/json; charset=utf-8
cache-control: no-cache

18:21:44.157 [AsyncHttpClient-1-5] DEBUG org.asynchttpclient.netty.channel.ChannelManager - Adding key: http://localhost:41557 for channel [id: 0x606ef152, L:/127.0.0.1:54348 - R:localhost/127.0.0.1:41557]
18:21:44.159 [Forwarding getElementText on session 7200920663eac18be101966e581c9db5 to remote] DEBUG org.asynchttpclient.netty.request.NettyRequestSender - Using pooled Channel '[id: 0x606ef152, L:/127.0.0.1:54348 - R:localhost/127.0.0.1:41557]' for 'GET' to 'http://localhost:41557/session/7200920663eac18be101966e581c9db5/element/579aaece-40aa-4040-841b-ab51818a8623/text'
18:21:44.159 [Forwarding getElementText on session 7200920663eac18be101966e581c9db5 to remote] DEBUG org.asynchttpclient.netty.request.NettyRequestSender - Using open Channel [id: 0x606ef152, L:/127.0.0.1:54348 - R:localhost/127.0.0.1:41557] for GET '/session/7200920663eac18be101966e581c9db5/element/579aaece-40aa-4040-841b-ab51818a8623/text'
18:21:44.176 [AsyncHttpClient-1-5] DEBUG org.asynchttpclient.netty.handler.HttpHandler - 

Request DefaultFullHttpRequest(decodeResult: success, version: HTTP/1.1, content: EmptyByteBufBE)
GET /session/7200920663eac18be101966e581c9db5/element/579aaece-40aa-4040-841b-ab51818a8623/text HTTP/1.1
User-Agent: selenium/4.5.3 (java mac)
Cache-Control: no-cache
Content-Type: application/json; charset=utf-8
host: localhost:41557
accept: */*

Response DefaultHttpResponse(decodeResult: success, version: HTTP/1.1)
HTTP/1.1 200 OK
Content-Length: 30
Content-Type: application/json; charset=utf-8
cache-control: no-cache

18:21:44.176 [AsyncHttpClient-1-5] DEBUG org.asynchttpclient.netty.channel.ChannelManager - Adding key: http://localhost:41557 for channel [id: 0x606ef152, L:/127.0.0.1:54348 - R:localhost/127.0.0.1:41557]
18:21:44.178 [Forwarding findChildElement on session 7200920663eac18be101966e581c9db5 to remote] DEBUG org.asynchttpclient.netty.request.NettyRequestSender - Using pooled Channel '[id: 0x606ef152, L:/127.0.0.1:54348 - R:localhost/127.0.0.1:41557]' for 'POST' to 'http://localhost:41557/session/7200920663eac18be101966e581c9db5/element/904ac23f-b66d-4c55-9ad9-c906e8d41970/element'
18:21:44.178 [Forwarding findChildElement on session 7200920663eac18be101966e581c9db5 to remote] DEBUG org.asynchttpclient.netty.request.NettyRequestSender - Using open Channel [id: 0x606ef152, L:/127.0.0.1:54348 - R:localhost/127.0.0.1:41557] for POST '/session/7200920663eac18be101966e581c9db5/element/904ac23f-b66d-4c55-9ad9-c906e8d41970/element'
18:21:44.355 [AsyncHttpClient-1-5] DEBUG org.asynchttpclient.netty.handler.HttpHandler - 

Request DefaultHttpRequest(decodeResult: success, version: HTTP/1.1)
POST /session/7200920663eac18be101966e581c9db5/element/904ac23f-b66d-4c55-9ad9-c906e8d41970/element HTTP/1.1
User-Agent: selenium/4.5.3 (java mac)
Content-Length: 106
Content-Type: application/json; charset=utf-8
host: localhost:41557
accept: */*

Response DefaultHttpResponse(decodeResult: success, version: HTTP/1.1)
HTTP/1.1 200 OK
Content-Length: 88
Content-Type: application/json; charset=utf-8
cache-control: no-cache

18:21:44.355 [AsyncHttpClient-1-5] DEBUG org.asynchttpclient.netty.channel.ChannelManager - Adding key: http://localhost:41557 for channel [id: 0x606ef152, L:/127.0.0.1:54348 - R:localhost/127.0.0.1:41557]
18:21:44.357 [Forwarding getElementText on session 7200920663eac18be101966e581c9db5 to remote] DEBUG org.asynchttpclient.netty.request.NettyRequestSender - Using pooled Channel '[id: 0x606ef152, L:/127.0.0.1:54348 - R:localhost/127.0.0.1:41557]' for 'GET' to 'http://localhost:41557/session/7200920663eac18be101966e581c9db5/element/12c17a0d-1973-4139-b090-849f72667766/text'
18:21:44.357 [Forwarding getElementText on session 7200920663eac18be101966e581c9db5 to remote] DEBUG org.asynchttpclient.netty.request.NettyRequestSender - Using open Channel [id: 0x606ef152, L:/127.0.0.1:54348 - R:localhost/127.0.0.1:41557] for GET '/session/7200920663eac18be101966e581c9db5/element/12c17a0d-1973-4139-b090-849f72667766/text'
18:21:44.375 [AsyncHttpClient-1-5] DEBUG org.asynchttpclient.netty.handler.HttpHandler - 

Request DefaultFullHttpRequest(decodeResult: success, version: HTTP/1.1, content: EmptyByteBufBE)
GET /session/7200920663eac18be101966e581c9db5/element/12c17a0d-1973-4139-b090-849f72667766/text HTTP/1.1
User-Agent: selenium/4.5.3 (java mac)
Cache-Control: no-cache
Content-Type: application/json; charset=utf-8
host: localhost:41557
accept: */*

Response DefaultHttpResponse(decodeResult: success, version: HTTP/1.1)
HTTP/1.1 200 OK
Content-Length: 87
Content-Type: application/json; charset=utf-8
cache-control: no-cache

18:21:44.376 [AsyncHttpClient-1-5] DEBUG org.asynchttpclient.netty.channel.ChannelManager - Adding key: http://localhost:41557 for channel [id: 0x606ef152, L:/127.0.0.1:54348 - R:localhost/127.0.0.1:41557]
18:21:44.378 [Forwarding findChildElement on session 7200920663eac18be101966e581c9db5 to remote] DEBUG org.asynchttpclient.netty.request.NettyRequestSender - Using pooled Channel '[id: 0x606ef152, L:/127.0.0.1:54348 - R:localhost/127.0.0.1:41557]' for 'POST' to 'http://localhost:41557/session/7200920663eac18be101966e581c9db5/element/904ac23f-b66d-4c55-9ad9-c906e8d41970/element'
18:21:44.378 [Forwarding findChildElement on session 7200920663eac18be101966e581c9db5 to remote] DEBUG org.asynchttpclient.netty.request.NettyRequestSender - Using open Channel [id: 0x606ef152, L:/127.0.0.1:54348 - R:localhost/127.0.0.1:41557] for POST '/session/7200920663eac18be101966e581c9db5/element/904ac23f-b66d-4c55-9ad9-c906e8d41970/element'
18:21:44.400 [AsyncHttpClient-1-5] DEBUG org.asynchttpclient.netty.handler.HttpHandler - 

Request DefaultHttpRequest(decodeResult: success, version: HTTP/1.1)
POST /session/7200920663eac18be101966e581c9db5/element/904ac23f-b66d-4c55-9ad9-c906e8d41970/element HTTP/1.1
User-Agent: selenium/4.5.3 (java mac)
Content-Length: 106
Content-Type: application/json; charset=utf-8
host: localhost:41557
accept: */*

Response DefaultHttpResponse(decodeResult: success, version: HTTP/1.1)
HTTP/1.1 200 OK
Content-Length: 88
Content-Type: application/json; charset=utf-8
cache-control: no-cache

18:21:44.400 [AsyncHttpClient-1-5] DEBUG org.asynchttpclient.netty.channel.ChannelManager - Adding key: http://localhost:41557 for channel [id: 0x606ef152, L:/127.0.0.1:54348 - R:localhost/127.0.0.1:41557]
18:21:44.401 [Forwarding getElementText on session 7200920663eac18be101966e581c9db5 to remote] DEBUG org.asynchttpclient.netty.request.NettyRequestSender - Using pooled Channel '[id: 0x606ef152, L:/127.0.0.1:54348 - R:localhost/127.0.0.1:41557]' for 'GET' to 'http://localhost:41557/session/7200920663eac18be101966e581c9db5/element/056fcbe5-e3c0-4a9e-b1ae-e4fca29e69de/text'
18:21:44.401 [Forwarding getElementText on session 7200920663eac18be101966e581c9db5 to remote] DEBUG org.asynchttpclient.netty.request.NettyRequestSender - Using open Channel [id: 0x606ef152, L:/127.0.0.1:54348 - R:localhost/127.0.0.1:41557] for GET '/session/7200920663eac18be101966e581c9db5/element/056fcbe5-e3c0-4a9e-b1ae-e4fca29e69de/text'
18:21:44.584 [AsyncHttpClient-1-5] DEBUG org.asynchttpclient.netty.handler.HttpHandler - 

Request DefaultFullHttpRequest(decodeResult: success, version: HTTP/1.1, content: EmptyByteBufBE)
GET /session/7200920663eac18be101966e581c9db5/element/056fcbe5-e3c0-4a9e-b1ae-e4fca29e69de/text HTTP/1.1
User-Agent: selenium/4.5.3 (java mac)
Cache-Control: no-cache
Content-Type: application/json; charset=utf-8
host: localhost:41557
accept: */*

Response DefaultHttpResponse(decodeResult: success, version: HTTP/1.1)
HTTP/1.1 200 OK
Content-Length: 30
Content-Type: application/json; charset=utf-8
cache-control: no-cache

18:21:44.585 [AsyncHttpClient-1-5] DEBUG org.asynchttpclient.netty.channel.ChannelManager - Adding key: http://localhost:41557 for channel [id: 0x606ef152, L:/127.0.0.1:54348 - R:localhost/127.0.0.1:41557]
18:21:44.587 [Forwarding findChildElement on session 7200920663eac18be101966e581c9db5 to remote] DEBUG org.asynchttpclient.netty.request.NettyRequestSender - Using pooled Channel '[id: 0x606ef152, L:/127.0.0.1:54348 - R:localhost/127.0.0.1:41557]' for 'POST' to 'http://localhost:41557/session/7200920663eac18be101966e581c9db5/element/6ac26fcd-80c1-4896-a6db-cd60592b61fa/element'
18:21:44.587 [Forwarding findChildElement on session 7200920663eac18be101966e581c9db5 to remote] DEBUG org.asynchttpclient.netty.request.NettyRequestSender - Using open Channel [id: 0x606ef152, L:/127.0.0.1:54348 - R:localhost/127.0.0.1:41557] for POST '/session/7200920663eac18be101966e581c9db5/element/6ac26fcd-80c1-4896-a6db-cd60592b61fa/element'
18:21:44.677 [AsyncHttpClient-1-5] DEBUG org.asynchttpclient.netty.handler.HttpHandler - 

Request DefaultHttpRequest(decodeResult: success, version: HTTP/1.1)
POST /session/7200920663eac18be101966e581c9db5/element/6ac26fcd-80c1-4896-a6db-cd60592b61fa/element HTTP/1.1
User-Agent: selenium/4.5.3 (java mac)
Content-Length: 106
Content-Type: application/json; charset=utf-8
host: localhost:41557
accept: */*

Response DefaultHttpResponse(decodeResult: success, version: HTTP/1.1)
HTTP/1.1 200 OK
Content-Length: 88
Content-Type: application/json; charset=utf-8
cache-control: no-cache

18:21:44.677 [AsyncHttpClient-1-5] DEBUG org.asynchttpclient.netty.channel.ChannelManager - Adding key: http://localhost:41557 for channel [id: 0x606ef152, L:/127.0.0.1:54348 - R:localhost/127.0.0.1:41557]
18:21:44.678 [Forwarding getElementText on session 7200920663eac18be101966e581c9db5 to remote] DEBUG org.asynchttpclient.netty.request.NettyRequestSender - Using pooled Channel '[id: 0x606ef152, L:/127.0.0.1:54348 - R:localhost/127.0.0.1:41557]' for 'GET' to 'http://localhost:41557/session/7200920663eac18be101966e581c9db5/element/fc6a941a-c261-4197-ac49-574768190ec8/text'
18:21:44.678 [Forwarding getElementText on session 7200920663eac18be101966e581c9db5 to remote] DEBUG org.asynchttpclient.netty.request.NettyRequestSender - Using open Channel [id: 0x606ef152, L:/127.0.0.1:54348 - R:localhost/127.0.0.1:41557] for GET '/session/7200920663eac18be101966e581c9db5/element/fc6a941a-c261-4197-ac49-574768190ec8/text'
18:21:44.720 [AsyncHttpClient-1-5] DEBUG org.asynchttpclient.netty.handler.HttpHandler - 

Request DefaultFullHttpRequest(decodeResult: success, version: HTTP/1.1, content: EmptyByteBufBE)
GET /session/7200920663eac18be101966e581c9db5/element/fc6a941a-c261-4197-ac49-574768190ec8/text HTTP/1.1
User-Agent: selenium/4.5.3 (java mac)
Cache-Control: no-cache
Content-Type: application/json; charset=utf-8
host: localhost:41557
accept: */*

Response DefaultHttpResponse(decodeResult: success, version: HTTP/1.1)
HTTP/1.1 200 OK
Content-Length: 91
Content-Type: application/json; charset=utf-8
cache-control: no-cache

18:21:44.720 [AsyncHttpClient-1-5] DEBUG org.asynchttpclient.netty.channel.ChannelManager - Adding key: http://localhost:41557 for channel [id: 0x606ef152, L:/127.0.0.1:54348 - R:localhost/127.0.0.1:41557]
18:21:44.722 [Forwarding findChildElement on session 7200920663eac18be101966e581c9db5 to remote] DEBUG org.asynchttpclient.netty.request.NettyRequestSender - Using pooled Channel '[id: 0x606ef152, L:/127.0.0.1:54348 - R:localhost/127.0.0.1:41557]' for 'POST' to 'http://localhost:41557/session/7200920663eac18be101966e581c9db5/element/6ac26fcd-80c1-4896-a6db-cd60592b61fa/element'
18:21:44.722 [Forwarding findChildElement on session 7200920663eac18be101966e581c9db5 to remote] DEBUG org.asynchttpclient.netty.request.NettyRequestSender - Using open Channel [id: 0x606ef152, L:/127.0.0.1:54348 - R:localhost/127.0.0.1:41557] for POST '/session/7200920663eac18be101966e581c9db5/element/6ac26fcd-80c1-4896-a6db-cd60592b61fa/element'
18:21:44.744 [AsyncHttpClient-1-5] DEBUG org.asynchttpclient.netty.handler.HttpHandler - 

Request DefaultHttpRequest(decodeResult: success, version: HTTP/1.1)
POST /session/7200920663eac18be101966e581c9db5/element/6ac26fcd-80c1-4896-a6db-cd60592b61fa/element HTTP/1.1
User-Agent: selenium/4.5.3 (java mac)
Content-Length: 106
Content-Type: application/json; charset=utf-8
host: localhost:41557
accept: */*

Response DefaultHttpResponse(decodeResult: success, version: HTTP/1.1)
HTTP/1.1 200 OK
Content-Length: 88
Content-Type: application/json; charset=utf-8
cache-control: no-cache

18:21:44.744 [AsyncHttpClient-1-5] DEBUG org.asynchttpclient.netty.channel.ChannelManager - Adding key: http://localhost:41557 for channel [id: 0x606ef152, L:/127.0.0.1:54348 - R:localhost/127.0.0.1:41557]
18:21:44.746 [Forwarding getElementText on session 7200920663eac18be101966e581c9db5 to remote] DEBUG org.asynchttpclient.netty.request.NettyRequestSender - Using pooled Channel '[id: 0x606ef152, L:/127.0.0.1:54348 - R:localhost/127.0.0.1:41557]' for 'GET' to 'http://localhost:41557/session/7200920663eac18be101966e581c9db5/element/33c7197d-fb15-4c94-a56d-84b5e95a6125/text'
18:21:44.746 [Forwarding getElementText on session 7200920663eac18be101966e581c9db5 to remote] DEBUG org.asynchttpclient.netty.request.NettyRequestSender - Using open Channel [id: 0x606ef152, L:/127.0.0.1:54348 - R:localhost/127.0.0.1:41557] for GET '/session/7200920663eac18be101966e581c9db5/element/33c7197d-fb15-4c94-a56d-84b5e95a6125/text'
18:21:44.791 [AsyncHttpClient-1-5] DEBUG org.asynchttpclient.netty.handler.HttpHandler - 

Request DefaultFullHttpRequest(decodeResult: success, version: HTTP/1.1, content: EmptyByteBufBE)
GET /session/7200920663eac18be101966e581c9db5/element/33c7197d-fb15-4c94-a56d-84b5e95a6125/text HTTP/1.1
User-Agent: selenium/4.5.3 (java mac)
Cache-Control: no-cache
Content-Type: application/json; charset=utf-8
host: localhost:41557
accept: */*

Response DefaultHttpResponse(decodeResult: success, version: HTTP/1.1)
HTTP/1.1 200 OK
Content-Length: 19
Content-Type: application/json; charset=utf-8
cache-control: no-cache

18:21:44.791 [AsyncHttpClient-1-5] DEBUG org.asynchttpclient.netty.channel.ChannelManager - Adding key: http://localhost:41557 for channel [id: 0x606ef152, L:/127.0.0.1:54348 - R:localhost/127.0.0.1:41557]
18:21:44.793 [Forwarding findChildElement on session 7200920663eac18be101966e581c9db5 to remote] DEBUG org.asynchttpclient.netty.request.NettyRequestSender - Using pooled Channel '[id: 0x606ef152, L:/127.0.0.1:54348 - R:localhost/127.0.0.1:41557]' for 'POST' to 'http://localhost:41557/session/7200920663eac18be101966e581c9db5/element/590482a2-e514-409c-bc63-f45a2c7a50d5/element'
18:21:44.793 [Forwarding findChildElement on session 7200920663eac18be101966e581c9db5 to remote] DEBUG org.asynchttpclient.netty.request.NettyRequestSender - Using open Channel [id: 0x606ef152, L:/127.0.0.1:54348 - R:localhost/127.0.0.1:41557] for POST '/session/7200920663eac18be101966e581c9db5/element/590482a2-e514-409c-bc63-f45a2c7a50d5/element'
18:21:44.808 [AsyncHttpClient-1-5] DEBUG org.asynchttpclient.netty.handler.HttpHandler - 

Request DefaultHttpRequest(decodeResult: success, version: HTTP/1.1)
POST /session/7200920663eac18be101966e581c9db5/element/590482a2-e514-409c-bc63-f45a2c7a50d5/element HTTP/1.1
User-Agent: selenium/4.5.3 (java mac)
Content-Length: 106
Content-Type: application/json; charset=utf-8
host: localhost:41557
accept: */*

Response DefaultHttpResponse(decodeResult: success, version: HTTP/1.1)
HTTP/1.1 200 OK
Content-Length: 88
Content-Type: application/json; charset=utf-8
cache-control: no-cache

18:21:44.809 [AsyncHttpClient-1-5] DEBUG org.asynchttpclient.netty.channel.ChannelManager - Adding key: http://localhost:41557 for channel [id: 0x606ef152, L:/127.0.0.1:54348 - R:localhost/127.0.0.1:41557]
18:21:44.810 [Forwarding getElementText on session 7200920663eac18be101966e581c9db5 to remote] DEBUG org.asynchttpclient.netty.request.NettyRequestSender - Using pooled Channel '[id: 0x606ef152, L:/127.0.0.1:54348 - R:localhost/127.0.0.1:41557]' for 'GET' to 'http://localhost:41557/session/7200920663eac18be101966e581c9db5/element/03b2f126-44cb-47b4-b06f-3b9273eba8f6/text'
18:21:44.810 [Forwarding getElementText on session 7200920663eac18be101966e581c9db5 to remote] DEBUG org.asynchttpclient.netty.request.NettyRequestSender - Using open Channel [id: 0x606ef152, L:/127.0.0.1:54348 - R:localhost/127.0.0.1:41557] for GET '/session/7200920663eac18be101966e581c9db5/element/03b2f126-44cb-47b4-b06f-3b9273eba8f6/text'
18:21:45.129 [AsyncHttpClient-1-5] DEBUG org.asynchttpclient.netty.handler.HttpHandler - 

Request DefaultFullHttpRequest(decodeResult: success, version: HTTP/1.1, content: EmptyByteBufBE)
GET /session/7200920663eac18be101966e581c9db5/element/03b2f126-44cb-47b4-b06f-3b9273eba8f6/text HTTP/1.1
User-Agent: selenium/4.5.3 (java mac)
Cache-Control: no-cache
Content-Type: application/json; charset=utf-8
host: localhost:41557
accept: */*

Response DefaultHttpResponse(decodeResult: success, version: HTTP/1.1)
HTTP/1.1 200 OK
Content-Length: 68
Content-Type: application/json; charset=utf-8
cache-control: no-cache

18:21:45.130 [AsyncHttpClient-1-5] DEBUG org.asynchttpclient.netty.channel.ChannelManager - Adding key: http://localhost:41557 for channel [id: 0x606ef152, L:/127.0.0.1:54348 - R:localhost/127.0.0.1:41557]
18:21:45.133 [Forwarding findChildElement on session 7200920663eac18be101966e581c9db5 to remote] DEBUG org.asynchttpclient.netty.request.NettyRequestSender - Using pooled Channel '[id: 0x606ef152, L:/127.0.0.1:54348 - R:localhost/127.0.0.1:41557]' for 'POST' to 'http://localhost:41557/session/7200920663eac18be101966e581c9db5/element/590482a2-e514-409c-bc63-f45a2c7a50d5/element'
18:21:45.133 [Forwarding findChildElement on session 7200920663eac18be101966e581c9db5 to remote] DEBUG org.asynchttpclient.netty.request.NettyRequestSender - Using open Channel [id: 0x606ef152, L:/127.0.0.1:54348 - R:localhost/127.0.0.1:41557] for POST '/session/7200920663eac18be101966e581c9db5/element/590482a2-e514-409c-bc63-f45a2c7a50d5/element'
18:21:45.148 [AsyncHttpClient-1-5] DEBUG org.asynchttpclient.netty.handler.HttpHandler - 

Request DefaultHttpRequest(decodeResult: success, version: HTTP/1.1)
POST /session/7200920663eac18be101966e581c9db5/element/590482a2-e514-409c-bc63-f45a2c7a50d5/element HTTP/1.1
User-Agent: selenium/4.5.3 (java mac)
Content-Length: 106
Content-Type: application/json; charset=utf-8
host: localhost:41557
accept: */*

Response DefaultHttpResponse(decodeResult: success, version: HTTP/1.1)
HTTP/1.1 200 OK
Content-Length: 88
Content-Type: application/json; charset=utf-8
cache-control: no-cache

18:21:45.149 [AsyncHttpClient-1-5] DEBUG org.asynchttpclient.netty.channel.ChannelManager - Adding key: http://localhost:41557 for channel [id: 0x606ef152, L:/127.0.0.1:54348 - R:localhost/127.0.0.1:41557]
18:21:45.150 [Forwarding getElementText on session 7200920663eac18be101966e581c9db5 to remote] DEBUG org.asynchttpclient.netty.request.NettyRequestSender - Using pooled Channel '[id: 0x606ef152, L:/127.0.0.1:54348 - R:localhost/127.0.0.1:41557]' for 'GET' to 'http://localhost:41557/session/7200920663eac18be101966e581c9db5/element/3684a19d-2840-4977-a3c7-7c4c6b058e22/text'
18:21:45.150 [Forwarding getElementText on session 7200920663eac18be101966e581c9db5 to remote] DEBUG org.asynchttpclient.netty.request.NettyRequestSender - Using open Channel [id: 0x606ef152, L:/127.0.0.1:54348 - R:localhost/127.0.0.1:41557] for GET '/session/7200920663eac18be101966e581c9db5/element/3684a19d-2840-4977-a3c7-7c4c6b058e22/text'
18:21:45.185 [AsyncHttpClient-1-5] DEBUG org.asynchttpclient.netty.handler.HttpHandler - 

Request DefaultFullHttpRequest(decodeResult: success, version: HTTP/1.1, content: EmptyByteBufBE)
GET /session/7200920663eac18be101966e581c9db5/element/3684a19d-2840-4977-a3c7-7c4c6b058e22/text HTTP/1.1
User-Agent: selenium/4.5.3 (java mac)
Cache-Control: no-cache
Content-Type: application/json; charset=utf-8
host: localhost:41557
accept: */*

Response DefaultHttpResponse(decodeResult: success, version: HTTP/1.1)
HTTP/1.1 200 OK
Content-Length: 19
Content-Type: application/json; charset=utf-8
cache-control: no-cache

18:21:45.185 [AsyncHttpClient-1-5] DEBUG org.asynchttpclient.netty.channel.ChannelManager - Adding key: http://localhost:41557 for channel [id: 0x606ef152, L:/127.0.0.1:54348 - R:localhost/127.0.0.1:41557]
18:21:45.187 [Forwarding findChildElement on session 7200920663eac18be101966e581c9db5 to remote] DEBUG org.asynchttpclient.netty.request.NettyRequestSender - Using pooled Channel '[id: 0x606ef152, L:/127.0.0.1:54348 - R:localhost/127.0.0.1:41557]' for 'POST' to 'http://localhost:41557/session/7200920663eac18be101966e581c9db5/element/d1bb30dd-9e63-49ea-be0a-97cc2b429d92/element'
18:21:45.187 [Forwarding findChildElement on session 7200920663eac18be101966e581c9db5 to remote] DEBUG org.asynchttpclient.netty.request.NettyRequestSender - Using open Channel [id: 0x606ef152, L:/127.0.0.1:54348 - R:localhost/127.0.0.1:41557] for POST '/session/7200920663eac18be101966e581c9db5/element/d1bb30dd-9e63-49ea-be0a-97cc2b429d92/element'
18:21:45.210 [AsyncHttpClient-1-1] DEBUG org.asynchttpclient.netty.channel.DefaultChannelPool - Entry count for : http://localhost:54349 : 1
18:21:45.210 [AsyncHttpClient-1-1] DEBUG org.asynchttpclient.netty.channel.DefaultChannelPool - Entry count for : http://localhost:47544 : 1
18:21:45.389 [AsyncHttpClient-1-5] DEBUG org.asynchttpclient.netty.handler.HttpHandler - 

Request DefaultHttpRequest(decodeResult: success, version: HTTP/1.1)
POST /session/7200920663eac18be101966e581c9db5/element/d1bb30dd-9e63-49ea-be0a-97cc2b429d92/element HTTP/1.1
User-Agent: selenium/4.5.3 (java mac)
Content-Length: 106
Content-Type: application/json; charset=utf-8
host: localhost:41557
accept: */*

Response DefaultHttpResponse(decodeResult: success, version: HTTP/1.1)
HTTP/1.1 200 OK
Content-Length: 88
Content-Type: application/json; charset=utf-8
cache-control: no-cache

18:21:45.389 [AsyncHttpClient-1-5] DEBUG org.asynchttpclient.netty.channel.ChannelManager - Adding key: http://localhost:41557 for channel [id: 0x606ef152, L:/127.0.0.1:54348 - R:localhost/127.0.0.1:41557]
18:21:45.395 [Forwarding getElementText on session 7200920663eac18be101966e581c9db5 to remote] DEBUG org.asynchttpclient.netty.request.NettyRequestSender - Using pooled Channel '[id: 0x606ef152, L:/127.0.0.1:54348 - R:localhost/127.0.0.1:41557]' for 'GET' to 'http://localhost:41557/session/7200920663eac18be101966e581c9db5/element/a3b2958b-80d6-4ce0-bf09-71dea3ce40f1/text'
18:21:45.395 [Forwarding getElementText on session 7200920663eac18be101966e581c9db5 to remote] DEBUG org.asynchttpclient.netty.request.NettyRequestSender - Using open Channel [id: 0x606ef152, L:/127.0.0.1:54348 - R:localhost/127.0.0.1:41557] for GET '/session/7200920663eac18be101966e581c9db5/element/a3b2958b-80d6-4ce0-bf09-71dea3ce40f1/text'
18:21:45.437 [AsyncHttpClient-1-5] DEBUG org.asynchttpclient.netty.handler.HttpHandler - 

Request DefaultFullHttpRequest(decodeResult: success, version: HTTP/1.1, content: EmptyByteBufBE)
GET /session/7200920663eac18be101966e581c9db5/element/a3b2958b-80d6-4ce0-bf09-71dea3ce40f1/text HTTP/1.1
User-Agent: selenium/4.5.3 (java mac)
Cache-Control: no-cache
Content-Type: application/json; charset=utf-8
host: localhost:41557
accept: */*

Response DefaultHttpResponse(decodeResult: success, version: HTTP/1.1)
HTTP/1.1 200 OK
Content-Length: 66
Content-Type: application/json; charset=utf-8
cache-control: no-cache

18:21:45.438 [AsyncHttpClient-1-5] DEBUG org.asynchttpclient.netty.channel.ChannelManager - Adding key: http://localhost:41557 for channel [id: 0x606ef152, L:/127.0.0.1:54348 - R:localhost/127.0.0.1:41557]
18:21:45.439 [Forwarding findChildElement on session 7200920663eac18be101966e581c9db5 to remote] DEBUG org.asynchttpclient.netty.request.NettyRequestSender - Using pooled Channel '[id: 0x606ef152, L:/127.0.0.1:54348 - R:localhost/127.0.0.1:41557]' for 'POST' to 'http://localhost:41557/session/7200920663eac18be101966e581c9db5/element/d1bb30dd-9e63-49ea-be0a-97cc2b429d92/element'
18:21:45.439 [Forwarding findChildElement on session 7200920663eac18be101966e581c9db5 to remote] DEBUG org.asynchttpclient.netty.request.NettyRequestSender - Using open Channel [id: 0x606ef152, L:/127.0.0.1:54348 - R:localhost/127.0.0.1:41557] for POST '/session/7200920663eac18be101966e581c9db5/element/d1bb30dd-9e63-49ea-be0a-97cc2b429d92/element'
18:21:45.471 [AsyncHttpClient-1-5] DEBUG org.asynchttpclient.netty.handler.HttpHandler - 

Request DefaultHttpRequest(decodeResult: success, version: HTTP/1.1)
POST /session/7200920663eac18be101966e581c9db5/element/d1bb30dd-9e63-49ea-be0a-97cc2b429d92/element HTTP/1.1
User-Agent: selenium/4.5.3 (java mac)
Content-Length: 106
Content-Type: application/json; charset=utf-8
host: localhost:41557
accept: */*

Response DefaultHttpResponse(decodeResult: success, version: HTTP/1.1)
HTTP/1.1 200 OK
Content-Length: 88
Content-Type: application/json; charset=utf-8
cache-control: no-cache

18:21:45.472 [AsyncHttpClient-1-5] DEBUG org.asynchttpclient.netty.channel.ChannelManager - Adding key: http://localhost:41557 for channel [id: 0x606ef152, L:/127.0.0.1:54348 - R:localhost/127.0.0.1:41557]
18:21:45.473 [Forwarding getElementText on session 7200920663eac18be101966e581c9db5 to remote] DEBUG org.asynchttpclient.netty.request.NettyRequestSender - Using pooled Channel '[id: 0x606ef152, L:/127.0.0.1:54348 - R:localhost/127.0.0.1:41557]' for 'GET' to 'http://localhost:41557/session/7200920663eac18be101966e581c9db5/element/ccb9f8bc-fbd5-4303-830b-bbb1b2067e9f/text'
18:21:45.474 [Forwarding getElementText on session 7200920663eac18be101966e581c9db5 to remote] DEBUG org.asynchttpclient.netty.request.NettyRequestSender - Using open Channel [id: 0x606ef152, L:/127.0.0.1:54348 - R:localhost/127.0.0.1:41557] for GET '/session/7200920663eac18be101966e581c9db5/element/ccb9f8bc-fbd5-4303-830b-bbb1b2067e9f/text'
18:21:45.967 [AsyncHttpClient-1-5] DEBUG org.asynchttpclient.netty.handler.HttpHandler - 

Request DefaultFullHttpRequest(decodeResult: success, version: HTTP/1.1, content: EmptyByteBufBE)
GET /session/7200920663eac18be101966e581c9db5/element/ccb9f8bc-fbd5-4303-830b-bbb1b2067e9f/text HTTP/1.1
User-Agent: selenium/4.5.3 (java mac)
Cache-Control: no-cache
Content-Type: application/json; charset=utf-8
host: localhost:41557
accept: */*

Response DefaultHttpResponse(decodeResult: success, version: HTTP/1.1)
HTTP/1.1 200 OK
Content-Length: 19
Content-Type: application/json; charset=utf-8
cache-control: no-cache

18:21:45.967 [AsyncHttpClient-1-5] DEBUG org.asynchttpclient.netty.channel.ChannelManager - Adding key: http://localhost:41557 for channel [id: 0x606ef152, L:/127.0.0.1:54348 - R:localhost/127.0.0.1:41557]
18:21:45.970 [Forwarding findChildElement on session 7200920663eac18be101966e581c9db5 to remote] DEBUG org.asynchttpclient.netty.request.NettyRequestSender - Using pooled Channel '[id: 0x606ef152, L:/127.0.0.1:54348 - R:localhost/127.0.0.1:41557]' for 'POST' to 'http://localhost:41557/session/7200920663eac18be101966e581c9db5/element/fc6234d5-2de0-4826-bb94-368168e55a08/element'
18:21:45.970 [Forwarding findChildElement on session 7200920663eac18be101966e581c9db5 to remote] DEBUG org.asynchttpclient.netty.request.NettyRequestSender - Using open Channel [id: 0x606ef152, L:/127.0.0.1:54348 - R:localhost/127.0.0.1:41557] for POST '/session/7200920663eac18be101966e581c9db5/element/fc6234d5-2de0-4826-bb94-368168e55a08/element'
18:21:45.993 [AsyncHttpClient-1-5] DEBUG org.asynchttpclient.netty.handler.HttpHandler - 

Request DefaultHttpRequest(decodeResult: success, version: HTTP/1.1)
POST /session/7200920663eac18be101966e581c9db5/element/fc6234d5-2de0-4826-bb94-368168e55a08/element HTTP/1.1
User-Agent: selenium/4.5.3 (java mac)
Content-Length: 106
Content-Type: application/json; charset=utf-8
host: localhost:41557
accept: */*

Response DefaultHttpResponse(decodeResult: success, version: HTTP/1.1)
HTTP/1.1 200 OK
Content-Length: 88
Content-Type: application/json; charset=utf-8
cache-control: no-cache

18:21:45.993 [AsyncHttpClient-1-5] DEBUG org.asynchttpclient.netty.channel.ChannelManager - Adding key: http://localhost:41557 for channel [id: 0x606ef152, L:/127.0.0.1:54348 - R:localhost/127.0.0.1:41557]
18:21:45.994 [Forwarding getElementText on session 7200920663eac18be101966e581c9db5 to remote] DEBUG org.asynchttpclient.netty.request.NettyRequestSender - Using pooled Channel '[id: 0x606ef152, L:/127.0.0.1:54348 - R:localhost/127.0.0.1:41557]' for 'GET' to 'http://localhost:41557/session/7200920663eac18be101966e581c9db5/element/dd3197c5-a504-4cf6-8a04-11832b0a5b88/text'
18:21:45.994 [Forwarding getElementText on session 7200920663eac18be101966e581c9db5 to remote] DEBUG org.asynchttpclient.netty.request.NettyRequestSender - Using open Channel [id: 0x606ef152, L:/127.0.0.1:54348 - R:localhost/127.0.0.1:41557] for GET '/session/7200920663eac18be101966e581c9db5/element/dd3197c5-a504-4cf6-8a04-11832b0a5b88/text'
18:21:46.311 [AsyncHttpClient-1-1] DEBUG org.asynchttpclient.netty.channel.DefaultChannelPool - Entry count for : http://localhost:54349 : 1
18:21:46.311 [AsyncHttpClient-1-1] DEBUG org.asynchttpclient.netty.channel.DefaultChannelPool - Entry count for : http://localhost:47544 : 1
18:21:46.362 [AsyncHttpClient-1-5] DEBUG org.asynchttpclient.netty.handler.HttpHandler - 

Request DefaultFullHttpRequest(decodeResult: success, version: HTTP/1.1, content: EmptyByteBufBE)
GET /session/7200920663eac18be101966e581c9db5/element/dd3197c5-a504-4cf6-8a04-11832b0a5b88/text HTTP/1.1
User-Agent: selenium/4.5.3 (java mac)
Cache-Control: no-cache
Content-Type: application/json; charset=utf-8
host: localhost:41557
accept: */*

Response DefaultHttpResponse(decodeResult: success, version: HTTP/1.1)
HTTP/1.1 200 OK
Content-Length: 71
Content-Type: application/json; charset=utf-8
cache-control: no-cache

18:21:46.363 [AsyncHttpClient-1-5] DEBUG org.asynchttpclient.netty.channel.ChannelManager - Adding key: http://localhost:41557 for channel [id: 0x606ef152, L:/127.0.0.1:54348 - R:localhost/127.0.0.1:41557]
18:21:46.365 [Forwarding findChildElement on session 7200920663eac18be101966e581c9db5 to remote] DEBUG org.asynchttpclient.netty.request.NettyRequestSender - Using pooled Channel '[id: 0x606ef152, L:/127.0.0.1:54348 - R:localhost/127.0.0.1:41557]' for 'POST' to 'http://localhost:41557/session/7200920663eac18be101966e581c9db5/element/fc6234d5-2de0-4826-bb94-368168e55a08/element'
18:21:46.365 [Forwarding findChildElement on session 7200920663eac18be101966e581c9db5 to remote] DEBUG org.asynchttpclient.netty.request.NettyRequestSender - Using open Channel [id: 0x606ef152, L:/127.0.0.1:54348 - R:localhost/127.0.0.1:41557] for POST '/session/7200920663eac18be101966e581c9db5/element/fc6234d5-2de0-4826-bb94-368168e55a08/element'
18:21:46.416 [AsyncHttpClient-1-5] DEBUG org.asynchttpclient.netty.handler.HttpHandler - 

Request DefaultHttpRequest(decodeResult: success, version: HTTP/1.1)
POST /session/7200920663eac18be101966e581c9db5/element/fc6234d5-2de0-4826-bb94-368168e55a08/element HTTP/1.1
User-Agent: selenium/4.5.3 (java mac)
Content-Length: 106
Content-Type: application/json; charset=utf-8
host: localhost:41557
accept: */*

Response DefaultHttpResponse(decodeResult: success, version: HTTP/1.1)
HTTP/1.1 200 OK
Content-Length: 88
Content-Type: application/json; charset=utf-8
cache-control: no-cache

18:21:46.416 [AsyncHttpClient-1-5] DEBUG org.asynchttpclient.netty.channel.ChannelManager - Adding key: http://localhost:41557 for channel [id: 0x606ef152, L:/127.0.0.1:54348 - R:localhost/127.0.0.1:41557]
18:21:46.418 [Forwarding getElementText on session 7200920663eac18be101966e581c9db5 to remote] DEBUG org.asynchttpclient.netty.request.NettyRequestSender - Using pooled Channel '[id: 0x606ef152, L:/127.0.0.1:54348 - R:localhost/127.0.0.1:41557]' for 'GET' to 'http://localhost:41557/session/7200920663eac18be101966e581c9db5/element/ec7b8a8f-b7f2-44d5-b93d-63c064c7eaa2/text'
18:21:46.418 [Forwarding getElementText on session 7200920663eac18be101966e581c9db5 to remote] DEBUG org.asynchttpclient.netty.request.NettyRequestSender - Using open Channel [id: 0x606ef152, L:/127.0.0.1:54348 - R:localhost/127.0.0.1:41557] for GET '/session/7200920663eac18be101966e581c9db5/element/ec7b8a8f-b7f2-44d5-b93d-63c064c7eaa2/text'
18:21:46.569 [AsyncHttpClient-1-5] DEBUG org.asynchttpclient.netty.handler.HttpHandler - 

Request DefaultFullHttpRequest(decodeResult: success, version: HTTP/1.1, content: EmptyByteBufBE)
GET /session/7200920663eac18be101966e581c9db5/element/ec7b8a8f-b7f2-44d5-b93d-63c064c7eaa2/text HTTP/1.1
User-Agent: selenium/4.5.3 (java mac)
Cache-Control: no-cache
Content-Type: application/json; charset=utf-8
host: localhost:41557
accept: */*

Response DefaultHttpResponse(decodeResult: success, version: HTTP/1.1)
HTTP/1.1 200 OK
Content-Length: 19
Content-Type: application/json; charset=utf-8
cache-control: no-cache

18:21:46.570 [AsyncHttpClient-1-5] DEBUG org.asynchttpclient.netty.channel.ChannelManager - Adding key: http://localhost:41557 for channel [id: 0x606ef152, L:/127.0.0.1:54348 - R:localhost/127.0.0.1:41557]
18:21:46.572 [Forwarding findChildElement on session 7200920663eac18be101966e581c9db5 to remote] DEBUG org.asynchttpclient.netty.request.NettyRequestSender - Using pooled Channel '[id: 0x606ef152, L:/127.0.0.1:54348 - R:localhost/127.0.0.1:41557]' for 'POST' to 'http://localhost:41557/session/7200920663eac18be101966e581c9db5/element/cb6c05f2-aab5-45e5-823d-15c2b25d8a70/element'
18:21:46.572 [Forwarding findChildElement on session 7200920663eac18be101966e581c9db5 to remote] DEBUG org.asynchttpclient.netty.request.NettyRequestSender - Using open Channel [id: 0x606ef152, L:/127.0.0.1:54348 - R:localhost/127.0.0.1:41557] for POST '/session/7200920663eac18be101966e581c9db5/element/cb6c05f2-aab5-45e5-823d-15c2b25d8a70/element'
18:21:46.605 [AsyncHttpClient-1-5] DEBUG org.asynchttpclient.netty.handler.HttpHandler - 

Request DefaultHttpRequest(decodeResult: success, version: HTTP/1.1)
POST /session/7200920663eac18be101966e581c9db5/element/cb6c05f2-aab5-45e5-823d-15c2b25d8a70/element HTTP/1.1
User-Agent: selenium/4.5.3 (java mac)
Content-Length: 106
Content-Type: application/json; charset=utf-8
host: localhost:41557
accept: */*

Response DefaultHttpResponse(decodeResult: success, version: HTTP/1.1)
HTTP/1.1 200 OK
Content-Length: 88
Content-Type: application/json; charset=utf-8
cache-control: no-cache

18:21:46.605 [AsyncHttpClient-1-5] DEBUG org.asynchttpclient.netty.channel.ChannelManager - Adding key: http://localhost:41557 for channel [id: 0x606ef152, L:/127.0.0.1:54348 - R:localhost/127.0.0.1:41557]
18:21:46.606 [Forwarding getElementText on session 7200920663eac18be101966e581c9db5 to remote] DEBUG org.asynchttpclient.netty.request.NettyRequestSender - Using pooled Channel '[id: 0x606ef152, L:/127.0.0.1:54348 - R:localhost/127.0.0.1:41557]' for 'GET' to 'http://localhost:41557/session/7200920663eac18be101966e581c9db5/element/df0d228c-93c9-4768-b415-33a0c1bf0bb1/text'
18:21:46.606 [Forwarding getElementText on session 7200920663eac18be101966e581c9db5 to remote] DEBUG org.asynchttpclient.netty.request.NettyRequestSender - Using open Channel [id: 0x606ef152, L:/127.0.0.1:54348 - R:localhost/127.0.0.1:41557] for GET '/session/7200920663eac18be101966e581c9db5/element/df0d228c-93c9-4768-b415-33a0c1bf0bb1/text'
18:21:46.632 [AsyncHttpClient-1-5] DEBUG org.asynchttpclient.netty.handler.HttpHandler - 

Request DefaultFullHttpRequest(decodeResult: success, version: HTTP/1.1, content: EmptyByteBufBE)
GET /session/7200920663eac18be101966e581c9db5/element/df0d228c-93c9-4768-b415-33a0c1bf0bb1/text HTTP/1.1
User-Agent: selenium/4.5.3 (java mac)
Cache-Control: no-cache
Content-Type: application/json; charset=utf-8
host: localhost:41557
accept: */*

Response DefaultHttpResponse(decodeResult: success, version: HTTP/1.1)
HTTP/1.1 200 OK
Content-Length: 55
Content-Type: application/json; charset=utf-8
cache-control: no-cache

18:21:46.632 [AsyncHttpClient-1-5] DEBUG org.asynchttpclient.netty.channel.ChannelManager - Adding key: http://localhost:41557 for channel [id: 0x606ef152, L:/127.0.0.1:54348 - R:localhost/127.0.0.1:41557]
18:21:46.635 [Forwarding findChildElement on session 7200920663eac18be101966e581c9db5 to remote] DEBUG org.asynchttpclient.netty.request.NettyRequestSender - Using pooled Channel '[id: 0x606ef152, L:/127.0.0.1:54348 - R:localhost/127.0.0.1:41557]' for 'POST' to 'http://localhost:41557/session/7200920663eac18be101966e581c9db5/element/cb6c05f2-aab5-45e5-823d-15c2b25d8a70/element'
18:21:46.635 [Forwarding findChildElement on session 7200920663eac18be101966e581c9db5 to remote] DEBUG org.asynchttpclient.netty.request.NettyRequestSender - Using open Channel [id: 0x606ef152, L:/127.0.0.1:54348 - R:localhost/127.0.0.1:41557] for POST '/session/7200920663eac18be101966e581c9db5/element/cb6c05f2-aab5-45e5-823d-15c2b25d8a70/element'
18:21:46.665 [AsyncHttpClient-1-5] DEBUG org.asynchttpclient.netty.handler.HttpHandler - 

Request DefaultHttpRequest(decodeResult: success, version: HTTP/1.1)
POST /session/7200920663eac18be101966e581c9db5/element/cb6c05f2-aab5-45e5-823d-15c2b25d8a70/element HTTP/1.1
User-Agent: selenium/4.5.3 (java mac)
Content-Length: 106
Content-Type: application/json; charset=utf-8
host: localhost:41557
accept: */*

Response DefaultHttpResponse(decodeResult: success, version: HTTP/1.1)
HTTP/1.1 200 OK
Content-Length: 88
Content-Type: application/json; charset=utf-8
cache-control: no-cache

18:21:46.665 [AsyncHttpClient-1-5] DEBUG org.asynchttpclient.netty.channel.ChannelManager - Adding key: http://localhost:41557 for channel [id: 0x606ef152, L:/127.0.0.1:54348 - R:localhost/127.0.0.1:41557]
18:21:46.666 [Forwarding getElementText on session 7200920663eac18be101966e581c9db5 to remote] DEBUG org.asynchttpclient.netty.request.NettyRequestSender - Using pooled Channel '[id: 0x606ef152, L:/127.0.0.1:54348 - R:localhost/127.0.0.1:41557]' for 'GET' to 'http://localhost:41557/session/7200920663eac18be101966e581c9db5/element/8515c99a-669b-4da5-9419-b215d98fc020/text'
18:21:46.666 [Forwarding getElementText on session 7200920663eac18be101966e581c9db5 to remote] DEBUG org.asynchttpclient.netty.request.NettyRequestSender - Using open Channel [id: 0x606ef152, L:/127.0.0.1:54348 - R:localhost/127.0.0.1:41557] for GET '/session/7200920663eac18be101966e581c9db5/element/8515c99a-669b-4da5-9419-b215d98fc020/text'
18:21:46.886 [AsyncHttpClient-1-5] DEBUG org.asynchttpclient.netty.handler.HttpHandler - 

Request DefaultFullHttpRequest(decodeResult: success, version: HTTP/1.1, content: EmptyByteBufBE)
GET /session/7200920663eac18be101966e581c9db5/element/8515c99a-669b-4da5-9419-b215d98fc020/text HTTP/1.1
User-Agent: selenium/4.5.3 (java mac)
Cache-Control: no-cache
Content-Type: application/json; charset=utf-8
host: localhost:41557
accept: */*

Response DefaultHttpResponse(decodeResult: success, version: HTTP/1.1)
HTTP/1.1 200 OK
Content-Length: 19
Content-Type: application/json; charset=utf-8
cache-control: no-cache

18:21:46.887 [AsyncHttpClient-1-5] DEBUG org.asynchttpclient.netty.channel.ChannelManager - Adding key: http://localhost:41557 for channel [id: 0x606ef152, L:/127.0.0.1:54348 - R:localhost/127.0.0.1:41557]
18:21:46.889 [Forwarding findChildElement on session 7200920663eac18be101966e581c9db5 to remote] DEBUG org.asynchttpclient.netty.request.NettyRequestSender - Using pooled Channel '[id: 0x606ef152, L:/127.0.0.1:54348 - R:localhost/127.0.0.1:41557]' for 'POST' to 'http://localhost:41557/session/7200920663eac18be101966e581c9db5/element/8b5ac4fa-afb2-485f-9335-567c03edaccd/element'
18:21:46.889 [Forwarding findChildElement on session 7200920663eac18be101966e581c9db5 to remote] DEBUG org.asynchttpclient.netty.request.NettyRequestSender - Using open Channel [id: 0x606ef152, L:/127.0.0.1:54348 - R:localhost/127.0.0.1:41557] for POST '/session/7200920663eac18be101966e581c9db5/element/8b5ac4fa-afb2-485f-9335-567c03edaccd/element'
18:21:46.975 [AsyncHttpClient-1-5] DEBUG org.asynchttpclient.netty.handler.HttpHandler - 

Request DefaultHttpRequest(decodeResult: success, version: HTTP/1.1)
POST /session/7200920663eac18be101966e581c9db5/element/8b5ac4fa-afb2-485f-9335-567c03edaccd/element HTTP/1.1
User-Agent: selenium/4.5.3 (java mac)
Content-Length: 106
Content-Type: application/json; charset=utf-8
host: localhost:41557
accept: */*

Response DefaultHttpResponse(decodeResult: success, version: HTTP/1.1)
HTTP/1.1 200 OK
Content-Length: 88
Content-Type: application/json; charset=utf-8
cache-control: no-cache

18:21:46.976 [AsyncHttpClient-1-5] DEBUG org.asynchttpclient.netty.channel.ChannelManager - Adding key: http://localhost:41557 for channel [id: 0x606ef152, L:/127.0.0.1:54348 - R:localhost/127.0.0.1:41557]
18:21:46.977 [Forwarding getElementText on session 7200920663eac18be101966e581c9db5 to remote] DEBUG org.asynchttpclient.netty.request.NettyRequestSender - Using pooled Channel '[id: 0x606ef152, L:/127.0.0.1:54348 - R:localhost/127.0.0.1:41557]' for 'GET' to 'http://localhost:41557/session/7200920663eac18be101966e581c9db5/element/004f6bef-d550-4d9a-bda8-374af488ad51/text'
18:21:46.977 [Forwarding getElementText on session 7200920663eac18be101966e581c9db5 to remote] DEBUG org.asynchttpclient.netty.request.NettyRequestSender - Using open Channel [id: 0x606ef152, L:/127.0.0.1:54348 - R:localhost/127.0.0.1:41557] for GET '/session/7200920663eac18be101966e581c9db5/element/004f6bef-d550-4d9a-bda8-374af488ad51/text'
18:21:46.991 [AsyncHttpClient-1-5] DEBUG org.asynchttpclient.netty.handler.HttpHandler - 

Request DefaultFullHttpRequest(decodeResult: success, version: HTTP/1.1, content: EmptyByteBufBE)
GET /session/7200920663eac18be101966e581c9db5/element/004f6bef-d550-4d9a-bda8-374af488ad51/text HTTP/1.1
User-Agent: selenium/4.5.3 (java mac)
Cache-Control: no-cache
Content-Type: application/json; charset=utf-8
host: localhost:41557
accept: */*

Response DefaultHttpResponse(decodeResult: success, version: HTTP/1.1)
HTTP/1.1 200 OK
Content-Length: 90
Content-Type: application/json; charset=utf-8
cache-control: no-cache

18:21:46.991 [AsyncHttpClient-1-5] DEBUG org.asynchttpclient.netty.channel.ChannelManager - Adding key: http://localhost:41557 for channel [id: 0x606ef152, L:/127.0.0.1:54348 - R:localhost/127.0.0.1:41557]
18:21:46.992 [Forwarding findChildElement on session 7200920663eac18be101966e581c9db5 to remote] DEBUG org.asynchttpclient.netty.request.NettyRequestSender - Using pooled Channel '[id: 0x606ef152, L:/127.0.0.1:54348 - R:localhost/127.0.0.1:41557]' for 'POST' to 'http://localhost:41557/session/7200920663eac18be101966e581c9db5/element/8b5ac4fa-afb2-485f-9335-567c03edaccd/element'
18:21:46.992 [Forwarding findChildElement on session 7200920663eac18be101966e581c9db5 to remote] DEBUG org.asynchttpclient.netty.request.NettyRequestSender - Using open Channel [id: 0x606ef152, L:/127.0.0.1:54348 - R:localhost/127.0.0.1:41557] for POST '/session/7200920663eac18be101966e581c9db5/element/8b5ac4fa-afb2-485f-9335-567c03edaccd/element'
18:21:47.009 [AsyncHttpClient-1-5] DEBUG org.asynchttpclient.netty.handler.HttpHandler - 

Request DefaultHttpRequest(decodeResult: success, version: HTTP/1.1)
POST /session/7200920663eac18be101966e581c9db5/element/8b5ac4fa-afb2-485f-9335-567c03edaccd/element HTTP/1.1
User-Agent: selenium/4.5.3 (java mac)
Content-Length: 106
Content-Type: application/json; charset=utf-8
host: localhost:41557
accept: */*

Response DefaultHttpResponse(decodeResult: success, version: HTTP/1.1)
HTTP/1.1 200 OK
Content-Length: 88
Content-Type: application/json; charset=utf-8
cache-control: no-cache

18:21:47.010 [AsyncHttpClient-1-5] DEBUG org.asynchttpclient.netty.channel.ChannelManager - Adding key: http://localhost:41557 for channel [id: 0x606ef152, L:/127.0.0.1:54348 - R:localhost/127.0.0.1:41557]
18:21:47.013 [Forwarding getElementText on session 7200920663eac18be101966e581c9db5 to remote] DEBUG org.asynchttpclient.netty.request.NettyRequestSender - Using pooled Channel '[id: 0x606ef152, L:/127.0.0.1:54348 - R:localhost/127.0.0.1:41557]' for 'GET' to 'http://localhost:41557/session/7200920663eac18be101966e581c9db5/element/d78aebb0-8a8b-4ba7-b301-cdf79feb9f3d/text'
18:21:47.013 [Forwarding getElementText on session 7200920663eac18be101966e581c9db5 to remote] DEBUG org.asynchttpclient.netty.request.NettyRequestSender - Using open Channel [id: 0x606ef152, L:/127.0.0.1:54348 - R:localhost/127.0.0.1:41557] for GET '/session/7200920663eac18be101966e581c9db5/element/d78aebb0-8a8b-4ba7-b301-cdf79feb9f3d/text'
18:21:47.040 [AsyncHttpClient-1-5] DEBUG org.asynchttpclient.netty.handler.HttpHandler - 

Request DefaultFullHttpRequest(decodeResult: success, version: HTTP/1.1, content: EmptyByteBufBE)
GET /session/7200920663eac18be101966e581c9db5/element/d78aebb0-8a8b-4ba7-b301-cdf79feb9f3d/text HTTP/1.1
User-Agent: selenium/4.5.3 (java mac)
Cache-Control: no-cache
Content-Type: application/json; charset=utf-8
host: localhost:41557
accept: */*

Response DefaultHttpResponse(decodeResult: success, version: HTTP/1.1)
HTTP/1.1 200 OK
Content-Length: 30
Content-Type: application/json; charset=utf-8
cache-control: no-cache

18:21:47.040 [AsyncHttpClient-1-5] DEBUG org.asynchttpclient.netty.channel.ChannelManager - Adding key: http://localhost:41557 for channel [id: 0x606ef152, L:/127.0.0.1:54348 - R:localhost/127.0.0.1:41557]
18:21:47.044 [Forwarding findChildElement on session 7200920663eac18be101966e581c9db5 to remote] DEBUG org.asynchttpclient.netty.request.NettyRequestSender - Using pooled Channel '[id: 0x606ef152, L:/127.0.0.1:54348 - R:localhost/127.0.0.1:41557]' for 'POST' to 'http://localhost:41557/session/7200920663eac18be101966e581c9db5/element/f95d2bd6-3972-4b79-8ca4-5a862fee4dc4/element'
18:21:47.045 [Forwarding findChildElement on session 7200920663eac18be101966e581c9db5 to remote] DEBUG org.asynchttpclient.netty.request.NettyRequestSender - Using open Channel [id: 0x606ef152, L:/127.0.0.1:54348 - R:localhost/127.0.0.1:41557] for POST '/session/7200920663eac18be101966e581c9db5/element/f95d2bd6-3972-4b79-8ca4-5a862fee4dc4/element'
18:21:47.071 [AsyncHttpClient-1-5] DEBUG org.asynchttpclient.netty.handler.HttpHandler - 

Request DefaultHttpRequest(decodeResult: success, version: HTTP/1.1)
POST /session/7200920663eac18be101966e581c9db5/element/f95d2bd6-3972-4b79-8ca4-5a862fee4dc4/element HTTP/1.1
User-Agent: selenium/4.5.3 (java mac)
Content-Length: 106
Content-Type: application/json; charset=utf-8
host: localhost:41557
accept: */*

Response DefaultHttpResponse(decodeResult: success, version: HTTP/1.1)
HTTP/1.1 200 OK
Content-Length: 88
Content-Type: application/json; charset=utf-8
cache-control: no-cache

18:21:47.071 [AsyncHttpClient-1-5] DEBUG org.asynchttpclient.netty.channel.ChannelManager - Adding key: http://localhost:41557 for channel [id: 0x606ef152, L:/127.0.0.1:54348 - R:localhost/127.0.0.1:41557]
18:21:47.073 [Forwarding getElementText on session 7200920663eac18be101966e581c9db5 to remote] DEBUG org.asynchttpclient.netty.request.NettyRequestSender - Using pooled Channel '[id: 0x606ef152, L:/127.0.0.1:54348 - R:localhost/127.0.0.1:41557]' for 'GET' to 'http://localhost:41557/session/7200920663eac18be101966e581c9db5/element/bb1946c1-5932-4b82-9728-0c558edfc315/text'
18:21:47.073 [Forwarding getElementText on session 7200920663eac18be101966e581c9db5 to remote] DEBUG org.asynchttpclient.netty.request.NettyRequestSender - Using open Channel [id: 0x606ef152, L:/127.0.0.1:54348 - R:localhost/127.0.0.1:41557] for GET '/session/7200920663eac18be101966e581c9db5/element/bb1946c1-5932-4b82-9728-0c558edfc315/text'
18:21:47.239 [AsyncHttpClient-1-5] DEBUG org.asynchttpclient.netty.handler.HttpHandler - 

Request DefaultFullHttpRequest(decodeResult: success, version: HTTP/1.1, content: EmptyByteBufBE)
GET /session/7200920663eac18be101966e581c9db5/element/bb1946c1-5932-4b82-9728-0c558edfc315/text HTTP/1.1
User-Agent: selenium/4.5.3 (java mac)
Cache-Control: no-cache
Content-Type: application/json; charset=utf-8
host: localhost:41557
accept: */*

Response DefaultHttpResponse(decodeResult: success, version: HTTP/1.1)
HTTP/1.1 200 OK
Content-Length: 68
Content-Type: application/json; charset=utf-8
cache-control: no-cache

18:21:47.239 [AsyncHttpClient-1-5] DEBUG org.asynchttpclient.netty.channel.ChannelManager - Adding key: http://localhost:41557 for channel [id: 0x606ef152, L:/127.0.0.1:54348 - R:localhost/127.0.0.1:41557]
18:21:47.241 [Forwarding findChildElement on session 7200920663eac18be101966e581c9db5 to remote] DEBUG org.asynchttpclient.netty.request.NettyRequestSender - Using pooled Channel '[id: 0x606ef152, L:/127.0.0.1:54348 - R:localhost/127.0.0.1:41557]' for 'POST' to 'http://localhost:41557/session/7200920663eac18be101966e581c9db5/element/f95d2bd6-3972-4b79-8ca4-5a862fee4dc4/element'
18:21:47.241 [Forwarding findChildElement on session 7200920663eac18be101966e581c9db5 to remote] DEBUG org.asynchttpclient.netty.request.NettyRequestSender - Using open Channel [id: 0x606ef152, L:/127.0.0.1:54348 - R:localhost/127.0.0.1:41557] for POST '/session/7200920663eac18be101966e581c9db5/element/f95d2bd6-3972-4b79-8ca4-5a862fee4dc4/element'
18:21:47.252 [AsyncHttpClient-1-5] DEBUG org.asynchttpclient.netty.handler.HttpHandler - 

Request DefaultHttpRequest(decodeResult: success, version: HTTP/1.1)
POST /session/7200920663eac18be101966e581c9db5/element/f95d2bd6-3972-4b79-8ca4-5a862fee4dc4/element HTTP/1.1
User-Agent: selenium/4.5.3 (java mac)
Content-Length: 106
Content-Type: application/json; charset=utf-8
host: localhost:41557
accept: */*

Response DefaultHttpResponse(decodeResult: success, version: HTTP/1.1)
HTTP/1.1 200 OK
Content-Length: 88
Content-Type: application/json; charset=utf-8
cache-control: no-cache

18:21:47.252 [AsyncHttpClient-1-5] DEBUG org.asynchttpclient.netty.channel.ChannelManager - Adding key: http://localhost:41557 for channel [id: 0x606ef152, L:/127.0.0.1:54348 - R:localhost/127.0.0.1:41557]
18:21:47.253 [Forwarding getElementText on session 7200920663eac18be101966e581c9db5 to remote] DEBUG org.asynchttpclient.netty.request.NettyRequestSender - Using pooled Channel '[id: 0x606ef152, L:/127.0.0.1:54348 - R:localhost/127.0.0.1:41557]' for 'GET' to 'http://localhost:41557/session/7200920663eac18be101966e581c9db5/element/27a82fec-a8d8-4987-9cf3-d6d3d836df06/text'
18:21:47.253 [Forwarding getElementText on session 7200920663eac18be101966e581c9db5 to remote] DEBUG org.asynchttpclient.netty.request.NettyRequestSender - Using open Channel [id: 0x606ef152, L:/127.0.0.1:54348 - R:localhost/127.0.0.1:41557] for GET '/session/7200920663eac18be101966e581c9db5/element/27a82fec-a8d8-4987-9cf3-d6d3d836df06/text'
18:21:47.277 [AsyncHttpClient-1-5] DEBUG org.asynchttpclient.netty.handler.HttpHandler - 

Request DefaultFullHttpRequest(decodeResult: success, version: HTTP/1.1, content: EmptyByteBufBE)
GET /session/7200920663eac18be101966e581c9db5/element/27a82fec-a8d8-4987-9cf3-d6d3d836df06/text HTTP/1.1
User-Agent: selenium/4.5.3 (java mac)
Cache-Control: no-cache
Content-Type: application/json; charset=utf-8
host: localhost:41557
accept: */*

Response DefaultHttpResponse(decodeResult: success, version: HTTP/1.1)
HTTP/1.1 200 OK
Content-Length: 19
Content-Type: application/json; charset=utf-8
cache-control: no-cache

18:21:47.278 [AsyncHttpClient-1-5] DEBUG org.asynchttpclient.netty.channel.ChannelManager - Adding key: http://localhost:41557 for channel [id: 0x606ef152, L:/127.0.0.1:54348 - R:localhost/127.0.0.1:41557]
18:21:47.279 [Forwarding findChildElement on session 7200920663eac18be101966e581c9db5 to remote] DEBUG org.asynchttpclient.netty.request.NettyRequestSender - Using pooled Channel '[id: 0x606ef152, L:/127.0.0.1:54348 - R:localhost/127.0.0.1:41557]' for 'POST' to 'http://localhost:41557/session/7200920663eac18be101966e581c9db5/element/22b8a08f-9c17-441b-b08f-67b554afffee/element'
18:21:47.279 [Forwarding findChildElement on session 7200920663eac18be101966e581c9db5 to remote] DEBUG org.asynchttpclient.netty.request.NettyRequestSender - Using open Channel [id: 0x606ef152, L:/127.0.0.1:54348 - R:localhost/127.0.0.1:41557] for POST '/session/7200920663eac18be101966e581c9db5/element/22b8a08f-9c17-441b-b08f-67b554afffee/element'
18:21:47.336 [AsyncHttpClient-1-5] DEBUG org.asynchttpclient.netty.handler.HttpHandler - 

Request DefaultHttpRequest(decodeResult: success, version: HTTP/1.1)
POST /session/7200920663eac18be101966e581c9db5/element/22b8a08f-9c17-441b-b08f-67b554afffee/element HTTP/1.1
User-Agent: selenium/4.5.3 (java mac)
Content-Length: 106
Content-Type: application/json; charset=utf-8
host: localhost:41557
accept: */*

Response DefaultHttpResponse(decodeResult: success, version: HTTP/1.1)
HTTP/1.1 200 OK
Content-Length: 88
Content-Type: application/json; charset=utf-8
cache-control: no-cache

18:21:47.336 [AsyncHttpClient-1-5] DEBUG org.asynchttpclient.netty.channel.ChannelManager - Adding key: http://localhost:41557 for channel [id: 0x606ef152, L:/127.0.0.1:54348 - R:localhost/127.0.0.1:41557]
18:21:47.338 [Forwarding getElementText on session 7200920663eac18be101966e581c9db5 to remote] DEBUG org.asynchttpclient.netty.request.NettyRequestSender - Using pooled Channel '[id: 0x606ef152, L:/127.0.0.1:54348 - R:localhost/127.0.0.1:41557]' for 'GET' to 'http://localhost:41557/session/7200920663eac18be101966e581c9db5/element/9b7485d1-79b2-435f-945b-0a378663e43c/text'
18:21:47.339 [Forwarding getElementText on session 7200920663eac18be101966e581c9db5 to remote] DEBUG org.asynchttpclient.netty.request.NettyRequestSender - Using open Channel [id: 0x606ef152, L:/127.0.0.1:54348 - R:localhost/127.0.0.1:41557] for GET '/session/7200920663eac18be101966e581c9db5/element/9b7485d1-79b2-435f-945b-0a378663e43c/text'
18:21:47.409 [AsyncHttpClient-1-1] DEBUG org.asynchttpclient.netty.channel.DefaultChannelPool - Entry count for : http://localhost:54349 : 1
18:21:47.409 [AsyncHttpClient-1-1] DEBUG org.asynchttpclient.netty.channel.DefaultChannelPool - Entry count for : http://localhost:47544 : 1
18:21:47.439 [AsyncHttpClient-1-5] DEBUG org.asynchttpclient.netty.handler.HttpHandler - 

Request DefaultFullHttpRequest(decodeResult: success, version: HTTP/1.1, content: EmptyByteBufBE)
GET /session/7200920663eac18be101966e581c9db5/element/9b7485d1-79b2-435f-945b-0a378663e43c/text HTTP/1.1
User-Agent: selenium/4.5.3 (java mac)
Cache-Control: no-cache
Content-Type: application/json; charset=utf-8
host: localhost:41557
accept: */*

Response DefaultHttpResponse(decodeResult: success, version: HTTP/1.1)
HTTP/1.1 200 OK
Content-Length: 72
Content-Type: application/json; charset=utf-8
cache-control: no-cache

18:21:47.439 [AsyncHttpClient-1-5] DEBUG org.asynchttpclient.netty.channel.ChannelManager - Adding key: http://localhost:41557 for channel [id: 0x606ef152, L:/127.0.0.1:54348 - R:localhost/127.0.0.1:41557]
18:21:47.441 [Forwarding findChildElement on session 7200920663eac18be101966e581c9db5 to remote] DEBUG org.asynchttpclient.netty.request.NettyRequestSender - Using pooled Channel '[id: 0x606ef152, L:/127.0.0.1:54348 - R:localhost/127.0.0.1:41557]' for 'POST' to 'http://localhost:41557/session/7200920663eac18be101966e581c9db5/element/22b8a08f-9c17-441b-b08f-67b554afffee/element'
18:21:47.441 [Forwarding findChildElement on session 7200920663eac18be101966e581c9db5 to remote] DEBUG org.asynchttpclient.netty.request.NettyRequestSender - Using open Channel [id: 0x606ef152, L:/127.0.0.1:54348 - R:localhost/127.0.0.1:41557] for POST '/session/7200920663eac18be101966e581c9db5/element/22b8a08f-9c17-441b-b08f-67b554afffee/element'
18:21:47.458 [AsyncHttpClient-1-5] DEBUG org.asynchttpclient.netty.handler.HttpHandler - 

Request DefaultHttpRequest(decodeResult: success, version: HTTP/1.1)
POST /session/7200920663eac18be101966e581c9db5/element/22b8a08f-9c17-441b-b08f-67b554afffee/element HTTP/1.1
User-Agent: selenium/4.5.3 (java mac)
Content-Length: 106
Content-Type: application/json; charset=utf-8
host: localhost:41557
accept: */*

Response DefaultHttpResponse(decodeResult: success, version: HTTP/1.1)
HTTP/1.1 200 OK
Content-Length: 88
Content-Type: application/json; charset=utf-8
cache-control: no-cache

18:21:47.459 [AsyncHttpClient-1-5] DEBUG org.asynchttpclient.netty.channel.ChannelManager - Adding key: http://localhost:41557 for channel [id: 0x606ef152, L:/127.0.0.1:54348 - R:localhost/127.0.0.1:41557]
18:21:47.460 [Forwarding getElementText on session 7200920663eac18be101966e581c9db5 to remote] DEBUG org.asynchttpclient.netty.request.NettyRequestSender - Using pooled Channel '[id: 0x606ef152, L:/127.0.0.1:54348 - R:localhost/127.0.0.1:41557]' for 'GET' to 'http://localhost:41557/session/7200920663eac18be101966e581c9db5/element/4bb5c76e-a7e3-49e4-812e-adf877c58962/text'
18:21:47.460 [Forwarding getElementText on session 7200920663eac18be101966e581c9db5 to remote] DEBUG org.asynchttpclient.netty.request.NettyRequestSender - Using open Channel [id: 0x606ef152, L:/127.0.0.1:54348 - R:localhost/127.0.0.1:41557] for GET '/session/7200920663eac18be101966e581c9db5/element/4bb5c76e-a7e3-49e4-812e-adf877c58962/text'
18:21:47.500 [AsyncHttpClient-1-5] DEBUG org.asynchttpclient.netty.handler.HttpHandler - 

Request DefaultFullHttpRequest(decodeResult: success, version: HTTP/1.1, content: EmptyByteBufBE)
GET /session/7200920663eac18be101966e581c9db5/element/4bb5c76e-a7e3-49e4-812e-adf877c58962/text HTTP/1.1
User-Agent: selenium/4.5.3 (java mac)
Cache-Control: no-cache
Content-Type: application/json; charset=utf-8
host: localhost:41557
accept: */*

Response DefaultHttpResponse(decodeResult: success, version: HTTP/1.1)
HTTP/1.1 200 OK
Content-Length: 28
Content-Type: application/json; charset=utf-8
cache-control: no-cache

18:21:47.501 [AsyncHttpClient-1-5] DEBUG org.asynchttpclient.netty.channel.ChannelManager - Adding key: http://localhost:41557 for channel [id: 0x606ef152, L:/127.0.0.1:54348 - R:localhost/127.0.0.1:41557]
18:21:47.502 [Forwarding findChildElement on session 7200920663eac18be101966e581c9db5 to remote] DEBUG org.asynchttpclient.netty.request.NettyRequestSender - Using pooled Channel '[id: 0x606ef152, L:/127.0.0.1:54348 - R:localhost/127.0.0.1:41557]' for 'POST' to 'http://localhost:41557/session/7200920663eac18be101966e581c9db5/element/f01fbebd-8d16-4249-94c4-696b10b31c9a/element'
18:21:47.502 [Forwarding findChildElement on session 7200920663eac18be101966e581c9db5 to remote] DEBUG org.asynchttpclient.netty.request.NettyRequestSender - Using open Channel [id: 0x606ef152, L:/127.0.0.1:54348 - R:localhost/127.0.0.1:41557] for POST '/session/7200920663eac18be101966e581c9db5/element/f01fbebd-8d16-4249-94c4-696b10b31c9a/element'
18:21:47.588 [AsyncHttpClient-1-5] DEBUG org.asynchttpclient.netty.handler.HttpHandler - 

Request DefaultHttpRequest(decodeResult: success, version: HTTP/1.1)
POST /session/7200920663eac18be101966e581c9db5/element/f01fbebd-8d16-4249-94c4-696b10b31c9a/element HTTP/1.1
User-Agent: selenium/4.5.3 (java mac)
Content-Length: 106
Content-Type: application/json; charset=utf-8
host: localhost:41557
accept: */*

Response DefaultHttpResponse(decodeResult: success, version: HTTP/1.1)
HTTP/1.1 200 OK
Content-Length: 88
Content-Type: application/json; charset=utf-8
cache-control: no-cache

18:21:47.588 [AsyncHttpClient-1-5] DEBUG org.asynchttpclient.netty.channel.ChannelManager - Adding key: http://localhost:41557 for channel [id: 0x606ef152, L:/127.0.0.1:54348 - R:localhost/127.0.0.1:41557]
18:21:47.590 [Forwarding getElementText on session 7200920663eac18be101966e581c9db5 to remote] DEBUG org.asynchttpclient.netty.request.NettyRequestSender - Using pooled Channel '[id: 0x606ef152, L:/127.0.0.1:54348 - R:localhost/127.0.0.1:41557]' for 'GET' to 'http://localhost:41557/session/7200920663eac18be101966e581c9db5/element/50d16a91-8396-4681-9dec-d4e6d7e8f190/text'
18:21:47.590 [Forwarding getElementText on session 7200920663eac18be101966e581c9db5 to remote] DEBUG org.asynchttpclient.netty.request.NettyRequestSender - Using open Channel [id: 0x606ef152, L:/127.0.0.1:54348 - R:localhost/127.0.0.1:41557] for GET '/session/7200920663eac18be101966e581c9db5/element/50d16a91-8396-4681-9dec-d4e6d7e8f190/text'
18:21:47.650 [AsyncHttpClient-1-5] DEBUG org.asynchttpclient.netty.handler.HttpHandler - 

Request DefaultFullHttpRequest(decodeResult: success, version: HTTP/1.1, content: EmptyByteBufBE)
GET /session/7200920663eac18be101966e581c9db5/element/50d16a91-8396-4681-9dec-d4e6d7e8f190/text HTTP/1.1
User-Agent: selenium/4.5.3 (java mac)
Cache-Control: no-cache
Content-Type: application/json; charset=utf-8
host: localhost:41557
accept: */*

Response DefaultHttpResponse(decodeResult: success, version: HTTP/1.1)
HTTP/1.1 200 OK
Content-Length: 91
Content-Type: application/json; charset=utf-8
cache-control: no-cache

18:21:47.650 [AsyncHttpClient-1-5] DEBUG org.asynchttpclient.netty.channel.ChannelManager - Adding key: http://localhost:41557 for channel [id: 0x606ef152, L:/127.0.0.1:54348 - R:localhost/127.0.0.1:41557]
18:21:47.652 [Forwarding findChildElement on session 7200920663eac18be101966e581c9db5 to remote] DEBUG org.asynchttpclient.netty.request.NettyRequestSender - Using pooled Channel '[id: 0x606ef152, L:/127.0.0.1:54348 - R:localhost/127.0.0.1:41557]' for 'POST' to 'http://localhost:41557/session/7200920663eac18be101966e581c9db5/element/f01fbebd-8d16-4249-94c4-696b10b31c9a/element'
18:21:47.652 [Forwarding findChildElement on session 7200920663eac18be101966e581c9db5 to remote] DEBUG org.asynchttpclient.netty.request.NettyRequestSender - Using open Channel [id: 0x606ef152, L:/127.0.0.1:54348 - R:localhost/127.0.0.1:41557] for POST '/session/7200920663eac18be101966e581c9db5/element/f01fbebd-8d16-4249-94c4-696b10b31c9a/element'
18:21:47.713 [AsyncHttpClient-1-5] DEBUG org.asynchttpclient.netty.handler.HttpHandler - 

Request DefaultHttpRequest(decodeResult: success, version: HTTP/1.1)
POST /session/7200920663eac18be101966e581c9db5/element/f01fbebd-8d16-4249-94c4-696b10b31c9a/element HTTP/1.1
User-Agent: selenium/4.5.3 (java mac)
Content-Length: 106
Content-Type: application/json; charset=utf-8
host: localhost:41557
accept: */*

Response DefaultHttpResponse(decodeResult: success, version: HTTP/1.1)
HTTP/1.1 200 OK
Content-Length: 88
Content-Type: application/json; charset=utf-8
cache-control: no-cache

18:21:47.713 [AsyncHttpClient-1-5] DEBUG org.asynchttpclient.netty.channel.ChannelManager - Adding key: http://localhost:41557 for channel [id: 0x606ef152, L:/127.0.0.1:54348 - R:localhost/127.0.0.1:41557]
18:21:47.714 [Forwarding getElementText on session 7200920663eac18be101966e581c9db5 to remote] DEBUG org.asynchttpclient.netty.request.NettyRequestSender - Using pooled Channel '[id: 0x606ef152, L:/127.0.0.1:54348 - R:localhost/127.0.0.1:41557]' for 'GET' to 'http://localhost:41557/session/7200920663eac18be101966e581c9db5/element/1df9f2ef-a39f-4275-a044-77aa7a288377/text'
18:21:47.714 [Forwarding getElementText on session 7200920663eac18be101966e581c9db5 to remote] DEBUG org.asynchttpclient.netty.request.NettyRequestSender - Using open Channel [id: 0x606ef152, L:/127.0.0.1:54348 - R:localhost/127.0.0.1:41557] for GET '/session/7200920663eac18be101966e581c9db5/element/1df9f2ef-a39f-4275-a044-77aa7a288377/text'
18:21:47.748 [AsyncHttpClient-1-5] DEBUG org.asynchttpclient.netty.handler.HttpHandler - 

Request DefaultFullHttpRequest(decodeResult: success, version: HTTP/1.1, content: EmptyByteBufBE)
GET /session/7200920663eac18be101966e581c9db5/element/1df9f2ef-a39f-4275-a044-77aa7a288377/text HTTP/1.1
User-Agent: selenium/4.5.3 (java mac)
Cache-Control: no-cache
Content-Type: application/json; charset=utf-8
host: localhost:41557
accept: */*

Response DefaultHttpResponse(decodeResult: success, version: HTTP/1.1)
HTTP/1.1 200 OK
Content-Length: 19
Content-Type: application/json; charset=utf-8
cache-control: no-cache

18:21:47.749 [AsyncHttpClient-1-5] DEBUG org.asynchttpclient.netty.channel.ChannelManager - Adding key: http://localhost:41557 for channel [id: 0x606ef152, L:/127.0.0.1:54348 - R:localhost/127.0.0.1:41557]
18:21:47.751 [Forwarding findChildElement on session 7200920663eac18be101966e581c9db5 to remote] DEBUG org.asynchttpclient.netty.request.NettyRequestSender - Using pooled Channel '[id: 0x606ef152, L:/127.0.0.1:54348 - R:localhost/127.0.0.1:41557]' for 'POST' to 'http://localhost:41557/session/7200920663eac18be101966e581c9db5/element/521f9fcc-27ed-469d-8718-a2295cbcb1a6/element'
18:21:47.752 [Forwarding findChildElement on session 7200920663eac18be101966e581c9db5 to remote] DEBUG org.asynchttpclient.netty.request.NettyRequestSender - Using open Channel [id: 0x606ef152, L:/127.0.0.1:54348 - R:localhost/127.0.0.1:41557] for POST '/session/7200920663eac18be101966e581c9db5/element/521f9fcc-27ed-469d-8718-a2295cbcb1a6/element'
18:21:47.793 [AsyncHttpClient-1-5] DEBUG org.asynchttpclient.netty.handler.HttpHandler - 

Request DefaultHttpRequest(decodeResult: success, version: HTTP/1.1)
POST /session/7200920663eac18be101966e581c9db5/element/521f9fcc-27ed-469d-8718-a2295cbcb1a6/element HTTP/1.1
User-Agent: selenium/4.5.3 (java mac)
Content-Length: 106
Content-Type: application/json; charset=utf-8
host: localhost:41557
accept: */*

Response DefaultHttpResponse(decodeResult: success, version: HTTP/1.1)
HTTP/1.1 200 OK
Content-Length: 88
Content-Type: application/json; charset=utf-8
cache-control: no-cache

18:21:47.793 [AsyncHttpClient-1-5] DEBUG org.asynchttpclient.netty.channel.ChannelManager - Adding key: http://localhost:41557 for channel [id: 0x606ef152, L:/127.0.0.1:54348 - R:localhost/127.0.0.1:41557]
18:21:47.794 [Forwarding getElementText on session 7200920663eac18be101966e581c9db5 to remote] DEBUG org.asynchttpclient.netty.request.NettyRequestSender - Using pooled Channel '[id: 0x606ef152, L:/127.0.0.1:54348 - R:localhost/127.0.0.1:41557]' for 'GET' to 'http://localhost:41557/session/7200920663eac18be101966e581c9db5/element/2ad3c7c2-8e57-407a-b2cb-7bd2d60a2c49/text'
18:21:47.794 [Forwarding getElementText on session 7200920663eac18be101966e581c9db5 to remote] DEBUG org.asynchttpclient.netty.request.NettyRequestSender - Using open Channel [id: 0x606ef152, L:/127.0.0.1:54348 - R:localhost/127.0.0.1:41557] for GET '/session/7200920663eac18be101966e581c9db5/element/2ad3c7c2-8e57-407a-b2cb-7bd2d60a2c49/text'
18:21:47.809 [AsyncHttpClient-1-5] DEBUG org.asynchttpclient.netty.handler.HttpHandler - 

Request DefaultFullHttpRequest(decodeResult: success, version: HTTP/1.1, content: EmptyByteBufBE)
GET /session/7200920663eac18be101966e581c9db5/element/2ad3c7c2-8e57-407a-b2cb-7bd2d60a2c49/text HTTP/1.1
User-Agent: selenium/4.5.3 (java mac)
Cache-Control: no-cache
Content-Type: application/json; charset=utf-8
host: localhost:41557
accept: */*

Response DefaultHttpResponse(decodeResult: success, version: HTTP/1.1)
HTTP/1.1 200 OK
Content-Length: 72
Content-Type: application/json; charset=utf-8
cache-control: no-cache

18:21:47.809 [AsyncHttpClient-1-5] DEBUG org.asynchttpclient.netty.channel.ChannelManager - Adding key: http://localhost:41557 for channel [id: 0x606ef152, L:/127.0.0.1:54348 - R:localhost/127.0.0.1:41557]
18:21:47.811 [Forwarding findChildElement on session 7200920663eac18be101966e581c9db5 to remote] DEBUG org.asynchttpclient.netty.request.NettyRequestSender - Using pooled Channel '[id: 0x606ef152, L:/127.0.0.1:54348 - R:localhost/127.0.0.1:41557]' for 'POST' to 'http://localhost:41557/session/7200920663eac18be101966e581c9db5/element/521f9fcc-27ed-469d-8718-a2295cbcb1a6/element'
18:21:47.811 [Forwarding findChildElement on session 7200920663eac18be101966e581c9db5 to remote] DEBUG org.asynchttpclient.netty.request.NettyRequestSender - Using open Channel [id: 0x606ef152, L:/127.0.0.1:54348 - R:localhost/127.0.0.1:41557] for POST '/session/7200920663eac18be101966e581c9db5/element/521f9fcc-27ed-469d-8718-a2295cbcb1a6/element'
18:21:47.853 [AsyncHttpClient-1-5] DEBUG org.asynchttpclient.netty.handler.HttpHandler - 

Request DefaultHttpRequest(decodeResult: success, version: HTTP/1.1)
POST /session/7200920663eac18be101966e581c9db5/element/521f9fcc-27ed-469d-8718-a2295cbcb1a6/element HTTP/1.1
User-Agent: selenium/4.5.3 (java mac)
Content-Length: 106
Content-Type: application/json; charset=utf-8
host: localhost:41557
accept: */*

Response DefaultHttpResponse(decodeResult: success, version: HTTP/1.1)
HTTP/1.1 200 OK
Content-Length: 88
Content-Type: application/json; charset=utf-8
cache-control: no-cache

18:21:47.853 [AsyncHttpClient-1-5] DEBUG org.asynchttpclient.netty.channel.ChannelManager - Adding key: http://localhost:41557 for channel [id: 0x606ef152, L:/127.0.0.1:54348 - R:localhost/127.0.0.1:41557]
18:21:47.854 [Forwarding getElementText on session 7200920663eac18be101966e581c9db5 to remote] DEBUG org.asynchttpclient.netty.request.NettyRequestSender - Using pooled Channel '[id: 0x606ef152, L:/127.0.0.1:54348 - R:localhost/127.0.0.1:41557]' for 'GET' to 'http://localhost:41557/session/7200920663eac18be101966e581c9db5/element/eb3773b0-77cb-4d10-bd29-3df3ad549b2e/text'
18:21:47.854 [Forwarding getElementText on session 7200920663eac18be101966e581c9db5 to remote] DEBUG org.asynchttpclient.netty.request.NettyRequestSender - Using open Channel [id: 0x606ef152, L:/127.0.0.1:54348 - R:localhost/127.0.0.1:41557] for GET '/session/7200920663eac18be101966e581c9db5/element/eb3773b0-77cb-4d10-bd29-3df3ad549b2e/text'
18:21:47.878 [AsyncHttpClient-1-5] DEBUG org.asynchttpclient.netty.handler.HttpHandler - 

Request DefaultFullHttpRequest(decodeResult: success, version: HTTP/1.1, content: EmptyByteBufBE)
GET /session/7200920663eac18be101966e581c9db5/element/eb3773b0-77cb-4d10-bd29-3df3ad549b2e/text HTTP/1.1
User-Agent: selenium/4.5.3 (java mac)
Cache-Control: no-cache
Content-Type: application/json; charset=utf-8
host: localhost:41557
accept: */*

Response DefaultHttpResponse(decodeResult: success, version: HTTP/1.1)
HTTP/1.1 200 OK
Content-Length: 18
Content-Type: application/json; charset=utf-8
cache-control: no-cache

18:21:47.880 [AsyncHttpClient-1-5] DEBUG org.asynchttpclient.netty.channel.ChannelManager - Adding key: http://localhost:41557 for channel [id: 0x606ef152, L:/127.0.0.1:54348 - R:localhost/127.0.0.1:41557]
18:21:47.882 [Forwarding findChildElement on session 7200920663eac18be101966e581c9db5 to remote] DEBUG org.asynchttpclient.netty.request.NettyRequestSender - Using pooled Channel '[id: 0x606ef152, L:/127.0.0.1:54348 - R:localhost/127.0.0.1:41557]' for 'POST' to 'http://localhost:41557/session/7200920663eac18be101966e581c9db5/element/f1ed0adc-8847-48e9-99c6-6c6b14fa0356/element'
18:21:47.882 [Forwarding findChildElement on session 7200920663eac18be101966e581c9db5 to remote] DEBUG org.asynchttpclient.netty.request.NettyRequestSender - Using open Channel [id: 0x606ef152, L:/127.0.0.1:54348 - R:localhost/127.0.0.1:41557] for POST '/session/7200920663eac18be101966e581c9db5/element/f1ed0adc-8847-48e9-99c6-6c6b14fa0356/element'
18:21:47.903 [AsyncHttpClient-1-5] DEBUG org.asynchttpclient.netty.handler.HttpHandler - 

Request DefaultHttpRequest(decodeResult: success, version: HTTP/1.1)
POST /session/7200920663eac18be101966e581c9db5/element/f1ed0adc-8847-48e9-99c6-6c6b14fa0356/element HTTP/1.1
User-Agent: selenium/4.5.3 (java mac)
Content-Length: 106
Content-Type: application/json; charset=utf-8
host: localhost:41557
accept: */*

Response DefaultHttpResponse(decodeResult: success, version: HTTP/1.1)
HTTP/1.1 200 OK
Content-Length: 88
Content-Type: application/json; charset=utf-8
cache-control: no-cache

18:21:47.903 [AsyncHttpClient-1-5] DEBUG org.asynchttpclient.netty.channel.ChannelManager - Adding key: http://localhost:41557 for channel [id: 0x606ef152, L:/127.0.0.1:54348 - R:localhost/127.0.0.1:41557]
18:21:47.904 [Forwarding getElementText on session 7200920663eac18be101966e581c9db5 to remote] DEBUG org.asynchttpclient.netty.request.NettyRequestSender - Using pooled Channel '[id: 0x606ef152, L:/127.0.0.1:54348 - R:localhost/127.0.0.1:41557]' for 'GET' to 'http://localhost:41557/session/7200920663eac18be101966e581c9db5/element/1f52284c-a987-4203-a4a0-530cdca37ef4/text'
18:21:47.904 [Forwarding getElementText on session 7200920663eac18be101966e581c9db5 to remote] DEBUG org.asynchttpclient.netty.request.NettyRequestSender - Using open Channel [id: 0x606ef152, L:/127.0.0.1:54348 - R:localhost/127.0.0.1:41557] for GET '/session/7200920663eac18be101966e581c9db5/element/1f52284c-a987-4203-a4a0-530cdca37ef4/text'
18:21:47.952 [AsyncHttpClient-1-5] DEBUG org.asynchttpclient.netty.handler.HttpHandler - 

Request DefaultFullHttpRequest(decodeResult: success, version: HTTP/1.1, content: EmptyByteBufBE)
GET /session/7200920663eac18be101966e581c9db5/element/1f52284c-a987-4203-a4a0-530cdca37ef4/text HTTP/1.1
User-Agent: selenium/4.5.3 (java mac)
Cache-Control: no-cache
Content-Type: application/json; charset=utf-8
host: localhost:41557
accept: */*

Response DefaultHttpResponse(decodeResult: success, version: HTTP/1.1)
HTTP/1.1 200 OK
Content-Length: 92
Content-Type: application/json; charset=utf-8
cache-control: no-cache

18:21:47.952 [AsyncHttpClient-1-5] DEBUG org.asynchttpclient.netty.channel.ChannelManager - Adding key: http://localhost:41557 for channel [id: 0x606ef152, L:/127.0.0.1:54348 - R:localhost/127.0.0.1:41557]
18:21:47.953 [Forwarding findChildElement on session 7200920663eac18be101966e581c9db5 to remote] DEBUG org.asynchttpclient.netty.request.NettyRequestSender - Using pooled Channel '[id: 0x606ef152, L:/127.0.0.1:54348 - R:localhost/127.0.0.1:41557]' for 'POST' to 'http://localhost:41557/session/7200920663eac18be101966e581c9db5/element/f1ed0adc-8847-48e9-99c6-6c6b14fa0356/element'
18:21:47.953 [Forwarding findChildElement on session 7200920663eac18be101966e581c9db5 to remote] DEBUG org.asynchttpclient.netty.request.NettyRequestSender - Using open Channel [id: 0x606ef152, L:/127.0.0.1:54348 - R:localhost/127.0.0.1:41557] for POST '/session/7200920663eac18be101966e581c9db5/element/f1ed0adc-8847-48e9-99c6-6c6b14fa0356/element'
18:21:47.966 [AsyncHttpClient-1-5] DEBUG org.asynchttpclient.netty.handler.HttpHandler - 

Request DefaultHttpRequest(decodeResult: success, version: HTTP/1.1)
POST /session/7200920663eac18be101966e581c9db5/element/f1ed0adc-8847-48e9-99c6-6c6b14fa0356/element HTTP/1.1
User-Agent: selenium/4.5.3 (java mac)
Content-Length: 106
Content-Type: application/json; charset=utf-8
host: localhost:41557
accept: */*

Response DefaultHttpResponse(decodeResult: success, version: HTTP/1.1)
HTTP/1.1 200 OK
Content-Length: 88
Content-Type: application/json; charset=utf-8
cache-control: no-cache

18:21:47.966 [AsyncHttpClient-1-5] DEBUG org.asynchttpclient.netty.channel.ChannelManager - Adding key: http://localhost:41557 for channel [id: 0x606ef152, L:/127.0.0.1:54348 - R:localhost/127.0.0.1:41557]
18:21:47.967 [Forwarding getElementText on session 7200920663eac18be101966e581c9db5 to remote] DEBUG org.asynchttpclient.netty.request.NettyRequestSender - Using pooled Channel '[id: 0x606ef152, L:/127.0.0.1:54348 - R:localhost/127.0.0.1:41557]' for 'GET' to 'http://localhost:41557/session/7200920663eac18be101966e581c9db5/element/cfeb4021-0e8a-4470-a2c6-f758b5de9b50/text'
18:21:47.968 [Forwarding getElementText on session 7200920663eac18be101966e581c9db5 to remote] DEBUG org.asynchttpclient.netty.request.NettyRequestSender - Using open Channel [id: 0x606ef152, L:/127.0.0.1:54348 - R:localhost/127.0.0.1:41557] for GET '/session/7200920663eac18be101966e581c9db5/element/cfeb4021-0e8a-4470-a2c6-f758b5de9b50/text'
18:21:48.117 [AsyncHttpClient-1-5] DEBUG org.asynchttpclient.netty.handler.HttpHandler - 

Request DefaultFullHttpRequest(decodeResult: success, version: HTTP/1.1, content: EmptyByteBufBE)
GET /session/7200920663eac18be101966e581c9db5/element/cfeb4021-0e8a-4470-a2c6-f758b5de9b50/text HTTP/1.1
User-Agent: selenium/4.5.3 (java mac)
Cache-Control: no-cache
Content-Type: application/json; charset=utf-8
host: localhost:41557
accept: */*

Response DefaultHttpResponse(decodeResult: success, version: HTTP/1.1)
HTTP/1.1 200 OK
Content-Length: 21
Content-Type: application/json; charset=utf-8
cache-control: no-cache

18:21:48.117 [AsyncHttpClient-1-5] DEBUG org.asynchttpclient.netty.channel.ChannelManager - Adding key: http://localhost:41557 for channel [id: 0x606ef152, L:/127.0.0.1:54348 - R:localhost/127.0.0.1:41557]
18:21:48.119 [Forwarding findChildElement on session 7200920663eac18be101966e581c9db5 to remote] DEBUG org.asynchttpclient.netty.request.NettyRequestSender - Using pooled Channel '[id: 0x606ef152, L:/127.0.0.1:54348 - R:localhost/127.0.0.1:41557]' for 'POST' to 'http://localhost:41557/session/7200920663eac18be101966e581c9db5/element/8a340367-bb3b-425d-abf5-74318aa115de/element'
18:21:48.119 [Forwarding findChildElement on session 7200920663eac18be101966e581c9db5 to remote] DEBUG org.asynchttpclient.netty.request.NettyRequestSender - Using open Channel [id: 0x606ef152, L:/127.0.0.1:54348 - R:localhost/127.0.0.1:41557] for POST '/session/7200920663eac18be101966e581c9db5/element/8a340367-bb3b-425d-abf5-74318aa115de/element'
18:21:48.133 [AsyncHttpClient-1-5] DEBUG org.asynchttpclient.netty.handler.HttpHandler - 

Request DefaultHttpRequest(decodeResult: success, version: HTTP/1.1)
POST /session/7200920663eac18be101966e581c9db5/element/8a340367-bb3b-425d-abf5-74318aa115de/element HTTP/1.1
User-Agent: selenium/4.5.3 (java mac)
Content-Length: 106
Content-Type: application/json; charset=utf-8
host: localhost:41557
accept: */*

Response DefaultHttpResponse(decodeResult: success, version: HTTP/1.1)
HTTP/1.1 200 OK
Content-Length: 88
Content-Type: application/json; charset=utf-8
cache-control: no-cache

18:21:48.133 [AsyncHttpClient-1-5] DEBUG org.asynchttpclient.netty.channel.ChannelManager - Adding key: http://localhost:41557 for channel [id: 0x606ef152, L:/127.0.0.1:54348 - R:localhost/127.0.0.1:41557]
18:21:48.134 [Forwarding getElementText on session 7200920663eac18be101966e581c9db5 to remote] DEBUG org.asynchttpclient.netty.request.NettyRequestSender - Using pooled Channel '[id: 0x606ef152, L:/127.0.0.1:54348 - R:localhost/127.0.0.1:41557]' for 'GET' to 'http://localhost:41557/session/7200920663eac18be101966e581c9db5/element/19d52acd-6edf-448c-af83-0d5a832d1b92/text'
18:21:48.134 [Forwarding getElementText on session 7200920663eac18be101966e581c9db5 to remote] DEBUG org.asynchttpclient.netty.request.NettyRequestSender - Using open Channel [id: 0x606ef152, L:/127.0.0.1:54348 - R:localhost/127.0.0.1:41557] for GET '/session/7200920663eac18be101966e581c9db5/element/19d52acd-6edf-448c-af83-0d5a832d1b92/text'
18:21:48.211 [AsyncHttpClient-1-5] DEBUG org.asynchttpclient.netty.handler.HttpHandler - 

Request DefaultFullHttpRequest(decodeResult: success, version: HTTP/1.1, content: EmptyByteBufBE)
GET /session/7200920663eac18be101966e581c9db5/element/19d52acd-6edf-448c-af83-0d5a832d1b92/text HTTP/1.1
User-Agent: selenium/4.5.3 (java mac)
Cache-Control: no-cache
Content-Type: application/json; charset=utf-8
host: localhost:41557
accept: */*

Response DefaultHttpResponse(decodeResult: success, version: HTTP/1.1)
HTTP/1.1 200 OK
Content-Length: 91
Content-Type: application/json; charset=utf-8
cache-control: no-cache

18:21:48.211 [AsyncHttpClient-1-5] DEBUG org.asynchttpclient.netty.channel.ChannelManager - Adding key: http://localhost:41557 for channel [id: 0x606ef152, L:/127.0.0.1:54348 - R:localhost/127.0.0.1:41557]
18:21:48.213 [Forwarding findChildElement on session 7200920663eac18be101966e581c9db5 to remote] DEBUG org.asynchttpclient.netty.request.NettyRequestSender - Using pooled Channel '[id: 0x606ef152, L:/127.0.0.1:54348 - R:localhost/127.0.0.1:41557]' for 'POST' to 'http://localhost:41557/session/7200920663eac18be101966e581c9db5/element/8a340367-bb3b-425d-abf5-74318aa115de/element'
18:21:48.213 [Forwarding findChildElement on session 7200920663eac18be101966e581c9db5 to remote] DEBUG org.asynchttpclient.netty.request.NettyRequestSender - Using open Channel [id: 0x606ef152, L:/127.0.0.1:54348 - R:localhost/127.0.0.1:41557] for POST '/session/7200920663eac18be101966e581c9db5/element/8a340367-bb3b-425d-abf5-74318aa115de/element'
18:21:48.246 [AsyncHttpClient-1-5] DEBUG org.asynchttpclient.netty.handler.HttpHandler - 

Request DefaultHttpRequest(decodeResult: success, version: HTTP/1.1)
POST /session/7200920663eac18be101966e581c9db5/element/8a340367-bb3b-425d-abf5-74318aa115de/element HTTP/1.1
User-Agent: selenium/4.5.3 (java mac)
Content-Length: 106
Content-Type: application/json; charset=utf-8
host: localhost:41557
accept: */*

Response DefaultHttpResponse(decodeResult: success, version: HTTP/1.1)
HTTP/1.1 200 OK
Content-Length: 88
Content-Type: application/json; charset=utf-8
cache-control: no-cache

18:21:48.247 [AsyncHttpClient-1-5] DEBUG org.asynchttpclient.netty.channel.ChannelManager - Adding key: http://localhost:41557 for channel [id: 0x606ef152, L:/127.0.0.1:54348 - R:localhost/127.0.0.1:41557]
18:21:48.248 [Forwarding getElementText on session 7200920663eac18be101966e581c9db5 to remote] DEBUG org.asynchttpclient.netty.request.NettyRequestSender - Using pooled Channel '[id: 0x606ef152, L:/127.0.0.1:54348 - R:localhost/127.0.0.1:41557]' for 'GET' to 'http://localhost:41557/session/7200920663eac18be101966e581c9db5/element/454e1c4e-24ff-4ee5-b1d3-43494bb13f5d/text'
18:21:48.248 [Forwarding getElementText on session 7200920663eac18be101966e581c9db5 to remote] DEBUG org.asynchttpclient.netty.request.NettyRequestSender - Using open Channel [id: 0x606ef152, L:/127.0.0.1:54348 - R:localhost/127.0.0.1:41557] for GET '/session/7200920663eac18be101966e581c9db5/element/454e1c4e-24ff-4ee5-b1d3-43494bb13f5d/text'
18:21:48.316 [AsyncHttpClient-1-5] DEBUG org.asynchttpclient.netty.handler.HttpHandler - 

Request DefaultFullHttpRequest(decodeResult: success, version: HTTP/1.1, content: EmptyByteBufBE)
GET /session/7200920663eac18be101966e581c9db5/element/454e1c4e-24ff-4ee5-b1d3-43494bb13f5d/text HTTP/1.1
User-Agent: selenium/4.5.3 (java mac)
Cache-Control: no-cache
Content-Type: application/json; charset=utf-8
host: localhost:41557
accept: */*

Response DefaultHttpResponse(decodeResult: success, version: HTTP/1.1)
HTTP/1.1 200 OK
Content-Length: 19
Content-Type: application/json; charset=utf-8
cache-control: no-cache

18:21:48.317 [AsyncHttpClient-1-5] DEBUG org.asynchttpclient.netty.channel.ChannelManager - Adding key: http://localhost:41557 for channel [id: 0x606ef152, L:/127.0.0.1:54348 - R:localhost/127.0.0.1:41557]
18:21:48.319 [Forwarding findChildElement on session 7200920663eac18be101966e581c9db5 to remote] DEBUG org.asynchttpclient.netty.request.NettyRequestSender - Using pooled Channel '[id: 0x606ef152, L:/127.0.0.1:54348 - R:localhost/127.0.0.1:41557]' for 'POST' to 'http://localhost:41557/session/7200920663eac18be101966e581c9db5/element/cee58fb8-22e8-4e47-a80c-50867df7467f/element'
18:21:48.320 [Forwarding findChildElement on session 7200920663eac18be101966e581c9db5 to remote] DEBUG org.asynchttpclient.netty.request.NettyRequestSender - Using open Channel [id: 0x606ef152, L:/127.0.0.1:54348 - R:localhost/127.0.0.1:41557] for POST '/session/7200920663eac18be101966e581c9db5/element/cee58fb8-22e8-4e47-a80c-50867df7467f/element'
18:21:48.331 [AsyncHttpClient-1-5] DEBUG org.asynchttpclient.netty.handler.HttpHandler - 

Request DefaultHttpRequest(decodeResult: success, version: HTTP/1.1)
POST /session/7200920663eac18be101966e581c9db5/element/cee58fb8-22e8-4e47-a80c-50867df7467f/element HTTP/1.1
User-Agent: selenium/4.5.3 (java mac)
Content-Length: 106
Content-Type: application/json; charset=utf-8
host: localhost:41557
accept: */*

Response DefaultHttpResponse(decodeResult: success, version: HTTP/1.1)
HTTP/1.1 200 OK
Content-Length: 88
Content-Type: application/json; charset=utf-8
cache-control: no-cache

18:21:48.332 [AsyncHttpClient-1-5] DEBUG org.asynchttpclient.netty.channel.ChannelManager - Adding key: http://localhost:41557 for channel [id: 0x606ef152, L:/127.0.0.1:54348 - R:localhost/127.0.0.1:41557]
18:21:48.334 [Forwarding getElementText on session 7200920663eac18be101966e581c9db5 to remote] DEBUG org.asynchttpclient.netty.request.NettyRequestSender - Using pooled Channel '[id: 0x606ef152, L:/127.0.0.1:54348 - R:localhost/127.0.0.1:41557]' for 'GET' to 'http://localhost:41557/session/7200920663eac18be101966e581c9db5/element/6603db4b-c9bc-43c4-9885-3b08280f3af4/text'
18:21:48.334 [Forwarding getElementText on session 7200920663eac18be101966e581c9db5 to remote] DEBUG org.asynchttpclient.netty.request.NettyRequestSender - Using open Channel [id: 0x606ef152, L:/127.0.0.1:54348 - R:localhost/127.0.0.1:41557] for GET '/session/7200920663eac18be101966e581c9db5/element/6603db4b-c9bc-43c4-9885-3b08280f3af4/text'
18:21:48.369 [AsyncHttpClient-1-5] DEBUG org.asynchttpclient.netty.handler.HttpHandler - 

Request DefaultFullHttpRequest(decodeResult: success, version: HTTP/1.1, content: EmptyByteBufBE)
GET /session/7200920663eac18be101966e581c9db5/element/6603db4b-c9bc-43c4-9885-3b08280f3af4/text HTTP/1.1
User-Agent: selenium/4.5.3 (java mac)
Cache-Control: no-cache
Content-Type: application/json; charset=utf-8
host: localhost:41557
accept: */*

Response DefaultHttpResponse(decodeResult: success, version: HTTP/1.1)
HTTP/1.1 200 OK
Content-Length: 86
Content-Type: application/json; charset=utf-8
cache-control: no-cache

18:21:48.370 [AsyncHttpClient-1-5] DEBUG org.asynchttpclient.netty.channel.ChannelManager - Adding key: http://localhost:41557 for channel [id: 0x606ef152, L:/127.0.0.1:54348 - R:localhost/127.0.0.1:41557]
18:21:48.371 [Forwarding findChildElement on session 7200920663eac18be101966e581c9db5 to remote] DEBUG org.asynchttpclient.netty.request.NettyRequestSender - Using pooled Channel '[id: 0x606ef152, L:/127.0.0.1:54348 - R:localhost/127.0.0.1:41557]' for 'POST' to 'http://localhost:41557/session/7200920663eac18be101966e581c9db5/element/cee58fb8-22e8-4e47-a80c-50867df7467f/element'
18:21:48.371 [Forwarding findChildElement on session 7200920663eac18be101966e581c9db5 to remote] DEBUG org.asynchttpclient.netty.request.NettyRequestSender - Using open Channel [id: 0x606ef152, L:/127.0.0.1:54348 - R:localhost/127.0.0.1:41557] for POST '/session/7200920663eac18be101966e581c9db5/element/cee58fb8-22e8-4e47-a80c-50867df7467f/element'
18:21:48.384 [AsyncHttpClient-1-5] DEBUG org.asynchttpclient.netty.handler.HttpHandler - 

Request DefaultHttpRequest(decodeResult: success, version: HTTP/1.1)
POST /session/7200920663eac18be101966e581c9db5/element/cee58fb8-22e8-4e47-a80c-50867df7467f/element HTTP/1.1
User-Agent: selenium/4.5.3 (java mac)
Content-Length: 106
Content-Type: application/json; charset=utf-8
host: localhost:41557
accept: */*

Response DefaultHttpResponse(decodeResult: success, version: HTTP/1.1)
HTTP/1.1 200 OK
Content-Length: 88
Content-Type: application/json; charset=utf-8
cache-control: no-cache

18:21:48.384 [AsyncHttpClient-1-5] DEBUG org.asynchttpclient.netty.channel.ChannelManager - Adding key: http://localhost:41557 for channel [id: 0x606ef152, L:/127.0.0.1:54348 - R:localhost/127.0.0.1:41557]
18:21:48.386 [Forwarding getElementText on session 7200920663eac18be101966e581c9db5 to remote] DEBUG org.asynchttpclient.netty.request.NettyRequestSender - Using pooled Channel '[id: 0x606ef152, L:/127.0.0.1:54348 - R:localhost/127.0.0.1:41557]' for 'GET' to 'http://localhost:41557/session/7200920663eac18be101966e581c9db5/element/de62cf15-2d7d-4062-9a55-30bf1e5b4189/text'
18:21:48.386 [Forwarding getElementText on session 7200920663eac18be101966e581c9db5 to remote] DEBUG org.asynchttpclient.netty.request.NettyRequestSender - Using open Channel [id: 0x606ef152, L:/127.0.0.1:54348 - R:localhost/127.0.0.1:41557] for GET '/session/7200920663eac18be101966e581c9db5/element/de62cf15-2d7d-4062-9a55-30bf1e5b4189/text'
18:21:48.430 [AsyncHttpClient-1-5] DEBUG org.asynchttpclient.netty.handler.HttpHandler - 

Request DefaultFullHttpRequest(decodeResult: success, version: HTTP/1.1, content: EmptyByteBufBE)
GET /session/7200920663eac18be101966e581c9db5/element/de62cf15-2d7d-4062-9a55-30bf1e5b4189/text HTTP/1.1
User-Agent: selenium/4.5.3 (java mac)
Cache-Control: no-cache
Content-Type: application/json; charset=utf-8
host: localhost:41557
accept: */*

Response DefaultHttpResponse(decodeResult: success, version: HTTP/1.1)
HTTP/1.1 200 OK
Content-Length: 30
Content-Type: application/json; charset=utf-8
cache-control: no-cache

18:21:48.431 [AsyncHttpClient-1-5] DEBUG org.asynchttpclient.netty.channel.ChannelManager - Adding key: http://localhost:41557 for channel [id: 0x606ef152, L:/127.0.0.1:54348 - R:localhost/127.0.0.1:41557]
18:21:48.433 [Forwarding findChildElement on session 7200920663eac18be101966e581c9db5 to remote] DEBUG org.asynchttpclient.netty.request.NettyRequestSender - Using pooled Channel '[id: 0x606ef152, L:/127.0.0.1:54348 - R:localhost/127.0.0.1:41557]' for 'POST' to 'http://localhost:41557/session/7200920663eac18be101966e581c9db5/element/499f6bba-c814-4ab8-a16a-51285ca67a41/element'
18:21:48.433 [Forwarding findChildElement on session 7200920663eac18be101966e581c9db5 to remote] DEBUG org.asynchttpclient.netty.request.NettyRequestSender - Using open Channel [id: 0x606ef152, L:/127.0.0.1:54348 - R:localhost/127.0.0.1:41557] for POST '/session/7200920663eac18be101966e581c9db5/element/499f6bba-c814-4ab8-a16a-51285ca67a41/element'
18:21:48.510 [AsyncHttpClient-1-1] DEBUG org.asynchttpclient.netty.channel.DefaultChannelPool - Entry count for : http://localhost:54349 : 1
18:21:48.510 [AsyncHttpClient-1-1] DEBUG org.asynchttpclient.netty.channel.DefaultChannelPool - Entry count for : http://localhost:47544 : 1
18:21:48.570 [AsyncHttpClient-1-5] DEBUG org.asynchttpclient.netty.handler.HttpHandler - 

Request DefaultHttpRequest(decodeResult: success, version: HTTP/1.1)
POST /session/7200920663eac18be101966e581c9db5/element/499f6bba-c814-4ab8-a16a-51285ca67a41/element HTTP/1.1
User-Agent: selenium/4.5.3 (java mac)
Content-Length: 106
Content-Type: application/json; charset=utf-8
host: localhost:41557
accept: */*

Response DefaultHttpResponse(decodeResult: success, version: HTTP/1.1)
HTTP/1.1 200 OK
Content-Length: 88
Content-Type: application/json; charset=utf-8
cache-control: no-cache

18:21:48.571 [AsyncHttpClient-1-5] DEBUG org.asynchttpclient.netty.channel.ChannelManager - Adding key: http://localhost:41557 for channel [id: 0x606ef152, L:/127.0.0.1:54348 - R:localhost/127.0.0.1:41557]
18:21:48.573 [Forwarding getElementText on session 7200920663eac18be101966e581c9db5 to remote] DEBUG org.asynchttpclient.netty.request.NettyRequestSender - Using pooled Channel '[id: 0x606ef152, L:/127.0.0.1:54348 - R:localhost/127.0.0.1:41557]' for 'GET' to 'http://localhost:41557/session/7200920663eac18be101966e581c9db5/element/2b7d4fb1-ff4d-49f2-a218-c7afa40f6ecb/text'
18:21:48.573 [Forwarding getElementText on session 7200920663eac18be101966e581c9db5 to remote] DEBUG org.asynchttpclient.netty.request.NettyRequestSender - Using open Channel [id: 0x606ef152, L:/127.0.0.1:54348 - R:localhost/127.0.0.1:41557] for GET '/session/7200920663eac18be101966e581c9db5/element/2b7d4fb1-ff4d-49f2-a218-c7afa40f6ecb/text'
18:21:48.631 [AsyncHttpClient-1-5] DEBUG org.asynchttpclient.netty.handler.HttpHandler - 

Request DefaultFullHttpRequest(decodeResult: success, version: HTTP/1.1, content: EmptyByteBufBE)
GET /session/7200920663eac18be101966e581c9db5/element/2b7d4fb1-ff4d-49f2-a218-c7afa40f6ecb/text HTTP/1.1
User-Agent: selenium/4.5.3 (java mac)
Cache-Control: no-cache
Content-Type: application/json; charset=utf-8
host: localhost:41557
accept: */*

Response DefaultHttpResponse(decodeResult: success, version: HTTP/1.1)
HTTP/1.1 200 OK
Content-Length: 88
Content-Type: application/json; charset=utf-8
cache-control: no-cache

18:21:48.631 [AsyncHttpClient-1-5] DEBUG org.asynchttpclient.netty.channel.ChannelManager - Adding key: http://localhost:41557 for channel [id: 0x606ef152, L:/127.0.0.1:54348 - R:localhost/127.0.0.1:41557]
18:21:48.632 [Forwarding findChildElement on session 7200920663eac18be101966e581c9db5 to remote] DEBUG org.asynchttpclient.netty.request.NettyRequestSender - Using pooled Channel '[id: 0x606ef152, L:/127.0.0.1:54348 - R:localhost/127.0.0.1:41557]' for 'POST' to 'http://localhost:41557/session/7200920663eac18be101966e581c9db5/element/499f6bba-c814-4ab8-a16a-51285ca67a41/element'
18:21:48.633 [Forwarding findChildElement on session 7200920663eac18be101966e581c9db5 to remote] DEBUG org.asynchttpclient.netty.request.NettyRequestSender - Using open Channel [id: 0x606ef152, L:/127.0.0.1:54348 - R:localhost/127.0.0.1:41557] for POST '/session/7200920663eac18be101966e581c9db5/element/499f6bba-c814-4ab8-a16a-51285ca67a41/element'
18:21:48.651 [AsyncHttpClient-1-5] DEBUG org.asynchttpclient.netty.handler.HttpHandler - 

Request DefaultHttpRequest(decodeResult: success, version: HTTP/1.1)
POST /session/7200920663eac18be101966e581c9db5/element/499f6bba-c814-4ab8-a16a-51285ca67a41/element HTTP/1.1
User-Agent: selenium/4.5.3 (java mac)
Content-Length: 106
Content-Type: application/json; charset=utf-8
host: localhost:41557
accept: */*

Response DefaultHttpResponse(decodeResult: success, version: HTTP/1.1)
HTTP/1.1 200 OK
Content-Length: 88
Content-Type: application/json; charset=utf-8
cache-control: no-cache

18:21:48.651 [AsyncHttpClient-1-5] DEBUG org.asynchttpclient.netty.channel.ChannelManager - Adding key: http://localhost:41557 for channel [id: 0x606ef152, L:/127.0.0.1:54348 - R:localhost/127.0.0.1:41557]
18:21:48.652 [Forwarding getElementText on session 7200920663eac18be101966e581c9db5 to remote] DEBUG org.asynchttpclient.netty.request.NettyRequestSender - Using pooled Channel '[id: 0x606ef152, L:/127.0.0.1:54348 - R:localhost/127.0.0.1:41557]' for 'GET' to 'http://localhost:41557/session/7200920663eac18be101966e581c9db5/element/c3577e54-09fc-4a45-984a-fe3f86842125/text'
18:21:48.653 [Forwarding getElementText on session 7200920663eac18be101966e581c9db5 to remote] DEBUG org.asynchttpclient.netty.request.NettyRequestSender - Using open Channel [id: 0x606ef152, L:/127.0.0.1:54348 - R:localhost/127.0.0.1:41557] for GET '/session/7200920663eac18be101966e581c9db5/element/c3577e54-09fc-4a45-984a-fe3f86842125/text'
18:21:48.681 [AsyncHttpClient-1-5] DEBUG org.asynchttpclient.netty.handler.HttpHandler - 

Request DefaultFullHttpRequest(decodeResult: success, version: HTTP/1.1, content: EmptyByteBufBE)
GET /session/7200920663eac18be101966e581c9db5/element/c3577e54-09fc-4a45-984a-fe3f86842125/text HTTP/1.1
User-Agent: selenium/4.5.3 (java mac)
Cache-Control: no-cache
Content-Type: application/json; charset=utf-8
host: localhost:41557
accept: */*

Response DefaultHttpResponse(decodeResult: success, version: HTTP/1.1)
HTTP/1.1 200 OK
Content-Length: 19
Content-Type: application/json; charset=utf-8
cache-control: no-cache

18:21:48.681 [AsyncHttpClient-1-5] DEBUG org.asynchttpclient.netty.channel.ChannelManager - Adding key: http://localhost:41557 for channel [id: 0x606ef152, L:/127.0.0.1:54348 - R:localhost/127.0.0.1:41557]
18:21:48.683 [Forwarding findChildElement on session 7200920663eac18be101966e581c9db5 to remote] DEBUG org.asynchttpclient.netty.request.NettyRequestSender - Using pooled Channel '[id: 0x606ef152, L:/127.0.0.1:54348 - R:localhost/127.0.0.1:41557]' for 'POST' to 'http://localhost:41557/session/7200920663eac18be101966e581c9db5/element/e6674fad-3293-4a11-a6ee-f24e5b37aeff/element'
18:21:48.683 [Forwarding findChildElement on session 7200920663eac18be101966e581c9db5 to remote] DEBUG org.asynchttpclient.netty.request.NettyRequestSender - Using open Channel [id: 0x606ef152, L:/127.0.0.1:54348 - R:localhost/127.0.0.1:41557] for POST '/session/7200920663eac18be101966e581c9db5/element/e6674fad-3293-4a11-a6ee-f24e5b37aeff/element'
18:21:48.706 [AsyncHttpClient-1-5] DEBUG org.asynchttpclient.netty.handler.HttpHandler - 

Request DefaultHttpRequest(decodeResult: success, version: HTTP/1.1)
POST /session/7200920663eac18be101966e581c9db5/element/e6674fad-3293-4a11-a6ee-f24e5b37aeff/element HTTP/1.1
User-Agent: selenium/4.5.3 (java mac)
Content-Length: 106
Content-Type: application/json; charset=utf-8
host: localhost:41557
accept: */*

Response DefaultHttpResponse(decodeResult: success, version: HTTP/1.1)
HTTP/1.1 200 OK
Content-Length: 88
Content-Type: application/json; charset=utf-8
cache-control: no-cache

18:21:48.708 [AsyncHttpClient-1-5] DEBUG org.asynchttpclient.netty.channel.ChannelManager - Adding key: http://localhost:41557 for channel [id: 0x606ef152, L:/127.0.0.1:54348 - R:localhost/127.0.0.1:41557]
18:21:48.714 [Forwarding getElementText on session 7200920663eac18be101966e581c9db5 to remote] DEBUG org.asynchttpclient.netty.request.NettyRequestSender - Using pooled Channel '[id: 0x606ef152, L:/127.0.0.1:54348 - R:localhost/127.0.0.1:41557]' for 'GET' to 'http://localhost:41557/session/7200920663eac18be101966e581c9db5/element/06667e83-4d54-4252-9323-65d45f434d00/text'
18:21:48.714 [Forwarding getElementText on session 7200920663eac18be101966e581c9db5 to remote] DEBUG org.asynchttpclient.netty.request.NettyRequestSender - Using open Channel [id: 0x606ef152, L:/127.0.0.1:54348 - R:localhost/127.0.0.1:41557] for GET '/session/7200920663eac18be101966e581c9db5/element/06667e83-4d54-4252-9323-65d45f434d00/text'
18:21:48.777 [AsyncHttpClient-1-5] DEBUG org.asynchttpclient.netty.handler.HttpHandler - 

Request DefaultFullHttpRequest(decodeResult: success, version: HTTP/1.1, content: EmptyByteBufBE)
GET /session/7200920663eac18be101966e581c9db5/element/06667e83-4d54-4252-9323-65d45f434d00/text HTTP/1.1
User-Agent: selenium/4.5.3 (java mac)
Cache-Control: no-cache
Content-Type: application/json; charset=utf-8
host: localhost:41557
accept: */*

Response DefaultHttpResponse(decodeResult: success, version: HTTP/1.1)
HTTP/1.1 200 OK
Content-Length: 92
Content-Type: application/json; charset=utf-8
cache-control: no-cache

18:21:48.777 [AsyncHttpClient-1-5] DEBUG org.asynchttpclient.netty.channel.ChannelManager - Adding key: http://localhost:41557 for channel [id: 0x606ef152, L:/127.0.0.1:54348 - R:localhost/127.0.0.1:41557]
18:21:48.779 [Forwarding findChildElement on session 7200920663eac18be101966e581c9db5 to remote] DEBUG org.asynchttpclient.netty.request.NettyRequestSender - Using pooled Channel '[id: 0x606ef152, L:/127.0.0.1:54348 - R:localhost/127.0.0.1:41557]' for 'POST' to 'http://localhost:41557/session/7200920663eac18be101966e581c9db5/element/e6674fad-3293-4a11-a6ee-f24e5b37aeff/element'
18:21:48.779 [Forwarding findChildElement on session 7200920663eac18be101966e581c9db5 to remote] DEBUG org.asynchttpclient.netty.request.NettyRequestSender - Using open Channel [id: 0x606ef152, L:/127.0.0.1:54348 - R:localhost/127.0.0.1:41557] for POST '/session/7200920663eac18be101966e581c9db5/element/e6674fad-3293-4a11-a6ee-f24e5b37aeff/element'
18:21:48.802 [AsyncHttpClient-1-5] DEBUG org.asynchttpclient.netty.handler.HttpHandler - 

Request DefaultHttpRequest(decodeResult: success, version: HTTP/1.1)
POST /session/7200920663eac18be101966e581c9db5/element/e6674fad-3293-4a11-a6ee-f24e5b37aeff/element HTTP/1.1
User-Agent: selenium/4.5.3 (java mac)
Content-Length: 106
Content-Type: application/json; charset=utf-8
host: localhost:41557
accept: */*

Response DefaultHttpResponse(decodeResult: success, version: HTTP/1.1)
HTTP/1.1 200 OK
Content-Length: 88
Content-Type: application/json; charset=utf-8
cache-control: no-cache

18:21:48.802 [AsyncHttpClient-1-5] DEBUG org.asynchttpclient.netty.channel.ChannelManager - Adding key: http://localhost:41557 for channel [id: 0x606ef152, L:/127.0.0.1:54348 - R:localhost/127.0.0.1:41557]
18:21:48.803 [Forwarding getElementText on session 7200920663eac18be101966e581c9db5 to remote] DEBUG org.asynchttpclient.netty.request.NettyRequestSender - Using pooled Channel '[id: 0x606ef152, L:/127.0.0.1:54348 - R:localhost/127.0.0.1:41557]' for 'GET' to 'http://localhost:41557/session/7200920663eac18be101966e581c9db5/element/a23186a7-b0f9-41cf-9bdf-04e34fbce9c4/text'
18:21:48.803 [Forwarding getElementText on session 7200920663eac18be101966e581c9db5 to remote] DEBUG org.asynchttpclient.netty.request.NettyRequestSender - Using open Channel [id: 0x606ef152, L:/127.0.0.1:54348 - R:localhost/127.0.0.1:41557] for GET '/session/7200920663eac18be101966e581c9db5/element/a23186a7-b0f9-41cf-9bdf-04e34fbce9c4/text'
18:21:48.844 [AsyncHttpClient-1-5] DEBUG org.asynchttpclient.netty.handler.HttpHandler - 

Request DefaultFullHttpRequest(decodeResult: success, version: HTTP/1.1, content: EmptyByteBufBE)
GET /session/7200920663eac18be101966e581c9db5/element/a23186a7-b0f9-41cf-9bdf-04e34fbce9c4/text HTTP/1.1
User-Agent: selenium/4.5.3 (java mac)
Cache-Control: no-cache
Content-Type: application/json; charset=utf-8
host: localhost:41557
accept: */*

Response DefaultHttpResponse(decodeResult: success, version: HTTP/1.1)
HTTP/1.1 200 OK
Content-Length: 19
Content-Type: application/json; charset=utf-8
cache-control: no-cache

18:21:48.845 [AsyncHttpClient-1-5] DEBUG org.asynchttpclient.netty.channel.ChannelManager - Adding key: http://localhost:41557 for channel [id: 0x606ef152, L:/127.0.0.1:54348 - R:localhost/127.0.0.1:41557]
18:21:48.847 [Forwarding findChildElement on session 7200920663eac18be101966e581c9db5 to remote] DEBUG org.asynchttpclient.netty.request.NettyRequestSender - Using pooled Channel '[id: 0x606ef152, L:/127.0.0.1:54348 - R:localhost/127.0.0.1:41557]' for 'POST' to 'http://localhost:41557/session/7200920663eac18be101966e581c9db5/element/75291de9-cc65-414f-a500-d34fc815c610/element'
18:21:48.847 [Forwarding findChildElement on session 7200920663eac18be101966e581c9db5 to remote] DEBUG org.asynchttpclient.netty.request.NettyRequestSender - Using open Channel [id: 0x606ef152, L:/127.0.0.1:54348 - R:localhost/127.0.0.1:41557] for POST '/session/7200920663eac18be101966e581c9db5/element/75291de9-cc65-414f-a500-d34fc815c610/element'
18:21:48.902 [AsyncHttpClient-1-5] DEBUG org.asynchttpclient.netty.handler.HttpHandler - 

Request DefaultHttpRequest(decodeResult: success, version: HTTP/1.1)
POST /session/7200920663eac18be101966e581c9db5/element/75291de9-cc65-414f-a500-d34fc815c610/element HTTP/1.1
User-Agent: selenium/4.5.3 (java mac)
Content-Length: 106
Content-Type: application/json; charset=utf-8
host: localhost:41557
accept: */*

Response DefaultHttpResponse(decodeResult: success, version: HTTP/1.1)
HTTP/1.1 200 OK
Content-Length: 88
Content-Type: application/json; charset=utf-8
cache-control: no-cache

18:21:48.902 [AsyncHttpClient-1-5] DEBUG org.asynchttpclient.netty.channel.ChannelManager - Adding key: http://localhost:41557 for channel [id: 0x606ef152, L:/127.0.0.1:54348 - R:localhost/127.0.0.1:41557]
18:21:48.903 [Forwarding getElementText on session 7200920663eac18be101966e581c9db5 to remote] DEBUG org.asynchttpclient.netty.request.NettyRequestSender - Using pooled Channel '[id: 0x606ef152, L:/127.0.0.1:54348 - R:localhost/127.0.0.1:41557]' for 'GET' to 'http://localhost:41557/session/7200920663eac18be101966e581c9db5/element/dc2a8958-f9ee-4714-b14d-10674632b221/text'
18:21:48.903 [Forwarding getElementText on session 7200920663eac18be101966e581c9db5 to remote] DEBUG org.asynchttpclient.netty.request.NettyRequestSender - Using open Channel [id: 0x606ef152, L:/127.0.0.1:54348 - R:localhost/127.0.0.1:41557] for GET '/session/7200920663eac18be101966e581c9db5/element/dc2a8958-f9ee-4714-b14d-10674632b221/text'
18:21:48.922 [AsyncHttpClient-1-5] DEBUG org.asynchttpclient.netty.handler.HttpHandler - 

Request DefaultFullHttpRequest(decodeResult: success, version: HTTP/1.1, content: EmptyByteBufBE)
GET /session/7200920663eac18be101966e581c9db5/element/dc2a8958-f9ee-4714-b14d-10674632b221/text HTTP/1.1
User-Agent: selenium/4.5.3 (java mac)
Cache-Control: no-cache
Content-Type: application/json; charset=utf-8
host: localhost:41557
accept: */*

Response DefaultHttpResponse(decodeResult: success, version: HTTP/1.1)
HTTP/1.1 200 OK
Content-Length: 76
Content-Type: application/json; charset=utf-8
cache-control: no-cache

18:21:48.922 [AsyncHttpClient-1-5] DEBUG org.asynchttpclient.netty.channel.ChannelManager - Adding key: http://localhost:41557 for channel [id: 0x606ef152, L:/127.0.0.1:54348 - R:localhost/127.0.0.1:41557]
18:21:48.924 [Forwarding findChildElement on session 7200920663eac18be101966e581c9db5 to remote] DEBUG org.asynchttpclient.netty.request.NettyRequestSender - Using pooled Channel '[id: 0x606ef152, L:/127.0.0.1:54348 - R:localhost/127.0.0.1:41557]' for 'POST' to 'http://localhost:41557/session/7200920663eac18be101966e581c9db5/element/75291de9-cc65-414f-a500-d34fc815c610/element'
18:21:48.924 [Forwarding findChildElement on session 7200920663eac18be101966e581c9db5 to remote] DEBUG org.asynchttpclient.netty.request.NettyRequestSender - Using open Channel [id: 0x606ef152, L:/127.0.0.1:54348 - R:localhost/127.0.0.1:41557] for POST '/session/7200920663eac18be101966e581c9db5/element/75291de9-cc65-414f-a500-d34fc815c610/element'
18:21:48.976 [AsyncHttpClient-1-5] DEBUG org.asynchttpclient.netty.handler.HttpHandler - 

Request DefaultHttpRequest(decodeResult: success, version: HTTP/1.1)
POST /session/7200920663eac18be101966e581c9db5/element/75291de9-cc65-414f-a500-d34fc815c610/element HTTP/1.1
User-Agent: selenium/4.5.3 (java mac)
Content-Length: 106
Content-Type: application/json; charset=utf-8
host: localhost:41557
accept: */*

Response DefaultHttpResponse(decodeResult: success, version: HTTP/1.1)
HTTP/1.1 200 OK
Content-Length: 88
Content-Type: application/json; charset=utf-8
cache-control: no-cache

18:21:48.976 [AsyncHttpClient-1-5] DEBUG org.asynchttpclient.netty.channel.ChannelManager - Adding key: http://localhost:41557 for channel [id: 0x606ef152, L:/127.0.0.1:54348 - R:localhost/127.0.0.1:41557]
18:21:48.977 [Forwarding getElementText on session 7200920663eac18be101966e581c9db5 to remote] DEBUG org.asynchttpclient.netty.request.NettyRequestSender - Using pooled Channel '[id: 0x606ef152, L:/127.0.0.1:54348 - R:localhost/127.0.0.1:41557]' for 'GET' to 'http://localhost:41557/session/7200920663eac18be101966e581c9db5/element/586d6411-1c0b-4d88-935a-8c2a256109a6/text'
18:21:48.977 [Forwarding getElementText on session 7200920663eac18be101966e581c9db5 to remote] DEBUG org.asynchttpclient.netty.request.NettyRequestSender - Using open Channel [id: 0x606ef152, L:/127.0.0.1:54348 - R:localhost/127.0.0.1:41557] for GET '/session/7200920663eac18be101966e581c9db5/element/586d6411-1c0b-4d88-935a-8c2a256109a6/text'
18:21:49.018 [AsyncHttpClient-1-5] DEBUG org.asynchttpclient.netty.handler.HttpHandler - 

Request DefaultFullHttpRequest(decodeResult: success, version: HTTP/1.1, content: EmptyByteBufBE)
GET /session/7200920663eac18be101966e581c9db5/element/586d6411-1c0b-4d88-935a-8c2a256109a6/text HTTP/1.1
User-Agent: selenium/4.5.3 (java mac)
Cache-Control: no-cache
Content-Type: application/json; charset=utf-8
host: localhost:41557
accept: */*

Response DefaultHttpResponse(decodeResult: success, version: HTTP/1.1)
HTTP/1.1 200 OK
Content-Length: 19
Content-Type: application/json; charset=utf-8
cache-control: no-cache

18:21:49.019 [AsyncHttpClient-1-5] DEBUG org.asynchttpclient.netty.channel.ChannelManager - Adding key: http://localhost:41557 for channel [id: 0x606ef152, L:/127.0.0.1:54348 - R:localhost/127.0.0.1:41557]
18:21:49.020 [Forwarding findChildElement on session 7200920663eac18be101966e581c9db5 to remote] DEBUG org.asynchttpclient.netty.request.NettyRequestSender - Using pooled Channel '[id: 0x606ef152, L:/127.0.0.1:54348 - R:localhost/127.0.0.1:41557]' for 'POST' to 'http://localhost:41557/session/7200920663eac18be101966e581c9db5/element/15468f58-3f7b-4428-91b7-d38b466478b8/element'
18:21:49.020 [Forwarding findChildElement on session 7200920663eac18be101966e581c9db5 to remote] DEBUG org.asynchttpclient.netty.request.NettyRequestSender - Using open Channel [id: 0x606ef152, L:/127.0.0.1:54348 - R:localhost/127.0.0.1:41557] for POST '/session/7200920663eac18be101966e581c9db5/element/15468f58-3f7b-4428-91b7-d38b466478b8/element'
18:21:49.068 [AsyncHttpClient-1-5] DEBUG org.asynchttpclient.netty.handler.HttpHandler - 

Request DefaultHttpRequest(decodeResult: success, version: HTTP/1.1)
POST /session/7200920663eac18be101966e581c9db5/element/15468f58-3f7b-4428-91b7-d38b466478b8/element HTTP/1.1
User-Agent: selenium/4.5.3 (java mac)
Content-Length: 106
Content-Type: application/json; charset=utf-8
host: localhost:41557
accept: */*

Response DefaultHttpResponse(decodeResult: success, version: HTTP/1.1)
HTTP/1.1 200 OK
Content-Length: 88
Content-Type: application/json; charset=utf-8
cache-control: no-cache

18:21:49.068 [AsyncHttpClient-1-5] DEBUG org.asynchttpclient.netty.channel.ChannelManager - Adding key: http://localhost:41557 for channel [id: 0x606ef152, L:/127.0.0.1:54348 - R:localhost/127.0.0.1:41557]
18:21:49.069 [Forwarding getElementText on session 7200920663eac18be101966e581c9db5 to remote] DEBUG org.asynchttpclient.netty.request.NettyRequestSender - Using pooled Channel '[id: 0x606ef152, L:/127.0.0.1:54348 - R:localhost/127.0.0.1:41557]' for 'GET' to 'http://localhost:41557/session/7200920663eac18be101966e581c9db5/element/f8fddfa2-42a7-4f1b-b4c1-7ded88013458/text'
18:21:49.069 [Forwarding getElementText on session 7200920663eac18be101966e581c9db5 to remote] DEBUG org.asynchttpclient.netty.request.NettyRequestSender - Using open Channel [id: 0x606ef152, L:/127.0.0.1:54348 - R:localhost/127.0.0.1:41557] for GET '/session/7200920663eac18be101966e581c9db5/element/f8fddfa2-42a7-4f1b-b4c1-7ded88013458/text'
18:21:49.173 [AsyncHttpClient-1-5] DEBUG org.asynchttpclient.netty.handler.HttpHandler - 

Request DefaultFullHttpRequest(decodeResult: success, version: HTTP/1.1, content: EmptyByteBufBE)
GET /session/7200920663eac18be101966e581c9db5/element/f8fddfa2-42a7-4f1b-b4c1-7ded88013458/text HTTP/1.1
User-Agent: selenium/4.5.3 (java mac)
Cache-Control: no-cache
Content-Type: application/json; charset=utf-8
host: localhost:41557
accept: */*

Response DefaultHttpResponse(decodeResult: success, version: HTTP/1.1)
HTTP/1.1 200 OK
Content-Length: 81
Content-Type: application/json; charset=utf-8
cache-control: no-cache

18:21:49.173 [AsyncHttpClient-1-5] DEBUG org.asynchttpclient.netty.channel.ChannelManager - Adding key: http://localhost:41557 for channel [id: 0x606ef152, L:/127.0.0.1:54348 - R:localhost/127.0.0.1:41557]
18:21:49.175 [Forwarding findChildElement on session 7200920663eac18be101966e581c9db5 to remote] DEBUG org.asynchttpclient.netty.request.NettyRequestSender - Using pooled Channel '[id: 0x606ef152, L:/127.0.0.1:54348 - R:localhost/127.0.0.1:41557]' for 'POST' to 'http://localhost:41557/session/7200920663eac18be101966e581c9db5/element/15468f58-3f7b-4428-91b7-d38b466478b8/element'
18:21:49.175 [Forwarding findChildElement on session 7200920663eac18be101966e581c9db5 to remote] DEBUG org.asynchttpclient.netty.request.NettyRequestSender - Using open Channel [id: 0x606ef152, L:/127.0.0.1:54348 - R:localhost/127.0.0.1:41557] for POST '/session/7200920663eac18be101966e581c9db5/element/15468f58-3f7b-4428-91b7-d38b466478b8/element'
18:21:49.195 [AsyncHttpClient-1-5] DEBUG org.asynchttpclient.netty.handler.HttpHandler - 

Request DefaultHttpRequest(decodeResult: success, version: HTTP/1.1)
POST /session/7200920663eac18be101966e581c9db5/element/15468f58-3f7b-4428-91b7-d38b466478b8/element HTTP/1.1
User-Agent: selenium/4.5.3 (java mac)
Content-Length: 106
Content-Type: application/json; charset=utf-8
host: localhost:41557
accept: */*

Response DefaultHttpResponse(decodeResult: success, version: HTTP/1.1)
HTTP/1.1 200 OK
Content-Length: 88
Content-Type: application/json; charset=utf-8
cache-control: no-cache

18:21:49.195 [AsyncHttpClient-1-5] DEBUG org.asynchttpclient.netty.channel.ChannelManager - Adding key: http://localhost:41557 for channel [id: 0x606ef152, L:/127.0.0.1:54348 - R:localhost/127.0.0.1:41557]
18:21:49.196 [Forwarding getElementText on session 7200920663eac18be101966e581c9db5 to remote] DEBUG org.asynchttpclient.netty.request.NettyRequestSender - Using pooled Channel '[id: 0x606ef152, L:/127.0.0.1:54348 - R:localhost/127.0.0.1:41557]' for 'GET' to 'http://localhost:41557/session/7200920663eac18be101966e581c9db5/element/79b77ea6-1bc3-46d7-b55e-a6126030a075/text'
18:21:49.196 [Forwarding getElementText on session 7200920663eac18be101966e581c9db5 to remote] DEBUG org.asynchttpclient.netty.request.NettyRequestSender - Using open Channel [id: 0x606ef152, L:/127.0.0.1:54348 - R:localhost/127.0.0.1:41557] for GET '/session/7200920663eac18be101966e581c9db5/element/79b77ea6-1bc3-46d7-b55e-a6126030a075/text'
18:21:49.256 [AsyncHttpClient-1-5] DEBUG org.asynchttpclient.netty.handler.HttpHandler - 

Request DefaultFullHttpRequest(decodeResult: success, version: HTTP/1.1, content: EmptyByteBufBE)
GET /session/7200920663eac18be101966e581c9db5/element/79b77ea6-1bc3-46d7-b55e-a6126030a075/text HTTP/1.1
User-Agent: selenium/4.5.3 (java mac)
Cache-Control: no-cache
Content-Type: application/json; charset=utf-8
host: localhost:41557
accept: */*

Response DefaultHttpResponse(decodeResult: success, version: HTTP/1.1)
HTTP/1.1 200 OK
Content-Length: 19
Content-Type: application/json; charset=utf-8
cache-control: no-cache

18:21:49.256 [AsyncHttpClient-1-5] DEBUG org.asynchttpclient.netty.channel.ChannelManager - Adding key: http://localhost:41557 for channel [id: 0x606ef152, L:/127.0.0.1:54348 - R:localhost/127.0.0.1:41557]
18:21:49.258 [Forwarding findChildElement on session 7200920663eac18be101966e581c9db5 to remote] DEBUG org.asynchttpclient.netty.request.NettyRequestSender - Using pooled Channel '[id: 0x606ef152, L:/127.0.0.1:54348 - R:localhost/127.0.0.1:41557]' for 'POST' to 'http://localhost:41557/session/7200920663eac18be101966e581c9db5/element/1bdf3c64-7673-49d9-854b-ab4c151c0811/element'
18:21:49.258 [Forwarding findChildElement on session 7200920663eac18be101966e581c9db5 to remote] DEBUG org.asynchttpclient.netty.request.NettyRequestSender - Using open Channel [id: 0x606ef152, L:/127.0.0.1:54348 - R:localhost/127.0.0.1:41557] for POST '/session/7200920663eac18be101966e581c9db5/element/1bdf3c64-7673-49d9-854b-ab4c151c0811/element'
18:21:49.271 [AsyncHttpClient-1-5] DEBUG org.asynchttpclient.netty.handler.HttpHandler - 

Request DefaultHttpRequest(decodeResult: success, version: HTTP/1.1)
POST /session/7200920663eac18be101966e581c9db5/element/1bdf3c64-7673-49d9-854b-ab4c151c0811/element HTTP/1.1
User-Agent: selenium/4.5.3 (java mac)
Content-Length: 106
Content-Type: application/json; charset=utf-8
host: localhost:41557
accept: */*

Response DefaultHttpResponse(decodeResult: success, version: HTTP/1.1)
HTTP/1.1 200 OK
Content-Length: 88
Content-Type: application/json; charset=utf-8
cache-control: no-cache

18:21:49.272 [AsyncHttpClient-1-5] DEBUG org.asynchttpclient.netty.channel.ChannelManager - Adding key: http://localhost:41557 for channel [id: 0x606ef152, L:/127.0.0.1:54348 - R:localhost/127.0.0.1:41557]
18:21:49.272 [Forwarding getElementText on session 7200920663eac18be101966e581c9db5 to remote] DEBUG org.asynchttpclient.netty.request.NettyRequestSender - Using pooled Channel '[id: 0x606ef152, L:/127.0.0.1:54348 - R:localhost/127.0.0.1:41557]' for 'GET' to 'http://localhost:41557/session/7200920663eac18be101966e581c9db5/element/cd101655-8adb-4e7f-acbb-e82f8505e694/text'
18:21:49.272 [Forwarding getElementText on session 7200920663eac18be101966e581c9db5 to remote] DEBUG org.asynchttpclient.netty.request.NettyRequestSender - Using open Channel [id: 0x606ef152, L:/127.0.0.1:54348 - R:localhost/127.0.0.1:41557] for GET '/session/7200920663eac18be101966e581c9db5/element/cd101655-8adb-4e7f-acbb-e82f8505e694/text'
18:21:49.304 [AsyncHttpClient-1-5] DEBUG org.asynchttpclient.netty.handler.HttpHandler - 

Request DefaultFullHttpRequest(decodeResult: success, version: HTTP/1.1, content: EmptyByteBufBE)
GET /session/7200920663eac18be101966e581c9db5/element/cd101655-8adb-4e7f-acbb-e82f8505e694/text HTTP/1.1
User-Agent: selenium/4.5.3 (java mac)
Cache-Control: no-cache
Content-Type: application/json; charset=utf-8
host: localhost:41557
accept: */*

Response DefaultHttpResponse(decodeResult: success, version: HTTP/1.1)
HTTP/1.1 200 OK
Content-Length: 72
Content-Type: application/json; charset=utf-8
cache-control: no-cache

18:21:49.304 [AsyncHttpClient-1-5] DEBUG org.asynchttpclient.netty.channel.ChannelManager - Adding key: http://localhost:41557 for channel [id: 0x606ef152, L:/127.0.0.1:54348 - R:localhost/127.0.0.1:41557]
18:21:49.306 [Forwarding findChildElement on session 7200920663eac18be101966e581c9db5 to remote] DEBUG org.asynchttpclient.netty.request.NettyRequestSender - Using pooled Channel '[id: 0x606ef152, L:/127.0.0.1:54348 - R:localhost/127.0.0.1:41557]' for 'POST' to 'http://localhost:41557/session/7200920663eac18be101966e581c9db5/element/1bdf3c64-7673-49d9-854b-ab4c151c0811/element'
18:21:49.306 [Forwarding findChildElement on session 7200920663eac18be101966e581c9db5 to remote] DEBUG org.asynchttpclient.netty.request.NettyRequestSender - Using open Channel [id: 0x606ef152, L:/127.0.0.1:54348 - R:localhost/127.0.0.1:41557] for POST '/session/7200920663eac18be101966e581c9db5/element/1bdf3c64-7673-49d9-854b-ab4c151c0811/element'
18:21:49.331 [AsyncHttpClient-1-5] DEBUG org.asynchttpclient.netty.handler.HttpHandler - 

Request DefaultHttpRequest(decodeResult: success, version: HTTP/1.1)
POST /session/7200920663eac18be101966e581c9db5/element/1bdf3c64-7673-49d9-854b-ab4c151c0811/element HTTP/1.1
User-Agent: selenium/4.5.3 (java mac)
Content-Length: 106
Content-Type: application/json; charset=utf-8
host: localhost:41557
accept: */*

Response DefaultHttpResponse(decodeResult: success, version: HTTP/1.1)
HTTP/1.1 200 OK
Content-Length: 88
Content-Type: application/json; charset=utf-8
cache-control: no-cache

18:21:49.331 [AsyncHttpClient-1-5] DEBUG org.asynchttpclient.netty.channel.ChannelManager - Adding key: http://localhost:41557 for channel [id: 0x606ef152, L:/127.0.0.1:54348 - R:localhost/127.0.0.1:41557]
18:21:49.332 [Forwarding getElementText on session 7200920663eac18be101966e581c9db5 to remote] DEBUG org.asynchttpclient.netty.request.NettyRequestSender - Using pooled Channel '[id: 0x606ef152, L:/127.0.0.1:54348 - R:localhost/127.0.0.1:41557]' for 'GET' to 'http://localhost:41557/session/7200920663eac18be101966e581c9db5/element/9b5294fe-efce-460b-ba01-d65b8e44cd5b/text'
18:21:49.332 [Forwarding getElementText on session 7200920663eac18be101966e581c9db5 to remote] DEBUG org.asynchttpclient.netty.request.NettyRequestSender - Using open Channel [id: 0x606ef152, L:/127.0.0.1:54348 - R:localhost/127.0.0.1:41557] for GET '/session/7200920663eac18be101966e581c9db5/element/9b5294fe-efce-460b-ba01-d65b8e44cd5b/text'
18:21:49.471 [AsyncHttpClient-1-5] DEBUG org.asynchttpclient.netty.handler.HttpHandler - 

Request DefaultFullHttpRequest(decodeResult: success, version: HTTP/1.1, content: EmptyByteBufBE)
GET /session/7200920663eac18be101966e581c9db5/element/9b5294fe-efce-460b-ba01-d65b8e44cd5b/text HTTP/1.1
User-Agent: selenium/4.5.3 (java mac)
Cache-Control: no-cache
Content-Type: application/json; charset=utf-8
host: localhost:41557
accept: */*

Response DefaultHttpResponse(decodeResult: success, version: HTTP/1.1)
HTTP/1.1 200 OK
Content-Length: 19
Content-Type: application/json; charset=utf-8
cache-control: no-cache

18:21:49.472 [AsyncHttpClient-1-5] DEBUG org.asynchttpclient.netty.channel.ChannelManager - Adding key: http://localhost:41557 for channel [id: 0x606ef152, L:/127.0.0.1:54348 - R:localhost/127.0.0.1:41557]
18:21:49.473 [Forwarding findChildElement on session 7200920663eac18be101966e581c9db5 to remote] DEBUG org.asynchttpclient.netty.request.NettyRequestSender - Using pooled Channel '[id: 0x606ef152, L:/127.0.0.1:54348 - R:localhost/127.0.0.1:41557]' for 'POST' to 'http://localhost:41557/session/7200920663eac18be101966e581c9db5/element/455f1546-6fb8-4910-82a8-4a22ea802f33/element'
18:21:49.473 [Forwarding findChildElement on session 7200920663eac18be101966e581c9db5 to remote] DEBUG org.asynchttpclient.netty.request.NettyRequestSender - Using open Channel [id: 0x606ef152, L:/127.0.0.1:54348 - R:localhost/127.0.0.1:41557] for POST '/session/7200920663eac18be101966e581c9db5/element/455f1546-6fb8-4910-82a8-4a22ea802f33/element'
18:21:49.501 [AsyncHttpClient-1-5] DEBUG org.asynchttpclient.netty.handler.HttpHandler - 

Request DefaultHttpRequest(decodeResult: success, version: HTTP/1.1)
POST /session/7200920663eac18be101966e581c9db5/element/455f1546-6fb8-4910-82a8-4a22ea802f33/element HTTP/1.1
User-Agent: selenium/4.5.3 (java mac)
Content-Length: 106
Content-Type: application/json; charset=utf-8
host: localhost:41557
accept: */*

Response DefaultHttpResponse(decodeResult: success, version: HTTP/1.1)
HTTP/1.1 200 OK
Content-Length: 88
Content-Type: application/json; charset=utf-8
cache-control: no-cache

18:21:49.501 [AsyncHttpClient-1-5] DEBUG org.asynchttpclient.netty.channel.ChannelManager - Adding key: http://localhost:41557 for channel [id: 0x606ef152, L:/127.0.0.1:54348 - R:localhost/127.0.0.1:41557]
18:21:49.502 [Forwarding getElementText on session 7200920663eac18be101966e581c9db5 to remote] DEBUG org.asynchttpclient.netty.request.NettyRequestSender - Using pooled Channel '[id: 0x606ef152, L:/127.0.0.1:54348 - R:localhost/127.0.0.1:41557]' for 'GET' to 'http://localhost:41557/session/7200920663eac18be101966e581c9db5/element/9f20ac7b-60f3-4944-bc20-a0c065ff586b/text'
18:21:49.502 [Forwarding getElementText on session 7200920663eac18be101966e581c9db5 to remote] DEBUG org.asynchttpclient.netty.request.NettyRequestSender - Using open Channel [id: 0x606ef152, L:/127.0.0.1:54348 - R:localhost/127.0.0.1:41557] for GET '/session/7200920663eac18be101966e581c9db5/element/9f20ac7b-60f3-4944-bc20-a0c065ff586b/text'
18:21:49.541 [AsyncHttpClient-1-5] DEBUG org.asynchttpclient.netty.handler.HttpHandler - 

Request DefaultFullHttpRequest(decodeResult: success, version: HTTP/1.1, content: EmptyByteBufBE)
GET /session/7200920663eac18be101966e581c9db5/element/9f20ac7b-60f3-4944-bc20-a0c065ff586b/text HTTP/1.1
User-Agent: selenium/4.5.3 (java mac)
Cache-Control: no-cache
Content-Type: application/json; charset=utf-8
host: localhost:41557
accept: */*

Response DefaultHttpResponse(decodeResult: success, version: HTTP/1.1)
HTTP/1.1 200 OK
Content-Length: 91
Content-Type: application/json; charset=utf-8
cache-control: no-cache

18:21:49.541 [AsyncHttpClient-1-5] DEBUG org.asynchttpclient.netty.channel.ChannelManager - Adding key: http://localhost:41557 for channel [id: 0x606ef152, L:/127.0.0.1:54348 - R:localhost/127.0.0.1:41557]
18:21:49.542 [Forwarding findChildElement on session 7200920663eac18be101966e581c9db5 to remote] DEBUG org.asynchttpclient.netty.request.NettyRequestSender - Using pooled Channel '[id: 0x606ef152, L:/127.0.0.1:54348 - R:localhost/127.0.0.1:41557]' for 'POST' to 'http://localhost:41557/session/7200920663eac18be101966e581c9db5/element/455f1546-6fb8-4910-82a8-4a22ea802f33/element'
18:21:49.542 [Forwarding findChildElement on session 7200920663eac18be101966e581c9db5 to remote] DEBUG org.asynchttpclient.netty.request.NettyRequestSender - Using open Channel [id: 0x606ef152, L:/127.0.0.1:54348 - R:localhost/127.0.0.1:41557] for POST '/session/7200920663eac18be101966e581c9db5/element/455f1546-6fb8-4910-82a8-4a22ea802f33/element'
18:21:49.568 [AsyncHttpClient-1-5] DEBUG org.asynchttpclient.netty.handler.HttpHandler - 

Request DefaultHttpRequest(decodeResult: success, version: HTTP/1.1)
POST /session/7200920663eac18be101966e581c9db5/element/455f1546-6fb8-4910-82a8-4a22ea802f33/element HTTP/1.1
User-Agent: selenium/4.5.3 (java mac)
Content-Length: 106
Content-Type: application/json; charset=utf-8
host: localhost:41557
accept: */*

Response DefaultHttpResponse(decodeResult: success, version: HTTP/1.1)
HTTP/1.1 200 OK
Content-Length: 88
Content-Type: application/json; charset=utf-8
cache-control: no-cache

18:21:49.568 [AsyncHttpClient-1-5] DEBUG org.asynchttpclient.netty.channel.ChannelManager - Adding key: http://localhost:41557 for channel [id: 0x606ef152, L:/127.0.0.1:54348 - R:localhost/127.0.0.1:41557]
18:21:49.569 [Forwarding getElementText on session 7200920663eac18be101966e581c9db5 to remote] DEBUG org.asynchttpclient.netty.request.NettyRequestSender - Using pooled Channel '[id: 0x606ef152, L:/127.0.0.1:54348 - R:localhost/127.0.0.1:41557]' for 'GET' to 'http://localhost:41557/session/7200920663eac18be101966e581c9db5/element/7621b51c-1618-472f-a83a-209eb2b4b4b7/text'
18:21:49.569 [Forwarding getElementText on session 7200920663eac18be101966e581c9db5 to remote] DEBUG org.asynchttpclient.netty.request.NettyRequestSender - Using open Channel [id: 0x606ef152, L:/127.0.0.1:54348 - R:localhost/127.0.0.1:41557] for GET '/session/7200920663eac18be101966e581c9db5/element/7621b51c-1618-472f-a83a-209eb2b4b4b7/text'
18:21:49.603 [AsyncHttpClient-1-5] DEBUG org.asynchttpclient.netty.handler.HttpHandler - 

Request DefaultFullHttpRequest(decodeResult: success, version: HTTP/1.1, content: EmptyByteBufBE)
GET /session/7200920663eac18be101966e581c9db5/element/7621b51c-1618-472f-a83a-209eb2b4b4b7/text HTTP/1.1
User-Agent: selenium/4.5.3 (java mac)
Cache-Control: no-cache
Content-Type: application/json; charset=utf-8
host: localhost:41557
accept: */*

Response DefaultHttpResponse(decodeResult: success, version: HTTP/1.1)
HTTP/1.1 200 OK
Content-Length: 19
Content-Type: application/json; charset=utf-8
cache-control: no-cache

18:21:49.603 [AsyncHttpClient-1-5] DEBUG org.asynchttpclient.netty.channel.ChannelManager - Adding key: http://localhost:41557 for channel [id: 0x606ef152, L:/127.0.0.1:54348 - R:localhost/127.0.0.1:41557]
18:21:49.604 [Forwarding findChildElement on session 7200920663eac18be101966e581c9db5 to remote] DEBUG org.asynchttpclient.netty.request.NettyRequestSender - Using pooled Channel '[id: 0x606ef152, L:/127.0.0.1:54348 - R:localhost/127.0.0.1:41557]' for 'POST' to 'http://localhost:41557/session/7200920663eac18be101966e581c9db5/element/d696424d-6c8c-4d99-b1cb-de0633ccbf6b/element'
18:21:49.604 [Forwarding findChildElement on session 7200920663eac18be101966e581c9db5 to remote] DEBUG org.asynchttpclient.netty.request.NettyRequestSender - Using open Channel [id: 0x606ef152, L:/127.0.0.1:54348 - R:localhost/127.0.0.1:41557] for POST '/session/7200920663eac18be101966e581c9db5/element/d696424d-6c8c-4d99-b1cb-de0633ccbf6b/element'
18:21:49.613 [AsyncHttpClient-1-1] DEBUG org.asynchttpclient.netty.channel.DefaultChannelPool - Entry count for : http://localhost:54349 : 1
18:21:49.613 [AsyncHttpClient-1-1] DEBUG org.asynchttpclient.netty.channel.DefaultChannelPool - Entry count for : http://localhost:47544 : 1
18:21:49.623 [AsyncHttpClient-1-5] DEBUG org.asynchttpclient.netty.handler.HttpHandler - 

Request DefaultHttpRequest(decodeResult: success, version: HTTP/1.1)
POST /session/7200920663eac18be101966e581c9db5/element/d696424d-6c8c-4d99-b1cb-de0633ccbf6b/element HTTP/1.1
User-Agent: selenium/4.5.3 (java mac)
Content-Length: 106
Content-Type: application/json; charset=utf-8
host: localhost:41557
accept: */*

Response DefaultHttpResponse(decodeResult: success, version: HTTP/1.1)
HTTP/1.1 200 OK
Content-Length: 88
Content-Type: application/json; charset=utf-8
cache-control: no-cache

18:21:49.623 [AsyncHttpClient-1-5] DEBUG org.asynchttpclient.netty.channel.ChannelManager - Adding key: http://localhost:41557 for channel [id: 0x606ef152, L:/127.0.0.1:54348 - R:localhost/127.0.0.1:41557]
18:21:49.624 [Forwarding getElementText on session 7200920663eac18be101966e581c9db5 to remote] DEBUG org.asynchttpclient.netty.request.NettyRequestSender - Using pooled Channel '[id: 0x606ef152, L:/127.0.0.1:54348 - R:localhost/127.0.0.1:41557]' for 'GET' to 'http://localhost:41557/session/7200920663eac18be101966e581c9db5/element/52ed7aa3-4df9-451b-9b39-a085f2c1115e/text'
18:21:49.624 [Forwarding getElementText on session 7200920663eac18be101966e581c9db5 to remote] DEBUG org.asynchttpclient.netty.request.NettyRequestSender - Using open Channel [id: 0x606ef152, L:/127.0.0.1:54348 - R:localhost/127.0.0.1:41557] for GET '/session/7200920663eac18be101966e581c9db5/element/52ed7aa3-4df9-451b-9b39-a085f2c1115e/text'
18:21:49.713 [AsyncHttpClient-1-5] DEBUG org.asynchttpclient.netty.handler.HttpHandler - 

Request DefaultFullHttpRequest(decodeResult: success, version: HTTP/1.1, content: EmptyByteBufBE)
GET /session/7200920663eac18be101966e581c9db5/element/52ed7aa3-4df9-451b-9b39-a085f2c1115e/text HTTP/1.1
User-Agent: selenium/4.5.3 (java mac)
Cache-Control: no-cache
Content-Type: application/json; charset=utf-8
host: localhost:41557
accept: */*

Response DefaultHttpResponse(decodeResult: success, version: HTTP/1.1)
HTTP/1.1 200 OK
Content-Length: 91
Content-Type: application/json; charset=utf-8
cache-control: no-cache

18:21:49.714 [AsyncHttpClient-1-5] DEBUG org.asynchttpclient.netty.channel.ChannelManager - Adding key: http://localhost:41557 for channel [id: 0x606ef152, L:/127.0.0.1:54348 - R:localhost/127.0.0.1:41557]
18:21:49.715 [Forwarding findChildElement on session 7200920663eac18be101966e581c9db5 to remote] DEBUG org.asynchttpclient.netty.request.NettyRequestSender - Using pooled Channel '[id: 0x606ef152, L:/127.0.0.1:54348 - R:localhost/127.0.0.1:41557]' for 'POST' to 'http://localhost:41557/session/7200920663eac18be101966e581c9db5/element/d696424d-6c8c-4d99-b1cb-de0633ccbf6b/element'
18:21:49.715 [Forwarding findChildElement on session 7200920663eac18be101966e581c9db5 to remote] DEBUG org.asynchttpclient.netty.request.NettyRequestSender - Using open Channel [id: 0x606ef152, L:/127.0.0.1:54348 - R:localhost/127.0.0.1:41557] for POST '/session/7200920663eac18be101966e581c9db5/element/d696424d-6c8c-4d99-b1cb-de0633ccbf6b/element'
18:21:49.773 [AsyncHttpClient-1-5] DEBUG org.asynchttpclient.netty.handler.HttpHandler - 

Request DefaultHttpRequest(decodeResult: success, version: HTTP/1.1)
POST /session/7200920663eac18be101966e581c9db5/element/d696424d-6c8c-4d99-b1cb-de0633ccbf6b/element HTTP/1.1
User-Agent: selenium/4.5.3 (java mac)
Content-Length: 106
Content-Type: application/json; charset=utf-8
host: localhost:41557
accept: */*

Response DefaultHttpResponse(decodeResult: success, version: HTTP/1.1)
HTTP/1.1 200 OK
Content-Length: 88
Content-Type: application/json; charset=utf-8
cache-control: no-cache

18:21:49.773 [AsyncHttpClient-1-5] DEBUG org.asynchttpclient.netty.channel.ChannelManager - Adding key: http://localhost:41557 for channel [id: 0x606ef152, L:/127.0.0.1:54348 - R:localhost/127.0.0.1:41557]
18:21:49.774 [Forwarding getElementText on session 7200920663eac18be101966e581c9db5 to remote] DEBUG org.asynchttpclient.netty.request.NettyRequestSender - Using pooled Channel '[id: 0x606ef152, L:/127.0.0.1:54348 - R:localhost/127.0.0.1:41557]' for 'GET' to 'http://localhost:41557/session/7200920663eac18be101966e581c9db5/element/0367937d-5ca8-4f31-836d-e47e2d4013e8/text'
18:21:49.774 [Forwarding getElementText on session 7200920663eac18be101966e581c9db5 to remote] DEBUG org.asynchttpclient.netty.request.NettyRequestSender - Using open Channel [id: 0x606ef152, L:/127.0.0.1:54348 - R:localhost/127.0.0.1:41557] for GET '/session/7200920663eac18be101966e581c9db5/element/0367937d-5ca8-4f31-836d-e47e2d4013e8/text'
18:21:49.910 [AsyncHttpClient-1-5] DEBUG org.asynchttpclient.netty.handler.HttpHandler - 

Request DefaultFullHttpRequest(decodeResult: success, version: HTTP/1.1, content: EmptyByteBufBE)
GET /session/7200920663eac18be101966e581c9db5/element/0367937d-5ca8-4f31-836d-e47e2d4013e8/text HTTP/1.1
User-Agent: selenium/4.5.3 (java mac)
Cache-Control: no-cache
Content-Type: application/json; charset=utf-8
host: localhost:41557
accept: */*

Response DefaultHttpResponse(decodeResult: success, version: HTTP/1.1)
HTTP/1.1 200 OK
Content-Length: 19
Content-Type: application/json; charset=utf-8
cache-control: no-cache

18:21:49.910 [AsyncHttpClient-1-5] DEBUG org.asynchttpclient.netty.channel.ChannelManager - Adding key: http://localhost:41557 for channel [id: 0x606ef152, L:/127.0.0.1:54348 - R:localhost/127.0.0.1:41557]
18:21:49.911 [Forwarding findChildElement on session 7200920663eac18be101966e581c9db5 to remote] DEBUG org.asynchttpclient.netty.request.NettyRequestSender - Using pooled Channel '[id: 0x606ef152, L:/127.0.0.1:54348 - R:localhost/127.0.0.1:41557]' for 'POST' to 'http://localhost:41557/session/7200920663eac18be101966e581c9db5/element/78682e34-4379-469e-b01b-d8793c833731/element'
18:21:49.911 [Forwarding findChildElement on session 7200920663eac18be101966e581c9db5 to remote] DEBUG org.asynchttpclient.netty.request.NettyRequestSender - Using open Channel [id: 0x606ef152, L:/127.0.0.1:54348 - R:localhost/127.0.0.1:41557] for POST '/session/7200920663eac18be101966e581c9db5/element/78682e34-4379-469e-b01b-d8793c833731/element'
18:21:49.947 [AsyncHttpClient-1-5] DEBUG org.asynchttpclient.netty.handler.HttpHandler - 

Request DefaultHttpRequest(decodeResult: success, version: HTTP/1.1)
POST /session/7200920663eac18be101966e581c9db5/element/78682e34-4379-469e-b01b-d8793c833731/element HTTP/1.1
User-Agent: selenium/4.5.3 (java mac)
Content-Length: 106
Content-Type: application/json; charset=utf-8
host: localhost:41557
accept: */*

Response DefaultHttpResponse(decodeResult: success, version: HTTP/1.1)
HTTP/1.1 200 OK
Content-Length: 88
Content-Type: application/json; charset=utf-8
cache-control: no-cache

18:21:49.947 [AsyncHttpClient-1-5] DEBUG org.asynchttpclient.netty.channel.ChannelManager - Adding key: http://localhost:41557 for channel [id: 0x606ef152, L:/127.0.0.1:54348 - R:localhost/127.0.0.1:41557]
18:21:49.948 [Forwarding getElementText on session 7200920663eac18be101966e581c9db5 to remote] DEBUG org.asynchttpclient.netty.request.NettyRequestSender - Using pooled Channel '[id: 0x606ef152, L:/127.0.0.1:54348 - R:localhost/127.0.0.1:41557]' for 'GET' to 'http://localhost:41557/session/7200920663eac18be101966e581c9db5/element/60480b85-24fa-4d25-afd3-d8c051123734/text'
18:21:49.948 [Forwarding getElementText on session 7200920663eac18be101966e581c9db5 to remote] DEBUG org.asynchttpclient.netty.request.NettyRequestSender - Using open Channel [id: 0x606ef152, L:/127.0.0.1:54348 - R:localhost/127.0.0.1:41557] for GET '/session/7200920663eac18be101966e581c9db5/element/60480b85-24fa-4d25-afd3-d8c051123734/text'
18:21:49.984 [AsyncHttpClient-1-5] DEBUG org.asynchttpclient.netty.handler.HttpHandler - 

Request DefaultFullHttpRequest(decodeResult: success, version: HTTP/1.1, content: EmptyByteBufBE)
GET /session/7200920663eac18be101966e581c9db5/element/60480b85-24fa-4d25-afd3-d8c051123734/text HTTP/1.1
User-Agent: selenium/4.5.3 (java mac)
Cache-Control: no-cache
Content-Type: application/json; charset=utf-8
host: localhost:41557
accept: */*

Response DefaultHttpResponse(decodeResult: success, version: HTTP/1.1)
HTTP/1.1 200 OK
Content-Length: 81
Content-Type: application/json; charset=utf-8
cache-control: no-cache

18:21:49.984 [AsyncHttpClient-1-5] DEBUG org.asynchttpclient.netty.channel.ChannelManager - Adding key: http://localhost:41557 for channel [id: 0x606ef152, L:/127.0.0.1:54348 - R:localhost/127.0.0.1:41557]
18:21:49.985 [Forwarding findChildElement on session 7200920663eac18be101966e581c9db5 to remote] DEBUG org.asynchttpclient.netty.request.NettyRequestSender - Using pooled Channel '[id: 0x606ef152, L:/127.0.0.1:54348 - R:localhost/127.0.0.1:41557]' for 'POST' to 'http://localhost:41557/session/7200920663eac18be101966e581c9db5/element/78682e34-4379-469e-b01b-d8793c833731/element'
18:21:49.985 [Forwarding findChildElement on session 7200920663eac18be101966e581c9db5 to remote] DEBUG org.asynchttpclient.netty.request.NettyRequestSender - Using open Channel [id: 0x606ef152, L:/127.0.0.1:54348 - R:localhost/127.0.0.1:41557] for POST '/session/7200920663eac18be101966e581c9db5/element/78682e34-4379-469e-b01b-d8793c833731/element'
18:21:50.045 [AsyncHttpClient-1-5] DEBUG org.asynchttpclient.netty.handler.HttpHandler - 

Request DefaultHttpRequest(decodeResult: success, version: HTTP/1.1)
POST /session/7200920663eac18be101966e581c9db5/element/78682e34-4379-469e-b01b-d8793c833731/element HTTP/1.1
User-Agent: selenium/4.5.3 (java mac)
Content-Length: 106
Content-Type: application/json; charset=utf-8
host: localhost:41557
accept: */*

Response DefaultHttpResponse(decodeResult: success, version: HTTP/1.1)
HTTP/1.1 200 OK
Content-Length: 88
Content-Type: application/json; charset=utf-8
cache-control: no-cache

18:21:50.045 [AsyncHttpClient-1-5] DEBUG org.asynchttpclient.netty.channel.ChannelManager - Adding key: http://localhost:41557 for channel [id: 0x606ef152, L:/127.0.0.1:54348 - R:localhost/127.0.0.1:41557]
18:21:50.048 [Forwarding getElementText on session 7200920663eac18be101966e581c9db5 to remote] DEBUG org.asynchttpclient.netty.request.NettyRequestSender - Using pooled Channel '[id: 0x606ef152, L:/127.0.0.1:54348 - R:localhost/127.0.0.1:41557]' for 'GET' to 'http://localhost:41557/session/7200920663eac18be101966e581c9db5/element/bb2345ed-095b-4995-93d4-d6290f800ff0/text'
18:21:50.048 [Forwarding getElementText on session 7200920663eac18be101966e581c9db5 to remote] DEBUG org.asynchttpclient.netty.request.NettyRequestSender - Using open Channel [id: 0x606ef152, L:/127.0.0.1:54348 - R:localhost/127.0.0.1:41557] for GET '/session/7200920663eac18be101966e581c9db5/element/bb2345ed-095b-4995-93d4-d6290f800ff0/text'
18:21:50.263 [AsyncHttpClient-1-5] DEBUG org.asynchttpclient.netty.handler.HttpHandler - 

Request DefaultFullHttpRequest(decodeResult: success, version: HTTP/1.1, content: EmptyByteBufBE)
GET /session/7200920663eac18be101966e581c9db5/element/bb2345ed-095b-4995-93d4-d6290f800ff0/text HTTP/1.1
User-Agent: selenium/4.5.3 (java mac)
Cache-Control: no-cache
Content-Type: application/json; charset=utf-8
host: localhost:41557
accept: */*

Response DefaultHttpResponse(decodeResult: success, version: HTTP/1.1)
HTTP/1.1 200 OK
Content-Length: 19
Content-Type: application/json; charset=utf-8
cache-control: no-cache

18:21:50.263 [AsyncHttpClient-1-5] DEBUG org.asynchttpclient.netty.channel.ChannelManager - Adding key: http://localhost:41557 for channel [id: 0x606ef152, L:/127.0.0.1:54348 - R:localhost/127.0.0.1:41557]
18:21:50.265 [Forwarding findChildElement on session 7200920663eac18be101966e581c9db5 to remote] DEBUG org.asynchttpclient.netty.request.NettyRequestSender - Using pooled Channel '[id: 0x606ef152, L:/127.0.0.1:54348 - R:localhost/127.0.0.1:41557]' for 'POST' to 'http://localhost:41557/session/7200920663eac18be101966e581c9db5/element/0c7de1fb-f4b6-4bd1-a192-3924af65d1bc/element'
18:21:50.265 [Forwarding findChildElement on session 7200920663eac18be101966e581c9db5 to remote] DEBUG org.asynchttpclient.netty.request.NettyRequestSender - Using open Channel [id: 0x606ef152, L:/127.0.0.1:54348 - R:localhost/127.0.0.1:41557] for POST '/session/7200920663eac18be101966e581c9db5/element/0c7de1fb-f4b6-4bd1-a192-3924af65d1bc/element'
18:21:50.287 [AsyncHttpClient-1-5] DEBUG org.asynchttpclient.netty.handler.HttpHandler - 

Request DefaultHttpRequest(decodeResult: success, version: HTTP/1.1)
POST /session/7200920663eac18be101966e581c9db5/element/0c7de1fb-f4b6-4bd1-a192-3924af65d1bc/element HTTP/1.1
User-Agent: selenium/4.5.3 (java mac)
Content-Length: 106
Content-Type: application/json; charset=utf-8
host: localhost:41557
accept: */*

Response DefaultHttpResponse(decodeResult: success, version: HTTP/1.1)
HTTP/1.1 200 OK
Content-Length: 88
Content-Type: application/json; charset=utf-8
cache-control: no-cache

18:21:50.287 [AsyncHttpClient-1-5] DEBUG org.asynchttpclient.netty.channel.ChannelManager - Adding key: http://localhost:41557 for channel [id: 0x606ef152, L:/127.0.0.1:54348 - R:localhost/127.0.0.1:41557]
18:21:50.288 [Forwarding getElementText on session 7200920663eac18be101966e581c9db5 to remote] DEBUG org.asynchttpclient.netty.request.NettyRequestSender - Using pooled Channel '[id: 0x606ef152, L:/127.0.0.1:54348 - R:localhost/127.0.0.1:41557]' for 'GET' to 'http://localhost:41557/session/7200920663eac18be101966e581c9db5/element/7eec80dc-9ffd-4a33-8297-1a3aad163772/text'
18:21:50.288 [Forwarding getElementText on session 7200920663eac18be101966e581c9db5 to remote] DEBUG org.asynchttpclient.netty.request.NettyRequestSender - Using open Channel [id: 0x606ef152, L:/127.0.0.1:54348 - R:localhost/127.0.0.1:41557] for GET '/session/7200920663eac18be101966e581c9db5/element/7eec80dc-9ffd-4a33-8297-1a3aad163772/text'
18:21:50.333 [AsyncHttpClient-1-5] DEBUG org.asynchttpclient.netty.handler.HttpHandler - 

Request DefaultFullHttpRequest(decodeResult: success, version: HTTP/1.1, content: EmptyByteBufBE)
GET /session/7200920663eac18be101966e581c9db5/element/7eec80dc-9ffd-4a33-8297-1a3aad163772/text HTTP/1.1
User-Agent: selenium/4.5.3 (java mac)
Cache-Control: no-cache
Content-Type: application/json; charset=utf-8
host: localhost:41557
accept: */*

Response DefaultHttpResponse(decodeResult: success, version: HTTP/1.1)
HTTP/1.1 200 OK
Content-Length: 80
Content-Type: application/json; charset=utf-8
cache-control: no-cache

18:21:50.334 [AsyncHttpClient-1-5] DEBUG org.asynchttpclient.netty.channel.ChannelManager - Adding key: http://localhost:41557 for channel [id: 0x606ef152, L:/127.0.0.1:54348 - R:localhost/127.0.0.1:41557]
18:21:50.335 [Forwarding findChildElement on session 7200920663eac18be101966e581c9db5 to remote] DEBUG org.asynchttpclient.netty.request.NettyRequestSender - Using pooled Channel '[id: 0x606ef152, L:/127.0.0.1:54348 - R:localhost/127.0.0.1:41557]' for 'POST' to 'http://localhost:41557/session/7200920663eac18be101966e581c9db5/element/0c7de1fb-f4b6-4bd1-a192-3924af65d1bc/element'
18:21:50.335 [Forwarding findChildElement on session 7200920663eac18be101966e581c9db5 to remote] DEBUG org.asynchttpclient.netty.request.NettyRequestSender - Using open Channel [id: 0x606ef152, L:/127.0.0.1:54348 - R:localhost/127.0.0.1:41557] for POST '/session/7200920663eac18be101966e581c9db5/element/0c7de1fb-f4b6-4bd1-a192-3924af65d1bc/element'
18:21:50.523 [AsyncHttpClient-1-5] DEBUG org.asynchttpclient.netty.handler.HttpHandler - 

Request DefaultHttpRequest(decodeResult: success, version: HTTP/1.1)
POST /session/7200920663eac18be101966e581c9db5/element/0c7de1fb-f4b6-4bd1-a192-3924af65d1bc/element HTTP/1.1
User-Agent: selenium/4.5.3 (java mac)
Content-Length: 106
Content-Type: application/json; charset=utf-8
host: localhost:41557
accept: */*

Response DefaultHttpResponse(decodeResult: success, version: HTTP/1.1)
HTTP/1.1 200 OK
Content-Length: 88
Content-Type: application/json; charset=utf-8
cache-control: no-cache

18:21:50.523 [AsyncHttpClient-1-5] DEBUG org.asynchttpclient.netty.channel.ChannelManager - Adding key: http://localhost:41557 for channel [id: 0x606ef152, L:/127.0.0.1:54348 - R:localhost/127.0.0.1:41557]
18:21:50.524 [Forwarding getElementText on session 7200920663eac18be101966e581c9db5 to remote] DEBUG org.asynchttpclient.netty.request.NettyRequestSender - Using pooled Channel '[id: 0x606ef152, L:/127.0.0.1:54348 - R:localhost/127.0.0.1:41557]' for 'GET' to 'http://localhost:41557/session/7200920663eac18be101966e581c9db5/element/59ac3e62-3c59-45ad-811b-bc55857efc9e/text'
18:21:50.524 [Forwarding getElementText on session 7200920663eac18be101966e581c9db5 to remote] DEBUG org.asynchttpclient.netty.request.NettyRequestSender - Using open Channel [id: 0x606ef152, L:/127.0.0.1:54348 - R:localhost/127.0.0.1:41557] for GET '/session/7200920663eac18be101966e581c9db5/element/59ac3e62-3c59-45ad-811b-bc55857efc9e/text'
18:21:50.713 [AsyncHttpClient-1-1] DEBUG org.asynchttpclient.netty.channel.DefaultChannelPool - Entry count for : http://localhost:54349 : 1
18:21:50.713 [AsyncHttpClient-1-1] DEBUG org.asynchttpclient.netty.channel.DefaultChannelPool - Entry count for : http://localhost:47544 : 1
18:21:50.837 [AsyncHttpClient-1-5] DEBUG org.asynchttpclient.netty.handler.HttpHandler - 

Request DefaultFullHttpRequest(decodeResult: success, version: HTTP/1.1, content: EmptyByteBufBE)
GET /session/7200920663eac18be101966e581c9db5/element/59ac3e62-3c59-45ad-811b-bc55857efc9e/text HTTP/1.1
User-Agent: selenium/4.5.3 (java mac)
Cache-Control: no-cache
Content-Type: application/json; charset=utf-8
host: localhost:41557
accept: */*

Response DefaultHttpResponse(decodeResult: success, version: HTTP/1.1)
HTTP/1.1 200 OK
Content-Length: 19
Content-Type: application/json; charset=utf-8
cache-control: no-cache

18:21:50.837 [AsyncHttpClient-1-5] DEBUG org.asynchttpclient.netty.channel.ChannelManager - Adding key: http://localhost:41557 for channel [id: 0x606ef152, L:/127.0.0.1:54348 - R:localhost/127.0.0.1:41557]
18:21:50.838 [Forwarding findChildElement on session 7200920663eac18be101966e581c9db5 to remote] DEBUG org.asynchttpclient.netty.request.NettyRequestSender - Using pooled Channel '[id: 0x606ef152, L:/127.0.0.1:54348 - R:localhost/127.0.0.1:41557]' for 'POST' to 'http://localhost:41557/session/7200920663eac18be101966e581c9db5/element/3a60e1df-d4fb-4c59-a5ba-55616de2269e/element'
18:21:50.838 [Forwarding findChildElement on session 7200920663eac18be101966e581c9db5 to remote] DEBUG org.asynchttpclient.netty.request.NettyRequestSender - Using open Channel [id: 0x606ef152, L:/127.0.0.1:54348 - R:localhost/127.0.0.1:41557] for POST '/session/7200920663eac18be101966e581c9db5/element/3a60e1df-d4fb-4c59-a5ba-55616de2269e/element'
18:21:50.866 [AsyncHttpClient-1-5] DEBUG org.asynchttpclient.netty.handler.HttpHandler - 

Request DefaultHttpRequest(decodeResult: success, version: HTTP/1.1)
POST /session/7200920663eac18be101966e581c9db5/element/3a60e1df-d4fb-4c59-a5ba-55616de2269e/element HTTP/1.1
User-Agent: selenium/4.5.3 (java mac)
Content-Length: 106
Content-Type: application/json; charset=utf-8
host: localhost:41557
accept: */*

Response DefaultHttpResponse(decodeResult: success, version: HTTP/1.1)
HTTP/1.1 200 OK
Content-Length: 88
Content-Type: application/json; charset=utf-8
cache-control: no-cache

18:21:50.866 [AsyncHttpClient-1-5] DEBUG org.asynchttpclient.netty.channel.ChannelManager - Adding key: http://localhost:41557 for channel [id: 0x606ef152, L:/127.0.0.1:54348 - R:localhost/127.0.0.1:41557]
18:21:50.867 [Forwarding getElementText on session 7200920663eac18be101966e581c9db5 to remote] DEBUG org.asynchttpclient.netty.request.NettyRequestSender - Using pooled Channel '[id: 0x606ef152, L:/127.0.0.1:54348 - R:localhost/127.0.0.1:41557]' for 'GET' to 'http://localhost:41557/session/7200920663eac18be101966e581c9db5/element/c1343b67-3da9-485e-ad0a-2b84efa5f027/text'
18:21:50.867 [Forwarding getElementText on session 7200920663eac18be101966e581c9db5 to remote] DEBUG org.asynchttpclient.netty.request.NettyRequestSender - Using open Channel [id: 0x606ef152, L:/127.0.0.1:54348 - R:localhost/127.0.0.1:41557] for GET '/session/7200920663eac18be101966e581c9db5/element/c1343b67-3da9-485e-ad0a-2b84efa5f027/text'
18:21:50.887 [AsyncHttpClient-1-5] DEBUG org.asynchttpclient.netty.handler.HttpHandler - 

Request DefaultFullHttpRequest(decodeResult: success, version: HTTP/1.1, content: EmptyByteBufBE)
GET /session/7200920663eac18be101966e581c9db5/element/c1343b67-3da9-485e-ad0a-2b84efa5f027/text HTTP/1.1
User-Agent: selenium/4.5.3 (java mac)
Cache-Control: no-cache
Content-Type: application/json; charset=utf-8
host: localhost:41557
accept: */*

Response DefaultHttpResponse(decodeResult: success, version: HTTP/1.1)
HTTP/1.1 200 OK
Content-Length: 66
Content-Type: application/json; charset=utf-8
cache-control: no-cache

18:21:50.887 [AsyncHttpClient-1-5] DEBUG org.asynchttpclient.netty.channel.ChannelManager - Adding key: http://localhost:41557 for channel [id: 0x606ef152, L:/127.0.0.1:54348 - R:localhost/127.0.0.1:41557]
18:21:50.889 [Forwarding findChildElement on session 7200920663eac18be101966e581c9db5 to remote] DEBUG org.asynchttpclient.netty.request.NettyRequestSender - Using pooled Channel '[id: 0x606ef152, L:/127.0.0.1:54348 - R:localhost/127.0.0.1:41557]' for 'POST' to 'http://localhost:41557/session/7200920663eac18be101966e581c9db5/element/3a60e1df-d4fb-4c59-a5ba-55616de2269e/element'
18:21:50.889 [Forwarding findChildElement on session 7200920663eac18be101966e581c9db5 to remote] DEBUG org.asynchttpclient.netty.request.NettyRequestSender - Using open Channel [id: 0x606ef152, L:/127.0.0.1:54348 - R:localhost/127.0.0.1:41557] for POST '/session/7200920663eac18be101966e581c9db5/element/3a60e1df-d4fb-4c59-a5ba-55616de2269e/element'
18:21:50.903 [AsyncHttpClient-1-5] DEBUG org.asynchttpclient.netty.handler.HttpHandler - 

Request DefaultHttpRequest(decodeResult: success, version: HTTP/1.1)
POST /session/7200920663eac18be101966e581c9db5/element/3a60e1df-d4fb-4c59-a5ba-55616de2269e/element HTTP/1.1
User-Agent: selenium/4.5.3 (java mac)
Content-Length: 106
Content-Type: application/json; charset=utf-8
host: localhost:41557
accept: */*

Response DefaultHttpResponse(decodeResult: success, version: HTTP/1.1)
HTTP/1.1 200 OK
Content-Length: 88
Content-Type: application/json; charset=utf-8
cache-control: no-cache

18:21:50.903 [AsyncHttpClient-1-5] DEBUG org.asynchttpclient.netty.channel.ChannelManager - Adding key: http://localhost:41557 for channel [id: 0x606ef152, L:/127.0.0.1:54348 - R:localhost/127.0.0.1:41557]
18:21:50.904 [Forwarding getElementText on session 7200920663eac18be101966e581c9db5 to remote] DEBUG org.asynchttpclient.netty.request.NettyRequestSender - Using pooled Channel '[id: 0x606ef152, L:/127.0.0.1:54348 - R:localhost/127.0.0.1:41557]' for 'GET' to 'http://localhost:41557/session/7200920663eac18be101966e581c9db5/element/96013dc7-d431-4716-bb67-63f9986f21c0/text'
18:21:50.904 [Forwarding getElementText on session 7200920663eac18be101966e581c9db5 to remote] DEBUG org.asynchttpclient.netty.request.NettyRequestSender - Using open Channel [id: 0x606ef152, L:/127.0.0.1:54348 - R:localhost/127.0.0.1:41557] for GET '/session/7200920663eac18be101966e581c9db5/element/96013dc7-d431-4716-bb67-63f9986f21c0/text'
18:21:50.925 [AsyncHttpClient-1-5] DEBUG org.asynchttpclient.netty.handler.HttpHandler - 

Request DefaultFullHttpRequest(decodeResult: success, version: HTTP/1.1, content: EmptyByteBufBE)
GET /session/7200920663eac18be101966e581c9db5/element/96013dc7-d431-4716-bb67-63f9986f21c0/text HTTP/1.1
User-Agent: selenium/4.5.3 (java mac)
Cache-Control: no-cache
Content-Type: application/json; charset=utf-8
host: localhost:41557
accept: */*

Response DefaultHttpResponse(decodeResult: success, version: HTTP/1.1)
HTTP/1.1 200 OK
Content-Length: 19
Content-Type: application/json; charset=utf-8
cache-control: no-cache

18:21:50.925 [AsyncHttpClient-1-5] DEBUG org.asynchttpclient.netty.channel.ChannelManager - Adding key: http://localhost:41557 for channel [id: 0x606ef152, L:/127.0.0.1:54348 - R:localhost/127.0.0.1:41557]
18:21:50.927 [Forwarding findChildElement on session 7200920663eac18be101966e581c9db5 to remote] DEBUG org.asynchttpclient.netty.request.NettyRequestSender - Using pooled Channel '[id: 0x606ef152, L:/127.0.0.1:54348 - R:localhost/127.0.0.1:41557]' for 'POST' to 'http://localhost:41557/session/7200920663eac18be101966e581c9db5/element/45fa5fb9-7e6b-41ce-8c36-3124f165e0c3/element'
18:21:50.927 [Forwarding findChildElement on session 7200920663eac18be101966e581c9db5 to remote] DEBUG org.asynchttpclient.netty.request.NettyRequestSender - Using open Channel [id: 0x606ef152, L:/127.0.0.1:54348 - R:localhost/127.0.0.1:41557] for POST '/session/7200920663eac18be101966e581c9db5/element/45fa5fb9-7e6b-41ce-8c36-3124f165e0c3/element'
18:21:50.944 [AsyncHttpClient-1-5] DEBUG org.asynchttpclient.netty.handler.HttpHandler - 

Request DefaultHttpRequest(decodeResult: success, version: HTTP/1.1)
POST /session/7200920663eac18be101966e581c9db5/element/45fa5fb9-7e6b-41ce-8c36-3124f165e0c3/element HTTP/1.1
User-Agent: selenium/4.5.3 (java mac)
Content-Length: 106
Content-Type: application/json; charset=utf-8
host: localhost:41557
accept: */*

Response DefaultHttpResponse(decodeResult: success, version: HTTP/1.1)
HTTP/1.1 200 OK
Content-Length: 88
Content-Type: application/json; charset=utf-8
cache-control: no-cache

18:21:50.944 [AsyncHttpClient-1-5] DEBUG org.asynchttpclient.netty.channel.ChannelManager - Adding key: http://localhost:41557 for channel [id: 0x606ef152, L:/127.0.0.1:54348 - R:localhost/127.0.0.1:41557]
18:21:50.945 [Forwarding getElementText on session 7200920663eac18be101966e581c9db5 to remote] DEBUG org.asynchttpclient.netty.request.NettyRequestSender - Using pooled Channel '[id: 0x606ef152, L:/127.0.0.1:54348 - R:localhost/127.0.0.1:41557]' for 'GET' to 'http://localhost:41557/session/7200920663eac18be101966e581c9db5/element/de779bc7-029f-4026-8a47-d1e0450e135f/text'
18:21:50.945 [Forwarding getElementText on session 7200920663eac18be101966e581c9db5 to remote] DEBUG org.asynchttpclient.netty.request.NettyRequestSender - Using open Channel [id: 0x606ef152, L:/127.0.0.1:54348 - R:localhost/127.0.0.1:41557] for GET '/session/7200920663eac18be101966e581c9db5/element/de779bc7-029f-4026-8a47-d1e0450e135f/text'
18:21:50.969 [AsyncHttpClient-1-5] DEBUG org.asynchttpclient.netty.handler.HttpHandler - 

Request DefaultFullHttpRequest(decodeResult: success, version: HTTP/1.1, content: EmptyByteBufBE)
GET /session/7200920663eac18be101966e581c9db5/element/de779bc7-029f-4026-8a47-d1e0450e135f/text HTTP/1.1
User-Agent: selenium/4.5.3 (java mac)
Cache-Control: no-cache
Content-Type: application/json; charset=utf-8
host: localhost:41557
accept: */*

Response DefaultHttpResponse(decodeResult: success, version: HTTP/1.1)
HTTP/1.1 200 OK
Content-Length: 92
Content-Type: application/json; charset=utf-8
cache-control: no-cache

18:21:50.969 [AsyncHttpClient-1-5] DEBUG org.asynchttpclient.netty.channel.ChannelManager - Adding key: http://localhost:41557 for channel [id: 0x606ef152, L:/127.0.0.1:54348 - R:localhost/127.0.0.1:41557]
18:21:50.970 [Forwarding findChildElement on session 7200920663eac18be101966e581c9db5 to remote] DEBUG org.asynchttpclient.netty.request.NettyRequestSender - Using pooled Channel '[id: 0x606ef152, L:/127.0.0.1:54348 - R:localhost/127.0.0.1:41557]' for 'POST' to 'http://localhost:41557/session/7200920663eac18be101966e581c9db5/element/45fa5fb9-7e6b-41ce-8c36-3124f165e0c3/element'
18:21:50.970 [Forwarding findChildElement on session 7200920663eac18be101966e581c9db5 to remote] DEBUG org.asynchttpclient.netty.request.NettyRequestSender - Using open Channel [id: 0x606ef152, L:/127.0.0.1:54348 - R:localhost/127.0.0.1:41557] for POST '/session/7200920663eac18be101966e581c9db5/element/45fa5fb9-7e6b-41ce-8c36-3124f165e0c3/element'
18:21:51.365 [AsyncHttpClient-1-5] DEBUG org.asynchttpclient.netty.handler.HttpHandler - 

Request DefaultHttpRequest(decodeResult: success, version: HTTP/1.1)
POST /session/7200920663eac18be101966e581c9db5/element/45fa5fb9-7e6b-41ce-8c36-3124f165e0c3/element HTTP/1.1
User-Agent: selenium/4.5.3 (java mac)
Content-Length: 106
Content-Type: application/json; charset=utf-8
host: localhost:41557
accept: */*

Response DefaultHttpResponse(decodeResult: success, version: HTTP/1.1)
HTTP/1.1 200 OK
Content-Length: 88
Content-Type: application/json; charset=utf-8
cache-control: no-cache

18:21:51.365 [AsyncHttpClient-1-5] DEBUG org.asynchttpclient.netty.channel.ChannelManager - Adding key: http://localhost:41557 for channel [id: 0x606ef152, L:/127.0.0.1:54348 - R:localhost/127.0.0.1:41557]
18:21:51.366 [Forwarding getElementText on session 7200920663eac18be101966e581c9db5 to remote] DEBUG org.asynchttpclient.netty.request.NettyRequestSender - Using pooled Channel '[id: 0x606ef152, L:/127.0.0.1:54348 - R:localhost/127.0.0.1:41557]' for 'GET' to 'http://localhost:41557/session/7200920663eac18be101966e581c9db5/element/19113672-2783-4934-b474-0ae424fb7048/text'
18:21:51.366 [Forwarding getElementText on session 7200920663eac18be101966e581c9db5 to remote] DEBUG org.asynchttpclient.netty.request.NettyRequestSender - Using open Channel [id: 0x606ef152, L:/127.0.0.1:54348 - R:localhost/127.0.0.1:41557] for GET '/session/7200920663eac18be101966e581c9db5/element/19113672-2783-4934-b474-0ae424fb7048/text'
18:21:51.383 [AsyncHttpClient-1-5] DEBUG org.asynchttpclient.netty.handler.HttpHandler - 

Request DefaultFullHttpRequest(decodeResult: success, version: HTTP/1.1, content: EmptyByteBufBE)
GET /session/7200920663eac18be101966e581c9db5/element/19113672-2783-4934-b474-0ae424fb7048/text HTTP/1.1
User-Agent: selenium/4.5.3 (java mac)
Cache-Control: no-cache
Content-Type: application/json; charset=utf-8
host: localhost:41557
accept: */*

Response DefaultHttpResponse(decodeResult: success, version: HTTP/1.1)
HTTP/1.1 200 OK
Content-Length: 30
Content-Type: application/json; charset=utf-8
cache-control: no-cache

18:21:51.383 [AsyncHttpClient-1-5] DEBUG org.asynchttpclient.netty.channel.ChannelManager - Adding key: http://localhost:41557 for channel [id: 0x606ef152, L:/127.0.0.1:54348 - R:localhost/127.0.0.1:41557]
18:21:51.385 [Forwarding findChildElement on session 7200920663eac18be101966e581c9db5 to remote] DEBUG org.asynchttpclient.netty.request.NettyRequestSender - Using pooled Channel '[id: 0x606ef152, L:/127.0.0.1:54348 - R:localhost/127.0.0.1:41557]' for 'POST' to 'http://localhost:41557/session/7200920663eac18be101966e581c9db5/element/bf09da10-b692-453f-a150-38f7b4f13361/element'
18:21:51.385 [Forwarding findChildElement on session 7200920663eac18be101966e581c9db5 to remote] DEBUG org.asynchttpclient.netty.request.NettyRequestSender - Using open Channel [id: 0x606ef152, L:/127.0.0.1:54348 - R:localhost/127.0.0.1:41557] for POST '/session/7200920663eac18be101966e581c9db5/element/bf09da10-b692-453f-a150-38f7b4f13361/element'
18:21:51.409 [AsyncHttpClient-1-5] DEBUG org.asynchttpclient.netty.handler.HttpHandler - 

Request DefaultHttpRequest(decodeResult: success, version: HTTP/1.1)
POST /session/7200920663eac18be101966e581c9db5/element/bf09da10-b692-453f-a150-38f7b4f13361/element HTTP/1.1
User-Agent: selenium/4.5.3 (java mac)
Content-Length: 106
Content-Type: application/json; charset=utf-8
host: localhost:41557
accept: */*

Response DefaultHttpResponse(decodeResult: success, version: HTTP/1.1)
HTTP/1.1 200 OK
Content-Length: 88
Content-Type: application/json; charset=utf-8
cache-control: no-cache

18:21:51.409 [AsyncHttpClient-1-5] DEBUG org.asynchttpclient.netty.channel.ChannelManager - Adding key: http://localhost:41557 for channel [id: 0x606ef152, L:/127.0.0.1:54348 - R:localhost/127.0.0.1:41557]
18:21:51.410 [Forwarding getElementText on session 7200920663eac18be101966e581c9db5 to remote] DEBUG org.asynchttpclient.netty.request.NettyRequestSender - Using pooled Channel '[id: 0x606ef152, L:/127.0.0.1:54348 - R:localhost/127.0.0.1:41557]' for 'GET' to 'http://localhost:41557/session/7200920663eac18be101966e581c9db5/element/20b8e699-89b4-4295-aeda-8c96a4c9209d/text'
18:21:51.410 [Forwarding getElementText on session 7200920663eac18be101966e581c9db5 to remote] DEBUG org.asynchttpclient.netty.request.NettyRequestSender - Using open Channel [id: 0x606ef152, L:/127.0.0.1:54348 - R:localhost/127.0.0.1:41557] for GET '/session/7200920663eac18be101966e581c9db5/element/20b8e699-89b4-4295-aeda-8c96a4c9209d/text'
18:21:51.444 [AsyncHttpClient-1-5] DEBUG org.asynchttpclient.netty.handler.HttpHandler - 

Request DefaultFullHttpRequest(decodeResult: success, version: HTTP/1.1, content: EmptyByteBufBE)
GET /session/7200920663eac18be101966e581c9db5/element/20b8e699-89b4-4295-aeda-8c96a4c9209d/text HTTP/1.1
User-Agent: selenium/4.5.3 (java mac)
Cache-Control: no-cache
Content-Type: application/json; charset=utf-8
host: localhost:41557
accept: */*

Response DefaultHttpResponse(decodeResult: success, version: HTTP/1.1)
HTTP/1.1 200 OK
Content-Length: 58
Content-Type: application/json; charset=utf-8
cache-control: no-cache

18:21:51.444 [AsyncHttpClient-1-5] DEBUG org.asynchttpclient.netty.channel.ChannelManager - Adding key: http://localhost:41557 for channel [id: 0x606ef152, L:/127.0.0.1:54348 - R:localhost/127.0.0.1:41557]
18:21:51.446 [Forwarding findChildElement on session 7200920663eac18be101966e581c9db5 to remote] DEBUG org.asynchttpclient.netty.request.NettyRequestSender - Using pooled Channel '[id: 0x606ef152, L:/127.0.0.1:54348 - R:localhost/127.0.0.1:41557]' for 'POST' to 'http://localhost:41557/session/7200920663eac18be101966e581c9db5/element/bf09da10-b692-453f-a150-38f7b4f13361/element'
18:21:51.446 [Forwarding findChildElement on session 7200920663eac18be101966e581c9db5 to remote] DEBUG org.asynchttpclient.netty.request.NettyRequestSender - Using open Channel [id: 0x606ef152, L:/127.0.0.1:54348 - R:localhost/127.0.0.1:41557] for POST '/session/7200920663eac18be101966e581c9db5/element/bf09da10-b692-453f-a150-38f7b4f13361/element'
18:21:51.468 [AsyncHttpClient-1-5] DEBUG org.asynchttpclient.netty.handler.HttpHandler - 

Request DefaultHttpRequest(decodeResult: success, version: HTTP/1.1)
POST /session/7200920663eac18be101966e581c9db5/element/bf09da10-b692-453f-a150-38f7b4f13361/element HTTP/1.1
User-Agent: selenium/4.5.3 (java mac)
Content-Length: 106
Content-Type: application/json; charset=utf-8
host: localhost:41557
accept: */*

Response DefaultHttpResponse(decodeResult: success, version: HTTP/1.1)
HTTP/1.1 200 OK
Content-Length: 88
Content-Type: application/json; charset=utf-8
cache-control: no-cache

18:21:51.469 [AsyncHttpClient-1-5] DEBUG org.asynchttpclient.netty.channel.ChannelManager - Adding key: http://localhost:41557 for channel [id: 0x606ef152, L:/127.0.0.1:54348 - R:localhost/127.0.0.1:41557]
18:21:51.470 [Forwarding getElementText on session 7200920663eac18be101966e581c9db5 to remote] DEBUG org.asynchttpclient.netty.request.NettyRequestSender - Using pooled Channel '[id: 0x606ef152, L:/127.0.0.1:54348 - R:localhost/127.0.0.1:41557]' for 'GET' to 'http://localhost:41557/session/7200920663eac18be101966e581c9db5/element/c43e69c0-bf08-4857-9371-d9bb594742e9/text'
18:21:51.470 [Forwarding getElementText on session 7200920663eac18be101966e581c9db5 to remote] DEBUG org.asynchttpclient.netty.request.NettyRequestSender - Using open Channel [id: 0x606ef152, L:/127.0.0.1:54348 - R:localhost/127.0.0.1:41557] for GET '/session/7200920663eac18be101966e581c9db5/element/c43e69c0-bf08-4857-9371-d9bb594742e9/text'
18:21:51.809 [AsyncHttpClient-1-1] DEBUG org.asynchttpclient.netty.channel.DefaultChannelPool - Entry count for : http://localhost:54349 : 1
18:21:51.810 [AsyncHttpClient-1-1] DEBUG org.asynchttpclient.netty.channel.DefaultChannelPool - Entry count for : http://localhost:47544 : 1
18:21:51.819 [AsyncHttpClient-1-5] DEBUG org.asynchttpclient.netty.handler.HttpHandler - 

Request DefaultFullHttpRequest(decodeResult: success, version: HTTP/1.1, content: EmptyByteBufBE)
GET /session/7200920663eac18be101966e581c9db5/element/c43e69c0-bf08-4857-9371-d9bb594742e9/text HTTP/1.1
User-Agent: selenium/4.5.3 (java mac)
Cache-Control: no-cache
Content-Type: application/json; charset=utf-8
host: localhost:41557
accept: */*

Response DefaultHttpResponse(decodeResult: success, version: HTTP/1.1)
HTTP/1.1 200 OK
Content-Length: 17
Content-Type: application/json; charset=utf-8
cache-control: no-cache

18:21:51.820 [AsyncHttpClient-1-5] DEBUG org.asynchttpclient.netty.channel.ChannelManager - Adding key: http://localhost:41557 for channel [id: 0x606ef152, L:/127.0.0.1:54348 - R:localhost/127.0.0.1:41557]
18:21:51.821 [Forwarding findChildElement on session 7200920663eac18be101966e581c9db5 to remote] DEBUG org.asynchttpclient.netty.request.NettyRequestSender - Using pooled Channel '[id: 0x606ef152, L:/127.0.0.1:54348 - R:localhost/127.0.0.1:41557]' for 'POST' to 'http://localhost:41557/session/7200920663eac18be101966e581c9db5/element/3c32c0a6-e058-4b78-85a1-04f476899d6f/element'
18:21:51.821 [Forwarding findChildElement on session 7200920663eac18be101966e581c9db5 to remote] DEBUG org.asynchttpclient.netty.request.NettyRequestSender - Using open Channel [id: 0x606ef152, L:/127.0.0.1:54348 - R:localhost/127.0.0.1:41557] for POST '/session/7200920663eac18be101966e581c9db5/element/3c32c0a6-e058-4b78-85a1-04f476899d6f/element'
18:21:51.847 [AsyncHttpClient-1-5] DEBUG org.asynchttpclient.netty.handler.HttpHandler - 

Request DefaultHttpRequest(decodeResult: success, version: HTTP/1.1)
POST /session/7200920663eac18be101966e581c9db5/element/3c32c0a6-e058-4b78-85a1-04f476899d6f/element HTTP/1.1
User-Agent: selenium/4.5.3 (java mac)
Content-Length: 106
Content-Type: application/json; charset=utf-8
host: localhost:41557
accept: */*

Response DefaultHttpResponse(decodeResult: success, version: HTTP/1.1)
HTTP/1.1 200 OK
Content-Length: 88
Content-Type: application/json; charset=utf-8
cache-control: no-cache

18:21:51.848 [AsyncHttpClient-1-5] DEBUG org.asynchttpclient.netty.channel.ChannelManager - Adding key: http://localhost:41557 for channel [id: 0x606ef152, L:/127.0.0.1:54348 - R:localhost/127.0.0.1:41557]
18:21:51.849 [Forwarding getElementText on session 7200920663eac18be101966e581c9db5 to remote] DEBUG org.asynchttpclient.netty.request.NettyRequestSender - Using pooled Channel '[id: 0x606ef152, L:/127.0.0.1:54348 - R:localhost/127.0.0.1:41557]' for 'GET' to 'http://localhost:41557/session/7200920663eac18be101966e581c9db5/element/3dd93046-ef00-42c6-a296-cb667070fc33/text'
18:21:51.849 [Forwarding getElementText on session 7200920663eac18be101966e581c9db5 to remote] DEBUG org.asynchttpclient.netty.request.NettyRequestSender - Using open Channel [id: 0x606ef152, L:/127.0.0.1:54348 - R:localhost/127.0.0.1:41557] for GET '/session/7200920663eac18be101966e581c9db5/element/3dd93046-ef00-42c6-a296-cb667070fc33/text'
18:21:52.315 [AsyncHttpClient-1-5] DEBUG org.asynchttpclient.netty.handler.HttpHandler - 

Request DefaultFullHttpRequest(decodeResult: success, version: HTTP/1.1, content: EmptyByteBufBE)
GET /session/7200920663eac18be101966e581c9db5/element/3dd93046-ef00-42c6-a296-cb667070fc33/text HTTP/1.1
User-Agent: selenium/4.5.3 (java mac)
Cache-Control: no-cache
Content-Type: application/json; charset=utf-8
host: localhost:41557
accept: */*

Response DefaultHttpResponse(decodeResult: success, version: HTTP/1.1)
HTTP/1.1 200 OK
Content-Length: 92
Content-Type: application/json; charset=utf-8
cache-control: no-cache

18:21:52.316 [AsyncHttpClient-1-5] DEBUG org.asynchttpclient.netty.channel.ChannelManager - Adding key: http://localhost:41557 for channel [id: 0x606ef152, L:/127.0.0.1:54348 - R:localhost/127.0.0.1:41557]
18:21:52.318 [Forwarding findChildElement on session 7200920663eac18be101966e581c9db5 to remote] DEBUG org.asynchttpclient.netty.request.NettyRequestSender - Using pooled Channel '[id: 0x606ef152, L:/127.0.0.1:54348 - R:localhost/127.0.0.1:41557]' for 'POST' to 'http://localhost:41557/session/7200920663eac18be101966e581c9db5/element/3c32c0a6-e058-4b78-85a1-04f476899d6f/element'
18:21:52.319 [Forwarding findChildElement on session 7200920663eac18be101966e581c9db5 to remote] DEBUG org.asynchttpclient.netty.request.NettyRequestSender - Using open Channel [id: 0x606ef152, L:/127.0.0.1:54348 - R:localhost/127.0.0.1:41557] for POST '/session/7200920663eac18be101966e581c9db5/element/3c32c0a6-e058-4b78-85a1-04f476899d6f/element'
18:21:52.780 [AsyncHttpClient-1-5] DEBUG org.asynchttpclient.netty.handler.HttpHandler - 

Request DefaultHttpRequest(decodeResult: success, version: HTTP/1.1)
POST /session/7200920663eac18be101966e581c9db5/element/3c32c0a6-e058-4b78-85a1-04f476899d6f/element HTTP/1.1
User-Agent: selenium/4.5.3 (java mac)
Content-Length: 106
Content-Type: application/json; charset=utf-8
host: localhost:41557
accept: */*

Response DefaultHttpResponse(decodeResult: success, version: HTTP/1.1)
HTTP/1.1 200 OK
Content-Length: 88
Content-Type: application/json; charset=utf-8
cache-control: no-cache

18:21:52.780 [AsyncHttpClient-1-5] DEBUG org.asynchttpclient.netty.channel.ChannelManager - Adding key: http://localhost:41557 for channel [id: 0x606ef152, L:/127.0.0.1:54348 - R:localhost/127.0.0.1:41557]
18:21:52.782 [Forwarding getElementText on session 7200920663eac18be101966e581c9db5 to remote] DEBUG org.asynchttpclient.netty.request.NettyRequestSender - Using pooled Channel '[id: 0x606ef152, L:/127.0.0.1:54348 - R:localhost/127.0.0.1:41557]' for 'GET' to 'http://localhost:41557/session/7200920663eac18be101966e581c9db5/element/811b5e19-b15f-4cf3-9346-a2c668ce4c47/text'
18:21:52.783 [Forwarding getElementText on session 7200920663eac18be101966e581c9db5 to remote] DEBUG org.asynchttpclient.netty.request.NettyRequestSender - Using open Channel [id: 0x606ef152, L:/127.0.0.1:54348 - R:localhost/127.0.0.1:41557] for GET '/session/7200920663eac18be101966e581c9db5/element/811b5e19-b15f-4cf3-9346-a2c668ce4c47/text'
18:21:52.909 [AsyncHttpClient-1-1] DEBUG org.asynchttpclient.netty.channel.DefaultChannelPool - Entry count for : http://localhost:54349 : 1
18:21:52.909 [AsyncHttpClient-1-1] DEBUG org.asynchttpclient.netty.channel.DefaultChannelPool - Entry count for : http://localhost:47544 : 1
18:21:53.247 [AsyncHttpClient-1-5] DEBUG org.asynchttpclient.netty.handler.HttpHandler - 

Request DefaultFullHttpRequest(decodeResult: success, version: HTTP/1.1, content: EmptyByteBufBE)
GET /session/7200920663eac18be101966e581c9db5/element/811b5e19-b15f-4cf3-9346-a2c668ce4c47/text HTTP/1.1
User-Agent: selenium/4.5.3 (java mac)
Cache-Control: no-cache
Content-Type: application/json; charset=utf-8
host: localhost:41557
accept: */*

Response DefaultHttpResponse(decodeResult: success, version: HTTP/1.1)
HTTP/1.1 200 OK
Content-Length: 30
Content-Type: application/json; charset=utf-8
cache-control: no-cache

18:21:53.248 [AsyncHttpClient-1-5] DEBUG org.asynchttpclient.netty.channel.ChannelManager - Adding key: http://localhost:41557 for channel [id: 0x606ef152, L:/127.0.0.1:54348 - R:localhost/127.0.0.1:41557]
18:21:53.249 [Forwarding findChildElement on session 7200920663eac18be101966e581c9db5 to remote] DEBUG org.asynchttpclient.netty.request.NettyRequestSender - Using pooled Channel '[id: 0x606ef152, L:/127.0.0.1:54348 - R:localhost/127.0.0.1:41557]' for 'POST' to 'http://localhost:41557/session/7200920663eac18be101966e581c9db5/element/4497ce1c-f30d-47bd-869c-9fd639b1028e/element'
18:21:53.249 [Forwarding findChildElement on session 7200920663eac18be101966e581c9db5 to remote] DEBUG org.asynchttpclient.netty.request.NettyRequestSender - Using open Channel [id: 0x606ef152, L:/127.0.0.1:54348 - R:localhost/127.0.0.1:41557] for POST '/session/7200920663eac18be101966e581c9db5/element/4497ce1c-f30d-47bd-869c-9fd639b1028e/element'
18:21:53.265 [AsyncHttpClient-1-5] DEBUG org.asynchttpclient.netty.handler.HttpHandler - 

Request DefaultHttpRequest(decodeResult: success, version: HTTP/1.1)
POST /session/7200920663eac18be101966e581c9db5/element/4497ce1c-f30d-47bd-869c-9fd639b1028e/element HTTP/1.1
User-Agent: selenium/4.5.3 (java mac)
Content-Length: 106
Content-Type: application/json; charset=utf-8
host: localhost:41557
accept: */*

Response DefaultHttpResponse(decodeResult: success, version: HTTP/1.1)
HTTP/1.1 200 OK
Content-Length: 88
Content-Type: application/json; charset=utf-8
cache-control: no-cache

18:21:53.266 [AsyncHttpClient-1-5] DEBUG org.asynchttpclient.netty.channel.ChannelManager - Adding key: http://localhost:41557 for channel [id: 0x606ef152, L:/127.0.0.1:54348 - R:localhost/127.0.0.1:41557]
18:21:53.267 [Forwarding getElementText on session 7200920663eac18be101966e581c9db5 to remote] DEBUG org.asynchttpclient.netty.request.NettyRequestSender - Using pooled Channel '[id: 0x606ef152, L:/127.0.0.1:54348 - R:localhost/127.0.0.1:41557]' for 'GET' to 'http://localhost:41557/session/7200920663eac18be101966e581c9db5/element/97e31b6b-7e8e-4def-8a5e-ab0a36e135cd/text'
18:21:53.267 [Forwarding getElementText on session 7200920663eac18be101966e581c9db5 to remote] DEBUG org.asynchttpclient.netty.request.NettyRequestSender - Using open Channel [id: 0x606ef152, L:/127.0.0.1:54348 - R:localhost/127.0.0.1:41557] for GET '/session/7200920663eac18be101966e581c9db5/element/97e31b6b-7e8e-4def-8a5e-ab0a36e135cd/text'
18:21:53.293 [AsyncHttpClient-1-5] DEBUG org.asynchttpclient.netty.handler.HttpHandler - 

Request DefaultFullHttpRequest(decodeResult: success, version: HTTP/1.1, content: EmptyByteBufBE)
GET /session/7200920663eac18be101966e581c9db5/element/97e31b6b-7e8e-4def-8a5e-ab0a36e135cd/text HTTP/1.1
User-Agent: selenium/4.5.3 (java mac)
Cache-Control: no-cache
Content-Type: application/json; charset=utf-8
host: localhost:41557
accept: */*

Response DefaultHttpResponse(decodeResult: success, version: HTTP/1.1)
HTTP/1.1 200 OK
Content-Length: 92
Content-Type: application/json; charset=utf-8
cache-control: no-cache

18:21:53.293 [AsyncHttpClient-1-5] DEBUG org.asynchttpclient.netty.channel.ChannelManager - Adding key: http://localhost:41557 for channel [id: 0x606ef152, L:/127.0.0.1:54348 - R:localhost/127.0.0.1:41557]
18:21:53.295 [Forwarding findChildElement on session 7200920663eac18be101966e581c9db5 to remote] DEBUG org.asynchttpclient.netty.request.NettyRequestSender - Using pooled Channel '[id: 0x606ef152, L:/127.0.0.1:54348 - R:localhost/127.0.0.1:41557]' for 'POST' to 'http://localhost:41557/session/7200920663eac18be101966e581c9db5/element/4497ce1c-f30d-47bd-869c-9fd639b1028e/element'
18:21:53.295 [Forwarding findChildElement on session 7200920663eac18be101966e581c9db5 to remote] DEBUG org.asynchttpclient.netty.request.NettyRequestSender - Using open Channel [id: 0x606ef152, L:/127.0.0.1:54348 - R:localhost/127.0.0.1:41557] for POST '/session/7200920663eac18be101966e581c9db5/element/4497ce1c-f30d-47bd-869c-9fd639b1028e/element'
18:21:53.325 [AsyncHttpClient-1-5] DEBUG org.asynchttpclient.netty.handler.HttpHandler - 

Request DefaultHttpRequest(decodeResult: success, version: HTTP/1.1)
POST /session/7200920663eac18be101966e581c9db5/element/4497ce1c-f30d-47bd-869c-9fd639b1028e/element HTTP/1.1
User-Agent: selenium/4.5.3 (java mac)
Content-Length: 106
Content-Type: application/json; charset=utf-8
host: localhost:41557
accept: */*

Response DefaultHttpResponse(decodeResult: success, version: HTTP/1.1)
HTTP/1.1 200 OK
Content-Length: 88
Content-Type: application/json; charset=utf-8
cache-control: no-cache

18:21:53.325 [AsyncHttpClient-1-5] DEBUG org.asynchttpclient.netty.channel.ChannelManager - Adding key: http://localhost:41557 for channel [id: 0x606ef152, L:/127.0.0.1:54348 - R:localhost/127.0.0.1:41557]
18:21:53.326 [Forwarding getElementText on session 7200920663eac18be101966e581c9db5 to remote] DEBUG org.asynchttpclient.netty.request.NettyRequestSender - Using pooled Channel '[id: 0x606ef152, L:/127.0.0.1:54348 - R:localhost/127.0.0.1:41557]' for 'GET' to 'http://localhost:41557/session/7200920663eac18be101966e581c9db5/element/4c56a581-00a1-49e6-95a7-b0a5eb2d5de2/text'
18:21:53.327 [Forwarding getElementText on session 7200920663eac18be101966e581c9db5 to remote] DEBUG org.asynchttpclient.netty.request.NettyRequestSender - Using open Channel [id: 0x606ef152, L:/127.0.0.1:54348 - R:localhost/127.0.0.1:41557] for GET '/session/7200920663eac18be101966e581c9db5/element/4c56a581-00a1-49e6-95a7-b0a5eb2d5de2/text'
18:21:54.010 [AsyncHttpClient-1-1] DEBUG org.asynchttpclient.netty.channel.DefaultChannelPool - Entry count for : http://localhost:54349 : 1
18:21:54.010 [AsyncHttpClient-1-1] DEBUG org.asynchttpclient.netty.channel.DefaultChannelPool - Entry count for : http://localhost:47544 : 1
18:21:54.394 [AsyncHttpClient-1-5] DEBUG org.asynchttpclient.netty.handler.HttpHandler - 

Request DefaultFullHttpRequest(decodeResult: success, version: HTTP/1.1, content: EmptyByteBufBE)
GET /session/7200920663eac18be101966e581c9db5/element/4c56a581-00a1-49e6-95a7-b0a5eb2d5de2/text HTTP/1.1
User-Agent: selenium/4.5.3 (java mac)
Cache-Control: no-cache
Content-Type: application/json; charset=utf-8
host: localhost:41557
accept: */*

Response DefaultHttpResponse(decodeResult: success, version: HTTP/1.1)
HTTP/1.1 200 OK
Content-Length: 30
Content-Type: application/json; charset=utf-8
cache-control: no-cache

18:21:54.395 [AsyncHttpClient-1-5] DEBUG org.asynchttpclient.netty.channel.ChannelManager - Adding key: http://localhost:41557 for channel [id: 0x606ef152, L:/127.0.0.1:54348 - R:localhost/127.0.0.1:41557]
Execution time with ChromeDriver: 37271ms |	 0 minutes 37.00 seconds
That's a difference of -22365ms
18:21:55.113 [AsyncHttpClient-1-1] DEBUG org.asynchttpclient.netty.channel.DefaultChannelPool - Entry count for : http://localhost:54349 : 1
18:21:55.113 [AsyncHttpClient-1-1] DEBUG org.asynchttpclient.netty.channel.DefaultChannelPool - Entry count for : http://localhost:41557 : 1
18:21:55.113 [AsyncHttpClient-1-1] DEBUG org.asynchttpclient.netty.channel.DefaultChannelPool - Entry count for : http://localhost:47544 : 1
]]></system-out>
    <system-err><![CDATA[Starting ChromeDriver 110.0.5481.77 (65ed616c6e8ee3fe0ad64fe83796c020644d42af-refs/branch-heads/5481@{#839}) on port 47544
Only local connections are allowed.
Please see https://chromedriver.chromium.org/security-considerations for suggestions on keeping ChromeDriver safe.
ChromeDriver was started successfully.
[1677712831.589][WARNING]: virtual void DevToolsClientImpl::AddListener(DevToolsEventListener *) subscribing a listener to the already connected DevToolsClient. Connection notification will not arrive.
Mar 01, 2023 6:20:32 PM org.openqa.selenium.devtools.CdpVersionFinder findNearestMatch
WARNING: Unable to find CDP implementation matching 110
Mar 01, 2023 6:20:32 PM org.openqa.selenium.chromium.ChromiumDriver lambda$new$3
WARNING: Unable to find version of CDP to use for . You may need to include a dependency on a specific version of the CDP using something similar to `org.seleniumhq.selenium:selenium-devtools-v86:4.5.3` where the version ("v86") matches the version of the chromium-based browser you're using and the version number of the artifact is the same as Selenium's.
Starting ChromeDriver 110.0.5481.77 (65ed616c6e8ee3fe0ad64fe83796c020644d42af-refs/branch-heads/5481@{#839}) on port 41557
Only local connections are allowed.
Please see https://chromedriver.chromium.org/security-considerations for suggestions on keeping ChromeDriver safe.
ChromeDriver was started successfully.
[1677712879.618][WARNING]: virtual void DevToolsClientImpl::AddListener(DevToolsEventListener *) subscribing a listener to the already connected DevToolsClient. Connection notification will not arrive.
Mar 01, 2023 6:21:20 PM org.openqa.selenium.devtools.CdpVersionFinder findNearestMatch
WARNING: Unable to find CDP implementation matching 110
Mar 01, 2023 6:21:20 PM org.openqa.selenium.chromium.ChromiumDriver lambda$new$3
WARNING: Unable to find version of CDP to use for . You may need to include a dependency on a specific version of the CDP using something similar to `org.seleniumhq.selenium:selenium-devtools-v86:4.5.3` where the version ("v86") matches the version of the chromium-based browser you're using and the version number of the artifact is the same as Selenium's.
]]></system-err>
  </testcase>
  <testcase name="testWhetherWebManagerisFaster[2]" classname="app.selenium.TestEbay" time="109.715">
    <failure message="Bonigarcia&apos;s WebdriverManager at 76767ms can connect and crawl data from Ebay.com faster than Google&apos;s ChromeDriver.exe(ver 110) at39355ms. ==&gt; expected: &lt;true&gt; but was: &lt;false&gt;" type="org.opentest4j.AssertionFailedError"><![CDATA[org.opentest4j.AssertionFailedError: Bonigarcia's WebdriverManager at 76767ms can connect and crawl data from Ebay.com faster than Google's ChromeDriver.exe(ver 110) at39355ms. ==> expected: <true> but was: <false>
	at app.selenium.TestEbay.testWhetherWebManagerisFaster(TestEbay.java:85)
]]></failure>
    <system-out><![CDATA[18:21:56.192 [main] DEBUG io.github.bonigarcia.wdm.cache.ResolutionCache - Resolution chrome=110 in cache (valid until 18:41:36 01/03/2023 EST)
18:21:56.193 [main] DEBUG io.github.bonigarcia.wdm.cache.ResolutionCache - Resolution chrome110=110.0.5481.77 in cache (valid until 17:41:36 02/03/2023 EST)
18:21:56.193 [main] INFO io.github.bonigarcia.wdm.WebDriverManager - Using chromedriver 110.0.5481.77 (resolved driver for Chrome 110)
18:21:56.212 [AsyncHttpClient-1-1] DEBUG org.asynchttpclient.netty.channel.DefaultChannelPool - Entry count for : http://localhost:54349 : 1
18:21:56.212 [AsyncHttpClient-1-1] DEBUG org.asynchttpclient.netty.channel.DefaultChannelPool - Entry count for : http://localhost:41557 : 1
18:21:56.212 [AsyncHttpClient-1-1] DEBUG org.asynchttpclient.netty.channel.DefaultChannelPool - Entry count for : http://localhost:47544 : 1
18:21:56.404 [main] DEBUG io.github.bonigarcia.wdm.WebDriverManager - Driver chromedriver 110.0.5481.77 found in cache
18:21:56.405 [main] INFO io.github.bonigarcia.wdm.WebDriverManager - Exporting webdriver.chrome.driver as /Users/quese/.cache/selenium/chromedriver/mac64/110.0.5481.77/chromedriver
18:21:56.764 [AsyncHttpClient-1-8] DEBUG org.asynchttpclient.netty.channel.NettyConnectListener - Using new Channel '[id: 0x2a5c0841, L:/127.0.0.1:54451 - R:localhost/127.0.0.1:5352]' for 'POST' to '/session'
18:21:57.311 [AsyncHttpClient-1-1] DEBUG org.asynchttpclient.netty.channel.DefaultChannelPool - Entry count for : http://localhost:54349 : 1
18:21:57.311 [AsyncHttpClient-1-1] DEBUG org.asynchttpclient.netty.channel.DefaultChannelPool - Entry count for : http://localhost:41557 : 1
18:21:57.311 [AsyncHttpClient-1-1] DEBUG org.asynchttpclient.netty.channel.DefaultChannelPool - Entry count for : http://localhost:47544 : 1
18:21:58.412 [AsyncHttpClient-1-1] DEBUG org.asynchttpclient.netty.channel.DefaultChannelPool - Entry count for : http://localhost:54349 : 1
18:21:58.413 [AsyncHttpClient-1-1] DEBUG org.asynchttpclient.netty.channel.DefaultChannelPool - Entry count for : http://localhost:41557 : 1
18:21:58.413 [AsyncHttpClient-1-1] DEBUG org.asynchttpclient.netty.channel.DefaultChannelPool - Entry count for : http://localhost:47544 : 1
18:21:59.508 [AsyncHttpClient-1-1] DEBUG org.asynchttpclient.netty.channel.DefaultChannelPool - Entry count for : http://localhost:54349 : 1
18:21:59.508 [AsyncHttpClient-1-1] DEBUG org.asynchttpclient.netty.channel.DefaultChannelPool - Entry count for : http://localhost:41557 : 1
18:21:59.508 [AsyncHttpClient-1-1] DEBUG org.asynchttpclient.netty.channel.DefaultChannelPool - Entry count for : http://localhost:47544 : 1
18:22:00.611 [AsyncHttpClient-1-1] DEBUG org.asynchttpclient.netty.channel.DefaultChannelPool - Entry count for : http://localhost:54349 : 1
18:22:00.611 [AsyncHttpClient-1-1] DEBUG org.asynchttpclient.netty.channel.DefaultChannelPool - Entry count for : http://localhost:41557 : 1
18:22:00.611 [AsyncHttpClient-1-1] DEBUG org.asynchttpclient.netty.channel.DefaultChannelPool - Entry count for : http://localhost:47544 : 1
18:22:01.714 [AsyncHttpClient-1-1] DEBUG org.asynchttpclient.netty.channel.DefaultChannelPool - Entry count for : http://localhost:54349 : 1
18:22:01.714 [AsyncHttpClient-1-1] DEBUG org.asynchttpclient.netty.channel.DefaultChannelPool - Entry count for : http://localhost:41557 : 1
18:22:01.714 [AsyncHttpClient-1-1] DEBUG org.asynchttpclient.netty.channel.DefaultChannelPool - Entry count for : http://localhost:47544 : 1
18:22:02.809 [AsyncHttpClient-1-1] DEBUG org.asynchttpclient.netty.channel.DefaultChannelPool - Entry count for : http://localhost:54349 : 1
18:22:02.809 [AsyncHttpClient-1-1] DEBUG org.asynchttpclient.netty.channel.DefaultChannelPool - Entry count for : http://localhost:41557 : 1
18:22:02.809 [AsyncHttpClient-1-1] DEBUG org.asynchttpclient.netty.channel.DefaultChannelPool - Entry count for : http://localhost:47544 : 1
18:22:03.909 [AsyncHttpClient-1-1] DEBUG org.asynchttpclient.netty.channel.DefaultChannelPool - Entry count for : http://localhost:54349 : 1
18:22:03.909 [AsyncHttpClient-1-1] DEBUG org.asynchttpclient.netty.channel.DefaultChannelPool - Entry count for : http://localhost:41557 : 1
18:22:03.910 [AsyncHttpClient-1-1] DEBUG org.asynchttpclient.netty.channel.DefaultChannelPool - Entry count for : http://localhost:47544 : 1
18:22:05.008 [AsyncHttpClient-1-1] DEBUG org.asynchttpclient.netty.channel.DefaultChannelPool - Entry count for : http://localhost:54349 : 1
18:22:05.009 [AsyncHttpClient-1-1] DEBUG org.asynchttpclient.netty.channel.DefaultChannelPool - Entry count for : http://localhost:41557 : 1
18:22:05.009 [AsyncHttpClient-1-1] DEBUG org.asynchttpclient.netty.channel.DefaultChannelPool - Entry count for : http://localhost:47544 : 1
18:22:06.120 [AsyncHttpClient-1-1] DEBUG org.asynchttpclient.netty.channel.DefaultChannelPool - Entry count for : http://localhost:54349 : 1
18:22:06.120 [AsyncHttpClient-1-1] DEBUG org.asynchttpclient.netty.channel.DefaultChannelPool - Entry count for : http://localhost:41557 : 1
18:22:06.120 [AsyncHttpClient-1-1] DEBUG org.asynchttpclient.netty.channel.DefaultChannelPool - Entry count for : http://localhost:47544 : 1
18:22:07.210 [AsyncHttpClient-1-1] DEBUG org.asynchttpclient.netty.channel.DefaultChannelPool - Entry count for : http://localhost:54349 : 1
18:22:07.210 [AsyncHttpClient-1-1] DEBUG org.asynchttpclient.netty.channel.DefaultChannelPool - Entry count for : http://localhost:41557 : 1
18:22:07.210 [AsyncHttpClient-1-1] DEBUG org.asynchttpclient.netty.channel.DefaultChannelPool - Entry count for : http://localhost:47544 : 1
18:22:08.309 [AsyncHttpClient-1-1] DEBUG org.asynchttpclient.netty.channel.DefaultChannelPool - Entry count for : http://localhost:54349 : 1
18:22:08.309 [AsyncHttpClient-1-1] DEBUG org.asynchttpclient.netty.channel.DefaultChannelPool - Entry count for : http://localhost:41557 : 1
18:22:08.309 [AsyncHttpClient-1-1] DEBUG org.asynchttpclient.netty.channel.DefaultChannelPool - Entry count for : http://localhost:47544 : 1
18:22:09.410 [AsyncHttpClient-1-1] DEBUG org.asynchttpclient.netty.channel.DefaultChannelPool - Entry count for : http://localhost:54349 : 1
18:22:09.410 [AsyncHttpClient-1-1] DEBUG org.asynchttpclient.netty.channel.DefaultChannelPool - Entry count for : http://localhost:41557 : 1
18:22:09.410 [AsyncHttpClient-1-1] DEBUG org.asynchttpclient.netty.channel.DefaultChannelPool - Entry count for : http://localhost:47544 : 1
18:22:09.657 [AsyncHttpClient-1-8] DEBUG org.asynchttpclient.netty.handler.HttpHandler - 

Request DefaultHttpRequest(decodeResult: success, version: HTTP/1.1)
POST /session HTTP/1.1
User-Agent: selenium/4.5.3 (java mac)
Content-Length: 817
Content-Type: application/json; charset=utf-8
host: localhost:5352
accept: */*

Response DefaultHttpResponse(decodeResult: success, version: HTTP/1.1)
HTTP/1.1 200 OK
Content-Length: 800
Content-Type: application/json; charset=utf-8
cache-control: no-cache

18:22:09.659 [AsyncHttpClient-1-8] DEBUG org.asynchttpclient.netty.channel.ChannelManager - Adding key: http://localhost:5352 for channel [id: 0x2a5c0841, L:/127.0.0.1:54451 - R:localhost/127.0.0.1:5352]
18:22:09.718 [AsyncHttpClient-1-9] DEBUG org.asynchttpclient.netty.channel.NettyConnectListener - Using new Channel '[id: 0x07bbcfa1, L:/127.0.0.1:54471 - R:localhost/127.0.0.1:54452]' for 'GET' to '/json/version'
18:22:09.732 [AsyncHttpClient-1-9] DEBUG org.asynchttpclient.netty.handler.HttpHandler - 

Request DefaultFullHttpRequest(decodeResult: success, version: HTTP/1.1, content: EmptyByteBufBE)
GET /json/version HTTP/1.1
User-Agent: selenium/4.5.3 (java mac)
host: localhost:54452
accept: */*

Response DefaultHttpResponse(decodeResult: success, version: HTTP/1.1)
HTTP/1.1 200 OK
Content-Security-Policy: frame-ancestors 'none'
Content-Length: 443
Content-Type: application/json; charset=UTF-8

18:22:09.732 [AsyncHttpClient-1-9] DEBUG org.asynchttpclient.netty.channel.ChannelManager - Adding key: http://localhost:54452 for channel [id: 0x07bbcfa1, L:/127.0.0.1:54471 - R:localhost/127.0.0.1:54452]
18:22:09.739 [AsyncHttpClient-1-2] DEBUG org.asynchttpclient.netty.channel.NettyConnectListener - Using new Channel '[id: 0x5f79ba95, L:/127.0.0.1:54472 - R:localhost/127.0.0.1:54452]' for 'GET' to '/devtools/browser/1a1d792e-4806-4937-a22b-390162085681'
18:22:09.748 [AsyncHttpClient-1-2] DEBUG org.asynchttpclient.netty.handler.WebSocketHandler - 

Request DefaultFullHttpRequest(decodeResult: success, version: HTTP/1.1, content: EmptyByteBufBE)
GET /devtools/browser/1a1d792e-4806-4937-a22b-390162085681 HTTP/1.1
upgrade: websocket
connection: upgrade
sec-websocket-key: Sd3POj/7YcUwXjjVe8qKww==
sec-websocket-version: 13
origin: http://localhost:54452
host: localhost:54452
accept: */*
user-agent: AHC/2.1

Response DefaultHttpResponse(decodeResult: success, version: HTTP/1.1)
HTTP/1.1 101 WebSocket Protocol Handshake
Upgrade: WebSocket
Connection: Upgrade
Sec-WebSocket-Accept: 950j0NxQj01b2aGcuJNB/cCkyJM=

18:22:09.757 [Forwarding get on session ea199b0494febe4b9f04f0b0bbd568f3 to remote] DEBUG org.asynchttpclient.netty.request.NettyRequestSender - Using pooled Channel '[id: 0x2a5c0841, L:/127.0.0.1:54451 - R:localhost/127.0.0.1:5352]' for 'POST' to 'http://localhost:5352/session/ea199b0494febe4b9f04f0b0bbd568f3/url'
18:22:09.757 [Forwarding get on session ea199b0494febe4b9f04f0b0bbd568f3 to remote] DEBUG org.asynchttpclient.netty.request.NettyRequestSender - Using open Channel [id: 0x2a5c0841, L:/127.0.0.1:54451 - R:localhost/127.0.0.1:5352] for POST '/session/ea199b0494febe4b9f04f0b0bbd568f3/url'
18:22:10.514 [AsyncHttpClient-1-1] DEBUG org.asynchttpclient.netty.channel.DefaultChannelPool - Entry count for : http://localhost:54349 : 1
18:22:10.514 [AsyncHttpClient-1-1] DEBUG org.asynchttpclient.netty.channel.DefaultChannelPool - Entry count for : http://localhost:41557 : 1
18:22:10.514 [AsyncHttpClient-1-1] DEBUG org.asynchttpclient.netty.channel.DefaultChannelPool - Entry count for : http://localhost:54452 : 1
18:22:10.514 [AsyncHttpClient-1-1] DEBUG org.asynchttpclient.netty.channel.DefaultChannelPool - Entry count for : http://localhost:47544 : 1
18:22:11.610 [AsyncHttpClient-1-1] DEBUG org.asynchttpclient.netty.channel.DefaultChannelPool - Entry count for : http://localhost:54349 : 1
18:22:11.611 [AsyncHttpClient-1-1] DEBUG org.asynchttpclient.netty.channel.DefaultChannelPool - Entry count for : http://localhost:41557 : 1
18:22:11.611 [AsyncHttpClient-1-1] DEBUG org.asynchttpclient.netty.channel.DefaultChannelPool - Entry count for : http://localhost:54452 : 1
18:22:11.611 [AsyncHttpClient-1-1] DEBUG org.asynchttpclient.netty.channel.DefaultChannelPool - Entry count for : http://localhost:47544 : 1
18:22:12.713 [AsyncHttpClient-1-1] DEBUG org.asynchttpclient.netty.channel.DefaultChannelPool - Entry count for : http://localhost:54349 : 1
18:22:12.713 [AsyncHttpClient-1-1] DEBUG org.asynchttpclient.netty.channel.DefaultChannelPool - Entry count for : http://localhost:41557 : 1
18:22:12.713 [AsyncHttpClient-1-1] DEBUG org.asynchttpclient.netty.channel.DefaultChannelPool - Entry count for : http://localhost:54452 : 1
18:22:12.713 [AsyncHttpClient-1-1] DEBUG org.asynchttpclient.netty.channel.DefaultChannelPool - Entry count for : http://localhost:47544 : 1
18:22:13.809 [AsyncHttpClient-1-1] DEBUG org.asynchttpclient.netty.channel.DefaultChannelPool - Entry count for : http://localhost:54349 : 1
18:22:13.809 [AsyncHttpClient-1-1] DEBUG org.asynchttpclient.netty.channel.DefaultChannelPool - Entry count for : http://localhost:41557 : 1
18:22:13.809 [AsyncHttpClient-1-1] DEBUG org.asynchttpclient.netty.channel.DefaultChannelPool - Entry count for : http://localhost:54452 : 1
18:22:13.809 [AsyncHttpClient-1-1] DEBUG org.asynchttpclient.netty.channel.DefaultChannelPool - Entry count for : http://localhost:47544 : 1
18:22:13.888 [AsyncHttpClient-1-8] DEBUG org.asynchttpclient.netty.handler.HttpHandler - 

Request DefaultHttpRequest(decodeResult: success, version: HTTP/1.1)
POST /session/ea199b0494febe4b9f04f0b0bbd568f3/url HTTP/1.1
User-Agent: selenium/4.5.3 (java mac)
Content-Length: 51
Content-Type: application/json; charset=utf-8
host: localhost:5352
accept: */*

Response DefaultHttpResponse(decodeResult: success, version: HTTP/1.1)
HTTP/1.1 200 OK
Content-Length: 14
Content-Type: application/json; charset=utf-8
cache-control: no-cache

18:22:13.889 [AsyncHttpClient-1-8] DEBUG org.asynchttpclient.netty.channel.ChannelManager - Adding key: http://localhost:5352 for channel [id: 0x2a5c0841, L:/127.0.0.1:54451 - R:localhost/127.0.0.1:5352]
18:22:13.892 [Forwarding findElement on session ea199b0494febe4b9f04f0b0bbd568f3 to remote] DEBUG org.asynchttpclient.netty.request.NettyRequestSender - Using pooled Channel '[id: 0x2a5c0841, L:/127.0.0.1:54451 - R:localhost/127.0.0.1:5352]' for 'POST' to 'http://localhost:5352/session/ea199b0494febe4b9f04f0b0bbd568f3/element'
18:22:13.892 [Forwarding findElement on session ea199b0494febe4b9f04f0b0bbd568f3 to remote] DEBUG org.asynchttpclient.netty.request.NettyRequestSender - Using open Channel [id: 0x2a5c0841, L:/127.0.0.1:54451 - R:localhost/127.0.0.1:5352] for POST '/session/ea199b0494febe4b9f04f0b0bbd568f3/element'
18:22:14.061 [AsyncHttpClient-1-8] DEBUG org.asynchttpclient.netty.handler.HttpHandler - 

Request DefaultHttpRequest(decodeResult: success, version: HTTP/1.1)
POST /session/ea199b0494febe4b9f04f0b0bbd568f3/element HTTP/1.1
User-Agent: selenium/4.5.3 (java mac)
Content-Length: 52
Content-Type: application/json; charset=utf-8
host: localhost:5352
accept: */*

Response DefaultHttpResponse(decodeResult: success, version: HTTP/1.1)
HTTP/1.1 200 OK
Content-Length: 88
Content-Type: application/json; charset=utf-8
cache-control: no-cache

18:22:14.062 [AsyncHttpClient-1-8] DEBUG org.asynchttpclient.netty.channel.ChannelManager - Adding key: http://localhost:5352 for channel [id: 0x2a5c0841, L:/127.0.0.1:54451 - R:localhost/127.0.0.1:5352]
18:22:14.066 [Forwarding sendKeysToElement on session ea199b0494febe4b9f04f0b0bbd568f3 to remote] DEBUG org.asynchttpclient.netty.request.NettyRequestSender - Using pooled Channel '[id: 0x2a5c0841, L:/127.0.0.1:54451 - R:localhost/127.0.0.1:5352]' for 'POST' to 'http://localhost:5352/session/ea199b0494febe4b9f04f0b0bbd568f3/element/6306b854-a3aa-4242-8f22-3c803d6b20eb/value'
18:22:14.066 [Forwarding sendKeysToElement on session ea199b0494febe4b9f04f0b0bbd568f3 to remote] DEBUG org.asynchttpclient.netty.request.NettyRequestSender - Using open Channel [id: 0x2a5c0841, L:/127.0.0.1:54451 - R:localhost/127.0.0.1:5352] for POST '/session/ea199b0494febe4b9f04f0b0bbd568f3/element/6306b854-a3aa-4242-8f22-3c803d6b20eb/value'
18:22:14.909 [AsyncHttpClient-1-1] DEBUG org.asynchttpclient.netty.channel.DefaultChannelPool - Entry count for : http://localhost:54349 : 1
18:22:14.909 [AsyncHttpClient-1-1] DEBUG org.asynchttpclient.netty.channel.DefaultChannelPool - Entry count for : http://localhost:41557 : 1
18:22:14.909 [AsyncHttpClient-1-1] DEBUG org.asynchttpclient.netty.channel.DefaultChannelPool - Entry count for : http://localhost:54452 : 1
18:22:14.909 [AsyncHttpClient-1-1] DEBUG org.asynchttpclient.netty.channel.DefaultChannelPool - Entry count for : http://localhost:47544 : 1
18:22:16.010 [AsyncHttpClient-1-1] DEBUG org.asynchttpclient.netty.channel.DefaultChannelPool - Entry count for : http://localhost:54349 : 1
18:22:16.010 [AsyncHttpClient-1-1] DEBUG org.asynchttpclient.netty.channel.DefaultChannelPool - Entry count for : http://localhost:41557 : 1
18:22:16.010 [AsyncHttpClient-1-1] DEBUG org.asynchttpclient.netty.channel.DefaultChannelPool - Entry count for : http://localhost:54452 : 1
18:22:16.010 [AsyncHttpClient-1-1] DEBUG org.asynchttpclient.netty.channel.DefaultChannelPool - Entry count for : http://localhost:47544 : 1
18:22:16.092 [AsyncHttpClient-1-8] DEBUG org.asynchttpclient.netty.handler.HttpHandler - 

Request DefaultHttpRequest(decodeResult: success, version: HTTP/1.1)
POST /session/ea199b0494febe4b9f04f0b0bbd568f3/element/6306b854-a3aa-4242-8f22-3c803d6b20eb/value HTTP/1.1
User-Agent: selenium/4.5.3 (java mac)
Content-Length: 141
Content-Type: application/json; charset=utf-8
host: localhost:5352
accept: */*

Response DefaultHttpResponse(decodeResult: success, version: HTTP/1.1)
HTTP/1.1 200 OK
Content-Length: 14
Content-Type: application/json; charset=utf-8
cache-control: no-cache

18:22:16.093 [AsyncHttpClient-1-8] DEBUG org.asynchttpclient.netty.channel.ChannelManager - Adding key: http://localhost:5352 for channel [id: 0x2a5c0841, L:/127.0.0.1:54451 - R:localhost/127.0.0.1:5352]
18:22:16.094 [Forwarding findElement on session ea199b0494febe4b9f04f0b0bbd568f3 to remote] DEBUG org.asynchttpclient.netty.request.NettyRequestSender - Using pooled Channel '[id: 0x2a5c0841, L:/127.0.0.1:54451 - R:localhost/127.0.0.1:5352]' for 'POST' to 'http://localhost:5352/session/ea199b0494febe4b9f04f0b0bbd568f3/element'
18:22:16.094 [Forwarding findElement on session ea199b0494febe4b9f04f0b0bbd568f3 to remote] DEBUG org.asynchttpclient.netty.request.NettyRequestSender - Using open Channel [id: 0x2a5c0841, L:/127.0.0.1:54451 - R:localhost/127.0.0.1:5352] for POST '/session/ea199b0494febe4b9f04f0b0bbd568f3/element'
18:22:16.384 [AsyncHttpClient-1-8] DEBUG org.asynchttpclient.netty.handler.HttpHandler - 

Request DefaultHttpRequest(decodeResult: success, version: HTTP/1.1)
POST /session/ea199b0494febe4b9f04f0b0bbd568f3/element HTTP/1.1
User-Agent: selenium/4.5.3 (java mac)
Content-Length: 53
Content-Type: application/json; charset=utf-8
host: localhost:5352
accept: */*

Response DefaultHttpResponse(decodeResult: success, version: HTTP/1.1)
HTTP/1.1 200 OK
Content-Length: 88
Content-Type: application/json; charset=utf-8
cache-control: no-cache

18:22:16.385 [AsyncHttpClient-1-8] DEBUG org.asynchttpclient.netty.channel.ChannelManager - Adding key: http://localhost:5352 for channel [id: 0x2a5c0841, L:/127.0.0.1:54451 - R:localhost/127.0.0.1:5352]
18:22:16.387 [Forwarding clickElement on session ea199b0494febe4b9f04f0b0bbd568f3 to remote] DEBUG org.asynchttpclient.netty.request.NettyRequestSender - Using pooled Channel '[id: 0x2a5c0841, L:/127.0.0.1:54451 - R:localhost/127.0.0.1:5352]' for 'POST' to 'http://localhost:5352/session/ea199b0494febe4b9f04f0b0bbd568f3/element/9145e70d-e339-4431-a5ae-776a0dc49b9c/click'
18:22:16.388 [Forwarding clickElement on session ea199b0494febe4b9f04f0b0bbd568f3 to remote] DEBUG org.asynchttpclient.netty.request.NettyRequestSender - Using open Channel [id: 0x2a5c0841, L:/127.0.0.1:54451 - R:localhost/127.0.0.1:5352] for POST '/session/ea199b0494febe4b9f04f0b0bbd568f3/element/9145e70d-e339-4431-a5ae-776a0dc49b9c/click'
18:22:17.111 [AsyncHttpClient-1-1] DEBUG org.asynchttpclient.netty.channel.DefaultChannelPool - Entry count for : http://localhost:54349 : 1
18:22:17.112 [AsyncHttpClient-1-1] DEBUG org.asynchttpclient.netty.channel.DefaultChannelPool - Entry count for : http://localhost:41557 : 1
18:22:17.112 [AsyncHttpClient-1-1] DEBUG org.asynchttpclient.netty.channel.DefaultChannelPool - Entry count for : http://localhost:54452 : 1
18:22:17.112 [AsyncHttpClient-1-1] DEBUG org.asynchttpclient.netty.channel.DefaultChannelPool - Entry count for : http://localhost:47544 : 1
18:22:18.208 [AsyncHttpClient-1-1] DEBUG org.asynchttpclient.netty.channel.DefaultChannelPool - Entry count for : http://localhost:54349 : 1
18:22:18.208 [AsyncHttpClient-1-1] DEBUG org.asynchttpclient.netty.channel.DefaultChannelPool - Entry count for : http://localhost:41557 : 1
18:22:18.208 [AsyncHttpClient-1-1] DEBUG org.asynchttpclient.netty.channel.DefaultChannelPool - Entry count for : http://localhost:54452 : 1
18:22:18.208 [AsyncHttpClient-1-1] DEBUG org.asynchttpclient.netty.channel.DefaultChannelPool - Entry count for : http://localhost:47544 : 1
18:22:18.208 [AsyncHttpClient-1-1] DEBUG org.asynchttpclient.netty.channel.DefaultChannelPool - Adding Candidate expired Channel [id: 0x15725c6d, L:/127.0.0.1:54222 - R:localhost/127.0.0.1:47544] isIdleTimeoutExpired=true isRemotelyClosed=false isTtlExpired=false
18:22:18.209 [AsyncHttpClient-1-1] DEBUG org.asynchttpclient.netty.channel.DefaultChannelPool - Closing Idle Channel [id: 0x15725c6d, L:/127.0.0.1:54222 - R:localhost/127.0.0.1:47544]
18:22:18.209 [AsyncHttpClient-1-1] DEBUG org.asynchttpclient.netty.channel.DefaultChannelPool - Closed 1 connections out of 4 in 1 ms
18:22:18.210 [AsyncHttpClient-1-2] DEBUG org.asynchttpclient.netty.handler.HttpHandler - Channel Closed: [id: 0x15725c6d, L:/127.0.0.1:54222 ! R:localhost/127.0.0.1:47544] with attribute DISCARD
18:22:19.309 [AsyncHttpClient-1-1] DEBUG org.asynchttpclient.netty.channel.DefaultChannelPool - Entry count for : http://localhost:54349 : 1
18:22:19.309 [AsyncHttpClient-1-1] DEBUG org.asynchttpclient.netty.channel.DefaultChannelPool - Entry count for : http://localhost:41557 : 1
18:22:19.309 [AsyncHttpClient-1-1] DEBUG org.asynchttpclient.netty.channel.DefaultChannelPool - Entry count for : http://localhost:54452 : 1
18:22:20.409 [AsyncHttpClient-1-1] DEBUG org.asynchttpclient.netty.channel.DefaultChannelPool - Entry count for : http://localhost:54349 : 1
18:22:20.409 [AsyncHttpClient-1-1] DEBUG org.asynchttpclient.netty.channel.DefaultChannelPool - Entry count for : http://localhost:41557 : 1
18:22:20.409 [AsyncHttpClient-1-1] DEBUG org.asynchttpclient.netty.channel.DefaultChannelPool - Entry count for : http://localhost:54452 : 1
18:22:20.409 [AsyncHttpClient-1-1] DEBUG org.asynchttpclient.netty.channel.DefaultChannelPool - Adding Candidate expired Channel [id: 0x89e04704, L:/127.0.0.1:54357 - R:localhost/127.0.0.1:54349] isIdleTimeoutExpired=true isRemotelyClosed=false isTtlExpired=false
18:22:20.409 [AsyncHttpClient-1-1] DEBUG org.asynchttpclient.netty.channel.DefaultChannelPool - Closing Idle Channel [id: 0x89e04704, L:/127.0.0.1:54357 - R:localhost/127.0.0.1:54349]
18:22:20.409 [AsyncHttpClient-1-1] DEBUG org.asynchttpclient.netty.channel.DefaultChannelPool - Closed 1 connections out of 3 in 0 ms
18:22:20.410 [AsyncHttpClient-1-6] DEBUG org.asynchttpclient.netty.handler.HttpHandler - Channel Closed: [id: 0x89e04704, L:/127.0.0.1:54357 ! R:localhost/127.0.0.1:54349] with attribute DISCARD
18:22:21.584 [AsyncHttpClient-1-1] DEBUG org.asynchttpclient.netty.channel.DefaultChannelPool - Entry count for : http://localhost:41557 : 1
18:22:21.997 [AsyncHttpClient-1-1] DEBUG org.asynchttpclient.netty.channel.DefaultChannelPool - Entry count for : http://localhost:54452 : 1
18:22:23.009 [AsyncHttpClient-1-1] DEBUG org.asynchttpclient.netty.channel.DefaultChannelPool - Entry count for : http://localhost:41557 : 1
18:22:23.009 [AsyncHttpClient-1-1] DEBUG org.asynchttpclient.netty.channel.DefaultChannelPool - Entry count for : http://localhost:54452 : 1
18:22:24.116 [AsyncHttpClient-1-1] DEBUG org.asynchttpclient.netty.channel.DefaultChannelPool - Entry count for : http://localhost:41557 : 1
18:22:24.116 [AsyncHttpClient-1-1] DEBUG org.asynchttpclient.netty.channel.DefaultChannelPool - Entry count for : http://localhost:54452 : 1
18:22:25.211 [AsyncHttpClient-1-1] DEBUG org.asynchttpclient.netty.channel.DefaultChannelPool - Entry count for : http://localhost:41557 : 1
18:22:25.211 [AsyncHttpClient-1-1] DEBUG org.asynchttpclient.netty.channel.DefaultChannelPool - Entry count for : http://localhost:54452 : 1
18:22:26.309 [AsyncHttpClient-1-1] DEBUG org.asynchttpclient.netty.channel.DefaultChannelPool - Entry count for : http://localhost:41557 : 1
18:22:26.309 [AsyncHttpClient-1-1] DEBUG org.asynchttpclient.netty.channel.DefaultChannelPool - Entry count for : http://localhost:54452 : 1
18:22:27.411 [AsyncHttpClient-1-1] DEBUG org.asynchttpclient.netty.channel.DefaultChannelPool - Entry count for : http://localhost:41557 : 1
18:22:27.411 [AsyncHttpClient-1-1] DEBUG org.asynchttpclient.netty.channel.DefaultChannelPool - Entry count for : http://localhost:54452 : 1
18:22:28.510 [AsyncHttpClient-1-1] DEBUG org.asynchttpclient.netty.channel.DefaultChannelPool - Entry count for : http://localhost:41557 : 1
18:22:28.510 [AsyncHttpClient-1-1] DEBUG org.asynchttpclient.netty.channel.DefaultChannelPool - Entry count for : http://localhost:54452 : 1
18:22:29.612 [AsyncHttpClient-1-1] DEBUG org.asynchttpclient.netty.channel.DefaultChannelPool - Entry count for : http://localhost:41557 : 1
18:22:29.613 [AsyncHttpClient-1-1] DEBUG org.asynchttpclient.netty.channel.DefaultChannelPool - Entry count for : http://localhost:54452 : 1
18:22:30.709 [AsyncHttpClient-1-1] DEBUG org.asynchttpclient.netty.channel.DefaultChannelPool - Entry count for : http://localhost:41557 : 1
18:22:30.710 [AsyncHttpClient-1-1] DEBUG org.asynchttpclient.netty.channel.DefaultChannelPool - Entry count for : http://localhost:54452 : 1
18:22:31.816 [AsyncHttpClient-1-1] DEBUG org.asynchttpclient.netty.channel.DefaultChannelPool - Entry count for : http://localhost:41557 : 1
18:22:31.816 [AsyncHttpClient-1-1] DEBUG org.asynchttpclient.netty.channel.DefaultChannelPool - Entry count for : http://localhost:54452 : 1
18:22:32.914 [AsyncHttpClient-1-1] DEBUG org.asynchttpclient.netty.channel.DefaultChannelPool - Entry count for : http://localhost:41557 : 1
18:22:32.914 [AsyncHttpClient-1-1] DEBUG org.asynchttpclient.netty.channel.DefaultChannelPool - Entry count for : http://localhost:54452 : 1
18:22:34.009 [AsyncHttpClient-1-1] DEBUG org.asynchttpclient.netty.channel.DefaultChannelPool - Entry count for : http://localhost:41557 : 1
18:22:34.009 [AsyncHttpClient-1-1] DEBUG org.asynchttpclient.netty.channel.DefaultChannelPool - Entry count for : http://localhost:54452 : 1
18:22:35.109 [AsyncHttpClient-1-1] DEBUG org.asynchttpclient.netty.channel.DefaultChannelPool - Entry count for : http://localhost:41557 : 1
18:22:35.110 [AsyncHttpClient-1-1] DEBUG org.asynchttpclient.netty.channel.DefaultChannelPool - Entry count for : http://localhost:54452 : 1
18:22:36.209 [AsyncHttpClient-1-1] DEBUG org.asynchttpclient.netty.channel.DefaultChannelPool - Entry count for : http://localhost:41557 : 1
18:22:36.210 [AsyncHttpClient-1-1] DEBUG org.asynchttpclient.netty.channel.DefaultChannelPool - Entry count for : http://localhost:54452 : 1
18:22:37.311 [AsyncHttpClient-1-1] DEBUG org.asynchttpclient.netty.channel.DefaultChannelPool - Entry count for : http://localhost:41557 : 1
18:22:37.311 [AsyncHttpClient-1-1] DEBUG org.asynchttpclient.netty.channel.DefaultChannelPool - Entry count for : http://localhost:54452 : 1
18:22:38.412 [AsyncHttpClient-1-1] DEBUG org.asynchttpclient.netty.channel.DefaultChannelPool - Entry count for : http://localhost:41557 : 1
18:22:38.412 [AsyncHttpClient-1-1] DEBUG org.asynchttpclient.netty.channel.DefaultChannelPool - Entry count for : http://localhost:54452 : 1
18:22:39.509 [AsyncHttpClient-1-1] DEBUG org.asynchttpclient.netty.channel.DefaultChannelPool - Entry count for : http://localhost:41557 : 1
18:22:39.509 [AsyncHttpClient-1-1] DEBUG org.asynchttpclient.netty.channel.DefaultChannelPool - Entry count for : http://localhost:54452 : 1
18:22:40.609 [AsyncHttpClient-1-1] DEBUG org.asynchttpclient.netty.channel.DefaultChannelPool - Entry count for : http://localhost:41557 : 1
18:22:40.609 [AsyncHttpClient-1-1] DEBUG org.asynchttpclient.netty.channel.DefaultChannelPool - Entry count for : http://localhost:54452 : 1
18:22:41.720 [AsyncHttpClient-1-1] DEBUG org.asynchttpclient.netty.channel.DefaultChannelPool - Entry count for : http://localhost:41557 : 1
18:22:41.720 [AsyncHttpClient-1-1] DEBUG org.asynchttpclient.netty.channel.DefaultChannelPool - Entry count for : http://localhost:54452 : 1
18:22:41.830 [AsyncHttpClient-1-8] DEBUG org.asynchttpclient.netty.handler.HttpHandler - 

Request DefaultHttpRequest(decodeResult: success, version: HTTP/1.1)
POST /session/ea199b0494febe4b9f04f0b0bbd568f3/element/9145e70d-e339-4431-a5ae-776a0dc49b9c/click HTTP/1.1
User-Agent: selenium/4.5.3 (java mac)
Content-Length: 50
Content-Type: application/json; charset=utf-8
host: localhost:5352
accept: */*

Response DefaultHttpResponse(decodeResult: success, version: HTTP/1.1)
HTTP/1.1 200 OK
Content-Length: 14
Content-Type: application/json; charset=utf-8
cache-control: no-cache

18:22:41.835 [AsyncHttpClient-1-8] DEBUG org.asynchttpclient.netty.channel.ChannelManager - Adding key: http://localhost:5352 for channel [id: 0x2a5c0841, L:/127.0.0.1:54451 - R:localhost/127.0.0.1:5352]
18:22:41.858 [Forwarding findElements on session ea199b0494febe4b9f04f0b0bbd568f3 to remote] DEBUG org.asynchttpclient.netty.request.NettyRequestSender - Using pooled Channel '[id: 0x2a5c0841, L:/127.0.0.1:54451 - R:localhost/127.0.0.1:5352]' for 'POST' to 'http://localhost:5352/session/ea199b0494febe4b9f04f0b0bbd568f3/elements'
18:22:41.859 [Forwarding findElements on session ea199b0494febe4b9f04f0b0bbd568f3 to remote] DEBUG org.asynchttpclient.netty.request.NettyRequestSender - Using open Channel [id: 0x2a5c0841, L:/127.0.0.1:54451 - R:localhost/127.0.0.1:5352] for POST '/session/ea199b0494febe4b9f04f0b0bbd568f3/elements'
18:22:42.708 [AsyncHttpClient-1-8] DEBUG org.asynchttpclient.netty.handler.HttpHandler - 

Request DefaultHttpRequest(decodeResult: success, version: HTTP/1.1)
POST /session/ea199b0494febe4b9f04f0b0bbd568f3/elements HTTP/1.1
User-Agent: selenium/4.5.3 (java mac)
Content-Length: 51
Content-Type: application/json; charset=utf-8
host: localhost:5352
accept: */*

Response DefaultHttpResponse(decodeResult: success, version: HTTP/1.1)
HTTP/1.1 200 OK
Content-Length: 5462
Content-Type: application/json; charset=utf-8
cache-control: no-cache

18:22:42.709 [AsyncHttpClient-1-8] DEBUG org.asynchttpclient.netty.channel.ChannelManager - Adding key: http://localhost:5352 for channel [id: 0x2a5c0841, L:/127.0.0.1:54451 - R:localhost/127.0.0.1:5352]
18:22:42.721 [Forwarding findChildElement on session ea199b0494febe4b9f04f0b0bbd568f3 to remote] DEBUG org.asynchttpclient.netty.request.NettyRequestSender - Using pooled Channel '[id: 0x2a5c0841, L:/127.0.0.1:54451 - R:localhost/127.0.0.1:5352]' for 'POST' to 'http://localhost:5352/session/ea199b0494febe4b9f04f0b0bbd568f3/element/643b5fc9-ff68-40d7-bd7d-09941d4a29f7/element'
18:22:42.721 [Forwarding findChildElement on session ea199b0494febe4b9f04f0b0bbd568f3 to remote] DEBUG org.asynchttpclient.netty.request.NettyRequestSender - Using open Channel [id: 0x2a5c0841, L:/127.0.0.1:54451 - R:localhost/127.0.0.1:5352] for POST '/session/ea199b0494febe4b9f04f0b0bbd568f3/element/643b5fc9-ff68-40d7-bd7d-09941d4a29f7/element'
18:22:42.809 [AsyncHttpClient-1-1] DEBUG org.asynchttpclient.netty.channel.DefaultChannelPool - Entry count for : http://localhost:41557 : 1
18:22:42.809 [AsyncHttpClient-1-1] DEBUG org.asynchttpclient.netty.channel.DefaultChannelPool - Entry count for : http://localhost:54452 : 1
18:22:43.280 [AsyncHttpClient-1-8] DEBUG org.asynchttpclient.netty.handler.HttpHandler - 

Request DefaultHttpRequest(decodeResult: success, version: HTTP/1.1)
POST /session/ea199b0494febe4b9f04f0b0bbd568f3/element/643b5fc9-ff68-40d7-bd7d-09941d4a29f7/element HTTP/1.1
User-Agent: selenium/4.5.3 (java mac)
Content-Length: 106
Content-Type: application/json; charset=utf-8
host: localhost:5352
accept: */*

Response DefaultHttpResponse(decodeResult: success, version: HTTP/1.1)
HTTP/1.1 200 OK
Content-Length: 88
Content-Type: application/json; charset=utf-8
cache-control: no-cache

18:22:43.281 [AsyncHttpClient-1-8] DEBUG org.asynchttpclient.netty.channel.ChannelManager - Adding key: http://localhost:5352 for channel [id: 0x2a5c0841, L:/127.0.0.1:54451 - R:localhost/127.0.0.1:5352]
18:22:43.282 [Forwarding getElementText on session ea199b0494febe4b9f04f0b0bbd568f3 to remote] DEBUG org.asynchttpclient.netty.request.NettyRequestSender - Using pooled Channel '[id: 0x2a5c0841, L:/127.0.0.1:54451 - R:localhost/127.0.0.1:5352]' for 'GET' to 'http://localhost:5352/session/ea199b0494febe4b9f04f0b0bbd568f3/element/9afa559e-3c4a-4c4e-aee2-059c46a920f6/text'
18:22:43.282 [Forwarding getElementText on session ea199b0494febe4b9f04f0b0bbd568f3 to remote] DEBUG org.asynchttpclient.netty.request.NettyRequestSender - Using open Channel [id: 0x2a5c0841, L:/127.0.0.1:54451 - R:localhost/127.0.0.1:5352] for GET '/session/ea199b0494febe4b9f04f0b0bbd568f3/element/9afa559e-3c4a-4c4e-aee2-059c46a920f6/text'
18:22:43.909 [AsyncHttpClient-1-1] DEBUG org.asynchttpclient.netty.channel.DefaultChannelPool - Entry count for : http://localhost:41557 : 1
18:22:43.909 [AsyncHttpClient-1-1] DEBUG org.asynchttpclient.netty.channel.DefaultChannelPool - Entry count for : http://localhost:54452 : 1
18:22:43.993 [AsyncHttpClient-1-8] DEBUG org.asynchttpclient.netty.handler.HttpHandler - 

Request DefaultFullHttpRequest(decodeResult: success, version: HTTP/1.1, content: EmptyByteBufBE)
GET /session/ea199b0494febe4b9f04f0b0bbd568f3/element/9afa559e-3c4a-4c4e-aee2-059c46a920f6/text HTTP/1.1
User-Agent: selenium/4.5.3 (java mac)
Cache-Control: no-cache
Content-Type: application/json; charset=utf-8
host: localhost:5352
accept: */*

Response DefaultHttpResponse(decodeResult: success, version: HTTP/1.1)
HTTP/1.1 200 OK
Content-Length: 12
Content-Type: application/json; charset=utf-8
cache-control: no-cache

18:22:43.993 [AsyncHttpClient-1-8] DEBUG org.asynchttpclient.netty.channel.ChannelManager - Adding key: http://localhost:5352 for channel [id: 0x2a5c0841, L:/127.0.0.1:54451 - R:localhost/127.0.0.1:5352]
18:22:43.995 [Forwarding findChildElement on session ea199b0494febe4b9f04f0b0bbd568f3 to remote] DEBUG org.asynchttpclient.netty.request.NettyRequestSender - Using pooled Channel '[id: 0x2a5c0841, L:/127.0.0.1:54451 - R:localhost/127.0.0.1:5352]' for 'POST' to 'http://localhost:5352/session/ea199b0494febe4b9f04f0b0bbd568f3/element/643b5fc9-ff68-40d7-bd7d-09941d4a29f7/element'
18:22:43.995 [Forwarding findChildElement on session ea199b0494febe4b9f04f0b0bbd568f3 to remote] DEBUG org.asynchttpclient.netty.request.NettyRequestSender - Using open Channel [id: 0x2a5c0841, L:/127.0.0.1:54451 - R:localhost/127.0.0.1:5352] for POST '/session/ea199b0494febe4b9f04f0b0bbd568f3/element/643b5fc9-ff68-40d7-bd7d-09941d4a29f7/element'
18:22:45.009 [AsyncHttpClient-1-1] DEBUG org.asynchttpclient.netty.channel.DefaultChannelPool - Entry count for : http://localhost:41557 : 1
18:22:45.009 [AsyncHttpClient-1-1] DEBUG org.asynchttpclient.netty.channel.DefaultChannelPool - Entry count for : http://localhost:54452 : 1
18:22:46.113 [AsyncHttpClient-1-1] DEBUG org.asynchttpclient.netty.channel.DefaultChannelPool - Entry count for : http://localhost:41557 : 1
18:22:46.113 [AsyncHttpClient-1-1] DEBUG org.asynchttpclient.netty.channel.DefaultChannelPool - Entry count for : http://localhost:54452 : 1
18:22:47.211 [AsyncHttpClient-1-1] DEBUG org.asynchttpclient.netty.channel.DefaultChannelPool - Entry count for : http://localhost:41557 : 1
18:22:47.211 [AsyncHttpClient-1-1] DEBUG org.asynchttpclient.netty.channel.DefaultChannelPool - Entry count for : http://localhost:54452 : 1
18:22:47.413 [AsyncHttpClient-1-8] DEBUG org.asynchttpclient.netty.handler.HttpHandler - 

Request DefaultHttpRequest(decodeResult: success, version: HTTP/1.1)
POST /session/ea199b0494febe4b9f04f0b0bbd568f3/element/643b5fc9-ff68-40d7-bd7d-09941d4a29f7/element HTTP/1.1
User-Agent: selenium/4.5.3 (java mac)
Content-Length: 106
Content-Type: application/json; charset=utf-8
host: localhost:5352
accept: */*

Response DefaultHttpResponse(decodeResult: success, version: HTTP/1.1)
HTTP/1.1 200 OK
Content-Length: 88
Content-Type: application/json; charset=utf-8
cache-control: no-cache

18:22:47.414 [AsyncHttpClient-1-8] DEBUG org.asynchttpclient.netty.channel.ChannelManager - Adding key: http://localhost:5352 for channel [id: 0x2a5c0841, L:/127.0.0.1:54451 - R:localhost/127.0.0.1:5352]
18:22:47.416 [Forwarding getElementText on session ea199b0494febe4b9f04f0b0bbd568f3 to remote] DEBUG org.asynchttpclient.netty.request.NettyRequestSender - Using pooled Channel '[id: 0x2a5c0841, L:/127.0.0.1:54451 - R:localhost/127.0.0.1:5352]' for 'GET' to 'http://localhost:5352/session/ea199b0494febe4b9f04f0b0bbd568f3/element/e042048b-6869-49c8-a904-a98ecb86105e/text'
18:22:47.416 [Forwarding getElementText on session ea199b0494febe4b9f04f0b0bbd568f3 to remote] DEBUG org.asynchttpclient.netty.request.NettyRequestSender - Using open Channel [id: 0x2a5c0841, L:/127.0.0.1:54451 - R:localhost/127.0.0.1:5352] for GET '/session/ea199b0494febe4b9f04f0b0bbd568f3/element/e042048b-6869-49c8-a904-a98ecb86105e/text'
18:22:48.011 [AsyncHttpClient-1-8] DEBUG org.asynchttpclient.netty.handler.HttpHandler - 

Request DefaultFullHttpRequest(decodeResult: success, version: HTTP/1.1, content: EmptyByteBufBE)
GET /session/ea199b0494febe4b9f04f0b0bbd568f3/element/e042048b-6869-49c8-a904-a98ecb86105e/text HTTP/1.1
User-Agent: selenium/4.5.3 (java mac)
Cache-Control: no-cache
Content-Type: application/json; charset=utf-8
host: localhost:5352
accept: */*

Response DefaultHttpResponse(decodeResult: success, version: HTTP/1.1)
HTTP/1.1 200 OK
Content-Length: 12
Content-Type: application/json; charset=utf-8
cache-control: no-cache

18:22:48.011 [AsyncHttpClient-1-8] DEBUG org.asynchttpclient.netty.channel.ChannelManager - Adding key: http://localhost:5352 for channel [id: 0x2a5c0841, L:/127.0.0.1:54451 - R:localhost/127.0.0.1:5352]
18:22:48.014 [Forwarding findChildElement on session ea199b0494febe4b9f04f0b0bbd568f3 to remote] DEBUG org.asynchttpclient.netty.request.NettyRequestSender - Using pooled Channel '[id: 0x2a5c0841, L:/127.0.0.1:54451 - R:localhost/127.0.0.1:5352]' for 'POST' to 'http://localhost:5352/session/ea199b0494febe4b9f04f0b0bbd568f3/element/fbf3f583-0b01-4c5c-a697-9f9d6b257f13/element'
18:22:48.014 [Forwarding findChildElement on session ea199b0494febe4b9f04f0b0bbd568f3 to remote] DEBUG org.asynchttpclient.netty.request.NettyRequestSender - Using open Channel [id: 0x2a5c0841, L:/127.0.0.1:54451 - R:localhost/127.0.0.1:5352] for POST '/session/ea199b0494febe4b9f04f0b0bbd568f3/element/fbf3f583-0b01-4c5c-a697-9f9d6b257f13/element'
18:22:48.311 [AsyncHttpClient-1-1] DEBUG org.asynchttpclient.netty.channel.DefaultChannelPool - Entry count for : http://localhost:41557 : 1
18:22:48.311 [AsyncHttpClient-1-1] DEBUG org.asynchttpclient.netty.channel.DefaultChannelPool - Entry count for : http://localhost:54452 : 1
18:22:49.295 [AsyncHttpClient-1-8] DEBUG org.asynchttpclient.netty.handler.HttpHandler - 

Request DefaultHttpRequest(decodeResult: success, version: HTTP/1.1)
POST /session/ea199b0494febe4b9f04f0b0bbd568f3/element/fbf3f583-0b01-4c5c-a697-9f9d6b257f13/element HTTP/1.1
User-Agent: selenium/4.5.3 (java mac)
Content-Length: 106
Content-Type: application/json; charset=utf-8
host: localhost:5352
accept: */*

Response DefaultHttpResponse(decodeResult: success, version: HTTP/1.1)
HTTP/1.1 200 OK
Content-Length: 88
Content-Type: application/json; charset=utf-8
cache-control: no-cache

18:22:49.295 [AsyncHttpClient-1-8] DEBUG org.asynchttpclient.netty.channel.ChannelManager - Adding key: http://localhost:5352 for channel [id: 0x2a5c0841, L:/127.0.0.1:54451 - R:localhost/127.0.0.1:5352]
18:22:49.296 [Forwarding getElementText on session ea199b0494febe4b9f04f0b0bbd568f3 to remote] DEBUG org.asynchttpclient.netty.request.NettyRequestSender - Using pooled Channel '[id: 0x2a5c0841, L:/127.0.0.1:54451 - R:localhost/127.0.0.1:5352]' for 'GET' to 'http://localhost:5352/session/ea199b0494febe4b9f04f0b0bbd568f3/element/ccd41429-ab6b-497f-a06f-0664d2bcb795/text'
18:22:49.296 [Forwarding getElementText on session ea199b0494febe4b9f04f0b0bbd568f3 to remote] DEBUG org.asynchttpclient.netty.request.NettyRequestSender - Using open Channel [id: 0x2a5c0841, L:/127.0.0.1:54451 - R:localhost/127.0.0.1:5352] for GET '/session/ea199b0494febe4b9f04f0b0bbd568f3/element/ccd41429-ab6b-497f-a06f-0664d2bcb795/text'
18:22:49.409 [AsyncHttpClient-1-1] DEBUG org.asynchttpclient.netty.channel.DefaultChannelPool - Entry count for : http://localhost:41557 : 1
18:22:49.410 [AsyncHttpClient-1-1] DEBUG org.asynchttpclient.netty.channel.DefaultChannelPool - Entry count for : http://localhost:54452 : 1
18:22:50.300 [AsyncHttpClient-1-8] DEBUG org.asynchttpclient.netty.handler.HttpHandler - 

Request DefaultFullHttpRequest(decodeResult: success, version: HTTP/1.1, content: EmptyByteBufBE)
GET /session/ea199b0494febe4b9f04f0b0bbd568f3/element/ccd41429-ab6b-497f-a06f-0664d2bcb795/text HTTP/1.1
User-Agent: selenium/4.5.3 (java mac)
Cache-Control: no-cache
Content-Type: application/json; charset=utf-8
host: localhost:5352
accept: */*

Response DefaultHttpResponse(decodeResult: success, version: HTTP/1.1)
HTTP/1.1 200 OK
Content-Length: 76
Content-Type: application/json; charset=utf-8
cache-control: no-cache

18:22:50.300 [AsyncHttpClient-1-8] DEBUG org.asynchttpclient.netty.channel.ChannelManager - Adding key: http://localhost:5352 for channel [id: 0x2a5c0841, L:/127.0.0.1:54451 - R:localhost/127.0.0.1:5352]
18:22:50.301 [Forwarding findChildElement on session ea199b0494febe4b9f04f0b0bbd568f3 to remote] DEBUG org.asynchttpclient.netty.request.NettyRequestSender - Using pooled Channel '[id: 0x2a5c0841, L:/127.0.0.1:54451 - R:localhost/127.0.0.1:5352]' for 'POST' to 'http://localhost:5352/session/ea199b0494febe4b9f04f0b0bbd568f3/element/fbf3f583-0b01-4c5c-a697-9f9d6b257f13/element'
18:22:50.301 [Forwarding findChildElement on session ea199b0494febe4b9f04f0b0bbd568f3 to remote] DEBUG org.asynchttpclient.netty.request.NettyRequestSender - Using open Channel [id: 0x2a5c0841, L:/127.0.0.1:54451 - R:localhost/127.0.0.1:5352] for POST '/session/ea199b0494febe4b9f04f0b0bbd568f3/element/fbf3f583-0b01-4c5c-a697-9f9d6b257f13/element'
18:22:50.428 [AsyncHttpClient-1-8] DEBUG org.asynchttpclient.netty.handler.HttpHandler - 

Request DefaultHttpRequest(decodeResult: success, version: HTTP/1.1)
POST /session/ea199b0494febe4b9f04f0b0bbd568f3/element/fbf3f583-0b01-4c5c-a697-9f9d6b257f13/element HTTP/1.1
User-Agent: selenium/4.5.3 (java mac)
Content-Length: 106
Content-Type: application/json; charset=utf-8
host: localhost:5352
accept: */*

Response DefaultHttpResponse(decodeResult: success, version: HTTP/1.1)
HTTP/1.1 200 OK
Content-Length: 88
Content-Type: application/json; charset=utf-8
cache-control: no-cache

18:22:50.428 [AsyncHttpClient-1-8] DEBUG org.asynchttpclient.netty.channel.ChannelManager - Adding key: http://localhost:5352 for channel [id: 0x2a5c0841, L:/127.0.0.1:54451 - R:localhost/127.0.0.1:5352]
18:22:50.429 [Forwarding getElementText on session ea199b0494febe4b9f04f0b0bbd568f3 to remote] DEBUG org.asynchttpclient.netty.request.NettyRequestSender - Using pooled Channel '[id: 0x2a5c0841, L:/127.0.0.1:54451 - R:localhost/127.0.0.1:5352]' for 'GET' to 'http://localhost:5352/session/ea199b0494febe4b9f04f0b0bbd568f3/element/631b16ae-1d57-4f86-bb6b-76fe953377ab/text'
18:22:50.429 [Forwarding getElementText on session ea199b0494febe4b9f04f0b0bbd568f3 to remote] DEBUG org.asynchttpclient.netty.request.NettyRequestSender - Using open Channel [id: 0x2a5c0841, L:/127.0.0.1:54451 - R:localhost/127.0.0.1:5352] for GET '/session/ea199b0494febe4b9f04f0b0bbd568f3/element/631b16ae-1d57-4f86-bb6b-76fe953377ab/text'
18:22:50.509 [AsyncHttpClient-1-1] DEBUG org.asynchttpclient.netty.channel.DefaultChannelPool - Entry count for : http://localhost:41557 : 1
18:22:50.509 [AsyncHttpClient-1-1] DEBUG org.asynchttpclient.netty.channel.DefaultChannelPool - Entry count for : http://localhost:54452 : 1
18:22:50.699 [AsyncHttpClient-1-8] DEBUG org.asynchttpclient.netty.handler.HttpHandler - 

Request DefaultFullHttpRequest(decodeResult: success, version: HTTP/1.1, content: EmptyByteBufBE)
GET /session/ea199b0494febe4b9f04f0b0bbd568f3/element/631b16ae-1d57-4f86-bb6b-76fe953377ab/text HTTP/1.1
User-Agent: selenium/4.5.3 (java mac)
Cache-Control: no-cache
Content-Type: application/json; charset=utf-8
host: localhost:5352
accept: */*

Response DefaultHttpResponse(decodeResult: success, version: HTTP/1.1)
HTTP/1.1 200 OK
Content-Length: 19
Content-Type: application/json; charset=utf-8
cache-control: no-cache

18:22:50.699 [AsyncHttpClient-1-8] DEBUG org.asynchttpclient.netty.channel.ChannelManager - Adding key: http://localhost:5352 for channel [id: 0x2a5c0841, L:/127.0.0.1:54451 - R:localhost/127.0.0.1:5352]
18:22:50.701 [Forwarding findChildElement on session ea199b0494febe4b9f04f0b0bbd568f3 to remote] DEBUG org.asynchttpclient.netty.request.NettyRequestSender - Using pooled Channel '[id: 0x2a5c0841, L:/127.0.0.1:54451 - R:localhost/127.0.0.1:5352]' for 'POST' to 'http://localhost:5352/session/ea199b0494febe4b9f04f0b0bbd568f3/element/6d5c8634-4b3c-4085-a18d-276950c6fc1b/element'
18:22:50.701 [Forwarding findChildElement on session ea199b0494febe4b9f04f0b0bbd568f3 to remote] DEBUG org.asynchttpclient.netty.request.NettyRequestSender - Using open Channel [id: 0x2a5c0841, L:/127.0.0.1:54451 - R:localhost/127.0.0.1:5352] for POST '/session/ea199b0494febe4b9f04f0b0bbd568f3/element/6d5c8634-4b3c-4085-a18d-276950c6fc1b/element'
18:22:50.883 [AsyncHttpClient-1-8] DEBUG org.asynchttpclient.netty.handler.HttpHandler - 

Request DefaultHttpRequest(decodeResult: success, version: HTTP/1.1)
POST /session/ea199b0494febe4b9f04f0b0bbd568f3/element/6d5c8634-4b3c-4085-a18d-276950c6fc1b/element HTTP/1.1
User-Agent: selenium/4.5.3 (java mac)
Content-Length: 106
Content-Type: application/json; charset=utf-8
host: localhost:5352
accept: */*

Response DefaultHttpResponse(decodeResult: success, version: HTTP/1.1)
HTTP/1.1 200 OK
Content-Length: 88
Content-Type: application/json; charset=utf-8
cache-control: no-cache

18:22:50.884 [AsyncHttpClient-1-8] DEBUG org.asynchttpclient.netty.channel.ChannelManager - Adding key: http://localhost:5352 for channel [id: 0x2a5c0841, L:/127.0.0.1:54451 - R:localhost/127.0.0.1:5352]
18:22:50.884 [Forwarding getElementText on session ea199b0494febe4b9f04f0b0bbd568f3 to remote] DEBUG org.asynchttpclient.netty.request.NettyRequestSender - Using pooled Channel '[id: 0x2a5c0841, L:/127.0.0.1:54451 - R:localhost/127.0.0.1:5352]' for 'GET' to 'http://localhost:5352/session/ea199b0494febe4b9f04f0b0bbd568f3/element/19c877d8-ce86-4638-bec1-7144b9cd336a/text'
18:22:50.884 [Forwarding getElementText on session ea199b0494febe4b9f04f0b0bbd568f3 to remote] DEBUG org.asynchttpclient.netty.request.NettyRequestSender - Using open Channel [id: 0x2a5c0841, L:/127.0.0.1:54451 - R:localhost/127.0.0.1:5352] for GET '/session/ea199b0494febe4b9f04f0b0bbd568f3/element/19c877d8-ce86-4638-bec1-7144b9cd336a/text'
18:22:51.001 [AsyncHttpClient-1-8] DEBUG org.asynchttpclient.netty.handler.HttpHandler - 

Request DefaultFullHttpRequest(decodeResult: success, version: HTTP/1.1, content: EmptyByteBufBE)
GET /session/ea199b0494febe4b9f04f0b0bbd568f3/element/19c877d8-ce86-4638-bec1-7144b9cd336a/text HTTP/1.1
User-Agent: selenium/4.5.3 (java mac)
Cache-Control: no-cache
Content-Type: application/json; charset=utf-8
host: localhost:5352
accept: */*

Response DefaultHttpResponse(decodeResult: success, version: HTTP/1.1)
HTTP/1.1 200 OK
Content-Length: 87
Content-Type: application/json; charset=utf-8
cache-control: no-cache

18:22:51.002 [AsyncHttpClient-1-8] DEBUG org.asynchttpclient.netty.channel.ChannelManager - Adding key: http://localhost:5352 for channel [id: 0x2a5c0841, L:/127.0.0.1:54451 - R:localhost/127.0.0.1:5352]
18:22:51.003 [Forwarding findChildElement on session ea199b0494febe4b9f04f0b0bbd568f3 to remote] DEBUG org.asynchttpclient.netty.request.NettyRequestSender - Using pooled Channel '[id: 0x2a5c0841, L:/127.0.0.1:54451 - R:localhost/127.0.0.1:5352]' for 'POST' to 'http://localhost:5352/session/ea199b0494febe4b9f04f0b0bbd568f3/element/6d5c8634-4b3c-4085-a18d-276950c6fc1b/element'
18:22:51.003 [Forwarding findChildElement on session ea199b0494febe4b9f04f0b0bbd568f3 to remote] DEBUG org.asynchttpclient.netty.request.NettyRequestSender - Using open Channel [id: 0x2a5c0841, L:/127.0.0.1:54451 - R:localhost/127.0.0.1:5352] for POST '/session/ea199b0494febe4b9f04f0b0bbd568f3/element/6d5c8634-4b3c-4085-a18d-276950c6fc1b/element'
18:22:51.036 [AsyncHttpClient-1-8] DEBUG org.asynchttpclient.netty.handler.HttpHandler - 

Request DefaultHttpRequest(decodeResult: success, version: HTTP/1.1)
POST /session/ea199b0494febe4b9f04f0b0bbd568f3/element/6d5c8634-4b3c-4085-a18d-276950c6fc1b/element HTTP/1.1
User-Agent: selenium/4.5.3 (java mac)
Content-Length: 106
Content-Type: application/json; charset=utf-8
host: localhost:5352
accept: */*

Response DefaultHttpResponse(decodeResult: success, version: HTTP/1.1)
HTTP/1.1 200 OK
Content-Length: 88
Content-Type: application/json; charset=utf-8
cache-control: no-cache

18:22:51.036 [AsyncHttpClient-1-8] DEBUG org.asynchttpclient.netty.channel.ChannelManager - Adding key: http://localhost:5352 for channel [id: 0x2a5c0841, L:/127.0.0.1:54451 - R:localhost/127.0.0.1:5352]
18:22:51.038 [Forwarding getElementText on session ea199b0494febe4b9f04f0b0bbd568f3 to remote] DEBUG org.asynchttpclient.netty.request.NettyRequestSender - Using pooled Channel '[id: 0x2a5c0841, L:/127.0.0.1:54451 - R:localhost/127.0.0.1:5352]' for 'GET' to 'http://localhost:5352/session/ea199b0494febe4b9f04f0b0bbd568f3/element/e41b9b19-8019-4e36-9769-e683243959a0/text'
18:22:51.038 [Forwarding getElementText on session ea199b0494febe4b9f04f0b0bbd568f3 to remote] DEBUG org.asynchttpclient.netty.request.NettyRequestSender - Using open Channel [id: 0x2a5c0841, L:/127.0.0.1:54451 - R:localhost/127.0.0.1:5352] for GET '/session/ea199b0494febe4b9f04f0b0bbd568f3/element/e41b9b19-8019-4e36-9769-e683243959a0/text'
18:22:51.344 [AsyncHttpClient-1-8] DEBUG org.asynchttpclient.netty.handler.HttpHandler - 

Request DefaultFullHttpRequest(decodeResult: success, version: HTTP/1.1, content: EmptyByteBufBE)
GET /session/ea199b0494febe4b9f04f0b0bbd568f3/element/e41b9b19-8019-4e36-9769-e683243959a0/text HTTP/1.1
User-Agent: selenium/4.5.3 (java mac)
Cache-Control: no-cache
Content-Type: application/json; charset=utf-8
host: localhost:5352
accept: */*

Response DefaultHttpResponse(decodeResult: success, version: HTTP/1.1)
HTTP/1.1 200 OK
Content-Length: 19
Content-Type: application/json; charset=utf-8
cache-control: no-cache

18:22:51.345 [AsyncHttpClient-1-8] DEBUG org.asynchttpclient.netty.channel.ChannelManager - Adding key: http://localhost:5352 for channel [id: 0x2a5c0841, L:/127.0.0.1:54451 - R:localhost/127.0.0.1:5352]
18:22:51.347 [Forwarding findChildElement on session ea199b0494febe4b9f04f0b0bbd568f3 to remote] DEBUG org.asynchttpclient.netty.request.NettyRequestSender - Using pooled Channel '[id: 0x2a5c0841, L:/127.0.0.1:54451 - R:localhost/127.0.0.1:5352]' for 'POST' to 'http://localhost:5352/session/ea199b0494febe4b9f04f0b0bbd568f3/element/461a1550-9f1e-428a-b810-2fff4764ae39/element'
18:22:51.347 [Forwarding findChildElement on session ea199b0494febe4b9f04f0b0bbd568f3 to remote] DEBUG org.asynchttpclient.netty.request.NettyRequestSender - Using open Channel [id: 0x2a5c0841, L:/127.0.0.1:54451 - R:localhost/127.0.0.1:5352] for POST '/session/ea199b0494febe4b9f04f0b0bbd568f3/element/461a1550-9f1e-428a-b810-2fff4764ae39/element'
18:22:51.564 [AsyncHttpClient-1-8] DEBUG org.asynchttpclient.netty.handler.HttpHandler - 

Request DefaultHttpRequest(decodeResult: success, version: HTTP/1.1)
POST /session/ea199b0494febe4b9f04f0b0bbd568f3/element/461a1550-9f1e-428a-b810-2fff4764ae39/element HTTP/1.1
User-Agent: selenium/4.5.3 (java mac)
Content-Length: 106
Content-Type: application/json; charset=utf-8
host: localhost:5352
accept: */*

Response DefaultHttpResponse(decodeResult: success, version: HTTP/1.1)
HTTP/1.1 200 OK
Content-Length: 88
Content-Type: application/json; charset=utf-8
cache-control: no-cache

18:22:51.564 [AsyncHttpClient-1-8] DEBUG org.asynchttpclient.netty.channel.ChannelManager - Adding key: http://localhost:5352 for channel [id: 0x2a5c0841, L:/127.0.0.1:54451 - R:localhost/127.0.0.1:5352]
18:22:51.565 [Forwarding getElementText on session ea199b0494febe4b9f04f0b0bbd568f3 to remote] DEBUG org.asynchttpclient.netty.request.NettyRequestSender - Using pooled Channel '[id: 0x2a5c0841, L:/127.0.0.1:54451 - R:localhost/127.0.0.1:5352]' for 'GET' to 'http://localhost:5352/session/ea199b0494febe4b9f04f0b0bbd568f3/element/b20484b8-2c50-4715-8d4d-57d7c1b699bb/text'
18:22:51.565 [Forwarding getElementText on session ea199b0494febe4b9f04f0b0bbd568f3 to remote] DEBUG org.asynchttpclient.netty.request.NettyRequestSender - Using open Channel [id: 0x2a5c0841, L:/127.0.0.1:54451 - R:localhost/127.0.0.1:5352] for GET '/session/ea199b0494febe4b9f04f0b0bbd568f3/element/b20484b8-2c50-4715-8d4d-57d7c1b699bb/text'
18:22:51.612 [AsyncHttpClient-1-1] DEBUG org.asynchttpclient.netty.channel.DefaultChannelPool - Entry count for : http://localhost:41557 : 1
18:22:51.612 [AsyncHttpClient-1-1] DEBUG org.asynchttpclient.netty.channel.DefaultChannelPool - Entry count for : http://localhost:54452 : 1
18:22:51.682 [AsyncHttpClient-1-8] DEBUG org.asynchttpclient.netty.handler.HttpHandler - 

Request DefaultFullHttpRequest(decodeResult: success, version: HTTP/1.1, content: EmptyByteBufBE)
GET /session/ea199b0494febe4b9f04f0b0bbd568f3/element/b20484b8-2c50-4715-8d4d-57d7c1b699bb/text HTTP/1.1
User-Agent: selenium/4.5.3 (java mac)
Cache-Control: no-cache
Content-Type: application/json; charset=utf-8
host: localhost:5352
accept: */*

Response DefaultHttpResponse(decodeResult: success, version: HTTP/1.1)
HTTP/1.1 200 OK
Content-Length: 75
Content-Type: application/json; charset=utf-8
cache-control: no-cache

18:22:51.682 [AsyncHttpClient-1-8] DEBUG org.asynchttpclient.netty.channel.ChannelManager - Adding key: http://localhost:5352 for channel [id: 0x2a5c0841, L:/127.0.0.1:54451 - R:localhost/127.0.0.1:5352]
18:22:51.683 [Forwarding findChildElement on session ea199b0494febe4b9f04f0b0bbd568f3 to remote] DEBUG org.asynchttpclient.netty.request.NettyRequestSender - Using pooled Channel '[id: 0x2a5c0841, L:/127.0.0.1:54451 - R:localhost/127.0.0.1:5352]' for 'POST' to 'http://localhost:5352/session/ea199b0494febe4b9f04f0b0bbd568f3/element/461a1550-9f1e-428a-b810-2fff4764ae39/element'
18:22:51.683 [Forwarding findChildElement on session ea199b0494febe4b9f04f0b0bbd568f3 to remote] DEBUG org.asynchttpclient.netty.request.NettyRequestSender - Using open Channel [id: 0x2a5c0841, L:/127.0.0.1:54451 - R:localhost/127.0.0.1:5352] for POST '/session/ea199b0494febe4b9f04f0b0bbd568f3/element/461a1550-9f1e-428a-b810-2fff4764ae39/element'
18:22:52.710 [AsyncHttpClient-1-1] DEBUG org.asynchttpclient.netty.channel.DefaultChannelPool - Entry count for : http://localhost:41557 : 1
18:22:52.711 [AsyncHttpClient-1-1] DEBUG org.asynchttpclient.netty.channel.DefaultChannelPool - Entry count for : http://localhost:54452 : 1
18:22:52.910 [AsyncHttpClient-1-8] DEBUG org.asynchttpclient.netty.handler.HttpHandler - 

Request DefaultHttpRequest(decodeResult: success, version: HTTP/1.1)
POST /session/ea199b0494febe4b9f04f0b0bbd568f3/element/461a1550-9f1e-428a-b810-2fff4764ae39/element HTTP/1.1
User-Agent: selenium/4.5.3 (java mac)
Content-Length: 106
Content-Type: application/json; charset=utf-8
host: localhost:5352
accept: */*

Response DefaultHttpResponse(decodeResult: success, version: HTTP/1.1)
HTTP/1.1 200 OK
Content-Length: 88
Content-Type: application/json; charset=utf-8
cache-control: no-cache

18:22:52.911 [AsyncHttpClient-1-8] DEBUG org.asynchttpclient.netty.channel.ChannelManager - Adding key: http://localhost:5352 for channel [id: 0x2a5c0841, L:/127.0.0.1:54451 - R:localhost/127.0.0.1:5352]
18:22:52.912 [Forwarding getElementText on session ea199b0494febe4b9f04f0b0bbd568f3 to remote] DEBUG org.asynchttpclient.netty.request.NettyRequestSender - Using pooled Channel '[id: 0x2a5c0841, L:/127.0.0.1:54451 - R:localhost/127.0.0.1:5352]' for 'GET' to 'http://localhost:5352/session/ea199b0494febe4b9f04f0b0bbd568f3/element/f298947c-2282-4145-bd97-bdb6cc7b40a0/text'
18:22:52.912 [Forwarding getElementText on session ea199b0494febe4b9f04f0b0bbd568f3 to remote] DEBUG org.asynchttpclient.netty.request.NettyRequestSender - Using open Channel [id: 0x2a5c0841, L:/127.0.0.1:54451 - R:localhost/127.0.0.1:5352] for GET '/session/ea199b0494febe4b9f04f0b0bbd568f3/element/f298947c-2282-4145-bd97-bdb6cc7b40a0/text'
18:22:52.967 [AsyncHttpClient-1-8] DEBUG org.asynchttpclient.netty.handler.HttpHandler - 

Request DefaultFullHttpRequest(decodeResult: success, version: HTTP/1.1, content: EmptyByteBufBE)
GET /session/ea199b0494febe4b9f04f0b0bbd568f3/element/f298947c-2282-4145-bd97-bdb6cc7b40a0/text HTTP/1.1
User-Agent: selenium/4.5.3 (java mac)
Cache-Control: no-cache
Content-Type: application/json; charset=utf-8
host: localhost:5352
accept: */*

Response DefaultHttpResponse(decodeResult: success, version: HTTP/1.1)
HTTP/1.1 200 OK
Content-Length: 19
Content-Type: application/json; charset=utf-8
cache-control: no-cache

18:22:52.967 [AsyncHttpClient-1-8] DEBUG org.asynchttpclient.netty.channel.ChannelManager - Adding key: http://localhost:5352 for channel [id: 0x2a5c0841, L:/127.0.0.1:54451 - R:localhost/127.0.0.1:5352]
18:22:52.969 [Forwarding findChildElement on session ea199b0494febe4b9f04f0b0bbd568f3 to remote] DEBUG org.asynchttpclient.netty.request.NettyRequestSender - Using pooled Channel '[id: 0x2a5c0841, L:/127.0.0.1:54451 - R:localhost/127.0.0.1:5352]' for 'POST' to 'http://localhost:5352/session/ea199b0494febe4b9f04f0b0bbd568f3/element/a6fad2e2-4707-4d43-a3d5-a18923b8ab63/element'
18:22:52.969 [Forwarding findChildElement on session ea199b0494febe4b9f04f0b0bbd568f3 to remote] DEBUG org.asynchttpclient.netty.request.NettyRequestSender - Using open Channel [id: 0x2a5c0841, L:/127.0.0.1:54451 - R:localhost/127.0.0.1:5352] for POST '/session/ea199b0494febe4b9f04f0b0bbd568f3/element/a6fad2e2-4707-4d43-a3d5-a18923b8ab63/element'
18:22:53.158 [AsyncHttpClient-1-8] DEBUG org.asynchttpclient.netty.handler.HttpHandler - 

Request DefaultHttpRequest(decodeResult: success, version: HTTP/1.1)
POST /session/ea199b0494febe4b9f04f0b0bbd568f3/element/a6fad2e2-4707-4d43-a3d5-a18923b8ab63/element HTTP/1.1
User-Agent: selenium/4.5.3 (java mac)
Content-Length: 106
Content-Type: application/json; charset=utf-8
host: localhost:5352
accept: */*

Response DefaultHttpResponse(decodeResult: success, version: HTTP/1.1)
HTTP/1.1 200 OK
Content-Length: 88
Content-Type: application/json; charset=utf-8
cache-control: no-cache

18:22:53.158 [AsyncHttpClient-1-8] DEBUG org.asynchttpclient.netty.channel.ChannelManager - Adding key: http://localhost:5352 for channel [id: 0x2a5c0841, L:/127.0.0.1:54451 - R:localhost/127.0.0.1:5352]
18:22:53.159 [Forwarding getElementText on session ea199b0494febe4b9f04f0b0bbd568f3 to remote] DEBUG org.asynchttpclient.netty.request.NettyRequestSender - Using pooled Channel '[id: 0x2a5c0841, L:/127.0.0.1:54451 - R:localhost/127.0.0.1:5352]' for 'GET' to 'http://localhost:5352/session/ea199b0494febe4b9f04f0b0bbd568f3/element/94d0815b-0d7a-4ffd-a295-c6bdf03e8bc6/text'
18:22:53.159 [Forwarding getElementText on session ea199b0494febe4b9f04f0b0bbd568f3 to remote] DEBUG org.asynchttpclient.netty.request.NettyRequestSender - Using open Channel [id: 0x2a5c0841, L:/127.0.0.1:54451 - R:localhost/127.0.0.1:5352] for GET '/session/ea199b0494febe4b9f04f0b0bbd568f3/element/94d0815b-0d7a-4ffd-a295-c6bdf03e8bc6/text'
18:22:53.204 [AsyncHttpClient-1-8] DEBUG org.asynchttpclient.netty.handler.HttpHandler - 

Request DefaultFullHttpRequest(decodeResult: success, version: HTTP/1.1, content: EmptyByteBufBE)
GET /session/ea199b0494febe4b9f04f0b0bbd568f3/element/94d0815b-0d7a-4ffd-a295-c6bdf03e8bc6/text HTTP/1.1
User-Agent: selenium/4.5.3 (java mac)
Cache-Control: no-cache
Content-Type: application/json; charset=utf-8
host: localhost:5352
accept: */*

Response DefaultHttpResponse(decodeResult: success, version: HTTP/1.1)
HTTP/1.1 200 OK
Content-Length: 90
Content-Type: application/json; charset=utf-8
cache-control: no-cache

18:22:53.204 [AsyncHttpClient-1-8] DEBUG org.asynchttpclient.netty.channel.ChannelManager - Adding key: http://localhost:5352 for channel [id: 0x2a5c0841, L:/127.0.0.1:54451 - R:localhost/127.0.0.1:5352]
18:22:53.205 [Forwarding findChildElement on session ea199b0494febe4b9f04f0b0bbd568f3 to remote] DEBUG org.asynchttpclient.netty.request.NettyRequestSender - Using pooled Channel '[id: 0x2a5c0841, L:/127.0.0.1:54451 - R:localhost/127.0.0.1:5352]' for 'POST' to 'http://localhost:5352/session/ea199b0494febe4b9f04f0b0bbd568f3/element/a6fad2e2-4707-4d43-a3d5-a18923b8ab63/element'
18:22:53.205 [Forwarding findChildElement on session ea199b0494febe4b9f04f0b0bbd568f3 to remote] DEBUG org.asynchttpclient.netty.request.NettyRequestSender - Using open Channel [id: 0x2a5c0841, L:/127.0.0.1:54451 - R:localhost/127.0.0.1:5352] for POST '/session/ea199b0494febe4b9f04f0b0bbd568f3/element/a6fad2e2-4707-4d43-a3d5-a18923b8ab63/element'
18:22:53.221 [AsyncHttpClient-1-8] DEBUG org.asynchttpclient.netty.handler.HttpHandler - 

Request DefaultHttpRequest(decodeResult: success, version: HTTP/1.1)
POST /session/ea199b0494febe4b9f04f0b0bbd568f3/element/a6fad2e2-4707-4d43-a3d5-a18923b8ab63/element HTTP/1.1
User-Agent: selenium/4.5.3 (java mac)
Content-Length: 106
Content-Type: application/json; charset=utf-8
host: localhost:5352
accept: */*

Response DefaultHttpResponse(decodeResult: success, version: HTTP/1.1)
HTTP/1.1 200 OK
Content-Length: 88
Content-Type: application/json; charset=utf-8
cache-control: no-cache

18:22:53.222 [AsyncHttpClient-1-8] DEBUG org.asynchttpclient.netty.channel.ChannelManager - Adding key: http://localhost:5352 for channel [id: 0x2a5c0841, L:/127.0.0.1:54451 - R:localhost/127.0.0.1:5352]
18:22:53.222 [Forwarding getElementText on session ea199b0494febe4b9f04f0b0bbd568f3 to remote] DEBUG org.asynchttpclient.netty.request.NettyRequestSender - Using pooled Channel '[id: 0x2a5c0841, L:/127.0.0.1:54451 - R:localhost/127.0.0.1:5352]' for 'GET' to 'http://localhost:5352/session/ea199b0494febe4b9f04f0b0bbd568f3/element/d7183a60-6cc9-4807-9a0d-f379b662fb67/text'
18:22:53.222 [Forwarding getElementText on session ea199b0494febe4b9f04f0b0bbd568f3 to remote] DEBUG org.asynchttpclient.netty.request.NettyRequestSender - Using open Channel [id: 0x2a5c0841, L:/127.0.0.1:54451 - R:localhost/127.0.0.1:5352] for GET '/session/ea199b0494febe4b9f04f0b0bbd568f3/element/d7183a60-6cc9-4807-9a0d-f379b662fb67/text'
18:22:53.326 [AsyncHttpClient-1-8] DEBUG org.asynchttpclient.netty.handler.HttpHandler - 

Request DefaultFullHttpRequest(decodeResult: success, version: HTTP/1.1, content: EmptyByteBufBE)
GET /session/ea199b0494febe4b9f04f0b0bbd568f3/element/d7183a60-6cc9-4807-9a0d-f379b662fb67/text HTTP/1.1
User-Agent: selenium/4.5.3 (java mac)
Cache-Control: no-cache
Content-Type: application/json; charset=utf-8
host: localhost:5352
accept: */*

Response DefaultHttpResponse(decodeResult: success, version: HTTP/1.1)
HTTP/1.1 200 OK
Content-Length: 19
Content-Type: application/json; charset=utf-8
cache-control: no-cache

18:22:53.326 [AsyncHttpClient-1-8] DEBUG org.asynchttpclient.netty.channel.ChannelManager - Adding key: http://localhost:5352 for channel [id: 0x2a5c0841, L:/127.0.0.1:54451 - R:localhost/127.0.0.1:5352]
18:22:53.328 [Forwarding findChildElement on session ea199b0494febe4b9f04f0b0bbd568f3 to remote] DEBUG org.asynchttpclient.netty.request.NettyRequestSender - Using pooled Channel '[id: 0x2a5c0841, L:/127.0.0.1:54451 - R:localhost/127.0.0.1:5352]' for 'POST' to 'http://localhost:5352/session/ea199b0494febe4b9f04f0b0bbd568f3/element/937e19fd-2237-4d4e-ab12-863c0cf1f074/element'
18:22:53.328 [Forwarding findChildElement on session ea199b0494febe4b9f04f0b0bbd568f3 to remote] DEBUG org.asynchttpclient.netty.request.NettyRequestSender - Using open Channel [id: 0x2a5c0841, L:/127.0.0.1:54451 - R:localhost/127.0.0.1:5352] for POST '/session/ea199b0494febe4b9f04f0b0bbd568f3/element/937e19fd-2237-4d4e-ab12-863c0cf1f074/element'
18:22:53.338 [AsyncHttpClient-1-8] DEBUG org.asynchttpclient.netty.handler.HttpHandler - 

Request DefaultHttpRequest(decodeResult: success, version: HTTP/1.1)
POST /session/ea199b0494febe4b9f04f0b0bbd568f3/element/937e19fd-2237-4d4e-ab12-863c0cf1f074/element HTTP/1.1
User-Agent: selenium/4.5.3 (java mac)
Content-Length: 106
Content-Type: application/json; charset=utf-8
host: localhost:5352
accept: */*

Response DefaultHttpResponse(decodeResult: success, version: HTTP/1.1)
HTTP/1.1 200 OK
Content-Length: 88
Content-Type: application/json; charset=utf-8
cache-control: no-cache

18:22:53.338 [AsyncHttpClient-1-8] DEBUG org.asynchttpclient.netty.channel.ChannelManager - Adding key: http://localhost:5352 for channel [id: 0x2a5c0841, L:/127.0.0.1:54451 - R:localhost/127.0.0.1:5352]
18:22:53.339 [Forwarding getElementText on session ea199b0494febe4b9f04f0b0bbd568f3 to remote] DEBUG org.asynchttpclient.netty.request.NettyRequestSender - Using pooled Channel '[id: 0x2a5c0841, L:/127.0.0.1:54451 - R:localhost/127.0.0.1:5352]' for 'GET' to 'http://localhost:5352/session/ea199b0494febe4b9f04f0b0bbd568f3/element/e27c735f-d53e-444a-a031-292f0a10b6ec/text'
18:22:53.339 [Forwarding getElementText on session ea199b0494febe4b9f04f0b0bbd568f3 to remote] DEBUG org.asynchttpclient.netty.request.NettyRequestSender - Using open Channel [id: 0x2a5c0841, L:/127.0.0.1:54451 - R:localhost/127.0.0.1:5352] for GET '/session/ea199b0494febe4b9f04f0b0bbd568f3/element/e27c735f-d53e-444a-a031-292f0a10b6ec/text'
18:22:53.499 [AsyncHttpClient-1-8] DEBUG org.asynchttpclient.netty.handler.HttpHandler - 

Request DefaultFullHttpRequest(decodeResult: success, version: HTTP/1.1, content: EmptyByteBufBE)
GET /session/ea199b0494febe4b9f04f0b0bbd568f3/element/e27c735f-d53e-444a-a031-292f0a10b6ec/text HTTP/1.1
User-Agent: selenium/4.5.3 (java mac)
Cache-Control: no-cache
Content-Type: application/json; charset=utf-8
host: localhost:5352
accept: */*

Response DefaultHttpResponse(decodeResult: success, version: HTTP/1.1)
HTTP/1.1 200 OK
Content-Length: 72
Content-Type: application/json; charset=utf-8
cache-control: no-cache

18:22:53.499 [AsyncHttpClient-1-8] DEBUG org.asynchttpclient.netty.channel.ChannelManager - Adding key: http://localhost:5352 for channel [id: 0x2a5c0841, L:/127.0.0.1:54451 - R:localhost/127.0.0.1:5352]
18:22:53.501 [Forwarding findChildElement on session ea199b0494febe4b9f04f0b0bbd568f3 to remote] DEBUG org.asynchttpclient.netty.request.NettyRequestSender - Using pooled Channel '[id: 0x2a5c0841, L:/127.0.0.1:54451 - R:localhost/127.0.0.1:5352]' for 'POST' to 'http://localhost:5352/session/ea199b0494febe4b9f04f0b0bbd568f3/element/937e19fd-2237-4d4e-ab12-863c0cf1f074/element'
18:22:53.501 [Forwarding findChildElement on session ea199b0494febe4b9f04f0b0bbd568f3 to remote] DEBUG org.asynchttpclient.netty.request.NettyRequestSender - Using open Channel [id: 0x2a5c0841, L:/127.0.0.1:54451 - R:localhost/127.0.0.1:5352] for POST '/session/ea199b0494febe4b9f04f0b0bbd568f3/element/937e19fd-2237-4d4e-ab12-863c0cf1f074/element'
18:22:53.613 [AsyncHttpClient-1-8] DEBUG org.asynchttpclient.netty.handler.HttpHandler - 

Request DefaultHttpRequest(decodeResult: success, version: HTTP/1.1)
POST /session/ea199b0494febe4b9f04f0b0bbd568f3/element/937e19fd-2237-4d4e-ab12-863c0cf1f074/element HTTP/1.1
User-Agent: selenium/4.5.3 (java mac)
Content-Length: 106
Content-Type: application/json; charset=utf-8
host: localhost:5352
accept: */*

Response DefaultHttpResponse(decodeResult: success, version: HTTP/1.1)
HTTP/1.1 200 OK
Content-Length: 88
Content-Type: application/json; charset=utf-8
cache-control: no-cache

18:22:53.613 [AsyncHttpClient-1-8] DEBUG org.asynchttpclient.netty.channel.ChannelManager - Adding key: http://localhost:5352 for channel [id: 0x2a5c0841, L:/127.0.0.1:54451 - R:localhost/127.0.0.1:5352]
18:22:53.614 [Forwarding getElementText on session ea199b0494febe4b9f04f0b0bbd568f3 to remote] DEBUG org.asynchttpclient.netty.request.NettyRequestSender - Using pooled Channel '[id: 0x2a5c0841, L:/127.0.0.1:54451 - R:localhost/127.0.0.1:5352]' for 'GET' to 'http://localhost:5352/session/ea199b0494febe4b9f04f0b0bbd568f3/element/99fc1750-dbb2-4970-b539-b1b2928e4f86/text'
18:22:53.615 [Forwarding getElementText on session ea199b0494febe4b9f04f0b0bbd568f3 to remote] DEBUG org.asynchttpclient.netty.request.NettyRequestSender - Using open Channel [id: 0x2a5c0841, L:/127.0.0.1:54451 - R:localhost/127.0.0.1:5352] for GET '/session/ea199b0494febe4b9f04f0b0bbd568f3/element/99fc1750-dbb2-4970-b539-b1b2928e4f86/text'
18:22:53.728 [AsyncHttpClient-1-8] DEBUG org.asynchttpclient.netty.handler.HttpHandler - 

Request DefaultFullHttpRequest(decodeResult: success, version: HTTP/1.1, content: EmptyByteBufBE)
GET /session/ea199b0494febe4b9f04f0b0bbd568f3/element/99fc1750-dbb2-4970-b539-b1b2928e4f86/text HTTP/1.1
User-Agent: selenium/4.5.3 (java mac)
Cache-Control: no-cache
Content-Type: application/json; charset=utf-8
host: localhost:5352
accept: */*

Response DefaultHttpResponse(decodeResult: success, version: HTTP/1.1)
HTTP/1.1 200 OK
Content-Length: 19
Content-Type: application/json; charset=utf-8
cache-control: no-cache

18:22:53.728 [AsyncHttpClient-1-8] DEBUG org.asynchttpclient.netty.channel.ChannelManager - Adding key: http://localhost:5352 for channel [id: 0x2a5c0841, L:/127.0.0.1:54451 - R:localhost/127.0.0.1:5352]
18:22:53.729 [Forwarding findChildElement on session ea199b0494febe4b9f04f0b0bbd568f3 to remote] DEBUG org.asynchttpclient.netty.request.NettyRequestSender - Using pooled Channel '[id: 0x2a5c0841, L:/127.0.0.1:54451 - R:localhost/127.0.0.1:5352]' for 'POST' to 'http://localhost:5352/session/ea199b0494febe4b9f04f0b0bbd568f3/element/53446aea-0989-45e7-b354-6de38e3d58ce/element'
18:22:53.729 [Forwarding findChildElement on session ea199b0494febe4b9f04f0b0bbd568f3 to remote] DEBUG org.asynchttpclient.netty.request.NettyRequestSender - Using open Channel [id: 0x2a5c0841, L:/127.0.0.1:54451 - R:localhost/127.0.0.1:5352] for POST '/session/ea199b0494febe4b9f04f0b0bbd568f3/element/53446aea-0989-45e7-b354-6de38e3d58ce/element'
18:22:53.809 [AsyncHttpClient-1-1] DEBUG org.asynchttpclient.netty.channel.DefaultChannelPool - Entry count for : http://localhost:41557 : 1
18:22:53.809 [AsyncHttpClient-1-1] DEBUG org.asynchttpclient.netty.channel.DefaultChannelPool - Entry count for : http://localhost:54452 : 1
18:22:54.226 [AsyncHttpClient-1-8] DEBUG org.asynchttpclient.netty.handler.HttpHandler - 

Request DefaultHttpRequest(decodeResult: success, version: HTTP/1.1)
POST /session/ea199b0494febe4b9f04f0b0bbd568f3/element/53446aea-0989-45e7-b354-6de38e3d58ce/element HTTP/1.1
User-Agent: selenium/4.5.3 (java mac)
Content-Length: 106
Content-Type: application/json; charset=utf-8
host: localhost:5352
accept: */*

Response DefaultHttpResponse(decodeResult: success, version: HTTP/1.1)
HTTP/1.1 200 OK
Content-Length: 88
Content-Type: application/json; charset=utf-8
cache-control: no-cache

18:22:54.226 [AsyncHttpClient-1-8] DEBUG org.asynchttpclient.netty.channel.ChannelManager - Adding key: http://localhost:5352 for channel [id: 0x2a5c0841, L:/127.0.0.1:54451 - R:localhost/127.0.0.1:5352]
18:22:54.227 [Forwarding getElementText on session ea199b0494febe4b9f04f0b0bbd568f3 to remote] DEBUG org.asynchttpclient.netty.request.NettyRequestSender - Using pooled Channel '[id: 0x2a5c0841, L:/127.0.0.1:54451 - R:localhost/127.0.0.1:5352]' for 'GET' to 'http://localhost:5352/session/ea199b0494febe4b9f04f0b0bbd568f3/element/43204b08-7e5c-4791-a4c3-c18b2563e020/text'
18:22:54.227 [Forwarding getElementText on session ea199b0494febe4b9f04f0b0bbd568f3 to remote] DEBUG org.asynchttpclient.netty.request.NettyRequestSender - Using open Channel [id: 0x2a5c0841, L:/127.0.0.1:54451 - R:localhost/127.0.0.1:5352] for GET '/session/ea199b0494febe4b9f04f0b0bbd568f3/element/43204b08-7e5c-4791-a4c3-c18b2563e020/text'
18:22:54.424 [AsyncHttpClient-1-8] DEBUG org.asynchttpclient.netty.handler.HttpHandler - 

Request DefaultFullHttpRequest(decodeResult: success, version: HTTP/1.1, content: EmptyByteBufBE)
GET /session/ea199b0494febe4b9f04f0b0bbd568f3/element/43204b08-7e5c-4791-a4c3-c18b2563e020/text HTTP/1.1
User-Agent: selenium/4.5.3 (java mac)
Cache-Control: no-cache
Content-Type: application/json; charset=utf-8
host: localhost:5352
accept: */*

Response DefaultHttpResponse(decodeResult: success, version: HTTP/1.1)
HTTP/1.1 200 OK
Content-Length: 85
Content-Type: application/json; charset=utf-8
cache-control: no-cache

18:22:54.424 [AsyncHttpClient-1-8] DEBUG org.asynchttpclient.netty.channel.ChannelManager - Adding key: http://localhost:5352 for channel [id: 0x2a5c0841, L:/127.0.0.1:54451 - R:localhost/127.0.0.1:5352]
18:22:54.426 [Forwarding findChildElement on session ea199b0494febe4b9f04f0b0bbd568f3 to remote] DEBUG org.asynchttpclient.netty.request.NettyRequestSender - Using pooled Channel '[id: 0x2a5c0841, L:/127.0.0.1:54451 - R:localhost/127.0.0.1:5352]' for 'POST' to 'http://localhost:5352/session/ea199b0494febe4b9f04f0b0bbd568f3/element/53446aea-0989-45e7-b354-6de38e3d58ce/element'
18:22:54.427 [Forwarding findChildElement on session ea199b0494febe4b9f04f0b0bbd568f3 to remote] DEBUG org.asynchttpclient.netty.request.NettyRequestSender - Using open Channel [id: 0x2a5c0841, L:/127.0.0.1:54451 - R:localhost/127.0.0.1:5352] for POST '/session/ea199b0494febe4b9f04f0b0bbd568f3/element/53446aea-0989-45e7-b354-6de38e3d58ce/element'
18:22:54.508 [AsyncHttpClient-1-8] DEBUG org.asynchttpclient.netty.handler.HttpHandler - 

Request DefaultHttpRequest(decodeResult: success, version: HTTP/1.1)
POST /session/ea199b0494febe4b9f04f0b0bbd568f3/element/53446aea-0989-45e7-b354-6de38e3d58ce/element HTTP/1.1
User-Agent: selenium/4.5.3 (java mac)
Content-Length: 106
Content-Type: application/json; charset=utf-8
host: localhost:5352
accept: */*

Response DefaultHttpResponse(decodeResult: success, version: HTTP/1.1)
HTTP/1.1 200 OK
Content-Length: 88
Content-Type: application/json; charset=utf-8
cache-control: no-cache

18:22:54.509 [AsyncHttpClient-1-8] DEBUG org.asynchttpclient.netty.channel.ChannelManager - Adding key: http://localhost:5352 for channel [id: 0x2a5c0841, L:/127.0.0.1:54451 - R:localhost/127.0.0.1:5352]
18:22:54.510 [Forwarding getElementText on session ea199b0494febe4b9f04f0b0bbd568f3 to remote] DEBUG org.asynchttpclient.netty.request.NettyRequestSender - Using pooled Channel '[id: 0x2a5c0841, L:/127.0.0.1:54451 - R:localhost/127.0.0.1:5352]' for 'GET' to 'http://localhost:5352/session/ea199b0494febe4b9f04f0b0bbd568f3/element/f8f7312e-5127-4f67-be65-d9e6f3947318/text'
18:22:54.510 [Forwarding getElementText on session ea199b0494febe4b9f04f0b0bbd568f3 to remote] DEBUG org.asynchttpclient.netty.request.NettyRequestSender - Using open Channel [id: 0x2a5c0841, L:/127.0.0.1:54451 - R:localhost/127.0.0.1:5352] for GET '/session/ea199b0494febe4b9f04f0b0bbd568f3/element/f8f7312e-5127-4f67-be65-d9e6f3947318/text'
18:22:54.566 [AsyncHttpClient-1-8] DEBUG org.asynchttpclient.netty.handler.HttpHandler - 

Request DefaultFullHttpRequest(decodeResult: success, version: HTTP/1.1, content: EmptyByteBufBE)
GET /session/ea199b0494febe4b9f04f0b0bbd568f3/element/f8f7312e-5127-4f67-be65-d9e6f3947318/text HTTP/1.1
User-Agent: selenium/4.5.3 (java mac)
Cache-Control: no-cache
Content-Type: application/json; charset=utf-8
host: localhost:5352
accept: */*

Response DefaultHttpResponse(decodeResult: success, version: HTTP/1.1)
HTTP/1.1 200 OK
Content-Length: 30
Content-Type: application/json; charset=utf-8
cache-control: no-cache

18:22:54.566 [AsyncHttpClient-1-8] DEBUG org.asynchttpclient.netty.channel.ChannelManager - Adding key: http://localhost:5352 for channel [id: 0x2a5c0841, L:/127.0.0.1:54451 - R:localhost/127.0.0.1:5352]
18:22:54.568 [Forwarding findChildElement on session ea199b0494febe4b9f04f0b0bbd568f3 to remote] DEBUG org.asynchttpclient.netty.request.NettyRequestSender - Using pooled Channel '[id: 0x2a5c0841, L:/127.0.0.1:54451 - R:localhost/127.0.0.1:5352]' for 'POST' to 'http://localhost:5352/session/ea199b0494febe4b9f04f0b0bbd568f3/element/9f77e35e-4d08-47fc-9368-afaa674ef993/element'
18:22:54.568 [Forwarding findChildElement on session ea199b0494febe4b9f04f0b0bbd568f3 to remote] DEBUG org.asynchttpclient.netty.request.NettyRequestSender - Using open Channel [id: 0x2a5c0841, L:/127.0.0.1:54451 - R:localhost/127.0.0.1:5352] for POST '/session/ea199b0494febe4b9f04f0b0bbd568f3/element/9f77e35e-4d08-47fc-9368-afaa674ef993/element'
18:22:54.624 [AsyncHttpClient-1-8] DEBUG org.asynchttpclient.netty.handler.HttpHandler - 

Request DefaultHttpRequest(decodeResult: success, version: HTTP/1.1)
POST /session/ea199b0494febe4b9f04f0b0bbd568f3/element/9f77e35e-4d08-47fc-9368-afaa674ef993/element HTTP/1.1
User-Agent: selenium/4.5.3 (java mac)
Content-Length: 106
Content-Type: application/json; charset=utf-8
host: localhost:5352
accept: */*

Response DefaultHttpResponse(decodeResult: success, version: HTTP/1.1)
HTTP/1.1 200 OK
Content-Length: 88
Content-Type: application/json; charset=utf-8
cache-control: no-cache

18:22:54.625 [AsyncHttpClient-1-8] DEBUG org.asynchttpclient.netty.channel.ChannelManager - Adding key: http://localhost:5352 for channel [id: 0x2a5c0841, L:/127.0.0.1:54451 - R:localhost/127.0.0.1:5352]
18:22:54.625 [Forwarding getElementText on session ea199b0494febe4b9f04f0b0bbd568f3 to remote] DEBUG org.asynchttpclient.netty.request.NettyRequestSender - Using pooled Channel '[id: 0x2a5c0841, L:/127.0.0.1:54451 - R:localhost/127.0.0.1:5352]' for 'GET' to 'http://localhost:5352/session/ea199b0494febe4b9f04f0b0bbd568f3/element/8b8e2419-aa51-4a38-b4cf-ce23b565502c/text'
18:22:54.626 [Forwarding getElementText on session ea199b0494febe4b9f04f0b0bbd568f3 to remote] DEBUG org.asynchttpclient.netty.request.NettyRequestSender - Using open Channel [id: 0x2a5c0841, L:/127.0.0.1:54451 - R:localhost/127.0.0.1:5352] for GET '/session/ea199b0494febe4b9f04f0b0bbd568f3/element/8b8e2419-aa51-4a38-b4cf-ce23b565502c/text'
18:22:54.662 [AsyncHttpClient-1-8] DEBUG org.asynchttpclient.netty.handler.HttpHandler - 

Request DefaultFullHttpRequest(decodeResult: success, version: HTTP/1.1, content: EmptyByteBufBE)
GET /session/ea199b0494febe4b9f04f0b0bbd568f3/element/8b8e2419-aa51-4a38-b4cf-ce23b565502c/text HTTP/1.1
User-Agent: selenium/4.5.3 (java mac)
Cache-Control: no-cache
Content-Type: application/json; charset=utf-8
host: localhost:5352
accept: */*

Response DefaultHttpResponse(decodeResult: success, version: HTTP/1.1)
HTTP/1.1 200 OK
Content-Length: 79
Content-Type: application/json; charset=utf-8
cache-control: no-cache

18:22:54.664 [AsyncHttpClient-1-8] DEBUG org.asynchttpclient.netty.channel.ChannelManager - Adding key: http://localhost:5352 for channel [id: 0x2a5c0841, L:/127.0.0.1:54451 - R:localhost/127.0.0.1:5352]
18:22:54.672 [Forwarding findChildElement on session ea199b0494febe4b9f04f0b0bbd568f3 to remote] DEBUG org.asynchttpclient.netty.request.NettyRequestSender - Using pooled Channel '[id: 0x2a5c0841, L:/127.0.0.1:54451 - R:localhost/127.0.0.1:5352]' for 'POST' to 'http://localhost:5352/session/ea199b0494febe4b9f04f0b0bbd568f3/element/9f77e35e-4d08-47fc-9368-afaa674ef993/element'
18:22:54.672 [Forwarding findChildElement on session ea199b0494febe4b9f04f0b0bbd568f3 to remote] DEBUG org.asynchttpclient.netty.request.NettyRequestSender - Using open Channel [id: 0x2a5c0841, L:/127.0.0.1:54451 - R:localhost/127.0.0.1:5352] for POST '/session/ea199b0494febe4b9f04f0b0bbd568f3/element/9f77e35e-4d08-47fc-9368-afaa674ef993/element'
18:22:54.700 [AsyncHttpClient-1-8] DEBUG org.asynchttpclient.netty.handler.HttpHandler - 

Request DefaultHttpRequest(decodeResult: success, version: HTTP/1.1)
POST /session/ea199b0494febe4b9f04f0b0bbd568f3/element/9f77e35e-4d08-47fc-9368-afaa674ef993/element HTTP/1.1
User-Agent: selenium/4.5.3 (java mac)
Content-Length: 106
Content-Type: application/json; charset=utf-8
host: localhost:5352
accept: */*

Response DefaultHttpResponse(decodeResult: success, version: HTTP/1.1)
HTTP/1.1 200 OK
Content-Length: 88
Content-Type: application/json; charset=utf-8
cache-control: no-cache

18:22:54.700 [AsyncHttpClient-1-8] DEBUG org.asynchttpclient.netty.channel.ChannelManager - Adding key: http://localhost:5352 for channel [id: 0x2a5c0841, L:/127.0.0.1:54451 - R:localhost/127.0.0.1:5352]
18:22:54.701 [Forwarding getElementText on session ea199b0494febe4b9f04f0b0bbd568f3 to remote] DEBUG org.asynchttpclient.netty.request.NettyRequestSender - Using pooled Channel '[id: 0x2a5c0841, L:/127.0.0.1:54451 - R:localhost/127.0.0.1:5352]' for 'GET' to 'http://localhost:5352/session/ea199b0494febe4b9f04f0b0bbd568f3/element/011864ce-59e7-43c3-858d-2f7afe411a0a/text'
18:22:54.701 [Forwarding getElementText on session ea199b0494febe4b9f04f0b0bbd568f3 to remote] DEBUG org.asynchttpclient.netty.request.NettyRequestSender - Using open Channel [id: 0x2a5c0841, L:/127.0.0.1:54451 - R:localhost/127.0.0.1:5352] for GET '/session/ea199b0494febe4b9f04f0b0bbd568f3/element/011864ce-59e7-43c3-858d-2f7afe411a0a/text'
18:22:54.909 [AsyncHttpClient-1-1] DEBUG org.asynchttpclient.netty.channel.DefaultChannelPool - Entry count for : http://localhost:41557 : 1
18:22:54.909 [AsyncHttpClient-1-1] DEBUG org.asynchttpclient.netty.channel.DefaultChannelPool - Entry count for : http://localhost:54452 : 1
18:22:54.909 [AsyncHttpClient-1-1] DEBUG org.asynchttpclient.netty.channel.DefaultChannelPool - Adding Candidate expired Channel [id: 0x606ef152, L:/127.0.0.1:54348 - R:localhost/127.0.0.1:41557] isIdleTimeoutExpired=true isRemotelyClosed=false isTtlExpired=false
18:22:54.910 [AsyncHttpClient-1-1] DEBUG org.asynchttpclient.netty.channel.DefaultChannelPool - Closing Idle Channel [id: 0x606ef152, L:/127.0.0.1:54348 - R:localhost/127.0.0.1:41557]
18:22:54.910 [AsyncHttpClient-1-1] DEBUG org.asynchttpclient.netty.channel.DefaultChannelPool - Closed 1 connections out of 2 in 1 ms
18:22:54.911 [AsyncHttpClient-1-5] DEBUG org.asynchttpclient.netty.handler.HttpHandler - Channel Closed: [id: 0x606ef152, L:/127.0.0.1:54348 ! R:localhost/127.0.0.1:41557] with attribute DISCARD
18:22:54.934 [AsyncHttpClient-1-8] DEBUG org.asynchttpclient.netty.handler.HttpHandler - 

Request DefaultFullHttpRequest(decodeResult: success, version: HTTP/1.1, content: EmptyByteBufBE)
GET /session/ea199b0494febe4b9f04f0b0bbd568f3/element/011864ce-59e7-43c3-858d-2f7afe411a0a/text HTTP/1.1
User-Agent: selenium/4.5.3 (java mac)
Cache-Control: no-cache
Content-Type: application/json; charset=utf-8
host: localhost:5352
accept: */*

Response DefaultHttpResponse(decodeResult: success, version: HTTP/1.1)
HTTP/1.1 200 OK
Content-Length: 19
Content-Type: application/json; charset=utf-8
cache-control: no-cache

18:22:54.934 [AsyncHttpClient-1-8] DEBUG org.asynchttpclient.netty.channel.ChannelManager - Adding key: http://localhost:5352 for channel [id: 0x2a5c0841, L:/127.0.0.1:54451 - R:localhost/127.0.0.1:5352]
18:22:54.936 [Forwarding findChildElement on session ea199b0494febe4b9f04f0b0bbd568f3 to remote] DEBUG org.asynchttpclient.netty.request.NettyRequestSender - Using pooled Channel '[id: 0x2a5c0841, L:/127.0.0.1:54451 - R:localhost/127.0.0.1:5352]' for 'POST' to 'http://localhost:5352/session/ea199b0494febe4b9f04f0b0bbd568f3/element/fe574a8a-2feb-44a2-b905-f91574aa1908/element'
18:22:54.936 [Forwarding findChildElement on session ea199b0494febe4b9f04f0b0bbd568f3 to remote] DEBUG org.asynchttpclient.netty.request.NettyRequestSender - Using open Channel [id: 0x2a5c0841, L:/127.0.0.1:54451 - R:localhost/127.0.0.1:5352] for POST '/session/ea199b0494febe4b9f04f0b0bbd568f3/element/fe574a8a-2feb-44a2-b905-f91574aa1908/element'
18:22:54.999 [AsyncHttpClient-1-8] DEBUG org.asynchttpclient.netty.handler.HttpHandler - 

Request DefaultHttpRequest(decodeResult: success, version: HTTP/1.1)
POST /session/ea199b0494febe4b9f04f0b0bbd568f3/element/fe574a8a-2feb-44a2-b905-f91574aa1908/element HTTP/1.1
User-Agent: selenium/4.5.3 (java mac)
Content-Length: 106
Content-Type: application/json; charset=utf-8
host: localhost:5352
accept: */*

Response DefaultHttpResponse(decodeResult: success, version: HTTP/1.1)
HTTP/1.1 200 OK
Content-Length: 88
Content-Type: application/json; charset=utf-8
cache-control: no-cache

18:22:55.000 [AsyncHttpClient-1-8] DEBUG org.asynchttpclient.netty.channel.ChannelManager - Adding key: http://localhost:5352 for channel [id: 0x2a5c0841, L:/127.0.0.1:54451 - R:localhost/127.0.0.1:5352]
18:22:55.001 [Forwarding getElementText on session ea199b0494febe4b9f04f0b0bbd568f3 to remote] DEBUG org.asynchttpclient.netty.request.NettyRequestSender - Using pooled Channel '[id: 0x2a5c0841, L:/127.0.0.1:54451 - R:localhost/127.0.0.1:5352]' for 'GET' to 'http://localhost:5352/session/ea199b0494febe4b9f04f0b0bbd568f3/element/bf44ebed-1575-4087-a75c-ed43f24e7c11/text'
18:22:55.001 [Forwarding getElementText on session ea199b0494febe4b9f04f0b0bbd568f3 to remote] DEBUG org.asynchttpclient.netty.request.NettyRequestSender - Using open Channel [id: 0x2a5c0841, L:/127.0.0.1:54451 - R:localhost/127.0.0.1:5352] for GET '/session/ea199b0494febe4b9f04f0b0bbd568f3/element/bf44ebed-1575-4087-a75c-ed43f24e7c11/text'
18:22:55.039 [AsyncHttpClient-1-8] DEBUG org.asynchttpclient.netty.handler.HttpHandler - 

Request DefaultFullHttpRequest(decodeResult: success, version: HTTP/1.1, content: EmptyByteBufBE)
GET /session/ea199b0494febe4b9f04f0b0bbd568f3/element/bf44ebed-1575-4087-a75c-ed43f24e7c11/text HTTP/1.1
User-Agent: selenium/4.5.3 (java mac)
Cache-Control: no-cache
Content-Type: application/json; charset=utf-8
host: localhost:5352
accept: */*

Response DefaultHttpResponse(decodeResult: success, version: HTTP/1.1)
HTTP/1.1 200 OK
Content-Length: 72
Content-Type: application/json; charset=utf-8
cache-control: no-cache

18:22:55.040 [AsyncHttpClient-1-8] DEBUG org.asynchttpclient.netty.channel.ChannelManager - Adding key: http://localhost:5352 for channel [id: 0x2a5c0841, L:/127.0.0.1:54451 - R:localhost/127.0.0.1:5352]
18:22:55.043 [Forwarding findChildElement on session ea199b0494febe4b9f04f0b0bbd568f3 to remote] DEBUG org.asynchttpclient.netty.request.NettyRequestSender - Using pooled Channel '[id: 0x2a5c0841, L:/127.0.0.1:54451 - R:localhost/127.0.0.1:5352]' for 'POST' to 'http://localhost:5352/session/ea199b0494febe4b9f04f0b0bbd568f3/element/fe574a8a-2feb-44a2-b905-f91574aa1908/element'
18:22:55.043 [Forwarding findChildElement on session ea199b0494febe4b9f04f0b0bbd568f3 to remote] DEBUG org.asynchttpclient.netty.request.NettyRequestSender - Using open Channel [id: 0x2a5c0841, L:/127.0.0.1:54451 - R:localhost/127.0.0.1:5352] for POST '/session/ea199b0494febe4b9f04f0b0bbd568f3/element/fe574a8a-2feb-44a2-b905-f91574aa1908/element'
18:22:55.116 [AsyncHttpClient-1-8] DEBUG org.asynchttpclient.netty.handler.HttpHandler - 

Request DefaultHttpRequest(decodeResult: success, version: HTTP/1.1)
POST /session/ea199b0494febe4b9f04f0b0bbd568f3/element/fe574a8a-2feb-44a2-b905-f91574aa1908/element HTTP/1.1
User-Agent: selenium/4.5.3 (java mac)
Content-Length: 106
Content-Type: application/json; charset=utf-8
host: localhost:5352
accept: */*

Response DefaultHttpResponse(decodeResult: success, version: HTTP/1.1)
HTTP/1.1 200 OK
Content-Length: 88
Content-Type: application/json; charset=utf-8
cache-control: no-cache

18:22:55.116 [AsyncHttpClient-1-8] DEBUG org.asynchttpclient.netty.channel.ChannelManager - Adding key: http://localhost:5352 for channel [id: 0x2a5c0841, L:/127.0.0.1:54451 - R:localhost/127.0.0.1:5352]
18:22:55.117 [Forwarding getElementText on session ea199b0494febe4b9f04f0b0bbd568f3 to remote] DEBUG org.asynchttpclient.netty.request.NettyRequestSender - Using pooled Channel '[id: 0x2a5c0841, L:/127.0.0.1:54451 - R:localhost/127.0.0.1:5352]' for 'GET' to 'http://localhost:5352/session/ea199b0494febe4b9f04f0b0bbd568f3/element/1ed641b3-21ef-4045-bc04-0c0ec78290e8/text'
18:22:55.117 [Forwarding getElementText on session ea199b0494febe4b9f04f0b0bbd568f3 to remote] DEBUG org.asynchttpclient.netty.request.NettyRequestSender - Using open Channel [id: 0x2a5c0841, L:/127.0.0.1:54451 - R:localhost/127.0.0.1:5352] for GET '/session/ea199b0494febe4b9f04f0b0bbd568f3/element/1ed641b3-21ef-4045-bc04-0c0ec78290e8/text'
18:22:55.187 [AsyncHttpClient-1-8] DEBUG org.asynchttpclient.netty.handler.HttpHandler - 

Request DefaultFullHttpRequest(decodeResult: success, version: HTTP/1.1, content: EmptyByteBufBE)
GET /session/ea199b0494febe4b9f04f0b0bbd568f3/element/1ed641b3-21ef-4045-bc04-0c0ec78290e8/text HTTP/1.1
User-Agent: selenium/4.5.3 (java mac)
Cache-Control: no-cache
Content-Type: application/json; charset=utf-8
host: localhost:5352
accept: */*

Response DefaultHttpResponse(decodeResult: success, version: HTTP/1.1)
HTTP/1.1 200 OK
Content-Length: 19
Content-Type: application/json; charset=utf-8
cache-control: no-cache

18:22:55.187 [AsyncHttpClient-1-8] DEBUG org.asynchttpclient.netty.channel.ChannelManager - Adding key: http://localhost:5352 for channel [id: 0x2a5c0841, L:/127.0.0.1:54451 - R:localhost/127.0.0.1:5352]
18:22:55.189 [Forwarding findChildElement on session ea199b0494febe4b9f04f0b0bbd568f3 to remote] DEBUG org.asynchttpclient.netty.request.NettyRequestSender - Using pooled Channel '[id: 0x2a5c0841, L:/127.0.0.1:54451 - R:localhost/127.0.0.1:5352]' for 'POST' to 'http://localhost:5352/session/ea199b0494febe4b9f04f0b0bbd568f3/element/fb5d6051-5e2f-434f-aec9-22d4ce089d02/element'
18:22:55.189 [Forwarding findChildElement on session ea199b0494febe4b9f04f0b0bbd568f3 to remote] DEBUG org.asynchttpclient.netty.request.NettyRequestSender - Using open Channel [id: 0x2a5c0841, L:/127.0.0.1:54451 - R:localhost/127.0.0.1:5352] for POST '/session/ea199b0494febe4b9f04f0b0bbd568f3/element/fb5d6051-5e2f-434f-aec9-22d4ce089d02/element'
18:22:55.210 [AsyncHttpClient-1-8] DEBUG org.asynchttpclient.netty.handler.HttpHandler - 

Request DefaultHttpRequest(decodeResult: success, version: HTTP/1.1)
POST /session/ea199b0494febe4b9f04f0b0bbd568f3/element/fb5d6051-5e2f-434f-aec9-22d4ce089d02/element HTTP/1.1
User-Agent: selenium/4.5.3 (java mac)
Content-Length: 106
Content-Type: application/json; charset=utf-8
host: localhost:5352
accept: */*

Response DefaultHttpResponse(decodeResult: success, version: HTTP/1.1)
HTTP/1.1 200 OK
Content-Length: 88
Content-Type: application/json; charset=utf-8
cache-control: no-cache

18:22:55.210 [AsyncHttpClient-1-8] DEBUG org.asynchttpclient.netty.channel.ChannelManager - Adding key: http://localhost:5352 for channel [id: 0x2a5c0841, L:/127.0.0.1:54451 - R:localhost/127.0.0.1:5352]
18:22:55.211 [Forwarding getElementText on session ea199b0494febe4b9f04f0b0bbd568f3 to remote] DEBUG org.asynchttpclient.netty.request.NettyRequestSender - Using pooled Channel '[id: 0x2a5c0841, L:/127.0.0.1:54451 - R:localhost/127.0.0.1:5352]' for 'GET' to 'http://localhost:5352/session/ea199b0494febe4b9f04f0b0bbd568f3/element/48fec38d-7703-4082-adfd-b232a7a9c4df/text'
18:22:55.211 [Forwarding getElementText on session ea199b0494febe4b9f04f0b0bbd568f3 to remote] DEBUG org.asynchttpclient.netty.request.NettyRequestSender - Using open Channel [id: 0x2a5c0841, L:/127.0.0.1:54451 - R:localhost/127.0.0.1:5352] for GET '/session/ea199b0494febe4b9f04f0b0bbd568f3/element/48fec38d-7703-4082-adfd-b232a7a9c4df/text'
18:22:55.235 [AsyncHttpClient-1-8] DEBUG org.asynchttpclient.netty.handler.HttpHandler - 

Request DefaultFullHttpRequest(decodeResult: success, version: HTTP/1.1, content: EmptyByteBufBE)
GET /session/ea199b0494febe4b9f04f0b0bbd568f3/element/48fec38d-7703-4082-adfd-b232a7a9c4df/text HTTP/1.1
User-Agent: selenium/4.5.3 (java mac)
Cache-Control: no-cache
Content-Type: application/json; charset=utf-8
host: localhost:5352
accept: */*

Response DefaultHttpResponse(decodeResult: success, version: HTTP/1.1)
HTTP/1.1 200 OK
Content-Length: 79
Content-Type: application/json; charset=utf-8
cache-control: no-cache

18:22:55.235 [AsyncHttpClient-1-8] DEBUG org.asynchttpclient.netty.channel.ChannelManager - Adding key: http://localhost:5352 for channel [id: 0x2a5c0841, L:/127.0.0.1:54451 - R:localhost/127.0.0.1:5352]
18:22:55.237 [Forwarding findChildElement on session ea199b0494febe4b9f04f0b0bbd568f3 to remote] DEBUG org.asynchttpclient.netty.request.NettyRequestSender - Using pooled Channel '[id: 0x2a5c0841, L:/127.0.0.1:54451 - R:localhost/127.0.0.1:5352]' for 'POST' to 'http://localhost:5352/session/ea199b0494febe4b9f04f0b0bbd568f3/element/fb5d6051-5e2f-434f-aec9-22d4ce089d02/element'
18:22:55.237 [Forwarding findChildElement on session ea199b0494febe4b9f04f0b0bbd568f3 to remote] DEBUG org.asynchttpclient.netty.request.NettyRequestSender - Using open Channel [id: 0x2a5c0841, L:/127.0.0.1:54451 - R:localhost/127.0.0.1:5352] for POST '/session/ea199b0494febe4b9f04f0b0bbd568f3/element/fb5d6051-5e2f-434f-aec9-22d4ce089d02/element'
18:22:55.297 [AsyncHttpClient-1-8] DEBUG org.asynchttpclient.netty.handler.HttpHandler - 

Request DefaultHttpRequest(decodeResult: success, version: HTTP/1.1)
POST /session/ea199b0494febe4b9f04f0b0bbd568f3/element/fb5d6051-5e2f-434f-aec9-22d4ce089d02/element HTTP/1.1
User-Agent: selenium/4.5.3 (java mac)
Content-Length: 106
Content-Type: application/json; charset=utf-8
host: localhost:5352
accept: */*

Response DefaultHttpResponse(decodeResult: success, version: HTTP/1.1)
HTTP/1.1 200 OK
Content-Length: 88
Content-Type: application/json; charset=utf-8
cache-control: no-cache

18:22:55.298 [AsyncHttpClient-1-8] DEBUG org.asynchttpclient.netty.channel.ChannelManager - Adding key: http://localhost:5352 for channel [id: 0x2a5c0841, L:/127.0.0.1:54451 - R:localhost/127.0.0.1:5352]
18:22:55.299 [Forwarding getElementText on session ea199b0494febe4b9f04f0b0bbd568f3 to remote] DEBUG org.asynchttpclient.netty.request.NettyRequestSender - Using pooled Channel '[id: 0x2a5c0841, L:/127.0.0.1:54451 - R:localhost/127.0.0.1:5352]' for 'GET' to 'http://localhost:5352/session/ea199b0494febe4b9f04f0b0bbd568f3/element/304f4845-ee93-48ee-a5db-cb23eafc9c2f/text'
18:22:55.299 [Forwarding getElementText on session ea199b0494febe4b9f04f0b0bbd568f3 to remote] DEBUG org.asynchttpclient.netty.request.NettyRequestSender - Using open Channel [id: 0x2a5c0841, L:/127.0.0.1:54451 - R:localhost/127.0.0.1:5352] for GET '/session/ea199b0494febe4b9f04f0b0bbd568f3/element/304f4845-ee93-48ee-a5db-cb23eafc9c2f/text'
18:22:55.387 [AsyncHttpClient-1-8] DEBUG org.asynchttpclient.netty.handler.HttpHandler - 

Request DefaultFullHttpRequest(decodeResult: success, version: HTTP/1.1, content: EmptyByteBufBE)
GET /session/ea199b0494febe4b9f04f0b0bbd568f3/element/304f4845-ee93-48ee-a5db-cb23eafc9c2f/text HTTP/1.1
User-Agent: selenium/4.5.3 (java mac)
Cache-Control: no-cache
Content-Type: application/json; charset=utf-8
host: localhost:5352
accept: */*

Response DefaultHttpResponse(decodeResult: success, version: HTTP/1.1)
HTTP/1.1 200 OK
Content-Length: 19
Content-Type: application/json; charset=utf-8
cache-control: no-cache

18:22:55.387 [AsyncHttpClient-1-8] DEBUG org.asynchttpclient.netty.channel.ChannelManager - Adding key: http://localhost:5352 for channel [id: 0x2a5c0841, L:/127.0.0.1:54451 - R:localhost/127.0.0.1:5352]
18:22:55.389 [Forwarding findChildElement on session ea199b0494febe4b9f04f0b0bbd568f3 to remote] DEBUG org.asynchttpclient.netty.request.NettyRequestSender - Using pooled Channel '[id: 0x2a5c0841, L:/127.0.0.1:54451 - R:localhost/127.0.0.1:5352]' for 'POST' to 'http://localhost:5352/session/ea199b0494febe4b9f04f0b0bbd568f3/element/f5e302b3-6575-416b-8b11-5ae2e5269602/element'
18:22:55.389 [Forwarding findChildElement on session ea199b0494febe4b9f04f0b0bbd568f3 to remote] DEBUG org.asynchttpclient.netty.request.NettyRequestSender - Using open Channel [id: 0x2a5c0841, L:/127.0.0.1:54451 - R:localhost/127.0.0.1:5352] for POST '/session/ea199b0494febe4b9f04f0b0bbd568f3/element/f5e302b3-6575-416b-8b11-5ae2e5269602/element'
18:22:55.418 [AsyncHttpClient-1-8] DEBUG org.asynchttpclient.netty.handler.HttpHandler - 

Request DefaultHttpRequest(decodeResult: success, version: HTTP/1.1)
POST /session/ea199b0494febe4b9f04f0b0bbd568f3/element/f5e302b3-6575-416b-8b11-5ae2e5269602/element HTTP/1.1
User-Agent: selenium/4.5.3 (java mac)
Content-Length: 106
Content-Type: application/json; charset=utf-8
host: localhost:5352
accept: */*

Response DefaultHttpResponse(decodeResult: success, version: HTTP/1.1)
HTTP/1.1 200 OK
Content-Length: 88
Content-Type: application/json; charset=utf-8
cache-control: no-cache

18:22:55.419 [AsyncHttpClient-1-8] DEBUG org.asynchttpclient.netty.channel.ChannelManager - Adding key: http://localhost:5352 for channel [id: 0x2a5c0841, L:/127.0.0.1:54451 - R:localhost/127.0.0.1:5352]
18:22:55.425 [Forwarding getElementText on session ea199b0494febe4b9f04f0b0bbd568f3 to remote] DEBUG org.asynchttpclient.netty.request.NettyRequestSender - Using pooled Channel '[id: 0x2a5c0841, L:/127.0.0.1:54451 - R:localhost/127.0.0.1:5352]' for 'GET' to 'http://localhost:5352/session/ea199b0494febe4b9f04f0b0bbd568f3/element/37523584-1c0c-46d5-860c-c0023ae8e1fc/text'
18:22:55.425 [Forwarding getElementText on session ea199b0494febe4b9f04f0b0bbd568f3 to remote] DEBUG org.asynchttpclient.netty.request.NettyRequestSender - Using open Channel [id: 0x2a5c0841, L:/127.0.0.1:54451 - R:localhost/127.0.0.1:5352] for GET '/session/ea199b0494febe4b9f04f0b0bbd568f3/element/37523584-1c0c-46d5-860c-c0023ae8e1fc/text'
18:22:55.478 [AsyncHttpClient-1-8] DEBUG org.asynchttpclient.netty.handler.HttpHandler - 

Request DefaultFullHttpRequest(decodeResult: success, version: HTTP/1.1, content: EmptyByteBufBE)
GET /session/ea199b0494febe4b9f04f0b0bbd568f3/element/37523584-1c0c-46d5-860c-c0023ae8e1fc/text HTTP/1.1
User-Agent: selenium/4.5.3 (java mac)
Cache-Control: no-cache
Content-Type: application/json; charset=utf-8
host: localhost:5352
accept: */*

Response DefaultHttpResponse(decodeResult: success, version: HTTP/1.1)
HTTP/1.1 200 OK
Content-Length: 64
Content-Type: application/json; charset=utf-8
cache-control: no-cache

18:22:55.478 [AsyncHttpClient-1-8] DEBUG org.asynchttpclient.netty.channel.ChannelManager - Adding key: http://localhost:5352 for channel [id: 0x2a5c0841, L:/127.0.0.1:54451 - R:localhost/127.0.0.1:5352]
18:22:55.481 [Forwarding findChildElement on session ea199b0494febe4b9f04f0b0bbd568f3 to remote] DEBUG org.asynchttpclient.netty.request.NettyRequestSender - Using pooled Channel '[id: 0x2a5c0841, L:/127.0.0.1:54451 - R:localhost/127.0.0.1:5352]' for 'POST' to 'http://localhost:5352/session/ea199b0494febe4b9f04f0b0bbd568f3/element/f5e302b3-6575-416b-8b11-5ae2e5269602/element'
18:22:55.481 [Forwarding findChildElement on session ea199b0494febe4b9f04f0b0bbd568f3 to remote] DEBUG org.asynchttpclient.netty.request.NettyRequestSender - Using open Channel [id: 0x2a5c0841, L:/127.0.0.1:54451 - R:localhost/127.0.0.1:5352] for POST '/session/ea199b0494febe4b9f04f0b0bbd568f3/element/f5e302b3-6575-416b-8b11-5ae2e5269602/element'
18:22:55.500 [AsyncHttpClient-1-8] DEBUG org.asynchttpclient.netty.handler.HttpHandler - 

Request DefaultHttpRequest(decodeResult: success, version: HTTP/1.1)
POST /session/ea199b0494febe4b9f04f0b0bbd568f3/element/f5e302b3-6575-416b-8b11-5ae2e5269602/element HTTP/1.1
User-Agent: selenium/4.5.3 (java mac)
Content-Length: 106
Content-Type: application/json; charset=utf-8
host: localhost:5352
accept: */*

Response DefaultHttpResponse(decodeResult: success, version: HTTP/1.1)
HTTP/1.1 200 OK
Content-Length: 88
Content-Type: application/json; charset=utf-8
cache-control: no-cache

18:22:55.501 [AsyncHttpClient-1-8] DEBUG org.asynchttpclient.netty.channel.ChannelManager - Adding key: http://localhost:5352 for channel [id: 0x2a5c0841, L:/127.0.0.1:54451 - R:localhost/127.0.0.1:5352]
18:22:55.582 [Forwarding getElementText on session ea199b0494febe4b9f04f0b0bbd568f3 to remote] DEBUG org.asynchttpclient.netty.request.NettyRequestSender - Using pooled Channel '[id: 0x2a5c0841, L:/127.0.0.1:54451 - R:localhost/127.0.0.1:5352]' for 'GET' to 'http://localhost:5352/session/ea199b0494febe4b9f04f0b0bbd568f3/element/63548b99-bea4-4318-9c1b-f0b8994e852d/text'
18:22:55.583 [Forwarding getElementText on session ea199b0494febe4b9f04f0b0bbd568f3 to remote] DEBUG org.asynchttpclient.netty.request.NettyRequestSender - Using open Channel [id: 0x2a5c0841, L:/127.0.0.1:54451 - R:localhost/127.0.0.1:5352] for GET '/session/ea199b0494febe4b9f04f0b0bbd568f3/element/63548b99-bea4-4318-9c1b-f0b8994e852d/text'
18:22:55.781 [AsyncHttpClient-1-8] DEBUG org.asynchttpclient.netty.handler.HttpHandler - 

Request DefaultFullHttpRequest(decodeResult: success, version: HTTP/1.1, content: EmptyByteBufBE)
GET /session/ea199b0494febe4b9f04f0b0bbd568f3/element/63548b99-bea4-4318-9c1b-f0b8994e852d/text HTTP/1.1
User-Agent: selenium/4.5.3 (java mac)
Cache-Control: no-cache
Content-Type: application/json; charset=utf-8
host: localhost:5352
accept: */*

Response DefaultHttpResponse(decodeResult: success, version: HTTP/1.1)
HTTP/1.1 200 OK
Content-Length: 19
Content-Type: application/json; charset=utf-8
cache-control: no-cache

18:22:55.782 [AsyncHttpClient-1-8] DEBUG org.asynchttpclient.netty.channel.ChannelManager - Adding key: http://localhost:5352 for channel [id: 0x2a5c0841, L:/127.0.0.1:54451 - R:localhost/127.0.0.1:5352]
18:22:55.784 [Forwarding findChildElement on session ea199b0494febe4b9f04f0b0bbd568f3 to remote] DEBUG org.asynchttpclient.netty.request.NettyRequestSender - Using pooled Channel '[id: 0x2a5c0841, L:/127.0.0.1:54451 - R:localhost/127.0.0.1:5352]' for 'POST' to 'http://localhost:5352/session/ea199b0494febe4b9f04f0b0bbd568f3/element/904b8259-d19d-4d01-bd81-c707375c1cc7/element'
18:22:55.784 [Forwarding findChildElement on session ea199b0494febe4b9f04f0b0bbd568f3 to remote] DEBUG org.asynchttpclient.netty.request.NettyRequestSender - Using open Channel [id: 0x2a5c0841, L:/127.0.0.1:54451 - R:localhost/127.0.0.1:5352] for POST '/session/ea199b0494febe4b9f04f0b0bbd568f3/element/904b8259-d19d-4d01-bd81-c707375c1cc7/element'
18:22:55.837 [AsyncHttpClient-1-8] DEBUG org.asynchttpclient.netty.handler.HttpHandler - 

Request DefaultHttpRequest(decodeResult: success, version: HTTP/1.1)
POST /session/ea199b0494febe4b9f04f0b0bbd568f3/element/904b8259-d19d-4d01-bd81-c707375c1cc7/element HTTP/1.1
User-Agent: selenium/4.5.3 (java mac)
Content-Length: 106
Content-Type: application/json; charset=utf-8
host: localhost:5352
accept: */*

Response DefaultHttpResponse(decodeResult: success, version: HTTP/1.1)
HTTP/1.1 200 OK
Content-Length: 88
Content-Type: application/json; charset=utf-8
cache-control: no-cache

18:22:55.837 [AsyncHttpClient-1-8] DEBUG org.asynchttpclient.netty.channel.ChannelManager - Adding key: http://localhost:5352 for channel [id: 0x2a5c0841, L:/127.0.0.1:54451 - R:localhost/127.0.0.1:5352]
18:22:55.840 [Forwarding getElementText on session ea199b0494febe4b9f04f0b0bbd568f3 to remote] DEBUG org.asynchttpclient.netty.request.NettyRequestSender - Using pooled Channel '[id: 0x2a5c0841, L:/127.0.0.1:54451 - R:localhost/127.0.0.1:5352]' for 'GET' to 'http://localhost:5352/session/ea199b0494febe4b9f04f0b0bbd568f3/element/e26b0b7d-661c-4e86-9576-d7a04bf32d0e/text'
18:22:55.840 [Forwarding getElementText on session ea199b0494febe4b9f04f0b0bbd568f3 to remote] DEBUG org.asynchttpclient.netty.request.NettyRequestSender - Using open Channel [id: 0x2a5c0841, L:/127.0.0.1:54451 - R:localhost/127.0.0.1:5352] for GET '/session/ea199b0494febe4b9f04f0b0bbd568f3/element/e26b0b7d-661c-4e86-9576-d7a04bf32d0e/text'
18:22:55.868 [AsyncHttpClient-1-8] DEBUG org.asynchttpclient.netty.handler.HttpHandler - 

Request DefaultFullHttpRequest(decodeResult: success, version: HTTP/1.1, content: EmptyByteBufBE)
GET /session/ea199b0494febe4b9f04f0b0bbd568f3/element/e26b0b7d-661c-4e86-9576-d7a04bf32d0e/text HTTP/1.1
User-Agent: selenium/4.5.3 (java mac)
Cache-Control: no-cache
Content-Type: application/json; charset=utf-8
host: localhost:5352
accept: */*

Response DefaultHttpResponse(decodeResult: success, version: HTTP/1.1)
HTTP/1.1 200 OK
Content-Length: 91
Content-Type: application/json; charset=utf-8
cache-control: no-cache

18:22:55.868 [AsyncHttpClient-1-8] DEBUG org.asynchttpclient.netty.channel.ChannelManager - Adding key: http://localhost:5352 for channel [id: 0x2a5c0841, L:/127.0.0.1:54451 - R:localhost/127.0.0.1:5352]
18:22:55.869 [Forwarding findChildElement on session ea199b0494febe4b9f04f0b0bbd568f3 to remote] DEBUG org.asynchttpclient.netty.request.NettyRequestSender - Using pooled Channel '[id: 0x2a5c0841, L:/127.0.0.1:54451 - R:localhost/127.0.0.1:5352]' for 'POST' to 'http://localhost:5352/session/ea199b0494febe4b9f04f0b0bbd568f3/element/904b8259-d19d-4d01-bd81-c707375c1cc7/element'
18:22:55.870 [Forwarding findChildElement on session ea199b0494febe4b9f04f0b0bbd568f3 to remote] DEBUG org.asynchttpclient.netty.request.NettyRequestSender - Using open Channel [id: 0x2a5c0841, L:/127.0.0.1:54451 - R:localhost/127.0.0.1:5352] for POST '/session/ea199b0494febe4b9f04f0b0bbd568f3/element/904b8259-d19d-4d01-bd81-c707375c1cc7/element'
18:22:56.009 [AsyncHttpClient-1-1] DEBUG org.asynchttpclient.netty.channel.DefaultChannelPool - Entry count for : http://localhost:54452 : 1
18:22:56.030 [AsyncHttpClient-1-8] DEBUG org.asynchttpclient.netty.handler.HttpHandler - 

Request DefaultHttpRequest(decodeResult: success, version: HTTP/1.1)
POST /session/ea199b0494febe4b9f04f0b0bbd568f3/element/904b8259-d19d-4d01-bd81-c707375c1cc7/element HTTP/1.1
User-Agent: selenium/4.5.3 (java mac)
Content-Length: 106
Content-Type: application/json; charset=utf-8
host: localhost:5352
accept: */*

Response DefaultHttpResponse(decodeResult: success, version: HTTP/1.1)
HTTP/1.1 200 OK
Content-Length: 88
Content-Type: application/json; charset=utf-8
cache-control: no-cache

18:22:56.030 [AsyncHttpClient-1-8] DEBUG org.asynchttpclient.netty.channel.ChannelManager - Adding key: http://localhost:5352 for channel [id: 0x2a5c0841, L:/127.0.0.1:54451 - R:localhost/127.0.0.1:5352]
18:22:56.031 [Forwarding getElementText on session ea199b0494febe4b9f04f0b0bbd568f3 to remote] DEBUG org.asynchttpclient.netty.request.NettyRequestSender - Using pooled Channel '[id: 0x2a5c0841, L:/127.0.0.1:54451 - R:localhost/127.0.0.1:5352]' for 'GET' to 'http://localhost:5352/session/ea199b0494febe4b9f04f0b0bbd568f3/element/3a2ee70a-aae1-4419-9ee9-1b6279825a43/text'
18:22:56.031 [Forwarding getElementText on session ea199b0494febe4b9f04f0b0bbd568f3 to remote] DEBUG org.asynchttpclient.netty.request.NettyRequestSender - Using open Channel [id: 0x2a5c0841, L:/127.0.0.1:54451 - R:localhost/127.0.0.1:5352] for GET '/session/ea199b0494febe4b9f04f0b0bbd568f3/element/3a2ee70a-aae1-4419-9ee9-1b6279825a43/text'
18:22:56.078 [AsyncHttpClient-1-8] DEBUG org.asynchttpclient.netty.handler.HttpHandler - 

Request DefaultFullHttpRequest(decodeResult: success, version: HTTP/1.1, content: EmptyByteBufBE)
GET /session/ea199b0494febe4b9f04f0b0bbd568f3/element/3a2ee70a-aae1-4419-9ee9-1b6279825a43/text HTTP/1.1
User-Agent: selenium/4.5.3 (java mac)
Cache-Control: no-cache
Content-Type: application/json; charset=utf-8
host: localhost:5352
accept: */*

Response DefaultHttpResponse(decodeResult: success, version: HTTP/1.1)
HTTP/1.1 200 OK
Content-Length: 19
Content-Type: application/json; charset=utf-8
cache-control: no-cache

18:22:56.078 [AsyncHttpClient-1-8] DEBUG org.asynchttpclient.netty.channel.ChannelManager - Adding key: http://localhost:5352 for channel [id: 0x2a5c0841, L:/127.0.0.1:54451 - R:localhost/127.0.0.1:5352]
18:22:56.081 [Forwarding findChildElement on session ea199b0494febe4b9f04f0b0bbd568f3 to remote] DEBUG org.asynchttpclient.netty.request.NettyRequestSender - Using pooled Channel '[id: 0x2a5c0841, L:/127.0.0.1:54451 - R:localhost/127.0.0.1:5352]' for 'POST' to 'http://localhost:5352/session/ea199b0494febe4b9f04f0b0bbd568f3/element/81fb3505-8b92-4e57-a696-3984cfce5038/element'
18:22:56.081 [Forwarding findChildElement on session ea199b0494febe4b9f04f0b0bbd568f3 to remote] DEBUG org.asynchttpclient.netty.request.NettyRequestSender - Using open Channel [id: 0x2a5c0841, L:/127.0.0.1:54451 - R:localhost/127.0.0.1:5352] for POST '/session/ea199b0494febe4b9f04f0b0bbd568f3/element/81fb3505-8b92-4e57-a696-3984cfce5038/element'
18:22:56.099 [AsyncHttpClient-1-8] DEBUG org.asynchttpclient.netty.handler.HttpHandler - 

Request DefaultHttpRequest(decodeResult: success, version: HTTP/1.1)
POST /session/ea199b0494febe4b9f04f0b0bbd568f3/element/81fb3505-8b92-4e57-a696-3984cfce5038/element HTTP/1.1
User-Agent: selenium/4.5.3 (java mac)
Content-Length: 106
Content-Type: application/json; charset=utf-8
host: localhost:5352
accept: */*

Response DefaultHttpResponse(decodeResult: success, version: HTTP/1.1)
HTTP/1.1 200 OK
Content-Length: 88
Content-Type: application/json; charset=utf-8
cache-control: no-cache

18:22:56.099 [AsyncHttpClient-1-8] DEBUG org.asynchttpclient.netty.channel.ChannelManager - Adding key: http://localhost:5352 for channel [id: 0x2a5c0841, L:/127.0.0.1:54451 - R:localhost/127.0.0.1:5352]
18:22:56.100 [Forwarding getElementText on session ea199b0494febe4b9f04f0b0bbd568f3 to remote] DEBUG org.asynchttpclient.netty.request.NettyRequestSender - Using pooled Channel '[id: 0x2a5c0841, L:/127.0.0.1:54451 - R:localhost/127.0.0.1:5352]' for 'GET' to 'http://localhost:5352/session/ea199b0494febe4b9f04f0b0bbd568f3/element/6706ff30-0732-40e8-acbb-f639e3b5f1ce/text'
18:22:56.100 [Forwarding getElementText on session ea199b0494febe4b9f04f0b0bbd568f3 to remote] DEBUG org.asynchttpclient.netty.request.NettyRequestSender - Using open Channel [id: 0x2a5c0841, L:/127.0.0.1:54451 - R:localhost/127.0.0.1:5352] for GET '/session/ea199b0494febe4b9f04f0b0bbd568f3/element/6706ff30-0732-40e8-acbb-f639e3b5f1ce/text'
18:22:56.270 [AsyncHttpClient-1-8] DEBUG org.asynchttpclient.netty.handler.HttpHandler - 

Request DefaultFullHttpRequest(decodeResult: success, version: HTTP/1.1, content: EmptyByteBufBE)
GET /session/ea199b0494febe4b9f04f0b0bbd568f3/element/6706ff30-0732-40e8-acbb-f639e3b5f1ce/text HTTP/1.1
User-Agent: selenium/4.5.3 (java mac)
Cache-Control: no-cache
Content-Type: application/json; charset=utf-8
host: localhost:5352
accept: */*

Response DefaultHttpResponse(decodeResult: success, version: HTTP/1.1)
HTTP/1.1 200 OK
Content-Length: 71
Content-Type: application/json; charset=utf-8
cache-control: no-cache

18:22:56.271 [AsyncHttpClient-1-8] DEBUG org.asynchttpclient.netty.channel.ChannelManager - Adding key: http://localhost:5352 for channel [id: 0x2a5c0841, L:/127.0.0.1:54451 - R:localhost/127.0.0.1:5352]
18:22:56.273 [Forwarding findChildElement on session ea199b0494febe4b9f04f0b0bbd568f3 to remote] DEBUG org.asynchttpclient.netty.request.NettyRequestSender - Using pooled Channel '[id: 0x2a5c0841, L:/127.0.0.1:54451 - R:localhost/127.0.0.1:5352]' for 'POST' to 'http://localhost:5352/session/ea199b0494febe4b9f04f0b0bbd568f3/element/81fb3505-8b92-4e57-a696-3984cfce5038/element'
18:22:56.273 [Forwarding findChildElement on session ea199b0494febe4b9f04f0b0bbd568f3 to remote] DEBUG org.asynchttpclient.netty.request.NettyRequestSender - Using open Channel [id: 0x2a5c0841, L:/127.0.0.1:54451 - R:localhost/127.0.0.1:5352] for POST '/session/ea199b0494febe4b9f04f0b0bbd568f3/element/81fb3505-8b92-4e57-a696-3984cfce5038/element'
18:22:56.348 [AsyncHttpClient-1-8] DEBUG org.asynchttpclient.netty.handler.HttpHandler - 

Request DefaultHttpRequest(decodeResult: success, version: HTTP/1.1)
POST /session/ea199b0494febe4b9f04f0b0bbd568f3/element/81fb3505-8b92-4e57-a696-3984cfce5038/element HTTP/1.1
User-Agent: selenium/4.5.3 (java mac)
Content-Length: 106
Content-Type: application/json; charset=utf-8
host: localhost:5352
accept: */*

Response DefaultHttpResponse(decodeResult: success, version: HTTP/1.1)
HTTP/1.1 200 OK
Content-Length: 88
Content-Type: application/json; charset=utf-8
cache-control: no-cache

18:22:56.348 [AsyncHttpClient-1-8] DEBUG org.asynchttpclient.netty.channel.ChannelManager - Adding key: http://localhost:5352 for channel [id: 0x2a5c0841, L:/127.0.0.1:54451 - R:localhost/127.0.0.1:5352]
18:22:56.350 [Forwarding getElementText on session ea199b0494febe4b9f04f0b0bbd568f3 to remote] DEBUG org.asynchttpclient.netty.request.NettyRequestSender - Using pooled Channel '[id: 0x2a5c0841, L:/127.0.0.1:54451 - R:localhost/127.0.0.1:5352]' for 'GET' to 'http://localhost:5352/session/ea199b0494febe4b9f04f0b0bbd568f3/element/7edf5edf-f6a6-42e5-bf27-03c228fbb135/text'
18:22:56.350 [Forwarding getElementText on session ea199b0494febe4b9f04f0b0bbd568f3 to remote] DEBUG org.asynchttpclient.netty.request.NettyRequestSender - Using open Channel [id: 0x2a5c0841, L:/127.0.0.1:54451 - R:localhost/127.0.0.1:5352] for GET '/session/ea199b0494febe4b9f04f0b0bbd568f3/element/7edf5edf-f6a6-42e5-bf27-03c228fbb135/text'
18:22:56.465 [AsyncHttpClient-1-8] DEBUG org.asynchttpclient.netty.handler.HttpHandler - 

Request DefaultFullHttpRequest(decodeResult: success, version: HTTP/1.1, content: EmptyByteBufBE)
GET /session/ea199b0494febe4b9f04f0b0bbd568f3/element/7edf5edf-f6a6-42e5-bf27-03c228fbb135/text HTTP/1.1
User-Agent: selenium/4.5.3 (java mac)
Cache-Control: no-cache
Content-Type: application/json; charset=utf-8
host: localhost:5352
accept: */*

Response DefaultHttpResponse(decodeResult: success, version: HTTP/1.1)
HTTP/1.1 200 OK
Content-Length: 19
Content-Type: application/json; charset=utf-8
cache-control: no-cache

18:22:56.465 [AsyncHttpClient-1-8] DEBUG org.asynchttpclient.netty.channel.ChannelManager - Adding key: http://localhost:5352 for channel [id: 0x2a5c0841, L:/127.0.0.1:54451 - R:localhost/127.0.0.1:5352]
18:22:56.467 [Forwarding findChildElement on session ea199b0494febe4b9f04f0b0bbd568f3 to remote] DEBUG org.asynchttpclient.netty.request.NettyRequestSender - Using pooled Channel '[id: 0x2a5c0841, L:/127.0.0.1:54451 - R:localhost/127.0.0.1:5352]' for 'POST' to 'http://localhost:5352/session/ea199b0494febe4b9f04f0b0bbd568f3/element/a4093753-9133-4401-9ebb-2e370f936e74/element'
18:22:56.467 [Forwarding findChildElement on session ea199b0494febe4b9f04f0b0bbd568f3 to remote] DEBUG org.asynchttpclient.netty.request.NettyRequestSender - Using open Channel [id: 0x2a5c0841, L:/127.0.0.1:54451 - R:localhost/127.0.0.1:5352] for POST '/session/ea199b0494febe4b9f04f0b0bbd568f3/element/a4093753-9133-4401-9ebb-2e370f936e74/element'
18:22:56.496 [AsyncHttpClient-1-8] DEBUG org.asynchttpclient.netty.handler.HttpHandler - 

Request DefaultHttpRequest(decodeResult: success, version: HTTP/1.1)
POST /session/ea199b0494febe4b9f04f0b0bbd568f3/element/a4093753-9133-4401-9ebb-2e370f936e74/element HTTP/1.1
User-Agent: selenium/4.5.3 (java mac)
Content-Length: 106
Content-Type: application/json; charset=utf-8
host: localhost:5352
accept: */*

Response DefaultHttpResponse(decodeResult: success, version: HTTP/1.1)
HTTP/1.1 200 OK
Content-Length: 88
Content-Type: application/json; charset=utf-8
cache-control: no-cache

18:22:56.497 [AsyncHttpClient-1-8] DEBUG org.asynchttpclient.netty.channel.ChannelManager - Adding key: http://localhost:5352 for channel [id: 0x2a5c0841, L:/127.0.0.1:54451 - R:localhost/127.0.0.1:5352]
18:22:56.499 [Forwarding getElementText on session ea199b0494febe4b9f04f0b0bbd568f3 to remote] DEBUG org.asynchttpclient.netty.request.NettyRequestSender - Using pooled Channel '[id: 0x2a5c0841, L:/127.0.0.1:54451 - R:localhost/127.0.0.1:5352]' for 'GET' to 'http://localhost:5352/session/ea199b0494febe4b9f04f0b0bbd568f3/element/53d20ec8-e116-4955-aeef-eca8b8708501/text'
18:22:56.499 [Forwarding getElementText on session ea199b0494febe4b9f04f0b0bbd568f3 to remote] DEBUG org.asynchttpclient.netty.request.NettyRequestSender - Using open Channel [id: 0x2a5c0841, L:/127.0.0.1:54451 - R:localhost/127.0.0.1:5352] for GET '/session/ea199b0494febe4b9f04f0b0bbd568f3/element/53d20ec8-e116-4955-aeef-eca8b8708501/text'
18:22:56.568 [AsyncHttpClient-1-8] DEBUG org.asynchttpclient.netty.handler.HttpHandler - 

Request DefaultFullHttpRequest(decodeResult: success, version: HTTP/1.1, content: EmptyByteBufBE)
GET /session/ea199b0494febe4b9f04f0b0bbd568f3/element/53d20ec8-e116-4955-aeef-eca8b8708501/text HTTP/1.1
User-Agent: selenium/4.5.3 (java mac)
Cache-Control: no-cache
Content-Type: application/json; charset=utf-8
host: localhost:5352
accept: */*

Response DefaultHttpResponse(decodeResult: success, version: HTTP/1.1)
HTTP/1.1 200 OK
Content-Length: 88
Content-Type: application/json; charset=utf-8
cache-control: no-cache

18:22:56.569 [AsyncHttpClient-1-8] DEBUG org.asynchttpclient.netty.channel.ChannelManager - Adding key: http://localhost:5352 for channel [id: 0x2a5c0841, L:/127.0.0.1:54451 - R:localhost/127.0.0.1:5352]
18:22:56.570 [Forwarding findChildElement on session ea199b0494febe4b9f04f0b0bbd568f3 to remote] DEBUG org.asynchttpclient.netty.request.NettyRequestSender - Using pooled Channel '[id: 0x2a5c0841, L:/127.0.0.1:54451 - R:localhost/127.0.0.1:5352]' for 'POST' to 'http://localhost:5352/session/ea199b0494febe4b9f04f0b0bbd568f3/element/a4093753-9133-4401-9ebb-2e370f936e74/element'
18:22:56.571 [Forwarding findChildElement on session ea199b0494febe4b9f04f0b0bbd568f3 to remote] DEBUG org.asynchttpclient.netty.request.NettyRequestSender - Using open Channel [id: 0x2a5c0841, L:/127.0.0.1:54451 - R:localhost/127.0.0.1:5352] for POST '/session/ea199b0494febe4b9f04f0b0bbd568f3/element/a4093753-9133-4401-9ebb-2e370f936e74/element'
18:22:56.612 [AsyncHttpClient-1-8] DEBUG org.asynchttpclient.netty.handler.HttpHandler - 

Request DefaultHttpRequest(decodeResult: success, version: HTTP/1.1)
POST /session/ea199b0494febe4b9f04f0b0bbd568f3/element/a4093753-9133-4401-9ebb-2e370f936e74/element HTTP/1.1
User-Agent: selenium/4.5.3 (java mac)
Content-Length: 106
Content-Type: application/json; charset=utf-8
host: localhost:5352
accept: */*

Response DefaultHttpResponse(decodeResult: success, version: HTTP/1.1)
HTTP/1.1 200 OK
Content-Length: 88
Content-Type: application/json; charset=utf-8
cache-control: no-cache

18:22:56.612 [AsyncHttpClient-1-8] DEBUG org.asynchttpclient.netty.channel.ChannelManager - Adding key: http://localhost:5352 for channel [id: 0x2a5c0841, L:/127.0.0.1:54451 - R:localhost/127.0.0.1:5352]
18:22:56.613 [Forwarding getElementText on session ea199b0494febe4b9f04f0b0bbd568f3 to remote] DEBUG org.asynchttpclient.netty.request.NettyRequestSender - Using pooled Channel '[id: 0x2a5c0841, L:/127.0.0.1:54451 - R:localhost/127.0.0.1:5352]' for 'GET' to 'http://localhost:5352/session/ea199b0494febe4b9f04f0b0bbd568f3/element/375e85f9-773e-430b-be32-8e602c25f34b/text'
18:22:56.613 [Forwarding getElementText on session ea199b0494febe4b9f04f0b0bbd568f3 to remote] DEBUG org.asynchttpclient.netty.request.NettyRequestSender - Using open Channel [id: 0x2a5c0841, L:/127.0.0.1:54451 - R:localhost/127.0.0.1:5352] for GET '/session/ea199b0494febe4b9f04f0b0bbd568f3/element/375e85f9-773e-430b-be32-8e602c25f34b/text'
18:22:56.632 [AsyncHttpClient-1-8] DEBUG org.asynchttpclient.netty.handler.HttpHandler - 

Request DefaultFullHttpRequest(decodeResult: success, version: HTTP/1.1, content: EmptyByteBufBE)
GET /session/ea199b0494febe4b9f04f0b0bbd568f3/element/375e85f9-773e-430b-be32-8e602c25f34b/text HTTP/1.1
User-Agent: selenium/4.5.3 (java mac)
Cache-Control: no-cache
Content-Type: application/json; charset=utf-8
host: localhost:5352
accept: */*

Response DefaultHttpResponse(decodeResult: success, version: HTTP/1.1)
HTTP/1.1 200 OK
Content-Length: 19
Content-Type: application/json; charset=utf-8
cache-control: no-cache

18:22:56.632 [AsyncHttpClient-1-8] DEBUG org.asynchttpclient.netty.channel.ChannelManager - Adding key: http://localhost:5352 for channel [id: 0x2a5c0841, L:/127.0.0.1:54451 - R:localhost/127.0.0.1:5352]
18:22:56.633 [Forwarding findChildElement on session ea199b0494febe4b9f04f0b0bbd568f3 to remote] DEBUG org.asynchttpclient.netty.request.NettyRequestSender - Using pooled Channel '[id: 0x2a5c0841, L:/127.0.0.1:54451 - R:localhost/127.0.0.1:5352]' for 'POST' to 'http://localhost:5352/session/ea199b0494febe4b9f04f0b0bbd568f3/element/b67e6755-1598-4eae-8873-0e8c23ee77ec/element'
18:22:56.633 [Forwarding findChildElement on session ea199b0494febe4b9f04f0b0bbd568f3 to remote] DEBUG org.asynchttpclient.netty.request.NettyRequestSender - Using open Channel [id: 0x2a5c0841, L:/127.0.0.1:54451 - R:localhost/127.0.0.1:5352] for POST '/session/ea199b0494febe4b9f04f0b0bbd568f3/element/b67e6755-1598-4eae-8873-0e8c23ee77ec/element'
18:22:56.646 [AsyncHttpClient-1-8] DEBUG org.asynchttpclient.netty.handler.HttpHandler - 

Request DefaultHttpRequest(decodeResult: success, version: HTTP/1.1)
POST /session/ea199b0494febe4b9f04f0b0bbd568f3/element/b67e6755-1598-4eae-8873-0e8c23ee77ec/element HTTP/1.1
User-Agent: selenium/4.5.3 (java mac)
Content-Length: 106
Content-Type: application/json; charset=utf-8
host: localhost:5352
accept: */*

Response DefaultHttpResponse(decodeResult: success, version: HTTP/1.1)
HTTP/1.1 200 OK
Content-Length: 88
Content-Type: application/json; charset=utf-8
cache-control: no-cache

18:22:56.648 [AsyncHttpClient-1-8] DEBUG org.asynchttpclient.netty.channel.ChannelManager - Adding key: http://localhost:5352 for channel [id: 0x2a5c0841, L:/127.0.0.1:54451 - R:localhost/127.0.0.1:5352]
18:22:56.655 [Forwarding getElementText on session ea199b0494febe4b9f04f0b0bbd568f3 to remote] DEBUG org.asynchttpclient.netty.request.NettyRequestSender - Using pooled Channel '[id: 0x2a5c0841, L:/127.0.0.1:54451 - R:localhost/127.0.0.1:5352]' for 'GET' to 'http://localhost:5352/session/ea199b0494febe4b9f04f0b0bbd568f3/element/65988d9f-005e-4eb1-b913-2c6a6af343cf/text'
18:22:56.655 [Forwarding getElementText on session ea199b0494febe4b9f04f0b0bbd568f3 to remote] DEBUG org.asynchttpclient.netty.request.NettyRequestSender - Using open Channel [id: 0x2a5c0841, L:/127.0.0.1:54451 - R:localhost/127.0.0.1:5352] for GET '/session/ea199b0494febe4b9f04f0b0bbd568f3/element/65988d9f-005e-4eb1-b913-2c6a6af343cf/text'
18:22:56.673 [AsyncHttpClient-1-8] DEBUG org.asynchttpclient.netty.handler.HttpHandler - 

Request DefaultFullHttpRequest(decodeResult: success, version: HTTP/1.1, content: EmptyByteBufBE)
GET /session/ea199b0494febe4b9f04f0b0bbd568f3/element/65988d9f-005e-4eb1-b913-2c6a6af343cf/text HTTP/1.1
User-Agent: selenium/4.5.3 (java mac)
Cache-Control: no-cache
Content-Type: application/json; charset=utf-8
host: localhost:5352
accept: */*

Response DefaultHttpResponse(decodeResult: success, version: HTTP/1.1)
HTTP/1.1 200 OK
Content-Length: 59
Content-Type: application/json; charset=utf-8
cache-control: no-cache

18:22:56.673 [AsyncHttpClient-1-8] DEBUG org.asynchttpclient.netty.channel.ChannelManager - Adding key: http://localhost:5352 for channel [id: 0x2a5c0841, L:/127.0.0.1:54451 - R:localhost/127.0.0.1:5352]
18:22:56.680 [Forwarding findChildElement on session ea199b0494febe4b9f04f0b0bbd568f3 to remote] DEBUG org.asynchttpclient.netty.request.NettyRequestSender - Using pooled Channel '[id: 0x2a5c0841, L:/127.0.0.1:54451 - R:localhost/127.0.0.1:5352]' for 'POST' to 'http://localhost:5352/session/ea199b0494febe4b9f04f0b0bbd568f3/element/b67e6755-1598-4eae-8873-0e8c23ee77ec/element'
18:22:56.680 [Forwarding findChildElement on session ea199b0494febe4b9f04f0b0bbd568f3 to remote] DEBUG org.asynchttpclient.netty.request.NettyRequestSender - Using open Channel [id: 0x2a5c0841, L:/127.0.0.1:54451 - R:localhost/127.0.0.1:5352] for POST '/session/ea199b0494febe4b9f04f0b0bbd568f3/element/b67e6755-1598-4eae-8873-0e8c23ee77ec/element'
18:22:56.705 [AsyncHttpClient-1-8] DEBUG org.asynchttpclient.netty.handler.HttpHandler - 

Request DefaultHttpRequest(decodeResult: success, version: HTTP/1.1)
POST /session/ea199b0494febe4b9f04f0b0bbd568f3/element/b67e6755-1598-4eae-8873-0e8c23ee77ec/element HTTP/1.1
User-Agent: selenium/4.5.3 (java mac)
Content-Length: 106
Content-Type: application/json; charset=utf-8
host: localhost:5352
accept: */*

Response DefaultHttpResponse(decodeResult: success, version: HTTP/1.1)
HTTP/1.1 200 OK
Content-Length: 88
Content-Type: application/json; charset=utf-8
cache-control: no-cache

18:22:56.705 [AsyncHttpClient-1-8] DEBUG org.asynchttpclient.netty.channel.ChannelManager - Adding key: http://localhost:5352 for channel [id: 0x2a5c0841, L:/127.0.0.1:54451 - R:localhost/127.0.0.1:5352]
18:22:56.707 [Forwarding getElementText on session ea199b0494febe4b9f04f0b0bbd568f3 to remote] DEBUG org.asynchttpclient.netty.request.NettyRequestSender - Using pooled Channel '[id: 0x2a5c0841, L:/127.0.0.1:54451 - R:localhost/127.0.0.1:5352]' for 'GET' to 'http://localhost:5352/session/ea199b0494febe4b9f04f0b0bbd568f3/element/d169740b-7ee1-4c46-9416-bf096e4a6dfb/text'
18:22:56.708 [Forwarding getElementText on session ea199b0494febe4b9f04f0b0bbd568f3 to remote] DEBUG org.asynchttpclient.netty.request.NettyRequestSender - Using open Channel [id: 0x2a5c0841, L:/127.0.0.1:54451 - R:localhost/127.0.0.1:5352] for GET '/session/ea199b0494febe4b9f04f0b0bbd568f3/element/d169740b-7ee1-4c46-9416-bf096e4a6dfb/text'
18:22:56.883 [AsyncHttpClient-1-8] DEBUG org.asynchttpclient.netty.handler.HttpHandler - 

Request DefaultFullHttpRequest(decodeResult: success, version: HTTP/1.1, content: EmptyByteBufBE)
GET /session/ea199b0494febe4b9f04f0b0bbd568f3/element/d169740b-7ee1-4c46-9416-bf096e4a6dfb/text HTTP/1.1
User-Agent: selenium/4.5.3 (java mac)
Cache-Control: no-cache
Content-Type: application/json; charset=utf-8
host: localhost:5352
accept: */*

Response DefaultHttpResponse(decodeResult: success, version: HTTP/1.1)
HTTP/1.1 200 OK
Content-Length: 19
Content-Type: application/json; charset=utf-8
cache-control: no-cache

18:22:56.883 [AsyncHttpClient-1-8] DEBUG org.asynchttpclient.netty.channel.ChannelManager - Adding key: http://localhost:5352 for channel [id: 0x2a5c0841, L:/127.0.0.1:54451 - R:localhost/127.0.0.1:5352]
18:22:56.885 [Forwarding findChildElement on session ea199b0494febe4b9f04f0b0bbd568f3 to remote] DEBUG org.asynchttpclient.netty.request.NettyRequestSender - Using pooled Channel '[id: 0x2a5c0841, L:/127.0.0.1:54451 - R:localhost/127.0.0.1:5352]' for 'POST' to 'http://localhost:5352/session/ea199b0494febe4b9f04f0b0bbd568f3/element/1113278a-7099-46fe-8b74-97d7399bdcdc/element'
18:22:56.886 [Forwarding findChildElement on session ea199b0494febe4b9f04f0b0bbd568f3 to remote] DEBUG org.asynchttpclient.netty.request.NettyRequestSender - Using open Channel [id: 0x2a5c0841, L:/127.0.0.1:54451 - R:localhost/127.0.0.1:5352] for POST '/session/ea199b0494febe4b9f04f0b0bbd568f3/element/1113278a-7099-46fe-8b74-97d7399bdcdc/element'
18:22:56.912 [AsyncHttpClient-1-8] DEBUG org.asynchttpclient.netty.handler.HttpHandler - 

Request DefaultHttpRequest(decodeResult: success, version: HTTP/1.1)
POST /session/ea199b0494febe4b9f04f0b0bbd568f3/element/1113278a-7099-46fe-8b74-97d7399bdcdc/element HTTP/1.1
User-Agent: selenium/4.5.3 (java mac)
Content-Length: 106
Content-Type: application/json; charset=utf-8
host: localhost:5352
accept: */*

Response DefaultHttpResponse(decodeResult: success, version: HTTP/1.1)
HTTP/1.1 200 OK
Content-Length: 88
Content-Type: application/json; charset=utf-8
cache-control: no-cache

18:22:56.912 [AsyncHttpClient-1-8] DEBUG org.asynchttpclient.netty.channel.ChannelManager - Adding key: http://localhost:5352 for channel [id: 0x2a5c0841, L:/127.0.0.1:54451 - R:localhost/127.0.0.1:5352]
18:22:56.913 [Forwarding getElementText on session ea199b0494febe4b9f04f0b0bbd568f3 to remote] DEBUG org.asynchttpclient.netty.request.NettyRequestSender - Using pooled Channel '[id: 0x2a5c0841, L:/127.0.0.1:54451 - R:localhost/127.0.0.1:5352]' for 'GET' to 'http://localhost:5352/session/ea199b0494febe4b9f04f0b0bbd568f3/element/07566784-5eb5-4dc1-9b6b-e7150001a970/text'
18:22:56.913 [Forwarding getElementText on session ea199b0494febe4b9f04f0b0bbd568f3 to remote] DEBUG org.asynchttpclient.netty.request.NettyRequestSender - Using open Channel [id: 0x2a5c0841, L:/127.0.0.1:54451 - R:localhost/127.0.0.1:5352] for GET '/session/ea199b0494febe4b9f04f0b0bbd568f3/element/07566784-5eb5-4dc1-9b6b-e7150001a970/text'
18:22:56.979 [AsyncHttpClient-1-8] DEBUG org.asynchttpclient.netty.handler.HttpHandler - 

Request DefaultFullHttpRequest(decodeResult: success, version: HTTP/1.1, content: EmptyByteBufBE)
GET /session/ea199b0494febe4b9f04f0b0bbd568f3/element/07566784-5eb5-4dc1-9b6b-e7150001a970/text HTTP/1.1
User-Agent: selenium/4.5.3 (java mac)
Cache-Control: no-cache
Content-Type: application/json; charset=utf-8
host: localhost:5352
accept: */*

Response DefaultHttpResponse(decodeResult: success, version: HTTP/1.1)
HTTP/1.1 200 OK
Content-Length: 64
Content-Type: application/json; charset=utf-8
cache-control: no-cache

18:22:56.980 [AsyncHttpClient-1-8] DEBUG org.asynchttpclient.netty.channel.ChannelManager - Adding key: http://localhost:5352 for channel [id: 0x2a5c0841, L:/127.0.0.1:54451 - R:localhost/127.0.0.1:5352]
18:22:56.984 [Forwarding findChildElement on session ea199b0494febe4b9f04f0b0bbd568f3 to remote] DEBUG org.asynchttpclient.netty.request.NettyRequestSender - Using pooled Channel '[id: 0x2a5c0841, L:/127.0.0.1:54451 - R:localhost/127.0.0.1:5352]' for 'POST' to 'http://localhost:5352/session/ea199b0494febe4b9f04f0b0bbd568f3/element/1113278a-7099-46fe-8b74-97d7399bdcdc/element'
18:22:56.984 [Forwarding findChildElement on session ea199b0494febe4b9f04f0b0bbd568f3 to remote] DEBUG org.asynchttpclient.netty.request.NettyRequestSender - Using open Channel [id: 0x2a5c0841, L:/127.0.0.1:54451 - R:localhost/127.0.0.1:5352] for POST '/session/ea199b0494febe4b9f04f0b0bbd568f3/element/1113278a-7099-46fe-8b74-97d7399bdcdc/element'
18:22:56.999 [AsyncHttpClient-1-8] DEBUG org.asynchttpclient.netty.handler.HttpHandler - 

Request DefaultHttpRequest(decodeResult: success, version: HTTP/1.1)
POST /session/ea199b0494febe4b9f04f0b0bbd568f3/element/1113278a-7099-46fe-8b74-97d7399bdcdc/element HTTP/1.1
User-Agent: selenium/4.5.3 (java mac)
Content-Length: 106
Content-Type: application/json; charset=utf-8
host: localhost:5352
accept: */*

Response DefaultHttpResponse(decodeResult: success, version: HTTP/1.1)
HTTP/1.1 200 OK
Content-Length: 88
Content-Type: application/json; charset=utf-8
cache-control: no-cache

18:22:56.999 [AsyncHttpClient-1-8] DEBUG org.asynchttpclient.netty.channel.ChannelManager - Adding key: http://localhost:5352 for channel [id: 0x2a5c0841, L:/127.0.0.1:54451 - R:localhost/127.0.0.1:5352]
18:22:57.000 [Forwarding getElementText on session ea199b0494febe4b9f04f0b0bbd568f3 to remote] DEBUG org.asynchttpclient.netty.request.NettyRequestSender - Using pooled Channel '[id: 0x2a5c0841, L:/127.0.0.1:54451 - R:localhost/127.0.0.1:5352]' for 'GET' to 'http://localhost:5352/session/ea199b0494febe4b9f04f0b0bbd568f3/element/b552cca1-01fc-4565-abef-19a06cfc7f75/text'
18:22:57.001 [Forwarding getElementText on session ea199b0494febe4b9f04f0b0bbd568f3 to remote] DEBUG org.asynchttpclient.netty.request.NettyRequestSender - Using open Channel [id: 0x2a5c0841, L:/127.0.0.1:54451 - R:localhost/127.0.0.1:5352] for GET '/session/ea199b0494febe4b9f04f0b0bbd568f3/element/b552cca1-01fc-4565-abef-19a06cfc7f75/text'
18:22:57.041 [AsyncHttpClient-1-8] DEBUG org.asynchttpclient.netty.handler.HttpHandler - 

Request DefaultFullHttpRequest(decodeResult: success, version: HTTP/1.1, content: EmptyByteBufBE)
GET /session/ea199b0494febe4b9f04f0b0bbd568f3/element/b552cca1-01fc-4565-abef-19a06cfc7f75/text HTTP/1.1
User-Agent: selenium/4.5.3 (java mac)
Cache-Control: no-cache
Content-Type: application/json; charset=utf-8
host: localhost:5352
accept: */*

Response DefaultHttpResponse(decodeResult: success, version: HTTP/1.1)
HTTP/1.1 200 OK
Content-Length: 19
Content-Type: application/json; charset=utf-8
cache-control: no-cache

18:22:57.041 [AsyncHttpClient-1-8] DEBUG org.asynchttpclient.netty.channel.ChannelManager - Adding key: http://localhost:5352 for channel [id: 0x2a5c0841, L:/127.0.0.1:54451 - R:localhost/127.0.0.1:5352]
18:22:57.043 [Forwarding findChildElement on session ea199b0494febe4b9f04f0b0bbd568f3 to remote] DEBUG org.asynchttpclient.netty.request.NettyRequestSender - Using pooled Channel '[id: 0x2a5c0841, L:/127.0.0.1:54451 - R:localhost/127.0.0.1:5352]' for 'POST' to 'http://localhost:5352/session/ea199b0494febe4b9f04f0b0bbd568f3/element/14f39cbf-2abc-47e7-8396-6879a27107d0/element'
18:22:57.043 [Forwarding findChildElement on session ea199b0494febe4b9f04f0b0bbd568f3 to remote] DEBUG org.asynchttpclient.netty.request.NettyRequestSender - Using open Channel [id: 0x2a5c0841, L:/127.0.0.1:54451 - R:localhost/127.0.0.1:5352] for POST '/session/ea199b0494febe4b9f04f0b0bbd568f3/element/14f39cbf-2abc-47e7-8396-6879a27107d0/element'
18:22:57.105 [AsyncHttpClient-1-8] DEBUG org.asynchttpclient.netty.handler.HttpHandler - 

Request DefaultHttpRequest(decodeResult: success, version: HTTP/1.1)
POST /session/ea199b0494febe4b9f04f0b0bbd568f3/element/14f39cbf-2abc-47e7-8396-6879a27107d0/element HTTP/1.1
User-Agent: selenium/4.5.3 (java mac)
Content-Length: 106
Content-Type: application/json; charset=utf-8
host: localhost:5352
accept: */*

Response DefaultHttpResponse(decodeResult: success, version: HTTP/1.1)
HTTP/1.1 200 OK
Content-Length: 88
Content-Type: application/json; charset=utf-8
cache-control: no-cache

18:22:57.107 [AsyncHttpClient-1-8] DEBUG org.asynchttpclient.netty.channel.ChannelManager - Adding key: http://localhost:5352 for channel [id: 0x2a5c0841, L:/127.0.0.1:54451 - R:localhost/127.0.0.1:5352]
18:22:57.111 [AsyncHttpClient-1-1] DEBUG org.asynchttpclient.netty.channel.DefaultChannelPool - Entry count for : http://localhost:5352 : 1
18:22:57.111 [AsyncHttpClient-1-1] DEBUG org.asynchttpclient.netty.channel.DefaultChannelPool - Entry count for : http://localhost:54452 : 1
18:22:57.113 [Forwarding getElementText on session ea199b0494febe4b9f04f0b0bbd568f3 to remote] DEBUG org.asynchttpclient.netty.request.NettyRequestSender - Using pooled Channel '[id: 0x2a5c0841, L:/127.0.0.1:54451 - R:localhost/127.0.0.1:5352]' for 'GET' to 'http://localhost:5352/session/ea199b0494febe4b9f04f0b0bbd568f3/element/69e0d5a3-2b20-4c2f-bb34-7b6cd4625548/text'
18:22:57.113 [Forwarding getElementText on session ea199b0494febe4b9f04f0b0bbd568f3 to remote] DEBUG org.asynchttpclient.netty.request.NettyRequestSender - Using open Channel [id: 0x2a5c0841, L:/127.0.0.1:54451 - R:localhost/127.0.0.1:5352] for GET '/session/ea199b0494febe4b9f04f0b0bbd568f3/element/69e0d5a3-2b20-4c2f-bb34-7b6cd4625548/text'
18:22:57.214 [AsyncHttpClient-1-8] DEBUG org.asynchttpclient.netty.handler.HttpHandler - 

Request DefaultFullHttpRequest(decodeResult: success, version: HTTP/1.1, content: EmptyByteBufBE)
GET /session/ea199b0494febe4b9f04f0b0bbd568f3/element/69e0d5a3-2b20-4c2f-bb34-7b6cd4625548/text HTTP/1.1
User-Agent: selenium/4.5.3 (java mac)
Cache-Control: no-cache
Content-Type: application/json; charset=utf-8
host: localhost:5352
accept: */*

Response DefaultHttpResponse(decodeResult: success, version: HTTP/1.1)
HTTP/1.1 200 OK
Content-Length: 81
Content-Type: application/json; charset=utf-8
cache-control: no-cache

18:22:57.215 [AsyncHttpClient-1-8] DEBUG org.asynchttpclient.netty.channel.ChannelManager - Adding key: http://localhost:5352 for channel [id: 0x2a5c0841, L:/127.0.0.1:54451 - R:localhost/127.0.0.1:5352]
18:22:57.216 [Forwarding findChildElement on session ea199b0494febe4b9f04f0b0bbd568f3 to remote] DEBUG org.asynchttpclient.netty.request.NettyRequestSender - Using pooled Channel '[id: 0x2a5c0841, L:/127.0.0.1:54451 - R:localhost/127.0.0.1:5352]' for 'POST' to 'http://localhost:5352/session/ea199b0494febe4b9f04f0b0bbd568f3/element/14f39cbf-2abc-47e7-8396-6879a27107d0/element'
18:22:57.216 [Forwarding findChildElement on session ea199b0494febe4b9f04f0b0bbd568f3 to remote] DEBUG org.asynchttpclient.netty.request.NettyRequestSender - Using open Channel [id: 0x2a5c0841, L:/127.0.0.1:54451 - R:localhost/127.0.0.1:5352] for POST '/session/ea199b0494febe4b9f04f0b0bbd568f3/element/14f39cbf-2abc-47e7-8396-6879a27107d0/element'
18:22:57.265 [AsyncHttpClient-1-8] DEBUG org.asynchttpclient.netty.handler.HttpHandler - 

Request DefaultHttpRequest(decodeResult: success, version: HTTP/1.1)
POST /session/ea199b0494febe4b9f04f0b0bbd568f3/element/14f39cbf-2abc-47e7-8396-6879a27107d0/element HTTP/1.1
User-Agent: selenium/4.5.3 (java mac)
Content-Length: 106
Content-Type: application/json; charset=utf-8
host: localhost:5352
accept: */*

Response DefaultHttpResponse(decodeResult: success, version: HTTP/1.1)
HTTP/1.1 200 OK
Content-Length: 88
Content-Type: application/json; charset=utf-8
cache-control: no-cache

18:22:57.265 [AsyncHttpClient-1-8] DEBUG org.asynchttpclient.netty.channel.ChannelManager - Adding key: http://localhost:5352 for channel [id: 0x2a5c0841, L:/127.0.0.1:54451 - R:localhost/127.0.0.1:5352]
18:22:57.266 [Forwarding getElementText on session ea199b0494febe4b9f04f0b0bbd568f3 to remote] DEBUG org.asynchttpclient.netty.request.NettyRequestSender - Using pooled Channel '[id: 0x2a5c0841, L:/127.0.0.1:54451 - R:localhost/127.0.0.1:5352]' for 'GET' to 'http://localhost:5352/session/ea199b0494febe4b9f04f0b0bbd568f3/element/9fe76520-4f00-4777-9105-27b4d3562a34/text'
18:22:57.266 [Forwarding getElementText on session ea199b0494febe4b9f04f0b0bbd568f3 to remote] DEBUG org.asynchttpclient.netty.request.NettyRequestSender - Using open Channel [id: 0x2a5c0841, L:/127.0.0.1:54451 - R:localhost/127.0.0.1:5352] for GET '/session/ea199b0494febe4b9f04f0b0bbd568f3/element/9fe76520-4f00-4777-9105-27b4d3562a34/text'
18:22:57.301 [AsyncHttpClient-1-8] DEBUG org.asynchttpclient.netty.handler.HttpHandler - 

Request DefaultFullHttpRequest(decodeResult: success, version: HTTP/1.1, content: EmptyByteBufBE)
GET /session/ea199b0494febe4b9f04f0b0bbd568f3/element/9fe76520-4f00-4777-9105-27b4d3562a34/text HTTP/1.1
User-Agent: selenium/4.5.3 (java mac)
Cache-Control: no-cache
Content-Type: application/json; charset=utf-8
host: localhost:5352
accept: */*

Response DefaultHttpResponse(decodeResult: success, version: HTTP/1.1)
HTTP/1.1 200 OK
Content-Length: 30
Content-Type: application/json; charset=utf-8
cache-control: no-cache

18:22:57.302 [AsyncHttpClient-1-8] DEBUG org.asynchttpclient.netty.channel.ChannelManager - Adding key: http://localhost:5352 for channel [id: 0x2a5c0841, L:/127.0.0.1:54451 - R:localhost/127.0.0.1:5352]
18:22:57.303 [Forwarding findChildElement on session ea199b0494febe4b9f04f0b0bbd568f3 to remote] DEBUG org.asynchttpclient.netty.request.NettyRequestSender - Using pooled Channel '[id: 0x2a5c0841, L:/127.0.0.1:54451 - R:localhost/127.0.0.1:5352]' for 'POST' to 'http://localhost:5352/session/ea199b0494febe4b9f04f0b0bbd568f3/element/8f822945-c03c-45d0-a4da-07060c0bd85e/element'
18:22:57.304 [Forwarding findChildElement on session ea199b0494febe4b9f04f0b0bbd568f3 to remote] DEBUG org.asynchttpclient.netty.request.NettyRequestSender - Using open Channel [id: 0x2a5c0841, L:/127.0.0.1:54451 - R:localhost/127.0.0.1:5352] for POST '/session/ea199b0494febe4b9f04f0b0bbd568f3/element/8f822945-c03c-45d0-a4da-07060c0bd85e/element'
18:22:57.347 [AsyncHttpClient-1-8] DEBUG org.asynchttpclient.netty.handler.HttpHandler - 

Request DefaultHttpRequest(decodeResult: success, version: HTTP/1.1)
POST /session/ea199b0494febe4b9f04f0b0bbd568f3/element/8f822945-c03c-45d0-a4da-07060c0bd85e/element HTTP/1.1
User-Agent: selenium/4.5.3 (java mac)
Content-Length: 106
Content-Type: application/json; charset=utf-8
host: localhost:5352
accept: */*

Response DefaultHttpResponse(decodeResult: success, version: HTTP/1.1)
HTTP/1.1 200 OK
Content-Length: 88
Content-Type: application/json; charset=utf-8
cache-control: no-cache

18:22:57.348 [AsyncHttpClient-1-8] DEBUG org.asynchttpclient.netty.channel.ChannelManager - Adding key: http://localhost:5352 for channel [id: 0x2a5c0841, L:/127.0.0.1:54451 - R:localhost/127.0.0.1:5352]
18:22:57.349 [Forwarding getElementText on session ea199b0494febe4b9f04f0b0bbd568f3 to remote] DEBUG org.asynchttpclient.netty.request.NettyRequestSender - Using pooled Channel '[id: 0x2a5c0841, L:/127.0.0.1:54451 - R:localhost/127.0.0.1:5352]' for 'GET' to 'http://localhost:5352/session/ea199b0494febe4b9f04f0b0bbd568f3/element/6b618620-6772-4e41-ac46-9e0937c9d7e9/text'
18:22:57.349 [Forwarding getElementText on session ea199b0494febe4b9f04f0b0bbd568f3 to remote] DEBUG org.asynchttpclient.netty.request.NettyRequestSender - Using open Channel [id: 0x2a5c0841, L:/127.0.0.1:54451 - R:localhost/127.0.0.1:5352] for GET '/session/ea199b0494febe4b9f04f0b0bbd568f3/element/6b618620-6772-4e41-ac46-9e0937c9d7e9/text'
18:22:57.380 [AsyncHttpClient-1-8] DEBUG org.asynchttpclient.netty.handler.HttpHandler - 

Request DefaultFullHttpRequest(decodeResult: success, version: HTTP/1.1, content: EmptyByteBufBE)
GET /session/ea199b0494febe4b9f04f0b0bbd568f3/element/6b618620-6772-4e41-ac46-9e0937c9d7e9/text HTTP/1.1
User-Agent: selenium/4.5.3 (java mac)
Cache-Control: no-cache
Content-Type: application/json; charset=utf-8
host: localhost:5352
accept: */*

Response DefaultHttpResponse(decodeResult: success, version: HTTP/1.1)
HTTP/1.1 200 OK
Content-Length: 64
Content-Type: application/json; charset=utf-8
cache-control: no-cache

18:22:57.380 [AsyncHttpClient-1-8] DEBUG org.asynchttpclient.netty.channel.ChannelManager - Adding key: http://localhost:5352 for channel [id: 0x2a5c0841, L:/127.0.0.1:54451 - R:localhost/127.0.0.1:5352]
18:22:57.395 [Forwarding findChildElement on session ea199b0494febe4b9f04f0b0bbd568f3 to remote] DEBUG org.asynchttpclient.netty.request.NettyRequestSender - Using pooled Channel '[id: 0x2a5c0841, L:/127.0.0.1:54451 - R:localhost/127.0.0.1:5352]' for 'POST' to 'http://localhost:5352/session/ea199b0494febe4b9f04f0b0bbd568f3/element/8f822945-c03c-45d0-a4da-07060c0bd85e/element'
18:22:57.395 [Forwarding findChildElement on session ea199b0494febe4b9f04f0b0bbd568f3 to remote] DEBUG org.asynchttpclient.netty.request.NettyRequestSender - Using open Channel [id: 0x2a5c0841, L:/127.0.0.1:54451 - R:localhost/127.0.0.1:5352] for POST '/session/ea199b0494febe4b9f04f0b0bbd568f3/element/8f822945-c03c-45d0-a4da-07060c0bd85e/element'
18:22:57.417 [AsyncHttpClient-1-8] DEBUG org.asynchttpclient.netty.handler.HttpHandler - 

Request DefaultHttpRequest(decodeResult: success, version: HTTP/1.1)
POST /session/ea199b0494febe4b9f04f0b0bbd568f3/element/8f822945-c03c-45d0-a4da-07060c0bd85e/element HTTP/1.1
User-Agent: selenium/4.5.3 (java mac)
Content-Length: 106
Content-Type: application/json; charset=utf-8
host: localhost:5352
accept: */*

Response DefaultHttpResponse(decodeResult: success, version: HTTP/1.1)
HTTP/1.1 200 OK
Content-Length: 88
Content-Type: application/json; charset=utf-8
cache-control: no-cache

18:22:57.417 [AsyncHttpClient-1-8] DEBUG org.asynchttpclient.netty.channel.ChannelManager - Adding key: http://localhost:5352 for channel [id: 0x2a5c0841, L:/127.0.0.1:54451 - R:localhost/127.0.0.1:5352]
18:22:57.423 [Forwarding getElementText on session ea199b0494febe4b9f04f0b0bbd568f3 to remote] DEBUG org.asynchttpclient.netty.request.NettyRequestSender - Using pooled Channel '[id: 0x2a5c0841, L:/127.0.0.1:54451 - R:localhost/127.0.0.1:5352]' for 'GET' to 'http://localhost:5352/session/ea199b0494febe4b9f04f0b0bbd568f3/element/5a9e8fe7-a72f-43a2-ae25-e0f4278faa9b/text'
18:22:57.423 [Forwarding getElementText on session ea199b0494febe4b9f04f0b0bbd568f3 to remote] DEBUG org.asynchttpclient.netty.request.NettyRequestSender - Using open Channel [id: 0x2a5c0841, L:/127.0.0.1:54451 - R:localhost/127.0.0.1:5352] for GET '/session/ea199b0494febe4b9f04f0b0bbd568f3/element/5a9e8fe7-a72f-43a2-ae25-e0f4278faa9b/text'
18:22:57.453 [AsyncHttpClient-1-8] DEBUG org.asynchttpclient.netty.handler.HttpHandler - 

Request DefaultFullHttpRequest(decodeResult: success, version: HTTP/1.1, content: EmptyByteBufBE)
GET /session/ea199b0494febe4b9f04f0b0bbd568f3/element/5a9e8fe7-a72f-43a2-ae25-e0f4278faa9b/text HTTP/1.1
User-Agent: selenium/4.5.3 (java mac)
Cache-Control: no-cache
Content-Type: application/json; charset=utf-8
host: localhost:5352
accept: */*

Response DefaultHttpResponse(decodeResult: success, version: HTTP/1.1)
HTTP/1.1 200 OK
Content-Length: 19
Content-Type: application/json; charset=utf-8
cache-control: no-cache

18:22:57.453 [AsyncHttpClient-1-8] DEBUG org.asynchttpclient.netty.channel.ChannelManager - Adding key: http://localhost:5352 for channel [id: 0x2a5c0841, L:/127.0.0.1:54451 - R:localhost/127.0.0.1:5352]
18:22:57.454 [Forwarding findChildElement on session ea199b0494febe4b9f04f0b0bbd568f3 to remote] DEBUG org.asynchttpclient.netty.request.NettyRequestSender - Using pooled Channel '[id: 0x2a5c0841, L:/127.0.0.1:54451 - R:localhost/127.0.0.1:5352]' for 'POST' to 'http://localhost:5352/session/ea199b0494febe4b9f04f0b0bbd568f3/element/e5ba5760-ddc0-44cc-a817-67dfd76e744f/element'
18:22:57.454 [Forwarding findChildElement on session ea199b0494febe4b9f04f0b0bbd568f3 to remote] DEBUG org.asynchttpclient.netty.request.NettyRequestSender - Using open Channel [id: 0x2a5c0841, L:/127.0.0.1:54451 - R:localhost/127.0.0.1:5352] for POST '/session/ea199b0494febe4b9f04f0b0bbd568f3/element/e5ba5760-ddc0-44cc-a817-67dfd76e744f/element'
18:22:57.478 [AsyncHttpClient-1-8] DEBUG org.asynchttpclient.netty.handler.HttpHandler - 

Request DefaultHttpRequest(decodeResult: success, version: HTTP/1.1)
POST /session/ea199b0494febe4b9f04f0b0bbd568f3/element/e5ba5760-ddc0-44cc-a817-67dfd76e744f/element HTTP/1.1
User-Agent: selenium/4.5.3 (java mac)
Content-Length: 106
Content-Type: application/json; charset=utf-8
host: localhost:5352
accept: */*

Response DefaultHttpResponse(decodeResult: success, version: HTTP/1.1)
HTTP/1.1 200 OK
Content-Length: 88
Content-Type: application/json; charset=utf-8
cache-control: no-cache

18:22:57.478 [AsyncHttpClient-1-8] DEBUG org.asynchttpclient.netty.channel.ChannelManager - Adding key: http://localhost:5352 for channel [id: 0x2a5c0841, L:/127.0.0.1:54451 - R:localhost/127.0.0.1:5352]
18:22:57.479 [Forwarding getElementText on session ea199b0494febe4b9f04f0b0bbd568f3 to remote] DEBUG org.asynchttpclient.netty.request.NettyRequestSender - Using pooled Channel '[id: 0x2a5c0841, L:/127.0.0.1:54451 - R:localhost/127.0.0.1:5352]' for 'GET' to 'http://localhost:5352/session/ea199b0494febe4b9f04f0b0bbd568f3/element/9ccbf1dd-a442-4300-b582-dbbcf89c8787/text'
18:22:57.479 [Forwarding getElementText on session ea199b0494febe4b9f04f0b0bbd568f3 to remote] DEBUG org.asynchttpclient.netty.request.NettyRequestSender - Using open Channel [id: 0x2a5c0841, L:/127.0.0.1:54451 - R:localhost/127.0.0.1:5352] for GET '/session/ea199b0494febe4b9f04f0b0bbd568f3/element/9ccbf1dd-a442-4300-b582-dbbcf89c8787/text'
18:22:57.607 [AsyncHttpClient-1-8] DEBUG org.asynchttpclient.netty.handler.HttpHandler - 

Request DefaultFullHttpRequest(decodeResult: success, version: HTTP/1.1, content: EmptyByteBufBE)
GET /session/ea199b0494febe4b9f04f0b0bbd568f3/element/9ccbf1dd-a442-4300-b582-dbbcf89c8787/text HTTP/1.1
User-Agent: selenium/4.5.3 (java mac)
Cache-Control: no-cache
Content-Type: application/json; charset=utf-8
host: localhost:5352
accept: */*

Response DefaultHttpResponse(decodeResult: success, version: HTTP/1.1)
HTTP/1.1 200 OK
Content-Length: 75
Content-Type: application/json; charset=utf-8
cache-control: no-cache

18:22:57.608 [AsyncHttpClient-1-8] DEBUG org.asynchttpclient.netty.channel.ChannelManager - Adding key: http://localhost:5352 for channel [id: 0x2a5c0841, L:/127.0.0.1:54451 - R:localhost/127.0.0.1:5352]
18:22:57.609 [Forwarding findChildElement on session ea199b0494febe4b9f04f0b0bbd568f3 to remote] DEBUG org.asynchttpclient.netty.request.NettyRequestSender - Using pooled Channel '[id: 0x2a5c0841, L:/127.0.0.1:54451 - R:localhost/127.0.0.1:5352]' for 'POST' to 'http://localhost:5352/session/ea199b0494febe4b9f04f0b0bbd568f3/element/e5ba5760-ddc0-44cc-a817-67dfd76e744f/element'
18:22:57.609 [Forwarding findChildElement on session ea199b0494febe4b9f04f0b0bbd568f3 to remote] DEBUG org.asynchttpclient.netty.request.NettyRequestSender - Using open Channel [id: 0x2a5c0841, L:/127.0.0.1:54451 - R:localhost/127.0.0.1:5352] for POST '/session/ea199b0494febe4b9f04f0b0bbd568f3/element/e5ba5760-ddc0-44cc-a817-67dfd76e744f/element'
18:22:57.674 [AsyncHttpClient-1-8] DEBUG org.asynchttpclient.netty.handler.HttpHandler - 

Request DefaultHttpRequest(decodeResult: success, version: HTTP/1.1)
POST /session/ea199b0494febe4b9f04f0b0bbd568f3/element/e5ba5760-ddc0-44cc-a817-67dfd76e744f/element HTTP/1.1
User-Agent: selenium/4.5.3 (java mac)
Content-Length: 106
Content-Type: application/json; charset=utf-8
host: localhost:5352
accept: */*

Response DefaultHttpResponse(decodeResult: success, version: HTTP/1.1)
HTTP/1.1 200 OK
Content-Length: 88
Content-Type: application/json; charset=utf-8
cache-control: no-cache

18:22:57.674 [AsyncHttpClient-1-8] DEBUG org.asynchttpclient.netty.channel.ChannelManager - Adding key: http://localhost:5352 for channel [id: 0x2a5c0841, L:/127.0.0.1:54451 - R:localhost/127.0.0.1:5352]
18:22:57.675 [Forwarding getElementText on session ea199b0494febe4b9f04f0b0bbd568f3 to remote] DEBUG org.asynchttpclient.netty.request.NettyRequestSender - Using pooled Channel '[id: 0x2a5c0841, L:/127.0.0.1:54451 - R:localhost/127.0.0.1:5352]' for 'GET' to 'http://localhost:5352/session/ea199b0494febe4b9f04f0b0bbd568f3/element/59d948ed-9bbe-435a-8a4e-8794fe5e2a4a/text'
18:22:57.675 [Forwarding getElementText on session ea199b0494febe4b9f04f0b0bbd568f3 to remote] DEBUG org.asynchttpclient.netty.request.NettyRequestSender - Using open Channel [id: 0x2a5c0841, L:/127.0.0.1:54451 - R:localhost/127.0.0.1:5352] for GET '/session/ea199b0494febe4b9f04f0b0bbd568f3/element/59d948ed-9bbe-435a-8a4e-8794fe5e2a4a/text'
18:22:57.717 [AsyncHttpClient-1-8] DEBUG org.asynchttpclient.netty.handler.HttpHandler - 

Request DefaultFullHttpRequest(decodeResult: success, version: HTTP/1.1, content: EmptyByteBufBE)
GET /session/ea199b0494febe4b9f04f0b0bbd568f3/element/59d948ed-9bbe-435a-8a4e-8794fe5e2a4a/text HTTP/1.1
User-Agent: selenium/4.5.3 (java mac)
Cache-Control: no-cache
Content-Type: application/json; charset=utf-8
host: localhost:5352
accept: */*

Response DefaultHttpResponse(decodeResult: success, version: HTTP/1.1)
HTTP/1.1 200 OK
Content-Length: 19
Content-Type: application/json; charset=utf-8
cache-control: no-cache

18:22:57.718 [AsyncHttpClient-1-8] DEBUG org.asynchttpclient.netty.channel.ChannelManager - Adding key: http://localhost:5352 for channel [id: 0x2a5c0841, L:/127.0.0.1:54451 - R:localhost/127.0.0.1:5352]
18:22:57.719 [Forwarding findChildElement on session ea199b0494febe4b9f04f0b0bbd568f3 to remote] DEBUG org.asynchttpclient.netty.request.NettyRequestSender - Using pooled Channel '[id: 0x2a5c0841, L:/127.0.0.1:54451 - R:localhost/127.0.0.1:5352]' for 'POST' to 'http://localhost:5352/session/ea199b0494febe4b9f04f0b0bbd568f3/element/5317d774-1d6b-48f1-b10d-8e4cb8c9eab1/element'
18:22:57.719 [Forwarding findChildElement on session ea199b0494febe4b9f04f0b0bbd568f3 to remote] DEBUG org.asynchttpclient.netty.request.NettyRequestSender - Using open Channel [id: 0x2a5c0841, L:/127.0.0.1:54451 - R:localhost/127.0.0.1:5352] for POST '/session/ea199b0494febe4b9f04f0b0bbd568f3/element/5317d774-1d6b-48f1-b10d-8e4cb8c9eab1/element'
18:22:57.739 [AsyncHttpClient-1-8] DEBUG org.asynchttpclient.netty.handler.HttpHandler - 

Request DefaultHttpRequest(decodeResult: success, version: HTTP/1.1)
POST /session/ea199b0494febe4b9f04f0b0bbd568f3/element/5317d774-1d6b-48f1-b10d-8e4cb8c9eab1/element HTTP/1.1
User-Agent: selenium/4.5.3 (java mac)
Content-Length: 106
Content-Type: application/json; charset=utf-8
host: localhost:5352
accept: */*

Response DefaultHttpResponse(decodeResult: success, version: HTTP/1.1)
HTTP/1.1 200 OK
Content-Length: 88
Content-Type: application/json; charset=utf-8
cache-control: no-cache

18:22:57.739 [AsyncHttpClient-1-8] DEBUG org.asynchttpclient.netty.channel.ChannelManager - Adding key: http://localhost:5352 for channel [id: 0x2a5c0841, L:/127.0.0.1:54451 - R:localhost/127.0.0.1:5352]
18:22:57.740 [Forwarding getElementText on session ea199b0494febe4b9f04f0b0bbd568f3 to remote] DEBUG org.asynchttpclient.netty.request.NettyRequestSender - Using pooled Channel '[id: 0x2a5c0841, L:/127.0.0.1:54451 - R:localhost/127.0.0.1:5352]' for 'GET' to 'http://localhost:5352/session/ea199b0494febe4b9f04f0b0bbd568f3/element/e05dfcf0-4756-4300-931d-7c3adb36f640/text'
18:22:57.740 [Forwarding getElementText on session ea199b0494febe4b9f04f0b0bbd568f3 to remote] DEBUG org.asynchttpclient.netty.request.NettyRequestSender - Using open Channel [id: 0x2a5c0841, L:/127.0.0.1:54451 - R:localhost/127.0.0.1:5352] for GET '/session/ea199b0494febe4b9f04f0b0bbd568f3/element/e05dfcf0-4756-4300-931d-7c3adb36f640/text'
18:22:57.800 [AsyncHttpClient-1-8] DEBUG org.asynchttpclient.netty.handler.HttpHandler - 

Request DefaultFullHttpRequest(decodeResult: success, version: HTTP/1.1, content: EmptyByteBufBE)
GET /session/ea199b0494febe4b9f04f0b0bbd568f3/element/e05dfcf0-4756-4300-931d-7c3adb36f640/text HTTP/1.1
User-Agent: selenium/4.5.3 (java mac)
Cache-Control: no-cache
Content-Type: application/json; charset=utf-8
host: localhost:5352
accept: */*

Response DefaultHttpResponse(decodeResult: success, version: HTTP/1.1)
HTTP/1.1 200 OK
Content-Length: 91
Content-Type: application/json; charset=utf-8
cache-control: no-cache

18:22:57.800 [AsyncHttpClient-1-8] DEBUG org.asynchttpclient.netty.channel.ChannelManager - Adding key: http://localhost:5352 for channel [id: 0x2a5c0841, L:/127.0.0.1:54451 - R:localhost/127.0.0.1:5352]
18:22:57.801 [Forwarding findChildElement on session ea199b0494febe4b9f04f0b0bbd568f3 to remote] DEBUG org.asynchttpclient.netty.request.NettyRequestSender - Using pooled Channel '[id: 0x2a5c0841, L:/127.0.0.1:54451 - R:localhost/127.0.0.1:5352]' for 'POST' to 'http://localhost:5352/session/ea199b0494febe4b9f04f0b0bbd568f3/element/5317d774-1d6b-48f1-b10d-8e4cb8c9eab1/element'
18:22:57.802 [Forwarding findChildElement on session ea199b0494febe4b9f04f0b0bbd568f3 to remote] DEBUG org.asynchttpclient.netty.request.NettyRequestSender - Using open Channel [id: 0x2a5c0841, L:/127.0.0.1:54451 - R:localhost/127.0.0.1:5352] for POST '/session/ea199b0494febe4b9f04f0b0bbd568f3/element/5317d774-1d6b-48f1-b10d-8e4cb8c9eab1/element'
18:22:57.835 [AsyncHttpClient-1-8] DEBUG org.asynchttpclient.netty.handler.HttpHandler - 

Request DefaultHttpRequest(decodeResult: success, version: HTTP/1.1)
POST /session/ea199b0494febe4b9f04f0b0bbd568f3/element/5317d774-1d6b-48f1-b10d-8e4cb8c9eab1/element HTTP/1.1
User-Agent: selenium/4.5.3 (java mac)
Content-Length: 106
Content-Type: application/json; charset=utf-8
host: localhost:5352
accept: */*

Response DefaultHttpResponse(decodeResult: success, version: HTTP/1.1)
HTTP/1.1 200 OK
Content-Length: 88
Content-Type: application/json; charset=utf-8
cache-control: no-cache

18:22:57.835 [AsyncHttpClient-1-8] DEBUG org.asynchttpclient.netty.channel.ChannelManager - Adding key: http://localhost:5352 for channel [id: 0x2a5c0841, L:/127.0.0.1:54451 - R:localhost/127.0.0.1:5352]
18:22:57.836 [Forwarding getElementText on session ea199b0494febe4b9f04f0b0bbd568f3 to remote] DEBUG org.asynchttpclient.netty.request.NettyRequestSender - Using pooled Channel '[id: 0x2a5c0841, L:/127.0.0.1:54451 - R:localhost/127.0.0.1:5352]' for 'GET' to 'http://localhost:5352/session/ea199b0494febe4b9f04f0b0bbd568f3/element/6e5f62e4-1f05-446a-83f8-ecf8f069412a/text'
18:22:57.836 [Forwarding getElementText on session ea199b0494febe4b9f04f0b0bbd568f3 to remote] DEBUG org.asynchttpclient.netty.request.NettyRequestSender - Using open Channel [id: 0x2a5c0841, L:/127.0.0.1:54451 - R:localhost/127.0.0.1:5352] for GET '/session/ea199b0494febe4b9f04f0b0bbd568f3/element/6e5f62e4-1f05-446a-83f8-ecf8f069412a/text'
18:22:57.908 [AsyncHttpClient-1-8] DEBUG org.asynchttpclient.netty.handler.HttpHandler - 

Request DefaultFullHttpRequest(decodeResult: success, version: HTTP/1.1, content: EmptyByteBufBE)
GET /session/ea199b0494febe4b9f04f0b0bbd568f3/element/6e5f62e4-1f05-446a-83f8-ecf8f069412a/text HTTP/1.1
User-Agent: selenium/4.5.3 (java mac)
Cache-Control: no-cache
Content-Type: application/json; charset=utf-8
host: localhost:5352
accept: */*

Response DefaultHttpResponse(decodeResult: success, version: HTTP/1.1)
HTTP/1.1 200 OK
Content-Length: 19
Content-Type: application/json; charset=utf-8
cache-control: no-cache

18:22:57.908 [AsyncHttpClient-1-8] DEBUG org.asynchttpclient.netty.channel.ChannelManager - Adding key: http://localhost:5352 for channel [id: 0x2a5c0841, L:/127.0.0.1:54451 - R:localhost/127.0.0.1:5352]
18:22:57.911 [Forwarding findChildElement on session ea199b0494febe4b9f04f0b0bbd568f3 to remote] DEBUG org.asynchttpclient.netty.request.NettyRequestSender - Using pooled Channel '[id: 0x2a5c0841, L:/127.0.0.1:54451 - R:localhost/127.0.0.1:5352]' for 'POST' to 'http://localhost:5352/session/ea199b0494febe4b9f04f0b0bbd568f3/element/33eaa581-8e3b-4596-b86f-08207445e12c/element'
18:22:57.912 [Forwarding findChildElement on session ea199b0494febe4b9f04f0b0bbd568f3 to remote] DEBUG org.asynchttpclient.netty.request.NettyRequestSender - Using open Channel [id: 0x2a5c0841, L:/127.0.0.1:54451 - R:localhost/127.0.0.1:5352] for POST '/session/ea199b0494febe4b9f04f0b0bbd568f3/element/33eaa581-8e3b-4596-b86f-08207445e12c/element'
18:22:57.947 [AsyncHttpClient-1-8] DEBUG org.asynchttpclient.netty.handler.HttpHandler - 

Request DefaultHttpRequest(decodeResult: success, version: HTTP/1.1)
POST /session/ea199b0494febe4b9f04f0b0bbd568f3/element/33eaa581-8e3b-4596-b86f-08207445e12c/element HTTP/1.1
User-Agent: selenium/4.5.3 (java mac)
Content-Length: 106
Content-Type: application/json; charset=utf-8
host: localhost:5352
accept: */*

Response DefaultHttpResponse(decodeResult: success, version: HTTP/1.1)
HTTP/1.1 200 OK
Content-Length: 88
Content-Type: application/json; charset=utf-8
cache-control: no-cache

18:22:57.947 [AsyncHttpClient-1-8] DEBUG org.asynchttpclient.netty.channel.ChannelManager - Adding key: http://localhost:5352 for channel [id: 0x2a5c0841, L:/127.0.0.1:54451 - R:localhost/127.0.0.1:5352]
18:22:57.948 [Forwarding getElementText on session ea199b0494febe4b9f04f0b0bbd568f3 to remote] DEBUG org.asynchttpclient.netty.request.NettyRequestSender - Using pooled Channel '[id: 0x2a5c0841, L:/127.0.0.1:54451 - R:localhost/127.0.0.1:5352]' for 'GET' to 'http://localhost:5352/session/ea199b0494febe4b9f04f0b0bbd568f3/element/485ebc4c-5a35-4fee-8f2b-959d407708b3/text'
18:22:57.948 [Forwarding getElementText on session ea199b0494febe4b9f04f0b0bbd568f3 to remote] DEBUG org.asynchttpclient.netty.request.NettyRequestSender - Using open Channel [id: 0x2a5c0841, L:/127.0.0.1:54451 - R:localhost/127.0.0.1:5352] for GET '/session/ea199b0494febe4b9f04f0b0bbd568f3/element/485ebc4c-5a35-4fee-8f2b-959d407708b3/text'
18:22:58.052 [AsyncHttpClient-1-8] DEBUG org.asynchttpclient.netty.handler.HttpHandler - 

Request DefaultFullHttpRequest(decodeResult: success, version: HTTP/1.1, content: EmptyByteBufBE)
GET /session/ea199b0494febe4b9f04f0b0bbd568f3/element/485ebc4c-5a35-4fee-8f2b-959d407708b3/text HTTP/1.1
User-Agent: selenium/4.5.3 (java mac)
Cache-Control: no-cache
Content-Type: application/json; charset=utf-8
host: localhost:5352
accept: */*

Response DefaultHttpResponse(decodeResult: success, version: HTTP/1.1)
HTTP/1.1 200 OK
Content-Length: 71
Content-Type: application/json; charset=utf-8
cache-control: no-cache

18:22:58.052 [AsyncHttpClient-1-8] DEBUG org.asynchttpclient.netty.channel.ChannelManager - Adding key: http://localhost:5352 for channel [id: 0x2a5c0841, L:/127.0.0.1:54451 - R:localhost/127.0.0.1:5352]
18:22:58.054 [Forwarding findChildElement on session ea199b0494febe4b9f04f0b0bbd568f3 to remote] DEBUG org.asynchttpclient.netty.request.NettyRequestSender - Using pooled Channel '[id: 0x2a5c0841, L:/127.0.0.1:54451 - R:localhost/127.0.0.1:5352]' for 'POST' to 'http://localhost:5352/session/ea199b0494febe4b9f04f0b0bbd568f3/element/33eaa581-8e3b-4596-b86f-08207445e12c/element'
18:22:58.054 [Forwarding findChildElement on session ea199b0494febe4b9f04f0b0bbd568f3 to remote] DEBUG org.asynchttpclient.netty.request.NettyRequestSender - Using open Channel [id: 0x2a5c0841, L:/127.0.0.1:54451 - R:localhost/127.0.0.1:5352] for POST '/session/ea199b0494febe4b9f04f0b0bbd568f3/element/33eaa581-8e3b-4596-b86f-08207445e12c/element'
18:22:58.076 [AsyncHttpClient-1-8] DEBUG org.asynchttpclient.netty.handler.HttpHandler - 

Request DefaultHttpRequest(decodeResult: success, version: HTTP/1.1)
POST /session/ea199b0494febe4b9f04f0b0bbd568f3/element/33eaa581-8e3b-4596-b86f-08207445e12c/element HTTP/1.1
User-Agent: selenium/4.5.3 (java mac)
Content-Length: 106
Content-Type: application/json; charset=utf-8
host: localhost:5352
accept: */*

Response DefaultHttpResponse(decodeResult: success, version: HTTP/1.1)
HTTP/1.1 200 OK
Content-Length: 88
Content-Type: application/json; charset=utf-8
cache-control: no-cache

18:22:58.076 [AsyncHttpClient-1-8] DEBUG org.asynchttpclient.netty.channel.ChannelManager - Adding key: http://localhost:5352 for channel [id: 0x2a5c0841, L:/127.0.0.1:54451 - R:localhost/127.0.0.1:5352]
18:22:58.077 [Forwarding getElementText on session ea199b0494febe4b9f04f0b0bbd568f3 to remote] DEBUG org.asynchttpclient.netty.request.NettyRequestSender - Using pooled Channel '[id: 0x2a5c0841, L:/127.0.0.1:54451 - R:localhost/127.0.0.1:5352]' for 'GET' to 'http://localhost:5352/session/ea199b0494febe4b9f04f0b0bbd568f3/element/7e9120c1-8562-47f6-8195-3b8f44ff7bac/text'
18:22:58.077 [Forwarding getElementText on session ea199b0494febe4b9f04f0b0bbd568f3 to remote] DEBUG org.asynchttpclient.netty.request.NettyRequestSender - Using open Channel [id: 0x2a5c0841, L:/127.0.0.1:54451 - R:localhost/127.0.0.1:5352] for GET '/session/ea199b0494febe4b9f04f0b0bbd568f3/element/7e9120c1-8562-47f6-8195-3b8f44ff7bac/text'
18:22:58.100 [AsyncHttpClient-1-8] DEBUG org.asynchttpclient.netty.handler.HttpHandler - 

Request DefaultFullHttpRequest(decodeResult: success, version: HTTP/1.1, content: EmptyByteBufBE)
GET /session/ea199b0494febe4b9f04f0b0bbd568f3/element/7e9120c1-8562-47f6-8195-3b8f44ff7bac/text HTTP/1.1
User-Agent: selenium/4.5.3 (java mac)
Cache-Control: no-cache
Content-Type: application/json; charset=utf-8
host: localhost:5352
accept: */*

Response DefaultHttpResponse(decodeResult: success, version: HTTP/1.1)
HTTP/1.1 200 OK
Content-Length: 19
Content-Type: application/json; charset=utf-8
cache-control: no-cache

18:22:58.101 [AsyncHttpClient-1-8] DEBUG org.asynchttpclient.netty.channel.ChannelManager - Adding key: http://localhost:5352 for channel [id: 0x2a5c0841, L:/127.0.0.1:54451 - R:localhost/127.0.0.1:5352]
18:22:58.102 [Forwarding findChildElement on session ea199b0494febe4b9f04f0b0bbd568f3 to remote] DEBUG org.asynchttpclient.netty.request.NettyRequestSender - Using pooled Channel '[id: 0x2a5c0841, L:/127.0.0.1:54451 - R:localhost/127.0.0.1:5352]' for 'POST' to 'http://localhost:5352/session/ea199b0494febe4b9f04f0b0bbd568f3/element/4ba81a61-0526-4363-ad6a-c36f90a9fb74/element'
18:22:58.102 [Forwarding findChildElement on session ea199b0494febe4b9f04f0b0bbd568f3 to remote] DEBUG org.asynchttpclient.netty.request.NettyRequestSender - Using open Channel [id: 0x2a5c0841, L:/127.0.0.1:54451 - R:localhost/127.0.0.1:5352] for POST '/session/ea199b0494febe4b9f04f0b0bbd568f3/element/4ba81a61-0526-4363-ad6a-c36f90a9fb74/element'
18:22:58.126 [AsyncHttpClient-1-8] DEBUG org.asynchttpclient.netty.handler.HttpHandler - 

Request DefaultHttpRequest(decodeResult: success, version: HTTP/1.1)
POST /session/ea199b0494febe4b9f04f0b0bbd568f3/element/4ba81a61-0526-4363-ad6a-c36f90a9fb74/element HTTP/1.1
User-Agent: selenium/4.5.3 (java mac)
Content-Length: 106
Content-Type: application/json; charset=utf-8
host: localhost:5352
accept: */*

Response DefaultHttpResponse(decodeResult: success, version: HTTP/1.1)
HTTP/1.1 200 OK
Content-Length: 88
Content-Type: application/json; charset=utf-8
cache-control: no-cache

18:22:58.126 [AsyncHttpClient-1-8] DEBUG org.asynchttpclient.netty.channel.ChannelManager - Adding key: http://localhost:5352 for channel [id: 0x2a5c0841, L:/127.0.0.1:54451 - R:localhost/127.0.0.1:5352]
18:22:58.128 [Forwarding getElementText on session ea199b0494febe4b9f04f0b0bbd568f3 to remote] DEBUG org.asynchttpclient.netty.request.NettyRequestSender - Using pooled Channel '[id: 0x2a5c0841, L:/127.0.0.1:54451 - R:localhost/127.0.0.1:5352]' for 'GET' to 'http://localhost:5352/session/ea199b0494febe4b9f04f0b0bbd568f3/element/8d2d051c-7433-4426-9a1b-8e1b5c68610b/text'
18:22:58.128 [Forwarding getElementText on session ea199b0494febe4b9f04f0b0bbd568f3 to remote] DEBUG org.asynchttpclient.netty.request.NettyRequestSender - Using open Channel [id: 0x2a5c0841, L:/127.0.0.1:54451 - R:localhost/127.0.0.1:5352] for GET '/session/ea199b0494febe4b9f04f0b0bbd568f3/element/8d2d051c-7433-4426-9a1b-8e1b5c68610b/text'
18:22:58.186 [AsyncHttpClient-1-8] DEBUG org.asynchttpclient.netty.handler.HttpHandler - 

Request DefaultFullHttpRequest(decodeResult: success, version: HTTP/1.1, content: EmptyByteBufBE)
GET /session/ea199b0494febe4b9f04f0b0bbd568f3/element/8d2d051c-7433-4426-9a1b-8e1b5c68610b/text HTTP/1.1
User-Agent: selenium/4.5.3 (java mac)
Cache-Control: no-cache
Content-Type: application/json; charset=utf-8
host: localhost:5352
accept: */*

Response DefaultHttpResponse(decodeResult: success, version: HTTP/1.1)
HTTP/1.1 200 OK
Content-Length: 88
Content-Type: application/json; charset=utf-8
cache-control: no-cache

18:22:58.186 [AsyncHttpClient-1-8] DEBUG org.asynchttpclient.netty.channel.ChannelManager - Adding key: http://localhost:5352 for channel [id: 0x2a5c0841, L:/127.0.0.1:54451 - R:localhost/127.0.0.1:5352]
18:22:58.187 [Forwarding findChildElement on session ea199b0494febe4b9f04f0b0bbd568f3 to remote] DEBUG org.asynchttpclient.netty.request.NettyRequestSender - Using pooled Channel '[id: 0x2a5c0841, L:/127.0.0.1:54451 - R:localhost/127.0.0.1:5352]' for 'POST' to 'http://localhost:5352/session/ea199b0494febe4b9f04f0b0bbd568f3/element/4ba81a61-0526-4363-ad6a-c36f90a9fb74/element'
18:22:58.188 [Forwarding findChildElement on session ea199b0494febe4b9f04f0b0bbd568f3 to remote] DEBUG org.asynchttpclient.netty.request.NettyRequestSender - Using open Channel [id: 0x2a5c0841, L:/127.0.0.1:54451 - R:localhost/127.0.0.1:5352] for POST '/session/ea199b0494febe4b9f04f0b0bbd568f3/element/4ba81a61-0526-4363-ad6a-c36f90a9fb74/element'
18:22:58.212 [AsyncHttpClient-1-1] DEBUG org.asynchttpclient.netty.channel.DefaultChannelPool - Entry count for : http://localhost:54452 : 1
18:22:58.228 [AsyncHttpClient-1-8] DEBUG org.asynchttpclient.netty.handler.HttpHandler - 

Request DefaultHttpRequest(decodeResult: success, version: HTTP/1.1)
POST /session/ea199b0494febe4b9f04f0b0bbd568f3/element/4ba81a61-0526-4363-ad6a-c36f90a9fb74/element HTTP/1.1
User-Agent: selenium/4.5.3 (java mac)
Content-Length: 106
Content-Type: application/json; charset=utf-8
host: localhost:5352
accept: */*

Response DefaultHttpResponse(decodeResult: success, version: HTTP/1.1)
HTTP/1.1 200 OK
Content-Length: 88
Content-Type: application/json; charset=utf-8
cache-control: no-cache

18:22:58.228 [AsyncHttpClient-1-8] DEBUG org.asynchttpclient.netty.channel.ChannelManager - Adding key: http://localhost:5352 for channel [id: 0x2a5c0841, L:/127.0.0.1:54451 - R:localhost/127.0.0.1:5352]
18:22:58.229 [Forwarding getElementText on session ea199b0494febe4b9f04f0b0bbd568f3 to remote] DEBUG org.asynchttpclient.netty.request.NettyRequestSender - Using pooled Channel '[id: 0x2a5c0841, L:/127.0.0.1:54451 - R:localhost/127.0.0.1:5352]' for 'GET' to 'http://localhost:5352/session/ea199b0494febe4b9f04f0b0bbd568f3/element/cf43d173-91e6-4cce-abbc-d1e1a19ff09e/text'
18:22:58.229 [Forwarding getElementText on session ea199b0494febe4b9f04f0b0bbd568f3 to remote] DEBUG org.asynchttpclient.netty.request.NettyRequestSender - Using open Channel [id: 0x2a5c0841, L:/127.0.0.1:54451 - R:localhost/127.0.0.1:5352] for GET '/session/ea199b0494febe4b9f04f0b0bbd568f3/element/cf43d173-91e6-4cce-abbc-d1e1a19ff09e/text'
18:22:58.303 [AsyncHttpClient-1-8] DEBUG org.asynchttpclient.netty.handler.HttpHandler - 

Request DefaultFullHttpRequest(decodeResult: success, version: HTTP/1.1, content: EmptyByteBufBE)
GET /session/ea199b0494febe4b9f04f0b0bbd568f3/element/cf43d173-91e6-4cce-abbc-d1e1a19ff09e/text HTTP/1.1
User-Agent: selenium/4.5.3 (java mac)
Cache-Control: no-cache
Content-Type: application/json; charset=utf-8
host: localhost:5352
accept: */*

Response DefaultHttpResponse(decodeResult: success, version: HTTP/1.1)
HTTP/1.1 200 OK
Content-Length: 19
Content-Type: application/json; charset=utf-8
cache-control: no-cache

18:22:58.303 [AsyncHttpClient-1-8] DEBUG org.asynchttpclient.netty.channel.ChannelManager - Adding key: http://localhost:5352 for channel [id: 0x2a5c0841, L:/127.0.0.1:54451 - R:localhost/127.0.0.1:5352]
18:22:58.306 [Forwarding findChildElement on session ea199b0494febe4b9f04f0b0bbd568f3 to remote] DEBUG org.asynchttpclient.netty.request.NettyRequestSender - Using pooled Channel '[id: 0x2a5c0841, L:/127.0.0.1:54451 - R:localhost/127.0.0.1:5352]' for 'POST' to 'http://localhost:5352/session/ea199b0494febe4b9f04f0b0bbd568f3/element/f7a8abd9-bb75-4139-9579-5daa1e47b5c1/element'
18:22:58.306 [Forwarding findChildElement on session ea199b0494febe4b9f04f0b0bbd568f3 to remote] DEBUG org.asynchttpclient.netty.request.NettyRequestSender - Using open Channel [id: 0x2a5c0841, L:/127.0.0.1:54451 - R:localhost/127.0.0.1:5352] for POST '/session/ea199b0494febe4b9f04f0b0bbd568f3/element/f7a8abd9-bb75-4139-9579-5daa1e47b5c1/element'
18:22:58.320 [AsyncHttpClient-1-8] DEBUG org.asynchttpclient.netty.handler.HttpHandler - 

Request DefaultHttpRequest(decodeResult: success, version: HTTP/1.1)
POST /session/ea199b0494febe4b9f04f0b0bbd568f3/element/f7a8abd9-bb75-4139-9579-5daa1e47b5c1/element HTTP/1.1
User-Agent: selenium/4.5.3 (java mac)
Content-Length: 106
Content-Type: application/json; charset=utf-8
host: localhost:5352
accept: */*

Response DefaultHttpResponse(decodeResult: success, version: HTTP/1.1)
HTTP/1.1 200 OK
Content-Length: 88
Content-Type: application/json; charset=utf-8
cache-control: no-cache

18:22:58.320 [AsyncHttpClient-1-8] DEBUG org.asynchttpclient.netty.channel.ChannelManager - Adding key: http://localhost:5352 for channel [id: 0x2a5c0841, L:/127.0.0.1:54451 - R:localhost/127.0.0.1:5352]
18:22:58.323 [Forwarding getElementText on session ea199b0494febe4b9f04f0b0bbd568f3 to remote] DEBUG org.asynchttpclient.netty.request.NettyRequestSender - Using pooled Channel '[id: 0x2a5c0841, L:/127.0.0.1:54451 - R:localhost/127.0.0.1:5352]' for 'GET' to 'http://localhost:5352/session/ea199b0494febe4b9f04f0b0bbd568f3/element/48ac52cb-7192-4a41-9da1-c5a99d31fe42/text'
18:22:58.323 [Forwarding getElementText on session ea199b0494febe4b9f04f0b0bbd568f3 to remote] DEBUG org.asynchttpclient.netty.request.NettyRequestSender - Using open Channel [id: 0x2a5c0841, L:/127.0.0.1:54451 - R:localhost/127.0.0.1:5352] for GET '/session/ea199b0494febe4b9f04f0b0bbd568f3/element/48ac52cb-7192-4a41-9da1-c5a99d31fe42/text'
18:22:58.370 [AsyncHttpClient-1-8] DEBUG org.asynchttpclient.netty.handler.HttpHandler - 

Request DefaultFullHttpRequest(decodeResult: success, version: HTTP/1.1, content: EmptyByteBufBE)
GET /session/ea199b0494febe4b9f04f0b0bbd568f3/element/48ac52cb-7192-4a41-9da1-c5a99d31fe42/text HTTP/1.1
User-Agent: selenium/4.5.3 (java mac)
Cache-Control: no-cache
Content-Type: application/json; charset=utf-8
host: localhost:5352
accept: */*

Response DefaultHttpResponse(decodeResult: success, version: HTTP/1.1)
HTTP/1.1 200 OK
Content-Length: 83
Content-Type: application/json; charset=utf-8
cache-control: no-cache

18:22:58.371 [AsyncHttpClient-1-8] DEBUG org.asynchttpclient.netty.channel.ChannelManager - Adding key: http://localhost:5352 for channel [id: 0x2a5c0841, L:/127.0.0.1:54451 - R:localhost/127.0.0.1:5352]
18:22:58.372 [Forwarding findChildElement on session ea199b0494febe4b9f04f0b0bbd568f3 to remote] DEBUG org.asynchttpclient.netty.request.NettyRequestSender - Using pooled Channel '[id: 0x2a5c0841, L:/127.0.0.1:54451 - R:localhost/127.0.0.1:5352]' for 'POST' to 'http://localhost:5352/session/ea199b0494febe4b9f04f0b0bbd568f3/element/f7a8abd9-bb75-4139-9579-5daa1e47b5c1/element'
18:22:58.372 [Forwarding findChildElement on session ea199b0494febe4b9f04f0b0bbd568f3 to remote] DEBUG org.asynchttpclient.netty.request.NettyRequestSender - Using open Channel [id: 0x2a5c0841, L:/127.0.0.1:54451 - R:localhost/127.0.0.1:5352] for POST '/session/ea199b0494febe4b9f04f0b0bbd568f3/element/f7a8abd9-bb75-4139-9579-5daa1e47b5c1/element'
18:22:58.412 [AsyncHttpClient-1-8] DEBUG org.asynchttpclient.netty.handler.HttpHandler - 

Request DefaultHttpRequest(decodeResult: success, version: HTTP/1.1)
POST /session/ea199b0494febe4b9f04f0b0bbd568f3/element/f7a8abd9-bb75-4139-9579-5daa1e47b5c1/element HTTP/1.1
User-Agent: selenium/4.5.3 (java mac)
Content-Length: 106
Content-Type: application/json; charset=utf-8
host: localhost:5352
accept: */*

Response DefaultHttpResponse(decodeResult: success, version: HTTP/1.1)
HTTP/1.1 200 OK
Content-Length: 88
Content-Type: application/json; charset=utf-8
cache-control: no-cache

18:22:58.412 [AsyncHttpClient-1-8] DEBUG org.asynchttpclient.netty.channel.ChannelManager - Adding key: http://localhost:5352 for channel [id: 0x2a5c0841, L:/127.0.0.1:54451 - R:localhost/127.0.0.1:5352]
18:22:58.414 [Forwarding getElementText on session ea199b0494febe4b9f04f0b0bbd568f3 to remote] DEBUG org.asynchttpclient.netty.request.NettyRequestSender - Using pooled Channel '[id: 0x2a5c0841, L:/127.0.0.1:54451 - R:localhost/127.0.0.1:5352]' for 'GET' to 'http://localhost:5352/session/ea199b0494febe4b9f04f0b0bbd568f3/element/e6b674ac-0a9d-4c2f-b1b7-a036da95de7c/text'
18:22:58.414 [Forwarding getElementText on session ea199b0494febe4b9f04f0b0bbd568f3 to remote] DEBUG org.asynchttpclient.netty.request.NettyRequestSender - Using open Channel [id: 0x2a5c0841, L:/127.0.0.1:54451 - R:localhost/127.0.0.1:5352] for GET '/session/ea199b0494febe4b9f04f0b0bbd568f3/element/e6b674ac-0a9d-4c2f-b1b7-a036da95de7c/text'
18:22:58.436 [AsyncHttpClient-1-8] DEBUG org.asynchttpclient.netty.handler.HttpHandler - 

Request DefaultFullHttpRequest(decodeResult: success, version: HTTP/1.1, content: EmptyByteBufBE)
GET /session/ea199b0494febe4b9f04f0b0bbd568f3/element/e6b674ac-0a9d-4c2f-b1b7-a036da95de7c/text HTTP/1.1
User-Agent: selenium/4.5.3 (java mac)
Cache-Control: no-cache
Content-Type: application/json; charset=utf-8
host: localhost:5352
accept: */*

Response DefaultHttpResponse(decodeResult: success, version: HTTP/1.1)
HTTP/1.1 200 OK
Content-Length: 19
Content-Type: application/json; charset=utf-8
cache-control: no-cache

18:22:58.436 [AsyncHttpClient-1-8] DEBUG org.asynchttpclient.netty.channel.ChannelManager - Adding key: http://localhost:5352 for channel [id: 0x2a5c0841, L:/127.0.0.1:54451 - R:localhost/127.0.0.1:5352]
18:22:58.437 [Forwarding findChildElement on session ea199b0494febe4b9f04f0b0bbd568f3 to remote] DEBUG org.asynchttpclient.netty.request.NettyRequestSender - Using pooled Channel '[id: 0x2a5c0841, L:/127.0.0.1:54451 - R:localhost/127.0.0.1:5352]' for 'POST' to 'http://localhost:5352/session/ea199b0494febe4b9f04f0b0bbd568f3/element/b64eecd8-c1d9-4486-9740-176eda0267f4/element'
18:22:58.438 [Forwarding findChildElement on session ea199b0494febe4b9f04f0b0bbd568f3 to remote] DEBUG org.asynchttpclient.netty.request.NettyRequestSender - Using open Channel [id: 0x2a5c0841, L:/127.0.0.1:54451 - R:localhost/127.0.0.1:5352] for POST '/session/ea199b0494febe4b9f04f0b0bbd568f3/element/b64eecd8-c1d9-4486-9740-176eda0267f4/element'
18:22:58.460 [AsyncHttpClient-1-8] DEBUG org.asynchttpclient.netty.handler.HttpHandler - 

Request DefaultHttpRequest(decodeResult: success, version: HTTP/1.1)
POST /session/ea199b0494febe4b9f04f0b0bbd568f3/element/b64eecd8-c1d9-4486-9740-176eda0267f4/element HTTP/1.1
User-Agent: selenium/4.5.3 (java mac)
Content-Length: 106
Content-Type: application/json; charset=utf-8
host: localhost:5352
accept: */*

Response DefaultHttpResponse(decodeResult: success, version: HTTP/1.1)
HTTP/1.1 200 OK
Content-Length: 88
Content-Type: application/json; charset=utf-8
cache-control: no-cache

18:22:58.460 [AsyncHttpClient-1-8] DEBUG org.asynchttpclient.netty.channel.ChannelManager - Adding key: http://localhost:5352 for channel [id: 0x2a5c0841, L:/127.0.0.1:54451 - R:localhost/127.0.0.1:5352]
18:22:58.461 [Forwarding getElementText on session ea199b0494febe4b9f04f0b0bbd568f3 to remote] DEBUG org.asynchttpclient.netty.request.NettyRequestSender - Using pooled Channel '[id: 0x2a5c0841, L:/127.0.0.1:54451 - R:localhost/127.0.0.1:5352]' for 'GET' to 'http://localhost:5352/session/ea199b0494febe4b9f04f0b0bbd568f3/element/873ccbbc-3007-455a-a056-7cbc189abc5c/text'
18:22:58.461 [Forwarding getElementText on session ea199b0494febe4b9f04f0b0bbd568f3 to remote] DEBUG org.asynchttpclient.netty.request.NettyRequestSender - Using open Channel [id: 0x2a5c0841, L:/127.0.0.1:54451 - R:localhost/127.0.0.1:5352] for GET '/session/ea199b0494febe4b9f04f0b0bbd568f3/element/873ccbbc-3007-455a-a056-7cbc189abc5c/text'
18:22:58.484 [AsyncHttpClient-1-8] DEBUG org.asynchttpclient.netty.handler.HttpHandler - 

Request DefaultFullHttpRequest(decodeResult: success, version: HTTP/1.1, content: EmptyByteBufBE)
GET /session/ea199b0494febe4b9f04f0b0bbd568f3/element/873ccbbc-3007-455a-a056-7cbc189abc5c/text HTTP/1.1
User-Agent: selenium/4.5.3 (java mac)
Cache-Control: no-cache
Content-Type: application/json; charset=utf-8
host: localhost:5352
accept: */*

Response DefaultHttpResponse(decodeResult: success, version: HTTP/1.1)
HTTP/1.1 200 OK
Content-Length: 88
Content-Type: application/json; charset=utf-8
cache-control: no-cache

18:22:58.484 [AsyncHttpClient-1-8] DEBUG org.asynchttpclient.netty.channel.ChannelManager - Adding key: http://localhost:5352 for channel [id: 0x2a5c0841, L:/127.0.0.1:54451 - R:localhost/127.0.0.1:5352]
18:22:58.497 [Forwarding findChildElement on session ea199b0494febe4b9f04f0b0bbd568f3 to remote] DEBUG org.asynchttpclient.netty.request.NettyRequestSender - Using pooled Channel '[id: 0x2a5c0841, L:/127.0.0.1:54451 - R:localhost/127.0.0.1:5352]' for 'POST' to 'http://localhost:5352/session/ea199b0494febe4b9f04f0b0bbd568f3/element/b64eecd8-c1d9-4486-9740-176eda0267f4/element'
18:22:58.497 [Forwarding findChildElement on session ea199b0494febe4b9f04f0b0bbd568f3 to remote] DEBUG org.asynchttpclient.netty.request.NettyRequestSender - Using open Channel [id: 0x2a5c0841, L:/127.0.0.1:54451 - R:localhost/127.0.0.1:5352] for POST '/session/ea199b0494febe4b9f04f0b0bbd568f3/element/b64eecd8-c1d9-4486-9740-176eda0267f4/element'
18:22:58.521 [AsyncHttpClient-1-8] DEBUG org.asynchttpclient.netty.handler.HttpHandler - 

Request DefaultHttpRequest(decodeResult: success, version: HTTP/1.1)
POST /session/ea199b0494febe4b9f04f0b0bbd568f3/element/b64eecd8-c1d9-4486-9740-176eda0267f4/element HTTP/1.1
User-Agent: selenium/4.5.3 (java mac)
Content-Length: 106
Content-Type: application/json; charset=utf-8
host: localhost:5352
accept: */*

Response DefaultHttpResponse(decodeResult: success, version: HTTP/1.1)
HTTP/1.1 200 OK
Content-Length: 88
Content-Type: application/json; charset=utf-8
cache-control: no-cache

18:22:58.521 [AsyncHttpClient-1-8] DEBUG org.asynchttpclient.netty.channel.ChannelManager - Adding key: http://localhost:5352 for channel [id: 0x2a5c0841, L:/127.0.0.1:54451 - R:localhost/127.0.0.1:5352]
18:22:58.525 [Forwarding getElementText on session ea199b0494febe4b9f04f0b0bbd568f3 to remote] DEBUG org.asynchttpclient.netty.request.NettyRequestSender - Using pooled Channel '[id: 0x2a5c0841, L:/127.0.0.1:54451 - R:localhost/127.0.0.1:5352]' for 'GET' to 'http://localhost:5352/session/ea199b0494febe4b9f04f0b0bbd568f3/element/df07820b-3498-4ae7-a765-ecf1e31f7330/text'
18:22:58.525 [Forwarding getElementText on session ea199b0494febe4b9f04f0b0bbd568f3 to remote] DEBUG org.asynchttpclient.netty.request.NettyRequestSender - Using open Channel [id: 0x2a5c0841, L:/127.0.0.1:54451 - R:localhost/127.0.0.1:5352] for GET '/session/ea199b0494febe4b9f04f0b0bbd568f3/element/df07820b-3498-4ae7-a765-ecf1e31f7330/text'
18:22:58.588 [AsyncHttpClient-1-8] DEBUG org.asynchttpclient.netty.handler.HttpHandler - 

Request DefaultFullHttpRequest(decodeResult: success, version: HTTP/1.1, content: EmptyByteBufBE)
GET /session/ea199b0494febe4b9f04f0b0bbd568f3/element/df07820b-3498-4ae7-a765-ecf1e31f7330/text HTTP/1.1
User-Agent: selenium/4.5.3 (java mac)
Cache-Control: no-cache
Content-Type: application/json; charset=utf-8
host: localhost:5352
accept: */*

Response DefaultHttpResponse(decodeResult: success, version: HTTP/1.1)
HTTP/1.1 200 OK
Content-Length: 30
Content-Type: application/json; charset=utf-8
cache-control: no-cache

18:22:58.589 [AsyncHttpClient-1-8] DEBUG org.asynchttpclient.netty.channel.ChannelManager - Adding key: http://localhost:5352 for channel [id: 0x2a5c0841, L:/127.0.0.1:54451 - R:localhost/127.0.0.1:5352]
18:22:58.590 [Forwarding findChildElement on session ea199b0494febe4b9f04f0b0bbd568f3 to remote] DEBUG org.asynchttpclient.netty.request.NettyRequestSender - Using pooled Channel '[id: 0x2a5c0841, L:/127.0.0.1:54451 - R:localhost/127.0.0.1:5352]' for 'POST' to 'http://localhost:5352/session/ea199b0494febe4b9f04f0b0bbd568f3/element/f92baf42-0ecb-416e-84a6-85d3eee365ad/element'
18:22:58.590 [Forwarding findChildElement on session ea199b0494febe4b9f04f0b0bbd568f3 to remote] DEBUG org.asynchttpclient.netty.request.NettyRequestSender - Using open Channel [id: 0x2a5c0841, L:/127.0.0.1:54451 - R:localhost/127.0.0.1:5352] for POST '/session/ea199b0494febe4b9f04f0b0bbd568f3/element/f92baf42-0ecb-416e-84a6-85d3eee365ad/element'
18:22:58.635 [AsyncHttpClient-1-8] DEBUG org.asynchttpclient.netty.handler.HttpHandler - 

Request DefaultHttpRequest(decodeResult: success, version: HTTP/1.1)
POST /session/ea199b0494febe4b9f04f0b0bbd568f3/element/f92baf42-0ecb-416e-84a6-85d3eee365ad/element HTTP/1.1
User-Agent: selenium/4.5.3 (java mac)
Content-Length: 106
Content-Type: application/json; charset=utf-8
host: localhost:5352
accept: */*

Response DefaultHttpResponse(decodeResult: success, version: HTTP/1.1)
HTTP/1.1 200 OK
Content-Length: 88
Content-Type: application/json; charset=utf-8
cache-control: no-cache

18:22:58.635 [AsyncHttpClient-1-8] DEBUG org.asynchttpclient.netty.channel.ChannelManager - Adding key: http://localhost:5352 for channel [id: 0x2a5c0841, L:/127.0.0.1:54451 - R:localhost/127.0.0.1:5352]
18:22:58.636 [Forwarding getElementText on session ea199b0494febe4b9f04f0b0bbd568f3 to remote] DEBUG org.asynchttpclient.netty.request.NettyRequestSender - Using pooled Channel '[id: 0x2a5c0841, L:/127.0.0.1:54451 - R:localhost/127.0.0.1:5352]' for 'GET' to 'http://localhost:5352/session/ea199b0494febe4b9f04f0b0bbd568f3/element/5f1910fb-f063-4c35-b918-47791587308a/text'
18:22:58.636 [Forwarding getElementText on session ea199b0494febe4b9f04f0b0bbd568f3 to remote] DEBUG org.asynchttpclient.netty.request.NettyRequestSender - Using open Channel [id: 0x2a5c0841, L:/127.0.0.1:54451 - R:localhost/127.0.0.1:5352] for GET '/session/ea199b0494febe4b9f04f0b0bbd568f3/element/5f1910fb-f063-4c35-b918-47791587308a/text'
18:22:58.779 [AsyncHttpClient-1-8] DEBUG org.asynchttpclient.netty.handler.HttpHandler - 

Request DefaultFullHttpRequest(decodeResult: success, version: HTTP/1.1, content: EmptyByteBufBE)
GET /session/ea199b0494febe4b9f04f0b0bbd568f3/element/5f1910fb-f063-4c35-b918-47791587308a/text HTTP/1.1
User-Agent: selenium/4.5.3 (java mac)
Cache-Control: no-cache
Content-Type: application/json; charset=utf-8
host: localhost:5352
accept: */*

Response DefaultHttpResponse(decodeResult: success, version: HTTP/1.1)
HTTP/1.1 200 OK
Content-Length: 89
Content-Type: application/json; charset=utf-8
cache-control: no-cache

18:22:58.779 [AsyncHttpClient-1-8] DEBUG org.asynchttpclient.netty.channel.ChannelManager - Adding key: http://localhost:5352 for channel [id: 0x2a5c0841, L:/127.0.0.1:54451 - R:localhost/127.0.0.1:5352]
18:22:58.781 [Forwarding findChildElement on session ea199b0494febe4b9f04f0b0bbd568f3 to remote] DEBUG org.asynchttpclient.netty.request.NettyRequestSender - Using pooled Channel '[id: 0x2a5c0841, L:/127.0.0.1:54451 - R:localhost/127.0.0.1:5352]' for 'POST' to 'http://localhost:5352/session/ea199b0494febe4b9f04f0b0bbd568f3/element/f92baf42-0ecb-416e-84a6-85d3eee365ad/element'
18:22:58.781 [Forwarding findChildElement on session ea199b0494febe4b9f04f0b0bbd568f3 to remote] DEBUG org.asynchttpclient.netty.request.NettyRequestSender - Using open Channel [id: 0x2a5c0841, L:/127.0.0.1:54451 - R:localhost/127.0.0.1:5352] for POST '/session/ea199b0494febe4b9f04f0b0bbd568f3/element/f92baf42-0ecb-416e-84a6-85d3eee365ad/element'
18:22:58.819 [AsyncHttpClient-1-8] DEBUG org.asynchttpclient.netty.handler.HttpHandler - 

Request DefaultHttpRequest(decodeResult: success, version: HTTP/1.1)
POST /session/ea199b0494febe4b9f04f0b0bbd568f3/element/f92baf42-0ecb-416e-84a6-85d3eee365ad/element HTTP/1.1
User-Agent: selenium/4.5.3 (java mac)
Content-Length: 106
Content-Type: application/json; charset=utf-8
host: localhost:5352
accept: */*

Response DefaultHttpResponse(decodeResult: success, version: HTTP/1.1)
HTTP/1.1 200 OK
Content-Length: 88
Content-Type: application/json; charset=utf-8
cache-control: no-cache

18:22:58.819 [AsyncHttpClient-1-8] DEBUG org.asynchttpclient.netty.channel.ChannelManager - Adding key: http://localhost:5352 for channel [id: 0x2a5c0841, L:/127.0.0.1:54451 - R:localhost/127.0.0.1:5352]
18:22:58.820 [Forwarding getElementText on session ea199b0494febe4b9f04f0b0bbd568f3 to remote] DEBUG org.asynchttpclient.netty.request.NettyRequestSender - Using pooled Channel '[id: 0x2a5c0841, L:/127.0.0.1:54451 - R:localhost/127.0.0.1:5352]' for 'GET' to 'http://localhost:5352/session/ea199b0494febe4b9f04f0b0bbd568f3/element/5706602a-5e91-42f7-bfed-256b3e6da489/text'
18:22:58.820 [Forwarding getElementText on session ea199b0494febe4b9f04f0b0bbd568f3 to remote] DEBUG org.asynchttpclient.netty.request.NettyRequestSender - Using open Channel [id: 0x2a5c0841, L:/127.0.0.1:54451 - R:localhost/127.0.0.1:5352] for GET '/session/ea199b0494febe4b9f04f0b0bbd568f3/element/5706602a-5e91-42f7-bfed-256b3e6da489/text'
18:22:58.843 [AsyncHttpClient-1-8] DEBUG org.asynchttpclient.netty.handler.HttpHandler - 

Request DefaultFullHttpRequest(decodeResult: success, version: HTTP/1.1, content: EmptyByteBufBE)
GET /session/ea199b0494febe4b9f04f0b0bbd568f3/element/5706602a-5e91-42f7-bfed-256b3e6da489/text HTTP/1.1
User-Agent: selenium/4.5.3 (java mac)
Cache-Control: no-cache
Content-Type: application/json; charset=utf-8
host: localhost:5352
accept: */*

Response DefaultHttpResponse(decodeResult: success, version: HTTP/1.1)
HTTP/1.1 200 OK
Content-Length: 30
Content-Type: application/json; charset=utf-8
cache-control: no-cache

18:22:58.843 [AsyncHttpClient-1-8] DEBUG org.asynchttpclient.netty.channel.ChannelManager - Adding key: http://localhost:5352 for channel [id: 0x2a5c0841, L:/127.0.0.1:54451 - R:localhost/127.0.0.1:5352]
18:22:58.845 [Forwarding findChildElement on session ea199b0494febe4b9f04f0b0bbd568f3 to remote] DEBUG org.asynchttpclient.netty.request.NettyRequestSender - Using pooled Channel '[id: 0x2a5c0841, L:/127.0.0.1:54451 - R:localhost/127.0.0.1:5352]' for 'POST' to 'http://localhost:5352/session/ea199b0494febe4b9f04f0b0bbd568f3/element/d1cadde4-afcc-4c50-b920-6e9d4fb38036/element'
18:22:58.845 [Forwarding findChildElement on session ea199b0494febe4b9f04f0b0bbd568f3 to remote] DEBUG org.asynchttpclient.netty.request.NettyRequestSender - Using open Channel [id: 0x2a5c0841, L:/127.0.0.1:54451 - R:localhost/127.0.0.1:5352] for POST '/session/ea199b0494febe4b9f04f0b0bbd568f3/element/d1cadde4-afcc-4c50-b920-6e9d4fb38036/element'
18:22:58.868 [AsyncHttpClient-1-8] DEBUG org.asynchttpclient.netty.handler.HttpHandler - 

Request DefaultHttpRequest(decodeResult: success, version: HTTP/1.1)
POST /session/ea199b0494febe4b9f04f0b0bbd568f3/element/d1cadde4-afcc-4c50-b920-6e9d4fb38036/element HTTP/1.1
User-Agent: selenium/4.5.3 (java mac)
Content-Length: 106
Content-Type: application/json; charset=utf-8
host: localhost:5352
accept: */*

Response DefaultHttpResponse(decodeResult: success, version: HTTP/1.1)
HTTP/1.1 200 OK
Content-Length: 88
Content-Type: application/json; charset=utf-8
cache-control: no-cache

18:22:58.868 [AsyncHttpClient-1-8] DEBUG org.asynchttpclient.netty.channel.ChannelManager - Adding key: http://localhost:5352 for channel [id: 0x2a5c0841, L:/127.0.0.1:54451 - R:localhost/127.0.0.1:5352]
18:22:58.869 [Forwarding getElementText on session ea199b0494febe4b9f04f0b0bbd568f3 to remote] DEBUG org.asynchttpclient.netty.request.NettyRequestSender - Using pooled Channel '[id: 0x2a5c0841, L:/127.0.0.1:54451 - R:localhost/127.0.0.1:5352]' for 'GET' to 'http://localhost:5352/session/ea199b0494febe4b9f04f0b0bbd568f3/element/2214e5b3-4dfa-46c3-a259-4f128fc2e7bb/text'
18:22:58.869 [Forwarding getElementText on session ea199b0494febe4b9f04f0b0bbd568f3 to remote] DEBUG org.asynchttpclient.netty.request.NettyRequestSender - Using open Channel [id: 0x2a5c0841, L:/127.0.0.1:54451 - R:localhost/127.0.0.1:5352] for GET '/session/ea199b0494febe4b9f04f0b0bbd568f3/element/2214e5b3-4dfa-46c3-a259-4f128fc2e7bb/text'
18:22:58.899 [AsyncHttpClient-1-8] DEBUG org.asynchttpclient.netty.handler.HttpHandler - 

Request DefaultFullHttpRequest(decodeResult: success, version: HTTP/1.1, content: EmptyByteBufBE)
GET /session/ea199b0494febe4b9f04f0b0bbd568f3/element/2214e5b3-4dfa-46c3-a259-4f128fc2e7bb/text HTTP/1.1
User-Agent: selenium/4.5.3 (java mac)
Cache-Control: no-cache
Content-Type: application/json; charset=utf-8
host: localhost:5352
accept: */*

Response DefaultHttpResponse(decodeResult: success, version: HTTP/1.1)
HTTP/1.1 200 OK
Content-Length: 78
Content-Type: application/json; charset=utf-8
cache-control: no-cache

18:22:58.899 [AsyncHttpClient-1-8] DEBUG org.asynchttpclient.netty.channel.ChannelManager - Adding key: http://localhost:5352 for channel [id: 0x2a5c0841, L:/127.0.0.1:54451 - R:localhost/127.0.0.1:5352]
18:22:58.901 [Forwarding findChildElement on session ea199b0494febe4b9f04f0b0bbd568f3 to remote] DEBUG org.asynchttpclient.netty.request.NettyRequestSender - Using pooled Channel '[id: 0x2a5c0841, L:/127.0.0.1:54451 - R:localhost/127.0.0.1:5352]' for 'POST' to 'http://localhost:5352/session/ea199b0494febe4b9f04f0b0bbd568f3/element/d1cadde4-afcc-4c50-b920-6e9d4fb38036/element'
18:22:58.901 [Forwarding findChildElement on session ea199b0494febe4b9f04f0b0bbd568f3 to remote] DEBUG org.asynchttpclient.netty.request.NettyRequestSender - Using open Channel [id: 0x2a5c0841, L:/127.0.0.1:54451 - R:localhost/127.0.0.1:5352] for POST '/session/ea199b0494febe4b9f04f0b0bbd568f3/element/d1cadde4-afcc-4c50-b920-6e9d4fb38036/element'
18:22:58.929 [AsyncHttpClient-1-8] DEBUG org.asynchttpclient.netty.handler.HttpHandler - 

Request DefaultHttpRequest(decodeResult: success, version: HTTP/1.1)
POST /session/ea199b0494febe4b9f04f0b0bbd568f3/element/d1cadde4-afcc-4c50-b920-6e9d4fb38036/element HTTP/1.1
User-Agent: selenium/4.5.3 (java mac)
Content-Length: 106
Content-Type: application/json; charset=utf-8
host: localhost:5352
accept: */*

Response DefaultHttpResponse(decodeResult: success, version: HTTP/1.1)
HTTP/1.1 200 OK
Content-Length: 88
Content-Type: application/json; charset=utf-8
cache-control: no-cache

18:22:58.929 [AsyncHttpClient-1-8] DEBUG org.asynchttpclient.netty.channel.ChannelManager - Adding key: http://localhost:5352 for channel [id: 0x2a5c0841, L:/127.0.0.1:54451 - R:localhost/127.0.0.1:5352]
18:22:58.930 [Forwarding getElementText on session ea199b0494febe4b9f04f0b0bbd568f3 to remote] DEBUG org.asynchttpclient.netty.request.NettyRequestSender - Using pooled Channel '[id: 0x2a5c0841, L:/127.0.0.1:54451 - R:localhost/127.0.0.1:5352]' for 'GET' to 'http://localhost:5352/session/ea199b0494febe4b9f04f0b0bbd568f3/element/f26b595b-2335-4324-bf14-784ff84c5d2b/text'
18:22:58.930 [Forwarding getElementText on session ea199b0494febe4b9f04f0b0bbd568f3 to remote] DEBUG org.asynchttpclient.netty.request.NettyRequestSender - Using open Channel [id: 0x2a5c0841, L:/127.0.0.1:54451 - R:localhost/127.0.0.1:5352] for GET '/session/ea199b0494febe4b9f04f0b0bbd568f3/element/f26b595b-2335-4324-bf14-784ff84c5d2b/text'
18:22:58.975 [AsyncHttpClient-1-8] DEBUG org.asynchttpclient.netty.handler.HttpHandler - 

Request DefaultFullHttpRequest(decodeResult: success, version: HTTP/1.1, content: EmptyByteBufBE)
GET /session/ea199b0494febe4b9f04f0b0bbd568f3/element/f26b595b-2335-4324-bf14-784ff84c5d2b/text HTTP/1.1
User-Agent: selenium/4.5.3 (java mac)
Cache-Control: no-cache
Content-Type: application/json; charset=utf-8
host: localhost:5352
accept: */*

Response DefaultHttpResponse(decodeResult: success, version: HTTP/1.1)
HTTP/1.1 200 OK
Content-Length: 19
Content-Type: application/json; charset=utf-8
cache-control: no-cache

18:22:58.975 [AsyncHttpClient-1-8] DEBUG org.asynchttpclient.netty.channel.ChannelManager - Adding key: http://localhost:5352 for channel [id: 0x2a5c0841, L:/127.0.0.1:54451 - R:localhost/127.0.0.1:5352]
18:22:58.978 [Forwarding findChildElement on session ea199b0494febe4b9f04f0b0bbd568f3 to remote] DEBUG org.asynchttpclient.netty.request.NettyRequestSender - Using pooled Channel '[id: 0x2a5c0841, L:/127.0.0.1:54451 - R:localhost/127.0.0.1:5352]' for 'POST' to 'http://localhost:5352/session/ea199b0494febe4b9f04f0b0bbd568f3/element/44b18054-46eb-4b98-8c72-71b176fb65c8/element'
18:22:58.979 [Forwarding findChildElement on session ea199b0494febe4b9f04f0b0bbd568f3 to remote] DEBUG org.asynchttpclient.netty.request.NettyRequestSender - Using open Channel [id: 0x2a5c0841, L:/127.0.0.1:54451 - R:localhost/127.0.0.1:5352] for POST '/session/ea199b0494febe4b9f04f0b0bbd568f3/element/44b18054-46eb-4b98-8c72-71b176fb65c8/element'
18:22:59.013 [AsyncHttpClient-1-8] DEBUG org.asynchttpclient.netty.handler.HttpHandler - 

Request DefaultHttpRequest(decodeResult: success, version: HTTP/1.1)
POST /session/ea199b0494febe4b9f04f0b0bbd568f3/element/44b18054-46eb-4b98-8c72-71b176fb65c8/element HTTP/1.1
User-Agent: selenium/4.5.3 (java mac)
Content-Length: 106
Content-Type: application/json; charset=utf-8
host: localhost:5352
accept: */*

Response DefaultHttpResponse(decodeResult: success, version: HTTP/1.1)
HTTP/1.1 200 OK
Content-Length: 88
Content-Type: application/json; charset=utf-8
cache-control: no-cache

18:22:59.013 [AsyncHttpClient-1-8] DEBUG org.asynchttpclient.netty.channel.ChannelManager - Adding key: http://localhost:5352 for channel [id: 0x2a5c0841, L:/127.0.0.1:54451 - R:localhost/127.0.0.1:5352]
18:22:59.013 [Forwarding getElementText on session ea199b0494febe4b9f04f0b0bbd568f3 to remote] DEBUG org.asynchttpclient.netty.request.NettyRequestSender - Using pooled Channel '[id: 0x2a5c0841, L:/127.0.0.1:54451 - R:localhost/127.0.0.1:5352]' for 'GET' to 'http://localhost:5352/session/ea199b0494febe4b9f04f0b0bbd568f3/element/f6efe39b-45c5-49d1-99f2-d1d36d33c807/text'
18:22:59.013 [Forwarding getElementText on session ea199b0494febe4b9f04f0b0bbd568f3 to remote] DEBUG org.asynchttpclient.netty.request.NettyRequestSender - Using open Channel [id: 0x2a5c0841, L:/127.0.0.1:54451 - R:localhost/127.0.0.1:5352] for GET '/session/ea199b0494febe4b9f04f0b0bbd568f3/element/f6efe39b-45c5-49d1-99f2-d1d36d33c807/text'
18:22:59.131 [AsyncHttpClient-1-8] DEBUG org.asynchttpclient.netty.handler.HttpHandler - 

Request DefaultFullHttpRequest(decodeResult: success, version: HTTP/1.1, content: EmptyByteBufBE)
GET /session/ea199b0494febe4b9f04f0b0bbd568f3/element/f6efe39b-45c5-49d1-99f2-d1d36d33c807/text HTTP/1.1
User-Agent: selenium/4.5.3 (java mac)
Cache-Control: no-cache
Content-Type: application/json; charset=utf-8
host: localhost:5352
accept: */*

Response DefaultHttpResponse(decodeResult: success, version: HTTP/1.1)
HTTP/1.1 200 OK
Content-Length: 71
Content-Type: application/json; charset=utf-8
cache-control: no-cache

18:22:59.131 [AsyncHttpClient-1-8] DEBUG org.asynchttpclient.netty.channel.ChannelManager - Adding key: http://localhost:5352 for channel [id: 0x2a5c0841, L:/127.0.0.1:54451 - R:localhost/127.0.0.1:5352]
18:22:59.132 [Forwarding findChildElement on session ea199b0494febe4b9f04f0b0bbd568f3 to remote] DEBUG org.asynchttpclient.netty.request.NettyRequestSender - Using pooled Channel '[id: 0x2a5c0841, L:/127.0.0.1:54451 - R:localhost/127.0.0.1:5352]' for 'POST' to 'http://localhost:5352/session/ea199b0494febe4b9f04f0b0bbd568f3/element/44b18054-46eb-4b98-8c72-71b176fb65c8/element'
18:22:59.132 [Forwarding findChildElement on session ea199b0494febe4b9f04f0b0bbd568f3 to remote] DEBUG org.asynchttpclient.netty.request.NettyRequestSender - Using open Channel [id: 0x2a5c0841, L:/127.0.0.1:54451 - R:localhost/127.0.0.1:5352] for POST '/session/ea199b0494febe4b9f04f0b0bbd568f3/element/44b18054-46eb-4b98-8c72-71b176fb65c8/element'
18:22:59.178 [AsyncHttpClient-1-8] DEBUG org.asynchttpclient.netty.handler.HttpHandler - 

Request DefaultHttpRequest(decodeResult: success, version: HTTP/1.1)
POST /session/ea199b0494febe4b9f04f0b0bbd568f3/element/44b18054-46eb-4b98-8c72-71b176fb65c8/element HTTP/1.1
User-Agent: selenium/4.5.3 (java mac)
Content-Length: 106
Content-Type: application/json; charset=utf-8
host: localhost:5352
accept: */*

Response DefaultHttpResponse(decodeResult: success, version: HTTP/1.1)
HTTP/1.1 200 OK
Content-Length: 88
Content-Type: application/json; charset=utf-8
cache-control: no-cache

18:22:59.178 [AsyncHttpClient-1-8] DEBUG org.asynchttpclient.netty.channel.ChannelManager - Adding key: http://localhost:5352 for channel [id: 0x2a5c0841, L:/127.0.0.1:54451 - R:localhost/127.0.0.1:5352]
18:22:59.179 [Forwarding getElementText on session ea199b0494febe4b9f04f0b0bbd568f3 to remote] DEBUG org.asynchttpclient.netty.request.NettyRequestSender - Using pooled Channel '[id: 0x2a5c0841, L:/127.0.0.1:54451 - R:localhost/127.0.0.1:5352]' for 'GET' to 'http://localhost:5352/session/ea199b0494febe4b9f04f0b0bbd568f3/element/b9d95d4e-7a7b-4f67-9df0-ffdc2c90d9e3/text'
18:22:59.179 [Forwarding getElementText on session ea199b0494febe4b9f04f0b0bbd568f3 to remote] DEBUG org.asynchttpclient.netty.request.NettyRequestSender - Using open Channel [id: 0x2a5c0841, L:/127.0.0.1:54451 - R:localhost/127.0.0.1:5352] for GET '/session/ea199b0494febe4b9f04f0b0bbd568f3/element/b9d95d4e-7a7b-4f67-9df0-ffdc2c90d9e3/text'
18:22:59.215 [AsyncHttpClient-1-8] DEBUG org.asynchttpclient.netty.handler.HttpHandler - 

Request DefaultFullHttpRequest(decodeResult: success, version: HTTP/1.1, content: EmptyByteBufBE)
GET /session/ea199b0494febe4b9f04f0b0bbd568f3/element/b9d95d4e-7a7b-4f67-9df0-ffdc2c90d9e3/text HTTP/1.1
User-Agent: selenium/4.5.3 (java mac)
Cache-Control: no-cache
Content-Type: application/json; charset=utf-8
host: localhost:5352
accept: */*

Response DefaultHttpResponse(decodeResult: success, version: HTTP/1.1)
HTTP/1.1 200 OK
Content-Length: 18
Content-Type: application/json; charset=utf-8
cache-control: no-cache

18:22:59.216 [AsyncHttpClient-1-8] DEBUG org.asynchttpclient.netty.channel.ChannelManager - Adding key: http://localhost:5352 for channel [id: 0x2a5c0841, L:/127.0.0.1:54451 - R:localhost/127.0.0.1:5352]
18:22:59.217 [Forwarding findChildElement on session ea199b0494febe4b9f04f0b0bbd568f3 to remote] DEBUG org.asynchttpclient.netty.request.NettyRequestSender - Using pooled Channel '[id: 0x2a5c0841, L:/127.0.0.1:54451 - R:localhost/127.0.0.1:5352]' for 'POST' to 'http://localhost:5352/session/ea199b0494febe4b9f04f0b0bbd568f3/element/8527ae7e-b686-4df9-a43e-52d4b925ecb8/element'
18:22:59.217 [Forwarding findChildElement on session ea199b0494febe4b9f04f0b0bbd568f3 to remote] DEBUG org.asynchttpclient.netty.request.NettyRequestSender - Using open Channel [id: 0x2a5c0841, L:/127.0.0.1:54451 - R:localhost/127.0.0.1:5352] for POST '/session/ea199b0494febe4b9f04f0b0bbd568f3/element/8527ae7e-b686-4df9-a43e-52d4b925ecb8/element'
18:22:59.236 [AsyncHttpClient-1-8] DEBUG org.asynchttpclient.netty.handler.HttpHandler - 

Request DefaultHttpRequest(decodeResult: success, version: HTTP/1.1)
POST /session/ea199b0494febe4b9f04f0b0bbd568f3/element/8527ae7e-b686-4df9-a43e-52d4b925ecb8/element HTTP/1.1
User-Agent: selenium/4.5.3 (java mac)
Content-Length: 106
Content-Type: application/json; charset=utf-8
host: localhost:5352
accept: */*

Response DefaultHttpResponse(decodeResult: success, version: HTTP/1.1)
HTTP/1.1 200 OK
Content-Length: 88
Content-Type: application/json; charset=utf-8
cache-control: no-cache

18:22:59.236 [AsyncHttpClient-1-8] DEBUG org.asynchttpclient.netty.channel.ChannelManager - Adding key: http://localhost:5352 for channel [id: 0x2a5c0841, L:/127.0.0.1:54451 - R:localhost/127.0.0.1:5352]
18:22:59.237 [Forwarding getElementText on session ea199b0494febe4b9f04f0b0bbd568f3 to remote] DEBUG org.asynchttpclient.netty.request.NettyRequestSender - Using pooled Channel '[id: 0x2a5c0841, L:/127.0.0.1:54451 - R:localhost/127.0.0.1:5352]' for 'GET' to 'http://localhost:5352/session/ea199b0494febe4b9f04f0b0bbd568f3/element/3783b6ad-d720-4952-9bde-dd4802e9d74f/text'
18:22:59.237 [Forwarding getElementText on session ea199b0494febe4b9f04f0b0bbd568f3 to remote] DEBUG org.asynchttpclient.netty.request.NettyRequestSender - Using open Channel [id: 0x2a5c0841, L:/127.0.0.1:54451 - R:localhost/127.0.0.1:5352] for GET '/session/ea199b0494febe4b9f04f0b0bbd568f3/element/3783b6ad-d720-4952-9bde-dd4802e9d74f/text'
18:22:59.309 [AsyncHttpClient-1-1] DEBUG org.asynchttpclient.netty.channel.DefaultChannelPool - Entry count for : http://localhost:54452 : 1
18:22:59.316 [AsyncHttpClient-1-8] DEBUG org.asynchttpclient.netty.handler.HttpHandler - 

Request DefaultFullHttpRequest(decodeResult: success, version: HTTP/1.1, content: EmptyByteBufBE)
GET /session/ea199b0494febe4b9f04f0b0bbd568f3/element/3783b6ad-d720-4952-9bde-dd4802e9d74f/text HTTP/1.1
User-Agent: selenium/4.5.3 (java mac)
Cache-Control: no-cache
Content-Type: application/json; charset=utf-8
host: localhost:5352
accept: */*

Response DefaultHttpResponse(decodeResult: success, version: HTTP/1.1)
HTTP/1.1 200 OK
Content-Length: 59
Content-Type: application/json; charset=utf-8
cache-control: no-cache

18:22:59.316 [AsyncHttpClient-1-8] DEBUG org.asynchttpclient.netty.channel.ChannelManager - Adding key: http://localhost:5352 for channel [id: 0x2a5c0841, L:/127.0.0.1:54451 - R:localhost/127.0.0.1:5352]
18:22:59.318 [Forwarding findChildElement on session ea199b0494febe4b9f04f0b0bbd568f3 to remote] DEBUG org.asynchttpclient.netty.request.NettyRequestSender - Using pooled Channel '[id: 0x2a5c0841, L:/127.0.0.1:54451 - R:localhost/127.0.0.1:5352]' for 'POST' to 'http://localhost:5352/session/ea199b0494febe4b9f04f0b0bbd568f3/element/8527ae7e-b686-4df9-a43e-52d4b925ecb8/element'
18:22:59.318 [Forwarding findChildElement on session ea199b0494febe4b9f04f0b0bbd568f3 to remote] DEBUG org.asynchttpclient.netty.request.NettyRequestSender - Using open Channel [id: 0x2a5c0841, L:/127.0.0.1:54451 - R:localhost/127.0.0.1:5352] for POST '/session/ea199b0494febe4b9f04f0b0bbd568f3/element/8527ae7e-b686-4df9-a43e-52d4b925ecb8/element'
18:22:59.332 [AsyncHttpClient-1-8] DEBUG org.asynchttpclient.netty.handler.HttpHandler - 

Request DefaultHttpRequest(decodeResult: success, version: HTTP/1.1)
POST /session/ea199b0494febe4b9f04f0b0bbd568f3/element/8527ae7e-b686-4df9-a43e-52d4b925ecb8/element HTTP/1.1
User-Agent: selenium/4.5.3 (java mac)
Content-Length: 106
Content-Type: application/json; charset=utf-8
host: localhost:5352
accept: */*

Response DefaultHttpResponse(decodeResult: success, version: HTTP/1.1)
HTTP/1.1 200 OK
Content-Length: 88
Content-Type: application/json; charset=utf-8
cache-control: no-cache

18:22:59.332 [AsyncHttpClient-1-8] DEBUG org.asynchttpclient.netty.channel.ChannelManager - Adding key: http://localhost:5352 for channel [id: 0x2a5c0841, L:/127.0.0.1:54451 - R:localhost/127.0.0.1:5352]
18:22:59.333 [Forwarding getElementText on session ea199b0494febe4b9f04f0b0bbd568f3 to remote] DEBUG org.asynchttpclient.netty.request.NettyRequestSender - Using pooled Channel '[id: 0x2a5c0841, L:/127.0.0.1:54451 - R:localhost/127.0.0.1:5352]' for 'GET' to 'http://localhost:5352/session/ea199b0494febe4b9f04f0b0bbd568f3/element/ef74b43b-9e74-4e82-98c8-bf35e07cc5e0/text'
18:22:59.333 [Forwarding getElementText on session ea199b0494febe4b9f04f0b0bbd568f3 to remote] DEBUG org.asynchttpclient.netty.request.NettyRequestSender - Using open Channel [id: 0x2a5c0841, L:/127.0.0.1:54451 - R:localhost/127.0.0.1:5352] for GET '/session/ea199b0494febe4b9f04f0b0bbd568f3/element/ef74b43b-9e74-4e82-98c8-bf35e07cc5e0/text'
18:22:59.397 [AsyncHttpClient-1-8] DEBUG org.asynchttpclient.netty.handler.HttpHandler - 

Request DefaultFullHttpRequest(decodeResult: success, version: HTTP/1.1, content: EmptyByteBufBE)
GET /session/ea199b0494febe4b9f04f0b0bbd568f3/element/ef74b43b-9e74-4e82-98c8-bf35e07cc5e0/text HTTP/1.1
User-Agent: selenium/4.5.3 (java mac)
Cache-Control: no-cache
Content-Type: application/json; charset=utf-8
host: localhost:5352
accept: */*

Response DefaultHttpResponse(decodeResult: success, version: HTTP/1.1)
HTTP/1.1 200 OK
Content-Length: 19
Content-Type: application/json; charset=utf-8
cache-control: no-cache

18:22:59.397 [AsyncHttpClient-1-8] DEBUG org.asynchttpclient.netty.channel.ChannelManager - Adding key: http://localhost:5352 for channel [id: 0x2a5c0841, L:/127.0.0.1:54451 - R:localhost/127.0.0.1:5352]
18:22:59.398 [Forwarding findChildElement on session ea199b0494febe4b9f04f0b0bbd568f3 to remote] DEBUG org.asynchttpclient.netty.request.NettyRequestSender - Using pooled Channel '[id: 0x2a5c0841, L:/127.0.0.1:54451 - R:localhost/127.0.0.1:5352]' for 'POST' to 'http://localhost:5352/session/ea199b0494febe4b9f04f0b0bbd568f3/element/854c4dab-2a71-42d6-ba2e-b8d96aba8937/element'
18:22:59.399 [Forwarding findChildElement on session ea199b0494febe4b9f04f0b0bbd568f3 to remote] DEBUG org.asynchttpclient.netty.request.NettyRequestSender - Using open Channel [id: 0x2a5c0841, L:/127.0.0.1:54451 - R:localhost/127.0.0.1:5352] for POST '/session/ea199b0494febe4b9f04f0b0bbd568f3/element/854c4dab-2a71-42d6-ba2e-b8d96aba8937/element'
18:22:59.422 [AsyncHttpClient-1-8] DEBUG org.asynchttpclient.netty.handler.HttpHandler - 

Request DefaultHttpRequest(decodeResult: success, version: HTTP/1.1)
POST /session/ea199b0494febe4b9f04f0b0bbd568f3/element/854c4dab-2a71-42d6-ba2e-b8d96aba8937/element HTTP/1.1
User-Agent: selenium/4.5.3 (java mac)
Content-Length: 106
Content-Type: application/json; charset=utf-8
host: localhost:5352
accept: */*

Response DefaultHttpResponse(decodeResult: success, version: HTTP/1.1)
HTTP/1.1 200 OK
Content-Length: 88
Content-Type: application/json; charset=utf-8
cache-control: no-cache

18:22:59.423 [AsyncHttpClient-1-8] DEBUG org.asynchttpclient.netty.channel.ChannelManager - Adding key: http://localhost:5352 for channel [id: 0x2a5c0841, L:/127.0.0.1:54451 - R:localhost/127.0.0.1:5352]
18:22:59.423 [Forwarding getElementText on session ea199b0494febe4b9f04f0b0bbd568f3 to remote] DEBUG org.asynchttpclient.netty.request.NettyRequestSender - Using pooled Channel '[id: 0x2a5c0841, L:/127.0.0.1:54451 - R:localhost/127.0.0.1:5352]' for 'GET' to 'http://localhost:5352/session/ea199b0494febe4b9f04f0b0bbd568f3/element/81048dc1-2002-4331-bed1-67e53168f6bd/text'
18:22:59.424 [Forwarding getElementText on session ea199b0494febe4b9f04f0b0bbd568f3 to remote] DEBUG org.asynchttpclient.netty.request.NettyRequestSender - Using open Channel [id: 0x2a5c0841, L:/127.0.0.1:54451 - R:localhost/127.0.0.1:5352] for GET '/session/ea199b0494febe4b9f04f0b0bbd568f3/element/81048dc1-2002-4331-bed1-67e53168f6bd/text'
18:22:59.453 [AsyncHttpClient-1-8] DEBUG org.asynchttpclient.netty.handler.HttpHandler - 

Request DefaultFullHttpRequest(decodeResult: success, version: HTTP/1.1, content: EmptyByteBufBE)
GET /session/ea199b0494febe4b9f04f0b0bbd568f3/element/81048dc1-2002-4331-bed1-67e53168f6bd/text HTTP/1.1
User-Agent: selenium/4.5.3 (java mac)
Cache-Control: no-cache
Content-Type: application/json; charset=utf-8
host: localhost:5352
accept: */*

Response DefaultHttpResponse(decodeResult: success, version: HTTP/1.1)
HTTP/1.1 200 OK
Content-Length: 92
Content-Type: application/json; charset=utf-8
cache-control: no-cache

18:22:59.453 [AsyncHttpClient-1-8] DEBUG org.asynchttpclient.netty.channel.ChannelManager - Adding key: http://localhost:5352 for channel [id: 0x2a5c0841, L:/127.0.0.1:54451 - R:localhost/127.0.0.1:5352]
18:22:59.454 [Forwarding findChildElement on session ea199b0494febe4b9f04f0b0bbd568f3 to remote] DEBUG org.asynchttpclient.netty.request.NettyRequestSender - Using pooled Channel '[id: 0x2a5c0841, L:/127.0.0.1:54451 - R:localhost/127.0.0.1:5352]' for 'POST' to 'http://localhost:5352/session/ea199b0494febe4b9f04f0b0bbd568f3/element/854c4dab-2a71-42d6-ba2e-b8d96aba8937/element'
18:22:59.455 [Forwarding findChildElement on session ea199b0494febe4b9f04f0b0bbd568f3 to remote] DEBUG org.asynchttpclient.netty.request.NettyRequestSender - Using open Channel [id: 0x2a5c0841, L:/127.0.0.1:54451 - R:localhost/127.0.0.1:5352] for POST '/session/ea199b0494febe4b9f04f0b0bbd568f3/element/854c4dab-2a71-42d6-ba2e-b8d96aba8937/element'
18:22:59.484 [AsyncHttpClient-1-8] DEBUG org.asynchttpclient.netty.handler.HttpHandler - 

Request DefaultHttpRequest(decodeResult: success, version: HTTP/1.1)
POST /session/ea199b0494febe4b9f04f0b0bbd568f3/element/854c4dab-2a71-42d6-ba2e-b8d96aba8937/element HTTP/1.1
User-Agent: selenium/4.5.3 (java mac)
Content-Length: 106
Content-Type: application/json; charset=utf-8
host: localhost:5352
accept: */*

Response DefaultHttpResponse(decodeResult: success, version: HTTP/1.1)
HTTP/1.1 200 OK
Content-Length: 88
Content-Type: application/json; charset=utf-8
cache-control: no-cache

18:22:59.485 [AsyncHttpClient-1-8] DEBUG org.asynchttpclient.netty.channel.ChannelManager - Adding key: http://localhost:5352 for channel [id: 0x2a5c0841, L:/127.0.0.1:54451 - R:localhost/127.0.0.1:5352]
18:22:59.485 [Forwarding getElementText on session ea199b0494febe4b9f04f0b0bbd568f3 to remote] DEBUG org.asynchttpclient.netty.request.NettyRequestSender - Using pooled Channel '[id: 0x2a5c0841, L:/127.0.0.1:54451 - R:localhost/127.0.0.1:5352]' for 'GET' to 'http://localhost:5352/session/ea199b0494febe4b9f04f0b0bbd568f3/element/9b99f4c3-933e-42e4-9d9c-2d0891a9ba92/text'
18:22:59.485 [Forwarding getElementText on session ea199b0494febe4b9f04f0b0bbd568f3 to remote] DEBUG org.asynchttpclient.netty.request.NettyRequestSender - Using open Channel [id: 0x2a5c0841, L:/127.0.0.1:54451 - R:localhost/127.0.0.1:5352] for GET '/session/ea199b0494febe4b9f04f0b0bbd568f3/element/9b99f4c3-933e-42e4-9d9c-2d0891a9ba92/text'
18:22:59.575 [AsyncHttpClient-1-8] DEBUG org.asynchttpclient.netty.handler.HttpHandler - 

Request DefaultFullHttpRequest(decodeResult: success, version: HTTP/1.1, content: EmptyByteBufBE)
GET /session/ea199b0494febe4b9f04f0b0bbd568f3/element/9b99f4c3-933e-42e4-9d9c-2d0891a9ba92/text HTTP/1.1
User-Agent: selenium/4.5.3 (java mac)
Cache-Control: no-cache
Content-Type: application/json; charset=utf-8
host: localhost:5352
accept: */*

Response DefaultHttpResponse(decodeResult: success, version: HTTP/1.1)
HTTP/1.1 200 OK
Content-Length: 30
Content-Type: application/json; charset=utf-8
cache-control: no-cache

18:22:59.575 [AsyncHttpClient-1-8] DEBUG org.asynchttpclient.netty.channel.ChannelManager - Adding key: http://localhost:5352 for channel [id: 0x2a5c0841, L:/127.0.0.1:54451 - R:localhost/127.0.0.1:5352]
18:22:59.577 [Forwarding findChildElement on session ea199b0494febe4b9f04f0b0bbd568f3 to remote] DEBUG org.asynchttpclient.netty.request.NettyRequestSender - Using pooled Channel '[id: 0x2a5c0841, L:/127.0.0.1:54451 - R:localhost/127.0.0.1:5352]' for 'POST' to 'http://localhost:5352/session/ea199b0494febe4b9f04f0b0bbd568f3/element/a93ece56-46bc-4836-9da5-28e3570b80c8/element'
18:22:59.577 [Forwarding findChildElement on session ea199b0494febe4b9f04f0b0bbd568f3 to remote] DEBUG org.asynchttpclient.netty.request.NettyRequestSender - Using open Channel [id: 0x2a5c0841, L:/127.0.0.1:54451 - R:localhost/127.0.0.1:5352] for POST '/session/ea199b0494febe4b9f04f0b0bbd568f3/element/a93ece56-46bc-4836-9da5-28e3570b80c8/element'
18:22:59.618 [AsyncHttpClient-1-8] DEBUG org.asynchttpclient.netty.handler.HttpHandler - 

Request DefaultHttpRequest(decodeResult: success, version: HTTP/1.1)
POST /session/ea199b0494febe4b9f04f0b0bbd568f3/element/a93ece56-46bc-4836-9da5-28e3570b80c8/element HTTP/1.1
User-Agent: selenium/4.5.3 (java mac)
Content-Length: 106
Content-Type: application/json; charset=utf-8
host: localhost:5352
accept: */*

Response DefaultHttpResponse(decodeResult: success, version: HTTP/1.1)
HTTP/1.1 200 OK
Content-Length: 88
Content-Type: application/json; charset=utf-8
cache-control: no-cache

18:22:59.619 [AsyncHttpClient-1-8] DEBUG org.asynchttpclient.netty.channel.ChannelManager - Adding key: http://localhost:5352 for channel [id: 0x2a5c0841, L:/127.0.0.1:54451 - R:localhost/127.0.0.1:5352]
18:22:59.620 [Forwarding getElementText on session ea199b0494febe4b9f04f0b0bbd568f3 to remote] DEBUG org.asynchttpclient.netty.request.NettyRequestSender - Using pooled Channel '[id: 0x2a5c0841, L:/127.0.0.1:54451 - R:localhost/127.0.0.1:5352]' for 'GET' to 'http://localhost:5352/session/ea199b0494febe4b9f04f0b0bbd568f3/element/22a53816-a95f-49e9-8ef2-42474d91e8f3/text'
18:22:59.620 [Forwarding getElementText on session ea199b0494febe4b9f04f0b0bbd568f3 to remote] DEBUG org.asynchttpclient.netty.request.NettyRequestSender - Using open Channel [id: 0x2a5c0841, L:/127.0.0.1:54451 - R:localhost/127.0.0.1:5352] for GET '/session/ea199b0494febe4b9f04f0b0bbd568f3/element/22a53816-a95f-49e9-8ef2-42474d91e8f3/text'
18:22:59.659 [AsyncHttpClient-1-8] DEBUG org.asynchttpclient.netty.handler.HttpHandler - 

Request DefaultFullHttpRequest(decodeResult: success, version: HTTP/1.1, content: EmptyByteBufBE)
GET /session/ea199b0494febe4b9f04f0b0bbd568f3/element/22a53816-a95f-49e9-8ef2-42474d91e8f3/text HTTP/1.1
User-Agent: selenium/4.5.3 (java mac)
Cache-Control: no-cache
Content-Type: application/json; charset=utf-8
host: localhost:5352
accept: */*

Response DefaultHttpResponse(decodeResult: success, version: HTTP/1.1)
HTTP/1.1 200 OK
Content-Length: 64
Content-Type: application/json; charset=utf-8
cache-control: no-cache

18:22:59.660 [AsyncHttpClient-1-8] DEBUG org.asynchttpclient.netty.channel.ChannelManager - Adding key: http://localhost:5352 for channel [id: 0x2a5c0841, L:/127.0.0.1:54451 - R:localhost/127.0.0.1:5352]
18:22:59.661 [Forwarding findChildElement on session ea199b0494febe4b9f04f0b0bbd568f3 to remote] DEBUG org.asynchttpclient.netty.request.NettyRequestSender - Using pooled Channel '[id: 0x2a5c0841, L:/127.0.0.1:54451 - R:localhost/127.0.0.1:5352]' for 'POST' to 'http://localhost:5352/session/ea199b0494febe4b9f04f0b0bbd568f3/element/a93ece56-46bc-4836-9da5-28e3570b80c8/element'
18:22:59.661 [Forwarding findChildElement on session ea199b0494febe4b9f04f0b0bbd568f3 to remote] DEBUG org.asynchttpclient.netty.request.NettyRequestSender - Using open Channel [id: 0x2a5c0841, L:/127.0.0.1:54451 - R:localhost/127.0.0.1:5352] for POST '/session/ea199b0494febe4b9f04f0b0bbd568f3/element/a93ece56-46bc-4836-9da5-28e3570b80c8/element'
18:22:59.688 [AsyncHttpClient-1-8] DEBUG org.asynchttpclient.netty.handler.HttpHandler - 

Request DefaultHttpRequest(decodeResult: success, version: HTTP/1.1)
POST /session/ea199b0494febe4b9f04f0b0bbd568f3/element/a93ece56-46bc-4836-9da5-28e3570b80c8/element HTTP/1.1
User-Agent: selenium/4.5.3 (java mac)
Content-Length: 106
Content-Type: application/json; charset=utf-8
host: localhost:5352
accept: */*

Response DefaultHttpResponse(decodeResult: success, version: HTTP/1.1)
HTTP/1.1 200 OK
Content-Length: 88
Content-Type: application/json; charset=utf-8
cache-control: no-cache

18:22:59.688 [AsyncHttpClient-1-8] DEBUG org.asynchttpclient.netty.channel.ChannelManager - Adding key: http://localhost:5352 for channel [id: 0x2a5c0841, L:/127.0.0.1:54451 - R:localhost/127.0.0.1:5352]
18:22:59.689 [Forwarding getElementText on session ea199b0494febe4b9f04f0b0bbd568f3 to remote] DEBUG org.asynchttpclient.netty.request.NettyRequestSender - Using pooled Channel '[id: 0x2a5c0841, L:/127.0.0.1:54451 - R:localhost/127.0.0.1:5352]' for 'GET' to 'http://localhost:5352/session/ea199b0494febe4b9f04f0b0bbd568f3/element/be0451bc-0112-4aba-81f5-0dc5996b80bb/text'
18:22:59.689 [Forwarding getElementText on session ea199b0494febe4b9f04f0b0bbd568f3 to remote] DEBUG org.asynchttpclient.netty.request.NettyRequestSender - Using open Channel [id: 0x2a5c0841, L:/127.0.0.1:54451 - R:localhost/127.0.0.1:5352] for GET '/session/ea199b0494febe4b9f04f0b0bbd568f3/element/be0451bc-0112-4aba-81f5-0dc5996b80bb/text'
18:22:59.792 [AsyncHttpClient-1-8] DEBUG org.asynchttpclient.netty.handler.HttpHandler - 

Request DefaultFullHttpRequest(decodeResult: success, version: HTTP/1.1, content: EmptyByteBufBE)
GET /session/ea199b0494febe4b9f04f0b0bbd568f3/element/be0451bc-0112-4aba-81f5-0dc5996b80bb/text HTTP/1.1
User-Agent: selenium/4.5.3 (java mac)
Cache-Control: no-cache
Content-Type: application/json; charset=utf-8
host: localhost:5352
accept: */*

Response DefaultHttpResponse(decodeResult: success, version: HTTP/1.1)
HTTP/1.1 200 OK
Content-Length: 19
Content-Type: application/json; charset=utf-8
cache-control: no-cache

18:22:59.793 [AsyncHttpClient-1-8] DEBUG org.asynchttpclient.netty.channel.ChannelManager - Adding key: http://localhost:5352 for channel [id: 0x2a5c0841, L:/127.0.0.1:54451 - R:localhost/127.0.0.1:5352]
18:22:59.795 [Forwarding findChildElement on session ea199b0494febe4b9f04f0b0bbd568f3 to remote] DEBUG org.asynchttpclient.netty.request.NettyRequestSender - Using pooled Channel '[id: 0x2a5c0841, L:/127.0.0.1:54451 - R:localhost/127.0.0.1:5352]' for 'POST' to 'http://localhost:5352/session/ea199b0494febe4b9f04f0b0bbd568f3/element/d5915ad5-c594-4718-8e65-48541ad350b2/element'
18:22:59.795 [Forwarding findChildElement on session ea199b0494febe4b9f04f0b0bbd568f3 to remote] DEBUG org.asynchttpclient.netty.request.NettyRequestSender - Using open Channel [id: 0x2a5c0841, L:/127.0.0.1:54451 - R:localhost/127.0.0.1:5352] for POST '/session/ea199b0494febe4b9f04f0b0bbd568f3/element/d5915ad5-c594-4718-8e65-48541ad350b2/element'
18:22:59.811 [AsyncHttpClient-1-8] DEBUG org.asynchttpclient.netty.handler.HttpHandler - 

Request DefaultHttpRequest(decodeResult: success, version: HTTP/1.1)
POST /session/ea199b0494febe4b9f04f0b0bbd568f3/element/d5915ad5-c594-4718-8e65-48541ad350b2/element HTTP/1.1
User-Agent: selenium/4.5.3 (java mac)
Content-Length: 106
Content-Type: application/json; charset=utf-8
host: localhost:5352
accept: */*

Response DefaultHttpResponse(decodeResult: success, version: HTTP/1.1)
HTTP/1.1 200 OK
Content-Length: 88
Content-Type: application/json; charset=utf-8
cache-control: no-cache

18:22:59.811 [AsyncHttpClient-1-8] DEBUG org.asynchttpclient.netty.channel.ChannelManager - Adding key: http://localhost:5352 for channel [id: 0x2a5c0841, L:/127.0.0.1:54451 - R:localhost/127.0.0.1:5352]
18:22:59.812 [Forwarding getElementText on session ea199b0494febe4b9f04f0b0bbd568f3 to remote] DEBUG org.asynchttpclient.netty.request.NettyRequestSender - Using pooled Channel '[id: 0x2a5c0841, L:/127.0.0.1:54451 - R:localhost/127.0.0.1:5352]' for 'GET' to 'http://localhost:5352/session/ea199b0494febe4b9f04f0b0bbd568f3/element/5ee7bd00-3eed-4f7c-899b-80a9e54d0820/text'
18:22:59.812 [Forwarding getElementText on session ea199b0494febe4b9f04f0b0bbd568f3 to remote] DEBUG org.asynchttpclient.netty.request.NettyRequestSender - Using open Channel [id: 0x2a5c0841, L:/127.0.0.1:54451 - R:localhost/127.0.0.1:5352] for GET '/session/ea199b0494febe4b9f04f0b0bbd568f3/element/5ee7bd00-3eed-4f7c-899b-80a9e54d0820/text'
18:22:59.947 [AsyncHttpClient-1-8] DEBUG org.asynchttpclient.netty.handler.HttpHandler - 

Request DefaultFullHttpRequest(decodeResult: success, version: HTTP/1.1, content: EmptyByteBufBE)
GET /session/ea199b0494febe4b9f04f0b0bbd568f3/element/5ee7bd00-3eed-4f7c-899b-80a9e54d0820/text HTTP/1.1
User-Agent: selenium/4.5.3 (java mac)
Cache-Control: no-cache
Content-Type: application/json; charset=utf-8
host: localhost:5352
accept: */*

Response DefaultHttpResponse(decodeResult: success, version: HTTP/1.1)
HTTP/1.1 200 OK
Content-Length: 91
Content-Type: application/json; charset=utf-8
cache-control: no-cache

18:22:59.947 [AsyncHttpClient-1-8] DEBUG org.asynchttpclient.netty.channel.ChannelManager - Adding key: http://localhost:5352 for channel [id: 0x2a5c0841, L:/127.0.0.1:54451 - R:localhost/127.0.0.1:5352]
18:22:59.948 [Forwarding findChildElement on session ea199b0494febe4b9f04f0b0bbd568f3 to remote] DEBUG org.asynchttpclient.netty.request.NettyRequestSender - Using pooled Channel '[id: 0x2a5c0841, L:/127.0.0.1:54451 - R:localhost/127.0.0.1:5352]' for 'POST' to 'http://localhost:5352/session/ea199b0494febe4b9f04f0b0bbd568f3/element/d5915ad5-c594-4718-8e65-48541ad350b2/element'
18:22:59.949 [Forwarding findChildElement on session ea199b0494febe4b9f04f0b0bbd568f3 to remote] DEBUG org.asynchttpclient.netty.request.NettyRequestSender - Using open Channel [id: 0x2a5c0841, L:/127.0.0.1:54451 - R:localhost/127.0.0.1:5352] for POST '/session/ea199b0494febe4b9f04f0b0bbd568f3/element/d5915ad5-c594-4718-8e65-48541ad350b2/element'
18:22:59.964 [AsyncHttpClient-1-8] DEBUG org.asynchttpclient.netty.handler.HttpHandler - 

Request DefaultHttpRequest(decodeResult: success, version: HTTP/1.1)
POST /session/ea199b0494febe4b9f04f0b0bbd568f3/element/d5915ad5-c594-4718-8e65-48541ad350b2/element HTTP/1.1
User-Agent: selenium/4.5.3 (java mac)
Content-Length: 106
Content-Type: application/json; charset=utf-8
host: localhost:5352
accept: */*

Response DefaultHttpResponse(decodeResult: success, version: HTTP/1.1)
HTTP/1.1 200 OK
Content-Length: 88
Content-Type: application/json; charset=utf-8
cache-control: no-cache

18:22:59.964 [AsyncHttpClient-1-8] DEBUG org.asynchttpclient.netty.channel.ChannelManager - Adding key: http://localhost:5352 for channel [id: 0x2a5c0841, L:/127.0.0.1:54451 - R:localhost/127.0.0.1:5352]
18:22:59.965 [Forwarding getElementText on session ea199b0494febe4b9f04f0b0bbd568f3 to remote] DEBUG org.asynchttpclient.netty.request.NettyRequestSender - Using pooled Channel '[id: 0x2a5c0841, L:/127.0.0.1:54451 - R:localhost/127.0.0.1:5352]' for 'GET' to 'http://localhost:5352/session/ea199b0494febe4b9f04f0b0bbd568f3/element/95d6ab4c-624b-4795-bbd7-b0372bfd49fd/text'
18:22:59.965 [Forwarding getElementText on session ea199b0494febe4b9f04f0b0bbd568f3 to remote] DEBUG org.asynchttpclient.netty.request.NettyRequestSender - Using open Channel [id: 0x2a5c0841, L:/127.0.0.1:54451 - R:localhost/127.0.0.1:5352] for GET '/session/ea199b0494febe4b9f04f0b0bbd568f3/element/95d6ab4c-624b-4795-bbd7-b0372bfd49fd/text'
18:23:00.059 [AsyncHttpClient-1-8] DEBUG org.asynchttpclient.netty.handler.HttpHandler - 

Request DefaultFullHttpRequest(decodeResult: success, version: HTTP/1.1, content: EmptyByteBufBE)
GET /session/ea199b0494febe4b9f04f0b0bbd568f3/element/95d6ab4c-624b-4795-bbd7-b0372bfd49fd/text HTTP/1.1
User-Agent: selenium/4.5.3 (java mac)
Cache-Control: no-cache
Content-Type: application/json; charset=utf-8
host: localhost:5352
accept: */*

Response DefaultHttpResponse(decodeResult: success, version: HTTP/1.1)
HTTP/1.1 200 OK
Content-Length: 30
Content-Type: application/json; charset=utf-8
cache-control: no-cache

18:23:00.060 [AsyncHttpClient-1-8] DEBUG org.asynchttpclient.netty.channel.ChannelManager - Adding key: http://localhost:5352 for channel [id: 0x2a5c0841, L:/127.0.0.1:54451 - R:localhost/127.0.0.1:5352]
18:23:00.061 [Forwarding findChildElement on session ea199b0494febe4b9f04f0b0bbd568f3 to remote] DEBUG org.asynchttpclient.netty.request.NettyRequestSender - Using pooled Channel '[id: 0x2a5c0841, L:/127.0.0.1:54451 - R:localhost/127.0.0.1:5352]' for 'POST' to 'http://localhost:5352/session/ea199b0494febe4b9f04f0b0bbd568f3/element/2e6c944d-b89d-4e4c-aab9-ab95dcc30d93/element'
18:23:00.061 [Forwarding findChildElement on session ea199b0494febe4b9f04f0b0bbd568f3 to remote] DEBUG org.asynchttpclient.netty.request.NettyRequestSender - Using open Channel [id: 0x2a5c0841, L:/127.0.0.1:54451 - R:localhost/127.0.0.1:5352] for POST '/session/ea199b0494febe4b9f04f0b0bbd568f3/element/2e6c944d-b89d-4e4c-aab9-ab95dcc30d93/element'
18:23:00.081 [AsyncHttpClient-1-8] DEBUG org.asynchttpclient.netty.handler.HttpHandler - 

Request DefaultHttpRequest(decodeResult: success, version: HTTP/1.1)
POST /session/ea199b0494febe4b9f04f0b0bbd568f3/element/2e6c944d-b89d-4e4c-aab9-ab95dcc30d93/element HTTP/1.1
User-Agent: selenium/4.5.3 (java mac)
Content-Length: 106
Content-Type: application/json; charset=utf-8
host: localhost:5352
accept: */*

Response DefaultHttpResponse(decodeResult: success, version: HTTP/1.1)
HTTP/1.1 200 OK
Content-Length: 88
Content-Type: application/json; charset=utf-8
cache-control: no-cache

18:23:00.081 [AsyncHttpClient-1-8] DEBUG org.asynchttpclient.netty.channel.ChannelManager - Adding key: http://localhost:5352 for channel [id: 0x2a5c0841, L:/127.0.0.1:54451 - R:localhost/127.0.0.1:5352]
18:23:00.082 [Forwarding getElementText on session ea199b0494febe4b9f04f0b0bbd568f3 to remote] DEBUG org.asynchttpclient.netty.request.NettyRequestSender - Using pooled Channel '[id: 0x2a5c0841, L:/127.0.0.1:54451 - R:localhost/127.0.0.1:5352]' for 'GET' to 'http://localhost:5352/session/ea199b0494febe4b9f04f0b0bbd568f3/element/842e12c7-e94d-4381-888a-0bc9c71baf57/text'
18:23:00.082 [Forwarding getElementText on session ea199b0494febe4b9f04f0b0bbd568f3 to remote] DEBUG org.asynchttpclient.netty.request.NettyRequestSender - Using open Channel [id: 0x2a5c0841, L:/127.0.0.1:54451 - R:localhost/127.0.0.1:5352] for GET '/session/ea199b0494febe4b9f04f0b0bbd568f3/element/842e12c7-e94d-4381-888a-0bc9c71baf57/text'
18:23:00.155 [AsyncHttpClient-1-8] DEBUG org.asynchttpclient.netty.handler.HttpHandler - 

Request DefaultFullHttpRequest(decodeResult: success, version: HTTP/1.1, content: EmptyByteBufBE)
GET /session/ea199b0494febe4b9f04f0b0bbd568f3/element/842e12c7-e94d-4381-888a-0bc9c71baf57/text HTTP/1.1
User-Agent: selenium/4.5.3 (java mac)
Cache-Control: no-cache
Content-Type: application/json; charset=utf-8
host: localhost:5352
accept: */*

Response DefaultHttpResponse(decodeResult: success, version: HTTP/1.1)
HTTP/1.1 200 OK
Content-Length: 68
Content-Type: application/json; charset=utf-8
cache-control: no-cache

18:23:00.155 [AsyncHttpClient-1-8] DEBUG org.asynchttpclient.netty.channel.ChannelManager - Adding key: http://localhost:5352 for channel [id: 0x2a5c0841, L:/127.0.0.1:54451 - R:localhost/127.0.0.1:5352]
18:23:00.157 [Forwarding findChildElement on session ea199b0494febe4b9f04f0b0bbd568f3 to remote] DEBUG org.asynchttpclient.netty.request.NettyRequestSender - Using pooled Channel '[id: 0x2a5c0841, L:/127.0.0.1:54451 - R:localhost/127.0.0.1:5352]' for 'POST' to 'http://localhost:5352/session/ea199b0494febe4b9f04f0b0bbd568f3/element/2e6c944d-b89d-4e4c-aab9-ab95dcc30d93/element'
18:23:00.157 [Forwarding findChildElement on session ea199b0494febe4b9f04f0b0bbd568f3 to remote] DEBUG org.asynchttpclient.netty.request.NettyRequestSender - Using open Channel [id: 0x2a5c0841, L:/127.0.0.1:54451 - R:localhost/127.0.0.1:5352] for POST '/session/ea199b0494febe4b9f04f0b0bbd568f3/element/2e6c944d-b89d-4e4c-aab9-ab95dcc30d93/element'
18:23:00.216 [AsyncHttpClient-1-8] DEBUG org.asynchttpclient.netty.handler.HttpHandler - 

Request DefaultHttpRequest(decodeResult: success, version: HTTP/1.1)
POST /session/ea199b0494febe4b9f04f0b0bbd568f3/element/2e6c944d-b89d-4e4c-aab9-ab95dcc30d93/element HTTP/1.1
User-Agent: selenium/4.5.3 (java mac)
Content-Length: 106
Content-Type: application/json; charset=utf-8
host: localhost:5352
accept: */*

Response DefaultHttpResponse(decodeResult: success, version: HTTP/1.1)
HTTP/1.1 200 OK
Content-Length: 88
Content-Type: application/json; charset=utf-8
cache-control: no-cache

18:23:00.217 [AsyncHttpClient-1-8] DEBUG org.asynchttpclient.netty.channel.ChannelManager - Adding key: http://localhost:5352 for channel [id: 0x2a5c0841, L:/127.0.0.1:54451 - R:localhost/127.0.0.1:5352]
18:23:00.217 [Forwarding getElementText on session ea199b0494febe4b9f04f0b0bbd568f3 to remote] DEBUG org.asynchttpclient.netty.request.NettyRequestSender - Using pooled Channel '[id: 0x2a5c0841, L:/127.0.0.1:54451 - R:localhost/127.0.0.1:5352]' for 'GET' to 'http://localhost:5352/session/ea199b0494febe4b9f04f0b0bbd568f3/element/d916f75f-3829-4272-b0a7-03f3bc90b3d4/text'
18:23:00.217 [Forwarding getElementText on session ea199b0494febe4b9f04f0b0bbd568f3 to remote] DEBUG org.asynchttpclient.netty.request.NettyRequestSender - Using open Channel [id: 0x2a5c0841, L:/127.0.0.1:54451 - R:localhost/127.0.0.1:5352] for GET '/session/ea199b0494febe4b9f04f0b0bbd568f3/element/d916f75f-3829-4272-b0a7-03f3bc90b3d4/text'
18:23:00.253 [AsyncHttpClient-1-8] DEBUG org.asynchttpclient.netty.handler.HttpHandler - 

Request DefaultFullHttpRequest(decodeResult: success, version: HTTP/1.1, content: EmptyByteBufBE)
GET /session/ea199b0494febe4b9f04f0b0bbd568f3/element/d916f75f-3829-4272-b0a7-03f3bc90b3d4/text HTTP/1.1
User-Agent: selenium/4.5.3 (java mac)
Cache-Control: no-cache
Content-Type: application/json; charset=utf-8
host: localhost:5352
accept: */*

Response DefaultHttpResponse(decodeResult: success, version: HTTP/1.1)
HTTP/1.1 200 OK
Content-Length: 19
Content-Type: application/json; charset=utf-8
cache-control: no-cache

18:23:00.253 [AsyncHttpClient-1-8] DEBUG org.asynchttpclient.netty.channel.ChannelManager - Adding key: http://localhost:5352 for channel [id: 0x2a5c0841, L:/127.0.0.1:54451 - R:localhost/127.0.0.1:5352]
18:23:00.255 [Forwarding findChildElement on session ea199b0494febe4b9f04f0b0bbd568f3 to remote] DEBUG org.asynchttpclient.netty.request.NettyRequestSender - Using pooled Channel '[id: 0x2a5c0841, L:/127.0.0.1:54451 - R:localhost/127.0.0.1:5352]' for 'POST' to 'http://localhost:5352/session/ea199b0494febe4b9f04f0b0bbd568f3/element/df57a4c3-3574-4478-8293-c3fa3824cc32/element'
18:23:00.255 [Forwarding findChildElement on session ea199b0494febe4b9f04f0b0bbd568f3 to remote] DEBUG org.asynchttpclient.netty.request.NettyRequestSender - Using open Channel [id: 0x2a5c0841, L:/127.0.0.1:54451 - R:localhost/127.0.0.1:5352] for POST '/session/ea199b0494febe4b9f04f0b0bbd568f3/element/df57a4c3-3574-4478-8293-c3fa3824cc32/element'
18:23:00.281 [AsyncHttpClient-1-8] DEBUG org.asynchttpclient.netty.handler.HttpHandler - 

Request DefaultHttpRequest(decodeResult: success, version: HTTP/1.1)
POST /session/ea199b0494febe4b9f04f0b0bbd568f3/element/df57a4c3-3574-4478-8293-c3fa3824cc32/element HTTP/1.1
User-Agent: selenium/4.5.3 (java mac)
Content-Length: 106
Content-Type: application/json; charset=utf-8
host: localhost:5352
accept: */*

Response DefaultHttpResponse(decodeResult: success, version: HTTP/1.1)
HTTP/1.1 200 OK
Content-Length: 88
Content-Type: application/json; charset=utf-8
cache-control: no-cache

18:23:00.281 [AsyncHttpClient-1-8] DEBUG org.asynchttpclient.netty.channel.ChannelManager - Adding key: http://localhost:5352 for channel [id: 0x2a5c0841, L:/127.0.0.1:54451 - R:localhost/127.0.0.1:5352]
18:23:00.282 [Forwarding getElementText on session ea199b0494febe4b9f04f0b0bbd568f3 to remote] DEBUG org.asynchttpclient.netty.request.NettyRequestSender - Using pooled Channel '[id: 0x2a5c0841, L:/127.0.0.1:54451 - R:localhost/127.0.0.1:5352]' for 'GET' to 'http://localhost:5352/session/ea199b0494febe4b9f04f0b0bbd568f3/element/9af58acd-965c-4eb8-a577-29d954b65fe7/text'
18:23:00.282 [Forwarding getElementText on session ea199b0494febe4b9f04f0b0bbd568f3 to remote] DEBUG org.asynchttpclient.netty.request.NettyRequestSender - Using open Channel [id: 0x2a5c0841, L:/127.0.0.1:54451 - R:localhost/127.0.0.1:5352] for GET '/session/ea199b0494febe4b9f04f0b0bbd568f3/element/9af58acd-965c-4eb8-a577-29d954b65fe7/text'
18:23:00.326 [AsyncHttpClient-1-8] DEBUG org.asynchttpclient.netty.handler.HttpHandler - 

Request DefaultFullHttpRequest(decodeResult: success, version: HTTP/1.1, content: EmptyByteBufBE)
GET /session/ea199b0494febe4b9f04f0b0bbd568f3/element/9af58acd-965c-4eb8-a577-29d954b65fe7/text HTTP/1.1
User-Agent: selenium/4.5.3 (java mac)
Cache-Control: no-cache
Content-Type: application/json; charset=utf-8
host: localhost:5352
accept: */*

Response DefaultHttpResponse(decodeResult: success, version: HTTP/1.1)
HTTP/1.1 200 OK
Content-Length: 63
Content-Type: application/json; charset=utf-8
cache-control: no-cache

18:23:00.326 [AsyncHttpClient-1-8] DEBUG org.asynchttpclient.netty.channel.ChannelManager - Adding key: http://localhost:5352 for channel [id: 0x2a5c0841, L:/127.0.0.1:54451 - R:localhost/127.0.0.1:5352]
18:23:00.327 [Forwarding findChildElement on session ea199b0494febe4b9f04f0b0bbd568f3 to remote] DEBUG org.asynchttpclient.netty.request.NettyRequestSender - Using pooled Channel '[id: 0x2a5c0841, L:/127.0.0.1:54451 - R:localhost/127.0.0.1:5352]' for 'POST' to 'http://localhost:5352/session/ea199b0494febe4b9f04f0b0bbd568f3/element/df57a4c3-3574-4478-8293-c3fa3824cc32/element'
18:23:00.327 [Forwarding findChildElement on session ea199b0494febe4b9f04f0b0bbd568f3 to remote] DEBUG org.asynchttpclient.netty.request.NettyRequestSender - Using open Channel [id: 0x2a5c0841, L:/127.0.0.1:54451 - R:localhost/127.0.0.1:5352] for POST '/session/ea199b0494febe4b9f04f0b0bbd568f3/element/df57a4c3-3574-4478-8293-c3fa3824cc32/element'
18:23:00.344 [AsyncHttpClient-1-8] DEBUG org.asynchttpclient.netty.handler.HttpHandler - 

Request DefaultHttpRequest(decodeResult: success, version: HTTP/1.1)
POST /session/ea199b0494febe4b9f04f0b0bbd568f3/element/df57a4c3-3574-4478-8293-c3fa3824cc32/element HTTP/1.1
User-Agent: selenium/4.5.3 (java mac)
Content-Length: 106
Content-Type: application/json; charset=utf-8
host: localhost:5352
accept: */*

Response DefaultHttpResponse(decodeResult: success, version: HTTP/1.1)
HTTP/1.1 200 OK
Content-Length: 88
Content-Type: application/json; charset=utf-8
cache-control: no-cache

18:23:00.344 [AsyncHttpClient-1-8] DEBUG org.asynchttpclient.netty.channel.ChannelManager - Adding key: http://localhost:5352 for channel [id: 0x2a5c0841, L:/127.0.0.1:54451 - R:localhost/127.0.0.1:5352]
18:23:00.345 [Forwarding getElementText on session ea199b0494febe4b9f04f0b0bbd568f3 to remote] DEBUG org.asynchttpclient.netty.request.NettyRequestSender - Using pooled Channel '[id: 0x2a5c0841, L:/127.0.0.1:54451 - R:localhost/127.0.0.1:5352]' for 'GET' to 'http://localhost:5352/session/ea199b0494febe4b9f04f0b0bbd568f3/element/8ceb6663-8639-4126-ab52-6bb91e0da5b0/text'
18:23:00.345 [Forwarding getElementText on session ea199b0494febe4b9f04f0b0bbd568f3 to remote] DEBUG org.asynchttpclient.netty.request.NettyRequestSender - Using open Channel [id: 0x2a5c0841, L:/127.0.0.1:54451 - R:localhost/127.0.0.1:5352] for GET '/session/ea199b0494febe4b9f04f0b0bbd568f3/element/8ceb6663-8639-4126-ab52-6bb91e0da5b0/text'
18:23:00.381 [AsyncHttpClient-1-8] DEBUG org.asynchttpclient.netty.handler.HttpHandler - 

Request DefaultFullHttpRequest(decodeResult: success, version: HTTP/1.1, content: EmptyByteBufBE)
GET /session/ea199b0494febe4b9f04f0b0bbd568f3/element/8ceb6663-8639-4126-ab52-6bb91e0da5b0/text HTTP/1.1
User-Agent: selenium/4.5.3 (java mac)
Cache-Control: no-cache
Content-Type: application/json; charset=utf-8
host: localhost:5352
accept: */*

Response DefaultHttpResponse(decodeResult: success, version: HTTP/1.1)
HTTP/1.1 200 OK
Content-Length: 19
Content-Type: application/json; charset=utf-8
cache-control: no-cache

18:23:00.382 [AsyncHttpClient-1-8] DEBUG org.asynchttpclient.netty.channel.ChannelManager - Adding key: http://localhost:5352 for channel [id: 0x2a5c0841, L:/127.0.0.1:54451 - R:localhost/127.0.0.1:5352]
18:23:00.384 [Forwarding findChildElement on session ea199b0494febe4b9f04f0b0bbd568f3 to remote] DEBUG org.asynchttpclient.netty.request.NettyRequestSender - Using pooled Channel '[id: 0x2a5c0841, L:/127.0.0.1:54451 - R:localhost/127.0.0.1:5352]' for 'POST' to 'http://localhost:5352/session/ea199b0494febe4b9f04f0b0bbd568f3/element/71a372fd-a8b0-4cc7-9375-a0f07b8f78ab/element'
18:23:00.384 [Forwarding findChildElement on session ea199b0494febe4b9f04f0b0bbd568f3 to remote] DEBUG org.asynchttpclient.netty.request.NettyRequestSender - Using open Channel [id: 0x2a5c0841, L:/127.0.0.1:54451 - R:localhost/127.0.0.1:5352] for POST '/session/ea199b0494febe4b9f04f0b0bbd568f3/element/71a372fd-a8b0-4cc7-9375-a0f07b8f78ab/element'
18:23:00.412 [AsyncHttpClient-1-1] DEBUG org.asynchttpclient.netty.channel.DefaultChannelPool - Entry count for : http://localhost:54452 : 1
18:23:00.412 [AsyncHttpClient-1-8] DEBUG org.asynchttpclient.netty.handler.HttpHandler - 

Request DefaultHttpRequest(decodeResult: success, version: HTTP/1.1)
POST /session/ea199b0494febe4b9f04f0b0bbd568f3/element/71a372fd-a8b0-4cc7-9375-a0f07b8f78ab/element HTTP/1.1
User-Agent: selenium/4.5.3 (java mac)
Content-Length: 106
Content-Type: application/json; charset=utf-8
host: localhost:5352
accept: */*

Response DefaultHttpResponse(decodeResult: success, version: HTTP/1.1)
HTTP/1.1 200 OK
Content-Length: 88
Content-Type: application/json; charset=utf-8
cache-control: no-cache

18:23:00.413 [AsyncHttpClient-1-8] DEBUG org.asynchttpclient.netty.channel.ChannelManager - Adding key: http://localhost:5352 for channel [id: 0x2a5c0841, L:/127.0.0.1:54451 - R:localhost/127.0.0.1:5352]
18:23:00.413 [Forwarding getElementText on session ea199b0494febe4b9f04f0b0bbd568f3 to remote] DEBUG org.asynchttpclient.netty.request.NettyRequestSender - Using pooled Channel '[id: 0x2a5c0841, L:/127.0.0.1:54451 - R:localhost/127.0.0.1:5352]' for 'GET' to 'http://localhost:5352/session/ea199b0494febe4b9f04f0b0bbd568f3/element/ac9203b6-f02d-419d-a3fe-f4b48aab385b/text'
18:23:00.413 [Forwarding getElementText on session ea199b0494febe4b9f04f0b0bbd568f3 to remote] DEBUG org.asynchttpclient.netty.request.NettyRequestSender - Using open Channel [id: 0x2a5c0841, L:/127.0.0.1:54451 - R:localhost/127.0.0.1:5352] for GET '/session/ea199b0494febe4b9f04f0b0bbd568f3/element/ac9203b6-f02d-419d-a3fe-f4b48aab385b/text'
18:23:00.452 [AsyncHttpClient-1-8] DEBUG org.asynchttpclient.netty.handler.HttpHandler - 

Request DefaultFullHttpRequest(decodeResult: success, version: HTTP/1.1, content: EmptyByteBufBE)
GET /session/ea199b0494febe4b9f04f0b0bbd568f3/element/ac9203b6-f02d-419d-a3fe-f4b48aab385b/text HTTP/1.1
User-Agent: selenium/4.5.3 (java mac)
Cache-Control: no-cache
Content-Type: application/json; charset=utf-8
host: localhost:5352
accept: */*

Response DefaultHttpResponse(decodeResult: success, version: HTTP/1.1)
HTTP/1.1 200 OK
Content-Length: 92
Content-Type: application/json; charset=utf-8
cache-control: no-cache

18:23:00.453 [AsyncHttpClient-1-8] DEBUG org.asynchttpclient.netty.channel.ChannelManager - Adding key: http://localhost:5352 for channel [id: 0x2a5c0841, L:/127.0.0.1:54451 - R:localhost/127.0.0.1:5352]
18:23:00.454 [Forwarding findChildElement on session ea199b0494febe4b9f04f0b0bbd568f3 to remote] DEBUG org.asynchttpclient.netty.request.NettyRequestSender - Using pooled Channel '[id: 0x2a5c0841, L:/127.0.0.1:54451 - R:localhost/127.0.0.1:5352]' for 'POST' to 'http://localhost:5352/session/ea199b0494febe4b9f04f0b0bbd568f3/element/71a372fd-a8b0-4cc7-9375-a0f07b8f78ab/element'
18:23:00.454 [Forwarding findChildElement on session ea199b0494febe4b9f04f0b0bbd568f3 to remote] DEBUG org.asynchttpclient.netty.request.NettyRequestSender - Using open Channel [id: 0x2a5c0841, L:/127.0.0.1:54451 - R:localhost/127.0.0.1:5352] for POST '/session/ea199b0494febe4b9f04f0b0bbd568f3/element/71a372fd-a8b0-4cc7-9375-a0f07b8f78ab/element'
18:23:00.494 [AsyncHttpClient-1-8] DEBUG org.asynchttpclient.netty.handler.HttpHandler - 

Request DefaultHttpRequest(decodeResult: success, version: HTTP/1.1)
POST /session/ea199b0494febe4b9f04f0b0bbd568f3/element/71a372fd-a8b0-4cc7-9375-a0f07b8f78ab/element HTTP/1.1
User-Agent: selenium/4.5.3 (java mac)
Content-Length: 106
Content-Type: application/json; charset=utf-8
host: localhost:5352
accept: */*

Response DefaultHttpResponse(decodeResult: success, version: HTTP/1.1)
HTTP/1.1 200 OK
Content-Length: 88
Content-Type: application/json; charset=utf-8
cache-control: no-cache

18:23:00.494 [AsyncHttpClient-1-8] DEBUG org.asynchttpclient.netty.channel.ChannelManager - Adding key: http://localhost:5352 for channel [id: 0x2a5c0841, L:/127.0.0.1:54451 - R:localhost/127.0.0.1:5352]
18:23:00.495 [Forwarding getElementText on session ea199b0494febe4b9f04f0b0bbd568f3 to remote] DEBUG org.asynchttpclient.netty.request.NettyRequestSender - Using pooled Channel '[id: 0x2a5c0841, L:/127.0.0.1:54451 - R:localhost/127.0.0.1:5352]' for 'GET' to 'http://localhost:5352/session/ea199b0494febe4b9f04f0b0bbd568f3/element/545752d8-5627-415f-a6cd-5edbed27b6f5/text'
18:23:00.495 [Forwarding getElementText on session ea199b0494febe4b9f04f0b0bbd568f3 to remote] DEBUG org.asynchttpclient.netty.request.NettyRequestSender - Using open Channel [id: 0x2a5c0841, L:/127.0.0.1:54451 - R:localhost/127.0.0.1:5352] for GET '/session/ea199b0494febe4b9f04f0b0bbd568f3/element/545752d8-5627-415f-a6cd-5edbed27b6f5/text'
18:23:00.512 [AsyncHttpClient-1-8] DEBUG org.asynchttpclient.netty.handler.HttpHandler - 

Request DefaultFullHttpRequest(decodeResult: success, version: HTTP/1.1, content: EmptyByteBufBE)
GET /session/ea199b0494febe4b9f04f0b0bbd568f3/element/545752d8-5627-415f-a6cd-5edbed27b6f5/text HTTP/1.1
User-Agent: selenium/4.5.3 (java mac)
Cache-Control: no-cache
Content-Type: application/json; charset=utf-8
host: localhost:5352
accept: */*

Response DefaultHttpResponse(decodeResult: success, version: HTTP/1.1)
HTTP/1.1 200 OK
Content-Length: 19
Content-Type: application/json; charset=utf-8
cache-control: no-cache

18:23:00.512 [AsyncHttpClient-1-8] DEBUG org.asynchttpclient.netty.channel.ChannelManager - Adding key: http://localhost:5352 for channel [id: 0x2a5c0841, L:/127.0.0.1:54451 - R:localhost/127.0.0.1:5352]
18:23:00.514 [Forwarding findChildElement on session ea199b0494febe4b9f04f0b0bbd568f3 to remote] DEBUG org.asynchttpclient.netty.request.NettyRequestSender - Using pooled Channel '[id: 0x2a5c0841, L:/127.0.0.1:54451 - R:localhost/127.0.0.1:5352]' for 'POST' to 'http://localhost:5352/session/ea199b0494febe4b9f04f0b0bbd568f3/element/f231ce97-4d94-4d22-acdf-9924221da642/element'
18:23:00.514 [Forwarding findChildElement on session ea199b0494febe4b9f04f0b0bbd568f3 to remote] DEBUG org.asynchttpclient.netty.request.NettyRequestSender - Using open Channel [id: 0x2a5c0841, L:/127.0.0.1:54451 - R:localhost/127.0.0.1:5352] for POST '/session/ea199b0494febe4b9f04f0b0bbd568f3/element/f231ce97-4d94-4d22-acdf-9924221da642/element'
18:23:00.546 [AsyncHttpClient-1-8] DEBUG org.asynchttpclient.netty.handler.HttpHandler - 

Request DefaultHttpRequest(decodeResult: success, version: HTTP/1.1)
POST /session/ea199b0494febe4b9f04f0b0bbd568f3/element/f231ce97-4d94-4d22-acdf-9924221da642/element HTTP/1.1
User-Agent: selenium/4.5.3 (java mac)
Content-Length: 106
Content-Type: application/json; charset=utf-8
host: localhost:5352
accept: */*

Response DefaultHttpResponse(decodeResult: success, version: HTTP/1.1)
HTTP/1.1 200 OK
Content-Length: 88
Content-Type: application/json; charset=utf-8
cache-control: no-cache

18:23:00.546 [AsyncHttpClient-1-8] DEBUG org.asynchttpclient.netty.channel.ChannelManager - Adding key: http://localhost:5352 for channel [id: 0x2a5c0841, L:/127.0.0.1:54451 - R:localhost/127.0.0.1:5352]
18:23:00.549 [Forwarding getElementText on session ea199b0494febe4b9f04f0b0bbd568f3 to remote] DEBUG org.asynchttpclient.netty.request.NettyRequestSender - Using pooled Channel '[id: 0x2a5c0841, L:/127.0.0.1:54451 - R:localhost/127.0.0.1:5352]' for 'GET' to 'http://localhost:5352/session/ea199b0494febe4b9f04f0b0bbd568f3/element/5ba640d0-e1d7-4d1c-bcf9-2549d5fc7aa1/text'
18:23:00.549 [Forwarding getElementText on session ea199b0494febe4b9f04f0b0bbd568f3 to remote] DEBUG org.asynchttpclient.netty.request.NettyRequestSender - Using open Channel [id: 0x2a5c0841, L:/127.0.0.1:54451 - R:localhost/127.0.0.1:5352] for GET '/session/ea199b0494febe4b9f04f0b0bbd568f3/element/5ba640d0-e1d7-4d1c-bcf9-2549d5fc7aa1/text'
18:23:00.599 [AsyncHttpClient-1-8] DEBUG org.asynchttpclient.netty.handler.HttpHandler - 

Request DefaultFullHttpRequest(decodeResult: success, version: HTTP/1.1, content: EmptyByteBufBE)
GET /session/ea199b0494febe4b9f04f0b0bbd568f3/element/5ba640d0-e1d7-4d1c-bcf9-2549d5fc7aa1/text HTTP/1.1
User-Agent: selenium/4.5.3 (java mac)
Cache-Control: no-cache
Content-Type: application/json; charset=utf-8
host: localhost:5352
accept: */*

Response DefaultHttpResponse(decodeResult: success, version: HTTP/1.1)
HTTP/1.1 200 OK
Content-Length: 87
Content-Type: application/json; charset=utf-8
cache-control: no-cache

18:23:00.599 [AsyncHttpClient-1-8] DEBUG org.asynchttpclient.netty.channel.ChannelManager - Adding key: http://localhost:5352 for channel [id: 0x2a5c0841, L:/127.0.0.1:54451 - R:localhost/127.0.0.1:5352]
18:23:00.600 [Forwarding findChildElement on session ea199b0494febe4b9f04f0b0bbd568f3 to remote] DEBUG org.asynchttpclient.netty.request.NettyRequestSender - Using pooled Channel '[id: 0x2a5c0841, L:/127.0.0.1:54451 - R:localhost/127.0.0.1:5352]' for 'POST' to 'http://localhost:5352/session/ea199b0494febe4b9f04f0b0bbd568f3/element/f231ce97-4d94-4d22-acdf-9924221da642/element'
18:23:00.600 [Forwarding findChildElement on session ea199b0494febe4b9f04f0b0bbd568f3 to remote] DEBUG org.asynchttpclient.netty.request.NettyRequestSender - Using open Channel [id: 0x2a5c0841, L:/127.0.0.1:54451 - R:localhost/127.0.0.1:5352] for POST '/session/ea199b0494febe4b9f04f0b0bbd568f3/element/f231ce97-4d94-4d22-acdf-9924221da642/element'
18:23:00.703 [AsyncHttpClient-1-8] DEBUG org.asynchttpclient.netty.handler.HttpHandler - 

Request DefaultHttpRequest(decodeResult: success, version: HTTP/1.1)
POST /session/ea199b0494febe4b9f04f0b0bbd568f3/element/f231ce97-4d94-4d22-acdf-9924221da642/element HTTP/1.1
User-Agent: selenium/4.5.3 (java mac)
Content-Length: 106
Content-Type: application/json; charset=utf-8
host: localhost:5352
accept: */*

Response DefaultHttpResponse(decodeResult: success, version: HTTP/1.1)
HTTP/1.1 200 OK
Content-Length: 88
Content-Type: application/json; charset=utf-8
cache-control: no-cache

18:23:00.703 [AsyncHttpClient-1-8] DEBUG org.asynchttpclient.netty.channel.ChannelManager - Adding key: http://localhost:5352 for channel [id: 0x2a5c0841, L:/127.0.0.1:54451 - R:localhost/127.0.0.1:5352]
18:23:00.704 [Forwarding getElementText on session ea199b0494febe4b9f04f0b0bbd568f3 to remote] DEBUG org.asynchttpclient.netty.request.NettyRequestSender - Using pooled Channel '[id: 0x2a5c0841, L:/127.0.0.1:54451 - R:localhost/127.0.0.1:5352]' for 'GET' to 'http://localhost:5352/session/ea199b0494febe4b9f04f0b0bbd568f3/element/8be0901f-52bd-4813-811e-d9d18e9ec9f8/text'
18:23:00.704 [Forwarding getElementText on session ea199b0494febe4b9f04f0b0bbd568f3 to remote] DEBUG org.asynchttpclient.netty.request.NettyRequestSender - Using open Channel [id: 0x2a5c0841, L:/127.0.0.1:54451 - R:localhost/127.0.0.1:5352] for GET '/session/ea199b0494febe4b9f04f0b0bbd568f3/element/8be0901f-52bd-4813-811e-d9d18e9ec9f8/text'
18:23:00.728 [AsyncHttpClient-1-8] DEBUG org.asynchttpclient.netty.handler.HttpHandler - 

Request DefaultFullHttpRequest(decodeResult: success, version: HTTP/1.1, content: EmptyByteBufBE)
GET /session/ea199b0494febe4b9f04f0b0bbd568f3/element/8be0901f-52bd-4813-811e-d9d18e9ec9f8/text HTTP/1.1
User-Agent: selenium/4.5.3 (java mac)
Cache-Control: no-cache
Content-Type: application/json; charset=utf-8
host: localhost:5352
accept: */*

Response DefaultHttpResponse(decodeResult: success, version: HTTP/1.1)
HTTP/1.1 200 OK
Content-Length: 19
Content-Type: application/json; charset=utf-8
cache-control: no-cache

18:23:00.728 [AsyncHttpClient-1-8] DEBUG org.asynchttpclient.netty.channel.ChannelManager - Adding key: http://localhost:5352 for channel [id: 0x2a5c0841, L:/127.0.0.1:54451 - R:localhost/127.0.0.1:5352]
18:23:00.729 [Forwarding findChildElement on session ea199b0494febe4b9f04f0b0bbd568f3 to remote] DEBUG org.asynchttpclient.netty.request.NettyRequestSender - Using pooled Channel '[id: 0x2a5c0841, L:/127.0.0.1:54451 - R:localhost/127.0.0.1:5352]' for 'POST' to 'http://localhost:5352/session/ea199b0494febe4b9f04f0b0bbd568f3/element/f60b9ce0-ba36-49c9-997b-25a5148623bb/element'
18:23:00.729 [Forwarding findChildElement on session ea199b0494febe4b9f04f0b0bbd568f3 to remote] DEBUG org.asynchttpclient.netty.request.NettyRequestSender - Using open Channel [id: 0x2a5c0841, L:/127.0.0.1:54451 - R:localhost/127.0.0.1:5352] for POST '/session/ea199b0494febe4b9f04f0b0bbd568f3/element/f60b9ce0-ba36-49c9-997b-25a5148623bb/element'
18:23:00.743 [AsyncHttpClient-1-8] DEBUG org.asynchttpclient.netty.handler.HttpHandler - 

Request DefaultHttpRequest(decodeResult: success, version: HTTP/1.1)
POST /session/ea199b0494febe4b9f04f0b0bbd568f3/element/f60b9ce0-ba36-49c9-997b-25a5148623bb/element HTTP/1.1
User-Agent: selenium/4.5.3 (java mac)
Content-Length: 106
Content-Type: application/json; charset=utf-8
host: localhost:5352
accept: */*

Response DefaultHttpResponse(decodeResult: success, version: HTTP/1.1)
HTTP/1.1 200 OK
Content-Length: 88
Content-Type: application/json; charset=utf-8
cache-control: no-cache

18:23:00.743 [AsyncHttpClient-1-8] DEBUG org.asynchttpclient.netty.channel.ChannelManager - Adding key: http://localhost:5352 for channel [id: 0x2a5c0841, L:/127.0.0.1:54451 - R:localhost/127.0.0.1:5352]
18:23:00.744 [Forwarding getElementText on session ea199b0494febe4b9f04f0b0bbd568f3 to remote] DEBUG org.asynchttpclient.netty.request.NettyRequestSender - Using pooled Channel '[id: 0x2a5c0841, L:/127.0.0.1:54451 - R:localhost/127.0.0.1:5352]' for 'GET' to 'http://localhost:5352/session/ea199b0494febe4b9f04f0b0bbd568f3/element/2c3e60bb-c43a-48a2-9438-bd4ea5840ae4/text'
18:23:00.744 [Forwarding getElementText on session ea199b0494febe4b9f04f0b0bbd568f3 to remote] DEBUG org.asynchttpclient.netty.request.NettyRequestSender - Using open Channel [id: 0x2a5c0841, L:/127.0.0.1:54451 - R:localhost/127.0.0.1:5352] for GET '/session/ea199b0494febe4b9f04f0b0bbd568f3/element/2c3e60bb-c43a-48a2-9438-bd4ea5840ae4/text'
18:23:00.849 [AsyncHttpClient-1-8] DEBUG org.asynchttpclient.netty.handler.HttpHandler - 

Request DefaultFullHttpRequest(decodeResult: success, version: HTTP/1.1, content: EmptyByteBufBE)
GET /session/ea199b0494febe4b9f04f0b0bbd568f3/element/2c3e60bb-c43a-48a2-9438-bd4ea5840ae4/text HTTP/1.1
User-Agent: selenium/4.5.3 (java mac)
Cache-Control: no-cache
Content-Type: application/json; charset=utf-8
host: localhost:5352
accept: */*

Response DefaultHttpResponse(decodeResult: success, version: HTTP/1.1)
HTTP/1.1 200 OK
Content-Length: 80
Content-Type: application/json; charset=utf-8
cache-control: no-cache

18:23:00.849 [AsyncHttpClient-1-8] DEBUG org.asynchttpclient.netty.channel.ChannelManager - Adding key: http://localhost:5352 for channel [id: 0x2a5c0841, L:/127.0.0.1:54451 - R:localhost/127.0.0.1:5352]
18:23:00.851 [Forwarding findChildElement on session ea199b0494febe4b9f04f0b0bbd568f3 to remote] DEBUG org.asynchttpclient.netty.request.NettyRequestSender - Using pooled Channel '[id: 0x2a5c0841, L:/127.0.0.1:54451 - R:localhost/127.0.0.1:5352]' for 'POST' to 'http://localhost:5352/session/ea199b0494febe4b9f04f0b0bbd568f3/element/f60b9ce0-ba36-49c9-997b-25a5148623bb/element'
18:23:00.851 [Forwarding findChildElement on session ea199b0494febe4b9f04f0b0bbd568f3 to remote] DEBUG org.asynchttpclient.netty.request.NettyRequestSender - Using open Channel [id: 0x2a5c0841, L:/127.0.0.1:54451 - R:localhost/127.0.0.1:5352] for POST '/session/ea199b0494febe4b9f04f0b0bbd568f3/element/f60b9ce0-ba36-49c9-997b-25a5148623bb/element'
18:23:00.898 [AsyncHttpClient-1-8] DEBUG org.asynchttpclient.netty.handler.HttpHandler - 

Request DefaultHttpRequest(decodeResult: success, version: HTTP/1.1)
POST /session/ea199b0494febe4b9f04f0b0bbd568f3/element/f60b9ce0-ba36-49c9-997b-25a5148623bb/element HTTP/1.1
User-Agent: selenium/4.5.3 (java mac)
Content-Length: 106
Content-Type: application/json; charset=utf-8
host: localhost:5352
accept: */*

Response DefaultHttpResponse(decodeResult: success, version: HTTP/1.1)
HTTP/1.1 200 OK
Content-Length: 88
Content-Type: application/json; charset=utf-8
cache-control: no-cache

18:23:00.898 [AsyncHttpClient-1-8] DEBUG org.asynchttpclient.netty.channel.ChannelManager - Adding key: http://localhost:5352 for channel [id: 0x2a5c0841, L:/127.0.0.1:54451 - R:localhost/127.0.0.1:5352]
18:23:00.899 [Forwarding getElementText on session ea199b0494febe4b9f04f0b0bbd568f3 to remote] DEBUG org.asynchttpclient.netty.request.NettyRequestSender - Using pooled Channel '[id: 0x2a5c0841, L:/127.0.0.1:54451 - R:localhost/127.0.0.1:5352]' for 'GET' to 'http://localhost:5352/session/ea199b0494febe4b9f04f0b0bbd568f3/element/f61acabb-7a34-40d6-aa04-89df88f49bda/text'
18:23:00.899 [Forwarding getElementText on session ea199b0494febe4b9f04f0b0bbd568f3 to remote] DEBUG org.asynchttpclient.netty.request.NettyRequestSender - Using open Channel [id: 0x2a5c0841, L:/127.0.0.1:54451 - R:localhost/127.0.0.1:5352] for GET '/session/ea199b0494febe4b9f04f0b0bbd568f3/element/f61acabb-7a34-40d6-aa04-89df88f49bda/text'
18:23:00.933 [AsyncHttpClient-1-8] DEBUG org.asynchttpclient.netty.handler.HttpHandler - 

Request DefaultFullHttpRequest(decodeResult: success, version: HTTP/1.1, content: EmptyByteBufBE)
GET /session/ea199b0494febe4b9f04f0b0bbd568f3/element/f61acabb-7a34-40d6-aa04-89df88f49bda/text HTTP/1.1
User-Agent: selenium/4.5.3 (java mac)
Cache-Control: no-cache
Content-Type: application/json; charset=utf-8
host: localhost:5352
accept: */*

Response DefaultHttpResponse(decodeResult: success, version: HTTP/1.1)
HTTP/1.1 200 OK
Content-Length: 30
Content-Type: application/json; charset=utf-8
cache-control: no-cache

18:23:00.934 [AsyncHttpClient-1-8] DEBUG org.asynchttpclient.netty.channel.ChannelManager - Adding key: http://localhost:5352 for channel [id: 0x2a5c0841, L:/127.0.0.1:54451 - R:localhost/127.0.0.1:5352]
18:23:00.940 [Forwarding findChildElement on session ea199b0494febe4b9f04f0b0bbd568f3 to remote] DEBUG org.asynchttpclient.netty.request.NettyRequestSender - Using pooled Channel '[id: 0x2a5c0841, L:/127.0.0.1:54451 - R:localhost/127.0.0.1:5352]' for 'POST' to 'http://localhost:5352/session/ea199b0494febe4b9f04f0b0bbd568f3/element/b7013150-ee3f-4423-937e-061cf0af177f/element'
18:23:00.941 [Forwarding findChildElement on session ea199b0494febe4b9f04f0b0bbd568f3 to remote] DEBUG org.asynchttpclient.netty.request.NettyRequestSender - Using open Channel [id: 0x2a5c0841, L:/127.0.0.1:54451 - R:localhost/127.0.0.1:5352] for POST '/session/ea199b0494febe4b9f04f0b0bbd568f3/element/b7013150-ee3f-4423-937e-061cf0af177f/element'
18:23:00.966 [AsyncHttpClient-1-8] DEBUG org.asynchttpclient.netty.handler.HttpHandler - 

Request DefaultHttpRequest(decodeResult: success, version: HTTP/1.1)
POST /session/ea199b0494febe4b9f04f0b0bbd568f3/element/b7013150-ee3f-4423-937e-061cf0af177f/element HTTP/1.1
User-Agent: selenium/4.5.3 (java mac)
Content-Length: 106
Content-Type: application/json; charset=utf-8
host: localhost:5352
accept: */*

Response DefaultHttpResponse(decodeResult: success, version: HTTP/1.1)
HTTP/1.1 200 OK
Content-Length: 88
Content-Type: application/json; charset=utf-8
cache-control: no-cache

18:23:00.966 [AsyncHttpClient-1-8] DEBUG org.asynchttpclient.netty.channel.ChannelManager - Adding key: http://localhost:5352 for channel [id: 0x2a5c0841, L:/127.0.0.1:54451 - R:localhost/127.0.0.1:5352]
18:23:00.967 [Forwarding getElementText on session ea199b0494febe4b9f04f0b0bbd568f3 to remote] DEBUG org.asynchttpclient.netty.request.NettyRequestSender - Using pooled Channel '[id: 0x2a5c0841, L:/127.0.0.1:54451 - R:localhost/127.0.0.1:5352]' for 'GET' to 'http://localhost:5352/session/ea199b0494febe4b9f04f0b0bbd568f3/element/dc2491ec-803b-461c-bb0b-e0bee4f33b96/text'
18:23:00.967 [Forwarding getElementText on session ea199b0494febe4b9f04f0b0bbd568f3 to remote] DEBUG org.asynchttpclient.netty.request.NettyRequestSender - Using open Channel [id: 0x2a5c0841, L:/127.0.0.1:54451 - R:localhost/127.0.0.1:5352] for GET '/session/ea199b0494febe4b9f04f0b0bbd568f3/element/dc2491ec-803b-461c-bb0b-e0bee4f33b96/text'
18:23:01.039 [AsyncHttpClient-1-8] DEBUG org.asynchttpclient.netty.handler.HttpHandler - 

Request DefaultFullHttpRequest(decodeResult: success, version: HTTP/1.1, content: EmptyByteBufBE)
GET /session/ea199b0494febe4b9f04f0b0bbd568f3/element/dc2491ec-803b-461c-bb0b-e0bee4f33b96/text HTTP/1.1
User-Agent: selenium/4.5.3 (java mac)
Cache-Control: no-cache
Content-Type: application/json; charset=utf-8
host: localhost:5352
accept: */*

Response DefaultHttpResponse(decodeResult: success, version: HTTP/1.1)
HTTP/1.1 200 OK
Content-Length: 69
Content-Type: application/json; charset=utf-8
cache-control: no-cache

18:23:01.040 [AsyncHttpClient-1-8] DEBUG org.asynchttpclient.netty.channel.ChannelManager - Adding key: http://localhost:5352 for channel [id: 0x2a5c0841, L:/127.0.0.1:54451 - R:localhost/127.0.0.1:5352]
18:23:01.042 [Forwarding findChildElement on session ea199b0494febe4b9f04f0b0bbd568f3 to remote] DEBUG org.asynchttpclient.netty.request.NettyRequestSender - Using pooled Channel '[id: 0x2a5c0841, L:/127.0.0.1:54451 - R:localhost/127.0.0.1:5352]' for 'POST' to 'http://localhost:5352/session/ea199b0494febe4b9f04f0b0bbd568f3/element/b7013150-ee3f-4423-937e-061cf0af177f/element'
18:23:01.042 [Forwarding findChildElement on session ea199b0494febe4b9f04f0b0bbd568f3 to remote] DEBUG org.asynchttpclient.netty.request.NettyRequestSender - Using open Channel [id: 0x2a5c0841, L:/127.0.0.1:54451 - R:localhost/127.0.0.1:5352] for POST '/session/ea199b0494febe4b9f04f0b0bbd568f3/element/b7013150-ee3f-4423-937e-061cf0af177f/element'
18:23:01.122 [AsyncHttpClient-1-8] DEBUG org.asynchttpclient.netty.handler.HttpHandler - 

Request DefaultHttpRequest(decodeResult: success, version: HTTP/1.1)
POST /session/ea199b0494febe4b9f04f0b0bbd568f3/element/b7013150-ee3f-4423-937e-061cf0af177f/element HTTP/1.1
User-Agent: selenium/4.5.3 (java mac)
Content-Length: 106
Content-Type: application/json; charset=utf-8
host: localhost:5352
accept: */*

Response DefaultHttpResponse(decodeResult: success, version: HTTP/1.1)
HTTP/1.1 200 OK
Content-Length: 88
Content-Type: application/json; charset=utf-8
cache-control: no-cache

18:23:01.122 [AsyncHttpClient-1-8] DEBUG org.asynchttpclient.netty.channel.ChannelManager - Adding key: http://localhost:5352 for channel [id: 0x2a5c0841, L:/127.0.0.1:54451 - R:localhost/127.0.0.1:5352]
18:23:01.123 [Forwarding getElementText on session ea199b0494febe4b9f04f0b0bbd568f3 to remote] DEBUG org.asynchttpclient.netty.request.NettyRequestSender - Using pooled Channel '[id: 0x2a5c0841, L:/127.0.0.1:54451 - R:localhost/127.0.0.1:5352]' for 'GET' to 'http://localhost:5352/session/ea199b0494febe4b9f04f0b0bbd568f3/element/28d4e9a0-c4a7-4551-b61a-e16c48bc9d5f/text'
18:23:01.123 [Forwarding getElementText on session ea199b0494febe4b9f04f0b0bbd568f3 to remote] DEBUG org.asynchttpclient.netty.request.NettyRequestSender - Using open Channel [id: 0x2a5c0841, L:/127.0.0.1:54451 - R:localhost/127.0.0.1:5352] for GET '/session/ea199b0494febe4b9f04f0b0bbd568f3/element/28d4e9a0-c4a7-4551-b61a-e16c48bc9d5f/text'
18:23:01.138 [AsyncHttpClient-1-8] DEBUG org.asynchttpclient.netty.handler.HttpHandler - 

Request DefaultFullHttpRequest(decodeResult: success, version: HTTP/1.1, content: EmptyByteBufBE)
GET /session/ea199b0494febe4b9f04f0b0bbd568f3/element/28d4e9a0-c4a7-4551-b61a-e16c48bc9d5f/text HTTP/1.1
User-Agent: selenium/4.5.3 (java mac)
Cache-Control: no-cache
Content-Type: application/json; charset=utf-8
host: localhost:5352
accept: */*

Response DefaultHttpResponse(decodeResult: success, version: HTTP/1.1)
HTTP/1.1 200 OK
Content-Length: 19
Content-Type: application/json; charset=utf-8
cache-control: no-cache

18:23:01.138 [AsyncHttpClient-1-8] DEBUG org.asynchttpclient.netty.channel.ChannelManager - Adding key: http://localhost:5352 for channel [id: 0x2a5c0841, L:/127.0.0.1:54451 - R:localhost/127.0.0.1:5352]
18:23:01.144 [Forwarding findChildElement on session ea199b0494febe4b9f04f0b0bbd568f3 to remote] DEBUG org.asynchttpclient.netty.request.NettyRequestSender - Using pooled Channel '[id: 0x2a5c0841, L:/127.0.0.1:54451 - R:localhost/127.0.0.1:5352]' for 'POST' to 'http://localhost:5352/session/ea199b0494febe4b9f04f0b0bbd568f3/element/dd284cd8-108e-4811-a312-5ceffca4f7fb/element'
18:23:01.144 [Forwarding findChildElement on session ea199b0494febe4b9f04f0b0bbd568f3 to remote] DEBUG org.asynchttpclient.netty.request.NettyRequestSender - Using open Channel [id: 0x2a5c0841, L:/127.0.0.1:54451 - R:localhost/127.0.0.1:5352] for POST '/session/ea199b0494febe4b9f04f0b0bbd568f3/element/dd284cd8-108e-4811-a312-5ceffca4f7fb/element'
18:23:01.172 [AsyncHttpClient-1-8] DEBUG org.asynchttpclient.netty.handler.HttpHandler - 

Request DefaultHttpRequest(decodeResult: success, version: HTTP/1.1)
POST /session/ea199b0494febe4b9f04f0b0bbd568f3/element/dd284cd8-108e-4811-a312-5ceffca4f7fb/element HTTP/1.1
User-Agent: selenium/4.5.3 (java mac)
Content-Length: 106
Content-Type: application/json; charset=utf-8
host: localhost:5352
accept: */*

Response DefaultHttpResponse(decodeResult: success, version: HTTP/1.1)
HTTP/1.1 200 OK
Content-Length: 88
Content-Type: application/json; charset=utf-8
cache-control: no-cache

18:23:01.172 [AsyncHttpClient-1-8] DEBUG org.asynchttpclient.netty.channel.ChannelManager - Adding key: http://localhost:5352 for channel [id: 0x2a5c0841, L:/127.0.0.1:54451 - R:localhost/127.0.0.1:5352]
18:23:01.173 [Forwarding getElementText on session ea199b0494febe4b9f04f0b0bbd568f3 to remote] DEBUG org.asynchttpclient.netty.request.NettyRequestSender - Using pooled Channel '[id: 0x2a5c0841, L:/127.0.0.1:54451 - R:localhost/127.0.0.1:5352]' for 'GET' to 'http://localhost:5352/session/ea199b0494febe4b9f04f0b0bbd568f3/element/49388221-9721-47c4-8455-ed7690889111/text'
18:23:01.173 [Forwarding getElementText on session ea199b0494febe4b9f04f0b0bbd568f3 to remote] DEBUG org.asynchttpclient.netty.request.NettyRequestSender - Using open Channel [id: 0x2a5c0841, L:/127.0.0.1:54451 - R:localhost/127.0.0.1:5352] for GET '/session/ea199b0494febe4b9f04f0b0bbd568f3/element/49388221-9721-47c4-8455-ed7690889111/text'
18:23:01.220 [AsyncHttpClient-1-8] DEBUG org.asynchttpclient.netty.handler.HttpHandler - 

Request DefaultFullHttpRequest(decodeResult: success, version: HTTP/1.1, content: EmptyByteBufBE)
GET /session/ea199b0494febe4b9f04f0b0bbd568f3/element/49388221-9721-47c4-8455-ed7690889111/text HTTP/1.1
User-Agent: selenium/4.5.3 (java mac)
Cache-Control: no-cache
Content-Type: application/json; charset=utf-8
host: localhost:5352
accept: */*

Response DefaultHttpResponse(decodeResult: success, version: HTTP/1.1)
HTTP/1.1 200 OK
Content-Length: 76
Content-Type: application/json; charset=utf-8
cache-control: no-cache

18:23:01.220 [AsyncHttpClient-1-8] DEBUG org.asynchttpclient.netty.channel.ChannelManager - Adding key: http://localhost:5352 for channel [id: 0x2a5c0841, L:/127.0.0.1:54451 - R:localhost/127.0.0.1:5352]
18:23:01.221 [Forwarding findChildElement on session ea199b0494febe4b9f04f0b0bbd568f3 to remote] DEBUG org.asynchttpclient.netty.request.NettyRequestSender - Using pooled Channel '[id: 0x2a5c0841, L:/127.0.0.1:54451 - R:localhost/127.0.0.1:5352]' for 'POST' to 'http://localhost:5352/session/ea199b0494febe4b9f04f0b0bbd568f3/element/dd284cd8-108e-4811-a312-5ceffca4f7fb/element'
18:23:01.222 [Forwarding findChildElement on session ea199b0494febe4b9f04f0b0bbd568f3 to remote] DEBUG org.asynchttpclient.netty.request.NettyRequestSender - Using open Channel [id: 0x2a5c0841, L:/127.0.0.1:54451 - R:localhost/127.0.0.1:5352] for POST '/session/ea199b0494febe4b9f04f0b0bbd568f3/element/dd284cd8-108e-4811-a312-5ceffca4f7fb/element'
18:23:01.279 [AsyncHttpClient-1-8] DEBUG org.asynchttpclient.netty.handler.HttpHandler - 

Request DefaultHttpRequest(decodeResult: success, version: HTTP/1.1)
POST /session/ea199b0494febe4b9f04f0b0bbd568f3/element/dd284cd8-108e-4811-a312-5ceffca4f7fb/element HTTP/1.1
User-Agent: selenium/4.5.3 (java mac)
Content-Length: 106
Content-Type: application/json; charset=utf-8
host: localhost:5352
accept: */*

Response DefaultHttpResponse(decodeResult: success, version: HTTP/1.1)
HTTP/1.1 200 OK
Content-Length: 88
Content-Type: application/json; charset=utf-8
cache-control: no-cache

18:23:01.279 [AsyncHttpClient-1-8] DEBUG org.asynchttpclient.netty.channel.ChannelManager - Adding key: http://localhost:5352 for channel [id: 0x2a5c0841, L:/127.0.0.1:54451 - R:localhost/127.0.0.1:5352]
18:23:01.281 [Forwarding getElementText on session ea199b0494febe4b9f04f0b0bbd568f3 to remote] DEBUG org.asynchttpclient.netty.request.NettyRequestSender - Using pooled Channel '[id: 0x2a5c0841, L:/127.0.0.1:54451 - R:localhost/127.0.0.1:5352]' for 'GET' to 'http://localhost:5352/session/ea199b0494febe4b9f04f0b0bbd568f3/element/4ee2358e-da67-44b3-9a76-b809add3b736/text'
18:23:01.281 [Forwarding getElementText on session ea199b0494febe4b9f04f0b0bbd568f3 to remote] DEBUG org.asynchttpclient.netty.request.NettyRequestSender - Using open Channel [id: 0x2a5c0841, L:/127.0.0.1:54451 - R:localhost/127.0.0.1:5352] for GET '/session/ea199b0494febe4b9f04f0b0bbd568f3/element/4ee2358e-da67-44b3-9a76-b809add3b736/text'
18:23:01.348 [AsyncHttpClient-1-8] DEBUG org.asynchttpclient.netty.handler.HttpHandler - 

Request DefaultFullHttpRequest(decodeResult: success, version: HTTP/1.1, content: EmptyByteBufBE)
GET /session/ea199b0494febe4b9f04f0b0bbd568f3/element/4ee2358e-da67-44b3-9a76-b809add3b736/text HTTP/1.1
User-Agent: selenium/4.5.3 (java mac)
Cache-Control: no-cache
Content-Type: application/json; charset=utf-8
host: localhost:5352
accept: */*

Response DefaultHttpResponse(decodeResult: success, version: HTTP/1.1)
HTTP/1.1 200 OK
Content-Length: 19
Content-Type: application/json; charset=utf-8
cache-control: no-cache

18:23:01.348 [AsyncHttpClient-1-8] DEBUG org.asynchttpclient.netty.channel.ChannelManager - Adding key: http://localhost:5352 for channel [id: 0x2a5c0841, L:/127.0.0.1:54451 - R:localhost/127.0.0.1:5352]
18:23:01.350 [Forwarding findChildElement on session ea199b0494febe4b9f04f0b0bbd568f3 to remote] DEBUG org.asynchttpclient.netty.request.NettyRequestSender - Using pooled Channel '[id: 0x2a5c0841, L:/127.0.0.1:54451 - R:localhost/127.0.0.1:5352]' for 'POST' to 'http://localhost:5352/session/ea199b0494febe4b9f04f0b0bbd568f3/element/5e23cb5e-5b49-4691-9bd9-48c9eb98e57d/element'
18:23:01.351 [Forwarding findChildElement on session ea199b0494febe4b9f04f0b0bbd568f3 to remote] DEBUG org.asynchttpclient.netty.request.NettyRequestSender - Using open Channel [id: 0x2a5c0841, L:/127.0.0.1:54451 - R:localhost/127.0.0.1:5352] for POST '/session/ea199b0494febe4b9f04f0b0bbd568f3/element/5e23cb5e-5b49-4691-9bd9-48c9eb98e57d/element'
18:23:01.415 [AsyncHttpClient-1-8] DEBUG org.asynchttpclient.netty.handler.HttpHandler - 

Request DefaultHttpRequest(decodeResult: success, version: HTTP/1.1)
POST /session/ea199b0494febe4b9f04f0b0bbd568f3/element/5e23cb5e-5b49-4691-9bd9-48c9eb98e57d/element HTTP/1.1
User-Agent: selenium/4.5.3 (java mac)
Content-Length: 106
Content-Type: application/json; charset=utf-8
host: localhost:5352
accept: */*

Response DefaultHttpResponse(decodeResult: success, version: HTTP/1.1)
HTTP/1.1 200 OK
Content-Length: 88
Content-Type: application/json; charset=utf-8
cache-control: no-cache

18:23:01.415 [AsyncHttpClient-1-8] DEBUG org.asynchttpclient.netty.channel.ChannelManager - Adding key: http://localhost:5352 for channel [id: 0x2a5c0841, L:/127.0.0.1:54451 - R:localhost/127.0.0.1:5352]
18:23:01.416 [Forwarding getElementText on session ea199b0494febe4b9f04f0b0bbd568f3 to remote] DEBUG org.asynchttpclient.netty.request.NettyRequestSender - Using pooled Channel '[id: 0x2a5c0841, L:/127.0.0.1:54451 - R:localhost/127.0.0.1:5352]' for 'GET' to 'http://localhost:5352/session/ea199b0494febe4b9f04f0b0bbd568f3/element/6ee75cf8-4903-4be5-8816-7fda56db3314/text'
18:23:01.416 [Forwarding getElementText on session ea199b0494febe4b9f04f0b0bbd568f3 to remote] DEBUG org.asynchttpclient.netty.request.NettyRequestSender - Using open Channel [id: 0x2a5c0841, L:/127.0.0.1:54451 - R:localhost/127.0.0.1:5352] for GET '/session/ea199b0494febe4b9f04f0b0bbd568f3/element/6ee75cf8-4903-4be5-8816-7fda56db3314/text'
18:23:01.461 [AsyncHttpClient-1-8] DEBUG org.asynchttpclient.netty.handler.HttpHandler - 

Request DefaultFullHttpRequest(decodeResult: success, version: HTTP/1.1, content: EmptyByteBufBE)
GET /session/ea199b0494febe4b9f04f0b0bbd568f3/element/6ee75cf8-4903-4be5-8816-7fda56db3314/text HTTP/1.1
User-Agent: selenium/4.5.3 (java mac)
Cache-Control: no-cache
Content-Type: application/json; charset=utf-8
host: localhost:5352
accept: */*

Response DefaultHttpResponse(decodeResult: success, version: HTTP/1.1)
HTTP/1.1 200 OK
Content-Length: 88
Content-Type: application/json; charset=utf-8
cache-control: no-cache

18:23:01.462 [AsyncHttpClient-1-8] DEBUG org.asynchttpclient.netty.channel.ChannelManager - Adding key: http://localhost:5352 for channel [id: 0x2a5c0841, L:/127.0.0.1:54451 - R:localhost/127.0.0.1:5352]
18:23:01.463 [Forwarding findChildElement on session ea199b0494febe4b9f04f0b0bbd568f3 to remote] DEBUG org.asynchttpclient.netty.request.NettyRequestSender - Using pooled Channel '[id: 0x2a5c0841, L:/127.0.0.1:54451 - R:localhost/127.0.0.1:5352]' for 'POST' to 'http://localhost:5352/session/ea199b0494febe4b9f04f0b0bbd568f3/element/5e23cb5e-5b49-4691-9bd9-48c9eb98e57d/element'
18:23:01.463 [Forwarding findChildElement on session ea199b0494febe4b9f04f0b0bbd568f3 to remote] DEBUG org.asynchttpclient.netty.request.NettyRequestSender - Using open Channel [id: 0x2a5c0841, L:/127.0.0.1:54451 - R:localhost/127.0.0.1:5352] for POST '/session/ea199b0494febe4b9f04f0b0bbd568f3/element/5e23cb5e-5b49-4691-9bd9-48c9eb98e57d/element'
18:23:01.479 [AsyncHttpClient-1-8] DEBUG org.asynchttpclient.netty.handler.HttpHandler - 

Request DefaultHttpRequest(decodeResult: success, version: HTTP/1.1)
POST /session/ea199b0494febe4b9f04f0b0bbd568f3/element/5e23cb5e-5b49-4691-9bd9-48c9eb98e57d/element HTTP/1.1
User-Agent: selenium/4.5.3 (java mac)
Content-Length: 106
Content-Type: application/json; charset=utf-8
host: localhost:5352
accept: */*

Response DefaultHttpResponse(decodeResult: success, version: HTTP/1.1)
HTTP/1.1 200 OK
Content-Length: 88
Content-Type: application/json; charset=utf-8
cache-control: no-cache

18:23:01.479 [AsyncHttpClient-1-8] DEBUG org.asynchttpclient.netty.channel.ChannelManager - Adding key: http://localhost:5352 for channel [id: 0x2a5c0841, L:/127.0.0.1:54451 - R:localhost/127.0.0.1:5352]
18:23:01.481 [Forwarding getElementText on session ea199b0494febe4b9f04f0b0bbd568f3 to remote] DEBUG org.asynchttpclient.netty.request.NettyRequestSender - Using pooled Channel '[id: 0x2a5c0841, L:/127.0.0.1:54451 - R:localhost/127.0.0.1:5352]' for 'GET' to 'http://localhost:5352/session/ea199b0494febe4b9f04f0b0bbd568f3/element/be2ab9b9-e4b3-4d0b-b413-66f6815ba257/text'
18:23:01.481 [Forwarding getElementText on session ea199b0494febe4b9f04f0b0bbd568f3 to remote] DEBUG org.asynchttpclient.netty.request.NettyRequestSender - Using open Channel [id: 0x2a5c0841, L:/127.0.0.1:54451 - R:localhost/127.0.0.1:5352] for GET '/session/ea199b0494febe4b9f04f0b0bbd568f3/element/be2ab9b9-e4b3-4d0b-b413-66f6815ba257/text'
18:23:01.512 [AsyncHttpClient-1-1] DEBUG org.asynchttpclient.netty.channel.DefaultChannelPool - Entry count for : http://localhost:54452 : 1
18:23:01.569 [AsyncHttpClient-1-8] DEBUG org.asynchttpclient.netty.handler.HttpHandler - 

Request DefaultFullHttpRequest(decodeResult: success, version: HTTP/1.1, content: EmptyByteBufBE)
GET /session/ea199b0494febe4b9f04f0b0bbd568f3/element/be2ab9b9-e4b3-4d0b-b413-66f6815ba257/text HTTP/1.1
User-Agent: selenium/4.5.3 (java mac)
Cache-Control: no-cache
Content-Type: application/json; charset=utf-8
host: localhost:5352
accept: */*

Response DefaultHttpResponse(decodeResult: success, version: HTTP/1.1)
HTTP/1.1 200 OK
Content-Length: 19
Content-Type: application/json; charset=utf-8
cache-control: no-cache

18:23:01.569 [AsyncHttpClient-1-8] DEBUG org.asynchttpclient.netty.channel.ChannelManager - Adding key: http://localhost:5352 for channel [id: 0x2a5c0841, L:/127.0.0.1:54451 - R:localhost/127.0.0.1:5352]
18:23:01.570 [Forwarding findChildElement on session ea199b0494febe4b9f04f0b0bbd568f3 to remote] DEBUG org.asynchttpclient.netty.request.NettyRequestSender - Using pooled Channel '[id: 0x2a5c0841, L:/127.0.0.1:54451 - R:localhost/127.0.0.1:5352]' for 'POST' to 'http://localhost:5352/session/ea199b0494febe4b9f04f0b0bbd568f3/element/e9d294a0-5683-4660-b420-82e48b6208e0/element'
18:23:01.571 [Forwarding findChildElement on session ea199b0494febe4b9f04f0b0bbd568f3 to remote] DEBUG org.asynchttpclient.netty.request.NettyRequestSender - Using open Channel [id: 0x2a5c0841, L:/127.0.0.1:54451 - R:localhost/127.0.0.1:5352] for POST '/session/ea199b0494febe4b9f04f0b0bbd568f3/element/e9d294a0-5683-4660-b420-82e48b6208e0/element'
18:23:01.584 [AsyncHttpClient-1-8] DEBUG org.asynchttpclient.netty.handler.HttpHandler - 

Request DefaultHttpRequest(decodeResult: success, version: HTTP/1.1)
POST /session/ea199b0494febe4b9f04f0b0bbd568f3/element/e9d294a0-5683-4660-b420-82e48b6208e0/element HTTP/1.1
User-Agent: selenium/4.5.3 (java mac)
Content-Length: 106
Content-Type: application/json; charset=utf-8
host: localhost:5352
accept: */*

Response DefaultHttpResponse(decodeResult: success, version: HTTP/1.1)
HTTP/1.1 200 OK
Content-Length: 88
Content-Type: application/json; charset=utf-8
cache-control: no-cache

18:23:01.585 [AsyncHttpClient-1-8] DEBUG org.asynchttpclient.netty.channel.ChannelManager - Adding key: http://localhost:5352 for channel [id: 0x2a5c0841, L:/127.0.0.1:54451 - R:localhost/127.0.0.1:5352]
18:23:01.592 [Forwarding getElementText on session ea199b0494febe4b9f04f0b0bbd568f3 to remote] DEBUG org.asynchttpclient.netty.request.NettyRequestSender - Using pooled Channel '[id: 0x2a5c0841, L:/127.0.0.1:54451 - R:localhost/127.0.0.1:5352]' for 'GET' to 'http://localhost:5352/session/ea199b0494febe4b9f04f0b0bbd568f3/element/bff06297-d63e-4c5d-b3c7-b5716a0c940c/text'
18:23:01.592 [Forwarding getElementText on session ea199b0494febe4b9f04f0b0bbd568f3 to remote] DEBUG org.asynchttpclient.netty.request.NettyRequestSender - Using open Channel [id: 0x2a5c0841, L:/127.0.0.1:54451 - R:localhost/127.0.0.1:5352] for GET '/session/ea199b0494febe4b9f04f0b0bbd568f3/element/bff06297-d63e-4c5d-b3c7-b5716a0c940c/text'
18:23:01.620 [AsyncHttpClient-1-8] DEBUG org.asynchttpclient.netty.handler.HttpHandler - 

Request DefaultFullHttpRequest(decodeResult: success, version: HTTP/1.1, content: EmptyByteBufBE)
GET /session/ea199b0494febe4b9f04f0b0bbd568f3/element/bff06297-d63e-4c5d-b3c7-b5716a0c940c/text HTTP/1.1
User-Agent: selenium/4.5.3 (java mac)
Cache-Control: no-cache
Content-Type: application/json; charset=utf-8
host: localhost:5352
accept: */*

Response DefaultHttpResponse(decodeResult: success, version: HTTP/1.1)
HTTP/1.1 200 OK
Content-Length: 75
Content-Type: application/json; charset=utf-8
cache-control: no-cache

18:23:01.620 [AsyncHttpClient-1-8] DEBUG org.asynchttpclient.netty.channel.ChannelManager - Adding key: http://localhost:5352 for channel [id: 0x2a5c0841, L:/127.0.0.1:54451 - R:localhost/127.0.0.1:5352]
18:23:01.621 [Forwarding findChildElement on session ea199b0494febe4b9f04f0b0bbd568f3 to remote] DEBUG org.asynchttpclient.netty.request.NettyRequestSender - Using pooled Channel '[id: 0x2a5c0841, L:/127.0.0.1:54451 - R:localhost/127.0.0.1:5352]' for 'POST' to 'http://localhost:5352/session/ea199b0494febe4b9f04f0b0bbd568f3/element/e9d294a0-5683-4660-b420-82e48b6208e0/element'
18:23:01.621 [Forwarding findChildElement on session ea199b0494febe4b9f04f0b0bbd568f3 to remote] DEBUG org.asynchttpclient.netty.request.NettyRequestSender - Using open Channel [id: 0x2a5c0841, L:/127.0.0.1:54451 - R:localhost/127.0.0.1:5352] for POST '/session/ea199b0494febe4b9f04f0b0bbd568f3/element/e9d294a0-5683-4660-b420-82e48b6208e0/element'
18:23:01.643 [AsyncHttpClient-1-8] DEBUG org.asynchttpclient.netty.handler.HttpHandler - 

Request DefaultHttpRequest(decodeResult: success, version: HTTP/1.1)
POST /session/ea199b0494febe4b9f04f0b0bbd568f3/element/e9d294a0-5683-4660-b420-82e48b6208e0/element HTTP/1.1
User-Agent: selenium/4.5.3 (java mac)
Content-Length: 106
Content-Type: application/json; charset=utf-8
host: localhost:5352
accept: */*

Response DefaultHttpResponse(decodeResult: success, version: HTTP/1.1)
HTTP/1.1 200 OK
Content-Length: 88
Content-Type: application/json; charset=utf-8
cache-control: no-cache

18:23:01.644 [AsyncHttpClient-1-8] DEBUG org.asynchttpclient.netty.channel.ChannelManager - Adding key: http://localhost:5352 for channel [id: 0x2a5c0841, L:/127.0.0.1:54451 - R:localhost/127.0.0.1:5352]
18:23:01.644 [Forwarding getElementText on session ea199b0494febe4b9f04f0b0bbd568f3 to remote] DEBUG org.asynchttpclient.netty.request.NettyRequestSender - Using pooled Channel '[id: 0x2a5c0841, L:/127.0.0.1:54451 - R:localhost/127.0.0.1:5352]' for 'GET' to 'http://localhost:5352/session/ea199b0494febe4b9f04f0b0bbd568f3/element/8f7ef031-8445-4cf9-8d19-69e305406e89/text'
18:23:01.644 [Forwarding getElementText on session ea199b0494febe4b9f04f0b0bbd568f3 to remote] DEBUG org.asynchttpclient.netty.request.NettyRequestSender - Using open Channel [id: 0x2a5c0841, L:/127.0.0.1:54451 - R:localhost/127.0.0.1:5352] for GET '/session/ea199b0494febe4b9f04f0b0bbd568f3/element/8f7ef031-8445-4cf9-8d19-69e305406e89/text'
18:23:01.684 [AsyncHttpClient-1-8] DEBUG org.asynchttpclient.netty.handler.HttpHandler - 

Request DefaultFullHttpRequest(decodeResult: success, version: HTTP/1.1, content: EmptyByteBufBE)
GET /session/ea199b0494febe4b9f04f0b0bbd568f3/element/8f7ef031-8445-4cf9-8d19-69e305406e89/text HTTP/1.1
User-Agent: selenium/4.5.3 (java mac)
Cache-Control: no-cache
Content-Type: application/json; charset=utf-8
host: localhost:5352
accept: */*

Response DefaultHttpResponse(decodeResult: success, version: HTTP/1.1)
HTTP/1.1 200 OK
Content-Length: 19
Content-Type: application/json; charset=utf-8
cache-control: no-cache

18:23:01.684 [AsyncHttpClient-1-8] DEBUG org.asynchttpclient.netty.channel.ChannelManager - Adding key: http://localhost:5352 for channel [id: 0x2a5c0841, L:/127.0.0.1:54451 - R:localhost/127.0.0.1:5352]
18:23:01.686 [Forwarding findChildElement on session ea199b0494febe4b9f04f0b0bbd568f3 to remote] DEBUG org.asynchttpclient.netty.request.NettyRequestSender - Using pooled Channel '[id: 0x2a5c0841, L:/127.0.0.1:54451 - R:localhost/127.0.0.1:5352]' for 'POST' to 'http://localhost:5352/session/ea199b0494febe4b9f04f0b0bbd568f3/element/60fe7c24-df6e-470e-a28e-f55d82d4cd16/element'
18:23:01.686 [Forwarding findChildElement on session ea199b0494febe4b9f04f0b0bbd568f3 to remote] DEBUG org.asynchttpclient.netty.request.NettyRequestSender - Using open Channel [id: 0x2a5c0841, L:/127.0.0.1:54451 - R:localhost/127.0.0.1:5352] for POST '/session/ea199b0494febe4b9f04f0b0bbd568f3/element/60fe7c24-df6e-470e-a28e-f55d82d4cd16/element'
18:23:01.697 [AsyncHttpClient-1-8] DEBUG org.asynchttpclient.netty.handler.HttpHandler - 

Request DefaultHttpRequest(decodeResult: success, version: HTTP/1.1)
POST /session/ea199b0494febe4b9f04f0b0bbd568f3/element/60fe7c24-df6e-470e-a28e-f55d82d4cd16/element HTTP/1.1
User-Agent: selenium/4.5.3 (java mac)
Content-Length: 106
Content-Type: application/json; charset=utf-8
host: localhost:5352
accept: */*

Response DefaultHttpResponse(decodeResult: success, version: HTTP/1.1)
HTTP/1.1 200 OK
Content-Length: 88
Content-Type: application/json; charset=utf-8
cache-control: no-cache

18:23:01.698 [AsyncHttpClient-1-8] DEBUG org.asynchttpclient.netty.channel.ChannelManager - Adding key: http://localhost:5352 for channel [id: 0x2a5c0841, L:/127.0.0.1:54451 - R:localhost/127.0.0.1:5352]
18:23:01.698 [Forwarding getElementText on session ea199b0494febe4b9f04f0b0bbd568f3 to remote] DEBUG org.asynchttpclient.netty.request.NettyRequestSender - Using pooled Channel '[id: 0x2a5c0841, L:/127.0.0.1:54451 - R:localhost/127.0.0.1:5352]' for 'GET' to 'http://localhost:5352/session/ea199b0494febe4b9f04f0b0bbd568f3/element/3767cdbb-9837-4516-9f4e-072a3957f320/text'
18:23:01.699 [Forwarding getElementText on session ea199b0494febe4b9f04f0b0bbd568f3 to remote] DEBUG org.asynchttpclient.netty.request.NettyRequestSender - Using open Channel [id: 0x2a5c0841, L:/127.0.0.1:54451 - R:localhost/127.0.0.1:5352] for GET '/session/ea199b0494febe4b9f04f0b0bbd568f3/element/3767cdbb-9837-4516-9f4e-072a3957f320/text'
18:23:01.728 [AsyncHttpClient-1-8] DEBUG org.asynchttpclient.netty.handler.HttpHandler - 

Request DefaultFullHttpRequest(decodeResult: success, version: HTTP/1.1, content: EmptyByteBufBE)
GET /session/ea199b0494febe4b9f04f0b0bbd568f3/element/3767cdbb-9837-4516-9f4e-072a3957f320/text HTTP/1.1
User-Agent: selenium/4.5.3 (java mac)
Cache-Control: no-cache
Content-Type: application/json; charset=utf-8
host: localhost:5352
accept: */*

Response DefaultHttpResponse(decodeResult: success, version: HTTP/1.1)
HTTP/1.1 200 OK
Content-Length: 88
Content-Type: application/json; charset=utf-8
cache-control: no-cache

18:23:01.728 [AsyncHttpClient-1-8] DEBUG org.asynchttpclient.netty.channel.ChannelManager - Adding key: http://localhost:5352 for channel [id: 0x2a5c0841, L:/127.0.0.1:54451 - R:localhost/127.0.0.1:5352]
18:23:01.730 [Forwarding findChildElement on session ea199b0494febe4b9f04f0b0bbd568f3 to remote] DEBUG org.asynchttpclient.netty.request.NettyRequestSender - Using pooled Channel '[id: 0x2a5c0841, L:/127.0.0.1:54451 - R:localhost/127.0.0.1:5352]' for 'POST' to 'http://localhost:5352/session/ea199b0494febe4b9f04f0b0bbd568f3/element/60fe7c24-df6e-470e-a28e-f55d82d4cd16/element'
18:23:01.730 [Forwarding findChildElement on session ea199b0494febe4b9f04f0b0bbd568f3 to remote] DEBUG org.asynchttpclient.netty.request.NettyRequestSender - Using open Channel [id: 0x2a5c0841, L:/127.0.0.1:54451 - R:localhost/127.0.0.1:5352] for POST '/session/ea199b0494febe4b9f04f0b0bbd568f3/element/60fe7c24-df6e-470e-a28e-f55d82d4cd16/element'
18:23:01.778 [AsyncHttpClient-1-8] DEBUG org.asynchttpclient.netty.handler.HttpHandler - 

Request DefaultHttpRequest(decodeResult: success, version: HTTP/1.1)
POST /session/ea199b0494febe4b9f04f0b0bbd568f3/element/60fe7c24-df6e-470e-a28e-f55d82d4cd16/element HTTP/1.1
User-Agent: selenium/4.5.3 (java mac)
Content-Length: 106
Content-Type: application/json; charset=utf-8
host: localhost:5352
accept: */*

Response DefaultHttpResponse(decodeResult: success, version: HTTP/1.1)
HTTP/1.1 200 OK
Content-Length: 88
Content-Type: application/json; charset=utf-8
cache-control: no-cache

18:23:01.778 [AsyncHttpClient-1-8] DEBUG org.asynchttpclient.netty.channel.ChannelManager - Adding key: http://localhost:5352 for channel [id: 0x2a5c0841, L:/127.0.0.1:54451 - R:localhost/127.0.0.1:5352]
18:23:01.779 [Forwarding getElementText on session ea199b0494febe4b9f04f0b0bbd568f3 to remote] DEBUG org.asynchttpclient.netty.request.NettyRequestSender - Using pooled Channel '[id: 0x2a5c0841, L:/127.0.0.1:54451 - R:localhost/127.0.0.1:5352]' for 'GET' to 'http://localhost:5352/session/ea199b0494febe4b9f04f0b0bbd568f3/element/1be49710-58f5-4e54-ab2f-c155c9bc9cc3/text'
18:23:01.779 [Forwarding getElementText on session ea199b0494febe4b9f04f0b0bbd568f3 to remote] DEBUG org.asynchttpclient.netty.request.NettyRequestSender - Using open Channel [id: 0x2a5c0841, L:/127.0.0.1:54451 - R:localhost/127.0.0.1:5352] for GET '/session/ea199b0494febe4b9f04f0b0bbd568f3/element/1be49710-58f5-4e54-ab2f-c155c9bc9cc3/text'
18:23:01.833 [AsyncHttpClient-1-8] DEBUG org.asynchttpclient.netty.handler.HttpHandler - 

Request DefaultFullHttpRequest(decodeResult: success, version: HTTP/1.1, content: EmptyByteBufBE)
GET /session/ea199b0494febe4b9f04f0b0bbd568f3/element/1be49710-58f5-4e54-ab2f-c155c9bc9cc3/text HTTP/1.1
User-Agent: selenium/4.5.3 (java mac)
Cache-Control: no-cache
Content-Type: application/json; charset=utf-8
host: localhost:5352
accept: */*

Response DefaultHttpResponse(decodeResult: success, version: HTTP/1.1)
HTTP/1.1 200 OK
Content-Length: 30
Content-Type: application/json; charset=utf-8
cache-control: no-cache

18:23:01.833 [AsyncHttpClient-1-8] DEBUG org.asynchttpclient.netty.channel.ChannelManager - Adding key: http://localhost:5352 for channel [id: 0x2a5c0841, L:/127.0.0.1:54451 - R:localhost/127.0.0.1:5352]
18:23:01.835 [Forwarding findChildElement on session ea199b0494febe4b9f04f0b0bbd568f3 to remote] DEBUG org.asynchttpclient.netty.request.NettyRequestSender - Using pooled Channel '[id: 0x2a5c0841, L:/127.0.0.1:54451 - R:localhost/127.0.0.1:5352]' for 'POST' to 'http://localhost:5352/session/ea199b0494febe4b9f04f0b0bbd568f3/element/21222429-6f5d-42b2-89b2-c4f0f25158f5/element'
18:23:01.835 [Forwarding findChildElement on session ea199b0494febe4b9f04f0b0bbd568f3 to remote] DEBUG org.asynchttpclient.netty.request.NettyRequestSender - Using open Channel [id: 0x2a5c0841, L:/127.0.0.1:54451 - R:localhost/127.0.0.1:5352] for POST '/session/ea199b0494febe4b9f04f0b0bbd568f3/element/21222429-6f5d-42b2-89b2-c4f0f25158f5/element'
18:23:01.885 [AsyncHttpClient-1-8] DEBUG org.asynchttpclient.netty.handler.HttpHandler - 

Request DefaultHttpRequest(decodeResult: success, version: HTTP/1.1)
POST /session/ea199b0494febe4b9f04f0b0bbd568f3/element/21222429-6f5d-42b2-89b2-c4f0f25158f5/element HTTP/1.1
User-Agent: selenium/4.5.3 (java mac)
Content-Length: 106
Content-Type: application/json; charset=utf-8
host: localhost:5352
accept: */*

Response DefaultHttpResponse(decodeResult: success, version: HTTP/1.1)
HTTP/1.1 200 OK
Content-Length: 88
Content-Type: application/json; charset=utf-8
cache-control: no-cache

18:23:01.885 [AsyncHttpClient-1-8] DEBUG org.asynchttpclient.netty.channel.ChannelManager - Adding key: http://localhost:5352 for channel [id: 0x2a5c0841, L:/127.0.0.1:54451 - R:localhost/127.0.0.1:5352]
18:23:01.886 [Forwarding getElementText on session ea199b0494febe4b9f04f0b0bbd568f3 to remote] DEBUG org.asynchttpclient.netty.request.NettyRequestSender - Using pooled Channel '[id: 0x2a5c0841, L:/127.0.0.1:54451 - R:localhost/127.0.0.1:5352]' for 'GET' to 'http://localhost:5352/session/ea199b0494febe4b9f04f0b0bbd568f3/element/4ed83860-b6d9-4fa5-af9a-4bdd0339a796/text'
18:23:01.886 [Forwarding getElementText on session ea199b0494febe4b9f04f0b0bbd568f3 to remote] DEBUG org.asynchttpclient.netty.request.NettyRequestSender - Using open Channel [id: 0x2a5c0841, L:/127.0.0.1:54451 - R:localhost/127.0.0.1:5352] for GET '/session/ea199b0494febe4b9f04f0b0bbd568f3/element/4ed83860-b6d9-4fa5-af9a-4bdd0339a796/text'
18:23:01.903 [AsyncHttpClient-1-8] DEBUG org.asynchttpclient.netty.handler.HttpHandler - 

Request DefaultFullHttpRequest(decodeResult: success, version: HTTP/1.1, content: EmptyByteBufBE)
GET /session/ea199b0494febe4b9f04f0b0bbd568f3/element/4ed83860-b6d9-4fa5-af9a-4bdd0339a796/text HTTP/1.1
User-Agent: selenium/4.5.3 (java mac)
Cache-Control: no-cache
Content-Type: application/json; charset=utf-8
host: localhost:5352
accept: */*

Response DefaultHttpResponse(decodeResult: success, version: HTTP/1.1)
HTTP/1.1 200 OK
Content-Length: 87
Content-Type: application/json; charset=utf-8
cache-control: no-cache

18:23:01.903 [AsyncHttpClient-1-8] DEBUG org.asynchttpclient.netty.channel.ChannelManager - Adding key: http://localhost:5352 for channel [id: 0x2a5c0841, L:/127.0.0.1:54451 - R:localhost/127.0.0.1:5352]
18:23:01.904 [Forwarding findChildElement on session ea199b0494febe4b9f04f0b0bbd568f3 to remote] DEBUG org.asynchttpclient.netty.request.NettyRequestSender - Using pooled Channel '[id: 0x2a5c0841, L:/127.0.0.1:54451 - R:localhost/127.0.0.1:5352]' for 'POST' to 'http://localhost:5352/session/ea199b0494febe4b9f04f0b0bbd568f3/element/21222429-6f5d-42b2-89b2-c4f0f25158f5/element'
18:23:01.904 [Forwarding findChildElement on session ea199b0494febe4b9f04f0b0bbd568f3 to remote] DEBUG org.asynchttpclient.netty.request.NettyRequestSender - Using open Channel [id: 0x2a5c0841, L:/127.0.0.1:54451 - R:localhost/127.0.0.1:5352] for POST '/session/ea199b0494febe4b9f04f0b0bbd568f3/element/21222429-6f5d-42b2-89b2-c4f0f25158f5/element'
18:23:01.920 [AsyncHttpClient-1-8] DEBUG org.asynchttpclient.netty.handler.HttpHandler - 

Request DefaultHttpRequest(decodeResult: success, version: HTTP/1.1)
POST /session/ea199b0494febe4b9f04f0b0bbd568f3/element/21222429-6f5d-42b2-89b2-c4f0f25158f5/element HTTP/1.1
User-Agent: selenium/4.5.3 (java mac)
Content-Length: 106
Content-Type: application/json; charset=utf-8
host: localhost:5352
accept: */*

Response DefaultHttpResponse(decodeResult: success, version: HTTP/1.1)
HTTP/1.1 200 OK
Content-Length: 88
Content-Type: application/json; charset=utf-8
cache-control: no-cache

18:23:01.921 [AsyncHttpClient-1-8] DEBUG org.asynchttpclient.netty.channel.ChannelManager - Adding key: http://localhost:5352 for channel [id: 0x2a5c0841, L:/127.0.0.1:54451 - R:localhost/127.0.0.1:5352]
18:23:01.925 [Forwarding getElementText on session ea199b0494febe4b9f04f0b0bbd568f3 to remote] DEBUG org.asynchttpclient.netty.request.NettyRequestSender - Using pooled Channel '[id: 0x2a5c0841, L:/127.0.0.1:54451 - R:localhost/127.0.0.1:5352]' for 'GET' to 'http://localhost:5352/session/ea199b0494febe4b9f04f0b0bbd568f3/element/519236d8-f57f-464b-bba6-6c3c7231605b/text'
18:23:01.925 [Forwarding getElementText on session ea199b0494febe4b9f04f0b0bbd568f3 to remote] DEBUG org.asynchttpclient.netty.request.NettyRequestSender - Using open Channel [id: 0x2a5c0841, L:/127.0.0.1:54451 - R:localhost/127.0.0.1:5352] for GET '/session/ea199b0494febe4b9f04f0b0bbd568f3/element/519236d8-f57f-464b-bba6-6c3c7231605b/text'
18:23:01.954 [AsyncHttpClient-1-8] DEBUG org.asynchttpclient.netty.handler.HttpHandler - 

Request DefaultFullHttpRequest(decodeResult: success, version: HTTP/1.1, content: EmptyByteBufBE)
GET /session/ea199b0494febe4b9f04f0b0bbd568f3/element/519236d8-f57f-464b-bba6-6c3c7231605b/text HTTP/1.1
User-Agent: selenium/4.5.3 (java mac)
Cache-Control: no-cache
Content-Type: application/json; charset=utf-8
host: localhost:5352
accept: */*

Response DefaultHttpResponse(decodeResult: success, version: HTTP/1.1)
HTTP/1.1 200 OK
Content-Length: 30
Content-Type: application/json; charset=utf-8
cache-control: no-cache

18:23:01.954 [AsyncHttpClient-1-8] DEBUG org.asynchttpclient.netty.channel.ChannelManager - Adding key: http://localhost:5352 for channel [id: 0x2a5c0841, L:/127.0.0.1:54451 - R:localhost/127.0.0.1:5352]
18:23:01.956 [Forwarding findChildElement on session ea199b0494febe4b9f04f0b0bbd568f3 to remote] DEBUG org.asynchttpclient.netty.request.NettyRequestSender - Using pooled Channel '[id: 0x2a5c0841, L:/127.0.0.1:54451 - R:localhost/127.0.0.1:5352]' for 'POST' to 'http://localhost:5352/session/ea199b0494febe4b9f04f0b0bbd568f3/element/03ad3edf-2632-44df-af1b-726ac103eb67/element'
18:23:01.956 [Forwarding findChildElement on session ea199b0494febe4b9f04f0b0bbd568f3 to remote] DEBUG org.asynchttpclient.netty.request.NettyRequestSender - Using open Channel [id: 0x2a5c0841, L:/127.0.0.1:54451 - R:localhost/127.0.0.1:5352] for POST '/session/ea199b0494febe4b9f04f0b0bbd568f3/element/03ad3edf-2632-44df-af1b-726ac103eb67/element'
18:23:01.984 [AsyncHttpClient-1-8] DEBUG org.asynchttpclient.netty.handler.HttpHandler - 

Request DefaultHttpRequest(decodeResult: success, version: HTTP/1.1)
POST /session/ea199b0494febe4b9f04f0b0bbd568f3/element/03ad3edf-2632-44df-af1b-726ac103eb67/element HTTP/1.1
User-Agent: selenium/4.5.3 (java mac)
Content-Length: 106
Content-Type: application/json; charset=utf-8
host: localhost:5352
accept: */*

Response DefaultHttpResponse(decodeResult: success, version: HTTP/1.1)
HTTP/1.1 200 OK
Content-Length: 88
Content-Type: application/json; charset=utf-8
cache-control: no-cache

18:23:01.985 [AsyncHttpClient-1-8] DEBUG org.asynchttpclient.netty.channel.ChannelManager - Adding key: http://localhost:5352 for channel [id: 0x2a5c0841, L:/127.0.0.1:54451 - R:localhost/127.0.0.1:5352]
18:23:01.985 [Forwarding getElementText on session ea199b0494febe4b9f04f0b0bbd568f3 to remote] DEBUG org.asynchttpclient.netty.request.NettyRequestSender - Using pooled Channel '[id: 0x2a5c0841, L:/127.0.0.1:54451 - R:localhost/127.0.0.1:5352]' for 'GET' to 'http://localhost:5352/session/ea199b0494febe4b9f04f0b0bbd568f3/element/66534578-cca8-4c01-83fa-b427c5ae7ca1/text'
18:23:01.985 [Forwarding getElementText on session ea199b0494febe4b9f04f0b0bbd568f3 to remote] DEBUG org.asynchttpclient.netty.request.NettyRequestSender - Using open Channel [id: 0x2a5c0841, L:/127.0.0.1:54451 - R:localhost/127.0.0.1:5352] for GET '/session/ea199b0494febe4b9f04f0b0bbd568f3/element/66534578-cca8-4c01-83fa-b427c5ae7ca1/text'
18:23:02.029 [AsyncHttpClient-1-8] DEBUG org.asynchttpclient.netty.handler.HttpHandler - 

Request DefaultFullHttpRequest(decodeResult: success, version: HTTP/1.1, content: EmptyByteBufBE)
GET /session/ea199b0494febe4b9f04f0b0bbd568f3/element/66534578-cca8-4c01-83fa-b427c5ae7ca1/text HTTP/1.1
User-Agent: selenium/4.5.3 (java mac)
Cache-Control: no-cache
Content-Type: application/json; charset=utf-8
host: localhost:5352
accept: */*

Response DefaultHttpResponse(decodeResult: success, version: HTTP/1.1)
HTTP/1.1 200 OK
Content-Length: 91
Content-Type: application/json; charset=utf-8
cache-control: no-cache

18:23:02.030 [AsyncHttpClient-1-8] DEBUG org.asynchttpclient.netty.channel.ChannelManager - Adding key: http://localhost:5352 for channel [id: 0x2a5c0841, L:/127.0.0.1:54451 - R:localhost/127.0.0.1:5352]
18:23:02.031 [Forwarding findChildElement on session ea199b0494febe4b9f04f0b0bbd568f3 to remote] DEBUG org.asynchttpclient.netty.request.NettyRequestSender - Using pooled Channel '[id: 0x2a5c0841, L:/127.0.0.1:54451 - R:localhost/127.0.0.1:5352]' for 'POST' to 'http://localhost:5352/session/ea199b0494febe4b9f04f0b0bbd568f3/element/03ad3edf-2632-44df-af1b-726ac103eb67/element'
18:23:02.031 [Forwarding findChildElement on session ea199b0494febe4b9f04f0b0bbd568f3 to remote] DEBUG org.asynchttpclient.netty.request.NettyRequestSender - Using open Channel [id: 0x2a5c0841, L:/127.0.0.1:54451 - R:localhost/127.0.0.1:5352] for POST '/session/ea199b0494febe4b9f04f0b0bbd568f3/element/03ad3edf-2632-44df-af1b-726ac103eb67/element'
18:23:02.067 [AsyncHttpClient-1-8] DEBUG org.asynchttpclient.netty.handler.HttpHandler - 

Request DefaultHttpRequest(decodeResult: success, version: HTTP/1.1)
POST /session/ea199b0494febe4b9f04f0b0bbd568f3/element/03ad3edf-2632-44df-af1b-726ac103eb67/element HTTP/1.1
User-Agent: selenium/4.5.3 (java mac)
Content-Length: 106
Content-Type: application/json; charset=utf-8
host: localhost:5352
accept: */*

Response DefaultHttpResponse(decodeResult: success, version: HTTP/1.1)
HTTP/1.1 200 OK
Content-Length: 88
Content-Type: application/json; charset=utf-8
cache-control: no-cache

18:23:02.068 [AsyncHttpClient-1-8] DEBUG org.asynchttpclient.netty.channel.ChannelManager - Adding key: http://localhost:5352 for channel [id: 0x2a5c0841, L:/127.0.0.1:54451 - R:localhost/127.0.0.1:5352]
18:23:02.072 [Forwarding getElementText on session ea199b0494febe4b9f04f0b0bbd568f3 to remote] DEBUG org.asynchttpclient.netty.request.NettyRequestSender - Using pooled Channel '[id: 0x2a5c0841, L:/127.0.0.1:54451 - R:localhost/127.0.0.1:5352]' for 'GET' to 'http://localhost:5352/session/ea199b0494febe4b9f04f0b0bbd568f3/element/96182084-9ce2-4761-85a1-9194624dbe55/text'
18:23:02.072 [Forwarding getElementText on session ea199b0494febe4b9f04f0b0bbd568f3 to remote] DEBUG org.asynchttpclient.netty.request.NettyRequestSender - Using open Channel [id: 0x2a5c0841, L:/127.0.0.1:54451 - R:localhost/127.0.0.1:5352] for GET '/session/ea199b0494febe4b9f04f0b0bbd568f3/element/96182084-9ce2-4761-85a1-9194624dbe55/text'
18:23:02.096 [AsyncHttpClient-1-8] DEBUG org.asynchttpclient.netty.handler.HttpHandler - 

Request DefaultFullHttpRequest(decodeResult: success, version: HTTP/1.1, content: EmptyByteBufBE)
GET /session/ea199b0494febe4b9f04f0b0bbd568f3/element/96182084-9ce2-4761-85a1-9194624dbe55/text HTTP/1.1
User-Agent: selenium/4.5.3 (java mac)
Cache-Control: no-cache
Content-Type: application/json; charset=utf-8
host: localhost:5352
accept: */*

Response DefaultHttpResponse(decodeResult: success, version: HTTP/1.1)
HTTP/1.1 200 OK
Content-Length: 19
Content-Type: application/json; charset=utf-8
cache-control: no-cache

18:23:02.096 [AsyncHttpClient-1-8] DEBUG org.asynchttpclient.netty.channel.ChannelManager - Adding key: http://localhost:5352 for channel [id: 0x2a5c0841, L:/127.0.0.1:54451 - R:localhost/127.0.0.1:5352]
18:23:02.097 [Forwarding findChildElement on session ea199b0494febe4b9f04f0b0bbd568f3 to remote] DEBUG org.asynchttpclient.netty.request.NettyRequestSender - Using pooled Channel '[id: 0x2a5c0841, L:/127.0.0.1:54451 - R:localhost/127.0.0.1:5352]' for 'POST' to 'http://localhost:5352/session/ea199b0494febe4b9f04f0b0bbd568f3/element/b942cdfb-e71c-4d92-bbb8-840ebc2dce48/element'
18:23:02.098 [Forwarding findChildElement on session ea199b0494febe4b9f04f0b0bbd568f3 to remote] DEBUG org.asynchttpclient.netty.request.NettyRequestSender - Using open Channel [id: 0x2a5c0841, L:/127.0.0.1:54451 - R:localhost/127.0.0.1:5352] for POST '/session/ea199b0494febe4b9f04f0b0bbd568f3/element/b942cdfb-e71c-4d92-bbb8-840ebc2dce48/element'
18:23:02.122 [AsyncHttpClient-1-8] DEBUG org.asynchttpclient.netty.handler.HttpHandler - 

Request DefaultHttpRequest(decodeResult: success, version: HTTP/1.1)
POST /session/ea199b0494febe4b9f04f0b0bbd568f3/element/b942cdfb-e71c-4d92-bbb8-840ebc2dce48/element HTTP/1.1
User-Agent: selenium/4.5.3 (java mac)
Content-Length: 106
Content-Type: application/json; charset=utf-8
host: localhost:5352
accept: */*

Response DefaultHttpResponse(decodeResult: success, version: HTTP/1.1)
HTTP/1.1 200 OK
Content-Length: 88
Content-Type: application/json; charset=utf-8
cache-control: no-cache

18:23:02.122 [AsyncHttpClient-1-8] DEBUG org.asynchttpclient.netty.channel.ChannelManager - Adding key: http://localhost:5352 for channel [id: 0x2a5c0841, L:/127.0.0.1:54451 - R:localhost/127.0.0.1:5352]
18:23:02.123 [Forwarding getElementText on session ea199b0494febe4b9f04f0b0bbd568f3 to remote] DEBUG org.asynchttpclient.netty.request.NettyRequestSender - Using pooled Channel '[id: 0x2a5c0841, L:/127.0.0.1:54451 - R:localhost/127.0.0.1:5352]' for 'GET' to 'http://localhost:5352/session/ea199b0494febe4b9f04f0b0bbd568f3/element/2de6437c-71ba-46a9-9c4a-00ca92cd94cb/text'
18:23:02.123 [Forwarding getElementText on session ea199b0494febe4b9f04f0b0bbd568f3 to remote] DEBUG org.asynchttpclient.netty.request.NettyRequestSender - Using open Channel [id: 0x2a5c0841, L:/127.0.0.1:54451 - R:localhost/127.0.0.1:5352] for GET '/session/ea199b0494febe4b9f04f0b0bbd568f3/element/2de6437c-71ba-46a9-9c4a-00ca92cd94cb/text'
18:23:02.147 [AsyncHttpClient-1-8] DEBUG org.asynchttpclient.netty.handler.HttpHandler - 

Request DefaultFullHttpRequest(decodeResult: success, version: HTTP/1.1, content: EmptyByteBufBE)
GET /session/ea199b0494febe4b9f04f0b0bbd568f3/element/2de6437c-71ba-46a9-9c4a-00ca92cd94cb/text HTTP/1.1
User-Agent: selenium/4.5.3 (java mac)
Cache-Control: no-cache
Content-Type: application/json; charset=utf-8
host: localhost:5352
accept: */*

Response DefaultHttpResponse(decodeResult: success, version: HTTP/1.1)
HTTP/1.1 200 OK
Content-Length: 68
Content-Type: application/json; charset=utf-8
cache-control: no-cache

18:23:02.147 [AsyncHttpClient-1-8] DEBUG org.asynchttpclient.netty.channel.ChannelManager - Adding key: http://localhost:5352 for channel [id: 0x2a5c0841, L:/127.0.0.1:54451 - R:localhost/127.0.0.1:5352]
18:23:02.149 [Forwarding findChildElement on session ea199b0494febe4b9f04f0b0bbd568f3 to remote] DEBUG org.asynchttpclient.netty.request.NettyRequestSender - Using pooled Channel '[id: 0x2a5c0841, L:/127.0.0.1:54451 - R:localhost/127.0.0.1:5352]' for 'POST' to 'http://localhost:5352/session/ea199b0494febe4b9f04f0b0bbd568f3/element/b942cdfb-e71c-4d92-bbb8-840ebc2dce48/element'
18:23:02.149 [Forwarding findChildElement on session ea199b0494febe4b9f04f0b0bbd568f3 to remote] DEBUG org.asynchttpclient.netty.request.NettyRequestSender - Using open Channel [id: 0x2a5c0841, L:/127.0.0.1:54451 - R:localhost/127.0.0.1:5352] for POST '/session/ea199b0494febe4b9f04f0b0bbd568f3/element/b942cdfb-e71c-4d92-bbb8-840ebc2dce48/element'
18:23:02.174 [AsyncHttpClient-1-8] DEBUG org.asynchttpclient.netty.handler.HttpHandler - 

Request DefaultHttpRequest(decodeResult: success, version: HTTP/1.1)
POST /session/ea199b0494febe4b9f04f0b0bbd568f3/element/b942cdfb-e71c-4d92-bbb8-840ebc2dce48/element HTTP/1.1
User-Agent: selenium/4.5.3 (java mac)
Content-Length: 106
Content-Type: application/json; charset=utf-8
host: localhost:5352
accept: */*

Response DefaultHttpResponse(decodeResult: success, version: HTTP/1.1)
HTTP/1.1 200 OK
Content-Length: 88
Content-Type: application/json; charset=utf-8
cache-control: no-cache

18:23:02.174 [AsyncHttpClient-1-8] DEBUG org.asynchttpclient.netty.channel.ChannelManager - Adding key: http://localhost:5352 for channel [id: 0x2a5c0841, L:/127.0.0.1:54451 - R:localhost/127.0.0.1:5352]
18:23:02.175 [Forwarding getElementText on session ea199b0494febe4b9f04f0b0bbd568f3 to remote] DEBUG org.asynchttpclient.netty.request.NettyRequestSender - Using pooled Channel '[id: 0x2a5c0841, L:/127.0.0.1:54451 - R:localhost/127.0.0.1:5352]' for 'GET' to 'http://localhost:5352/session/ea199b0494febe4b9f04f0b0bbd568f3/element/a93570da-75a4-4df3-8371-2e3a0aebfa1a/text'
18:23:02.175 [Forwarding getElementText on session ea199b0494febe4b9f04f0b0bbd568f3 to remote] DEBUG org.asynchttpclient.netty.request.NettyRequestSender - Using open Channel [id: 0x2a5c0841, L:/127.0.0.1:54451 - R:localhost/127.0.0.1:5352] for GET '/session/ea199b0494febe4b9f04f0b0bbd568f3/element/a93570da-75a4-4df3-8371-2e3a0aebfa1a/text'
18:23:02.218 [AsyncHttpClient-1-8] DEBUG org.asynchttpclient.netty.handler.HttpHandler - 

Request DefaultFullHttpRequest(decodeResult: success, version: HTTP/1.1, content: EmptyByteBufBE)
GET /session/ea199b0494febe4b9f04f0b0bbd568f3/element/a93570da-75a4-4df3-8371-2e3a0aebfa1a/text HTTP/1.1
User-Agent: selenium/4.5.3 (java mac)
Cache-Control: no-cache
Content-Type: application/json; charset=utf-8
host: localhost:5352
accept: */*

Response DefaultHttpResponse(decodeResult: success, version: HTTP/1.1)
HTTP/1.1 200 OK
Content-Length: 19
Content-Type: application/json; charset=utf-8
cache-control: no-cache

18:23:02.219 [AsyncHttpClient-1-8] DEBUG org.asynchttpclient.netty.channel.ChannelManager - Adding key: http://localhost:5352 for channel [id: 0x2a5c0841, L:/127.0.0.1:54451 - R:localhost/127.0.0.1:5352]
18:23:02.220 [Forwarding findChildElement on session ea199b0494febe4b9f04f0b0bbd568f3 to remote] DEBUG org.asynchttpclient.netty.request.NettyRequestSender - Using pooled Channel '[id: 0x2a5c0841, L:/127.0.0.1:54451 - R:localhost/127.0.0.1:5352]' for 'POST' to 'http://localhost:5352/session/ea199b0494febe4b9f04f0b0bbd568f3/element/c96a01dc-723b-4998-b75c-03d99ef63b3e/element'
18:23:02.220 [Forwarding findChildElement on session ea199b0494febe4b9f04f0b0bbd568f3 to remote] DEBUG org.asynchttpclient.netty.request.NettyRequestSender - Using open Channel [id: 0x2a5c0841, L:/127.0.0.1:54451 - R:localhost/127.0.0.1:5352] for POST '/session/ea199b0494febe4b9f04f0b0bbd568f3/element/c96a01dc-723b-4998-b75c-03d99ef63b3e/element'
18:23:02.260 [AsyncHttpClient-1-8] DEBUG org.asynchttpclient.netty.handler.HttpHandler - 

Request DefaultHttpRequest(decodeResult: success, version: HTTP/1.1)
POST /session/ea199b0494febe4b9f04f0b0bbd568f3/element/c96a01dc-723b-4998-b75c-03d99ef63b3e/element HTTP/1.1
User-Agent: selenium/4.5.3 (java mac)
Content-Length: 106
Content-Type: application/json; charset=utf-8
host: localhost:5352
accept: */*

Response DefaultHttpResponse(decodeResult: success, version: HTTP/1.1)
HTTP/1.1 200 OK
Content-Length: 88
Content-Type: application/json; charset=utf-8
cache-control: no-cache

18:23:02.260 [AsyncHttpClient-1-8] DEBUG org.asynchttpclient.netty.channel.ChannelManager - Adding key: http://localhost:5352 for channel [id: 0x2a5c0841, L:/127.0.0.1:54451 - R:localhost/127.0.0.1:5352]
18:23:02.261 [Forwarding getElementText on session ea199b0494febe4b9f04f0b0bbd568f3 to remote] DEBUG org.asynchttpclient.netty.request.NettyRequestSender - Using pooled Channel '[id: 0x2a5c0841, L:/127.0.0.1:54451 - R:localhost/127.0.0.1:5352]' for 'GET' to 'http://localhost:5352/session/ea199b0494febe4b9f04f0b0bbd568f3/element/09f600b9-629d-4b38-b07c-204605e526ea/text'
18:23:02.261 [Forwarding getElementText on session ea199b0494febe4b9f04f0b0bbd568f3 to remote] DEBUG org.asynchttpclient.netty.request.NettyRequestSender - Using open Channel [id: 0x2a5c0841, L:/127.0.0.1:54451 - R:localhost/127.0.0.1:5352] for GET '/session/ea199b0494febe4b9f04f0b0bbd568f3/element/09f600b9-629d-4b38-b07c-204605e526ea/text'
18:23:02.339 [AsyncHttpClient-1-8] DEBUG org.asynchttpclient.netty.handler.HttpHandler - 

Request DefaultFullHttpRequest(decodeResult: success, version: HTTP/1.1, content: EmptyByteBufBE)
GET /session/ea199b0494febe4b9f04f0b0bbd568f3/element/09f600b9-629d-4b38-b07c-204605e526ea/text HTTP/1.1
User-Agent: selenium/4.5.3 (java mac)
Cache-Control: no-cache
Content-Type: application/json; charset=utf-8
host: localhost:5352
accept: */*

Response DefaultHttpResponse(decodeResult: success, version: HTTP/1.1)
HTTP/1.1 200 OK
Content-Length: 66
Content-Type: application/json; charset=utf-8
cache-control: no-cache

18:23:02.340 [AsyncHttpClient-1-8] DEBUG org.asynchttpclient.netty.channel.ChannelManager - Adding key: http://localhost:5352 for channel [id: 0x2a5c0841, L:/127.0.0.1:54451 - R:localhost/127.0.0.1:5352]
18:23:02.341 [Forwarding findChildElement on session ea199b0494febe4b9f04f0b0bbd568f3 to remote] DEBUG org.asynchttpclient.netty.request.NettyRequestSender - Using pooled Channel '[id: 0x2a5c0841, L:/127.0.0.1:54451 - R:localhost/127.0.0.1:5352]' for 'POST' to 'http://localhost:5352/session/ea199b0494febe4b9f04f0b0bbd568f3/element/c96a01dc-723b-4998-b75c-03d99ef63b3e/element'
18:23:02.341 [Forwarding findChildElement on session ea199b0494febe4b9f04f0b0bbd568f3 to remote] DEBUG org.asynchttpclient.netty.request.NettyRequestSender - Using open Channel [id: 0x2a5c0841, L:/127.0.0.1:54451 - R:localhost/127.0.0.1:5352] for POST '/session/ea199b0494febe4b9f04f0b0bbd568f3/element/c96a01dc-723b-4998-b75c-03d99ef63b3e/element'
18:23:02.353 [AsyncHttpClient-1-8] DEBUG org.asynchttpclient.netty.handler.HttpHandler - 

Request DefaultHttpRequest(decodeResult: success, version: HTTP/1.1)
POST /session/ea199b0494febe4b9f04f0b0bbd568f3/element/c96a01dc-723b-4998-b75c-03d99ef63b3e/element HTTP/1.1
User-Agent: selenium/4.5.3 (java mac)
Content-Length: 106
Content-Type: application/json; charset=utf-8
host: localhost:5352
accept: */*

Response DefaultHttpResponse(decodeResult: success, version: HTTP/1.1)
HTTP/1.1 200 OK
Content-Length: 88
Content-Type: application/json; charset=utf-8
cache-control: no-cache

18:23:02.353 [AsyncHttpClient-1-8] DEBUG org.asynchttpclient.netty.channel.ChannelManager - Adding key: http://localhost:5352 for channel [id: 0x2a5c0841, L:/127.0.0.1:54451 - R:localhost/127.0.0.1:5352]
18:23:02.354 [Forwarding getElementText on session ea199b0494febe4b9f04f0b0bbd568f3 to remote] DEBUG org.asynchttpclient.netty.request.NettyRequestSender - Using pooled Channel '[id: 0x2a5c0841, L:/127.0.0.1:54451 - R:localhost/127.0.0.1:5352]' for 'GET' to 'http://localhost:5352/session/ea199b0494febe4b9f04f0b0bbd568f3/element/0c01be7c-7457-4561-883e-f63f4941a91e/text'
18:23:02.355 [Forwarding getElementText on session ea199b0494febe4b9f04f0b0bbd568f3 to remote] DEBUG org.asynchttpclient.netty.request.NettyRequestSender - Using open Channel [id: 0x2a5c0841, L:/127.0.0.1:54451 - R:localhost/127.0.0.1:5352] for GET '/session/ea199b0494febe4b9f04f0b0bbd568f3/element/0c01be7c-7457-4561-883e-f63f4941a91e/text'
18:23:02.378 [AsyncHttpClient-1-8] DEBUG org.asynchttpclient.netty.handler.HttpHandler - 

Request DefaultFullHttpRequest(decodeResult: success, version: HTTP/1.1, content: EmptyByteBufBE)
GET /session/ea199b0494febe4b9f04f0b0bbd568f3/element/0c01be7c-7457-4561-883e-f63f4941a91e/text HTTP/1.1
User-Agent: selenium/4.5.3 (java mac)
Cache-Control: no-cache
Content-Type: application/json; charset=utf-8
host: localhost:5352
accept: */*

Response DefaultHttpResponse(decodeResult: success, version: HTTP/1.1)
HTTP/1.1 200 OK
Content-Length: 19
Content-Type: application/json; charset=utf-8
cache-control: no-cache

18:23:02.378 [AsyncHttpClient-1-8] DEBUG org.asynchttpclient.netty.channel.ChannelManager - Adding key: http://localhost:5352 for channel [id: 0x2a5c0841, L:/127.0.0.1:54451 - R:localhost/127.0.0.1:5352]
18:23:02.381 [Forwarding findChildElement on session ea199b0494febe4b9f04f0b0bbd568f3 to remote] DEBUG org.asynchttpclient.netty.request.NettyRequestSender - Using pooled Channel '[id: 0x2a5c0841, L:/127.0.0.1:54451 - R:localhost/127.0.0.1:5352]' for 'POST' to 'http://localhost:5352/session/ea199b0494febe4b9f04f0b0bbd568f3/element/f585fd73-002d-41b3-be40-9df0048dce79/element'
18:23:02.381 [Forwarding findChildElement on session ea199b0494febe4b9f04f0b0bbd568f3 to remote] DEBUG org.asynchttpclient.netty.request.NettyRequestSender - Using open Channel [id: 0x2a5c0841, L:/127.0.0.1:54451 - R:localhost/127.0.0.1:5352] for POST '/session/ea199b0494febe4b9f04f0b0bbd568f3/element/f585fd73-002d-41b3-be40-9df0048dce79/element'
18:23:02.394 [AsyncHttpClient-1-8] DEBUG org.asynchttpclient.netty.handler.HttpHandler - 

Request DefaultHttpRequest(decodeResult: success, version: HTTP/1.1)
POST /session/ea199b0494febe4b9f04f0b0bbd568f3/element/f585fd73-002d-41b3-be40-9df0048dce79/element HTTP/1.1
User-Agent: selenium/4.5.3 (java mac)
Content-Length: 106
Content-Type: application/json; charset=utf-8
host: localhost:5352
accept: */*

Response DefaultHttpResponse(decodeResult: success, version: HTTP/1.1)
HTTP/1.1 200 OK
Content-Length: 88
Content-Type: application/json; charset=utf-8
cache-control: no-cache

18:23:02.394 [AsyncHttpClient-1-8] DEBUG org.asynchttpclient.netty.channel.ChannelManager - Adding key: http://localhost:5352 for channel [id: 0x2a5c0841, L:/127.0.0.1:54451 - R:localhost/127.0.0.1:5352]
18:23:02.395 [Forwarding getElementText on session ea199b0494febe4b9f04f0b0bbd568f3 to remote] DEBUG org.asynchttpclient.netty.request.NettyRequestSender - Using pooled Channel '[id: 0x2a5c0841, L:/127.0.0.1:54451 - R:localhost/127.0.0.1:5352]' for 'GET' to 'http://localhost:5352/session/ea199b0494febe4b9f04f0b0bbd568f3/element/25aeda64-27b8-45e5-a25e-d7f041a229df/text'
18:23:02.395 [Forwarding getElementText on session ea199b0494febe4b9f04f0b0bbd568f3 to remote] DEBUG org.asynchttpclient.netty.request.NettyRequestSender - Using open Channel [id: 0x2a5c0841, L:/127.0.0.1:54451 - R:localhost/127.0.0.1:5352] for GET '/session/ea199b0494febe4b9f04f0b0bbd568f3/element/25aeda64-27b8-45e5-a25e-d7f041a229df/text'
18:23:02.445 [AsyncHttpClient-1-8] DEBUG org.asynchttpclient.netty.handler.HttpHandler - 

Request DefaultFullHttpRequest(decodeResult: success, version: HTTP/1.1, content: EmptyByteBufBE)
GET /session/ea199b0494febe4b9f04f0b0bbd568f3/element/25aeda64-27b8-45e5-a25e-d7f041a229df/text HTTP/1.1
User-Agent: selenium/4.5.3 (java mac)
Cache-Control: no-cache
Content-Type: application/json; charset=utf-8
host: localhost:5352
accept: */*

Response DefaultHttpResponse(decodeResult: success, version: HTTP/1.1)
HTTP/1.1 200 OK
Content-Length: 71
Content-Type: application/json; charset=utf-8
cache-control: no-cache

18:23:02.445 [AsyncHttpClient-1-8] DEBUG org.asynchttpclient.netty.channel.ChannelManager - Adding key: http://localhost:5352 for channel [id: 0x2a5c0841, L:/127.0.0.1:54451 - R:localhost/127.0.0.1:5352]
18:23:02.448 [Forwarding findChildElement on session ea199b0494febe4b9f04f0b0bbd568f3 to remote] DEBUG org.asynchttpclient.netty.request.NettyRequestSender - Using pooled Channel '[id: 0x2a5c0841, L:/127.0.0.1:54451 - R:localhost/127.0.0.1:5352]' for 'POST' to 'http://localhost:5352/session/ea199b0494febe4b9f04f0b0bbd568f3/element/f585fd73-002d-41b3-be40-9df0048dce79/element'
18:23:02.448 [Forwarding findChildElement on session ea199b0494febe4b9f04f0b0bbd568f3 to remote] DEBUG org.asynchttpclient.netty.request.NettyRequestSender - Using open Channel [id: 0x2a5c0841, L:/127.0.0.1:54451 - R:localhost/127.0.0.1:5352] for POST '/session/ea199b0494febe4b9f04f0b0bbd568f3/element/f585fd73-002d-41b3-be40-9df0048dce79/element'
18:23:02.465 [AsyncHttpClient-1-8] DEBUG org.asynchttpclient.netty.handler.HttpHandler - 

Request DefaultHttpRequest(decodeResult: success, version: HTTP/1.1)
POST /session/ea199b0494febe4b9f04f0b0bbd568f3/element/f585fd73-002d-41b3-be40-9df0048dce79/element HTTP/1.1
User-Agent: selenium/4.5.3 (java mac)
Content-Length: 106
Content-Type: application/json; charset=utf-8
host: localhost:5352
accept: */*

Response DefaultHttpResponse(decodeResult: success, version: HTTP/1.1)
HTTP/1.1 200 OK
Content-Length: 88
Content-Type: application/json; charset=utf-8
cache-control: no-cache

18:23:02.466 [AsyncHttpClient-1-8] DEBUG org.asynchttpclient.netty.channel.ChannelManager - Adding key: http://localhost:5352 for channel [id: 0x2a5c0841, L:/127.0.0.1:54451 - R:localhost/127.0.0.1:5352]
18:23:02.467 [Forwarding getElementText on session ea199b0494febe4b9f04f0b0bbd568f3 to remote] DEBUG org.asynchttpclient.netty.request.NettyRequestSender - Using pooled Channel '[id: 0x2a5c0841, L:/127.0.0.1:54451 - R:localhost/127.0.0.1:5352]' for 'GET' to 'http://localhost:5352/session/ea199b0494febe4b9f04f0b0bbd568f3/element/fa8ecd6e-5422-490c-9c8b-23df7d361b1c/text'
18:23:02.468 [Forwarding getElementText on session ea199b0494febe4b9f04f0b0bbd568f3 to remote] DEBUG org.asynchttpclient.netty.request.NettyRequestSender - Using open Channel [id: 0x2a5c0841, L:/127.0.0.1:54451 - R:localhost/127.0.0.1:5352] for GET '/session/ea199b0494febe4b9f04f0b0bbd568f3/element/fa8ecd6e-5422-490c-9c8b-23df7d361b1c/text'
18:23:02.482 [AsyncHttpClient-1-8] DEBUG org.asynchttpclient.netty.handler.HttpHandler - 

Request DefaultFullHttpRequest(decodeResult: success, version: HTTP/1.1, content: EmptyByteBufBE)
GET /session/ea199b0494febe4b9f04f0b0bbd568f3/element/fa8ecd6e-5422-490c-9c8b-23df7d361b1c/text HTTP/1.1
User-Agent: selenium/4.5.3 (java mac)
Cache-Control: no-cache
Content-Type: application/json; charset=utf-8
host: localhost:5352
accept: */*

Response DefaultHttpResponse(decodeResult: success, version: HTTP/1.1)
HTTP/1.1 200 OK
Content-Length: 19
Content-Type: application/json; charset=utf-8
cache-control: no-cache

18:23:02.482 [AsyncHttpClient-1-8] DEBUG org.asynchttpclient.netty.channel.ChannelManager - Adding key: http://localhost:5352 for channel [id: 0x2a5c0841, L:/127.0.0.1:54451 - R:localhost/127.0.0.1:5352]
18:23:02.483 [Forwarding findChildElement on session ea199b0494febe4b9f04f0b0bbd568f3 to remote] DEBUG org.asynchttpclient.netty.request.NettyRequestSender - Using pooled Channel '[id: 0x2a5c0841, L:/127.0.0.1:54451 - R:localhost/127.0.0.1:5352]' for 'POST' to 'http://localhost:5352/session/ea199b0494febe4b9f04f0b0bbd568f3/element/5ed94c11-c98a-4eae-9ea3-df849f70cc3a/element'
18:23:02.483 [Forwarding findChildElement on session ea199b0494febe4b9f04f0b0bbd568f3 to remote] DEBUG org.asynchttpclient.netty.request.NettyRequestSender - Using open Channel [id: 0x2a5c0841, L:/127.0.0.1:54451 - R:localhost/127.0.0.1:5352] for POST '/session/ea199b0494febe4b9f04f0b0bbd568f3/element/5ed94c11-c98a-4eae-9ea3-df849f70cc3a/element'
18:23:02.585 [AsyncHttpClient-1-8] DEBUG org.asynchttpclient.netty.handler.HttpHandler - 

Request DefaultHttpRequest(decodeResult: success, version: HTTP/1.1)
POST /session/ea199b0494febe4b9f04f0b0bbd568f3/element/5ed94c11-c98a-4eae-9ea3-df849f70cc3a/element HTTP/1.1
User-Agent: selenium/4.5.3 (java mac)
Content-Length: 106
Content-Type: application/json; charset=utf-8
host: localhost:5352
accept: */*

Response DefaultHttpResponse(decodeResult: success, version: HTTP/1.1)
HTTP/1.1 200 OK
Content-Length: 88
Content-Type: application/json; charset=utf-8
cache-control: no-cache

18:23:02.585 [AsyncHttpClient-1-8] DEBUG org.asynchttpclient.netty.channel.ChannelManager - Adding key: http://localhost:5352 for channel [id: 0x2a5c0841, L:/127.0.0.1:54451 - R:localhost/127.0.0.1:5352]
18:23:02.593 [Forwarding getElementText on session ea199b0494febe4b9f04f0b0bbd568f3 to remote] DEBUG org.asynchttpclient.netty.request.NettyRequestSender - Using pooled Channel '[id: 0x2a5c0841, L:/127.0.0.1:54451 - R:localhost/127.0.0.1:5352]' for 'GET' to 'http://localhost:5352/session/ea199b0494febe4b9f04f0b0bbd568f3/element/081a5bb6-ac2c-42d3-b35d-29b3b31af847/text'
18:23:02.593 [Forwarding getElementText on session ea199b0494febe4b9f04f0b0bbd568f3 to remote] DEBUG org.asynchttpclient.netty.request.NettyRequestSender - Using open Channel [id: 0x2a5c0841, L:/127.0.0.1:54451 - R:localhost/127.0.0.1:5352] for GET '/session/ea199b0494febe4b9f04f0b0bbd568f3/element/081a5bb6-ac2c-42d3-b35d-29b3b31af847/text'
18:23:02.611 [AsyncHttpClient-1-1] DEBUG org.asynchttpclient.netty.channel.DefaultChannelPool - Entry count for : http://localhost:54452 : 1
18:23:02.780 [AsyncHttpClient-1-8] DEBUG org.asynchttpclient.netty.handler.HttpHandler - 

Request DefaultFullHttpRequest(decodeResult: success, version: HTTP/1.1, content: EmptyByteBufBE)
GET /session/ea199b0494febe4b9f04f0b0bbd568f3/element/081a5bb6-ac2c-42d3-b35d-29b3b31af847/text HTTP/1.1
User-Agent: selenium/4.5.3 (java mac)
Cache-Control: no-cache
Content-Type: application/json; charset=utf-8
host: localhost:5352
accept: */*

Response DefaultHttpResponse(decodeResult: success, version: HTTP/1.1)
HTTP/1.1 200 OK
Content-Length: 55
Content-Type: application/json; charset=utf-8
cache-control: no-cache

18:23:02.780 [AsyncHttpClient-1-8] DEBUG org.asynchttpclient.netty.channel.ChannelManager - Adding key: http://localhost:5352 for channel [id: 0x2a5c0841, L:/127.0.0.1:54451 - R:localhost/127.0.0.1:5352]
18:23:02.782 [Forwarding findChildElement on session ea199b0494febe4b9f04f0b0bbd568f3 to remote] DEBUG org.asynchttpclient.netty.request.NettyRequestSender - Using pooled Channel '[id: 0x2a5c0841, L:/127.0.0.1:54451 - R:localhost/127.0.0.1:5352]' for 'POST' to 'http://localhost:5352/session/ea199b0494febe4b9f04f0b0bbd568f3/element/5ed94c11-c98a-4eae-9ea3-df849f70cc3a/element'
18:23:02.782 [Forwarding findChildElement on session ea199b0494febe4b9f04f0b0bbd568f3 to remote] DEBUG org.asynchttpclient.netty.request.NettyRequestSender - Using open Channel [id: 0x2a5c0841, L:/127.0.0.1:54451 - R:localhost/127.0.0.1:5352] for POST '/session/ea199b0494febe4b9f04f0b0bbd568f3/element/5ed94c11-c98a-4eae-9ea3-df849f70cc3a/element'
18:23:02.821 [AsyncHttpClient-1-8] DEBUG org.asynchttpclient.netty.handler.HttpHandler - 

Request DefaultHttpRequest(decodeResult: success, version: HTTP/1.1)
POST /session/ea199b0494febe4b9f04f0b0bbd568f3/element/5ed94c11-c98a-4eae-9ea3-df849f70cc3a/element HTTP/1.1
User-Agent: selenium/4.5.3 (java mac)
Content-Length: 106
Content-Type: application/json; charset=utf-8
host: localhost:5352
accept: */*

Response DefaultHttpResponse(decodeResult: success, version: HTTP/1.1)
HTTP/1.1 200 OK
Content-Length: 88
Content-Type: application/json; charset=utf-8
cache-control: no-cache

18:23:02.821 [AsyncHttpClient-1-8] DEBUG org.asynchttpclient.netty.channel.ChannelManager - Adding key: http://localhost:5352 for channel [id: 0x2a5c0841, L:/127.0.0.1:54451 - R:localhost/127.0.0.1:5352]
18:23:02.822 [Forwarding getElementText on session ea199b0494febe4b9f04f0b0bbd568f3 to remote] DEBUG org.asynchttpclient.netty.request.NettyRequestSender - Using pooled Channel '[id: 0x2a5c0841, L:/127.0.0.1:54451 - R:localhost/127.0.0.1:5352]' for 'GET' to 'http://localhost:5352/session/ea199b0494febe4b9f04f0b0bbd568f3/element/135d461a-96f4-4e19-ab5a-708a148fb52f/text'
18:23:02.823 [Forwarding getElementText on session ea199b0494febe4b9f04f0b0bbd568f3 to remote] DEBUG org.asynchttpclient.netty.request.NettyRequestSender - Using open Channel [id: 0x2a5c0841, L:/127.0.0.1:54451 - R:localhost/127.0.0.1:5352] for GET '/session/ea199b0494febe4b9f04f0b0bbd568f3/element/135d461a-96f4-4e19-ab5a-708a148fb52f/text'
18:23:02.850 [AsyncHttpClient-1-8] DEBUG org.asynchttpclient.netty.handler.HttpHandler - 

Request DefaultFullHttpRequest(decodeResult: success, version: HTTP/1.1, content: EmptyByteBufBE)
GET /session/ea199b0494febe4b9f04f0b0bbd568f3/element/135d461a-96f4-4e19-ab5a-708a148fb52f/text HTTP/1.1
User-Agent: selenium/4.5.3 (java mac)
Cache-Control: no-cache
Content-Type: application/json; charset=utf-8
host: localhost:5352
accept: */*

Response DefaultHttpResponse(decodeResult: success, version: HTTP/1.1)
HTTP/1.1 200 OK
Content-Length: 19
Content-Type: application/json; charset=utf-8
cache-control: no-cache

18:23:02.850 [AsyncHttpClient-1-8] DEBUG org.asynchttpclient.netty.channel.ChannelManager - Adding key: http://localhost:5352 for channel [id: 0x2a5c0841, L:/127.0.0.1:54451 - R:localhost/127.0.0.1:5352]
18:23:02.852 [Forwarding findChildElement on session ea199b0494febe4b9f04f0b0bbd568f3 to remote] DEBUG org.asynchttpclient.netty.request.NettyRequestSender - Using pooled Channel '[id: 0x2a5c0841, L:/127.0.0.1:54451 - R:localhost/127.0.0.1:5352]' for 'POST' to 'http://localhost:5352/session/ea199b0494febe4b9f04f0b0bbd568f3/element/3d9a9f53-94e9-4aa0-ab85-993cb187a7c0/element'
18:23:02.852 [Forwarding findChildElement on session ea199b0494febe4b9f04f0b0bbd568f3 to remote] DEBUG org.asynchttpclient.netty.request.NettyRequestSender - Using open Channel [id: 0x2a5c0841, L:/127.0.0.1:54451 - R:localhost/127.0.0.1:5352] for POST '/session/ea199b0494febe4b9f04f0b0bbd568f3/element/3d9a9f53-94e9-4aa0-ab85-993cb187a7c0/element'
18:23:02.868 [AsyncHttpClient-1-8] DEBUG org.asynchttpclient.netty.handler.HttpHandler - 

Request DefaultHttpRequest(decodeResult: success, version: HTTP/1.1)
POST /session/ea199b0494febe4b9f04f0b0bbd568f3/element/3d9a9f53-94e9-4aa0-ab85-993cb187a7c0/element HTTP/1.1
User-Agent: selenium/4.5.3 (java mac)
Content-Length: 106
Content-Type: application/json; charset=utf-8
host: localhost:5352
accept: */*

Response DefaultHttpResponse(decodeResult: success, version: HTTP/1.1)
HTTP/1.1 200 OK
Content-Length: 88
Content-Type: application/json; charset=utf-8
cache-control: no-cache

18:23:02.868 [AsyncHttpClient-1-8] DEBUG org.asynchttpclient.netty.channel.ChannelManager - Adding key: http://localhost:5352 for channel [id: 0x2a5c0841, L:/127.0.0.1:54451 - R:localhost/127.0.0.1:5352]
18:23:02.869 [Forwarding getElementText on session ea199b0494febe4b9f04f0b0bbd568f3 to remote] DEBUG org.asynchttpclient.netty.request.NettyRequestSender - Using pooled Channel '[id: 0x2a5c0841, L:/127.0.0.1:54451 - R:localhost/127.0.0.1:5352]' for 'GET' to 'http://localhost:5352/session/ea199b0494febe4b9f04f0b0bbd568f3/element/8b60e2b2-a7be-4525-b42e-044ee0c19c0c/text'
18:23:02.869 [Forwarding getElementText on session ea199b0494febe4b9f04f0b0bbd568f3 to remote] DEBUG org.asynchttpclient.netty.request.NettyRequestSender - Using open Channel [id: 0x2a5c0841, L:/127.0.0.1:54451 - R:localhost/127.0.0.1:5352] for GET '/session/ea199b0494febe4b9f04f0b0bbd568f3/element/8b60e2b2-a7be-4525-b42e-044ee0c19c0c/text'
18:23:02.984 [AsyncHttpClient-1-8] DEBUG org.asynchttpclient.netty.handler.HttpHandler - 

Request DefaultFullHttpRequest(decodeResult: success, version: HTTP/1.1, content: EmptyByteBufBE)
GET /session/ea199b0494febe4b9f04f0b0bbd568f3/element/8b60e2b2-a7be-4525-b42e-044ee0c19c0c/text HTTP/1.1
User-Agent: selenium/4.5.3 (java mac)
Cache-Control: no-cache
Content-Type: application/json; charset=utf-8
host: localhost:5352
accept: */*

Response DefaultHttpResponse(decodeResult: success, version: HTTP/1.1)
HTTP/1.1 200 OK
Content-Length: 90
Content-Type: application/json; charset=utf-8
cache-control: no-cache

18:23:02.984 [AsyncHttpClient-1-8] DEBUG org.asynchttpclient.netty.channel.ChannelManager - Adding key: http://localhost:5352 for channel [id: 0x2a5c0841, L:/127.0.0.1:54451 - R:localhost/127.0.0.1:5352]
18:23:02.986 [Forwarding findChildElement on session ea199b0494febe4b9f04f0b0bbd568f3 to remote] DEBUG org.asynchttpclient.netty.request.NettyRequestSender - Using pooled Channel '[id: 0x2a5c0841, L:/127.0.0.1:54451 - R:localhost/127.0.0.1:5352]' for 'POST' to 'http://localhost:5352/session/ea199b0494febe4b9f04f0b0bbd568f3/element/3d9a9f53-94e9-4aa0-ab85-993cb187a7c0/element'
18:23:02.986 [Forwarding findChildElement on session ea199b0494febe4b9f04f0b0bbd568f3 to remote] DEBUG org.asynchttpclient.netty.request.NettyRequestSender - Using open Channel [id: 0x2a5c0841, L:/127.0.0.1:54451 - R:localhost/127.0.0.1:5352] for POST '/session/ea199b0494febe4b9f04f0b0bbd568f3/element/3d9a9f53-94e9-4aa0-ab85-993cb187a7c0/element'
18:23:03.056 [AsyncHttpClient-1-8] DEBUG org.asynchttpclient.netty.handler.HttpHandler - 

Request DefaultHttpRequest(decodeResult: success, version: HTTP/1.1)
POST /session/ea199b0494febe4b9f04f0b0bbd568f3/element/3d9a9f53-94e9-4aa0-ab85-993cb187a7c0/element HTTP/1.1
User-Agent: selenium/4.5.3 (java mac)
Content-Length: 106
Content-Type: application/json; charset=utf-8
host: localhost:5352
accept: */*

Response DefaultHttpResponse(decodeResult: success, version: HTTP/1.1)
HTTP/1.1 200 OK
Content-Length: 88
Content-Type: application/json; charset=utf-8
cache-control: no-cache

18:23:03.056 [AsyncHttpClient-1-8] DEBUG org.asynchttpclient.netty.channel.ChannelManager - Adding key: http://localhost:5352 for channel [id: 0x2a5c0841, L:/127.0.0.1:54451 - R:localhost/127.0.0.1:5352]
18:23:03.057 [Forwarding getElementText on session ea199b0494febe4b9f04f0b0bbd568f3 to remote] DEBUG org.asynchttpclient.netty.request.NettyRequestSender - Using pooled Channel '[id: 0x2a5c0841, L:/127.0.0.1:54451 - R:localhost/127.0.0.1:5352]' for 'GET' to 'http://localhost:5352/session/ea199b0494febe4b9f04f0b0bbd568f3/element/5e2b4f23-7f6f-46b1-99e2-0fb92ae075d5/text'
18:23:03.057 [Forwarding getElementText on session ea199b0494febe4b9f04f0b0bbd568f3 to remote] DEBUG org.asynchttpclient.netty.request.NettyRequestSender - Using open Channel [id: 0x2a5c0841, L:/127.0.0.1:54451 - R:localhost/127.0.0.1:5352] for GET '/session/ea199b0494febe4b9f04f0b0bbd568f3/element/5e2b4f23-7f6f-46b1-99e2-0fb92ae075d5/text'
18:23:03.099 [AsyncHttpClient-1-8] DEBUG org.asynchttpclient.netty.handler.HttpHandler - 

Request DefaultFullHttpRequest(decodeResult: success, version: HTTP/1.1, content: EmptyByteBufBE)
GET /session/ea199b0494febe4b9f04f0b0bbd568f3/element/5e2b4f23-7f6f-46b1-99e2-0fb92ae075d5/text HTTP/1.1
User-Agent: selenium/4.5.3 (java mac)
Cache-Control: no-cache
Content-Type: application/json; charset=utf-8
host: localhost:5352
accept: */*

Response DefaultHttpResponse(decodeResult: success, version: HTTP/1.1)
HTTP/1.1 200 OK
Content-Length: 30
Content-Type: application/json; charset=utf-8
cache-control: no-cache

18:23:03.099 [AsyncHttpClient-1-8] DEBUG org.asynchttpclient.netty.channel.ChannelManager - Adding key: http://localhost:5352 for channel [id: 0x2a5c0841, L:/127.0.0.1:54451 - R:localhost/127.0.0.1:5352]
18:23:03.101 [Forwarding findChildElement on session ea199b0494febe4b9f04f0b0bbd568f3 to remote] DEBUG org.asynchttpclient.netty.request.NettyRequestSender - Using pooled Channel '[id: 0x2a5c0841, L:/127.0.0.1:54451 - R:localhost/127.0.0.1:5352]' for 'POST' to 'http://localhost:5352/session/ea199b0494febe4b9f04f0b0bbd568f3/element/7a26fdea-9658-4df0-9fca-ecaee1f325a8/element'
18:23:03.101 [Forwarding findChildElement on session ea199b0494febe4b9f04f0b0bbd568f3 to remote] DEBUG org.asynchttpclient.netty.request.NettyRequestSender - Using open Channel [id: 0x2a5c0841, L:/127.0.0.1:54451 - R:localhost/127.0.0.1:5352] for POST '/session/ea199b0494febe4b9f04f0b0bbd568f3/element/7a26fdea-9658-4df0-9fca-ecaee1f325a8/element'
18:23:03.180 [AsyncHttpClient-1-8] DEBUG org.asynchttpclient.netty.handler.HttpHandler - 

Request DefaultHttpRequest(decodeResult: success, version: HTTP/1.1)
POST /session/ea199b0494febe4b9f04f0b0bbd568f3/element/7a26fdea-9658-4df0-9fca-ecaee1f325a8/element HTTP/1.1
User-Agent: selenium/4.5.3 (java mac)
Content-Length: 106
Content-Type: application/json; charset=utf-8
host: localhost:5352
accept: */*

Response DefaultHttpResponse(decodeResult: success, version: HTTP/1.1)
HTTP/1.1 200 OK
Content-Length: 88
Content-Type: application/json; charset=utf-8
cache-control: no-cache

18:23:03.180 [AsyncHttpClient-1-8] DEBUG org.asynchttpclient.netty.channel.ChannelManager - Adding key: http://localhost:5352 for channel [id: 0x2a5c0841, L:/127.0.0.1:54451 - R:localhost/127.0.0.1:5352]
18:23:03.182 [Forwarding getElementText on session ea199b0494febe4b9f04f0b0bbd568f3 to remote] DEBUG org.asynchttpclient.netty.request.NettyRequestSender - Using pooled Channel '[id: 0x2a5c0841, L:/127.0.0.1:54451 - R:localhost/127.0.0.1:5352]' for 'GET' to 'http://localhost:5352/session/ea199b0494febe4b9f04f0b0bbd568f3/element/699d0f1b-e21f-4604-8101-9d1a09b301d2/text'
18:23:03.183 [Forwarding getElementText on session ea199b0494febe4b9f04f0b0bbd568f3 to remote] DEBUG org.asynchttpclient.netty.request.NettyRequestSender - Using open Channel [id: 0x2a5c0841, L:/127.0.0.1:54451 - R:localhost/127.0.0.1:5352] for GET '/session/ea199b0494febe4b9f04f0b0bbd568f3/element/699d0f1b-e21f-4604-8101-9d1a09b301d2/text'
18:23:03.219 [AsyncHttpClient-1-8] DEBUG org.asynchttpclient.netty.handler.HttpHandler - 

Request DefaultFullHttpRequest(decodeResult: success, version: HTTP/1.1, content: EmptyByteBufBE)
GET /session/ea199b0494febe4b9f04f0b0bbd568f3/element/699d0f1b-e21f-4604-8101-9d1a09b301d2/text HTTP/1.1
User-Agent: selenium/4.5.3 (java mac)
Cache-Control: no-cache
Content-Type: application/json; charset=utf-8
host: localhost:5352
accept: */*

Response DefaultHttpResponse(decodeResult: success, version: HTTP/1.1)
HTTP/1.1 200 OK
Content-Length: 68
Content-Type: application/json; charset=utf-8
cache-control: no-cache

18:23:03.219 [AsyncHttpClient-1-8] DEBUG org.asynchttpclient.netty.channel.ChannelManager - Adding key: http://localhost:5352 for channel [id: 0x2a5c0841, L:/127.0.0.1:54451 - R:localhost/127.0.0.1:5352]
18:23:03.221 [Forwarding findChildElement on session ea199b0494febe4b9f04f0b0bbd568f3 to remote] DEBUG org.asynchttpclient.netty.request.NettyRequestSender - Using pooled Channel '[id: 0x2a5c0841, L:/127.0.0.1:54451 - R:localhost/127.0.0.1:5352]' for 'POST' to 'http://localhost:5352/session/ea199b0494febe4b9f04f0b0bbd568f3/element/7a26fdea-9658-4df0-9fca-ecaee1f325a8/element'
18:23:03.221 [Forwarding findChildElement on session ea199b0494febe4b9f04f0b0bbd568f3 to remote] DEBUG org.asynchttpclient.netty.request.NettyRequestSender - Using open Channel [id: 0x2a5c0841, L:/127.0.0.1:54451 - R:localhost/127.0.0.1:5352] for POST '/session/ea199b0494febe4b9f04f0b0bbd568f3/element/7a26fdea-9658-4df0-9fca-ecaee1f325a8/element'
18:23:03.259 [AsyncHttpClient-1-8] DEBUG org.asynchttpclient.netty.handler.HttpHandler - 

Request DefaultHttpRequest(decodeResult: success, version: HTTP/1.1)
POST /session/ea199b0494febe4b9f04f0b0bbd568f3/element/7a26fdea-9658-4df0-9fca-ecaee1f325a8/element HTTP/1.1
User-Agent: selenium/4.5.3 (java mac)
Content-Length: 106
Content-Type: application/json; charset=utf-8
host: localhost:5352
accept: */*

Response DefaultHttpResponse(decodeResult: success, version: HTTP/1.1)
HTTP/1.1 200 OK
Content-Length: 88
Content-Type: application/json; charset=utf-8
cache-control: no-cache

18:23:03.259 [AsyncHttpClient-1-8] DEBUG org.asynchttpclient.netty.channel.ChannelManager - Adding key: http://localhost:5352 for channel [id: 0x2a5c0841, L:/127.0.0.1:54451 - R:localhost/127.0.0.1:5352]
18:23:03.262 [Forwarding getElementText on session ea199b0494febe4b9f04f0b0bbd568f3 to remote] DEBUG org.asynchttpclient.netty.request.NettyRequestSender - Using pooled Channel '[id: 0x2a5c0841, L:/127.0.0.1:54451 - R:localhost/127.0.0.1:5352]' for 'GET' to 'http://localhost:5352/session/ea199b0494febe4b9f04f0b0bbd568f3/element/915bdbca-2336-4358-9f61-5213c275cd61/text'
18:23:03.263 [Forwarding getElementText on session ea199b0494febe4b9f04f0b0bbd568f3 to remote] DEBUG org.asynchttpclient.netty.request.NettyRequestSender - Using open Channel [id: 0x2a5c0841, L:/127.0.0.1:54451 - R:localhost/127.0.0.1:5352] for GET '/session/ea199b0494febe4b9f04f0b0bbd568f3/element/915bdbca-2336-4358-9f61-5213c275cd61/text'
18:23:03.319 [AsyncHttpClient-1-8] DEBUG org.asynchttpclient.netty.handler.HttpHandler - 

Request DefaultFullHttpRequest(decodeResult: success, version: HTTP/1.1, content: EmptyByteBufBE)
GET /session/ea199b0494febe4b9f04f0b0bbd568f3/element/915bdbca-2336-4358-9f61-5213c275cd61/text HTTP/1.1
User-Agent: selenium/4.5.3 (java mac)
Cache-Control: no-cache
Content-Type: application/json; charset=utf-8
host: localhost:5352
accept: */*

Response DefaultHttpResponse(decodeResult: success, version: HTTP/1.1)
HTTP/1.1 200 OK
Content-Length: 19
Content-Type: application/json; charset=utf-8
cache-control: no-cache

18:23:03.319 [AsyncHttpClient-1-8] DEBUG org.asynchttpclient.netty.channel.ChannelManager - Adding key: http://localhost:5352 for channel [id: 0x2a5c0841, L:/127.0.0.1:54451 - R:localhost/127.0.0.1:5352]
18:23:03.320 [Forwarding findChildElement on session ea199b0494febe4b9f04f0b0bbd568f3 to remote] DEBUG org.asynchttpclient.netty.request.NettyRequestSender - Using pooled Channel '[id: 0x2a5c0841, L:/127.0.0.1:54451 - R:localhost/127.0.0.1:5352]' for 'POST' to 'http://localhost:5352/session/ea199b0494febe4b9f04f0b0bbd568f3/element/8b5af7e3-368c-4b6f-a2bf-5b71d595ee88/element'
18:23:03.320 [Forwarding findChildElement on session ea199b0494febe4b9f04f0b0bbd568f3 to remote] DEBUG org.asynchttpclient.netty.request.NettyRequestSender - Using open Channel [id: 0x2a5c0841, L:/127.0.0.1:54451 - R:localhost/127.0.0.1:5352] for POST '/session/ea199b0494febe4b9f04f0b0bbd568f3/element/8b5af7e3-368c-4b6f-a2bf-5b71d595ee88/element'
18:23:03.350 [AsyncHttpClient-1-8] DEBUG org.asynchttpclient.netty.handler.HttpHandler - 

Request DefaultHttpRequest(decodeResult: success, version: HTTP/1.1)
POST /session/ea199b0494febe4b9f04f0b0bbd568f3/element/8b5af7e3-368c-4b6f-a2bf-5b71d595ee88/element HTTP/1.1
User-Agent: selenium/4.5.3 (java mac)
Content-Length: 106
Content-Type: application/json; charset=utf-8
host: localhost:5352
accept: */*

Response DefaultHttpResponse(decodeResult: success, version: HTTP/1.1)
HTTP/1.1 200 OK
Content-Length: 88
Content-Type: application/json; charset=utf-8
cache-control: no-cache

18:23:03.350 [AsyncHttpClient-1-8] DEBUG org.asynchttpclient.netty.channel.ChannelManager - Adding key: http://localhost:5352 for channel [id: 0x2a5c0841, L:/127.0.0.1:54451 - R:localhost/127.0.0.1:5352]
18:23:03.351 [Forwarding getElementText on session ea199b0494febe4b9f04f0b0bbd568f3 to remote] DEBUG org.asynchttpclient.netty.request.NettyRequestSender - Using pooled Channel '[id: 0x2a5c0841, L:/127.0.0.1:54451 - R:localhost/127.0.0.1:5352]' for 'GET' to 'http://localhost:5352/session/ea199b0494febe4b9f04f0b0bbd568f3/element/74a2ea2e-aefe-4b82-8bd1-d2ccf214366f/text'
18:23:03.351 [Forwarding getElementText on session ea199b0494febe4b9f04f0b0bbd568f3 to remote] DEBUG org.asynchttpclient.netty.request.NettyRequestSender - Using open Channel [id: 0x2a5c0841, L:/127.0.0.1:54451 - R:localhost/127.0.0.1:5352] for GET '/session/ea199b0494febe4b9f04f0b0bbd568f3/element/74a2ea2e-aefe-4b82-8bd1-d2ccf214366f/text'
18:23:03.483 [AsyncHttpClient-1-8] DEBUG org.asynchttpclient.netty.handler.HttpHandler - 

Request DefaultFullHttpRequest(decodeResult: success, version: HTTP/1.1, content: EmptyByteBufBE)
GET /session/ea199b0494febe4b9f04f0b0bbd568f3/element/74a2ea2e-aefe-4b82-8bd1-d2ccf214366f/text HTTP/1.1
User-Agent: selenium/4.5.3 (java mac)
Cache-Control: no-cache
Content-Type: application/json; charset=utf-8
host: localhost:5352
accept: */*

Response DefaultHttpResponse(decodeResult: success, version: HTTP/1.1)
HTTP/1.1 200 OK
Content-Length: 72
Content-Type: application/json; charset=utf-8
cache-control: no-cache

18:23:03.483 [AsyncHttpClient-1-8] DEBUG org.asynchttpclient.netty.channel.ChannelManager - Adding key: http://localhost:5352 for channel [id: 0x2a5c0841, L:/127.0.0.1:54451 - R:localhost/127.0.0.1:5352]
18:23:03.485 [Forwarding findChildElement on session ea199b0494febe4b9f04f0b0bbd568f3 to remote] DEBUG org.asynchttpclient.netty.request.NettyRequestSender - Using pooled Channel '[id: 0x2a5c0841, L:/127.0.0.1:54451 - R:localhost/127.0.0.1:5352]' for 'POST' to 'http://localhost:5352/session/ea199b0494febe4b9f04f0b0bbd568f3/element/8b5af7e3-368c-4b6f-a2bf-5b71d595ee88/element'
18:23:03.485 [Forwarding findChildElement on session ea199b0494febe4b9f04f0b0bbd568f3 to remote] DEBUG org.asynchttpclient.netty.request.NettyRequestSender - Using open Channel [id: 0x2a5c0841, L:/127.0.0.1:54451 - R:localhost/127.0.0.1:5352] for POST '/session/ea199b0494febe4b9f04f0b0bbd568f3/element/8b5af7e3-368c-4b6f-a2bf-5b71d595ee88/element'
18:23:03.501 [AsyncHttpClient-1-8] DEBUG org.asynchttpclient.netty.handler.HttpHandler - 

Request DefaultHttpRequest(decodeResult: success, version: HTTP/1.1)
POST /session/ea199b0494febe4b9f04f0b0bbd568f3/element/8b5af7e3-368c-4b6f-a2bf-5b71d595ee88/element HTTP/1.1
User-Agent: selenium/4.5.3 (java mac)
Content-Length: 106
Content-Type: application/json; charset=utf-8
host: localhost:5352
accept: */*

Response DefaultHttpResponse(decodeResult: success, version: HTTP/1.1)
HTTP/1.1 200 OK
Content-Length: 88
Content-Type: application/json; charset=utf-8
cache-control: no-cache

18:23:03.503 [AsyncHttpClient-1-8] DEBUG org.asynchttpclient.netty.channel.ChannelManager - Adding key: http://localhost:5352 for channel [id: 0x2a5c0841, L:/127.0.0.1:54451 - R:localhost/127.0.0.1:5352]
18:23:03.504 [Forwarding getElementText on session ea199b0494febe4b9f04f0b0bbd568f3 to remote] DEBUG org.asynchttpclient.netty.request.NettyRequestSender - Using pooled Channel '[id: 0x2a5c0841, L:/127.0.0.1:54451 - R:localhost/127.0.0.1:5352]' for 'GET' to 'http://localhost:5352/session/ea199b0494febe4b9f04f0b0bbd568f3/element/d469bc82-9c86-4933-9c01-3594c39f3bc4/text'
18:23:03.504 [Forwarding getElementText on session ea199b0494febe4b9f04f0b0bbd568f3 to remote] DEBUG org.asynchttpclient.netty.request.NettyRequestSender - Using open Channel [id: 0x2a5c0841, L:/127.0.0.1:54451 - R:localhost/127.0.0.1:5352] for GET '/session/ea199b0494febe4b9f04f0b0bbd568f3/element/d469bc82-9c86-4933-9c01-3594c39f3bc4/text'
18:23:03.543 [AsyncHttpClient-1-8] DEBUG org.asynchttpclient.netty.handler.HttpHandler - 

Request DefaultFullHttpRequest(decodeResult: success, version: HTTP/1.1, content: EmptyByteBufBE)
GET /session/ea199b0494febe4b9f04f0b0bbd568f3/element/d469bc82-9c86-4933-9c01-3594c39f3bc4/text HTTP/1.1
User-Agent: selenium/4.5.3 (java mac)
Cache-Control: no-cache
Content-Type: application/json; charset=utf-8
host: localhost:5352
accept: */*

Response DefaultHttpResponse(decodeResult: success, version: HTTP/1.1)
HTTP/1.1 200 OK
Content-Length: 28
Content-Type: application/json; charset=utf-8
cache-control: no-cache

18:23:03.543 [AsyncHttpClient-1-8] DEBUG org.asynchttpclient.netty.channel.ChannelManager - Adding key: http://localhost:5352 for channel [id: 0x2a5c0841, L:/127.0.0.1:54451 - R:localhost/127.0.0.1:5352]
18:23:03.545 [Forwarding findChildElement on session ea199b0494febe4b9f04f0b0bbd568f3 to remote] DEBUG org.asynchttpclient.netty.request.NettyRequestSender - Using pooled Channel '[id: 0x2a5c0841, L:/127.0.0.1:54451 - R:localhost/127.0.0.1:5352]' for 'POST' to 'http://localhost:5352/session/ea199b0494febe4b9f04f0b0bbd568f3/element/7fd69c86-8ccc-48b7-b4d8-6046b5805b23/element'
18:23:03.545 [Forwarding findChildElement on session ea199b0494febe4b9f04f0b0bbd568f3 to remote] DEBUG org.asynchttpclient.netty.request.NettyRequestSender - Using open Channel [id: 0x2a5c0841, L:/127.0.0.1:54451 - R:localhost/127.0.0.1:5352] for POST '/session/ea199b0494febe4b9f04f0b0bbd568f3/element/7fd69c86-8ccc-48b7-b4d8-6046b5805b23/element'
18:23:03.561 [AsyncHttpClient-1-8] DEBUG org.asynchttpclient.netty.handler.HttpHandler - 

Request DefaultHttpRequest(decodeResult: success, version: HTTP/1.1)
POST /session/ea199b0494febe4b9f04f0b0bbd568f3/element/7fd69c86-8ccc-48b7-b4d8-6046b5805b23/element HTTP/1.1
User-Agent: selenium/4.5.3 (java mac)
Content-Length: 106
Content-Type: application/json; charset=utf-8
host: localhost:5352
accept: */*

Response DefaultHttpResponse(decodeResult: success, version: HTTP/1.1)
HTTP/1.1 200 OK
Content-Length: 88
Content-Type: application/json; charset=utf-8
cache-control: no-cache

18:23:03.561 [AsyncHttpClient-1-8] DEBUG org.asynchttpclient.netty.channel.ChannelManager - Adding key: http://localhost:5352 for channel [id: 0x2a5c0841, L:/127.0.0.1:54451 - R:localhost/127.0.0.1:5352]
18:23:03.562 [Forwarding getElementText on session ea199b0494febe4b9f04f0b0bbd568f3 to remote] DEBUG org.asynchttpclient.netty.request.NettyRequestSender - Using pooled Channel '[id: 0x2a5c0841, L:/127.0.0.1:54451 - R:localhost/127.0.0.1:5352]' for 'GET' to 'http://localhost:5352/session/ea199b0494febe4b9f04f0b0bbd568f3/element/e46e500d-b3dc-470c-a6c3-8679e6f07ccb/text'
18:23:03.562 [Forwarding getElementText on session ea199b0494febe4b9f04f0b0bbd568f3 to remote] DEBUG org.asynchttpclient.netty.request.NettyRequestSender - Using open Channel [id: 0x2a5c0841, L:/127.0.0.1:54451 - R:localhost/127.0.0.1:5352] for GET '/session/ea199b0494febe4b9f04f0b0bbd568f3/element/e46e500d-b3dc-470c-a6c3-8679e6f07ccb/text'
18:23:03.639 [AsyncHttpClient-1-8] DEBUG org.asynchttpclient.netty.handler.HttpHandler - 

Request DefaultFullHttpRequest(decodeResult: success, version: HTTP/1.1, content: EmptyByteBufBE)
GET /session/ea199b0494febe4b9f04f0b0bbd568f3/element/e46e500d-b3dc-470c-a6c3-8679e6f07ccb/text HTTP/1.1
User-Agent: selenium/4.5.3 (java mac)
Cache-Control: no-cache
Content-Type: application/json; charset=utf-8
host: localhost:5352
accept: */*

Response DefaultHttpResponse(decodeResult: success, version: HTTP/1.1)
HTTP/1.1 200 OK
Content-Length: 91
Content-Type: application/json; charset=utf-8
cache-control: no-cache

18:23:03.639 [AsyncHttpClient-1-8] DEBUG org.asynchttpclient.netty.channel.ChannelManager - Adding key: http://localhost:5352 for channel [id: 0x2a5c0841, L:/127.0.0.1:54451 - R:localhost/127.0.0.1:5352]
18:23:03.641 [Forwarding findChildElement on session ea199b0494febe4b9f04f0b0bbd568f3 to remote] DEBUG org.asynchttpclient.netty.request.NettyRequestSender - Using pooled Channel '[id: 0x2a5c0841, L:/127.0.0.1:54451 - R:localhost/127.0.0.1:5352]' for 'POST' to 'http://localhost:5352/session/ea199b0494febe4b9f04f0b0bbd568f3/element/7fd69c86-8ccc-48b7-b4d8-6046b5805b23/element'
18:23:03.641 [Forwarding findChildElement on session ea199b0494febe4b9f04f0b0bbd568f3 to remote] DEBUG org.asynchttpclient.netty.request.NettyRequestSender - Using open Channel [id: 0x2a5c0841, L:/127.0.0.1:54451 - R:localhost/127.0.0.1:5352] for POST '/session/ea199b0494febe4b9f04f0b0bbd568f3/element/7fd69c86-8ccc-48b7-b4d8-6046b5805b23/element'
18:23:03.691 [AsyncHttpClient-1-8] DEBUG org.asynchttpclient.netty.handler.HttpHandler - 

Request DefaultHttpRequest(decodeResult: success, version: HTTP/1.1)
POST /session/ea199b0494febe4b9f04f0b0bbd568f3/element/7fd69c86-8ccc-48b7-b4d8-6046b5805b23/element HTTP/1.1
User-Agent: selenium/4.5.3 (java mac)
Content-Length: 106
Content-Type: application/json; charset=utf-8
host: localhost:5352
accept: */*

Response DefaultHttpResponse(decodeResult: success, version: HTTP/1.1)
HTTP/1.1 200 OK
Content-Length: 88
Content-Type: application/json; charset=utf-8
cache-control: no-cache

18:23:03.691 [AsyncHttpClient-1-8] DEBUG org.asynchttpclient.netty.channel.ChannelManager - Adding key: http://localhost:5352 for channel [id: 0x2a5c0841, L:/127.0.0.1:54451 - R:localhost/127.0.0.1:5352]
18:23:03.692 [Forwarding getElementText on session ea199b0494febe4b9f04f0b0bbd568f3 to remote] DEBUG org.asynchttpclient.netty.request.NettyRequestSender - Using pooled Channel '[id: 0x2a5c0841, L:/127.0.0.1:54451 - R:localhost/127.0.0.1:5352]' for 'GET' to 'http://localhost:5352/session/ea199b0494febe4b9f04f0b0bbd568f3/element/5f894bc8-0e80-40a6-8fcf-53e40af09018/text'
18:23:03.692 [Forwarding getElementText on session ea199b0494febe4b9f04f0b0bbd568f3 to remote] DEBUG org.asynchttpclient.netty.request.NettyRequestSender - Using open Channel [id: 0x2a5c0841, L:/127.0.0.1:54451 - R:localhost/127.0.0.1:5352] for GET '/session/ea199b0494febe4b9f04f0b0bbd568f3/element/5f894bc8-0e80-40a6-8fcf-53e40af09018/text'
18:23:03.711 [AsyncHttpClient-1-1] DEBUG org.asynchttpclient.netty.channel.DefaultChannelPool - Entry count for : http://localhost:54452 : 1
18:23:03.783 [AsyncHttpClient-1-8] DEBUG org.asynchttpclient.netty.handler.HttpHandler - 

Request DefaultFullHttpRequest(decodeResult: success, version: HTTP/1.1, content: EmptyByteBufBE)
GET /session/ea199b0494febe4b9f04f0b0bbd568f3/element/5f894bc8-0e80-40a6-8fcf-53e40af09018/text HTTP/1.1
User-Agent: selenium/4.5.3 (java mac)
Cache-Control: no-cache
Content-Type: application/json; charset=utf-8
host: localhost:5352
accept: */*

Response DefaultHttpResponse(decodeResult: success, version: HTTP/1.1)
HTTP/1.1 200 OK
Content-Length: 19
Content-Type: application/json; charset=utf-8
cache-control: no-cache

18:23:03.783 [AsyncHttpClient-1-8] DEBUG org.asynchttpclient.netty.channel.ChannelManager - Adding key: http://localhost:5352 for channel [id: 0x2a5c0841, L:/127.0.0.1:54451 - R:localhost/127.0.0.1:5352]
18:23:03.784 [Forwarding findChildElement on session ea199b0494febe4b9f04f0b0bbd568f3 to remote] DEBUG org.asynchttpclient.netty.request.NettyRequestSender - Using pooled Channel '[id: 0x2a5c0841, L:/127.0.0.1:54451 - R:localhost/127.0.0.1:5352]' for 'POST' to 'http://localhost:5352/session/ea199b0494febe4b9f04f0b0bbd568f3/element/cdbf92bd-293e-4d85-a0c0-b31cb46229c1/element'
18:23:03.785 [Forwarding findChildElement on session ea199b0494febe4b9f04f0b0bbd568f3 to remote] DEBUG org.asynchttpclient.netty.request.NettyRequestSender - Using open Channel [id: 0x2a5c0841, L:/127.0.0.1:54451 - R:localhost/127.0.0.1:5352] for POST '/session/ea199b0494febe4b9f04f0b0bbd568f3/element/cdbf92bd-293e-4d85-a0c0-b31cb46229c1/element'
18:23:03.799 [AsyncHttpClient-1-8] DEBUG org.asynchttpclient.netty.handler.HttpHandler - 

Request DefaultHttpRequest(decodeResult: success, version: HTTP/1.1)
POST /session/ea199b0494febe4b9f04f0b0bbd568f3/element/cdbf92bd-293e-4d85-a0c0-b31cb46229c1/element HTTP/1.1
User-Agent: selenium/4.5.3 (java mac)
Content-Length: 106
Content-Type: application/json; charset=utf-8
host: localhost:5352
accept: */*

Response DefaultHttpResponse(decodeResult: success, version: HTTP/1.1)
HTTP/1.1 200 OK
Content-Length: 88
Content-Type: application/json; charset=utf-8
cache-control: no-cache

18:23:03.799 [AsyncHttpClient-1-8] DEBUG org.asynchttpclient.netty.channel.ChannelManager - Adding key: http://localhost:5352 for channel [id: 0x2a5c0841, L:/127.0.0.1:54451 - R:localhost/127.0.0.1:5352]
18:23:03.800 [Forwarding getElementText on session ea199b0494febe4b9f04f0b0bbd568f3 to remote] DEBUG org.asynchttpclient.netty.request.NettyRequestSender - Using pooled Channel '[id: 0x2a5c0841, L:/127.0.0.1:54451 - R:localhost/127.0.0.1:5352]' for 'GET' to 'http://localhost:5352/session/ea199b0494febe4b9f04f0b0bbd568f3/element/7146f3f7-63b5-479a-8509-ecc43531adb3/text'
18:23:03.800 [Forwarding getElementText on session ea199b0494febe4b9f04f0b0bbd568f3 to remote] DEBUG org.asynchttpclient.netty.request.NettyRequestSender - Using open Channel [id: 0x2a5c0841, L:/127.0.0.1:54451 - R:localhost/127.0.0.1:5352] for GET '/session/ea199b0494febe4b9f04f0b0bbd568f3/element/7146f3f7-63b5-479a-8509-ecc43531adb3/text'
18:23:03.888 [AsyncHttpClient-1-8] DEBUG org.asynchttpclient.netty.handler.HttpHandler - 

Request DefaultFullHttpRequest(decodeResult: success, version: HTTP/1.1, content: EmptyByteBufBE)
GET /session/ea199b0494febe4b9f04f0b0bbd568f3/element/7146f3f7-63b5-479a-8509-ecc43531adb3/text HTTP/1.1
User-Agent: selenium/4.5.3 (java mac)
Cache-Control: no-cache
Content-Type: application/json; charset=utf-8
host: localhost:5352
accept: */*

Response DefaultHttpResponse(decodeResult: success, version: HTTP/1.1)
HTTP/1.1 200 OK
Content-Length: 72
Content-Type: application/json; charset=utf-8
cache-control: no-cache

18:23:03.889 [AsyncHttpClient-1-8] DEBUG org.asynchttpclient.netty.channel.ChannelManager - Adding key: http://localhost:5352 for channel [id: 0x2a5c0841, L:/127.0.0.1:54451 - R:localhost/127.0.0.1:5352]
18:23:03.889 [Forwarding findChildElement on session ea199b0494febe4b9f04f0b0bbd568f3 to remote] DEBUG org.asynchttpclient.netty.request.NettyRequestSender - Using pooled Channel '[id: 0x2a5c0841, L:/127.0.0.1:54451 - R:localhost/127.0.0.1:5352]' for 'POST' to 'http://localhost:5352/session/ea199b0494febe4b9f04f0b0bbd568f3/element/cdbf92bd-293e-4d85-a0c0-b31cb46229c1/element'
18:23:03.889 [Forwarding findChildElement on session ea199b0494febe4b9f04f0b0bbd568f3 to remote] DEBUG org.asynchttpclient.netty.request.NettyRequestSender - Using open Channel [id: 0x2a5c0841, L:/127.0.0.1:54451 - R:localhost/127.0.0.1:5352] for POST '/session/ea199b0494febe4b9f04f0b0bbd568f3/element/cdbf92bd-293e-4d85-a0c0-b31cb46229c1/element'
18:23:03.924 [AsyncHttpClient-1-8] DEBUG org.asynchttpclient.netty.handler.HttpHandler - 

Request DefaultHttpRequest(decodeResult: success, version: HTTP/1.1)
POST /session/ea199b0494febe4b9f04f0b0bbd568f3/element/cdbf92bd-293e-4d85-a0c0-b31cb46229c1/element HTTP/1.1
User-Agent: selenium/4.5.3 (java mac)
Content-Length: 106
Content-Type: application/json; charset=utf-8
host: localhost:5352
accept: */*

Response DefaultHttpResponse(decodeResult: success, version: HTTP/1.1)
HTTP/1.1 200 OK
Content-Length: 88
Content-Type: application/json; charset=utf-8
cache-control: no-cache

18:23:03.924 [AsyncHttpClient-1-8] DEBUG org.asynchttpclient.netty.channel.ChannelManager - Adding key: http://localhost:5352 for channel [id: 0x2a5c0841, L:/127.0.0.1:54451 - R:localhost/127.0.0.1:5352]
18:23:03.925 [Forwarding getElementText on session ea199b0494febe4b9f04f0b0bbd568f3 to remote] DEBUG org.asynchttpclient.netty.request.NettyRequestSender - Using pooled Channel '[id: 0x2a5c0841, L:/127.0.0.1:54451 - R:localhost/127.0.0.1:5352]' for 'GET' to 'http://localhost:5352/session/ea199b0494febe4b9f04f0b0bbd568f3/element/6ea78ee5-0652-4dee-abe2-1dc5119d37fd/text'
18:23:03.925 [Forwarding getElementText on session ea199b0494febe4b9f04f0b0bbd568f3 to remote] DEBUG org.asynchttpclient.netty.request.NettyRequestSender - Using open Channel [id: 0x2a5c0841, L:/127.0.0.1:54451 - R:localhost/127.0.0.1:5352] for GET '/session/ea199b0494febe4b9f04f0b0bbd568f3/element/6ea78ee5-0652-4dee-abe2-1dc5119d37fd/text'
18:23:03.951 [AsyncHttpClient-1-8] DEBUG org.asynchttpclient.netty.handler.HttpHandler - 

Request DefaultFullHttpRequest(decodeResult: success, version: HTTP/1.1, content: EmptyByteBufBE)
GET /session/ea199b0494febe4b9f04f0b0bbd568f3/element/6ea78ee5-0652-4dee-abe2-1dc5119d37fd/text HTTP/1.1
User-Agent: selenium/4.5.3 (java mac)
Cache-Control: no-cache
Content-Type: application/json; charset=utf-8
host: localhost:5352
accept: */*

Response DefaultHttpResponse(decodeResult: success, version: HTTP/1.1)
HTTP/1.1 200 OK
Content-Length: 18
Content-Type: application/json; charset=utf-8
cache-control: no-cache

18:23:03.951 [AsyncHttpClient-1-8] DEBUG org.asynchttpclient.netty.channel.ChannelManager - Adding key: http://localhost:5352 for channel [id: 0x2a5c0841, L:/127.0.0.1:54451 - R:localhost/127.0.0.1:5352]
18:23:03.952 [Forwarding findChildElement on session ea199b0494febe4b9f04f0b0bbd568f3 to remote] DEBUG org.asynchttpclient.netty.request.NettyRequestSender - Using pooled Channel '[id: 0x2a5c0841, L:/127.0.0.1:54451 - R:localhost/127.0.0.1:5352]' for 'POST' to 'http://localhost:5352/session/ea199b0494febe4b9f04f0b0bbd568f3/element/a5346d87-e745-4084-a99b-9ca701d2ff20/element'
18:23:03.953 [Forwarding findChildElement on session ea199b0494febe4b9f04f0b0bbd568f3 to remote] DEBUG org.asynchttpclient.netty.request.NettyRequestSender - Using open Channel [id: 0x2a5c0841, L:/127.0.0.1:54451 - R:localhost/127.0.0.1:5352] for POST '/session/ea199b0494febe4b9f04f0b0bbd568f3/element/a5346d87-e745-4084-a99b-9ca701d2ff20/element'
18:23:03.974 [AsyncHttpClient-1-8] DEBUG org.asynchttpclient.netty.handler.HttpHandler - 

Request DefaultHttpRequest(decodeResult: success, version: HTTP/1.1)
POST /session/ea199b0494febe4b9f04f0b0bbd568f3/element/a5346d87-e745-4084-a99b-9ca701d2ff20/element HTTP/1.1
User-Agent: selenium/4.5.3 (java mac)
Content-Length: 106
Content-Type: application/json; charset=utf-8
host: localhost:5352
accept: */*

Response DefaultHttpResponse(decodeResult: success, version: HTTP/1.1)
HTTP/1.1 200 OK
Content-Length: 88
Content-Type: application/json; charset=utf-8
cache-control: no-cache

18:23:03.974 [AsyncHttpClient-1-8] DEBUG org.asynchttpclient.netty.channel.ChannelManager - Adding key: http://localhost:5352 for channel [id: 0x2a5c0841, L:/127.0.0.1:54451 - R:localhost/127.0.0.1:5352]
18:23:03.975 [Forwarding getElementText on session ea199b0494febe4b9f04f0b0bbd568f3 to remote] DEBUG org.asynchttpclient.netty.request.NettyRequestSender - Using pooled Channel '[id: 0x2a5c0841, L:/127.0.0.1:54451 - R:localhost/127.0.0.1:5352]' for 'GET' to 'http://localhost:5352/session/ea199b0494febe4b9f04f0b0bbd568f3/element/7323eb33-da97-4591-9bd0-ee0cd0dfc386/text'
18:23:03.975 [Forwarding getElementText on session ea199b0494febe4b9f04f0b0bbd568f3 to remote] DEBUG org.asynchttpclient.netty.request.NettyRequestSender - Using open Channel [id: 0x2a5c0841, L:/127.0.0.1:54451 - R:localhost/127.0.0.1:5352] for GET '/session/ea199b0494febe4b9f04f0b0bbd568f3/element/7323eb33-da97-4591-9bd0-ee0cd0dfc386/text'
18:23:04.053 [AsyncHttpClient-1-8] DEBUG org.asynchttpclient.netty.handler.HttpHandler - 

Request DefaultFullHttpRequest(decodeResult: success, version: HTTP/1.1, content: EmptyByteBufBE)
GET /session/ea199b0494febe4b9f04f0b0bbd568f3/element/7323eb33-da97-4591-9bd0-ee0cd0dfc386/text HTTP/1.1
User-Agent: selenium/4.5.3 (java mac)
Cache-Control: no-cache
Content-Type: application/json; charset=utf-8
host: localhost:5352
accept: */*

Response DefaultHttpResponse(decodeResult: success, version: HTTP/1.1)
HTTP/1.1 200 OK
Content-Length: 92
Content-Type: application/json; charset=utf-8
cache-control: no-cache

18:23:04.053 [AsyncHttpClient-1-8] DEBUG org.asynchttpclient.netty.channel.ChannelManager - Adding key: http://localhost:5352 for channel [id: 0x2a5c0841, L:/127.0.0.1:54451 - R:localhost/127.0.0.1:5352]
18:23:04.055 [Forwarding findChildElement on session ea199b0494febe4b9f04f0b0bbd568f3 to remote] DEBUG org.asynchttpclient.netty.request.NettyRequestSender - Using pooled Channel '[id: 0x2a5c0841, L:/127.0.0.1:54451 - R:localhost/127.0.0.1:5352]' for 'POST' to 'http://localhost:5352/session/ea199b0494febe4b9f04f0b0bbd568f3/element/a5346d87-e745-4084-a99b-9ca701d2ff20/element'
18:23:04.056 [Forwarding findChildElement on session ea199b0494febe4b9f04f0b0bbd568f3 to remote] DEBUG org.asynchttpclient.netty.request.NettyRequestSender - Using open Channel [id: 0x2a5c0841, L:/127.0.0.1:54451 - R:localhost/127.0.0.1:5352] for POST '/session/ea199b0494febe4b9f04f0b0bbd568f3/element/a5346d87-e745-4084-a99b-9ca701d2ff20/element'
18:23:04.107 [AsyncHttpClient-1-8] DEBUG org.asynchttpclient.netty.handler.HttpHandler - 

Request DefaultHttpRequest(decodeResult: success, version: HTTP/1.1)
POST /session/ea199b0494febe4b9f04f0b0bbd568f3/element/a5346d87-e745-4084-a99b-9ca701d2ff20/element HTTP/1.1
User-Agent: selenium/4.5.3 (java mac)
Content-Length: 106
Content-Type: application/json; charset=utf-8
host: localhost:5352
accept: */*

Response DefaultHttpResponse(decodeResult: success, version: HTTP/1.1)
HTTP/1.1 200 OK
Content-Length: 88
Content-Type: application/json; charset=utf-8
cache-control: no-cache

18:23:04.107 [AsyncHttpClient-1-8] DEBUG org.asynchttpclient.netty.channel.ChannelManager - Adding key: http://localhost:5352 for channel [id: 0x2a5c0841, L:/127.0.0.1:54451 - R:localhost/127.0.0.1:5352]
18:23:04.107 [Forwarding getElementText on session ea199b0494febe4b9f04f0b0bbd568f3 to remote] DEBUG org.asynchttpclient.netty.request.NettyRequestSender - Using pooled Channel '[id: 0x2a5c0841, L:/127.0.0.1:54451 - R:localhost/127.0.0.1:5352]' for 'GET' to 'http://localhost:5352/session/ea199b0494febe4b9f04f0b0bbd568f3/element/c233faa5-b695-43c8-9c62-10204d037786/text'
18:23:04.108 [Forwarding getElementText on session ea199b0494febe4b9f04f0b0bbd568f3 to remote] DEBUG org.asynchttpclient.netty.request.NettyRequestSender - Using open Channel [id: 0x2a5c0841, L:/127.0.0.1:54451 - R:localhost/127.0.0.1:5352] for GET '/session/ea199b0494febe4b9f04f0b0bbd568f3/element/c233faa5-b695-43c8-9c62-10204d037786/text'
18:23:04.148 [AsyncHttpClient-1-8] DEBUG org.asynchttpclient.netty.handler.HttpHandler - 

Request DefaultFullHttpRequest(decodeResult: success, version: HTTP/1.1, content: EmptyByteBufBE)
GET /session/ea199b0494febe4b9f04f0b0bbd568f3/element/c233faa5-b695-43c8-9c62-10204d037786/text HTTP/1.1
User-Agent: selenium/4.5.3 (java mac)
Cache-Control: no-cache
Content-Type: application/json; charset=utf-8
host: localhost:5352
accept: */*

Response DefaultHttpResponse(decodeResult: success, version: HTTP/1.1)
HTTP/1.1 200 OK
Content-Length: 21
Content-Type: application/json; charset=utf-8
cache-control: no-cache

18:23:04.148 [AsyncHttpClient-1-8] DEBUG org.asynchttpclient.netty.channel.ChannelManager - Adding key: http://localhost:5352 for channel [id: 0x2a5c0841, L:/127.0.0.1:54451 - R:localhost/127.0.0.1:5352]
18:23:04.150 [Forwarding findChildElement on session ea199b0494febe4b9f04f0b0bbd568f3 to remote] DEBUG org.asynchttpclient.netty.request.NettyRequestSender - Using pooled Channel '[id: 0x2a5c0841, L:/127.0.0.1:54451 - R:localhost/127.0.0.1:5352]' for 'POST' to 'http://localhost:5352/session/ea199b0494febe4b9f04f0b0bbd568f3/element/6a9683e2-ab63-447d-a459-05af7711300f/element'
18:23:04.150 [Forwarding findChildElement on session ea199b0494febe4b9f04f0b0bbd568f3 to remote] DEBUG org.asynchttpclient.netty.request.NettyRequestSender - Using open Channel [id: 0x2a5c0841, L:/127.0.0.1:54451 - R:localhost/127.0.0.1:5352] for POST '/session/ea199b0494febe4b9f04f0b0bbd568f3/element/6a9683e2-ab63-447d-a459-05af7711300f/element'
18:23:04.224 [AsyncHttpClient-1-8] DEBUG org.asynchttpclient.netty.handler.HttpHandler - 

Request DefaultHttpRequest(decodeResult: success, version: HTTP/1.1)
POST /session/ea199b0494febe4b9f04f0b0bbd568f3/element/6a9683e2-ab63-447d-a459-05af7711300f/element HTTP/1.1
User-Agent: selenium/4.5.3 (java mac)
Content-Length: 106
Content-Type: application/json; charset=utf-8
host: localhost:5352
accept: */*

Response DefaultHttpResponse(decodeResult: success, version: HTTP/1.1)
HTTP/1.1 200 OK
Content-Length: 88
Content-Type: application/json; charset=utf-8
cache-control: no-cache

18:23:04.225 [AsyncHttpClient-1-8] DEBUG org.asynchttpclient.netty.channel.ChannelManager - Adding key: http://localhost:5352 for channel [id: 0x2a5c0841, L:/127.0.0.1:54451 - R:localhost/127.0.0.1:5352]
18:23:04.226 [Forwarding getElementText on session ea199b0494febe4b9f04f0b0bbd568f3 to remote] DEBUG org.asynchttpclient.netty.request.NettyRequestSender - Using pooled Channel '[id: 0x2a5c0841, L:/127.0.0.1:54451 - R:localhost/127.0.0.1:5352]' for 'GET' to 'http://localhost:5352/session/ea199b0494febe4b9f04f0b0bbd568f3/element/2cf1e7e4-ee76-4c65-ac93-b12a08f2b007/text'
18:23:04.226 [Forwarding getElementText on session ea199b0494febe4b9f04f0b0bbd568f3 to remote] DEBUG org.asynchttpclient.netty.request.NettyRequestSender - Using open Channel [id: 0x2a5c0841, L:/127.0.0.1:54451 - R:localhost/127.0.0.1:5352] for GET '/session/ea199b0494febe4b9f04f0b0bbd568f3/element/2cf1e7e4-ee76-4c65-ac93-b12a08f2b007/text'
18:23:04.329 [AsyncHttpClient-1-8] DEBUG org.asynchttpclient.netty.handler.HttpHandler - 

Request DefaultFullHttpRequest(decodeResult: success, version: HTTP/1.1, content: EmptyByteBufBE)
GET /session/ea199b0494febe4b9f04f0b0bbd568f3/element/2cf1e7e4-ee76-4c65-ac93-b12a08f2b007/text HTTP/1.1
User-Agent: selenium/4.5.3 (java mac)
Cache-Control: no-cache
Content-Type: application/json; charset=utf-8
host: localhost:5352
accept: */*

Response DefaultHttpResponse(decodeResult: success, version: HTTP/1.1)
HTTP/1.1 200 OK
Content-Length: 91
Content-Type: application/json; charset=utf-8
cache-control: no-cache

18:23:04.329 [AsyncHttpClient-1-8] DEBUG org.asynchttpclient.netty.channel.ChannelManager - Adding key: http://localhost:5352 for channel [id: 0x2a5c0841, L:/127.0.0.1:54451 - R:localhost/127.0.0.1:5352]
18:23:04.330 [Forwarding findChildElement on session ea199b0494febe4b9f04f0b0bbd568f3 to remote] DEBUG org.asynchttpclient.netty.request.NettyRequestSender - Using pooled Channel '[id: 0x2a5c0841, L:/127.0.0.1:54451 - R:localhost/127.0.0.1:5352]' for 'POST' to 'http://localhost:5352/session/ea199b0494febe4b9f04f0b0bbd568f3/element/6a9683e2-ab63-447d-a459-05af7711300f/element'
18:23:04.331 [Forwarding findChildElement on session ea199b0494febe4b9f04f0b0bbd568f3 to remote] DEBUG org.asynchttpclient.netty.request.NettyRequestSender - Using open Channel [id: 0x2a5c0841, L:/127.0.0.1:54451 - R:localhost/127.0.0.1:5352] for POST '/session/ea199b0494febe4b9f04f0b0bbd568f3/element/6a9683e2-ab63-447d-a459-05af7711300f/element'
18:23:04.377 [AsyncHttpClient-1-8] DEBUG org.asynchttpclient.netty.handler.HttpHandler - 

Request DefaultHttpRequest(decodeResult: success, version: HTTP/1.1)
POST /session/ea199b0494febe4b9f04f0b0bbd568f3/element/6a9683e2-ab63-447d-a459-05af7711300f/element HTTP/1.1
User-Agent: selenium/4.5.3 (java mac)
Content-Length: 106
Content-Type: application/json; charset=utf-8
host: localhost:5352
accept: */*

Response DefaultHttpResponse(decodeResult: success, version: HTTP/1.1)
HTTP/1.1 200 OK
Content-Length: 88
Content-Type: application/json; charset=utf-8
cache-control: no-cache

18:23:04.378 [AsyncHttpClient-1-8] DEBUG org.asynchttpclient.netty.channel.ChannelManager - Adding key: http://localhost:5352 for channel [id: 0x2a5c0841, L:/127.0.0.1:54451 - R:localhost/127.0.0.1:5352]
18:23:04.378 [Forwarding getElementText on session ea199b0494febe4b9f04f0b0bbd568f3 to remote] DEBUG org.asynchttpclient.netty.request.NettyRequestSender - Using pooled Channel '[id: 0x2a5c0841, L:/127.0.0.1:54451 - R:localhost/127.0.0.1:5352]' for 'GET' to 'http://localhost:5352/session/ea199b0494febe4b9f04f0b0bbd568f3/element/a2886632-f212-41c4-8753-6bc3fee61cb5/text'
18:23:04.378 [Forwarding getElementText on session ea199b0494febe4b9f04f0b0bbd568f3 to remote] DEBUG org.asynchttpclient.netty.request.NettyRequestSender - Using open Channel [id: 0x2a5c0841, L:/127.0.0.1:54451 - R:localhost/127.0.0.1:5352] for GET '/session/ea199b0494febe4b9f04f0b0bbd568f3/element/a2886632-f212-41c4-8753-6bc3fee61cb5/text'
18:23:04.462 [AsyncHttpClient-1-8] DEBUG org.asynchttpclient.netty.handler.HttpHandler - 

Request DefaultFullHttpRequest(decodeResult: success, version: HTTP/1.1, content: EmptyByteBufBE)
GET /session/ea199b0494febe4b9f04f0b0bbd568f3/element/a2886632-f212-41c4-8753-6bc3fee61cb5/text HTTP/1.1
User-Agent: selenium/4.5.3 (java mac)
Cache-Control: no-cache
Content-Type: application/json; charset=utf-8
host: localhost:5352
accept: */*

Response DefaultHttpResponse(decodeResult: success, version: HTTP/1.1)
HTTP/1.1 200 OK
Content-Length: 19
Content-Type: application/json; charset=utf-8
cache-control: no-cache

18:23:04.463 [AsyncHttpClient-1-8] DEBUG org.asynchttpclient.netty.channel.ChannelManager - Adding key: http://localhost:5352 for channel [id: 0x2a5c0841, L:/127.0.0.1:54451 - R:localhost/127.0.0.1:5352]
18:23:04.464 [Forwarding findChildElement on session ea199b0494febe4b9f04f0b0bbd568f3 to remote] DEBUG org.asynchttpclient.netty.request.NettyRequestSender - Using pooled Channel '[id: 0x2a5c0841, L:/127.0.0.1:54451 - R:localhost/127.0.0.1:5352]' for 'POST' to 'http://localhost:5352/session/ea199b0494febe4b9f04f0b0bbd568f3/element/0c537c84-c9fa-4590-a4ef-b34c9f94ff33/element'
18:23:04.464 [Forwarding findChildElement on session ea199b0494febe4b9f04f0b0bbd568f3 to remote] DEBUG org.asynchttpclient.netty.request.NettyRequestSender - Using open Channel [id: 0x2a5c0841, L:/127.0.0.1:54451 - R:localhost/127.0.0.1:5352] for POST '/session/ea199b0494febe4b9f04f0b0bbd568f3/element/0c537c84-c9fa-4590-a4ef-b34c9f94ff33/element'
18:23:04.516 [AsyncHttpClient-1-8] DEBUG org.asynchttpclient.netty.handler.HttpHandler - 

Request DefaultHttpRequest(decodeResult: success, version: HTTP/1.1)
POST /session/ea199b0494febe4b9f04f0b0bbd568f3/element/0c537c84-c9fa-4590-a4ef-b34c9f94ff33/element HTTP/1.1
User-Agent: selenium/4.5.3 (java mac)
Content-Length: 106
Content-Type: application/json; charset=utf-8
host: localhost:5352
accept: */*

Response DefaultHttpResponse(decodeResult: success, version: HTTP/1.1)
HTTP/1.1 200 OK
Content-Length: 88
Content-Type: application/json; charset=utf-8
cache-control: no-cache

18:23:04.516 [AsyncHttpClient-1-8] DEBUG org.asynchttpclient.netty.channel.ChannelManager - Adding key: http://localhost:5352 for channel [id: 0x2a5c0841, L:/127.0.0.1:54451 - R:localhost/127.0.0.1:5352]
18:23:04.518 [Forwarding getElementText on session ea199b0494febe4b9f04f0b0bbd568f3 to remote] DEBUG org.asynchttpclient.netty.request.NettyRequestSender - Using pooled Channel '[id: 0x2a5c0841, L:/127.0.0.1:54451 - R:localhost/127.0.0.1:5352]' for 'GET' to 'http://localhost:5352/session/ea199b0494febe4b9f04f0b0bbd568f3/element/711bc493-6eac-40e9-8503-94e7ee7c8c1a/text'
18:23:04.518 [Forwarding getElementText on session ea199b0494febe4b9f04f0b0bbd568f3 to remote] DEBUG org.asynchttpclient.netty.request.NettyRequestSender - Using open Channel [id: 0x2a5c0841, L:/127.0.0.1:54451 - R:localhost/127.0.0.1:5352] for GET '/session/ea199b0494febe4b9f04f0b0bbd568f3/element/711bc493-6eac-40e9-8503-94e7ee7c8c1a/text'
18:23:04.566 [AsyncHttpClient-1-8] DEBUG org.asynchttpclient.netty.handler.HttpHandler - 

Request DefaultFullHttpRequest(decodeResult: success, version: HTTP/1.1, content: EmptyByteBufBE)
GET /session/ea199b0494febe4b9f04f0b0bbd568f3/element/711bc493-6eac-40e9-8503-94e7ee7c8c1a/text HTTP/1.1
User-Agent: selenium/4.5.3 (java mac)
Cache-Control: no-cache
Content-Type: application/json; charset=utf-8
host: localhost:5352
accept: */*

Response DefaultHttpResponse(decodeResult: success, version: HTTP/1.1)
HTTP/1.1 200 OK
Content-Length: 86
Content-Type: application/json; charset=utf-8
cache-control: no-cache

18:23:04.566 [AsyncHttpClient-1-8] DEBUG org.asynchttpclient.netty.channel.ChannelManager - Adding key: http://localhost:5352 for channel [id: 0x2a5c0841, L:/127.0.0.1:54451 - R:localhost/127.0.0.1:5352]
18:23:04.567 [Forwarding findChildElement on session ea199b0494febe4b9f04f0b0bbd568f3 to remote] DEBUG org.asynchttpclient.netty.request.NettyRequestSender - Using pooled Channel '[id: 0x2a5c0841, L:/127.0.0.1:54451 - R:localhost/127.0.0.1:5352]' for 'POST' to 'http://localhost:5352/session/ea199b0494febe4b9f04f0b0bbd568f3/element/0c537c84-c9fa-4590-a4ef-b34c9f94ff33/element'
18:23:04.567 [Forwarding findChildElement on session ea199b0494febe4b9f04f0b0bbd568f3 to remote] DEBUG org.asynchttpclient.netty.request.NettyRequestSender - Using open Channel [id: 0x2a5c0841, L:/127.0.0.1:54451 - R:localhost/127.0.0.1:5352] for POST '/session/ea199b0494febe4b9f04f0b0bbd568f3/element/0c537c84-c9fa-4590-a4ef-b34c9f94ff33/element'
18:23:04.593 [AsyncHttpClient-1-8] DEBUG org.asynchttpclient.netty.handler.HttpHandler - 

Request DefaultHttpRequest(decodeResult: success, version: HTTP/1.1)
POST /session/ea199b0494febe4b9f04f0b0bbd568f3/element/0c537c84-c9fa-4590-a4ef-b34c9f94ff33/element HTTP/1.1
User-Agent: selenium/4.5.3 (java mac)
Content-Length: 106
Content-Type: application/json; charset=utf-8
host: localhost:5352
accept: */*

Response DefaultHttpResponse(decodeResult: success, version: HTTP/1.1)
HTTP/1.1 200 OK
Content-Length: 88
Content-Type: application/json; charset=utf-8
cache-control: no-cache

18:23:04.593 [AsyncHttpClient-1-8] DEBUG org.asynchttpclient.netty.channel.ChannelManager - Adding key: http://localhost:5352 for channel [id: 0x2a5c0841, L:/127.0.0.1:54451 - R:localhost/127.0.0.1:5352]
18:23:04.594 [Forwarding getElementText on session ea199b0494febe4b9f04f0b0bbd568f3 to remote] DEBUG org.asynchttpclient.netty.request.NettyRequestSender - Using pooled Channel '[id: 0x2a5c0841, L:/127.0.0.1:54451 - R:localhost/127.0.0.1:5352]' for 'GET' to 'http://localhost:5352/session/ea199b0494febe4b9f04f0b0bbd568f3/element/a3932508-b9a4-4664-bffd-6a433a323fc8/text'
18:23:04.594 [Forwarding getElementText on session ea199b0494febe4b9f04f0b0bbd568f3 to remote] DEBUG org.asynchttpclient.netty.request.NettyRequestSender - Using open Channel [id: 0x2a5c0841, L:/127.0.0.1:54451 - R:localhost/127.0.0.1:5352] for GET '/session/ea199b0494febe4b9f04f0b0bbd568f3/element/a3932508-b9a4-4664-bffd-6a433a323fc8/text'
18:23:04.622 [AsyncHttpClient-1-8] DEBUG org.asynchttpclient.netty.handler.HttpHandler - 

Request DefaultFullHttpRequest(decodeResult: success, version: HTTP/1.1, content: EmptyByteBufBE)
GET /session/ea199b0494febe4b9f04f0b0bbd568f3/element/a3932508-b9a4-4664-bffd-6a433a323fc8/text HTTP/1.1
User-Agent: selenium/4.5.3 (java mac)
Cache-Control: no-cache
Content-Type: application/json; charset=utf-8
host: localhost:5352
accept: */*

Response DefaultHttpResponse(decodeResult: success, version: HTTP/1.1)
HTTP/1.1 200 OK
Content-Length: 30
Content-Type: application/json; charset=utf-8
cache-control: no-cache

18:23:04.622 [AsyncHttpClient-1-8] DEBUG org.asynchttpclient.netty.channel.ChannelManager - Adding key: http://localhost:5352 for channel [id: 0x2a5c0841, L:/127.0.0.1:54451 - R:localhost/127.0.0.1:5352]
18:23:04.628 [Forwarding findChildElement on session ea199b0494febe4b9f04f0b0bbd568f3 to remote] DEBUG org.asynchttpclient.netty.request.NettyRequestSender - Using pooled Channel '[id: 0x2a5c0841, L:/127.0.0.1:54451 - R:localhost/127.0.0.1:5352]' for 'POST' to 'http://localhost:5352/session/ea199b0494febe4b9f04f0b0bbd568f3/element/2d1e993d-a6fb-4a9c-b530-a1de7178d57d/element'
18:23:04.628 [Forwarding findChildElement on session ea199b0494febe4b9f04f0b0bbd568f3 to remote] DEBUG org.asynchttpclient.netty.request.NettyRequestSender - Using open Channel [id: 0x2a5c0841, L:/127.0.0.1:54451 - R:localhost/127.0.0.1:5352] for POST '/session/ea199b0494febe4b9f04f0b0bbd568f3/element/2d1e993d-a6fb-4a9c-b530-a1de7178d57d/element'
18:23:04.749 [AsyncHttpClient-1-8] DEBUG org.asynchttpclient.netty.handler.HttpHandler - 

Request DefaultHttpRequest(decodeResult: success, version: HTTP/1.1)
POST /session/ea199b0494febe4b9f04f0b0bbd568f3/element/2d1e993d-a6fb-4a9c-b530-a1de7178d57d/element HTTP/1.1
User-Agent: selenium/4.5.3 (java mac)
Content-Length: 106
Content-Type: application/json; charset=utf-8
host: localhost:5352
accept: */*

Response DefaultHttpResponse(decodeResult: success, version: HTTP/1.1)
HTTP/1.1 200 OK
Content-Length: 88
Content-Type: application/json; charset=utf-8
cache-control: no-cache

18:23:04.749 [AsyncHttpClient-1-8] DEBUG org.asynchttpclient.netty.channel.ChannelManager - Adding key: http://localhost:5352 for channel [id: 0x2a5c0841, L:/127.0.0.1:54451 - R:localhost/127.0.0.1:5352]
18:23:04.750 [Forwarding getElementText on session ea199b0494febe4b9f04f0b0bbd568f3 to remote] DEBUG org.asynchttpclient.netty.request.NettyRequestSender - Using pooled Channel '[id: 0x2a5c0841, L:/127.0.0.1:54451 - R:localhost/127.0.0.1:5352]' for 'GET' to 'http://localhost:5352/session/ea199b0494febe4b9f04f0b0bbd568f3/element/497d5203-18c3-4002-a605-2a3fa36f372f/text'
18:23:04.751 [Forwarding getElementText on session ea199b0494febe4b9f04f0b0bbd568f3 to remote] DEBUG org.asynchttpclient.netty.request.NettyRequestSender - Using open Channel [id: 0x2a5c0841, L:/127.0.0.1:54451 - R:localhost/127.0.0.1:5352] for GET '/session/ea199b0494febe4b9f04f0b0bbd568f3/element/497d5203-18c3-4002-a605-2a3fa36f372f/text'
18:23:04.810 [AsyncHttpClient-1-1] DEBUG org.asynchttpclient.netty.channel.DefaultChannelPool - Entry count for : http://localhost:54452 : 1
18:23:04.907 [AsyncHttpClient-1-8] DEBUG org.asynchttpclient.netty.handler.HttpHandler - 

Request DefaultFullHttpRequest(decodeResult: success, version: HTTP/1.1, content: EmptyByteBufBE)
GET /session/ea199b0494febe4b9f04f0b0bbd568f3/element/497d5203-18c3-4002-a605-2a3fa36f372f/text HTTP/1.1
User-Agent: selenium/4.5.3 (java mac)
Cache-Control: no-cache
Content-Type: application/json; charset=utf-8
host: localhost:5352
accept: */*

Response DefaultHttpResponse(decodeResult: success, version: HTTP/1.1)
HTTP/1.1 200 OK
Content-Length: 88
Content-Type: application/json; charset=utf-8
cache-control: no-cache

18:23:04.907 [AsyncHttpClient-1-8] DEBUG org.asynchttpclient.netty.channel.ChannelManager - Adding key: http://localhost:5352 for channel [id: 0x2a5c0841, L:/127.0.0.1:54451 - R:localhost/127.0.0.1:5352]
18:23:04.908 [Forwarding findChildElement on session ea199b0494febe4b9f04f0b0bbd568f3 to remote] DEBUG org.asynchttpclient.netty.request.NettyRequestSender - Using pooled Channel '[id: 0x2a5c0841, L:/127.0.0.1:54451 - R:localhost/127.0.0.1:5352]' for 'POST' to 'http://localhost:5352/session/ea199b0494febe4b9f04f0b0bbd568f3/element/2d1e993d-a6fb-4a9c-b530-a1de7178d57d/element'
18:23:04.908 [Forwarding findChildElement on session ea199b0494febe4b9f04f0b0bbd568f3 to remote] DEBUG org.asynchttpclient.netty.request.NettyRequestSender - Using open Channel [id: 0x2a5c0841, L:/127.0.0.1:54451 - R:localhost/127.0.0.1:5352] for POST '/session/ea199b0494febe4b9f04f0b0bbd568f3/element/2d1e993d-a6fb-4a9c-b530-a1de7178d57d/element'
18:23:04.924 [AsyncHttpClient-1-8] DEBUG org.asynchttpclient.netty.handler.HttpHandler - 

Request DefaultHttpRequest(decodeResult: success, version: HTTP/1.1)
POST /session/ea199b0494febe4b9f04f0b0bbd568f3/element/2d1e993d-a6fb-4a9c-b530-a1de7178d57d/element HTTP/1.1
User-Agent: selenium/4.5.3 (java mac)
Content-Length: 106
Content-Type: application/json; charset=utf-8
host: localhost:5352
accept: */*

Response DefaultHttpResponse(decodeResult: success, version: HTTP/1.1)
HTTP/1.1 200 OK
Content-Length: 88
Content-Type: application/json; charset=utf-8
cache-control: no-cache

18:23:04.924 [AsyncHttpClient-1-8] DEBUG org.asynchttpclient.netty.channel.ChannelManager - Adding key: http://localhost:5352 for channel [id: 0x2a5c0841, L:/127.0.0.1:54451 - R:localhost/127.0.0.1:5352]
18:23:04.925 [Forwarding getElementText on session ea199b0494febe4b9f04f0b0bbd568f3 to remote] DEBUG org.asynchttpclient.netty.request.NettyRequestSender - Using pooled Channel '[id: 0x2a5c0841, L:/127.0.0.1:54451 - R:localhost/127.0.0.1:5352]' for 'GET' to 'http://localhost:5352/session/ea199b0494febe4b9f04f0b0bbd568f3/element/38c2c098-e2cf-4b09-afcd-24a73776f777/text'
18:23:04.925 [Forwarding getElementText on session ea199b0494febe4b9f04f0b0bbd568f3 to remote] DEBUG org.asynchttpclient.netty.request.NettyRequestSender - Using open Channel [id: 0x2a5c0841, L:/127.0.0.1:54451 - R:localhost/127.0.0.1:5352] for GET '/session/ea199b0494febe4b9f04f0b0bbd568f3/element/38c2c098-e2cf-4b09-afcd-24a73776f777/text'
18:23:04.985 [AsyncHttpClient-1-8] DEBUG org.asynchttpclient.netty.handler.HttpHandler - 

Request DefaultFullHttpRequest(decodeResult: success, version: HTTP/1.1, content: EmptyByteBufBE)
GET /session/ea199b0494febe4b9f04f0b0bbd568f3/element/38c2c098-e2cf-4b09-afcd-24a73776f777/text HTTP/1.1
User-Agent: selenium/4.5.3 (java mac)
Cache-Control: no-cache
Content-Type: application/json; charset=utf-8
host: localhost:5352
accept: */*

Response DefaultHttpResponse(decodeResult: success, version: HTTP/1.1)
HTTP/1.1 200 OK
Content-Length: 19
Content-Type: application/json; charset=utf-8
cache-control: no-cache

18:23:04.985 [AsyncHttpClient-1-8] DEBUG org.asynchttpclient.netty.channel.ChannelManager - Adding key: http://localhost:5352 for channel [id: 0x2a5c0841, L:/127.0.0.1:54451 - R:localhost/127.0.0.1:5352]
18:23:04.987 [Forwarding findChildElement on session ea199b0494febe4b9f04f0b0bbd568f3 to remote] DEBUG org.asynchttpclient.netty.request.NettyRequestSender - Using pooled Channel '[id: 0x2a5c0841, L:/127.0.0.1:54451 - R:localhost/127.0.0.1:5352]' for 'POST' to 'http://localhost:5352/session/ea199b0494febe4b9f04f0b0bbd568f3/element/6d958c00-14f4-44b2-8979-07024c149589/element'
18:23:04.987 [Forwarding findChildElement on session ea199b0494febe4b9f04f0b0bbd568f3 to remote] DEBUG org.asynchttpclient.netty.request.NettyRequestSender - Using open Channel [id: 0x2a5c0841, L:/127.0.0.1:54451 - R:localhost/127.0.0.1:5352] for POST '/session/ea199b0494febe4b9f04f0b0bbd568f3/element/6d958c00-14f4-44b2-8979-07024c149589/element'
18:23:05.044 [AsyncHttpClient-1-8] DEBUG org.asynchttpclient.netty.handler.HttpHandler - 

Request DefaultHttpRequest(decodeResult: success, version: HTTP/1.1)
POST /session/ea199b0494febe4b9f04f0b0bbd568f3/element/6d958c00-14f4-44b2-8979-07024c149589/element HTTP/1.1
User-Agent: selenium/4.5.3 (java mac)
Content-Length: 106
Content-Type: application/json; charset=utf-8
host: localhost:5352
accept: */*

Response DefaultHttpResponse(decodeResult: success, version: HTTP/1.1)
HTTP/1.1 200 OK
Content-Length: 88
Content-Type: application/json; charset=utf-8
cache-control: no-cache

18:23:05.044 [AsyncHttpClient-1-8] DEBUG org.asynchttpclient.netty.channel.ChannelManager - Adding key: http://localhost:5352 for channel [id: 0x2a5c0841, L:/127.0.0.1:54451 - R:localhost/127.0.0.1:5352]
18:23:05.046 [Forwarding getElementText on session ea199b0494febe4b9f04f0b0bbd568f3 to remote] DEBUG org.asynchttpclient.netty.request.NettyRequestSender - Using pooled Channel '[id: 0x2a5c0841, L:/127.0.0.1:54451 - R:localhost/127.0.0.1:5352]' for 'GET' to 'http://localhost:5352/session/ea199b0494febe4b9f04f0b0bbd568f3/element/ed5c1db2-56e7-4a3f-94a2-37b9cfb2f448/text'
18:23:05.046 [Forwarding getElementText on session ea199b0494febe4b9f04f0b0bbd568f3 to remote] DEBUG org.asynchttpclient.netty.request.NettyRequestSender - Using open Channel [id: 0x2a5c0841, L:/127.0.0.1:54451 - R:localhost/127.0.0.1:5352] for GET '/session/ea199b0494febe4b9f04f0b0bbd568f3/element/ed5c1db2-56e7-4a3f-94a2-37b9cfb2f448/text'
18:23:05.090 [AsyncHttpClient-1-8] DEBUG org.asynchttpclient.netty.handler.HttpHandler - 

Request DefaultFullHttpRequest(decodeResult: success, version: HTTP/1.1, content: EmptyByteBufBE)
GET /session/ea199b0494febe4b9f04f0b0bbd568f3/element/ed5c1db2-56e7-4a3f-94a2-37b9cfb2f448/text HTTP/1.1
User-Agent: selenium/4.5.3 (java mac)
Cache-Control: no-cache
Content-Type: application/json; charset=utf-8
host: localhost:5352
accept: */*

Response DefaultHttpResponse(decodeResult: success, version: HTTP/1.1)
HTTP/1.1 200 OK
Content-Length: 92
Content-Type: application/json; charset=utf-8
cache-control: no-cache

18:23:05.090 [AsyncHttpClient-1-8] DEBUG org.asynchttpclient.netty.channel.ChannelManager - Adding key: http://localhost:5352 for channel [id: 0x2a5c0841, L:/127.0.0.1:54451 - R:localhost/127.0.0.1:5352]
18:23:05.091 [Forwarding findChildElement on session ea199b0494febe4b9f04f0b0bbd568f3 to remote] DEBUG org.asynchttpclient.netty.request.NettyRequestSender - Using pooled Channel '[id: 0x2a5c0841, L:/127.0.0.1:54451 - R:localhost/127.0.0.1:5352]' for 'POST' to 'http://localhost:5352/session/ea199b0494febe4b9f04f0b0bbd568f3/element/6d958c00-14f4-44b2-8979-07024c149589/element'
18:23:05.091 [Forwarding findChildElement on session ea199b0494febe4b9f04f0b0bbd568f3 to remote] DEBUG org.asynchttpclient.netty.request.NettyRequestSender - Using open Channel [id: 0x2a5c0841, L:/127.0.0.1:54451 - R:localhost/127.0.0.1:5352] for POST '/session/ea199b0494febe4b9f04f0b0bbd568f3/element/6d958c00-14f4-44b2-8979-07024c149589/element'
18:23:05.105 [AsyncHttpClient-1-8] DEBUG org.asynchttpclient.netty.handler.HttpHandler - 

Request DefaultHttpRequest(decodeResult: success, version: HTTP/1.1)
POST /session/ea199b0494febe4b9f04f0b0bbd568f3/element/6d958c00-14f4-44b2-8979-07024c149589/element HTTP/1.1
User-Agent: selenium/4.5.3 (java mac)
Content-Length: 106
Content-Type: application/json; charset=utf-8
host: localhost:5352
accept: */*

Response DefaultHttpResponse(decodeResult: success, version: HTTP/1.1)
HTTP/1.1 200 OK
Content-Length: 88
Content-Type: application/json; charset=utf-8
cache-control: no-cache

18:23:05.106 [AsyncHttpClient-1-8] DEBUG org.asynchttpclient.netty.channel.ChannelManager - Adding key: http://localhost:5352 for channel [id: 0x2a5c0841, L:/127.0.0.1:54451 - R:localhost/127.0.0.1:5352]
18:23:05.110 [Forwarding getElementText on session ea199b0494febe4b9f04f0b0bbd568f3 to remote] DEBUG org.asynchttpclient.netty.request.NettyRequestSender - Using pooled Channel '[id: 0x2a5c0841, L:/127.0.0.1:54451 - R:localhost/127.0.0.1:5352]' for 'GET' to 'http://localhost:5352/session/ea199b0494febe4b9f04f0b0bbd568f3/element/d5f9ebf0-0639-4ad2-b8a3-06a1d2e7522a/text'
18:23:05.110 [Forwarding getElementText on session ea199b0494febe4b9f04f0b0bbd568f3 to remote] DEBUG org.asynchttpclient.netty.request.NettyRequestSender - Using open Channel [id: 0x2a5c0841, L:/127.0.0.1:54451 - R:localhost/127.0.0.1:5352] for GET '/session/ea199b0494febe4b9f04f0b0bbd568f3/element/d5f9ebf0-0639-4ad2-b8a3-06a1d2e7522a/text'
18:23:05.131 [AsyncHttpClient-1-8] DEBUG org.asynchttpclient.netty.handler.HttpHandler - 

Request DefaultFullHttpRequest(decodeResult: success, version: HTTP/1.1, content: EmptyByteBufBE)
GET /session/ea199b0494febe4b9f04f0b0bbd568f3/element/d5f9ebf0-0639-4ad2-b8a3-06a1d2e7522a/text HTTP/1.1
User-Agent: selenium/4.5.3 (java mac)
Cache-Control: no-cache
Content-Type: application/json; charset=utf-8
host: localhost:5352
accept: */*

Response DefaultHttpResponse(decodeResult: success, version: HTTP/1.1)
HTTP/1.1 200 OK
Content-Length: 19
Content-Type: application/json; charset=utf-8
cache-control: no-cache

18:23:05.133 [AsyncHttpClient-1-8] DEBUG org.asynchttpclient.netty.channel.ChannelManager - Adding key: http://localhost:5352 for channel [id: 0x2a5c0841, L:/127.0.0.1:54451 - R:localhost/127.0.0.1:5352]
18:23:05.140 [Forwarding findChildElement on session ea199b0494febe4b9f04f0b0bbd568f3 to remote] DEBUG org.asynchttpclient.netty.request.NettyRequestSender - Using pooled Channel '[id: 0x2a5c0841, L:/127.0.0.1:54451 - R:localhost/127.0.0.1:5352]' for 'POST' to 'http://localhost:5352/session/ea199b0494febe4b9f04f0b0bbd568f3/element/c602e6ec-1212-4899-8b0e-779105c42f6b/element'
18:23:05.140 [Forwarding findChildElement on session ea199b0494febe4b9f04f0b0bbd568f3 to remote] DEBUG org.asynchttpclient.netty.request.NettyRequestSender - Using open Channel [id: 0x2a5c0841, L:/127.0.0.1:54451 - R:localhost/127.0.0.1:5352] for POST '/session/ea199b0494febe4b9f04f0b0bbd568f3/element/c602e6ec-1212-4899-8b0e-779105c42f6b/element'
18:23:05.263 [AsyncHttpClient-1-8] DEBUG org.asynchttpclient.netty.handler.HttpHandler - 

Request DefaultHttpRequest(decodeResult: success, version: HTTP/1.1)
POST /session/ea199b0494febe4b9f04f0b0bbd568f3/element/c602e6ec-1212-4899-8b0e-779105c42f6b/element HTTP/1.1
User-Agent: selenium/4.5.3 (java mac)
Content-Length: 106
Content-Type: application/json; charset=utf-8
host: localhost:5352
accept: */*

Response DefaultHttpResponse(decodeResult: success, version: HTTP/1.1)
HTTP/1.1 200 OK
Content-Length: 88
Content-Type: application/json; charset=utf-8
cache-control: no-cache

18:23:05.264 [AsyncHttpClient-1-8] DEBUG org.asynchttpclient.netty.channel.ChannelManager - Adding key: http://localhost:5352 for channel [id: 0x2a5c0841, L:/127.0.0.1:54451 - R:localhost/127.0.0.1:5352]
18:23:05.265 [Forwarding getElementText on session ea199b0494febe4b9f04f0b0bbd568f3 to remote] DEBUG org.asynchttpclient.netty.request.NettyRequestSender - Using pooled Channel '[id: 0x2a5c0841, L:/127.0.0.1:54451 - R:localhost/127.0.0.1:5352]' for 'GET' to 'http://localhost:5352/session/ea199b0494febe4b9f04f0b0bbd568f3/element/21387f37-d8d1-4793-82f4-302f8c0fea67/text'
18:23:05.265 [Forwarding getElementText on session ea199b0494febe4b9f04f0b0bbd568f3 to remote] DEBUG org.asynchttpclient.netty.request.NettyRequestSender - Using open Channel [id: 0x2a5c0841, L:/127.0.0.1:54451 - R:localhost/127.0.0.1:5352] for GET '/session/ea199b0494febe4b9f04f0b0bbd568f3/element/21387f37-d8d1-4793-82f4-302f8c0fea67/text'
18:23:05.282 [AsyncHttpClient-1-8] DEBUG org.asynchttpclient.netty.handler.HttpHandler - 

Request DefaultFullHttpRequest(decodeResult: success, version: HTTP/1.1, content: EmptyByteBufBE)
GET /session/ea199b0494febe4b9f04f0b0bbd568f3/element/21387f37-d8d1-4793-82f4-302f8c0fea67/text HTTP/1.1
User-Agent: selenium/4.5.3 (java mac)
Cache-Control: no-cache
Content-Type: application/json; charset=utf-8
host: localhost:5352
accept: */*

Response DefaultHttpResponse(decodeResult: success, version: HTTP/1.1)
HTTP/1.1 200 OK
Content-Length: 76
Content-Type: application/json; charset=utf-8
cache-control: no-cache

18:23:05.283 [AsyncHttpClient-1-8] DEBUG org.asynchttpclient.netty.channel.ChannelManager - Adding key: http://localhost:5352 for channel [id: 0x2a5c0841, L:/127.0.0.1:54451 - R:localhost/127.0.0.1:5352]
18:23:05.292 [Forwarding findChildElement on session ea199b0494febe4b9f04f0b0bbd568f3 to remote] DEBUG org.asynchttpclient.netty.request.NettyRequestSender - Using pooled Channel '[id: 0x2a5c0841, L:/127.0.0.1:54451 - R:localhost/127.0.0.1:5352]' for 'POST' to 'http://localhost:5352/session/ea199b0494febe4b9f04f0b0bbd568f3/element/c602e6ec-1212-4899-8b0e-779105c42f6b/element'
18:23:05.293 [Forwarding findChildElement on session ea199b0494febe4b9f04f0b0bbd568f3 to remote] DEBUG org.asynchttpclient.netty.request.NettyRequestSender - Using open Channel [id: 0x2a5c0841, L:/127.0.0.1:54451 - R:localhost/127.0.0.1:5352] for POST '/session/ea199b0494febe4b9f04f0b0bbd568f3/element/c602e6ec-1212-4899-8b0e-779105c42f6b/element'
18:23:05.352 [AsyncHttpClient-1-8] DEBUG org.asynchttpclient.netty.handler.HttpHandler - 

Request DefaultHttpRequest(decodeResult: success, version: HTTP/1.1)
POST /session/ea199b0494febe4b9f04f0b0bbd568f3/element/c602e6ec-1212-4899-8b0e-779105c42f6b/element HTTP/1.1
User-Agent: selenium/4.5.3 (java mac)
Content-Length: 106
Content-Type: application/json; charset=utf-8
host: localhost:5352
accept: */*

Response DefaultHttpResponse(decodeResult: success, version: HTTP/1.1)
HTTP/1.1 200 OK
Content-Length: 88
Content-Type: application/json; charset=utf-8
cache-control: no-cache

18:23:05.352 [AsyncHttpClient-1-8] DEBUG org.asynchttpclient.netty.channel.ChannelManager - Adding key: http://localhost:5352 for channel [id: 0x2a5c0841, L:/127.0.0.1:54451 - R:localhost/127.0.0.1:5352]
18:23:05.353 [Forwarding getElementText on session ea199b0494febe4b9f04f0b0bbd568f3 to remote] DEBUG org.asynchttpclient.netty.request.NettyRequestSender - Using pooled Channel '[id: 0x2a5c0841, L:/127.0.0.1:54451 - R:localhost/127.0.0.1:5352]' for 'GET' to 'http://localhost:5352/session/ea199b0494febe4b9f04f0b0bbd568f3/element/c9a3e3b7-5f1b-4f45-9dd2-48460aa2df0b/text'
18:23:05.353 [Forwarding getElementText on session ea199b0494febe4b9f04f0b0bbd568f3 to remote] DEBUG org.asynchttpclient.netty.request.NettyRequestSender - Using open Channel [id: 0x2a5c0841, L:/127.0.0.1:54451 - R:localhost/127.0.0.1:5352] for GET '/session/ea199b0494febe4b9f04f0b0bbd568f3/element/c9a3e3b7-5f1b-4f45-9dd2-48460aa2df0b/text'
18:23:05.384 [AsyncHttpClient-1-8] DEBUG org.asynchttpclient.netty.handler.HttpHandler - 

Request DefaultFullHttpRequest(decodeResult: success, version: HTTP/1.1, content: EmptyByteBufBE)
GET /session/ea199b0494febe4b9f04f0b0bbd568f3/element/c9a3e3b7-5f1b-4f45-9dd2-48460aa2df0b/text HTTP/1.1
User-Agent: selenium/4.5.3 (java mac)
Cache-Control: no-cache
Content-Type: application/json; charset=utf-8
host: localhost:5352
accept: */*

Response DefaultHttpResponse(decodeResult: success, version: HTTP/1.1)
HTTP/1.1 200 OK
Content-Length: 19
Content-Type: application/json; charset=utf-8
cache-control: no-cache

18:23:05.384 [AsyncHttpClient-1-8] DEBUG org.asynchttpclient.netty.channel.ChannelManager - Adding key: http://localhost:5352 for channel [id: 0x2a5c0841, L:/127.0.0.1:54451 - R:localhost/127.0.0.1:5352]
18:23:05.385 [Forwarding findChildElement on session ea199b0494febe4b9f04f0b0bbd568f3 to remote] DEBUG org.asynchttpclient.netty.request.NettyRequestSender - Using pooled Channel '[id: 0x2a5c0841, L:/127.0.0.1:54451 - R:localhost/127.0.0.1:5352]' for 'POST' to 'http://localhost:5352/session/ea199b0494febe4b9f04f0b0bbd568f3/element/4ccfd2f1-42f7-4c63-bca5-4faa5046123d/element'
18:23:05.385 [Forwarding findChildElement on session ea199b0494febe4b9f04f0b0bbd568f3 to remote] DEBUG org.asynchttpclient.netty.request.NettyRequestSender - Using open Channel [id: 0x2a5c0841, L:/127.0.0.1:54451 - R:localhost/127.0.0.1:5352] for POST '/session/ea199b0494febe4b9f04f0b0bbd568f3/element/4ccfd2f1-42f7-4c63-bca5-4faa5046123d/element'
18:23:05.543 [AsyncHttpClient-1-8] DEBUG org.asynchttpclient.netty.handler.HttpHandler - 

Request DefaultHttpRequest(decodeResult: success, version: HTTP/1.1)
POST /session/ea199b0494febe4b9f04f0b0bbd568f3/element/4ccfd2f1-42f7-4c63-bca5-4faa5046123d/element HTTP/1.1
User-Agent: selenium/4.5.3 (java mac)
Content-Length: 106
Content-Type: application/json; charset=utf-8
host: localhost:5352
accept: */*

Response DefaultHttpResponse(decodeResult: success, version: HTTP/1.1)
HTTP/1.1 200 OK
Content-Length: 88
Content-Type: application/json; charset=utf-8
cache-control: no-cache

18:23:05.543 [AsyncHttpClient-1-8] DEBUG org.asynchttpclient.netty.channel.ChannelManager - Adding key: http://localhost:5352 for channel [id: 0x2a5c0841, L:/127.0.0.1:54451 - R:localhost/127.0.0.1:5352]
18:23:05.545 [Forwarding getElementText on session ea199b0494febe4b9f04f0b0bbd568f3 to remote] DEBUG org.asynchttpclient.netty.request.NettyRequestSender - Using pooled Channel '[id: 0x2a5c0841, L:/127.0.0.1:54451 - R:localhost/127.0.0.1:5352]' for 'GET' to 'http://localhost:5352/session/ea199b0494febe4b9f04f0b0bbd568f3/element/9a214d2b-df68-4728-8e94-32414281a5e0/text'
18:23:05.546 [Forwarding getElementText on session ea199b0494febe4b9f04f0b0bbd568f3 to remote] DEBUG org.asynchttpclient.netty.request.NettyRequestSender - Using open Channel [id: 0x2a5c0841, L:/127.0.0.1:54451 - R:localhost/127.0.0.1:5352] for GET '/session/ea199b0494febe4b9f04f0b0bbd568f3/element/9a214d2b-df68-4728-8e94-32414281a5e0/text'
18:23:05.595 [AsyncHttpClient-1-8] DEBUG org.asynchttpclient.netty.handler.HttpHandler - 

Request DefaultFullHttpRequest(decodeResult: success, version: HTTP/1.1, content: EmptyByteBufBE)
GET /session/ea199b0494febe4b9f04f0b0bbd568f3/element/9a214d2b-df68-4728-8e94-32414281a5e0/text HTTP/1.1
User-Agent: selenium/4.5.3 (java mac)
Cache-Control: no-cache
Content-Type: application/json; charset=utf-8
host: localhost:5352
accept: */*

Response DefaultHttpResponse(decodeResult: success, version: HTTP/1.1)
HTTP/1.1 200 OK
Content-Length: 81
Content-Type: application/json; charset=utf-8
cache-control: no-cache

18:23:05.595 [AsyncHttpClient-1-8] DEBUG org.asynchttpclient.netty.channel.ChannelManager - Adding key: http://localhost:5352 for channel [id: 0x2a5c0841, L:/127.0.0.1:54451 - R:localhost/127.0.0.1:5352]
18:23:05.598 [Forwarding findChildElement on session ea199b0494febe4b9f04f0b0bbd568f3 to remote] DEBUG org.asynchttpclient.netty.request.NettyRequestSender - Using pooled Channel '[id: 0x2a5c0841, L:/127.0.0.1:54451 - R:localhost/127.0.0.1:5352]' for 'POST' to 'http://localhost:5352/session/ea199b0494febe4b9f04f0b0bbd568f3/element/4ccfd2f1-42f7-4c63-bca5-4faa5046123d/element'
18:23:05.599 [Forwarding findChildElement on session ea199b0494febe4b9f04f0b0bbd568f3 to remote] DEBUG org.asynchttpclient.netty.request.NettyRequestSender - Using open Channel [id: 0x2a5c0841, L:/127.0.0.1:54451 - R:localhost/127.0.0.1:5352] for POST '/session/ea199b0494febe4b9f04f0b0bbd568f3/element/4ccfd2f1-42f7-4c63-bca5-4faa5046123d/element'
18:23:05.614 [AsyncHttpClient-1-8] DEBUG org.asynchttpclient.netty.handler.HttpHandler - 

Request DefaultHttpRequest(decodeResult: success, version: HTTP/1.1)
POST /session/ea199b0494febe4b9f04f0b0bbd568f3/element/4ccfd2f1-42f7-4c63-bca5-4faa5046123d/element HTTP/1.1
User-Agent: selenium/4.5.3 (java mac)
Content-Length: 106
Content-Type: application/json; charset=utf-8
host: localhost:5352
accept: */*

Response DefaultHttpResponse(decodeResult: success, version: HTTP/1.1)
HTTP/1.1 200 OK
Content-Length: 88
Content-Type: application/json; charset=utf-8
cache-control: no-cache

18:23:05.614 [AsyncHttpClient-1-8] DEBUG org.asynchttpclient.netty.channel.ChannelManager - Adding key: http://localhost:5352 for channel [id: 0x2a5c0841, L:/127.0.0.1:54451 - R:localhost/127.0.0.1:5352]
18:23:05.615 [Forwarding getElementText on session ea199b0494febe4b9f04f0b0bbd568f3 to remote] DEBUG org.asynchttpclient.netty.request.NettyRequestSender - Using pooled Channel '[id: 0x2a5c0841, L:/127.0.0.1:54451 - R:localhost/127.0.0.1:5352]' for 'GET' to 'http://localhost:5352/session/ea199b0494febe4b9f04f0b0bbd568f3/element/fa62fff7-1397-4a92-8855-1a47ac179042/text'
18:23:05.615 [Forwarding getElementText on session ea199b0494febe4b9f04f0b0bbd568f3 to remote] DEBUG org.asynchttpclient.netty.request.NettyRequestSender - Using open Channel [id: 0x2a5c0841, L:/127.0.0.1:54451 - R:localhost/127.0.0.1:5352] for GET '/session/ea199b0494febe4b9f04f0b0bbd568f3/element/fa62fff7-1397-4a92-8855-1a47ac179042/text'
18:23:05.653 [AsyncHttpClient-1-8] DEBUG org.asynchttpclient.netty.handler.HttpHandler - 

Request DefaultFullHttpRequest(decodeResult: success, version: HTTP/1.1, content: EmptyByteBufBE)
GET /session/ea199b0494febe4b9f04f0b0bbd568f3/element/fa62fff7-1397-4a92-8855-1a47ac179042/text HTTP/1.1
User-Agent: selenium/4.5.3 (java mac)
Cache-Control: no-cache
Content-Type: application/json; charset=utf-8
host: localhost:5352
accept: */*

Response DefaultHttpResponse(decodeResult: success, version: HTTP/1.1)
HTTP/1.1 200 OK
Content-Length: 19
Content-Type: application/json; charset=utf-8
cache-control: no-cache

18:23:05.654 [AsyncHttpClient-1-8] DEBUG org.asynchttpclient.netty.channel.ChannelManager - Adding key: http://localhost:5352 for channel [id: 0x2a5c0841, L:/127.0.0.1:54451 - R:localhost/127.0.0.1:5352]
18:23:05.658 [Forwarding findChildElement on session ea199b0494febe4b9f04f0b0bbd568f3 to remote] DEBUG org.asynchttpclient.netty.request.NettyRequestSender - Using pooled Channel '[id: 0x2a5c0841, L:/127.0.0.1:54451 - R:localhost/127.0.0.1:5352]' for 'POST' to 'http://localhost:5352/session/ea199b0494febe4b9f04f0b0bbd568f3/element/baaf1074-1e0d-440e-ba02-a9e1015018e7/element'
18:23:05.659 [Forwarding findChildElement on session ea199b0494febe4b9f04f0b0bbd568f3 to remote] DEBUG org.asynchttpclient.netty.request.NettyRequestSender - Using open Channel [id: 0x2a5c0841, L:/127.0.0.1:54451 - R:localhost/127.0.0.1:5352] for POST '/session/ea199b0494febe4b9f04f0b0bbd568f3/element/baaf1074-1e0d-440e-ba02-a9e1015018e7/element'
18:23:05.848 [AsyncHttpClient-1-8] DEBUG org.asynchttpclient.netty.handler.HttpHandler - 

Request DefaultHttpRequest(decodeResult: success, version: HTTP/1.1)
POST /session/ea199b0494febe4b9f04f0b0bbd568f3/element/baaf1074-1e0d-440e-ba02-a9e1015018e7/element HTTP/1.1
User-Agent: selenium/4.5.3 (java mac)
Content-Length: 106
Content-Type: application/json; charset=utf-8
host: localhost:5352
accept: */*

Response DefaultHttpResponse(decodeResult: success, version: HTTP/1.1)
HTTP/1.1 200 OK
Content-Length: 88
Content-Type: application/json; charset=utf-8
cache-control: no-cache

18:23:05.848 [AsyncHttpClient-1-8] DEBUG org.asynchttpclient.netty.channel.ChannelManager - Adding key: http://localhost:5352 for channel [id: 0x2a5c0841, L:/127.0.0.1:54451 - R:localhost/127.0.0.1:5352]
18:23:05.849 [Forwarding getElementText on session ea199b0494febe4b9f04f0b0bbd568f3 to remote] DEBUG org.asynchttpclient.netty.request.NettyRequestSender - Using pooled Channel '[id: 0x2a5c0841, L:/127.0.0.1:54451 - R:localhost/127.0.0.1:5352]' for 'GET' to 'http://localhost:5352/session/ea199b0494febe4b9f04f0b0bbd568f3/element/e22de10e-1c91-4541-ae69-95a378c33aca/text'
18:23:05.849 [Forwarding getElementText on session ea199b0494febe4b9f04f0b0bbd568f3 to remote] DEBUG org.asynchttpclient.netty.request.NettyRequestSender - Using open Channel [id: 0x2a5c0841, L:/127.0.0.1:54451 - R:localhost/127.0.0.1:5352] for GET '/session/ea199b0494febe4b9f04f0b0bbd568f3/element/e22de10e-1c91-4541-ae69-95a378c33aca/text'
18:23:05.910 [AsyncHttpClient-1-1] DEBUG org.asynchttpclient.netty.channel.DefaultChannelPool - Entry count for : http://localhost:54452 : 1
18:23:05.939 [AsyncHttpClient-1-8] DEBUG org.asynchttpclient.netty.handler.HttpHandler - 

Request DefaultFullHttpRequest(decodeResult: success, version: HTTP/1.1, content: EmptyByteBufBE)
GET /session/ea199b0494febe4b9f04f0b0bbd568f3/element/e22de10e-1c91-4541-ae69-95a378c33aca/text HTTP/1.1
User-Agent: selenium/4.5.3 (java mac)
Cache-Control: no-cache
Content-Type: application/json; charset=utf-8
host: localhost:5352
accept: */*

Response DefaultHttpResponse(decodeResult: success, version: HTTP/1.1)
HTTP/1.1 200 OK
Content-Length: 72
Content-Type: application/json; charset=utf-8
cache-control: no-cache

18:23:05.939 [AsyncHttpClient-1-8] DEBUG org.asynchttpclient.netty.channel.ChannelManager - Adding key: http://localhost:5352 for channel [id: 0x2a5c0841, L:/127.0.0.1:54451 - R:localhost/127.0.0.1:5352]
18:23:05.942 [Forwarding findChildElement on session ea199b0494febe4b9f04f0b0bbd568f3 to remote] DEBUG org.asynchttpclient.netty.request.NettyRequestSender - Using pooled Channel '[id: 0x2a5c0841, L:/127.0.0.1:54451 - R:localhost/127.0.0.1:5352]' for 'POST' to 'http://localhost:5352/session/ea199b0494febe4b9f04f0b0bbd568f3/element/baaf1074-1e0d-440e-ba02-a9e1015018e7/element'
18:23:05.942 [Forwarding findChildElement on session ea199b0494febe4b9f04f0b0bbd568f3 to remote] DEBUG org.asynchttpclient.netty.request.NettyRequestSender - Using open Channel [id: 0x2a5c0841, L:/127.0.0.1:54451 - R:localhost/127.0.0.1:5352] for POST '/session/ea199b0494febe4b9f04f0b0bbd568f3/element/baaf1074-1e0d-440e-ba02-a9e1015018e7/element'
18:23:06.001 [AsyncHttpClient-1-8] DEBUG org.asynchttpclient.netty.handler.HttpHandler - 

Request DefaultHttpRequest(decodeResult: success, version: HTTP/1.1)
POST /session/ea199b0494febe4b9f04f0b0bbd568f3/element/baaf1074-1e0d-440e-ba02-a9e1015018e7/element HTTP/1.1
User-Agent: selenium/4.5.3 (java mac)
Content-Length: 106
Content-Type: application/json; charset=utf-8
host: localhost:5352
accept: */*

Response DefaultHttpResponse(decodeResult: success, version: HTTP/1.1)
HTTP/1.1 200 OK
Content-Length: 88
Content-Type: application/json; charset=utf-8
cache-control: no-cache

18:23:06.001 [AsyncHttpClient-1-8] DEBUG org.asynchttpclient.netty.channel.ChannelManager - Adding key: http://localhost:5352 for channel [id: 0x2a5c0841, L:/127.0.0.1:54451 - R:localhost/127.0.0.1:5352]
18:23:06.002 [Forwarding getElementText on session ea199b0494febe4b9f04f0b0bbd568f3 to remote] DEBUG org.asynchttpclient.netty.request.NettyRequestSender - Using pooled Channel '[id: 0x2a5c0841, L:/127.0.0.1:54451 - R:localhost/127.0.0.1:5352]' for 'GET' to 'http://localhost:5352/session/ea199b0494febe4b9f04f0b0bbd568f3/element/9a7a771a-d638-41b2-93e9-ecabc46fea6a/text'
18:23:06.002 [Forwarding getElementText on session ea199b0494febe4b9f04f0b0bbd568f3 to remote] DEBUG org.asynchttpclient.netty.request.NettyRequestSender - Using open Channel [id: 0x2a5c0841, L:/127.0.0.1:54451 - R:localhost/127.0.0.1:5352] for GET '/session/ea199b0494febe4b9f04f0b0bbd568f3/element/9a7a771a-d638-41b2-93e9-ecabc46fea6a/text'
18:23:06.156 [AsyncHttpClient-1-8] DEBUG org.asynchttpclient.netty.handler.HttpHandler - 

Request DefaultFullHttpRequest(decodeResult: success, version: HTTP/1.1, content: EmptyByteBufBE)
GET /session/ea199b0494febe4b9f04f0b0bbd568f3/element/9a7a771a-d638-41b2-93e9-ecabc46fea6a/text HTTP/1.1
User-Agent: selenium/4.5.3 (java mac)
Cache-Control: no-cache
Content-Type: application/json; charset=utf-8
host: localhost:5352
accept: */*

Response DefaultHttpResponse(decodeResult: success, version: HTTP/1.1)
HTTP/1.1 200 OK
Content-Length: 19
Content-Type: application/json; charset=utf-8
cache-control: no-cache

18:23:06.156 [AsyncHttpClient-1-8] DEBUG org.asynchttpclient.netty.channel.ChannelManager - Adding key: http://localhost:5352 for channel [id: 0x2a5c0841, L:/127.0.0.1:54451 - R:localhost/127.0.0.1:5352]
18:23:06.157 [Forwarding findChildElement on session ea199b0494febe4b9f04f0b0bbd568f3 to remote] DEBUG org.asynchttpclient.netty.request.NettyRequestSender - Using pooled Channel '[id: 0x2a5c0841, L:/127.0.0.1:54451 - R:localhost/127.0.0.1:5352]' for 'POST' to 'http://localhost:5352/session/ea199b0494febe4b9f04f0b0bbd568f3/element/4918206b-a625-4ee8-8007-200f24491160/element'
18:23:06.157 [Forwarding findChildElement on session ea199b0494febe4b9f04f0b0bbd568f3 to remote] DEBUG org.asynchttpclient.netty.request.NettyRequestSender - Using open Channel [id: 0x2a5c0841, L:/127.0.0.1:54451 - R:localhost/127.0.0.1:5352] for POST '/session/ea199b0494febe4b9f04f0b0bbd568f3/element/4918206b-a625-4ee8-8007-200f24491160/element'
18:23:06.203 [AsyncHttpClient-1-8] DEBUG org.asynchttpclient.netty.handler.HttpHandler - 

Request DefaultHttpRequest(decodeResult: success, version: HTTP/1.1)
POST /session/ea199b0494febe4b9f04f0b0bbd568f3/element/4918206b-a625-4ee8-8007-200f24491160/element HTTP/1.1
User-Agent: selenium/4.5.3 (java mac)
Content-Length: 106
Content-Type: application/json; charset=utf-8
host: localhost:5352
accept: */*

Response DefaultHttpResponse(decodeResult: success, version: HTTP/1.1)
HTTP/1.1 200 OK
Content-Length: 88
Content-Type: application/json; charset=utf-8
cache-control: no-cache

18:23:06.203 [AsyncHttpClient-1-8] DEBUG org.asynchttpclient.netty.channel.ChannelManager - Adding key: http://localhost:5352 for channel [id: 0x2a5c0841, L:/127.0.0.1:54451 - R:localhost/127.0.0.1:5352]
18:23:06.204 [Forwarding getElementText on session ea199b0494febe4b9f04f0b0bbd568f3 to remote] DEBUG org.asynchttpclient.netty.request.NettyRequestSender - Using pooled Channel '[id: 0x2a5c0841, L:/127.0.0.1:54451 - R:localhost/127.0.0.1:5352]' for 'GET' to 'http://localhost:5352/session/ea199b0494febe4b9f04f0b0bbd568f3/element/4bf9c338-1fd3-44e5-ad8b-b668818dbf2e/text'
18:23:06.204 [Forwarding getElementText on session ea199b0494febe4b9f04f0b0bbd568f3 to remote] DEBUG org.asynchttpclient.netty.request.NettyRequestSender - Using open Channel [id: 0x2a5c0841, L:/127.0.0.1:54451 - R:localhost/127.0.0.1:5352] for GET '/session/ea199b0494febe4b9f04f0b0bbd568f3/element/4bf9c338-1fd3-44e5-ad8b-b668818dbf2e/text'
18:23:06.500 [AsyncHttpClient-1-8] DEBUG org.asynchttpclient.netty.handler.HttpHandler - 

Request DefaultFullHttpRequest(decodeResult: success, version: HTTP/1.1, content: EmptyByteBufBE)
GET /session/ea199b0494febe4b9f04f0b0bbd568f3/element/4bf9c338-1fd3-44e5-ad8b-b668818dbf2e/text HTTP/1.1
User-Agent: selenium/4.5.3 (java mac)
Cache-Control: no-cache
Content-Type: application/json; charset=utf-8
host: localhost:5352
accept: */*

Response DefaultHttpResponse(decodeResult: success, version: HTTP/1.1)
HTTP/1.1 200 OK
Content-Length: 91
Content-Type: application/json; charset=utf-8
cache-control: no-cache

18:23:06.501 [AsyncHttpClient-1-8] DEBUG org.asynchttpclient.netty.channel.ChannelManager - Adding key: http://localhost:5352 for channel [id: 0x2a5c0841, L:/127.0.0.1:54451 - R:localhost/127.0.0.1:5352]
18:23:06.503 [Forwarding findChildElement on session ea199b0494febe4b9f04f0b0bbd568f3 to remote] DEBUG org.asynchttpclient.netty.request.NettyRequestSender - Using pooled Channel '[id: 0x2a5c0841, L:/127.0.0.1:54451 - R:localhost/127.0.0.1:5352]' for 'POST' to 'http://localhost:5352/session/ea199b0494febe4b9f04f0b0bbd568f3/element/4918206b-a625-4ee8-8007-200f24491160/element'
18:23:06.503 [Forwarding findChildElement on session ea199b0494febe4b9f04f0b0bbd568f3 to remote] DEBUG org.asynchttpclient.netty.request.NettyRequestSender - Using open Channel [id: 0x2a5c0841, L:/127.0.0.1:54451 - R:localhost/127.0.0.1:5352] for POST '/session/ea199b0494febe4b9f04f0b0bbd568f3/element/4918206b-a625-4ee8-8007-200f24491160/element'
18:23:06.685 [AsyncHttpClient-1-8] DEBUG org.asynchttpclient.netty.handler.HttpHandler - 

Request DefaultHttpRequest(decodeResult: success, version: HTTP/1.1)
POST /session/ea199b0494febe4b9f04f0b0bbd568f3/element/4918206b-a625-4ee8-8007-200f24491160/element HTTP/1.1
User-Agent: selenium/4.5.3 (java mac)
Content-Length: 106
Content-Type: application/json; charset=utf-8
host: localhost:5352
accept: */*

Response DefaultHttpResponse(decodeResult: success, version: HTTP/1.1)
HTTP/1.1 200 OK
Content-Length: 88
Content-Type: application/json; charset=utf-8
cache-control: no-cache

18:23:06.685 [AsyncHttpClient-1-8] DEBUG org.asynchttpclient.netty.channel.ChannelManager - Adding key: http://localhost:5352 for channel [id: 0x2a5c0841, L:/127.0.0.1:54451 - R:localhost/127.0.0.1:5352]
18:23:06.686 [Forwarding getElementText on session ea199b0494febe4b9f04f0b0bbd568f3 to remote] DEBUG org.asynchttpclient.netty.request.NettyRequestSender - Using pooled Channel '[id: 0x2a5c0841, L:/127.0.0.1:54451 - R:localhost/127.0.0.1:5352]' for 'GET' to 'http://localhost:5352/session/ea199b0494febe4b9f04f0b0bbd568f3/element/5d840799-aa93-4843-8eff-b72f2cd93f18/text'
18:23:06.686 [Forwarding getElementText on session ea199b0494febe4b9f04f0b0bbd568f3 to remote] DEBUG org.asynchttpclient.netty.request.NettyRequestSender - Using open Channel [id: 0x2a5c0841, L:/127.0.0.1:54451 - R:localhost/127.0.0.1:5352] for GET '/session/ea199b0494febe4b9f04f0b0bbd568f3/element/5d840799-aa93-4843-8eff-b72f2cd93f18/text'
18:23:06.741 [AsyncHttpClient-1-8] DEBUG org.asynchttpclient.netty.handler.HttpHandler - 

Request DefaultFullHttpRequest(decodeResult: success, version: HTTP/1.1, content: EmptyByteBufBE)
GET /session/ea199b0494febe4b9f04f0b0bbd568f3/element/5d840799-aa93-4843-8eff-b72f2cd93f18/text HTTP/1.1
User-Agent: selenium/4.5.3 (java mac)
Cache-Control: no-cache
Content-Type: application/json; charset=utf-8
host: localhost:5352
accept: */*

Response DefaultHttpResponse(decodeResult: success, version: HTTP/1.1)
HTTP/1.1 200 OK
Content-Length: 19
Content-Type: application/json; charset=utf-8
cache-control: no-cache

18:23:06.741 [AsyncHttpClient-1-8] DEBUG org.asynchttpclient.netty.channel.ChannelManager - Adding key: http://localhost:5352 for channel [id: 0x2a5c0841, L:/127.0.0.1:54451 - R:localhost/127.0.0.1:5352]
18:23:06.742 [Forwarding findChildElement on session ea199b0494febe4b9f04f0b0bbd568f3 to remote] DEBUG org.asynchttpclient.netty.request.NettyRequestSender - Using pooled Channel '[id: 0x2a5c0841, L:/127.0.0.1:54451 - R:localhost/127.0.0.1:5352]' for 'POST' to 'http://localhost:5352/session/ea199b0494febe4b9f04f0b0bbd568f3/element/60f13258-4dbb-4840-8044-59ef3e7bd6c5/element'
18:23:06.742 [Forwarding findChildElement on session ea199b0494febe4b9f04f0b0bbd568f3 to remote] DEBUG org.asynchttpclient.netty.request.NettyRequestSender - Using open Channel [id: 0x2a5c0841, L:/127.0.0.1:54451 - R:localhost/127.0.0.1:5352] for POST '/session/ea199b0494febe4b9f04f0b0bbd568f3/element/60f13258-4dbb-4840-8044-59ef3e7bd6c5/element'
18:23:06.760 [AsyncHttpClient-1-8] DEBUG org.asynchttpclient.netty.handler.HttpHandler - 

Request DefaultHttpRequest(decodeResult: success, version: HTTP/1.1)
POST /session/ea199b0494febe4b9f04f0b0bbd568f3/element/60f13258-4dbb-4840-8044-59ef3e7bd6c5/element HTTP/1.1
User-Agent: selenium/4.5.3 (java mac)
Content-Length: 106
Content-Type: application/json; charset=utf-8
host: localhost:5352
accept: */*

Response DefaultHttpResponse(decodeResult: success, version: HTTP/1.1)
HTTP/1.1 200 OK
Content-Length: 88
Content-Type: application/json; charset=utf-8
cache-control: no-cache

18:23:06.760 [AsyncHttpClient-1-8] DEBUG org.asynchttpclient.netty.channel.ChannelManager - Adding key: http://localhost:5352 for channel [id: 0x2a5c0841, L:/127.0.0.1:54451 - R:localhost/127.0.0.1:5352]
18:23:06.761 [Forwarding getElementText on session ea199b0494febe4b9f04f0b0bbd568f3 to remote] DEBUG org.asynchttpclient.netty.request.NettyRequestSender - Using pooled Channel '[id: 0x2a5c0841, L:/127.0.0.1:54451 - R:localhost/127.0.0.1:5352]' for 'GET' to 'http://localhost:5352/session/ea199b0494febe4b9f04f0b0bbd568f3/element/b4ad00f8-812a-4792-98cb-30ba13d1216a/text'
18:23:06.761 [Forwarding getElementText on session ea199b0494febe4b9f04f0b0bbd568f3 to remote] DEBUG org.asynchttpclient.netty.request.NettyRequestSender - Using open Channel [id: 0x2a5c0841, L:/127.0.0.1:54451 - R:localhost/127.0.0.1:5352] for GET '/session/ea199b0494febe4b9f04f0b0bbd568f3/element/b4ad00f8-812a-4792-98cb-30ba13d1216a/text'
18:23:07.010 [AsyncHttpClient-1-1] DEBUG org.asynchttpclient.netty.channel.DefaultChannelPool - Entry count for : http://localhost:54452 : 1
18:23:07.261 [AsyncHttpClient-1-8] DEBUG org.asynchttpclient.netty.handler.HttpHandler - 

Request DefaultFullHttpRequest(decodeResult: success, version: HTTP/1.1, content: EmptyByteBufBE)
GET /session/ea199b0494febe4b9f04f0b0bbd568f3/element/b4ad00f8-812a-4792-98cb-30ba13d1216a/text HTTP/1.1
User-Agent: selenium/4.5.3 (java mac)
Cache-Control: no-cache
Content-Type: application/json; charset=utf-8
host: localhost:5352
accept: */*

Response DefaultHttpResponse(decodeResult: success, version: HTTP/1.1)
HTTP/1.1 200 OK
Content-Length: 91
Content-Type: application/json; charset=utf-8
cache-control: no-cache

18:23:07.261 [AsyncHttpClient-1-8] DEBUG org.asynchttpclient.netty.channel.ChannelManager - Adding key: http://localhost:5352 for channel [id: 0x2a5c0841, L:/127.0.0.1:54451 - R:localhost/127.0.0.1:5352]
18:23:07.262 [Forwarding findChildElement on session ea199b0494febe4b9f04f0b0bbd568f3 to remote] DEBUG org.asynchttpclient.netty.request.NettyRequestSender - Using pooled Channel '[id: 0x2a5c0841, L:/127.0.0.1:54451 - R:localhost/127.0.0.1:5352]' for 'POST' to 'http://localhost:5352/session/ea199b0494febe4b9f04f0b0bbd568f3/element/60f13258-4dbb-4840-8044-59ef3e7bd6c5/element'
18:23:07.262 [Forwarding findChildElement on session ea199b0494febe4b9f04f0b0bbd568f3 to remote] DEBUG org.asynchttpclient.netty.request.NettyRequestSender - Using open Channel [id: 0x2a5c0841, L:/127.0.0.1:54451 - R:localhost/127.0.0.1:5352] for POST '/session/ea199b0494febe4b9f04f0b0bbd568f3/element/60f13258-4dbb-4840-8044-59ef3e7bd6c5/element'
18:23:07.498 [AsyncHttpClient-1-8] DEBUG org.asynchttpclient.netty.handler.HttpHandler - 

Request DefaultHttpRequest(decodeResult: success, version: HTTP/1.1)
POST /session/ea199b0494febe4b9f04f0b0bbd568f3/element/60f13258-4dbb-4840-8044-59ef3e7bd6c5/element HTTP/1.1
User-Agent: selenium/4.5.3 (java mac)
Content-Length: 106
Content-Type: application/json; charset=utf-8
host: localhost:5352
accept: */*

Response DefaultHttpResponse(decodeResult: success, version: HTTP/1.1)
HTTP/1.1 200 OK
Content-Length: 88
Content-Type: application/json; charset=utf-8
cache-control: no-cache

18:23:07.498 [AsyncHttpClient-1-8] DEBUG org.asynchttpclient.netty.channel.ChannelManager - Adding key: http://localhost:5352 for channel [id: 0x2a5c0841, L:/127.0.0.1:54451 - R:localhost/127.0.0.1:5352]
18:23:07.499 [Forwarding getElementText on session ea199b0494febe4b9f04f0b0bbd568f3 to remote] DEBUG org.asynchttpclient.netty.request.NettyRequestSender - Using pooled Channel '[id: 0x2a5c0841, L:/127.0.0.1:54451 - R:localhost/127.0.0.1:5352]' for 'GET' to 'http://localhost:5352/session/ea199b0494febe4b9f04f0b0bbd568f3/element/39641c3f-80fa-4389-a836-7e0bf808d133/text'
18:23:07.500 [Forwarding getElementText on session ea199b0494febe4b9f04f0b0bbd568f3 to remote] DEBUG org.asynchttpclient.netty.request.NettyRequestSender - Using open Channel [id: 0x2a5c0841, L:/127.0.0.1:54451 - R:localhost/127.0.0.1:5352] for GET '/session/ea199b0494febe4b9f04f0b0bbd568f3/element/39641c3f-80fa-4389-a836-7e0bf808d133/text'
18:23:07.712 [AsyncHttpClient-1-8] DEBUG org.asynchttpclient.netty.handler.HttpHandler - 

Request DefaultFullHttpRequest(decodeResult: success, version: HTTP/1.1, content: EmptyByteBufBE)
GET /session/ea199b0494febe4b9f04f0b0bbd568f3/element/39641c3f-80fa-4389-a836-7e0bf808d133/text HTTP/1.1
User-Agent: selenium/4.5.3 (java mac)
Cache-Control: no-cache
Content-Type: application/json; charset=utf-8
host: localhost:5352
accept: */*

Response DefaultHttpResponse(decodeResult: success, version: HTTP/1.1)
HTTP/1.1 200 OK
Content-Length: 19
Content-Type: application/json; charset=utf-8
cache-control: no-cache

18:23:07.712 [AsyncHttpClient-1-8] DEBUG org.asynchttpclient.netty.channel.ChannelManager - Adding key: http://localhost:5352 for channel [id: 0x2a5c0841, L:/127.0.0.1:54451 - R:localhost/127.0.0.1:5352]
18:23:07.713 [Forwarding findChildElement on session ea199b0494febe4b9f04f0b0bbd568f3 to remote] DEBUG org.asynchttpclient.netty.request.NettyRequestSender - Using pooled Channel '[id: 0x2a5c0841, L:/127.0.0.1:54451 - R:localhost/127.0.0.1:5352]' for 'POST' to 'http://localhost:5352/session/ea199b0494febe4b9f04f0b0bbd568f3/element/81aa205b-648b-4e0d-8033-0c206dc332e7/element'
18:23:07.713 [Forwarding findChildElement on session ea199b0494febe4b9f04f0b0bbd568f3 to remote] DEBUG org.asynchttpclient.netty.request.NettyRequestSender - Using open Channel [id: 0x2a5c0841, L:/127.0.0.1:54451 - R:localhost/127.0.0.1:5352] for POST '/session/ea199b0494febe4b9f04f0b0bbd568f3/element/81aa205b-648b-4e0d-8033-0c206dc332e7/element'
18:23:07.730 [AsyncHttpClient-1-8] DEBUG org.asynchttpclient.netty.handler.HttpHandler - 

Request DefaultHttpRequest(decodeResult: success, version: HTTP/1.1)
POST /session/ea199b0494febe4b9f04f0b0bbd568f3/element/81aa205b-648b-4e0d-8033-0c206dc332e7/element HTTP/1.1
User-Agent: selenium/4.5.3 (java mac)
Content-Length: 106
Content-Type: application/json; charset=utf-8
host: localhost:5352
accept: */*

Response DefaultHttpResponse(decodeResult: success, version: HTTP/1.1)
HTTP/1.1 200 OK
Content-Length: 88
Content-Type: application/json; charset=utf-8
cache-control: no-cache

18:23:07.730 [AsyncHttpClient-1-8] DEBUG org.asynchttpclient.netty.channel.ChannelManager - Adding key: http://localhost:5352 for channel [id: 0x2a5c0841, L:/127.0.0.1:54451 - R:localhost/127.0.0.1:5352]
18:23:07.731 [Forwarding getElementText on session ea199b0494febe4b9f04f0b0bbd568f3 to remote] DEBUG org.asynchttpclient.netty.request.NettyRequestSender - Using pooled Channel '[id: 0x2a5c0841, L:/127.0.0.1:54451 - R:localhost/127.0.0.1:5352]' for 'GET' to 'http://localhost:5352/session/ea199b0494febe4b9f04f0b0bbd568f3/element/119cceec-b991-4830-9474-f7ecae62f38b/text'
18:23:07.731 [Forwarding getElementText on session ea199b0494febe4b9f04f0b0bbd568f3 to remote] DEBUG org.asynchttpclient.netty.request.NettyRequestSender - Using open Channel [id: 0x2a5c0841, L:/127.0.0.1:54451 - R:localhost/127.0.0.1:5352] for GET '/session/ea199b0494febe4b9f04f0b0bbd568f3/element/119cceec-b991-4830-9474-f7ecae62f38b/text'
18:23:08.066 [AsyncHttpClient-1-8] DEBUG org.asynchttpclient.netty.handler.HttpHandler - 

Request DefaultFullHttpRequest(decodeResult: success, version: HTTP/1.1, content: EmptyByteBufBE)
GET /session/ea199b0494febe4b9f04f0b0bbd568f3/element/119cceec-b991-4830-9474-f7ecae62f38b/text HTTP/1.1
User-Agent: selenium/4.5.3 (java mac)
Cache-Control: no-cache
Content-Type: application/json; charset=utf-8
host: localhost:5352
accept: */*

Response DefaultHttpResponse(decodeResult: success, version: HTTP/1.1)
HTTP/1.1 200 OK
Content-Length: 81
Content-Type: application/json; charset=utf-8
cache-control: no-cache

18:23:08.066 [AsyncHttpClient-1-8] DEBUG org.asynchttpclient.netty.channel.ChannelManager - Adding key: http://localhost:5352 for channel [id: 0x2a5c0841, L:/127.0.0.1:54451 - R:localhost/127.0.0.1:5352]
18:23:08.067 [Forwarding findChildElement on session ea199b0494febe4b9f04f0b0bbd568f3 to remote] DEBUG org.asynchttpclient.netty.request.NettyRequestSender - Using pooled Channel '[id: 0x2a5c0841, L:/127.0.0.1:54451 - R:localhost/127.0.0.1:5352]' for 'POST' to 'http://localhost:5352/session/ea199b0494febe4b9f04f0b0bbd568f3/element/81aa205b-648b-4e0d-8033-0c206dc332e7/element'
18:23:08.067 [Forwarding findChildElement on session ea199b0494febe4b9f04f0b0bbd568f3 to remote] DEBUG org.asynchttpclient.netty.request.NettyRequestSender - Using open Channel [id: 0x2a5c0841, L:/127.0.0.1:54451 - R:localhost/127.0.0.1:5352] for POST '/session/ea199b0494febe4b9f04f0b0bbd568f3/element/81aa205b-648b-4e0d-8033-0c206dc332e7/element'
18:23:08.110 [AsyncHttpClient-1-1] DEBUG org.asynchttpclient.netty.channel.DefaultChannelPool - Entry count for : http://localhost:54452 : 1
18:23:08.358 [AsyncHttpClient-1-8] DEBUG org.asynchttpclient.netty.handler.HttpHandler - 

Request DefaultHttpRequest(decodeResult: success, version: HTTP/1.1)
POST /session/ea199b0494febe4b9f04f0b0bbd568f3/element/81aa205b-648b-4e0d-8033-0c206dc332e7/element HTTP/1.1
User-Agent: selenium/4.5.3 (java mac)
Content-Length: 106
Content-Type: application/json; charset=utf-8
host: localhost:5352
accept: */*

Response DefaultHttpResponse(decodeResult: success, version: HTTP/1.1)
HTTP/1.1 200 OK
Content-Length: 88
Content-Type: application/json; charset=utf-8
cache-control: no-cache

18:23:08.358 [AsyncHttpClient-1-8] DEBUG org.asynchttpclient.netty.channel.ChannelManager - Adding key: http://localhost:5352 for channel [id: 0x2a5c0841, L:/127.0.0.1:54451 - R:localhost/127.0.0.1:5352]
18:23:08.358 [Forwarding getElementText on session ea199b0494febe4b9f04f0b0bbd568f3 to remote] DEBUG org.asynchttpclient.netty.request.NettyRequestSender - Using pooled Channel '[id: 0x2a5c0841, L:/127.0.0.1:54451 - R:localhost/127.0.0.1:5352]' for 'GET' to 'http://localhost:5352/session/ea199b0494febe4b9f04f0b0bbd568f3/element/40bd8c19-380b-46b8-b37b-8700ddbce373/text'
18:23:08.358 [Forwarding getElementText on session ea199b0494febe4b9f04f0b0bbd568f3 to remote] DEBUG org.asynchttpclient.netty.request.NettyRequestSender - Using open Channel [id: 0x2a5c0841, L:/127.0.0.1:54451 - R:localhost/127.0.0.1:5352] for GET '/session/ea199b0494febe4b9f04f0b0bbd568f3/element/40bd8c19-380b-46b8-b37b-8700ddbce373/text'
18:23:08.655 [AsyncHttpClient-1-8] DEBUG org.asynchttpclient.netty.handler.HttpHandler - 

Request DefaultFullHttpRequest(decodeResult: success, version: HTTP/1.1, content: EmptyByteBufBE)
GET /session/ea199b0494febe4b9f04f0b0bbd568f3/element/40bd8c19-380b-46b8-b37b-8700ddbce373/text HTTP/1.1
User-Agent: selenium/4.5.3 (java mac)
Cache-Control: no-cache
Content-Type: application/json; charset=utf-8
host: localhost:5352
accept: */*

Response DefaultHttpResponse(decodeResult: success, version: HTTP/1.1)
HTTP/1.1 200 OK
Content-Length: 19
Content-Type: application/json; charset=utf-8
cache-control: no-cache

18:23:08.655 [AsyncHttpClient-1-8] DEBUG org.asynchttpclient.netty.channel.ChannelManager - Adding key: http://localhost:5352 for channel [id: 0x2a5c0841, L:/127.0.0.1:54451 - R:localhost/127.0.0.1:5352]
18:23:08.656 [Forwarding findChildElement on session ea199b0494febe4b9f04f0b0bbd568f3 to remote] DEBUG org.asynchttpclient.netty.request.NettyRequestSender - Using pooled Channel '[id: 0x2a5c0841, L:/127.0.0.1:54451 - R:localhost/127.0.0.1:5352]' for 'POST' to 'http://localhost:5352/session/ea199b0494febe4b9f04f0b0bbd568f3/element/200ed19b-f63e-4351-838c-fa83d0d95473/element'
18:23:08.656 [Forwarding findChildElement on session ea199b0494febe4b9f04f0b0bbd568f3 to remote] DEBUG org.asynchttpclient.netty.request.NettyRequestSender - Using open Channel [id: 0x2a5c0841, L:/127.0.0.1:54451 - R:localhost/127.0.0.1:5352] for POST '/session/ea199b0494febe4b9f04f0b0bbd568f3/element/200ed19b-f63e-4351-838c-fa83d0d95473/element'
18:23:08.794 [AsyncHttpClient-1-8] DEBUG org.asynchttpclient.netty.handler.HttpHandler - 

Request DefaultHttpRequest(decodeResult: success, version: HTTP/1.1)
POST /session/ea199b0494febe4b9f04f0b0bbd568f3/element/200ed19b-f63e-4351-838c-fa83d0d95473/element HTTP/1.1
User-Agent: selenium/4.5.3 (java mac)
Content-Length: 106
Content-Type: application/json; charset=utf-8
host: localhost:5352
accept: */*

Response DefaultHttpResponse(decodeResult: success, version: HTTP/1.1)
HTTP/1.1 200 OK
Content-Length: 88
Content-Type: application/json; charset=utf-8
cache-control: no-cache

18:23:08.795 [AsyncHttpClient-1-8] DEBUG org.asynchttpclient.netty.channel.ChannelManager - Adding key: http://localhost:5352 for channel [id: 0x2a5c0841, L:/127.0.0.1:54451 - R:localhost/127.0.0.1:5352]
18:23:08.795 [Forwarding getElementText on session ea199b0494febe4b9f04f0b0bbd568f3 to remote] DEBUG org.asynchttpclient.netty.request.NettyRequestSender - Using pooled Channel '[id: 0x2a5c0841, L:/127.0.0.1:54451 - R:localhost/127.0.0.1:5352]' for 'GET' to 'http://localhost:5352/session/ea199b0494febe4b9f04f0b0bbd568f3/element/0c4a46a5-3994-467a-a7b7-cc4f55d7c268/text'
18:23:08.795 [Forwarding getElementText on session ea199b0494febe4b9f04f0b0bbd568f3 to remote] DEBUG org.asynchttpclient.netty.request.NettyRequestSender - Using open Channel [id: 0x2a5c0841, L:/127.0.0.1:54451 - R:localhost/127.0.0.1:5352] for GET '/session/ea199b0494febe4b9f04f0b0bbd568f3/element/0c4a46a5-3994-467a-a7b7-cc4f55d7c268/text'
18:23:09.212 [AsyncHttpClient-1-1] DEBUG org.asynchttpclient.netty.channel.DefaultChannelPool - Entry count for : http://localhost:54452 : 1
18:23:09.260 [AsyncHttpClient-1-8] DEBUG org.asynchttpclient.netty.handler.HttpHandler - 

Request DefaultFullHttpRequest(decodeResult: success, version: HTTP/1.1, content: EmptyByteBufBE)
GET /session/ea199b0494febe4b9f04f0b0bbd568f3/element/0c4a46a5-3994-467a-a7b7-cc4f55d7c268/text HTTP/1.1
User-Agent: selenium/4.5.3 (java mac)
Cache-Control: no-cache
Content-Type: application/json; charset=utf-8
host: localhost:5352
accept: */*

Response DefaultHttpResponse(decodeResult: success, version: HTTP/1.1)
HTTP/1.1 200 OK
Content-Length: 80
Content-Type: application/json; charset=utf-8
cache-control: no-cache

18:23:09.260 [AsyncHttpClient-1-8] DEBUG org.asynchttpclient.netty.channel.ChannelManager - Adding key: http://localhost:5352 for channel [id: 0x2a5c0841, L:/127.0.0.1:54451 - R:localhost/127.0.0.1:5352]
18:23:09.261 [Forwarding findChildElement on session ea199b0494febe4b9f04f0b0bbd568f3 to remote] DEBUG org.asynchttpclient.netty.request.NettyRequestSender - Using pooled Channel '[id: 0x2a5c0841, L:/127.0.0.1:54451 - R:localhost/127.0.0.1:5352]' for 'POST' to 'http://localhost:5352/session/ea199b0494febe4b9f04f0b0bbd568f3/element/200ed19b-f63e-4351-838c-fa83d0d95473/element'
18:23:09.261 [Forwarding findChildElement on session ea199b0494febe4b9f04f0b0bbd568f3 to remote] DEBUG org.asynchttpclient.netty.request.NettyRequestSender - Using open Channel [id: 0x2a5c0841, L:/127.0.0.1:54451 - R:localhost/127.0.0.1:5352] for POST '/session/ea199b0494febe4b9f04f0b0bbd568f3/element/200ed19b-f63e-4351-838c-fa83d0d95473/element'
18:23:09.417 [AsyncHttpClient-1-8] DEBUG org.asynchttpclient.netty.handler.HttpHandler - 

Request DefaultHttpRequest(decodeResult: success, version: HTTP/1.1)
POST /session/ea199b0494febe4b9f04f0b0bbd568f3/element/200ed19b-f63e-4351-838c-fa83d0d95473/element HTTP/1.1
User-Agent: selenium/4.5.3 (java mac)
Content-Length: 106
Content-Type: application/json; charset=utf-8
host: localhost:5352
accept: */*

Response DefaultHttpResponse(decodeResult: success, version: HTTP/1.1)
HTTP/1.1 200 OK
Content-Length: 88
Content-Type: application/json; charset=utf-8
cache-control: no-cache

18:23:09.417 [AsyncHttpClient-1-8] DEBUG org.asynchttpclient.netty.channel.ChannelManager - Adding key: http://localhost:5352 for channel [id: 0x2a5c0841, L:/127.0.0.1:54451 - R:localhost/127.0.0.1:5352]
18:23:09.418 [Forwarding getElementText on session ea199b0494febe4b9f04f0b0bbd568f3 to remote] DEBUG org.asynchttpclient.netty.request.NettyRequestSender - Using pooled Channel '[id: 0x2a5c0841, L:/127.0.0.1:54451 - R:localhost/127.0.0.1:5352]' for 'GET' to 'http://localhost:5352/session/ea199b0494febe4b9f04f0b0bbd568f3/element/c86dcf9e-7ad8-4162-97a1-dca0871e393a/text'
18:23:09.418 [Forwarding getElementText on session ea199b0494febe4b9f04f0b0bbd568f3 to remote] DEBUG org.asynchttpclient.netty.request.NettyRequestSender - Using open Channel [id: 0x2a5c0841, L:/127.0.0.1:54451 - R:localhost/127.0.0.1:5352] for GET '/session/ea199b0494febe4b9f04f0b0bbd568f3/element/c86dcf9e-7ad8-4162-97a1-dca0871e393a/text'
18:23:09.456 [AsyncHttpClient-1-8] DEBUG org.asynchttpclient.netty.handler.HttpHandler - 

Request DefaultFullHttpRequest(decodeResult: success, version: HTTP/1.1, content: EmptyByteBufBE)
GET /session/ea199b0494febe4b9f04f0b0bbd568f3/element/c86dcf9e-7ad8-4162-97a1-dca0871e393a/text HTTP/1.1
User-Agent: selenium/4.5.3 (java mac)
Cache-Control: no-cache
Content-Type: application/json; charset=utf-8
host: localhost:5352
accept: */*

Response DefaultHttpResponse(decodeResult: success, version: HTTP/1.1)
HTTP/1.1 200 OK
Content-Length: 19
Content-Type: application/json; charset=utf-8
cache-control: no-cache

18:23:09.456 [AsyncHttpClient-1-8] DEBUG org.asynchttpclient.netty.channel.ChannelManager - Adding key: http://localhost:5352 for channel [id: 0x2a5c0841, L:/127.0.0.1:54451 - R:localhost/127.0.0.1:5352]
18:23:09.458 [Forwarding findChildElement on session ea199b0494febe4b9f04f0b0bbd568f3 to remote] DEBUG org.asynchttpclient.netty.request.NettyRequestSender - Using pooled Channel '[id: 0x2a5c0841, L:/127.0.0.1:54451 - R:localhost/127.0.0.1:5352]' for 'POST' to 'http://localhost:5352/session/ea199b0494febe4b9f04f0b0bbd568f3/element/05db8019-9aef-4986-b79b-0562d0bdfc0a/element'
18:23:09.458 [Forwarding findChildElement on session ea199b0494febe4b9f04f0b0bbd568f3 to remote] DEBUG org.asynchttpclient.netty.request.NettyRequestSender - Using open Channel [id: 0x2a5c0841, L:/127.0.0.1:54451 - R:localhost/127.0.0.1:5352] for POST '/session/ea199b0494febe4b9f04f0b0bbd568f3/element/05db8019-9aef-4986-b79b-0562d0bdfc0a/element'
18:23:09.476 [AsyncHttpClient-1-8] DEBUG org.asynchttpclient.netty.handler.HttpHandler - 

Request DefaultHttpRequest(decodeResult: success, version: HTTP/1.1)
POST /session/ea199b0494febe4b9f04f0b0bbd568f3/element/05db8019-9aef-4986-b79b-0562d0bdfc0a/element HTTP/1.1
User-Agent: selenium/4.5.3 (java mac)
Content-Length: 106
Content-Type: application/json; charset=utf-8
host: localhost:5352
accept: */*

Response DefaultHttpResponse(decodeResult: success, version: HTTP/1.1)
HTTP/1.1 200 OK
Content-Length: 88
Content-Type: application/json; charset=utf-8
cache-control: no-cache

18:23:09.477 [AsyncHttpClient-1-8] DEBUG org.asynchttpclient.netty.channel.ChannelManager - Adding key: http://localhost:5352 for channel [id: 0x2a5c0841, L:/127.0.0.1:54451 - R:localhost/127.0.0.1:5352]
18:23:09.477 [Forwarding getElementText on session ea199b0494febe4b9f04f0b0bbd568f3 to remote] DEBUG org.asynchttpclient.netty.request.NettyRequestSender - Using pooled Channel '[id: 0x2a5c0841, L:/127.0.0.1:54451 - R:localhost/127.0.0.1:5352]' for 'GET' to 'http://localhost:5352/session/ea199b0494febe4b9f04f0b0bbd568f3/element/68700206-6673-44a1-aa5e-3b6d63d897d6/text'
18:23:09.477 [Forwarding getElementText on session ea199b0494febe4b9f04f0b0bbd568f3 to remote] DEBUG org.asynchttpclient.netty.request.NettyRequestSender - Using open Channel [id: 0x2a5c0841, L:/127.0.0.1:54451 - R:localhost/127.0.0.1:5352] for GET '/session/ea199b0494febe4b9f04f0b0bbd568f3/element/68700206-6673-44a1-aa5e-3b6d63d897d6/text'
18:23:09.510 [AsyncHttpClient-1-8] DEBUG org.asynchttpclient.netty.handler.HttpHandler - 

Request DefaultFullHttpRequest(decodeResult: success, version: HTTP/1.1, content: EmptyByteBufBE)
GET /session/ea199b0494febe4b9f04f0b0bbd568f3/element/68700206-6673-44a1-aa5e-3b6d63d897d6/text HTTP/1.1
User-Agent: selenium/4.5.3 (java mac)
Cache-Control: no-cache
Content-Type: application/json; charset=utf-8
host: localhost:5352
accept: */*

Response DefaultHttpResponse(decodeResult: success, version: HTTP/1.1)
HTTP/1.1 200 OK
Content-Length: 66
Content-Type: application/json; charset=utf-8
cache-control: no-cache

18:23:09.510 [AsyncHttpClient-1-8] DEBUG org.asynchttpclient.netty.channel.ChannelManager - Adding key: http://localhost:5352 for channel [id: 0x2a5c0841, L:/127.0.0.1:54451 - R:localhost/127.0.0.1:5352]
18:23:09.512 [Forwarding findChildElement on session ea199b0494febe4b9f04f0b0bbd568f3 to remote] DEBUG org.asynchttpclient.netty.request.NettyRequestSender - Using pooled Channel '[id: 0x2a5c0841, L:/127.0.0.1:54451 - R:localhost/127.0.0.1:5352]' for 'POST' to 'http://localhost:5352/session/ea199b0494febe4b9f04f0b0bbd568f3/element/05db8019-9aef-4986-b79b-0562d0bdfc0a/element'
18:23:09.512 [Forwarding findChildElement on session ea199b0494febe4b9f04f0b0bbd568f3 to remote] DEBUG org.asynchttpclient.netty.request.NettyRequestSender - Using open Channel [id: 0x2a5c0841, L:/127.0.0.1:54451 - R:localhost/127.0.0.1:5352] for POST '/session/ea199b0494febe4b9f04f0b0bbd568f3/element/05db8019-9aef-4986-b79b-0562d0bdfc0a/element'
18:23:09.992 [AsyncHttpClient-1-8] DEBUG org.asynchttpclient.netty.handler.HttpHandler - 

Request DefaultHttpRequest(decodeResult: success, version: HTTP/1.1)
POST /session/ea199b0494febe4b9f04f0b0bbd568f3/element/05db8019-9aef-4986-b79b-0562d0bdfc0a/element HTTP/1.1
User-Agent: selenium/4.5.3 (java mac)
Content-Length: 106
Content-Type: application/json; charset=utf-8
host: localhost:5352
accept: */*

Response DefaultHttpResponse(decodeResult: success, version: HTTP/1.1)
HTTP/1.1 200 OK
Content-Length: 88
Content-Type: application/json; charset=utf-8
cache-control: no-cache

18:23:09.992 [AsyncHttpClient-1-8] DEBUG org.asynchttpclient.netty.channel.ChannelManager - Adding key: http://localhost:5352 for channel [id: 0x2a5c0841, L:/127.0.0.1:54451 - R:localhost/127.0.0.1:5352]
18:23:09.993 [Forwarding getElementText on session ea199b0494febe4b9f04f0b0bbd568f3 to remote] DEBUG org.asynchttpclient.netty.request.NettyRequestSender - Using pooled Channel '[id: 0x2a5c0841, L:/127.0.0.1:54451 - R:localhost/127.0.0.1:5352]' for 'GET' to 'http://localhost:5352/session/ea199b0494febe4b9f04f0b0bbd568f3/element/cba98551-d037-4c5a-ad82-ebdcbbb9f007/text'
18:23:09.993 [Forwarding getElementText on session ea199b0494febe4b9f04f0b0bbd568f3 to remote] DEBUG org.asynchttpclient.netty.request.NettyRequestSender - Using open Channel [id: 0x2a5c0841, L:/127.0.0.1:54451 - R:localhost/127.0.0.1:5352] for GET '/session/ea199b0494febe4b9f04f0b0bbd568f3/element/cba98551-d037-4c5a-ad82-ebdcbbb9f007/text'
18:23:10.097 [AsyncHttpClient-1-8] DEBUG org.asynchttpclient.netty.handler.HttpHandler - 

Request DefaultFullHttpRequest(decodeResult: success, version: HTTP/1.1, content: EmptyByteBufBE)
GET /session/ea199b0494febe4b9f04f0b0bbd568f3/element/cba98551-d037-4c5a-ad82-ebdcbbb9f007/text HTTP/1.1
User-Agent: selenium/4.5.3 (java mac)
Cache-Control: no-cache
Content-Type: application/json; charset=utf-8
host: localhost:5352
accept: */*

Response DefaultHttpResponse(decodeResult: success, version: HTTP/1.1)
HTTP/1.1 200 OK
Content-Length: 19
Content-Type: application/json; charset=utf-8
cache-control: no-cache

18:23:10.097 [AsyncHttpClient-1-8] DEBUG org.asynchttpclient.netty.channel.ChannelManager - Adding key: http://localhost:5352 for channel [id: 0x2a5c0841, L:/127.0.0.1:54451 - R:localhost/127.0.0.1:5352]
18:23:10.098 [Forwarding findChildElement on session ea199b0494febe4b9f04f0b0bbd568f3 to remote] DEBUG org.asynchttpclient.netty.request.NettyRequestSender - Using pooled Channel '[id: 0x2a5c0841, L:/127.0.0.1:54451 - R:localhost/127.0.0.1:5352]' for 'POST' to 'http://localhost:5352/session/ea199b0494febe4b9f04f0b0bbd568f3/element/8cad36b9-b506-4a11-9fe3-74acec34807a/element'
18:23:10.098 [Forwarding findChildElement on session ea199b0494febe4b9f04f0b0bbd568f3 to remote] DEBUG org.asynchttpclient.netty.request.NettyRequestSender - Using open Channel [id: 0x2a5c0841, L:/127.0.0.1:54451 - R:localhost/127.0.0.1:5352] for POST '/session/ea199b0494febe4b9f04f0b0bbd568f3/element/8cad36b9-b506-4a11-9fe3-74acec34807a/element'
18:23:10.163 [AsyncHttpClient-1-8] DEBUG org.asynchttpclient.netty.handler.HttpHandler - 

Request DefaultHttpRequest(decodeResult: success, version: HTTP/1.1)
POST /session/ea199b0494febe4b9f04f0b0bbd568f3/element/8cad36b9-b506-4a11-9fe3-74acec34807a/element HTTP/1.1
User-Agent: selenium/4.5.3 (java mac)
Content-Length: 106
Content-Type: application/json; charset=utf-8
host: localhost:5352
accept: */*

Response DefaultHttpResponse(decodeResult: success, version: HTTP/1.1)
HTTP/1.1 200 OK
Content-Length: 88
Content-Type: application/json; charset=utf-8
cache-control: no-cache

18:23:10.163 [AsyncHttpClient-1-8] DEBUG org.asynchttpclient.netty.channel.ChannelManager - Adding key: http://localhost:5352 for channel [id: 0x2a5c0841, L:/127.0.0.1:54451 - R:localhost/127.0.0.1:5352]
18:23:10.164 [Forwarding getElementText on session ea199b0494febe4b9f04f0b0bbd568f3 to remote] DEBUG org.asynchttpclient.netty.request.NettyRequestSender - Using pooled Channel '[id: 0x2a5c0841, L:/127.0.0.1:54451 - R:localhost/127.0.0.1:5352]' for 'GET' to 'http://localhost:5352/session/ea199b0494febe4b9f04f0b0bbd568f3/element/661c6f9c-ee97-4247-b9c4-a6e1ceb03260/text'
18:23:10.164 [Forwarding getElementText on session ea199b0494febe4b9f04f0b0bbd568f3 to remote] DEBUG org.asynchttpclient.netty.request.NettyRequestSender - Using open Channel [id: 0x2a5c0841, L:/127.0.0.1:54451 - R:localhost/127.0.0.1:5352] for GET '/session/ea199b0494febe4b9f04f0b0bbd568f3/element/661c6f9c-ee97-4247-b9c4-a6e1ceb03260/text'
18:23:10.309 [AsyncHttpClient-1-1] DEBUG org.asynchttpclient.netty.channel.DefaultChannelPool - Entry count for : http://localhost:54452 : 1
18:23:10.310 [AsyncHttpClient-1-1] DEBUG org.asynchttpclient.netty.channel.DefaultChannelPool - Adding Candidate expired Channel [id: 0x07bbcfa1, L:/127.0.0.1:54471 - R:localhost/127.0.0.1:54452] isIdleTimeoutExpired=true isRemotelyClosed=false isTtlExpired=false
18:23:10.310 [AsyncHttpClient-1-1] DEBUG org.asynchttpclient.netty.channel.DefaultChannelPool - Closing Idle Channel [id: 0x07bbcfa1, L:/127.0.0.1:54471 - R:localhost/127.0.0.1:54452]
18:23:10.310 [AsyncHttpClient-1-1] DEBUG org.asynchttpclient.netty.channel.DefaultChannelPool - Closed 1 connections out of 1 in 0 ms
18:23:10.311 [AsyncHttpClient-1-9] DEBUG org.asynchttpclient.netty.handler.HttpHandler - Channel Closed: [id: 0x07bbcfa1, L:/127.0.0.1:54471 ! R:localhost/127.0.0.1:54452] with attribute DISCARD
18:23:10.552 [AsyncHttpClient-1-8] DEBUG org.asynchttpclient.netty.handler.HttpHandler - 

Request DefaultFullHttpRequest(decodeResult: success, version: HTTP/1.1, content: EmptyByteBufBE)
GET /session/ea199b0494febe4b9f04f0b0bbd568f3/element/661c6f9c-ee97-4247-b9c4-a6e1ceb03260/text HTTP/1.1
User-Agent: selenium/4.5.3 (java mac)
Cache-Control: no-cache
Content-Type: application/json; charset=utf-8
host: localhost:5352
accept: */*

Response DefaultHttpResponse(decodeResult: success, version: HTTP/1.1)
HTTP/1.1 200 OK
Content-Length: 92
Content-Type: application/json; charset=utf-8
cache-control: no-cache

18:23:10.552 [AsyncHttpClient-1-8] DEBUG org.asynchttpclient.netty.channel.ChannelManager - Adding key: http://localhost:5352 for channel [id: 0x2a5c0841, L:/127.0.0.1:54451 - R:localhost/127.0.0.1:5352]
18:23:10.553 [Forwarding findChildElement on session ea199b0494febe4b9f04f0b0bbd568f3 to remote] DEBUG org.asynchttpclient.netty.request.NettyRequestSender - Using pooled Channel '[id: 0x2a5c0841, L:/127.0.0.1:54451 - R:localhost/127.0.0.1:5352]' for 'POST' to 'http://localhost:5352/session/ea199b0494febe4b9f04f0b0bbd568f3/element/8cad36b9-b506-4a11-9fe3-74acec34807a/element'
18:23:10.553 [Forwarding findChildElement on session ea199b0494febe4b9f04f0b0bbd568f3 to remote] DEBUG org.asynchttpclient.netty.request.NettyRequestSender - Using open Channel [id: 0x2a5c0841, L:/127.0.0.1:54451 - R:localhost/127.0.0.1:5352] for POST '/session/ea199b0494febe4b9f04f0b0bbd568f3/element/8cad36b9-b506-4a11-9fe3-74acec34807a/element'
18:23:10.581 [AsyncHttpClient-1-8] DEBUG org.asynchttpclient.netty.handler.HttpHandler - 

Request DefaultHttpRequest(decodeResult: success, version: HTTP/1.1)
POST /session/ea199b0494febe4b9f04f0b0bbd568f3/element/8cad36b9-b506-4a11-9fe3-74acec34807a/element HTTP/1.1
User-Agent: selenium/4.5.3 (java mac)
Content-Length: 106
Content-Type: application/json; charset=utf-8
host: localhost:5352
accept: */*

Response DefaultHttpResponse(decodeResult: success, version: HTTP/1.1)
HTTP/1.1 200 OK
Content-Length: 88
Content-Type: application/json; charset=utf-8
cache-control: no-cache

18:23:10.581 [AsyncHttpClient-1-8] DEBUG org.asynchttpclient.netty.channel.ChannelManager - Adding key: http://localhost:5352 for channel [id: 0x2a5c0841, L:/127.0.0.1:54451 - R:localhost/127.0.0.1:5352]
18:23:10.581 [Forwarding getElementText on session ea199b0494febe4b9f04f0b0bbd568f3 to remote] DEBUG org.asynchttpclient.netty.request.NettyRequestSender - Using pooled Channel '[id: 0x2a5c0841, L:/127.0.0.1:54451 - R:localhost/127.0.0.1:5352]' for 'GET' to 'http://localhost:5352/session/ea199b0494febe4b9f04f0b0bbd568f3/element/b0f17bdd-5dc1-4dd7-862c-b70043aaf32d/text'
18:23:10.582 [Forwarding getElementText on session ea199b0494febe4b9f04f0b0bbd568f3 to remote] DEBUG org.asynchttpclient.netty.request.NettyRequestSender - Using open Channel [id: 0x2a5c0841, L:/127.0.0.1:54451 - R:localhost/127.0.0.1:5352] for GET '/session/ea199b0494febe4b9f04f0b0bbd568f3/element/b0f17bdd-5dc1-4dd7-862c-b70043aaf32d/text'
18:23:10.870 [AsyncHttpClient-1-8] DEBUG org.asynchttpclient.netty.handler.HttpHandler - 

Request DefaultFullHttpRequest(decodeResult: success, version: HTTP/1.1, content: EmptyByteBufBE)
GET /session/ea199b0494febe4b9f04f0b0bbd568f3/element/b0f17bdd-5dc1-4dd7-862c-b70043aaf32d/text HTTP/1.1
User-Agent: selenium/4.5.3 (java mac)
Cache-Control: no-cache
Content-Type: application/json; charset=utf-8
host: localhost:5352
accept: */*

Response DefaultHttpResponse(decodeResult: success, version: HTTP/1.1)
HTTP/1.1 200 OK
Content-Length: 30
Content-Type: application/json; charset=utf-8
cache-control: no-cache

18:23:10.870 [AsyncHttpClient-1-8] DEBUG org.asynchttpclient.netty.channel.ChannelManager - Adding key: http://localhost:5352 for channel [id: 0x2a5c0841, L:/127.0.0.1:54451 - R:localhost/127.0.0.1:5352]
18:23:10.871 [Forwarding findChildElement on session ea199b0494febe4b9f04f0b0bbd568f3 to remote] DEBUG org.asynchttpclient.netty.request.NettyRequestSender - Using pooled Channel '[id: 0x2a5c0841, L:/127.0.0.1:54451 - R:localhost/127.0.0.1:5352]' for 'POST' to 'http://localhost:5352/session/ea199b0494febe4b9f04f0b0bbd568f3/element/50886849-7a97-46bb-8db2-06e10fd17054/element'
18:23:10.871 [Forwarding findChildElement on session ea199b0494febe4b9f04f0b0bbd568f3 to remote] DEBUG org.asynchttpclient.netty.request.NettyRequestSender - Using open Channel [id: 0x2a5c0841, L:/127.0.0.1:54451 - R:localhost/127.0.0.1:5352] for POST '/session/ea199b0494febe4b9f04f0b0bbd568f3/element/50886849-7a97-46bb-8db2-06e10fd17054/element'
18:23:10.883 [AsyncHttpClient-1-8] DEBUG org.asynchttpclient.netty.handler.HttpHandler - 

Request DefaultHttpRequest(decodeResult: success, version: HTTP/1.1)
POST /session/ea199b0494febe4b9f04f0b0bbd568f3/element/50886849-7a97-46bb-8db2-06e10fd17054/element HTTP/1.1
User-Agent: selenium/4.5.3 (java mac)
Content-Length: 106
Content-Type: application/json; charset=utf-8
host: localhost:5352
accept: */*

Response DefaultHttpResponse(decodeResult: success, version: HTTP/1.1)
HTTP/1.1 200 OK
Content-Length: 88
Content-Type: application/json; charset=utf-8
cache-control: no-cache

18:23:10.883 [AsyncHttpClient-1-8] DEBUG org.asynchttpclient.netty.channel.ChannelManager - Adding key: http://localhost:5352 for channel [id: 0x2a5c0841, L:/127.0.0.1:54451 - R:localhost/127.0.0.1:5352]
18:23:10.884 [Forwarding getElementText on session ea199b0494febe4b9f04f0b0bbd568f3 to remote] DEBUG org.asynchttpclient.netty.request.NettyRequestSender - Using pooled Channel '[id: 0x2a5c0841, L:/127.0.0.1:54451 - R:localhost/127.0.0.1:5352]' for 'GET' to 'http://localhost:5352/session/ea199b0494febe4b9f04f0b0bbd568f3/element/ec171854-a41d-4501-a10a-02d073e040f5/text'
18:23:10.884 [Forwarding getElementText on session ea199b0494febe4b9f04f0b0bbd568f3 to remote] DEBUG org.asynchttpclient.netty.request.NettyRequestSender - Using open Channel [id: 0x2a5c0841, L:/127.0.0.1:54451 - R:localhost/127.0.0.1:5352] for GET '/session/ea199b0494febe4b9f04f0b0bbd568f3/element/ec171854-a41d-4501-a10a-02d073e040f5/text'
18:23:10.910 [AsyncHttpClient-1-8] DEBUG org.asynchttpclient.netty.handler.HttpHandler - 

Request DefaultFullHttpRequest(decodeResult: success, version: HTTP/1.1, content: EmptyByteBufBE)
GET /session/ea199b0494febe4b9f04f0b0bbd568f3/element/ec171854-a41d-4501-a10a-02d073e040f5/text HTTP/1.1
User-Agent: selenium/4.5.3 (java mac)
Cache-Control: no-cache
Content-Type: application/json; charset=utf-8
host: localhost:5352
accept: */*

Response DefaultHttpResponse(decodeResult: success, version: HTTP/1.1)
HTTP/1.1 200 OK
Content-Length: 58
Content-Type: application/json; charset=utf-8
cache-control: no-cache

18:23:10.911 [AsyncHttpClient-1-8] DEBUG org.asynchttpclient.netty.channel.ChannelManager - Adding key: http://localhost:5352 for channel [id: 0x2a5c0841, L:/127.0.0.1:54451 - R:localhost/127.0.0.1:5352]
18:23:10.912 [Forwarding findChildElement on session ea199b0494febe4b9f04f0b0bbd568f3 to remote] DEBUG org.asynchttpclient.netty.request.NettyRequestSender - Using pooled Channel '[id: 0x2a5c0841, L:/127.0.0.1:54451 - R:localhost/127.0.0.1:5352]' for 'POST' to 'http://localhost:5352/session/ea199b0494febe4b9f04f0b0bbd568f3/element/50886849-7a97-46bb-8db2-06e10fd17054/element'
18:23:10.912 [Forwarding findChildElement on session ea199b0494febe4b9f04f0b0bbd568f3 to remote] DEBUG org.asynchttpclient.netty.request.NettyRequestSender - Using open Channel [id: 0x2a5c0841, L:/127.0.0.1:54451 - R:localhost/127.0.0.1:5352] for POST '/session/ea199b0494febe4b9f04f0b0bbd568f3/element/50886849-7a97-46bb-8db2-06e10fd17054/element'
18:23:11.143 [AsyncHttpClient-1-8] DEBUG org.asynchttpclient.netty.handler.HttpHandler - 

Request DefaultHttpRequest(decodeResult: success, version: HTTP/1.1)
POST /session/ea199b0494febe4b9f04f0b0bbd568f3/element/50886849-7a97-46bb-8db2-06e10fd17054/element HTTP/1.1
User-Agent: selenium/4.5.3 (java mac)
Content-Length: 106
Content-Type: application/json; charset=utf-8
host: localhost:5352
accept: */*

Response DefaultHttpResponse(decodeResult: success, version: HTTP/1.1)
HTTP/1.1 200 OK
Content-Length: 88
Content-Type: application/json; charset=utf-8
cache-control: no-cache

18:23:11.143 [AsyncHttpClient-1-8] DEBUG org.asynchttpclient.netty.channel.ChannelManager - Adding key: http://localhost:5352 for channel [id: 0x2a5c0841, L:/127.0.0.1:54451 - R:localhost/127.0.0.1:5352]
18:23:11.144 [Forwarding getElementText on session ea199b0494febe4b9f04f0b0bbd568f3 to remote] DEBUG org.asynchttpclient.netty.request.NettyRequestSender - Using pooled Channel '[id: 0x2a5c0841, L:/127.0.0.1:54451 - R:localhost/127.0.0.1:5352]' for 'GET' to 'http://localhost:5352/session/ea199b0494febe4b9f04f0b0bbd568f3/element/c2a2e831-beb1-4c38-af36-6506fac8d376/text'
18:23:11.144 [Forwarding getElementText on session ea199b0494febe4b9f04f0b0bbd568f3 to remote] DEBUG org.asynchttpclient.netty.request.NettyRequestSender - Using open Channel [id: 0x2a5c0841, L:/127.0.0.1:54451 - R:localhost/127.0.0.1:5352] for GET '/session/ea199b0494febe4b9f04f0b0bbd568f3/element/c2a2e831-beb1-4c38-af36-6506fac8d376/text'
18:23:11.214 [AsyncHttpClient-1-8] DEBUG org.asynchttpclient.netty.handler.HttpHandler - 

Request DefaultFullHttpRequest(decodeResult: success, version: HTTP/1.1, content: EmptyByteBufBE)
GET /session/ea199b0494febe4b9f04f0b0bbd568f3/element/c2a2e831-beb1-4c38-af36-6506fac8d376/text HTTP/1.1
User-Agent: selenium/4.5.3 (java mac)
Cache-Control: no-cache
Content-Type: application/json; charset=utf-8
host: localhost:5352
accept: */*

Response DefaultHttpResponse(decodeResult: success, version: HTTP/1.1)
HTTP/1.1 200 OK
Content-Length: 17
Content-Type: application/json; charset=utf-8
cache-control: no-cache

18:23:11.214 [AsyncHttpClient-1-8] DEBUG org.asynchttpclient.netty.channel.ChannelManager - Adding key: http://localhost:5352 for channel [id: 0x2a5c0841, L:/127.0.0.1:54451 - R:localhost/127.0.0.1:5352]
18:23:11.215 [Forwarding findChildElement on session ea199b0494febe4b9f04f0b0bbd568f3 to remote] DEBUG org.asynchttpclient.netty.request.NettyRequestSender - Using pooled Channel '[id: 0x2a5c0841, L:/127.0.0.1:54451 - R:localhost/127.0.0.1:5352]' for 'POST' to 'http://localhost:5352/session/ea199b0494febe4b9f04f0b0bbd568f3/element/c63bdbd5-2788-49a4-aca1-65ae9b5c63fe/element'
18:23:11.215 [Forwarding findChildElement on session ea199b0494febe4b9f04f0b0bbd568f3 to remote] DEBUG org.asynchttpclient.netty.request.NettyRequestSender - Using open Channel [id: 0x2a5c0841, L:/127.0.0.1:54451 - R:localhost/127.0.0.1:5352] for POST '/session/ea199b0494febe4b9f04f0b0bbd568f3/element/c63bdbd5-2788-49a4-aca1-65ae9b5c63fe/element'
18:23:11.412 [AsyncHttpClient-1-8] DEBUG org.asynchttpclient.netty.handler.HttpHandler - 

Request DefaultHttpRequest(decodeResult: success, version: HTTP/1.1)
POST /session/ea199b0494febe4b9f04f0b0bbd568f3/element/c63bdbd5-2788-49a4-aca1-65ae9b5c63fe/element HTTP/1.1
User-Agent: selenium/4.5.3 (java mac)
Content-Length: 106
Content-Type: application/json; charset=utf-8
host: localhost:5352
accept: */*

Response DefaultHttpResponse(decodeResult: success, version: HTTP/1.1)
HTTP/1.1 200 OK
Content-Length: 88
Content-Type: application/json; charset=utf-8
cache-control: no-cache

18:23:11.412 [AsyncHttpClient-1-8] DEBUG org.asynchttpclient.netty.channel.ChannelManager - Adding key: http://localhost:5352 for channel [id: 0x2a5c0841, L:/127.0.0.1:54451 - R:localhost/127.0.0.1:5352]
18:23:11.413 [Forwarding getElementText on session ea199b0494febe4b9f04f0b0bbd568f3 to remote] DEBUG org.asynchttpclient.netty.request.NettyRequestSender - Using pooled Channel '[id: 0x2a5c0841, L:/127.0.0.1:54451 - R:localhost/127.0.0.1:5352]' for 'GET' to 'http://localhost:5352/session/ea199b0494febe4b9f04f0b0bbd568f3/element/ffcc54ce-f5ab-492c-87c7-a2fe453e74d9/text'
18:23:11.413 [Forwarding getElementText on session ea199b0494febe4b9f04f0b0bbd568f3 to remote] DEBUG org.asynchttpclient.netty.request.NettyRequestSender - Using open Channel [id: 0x2a5c0841, L:/127.0.0.1:54451 - R:localhost/127.0.0.1:5352] for GET '/session/ea199b0494febe4b9f04f0b0bbd568f3/element/ffcc54ce-f5ab-492c-87c7-a2fe453e74d9/text'
18:23:11.579 [AsyncHttpClient-1-8] DEBUG org.asynchttpclient.netty.handler.HttpHandler - 

Request DefaultFullHttpRequest(decodeResult: success, version: HTTP/1.1, content: EmptyByteBufBE)
GET /session/ea199b0494febe4b9f04f0b0bbd568f3/element/ffcc54ce-f5ab-492c-87c7-a2fe453e74d9/text HTTP/1.1
User-Agent: selenium/4.5.3 (java mac)
Cache-Control: no-cache
Content-Type: application/json; charset=utf-8
host: localhost:5352
accept: */*

Response DefaultHttpResponse(decodeResult: success, version: HTTP/1.1)
HTTP/1.1 200 OK
Content-Length: 92
Content-Type: application/json; charset=utf-8
cache-control: no-cache

18:23:11.579 [AsyncHttpClient-1-8] DEBUG org.asynchttpclient.netty.channel.ChannelManager - Adding key: http://localhost:5352 for channel [id: 0x2a5c0841, L:/127.0.0.1:54451 - R:localhost/127.0.0.1:5352]
18:23:11.590 [Forwarding findChildElement on session ea199b0494febe4b9f04f0b0bbd568f3 to remote] DEBUG org.asynchttpclient.netty.request.NettyRequestSender - Using pooled Channel '[id: 0x2a5c0841, L:/127.0.0.1:54451 - R:localhost/127.0.0.1:5352]' for 'POST' to 'http://localhost:5352/session/ea199b0494febe4b9f04f0b0bbd568f3/element/c63bdbd5-2788-49a4-aca1-65ae9b5c63fe/element'
18:23:11.590 [Forwarding findChildElement on session ea199b0494febe4b9f04f0b0bbd568f3 to remote] DEBUG org.asynchttpclient.netty.request.NettyRequestSender - Using open Channel [id: 0x2a5c0841, L:/127.0.0.1:54451 - R:localhost/127.0.0.1:5352] for POST '/session/ea199b0494febe4b9f04f0b0bbd568f3/element/c63bdbd5-2788-49a4-aca1-65ae9b5c63fe/element'
18:23:11.619 [AsyncHttpClient-1-8] DEBUG org.asynchttpclient.netty.handler.HttpHandler - 

Request DefaultHttpRequest(decodeResult: success, version: HTTP/1.1)
POST /session/ea199b0494febe4b9f04f0b0bbd568f3/element/c63bdbd5-2788-49a4-aca1-65ae9b5c63fe/element HTTP/1.1
User-Agent: selenium/4.5.3 (java mac)
Content-Length: 106
Content-Type: application/json; charset=utf-8
host: localhost:5352
accept: */*

Response DefaultHttpResponse(decodeResult: success, version: HTTP/1.1)
HTTP/1.1 200 OK
Content-Length: 88
Content-Type: application/json; charset=utf-8
cache-control: no-cache

18:23:11.619 [AsyncHttpClient-1-8] DEBUG org.asynchttpclient.netty.channel.ChannelManager - Adding key: http://localhost:5352 for channel [id: 0x2a5c0841, L:/127.0.0.1:54451 - R:localhost/127.0.0.1:5352]
18:23:11.620 [Forwarding getElementText on session ea199b0494febe4b9f04f0b0bbd568f3 to remote] DEBUG org.asynchttpclient.netty.request.NettyRequestSender - Using pooled Channel '[id: 0x2a5c0841, L:/127.0.0.1:54451 - R:localhost/127.0.0.1:5352]' for 'GET' to 'http://localhost:5352/session/ea199b0494febe4b9f04f0b0bbd568f3/element/55d1574d-5108-42c8-a683-24a2337386ae/text'
18:23:11.620 [Forwarding getElementText on session ea199b0494febe4b9f04f0b0bbd568f3 to remote] DEBUG org.asynchttpclient.netty.request.NettyRequestSender - Using open Channel [id: 0x2a5c0841, L:/127.0.0.1:54451 - R:localhost/127.0.0.1:5352] for GET '/session/ea199b0494febe4b9f04f0b0bbd568f3/element/55d1574d-5108-42c8-a683-24a2337386ae/text'
18:23:11.808 [AsyncHttpClient-1-8] DEBUG org.asynchttpclient.netty.handler.HttpHandler - 

Request DefaultFullHttpRequest(decodeResult: success, version: HTTP/1.1, content: EmptyByteBufBE)
GET /session/ea199b0494febe4b9f04f0b0bbd568f3/element/55d1574d-5108-42c8-a683-24a2337386ae/text HTTP/1.1
User-Agent: selenium/4.5.3 (java mac)
Cache-Control: no-cache
Content-Type: application/json; charset=utf-8
host: localhost:5352
accept: */*

Response DefaultHttpResponse(decodeResult: success, version: HTTP/1.1)
HTTP/1.1 200 OK
Content-Length: 30
Content-Type: application/json; charset=utf-8
cache-control: no-cache

18:23:11.808 [AsyncHttpClient-1-8] DEBUG org.asynchttpclient.netty.channel.ChannelManager - Adding key: http://localhost:5352 for channel [id: 0x2a5c0841, L:/127.0.0.1:54451 - R:localhost/127.0.0.1:5352]
18:23:11.811 [Forwarding findChildElement on session ea199b0494febe4b9f04f0b0bbd568f3 to remote] DEBUG org.asynchttpclient.netty.request.NettyRequestSender - Using pooled Channel '[id: 0x2a5c0841, L:/127.0.0.1:54451 - R:localhost/127.0.0.1:5352]' for 'POST' to 'http://localhost:5352/session/ea199b0494febe4b9f04f0b0bbd568f3/element/323b54c7-738b-4c5e-86ff-2b701da4fd89/element'
18:23:11.811 [Forwarding findChildElement on session ea199b0494febe4b9f04f0b0bbd568f3 to remote] DEBUG org.asynchttpclient.netty.request.NettyRequestSender - Using open Channel [id: 0x2a5c0841, L:/127.0.0.1:54451 - R:localhost/127.0.0.1:5352] for POST '/session/ea199b0494febe4b9f04f0b0bbd568f3/element/323b54c7-738b-4c5e-86ff-2b701da4fd89/element'
18:23:12.054 [AsyncHttpClient-1-8] DEBUG org.asynchttpclient.netty.handler.HttpHandler - 

Request DefaultHttpRequest(decodeResult: success, version: HTTP/1.1)
POST /session/ea199b0494febe4b9f04f0b0bbd568f3/element/323b54c7-738b-4c5e-86ff-2b701da4fd89/element HTTP/1.1
User-Agent: selenium/4.5.3 (java mac)
Content-Length: 106
Content-Type: application/json; charset=utf-8
host: localhost:5352
accept: */*

Response DefaultHttpResponse(decodeResult: success, version: HTTP/1.1)
HTTP/1.1 200 OK
Content-Length: 88
Content-Type: application/json; charset=utf-8
cache-control: no-cache

18:23:12.054 [AsyncHttpClient-1-8] DEBUG org.asynchttpclient.netty.channel.ChannelManager - Adding key: http://localhost:5352 for channel [id: 0x2a5c0841, L:/127.0.0.1:54451 - R:localhost/127.0.0.1:5352]
18:23:12.054 [Forwarding getElementText on session ea199b0494febe4b9f04f0b0bbd568f3 to remote] DEBUG org.asynchttpclient.netty.request.NettyRequestSender - Using pooled Channel '[id: 0x2a5c0841, L:/127.0.0.1:54451 - R:localhost/127.0.0.1:5352]' for 'GET' to 'http://localhost:5352/session/ea199b0494febe4b9f04f0b0bbd568f3/element/793376dd-5310-416f-8f6e-6382ac08610b/text'
18:23:12.054 [Forwarding getElementText on session ea199b0494febe4b9f04f0b0bbd568f3 to remote] DEBUG org.asynchttpclient.netty.request.NettyRequestSender - Using open Channel [id: 0x2a5c0841, L:/127.0.0.1:54451 - R:localhost/127.0.0.1:5352] for GET '/session/ea199b0494febe4b9f04f0b0bbd568f3/element/793376dd-5310-416f-8f6e-6382ac08610b/text'
18:23:12.194 [AsyncHttpClient-1-8] DEBUG org.asynchttpclient.netty.handler.HttpHandler - 

Request DefaultFullHttpRequest(decodeResult: success, version: HTTP/1.1, content: EmptyByteBufBE)
GET /session/ea199b0494febe4b9f04f0b0bbd568f3/element/793376dd-5310-416f-8f6e-6382ac08610b/text HTTP/1.1
User-Agent: selenium/4.5.3 (java mac)
Cache-Control: no-cache
Content-Type: application/json; charset=utf-8
host: localhost:5352
accept: */*

Response DefaultHttpResponse(decodeResult: success, version: HTTP/1.1)
HTTP/1.1 200 OK
Content-Length: 92
Content-Type: application/json; charset=utf-8
cache-control: no-cache

18:23:12.194 [AsyncHttpClient-1-8] DEBUG org.asynchttpclient.netty.channel.ChannelManager - Adding key: http://localhost:5352 for channel [id: 0x2a5c0841, L:/127.0.0.1:54451 - R:localhost/127.0.0.1:5352]
18:23:12.196 [Forwarding findChildElement on session ea199b0494febe4b9f04f0b0bbd568f3 to remote] DEBUG org.asynchttpclient.netty.request.NettyRequestSender - Using pooled Channel '[id: 0x2a5c0841, L:/127.0.0.1:54451 - R:localhost/127.0.0.1:5352]' for 'POST' to 'http://localhost:5352/session/ea199b0494febe4b9f04f0b0bbd568f3/element/323b54c7-738b-4c5e-86ff-2b701da4fd89/element'
18:23:12.196 [Forwarding findChildElement on session ea199b0494febe4b9f04f0b0bbd568f3 to remote] DEBUG org.asynchttpclient.netty.request.NettyRequestSender - Using open Channel [id: 0x2a5c0841, L:/127.0.0.1:54451 - R:localhost/127.0.0.1:5352] for POST '/session/ea199b0494febe4b9f04f0b0bbd568f3/element/323b54c7-738b-4c5e-86ff-2b701da4fd89/element'
18:23:12.312 [AsyncHttpClient-1-8] DEBUG org.asynchttpclient.netty.handler.HttpHandler - 

Request DefaultHttpRequest(decodeResult: success, version: HTTP/1.1)
POST /session/ea199b0494febe4b9f04f0b0bbd568f3/element/323b54c7-738b-4c5e-86ff-2b701da4fd89/element HTTP/1.1
User-Agent: selenium/4.5.3 (java mac)
Content-Length: 106
Content-Type: application/json; charset=utf-8
host: localhost:5352
accept: */*

Response DefaultHttpResponse(decodeResult: success, version: HTTP/1.1)
HTTP/1.1 200 OK
Content-Length: 88
Content-Type: application/json; charset=utf-8
cache-control: no-cache

18:23:12.312 [AsyncHttpClient-1-8] DEBUG org.asynchttpclient.netty.channel.ChannelManager - Adding key: http://localhost:5352 for channel [id: 0x2a5c0841, L:/127.0.0.1:54451 - R:localhost/127.0.0.1:5352]
18:23:12.313 [Forwarding getElementText on session ea199b0494febe4b9f04f0b0bbd568f3 to remote] DEBUG org.asynchttpclient.netty.request.NettyRequestSender - Using pooled Channel '[id: 0x2a5c0841, L:/127.0.0.1:54451 - R:localhost/127.0.0.1:5352]' for 'GET' to 'http://localhost:5352/session/ea199b0494febe4b9f04f0b0bbd568f3/element/21b5f9ce-b0a1-4b9b-9ef3-09c1c0608bce/text'
18:23:12.313 [Forwarding getElementText on session ea199b0494febe4b9f04f0b0bbd568f3 to remote] DEBUG org.asynchttpclient.netty.request.NettyRequestSender - Using open Channel [id: 0x2a5c0841, L:/127.0.0.1:54451 - R:localhost/127.0.0.1:5352] for GET '/session/ea199b0494febe4b9f04f0b0bbd568f3/element/21b5f9ce-b0a1-4b9b-9ef3-09c1c0608bce/text'
18:23:12.388 [AsyncHttpClient-1-8] DEBUG org.asynchttpclient.netty.handler.HttpHandler - 

Request DefaultFullHttpRequest(decodeResult: success, version: HTTP/1.1, content: EmptyByteBufBE)
GET /session/ea199b0494febe4b9f04f0b0bbd568f3/element/21b5f9ce-b0a1-4b9b-9ef3-09c1c0608bce/text HTTP/1.1
User-Agent: selenium/4.5.3 (java mac)
Cache-Control: no-cache
Content-Type: application/json; charset=utf-8
host: localhost:5352
accept: */*

Response DefaultHttpResponse(decodeResult: success, version: HTTP/1.1)
HTTP/1.1 200 OK
Content-Length: 30
Content-Type: application/json; charset=utf-8
cache-control: no-cache

18:23:12.388 [AsyncHttpClient-1-8] DEBUG org.asynchttpclient.netty.channel.ChannelManager - Adding key: http://localhost:5352 for channel [id: 0x2a5c0841, L:/127.0.0.1:54451 - R:localhost/127.0.0.1:5352]
Execution time with Web Manager: 76767ms |	 1 minutes 16.00 seconds
18:23:12.509 [AsyncHttpClient-1-1] DEBUG org.asynchttpclient.netty.channel.DefaultChannelPool - Entry count for : http://localhost:5352 : 1
18:23:12.830 [AsyncHttpClient-1-3] DEBUG org.asynchttpclient.netty.channel.NettyConnectListener - Using new Channel '[id: 0xccfc25e2, L:/127.0.0.1:54604 - R:localhost/127.0.0.1:7968]' for 'POST' to '/session'
18:23:13.613 [AsyncHttpClient-1-1] DEBUG org.asynchttpclient.netty.channel.DefaultChannelPool - Entry count for : http://localhost:5352 : 1
18:23:14.708 [AsyncHttpClient-1-1] DEBUG org.asynchttpclient.netty.channel.DefaultChannelPool - Entry count for : http://localhost:5352 : 1
18:23:15.812 [AsyncHttpClient-1-1] DEBUG org.asynchttpclient.netty.channel.DefaultChannelPool - Entry count for : http://localhost:5352 : 1
18:23:16.911 [AsyncHttpClient-1-1] DEBUG org.asynchttpclient.netty.channel.DefaultChannelPool - Entry count for : http://localhost:5352 : 1
18:23:17.274 [AsyncHttpClient-1-3] DEBUG org.asynchttpclient.netty.handler.HttpHandler - 

Request DefaultHttpRequest(decodeResult: success, version: HTTP/1.1)
POST /session HTTP/1.1
User-Agent: selenium/4.5.3 (java mac)
Content-Length: 817
Content-Type: application/json; charset=utf-8
host: localhost:7968
accept: */*

Response DefaultHttpResponse(decodeResult: success, version: HTTP/1.1)
HTTP/1.1 200 OK
Content-Length: 800
Content-Type: application/json; charset=utf-8
cache-control: no-cache

18:23:17.274 [AsyncHttpClient-1-3] DEBUG org.asynchttpclient.netty.channel.ChannelManager - Adding key: http://localhost:7968 for channel [id: 0xccfc25e2, L:/127.0.0.1:54604 - R:localhost/127.0.0.1:7968]
18:23:17.290 [AsyncHttpClient-1-4] DEBUG org.asynchttpclient.netty.channel.NettyConnectListener - Using new Channel '[id: 0x84f99028, L:/127.0.0.1:54617 - R:localhost/127.0.0.1:54610]' for 'GET' to '/json/version'
18:23:17.292 [AsyncHttpClient-1-4] DEBUG org.asynchttpclient.netty.handler.HttpHandler - 

Request DefaultFullHttpRequest(decodeResult: success, version: HTTP/1.1, content: EmptyByteBufBE)
GET /json/version HTTP/1.1
User-Agent: selenium/4.5.3 (java mac)
host: localhost:54610
accept: */*

Response DefaultHttpResponse(decodeResult: success, version: HTTP/1.1)
HTTP/1.1 200 OK
Content-Security-Policy: frame-ancestors 'none'
Content-Length: 443
Content-Type: application/json; charset=UTF-8

18:23:17.294 [AsyncHttpClient-1-4] DEBUG org.asynchttpclient.netty.channel.ChannelManager - Adding key: http://localhost:54610 for channel [id: 0x84f99028, L:/127.0.0.1:54617 - R:localhost/127.0.0.1:54610]
18:23:17.301 [AsyncHttpClient-1-5] DEBUG org.asynchttpclient.netty.channel.NettyConnectListener - Using new Channel '[id: 0x718c530a, L:/127.0.0.1:54618 - R:localhost/127.0.0.1:54610]' for 'GET' to '/devtools/browser/532d7e73-7d5d-4a03-ba14-8b3765565177'
18:23:17.304 [AsyncHttpClient-1-5] DEBUG org.asynchttpclient.netty.handler.WebSocketHandler - 

Request DefaultFullHttpRequest(decodeResult: success, version: HTTP/1.1, content: EmptyByteBufBE)
GET /devtools/browser/532d7e73-7d5d-4a03-ba14-8b3765565177 HTTP/1.1
upgrade: websocket
connection: upgrade
sec-websocket-key: ZrrYXIHTCN8BRHc/wvKY/Q==
sec-websocket-version: 13
origin: http://localhost:54610
host: localhost:54610
accept: */*
user-agent: AHC/2.1

Response DefaultHttpResponse(decodeResult: success, version: HTTP/1.1)
HTTP/1.1 101 WebSocket Protocol Handshake
Upgrade: WebSocket
Connection: Upgrade
Sec-WebSocket-Accept: ieuY7sFKKWWZy674TMKQdsAZDBw=

18:23:17.315 [Forwarding get on session 510f4e476a348551fb82d0556d2e7277 to remote] DEBUG org.asynchttpclient.netty.request.NettyRequestSender - Using pooled Channel '[id: 0xccfc25e2, L:/127.0.0.1:54604 - R:localhost/127.0.0.1:7968]' for 'POST' to 'http://localhost:7968/session/510f4e476a348551fb82d0556d2e7277/url'
18:23:17.315 [Forwarding get on session 510f4e476a348551fb82d0556d2e7277 to remote] DEBUG org.asynchttpclient.netty.request.NettyRequestSender - Using open Channel [id: 0xccfc25e2, L:/127.0.0.1:54604 - R:localhost/127.0.0.1:7968] for POST '/session/510f4e476a348551fb82d0556d2e7277/url'
18:23:18.013 [AsyncHttpClient-1-1] DEBUG org.asynchttpclient.netty.channel.DefaultChannelPool - Entry count for : http://localhost:5352 : 1
18:23:18.013 [AsyncHttpClient-1-1] DEBUG org.asynchttpclient.netty.channel.DefaultChannelPool - Entry count for : http://localhost:54610 : 1
18:23:19.111 [AsyncHttpClient-1-1] DEBUG org.asynchttpclient.netty.channel.DefaultChannelPool - Entry count for : http://localhost:5352 : 1
18:23:19.111 [AsyncHttpClient-1-1] DEBUG org.asynchttpclient.netty.channel.DefaultChannelPool - Entry count for : http://localhost:54610 : 1
18:23:20.209 [AsyncHttpClient-1-1] DEBUG org.asynchttpclient.netty.channel.DefaultChannelPool - Entry count for : http://localhost:5352 : 1
18:23:20.209 [AsyncHttpClient-1-1] DEBUG org.asynchttpclient.netty.channel.DefaultChannelPool - Entry count for : http://localhost:54610 : 1
18:23:20.366 [AsyncHttpClient-1-3] DEBUG org.asynchttpclient.netty.handler.HttpHandler - 

Request DefaultHttpRequest(decodeResult: success, version: HTTP/1.1)
POST /session/510f4e476a348551fb82d0556d2e7277/url HTTP/1.1
User-Agent: selenium/4.5.3 (java mac)
Content-Length: 51
Content-Type: application/json; charset=utf-8
host: localhost:7968
accept: */*

Response DefaultHttpResponse(decodeResult: success, version: HTTP/1.1)
HTTP/1.1 200 OK
Content-Length: 14
Content-Type: application/json; charset=utf-8
cache-control: no-cache

18:23:20.366 [AsyncHttpClient-1-3] DEBUG org.asynchttpclient.netty.channel.ChannelManager - Adding key: http://localhost:7968 for channel [id: 0xccfc25e2, L:/127.0.0.1:54604 - R:localhost/127.0.0.1:7968]
18:23:20.368 [Forwarding findElement on session 510f4e476a348551fb82d0556d2e7277 to remote] DEBUG org.asynchttpclient.netty.request.NettyRequestSender - Using pooled Channel '[id: 0xccfc25e2, L:/127.0.0.1:54604 - R:localhost/127.0.0.1:7968]' for 'POST' to 'http://localhost:7968/session/510f4e476a348551fb82d0556d2e7277/element'
18:23:20.368 [Forwarding findElement on session 510f4e476a348551fb82d0556d2e7277 to remote] DEBUG org.asynchttpclient.netty.request.NettyRequestSender - Using open Channel [id: 0xccfc25e2, L:/127.0.0.1:54604 - R:localhost/127.0.0.1:7968] for POST '/session/510f4e476a348551fb82d0556d2e7277/element'
18:23:20.449 [AsyncHttpClient-1-3] DEBUG org.asynchttpclient.netty.handler.HttpHandler - 

Request DefaultHttpRequest(decodeResult: success, version: HTTP/1.1)
POST /session/510f4e476a348551fb82d0556d2e7277/element HTTP/1.1
User-Agent: selenium/4.5.3 (java mac)
Content-Length: 52
Content-Type: application/json; charset=utf-8
host: localhost:7968
accept: */*

Response DefaultHttpResponse(decodeResult: success, version: HTTP/1.1)
HTTP/1.1 200 OK
Content-Length: 88
Content-Type: application/json; charset=utf-8
cache-control: no-cache

18:23:20.449 [AsyncHttpClient-1-3] DEBUG org.asynchttpclient.netty.channel.ChannelManager - Adding key: http://localhost:7968 for channel [id: 0xccfc25e2, L:/127.0.0.1:54604 - R:localhost/127.0.0.1:7968]
18:23:20.451 [Forwarding sendKeysToElement on session 510f4e476a348551fb82d0556d2e7277 to remote] DEBUG org.asynchttpclient.netty.request.NettyRequestSender - Using pooled Channel '[id: 0xccfc25e2, L:/127.0.0.1:54604 - R:localhost/127.0.0.1:7968]' for 'POST' to 'http://localhost:7968/session/510f4e476a348551fb82d0556d2e7277/element/8430e83d-aa2a-44cf-86a6-5ef39797d0bc/value'
18:23:20.451 [Forwarding sendKeysToElement on session 510f4e476a348551fb82d0556d2e7277 to remote] DEBUG org.asynchttpclient.netty.request.NettyRequestSender - Using open Channel [id: 0xccfc25e2, L:/127.0.0.1:54604 - R:localhost/127.0.0.1:7968] for POST '/session/510f4e476a348551fb82d0556d2e7277/element/8430e83d-aa2a-44cf-86a6-5ef39797d0bc/value'
18:23:21.313 [AsyncHttpClient-1-1] DEBUG org.asynchttpclient.netty.channel.DefaultChannelPool - Entry count for : http://localhost:5352 : 1
18:23:21.313 [AsyncHttpClient-1-1] DEBUG org.asynchttpclient.netty.channel.DefaultChannelPool - Entry count for : http://localhost:54610 : 1
18:23:21.585 [AsyncHttpClient-1-3] DEBUG org.asynchttpclient.netty.handler.HttpHandler - 

Request DefaultHttpRequest(decodeResult: success, version: HTTP/1.1)
POST /session/510f4e476a348551fb82d0556d2e7277/element/8430e83d-aa2a-44cf-86a6-5ef39797d0bc/value HTTP/1.1
User-Agent: selenium/4.5.3 (java mac)
Content-Length: 141
Content-Type: application/json; charset=utf-8
host: localhost:7968
accept: */*

Response DefaultHttpResponse(decodeResult: success, version: HTTP/1.1)
HTTP/1.1 200 OK
Content-Length: 14
Content-Type: application/json; charset=utf-8
cache-control: no-cache

18:23:21.585 [AsyncHttpClient-1-3] DEBUG org.asynchttpclient.netty.channel.ChannelManager - Adding key: http://localhost:7968 for channel [id: 0xccfc25e2, L:/127.0.0.1:54604 - R:localhost/127.0.0.1:7968]
18:23:21.586 [Forwarding findElement on session 510f4e476a348551fb82d0556d2e7277 to remote] DEBUG org.asynchttpclient.netty.request.NettyRequestSender - Using pooled Channel '[id: 0xccfc25e2, L:/127.0.0.1:54604 - R:localhost/127.0.0.1:7968]' for 'POST' to 'http://localhost:7968/session/510f4e476a348551fb82d0556d2e7277/element'
18:23:21.586 [Forwarding findElement on session 510f4e476a348551fb82d0556d2e7277 to remote] DEBUG org.asynchttpclient.netty.request.NettyRequestSender - Using open Channel [id: 0xccfc25e2, L:/127.0.0.1:54604 - R:localhost/127.0.0.1:7968] for POST '/session/510f4e476a348551fb82d0556d2e7277/element'
18:23:21.654 [AsyncHttpClient-1-3] DEBUG org.asynchttpclient.netty.handler.HttpHandler - 

Request DefaultHttpRequest(decodeResult: success, version: HTTP/1.1)
POST /session/510f4e476a348551fb82d0556d2e7277/element HTTP/1.1
User-Agent: selenium/4.5.3 (java mac)
Content-Length: 53
Content-Type: application/json; charset=utf-8
host: localhost:7968
accept: */*

Response DefaultHttpResponse(decodeResult: success, version: HTTP/1.1)
HTTP/1.1 200 OK
Content-Length: 88
Content-Type: application/json; charset=utf-8
cache-control: no-cache

18:23:21.654 [AsyncHttpClient-1-3] DEBUG org.asynchttpclient.netty.channel.ChannelManager - Adding key: http://localhost:7968 for channel [id: 0xccfc25e2, L:/127.0.0.1:54604 - R:localhost/127.0.0.1:7968]
18:23:21.655 [Forwarding clickElement on session 510f4e476a348551fb82d0556d2e7277 to remote] DEBUG org.asynchttpclient.netty.request.NettyRequestSender - Using pooled Channel '[id: 0xccfc25e2, L:/127.0.0.1:54604 - R:localhost/127.0.0.1:7968]' for 'POST' to 'http://localhost:7968/session/510f4e476a348551fb82d0556d2e7277/element/37e47c21-1393-4765-a291-44b4771c11be/click'
18:23:21.655 [Forwarding clickElement on session 510f4e476a348551fb82d0556d2e7277 to remote] DEBUG org.asynchttpclient.netty.request.NettyRequestSender - Using open Channel [id: 0xccfc25e2, L:/127.0.0.1:54604 - R:localhost/127.0.0.1:7968] for POST '/session/510f4e476a348551fb82d0556d2e7277/element/37e47c21-1393-4765-a291-44b4771c11be/click'
18:23:22.414 [AsyncHttpClient-1-1] DEBUG org.asynchttpclient.netty.channel.DefaultChannelPool - Entry count for : http://localhost:5352 : 1
18:23:22.414 [AsyncHttpClient-1-1] DEBUG org.asynchttpclient.netty.channel.DefaultChannelPool - Entry count for : http://localhost:54610 : 1
18:23:23.523 [AsyncHttpClient-1-1] DEBUG org.asynchttpclient.netty.channel.DefaultChannelPool - Entry count for : http://localhost:5352 : 1
18:23:23.524 [AsyncHttpClient-1-1] DEBUG org.asynchttpclient.netty.channel.DefaultChannelPool - Entry count for : http://localhost:54610 : 1
18:23:24.167 [AsyncHttpClient-1-3] DEBUG org.asynchttpclient.netty.handler.HttpHandler - 

Request DefaultHttpRequest(decodeResult: success, version: HTTP/1.1)
POST /session/510f4e476a348551fb82d0556d2e7277/element/37e47c21-1393-4765-a291-44b4771c11be/click HTTP/1.1
User-Agent: selenium/4.5.3 (java mac)
Content-Length: 50
Content-Type: application/json; charset=utf-8
host: localhost:7968
accept: */*

Response DefaultHttpResponse(decodeResult: success, version: HTTP/1.1)
HTTP/1.1 200 OK
Content-Length: 14
Content-Type: application/json; charset=utf-8
cache-control: no-cache

18:23:24.168 [AsyncHttpClient-1-3] DEBUG org.asynchttpclient.netty.channel.ChannelManager - Adding key: http://localhost:7968 for channel [id: 0xccfc25e2, L:/127.0.0.1:54604 - R:localhost/127.0.0.1:7968]
18:23:24.169 [Forwarding findElements on session 510f4e476a348551fb82d0556d2e7277 to remote] DEBUG org.asynchttpclient.netty.request.NettyRequestSender - Using pooled Channel '[id: 0xccfc25e2, L:/127.0.0.1:54604 - R:localhost/127.0.0.1:7968]' for 'POST' to 'http://localhost:7968/session/510f4e476a348551fb82d0556d2e7277/elements'
18:23:24.169 [Forwarding findElements on session 510f4e476a348551fb82d0556d2e7277 to remote] DEBUG org.asynchttpclient.netty.request.NettyRequestSender - Using open Channel [id: 0xccfc25e2, L:/127.0.0.1:54604 - R:localhost/127.0.0.1:7968] for POST '/session/510f4e476a348551fb82d0556d2e7277/elements'
18:23:24.319 [AsyncHttpClient-1-3] DEBUG org.asynchttpclient.netty.handler.HttpHandler - 

Request DefaultHttpRequest(decodeResult: success, version: HTTP/1.1)
POST /session/510f4e476a348551fb82d0556d2e7277/elements HTTP/1.1
User-Agent: selenium/4.5.3 (java mac)
Content-Length: 51
Content-Type: application/json; charset=utf-8
host: localhost:7968
accept: */*

Response DefaultHttpResponse(decodeResult: success, version: HTTP/1.1)
HTTP/1.1 200 OK
Content-Length: 5462
Content-Type: application/json; charset=utf-8
cache-control: no-cache

18:23:24.319 [AsyncHttpClient-1-3] DEBUG org.asynchttpclient.netty.channel.ChannelManager - Adding key: http://localhost:7968 for channel [id: 0xccfc25e2, L:/127.0.0.1:54604 - R:localhost/127.0.0.1:7968]
18:23:24.323 [Forwarding findChildElement on session 510f4e476a348551fb82d0556d2e7277 to remote] DEBUG org.asynchttpclient.netty.request.NettyRequestSender - Using pooled Channel '[id: 0xccfc25e2, L:/127.0.0.1:54604 - R:localhost/127.0.0.1:7968]' for 'POST' to 'http://localhost:7968/session/510f4e476a348551fb82d0556d2e7277/element/47935ae9-d021-4f5e-a327-9f7a90d624b4/element'
18:23:24.324 [Forwarding findChildElement on session 510f4e476a348551fb82d0556d2e7277 to remote] DEBUG org.asynchttpclient.netty.request.NettyRequestSender - Using open Channel [id: 0xccfc25e2, L:/127.0.0.1:54604 - R:localhost/127.0.0.1:7968] for POST '/session/510f4e476a348551fb82d0556d2e7277/element/47935ae9-d021-4f5e-a327-9f7a90d624b4/element'
18:23:24.497 [AsyncHttpClient-1-3] DEBUG org.asynchttpclient.netty.handler.HttpHandler - 

Request DefaultHttpRequest(decodeResult: success, version: HTTP/1.1)
POST /session/510f4e476a348551fb82d0556d2e7277/element/47935ae9-d021-4f5e-a327-9f7a90d624b4/element HTTP/1.1
User-Agent: selenium/4.5.3 (java mac)
Content-Length: 106
Content-Type: application/json; charset=utf-8
host: localhost:7968
accept: */*

Response DefaultHttpResponse(decodeResult: success, version: HTTP/1.1)
HTTP/1.1 200 OK
Content-Length: 88
Content-Type: application/json; charset=utf-8
cache-control: no-cache

18:23:24.497 [AsyncHttpClient-1-3] DEBUG org.asynchttpclient.netty.channel.ChannelManager - Adding key: http://localhost:7968 for channel [id: 0xccfc25e2, L:/127.0.0.1:54604 - R:localhost/127.0.0.1:7968]
18:23:24.498 [Forwarding getElementText on session 510f4e476a348551fb82d0556d2e7277 to remote] DEBUG org.asynchttpclient.netty.request.NettyRequestSender - Using pooled Channel '[id: 0xccfc25e2, L:/127.0.0.1:54604 - R:localhost/127.0.0.1:7968]' for 'GET' to 'http://localhost:7968/session/510f4e476a348551fb82d0556d2e7277/element/26d0a07f-6396-42fc-99d2-26717c93910f/text'
18:23:24.499 [Forwarding getElementText on session 510f4e476a348551fb82d0556d2e7277 to remote] DEBUG org.asynchttpclient.netty.request.NettyRequestSender - Using open Channel [id: 0xccfc25e2, L:/127.0.0.1:54604 - R:localhost/127.0.0.1:7968] for GET '/session/510f4e476a348551fb82d0556d2e7277/element/26d0a07f-6396-42fc-99d2-26717c93910f/text'
18:23:24.611 [AsyncHttpClient-1-1] DEBUG org.asynchttpclient.netty.channel.DefaultChannelPool - Entry count for : http://localhost:5352 : 1
18:23:24.612 [AsyncHttpClient-1-1] DEBUG org.asynchttpclient.netty.channel.DefaultChannelPool - Entry count for : http://localhost:54610 : 1
18:23:25.002 [AsyncHttpClient-1-3] DEBUG org.asynchttpclient.netty.handler.HttpHandler - 

Request DefaultFullHttpRequest(decodeResult: success, version: HTTP/1.1, content: EmptyByteBufBE)
GET /session/510f4e476a348551fb82d0556d2e7277/element/26d0a07f-6396-42fc-99d2-26717c93910f/text HTTP/1.1
User-Agent: selenium/4.5.3 (java mac)
Cache-Control: no-cache
Content-Type: application/json; charset=utf-8
host: localhost:7968
accept: */*

Response DefaultHttpResponse(decodeResult: success, version: HTTP/1.1)
HTTP/1.1 200 OK
Content-Length: 12
Content-Type: application/json; charset=utf-8
cache-control: no-cache

18:23:25.002 [AsyncHttpClient-1-3] DEBUG org.asynchttpclient.netty.channel.ChannelManager - Adding key: http://localhost:7968 for channel [id: 0xccfc25e2, L:/127.0.0.1:54604 - R:localhost/127.0.0.1:7968]
18:23:25.004 [Forwarding findChildElement on session 510f4e476a348551fb82d0556d2e7277 to remote] DEBUG org.asynchttpclient.netty.request.NettyRequestSender - Using pooled Channel '[id: 0xccfc25e2, L:/127.0.0.1:54604 - R:localhost/127.0.0.1:7968]' for 'POST' to 'http://localhost:7968/session/510f4e476a348551fb82d0556d2e7277/element/47935ae9-d021-4f5e-a327-9f7a90d624b4/element'
18:23:25.004 [Forwarding findChildElement on session 510f4e476a348551fb82d0556d2e7277 to remote] DEBUG org.asynchttpclient.netty.request.NettyRequestSender - Using open Channel [id: 0xccfc25e2, L:/127.0.0.1:54604 - R:localhost/127.0.0.1:7968] for POST '/session/510f4e476a348551fb82d0556d2e7277/element/47935ae9-d021-4f5e-a327-9f7a90d624b4/element'
18:23:25.085 [AsyncHttpClient-1-3] DEBUG org.asynchttpclient.netty.handler.HttpHandler - 

Request DefaultHttpRequest(decodeResult: success, version: HTTP/1.1)
POST /session/510f4e476a348551fb82d0556d2e7277/element/47935ae9-d021-4f5e-a327-9f7a90d624b4/element HTTP/1.1
User-Agent: selenium/4.5.3 (java mac)
Content-Length: 106
Content-Type: application/json; charset=utf-8
host: localhost:7968
accept: */*

Response DefaultHttpResponse(decodeResult: success, version: HTTP/1.1)
HTTP/1.1 200 OK
Content-Length: 88
Content-Type: application/json; charset=utf-8
cache-control: no-cache

18:23:25.085 [AsyncHttpClient-1-3] DEBUG org.asynchttpclient.netty.channel.ChannelManager - Adding key: http://localhost:7968 for channel [id: 0xccfc25e2, L:/127.0.0.1:54604 - R:localhost/127.0.0.1:7968]
18:23:25.086 [Forwarding getElementText on session 510f4e476a348551fb82d0556d2e7277 to remote] DEBUG org.asynchttpclient.netty.request.NettyRequestSender - Using pooled Channel '[id: 0xccfc25e2, L:/127.0.0.1:54604 - R:localhost/127.0.0.1:7968]' for 'GET' to 'http://localhost:7968/session/510f4e476a348551fb82d0556d2e7277/element/ecf81b35-6043-4ab6-b2b9-85b8f9a56e53/text'
18:23:25.086 [Forwarding getElementText on session 510f4e476a348551fb82d0556d2e7277 to remote] DEBUG org.asynchttpclient.netty.request.NettyRequestSender - Using open Channel [id: 0xccfc25e2, L:/127.0.0.1:54604 - R:localhost/127.0.0.1:7968] for GET '/session/510f4e476a348551fb82d0556d2e7277/element/ecf81b35-6043-4ab6-b2b9-85b8f9a56e53/text'
18:23:25.173 [AsyncHttpClient-1-3] DEBUG org.asynchttpclient.netty.handler.HttpHandler - 

Request DefaultFullHttpRequest(decodeResult: success, version: HTTP/1.1, content: EmptyByteBufBE)
GET /session/510f4e476a348551fb82d0556d2e7277/element/ecf81b35-6043-4ab6-b2b9-85b8f9a56e53/text HTTP/1.1
User-Agent: selenium/4.5.3 (java mac)
Cache-Control: no-cache
Content-Type: application/json; charset=utf-8
host: localhost:7968
accept: */*

Response DefaultHttpResponse(decodeResult: success, version: HTTP/1.1)
HTTP/1.1 200 OK
Content-Length: 12
Content-Type: application/json; charset=utf-8
cache-control: no-cache

18:23:25.173 [AsyncHttpClient-1-3] DEBUG org.asynchttpclient.netty.channel.ChannelManager - Adding key: http://localhost:7968 for channel [id: 0xccfc25e2, L:/127.0.0.1:54604 - R:localhost/127.0.0.1:7968]
18:23:25.175 [Forwarding findChildElement on session 510f4e476a348551fb82d0556d2e7277 to remote] DEBUG org.asynchttpclient.netty.request.NettyRequestSender - Using pooled Channel '[id: 0xccfc25e2, L:/127.0.0.1:54604 - R:localhost/127.0.0.1:7968]' for 'POST' to 'http://localhost:7968/session/510f4e476a348551fb82d0556d2e7277/element/0dae689c-2420-49f9-b4a1-8127102942ed/element'
18:23:25.175 [Forwarding findChildElement on session 510f4e476a348551fb82d0556d2e7277 to remote] DEBUG org.asynchttpclient.netty.request.NettyRequestSender - Using open Channel [id: 0xccfc25e2, L:/127.0.0.1:54604 - R:localhost/127.0.0.1:7968] for POST '/session/510f4e476a348551fb82d0556d2e7277/element/0dae689c-2420-49f9-b4a1-8127102942ed/element'
18:23:25.203 [AsyncHttpClient-1-3] DEBUG org.asynchttpclient.netty.handler.HttpHandler - 

Request DefaultHttpRequest(decodeResult: success, version: HTTP/1.1)
POST /session/510f4e476a348551fb82d0556d2e7277/element/0dae689c-2420-49f9-b4a1-8127102942ed/element HTTP/1.1
User-Agent: selenium/4.5.3 (java mac)
Content-Length: 106
Content-Type: application/json; charset=utf-8
host: localhost:7968
accept: */*

Response DefaultHttpResponse(decodeResult: success, version: HTTP/1.1)
HTTP/1.1 200 OK
Content-Length: 88
Content-Type: application/json; charset=utf-8
cache-control: no-cache

18:23:25.203 [AsyncHttpClient-1-3] DEBUG org.asynchttpclient.netty.channel.ChannelManager - Adding key: http://localhost:7968 for channel [id: 0xccfc25e2, L:/127.0.0.1:54604 - R:localhost/127.0.0.1:7968]
18:23:25.206 [Forwarding getElementText on session 510f4e476a348551fb82d0556d2e7277 to remote] DEBUG org.asynchttpclient.netty.request.NettyRequestSender - Using pooled Channel '[id: 0xccfc25e2, L:/127.0.0.1:54604 - R:localhost/127.0.0.1:7968]' for 'GET' to 'http://localhost:7968/session/510f4e476a348551fb82d0556d2e7277/element/aef25871-de63-435b-aa27-3d878dd79d3f/text'
18:23:25.206 [Forwarding getElementText on session 510f4e476a348551fb82d0556d2e7277 to remote] DEBUG org.asynchttpclient.netty.request.NettyRequestSender - Using open Channel [id: 0xccfc25e2, L:/127.0.0.1:54604 - R:localhost/127.0.0.1:7968] for GET '/session/510f4e476a348551fb82d0556d2e7277/element/aef25871-de63-435b-aa27-3d878dd79d3f/text'
18:23:25.270 [AsyncHttpClient-1-3] DEBUG org.asynchttpclient.netty.handler.HttpHandler - 

Request DefaultFullHttpRequest(decodeResult: success, version: HTTP/1.1, content: EmptyByteBufBE)
GET /session/510f4e476a348551fb82d0556d2e7277/element/aef25871-de63-435b-aa27-3d878dd79d3f/text HTTP/1.1
User-Agent: selenium/4.5.3 (java mac)
Cache-Control: no-cache
Content-Type: application/json; charset=utf-8
host: localhost:7968
accept: */*

Response DefaultHttpResponse(decodeResult: success, version: HTTP/1.1)
HTTP/1.1 200 OK
Content-Length: 92
Content-Type: application/json; charset=utf-8
cache-control: no-cache

18:23:25.271 [AsyncHttpClient-1-3] DEBUG org.asynchttpclient.netty.channel.ChannelManager - Adding key: http://localhost:7968 for channel [id: 0xccfc25e2, L:/127.0.0.1:54604 - R:localhost/127.0.0.1:7968]
18:23:25.272 [Forwarding findChildElement on session 510f4e476a348551fb82d0556d2e7277 to remote] DEBUG org.asynchttpclient.netty.request.NettyRequestSender - Using pooled Channel '[id: 0xccfc25e2, L:/127.0.0.1:54604 - R:localhost/127.0.0.1:7968]' for 'POST' to 'http://localhost:7968/session/510f4e476a348551fb82d0556d2e7277/element/0dae689c-2420-49f9-b4a1-8127102942ed/element'
18:23:25.272 [Forwarding findChildElement on session 510f4e476a348551fb82d0556d2e7277 to remote] DEBUG org.asynchttpclient.netty.request.NettyRequestSender - Using open Channel [id: 0xccfc25e2, L:/127.0.0.1:54604 - R:localhost/127.0.0.1:7968] for POST '/session/510f4e476a348551fb82d0556d2e7277/element/0dae689c-2420-49f9-b4a1-8127102942ed/element'
18:23:25.357 [AsyncHttpClient-1-3] DEBUG org.asynchttpclient.netty.handler.HttpHandler - 

Request DefaultHttpRequest(decodeResult: success, version: HTTP/1.1)
POST /session/510f4e476a348551fb82d0556d2e7277/element/0dae689c-2420-49f9-b4a1-8127102942ed/element HTTP/1.1
User-Agent: selenium/4.5.3 (java mac)
Content-Length: 106
Content-Type: application/json; charset=utf-8
host: localhost:7968
accept: */*

Response DefaultHttpResponse(decodeResult: success, version: HTTP/1.1)
HTTP/1.1 200 OK
Content-Length: 88
Content-Type: application/json; charset=utf-8
cache-control: no-cache

18:23:25.357 [AsyncHttpClient-1-3] DEBUG org.asynchttpclient.netty.channel.ChannelManager - Adding key: http://localhost:7968 for channel [id: 0xccfc25e2, L:/127.0.0.1:54604 - R:localhost/127.0.0.1:7968]
18:23:25.358 [Forwarding getElementText on session 510f4e476a348551fb82d0556d2e7277 to remote] DEBUG org.asynchttpclient.netty.request.NettyRequestSender - Using pooled Channel '[id: 0xccfc25e2, L:/127.0.0.1:54604 - R:localhost/127.0.0.1:7968]' for 'GET' to 'http://localhost:7968/session/510f4e476a348551fb82d0556d2e7277/element/de48d362-5b74-471f-8ad2-bb8e2c12a918/text'
18:23:25.358 [Forwarding getElementText on session 510f4e476a348551fb82d0556d2e7277 to remote] DEBUG org.asynchttpclient.netty.request.NettyRequestSender - Using open Channel [id: 0xccfc25e2, L:/127.0.0.1:54604 - R:localhost/127.0.0.1:7968] for GET '/session/510f4e476a348551fb82d0556d2e7277/element/de48d362-5b74-471f-8ad2-bb8e2c12a918/text'
18:23:25.588 [AsyncHttpClient-1-3] DEBUG org.asynchttpclient.netty.handler.HttpHandler - 

Request DefaultFullHttpRequest(decodeResult: success, version: HTTP/1.1, content: EmptyByteBufBE)
GET /session/510f4e476a348551fb82d0556d2e7277/element/de48d362-5b74-471f-8ad2-bb8e2c12a918/text HTTP/1.1
User-Agent: selenium/4.5.3 (java mac)
Cache-Control: no-cache
Content-Type: application/json; charset=utf-8
host: localhost:7968
accept: */*

Response DefaultHttpResponse(decodeResult: success, version: HTTP/1.1)
HTTP/1.1 200 OK
Content-Length: 30
Content-Type: application/json; charset=utf-8
cache-control: no-cache

18:23:25.588 [AsyncHttpClient-1-3] DEBUG org.asynchttpclient.netty.channel.ChannelManager - Adding key: http://localhost:7968 for channel [id: 0xccfc25e2, L:/127.0.0.1:54604 - R:localhost/127.0.0.1:7968]
18:23:25.590 [Forwarding findChildElement on session 510f4e476a348551fb82d0556d2e7277 to remote] DEBUG org.asynchttpclient.netty.request.NettyRequestSender - Using pooled Channel '[id: 0xccfc25e2, L:/127.0.0.1:54604 - R:localhost/127.0.0.1:7968]' for 'POST' to 'http://localhost:7968/session/510f4e476a348551fb82d0556d2e7277/element/fecf84ad-9edc-42b0-8d35-67946e55d7cd/element'
18:23:25.590 [Forwarding findChildElement on session 510f4e476a348551fb82d0556d2e7277 to remote] DEBUG org.asynchttpclient.netty.request.NettyRequestSender - Using open Channel [id: 0xccfc25e2, L:/127.0.0.1:54604 - R:localhost/127.0.0.1:7968] for POST '/session/510f4e476a348551fb82d0556d2e7277/element/fecf84ad-9edc-42b0-8d35-67946e55d7cd/element'
18:23:25.704 [AsyncHttpClient-1-3] DEBUG org.asynchttpclient.netty.handler.HttpHandler - 

Request DefaultHttpRequest(decodeResult: success, version: HTTP/1.1)
POST /session/510f4e476a348551fb82d0556d2e7277/element/fecf84ad-9edc-42b0-8d35-67946e55d7cd/element HTTP/1.1
User-Agent: selenium/4.5.3 (java mac)
Content-Length: 106
Content-Type: application/json; charset=utf-8
host: localhost:7968
accept: */*

Response DefaultHttpResponse(decodeResult: success, version: HTTP/1.1)
HTTP/1.1 200 OK
Content-Length: 88
Content-Type: application/json; charset=utf-8
cache-control: no-cache

18:23:25.705 [AsyncHttpClient-1-3] DEBUG org.asynchttpclient.netty.channel.ChannelManager - Adding key: http://localhost:7968 for channel [id: 0xccfc25e2, L:/127.0.0.1:54604 - R:localhost/127.0.0.1:7968]
18:23:25.705 [Forwarding getElementText on session 510f4e476a348551fb82d0556d2e7277 to remote] DEBUG org.asynchttpclient.netty.request.NettyRequestSender - Using pooled Channel '[id: 0xccfc25e2, L:/127.0.0.1:54604 - R:localhost/127.0.0.1:7968]' for 'GET' to 'http://localhost:7968/session/510f4e476a348551fb82d0556d2e7277/element/3df5c664-ba26-4ad0-b120-4b4ea69b9d49/text'
18:23:25.705 [Forwarding getElementText on session 510f4e476a348551fb82d0556d2e7277 to remote] DEBUG org.asynchttpclient.netty.request.NettyRequestSender - Using open Channel [id: 0xccfc25e2, L:/127.0.0.1:54604 - R:localhost/127.0.0.1:7968] for GET '/session/510f4e476a348551fb82d0556d2e7277/element/3df5c664-ba26-4ad0-b120-4b4ea69b9d49/text'
18:23:25.710 [AsyncHttpClient-1-1] DEBUG org.asynchttpclient.netty.channel.DefaultChannelPool - Entry count for : http://localhost:5352 : 1
18:23:25.710 [AsyncHttpClient-1-1] DEBUG org.asynchttpclient.netty.channel.DefaultChannelPool - Entry count for : http://localhost:54610 : 1
18:23:25.727 [AsyncHttpClient-1-3] DEBUG org.asynchttpclient.netty.handler.HttpHandler - 

Request DefaultFullHttpRequest(decodeResult: success, version: HTTP/1.1, content: EmptyByteBufBE)
GET /session/510f4e476a348551fb82d0556d2e7277/element/3df5c664-ba26-4ad0-b120-4b4ea69b9d49/text HTTP/1.1
User-Agent: selenium/4.5.3 (java mac)
Cache-Control: no-cache
Content-Type: application/json; charset=utf-8
host: localhost:7968
accept: */*

Response DefaultHttpResponse(decodeResult: success, version: HTTP/1.1)
HTTP/1.1 200 OK
Content-Length: 76
Content-Type: application/json; charset=utf-8
cache-control: no-cache

18:23:25.727 [AsyncHttpClient-1-3] DEBUG org.asynchttpclient.netty.channel.ChannelManager - Adding key: http://localhost:7968 for channel [id: 0xccfc25e2, L:/127.0.0.1:54604 - R:localhost/127.0.0.1:7968]
18:23:25.729 [Forwarding findChildElement on session 510f4e476a348551fb82d0556d2e7277 to remote] DEBUG org.asynchttpclient.netty.request.NettyRequestSender - Using pooled Channel '[id: 0xccfc25e2, L:/127.0.0.1:54604 - R:localhost/127.0.0.1:7968]' for 'POST' to 'http://localhost:7968/session/510f4e476a348551fb82d0556d2e7277/element/fecf84ad-9edc-42b0-8d35-67946e55d7cd/element'
18:23:25.729 [Forwarding findChildElement on session 510f4e476a348551fb82d0556d2e7277 to remote] DEBUG org.asynchttpclient.netty.request.NettyRequestSender - Using open Channel [id: 0xccfc25e2, L:/127.0.0.1:54604 - R:localhost/127.0.0.1:7968] for POST '/session/510f4e476a348551fb82d0556d2e7277/element/fecf84ad-9edc-42b0-8d35-67946e55d7cd/element'
18:23:25.811 [AsyncHttpClient-1-3] DEBUG org.asynchttpclient.netty.handler.HttpHandler - 

Request DefaultHttpRequest(decodeResult: success, version: HTTP/1.1)
POST /session/510f4e476a348551fb82d0556d2e7277/element/fecf84ad-9edc-42b0-8d35-67946e55d7cd/element HTTP/1.1
User-Agent: selenium/4.5.3 (java mac)
Content-Length: 106
Content-Type: application/json; charset=utf-8
host: localhost:7968
accept: */*

Response DefaultHttpResponse(decodeResult: success, version: HTTP/1.1)
HTTP/1.1 200 OK
Content-Length: 88
Content-Type: application/json; charset=utf-8
cache-control: no-cache

18:23:25.811 [AsyncHttpClient-1-3] DEBUG org.asynchttpclient.netty.channel.ChannelManager - Adding key: http://localhost:7968 for channel [id: 0xccfc25e2, L:/127.0.0.1:54604 - R:localhost/127.0.0.1:7968]
18:23:25.812 [Forwarding getElementText on session 510f4e476a348551fb82d0556d2e7277 to remote] DEBUG org.asynchttpclient.netty.request.NettyRequestSender - Using pooled Channel '[id: 0xccfc25e2, L:/127.0.0.1:54604 - R:localhost/127.0.0.1:7968]' for 'GET' to 'http://localhost:7968/session/510f4e476a348551fb82d0556d2e7277/element/0dc03077-ccc7-467c-ae67-3cddf85054a1/text'
18:23:25.813 [Forwarding getElementText on session 510f4e476a348551fb82d0556d2e7277 to remote] DEBUG org.asynchttpclient.netty.request.NettyRequestSender - Using open Channel [id: 0xccfc25e2, L:/127.0.0.1:54604 - R:localhost/127.0.0.1:7968] for GET '/session/510f4e476a348551fb82d0556d2e7277/element/0dc03077-ccc7-467c-ae67-3cddf85054a1/text'
18:23:26.810 [AsyncHttpClient-1-1] DEBUG org.asynchttpclient.netty.channel.DefaultChannelPool - Entry count for : http://localhost:5352 : 1
18:23:26.810 [AsyncHttpClient-1-1] DEBUG org.asynchttpclient.netty.channel.DefaultChannelPool - Entry count for : http://localhost:54610 : 1
18:23:26.951 [AsyncHttpClient-1-3] DEBUG org.asynchttpclient.netty.handler.HttpHandler - 

Request DefaultFullHttpRequest(decodeResult: success, version: HTTP/1.1, content: EmptyByteBufBE)
GET /session/510f4e476a348551fb82d0556d2e7277/element/0dc03077-ccc7-467c-ae67-3cddf85054a1/text HTTP/1.1
User-Agent: selenium/4.5.3 (java mac)
Cache-Control: no-cache
Content-Type: application/json; charset=utf-8
host: localhost:7968
accept: */*

Response DefaultHttpResponse(decodeResult: success, version: HTTP/1.1)
HTTP/1.1 200 OK
Content-Length: 19
Content-Type: application/json; charset=utf-8
cache-control: no-cache

18:23:26.951 [AsyncHttpClient-1-3] DEBUG org.asynchttpclient.netty.channel.ChannelManager - Adding key: http://localhost:7968 for channel [id: 0xccfc25e2, L:/127.0.0.1:54604 - R:localhost/127.0.0.1:7968]
18:23:26.952 [Forwarding findChildElement on session 510f4e476a348551fb82d0556d2e7277 to remote] DEBUG org.asynchttpclient.netty.request.NettyRequestSender - Using pooled Channel '[id: 0xccfc25e2, L:/127.0.0.1:54604 - R:localhost/127.0.0.1:7968]' for 'POST' to 'http://localhost:7968/session/510f4e476a348551fb82d0556d2e7277/element/3ec8b790-dedd-4861-83dc-582ee81bece7/element'
18:23:26.952 [Forwarding findChildElement on session 510f4e476a348551fb82d0556d2e7277 to remote] DEBUG org.asynchttpclient.netty.request.NettyRequestSender - Using open Channel [id: 0xccfc25e2, L:/127.0.0.1:54604 - R:localhost/127.0.0.1:7968] for POST '/session/510f4e476a348551fb82d0556d2e7277/element/3ec8b790-dedd-4861-83dc-582ee81bece7/element'
18:23:27.117 [AsyncHttpClient-1-3] DEBUG org.asynchttpclient.netty.handler.HttpHandler - 

Request DefaultHttpRequest(decodeResult: success, version: HTTP/1.1)
POST /session/510f4e476a348551fb82d0556d2e7277/element/3ec8b790-dedd-4861-83dc-582ee81bece7/element HTTP/1.1
User-Agent: selenium/4.5.3 (java mac)
Content-Length: 106
Content-Type: application/json; charset=utf-8
host: localhost:7968
accept: */*

Response DefaultHttpResponse(decodeResult: success, version: HTTP/1.1)
HTTP/1.1 200 OK
Content-Length: 88
Content-Type: application/json; charset=utf-8
cache-control: no-cache

18:23:27.117 [AsyncHttpClient-1-3] DEBUG org.asynchttpclient.netty.channel.ChannelManager - Adding key: http://localhost:7968 for channel [id: 0xccfc25e2, L:/127.0.0.1:54604 - R:localhost/127.0.0.1:7968]
18:23:27.118 [Forwarding getElementText on session 510f4e476a348551fb82d0556d2e7277 to remote] DEBUG org.asynchttpclient.netty.request.NettyRequestSender - Using pooled Channel '[id: 0xccfc25e2, L:/127.0.0.1:54604 - R:localhost/127.0.0.1:7968]' for 'GET' to 'http://localhost:7968/session/510f4e476a348551fb82d0556d2e7277/element/5287fc0c-3716-4cd6-911d-822cdf662366/text'
18:23:27.118 [Forwarding getElementText on session 510f4e476a348551fb82d0556d2e7277 to remote] DEBUG org.asynchttpclient.netty.request.NettyRequestSender - Using open Channel [id: 0xccfc25e2, L:/127.0.0.1:54604 - R:localhost/127.0.0.1:7968] for GET '/session/510f4e476a348551fb82d0556d2e7277/element/5287fc0c-3716-4cd6-911d-822cdf662366/text'
18:23:27.199 [AsyncHttpClient-1-3] DEBUG org.asynchttpclient.netty.handler.HttpHandler - 

Request DefaultFullHttpRequest(decodeResult: success, version: HTTP/1.1, content: EmptyByteBufBE)
GET /session/510f4e476a348551fb82d0556d2e7277/element/5287fc0c-3716-4cd6-911d-822cdf662366/text HTTP/1.1
User-Agent: selenium/4.5.3 (java mac)
Cache-Control: no-cache
Content-Type: application/json; charset=utf-8
host: localhost:7968
accept: */*

Response DefaultHttpResponse(decodeResult: success, version: HTTP/1.1)
HTTP/1.1 200 OK
Content-Length: 87
Content-Type: application/json; charset=utf-8
cache-control: no-cache

18:23:27.199 [AsyncHttpClient-1-3] DEBUG org.asynchttpclient.netty.channel.ChannelManager - Adding key: http://localhost:7968 for channel [id: 0xccfc25e2, L:/127.0.0.1:54604 - R:localhost/127.0.0.1:7968]
18:23:27.201 [Forwarding findChildElement on session 510f4e476a348551fb82d0556d2e7277 to remote] DEBUG org.asynchttpclient.netty.request.NettyRequestSender - Using pooled Channel '[id: 0xccfc25e2, L:/127.0.0.1:54604 - R:localhost/127.0.0.1:7968]' for 'POST' to 'http://localhost:7968/session/510f4e476a348551fb82d0556d2e7277/element/3ec8b790-dedd-4861-83dc-582ee81bece7/element'
18:23:27.201 [Forwarding findChildElement on session 510f4e476a348551fb82d0556d2e7277 to remote] DEBUG org.asynchttpclient.netty.request.NettyRequestSender - Using open Channel [id: 0xccfc25e2, L:/127.0.0.1:54604 - R:localhost/127.0.0.1:7968] for POST '/session/510f4e476a348551fb82d0556d2e7277/element/3ec8b790-dedd-4861-83dc-582ee81bece7/element'
18:23:27.401 [AsyncHttpClient-1-3] DEBUG org.asynchttpclient.netty.handler.HttpHandler - 

Request DefaultHttpRequest(decodeResult: success, version: HTTP/1.1)
POST /session/510f4e476a348551fb82d0556d2e7277/element/3ec8b790-dedd-4861-83dc-582ee81bece7/element HTTP/1.1
User-Agent: selenium/4.5.3 (java mac)
Content-Length: 106
Content-Type: application/json; charset=utf-8
host: localhost:7968
accept: */*

Response DefaultHttpResponse(decodeResult: success, version: HTTP/1.1)
HTTP/1.1 200 OK
Content-Length: 88
Content-Type: application/json; charset=utf-8
cache-control: no-cache

18:23:27.401 [AsyncHttpClient-1-3] DEBUG org.asynchttpclient.netty.channel.ChannelManager - Adding key: http://localhost:7968 for channel [id: 0xccfc25e2, L:/127.0.0.1:54604 - R:localhost/127.0.0.1:7968]
18:23:27.402 [Forwarding getElementText on session 510f4e476a348551fb82d0556d2e7277 to remote] DEBUG org.asynchttpclient.netty.request.NettyRequestSender - Using pooled Channel '[id: 0xccfc25e2, L:/127.0.0.1:54604 - R:localhost/127.0.0.1:7968]' for 'GET' to 'http://localhost:7968/session/510f4e476a348551fb82d0556d2e7277/element/b219674d-cd7f-4df0-9d54-1d1d0952c644/text'
18:23:27.402 [Forwarding getElementText on session 510f4e476a348551fb82d0556d2e7277 to remote] DEBUG org.asynchttpclient.netty.request.NettyRequestSender - Using open Channel [id: 0xccfc25e2, L:/127.0.0.1:54604 - R:localhost/127.0.0.1:7968] for GET '/session/510f4e476a348551fb82d0556d2e7277/element/b219674d-cd7f-4df0-9d54-1d1d0952c644/text'
18:23:27.517 [AsyncHttpClient-1-3] DEBUG org.asynchttpclient.netty.handler.HttpHandler - 

Request DefaultFullHttpRequest(decodeResult: success, version: HTTP/1.1, content: EmptyByteBufBE)
GET /session/510f4e476a348551fb82d0556d2e7277/element/b219674d-cd7f-4df0-9d54-1d1d0952c644/text HTTP/1.1
User-Agent: selenium/4.5.3 (java mac)
Cache-Control: no-cache
Content-Type: application/json; charset=utf-8
host: localhost:7968
accept: */*

Response DefaultHttpResponse(decodeResult: success, version: HTTP/1.1)
HTTP/1.1 200 OK
Content-Length: 19
Content-Type: application/json; charset=utf-8
cache-control: no-cache

18:23:27.517 [AsyncHttpClient-1-3] DEBUG org.asynchttpclient.netty.channel.ChannelManager - Adding key: http://localhost:7968 for channel [id: 0xccfc25e2, L:/127.0.0.1:54604 - R:localhost/127.0.0.1:7968]
18:23:27.519 [Forwarding findChildElement on session 510f4e476a348551fb82d0556d2e7277 to remote] DEBUG org.asynchttpclient.netty.request.NettyRequestSender - Using pooled Channel '[id: 0xccfc25e2, L:/127.0.0.1:54604 - R:localhost/127.0.0.1:7968]' for 'POST' to 'http://localhost:7968/session/510f4e476a348551fb82d0556d2e7277/element/ae65486c-f4ed-46cb-af7a-f350d1d8a5de/element'
18:23:27.519 [Forwarding findChildElement on session 510f4e476a348551fb82d0556d2e7277 to remote] DEBUG org.asynchttpclient.netty.request.NettyRequestSender - Using open Channel [id: 0xccfc25e2, L:/127.0.0.1:54604 - R:localhost/127.0.0.1:7968] for POST '/session/510f4e476a348551fb82d0556d2e7277/element/ae65486c-f4ed-46cb-af7a-f350d1d8a5de/element'
18:23:27.627 [AsyncHttpClient-1-3] DEBUG org.asynchttpclient.netty.handler.HttpHandler - 

Request DefaultHttpRequest(decodeResult: success, version: HTTP/1.1)
POST /session/510f4e476a348551fb82d0556d2e7277/element/ae65486c-f4ed-46cb-af7a-f350d1d8a5de/element HTTP/1.1
User-Agent: selenium/4.5.3 (java mac)
Content-Length: 106
Content-Type: application/json; charset=utf-8
host: localhost:7968
accept: */*

Response DefaultHttpResponse(decodeResult: success, version: HTTP/1.1)
HTTP/1.1 200 OK
Content-Length: 88
Content-Type: application/json; charset=utf-8
cache-control: no-cache

18:23:27.627 [AsyncHttpClient-1-3] DEBUG org.asynchttpclient.netty.channel.ChannelManager - Adding key: http://localhost:7968 for channel [id: 0xccfc25e2, L:/127.0.0.1:54604 - R:localhost/127.0.0.1:7968]
18:23:27.628 [Forwarding getElementText on session 510f4e476a348551fb82d0556d2e7277 to remote] DEBUG org.asynchttpclient.netty.request.NettyRequestSender - Using pooled Channel '[id: 0xccfc25e2, L:/127.0.0.1:54604 - R:localhost/127.0.0.1:7968]' for 'GET' to 'http://localhost:7968/session/510f4e476a348551fb82d0556d2e7277/element/ff65187e-756b-48cf-bf6f-b2ff5f45eff2/text'
18:23:27.628 [Forwarding getElementText on session 510f4e476a348551fb82d0556d2e7277 to remote] DEBUG org.asynchttpclient.netty.request.NettyRequestSender - Using open Channel [id: 0xccfc25e2, L:/127.0.0.1:54604 - R:localhost/127.0.0.1:7968] for GET '/session/510f4e476a348551fb82d0556d2e7277/element/ff65187e-756b-48cf-bf6f-b2ff5f45eff2/text'
18:23:27.646 [AsyncHttpClient-1-3] DEBUG org.asynchttpclient.netty.handler.HttpHandler - 

Request DefaultFullHttpRequest(decodeResult: success, version: HTTP/1.1, content: EmptyByteBufBE)
GET /session/510f4e476a348551fb82d0556d2e7277/element/ff65187e-756b-48cf-bf6f-b2ff5f45eff2/text HTTP/1.1
User-Agent: selenium/4.5.3 (java mac)
Cache-Control: no-cache
Content-Type: application/json; charset=utf-8
host: localhost:7968
accept: */*

Response DefaultHttpResponse(decodeResult: success, version: HTTP/1.1)
HTTP/1.1 200 OK
Content-Length: 75
Content-Type: application/json; charset=utf-8
cache-control: no-cache

18:23:27.646 [AsyncHttpClient-1-3] DEBUG org.asynchttpclient.netty.channel.ChannelManager - Adding key: http://localhost:7968 for channel [id: 0xccfc25e2, L:/127.0.0.1:54604 - R:localhost/127.0.0.1:7968]
18:23:27.657 [Forwarding findChildElement on session 510f4e476a348551fb82d0556d2e7277 to remote] DEBUG org.asynchttpclient.netty.request.NettyRequestSender - Using pooled Channel '[id: 0xccfc25e2, L:/127.0.0.1:54604 - R:localhost/127.0.0.1:7968]' for 'POST' to 'http://localhost:7968/session/510f4e476a348551fb82d0556d2e7277/element/ae65486c-f4ed-46cb-af7a-f350d1d8a5de/element'
18:23:27.657 [Forwarding findChildElement on session 510f4e476a348551fb82d0556d2e7277 to remote] DEBUG org.asynchttpclient.netty.request.NettyRequestSender - Using open Channel [id: 0xccfc25e2, L:/127.0.0.1:54604 - R:localhost/127.0.0.1:7968] for POST '/session/510f4e476a348551fb82d0556d2e7277/element/ae65486c-f4ed-46cb-af7a-f350d1d8a5de/element'
18:23:27.677 [AsyncHttpClient-1-3] DEBUG org.asynchttpclient.netty.handler.HttpHandler - 

Request DefaultHttpRequest(decodeResult: success, version: HTTP/1.1)
POST /session/510f4e476a348551fb82d0556d2e7277/element/ae65486c-f4ed-46cb-af7a-f350d1d8a5de/element HTTP/1.1
User-Agent: selenium/4.5.3 (java mac)
Content-Length: 106
Content-Type: application/json; charset=utf-8
host: localhost:7968
accept: */*

Response DefaultHttpResponse(decodeResult: success, version: HTTP/1.1)
HTTP/1.1 200 OK
Content-Length: 88
Content-Type: application/json; charset=utf-8
cache-control: no-cache

18:23:27.678 [AsyncHttpClient-1-3] DEBUG org.asynchttpclient.netty.channel.ChannelManager - Adding key: http://localhost:7968 for channel [id: 0xccfc25e2, L:/127.0.0.1:54604 - R:localhost/127.0.0.1:7968]
18:23:27.679 [Forwarding getElementText on session 510f4e476a348551fb82d0556d2e7277 to remote] DEBUG org.asynchttpclient.netty.request.NettyRequestSender - Using pooled Channel '[id: 0xccfc25e2, L:/127.0.0.1:54604 - R:localhost/127.0.0.1:7968]' for 'GET' to 'http://localhost:7968/session/510f4e476a348551fb82d0556d2e7277/element/af9439ea-11d5-4551-bf32-d12cca1eb4f0/text'
18:23:27.679 [Forwarding getElementText on session 510f4e476a348551fb82d0556d2e7277 to remote] DEBUG org.asynchttpclient.netty.request.NettyRequestSender - Using open Channel [id: 0xccfc25e2, L:/127.0.0.1:54604 - R:localhost/127.0.0.1:7968] for GET '/session/510f4e476a348551fb82d0556d2e7277/element/af9439ea-11d5-4551-bf32-d12cca1eb4f0/text'
18:23:27.694 [AsyncHttpClient-1-3] DEBUG org.asynchttpclient.netty.handler.HttpHandler - 

Request DefaultFullHttpRequest(decodeResult: success, version: HTTP/1.1, content: EmptyByteBufBE)
GET /session/510f4e476a348551fb82d0556d2e7277/element/af9439ea-11d5-4551-bf32-d12cca1eb4f0/text HTTP/1.1
User-Agent: selenium/4.5.3 (java mac)
Cache-Control: no-cache
Content-Type: application/json; charset=utf-8
host: localhost:7968
accept: */*

Response DefaultHttpResponse(decodeResult: success, version: HTTP/1.1)
HTTP/1.1 200 OK
Content-Length: 19
Content-Type: application/json; charset=utf-8
cache-control: no-cache

18:23:27.694 [AsyncHttpClient-1-3] DEBUG org.asynchttpclient.netty.channel.ChannelManager - Adding key: http://localhost:7968 for channel [id: 0xccfc25e2, L:/127.0.0.1:54604 - R:localhost/127.0.0.1:7968]
18:23:27.695 [Forwarding findChildElement on session 510f4e476a348551fb82d0556d2e7277 to remote] DEBUG org.asynchttpclient.netty.request.NettyRequestSender - Using pooled Channel '[id: 0xccfc25e2, L:/127.0.0.1:54604 - R:localhost/127.0.0.1:7968]' for 'POST' to 'http://localhost:7968/session/510f4e476a348551fb82d0556d2e7277/element/aeee85c3-7778-44f7-b3e7-ef1f0d91b06c/element'
18:23:27.695 [Forwarding findChildElement on session 510f4e476a348551fb82d0556d2e7277 to remote] DEBUG org.asynchttpclient.netty.request.NettyRequestSender - Using open Channel [id: 0xccfc25e2, L:/127.0.0.1:54604 - R:localhost/127.0.0.1:7968] for POST '/session/510f4e476a348551fb82d0556d2e7277/element/aeee85c3-7778-44f7-b3e7-ef1f0d91b06c/element'
18:23:27.909 [AsyncHttpClient-1-1] DEBUG org.asynchttpclient.netty.channel.DefaultChannelPool - Entry count for : http://localhost:5352 : 1
18:23:27.909 [AsyncHttpClient-1-1] DEBUG org.asynchttpclient.netty.channel.DefaultChannelPool - Entry count for : http://localhost:54610 : 1
18:23:27.983 [AsyncHttpClient-1-3] DEBUG org.asynchttpclient.netty.handler.HttpHandler - 

Request DefaultHttpRequest(decodeResult: success, version: HTTP/1.1)
POST /session/510f4e476a348551fb82d0556d2e7277/element/aeee85c3-7778-44f7-b3e7-ef1f0d91b06c/element HTTP/1.1
User-Agent: selenium/4.5.3 (java mac)
Content-Length: 106
Content-Type: application/json; charset=utf-8
host: localhost:7968
accept: */*

Response DefaultHttpResponse(decodeResult: success, version: HTTP/1.1)
HTTP/1.1 200 OK
Content-Length: 88
Content-Type: application/json; charset=utf-8
cache-control: no-cache

18:23:27.983 [AsyncHttpClient-1-3] DEBUG org.asynchttpclient.netty.channel.ChannelManager - Adding key: http://localhost:7968 for channel [id: 0xccfc25e2, L:/127.0.0.1:54604 - R:localhost/127.0.0.1:7968]
18:23:27.984 [Forwarding getElementText on session 510f4e476a348551fb82d0556d2e7277 to remote] DEBUG org.asynchttpclient.netty.request.NettyRequestSender - Using pooled Channel '[id: 0xccfc25e2, L:/127.0.0.1:54604 - R:localhost/127.0.0.1:7968]' for 'GET' to 'http://localhost:7968/session/510f4e476a348551fb82d0556d2e7277/element/53a00dc7-1000-4495-acb0-85425cefbab0/text'
18:23:27.984 [Forwarding getElementText on session 510f4e476a348551fb82d0556d2e7277 to remote] DEBUG org.asynchttpclient.netty.request.NettyRequestSender - Using open Channel [id: 0xccfc25e2, L:/127.0.0.1:54604 - R:localhost/127.0.0.1:7968] for GET '/session/510f4e476a348551fb82d0556d2e7277/element/53a00dc7-1000-4495-acb0-85425cefbab0/text'
18:23:28.000 [AsyncHttpClient-1-3] DEBUG org.asynchttpclient.netty.handler.HttpHandler - 

Request DefaultFullHttpRequest(decodeResult: success, version: HTTP/1.1, content: EmptyByteBufBE)
GET /session/510f4e476a348551fb82d0556d2e7277/element/53a00dc7-1000-4495-acb0-85425cefbab0/text HTTP/1.1
User-Agent: selenium/4.5.3 (java mac)
Cache-Control: no-cache
Content-Type: application/json; charset=utf-8
host: localhost:7968
accept: */*

Response DefaultHttpResponse(decodeResult: success, version: HTTP/1.1)
HTTP/1.1 200 OK
Content-Length: 72
Content-Type: application/json; charset=utf-8
cache-control: no-cache

18:23:28.000 [AsyncHttpClient-1-3] DEBUG org.asynchttpclient.netty.channel.ChannelManager - Adding key: http://localhost:7968 for channel [id: 0xccfc25e2, L:/127.0.0.1:54604 - R:localhost/127.0.0.1:7968]
18:23:28.002 [Forwarding findChildElement on session 510f4e476a348551fb82d0556d2e7277 to remote] DEBUG org.asynchttpclient.netty.request.NettyRequestSender - Using pooled Channel '[id: 0xccfc25e2, L:/127.0.0.1:54604 - R:localhost/127.0.0.1:7968]' for 'POST' to 'http://localhost:7968/session/510f4e476a348551fb82d0556d2e7277/element/aeee85c3-7778-44f7-b3e7-ef1f0d91b06c/element'
18:23:28.002 [Forwarding findChildElement on session 510f4e476a348551fb82d0556d2e7277 to remote] DEBUG org.asynchttpclient.netty.request.NettyRequestSender - Using open Channel [id: 0xccfc25e2, L:/127.0.0.1:54604 - R:localhost/127.0.0.1:7968] for POST '/session/510f4e476a348551fb82d0556d2e7277/element/aeee85c3-7778-44f7-b3e7-ef1f0d91b06c/element'
18:23:28.019 [AsyncHttpClient-1-3] DEBUG org.asynchttpclient.netty.handler.HttpHandler - 

Request DefaultHttpRequest(decodeResult: success, version: HTTP/1.1)
POST /session/510f4e476a348551fb82d0556d2e7277/element/aeee85c3-7778-44f7-b3e7-ef1f0d91b06c/element HTTP/1.1
User-Agent: selenium/4.5.3 (java mac)
Content-Length: 106
Content-Type: application/json; charset=utf-8
host: localhost:7968
accept: */*

Response DefaultHttpResponse(decodeResult: success, version: HTTP/1.1)
HTTP/1.1 200 OK
Content-Length: 88
Content-Type: application/json; charset=utf-8
cache-control: no-cache

18:23:28.019 [AsyncHttpClient-1-3] DEBUG org.asynchttpclient.netty.channel.ChannelManager - Adding key: http://localhost:7968 for channel [id: 0xccfc25e2, L:/127.0.0.1:54604 - R:localhost/127.0.0.1:7968]
18:23:28.020 [Forwarding getElementText on session 510f4e476a348551fb82d0556d2e7277 to remote] DEBUG org.asynchttpclient.netty.request.NettyRequestSender - Using pooled Channel '[id: 0xccfc25e2, L:/127.0.0.1:54604 - R:localhost/127.0.0.1:7968]' for 'GET' to 'http://localhost:7968/session/510f4e476a348551fb82d0556d2e7277/element/fb760b08-a8ab-4781-b01a-eb480c674c37/text'
18:23:28.020 [Forwarding getElementText on session 510f4e476a348551fb82d0556d2e7277 to remote] DEBUG org.asynchttpclient.netty.request.NettyRequestSender - Using open Channel [id: 0xccfc25e2, L:/127.0.0.1:54604 - R:localhost/127.0.0.1:7968] for GET '/session/510f4e476a348551fb82d0556d2e7277/element/fb760b08-a8ab-4781-b01a-eb480c674c37/text'
18:23:28.061 [AsyncHttpClient-1-3] DEBUG org.asynchttpclient.netty.handler.HttpHandler - 

Request DefaultFullHttpRequest(decodeResult: success, version: HTTP/1.1, content: EmptyByteBufBE)
GET /session/510f4e476a348551fb82d0556d2e7277/element/fb760b08-a8ab-4781-b01a-eb480c674c37/text HTTP/1.1
User-Agent: selenium/4.5.3 (java mac)
Cache-Control: no-cache
Content-Type: application/json; charset=utf-8
host: localhost:7968
accept: */*

Response DefaultHttpResponse(decodeResult: success, version: HTTP/1.1)
HTTP/1.1 200 OK
Content-Length: 19
Content-Type: application/json; charset=utf-8
cache-control: no-cache

18:23:28.061 [AsyncHttpClient-1-3] DEBUG org.asynchttpclient.netty.channel.ChannelManager - Adding key: http://localhost:7968 for channel [id: 0xccfc25e2, L:/127.0.0.1:54604 - R:localhost/127.0.0.1:7968]
18:23:28.063 [Forwarding findChildElement on session 510f4e476a348551fb82d0556d2e7277 to remote] DEBUG org.asynchttpclient.netty.request.NettyRequestSender - Using pooled Channel '[id: 0xccfc25e2, L:/127.0.0.1:54604 - R:localhost/127.0.0.1:7968]' for 'POST' to 'http://localhost:7968/session/510f4e476a348551fb82d0556d2e7277/element/c6269dc4-7809-4394-8650-8fa2a0bcd5e4/element'
18:23:28.063 [Forwarding findChildElement on session 510f4e476a348551fb82d0556d2e7277 to remote] DEBUG org.asynchttpclient.netty.request.NettyRequestSender - Using open Channel [id: 0xccfc25e2, L:/127.0.0.1:54604 - R:localhost/127.0.0.1:7968] for POST '/session/510f4e476a348551fb82d0556d2e7277/element/c6269dc4-7809-4394-8650-8fa2a0bcd5e4/element'
18:23:28.081 [AsyncHttpClient-1-3] DEBUG org.asynchttpclient.netty.handler.HttpHandler - 

Request DefaultHttpRequest(decodeResult: success, version: HTTP/1.1)
POST /session/510f4e476a348551fb82d0556d2e7277/element/c6269dc4-7809-4394-8650-8fa2a0bcd5e4/element HTTP/1.1
User-Agent: selenium/4.5.3 (java mac)
Content-Length: 106
Content-Type: application/json; charset=utf-8
host: localhost:7968
accept: */*

Response DefaultHttpResponse(decodeResult: success, version: HTTP/1.1)
HTTP/1.1 200 OK
Content-Length: 88
Content-Type: application/json; charset=utf-8
cache-control: no-cache

18:23:28.081 [AsyncHttpClient-1-3] DEBUG org.asynchttpclient.netty.channel.ChannelManager - Adding key: http://localhost:7968 for channel [id: 0xccfc25e2, L:/127.0.0.1:54604 - R:localhost/127.0.0.1:7968]
18:23:28.082 [Forwarding getElementText on session 510f4e476a348551fb82d0556d2e7277 to remote] DEBUG org.asynchttpclient.netty.request.NettyRequestSender - Using pooled Channel '[id: 0xccfc25e2, L:/127.0.0.1:54604 - R:localhost/127.0.0.1:7968]' for 'GET' to 'http://localhost:7968/session/510f4e476a348551fb82d0556d2e7277/element/839aff4e-46c8-4cdf-97bd-d54a9b23e170/text'
18:23:28.082 [Forwarding getElementText on session 510f4e476a348551fb82d0556d2e7277 to remote] DEBUG org.asynchttpclient.netty.request.NettyRequestSender - Using open Channel [id: 0xccfc25e2, L:/127.0.0.1:54604 - R:localhost/127.0.0.1:7968] for GET '/session/510f4e476a348551fb82d0556d2e7277/element/839aff4e-46c8-4cdf-97bd-d54a9b23e170/text'
18:23:28.246 [AsyncHttpClient-1-3] DEBUG org.asynchttpclient.netty.handler.HttpHandler - 

Request DefaultFullHttpRequest(decodeResult: success, version: HTTP/1.1, content: EmptyByteBufBE)
GET /session/510f4e476a348551fb82d0556d2e7277/element/839aff4e-46c8-4cdf-97bd-d54a9b23e170/text HTTP/1.1
User-Agent: selenium/4.5.3 (java mac)
Cache-Control: no-cache
Content-Type: application/json; charset=utf-8
host: localhost:7968
accept: */*

Response DefaultHttpResponse(decodeResult: success, version: HTTP/1.1)
HTTP/1.1 200 OK
Content-Length: 85
Content-Type: application/json; charset=utf-8
cache-control: no-cache

18:23:28.246 [AsyncHttpClient-1-3] DEBUG org.asynchttpclient.netty.channel.ChannelManager - Adding key: http://localhost:7968 for channel [id: 0xccfc25e2, L:/127.0.0.1:54604 - R:localhost/127.0.0.1:7968]
18:23:28.247 [Forwarding findChildElement on session 510f4e476a348551fb82d0556d2e7277 to remote] DEBUG org.asynchttpclient.netty.request.NettyRequestSender - Using pooled Channel '[id: 0xccfc25e2, L:/127.0.0.1:54604 - R:localhost/127.0.0.1:7968]' for 'POST' to 'http://localhost:7968/session/510f4e476a348551fb82d0556d2e7277/element/c6269dc4-7809-4394-8650-8fa2a0bcd5e4/element'
18:23:28.247 [Forwarding findChildElement on session 510f4e476a348551fb82d0556d2e7277 to remote] DEBUG org.asynchttpclient.netty.request.NettyRequestSender - Using open Channel [id: 0xccfc25e2, L:/127.0.0.1:54604 - R:localhost/127.0.0.1:7968] for POST '/session/510f4e476a348551fb82d0556d2e7277/element/c6269dc4-7809-4394-8650-8fa2a0bcd5e4/element'
18:23:28.283 [AsyncHttpClient-1-3] DEBUG org.asynchttpclient.netty.handler.HttpHandler - 

Request DefaultHttpRequest(decodeResult: success, version: HTTP/1.1)
POST /session/510f4e476a348551fb82d0556d2e7277/element/c6269dc4-7809-4394-8650-8fa2a0bcd5e4/element HTTP/1.1
User-Agent: selenium/4.5.3 (java mac)
Content-Length: 106
Content-Type: application/json; charset=utf-8
host: localhost:7968
accept: */*

Response DefaultHttpResponse(decodeResult: success, version: HTTP/1.1)
HTTP/1.1 200 OK
Content-Length: 88
Content-Type: application/json; charset=utf-8
cache-control: no-cache

18:23:28.283 [AsyncHttpClient-1-3] DEBUG org.asynchttpclient.netty.channel.ChannelManager - Adding key: http://localhost:7968 for channel [id: 0xccfc25e2, L:/127.0.0.1:54604 - R:localhost/127.0.0.1:7968]
18:23:28.284 [Forwarding getElementText on session 510f4e476a348551fb82d0556d2e7277 to remote] DEBUG org.asynchttpclient.netty.request.NettyRequestSender - Using pooled Channel '[id: 0xccfc25e2, L:/127.0.0.1:54604 - R:localhost/127.0.0.1:7968]' for 'GET' to 'http://localhost:7968/session/510f4e476a348551fb82d0556d2e7277/element/1dfe3569-73d7-41ca-88de-833637fe0aa0/text'
18:23:28.284 [Forwarding getElementText on session 510f4e476a348551fb82d0556d2e7277 to remote] DEBUG org.asynchttpclient.netty.request.NettyRequestSender - Using open Channel [id: 0xccfc25e2, L:/127.0.0.1:54604 - R:localhost/127.0.0.1:7968] for GET '/session/510f4e476a348551fb82d0556d2e7277/element/1dfe3569-73d7-41ca-88de-833637fe0aa0/text'
18:23:28.384 [AsyncHttpClient-1-3] DEBUG org.asynchttpclient.netty.handler.HttpHandler - 

Request DefaultFullHttpRequest(decodeResult: success, version: HTTP/1.1, content: EmptyByteBufBE)
GET /session/510f4e476a348551fb82d0556d2e7277/element/1dfe3569-73d7-41ca-88de-833637fe0aa0/text HTTP/1.1
User-Agent: selenium/4.5.3 (java mac)
Cache-Control: no-cache
Content-Type: application/json; charset=utf-8
host: localhost:7968
accept: */*

Response DefaultHttpResponse(decodeResult: success, version: HTTP/1.1)
HTTP/1.1 200 OK
Content-Length: 30
Content-Type: application/json; charset=utf-8
cache-control: no-cache

18:23:28.384 [AsyncHttpClient-1-3] DEBUG org.asynchttpclient.netty.channel.ChannelManager - Adding key: http://localhost:7968 for channel [id: 0xccfc25e2, L:/127.0.0.1:54604 - R:localhost/127.0.0.1:7968]
18:23:28.386 [Forwarding findChildElement on session 510f4e476a348551fb82d0556d2e7277 to remote] DEBUG org.asynchttpclient.netty.request.NettyRequestSender - Using pooled Channel '[id: 0xccfc25e2, L:/127.0.0.1:54604 - R:localhost/127.0.0.1:7968]' for 'POST' to 'http://localhost:7968/session/510f4e476a348551fb82d0556d2e7277/element/b41da9b7-bca6-4b86-a503-9e5c6222b15a/element'
18:23:28.386 [Forwarding findChildElement on session 510f4e476a348551fb82d0556d2e7277 to remote] DEBUG org.asynchttpclient.netty.request.NettyRequestSender - Using open Channel [id: 0xccfc25e2, L:/127.0.0.1:54604 - R:localhost/127.0.0.1:7968] for POST '/session/510f4e476a348551fb82d0556d2e7277/element/b41da9b7-bca6-4b86-a503-9e5c6222b15a/element'
18:23:28.419 [AsyncHttpClient-1-3] DEBUG org.asynchttpclient.netty.handler.HttpHandler - 

Request DefaultHttpRequest(decodeResult: success, version: HTTP/1.1)
POST /session/510f4e476a348551fb82d0556d2e7277/element/b41da9b7-bca6-4b86-a503-9e5c6222b15a/element HTTP/1.1
User-Agent: selenium/4.5.3 (java mac)
Content-Length: 106
Content-Type: application/json; charset=utf-8
host: localhost:7968
accept: */*

Response DefaultHttpResponse(decodeResult: success, version: HTTP/1.1)
HTTP/1.1 200 OK
Content-Length: 88
Content-Type: application/json; charset=utf-8
cache-control: no-cache

18:23:28.420 [AsyncHttpClient-1-3] DEBUG org.asynchttpclient.netty.channel.ChannelManager - Adding key: http://localhost:7968 for channel [id: 0xccfc25e2, L:/127.0.0.1:54604 - R:localhost/127.0.0.1:7968]
18:23:28.420 [Forwarding getElementText on session 510f4e476a348551fb82d0556d2e7277 to remote] DEBUG org.asynchttpclient.netty.request.NettyRequestSender - Using pooled Channel '[id: 0xccfc25e2, L:/127.0.0.1:54604 - R:localhost/127.0.0.1:7968]' for 'GET' to 'http://localhost:7968/session/510f4e476a348551fb82d0556d2e7277/element/18bbfc44-58b0-4036-8904-ed46eeb6c5cf/text'
18:23:28.420 [Forwarding getElementText on session 510f4e476a348551fb82d0556d2e7277 to remote] DEBUG org.asynchttpclient.netty.request.NettyRequestSender - Using open Channel [id: 0xccfc25e2, L:/127.0.0.1:54604 - R:localhost/127.0.0.1:7968] for GET '/session/510f4e476a348551fb82d0556d2e7277/element/18bbfc44-58b0-4036-8904-ed46eeb6c5cf/text'
18:23:28.435 [AsyncHttpClient-1-3] DEBUG org.asynchttpclient.netty.handler.HttpHandler - 

Request DefaultFullHttpRequest(decodeResult: success, version: HTTP/1.1, content: EmptyByteBufBE)
GET /session/510f4e476a348551fb82d0556d2e7277/element/18bbfc44-58b0-4036-8904-ed46eeb6c5cf/text HTTP/1.1
User-Agent: selenium/4.5.3 (java mac)
Cache-Control: no-cache
Content-Type: application/json; charset=utf-8
host: localhost:7968
accept: */*

Response DefaultHttpResponse(decodeResult: success, version: HTTP/1.1)
HTTP/1.1 200 OK
Content-Length: 79
Content-Type: application/json; charset=utf-8
cache-control: no-cache

18:23:28.435 [AsyncHttpClient-1-3] DEBUG org.asynchttpclient.netty.channel.ChannelManager - Adding key: http://localhost:7968 for channel [id: 0xccfc25e2, L:/127.0.0.1:54604 - R:localhost/127.0.0.1:7968]
18:23:28.437 [Forwarding findChildElement on session 510f4e476a348551fb82d0556d2e7277 to remote] DEBUG org.asynchttpclient.netty.request.NettyRequestSender - Using pooled Channel '[id: 0xccfc25e2, L:/127.0.0.1:54604 - R:localhost/127.0.0.1:7968]' for 'POST' to 'http://localhost:7968/session/510f4e476a348551fb82d0556d2e7277/element/b41da9b7-bca6-4b86-a503-9e5c6222b15a/element'
18:23:28.437 [Forwarding findChildElement on session 510f4e476a348551fb82d0556d2e7277 to remote] DEBUG org.asynchttpclient.netty.request.NettyRequestSender - Using open Channel [id: 0xccfc25e2, L:/127.0.0.1:54604 - R:localhost/127.0.0.1:7968] for POST '/session/510f4e476a348551fb82d0556d2e7277/element/b41da9b7-bca6-4b86-a503-9e5c6222b15a/element'
18:23:28.512 [AsyncHttpClient-1-3] DEBUG org.asynchttpclient.netty.handler.HttpHandler - 

Request DefaultHttpRequest(decodeResult: success, version: HTTP/1.1)
POST /session/510f4e476a348551fb82d0556d2e7277/element/b41da9b7-bca6-4b86-a503-9e5c6222b15a/element HTTP/1.1
User-Agent: selenium/4.5.3 (java mac)
Content-Length: 106
Content-Type: application/json; charset=utf-8
host: localhost:7968
accept: */*

Response DefaultHttpResponse(decodeResult: success, version: HTTP/1.1)
HTTP/1.1 200 OK
Content-Length: 88
Content-Type: application/json; charset=utf-8
cache-control: no-cache

18:23:28.512 [AsyncHttpClient-1-3] DEBUG org.asynchttpclient.netty.channel.ChannelManager - Adding key: http://localhost:7968 for channel [id: 0xccfc25e2, L:/127.0.0.1:54604 - R:localhost/127.0.0.1:7968]
18:23:28.513 [Forwarding getElementText on session 510f4e476a348551fb82d0556d2e7277 to remote] DEBUG org.asynchttpclient.netty.request.NettyRequestSender - Using pooled Channel '[id: 0xccfc25e2, L:/127.0.0.1:54604 - R:localhost/127.0.0.1:7968]' for 'GET' to 'http://localhost:7968/session/510f4e476a348551fb82d0556d2e7277/element/4c11ad6f-ee29-4ace-be6c-6736027432bb/text'
18:23:28.513 [Forwarding getElementText on session 510f4e476a348551fb82d0556d2e7277 to remote] DEBUG org.asynchttpclient.netty.request.NettyRequestSender - Using open Channel [id: 0xccfc25e2, L:/127.0.0.1:54604 - R:localhost/127.0.0.1:7968] for GET '/session/510f4e476a348551fb82d0556d2e7277/element/4c11ad6f-ee29-4ace-be6c-6736027432bb/text'
18:23:28.558 [AsyncHttpClient-1-3] DEBUG org.asynchttpclient.netty.handler.HttpHandler - 

Request DefaultFullHttpRequest(decodeResult: success, version: HTTP/1.1, content: EmptyByteBufBE)
GET /session/510f4e476a348551fb82d0556d2e7277/element/4c11ad6f-ee29-4ace-be6c-6736027432bb/text HTTP/1.1
User-Agent: selenium/4.5.3 (java mac)
Cache-Control: no-cache
Content-Type: application/json; charset=utf-8
host: localhost:7968
accept: */*

Response DefaultHttpResponse(decodeResult: success, version: HTTP/1.1)
HTTP/1.1 200 OK
Content-Length: 19
Content-Type: application/json; charset=utf-8
cache-control: no-cache

18:23:28.558 [AsyncHttpClient-1-3] DEBUG org.asynchttpclient.netty.channel.ChannelManager - Adding key: http://localhost:7968 for channel [id: 0xccfc25e2, L:/127.0.0.1:54604 - R:localhost/127.0.0.1:7968]
18:23:28.559 [Forwarding findChildElement on session 510f4e476a348551fb82d0556d2e7277 to remote] DEBUG org.asynchttpclient.netty.request.NettyRequestSender - Using pooled Channel '[id: 0xccfc25e2, L:/127.0.0.1:54604 - R:localhost/127.0.0.1:7968]' for 'POST' to 'http://localhost:7968/session/510f4e476a348551fb82d0556d2e7277/element/e4350090-55f7-4689-9cc0-db8f6274d96f/element'
18:23:28.559 [Forwarding findChildElement on session 510f4e476a348551fb82d0556d2e7277 to remote] DEBUG org.asynchttpclient.netty.request.NettyRequestSender - Using open Channel [id: 0xccfc25e2, L:/127.0.0.1:54604 - R:localhost/127.0.0.1:7968] for POST '/session/510f4e476a348551fb82d0556d2e7277/element/e4350090-55f7-4689-9cc0-db8f6274d96f/element'
18:23:28.584 [AsyncHttpClient-1-3] DEBUG org.asynchttpclient.netty.handler.HttpHandler - 

Request DefaultHttpRequest(decodeResult: success, version: HTTP/1.1)
POST /session/510f4e476a348551fb82d0556d2e7277/element/e4350090-55f7-4689-9cc0-db8f6274d96f/element HTTP/1.1
User-Agent: selenium/4.5.3 (java mac)
Content-Length: 106
Content-Type: application/json; charset=utf-8
host: localhost:7968
accept: */*

Response DefaultHttpResponse(decodeResult: success, version: HTTP/1.1)
HTTP/1.1 200 OK
Content-Length: 88
Content-Type: application/json; charset=utf-8
cache-control: no-cache

18:23:28.584 [AsyncHttpClient-1-3] DEBUG org.asynchttpclient.netty.channel.ChannelManager - Adding key: http://localhost:7968 for channel [id: 0xccfc25e2, L:/127.0.0.1:54604 - R:localhost/127.0.0.1:7968]
18:23:28.589 [Forwarding getElementText on session 510f4e476a348551fb82d0556d2e7277 to remote] DEBUG org.asynchttpclient.netty.request.NettyRequestSender - Using pooled Channel '[id: 0xccfc25e2, L:/127.0.0.1:54604 - R:localhost/127.0.0.1:7968]' for 'GET' to 'http://localhost:7968/session/510f4e476a348551fb82d0556d2e7277/element/9ce5dba7-c0cb-42bb-88c5-4c1565c0add8/text'
18:23:28.589 [Forwarding getElementText on session 510f4e476a348551fb82d0556d2e7277 to remote] DEBUG org.asynchttpclient.netty.request.NettyRequestSender - Using open Channel [id: 0xccfc25e2, L:/127.0.0.1:54604 - R:localhost/127.0.0.1:7968] for GET '/session/510f4e476a348551fb82d0556d2e7277/element/9ce5dba7-c0cb-42bb-88c5-4c1565c0add8/text'
18:23:28.674 [AsyncHttpClient-1-3] DEBUG org.asynchttpclient.netty.handler.HttpHandler - 

Request DefaultFullHttpRequest(decodeResult: success, version: HTTP/1.1, content: EmptyByteBufBE)
GET /session/510f4e476a348551fb82d0556d2e7277/element/9ce5dba7-c0cb-42bb-88c5-4c1565c0add8/text HTTP/1.1
User-Agent: selenium/4.5.3 (java mac)
Cache-Control: no-cache
Content-Type: application/json; charset=utf-8
host: localhost:7968
accept: */*

Response DefaultHttpResponse(decodeResult: success, version: HTTP/1.1)
HTTP/1.1 200 OK
Content-Length: 72
Content-Type: application/json; charset=utf-8
cache-control: no-cache

18:23:28.674 [AsyncHttpClient-1-3] DEBUG org.asynchttpclient.netty.channel.ChannelManager - Adding key: http://localhost:7968 for channel [id: 0xccfc25e2, L:/127.0.0.1:54604 - R:localhost/127.0.0.1:7968]
18:23:28.675 [Forwarding findChildElement on session 510f4e476a348551fb82d0556d2e7277 to remote] DEBUG org.asynchttpclient.netty.request.NettyRequestSender - Using pooled Channel '[id: 0xccfc25e2, L:/127.0.0.1:54604 - R:localhost/127.0.0.1:7968]' for 'POST' to 'http://localhost:7968/session/510f4e476a348551fb82d0556d2e7277/element/e4350090-55f7-4689-9cc0-db8f6274d96f/element'
18:23:28.675 [Forwarding findChildElement on session 510f4e476a348551fb82d0556d2e7277 to remote] DEBUG org.asynchttpclient.netty.request.NettyRequestSender - Using open Channel [id: 0xccfc25e2, L:/127.0.0.1:54604 - R:localhost/127.0.0.1:7968] for POST '/session/510f4e476a348551fb82d0556d2e7277/element/e4350090-55f7-4689-9cc0-db8f6274d96f/element'
18:23:28.733 [AsyncHttpClient-1-3] DEBUG org.asynchttpclient.netty.handler.HttpHandler - 

Request DefaultHttpRequest(decodeResult: success, version: HTTP/1.1)
POST /session/510f4e476a348551fb82d0556d2e7277/element/e4350090-55f7-4689-9cc0-db8f6274d96f/element HTTP/1.1
User-Agent: selenium/4.5.3 (java mac)
Content-Length: 106
Content-Type: application/json; charset=utf-8
host: localhost:7968
accept: */*

Response DefaultHttpResponse(decodeResult: success, version: HTTP/1.1)
HTTP/1.1 200 OK
Content-Length: 88
Content-Type: application/json; charset=utf-8
cache-control: no-cache

18:23:28.733 [AsyncHttpClient-1-3] DEBUG org.asynchttpclient.netty.channel.ChannelManager - Adding key: http://localhost:7968 for channel [id: 0xccfc25e2, L:/127.0.0.1:54604 - R:localhost/127.0.0.1:7968]
18:23:28.734 [Forwarding getElementText on session 510f4e476a348551fb82d0556d2e7277 to remote] DEBUG org.asynchttpclient.netty.request.NettyRequestSender - Using pooled Channel '[id: 0xccfc25e2, L:/127.0.0.1:54604 - R:localhost/127.0.0.1:7968]' for 'GET' to 'http://localhost:7968/session/510f4e476a348551fb82d0556d2e7277/element/21153c59-ddca-4138-a227-86da028f1495/text'
18:23:28.734 [Forwarding getElementText on session 510f4e476a348551fb82d0556d2e7277 to remote] DEBUG org.asynchttpclient.netty.request.NettyRequestSender - Using open Channel [id: 0xccfc25e2, L:/127.0.0.1:54604 - R:localhost/127.0.0.1:7968] for GET '/session/510f4e476a348551fb82d0556d2e7277/element/21153c59-ddca-4138-a227-86da028f1495/text'
18:23:28.753 [AsyncHttpClient-1-3] DEBUG org.asynchttpclient.netty.handler.HttpHandler - 

Request DefaultFullHttpRequest(decodeResult: success, version: HTTP/1.1, content: EmptyByteBufBE)
GET /session/510f4e476a348551fb82d0556d2e7277/element/21153c59-ddca-4138-a227-86da028f1495/text HTTP/1.1
User-Agent: selenium/4.5.3 (java mac)
Cache-Control: no-cache
Content-Type: application/json; charset=utf-8
host: localhost:7968
accept: */*

Response DefaultHttpResponse(decodeResult: success, version: HTTP/1.1)
HTTP/1.1 200 OK
Content-Length: 19
Content-Type: application/json; charset=utf-8
cache-control: no-cache

18:23:28.753 [AsyncHttpClient-1-3] DEBUG org.asynchttpclient.netty.channel.ChannelManager - Adding key: http://localhost:7968 for channel [id: 0xccfc25e2, L:/127.0.0.1:54604 - R:localhost/127.0.0.1:7968]
18:23:28.755 [Forwarding findChildElement on session 510f4e476a348551fb82d0556d2e7277 to remote] DEBUG org.asynchttpclient.netty.request.NettyRequestSender - Using pooled Channel '[id: 0xccfc25e2, L:/127.0.0.1:54604 - R:localhost/127.0.0.1:7968]' for 'POST' to 'http://localhost:7968/session/510f4e476a348551fb82d0556d2e7277/element/bf8e9b36-2e5d-40d9-841f-7b30b5d58601/element'
18:23:28.756 [Forwarding findChildElement on session 510f4e476a348551fb82d0556d2e7277 to remote] DEBUG org.asynchttpclient.netty.request.NettyRequestSender - Using open Channel [id: 0xccfc25e2, L:/127.0.0.1:54604 - R:localhost/127.0.0.1:7968] for POST '/session/510f4e476a348551fb82d0556d2e7277/element/bf8e9b36-2e5d-40d9-841f-7b30b5d58601/element'
18:23:28.775 [AsyncHttpClient-1-3] DEBUG org.asynchttpclient.netty.handler.HttpHandler - 

Request DefaultHttpRequest(decodeResult: success, version: HTTP/1.1)
POST /session/510f4e476a348551fb82d0556d2e7277/element/bf8e9b36-2e5d-40d9-841f-7b30b5d58601/element HTTP/1.1
User-Agent: selenium/4.5.3 (java mac)
Content-Length: 106
Content-Type: application/json; charset=utf-8
host: localhost:7968
accept: */*

Response DefaultHttpResponse(decodeResult: success, version: HTTP/1.1)
HTTP/1.1 200 OK
Content-Length: 88
Content-Type: application/json; charset=utf-8
cache-control: no-cache

18:23:28.776 [AsyncHttpClient-1-3] DEBUG org.asynchttpclient.netty.channel.ChannelManager - Adding key: http://localhost:7968 for channel [id: 0xccfc25e2, L:/127.0.0.1:54604 - R:localhost/127.0.0.1:7968]
18:23:28.777 [Forwarding getElementText on session 510f4e476a348551fb82d0556d2e7277 to remote] DEBUG org.asynchttpclient.netty.request.NettyRequestSender - Using pooled Channel '[id: 0xccfc25e2, L:/127.0.0.1:54604 - R:localhost/127.0.0.1:7968]' for 'GET' to 'http://localhost:7968/session/510f4e476a348551fb82d0556d2e7277/element/74f28ead-2923-46cd-a096-b98f8d95e787/text'
18:23:28.777 [Forwarding getElementText on session 510f4e476a348551fb82d0556d2e7277 to remote] DEBUG org.asynchttpclient.netty.request.NettyRequestSender - Using open Channel [id: 0xccfc25e2, L:/127.0.0.1:54604 - R:localhost/127.0.0.1:7968] for GET '/session/510f4e476a348551fb82d0556d2e7277/element/74f28ead-2923-46cd-a096-b98f8d95e787/text'
18:23:28.806 [AsyncHttpClient-1-3] DEBUG org.asynchttpclient.netty.handler.HttpHandler - 

Request DefaultFullHttpRequest(decodeResult: success, version: HTTP/1.1, content: EmptyByteBufBE)
GET /session/510f4e476a348551fb82d0556d2e7277/element/74f28ead-2923-46cd-a096-b98f8d95e787/text HTTP/1.1
User-Agent: selenium/4.5.3 (java mac)
Cache-Control: no-cache
Content-Type: application/json; charset=utf-8
host: localhost:7968
accept: */*

Response DefaultHttpResponse(decodeResult: success, version: HTTP/1.1)
HTTP/1.1 200 OK
Content-Length: 79
Content-Type: application/json; charset=utf-8
cache-control: no-cache

18:23:28.807 [AsyncHttpClient-1-3] DEBUG org.asynchttpclient.netty.channel.ChannelManager - Adding key: http://localhost:7968 for channel [id: 0xccfc25e2, L:/127.0.0.1:54604 - R:localhost/127.0.0.1:7968]
18:23:28.812 [Forwarding findChildElement on session 510f4e476a348551fb82d0556d2e7277 to remote] DEBUG org.asynchttpclient.netty.request.NettyRequestSender - Using pooled Channel '[id: 0xccfc25e2, L:/127.0.0.1:54604 - R:localhost/127.0.0.1:7968]' for 'POST' to 'http://localhost:7968/session/510f4e476a348551fb82d0556d2e7277/element/bf8e9b36-2e5d-40d9-841f-7b30b5d58601/element'
18:23:28.812 [Forwarding findChildElement on session 510f4e476a348551fb82d0556d2e7277 to remote] DEBUG org.asynchttpclient.netty.request.NettyRequestSender - Using open Channel [id: 0xccfc25e2, L:/127.0.0.1:54604 - R:localhost/127.0.0.1:7968] for POST '/session/510f4e476a348551fb82d0556d2e7277/element/bf8e9b36-2e5d-40d9-841f-7b30b5d58601/element'
18:23:28.871 [AsyncHttpClient-1-3] DEBUG org.asynchttpclient.netty.handler.HttpHandler - 

Request DefaultHttpRequest(decodeResult: success, version: HTTP/1.1)
POST /session/510f4e476a348551fb82d0556d2e7277/element/bf8e9b36-2e5d-40d9-841f-7b30b5d58601/element HTTP/1.1
User-Agent: selenium/4.5.3 (java mac)
Content-Length: 106
Content-Type: application/json; charset=utf-8
host: localhost:7968
accept: */*

Response DefaultHttpResponse(decodeResult: success, version: HTTP/1.1)
HTTP/1.1 200 OK
Content-Length: 88
Content-Type: application/json; charset=utf-8
cache-control: no-cache

18:23:28.871 [AsyncHttpClient-1-3] DEBUG org.asynchttpclient.netty.channel.ChannelManager - Adding key: http://localhost:7968 for channel [id: 0xccfc25e2, L:/127.0.0.1:54604 - R:localhost/127.0.0.1:7968]
18:23:28.872 [Forwarding getElementText on session 510f4e476a348551fb82d0556d2e7277 to remote] DEBUG org.asynchttpclient.netty.request.NettyRequestSender - Using pooled Channel '[id: 0xccfc25e2, L:/127.0.0.1:54604 - R:localhost/127.0.0.1:7968]' for 'GET' to 'http://localhost:7968/session/510f4e476a348551fb82d0556d2e7277/element/9e26fa5a-0ef1-4804-b8c0-7caa1c85820a/text'
18:23:28.872 [Forwarding getElementText on session 510f4e476a348551fb82d0556d2e7277 to remote] DEBUG org.asynchttpclient.netty.request.NettyRequestSender - Using open Channel [id: 0xccfc25e2, L:/127.0.0.1:54604 - R:localhost/127.0.0.1:7968] for GET '/session/510f4e476a348551fb82d0556d2e7277/element/9e26fa5a-0ef1-4804-b8c0-7caa1c85820a/text'
18:23:28.986 [AsyncHttpClient-1-3] DEBUG org.asynchttpclient.netty.handler.HttpHandler - 

Request DefaultFullHttpRequest(decodeResult: success, version: HTTP/1.1, content: EmptyByteBufBE)
GET /session/510f4e476a348551fb82d0556d2e7277/element/9e26fa5a-0ef1-4804-b8c0-7caa1c85820a/text HTTP/1.1
User-Agent: selenium/4.5.3 (java mac)
Cache-Control: no-cache
Content-Type: application/json; charset=utf-8
host: localhost:7968
accept: */*

Response DefaultHttpResponse(decodeResult: success, version: HTTP/1.1)
HTTP/1.1 200 OK
Content-Length: 19
Content-Type: application/json; charset=utf-8
cache-control: no-cache

18:23:28.986 [AsyncHttpClient-1-3] DEBUG org.asynchttpclient.netty.channel.ChannelManager - Adding key: http://localhost:7968 for channel [id: 0xccfc25e2, L:/127.0.0.1:54604 - R:localhost/127.0.0.1:7968]
18:23:28.987 [Forwarding findChildElement on session 510f4e476a348551fb82d0556d2e7277 to remote] DEBUG org.asynchttpclient.netty.request.NettyRequestSender - Using pooled Channel '[id: 0xccfc25e2, L:/127.0.0.1:54604 - R:localhost/127.0.0.1:7968]' for 'POST' to 'http://localhost:7968/session/510f4e476a348551fb82d0556d2e7277/element/c97bcedc-52dc-4286-be48-2a55aaa9180f/element'
18:23:28.988 [Forwarding findChildElement on session 510f4e476a348551fb82d0556d2e7277 to remote] DEBUG org.asynchttpclient.netty.request.NettyRequestSender - Using open Channel [id: 0xccfc25e2, L:/127.0.0.1:54604 - R:localhost/127.0.0.1:7968] for POST '/session/510f4e476a348551fb82d0556d2e7277/element/c97bcedc-52dc-4286-be48-2a55aaa9180f/element'
18:23:28.999 [AsyncHttpClient-1-3] DEBUG org.asynchttpclient.netty.handler.HttpHandler - 

Request DefaultHttpRequest(decodeResult: success, version: HTTP/1.1)
POST /session/510f4e476a348551fb82d0556d2e7277/element/c97bcedc-52dc-4286-be48-2a55aaa9180f/element HTTP/1.1
User-Agent: selenium/4.5.3 (java mac)
Content-Length: 106
Content-Type: application/json; charset=utf-8
host: localhost:7968
accept: */*

Response DefaultHttpResponse(decodeResult: success, version: HTTP/1.1)
HTTP/1.1 200 OK
Content-Length: 88
Content-Type: application/json; charset=utf-8
cache-control: no-cache

18:23:28.999 [AsyncHttpClient-1-3] DEBUG org.asynchttpclient.netty.channel.ChannelManager - Adding key: http://localhost:7968 for channel [id: 0xccfc25e2, L:/127.0.0.1:54604 - R:localhost/127.0.0.1:7968]
18:23:29.000 [Forwarding getElementText on session 510f4e476a348551fb82d0556d2e7277 to remote] DEBUG org.asynchttpclient.netty.request.NettyRequestSender - Using pooled Channel '[id: 0xccfc25e2, L:/127.0.0.1:54604 - R:localhost/127.0.0.1:7968]' for 'GET' to 'http://localhost:7968/session/510f4e476a348551fb82d0556d2e7277/element/e5dc0d75-8418-465d-9fcd-f34d03137d7c/text'
18:23:29.000 [Forwarding getElementText on session 510f4e476a348551fb82d0556d2e7277 to remote] DEBUG org.asynchttpclient.netty.request.NettyRequestSender - Using open Channel [id: 0xccfc25e2, L:/127.0.0.1:54604 - R:localhost/127.0.0.1:7968] for GET '/session/510f4e476a348551fb82d0556d2e7277/element/e5dc0d75-8418-465d-9fcd-f34d03137d7c/text'
18:23:29.011 [AsyncHttpClient-1-1] DEBUG org.asynchttpclient.netty.channel.DefaultChannelPool - Entry count for : http://localhost:5352 : 1
18:23:29.011 [AsyncHttpClient-1-1] DEBUG org.asynchttpclient.netty.channel.DefaultChannelPool - Entry count for : http://localhost:54610 : 1
18:23:29.074 [AsyncHttpClient-1-3] DEBUG org.asynchttpclient.netty.handler.HttpHandler - 

Request DefaultFullHttpRequest(decodeResult: success, version: HTTP/1.1, content: EmptyByteBufBE)
GET /session/510f4e476a348551fb82d0556d2e7277/element/e5dc0d75-8418-465d-9fcd-f34d03137d7c/text HTTP/1.1
User-Agent: selenium/4.5.3 (java mac)
Cache-Control: no-cache
Content-Type: application/json; charset=utf-8
host: localhost:7968
accept: */*

Response DefaultHttpResponse(decodeResult: success, version: HTTP/1.1)
HTTP/1.1 200 OK
Content-Length: 64
Content-Type: application/json; charset=utf-8
cache-control: no-cache

18:23:29.074 [AsyncHttpClient-1-3] DEBUG org.asynchttpclient.netty.channel.ChannelManager - Adding key: http://localhost:7968 for channel [id: 0xccfc25e2, L:/127.0.0.1:54604 - R:localhost/127.0.0.1:7968]
18:23:29.075 [Forwarding findChildElement on session 510f4e476a348551fb82d0556d2e7277 to remote] DEBUG org.asynchttpclient.netty.request.NettyRequestSender - Using pooled Channel '[id: 0xccfc25e2, L:/127.0.0.1:54604 - R:localhost/127.0.0.1:7968]' for 'POST' to 'http://localhost:7968/session/510f4e476a348551fb82d0556d2e7277/element/c97bcedc-52dc-4286-be48-2a55aaa9180f/element'
18:23:29.075 [Forwarding findChildElement on session 510f4e476a348551fb82d0556d2e7277 to remote] DEBUG org.asynchttpclient.netty.request.NettyRequestSender - Using open Channel [id: 0xccfc25e2, L:/127.0.0.1:54604 - R:localhost/127.0.0.1:7968] for POST '/session/510f4e476a348551fb82d0556d2e7277/element/c97bcedc-52dc-4286-be48-2a55aaa9180f/element'
18:23:29.234 [AsyncHttpClient-1-3] DEBUG org.asynchttpclient.netty.handler.HttpHandler - 

Request DefaultHttpRequest(decodeResult: success, version: HTTP/1.1)
POST /session/510f4e476a348551fb82d0556d2e7277/element/c97bcedc-52dc-4286-be48-2a55aaa9180f/element HTTP/1.1
User-Agent: selenium/4.5.3 (java mac)
Content-Length: 106
Content-Type: application/json; charset=utf-8
host: localhost:7968
accept: */*

Response DefaultHttpResponse(decodeResult: success, version: HTTP/1.1)
HTTP/1.1 200 OK
Content-Length: 88
Content-Type: application/json; charset=utf-8
cache-control: no-cache

18:23:29.235 [AsyncHttpClient-1-3] DEBUG org.asynchttpclient.netty.channel.ChannelManager - Adding key: http://localhost:7968 for channel [id: 0xccfc25e2, L:/127.0.0.1:54604 - R:localhost/127.0.0.1:7968]
18:23:29.236 [Forwarding getElementText on session 510f4e476a348551fb82d0556d2e7277 to remote] DEBUG org.asynchttpclient.netty.request.NettyRequestSender - Using pooled Channel '[id: 0xccfc25e2, L:/127.0.0.1:54604 - R:localhost/127.0.0.1:7968]' for 'GET' to 'http://localhost:7968/session/510f4e476a348551fb82d0556d2e7277/element/baad24cd-31e2-4264-9b92-26da7f221d2c/text'
18:23:29.236 [Forwarding getElementText on session 510f4e476a348551fb82d0556d2e7277 to remote] DEBUG org.asynchttpclient.netty.request.NettyRequestSender - Using open Channel [id: 0xccfc25e2, L:/127.0.0.1:54604 - R:localhost/127.0.0.1:7968] for GET '/session/510f4e476a348551fb82d0556d2e7277/element/baad24cd-31e2-4264-9b92-26da7f221d2c/text'
18:23:29.294 [AsyncHttpClient-1-3] DEBUG org.asynchttpclient.netty.handler.HttpHandler - 

Request DefaultFullHttpRequest(decodeResult: success, version: HTTP/1.1, content: EmptyByteBufBE)
GET /session/510f4e476a348551fb82d0556d2e7277/element/baad24cd-31e2-4264-9b92-26da7f221d2c/text HTTP/1.1
User-Agent: selenium/4.5.3 (java mac)
Cache-Control: no-cache
Content-Type: application/json; charset=utf-8
host: localhost:7968
accept: */*

Response DefaultHttpResponse(decodeResult: success, version: HTTP/1.1)
HTTP/1.1 200 OK
Content-Length: 19
Content-Type: application/json; charset=utf-8
cache-control: no-cache

18:23:29.294 [AsyncHttpClient-1-3] DEBUG org.asynchttpclient.netty.channel.ChannelManager - Adding key: http://localhost:7968 for channel [id: 0xccfc25e2, L:/127.0.0.1:54604 - R:localhost/127.0.0.1:7968]
18:23:29.295 [Forwarding findChildElement on session 510f4e476a348551fb82d0556d2e7277 to remote] DEBUG org.asynchttpclient.netty.request.NettyRequestSender - Using pooled Channel '[id: 0xccfc25e2, L:/127.0.0.1:54604 - R:localhost/127.0.0.1:7968]' for 'POST' to 'http://localhost:7968/session/510f4e476a348551fb82d0556d2e7277/element/8aa6f0ca-c012-486c-8d6c-cf82568eab9e/element'
18:23:29.295 [Forwarding findChildElement on session 510f4e476a348551fb82d0556d2e7277 to remote] DEBUG org.asynchttpclient.netty.request.NettyRequestSender - Using open Channel [id: 0xccfc25e2, L:/127.0.0.1:54604 - R:localhost/127.0.0.1:7968] for POST '/session/510f4e476a348551fb82d0556d2e7277/element/8aa6f0ca-c012-486c-8d6c-cf82568eab9e/element'
18:23:29.309 [AsyncHttpClient-1-3] DEBUG org.asynchttpclient.netty.handler.HttpHandler - 

Request DefaultHttpRequest(decodeResult: success, version: HTTP/1.1)
POST /session/510f4e476a348551fb82d0556d2e7277/element/8aa6f0ca-c012-486c-8d6c-cf82568eab9e/element HTTP/1.1
User-Agent: selenium/4.5.3 (java mac)
Content-Length: 106
Content-Type: application/json; charset=utf-8
host: localhost:7968
accept: */*

Response DefaultHttpResponse(decodeResult: success, version: HTTP/1.1)
HTTP/1.1 200 OK
Content-Length: 88
Content-Type: application/json; charset=utf-8
cache-control: no-cache

18:23:29.309 [AsyncHttpClient-1-3] DEBUG org.asynchttpclient.netty.channel.ChannelManager - Adding key: http://localhost:7968 for channel [id: 0xccfc25e2, L:/127.0.0.1:54604 - R:localhost/127.0.0.1:7968]
18:23:29.311 [Forwarding getElementText on session 510f4e476a348551fb82d0556d2e7277 to remote] DEBUG org.asynchttpclient.netty.request.NettyRequestSender - Using pooled Channel '[id: 0xccfc25e2, L:/127.0.0.1:54604 - R:localhost/127.0.0.1:7968]' for 'GET' to 'http://localhost:7968/session/510f4e476a348551fb82d0556d2e7277/element/34f5c0f5-7a80-4636-b94f-c9fdd8173e0c/text'
18:23:29.311 [Forwarding getElementText on session 510f4e476a348551fb82d0556d2e7277 to remote] DEBUG org.asynchttpclient.netty.request.NettyRequestSender - Using open Channel [id: 0xccfc25e2, L:/127.0.0.1:54604 - R:localhost/127.0.0.1:7968] for GET '/session/510f4e476a348551fb82d0556d2e7277/element/34f5c0f5-7a80-4636-b94f-c9fdd8173e0c/text'
18:23:29.332 [AsyncHttpClient-1-3] DEBUG org.asynchttpclient.netty.handler.HttpHandler - 

Request DefaultFullHttpRequest(decodeResult: success, version: HTTP/1.1, content: EmptyByteBufBE)
GET /session/510f4e476a348551fb82d0556d2e7277/element/34f5c0f5-7a80-4636-b94f-c9fdd8173e0c/text HTTP/1.1
User-Agent: selenium/4.5.3 (java mac)
Cache-Control: no-cache
Content-Type: application/json; charset=utf-8
host: localhost:7968
accept: */*

Response DefaultHttpResponse(decodeResult: success, version: HTTP/1.1)
HTTP/1.1 200 OK
Content-Length: 91
Content-Type: application/json; charset=utf-8
cache-control: no-cache

18:23:29.333 [AsyncHttpClient-1-3] DEBUG org.asynchttpclient.netty.channel.ChannelManager - Adding key: http://localhost:7968 for channel [id: 0xccfc25e2, L:/127.0.0.1:54604 - R:localhost/127.0.0.1:7968]
18:23:29.334 [Forwarding findChildElement on session 510f4e476a348551fb82d0556d2e7277 to remote] DEBUG org.asynchttpclient.netty.request.NettyRequestSender - Using pooled Channel '[id: 0xccfc25e2, L:/127.0.0.1:54604 - R:localhost/127.0.0.1:7968]' for 'POST' to 'http://localhost:7968/session/510f4e476a348551fb82d0556d2e7277/element/8aa6f0ca-c012-486c-8d6c-cf82568eab9e/element'
18:23:29.334 [Forwarding findChildElement on session 510f4e476a348551fb82d0556d2e7277 to remote] DEBUG org.asynchttpclient.netty.request.NettyRequestSender - Using open Channel [id: 0xccfc25e2, L:/127.0.0.1:54604 - R:localhost/127.0.0.1:7968] for POST '/session/510f4e476a348551fb82d0556d2e7277/element/8aa6f0ca-c012-486c-8d6c-cf82568eab9e/element'
18:23:29.352 [AsyncHttpClient-1-3] DEBUG org.asynchttpclient.netty.handler.HttpHandler - 

Request DefaultHttpRequest(decodeResult: success, version: HTTP/1.1)
POST /session/510f4e476a348551fb82d0556d2e7277/element/8aa6f0ca-c012-486c-8d6c-cf82568eab9e/element HTTP/1.1
User-Agent: selenium/4.5.3 (java mac)
Content-Length: 106
Content-Type: application/json; charset=utf-8
host: localhost:7968
accept: */*

Response DefaultHttpResponse(decodeResult: success, version: HTTP/1.1)
HTTP/1.1 200 OK
Content-Length: 88
Content-Type: application/json; charset=utf-8
cache-control: no-cache

18:23:29.352 [AsyncHttpClient-1-3] DEBUG org.asynchttpclient.netty.channel.ChannelManager - Adding key: http://localhost:7968 for channel [id: 0xccfc25e2, L:/127.0.0.1:54604 - R:localhost/127.0.0.1:7968]
18:23:29.352 [Forwarding getElementText on session 510f4e476a348551fb82d0556d2e7277 to remote] DEBUG org.asynchttpclient.netty.request.NettyRequestSender - Using pooled Channel '[id: 0xccfc25e2, L:/127.0.0.1:54604 - R:localhost/127.0.0.1:7968]' for 'GET' to 'http://localhost:7968/session/510f4e476a348551fb82d0556d2e7277/element/0db3757c-e985-4d07-9c3e-d94ea6d3f724/text'
18:23:29.353 [Forwarding getElementText on session 510f4e476a348551fb82d0556d2e7277 to remote] DEBUG org.asynchttpclient.netty.request.NettyRequestSender - Using open Channel [id: 0xccfc25e2, L:/127.0.0.1:54604 - R:localhost/127.0.0.1:7968] for GET '/session/510f4e476a348551fb82d0556d2e7277/element/0db3757c-e985-4d07-9c3e-d94ea6d3f724/text'
18:23:29.512 [AsyncHttpClient-1-3] DEBUG org.asynchttpclient.netty.handler.HttpHandler - 

Request DefaultFullHttpRequest(decodeResult: success, version: HTTP/1.1, content: EmptyByteBufBE)
GET /session/510f4e476a348551fb82d0556d2e7277/element/0db3757c-e985-4d07-9c3e-d94ea6d3f724/text HTTP/1.1
User-Agent: selenium/4.5.3 (java mac)
Cache-Control: no-cache
Content-Type: application/json; charset=utf-8
host: localhost:7968
accept: */*

Response DefaultHttpResponse(decodeResult: success, version: HTTP/1.1)
HTTP/1.1 200 OK
Content-Length: 19
Content-Type: application/json; charset=utf-8
cache-control: no-cache

18:23:29.512 [AsyncHttpClient-1-3] DEBUG org.asynchttpclient.netty.channel.ChannelManager - Adding key: http://localhost:7968 for channel [id: 0xccfc25e2, L:/127.0.0.1:54604 - R:localhost/127.0.0.1:7968]
18:23:29.514 [Forwarding findChildElement on session 510f4e476a348551fb82d0556d2e7277 to remote] DEBUG org.asynchttpclient.netty.request.NettyRequestSender - Using pooled Channel '[id: 0xccfc25e2, L:/127.0.0.1:54604 - R:localhost/127.0.0.1:7968]' for 'POST' to 'http://localhost:7968/session/510f4e476a348551fb82d0556d2e7277/element/84be4a54-1523-4c2f-8eab-3fd53ec2d7b7/element'
18:23:29.514 [Forwarding findChildElement on session 510f4e476a348551fb82d0556d2e7277 to remote] DEBUG org.asynchttpclient.netty.request.NettyRequestSender - Using open Channel [id: 0xccfc25e2, L:/127.0.0.1:54604 - R:localhost/127.0.0.1:7968] for POST '/session/510f4e476a348551fb82d0556d2e7277/element/84be4a54-1523-4c2f-8eab-3fd53ec2d7b7/element'
18:23:29.563 [AsyncHttpClient-1-3] DEBUG org.asynchttpclient.netty.handler.HttpHandler - 

Request DefaultHttpRequest(decodeResult: success, version: HTTP/1.1)
POST /session/510f4e476a348551fb82d0556d2e7277/element/84be4a54-1523-4c2f-8eab-3fd53ec2d7b7/element HTTP/1.1
User-Agent: selenium/4.5.3 (java mac)
Content-Length: 106
Content-Type: application/json; charset=utf-8
host: localhost:7968
accept: */*

Response DefaultHttpResponse(decodeResult: success, version: HTTP/1.1)
HTTP/1.1 200 OK
Content-Length: 88
Content-Type: application/json; charset=utf-8
cache-control: no-cache

18:23:29.563 [AsyncHttpClient-1-3] DEBUG org.asynchttpclient.netty.channel.ChannelManager - Adding key: http://localhost:7968 for channel [id: 0xccfc25e2, L:/127.0.0.1:54604 - R:localhost/127.0.0.1:7968]
18:23:29.564 [Forwarding getElementText on session 510f4e476a348551fb82d0556d2e7277 to remote] DEBUG org.asynchttpclient.netty.request.NettyRequestSender - Using pooled Channel '[id: 0xccfc25e2, L:/127.0.0.1:54604 - R:localhost/127.0.0.1:7968]' for 'GET' to 'http://localhost:7968/session/510f4e476a348551fb82d0556d2e7277/element/2cb438cd-ec4b-42a2-935a-ddaa7b70ecb3/text'
18:23:29.564 [Forwarding getElementText on session 510f4e476a348551fb82d0556d2e7277 to remote] DEBUG org.asynchttpclient.netty.request.NettyRequestSender - Using open Channel [id: 0xccfc25e2, L:/127.0.0.1:54604 - R:localhost/127.0.0.1:7968] for GET '/session/510f4e476a348551fb82d0556d2e7277/element/2cb438cd-ec4b-42a2-935a-ddaa7b70ecb3/text'
18:23:29.732 [AsyncHttpClient-1-3] DEBUG org.asynchttpclient.netty.handler.HttpHandler - 

Request DefaultFullHttpRequest(decodeResult: success, version: HTTP/1.1, content: EmptyByteBufBE)
GET /session/510f4e476a348551fb82d0556d2e7277/element/2cb438cd-ec4b-42a2-935a-ddaa7b70ecb3/text HTTP/1.1
User-Agent: selenium/4.5.3 (java mac)
Cache-Control: no-cache
Content-Type: application/json; charset=utf-8
host: localhost:7968
accept: */*

Response DefaultHttpResponse(decodeResult: success, version: HTTP/1.1)
HTTP/1.1 200 OK
Content-Length: 71
Content-Type: application/json; charset=utf-8
cache-control: no-cache

18:23:29.732 [AsyncHttpClient-1-3] DEBUG org.asynchttpclient.netty.channel.ChannelManager - Adding key: http://localhost:7968 for channel [id: 0xccfc25e2, L:/127.0.0.1:54604 - R:localhost/127.0.0.1:7968]
18:23:29.733 [Forwarding findChildElement on session 510f4e476a348551fb82d0556d2e7277 to remote] DEBUG org.asynchttpclient.netty.request.NettyRequestSender - Using pooled Channel '[id: 0xccfc25e2, L:/127.0.0.1:54604 - R:localhost/127.0.0.1:7968]' for 'POST' to 'http://localhost:7968/session/510f4e476a348551fb82d0556d2e7277/element/84be4a54-1523-4c2f-8eab-3fd53ec2d7b7/element'
18:23:29.733 [Forwarding findChildElement on session 510f4e476a348551fb82d0556d2e7277 to remote] DEBUG org.asynchttpclient.netty.request.NettyRequestSender - Using open Channel [id: 0xccfc25e2, L:/127.0.0.1:54604 - R:localhost/127.0.0.1:7968] for POST '/session/510f4e476a348551fb82d0556d2e7277/element/84be4a54-1523-4c2f-8eab-3fd53ec2d7b7/element'
18:23:29.752 [AsyncHttpClient-1-3] DEBUG org.asynchttpclient.netty.handler.HttpHandler - 

Request DefaultHttpRequest(decodeResult: success, version: HTTP/1.1)
POST /session/510f4e476a348551fb82d0556d2e7277/element/84be4a54-1523-4c2f-8eab-3fd53ec2d7b7/element HTTP/1.1
User-Agent: selenium/4.5.3 (java mac)
Content-Length: 106
Content-Type: application/json; charset=utf-8
host: localhost:7968
accept: */*

Response DefaultHttpResponse(decodeResult: success, version: HTTP/1.1)
HTTP/1.1 200 OK
Content-Length: 88
Content-Type: application/json; charset=utf-8
cache-control: no-cache

18:23:29.752 [AsyncHttpClient-1-3] DEBUG org.asynchttpclient.netty.channel.ChannelManager - Adding key: http://localhost:7968 for channel [id: 0xccfc25e2, L:/127.0.0.1:54604 - R:localhost/127.0.0.1:7968]
18:23:29.753 [Forwarding getElementText on session 510f4e476a348551fb82d0556d2e7277 to remote] DEBUG org.asynchttpclient.netty.request.NettyRequestSender - Using pooled Channel '[id: 0xccfc25e2, L:/127.0.0.1:54604 - R:localhost/127.0.0.1:7968]' for 'GET' to 'http://localhost:7968/session/510f4e476a348551fb82d0556d2e7277/element/2ec3839a-838e-4258-a77f-718513570e48/text'
18:23:29.753 [Forwarding getElementText on session 510f4e476a348551fb82d0556d2e7277 to remote] DEBUG org.asynchttpclient.netty.request.NettyRequestSender - Using open Channel [id: 0xccfc25e2, L:/127.0.0.1:54604 - R:localhost/127.0.0.1:7968] for GET '/session/510f4e476a348551fb82d0556d2e7277/element/2ec3839a-838e-4258-a77f-718513570e48/text'
18:23:29.778 [AsyncHttpClient-1-3] DEBUG org.asynchttpclient.netty.handler.HttpHandler - 

Request DefaultFullHttpRequest(decodeResult: success, version: HTTP/1.1, content: EmptyByteBufBE)
GET /session/510f4e476a348551fb82d0556d2e7277/element/2ec3839a-838e-4258-a77f-718513570e48/text HTTP/1.1
User-Agent: selenium/4.5.3 (java mac)
Cache-Control: no-cache
Content-Type: application/json; charset=utf-8
host: localhost:7968
accept: */*

Response DefaultHttpResponse(decodeResult: success, version: HTTP/1.1)
HTTP/1.1 200 OK
Content-Length: 19
Content-Type: application/json; charset=utf-8
cache-control: no-cache

18:23:29.778 [AsyncHttpClient-1-3] DEBUG org.asynchttpclient.netty.channel.ChannelManager - Adding key: http://localhost:7968 for channel [id: 0xccfc25e2, L:/127.0.0.1:54604 - R:localhost/127.0.0.1:7968]
18:23:29.779 [Forwarding findChildElement on session 510f4e476a348551fb82d0556d2e7277 to remote] DEBUG org.asynchttpclient.netty.request.NettyRequestSender - Using pooled Channel '[id: 0xccfc25e2, L:/127.0.0.1:54604 - R:localhost/127.0.0.1:7968]' for 'POST' to 'http://localhost:7968/session/510f4e476a348551fb82d0556d2e7277/element/e57b1aee-6126-4e2d-bbe6-90b094b6ce3e/element'
18:23:29.779 [Forwarding findChildElement on session 510f4e476a348551fb82d0556d2e7277 to remote] DEBUG org.asynchttpclient.netty.request.NettyRequestSender - Using open Channel [id: 0xccfc25e2, L:/127.0.0.1:54604 - R:localhost/127.0.0.1:7968] for POST '/session/510f4e476a348551fb82d0556d2e7277/element/e57b1aee-6126-4e2d-bbe6-90b094b6ce3e/element'
18:23:29.798 [AsyncHttpClient-1-3] DEBUG org.asynchttpclient.netty.handler.HttpHandler - 

Request DefaultHttpRequest(decodeResult: success, version: HTTP/1.1)
POST /session/510f4e476a348551fb82d0556d2e7277/element/e57b1aee-6126-4e2d-bbe6-90b094b6ce3e/element HTTP/1.1
User-Agent: selenium/4.5.3 (java mac)
Content-Length: 106
Content-Type: application/json; charset=utf-8
host: localhost:7968
accept: */*

Response DefaultHttpResponse(decodeResult: success, version: HTTP/1.1)
HTTP/1.1 200 OK
Content-Length: 88
Content-Type: application/json; charset=utf-8
cache-control: no-cache

18:23:29.798 [AsyncHttpClient-1-3] DEBUG org.asynchttpclient.netty.channel.ChannelManager - Adding key: http://localhost:7968 for channel [id: 0xccfc25e2, L:/127.0.0.1:54604 - R:localhost/127.0.0.1:7968]
18:23:29.799 [Forwarding getElementText on session 510f4e476a348551fb82d0556d2e7277 to remote] DEBUG org.asynchttpclient.netty.request.NettyRequestSender - Using pooled Channel '[id: 0xccfc25e2, L:/127.0.0.1:54604 - R:localhost/127.0.0.1:7968]' for 'GET' to 'http://localhost:7968/session/510f4e476a348551fb82d0556d2e7277/element/c8e9d284-c453-4d7b-9aa6-524d579b56da/text'
18:23:29.799 [Forwarding getElementText on session 510f4e476a348551fb82d0556d2e7277 to remote] DEBUG org.asynchttpclient.netty.request.NettyRequestSender - Using open Channel [id: 0xccfc25e2, L:/127.0.0.1:54604 - R:localhost/127.0.0.1:7968] for GET '/session/510f4e476a348551fb82d0556d2e7277/element/c8e9d284-c453-4d7b-9aa6-524d579b56da/text'
18:23:29.834 [AsyncHttpClient-1-3] DEBUG org.asynchttpclient.netty.handler.HttpHandler - 

Request DefaultFullHttpRequest(decodeResult: success, version: HTTP/1.1, content: EmptyByteBufBE)
GET /session/510f4e476a348551fb82d0556d2e7277/element/c8e9d284-c453-4d7b-9aa6-524d579b56da/text HTTP/1.1
User-Agent: selenium/4.5.3 (java mac)
Cache-Control: no-cache
Content-Type: application/json; charset=utf-8
host: localhost:7968
accept: */*

Response DefaultHttpResponse(decodeResult: success, version: HTTP/1.1)
HTTP/1.1 200 OK
Content-Length: 88
Content-Type: application/json; charset=utf-8
cache-control: no-cache

18:23:29.834 [AsyncHttpClient-1-3] DEBUG org.asynchttpclient.netty.channel.ChannelManager - Adding key: http://localhost:7968 for channel [id: 0xccfc25e2, L:/127.0.0.1:54604 - R:localhost/127.0.0.1:7968]
18:23:29.836 [Forwarding findChildElement on session 510f4e476a348551fb82d0556d2e7277 to remote] DEBUG org.asynchttpclient.netty.request.NettyRequestSender - Using pooled Channel '[id: 0xccfc25e2, L:/127.0.0.1:54604 - R:localhost/127.0.0.1:7968]' for 'POST' to 'http://localhost:7968/session/510f4e476a348551fb82d0556d2e7277/element/e57b1aee-6126-4e2d-bbe6-90b094b6ce3e/element'
18:23:29.836 [Forwarding findChildElement on session 510f4e476a348551fb82d0556d2e7277 to remote] DEBUG org.asynchttpclient.netty.request.NettyRequestSender - Using open Channel [id: 0xccfc25e2, L:/127.0.0.1:54604 - R:localhost/127.0.0.1:7968] for POST '/session/510f4e476a348551fb82d0556d2e7277/element/e57b1aee-6126-4e2d-bbe6-90b094b6ce3e/element'
18:23:29.857 [AsyncHttpClient-1-3] DEBUG org.asynchttpclient.netty.handler.HttpHandler - 

Request DefaultHttpRequest(decodeResult: success, version: HTTP/1.1)
POST /session/510f4e476a348551fb82d0556d2e7277/element/e57b1aee-6126-4e2d-bbe6-90b094b6ce3e/element HTTP/1.1
User-Agent: selenium/4.5.3 (java mac)
Content-Length: 106
Content-Type: application/json; charset=utf-8
host: localhost:7968
accept: */*

Response DefaultHttpResponse(decodeResult: success, version: HTTP/1.1)
HTTP/1.1 200 OK
Content-Length: 88
Content-Type: application/json; charset=utf-8
cache-control: no-cache

18:23:29.857 [AsyncHttpClient-1-3] DEBUG org.asynchttpclient.netty.channel.ChannelManager - Adding key: http://localhost:7968 for channel [id: 0xccfc25e2, L:/127.0.0.1:54604 - R:localhost/127.0.0.1:7968]
18:23:29.858 [Forwarding getElementText on session 510f4e476a348551fb82d0556d2e7277 to remote] DEBUG org.asynchttpclient.netty.request.NettyRequestSender - Using pooled Channel '[id: 0xccfc25e2, L:/127.0.0.1:54604 - R:localhost/127.0.0.1:7968]' for 'GET' to 'http://localhost:7968/session/510f4e476a348551fb82d0556d2e7277/element/a692ccf3-f47b-440f-9fc6-30dde7a009ad/text'
18:23:29.858 [Forwarding getElementText on session 510f4e476a348551fb82d0556d2e7277 to remote] DEBUG org.asynchttpclient.netty.request.NettyRequestSender - Using open Channel [id: 0xccfc25e2, L:/127.0.0.1:54604 - R:localhost/127.0.0.1:7968] for GET '/session/510f4e476a348551fb82d0556d2e7277/element/a692ccf3-f47b-440f-9fc6-30dde7a009ad/text'
18:23:30.110 [AsyncHttpClient-1-1] DEBUG org.asynchttpclient.netty.channel.DefaultChannelPool - Entry count for : http://localhost:5352 : 1
18:23:30.111 [AsyncHttpClient-1-1] DEBUG org.asynchttpclient.netty.channel.DefaultChannelPool - Entry count for : http://localhost:54610 : 1
18:23:30.168 [AsyncHttpClient-1-3] DEBUG org.asynchttpclient.netty.handler.HttpHandler - 

Request DefaultFullHttpRequest(decodeResult: success, version: HTTP/1.1, content: EmptyByteBufBE)
GET /session/510f4e476a348551fb82d0556d2e7277/element/a692ccf3-f47b-440f-9fc6-30dde7a009ad/text HTTP/1.1
User-Agent: selenium/4.5.3 (java mac)
Cache-Control: no-cache
Content-Type: application/json; charset=utf-8
host: localhost:7968
accept: */*

Response DefaultHttpResponse(decodeResult: success, version: HTTP/1.1)
HTTP/1.1 200 OK
Content-Length: 19
Content-Type: application/json; charset=utf-8
cache-control: no-cache

18:23:30.168 [AsyncHttpClient-1-3] DEBUG org.asynchttpclient.netty.channel.ChannelManager - Adding key: http://localhost:7968 for channel [id: 0xccfc25e2, L:/127.0.0.1:54604 - R:localhost/127.0.0.1:7968]
18:23:30.170 [Forwarding findChildElement on session 510f4e476a348551fb82d0556d2e7277 to remote] DEBUG org.asynchttpclient.netty.request.NettyRequestSender - Using pooled Channel '[id: 0xccfc25e2, L:/127.0.0.1:54604 - R:localhost/127.0.0.1:7968]' for 'POST' to 'http://localhost:7968/session/510f4e476a348551fb82d0556d2e7277/element/d1e1928c-6190-469b-9274-6e10c00d4178/element'
18:23:30.170 [Forwarding findChildElement on session 510f4e476a348551fb82d0556d2e7277 to remote] DEBUG org.asynchttpclient.netty.request.NettyRequestSender - Using open Channel [id: 0xccfc25e2, L:/127.0.0.1:54604 - R:localhost/127.0.0.1:7968] for POST '/session/510f4e476a348551fb82d0556d2e7277/element/d1e1928c-6190-469b-9274-6e10c00d4178/element'
18:23:30.239 [AsyncHttpClient-1-3] DEBUG org.asynchttpclient.netty.handler.HttpHandler - 

Request DefaultHttpRequest(decodeResult: success, version: HTTP/1.1)
POST /session/510f4e476a348551fb82d0556d2e7277/element/d1e1928c-6190-469b-9274-6e10c00d4178/element HTTP/1.1
User-Agent: selenium/4.5.3 (java mac)
Content-Length: 106
Content-Type: application/json; charset=utf-8
host: localhost:7968
accept: */*

Response DefaultHttpResponse(decodeResult: success, version: HTTP/1.1)
HTTP/1.1 200 OK
Content-Length: 88
Content-Type: application/json; charset=utf-8
cache-control: no-cache

18:23:30.239 [AsyncHttpClient-1-3] DEBUG org.asynchttpclient.netty.channel.ChannelManager - Adding key: http://localhost:7968 for channel [id: 0xccfc25e2, L:/127.0.0.1:54604 - R:localhost/127.0.0.1:7968]
18:23:30.240 [Forwarding getElementText on session 510f4e476a348551fb82d0556d2e7277 to remote] DEBUG org.asynchttpclient.netty.request.NettyRequestSender - Using pooled Channel '[id: 0xccfc25e2, L:/127.0.0.1:54604 - R:localhost/127.0.0.1:7968]' for 'GET' to 'http://localhost:7968/session/510f4e476a348551fb82d0556d2e7277/element/c13847d2-200f-4dd0-8fbc-c27fd2f3f4da/text'
18:23:30.240 [Forwarding getElementText on session 510f4e476a348551fb82d0556d2e7277 to remote] DEBUG org.asynchttpclient.netty.request.NettyRequestSender - Using open Channel [id: 0xccfc25e2, L:/127.0.0.1:54604 - R:localhost/127.0.0.1:7968] for GET '/session/510f4e476a348551fb82d0556d2e7277/element/c13847d2-200f-4dd0-8fbc-c27fd2f3f4da/text'
18:23:30.258 [AsyncHttpClient-1-3] DEBUG org.asynchttpclient.netty.handler.HttpHandler - 

Request DefaultFullHttpRequest(decodeResult: success, version: HTTP/1.1, content: EmptyByteBufBE)
GET /session/510f4e476a348551fb82d0556d2e7277/element/c13847d2-200f-4dd0-8fbc-c27fd2f3f4da/text HTTP/1.1
User-Agent: selenium/4.5.3 (java mac)
Cache-Control: no-cache
Content-Type: application/json; charset=utf-8
host: localhost:7968
accept: */*

Response DefaultHttpResponse(decodeResult: success, version: HTTP/1.1)
HTTP/1.1 200 OK
Content-Length: 59
Content-Type: application/json; charset=utf-8
cache-control: no-cache

18:23:30.258 [AsyncHttpClient-1-3] DEBUG org.asynchttpclient.netty.channel.ChannelManager - Adding key: http://localhost:7968 for channel [id: 0xccfc25e2, L:/127.0.0.1:54604 - R:localhost/127.0.0.1:7968]
18:23:30.259 [Forwarding findChildElement on session 510f4e476a348551fb82d0556d2e7277 to remote] DEBUG org.asynchttpclient.netty.request.NettyRequestSender - Using pooled Channel '[id: 0xccfc25e2, L:/127.0.0.1:54604 - R:localhost/127.0.0.1:7968]' for 'POST' to 'http://localhost:7968/session/510f4e476a348551fb82d0556d2e7277/element/d1e1928c-6190-469b-9274-6e10c00d4178/element'
18:23:30.259 [Forwarding findChildElement on session 510f4e476a348551fb82d0556d2e7277 to remote] DEBUG org.asynchttpclient.netty.request.NettyRequestSender - Using open Channel [id: 0xccfc25e2, L:/127.0.0.1:54604 - R:localhost/127.0.0.1:7968] for POST '/session/510f4e476a348551fb82d0556d2e7277/element/d1e1928c-6190-469b-9274-6e10c00d4178/element'
18:23:30.280 [AsyncHttpClient-1-3] DEBUG org.asynchttpclient.netty.handler.HttpHandler - 

Request DefaultHttpRequest(decodeResult: success, version: HTTP/1.1)
POST /session/510f4e476a348551fb82d0556d2e7277/element/d1e1928c-6190-469b-9274-6e10c00d4178/element HTTP/1.1
User-Agent: selenium/4.5.3 (java mac)
Content-Length: 106
Content-Type: application/json; charset=utf-8
host: localhost:7968
accept: */*

Response DefaultHttpResponse(decodeResult: success, version: HTTP/1.1)
HTTP/1.1 200 OK
Content-Length: 88
Content-Type: application/json; charset=utf-8
cache-control: no-cache

18:23:30.281 [AsyncHttpClient-1-3] DEBUG org.asynchttpclient.netty.channel.ChannelManager - Adding key: http://localhost:7968 for channel [id: 0xccfc25e2, L:/127.0.0.1:54604 - R:localhost/127.0.0.1:7968]
18:23:30.281 [Forwarding getElementText on session 510f4e476a348551fb82d0556d2e7277 to remote] DEBUG org.asynchttpclient.netty.request.NettyRequestSender - Using pooled Channel '[id: 0xccfc25e2, L:/127.0.0.1:54604 - R:localhost/127.0.0.1:7968]' for 'GET' to 'http://localhost:7968/session/510f4e476a348551fb82d0556d2e7277/element/e56bcd5b-6872-4245-94b3-12656d1aee8b/text'
18:23:30.281 [Forwarding getElementText on session 510f4e476a348551fb82d0556d2e7277 to remote] DEBUG org.asynchttpclient.netty.request.NettyRequestSender - Using open Channel [id: 0xccfc25e2, L:/127.0.0.1:54604 - R:localhost/127.0.0.1:7968] for GET '/session/510f4e476a348551fb82d0556d2e7277/element/e56bcd5b-6872-4245-94b3-12656d1aee8b/text'
18:23:30.509 [AsyncHttpClient-1-3] DEBUG org.asynchttpclient.netty.handler.HttpHandler - 

Request DefaultFullHttpRequest(decodeResult: success, version: HTTP/1.1, content: EmptyByteBufBE)
GET /session/510f4e476a348551fb82d0556d2e7277/element/e56bcd5b-6872-4245-94b3-12656d1aee8b/text HTTP/1.1
User-Agent: selenium/4.5.3 (java mac)
Cache-Control: no-cache
Content-Type: application/json; charset=utf-8
host: localhost:7968
accept: */*

Response DefaultHttpResponse(decodeResult: success, version: HTTP/1.1)
HTTP/1.1 200 OK
Content-Length: 19
Content-Type: application/json; charset=utf-8
cache-control: no-cache

18:23:30.509 [AsyncHttpClient-1-3] DEBUG org.asynchttpclient.netty.channel.ChannelManager - Adding key: http://localhost:7968 for channel [id: 0xccfc25e2, L:/127.0.0.1:54604 - R:localhost/127.0.0.1:7968]
18:23:30.511 [Forwarding findChildElement on session 510f4e476a348551fb82d0556d2e7277 to remote] DEBUG org.asynchttpclient.netty.request.NettyRequestSender - Using pooled Channel '[id: 0xccfc25e2, L:/127.0.0.1:54604 - R:localhost/127.0.0.1:7968]' for 'POST' to 'http://localhost:7968/session/510f4e476a348551fb82d0556d2e7277/element/367f5278-9a84-45a4-8c5f-9a08e2fe3ee8/element'
18:23:30.511 [Forwarding findChildElement on session 510f4e476a348551fb82d0556d2e7277 to remote] DEBUG org.asynchttpclient.netty.request.NettyRequestSender - Using open Channel [id: 0xccfc25e2, L:/127.0.0.1:54604 - R:localhost/127.0.0.1:7968] for POST '/session/510f4e476a348551fb82d0556d2e7277/element/367f5278-9a84-45a4-8c5f-9a08e2fe3ee8/element'
18:23:30.526 [AsyncHttpClient-1-3] DEBUG org.asynchttpclient.netty.handler.HttpHandler - 

Request DefaultHttpRequest(decodeResult: success, version: HTTP/1.1)
POST /session/510f4e476a348551fb82d0556d2e7277/element/367f5278-9a84-45a4-8c5f-9a08e2fe3ee8/element HTTP/1.1
User-Agent: selenium/4.5.3 (java mac)
Content-Length: 106
Content-Type: application/json; charset=utf-8
host: localhost:7968
accept: */*

Response DefaultHttpResponse(decodeResult: success, version: HTTP/1.1)
HTTP/1.1 200 OK
Content-Length: 88
Content-Type: application/json; charset=utf-8
cache-control: no-cache

18:23:30.526 [AsyncHttpClient-1-3] DEBUG org.asynchttpclient.netty.channel.ChannelManager - Adding key: http://localhost:7968 for channel [id: 0xccfc25e2, L:/127.0.0.1:54604 - R:localhost/127.0.0.1:7968]
18:23:30.527 [Forwarding getElementText on session 510f4e476a348551fb82d0556d2e7277 to remote] DEBUG org.asynchttpclient.netty.request.NettyRequestSender - Using pooled Channel '[id: 0xccfc25e2, L:/127.0.0.1:54604 - R:localhost/127.0.0.1:7968]' for 'GET' to 'http://localhost:7968/session/510f4e476a348551fb82d0556d2e7277/element/e8aa8ea2-5cfe-40c2-b1d1-a126e08b4eb4/text'
18:23:30.527 [Forwarding getElementText on session 510f4e476a348551fb82d0556d2e7277 to remote] DEBUG org.asynchttpclient.netty.request.NettyRequestSender - Using open Channel [id: 0xccfc25e2, L:/127.0.0.1:54604 - R:localhost/127.0.0.1:7968] for GET '/session/510f4e476a348551fb82d0556d2e7277/element/e8aa8ea2-5cfe-40c2-b1d1-a126e08b4eb4/text'
18:23:30.619 [AsyncHttpClient-1-3] DEBUG org.asynchttpclient.netty.handler.HttpHandler - 

Request DefaultFullHttpRequest(decodeResult: success, version: HTTP/1.1, content: EmptyByteBufBE)
GET /session/510f4e476a348551fb82d0556d2e7277/element/e8aa8ea2-5cfe-40c2-b1d1-a126e08b4eb4/text HTTP/1.1
User-Agent: selenium/4.5.3 (java mac)
Cache-Control: no-cache
Content-Type: application/json; charset=utf-8
host: localhost:7968
accept: */*

Response DefaultHttpResponse(decodeResult: success, version: HTTP/1.1)
HTTP/1.1 200 OK
Content-Length: 64
Content-Type: application/json; charset=utf-8
cache-control: no-cache

18:23:30.619 [AsyncHttpClient-1-3] DEBUG org.asynchttpclient.netty.channel.ChannelManager - Adding key: http://localhost:7968 for channel [id: 0xccfc25e2, L:/127.0.0.1:54604 - R:localhost/127.0.0.1:7968]
18:23:30.620 [Forwarding findChildElement on session 510f4e476a348551fb82d0556d2e7277 to remote] DEBUG org.asynchttpclient.netty.request.NettyRequestSender - Using pooled Channel '[id: 0xccfc25e2, L:/127.0.0.1:54604 - R:localhost/127.0.0.1:7968]' for 'POST' to 'http://localhost:7968/session/510f4e476a348551fb82d0556d2e7277/element/367f5278-9a84-45a4-8c5f-9a08e2fe3ee8/element'
18:23:30.621 [Forwarding findChildElement on session 510f4e476a348551fb82d0556d2e7277 to remote] DEBUG org.asynchttpclient.netty.request.NettyRequestSender - Using open Channel [id: 0xccfc25e2, L:/127.0.0.1:54604 - R:localhost/127.0.0.1:7968] for POST '/session/510f4e476a348551fb82d0556d2e7277/element/367f5278-9a84-45a4-8c5f-9a08e2fe3ee8/element'
18:23:30.647 [AsyncHttpClient-1-3] DEBUG org.asynchttpclient.netty.handler.HttpHandler - 

Request DefaultHttpRequest(decodeResult: success, version: HTTP/1.1)
POST /session/510f4e476a348551fb82d0556d2e7277/element/367f5278-9a84-45a4-8c5f-9a08e2fe3ee8/element HTTP/1.1
User-Agent: selenium/4.5.3 (java mac)
Content-Length: 106
Content-Type: application/json; charset=utf-8
host: localhost:7968
accept: */*

Response DefaultHttpResponse(decodeResult: success, version: HTTP/1.1)
HTTP/1.1 200 OK
Content-Length: 88
Content-Type: application/json; charset=utf-8
cache-control: no-cache

18:23:30.647 [AsyncHttpClient-1-3] DEBUG org.asynchttpclient.netty.channel.ChannelManager - Adding key: http://localhost:7968 for channel [id: 0xccfc25e2, L:/127.0.0.1:54604 - R:localhost/127.0.0.1:7968]
18:23:30.650 [Forwarding getElementText on session 510f4e476a348551fb82d0556d2e7277 to remote] DEBUG org.asynchttpclient.netty.request.NettyRequestSender - Using pooled Channel '[id: 0xccfc25e2, L:/127.0.0.1:54604 - R:localhost/127.0.0.1:7968]' for 'GET' to 'http://localhost:7968/session/510f4e476a348551fb82d0556d2e7277/element/7e769479-ec1c-4b8f-84d0-0585aa01aa77/text'
18:23:30.650 [Forwarding getElementText on session 510f4e476a348551fb82d0556d2e7277 to remote] DEBUG org.asynchttpclient.netty.request.NettyRequestSender - Using open Channel [id: 0xccfc25e2, L:/127.0.0.1:54604 - R:localhost/127.0.0.1:7968] for GET '/session/510f4e476a348551fb82d0556d2e7277/element/7e769479-ec1c-4b8f-84d0-0585aa01aa77/text'
18:23:30.704 [AsyncHttpClient-1-3] DEBUG org.asynchttpclient.netty.handler.HttpHandler - 

Request DefaultFullHttpRequest(decodeResult: success, version: HTTP/1.1, content: EmptyByteBufBE)
GET /session/510f4e476a348551fb82d0556d2e7277/element/7e769479-ec1c-4b8f-84d0-0585aa01aa77/text HTTP/1.1
User-Agent: selenium/4.5.3 (java mac)
Cache-Control: no-cache
Content-Type: application/json; charset=utf-8
host: localhost:7968
accept: */*

Response DefaultHttpResponse(decodeResult: success, version: HTTP/1.1)
HTTP/1.1 200 OK
Content-Length: 19
Content-Type: application/json; charset=utf-8
cache-control: no-cache

18:23:30.704 [AsyncHttpClient-1-3] DEBUG org.asynchttpclient.netty.channel.ChannelManager - Adding key: http://localhost:7968 for channel [id: 0xccfc25e2, L:/127.0.0.1:54604 - R:localhost/127.0.0.1:7968]
18:23:30.706 [Forwarding findChildElement on session 510f4e476a348551fb82d0556d2e7277 to remote] DEBUG org.asynchttpclient.netty.request.NettyRequestSender - Using pooled Channel '[id: 0xccfc25e2, L:/127.0.0.1:54604 - R:localhost/127.0.0.1:7968]' for 'POST' to 'http://localhost:7968/session/510f4e476a348551fb82d0556d2e7277/element/98b8dddf-09a8-42a0-9e5a-d07f0ab76758/element'
18:23:30.707 [Forwarding findChildElement on session 510f4e476a348551fb82d0556d2e7277 to remote] DEBUG org.asynchttpclient.netty.request.NettyRequestSender - Using open Channel [id: 0xccfc25e2, L:/127.0.0.1:54604 - R:localhost/127.0.0.1:7968] for POST '/session/510f4e476a348551fb82d0556d2e7277/element/98b8dddf-09a8-42a0-9e5a-d07f0ab76758/element'
18:23:30.767 [AsyncHttpClient-1-3] DEBUG org.asynchttpclient.netty.handler.HttpHandler - 

Request DefaultHttpRequest(decodeResult: success, version: HTTP/1.1)
POST /session/510f4e476a348551fb82d0556d2e7277/element/98b8dddf-09a8-42a0-9e5a-d07f0ab76758/element HTTP/1.1
User-Agent: selenium/4.5.3 (java mac)
Content-Length: 106
Content-Type: application/json; charset=utf-8
host: localhost:7968
accept: */*

Response DefaultHttpResponse(decodeResult: success, version: HTTP/1.1)
HTTP/1.1 200 OK
Content-Length: 88
Content-Type: application/json; charset=utf-8
cache-control: no-cache

18:23:30.768 [AsyncHttpClient-1-3] DEBUG org.asynchttpclient.netty.channel.ChannelManager - Adding key: http://localhost:7968 for channel [id: 0xccfc25e2, L:/127.0.0.1:54604 - R:localhost/127.0.0.1:7968]
18:23:30.770 [Forwarding getElementText on session 510f4e476a348551fb82d0556d2e7277 to remote] DEBUG org.asynchttpclient.netty.request.NettyRequestSender - Using pooled Channel '[id: 0xccfc25e2, L:/127.0.0.1:54604 - R:localhost/127.0.0.1:7968]' for 'GET' to 'http://localhost:7968/session/510f4e476a348551fb82d0556d2e7277/element/19810748-beff-4521-a91d-21505bb1c0b9/text'
18:23:30.770 [Forwarding getElementText on session 510f4e476a348551fb82d0556d2e7277 to remote] DEBUG org.asynchttpclient.netty.request.NettyRequestSender - Using open Channel [id: 0xccfc25e2, L:/127.0.0.1:54604 - R:localhost/127.0.0.1:7968] for GET '/session/510f4e476a348551fb82d0556d2e7277/element/19810748-beff-4521-a91d-21505bb1c0b9/text'
18:23:30.869 [AsyncHttpClient-1-3] DEBUG org.asynchttpclient.netty.handler.HttpHandler - 

Request DefaultFullHttpRequest(decodeResult: success, version: HTTP/1.1, content: EmptyByteBufBE)
GET /session/510f4e476a348551fb82d0556d2e7277/element/19810748-beff-4521-a91d-21505bb1c0b9/text HTTP/1.1
User-Agent: selenium/4.5.3 (java mac)
Cache-Control: no-cache
Content-Type: application/json; charset=utf-8
host: localhost:7968
accept: */*

Response DefaultHttpResponse(decodeResult: success, version: HTTP/1.1)
HTTP/1.1 200 OK
Content-Length: 81
Content-Type: application/json; charset=utf-8
cache-control: no-cache

18:23:30.869 [AsyncHttpClient-1-3] DEBUG org.asynchttpclient.netty.channel.ChannelManager - Adding key: http://localhost:7968 for channel [id: 0xccfc25e2, L:/127.0.0.1:54604 - R:localhost/127.0.0.1:7968]
18:23:30.870 [Forwarding findChildElement on session 510f4e476a348551fb82d0556d2e7277 to remote] DEBUG org.asynchttpclient.netty.request.NettyRequestSender - Using pooled Channel '[id: 0xccfc25e2, L:/127.0.0.1:54604 - R:localhost/127.0.0.1:7968]' for 'POST' to 'http://localhost:7968/session/510f4e476a348551fb82d0556d2e7277/element/98b8dddf-09a8-42a0-9e5a-d07f0ab76758/element'
18:23:30.870 [Forwarding findChildElement on session 510f4e476a348551fb82d0556d2e7277 to remote] DEBUG org.asynchttpclient.netty.request.NettyRequestSender - Using open Channel [id: 0xccfc25e2, L:/127.0.0.1:54604 - R:localhost/127.0.0.1:7968] for POST '/session/510f4e476a348551fb82d0556d2e7277/element/98b8dddf-09a8-42a0-9e5a-d07f0ab76758/element'
18:23:31.096 [AsyncHttpClient-1-3] DEBUG org.asynchttpclient.netty.handler.HttpHandler - 

Request DefaultHttpRequest(decodeResult: success, version: HTTP/1.1)
POST /session/510f4e476a348551fb82d0556d2e7277/element/98b8dddf-09a8-42a0-9e5a-d07f0ab76758/element HTTP/1.1
User-Agent: selenium/4.5.3 (java mac)
Content-Length: 106
Content-Type: application/json; charset=utf-8
host: localhost:7968
accept: */*

Response DefaultHttpResponse(decodeResult: success, version: HTTP/1.1)
HTTP/1.1 200 OK
Content-Length: 88
Content-Type: application/json; charset=utf-8
cache-control: no-cache

18:23:31.096 [AsyncHttpClient-1-3] DEBUG org.asynchttpclient.netty.channel.ChannelManager - Adding key: http://localhost:7968 for channel [id: 0xccfc25e2, L:/127.0.0.1:54604 - R:localhost/127.0.0.1:7968]
18:23:31.097 [Forwarding getElementText on session 510f4e476a348551fb82d0556d2e7277 to remote] DEBUG org.asynchttpclient.netty.request.NettyRequestSender - Using pooled Channel '[id: 0xccfc25e2, L:/127.0.0.1:54604 - R:localhost/127.0.0.1:7968]' for 'GET' to 'http://localhost:7968/session/510f4e476a348551fb82d0556d2e7277/element/ac70184d-daa0-4576-ab6f-66eb006c2ece/text'
18:23:31.097 [Forwarding getElementText on session 510f4e476a348551fb82d0556d2e7277 to remote] DEBUG org.asynchttpclient.netty.request.NettyRequestSender - Using open Channel [id: 0xccfc25e2, L:/127.0.0.1:54604 - R:localhost/127.0.0.1:7968] for GET '/session/510f4e476a348551fb82d0556d2e7277/element/ac70184d-daa0-4576-ab6f-66eb006c2ece/text'
18:23:31.121 [AsyncHttpClient-1-3] DEBUG org.asynchttpclient.netty.handler.HttpHandler - 

Request DefaultFullHttpRequest(decodeResult: success, version: HTTP/1.1, content: EmptyByteBufBE)
GET /session/510f4e476a348551fb82d0556d2e7277/element/ac70184d-daa0-4576-ab6f-66eb006c2ece/text HTTP/1.1
User-Agent: selenium/4.5.3 (java mac)
Cache-Control: no-cache
Content-Type: application/json; charset=utf-8
host: localhost:7968
accept: */*

Response DefaultHttpResponse(decodeResult: success, version: HTTP/1.1)
HTTP/1.1 200 OK
Content-Length: 30
Content-Type: application/json; charset=utf-8
cache-control: no-cache

18:23:31.121 [AsyncHttpClient-1-3] DEBUG org.asynchttpclient.netty.channel.ChannelManager - Adding key: http://localhost:7968 for channel [id: 0xccfc25e2, L:/127.0.0.1:54604 - R:localhost/127.0.0.1:7968]
18:23:31.123 [Forwarding findChildElement on session 510f4e476a348551fb82d0556d2e7277 to remote] DEBUG org.asynchttpclient.netty.request.NettyRequestSender - Using pooled Channel '[id: 0xccfc25e2, L:/127.0.0.1:54604 - R:localhost/127.0.0.1:7968]' for 'POST' to 'http://localhost:7968/session/510f4e476a348551fb82d0556d2e7277/element/ac118aba-22bb-4558-b4e5-bfeffd5992ad/element'
18:23:31.123 [Forwarding findChildElement on session 510f4e476a348551fb82d0556d2e7277 to remote] DEBUG org.asynchttpclient.netty.request.NettyRequestSender - Using open Channel [id: 0xccfc25e2, L:/127.0.0.1:54604 - R:localhost/127.0.0.1:7968] for POST '/session/510f4e476a348551fb82d0556d2e7277/element/ac118aba-22bb-4558-b4e5-bfeffd5992ad/element'
18:23:31.135 [AsyncHttpClient-1-3] DEBUG org.asynchttpclient.netty.handler.HttpHandler - 

Request DefaultHttpRequest(decodeResult: success, version: HTTP/1.1)
POST /session/510f4e476a348551fb82d0556d2e7277/element/ac118aba-22bb-4558-b4e5-bfeffd5992ad/element HTTP/1.1
User-Agent: selenium/4.5.3 (java mac)
Content-Length: 106
Content-Type: application/json; charset=utf-8
host: localhost:7968
accept: */*

Response DefaultHttpResponse(decodeResult: success, version: HTTP/1.1)
HTTP/1.1 200 OK
Content-Length: 88
Content-Type: application/json; charset=utf-8
cache-control: no-cache

18:23:31.135 [AsyncHttpClient-1-3] DEBUG org.asynchttpclient.netty.channel.ChannelManager - Adding key: http://localhost:7968 for channel [id: 0xccfc25e2, L:/127.0.0.1:54604 - R:localhost/127.0.0.1:7968]
18:23:31.136 [Forwarding getElementText on session 510f4e476a348551fb82d0556d2e7277 to remote] DEBUG org.asynchttpclient.netty.request.NettyRequestSender - Using pooled Channel '[id: 0xccfc25e2, L:/127.0.0.1:54604 - R:localhost/127.0.0.1:7968]' for 'GET' to 'http://localhost:7968/session/510f4e476a348551fb82d0556d2e7277/element/832cc465-88db-43ec-8d50-9c75ab232ce5/text'
18:23:31.136 [Forwarding getElementText on session 510f4e476a348551fb82d0556d2e7277 to remote] DEBUG org.asynchttpclient.netty.request.NettyRequestSender - Using open Channel [id: 0xccfc25e2, L:/127.0.0.1:54604 - R:localhost/127.0.0.1:7968] for GET '/session/510f4e476a348551fb82d0556d2e7277/element/832cc465-88db-43ec-8d50-9c75ab232ce5/text'
18:23:31.152 [AsyncHttpClient-1-3] DEBUG org.asynchttpclient.netty.handler.HttpHandler - 

Request DefaultFullHttpRequest(decodeResult: success, version: HTTP/1.1, content: EmptyByteBufBE)
GET /session/510f4e476a348551fb82d0556d2e7277/element/832cc465-88db-43ec-8d50-9c75ab232ce5/text HTTP/1.1
User-Agent: selenium/4.5.3 (java mac)
Cache-Control: no-cache
Content-Type: application/json; charset=utf-8
host: localhost:7968
accept: */*

Response DefaultHttpResponse(decodeResult: success, version: HTTP/1.1)
HTTP/1.1 200 OK
Content-Length: 64
Content-Type: application/json; charset=utf-8
cache-control: no-cache

18:23:31.152 [AsyncHttpClient-1-3] DEBUG org.asynchttpclient.netty.channel.ChannelManager - Adding key: http://localhost:7968 for channel [id: 0xccfc25e2, L:/127.0.0.1:54604 - R:localhost/127.0.0.1:7968]
18:23:31.153 [Forwarding findChildElement on session 510f4e476a348551fb82d0556d2e7277 to remote] DEBUG org.asynchttpclient.netty.request.NettyRequestSender - Using pooled Channel '[id: 0xccfc25e2, L:/127.0.0.1:54604 - R:localhost/127.0.0.1:7968]' for 'POST' to 'http://localhost:7968/session/510f4e476a348551fb82d0556d2e7277/element/ac118aba-22bb-4558-b4e5-bfeffd5992ad/element'
18:23:31.153 [Forwarding findChildElement on session 510f4e476a348551fb82d0556d2e7277 to remote] DEBUG org.asynchttpclient.netty.request.NettyRequestSender - Using open Channel [id: 0xccfc25e2, L:/127.0.0.1:54604 - R:localhost/127.0.0.1:7968] for POST '/session/510f4e476a348551fb82d0556d2e7277/element/ac118aba-22bb-4558-b4e5-bfeffd5992ad/element'
18:23:31.164 [AsyncHttpClient-1-3] DEBUG org.asynchttpclient.netty.handler.HttpHandler - 

Request DefaultHttpRequest(decodeResult: success, version: HTTP/1.1)
POST /session/510f4e476a348551fb82d0556d2e7277/element/ac118aba-22bb-4558-b4e5-bfeffd5992ad/element HTTP/1.1
User-Agent: selenium/4.5.3 (java mac)
Content-Length: 106
Content-Type: application/json; charset=utf-8
host: localhost:7968
accept: */*

Response DefaultHttpResponse(decodeResult: success, version: HTTP/1.1)
HTTP/1.1 200 OK
Content-Length: 88
Content-Type: application/json; charset=utf-8
cache-control: no-cache

18:23:31.164 [AsyncHttpClient-1-3] DEBUG org.asynchttpclient.netty.channel.ChannelManager - Adding key: http://localhost:7968 for channel [id: 0xccfc25e2, L:/127.0.0.1:54604 - R:localhost/127.0.0.1:7968]
18:23:31.165 [Forwarding getElementText on session 510f4e476a348551fb82d0556d2e7277 to remote] DEBUG org.asynchttpclient.netty.request.NettyRequestSender - Using pooled Channel '[id: 0xccfc25e2, L:/127.0.0.1:54604 - R:localhost/127.0.0.1:7968]' for 'GET' to 'http://localhost:7968/session/510f4e476a348551fb82d0556d2e7277/element/4516c949-bc53-4f40-91dc-fdc8190f2a48/text'
18:23:31.165 [Forwarding getElementText on session 510f4e476a348551fb82d0556d2e7277 to remote] DEBUG org.asynchttpclient.netty.request.NettyRequestSender - Using open Channel [id: 0xccfc25e2, L:/127.0.0.1:54604 - R:localhost/127.0.0.1:7968] for GET '/session/510f4e476a348551fb82d0556d2e7277/element/4516c949-bc53-4f40-91dc-fdc8190f2a48/text'
18:23:31.181 [AsyncHttpClient-1-3] DEBUG org.asynchttpclient.netty.handler.HttpHandler - 

Request DefaultFullHttpRequest(decodeResult: success, version: HTTP/1.1, content: EmptyByteBufBE)
GET /session/510f4e476a348551fb82d0556d2e7277/element/4516c949-bc53-4f40-91dc-fdc8190f2a48/text HTTP/1.1
User-Agent: selenium/4.5.3 (java mac)
Cache-Control: no-cache
Content-Type: application/json; charset=utf-8
host: localhost:7968
accept: */*

Response DefaultHttpResponse(decodeResult: success, version: HTTP/1.1)
HTTP/1.1 200 OK
Content-Length: 19
Content-Type: application/json; charset=utf-8
cache-control: no-cache

18:23:31.181 [AsyncHttpClient-1-3] DEBUG org.asynchttpclient.netty.channel.ChannelManager - Adding key: http://localhost:7968 for channel [id: 0xccfc25e2, L:/127.0.0.1:54604 - R:localhost/127.0.0.1:7968]
18:23:31.183 [Forwarding findChildElement on session 510f4e476a348551fb82d0556d2e7277 to remote] DEBUG org.asynchttpclient.netty.request.NettyRequestSender - Using pooled Channel '[id: 0xccfc25e2, L:/127.0.0.1:54604 - R:localhost/127.0.0.1:7968]' for 'POST' to 'http://localhost:7968/session/510f4e476a348551fb82d0556d2e7277/element/1745cbde-8bbe-4def-88a5-c53ee19b2660/element'
18:23:31.183 [Forwarding findChildElement on session 510f4e476a348551fb82d0556d2e7277 to remote] DEBUG org.asynchttpclient.netty.request.NettyRequestSender - Using open Channel [id: 0xccfc25e2, L:/127.0.0.1:54604 - R:localhost/127.0.0.1:7968] for POST '/session/510f4e476a348551fb82d0556d2e7277/element/1745cbde-8bbe-4def-88a5-c53ee19b2660/element'
18:23:31.200 [AsyncHttpClient-1-3] DEBUG org.asynchttpclient.netty.handler.HttpHandler - 

Request DefaultHttpRequest(decodeResult: success, version: HTTP/1.1)
POST /session/510f4e476a348551fb82d0556d2e7277/element/1745cbde-8bbe-4def-88a5-c53ee19b2660/element HTTP/1.1
User-Agent: selenium/4.5.3 (java mac)
Content-Length: 106
Content-Type: application/json; charset=utf-8
host: localhost:7968
accept: */*

Response DefaultHttpResponse(decodeResult: success, version: HTTP/1.1)
HTTP/1.1 200 OK
Content-Length: 88
Content-Type: application/json; charset=utf-8
cache-control: no-cache

18:23:31.200 [AsyncHttpClient-1-3] DEBUG org.asynchttpclient.netty.channel.ChannelManager - Adding key: http://localhost:7968 for channel [id: 0xccfc25e2, L:/127.0.0.1:54604 - R:localhost/127.0.0.1:7968]
18:23:31.201 [Forwarding getElementText on session 510f4e476a348551fb82d0556d2e7277 to remote] DEBUG org.asynchttpclient.netty.request.NettyRequestSender - Using pooled Channel '[id: 0xccfc25e2, L:/127.0.0.1:54604 - R:localhost/127.0.0.1:7968]' for 'GET' to 'http://localhost:7968/session/510f4e476a348551fb82d0556d2e7277/element/f9f6c8c6-c7f2-43d7-804d-af2a74cdb1c8/text'
18:23:31.201 [Forwarding getElementText on session 510f4e476a348551fb82d0556d2e7277 to remote] DEBUG org.asynchttpclient.netty.request.NettyRequestSender - Using open Channel [id: 0xccfc25e2, L:/127.0.0.1:54604 - R:localhost/127.0.0.1:7968] for GET '/session/510f4e476a348551fb82d0556d2e7277/element/f9f6c8c6-c7f2-43d7-804d-af2a74cdb1c8/text'
18:23:31.209 [AsyncHttpClient-1-1] DEBUG org.asynchttpclient.netty.channel.DefaultChannelPool - Entry count for : http://localhost:5352 : 1
18:23:31.209 [AsyncHttpClient-1-1] DEBUG org.asynchttpclient.netty.channel.DefaultChannelPool - Entry count for : http://localhost:54610 : 1
18:23:31.224 [AsyncHttpClient-1-3] DEBUG org.asynchttpclient.netty.handler.HttpHandler - 

Request DefaultFullHttpRequest(decodeResult: success, version: HTTP/1.1, content: EmptyByteBufBE)
GET /session/510f4e476a348551fb82d0556d2e7277/element/f9f6c8c6-c7f2-43d7-804d-af2a74cdb1c8/text HTTP/1.1
User-Agent: selenium/4.5.3 (java mac)
Cache-Control: no-cache
Content-Type: application/json; charset=utf-8
host: localhost:7968
accept: */*

Response DefaultHttpResponse(decodeResult: success, version: HTTP/1.1)
HTTP/1.1 200 OK
Content-Length: 75
Content-Type: application/json; charset=utf-8
cache-control: no-cache

18:23:31.224 [AsyncHttpClient-1-3] DEBUG org.asynchttpclient.netty.channel.ChannelManager - Adding key: http://localhost:7968 for channel [id: 0xccfc25e2, L:/127.0.0.1:54604 - R:localhost/127.0.0.1:7968]
18:23:31.231 [Forwarding findChildElement on session 510f4e476a348551fb82d0556d2e7277 to remote] DEBUG org.asynchttpclient.netty.request.NettyRequestSender - Using pooled Channel '[id: 0xccfc25e2, L:/127.0.0.1:54604 - R:localhost/127.0.0.1:7968]' for 'POST' to 'http://localhost:7968/session/510f4e476a348551fb82d0556d2e7277/element/1745cbde-8bbe-4def-88a5-c53ee19b2660/element'
18:23:31.231 [Forwarding findChildElement on session 510f4e476a348551fb82d0556d2e7277 to remote] DEBUG org.asynchttpclient.netty.request.NettyRequestSender - Using open Channel [id: 0xccfc25e2, L:/127.0.0.1:54604 - R:localhost/127.0.0.1:7968] for POST '/session/510f4e476a348551fb82d0556d2e7277/element/1745cbde-8bbe-4def-88a5-c53ee19b2660/element'
18:23:31.519 [AsyncHttpClient-1-3] DEBUG org.asynchttpclient.netty.handler.HttpHandler - 

Request DefaultHttpRequest(decodeResult: success, version: HTTP/1.1)
POST /session/510f4e476a348551fb82d0556d2e7277/element/1745cbde-8bbe-4def-88a5-c53ee19b2660/element HTTP/1.1
User-Agent: selenium/4.5.3 (java mac)
Content-Length: 106
Content-Type: application/json; charset=utf-8
host: localhost:7968
accept: */*

Response DefaultHttpResponse(decodeResult: success, version: HTTP/1.1)
HTTP/1.1 200 OK
Content-Length: 88
Content-Type: application/json; charset=utf-8
cache-control: no-cache

18:23:31.519 [AsyncHttpClient-1-3] DEBUG org.asynchttpclient.netty.channel.ChannelManager - Adding key: http://localhost:7968 for channel [id: 0xccfc25e2, L:/127.0.0.1:54604 - R:localhost/127.0.0.1:7968]
18:23:31.519 [Forwarding getElementText on session 510f4e476a348551fb82d0556d2e7277 to remote] DEBUG org.asynchttpclient.netty.request.NettyRequestSender - Using pooled Channel '[id: 0xccfc25e2, L:/127.0.0.1:54604 - R:localhost/127.0.0.1:7968]' for 'GET' to 'http://localhost:7968/session/510f4e476a348551fb82d0556d2e7277/element/80c160fb-572d-4277-9660-18d287cbe8a4/text'
18:23:31.519 [Forwarding getElementText on session 510f4e476a348551fb82d0556d2e7277 to remote] DEBUG org.asynchttpclient.netty.request.NettyRequestSender - Using open Channel [id: 0xccfc25e2, L:/127.0.0.1:54604 - R:localhost/127.0.0.1:7968] for GET '/session/510f4e476a348551fb82d0556d2e7277/element/80c160fb-572d-4277-9660-18d287cbe8a4/text'
18:23:31.586 [AsyncHttpClient-1-3] DEBUG org.asynchttpclient.netty.handler.HttpHandler - 

Request DefaultFullHttpRequest(decodeResult: success, version: HTTP/1.1, content: EmptyByteBufBE)
GET /session/510f4e476a348551fb82d0556d2e7277/element/80c160fb-572d-4277-9660-18d287cbe8a4/text HTTP/1.1
User-Agent: selenium/4.5.3 (java mac)
Cache-Control: no-cache
Content-Type: application/json; charset=utf-8
host: localhost:7968
accept: */*

Response DefaultHttpResponse(decodeResult: success, version: HTTP/1.1)
HTTP/1.1 200 OK
Content-Length: 19
Content-Type: application/json; charset=utf-8
cache-control: no-cache

18:23:31.587 [AsyncHttpClient-1-3] DEBUG org.asynchttpclient.netty.channel.ChannelManager - Adding key: http://localhost:7968 for channel [id: 0xccfc25e2, L:/127.0.0.1:54604 - R:localhost/127.0.0.1:7968]
18:23:31.588 [Forwarding findChildElement on session 510f4e476a348551fb82d0556d2e7277 to remote] DEBUG org.asynchttpclient.netty.request.NettyRequestSender - Using pooled Channel '[id: 0xccfc25e2, L:/127.0.0.1:54604 - R:localhost/127.0.0.1:7968]' for 'POST' to 'http://localhost:7968/session/510f4e476a348551fb82d0556d2e7277/element/bf996e49-900c-4ce1-9438-c437329c5352/element'
18:23:31.588 [Forwarding findChildElement on session 510f4e476a348551fb82d0556d2e7277 to remote] DEBUG org.asynchttpclient.netty.request.NettyRequestSender - Using open Channel [id: 0xccfc25e2, L:/127.0.0.1:54604 - R:localhost/127.0.0.1:7968] for POST '/session/510f4e476a348551fb82d0556d2e7277/element/bf996e49-900c-4ce1-9438-c437329c5352/element'
18:23:31.597 [AsyncHttpClient-1-3] DEBUG org.asynchttpclient.netty.handler.HttpHandler - 

Request DefaultHttpRequest(decodeResult: success, version: HTTP/1.1)
POST /session/510f4e476a348551fb82d0556d2e7277/element/bf996e49-900c-4ce1-9438-c437329c5352/element HTTP/1.1
User-Agent: selenium/4.5.3 (java mac)
Content-Length: 106
Content-Type: application/json; charset=utf-8
host: localhost:7968
accept: */*

Response DefaultHttpResponse(decodeResult: success, version: HTTP/1.1)
HTTP/1.1 200 OK
Content-Length: 88
Content-Type: application/json; charset=utf-8
cache-control: no-cache

18:23:31.598 [AsyncHttpClient-1-3] DEBUG org.asynchttpclient.netty.channel.ChannelManager - Adding key: http://localhost:7968 for channel [id: 0xccfc25e2, L:/127.0.0.1:54604 - R:localhost/127.0.0.1:7968]
18:23:31.598 [Forwarding getElementText on session 510f4e476a348551fb82d0556d2e7277 to remote] DEBUG org.asynchttpclient.netty.request.NettyRequestSender - Using pooled Channel '[id: 0xccfc25e2, L:/127.0.0.1:54604 - R:localhost/127.0.0.1:7968]' for 'GET' to 'http://localhost:7968/session/510f4e476a348551fb82d0556d2e7277/element/1bc1ee8f-8386-4e81-92dd-c0678b152995/text'
18:23:31.598 [Forwarding getElementText on session 510f4e476a348551fb82d0556d2e7277 to remote] DEBUG org.asynchttpclient.netty.request.NettyRequestSender - Using open Channel [id: 0xccfc25e2, L:/127.0.0.1:54604 - R:localhost/127.0.0.1:7968] for GET '/session/510f4e476a348551fb82d0556d2e7277/element/1bc1ee8f-8386-4e81-92dd-c0678b152995/text'
18:23:31.612 [AsyncHttpClient-1-3] DEBUG org.asynchttpclient.netty.handler.HttpHandler - 

Request DefaultFullHttpRequest(decodeResult: success, version: HTTP/1.1, content: EmptyByteBufBE)
GET /session/510f4e476a348551fb82d0556d2e7277/element/1bc1ee8f-8386-4e81-92dd-c0678b152995/text HTTP/1.1
User-Agent: selenium/4.5.3 (java mac)
Cache-Control: no-cache
Content-Type: application/json; charset=utf-8
host: localhost:7968
accept: */*

Response DefaultHttpResponse(decodeResult: success, version: HTTP/1.1)
HTTP/1.1 200 OK
Content-Length: 91
Content-Type: application/json; charset=utf-8
cache-control: no-cache

18:23:31.612 [AsyncHttpClient-1-3] DEBUG org.asynchttpclient.netty.channel.ChannelManager - Adding key: http://localhost:7968 for channel [id: 0xccfc25e2, L:/127.0.0.1:54604 - R:localhost/127.0.0.1:7968]
18:23:31.614 [Forwarding findChildElement on session 510f4e476a348551fb82d0556d2e7277 to remote] DEBUG org.asynchttpclient.netty.request.NettyRequestSender - Using pooled Channel '[id: 0xccfc25e2, L:/127.0.0.1:54604 - R:localhost/127.0.0.1:7968]' for 'POST' to 'http://localhost:7968/session/510f4e476a348551fb82d0556d2e7277/element/bf996e49-900c-4ce1-9438-c437329c5352/element'
18:23:31.614 [Forwarding findChildElement on session 510f4e476a348551fb82d0556d2e7277 to remote] DEBUG org.asynchttpclient.netty.request.NettyRequestSender - Using open Channel [id: 0xccfc25e2, L:/127.0.0.1:54604 - R:localhost/127.0.0.1:7968] for POST '/session/510f4e476a348551fb82d0556d2e7277/element/bf996e49-900c-4ce1-9438-c437329c5352/element'
18:23:31.745 [AsyncHttpClient-1-3] DEBUG org.asynchttpclient.netty.handler.HttpHandler - 

Request DefaultHttpRequest(decodeResult: success, version: HTTP/1.1)
POST /session/510f4e476a348551fb82d0556d2e7277/element/bf996e49-900c-4ce1-9438-c437329c5352/element HTTP/1.1
User-Agent: selenium/4.5.3 (java mac)
Content-Length: 106
Content-Type: application/json; charset=utf-8
host: localhost:7968
accept: */*

Response DefaultHttpResponse(decodeResult: success, version: HTTP/1.1)
HTTP/1.1 200 OK
Content-Length: 88
Content-Type: application/json; charset=utf-8
cache-control: no-cache

18:23:31.745 [AsyncHttpClient-1-3] DEBUG org.asynchttpclient.netty.channel.ChannelManager - Adding key: http://localhost:7968 for channel [id: 0xccfc25e2, L:/127.0.0.1:54604 - R:localhost/127.0.0.1:7968]
18:23:31.745 [Forwarding getElementText on session 510f4e476a348551fb82d0556d2e7277 to remote] DEBUG org.asynchttpclient.netty.request.NettyRequestSender - Using pooled Channel '[id: 0xccfc25e2, L:/127.0.0.1:54604 - R:localhost/127.0.0.1:7968]' for 'GET' to 'http://localhost:7968/session/510f4e476a348551fb82d0556d2e7277/element/55e4b47d-0c75-43fc-a3a1-cd24533bcf88/text'
18:23:31.745 [Forwarding getElementText on session 510f4e476a348551fb82d0556d2e7277 to remote] DEBUG org.asynchttpclient.netty.request.NettyRequestSender - Using open Channel [id: 0xccfc25e2, L:/127.0.0.1:54604 - R:localhost/127.0.0.1:7968] for GET '/session/510f4e476a348551fb82d0556d2e7277/element/55e4b47d-0c75-43fc-a3a1-cd24533bcf88/text'
18:23:31.762 [AsyncHttpClient-1-3] DEBUG org.asynchttpclient.netty.handler.HttpHandler - 

Request DefaultFullHttpRequest(decodeResult: success, version: HTTP/1.1, content: EmptyByteBufBE)
GET /session/510f4e476a348551fb82d0556d2e7277/element/55e4b47d-0c75-43fc-a3a1-cd24533bcf88/text HTTP/1.1
User-Agent: selenium/4.5.3 (java mac)
Cache-Control: no-cache
Content-Type: application/json; charset=utf-8
host: localhost:7968
accept: */*

Response DefaultHttpResponse(decodeResult: success, version: HTTP/1.1)
HTTP/1.1 200 OK
Content-Length: 19
Content-Type: application/json; charset=utf-8
cache-control: no-cache

18:23:31.762 [AsyncHttpClient-1-3] DEBUG org.asynchttpclient.netty.channel.ChannelManager - Adding key: http://localhost:7968 for channel [id: 0xccfc25e2, L:/127.0.0.1:54604 - R:localhost/127.0.0.1:7968]
18:23:31.764 [Forwarding findChildElement on session 510f4e476a348551fb82d0556d2e7277 to remote] DEBUG org.asynchttpclient.netty.request.NettyRequestSender - Using pooled Channel '[id: 0xccfc25e2, L:/127.0.0.1:54604 - R:localhost/127.0.0.1:7968]' for 'POST' to 'http://localhost:7968/session/510f4e476a348551fb82d0556d2e7277/element/5d67bf51-88c0-492c-8ca7-60a58a5c0f22/element'
18:23:31.764 [Forwarding findChildElement on session 510f4e476a348551fb82d0556d2e7277 to remote] DEBUG org.asynchttpclient.netty.request.NettyRequestSender - Using open Channel [id: 0xccfc25e2, L:/127.0.0.1:54604 - R:localhost/127.0.0.1:7968] for POST '/session/510f4e476a348551fb82d0556d2e7277/element/5d67bf51-88c0-492c-8ca7-60a58a5c0f22/element'
18:23:31.777 [AsyncHttpClient-1-3] DEBUG org.asynchttpclient.netty.handler.HttpHandler - 

Request DefaultHttpRequest(decodeResult: success, version: HTTP/1.1)
POST /session/510f4e476a348551fb82d0556d2e7277/element/5d67bf51-88c0-492c-8ca7-60a58a5c0f22/element HTTP/1.1
User-Agent: selenium/4.5.3 (java mac)
Content-Length: 106
Content-Type: application/json; charset=utf-8
host: localhost:7968
accept: */*

Response DefaultHttpResponse(decodeResult: success, version: HTTP/1.1)
HTTP/1.1 200 OK
Content-Length: 88
Content-Type: application/json; charset=utf-8
cache-control: no-cache

18:23:31.777 [AsyncHttpClient-1-3] DEBUG org.asynchttpclient.netty.channel.ChannelManager - Adding key: http://localhost:7968 for channel [id: 0xccfc25e2, L:/127.0.0.1:54604 - R:localhost/127.0.0.1:7968]
18:23:31.778 [Forwarding getElementText on session 510f4e476a348551fb82d0556d2e7277 to remote] DEBUG org.asynchttpclient.netty.request.NettyRequestSender - Using pooled Channel '[id: 0xccfc25e2, L:/127.0.0.1:54604 - R:localhost/127.0.0.1:7968]' for 'GET' to 'http://localhost:7968/session/510f4e476a348551fb82d0556d2e7277/element/6a01d09d-0fe3-4496-9e02-7f4036df46e8/text'
18:23:31.779 [Forwarding getElementText on session 510f4e476a348551fb82d0556d2e7277 to remote] DEBUG org.asynchttpclient.netty.request.NettyRequestSender - Using open Channel [id: 0xccfc25e2, L:/127.0.0.1:54604 - R:localhost/127.0.0.1:7968] for GET '/session/510f4e476a348551fb82d0556d2e7277/element/6a01d09d-0fe3-4496-9e02-7f4036df46e8/text'
18:23:31.797 [AsyncHttpClient-1-3] DEBUG org.asynchttpclient.netty.handler.HttpHandler - 

Request DefaultFullHttpRequest(decodeResult: success, version: HTTP/1.1, content: EmptyByteBufBE)
GET /session/510f4e476a348551fb82d0556d2e7277/element/6a01d09d-0fe3-4496-9e02-7f4036df46e8/text HTTP/1.1
User-Agent: selenium/4.5.3 (java mac)
Cache-Control: no-cache
Content-Type: application/json; charset=utf-8
host: localhost:7968
accept: */*

Response DefaultHttpResponse(decodeResult: success, version: HTTP/1.1)
HTTP/1.1 200 OK
Content-Length: 71
Content-Type: application/json; charset=utf-8
cache-control: no-cache

18:23:31.797 [AsyncHttpClient-1-3] DEBUG org.asynchttpclient.netty.channel.ChannelManager - Adding key: http://localhost:7968 for channel [id: 0xccfc25e2, L:/127.0.0.1:54604 - R:localhost/127.0.0.1:7968]
18:23:31.799 [Forwarding findChildElement on session 510f4e476a348551fb82d0556d2e7277 to remote] DEBUG org.asynchttpclient.netty.request.NettyRequestSender - Using pooled Channel '[id: 0xccfc25e2, L:/127.0.0.1:54604 - R:localhost/127.0.0.1:7968]' for 'POST' to 'http://localhost:7968/session/510f4e476a348551fb82d0556d2e7277/element/5d67bf51-88c0-492c-8ca7-60a58a5c0f22/element'
18:23:31.799 [Forwarding findChildElement on session 510f4e476a348551fb82d0556d2e7277 to remote] DEBUG org.asynchttpclient.netty.request.NettyRequestSender - Using open Channel [id: 0xccfc25e2, L:/127.0.0.1:54604 - R:localhost/127.0.0.1:7968] for POST '/session/510f4e476a348551fb82d0556d2e7277/element/5d67bf51-88c0-492c-8ca7-60a58a5c0f22/element'
18:23:31.815 [AsyncHttpClient-1-3] DEBUG org.asynchttpclient.netty.handler.HttpHandler - 

Request DefaultHttpRequest(decodeResult: success, version: HTTP/1.1)
POST /session/510f4e476a348551fb82d0556d2e7277/element/5d67bf51-88c0-492c-8ca7-60a58a5c0f22/element HTTP/1.1
User-Agent: selenium/4.5.3 (java mac)
Content-Length: 106
Content-Type: application/json; charset=utf-8
host: localhost:7968
accept: */*

Response DefaultHttpResponse(decodeResult: success, version: HTTP/1.1)
HTTP/1.1 200 OK
Content-Length: 88
Content-Type: application/json; charset=utf-8
cache-control: no-cache

18:23:31.816 [AsyncHttpClient-1-3] DEBUG org.asynchttpclient.netty.channel.ChannelManager - Adding key: http://localhost:7968 for channel [id: 0xccfc25e2, L:/127.0.0.1:54604 - R:localhost/127.0.0.1:7968]
18:23:31.817 [Forwarding getElementText on session 510f4e476a348551fb82d0556d2e7277 to remote] DEBUG org.asynchttpclient.netty.request.NettyRequestSender - Using pooled Channel '[id: 0xccfc25e2, L:/127.0.0.1:54604 - R:localhost/127.0.0.1:7968]' for 'GET' to 'http://localhost:7968/session/510f4e476a348551fb82d0556d2e7277/element/15d8148b-32ae-4df1-8d16-e43724db06b4/text'
18:23:31.817 [Forwarding getElementText on session 510f4e476a348551fb82d0556d2e7277 to remote] DEBUG org.asynchttpclient.netty.request.NettyRequestSender - Using open Channel [id: 0xccfc25e2, L:/127.0.0.1:54604 - R:localhost/127.0.0.1:7968] for GET '/session/510f4e476a348551fb82d0556d2e7277/element/15d8148b-32ae-4df1-8d16-e43724db06b4/text'
18:23:31.834 [AsyncHttpClient-1-3] DEBUG org.asynchttpclient.netty.handler.HttpHandler - 

Request DefaultFullHttpRequest(decodeResult: success, version: HTTP/1.1, content: EmptyByteBufBE)
GET /session/510f4e476a348551fb82d0556d2e7277/element/15d8148b-32ae-4df1-8d16-e43724db06b4/text HTTP/1.1
User-Agent: selenium/4.5.3 (java mac)
Cache-Control: no-cache
Content-Type: application/json; charset=utf-8
host: localhost:7968
accept: */*

Response DefaultHttpResponse(decodeResult: success, version: HTTP/1.1)
HTTP/1.1 200 OK
Content-Length: 19
Content-Type: application/json; charset=utf-8
cache-control: no-cache

18:23:31.834 [AsyncHttpClient-1-3] DEBUG org.asynchttpclient.netty.channel.ChannelManager - Adding key: http://localhost:7968 for channel [id: 0xccfc25e2, L:/127.0.0.1:54604 - R:localhost/127.0.0.1:7968]
18:23:31.836 [Forwarding findChildElement on session 510f4e476a348551fb82d0556d2e7277 to remote] DEBUG org.asynchttpclient.netty.request.NettyRequestSender - Using pooled Channel '[id: 0xccfc25e2, L:/127.0.0.1:54604 - R:localhost/127.0.0.1:7968]' for 'POST' to 'http://localhost:7968/session/510f4e476a348551fb82d0556d2e7277/element/6c843255-8c64-4f4c-9320-66c677890d7a/element'
18:23:31.836 [Forwarding findChildElement on session 510f4e476a348551fb82d0556d2e7277 to remote] DEBUG org.asynchttpclient.netty.request.NettyRequestSender - Using open Channel [id: 0xccfc25e2, L:/127.0.0.1:54604 - R:localhost/127.0.0.1:7968] for POST '/session/510f4e476a348551fb82d0556d2e7277/element/6c843255-8c64-4f4c-9320-66c677890d7a/element'
18:23:31.849 [AsyncHttpClient-1-3] DEBUG org.asynchttpclient.netty.handler.HttpHandler - 

Request DefaultHttpRequest(decodeResult: success, version: HTTP/1.1)
POST /session/510f4e476a348551fb82d0556d2e7277/element/6c843255-8c64-4f4c-9320-66c677890d7a/element HTTP/1.1
User-Agent: selenium/4.5.3 (java mac)
Content-Length: 106
Content-Type: application/json; charset=utf-8
host: localhost:7968
accept: */*

Response DefaultHttpResponse(decodeResult: success, version: HTTP/1.1)
HTTP/1.1 200 OK
Content-Length: 88
Content-Type: application/json; charset=utf-8
cache-control: no-cache

18:23:31.849 [AsyncHttpClient-1-3] DEBUG org.asynchttpclient.netty.channel.ChannelManager - Adding key: http://localhost:7968 for channel [id: 0xccfc25e2, L:/127.0.0.1:54604 - R:localhost/127.0.0.1:7968]
18:23:31.850 [Forwarding getElementText on session 510f4e476a348551fb82d0556d2e7277 to remote] DEBUG org.asynchttpclient.netty.request.NettyRequestSender - Using pooled Channel '[id: 0xccfc25e2, L:/127.0.0.1:54604 - R:localhost/127.0.0.1:7968]' for 'GET' to 'http://localhost:7968/session/510f4e476a348551fb82d0556d2e7277/element/c81abe36-4567-4e79-8895-852c09b04f68/text'
18:23:31.850 [Forwarding getElementText on session 510f4e476a348551fb82d0556d2e7277 to remote] DEBUG org.asynchttpclient.netty.request.NettyRequestSender - Using open Channel [id: 0xccfc25e2, L:/127.0.0.1:54604 - R:localhost/127.0.0.1:7968] for GET '/session/510f4e476a348551fb82d0556d2e7277/element/c81abe36-4567-4e79-8895-852c09b04f68/text'
18:23:31.864 [AsyncHttpClient-1-3] DEBUG org.asynchttpclient.netty.handler.HttpHandler - 

Request DefaultFullHttpRequest(decodeResult: success, version: HTTP/1.1, content: EmptyByteBufBE)
GET /session/510f4e476a348551fb82d0556d2e7277/element/c81abe36-4567-4e79-8895-852c09b04f68/text HTTP/1.1
User-Agent: selenium/4.5.3 (java mac)
Cache-Control: no-cache
Content-Type: application/json; charset=utf-8
host: localhost:7968
accept: */*

Response DefaultHttpResponse(decodeResult: success, version: HTTP/1.1)
HTTP/1.1 200 OK
Content-Length: 88
Content-Type: application/json; charset=utf-8
cache-control: no-cache

18:23:31.865 [AsyncHttpClient-1-3] DEBUG org.asynchttpclient.netty.channel.ChannelManager - Adding key: http://localhost:7968 for channel [id: 0xccfc25e2, L:/127.0.0.1:54604 - R:localhost/127.0.0.1:7968]
18:23:31.866 [Forwarding findChildElement on session 510f4e476a348551fb82d0556d2e7277 to remote] DEBUG org.asynchttpclient.netty.request.NettyRequestSender - Using pooled Channel '[id: 0xccfc25e2, L:/127.0.0.1:54604 - R:localhost/127.0.0.1:7968]' for 'POST' to 'http://localhost:7968/session/510f4e476a348551fb82d0556d2e7277/element/6c843255-8c64-4f4c-9320-66c677890d7a/element'
18:23:31.866 [Forwarding findChildElement on session 510f4e476a348551fb82d0556d2e7277 to remote] DEBUG org.asynchttpclient.netty.request.NettyRequestSender - Using open Channel [id: 0xccfc25e2, L:/127.0.0.1:54604 - R:localhost/127.0.0.1:7968] for POST '/session/510f4e476a348551fb82d0556d2e7277/element/6c843255-8c64-4f4c-9320-66c677890d7a/element'
18:23:32.122 [AsyncHttpClient-1-3] DEBUG org.asynchttpclient.netty.handler.HttpHandler - 

Request DefaultHttpRequest(decodeResult: success, version: HTTP/1.1)
POST /session/510f4e476a348551fb82d0556d2e7277/element/6c843255-8c64-4f4c-9320-66c677890d7a/element HTTP/1.1
User-Agent: selenium/4.5.3 (java mac)
Content-Length: 106
Content-Type: application/json; charset=utf-8
host: localhost:7968
accept: */*

Response DefaultHttpResponse(decodeResult: success, version: HTTP/1.1)
HTTP/1.1 200 OK
Content-Length: 88
Content-Type: application/json; charset=utf-8
cache-control: no-cache

18:23:32.123 [AsyncHttpClient-1-3] DEBUG org.asynchttpclient.netty.channel.ChannelManager - Adding key: http://localhost:7968 for channel [id: 0xccfc25e2, L:/127.0.0.1:54604 - R:localhost/127.0.0.1:7968]
18:23:32.123 [Forwarding getElementText on session 510f4e476a348551fb82d0556d2e7277 to remote] DEBUG org.asynchttpclient.netty.request.NettyRequestSender - Using pooled Channel '[id: 0xccfc25e2, L:/127.0.0.1:54604 - R:localhost/127.0.0.1:7968]' for 'GET' to 'http://localhost:7968/session/510f4e476a348551fb82d0556d2e7277/element/da6373b3-7840-4909-9899-1461946afe3e/text'
18:23:32.123 [Forwarding getElementText on session 510f4e476a348551fb82d0556d2e7277 to remote] DEBUG org.asynchttpclient.netty.request.NettyRequestSender - Using open Channel [id: 0xccfc25e2, L:/127.0.0.1:54604 - R:localhost/127.0.0.1:7968] for GET '/session/510f4e476a348551fb82d0556d2e7277/element/da6373b3-7840-4909-9899-1461946afe3e/text'
18:23:32.142 [AsyncHttpClient-1-3] DEBUG org.asynchttpclient.netty.handler.HttpHandler - 

Request DefaultFullHttpRequest(decodeResult: success, version: HTTP/1.1, content: EmptyByteBufBE)
GET /session/510f4e476a348551fb82d0556d2e7277/element/da6373b3-7840-4909-9899-1461946afe3e/text HTTP/1.1
User-Agent: selenium/4.5.3 (java mac)
Cache-Control: no-cache
Content-Type: application/json; charset=utf-8
host: localhost:7968
accept: */*

Response DefaultHttpResponse(decodeResult: success, version: HTTP/1.1)
HTTP/1.1 200 OK
Content-Length: 19
Content-Type: application/json; charset=utf-8
cache-control: no-cache

18:23:32.142 [AsyncHttpClient-1-3] DEBUG org.asynchttpclient.netty.channel.ChannelManager - Adding key: http://localhost:7968 for channel [id: 0xccfc25e2, L:/127.0.0.1:54604 - R:localhost/127.0.0.1:7968]
18:23:32.144 [Forwarding findChildElement on session 510f4e476a348551fb82d0556d2e7277 to remote] DEBUG org.asynchttpclient.netty.request.NettyRequestSender - Using pooled Channel '[id: 0xccfc25e2, L:/127.0.0.1:54604 - R:localhost/127.0.0.1:7968]' for 'POST' to 'http://localhost:7968/session/510f4e476a348551fb82d0556d2e7277/element/ed243091-98a2-4036-8258-950737671ede/element'
18:23:32.144 [Forwarding findChildElement on session 510f4e476a348551fb82d0556d2e7277 to remote] DEBUG org.asynchttpclient.netty.request.NettyRequestSender - Using open Channel [id: 0xccfc25e2, L:/127.0.0.1:54604 - R:localhost/127.0.0.1:7968] for POST '/session/510f4e476a348551fb82d0556d2e7277/element/ed243091-98a2-4036-8258-950737671ede/element'
18:23:32.155 [AsyncHttpClient-1-3] DEBUG org.asynchttpclient.netty.handler.HttpHandler - 

Request DefaultHttpRequest(decodeResult: success, version: HTTP/1.1)
POST /session/510f4e476a348551fb82d0556d2e7277/element/ed243091-98a2-4036-8258-950737671ede/element HTTP/1.1
User-Agent: selenium/4.5.3 (java mac)
Content-Length: 106
Content-Type: application/json; charset=utf-8
host: localhost:7968
accept: */*

Response DefaultHttpResponse(decodeResult: success, version: HTTP/1.1)
HTTP/1.1 200 OK
Content-Length: 88
Content-Type: application/json; charset=utf-8
cache-control: no-cache

18:23:32.155 [AsyncHttpClient-1-3] DEBUG org.asynchttpclient.netty.channel.ChannelManager - Adding key: http://localhost:7968 for channel [id: 0xccfc25e2, L:/127.0.0.1:54604 - R:localhost/127.0.0.1:7968]
18:23:32.156 [Forwarding getElementText on session 510f4e476a348551fb82d0556d2e7277 to remote] DEBUG org.asynchttpclient.netty.request.NettyRequestSender - Using pooled Channel '[id: 0xccfc25e2, L:/127.0.0.1:54604 - R:localhost/127.0.0.1:7968]' for 'GET' to 'http://localhost:7968/session/510f4e476a348551fb82d0556d2e7277/element/a75e48f0-49d8-4431-81e4-1e81530a9300/text'
18:23:32.156 [Forwarding getElementText on session 510f4e476a348551fb82d0556d2e7277 to remote] DEBUG org.asynchttpclient.netty.request.NettyRequestSender - Using open Channel [id: 0xccfc25e2, L:/127.0.0.1:54604 - R:localhost/127.0.0.1:7968] for GET '/session/510f4e476a348551fb82d0556d2e7277/element/a75e48f0-49d8-4431-81e4-1e81530a9300/text'
18:23:32.177 [AsyncHttpClient-1-3] DEBUG org.asynchttpclient.netty.handler.HttpHandler - 

Request DefaultFullHttpRequest(decodeResult: success, version: HTTP/1.1, content: EmptyByteBufBE)
GET /session/510f4e476a348551fb82d0556d2e7277/element/a75e48f0-49d8-4431-81e4-1e81530a9300/text HTTP/1.1
User-Agent: selenium/4.5.3 (java mac)
Cache-Control: no-cache
Content-Type: application/json; charset=utf-8
host: localhost:7968
accept: */*

Response DefaultHttpResponse(decodeResult: success, version: HTTP/1.1)
HTTP/1.1 200 OK
Content-Length: 90
Content-Type: application/json; charset=utf-8
cache-control: no-cache

18:23:32.177 [AsyncHttpClient-1-3] DEBUG org.asynchttpclient.netty.channel.ChannelManager - Adding key: http://localhost:7968 for channel [id: 0xccfc25e2, L:/127.0.0.1:54604 - R:localhost/127.0.0.1:7968]
18:23:32.180 [Forwarding findChildElement on session 510f4e476a348551fb82d0556d2e7277 to remote] DEBUG org.asynchttpclient.netty.request.NettyRequestSender - Using pooled Channel '[id: 0xccfc25e2, L:/127.0.0.1:54604 - R:localhost/127.0.0.1:7968]' for 'POST' to 'http://localhost:7968/session/510f4e476a348551fb82d0556d2e7277/element/ed243091-98a2-4036-8258-950737671ede/element'
18:23:32.181 [Forwarding findChildElement on session 510f4e476a348551fb82d0556d2e7277 to remote] DEBUG org.asynchttpclient.netty.request.NettyRequestSender - Using open Channel [id: 0xccfc25e2, L:/127.0.0.1:54604 - R:localhost/127.0.0.1:7968] for POST '/session/510f4e476a348551fb82d0556d2e7277/element/ed243091-98a2-4036-8258-950737671ede/element'
18:23:32.192 [AsyncHttpClient-1-3] DEBUG org.asynchttpclient.netty.handler.HttpHandler - 

Request DefaultHttpRequest(decodeResult: success, version: HTTP/1.1)
POST /session/510f4e476a348551fb82d0556d2e7277/element/ed243091-98a2-4036-8258-950737671ede/element HTTP/1.1
User-Agent: selenium/4.5.3 (java mac)
Content-Length: 106
Content-Type: application/json; charset=utf-8
host: localhost:7968
accept: */*

Response DefaultHttpResponse(decodeResult: success, version: HTTP/1.1)
HTTP/1.1 200 OK
Content-Length: 88
Content-Type: application/json; charset=utf-8
cache-control: no-cache

18:23:32.192 [AsyncHttpClient-1-3] DEBUG org.asynchttpclient.netty.channel.ChannelManager - Adding key: http://localhost:7968 for channel [id: 0xccfc25e2, L:/127.0.0.1:54604 - R:localhost/127.0.0.1:7968]
18:23:32.193 [Forwarding getElementText on session 510f4e476a348551fb82d0556d2e7277 to remote] DEBUG org.asynchttpclient.netty.request.NettyRequestSender - Using pooled Channel '[id: 0xccfc25e2, L:/127.0.0.1:54604 - R:localhost/127.0.0.1:7968]' for 'GET' to 'http://localhost:7968/session/510f4e476a348551fb82d0556d2e7277/element/02b4188b-8248-4d4d-9769-fbcceb121962/text'
18:23:32.193 [Forwarding getElementText on session 510f4e476a348551fb82d0556d2e7277 to remote] DEBUG org.asynchttpclient.netty.request.NettyRequestSender - Using open Channel [id: 0xccfc25e2, L:/127.0.0.1:54604 - R:localhost/127.0.0.1:7968] for GET '/session/510f4e476a348551fb82d0556d2e7277/element/02b4188b-8248-4d4d-9769-fbcceb121962/text'
18:23:32.248 [AsyncHttpClient-1-3] DEBUG org.asynchttpclient.netty.handler.HttpHandler - 

Request DefaultFullHttpRequest(decodeResult: success, version: HTTP/1.1, content: EmptyByteBufBE)
GET /session/510f4e476a348551fb82d0556d2e7277/element/02b4188b-8248-4d4d-9769-fbcceb121962/text HTTP/1.1
User-Agent: selenium/4.5.3 (java mac)
Cache-Control: no-cache
Content-Type: application/json; charset=utf-8
host: localhost:7968
accept: */*

Response DefaultHttpResponse(decodeResult: success, version: HTTP/1.1)
HTTP/1.1 200 OK
Content-Length: 19
Content-Type: application/json; charset=utf-8
cache-control: no-cache

18:23:32.248 [AsyncHttpClient-1-3] DEBUG org.asynchttpclient.netty.channel.ChannelManager - Adding key: http://localhost:7968 for channel [id: 0xccfc25e2, L:/127.0.0.1:54604 - R:localhost/127.0.0.1:7968]
18:23:32.249 [Forwarding findChildElement on session 510f4e476a348551fb82d0556d2e7277 to remote] DEBUG org.asynchttpclient.netty.request.NettyRequestSender - Using pooled Channel '[id: 0xccfc25e2, L:/127.0.0.1:54604 - R:localhost/127.0.0.1:7968]' for 'POST' to 'http://localhost:7968/session/510f4e476a348551fb82d0556d2e7277/element/762e77fa-e26c-4617-b175-d34ef8383afc/element'
18:23:32.250 [Forwarding findChildElement on session 510f4e476a348551fb82d0556d2e7277 to remote] DEBUG org.asynchttpclient.netty.request.NettyRequestSender - Using open Channel [id: 0xccfc25e2, L:/127.0.0.1:54604 - R:localhost/127.0.0.1:7968] for POST '/session/510f4e476a348551fb82d0556d2e7277/element/762e77fa-e26c-4617-b175-d34ef8383afc/element'
18:23:32.309 [AsyncHttpClient-1-1] DEBUG org.asynchttpclient.netty.channel.DefaultChannelPool - Entry count for : http://localhost:5352 : 1
18:23:32.309 [AsyncHttpClient-1-1] DEBUG org.asynchttpclient.netty.channel.DefaultChannelPool - Entry count for : http://localhost:54610 : 1
18:23:32.366 [AsyncHttpClient-1-3] DEBUG org.asynchttpclient.netty.handler.HttpHandler - 

Request DefaultHttpRequest(decodeResult: success, version: HTTP/1.1)
POST /session/510f4e476a348551fb82d0556d2e7277/element/762e77fa-e26c-4617-b175-d34ef8383afc/element HTTP/1.1
User-Agent: selenium/4.5.3 (java mac)
Content-Length: 106
Content-Type: application/json; charset=utf-8
host: localhost:7968
accept: */*

Response DefaultHttpResponse(decodeResult: success, version: HTTP/1.1)
HTTP/1.1 200 OK
Content-Length: 88
Content-Type: application/json; charset=utf-8
cache-control: no-cache

18:23:32.367 [AsyncHttpClient-1-3] DEBUG org.asynchttpclient.netty.channel.ChannelManager - Adding key: http://localhost:7968 for channel [id: 0xccfc25e2, L:/127.0.0.1:54604 - R:localhost/127.0.0.1:7968]
18:23:32.367 [Forwarding getElementText on session 510f4e476a348551fb82d0556d2e7277 to remote] DEBUG org.asynchttpclient.netty.request.NettyRequestSender - Using pooled Channel '[id: 0xccfc25e2, L:/127.0.0.1:54604 - R:localhost/127.0.0.1:7968]' for 'GET' to 'http://localhost:7968/session/510f4e476a348551fb82d0556d2e7277/element/bda1eb53-dea7-426a-a25c-6a0f816e3862/text'
18:23:32.367 [Forwarding getElementText on session 510f4e476a348551fb82d0556d2e7277 to remote] DEBUG org.asynchttpclient.netty.request.NettyRequestSender - Using open Channel [id: 0xccfc25e2, L:/127.0.0.1:54604 - R:localhost/127.0.0.1:7968] for GET '/session/510f4e476a348551fb82d0556d2e7277/element/bda1eb53-dea7-426a-a25c-6a0f816e3862/text'
18:23:32.399 [AsyncHttpClient-1-3] DEBUG org.asynchttpclient.netty.handler.HttpHandler - 

Request DefaultFullHttpRequest(decodeResult: success, version: HTTP/1.1, content: EmptyByteBufBE)
GET /session/510f4e476a348551fb82d0556d2e7277/element/bda1eb53-dea7-426a-a25c-6a0f816e3862/text HTTP/1.1
User-Agent: selenium/4.5.3 (java mac)
Cache-Control: no-cache
Content-Type: application/json; charset=utf-8
host: localhost:7968
accept: */*

Response DefaultHttpResponse(decodeResult: success, version: HTTP/1.1)
HTTP/1.1 200 OK
Content-Length: 80
Content-Type: application/json; charset=utf-8
cache-control: no-cache

18:23:32.399 [AsyncHttpClient-1-3] DEBUG org.asynchttpclient.netty.channel.ChannelManager - Adding key: http://localhost:7968 for channel [id: 0xccfc25e2, L:/127.0.0.1:54604 - R:localhost/127.0.0.1:7968]
18:23:32.402 [Forwarding findChildElement on session 510f4e476a348551fb82d0556d2e7277 to remote] DEBUG org.asynchttpclient.netty.request.NettyRequestSender - Using pooled Channel '[id: 0xccfc25e2, L:/127.0.0.1:54604 - R:localhost/127.0.0.1:7968]' for 'POST' to 'http://localhost:7968/session/510f4e476a348551fb82d0556d2e7277/element/762e77fa-e26c-4617-b175-d34ef8383afc/element'
18:23:32.403 [Forwarding findChildElement on session 510f4e476a348551fb82d0556d2e7277 to remote] DEBUG org.asynchttpclient.netty.request.NettyRequestSender - Using open Channel [id: 0xccfc25e2, L:/127.0.0.1:54604 - R:localhost/127.0.0.1:7968] for POST '/session/510f4e476a348551fb82d0556d2e7277/element/762e77fa-e26c-4617-b175-d34ef8383afc/element'
18:23:32.467 [AsyncHttpClient-1-3] DEBUG org.asynchttpclient.netty.handler.HttpHandler - 

Request DefaultHttpRequest(decodeResult: success, version: HTTP/1.1)
POST /session/510f4e476a348551fb82d0556d2e7277/element/762e77fa-e26c-4617-b175-d34ef8383afc/element HTTP/1.1
User-Agent: selenium/4.5.3 (java mac)
Content-Length: 106
Content-Type: application/json; charset=utf-8
host: localhost:7968
accept: */*

Response DefaultHttpResponse(decodeResult: success, version: HTTP/1.1)
HTTP/1.1 200 OK
Content-Length: 88
Content-Type: application/json; charset=utf-8
cache-control: no-cache

18:23:32.467 [AsyncHttpClient-1-3] DEBUG org.asynchttpclient.netty.channel.ChannelManager - Adding key: http://localhost:7968 for channel [id: 0xccfc25e2, L:/127.0.0.1:54604 - R:localhost/127.0.0.1:7968]
18:23:32.468 [Forwarding getElementText on session 510f4e476a348551fb82d0556d2e7277 to remote] DEBUG org.asynchttpclient.netty.request.NettyRequestSender - Using pooled Channel '[id: 0xccfc25e2, L:/127.0.0.1:54604 - R:localhost/127.0.0.1:7968]' for 'GET' to 'http://localhost:7968/session/510f4e476a348551fb82d0556d2e7277/element/ef5491e4-cb30-444b-b0fa-dc6405fe0236/text'
18:23:32.468 [Forwarding getElementText on session 510f4e476a348551fb82d0556d2e7277 to remote] DEBUG org.asynchttpclient.netty.request.NettyRequestSender - Using open Channel [id: 0xccfc25e2, L:/127.0.0.1:54604 - R:localhost/127.0.0.1:7968] for GET '/session/510f4e476a348551fb82d0556d2e7277/element/ef5491e4-cb30-444b-b0fa-dc6405fe0236/text'
18:23:32.563 [AsyncHttpClient-1-3] DEBUG org.asynchttpclient.netty.handler.HttpHandler - 

Request DefaultFullHttpRequest(decodeResult: success, version: HTTP/1.1, content: EmptyByteBufBE)
GET /session/510f4e476a348551fb82d0556d2e7277/element/ef5491e4-cb30-444b-b0fa-dc6405fe0236/text HTTP/1.1
User-Agent: selenium/4.5.3 (java mac)
Cache-Control: no-cache
Content-Type: application/json; charset=utf-8
host: localhost:7968
accept: */*

Response DefaultHttpResponse(decodeResult: success, version: HTTP/1.1)
HTTP/1.1 200 OK
Content-Length: 19
Content-Type: application/json; charset=utf-8
cache-control: no-cache

18:23:32.563 [AsyncHttpClient-1-3] DEBUG org.asynchttpclient.netty.channel.ChannelManager - Adding key: http://localhost:7968 for channel [id: 0xccfc25e2, L:/127.0.0.1:54604 - R:localhost/127.0.0.1:7968]
18:23:32.565 [Forwarding findChildElement on session 510f4e476a348551fb82d0556d2e7277 to remote] DEBUG org.asynchttpclient.netty.request.NettyRequestSender - Using pooled Channel '[id: 0xccfc25e2, L:/127.0.0.1:54604 - R:localhost/127.0.0.1:7968]' for 'POST' to 'http://localhost:7968/session/510f4e476a348551fb82d0556d2e7277/element/b0a23d37-b0ac-4fe7-8574-3554ee9a144f/element'
18:23:32.565 [Forwarding findChildElement on session 510f4e476a348551fb82d0556d2e7277 to remote] DEBUG org.asynchttpclient.netty.request.NettyRequestSender - Using open Channel [id: 0xccfc25e2, L:/127.0.0.1:54604 - R:localhost/127.0.0.1:7968] for POST '/session/510f4e476a348551fb82d0556d2e7277/element/b0a23d37-b0ac-4fe7-8574-3554ee9a144f/element'
18:23:32.793 [AsyncHttpClient-1-3] DEBUG org.asynchttpclient.netty.handler.HttpHandler - 

Request DefaultHttpRequest(decodeResult: success, version: HTTP/1.1)
POST /session/510f4e476a348551fb82d0556d2e7277/element/b0a23d37-b0ac-4fe7-8574-3554ee9a144f/element HTTP/1.1
User-Agent: selenium/4.5.3 (java mac)
Content-Length: 106
Content-Type: application/json; charset=utf-8
host: localhost:7968
accept: */*

Response DefaultHttpResponse(decodeResult: success, version: HTTP/1.1)
HTTP/1.1 200 OK
Content-Length: 88
Content-Type: application/json; charset=utf-8
cache-control: no-cache

18:23:32.793 [AsyncHttpClient-1-3] DEBUG org.asynchttpclient.netty.channel.ChannelManager - Adding key: http://localhost:7968 for channel [id: 0xccfc25e2, L:/127.0.0.1:54604 - R:localhost/127.0.0.1:7968]
18:23:32.794 [Forwarding getElementText on session 510f4e476a348551fb82d0556d2e7277 to remote] DEBUG org.asynchttpclient.netty.request.NettyRequestSender - Using pooled Channel '[id: 0xccfc25e2, L:/127.0.0.1:54604 - R:localhost/127.0.0.1:7968]' for 'GET' to 'http://localhost:7968/session/510f4e476a348551fb82d0556d2e7277/element/69b18116-c146-4c6f-8466-1173b39fb30c/text'
18:23:32.794 [Forwarding getElementText on session 510f4e476a348551fb82d0556d2e7277 to remote] DEBUG org.asynchttpclient.netty.request.NettyRequestSender - Using open Channel [id: 0xccfc25e2, L:/127.0.0.1:54604 - R:localhost/127.0.0.1:7968] for GET '/session/510f4e476a348551fb82d0556d2e7277/element/69b18116-c146-4c6f-8466-1173b39fb30c/text'
18:23:32.810 [AsyncHttpClient-1-3] DEBUG org.asynchttpclient.netty.handler.HttpHandler - 

Request DefaultFullHttpRequest(decodeResult: success, version: HTTP/1.1, content: EmptyByteBufBE)
GET /session/510f4e476a348551fb82d0556d2e7277/element/69b18116-c146-4c6f-8466-1173b39fb30c/text HTTP/1.1
User-Agent: selenium/4.5.3 (java mac)
Cache-Control: no-cache
Content-Type: application/json; charset=utf-8
host: localhost:7968
accept: */*

Response DefaultHttpResponse(decodeResult: success, version: HTTP/1.1)
HTTP/1.1 200 OK
Content-Length: 83
Content-Type: application/json; charset=utf-8
cache-control: no-cache

18:23:32.810 [AsyncHttpClient-1-3] DEBUG org.asynchttpclient.netty.channel.ChannelManager - Adding key: http://localhost:7968 for channel [id: 0xccfc25e2, L:/127.0.0.1:54604 - R:localhost/127.0.0.1:7968]
18:23:32.811 [Forwarding findChildElement on session 510f4e476a348551fb82d0556d2e7277 to remote] DEBUG org.asynchttpclient.netty.request.NettyRequestSender - Using pooled Channel '[id: 0xccfc25e2, L:/127.0.0.1:54604 - R:localhost/127.0.0.1:7968]' for 'POST' to 'http://localhost:7968/session/510f4e476a348551fb82d0556d2e7277/element/b0a23d37-b0ac-4fe7-8574-3554ee9a144f/element'
18:23:32.811 [Forwarding findChildElement on session 510f4e476a348551fb82d0556d2e7277 to remote] DEBUG org.asynchttpclient.netty.request.NettyRequestSender - Using open Channel [id: 0xccfc25e2, L:/127.0.0.1:54604 - R:localhost/127.0.0.1:7968] for POST '/session/510f4e476a348551fb82d0556d2e7277/element/b0a23d37-b0ac-4fe7-8574-3554ee9a144f/element'
18:23:32.831 [AsyncHttpClient-1-3] DEBUG org.asynchttpclient.netty.handler.HttpHandler - 

Request DefaultHttpRequest(decodeResult: success, version: HTTP/1.1)
POST /session/510f4e476a348551fb82d0556d2e7277/element/b0a23d37-b0ac-4fe7-8574-3554ee9a144f/element HTTP/1.1
User-Agent: selenium/4.5.3 (java mac)
Content-Length: 106
Content-Type: application/json; charset=utf-8
host: localhost:7968
accept: */*

Response DefaultHttpResponse(decodeResult: success, version: HTTP/1.1)
HTTP/1.1 200 OK
Content-Length: 88
Content-Type: application/json; charset=utf-8
cache-control: no-cache

18:23:32.831 [AsyncHttpClient-1-3] DEBUG org.asynchttpclient.netty.channel.ChannelManager - Adding key: http://localhost:7968 for channel [id: 0xccfc25e2, L:/127.0.0.1:54604 - R:localhost/127.0.0.1:7968]
18:23:32.832 [Forwarding getElementText on session 510f4e476a348551fb82d0556d2e7277 to remote] DEBUG org.asynchttpclient.netty.request.NettyRequestSender - Using pooled Channel '[id: 0xccfc25e2, L:/127.0.0.1:54604 - R:localhost/127.0.0.1:7968]' for 'GET' to 'http://localhost:7968/session/510f4e476a348551fb82d0556d2e7277/element/ed55fbc9-8a49-49a6-bf9b-c6c78419485a/text'
18:23:32.832 [Forwarding getElementText on session 510f4e476a348551fb82d0556d2e7277 to remote] DEBUG org.asynchttpclient.netty.request.NettyRequestSender - Using open Channel [id: 0xccfc25e2, L:/127.0.0.1:54604 - R:localhost/127.0.0.1:7968] for GET '/session/510f4e476a348551fb82d0556d2e7277/element/ed55fbc9-8a49-49a6-bf9b-c6c78419485a/text'
18:23:33.021 [AsyncHttpClient-1-3] DEBUG org.asynchttpclient.netty.handler.HttpHandler - 

Request DefaultFullHttpRequest(decodeResult: success, version: HTTP/1.1, content: EmptyByteBufBE)
GET /session/510f4e476a348551fb82d0556d2e7277/element/ed55fbc9-8a49-49a6-bf9b-c6c78419485a/text HTTP/1.1
User-Agent: selenium/4.5.3 (java mac)
Cache-Control: no-cache
Content-Type: application/json; charset=utf-8
host: localhost:7968
accept: */*

Response DefaultHttpResponse(decodeResult: success, version: HTTP/1.1)
HTTP/1.1 200 OK
Content-Length: 19
Content-Type: application/json; charset=utf-8
cache-control: no-cache

18:23:33.021 [AsyncHttpClient-1-3] DEBUG org.asynchttpclient.netty.channel.ChannelManager - Adding key: http://localhost:7968 for channel [id: 0xccfc25e2, L:/127.0.0.1:54604 - R:localhost/127.0.0.1:7968]
18:23:33.023 [Forwarding findChildElement on session 510f4e476a348551fb82d0556d2e7277 to remote] DEBUG org.asynchttpclient.netty.request.NettyRequestSender - Using pooled Channel '[id: 0xccfc25e2, L:/127.0.0.1:54604 - R:localhost/127.0.0.1:7968]' for 'POST' to 'http://localhost:7968/session/510f4e476a348551fb82d0556d2e7277/element/4a95d48c-549a-423e-9a80-30758514db3f/element'
18:23:33.023 [Forwarding findChildElement on session 510f4e476a348551fb82d0556d2e7277 to remote] DEBUG org.asynchttpclient.netty.request.NettyRequestSender - Using open Channel [id: 0xccfc25e2, L:/127.0.0.1:54604 - R:localhost/127.0.0.1:7968] for POST '/session/510f4e476a348551fb82d0556d2e7277/element/4a95d48c-549a-423e-9a80-30758514db3f/element'
18:23:33.042 [AsyncHttpClient-1-3] DEBUG org.asynchttpclient.netty.handler.HttpHandler - 

Request DefaultHttpRequest(decodeResult: success, version: HTTP/1.1)
POST /session/510f4e476a348551fb82d0556d2e7277/element/4a95d48c-549a-423e-9a80-30758514db3f/element HTTP/1.1
User-Agent: selenium/4.5.3 (java mac)
Content-Length: 106
Content-Type: application/json; charset=utf-8
host: localhost:7968
accept: */*

Response DefaultHttpResponse(decodeResult: success, version: HTTP/1.1)
HTTP/1.1 200 OK
Content-Length: 88
Content-Type: application/json; charset=utf-8
cache-control: no-cache

18:23:33.043 [AsyncHttpClient-1-3] DEBUG org.asynchttpclient.netty.channel.ChannelManager - Adding key: http://localhost:7968 for channel [id: 0xccfc25e2, L:/127.0.0.1:54604 - R:localhost/127.0.0.1:7968]
18:23:33.046 [Forwarding getElementText on session 510f4e476a348551fb82d0556d2e7277 to remote] DEBUG org.asynchttpclient.netty.request.NettyRequestSender - Using pooled Channel '[id: 0xccfc25e2, L:/127.0.0.1:54604 - R:localhost/127.0.0.1:7968]' for 'GET' to 'http://localhost:7968/session/510f4e476a348551fb82d0556d2e7277/element/520916d7-4582-410e-80ee-71e533f2f10a/text'
18:23:33.046 [Forwarding getElementText on session 510f4e476a348551fb82d0556d2e7277 to remote] DEBUG org.asynchttpclient.netty.request.NettyRequestSender - Using open Channel [id: 0xccfc25e2, L:/127.0.0.1:54604 - R:localhost/127.0.0.1:7968] for GET '/session/510f4e476a348551fb82d0556d2e7277/element/520916d7-4582-410e-80ee-71e533f2f10a/text'
18:23:33.165 [AsyncHttpClient-1-3] DEBUG org.asynchttpclient.netty.handler.HttpHandler - 

Request DefaultFullHttpRequest(decodeResult: success, version: HTTP/1.1, content: EmptyByteBufBE)
GET /session/510f4e476a348551fb82d0556d2e7277/element/520916d7-4582-410e-80ee-71e533f2f10a/text HTTP/1.1
User-Agent: selenium/4.5.3 (java mac)
Cache-Control: no-cache
Content-Type: application/json; charset=utf-8
host: localhost:7968
accept: */*

Response DefaultHttpResponse(decodeResult: success, version: HTTP/1.1)
HTTP/1.1 200 OK
Content-Length: 78
Content-Type: application/json; charset=utf-8
cache-control: no-cache

18:23:33.165 [AsyncHttpClient-1-3] DEBUG org.asynchttpclient.netty.channel.ChannelManager - Adding key: http://localhost:7968 for channel [id: 0xccfc25e2, L:/127.0.0.1:54604 - R:localhost/127.0.0.1:7968]
18:23:33.166 [Forwarding findChildElement on session 510f4e476a348551fb82d0556d2e7277 to remote] DEBUG org.asynchttpclient.netty.request.NettyRequestSender - Using pooled Channel '[id: 0xccfc25e2, L:/127.0.0.1:54604 - R:localhost/127.0.0.1:7968]' for 'POST' to 'http://localhost:7968/session/510f4e476a348551fb82d0556d2e7277/element/4a95d48c-549a-423e-9a80-30758514db3f/element'
18:23:33.166 [Forwarding findChildElement on session 510f4e476a348551fb82d0556d2e7277 to remote] DEBUG org.asynchttpclient.netty.request.NettyRequestSender - Using open Channel [id: 0xccfc25e2, L:/127.0.0.1:54604 - R:localhost/127.0.0.1:7968] for POST '/session/510f4e476a348551fb82d0556d2e7277/element/4a95d48c-549a-423e-9a80-30758514db3f/element'
18:23:33.211 [AsyncHttpClient-1-3] DEBUG org.asynchttpclient.netty.handler.HttpHandler - 

Request DefaultHttpRequest(decodeResult: success, version: HTTP/1.1)
POST /session/510f4e476a348551fb82d0556d2e7277/element/4a95d48c-549a-423e-9a80-30758514db3f/element HTTP/1.1
User-Agent: selenium/4.5.3 (java mac)
Content-Length: 106
Content-Type: application/json; charset=utf-8
host: localhost:7968
accept: */*

Response DefaultHttpResponse(decodeResult: success, version: HTTP/1.1)
HTTP/1.1 200 OK
Content-Length: 88
Content-Type: application/json; charset=utf-8
cache-control: no-cache

18:23:33.211 [AsyncHttpClient-1-3] DEBUG org.asynchttpclient.netty.channel.ChannelManager - Adding key: http://localhost:7968 for channel [id: 0xccfc25e2, L:/127.0.0.1:54604 - R:localhost/127.0.0.1:7968]
18:23:33.211 [Forwarding getElementText on session 510f4e476a348551fb82d0556d2e7277 to remote] DEBUG org.asynchttpclient.netty.request.NettyRequestSender - Using pooled Channel '[id: 0xccfc25e2, L:/127.0.0.1:54604 - R:localhost/127.0.0.1:7968]' for 'GET' to 'http://localhost:7968/session/510f4e476a348551fb82d0556d2e7277/element/f68ce637-d358-4f2b-a136-868bc4d29fd8/text'
18:23:33.211 [Forwarding getElementText on session 510f4e476a348551fb82d0556d2e7277 to remote] DEBUG org.asynchttpclient.netty.request.NettyRequestSender - Using open Channel [id: 0xccfc25e2, L:/127.0.0.1:54604 - R:localhost/127.0.0.1:7968] for GET '/session/510f4e476a348551fb82d0556d2e7277/element/f68ce637-d358-4f2b-a136-868bc4d29fd8/text'
18:23:33.235 [AsyncHttpClient-1-3] DEBUG org.asynchttpclient.netty.handler.HttpHandler - 

Request DefaultFullHttpRequest(decodeResult: success, version: HTTP/1.1, content: EmptyByteBufBE)
GET /session/510f4e476a348551fb82d0556d2e7277/element/f68ce637-d358-4f2b-a136-868bc4d29fd8/text HTTP/1.1
User-Agent: selenium/4.5.3 (java mac)
Cache-Control: no-cache
Content-Type: application/json; charset=utf-8
host: localhost:7968
accept: */*

Response DefaultHttpResponse(decodeResult: success, version: HTTP/1.1)
HTTP/1.1 200 OK
Content-Length: 19
Content-Type: application/json; charset=utf-8
cache-control: no-cache

18:23:33.235 [AsyncHttpClient-1-3] DEBUG org.asynchttpclient.netty.channel.ChannelManager - Adding key: http://localhost:7968 for channel [id: 0xccfc25e2, L:/127.0.0.1:54604 - R:localhost/127.0.0.1:7968]
18:23:33.237 [Forwarding findChildElement on session 510f4e476a348551fb82d0556d2e7277 to remote] DEBUG org.asynchttpclient.netty.request.NettyRequestSender - Using pooled Channel '[id: 0xccfc25e2, L:/127.0.0.1:54604 - R:localhost/127.0.0.1:7968]' for 'POST' to 'http://localhost:7968/session/510f4e476a348551fb82d0556d2e7277/element/c705035b-bb9a-4a97-88ee-581fb221a28b/element'
18:23:33.237 [Forwarding findChildElement on session 510f4e476a348551fb82d0556d2e7277 to remote] DEBUG org.asynchttpclient.netty.request.NettyRequestSender - Using open Channel [id: 0xccfc25e2, L:/127.0.0.1:54604 - R:localhost/127.0.0.1:7968] for POST '/session/510f4e476a348551fb82d0556d2e7277/element/c705035b-bb9a-4a97-88ee-581fb221a28b/element'
18:23:33.379 [AsyncHttpClient-1-3] DEBUG org.asynchttpclient.netty.handler.HttpHandler - 

Request DefaultHttpRequest(decodeResult: success, version: HTTP/1.1)
POST /session/510f4e476a348551fb82d0556d2e7277/element/c705035b-bb9a-4a97-88ee-581fb221a28b/element HTTP/1.1
User-Agent: selenium/4.5.3 (java mac)
Content-Length: 106
Content-Type: application/json; charset=utf-8
host: localhost:7968
accept: */*

Response DefaultHttpResponse(decodeResult: success, version: HTTP/1.1)
HTTP/1.1 200 OK
Content-Length: 88
Content-Type: application/json; charset=utf-8
cache-control: no-cache

18:23:33.379 [AsyncHttpClient-1-3] DEBUG org.asynchttpclient.netty.channel.ChannelManager - Adding key: http://localhost:7968 for channel [id: 0xccfc25e2, L:/127.0.0.1:54604 - R:localhost/127.0.0.1:7968]
18:23:33.380 [Forwarding getElementText on session 510f4e476a348551fb82d0556d2e7277 to remote] DEBUG org.asynchttpclient.netty.request.NettyRequestSender - Using pooled Channel '[id: 0xccfc25e2, L:/127.0.0.1:54604 - R:localhost/127.0.0.1:7968]' for 'GET' to 'http://localhost:7968/session/510f4e476a348551fb82d0556d2e7277/element/94e3ccad-4abd-4341-843a-53a5f74ac66f/text'
18:23:33.380 [Forwarding getElementText on session 510f4e476a348551fb82d0556d2e7277 to remote] DEBUG org.asynchttpclient.netty.request.NettyRequestSender - Using open Channel [id: 0xccfc25e2, L:/127.0.0.1:54604 - R:localhost/127.0.0.1:7968] for GET '/session/510f4e476a348551fb82d0556d2e7277/element/94e3ccad-4abd-4341-843a-53a5f74ac66f/text'
18:23:33.399 [AsyncHttpClient-1-3] DEBUG org.asynchttpclient.netty.handler.HttpHandler - 

Request DefaultFullHttpRequest(decodeResult: success, version: HTTP/1.1, content: EmptyByteBufBE)
GET /session/510f4e476a348551fb82d0556d2e7277/element/94e3ccad-4abd-4341-843a-53a5f74ac66f/text HTTP/1.1
User-Agent: selenium/4.5.3 (java mac)
Cache-Control: no-cache
Content-Type: application/json; charset=utf-8
host: localhost:7968
accept: */*

Response DefaultHttpResponse(decodeResult: success, version: HTTP/1.1)
HTTP/1.1 200 OK
Content-Length: 71
Content-Type: application/json; charset=utf-8
cache-control: no-cache

18:23:33.400 [AsyncHttpClient-1-3] DEBUG org.asynchttpclient.netty.channel.ChannelManager - Adding key: http://localhost:7968 for channel [id: 0xccfc25e2, L:/127.0.0.1:54604 - R:localhost/127.0.0.1:7968]
18:23:33.406 [Forwarding findChildElement on session 510f4e476a348551fb82d0556d2e7277 to remote] DEBUG org.asynchttpclient.netty.request.NettyRequestSender - Using pooled Channel '[id: 0xccfc25e2, L:/127.0.0.1:54604 - R:localhost/127.0.0.1:7968]' for 'POST' to 'http://localhost:7968/session/510f4e476a348551fb82d0556d2e7277/element/c705035b-bb9a-4a97-88ee-581fb221a28b/element'
18:23:33.406 [Forwarding findChildElement on session 510f4e476a348551fb82d0556d2e7277 to remote] DEBUG org.asynchttpclient.netty.request.NettyRequestSender - Using open Channel [id: 0xccfc25e2, L:/127.0.0.1:54604 - R:localhost/127.0.0.1:7968] for POST '/session/510f4e476a348551fb82d0556d2e7277/element/c705035b-bb9a-4a97-88ee-581fb221a28b/element'
18:23:33.409 [AsyncHttpClient-1-1] DEBUG org.asynchttpclient.netty.channel.DefaultChannelPool - Entry count for : http://localhost:5352 : 1
18:23:33.409 [AsyncHttpClient-1-1] DEBUG org.asynchttpclient.netty.channel.DefaultChannelPool - Entry count for : http://localhost:54610 : 1
18:23:33.434 [AsyncHttpClient-1-3] DEBUG org.asynchttpclient.netty.handler.HttpHandler - 

Request DefaultHttpRequest(decodeResult: success, version: HTTP/1.1)
POST /session/510f4e476a348551fb82d0556d2e7277/element/c705035b-bb9a-4a97-88ee-581fb221a28b/element HTTP/1.1
User-Agent: selenium/4.5.3 (java mac)
Content-Length: 106
Content-Type: application/json; charset=utf-8
host: localhost:7968
accept: */*

Response DefaultHttpResponse(decodeResult: success, version: HTTP/1.1)
HTTP/1.1 200 OK
Content-Length: 88
Content-Type: application/json; charset=utf-8
cache-control: no-cache

18:23:33.435 [AsyncHttpClient-1-3] DEBUG org.asynchttpclient.netty.channel.ChannelManager - Adding key: http://localhost:7968 for channel [id: 0xccfc25e2, L:/127.0.0.1:54604 - R:localhost/127.0.0.1:7968]
18:23:33.435 [Forwarding getElementText on session 510f4e476a348551fb82d0556d2e7277 to remote] DEBUG org.asynchttpclient.netty.request.NettyRequestSender - Using pooled Channel '[id: 0xccfc25e2, L:/127.0.0.1:54604 - R:localhost/127.0.0.1:7968]' for 'GET' to 'http://localhost:7968/session/510f4e476a348551fb82d0556d2e7277/element/f2990b7f-2d5b-4c3a-8cf4-ee118b413834/text'
18:23:33.435 [Forwarding getElementText on session 510f4e476a348551fb82d0556d2e7277 to remote] DEBUG org.asynchttpclient.netty.request.NettyRequestSender - Using open Channel [id: 0xccfc25e2, L:/127.0.0.1:54604 - R:localhost/127.0.0.1:7968] for GET '/session/510f4e476a348551fb82d0556d2e7277/element/f2990b7f-2d5b-4c3a-8cf4-ee118b413834/text'
18:23:33.515 [AsyncHttpClient-1-3] DEBUG org.asynchttpclient.netty.handler.HttpHandler - 

Request DefaultFullHttpRequest(decodeResult: success, version: HTTP/1.1, content: EmptyByteBufBE)
GET /session/510f4e476a348551fb82d0556d2e7277/element/f2990b7f-2d5b-4c3a-8cf4-ee118b413834/text HTTP/1.1
User-Agent: selenium/4.5.3 (java mac)
Cache-Control: no-cache
Content-Type: application/json; charset=utf-8
host: localhost:7968
accept: */*

Response DefaultHttpResponse(decodeResult: success, version: HTTP/1.1)
HTTP/1.1 200 OK
Content-Length: 18
Content-Type: application/json; charset=utf-8
cache-control: no-cache

18:23:33.515 [AsyncHttpClient-1-3] DEBUG org.asynchttpclient.netty.channel.ChannelManager - Adding key: http://localhost:7968 for channel [id: 0xccfc25e2, L:/127.0.0.1:54604 - R:localhost/127.0.0.1:7968]
18:23:33.516 [Forwarding findChildElement on session 510f4e476a348551fb82d0556d2e7277 to remote] DEBUG org.asynchttpclient.netty.request.NettyRequestSender - Using pooled Channel '[id: 0xccfc25e2, L:/127.0.0.1:54604 - R:localhost/127.0.0.1:7968]' for 'POST' to 'http://localhost:7968/session/510f4e476a348551fb82d0556d2e7277/element/7354a140-4bb1-4de6-9207-a12df3b680b7/element'
18:23:33.516 [Forwarding findChildElement on session 510f4e476a348551fb82d0556d2e7277 to remote] DEBUG org.asynchttpclient.netty.request.NettyRequestSender - Using open Channel [id: 0xccfc25e2, L:/127.0.0.1:54604 - R:localhost/127.0.0.1:7968] for POST '/session/510f4e476a348551fb82d0556d2e7277/element/7354a140-4bb1-4de6-9207-a12df3b680b7/element'
18:23:33.550 [AsyncHttpClient-1-3] DEBUG org.asynchttpclient.netty.handler.HttpHandler - 

Request DefaultHttpRequest(decodeResult: success, version: HTTP/1.1)
POST /session/510f4e476a348551fb82d0556d2e7277/element/7354a140-4bb1-4de6-9207-a12df3b680b7/element HTTP/1.1
User-Agent: selenium/4.5.3 (java mac)
Content-Length: 106
Content-Type: application/json; charset=utf-8
host: localhost:7968
accept: */*

Response DefaultHttpResponse(decodeResult: success, version: HTTP/1.1)
HTTP/1.1 200 OK
Content-Length: 88
Content-Type: application/json; charset=utf-8
cache-control: no-cache

18:23:33.551 [AsyncHttpClient-1-3] DEBUG org.asynchttpclient.netty.channel.ChannelManager - Adding key: http://localhost:7968 for channel [id: 0xccfc25e2, L:/127.0.0.1:54604 - R:localhost/127.0.0.1:7968]
18:23:33.552 [Forwarding getElementText on session 510f4e476a348551fb82d0556d2e7277 to remote] DEBUG org.asynchttpclient.netty.request.NettyRequestSender - Using pooled Channel '[id: 0xccfc25e2, L:/127.0.0.1:54604 - R:localhost/127.0.0.1:7968]' for 'GET' to 'http://localhost:7968/session/510f4e476a348551fb82d0556d2e7277/element/5b4b73d7-b44c-4cf6-a9c5-aee92dceedac/text'
18:23:33.552 [Forwarding getElementText on session 510f4e476a348551fb82d0556d2e7277 to remote] DEBUG org.asynchttpclient.netty.request.NettyRequestSender - Using open Channel [id: 0xccfc25e2, L:/127.0.0.1:54604 - R:localhost/127.0.0.1:7968] for GET '/session/510f4e476a348551fb82d0556d2e7277/element/5b4b73d7-b44c-4cf6-a9c5-aee92dceedac/text'
18:23:33.580 [AsyncHttpClient-1-3] DEBUG org.asynchttpclient.netty.handler.HttpHandler - 

Request DefaultFullHttpRequest(decodeResult: success, version: HTTP/1.1, content: EmptyByteBufBE)
GET /session/510f4e476a348551fb82d0556d2e7277/element/5b4b73d7-b44c-4cf6-a9c5-aee92dceedac/text HTTP/1.1
User-Agent: selenium/4.5.3 (java mac)
Cache-Control: no-cache
Content-Type: application/json; charset=utf-8
host: localhost:7968
accept: */*

Response DefaultHttpResponse(decodeResult: success, version: HTTP/1.1)
HTTP/1.1 200 OK
Content-Length: 59
Content-Type: application/json; charset=utf-8
cache-control: no-cache

18:23:33.581 [AsyncHttpClient-1-3] DEBUG org.asynchttpclient.netty.channel.ChannelManager - Adding key: http://localhost:7968 for channel [id: 0xccfc25e2, L:/127.0.0.1:54604 - R:localhost/127.0.0.1:7968]
18:23:33.585 [Forwarding findChildElement on session 510f4e476a348551fb82d0556d2e7277 to remote] DEBUG org.asynchttpclient.netty.request.NettyRequestSender - Using pooled Channel '[id: 0xccfc25e2, L:/127.0.0.1:54604 - R:localhost/127.0.0.1:7968]' for 'POST' to 'http://localhost:7968/session/510f4e476a348551fb82d0556d2e7277/element/7354a140-4bb1-4de6-9207-a12df3b680b7/element'
18:23:33.585 [Forwarding findChildElement on session 510f4e476a348551fb82d0556d2e7277 to remote] DEBUG org.asynchttpclient.netty.request.NettyRequestSender - Using open Channel [id: 0xccfc25e2, L:/127.0.0.1:54604 - R:localhost/127.0.0.1:7968] for POST '/session/510f4e476a348551fb82d0556d2e7277/element/7354a140-4bb1-4de6-9207-a12df3b680b7/element'
18:23:33.885 [AsyncHttpClient-1-3] DEBUG org.asynchttpclient.netty.handler.HttpHandler - 

Request DefaultHttpRequest(decodeResult: success, version: HTTP/1.1)
POST /session/510f4e476a348551fb82d0556d2e7277/element/7354a140-4bb1-4de6-9207-a12df3b680b7/element HTTP/1.1
User-Agent: selenium/4.5.3 (java mac)
Content-Length: 106
Content-Type: application/json; charset=utf-8
host: localhost:7968
accept: */*

Response DefaultHttpResponse(decodeResult: success, version: HTTP/1.1)
HTTP/1.1 200 OK
Content-Length: 88
Content-Type: application/json; charset=utf-8
cache-control: no-cache

18:23:33.885 [AsyncHttpClient-1-3] DEBUG org.asynchttpclient.netty.channel.ChannelManager - Adding key: http://localhost:7968 for channel [id: 0xccfc25e2, L:/127.0.0.1:54604 - R:localhost/127.0.0.1:7968]
18:23:33.886 [Forwarding getElementText on session 510f4e476a348551fb82d0556d2e7277 to remote] DEBUG org.asynchttpclient.netty.request.NettyRequestSender - Using pooled Channel '[id: 0xccfc25e2, L:/127.0.0.1:54604 - R:localhost/127.0.0.1:7968]' for 'GET' to 'http://localhost:7968/session/510f4e476a348551fb82d0556d2e7277/element/7eda3688-9162-4e08-b152-0f3f87d7b705/text'
18:23:33.886 [Forwarding getElementText on session 510f4e476a348551fb82d0556d2e7277 to remote] DEBUG org.asynchttpclient.netty.request.NettyRequestSender - Using open Channel [id: 0xccfc25e2, L:/127.0.0.1:54604 - R:localhost/127.0.0.1:7968] for GET '/session/510f4e476a348551fb82d0556d2e7277/element/7eda3688-9162-4e08-b152-0f3f87d7b705/text'
18:23:33.907 [AsyncHttpClient-1-3] DEBUG org.asynchttpclient.netty.handler.HttpHandler - 

Request DefaultFullHttpRequest(decodeResult: success, version: HTTP/1.1, content: EmptyByteBufBE)
GET /session/510f4e476a348551fb82d0556d2e7277/element/7eda3688-9162-4e08-b152-0f3f87d7b705/text HTTP/1.1
User-Agent: selenium/4.5.3 (java mac)
Cache-Control: no-cache
Content-Type: application/json; charset=utf-8
host: localhost:7968
accept: */*

Response DefaultHttpResponse(decodeResult: success, version: HTTP/1.1)
HTTP/1.1 200 OK
Content-Length: 19
Content-Type: application/json; charset=utf-8
cache-control: no-cache

18:23:33.907 [AsyncHttpClient-1-3] DEBUG org.asynchttpclient.netty.channel.ChannelManager - Adding key: http://localhost:7968 for channel [id: 0xccfc25e2, L:/127.0.0.1:54604 - R:localhost/127.0.0.1:7968]
18:23:33.914 [Forwarding findChildElement on session 510f4e476a348551fb82d0556d2e7277 to remote] DEBUG org.asynchttpclient.netty.request.NettyRequestSender - Using pooled Channel '[id: 0xccfc25e2, L:/127.0.0.1:54604 - R:localhost/127.0.0.1:7968]' for 'POST' to 'http://localhost:7968/session/510f4e476a348551fb82d0556d2e7277/element/46d05654-4026-41c8-a646-3fdf4b03d9c2/element'
18:23:33.914 [Forwarding findChildElement on session 510f4e476a348551fb82d0556d2e7277 to remote] DEBUG org.asynchttpclient.netty.request.NettyRequestSender - Using open Channel [id: 0xccfc25e2, L:/127.0.0.1:54604 - R:localhost/127.0.0.1:7968] for POST '/session/510f4e476a348551fb82d0556d2e7277/element/46d05654-4026-41c8-a646-3fdf4b03d9c2/element'
18:23:33.924 [AsyncHttpClient-1-3] DEBUG org.asynchttpclient.netty.handler.HttpHandler - 

Request DefaultHttpRequest(decodeResult: success, version: HTTP/1.1)
POST /session/510f4e476a348551fb82d0556d2e7277/element/46d05654-4026-41c8-a646-3fdf4b03d9c2/element HTTP/1.1
User-Agent: selenium/4.5.3 (java mac)
Content-Length: 106
Content-Type: application/json; charset=utf-8
host: localhost:7968
accept: */*

Response DefaultHttpResponse(decodeResult: success, version: HTTP/1.1)
HTTP/1.1 200 OK
Content-Length: 88
Content-Type: application/json; charset=utf-8
cache-control: no-cache

18:23:33.924 [AsyncHttpClient-1-3] DEBUG org.asynchttpclient.netty.channel.ChannelManager - Adding key: http://localhost:7968 for channel [id: 0xccfc25e2, L:/127.0.0.1:54604 - R:localhost/127.0.0.1:7968]
18:23:33.925 [Forwarding getElementText on session 510f4e476a348551fb82d0556d2e7277 to remote] DEBUG org.asynchttpclient.netty.request.NettyRequestSender - Using pooled Channel '[id: 0xccfc25e2, L:/127.0.0.1:54604 - R:localhost/127.0.0.1:7968]' for 'GET' to 'http://localhost:7968/session/510f4e476a348551fb82d0556d2e7277/element/334fd7b5-e471-4134-b5b0-454c3b924a70/text'
18:23:33.925 [Forwarding getElementText on session 510f4e476a348551fb82d0556d2e7277 to remote] DEBUG org.asynchttpclient.netty.request.NettyRequestSender - Using open Channel [id: 0xccfc25e2, L:/127.0.0.1:54604 - R:localhost/127.0.0.1:7968] for GET '/session/510f4e476a348551fb82d0556d2e7277/element/334fd7b5-e471-4134-b5b0-454c3b924a70/text'
18:23:33.960 [AsyncHttpClient-1-3] DEBUG org.asynchttpclient.netty.handler.HttpHandler - 

Request DefaultFullHttpRequest(decodeResult: success, version: HTTP/1.1, content: EmptyByteBufBE)
GET /session/510f4e476a348551fb82d0556d2e7277/element/334fd7b5-e471-4134-b5b0-454c3b924a70/text HTTP/1.1
User-Agent: selenium/4.5.3 (java mac)
Cache-Control: no-cache
Content-Type: application/json; charset=utf-8
host: localhost:7968
accept: */*

Response DefaultHttpResponse(decodeResult: success, version: HTTP/1.1)
HTTP/1.1 200 OK
Content-Length: 92
Content-Type: application/json; charset=utf-8
cache-control: no-cache

18:23:33.964 [AsyncHttpClient-1-3] DEBUG org.asynchttpclient.netty.channel.ChannelManager - Adding key: http://localhost:7968 for channel [id: 0xccfc25e2, L:/127.0.0.1:54604 - R:localhost/127.0.0.1:7968]
18:23:33.967 [Forwarding findChildElement on session 510f4e476a348551fb82d0556d2e7277 to remote] DEBUG org.asynchttpclient.netty.request.NettyRequestSender - Using pooled Channel '[id: 0xccfc25e2, L:/127.0.0.1:54604 - R:localhost/127.0.0.1:7968]' for 'POST' to 'http://localhost:7968/session/510f4e476a348551fb82d0556d2e7277/element/46d05654-4026-41c8-a646-3fdf4b03d9c2/element'
18:23:33.967 [Forwarding findChildElement on session 510f4e476a348551fb82d0556d2e7277 to remote] DEBUG org.asynchttpclient.netty.request.NettyRequestSender - Using open Channel [id: 0xccfc25e2, L:/127.0.0.1:54604 - R:localhost/127.0.0.1:7968] for POST '/session/510f4e476a348551fb82d0556d2e7277/element/46d05654-4026-41c8-a646-3fdf4b03d9c2/element'
18:23:33.983 [AsyncHttpClient-1-3] DEBUG org.asynchttpclient.netty.handler.HttpHandler - 

Request DefaultHttpRequest(decodeResult: success, version: HTTP/1.1)
POST /session/510f4e476a348551fb82d0556d2e7277/element/46d05654-4026-41c8-a646-3fdf4b03d9c2/element HTTP/1.1
User-Agent: selenium/4.5.3 (java mac)
Content-Length: 106
Content-Type: application/json; charset=utf-8
host: localhost:7968
accept: */*

Response DefaultHttpResponse(decodeResult: success, version: HTTP/1.1)
HTTP/1.1 200 OK
Content-Length: 88
Content-Type: application/json; charset=utf-8
cache-control: no-cache

18:23:33.983 [AsyncHttpClient-1-3] DEBUG org.asynchttpclient.netty.channel.ChannelManager - Adding key: http://localhost:7968 for channel [id: 0xccfc25e2, L:/127.0.0.1:54604 - R:localhost/127.0.0.1:7968]
18:23:33.983 [Forwarding getElementText on session 510f4e476a348551fb82d0556d2e7277 to remote] DEBUG org.asynchttpclient.netty.request.NettyRequestSender - Using pooled Channel '[id: 0xccfc25e2, L:/127.0.0.1:54604 - R:localhost/127.0.0.1:7968]' for 'GET' to 'http://localhost:7968/session/510f4e476a348551fb82d0556d2e7277/element/beeebba3-845d-4999-9516-e1000cea253a/text'
18:23:33.984 [Forwarding getElementText on session 510f4e476a348551fb82d0556d2e7277 to remote] DEBUG org.asynchttpclient.netty.request.NettyRequestSender - Using open Channel [id: 0xccfc25e2, L:/127.0.0.1:54604 - R:localhost/127.0.0.1:7968] for GET '/session/510f4e476a348551fb82d0556d2e7277/element/beeebba3-845d-4999-9516-e1000cea253a/text'
18:23:34.362 [AsyncHttpClient-1-3] DEBUG org.asynchttpclient.netty.handler.HttpHandler - 

Request DefaultFullHttpRequest(decodeResult: success, version: HTTP/1.1, content: EmptyByteBufBE)
GET /session/510f4e476a348551fb82d0556d2e7277/element/beeebba3-845d-4999-9516-e1000cea253a/text HTTP/1.1
User-Agent: selenium/4.5.3 (java mac)
Cache-Control: no-cache
Content-Type: application/json; charset=utf-8
host: localhost:7968
accept: */*

Response DefaultHttpResponse(decodeResult: success, version: HTTP/1.1)
HTTP/1.1 200 OK
Content-Length: 30
Content-Type: application/json; charset=utf-8
cache-control: no-cache

18:23:34.362 [AsyncHttpClient-1-3] DEBUG org.asynchttpclient.netty.channel.ChannelManager - Adding key: http://localhost:7968 for channel [id: 0xccfc25e2, L:/127.0.0.1:54604 - R:localhost/127.0.0.1:7968]
18:23:34.364 [Forwarding findChildElement on session 510f4e476a348551fb82d0556d2e7277 to remote] DEBUG org.asynchttpclient.netty.request.NettyRequestSender - Using pooled Channel '[id: 0xccfc25e2, L:/127.0.0.1:54604 - R:localhost/127.0.0.1:7968]' for 'POST' to 'http://localhost:7968/session/510f4e476a348551fb82d0556d2e7277/element/711b0d86-1930-4a63-8613-8cc968976447/element'
18:23:34.364 [Forwarding findChildElement on session 510f4e476a348551fb82d0556d2e7277 to remote] DEBUG org.asynchttpclient.netty.request.NettyRequestSender - Using open Channel [id: 0xccfc25e2, L:/127.0.0.1:54604 - R:localhost/127.0.0.1:7968] for POST '/session/510f4e476a348551fb82d0556d2e7277/element/711b0d86-1930-4a63-8613-8cc968976447/element'
18:23:34.382 [AsyncHttpClient-1-3] DEBUG org.asynchttpclient.netty.handler.HttpHandler - 

Request DefaultHttpRequest(decodeResult: success, version: HTTP/1.1)
POST /session/510f4e476a348551fb82d0556d2e7277/element/711b0d86-1930-4a63-8613-8cc968976447/element HTTP/1.1
User-Agent: selenium/4.5.3 (java mac)
Content-Length: 106
Content-Type: application/json; charset=utf-8
host: localhost:7968
accept: */*

Response DefaultHttpResponse(decodeResult: success, version: HTTP/1.1)
HTTP/1.1 200 OK
Content-Length: 88
Content-Type: application/json; charset=utf-8
cache-control: no-cache

18:23:34.383 [AsyncHttpClient-1-3] DEBUG org.asynchttpclient.netty.channel.ChannelManager - Adding key: http://localhost:7968 for channel [id: 0xccfc25e2, L:/127.0.0.1:54604 - R:localhost/127.0.0.1:7968]
18:23:34.385 [Forwarding getElementText on session 510f4e476a348551fb82d0556d2e7277 to remote] DEBUG org.asynchttpclient.netty.request.NettyRequestSender - Using pooled Channel '[id: 0xccfc25e2, L:/127.0.0.1:54604 - R:localhost/127.0.0.1:7968]' for 'GET' to 'http://localhost:7968/session/510f4e476a348551fb82d0556d2e7277/element/661a6c46-4e85-4621-9e71-ba72be6f6783/text'
18:23:34.385 [Forwarding getElementText on session 510f4e476a348551fb82d0556d2e7277 to remote] DEBUG org.asynchttpclient.netty.request.NettyRequestSender - Using open Channel [id: 0xccfc25e2, L:/127.0.0.1:54604 - R:localhost/127.0.0.1:7968] for GET '/session/510f4e476a348551fb82d0556d2e7277/element/661a6c46-4e85-4621-9e71-ba72be6f6783/text'
18:23:34.404 [AsyncHttpClient-1-3] DEBUG org.asynchttpclient.netty.handler.HttpHandler - 

Request DefaultFullHttpRequest(decodeResult: success, version: HTTP/1.1, content: EmptyByteBufBE)
GET /session/510f4e476a348551fb82d0556d2e7277/element/661a6c46-4e85-4621-9e71-ba72be6f6783/text HTTP/1.1
User-Agent: selenium/4.5.3 (java mac)
Cache-Control: no-cache
Content-Type: application/json; charset=utf-8
host: localhost:7968
accept: */*

Response DefaultHttpResponse(decodeResult: success, version: HTTP/1.1)
HTTP/1.1 200 OK
Content-Length: 64
Content-Type: application/json; charset=utf-8
cache-control: no-cache

18:23:34.404 [AsyncHttpClient-1-3] DEBUG org.asynchttpclient.netty.channel.ChannelManager - Adding key: http://localhost:7968 for channel [id: 0xccfc25e2, L:/127.0.0.1:54604 - R:localhost/127.0.0.1:7968]
18:23:34.405 [Forwarding findChildElement on session 510f4e476a348551fb82d0556d2e7277 to remote] DEBUG org.asynchttpclient.netty.request.NettyRequestSender - Using pooled Channel '[id: 0xccfc25e2, L:/127.0.0.1:54604 - R:localhost/127.0.0.1:7968]' for 'POST' to 'http://localhost:7968/session/510f4e476a348551fb82d0556d2e7277/element/711b0d86-1930-4a63-8613-8cc968976447/element'
18:23:34.405 [Forwarding findChildElement on session 510f4e476a348551fb82d0556d2e7277 to remote] DEBUG org.asynchttpclient.netty.request.NettyRequestSender - Using open Channel [id: 0xccfc25e2, L:/127.0.0.1:54604 - R:localhost/127.0.0.1:7968] for POST '/session/510f4e476a348551fb82d0556d2e7277/element/711b0d86-1930-4a63-8613-8cc968976447/element'
18:23:34.425 [AsyncHttpClient-1-3] DEBUG org.asynchttpclient.netty.handler.HttpHandler - 

Request DefaultHttpRequest(decodeResult: success, version: HTTP/1.1)
POST /session/510f4e476a348551fb82d0556d2e7277/element/711b0d86-1930-4a63-8613-8cc968976447/element HTTP/1.1
User-Agent: selenium/4.5.3 (java mac)
Content-Length: 106
Content-Type: application/json; charset=utf-8
host: localhost:7968
accept: */*

Response DefaultHttpResponse(decodeResult: success, version: HTTP/1.1)
HTTP/1.1 200 OK
Content-Length: 88
Content-Type: application/json; charset=utf-8
cache-control: no-cache

18:23:34.425 [AsyncHttpClient-1-3] DEBUG org.asynchttpclient.netty.channel.ChannelManager - Adding key: http://localhost:7968 for channel [id: 0xccfc25e2, L:/127.0.0.1:54604 - R:localhost/127.0.0.1:7968]
18:23:34.426 [Forwarding getElementText on session 510f4e476a348551fb82d0556d2e7277 to remote] DEBUG org.asynchttpclient.netty.request.NettyRequestSender - Using pooled Channel '[id: 0xccfc25e2, L:/127.0.0.1:54604 - R:localhost/127.0.0.1:7968]' for 'GET' to 'http://localhost:7968/session/510f4e476a348551fb82d0556d2e7277/element/01d8ee38-7474-422a-b765-632f2d53891f/text'
18:23:34.426 [Forwarding getElementText on session 510f4e476a348551fb82d0556d2e7277 to remote] DEBUG org.asynchttpclient.netty.request.NettyRequestSender - Using open Channel [id: 0xccfc25e2, L:/127.0.0.1:54604 - R:localhost/127.0.0.1:7968] for GET '/session/510f4e476a348551fb82d0556d2e7277/element/01d8ee38-7474-422a-b765-632f2d53891f/text'
18:23:34.465 [AsyncHttpClient-1-3] DEBUG org.asynchttpclient.netty.handler.HttpHandler - 

Request DefaultFullHttpRequest(decodeResult: success, version: HTTP/1.1, content: EmptyByteBufBE)
GET /session/510f4e476a348551fb82d0556d2e7277/element/01d8ee38-7474-422a-b765-632f2d53891f/text HTTP/1.1
User-Agent: selenium/4.5.3 (java mac)
Cache-Control: no-cache
Content-Type: application/json; charset=utf-8
host: localhost:7968
accept: */*

Response DefaultHttpResponse(decodeResult: success, version: HTTP/1.1)
HTTP/1.1 200 OK
Content-Length: 19
Content-Type: application/json; charset=utf-8
cache-control: no-cache

18:23:34.465 [AsyncHttpClient-1-3] DEBUG org.asynchttpclient.netty.channel.ChannelManager - Adding key: http://localhost:7968 for channel [id: 0xccfc25e2, L:/127.0.0.1:54604 - R:localhost/127.0.0.1:7968]
18:23:34.467 [Forwarding findChildElement on session 510f4e476a348551fb82d0556d2e7277 to remote] DEBUG org.asynchttpclient.netty.request.NettyRequestSender - Using pooled Channel '[id: 0xccfc25e2, L:/127.0.0.1:54604 - R:localhost/127.0.0.1:7968]' for 'POST' to 'http://localhost:7968/session/510f4e476a348551fb82d0556d2e7277/element/50b9da79-75a8-41b2-90f3-0a3a7f3cf3e2/element'
18:23:34.467 [Forwarding findChildElement on session 510f4e476a348551fb82d0556d2e7277 to remote] DEBUG org.asynchttpclient.netty.request.NettyRequestSender - Using open Channel [id: 0xccfc25e2, L:/127.0.0.1:54604 - R:localhost/127.0.0.1:7968] for POST '/session/510f4e476a348551fb82d0556d2e7277/element/50b9da79-75a8-41b2-90f3-0a3a7f3cf3e2/element'
18:23:34.478 [AsyncHttpClient-1-3] DEBUG org.asynchttpclient.netty.handler.HttpHandler - 

Request DefaultHttpRequest(decodeResult: success, version: HTTP/1.1)
POST /session/510f4e476a348551fb82d0556d2e7277/element/50b9da79-75a8-41b2-90f3-0a3a7f3cf3e2/element HTTP/1.1
User-Agent: selenium/4.5.3 (java mac)
Content-Length: 106
Content-Type: application/json; charset=utf-8
host: localhost:7968
accept: */*

Response DefaultHttpResponse(decodeResult: success, version: HTTP/1.1)
HTTP/1.1 200 OK
Content-Length: 88
Content-Type: application/json; charset=utf-8
cache-control: no-cache

18:23:34.478 [AsyncHttpClient-1-3] DEBUG org.asynchttpclient.netty.channel.ChannelManager - Adding key: http://localhost:7968 for channel [id: 0xccfc25e2, L:/127.0.0.1:54604 - R:localhost/127.0.0.1:7968]
18:23:34.479 [Forwarding getElementText on session 510f4e476a348551fb82d0556d2e7277 to remote] DEBUG org.asynchttpclient.netty.request.NettyRequestSender - Using pooled Channel '[id: 0xccfc25e2, L:/127.0.0.1:54604 - R:localhost/127.0.0.1:7968]' for 'GET' to 'http://localhost:7968/session/510f4e476a348551fb82d0556d2e7277/element/ef9b828b-a425-449e-a277-8c479c5a6448/text'
18:23:34.479 [Forwarding getElementText on session 510f4e476a348551fb82d0556d2e7277 to remote] DEBUG org.asynchttpclient.netty.request.NettyRequestSender - Using open Channel [id: 0xccfc25e2, L:/127.0.0.1:54604 - R:localhost/127.0.0.1:7968] for GET '/session/510f4e476a348551fb82d0556d2e7277/element/ef9b828b-a425-449e-a277-8c479c5a6448/text'
18:23:34.509 [AsyncHttpClient-1-1] DEBUG org.asynchttpclient.netty.channel.DefaultChannelPool - Entry count for : http://localhost:5352 : 1
18:23:34.509 [AsyncHttpClient-1-1] DEBUG org.asynchttpclient.netty.channel.DefaultChannelPool - Entry count for : http://localhost:54610 : 1
18:23:34.781 [AsyncHttpClient-1-3] DEBUG org.asynchttpclient.netty.handler.HttpHandler - 

Request DefaultFullHttpRequest(decodeResult: success, version: HTTP/1.1, content: EmptyByteBufBE)
GET /session/510f4e476a348551fb82d0556d2e7277/element/ef9b828b-a425-449e-a277-8c479c5a6448/text HTTP/1.1
User-Agent: selenium/4.5.3 (java mac)
Cache-Control: no-cache
Content-Type: application/json; charset=utf-8
host: localhost:7968
accept: */*

Response DefaultHttpResponse(decodeResult: success, version: HTTP/1.1)
HTTP/1.1 200 OK
Content-Length: 91
Content-Type: application/json; charset=utf-8
cache-control: no-cache

18:23:34.782 [AsyncHttpClient-1-3] DEBUG org.asynchttpclient.netty.channel.ChannelManager - Adding key: http://localhost:7968 for channel [id: 0xccfc25e2, L:/127.0.0.1:54604 - R:localhost/127.0.0.1:7968]
18:23:34.782 [Forwarding findChildElement on session 510f4e476a348551fb82d0556d2e7277 to remote] DEBUG org.asynchttpclient.netty.request.NettyRequestSender - Using pooled Channel '[id: 0xccfc25e2, L:/127.0.0.1:54604 - R:localhost/127.0.0.1:7968]' for 'POST' to 'http://localhost:7968/session/510f4e476a348551fb82d0556d2e7277/element/50b9da79-75a8-41b2-90f3-0a3a7f3cf3e2/element'
18:23:34.783 [Forwarding findChildElement on session 510f4e476a348551fb82d0556d2e7277 to remote] DEBUG org.asynchttpclient.netty.request.NettyRequestSender - Using open Channel [id: 0xccfc25e2, L:/127.0.0.1:54604 - R:localhost/127.0.0.1:7968] for POST '/session/510f4e476a348551fb82d0556d2e7277/element/50b9da79-75a8-41b2-90f3-0a3a7f3cf3e2/element'
18:23:34.817 [AsyncHttpClient-1-3] DEBUG org.asynchttpclient.netty.handler.HttpHandler - 

Request DefaultHttpRequest(decodeResult: success, version: HTTP/1.1)
POST /session/510f4e476a348551fb82d0556d2e7277/element/50b9da79-75a8-41b2-90f3-0a3a7f3cf3e2/element HTTP/1.1
User-Agent: selenium/4.5.3 (java mac)
Content-Length: 106
Content-Type: application/json; charset=utf-8
host: localhost:7968
accept: */*

Response DefaultHttpResponse(decodeResult: success, version: HTTP/1.1)
HTTP/1.1 200 OK
Content-Length: 88
Content-Type: application/json; charset=utf-8
cache-control: no-cache

18:23:34.817 [AsyncHttpClient-1-3] DEBUG org.asynchttpclient.netty.channel.ChannelManager - Adding key: http://localhost:7968 for channel [id: 0xccfc25e2, L:/127.0.0.1:54604 - R:localhost/127.0.0.1:7968]
18:23:34.818 [Forwarding getElementText on session 510f4e476a348551fb82d0556d2e7277 to remote] DEBUG org.asynchttpclient.netty.request.NettyRequestSender - Using pooled Channel '[id: 0xccfc25e2, L:/127.0.0.1:54604 - R:localhost/127.0.0.1:7968]' for 'GET' to 'http://localhost:7968/session/510f4e476a348551fb82d0556d2e7277/element/9df33b7b-b0cc-47bd-b9f2-4641d91ba197/text'
18:23:34.818 [Forwarding getElementText on session 510f4e476a348551fb82d0556d2e7277 to remote] DEBUG org.asynchttpclient.netty.request.NettyRequestSender - Using open Channel [id: 0xccfc25e2, L:/127.0.0.1:54604 - R:localhost/127.0.0.1:7968] for GET '/session/510f4e476a348551fb82d0556d2e7277/element/9df33b7b-b0cc-47bd-b9f2-4641d91ba197/text'
18:23:35.003 [AsyncHttpClient-1-3] DEBUG org.asynchttpclient.netty.handler.HttpHandler - 

Request DefaultFullHttpRequest(decodeResult: success, version: HTTP/1.1, content: EmptyByteBufBE)
GET /session/510f4e476a348551fb82d0556d2e7277/element/9df33b7b-b0cc-47bd-b9f2-4641d91ba197/text HTTP/1.1
User-Agent: selenium/4.5.3 (java mac)
Cache-Control: no-cache
Content-Type: application/json; charset=utf-8
host: localhost:7968
accept: */*

Response DefaultHttpResponse(decodeResult: success, version: HTTP/1.1)
HTTP/1.1 200 OK
Content-Length: 30
Content-Type: application/json; charset=utf-8
cache-control: no-cache

18:23:35.003 [AsyncHttpClient-1-3] DEBUG org.asynchttpclient.netty.channel.ChannelManager - Adding key: http://localhost:7968 for channel [id: 0xccfc25e2, L:/127.0.0.1:54604 - R:localhost/127.0.0.1:7968]
18:23:35.004 [Forwarding findChildElement on session 510f4e476a348551fb82d0556d2e7277 to remote] DEBUG org.asynchttpclient.netty.request.NettyRequestSender - Using pooled Channel '[id: 0xccfc25e2, L:/127.0.0.1:54604 - R:localhost/127.0.0.1:7968]' for 'POST' to 'http://localhost:7968/session/510f4e476a348551fb82d0556d2e7277/element/905082ee-7275-4560-9b0d-415712db9f61/element'
18:23:35.004 [Forwarding findChildElement on session 510f4e476a348551fb82d0556d2e7277 to remote] DEBUG org.asynchttpclient.netty.request.NettyRequestSender - Using open Channel [id: 0xccfc25e2, L:/127.0.0.1:54604 - R:localhost/127.0.0.1:7968] for POST '/session/510f4e476a348551fb82d0556d2e7277/element/905082ee-7275-4560-9b0d-415712db9f61/element'
18:23:35.016 [AsyncHttpClient-1-3] DEBUG org.asynchttpclient.netty.handler.HttpHandler - 

Request DefaultHttpRequest(decodeResult: success, version: HTTP/1.1)
POST /session/510f4e476a348551fb82d0556d2e7277/element/905082ee-7275-4560-9b0d-415712db9f61/element HTTP/1.1
User-Agent: selenium/4.5.3 (java mac)
Content-Length: 106
Content-Type: application/json; charset=utf-8
host: localhost:7968
accept: */*

Response DefaultHttpResponse(decodeResult: success, version: HTTP/1.1)
HTTP/1.1 200 OK
Content-Length: 88
Content-Type: application/json; charset=utf-8
cache-control: no-cache

18:23:35.016 [AsyncHttpClient-1-3] DEBUG org.asynchttpclient.netty.channel.ChannelManager - Adding key: http://localhost:7968 for channel [id: 0xccfc25e2, L:/127.0.0.1:54604 - R:localhost/127.0.0.1:7968]
18:23:35.017 [Forwarding getElementText on session 510f4e476a348551fb82d0556d2e7277 to remote] DEBUG org.asynchttpclient.netty.request.NettyRequestSender - Using pooled Channel '[id: 0xccfc25e2, L:/127.0.0.1:54604 - R:localhost/127.0.0.1:7968]' for 'GET' to 'http://localhost:7968/session/510f4e476a348551fb82d0556d2e7277/element/ff842358-a6aa-464e-85c5-702d069fd106/text'
18:23:35.017 [Forwarding getElementText on session 510f4e476a348551fb82d0556d2e7277 to remote] DEBUG org.asynchttpclient.netty.request.NettyRequestSender - Using open Channel [id: 0xccfc25e2, L:/127.0.0.1:54604 - R:localhost/127.0.0.1:7968] for GET '/session/510f4e476a348551fb82d0556d2e7277/element/ff842358-a6aa-464e-85c5-702d069fd106/text'
18:23:35.097 [AsyncHttpClient-1-3] DEBUG org.asynchttpclient.netty.handler.HttpHandler - 

Request DefaultFullHttpRequest(decodeResult: success, version: HTTP/1.1, content: EmptyByteBufBE)
GET /session/510f4e476a348551fb82d0556d2e7277/element/ff842358-a6aa-464e-85c5-702d069fd106/text HTTP/1.1
User-Agent: selenium/4.5.3 (java mac)
Cache-Control: no-cache
Content-Type: application/json; charset=utf-8
host: localhost:7968
accept: */*

Response DefaultHttpResponse(decodeResult: success, version: HTTP/1.1)
HTTP/1.1 200 OK
Content-Length: 68
Content-Type: application/json; charset=utf-8
cache-control: no-cache

18:23:35.097 [AsyncHttpClient-1-3] DEBUG org.asynchttpclient.netty.channel.ChannelManager - Adding key: http://localhost:7968 for channel [id: 0xccfc25e2, L:/127.0.0.1:54604 - R:localhost/127.0.0.1:7968]
18:23:35.098 [Forwarding findChildElement on session 510f4e476a348551fb82d0556d2e7277 to remote] DEBUG org.asynchttpclient.netty.request.NettyRequestSender - Using pooled Channel '[id: 0xccfc25e2, L:/127.0.0.1:54604 - R:localhost/127.0.0.1:7968]' for 'POST' to 'http://localhost:7968/session/510f4e476a348551fb82d0556d2e7277/element/905082ee-7275-4560-9b0d-415712db9f61/element'
18:23:35.098 [Forwarding findChildElement on session 510f4e476a348551fb82d0556d2e7277 to remote] DEBUG org.asynchttpclient.netty.request.NettyRequestSender - Using open Channel [id: 0xccfc25e2, L:/127.0.0.1:54604 - R:localhost/127.0.0.1:7968] for POST '/session/510f4e476a348551fb82d0556d2e7277/element/905082ee-7275-4560-9b0d-415712db9f61/element'
18:23:35.134 [AsyncHttpClient-1-3] DEBUG org.asynchttpclient.netty.handler.HttpHandler - 

Request DefaultHttpRequest(decodeResult: success, version: HTTP/1.1)
POST /session/510f4e476a348551fb82d0556d2e7277/element/905082ee-7275-4560-9b0d-415712db9f61/element HTTP/1.1
User-Agent: selenium/4.5.3 (java mac)
Content-Length: 106
Content-Type: application/json; charset=utf-8
host: localhost:7968
accept: */*

Response DefaultHttpResponse(decodeResult: success, version: HTTP/1.1)
HTTP/1.1 200 OK
Content-Length: 88
Content-Type: application/json; charset=utf-8
cache-control: no-cache

18:23:35.134 [AsyncHttpClient-1-3] DEBUG org.asynchttpclient.netty.channel.ChannelManager - Adding key: http://localhost:7968 for channel [id: 0xccfc25e2, L:/127.0.0.1:54604 - R:localhost/127.0.0.1:7968]
18:23:35.135 [Forwarding getElementText on session 510f4e476a348551fb82d0556d2e7277 to remote] DEBUG org.asynchttpclient.netty.request.NettyRequestSender - Using pooled Channel '[id: 0xccfc25e2, L:/127.0.0.1:54604 - R:localhost/127.0.0.1:7968]' for 'GET' to 'http://localhost:7968/session/510f4e476a348551fb82d0556d2e7277/element/e5cd6740-2a1c-4105-98d9-c78d387718c2/text'
18:23:35.135 [Forwarding getElementText on session 510f4e476a348551fb82d0556d2e7277 to remote] DEBUG org.asynchttpclient.netty.request.NettyRequestSender - Using open Channel [id: 0xccfc25e2, L:/127.0.0.1:54604 - R:localhost/127.0.0.1:7968] for GET '/session/510f4e476a348551fb82d0556d2e7277/element/e5cd6740-2a1c-4105-98d9-c78d387718c2/text'
18:23:35.153 [AsyncHttpClient-1-3] DEBUG org.asynchttpclient.netty.handler.HttpHandler - 

Request DefaultFullHttpRequest(decodeResult: success, version: HTTP/1.1, content: EmptyByteBufBE)
GET /session/510f4e476a348551fb82d0556d2e7277/element/e5cd6740-2a1c-4105-98d9-c78d387718c2/text HTTP/1.1
User-Agent: selenium/4.5.3 (java mac)
Cache-Control: no-cache
Content-Type: application/json; charset=utf-8
host: localhost:7968
accept: */*

Response DefaultHttpResponse(decodeResult: success, version: HTTP/1.1)
HTTP/1.1 200 OK
Content-Length: 19
Content-Type: application/json; charset=utf-8
cache-control: no-cache

18:23:35.154 [AsyncHttpClient-1-3] DEBUG org.asynchttpclient.netty.channel.ChannelManager - Adding key: http://localhost:7968 for channel [id: 0xccfc25e2, L:/127.0.0.1:54604 - R:localhost/127.0.0.1:7968]
18:23:35.158 [Forwarding findChildElement on session 510f4e476a348551fb82d0556d2e7277 to remote] DEBUG org.asynchttpclient.netty.request.NettyRequestSender - Using pooled Channel '[id: 0xccfc25e2, L:/127.0.0.1:54604 - R:localhost/127.0.0.1:7968]' for 'POST' to 'http://localhost:7968/session/510f4e476a348551fb82d0556d2e7277/element/1a8653fb-669f-4477-b748-371002bbb02a/element'
18:23:35.159 [Forwarding findChildElement on session 510f4e476a348551fb82d0556d2e7277 to remote] DEBUG org.asynchttpclient.netty.request.NettyRequestSender - Using open Channel [id: 0xccfc25e2, L:/127.0.0.1:54604 - R:localhost/127.0.0.1:7968] for POST '/session/510f4e476a348551fb82d0556d2e7277/element/1a8653fb-669f-4477-b748-371002bbb02a/element'
18:23:35.178 [AsyncHttpClient-1-3] DEBUG org.asynchttpclient.netty.handler.HttpHandler - 

Request DefaultHttpRequest(decodeResult: success, version: HTTP/1.1)
POST /session/510f4e476a348551fb82d0556d2e7277/element/1a8653fb-669f-4477-b748-371002bbb02a/element HTTP/1.1
User-Agent: selenium/4.5.3 (java mac)
Content-Length: 106
Content-Type: application/json; charset=utf-8
host: localhost:7968
accept: */*

Response DefaultHttpResponse(decodeResult: success, version: HTTP/1.1)
HTTP/1.1 200 OK
Content-Length: 88
Content-Type: application/json; charset=utf-8
cache-control: no-cache

18:23:35.179 [AsyncHttpClient-1-3] DEBUG org.asynchttpclient.netty.channel.ChannelManager - Adding key: http://localhost:7968 for channel [id: 0xccfc25e2, L:/127.0.0.1:54604 - R:localhost/127.0.0.1:7968]
18:23:35.182 [Forwarding getElementText on session 510f4e476a348551fb82d0556d2e7277 to remote] DEBUG org.asynchttpclient.netty.request.NettyRequestSender - Using pooled Channel '[id: 0xccfc25e2, L:/127.0.0.1:54604 - R:localhost/127.0.0.1:7968]' for 'GET' to 'http://localhost:7968/session/510f4e476a348551fb82d0556d2e7277/element/1c3b4c6b-da5c-40f9-b5ed-a95172034fc4/text'
18:23:35.183 [Forwarding getElementText on session 510f4e476a348551fb82d0556d2e7277 to remote] DEBUG org.asynchttpclient.netty.request.NettyRequestSender - Using open Channel [id: 0xccfc25e2, L:/127.0.0.1:54604 - R:localhost/127.0.0.1:7968] for GET '/session/510f4e476a348551fb82d0556d2e7277/element/1c3b4c6b-da5c-40f9-b5ed-a95172034fc4/text'
18:23:35.223 [AsyncHttpClient-1-3] DEBUG org.asynchttpclient.netty.handler.HttpHandler - 

Request DefaultFullHttpRequest(decodeResult: success, version: HTTP/1.1, content: EmptyByteBufBE)
GET /session/510f4e476a348551fb82d0556d2e7277/element/1c3b4c6b-da5c-40f9-b5ed-a95172034fc4/text HTTP/1.1
User-Agent: selenium/4.5.3 (java mac)
Cache-Control: no-cache
Content-Type: application/json; charset=utf-8
host: localhost:7968
accept: */*

Response DefaultHttpResponse(decodeResult: success, version: HTTP/1.1)
HTTP/1.1 200 OK
Content-Length: 63
Content-Type: application/json; charset=utf-8
cache-control: no-cache

18:23:35.224 [AsyncHttpClient-1-3] DEBUG org.asynchttpclient.netty.channel.ChannelManager - Adding key: http://localhost:7968 for channel [id: 0xccfc25e2, L:/127.0.0.1:54604 - R:localhost/127.0.0.1:7968]
18:23:35.225 [Forwarding findChildElement on session 510f4e476a348551fb82d0556d2e7277 to remote] DEBUG org.asynchttpclient.netty.request.NettyRequestSender - Using pooled Channel '[id: 0xccfc25e2, L:/127.0.0.1:54604 - R:localhost/127.0.0.1:7968]' for 'POST' to 'http://localhost:7968/session/510f4e476a348551fb82d0556d2e7277/element/1a8653fb-669f-4477-b748-371002bbb02a/element'
18:23:35.225 [Forwarding findChildElement on session 510f4e476a348551fb82d0556d2e7277 to remote] DEBUG org.asynchttpclient.netty.request.NettyRequestSender - Using open Channel [id: 0xccfc25e2, L:/127.0.0.1:54604 - R:localhost/127.0.0.1:7968] for POST '/session/510f4e476a348551fb82d0556d2e7277/element/1a8653fb-669f-4477-b748-371002bbb02a/element'
18:23:35.430 [AsyncHttpClient-1-3] DEBUG org.asynchttpclient.netty.handler.HttpHandler - 

Request DefaultHttpRequest(decodeResult: success, version: HTTP/1.1)
POST /session/510f4e476a348551fb82d0556d2e7277/element/1a8653fb-669f-4477-b748-371002bbb02a/element HTTP/1.1
User-Agent: selenium/4.5.3 (java mac)
Content-Length: 106
Content-Type: application/json; charset=utf-8
host: localhost:7968
accept: */*

Response DefaultHttpResponse(decodeResult: success, version: HTTP/1.1)
HTTP/1.1 200 OK
Content-Length: 88
Content-Type: application/json; charset=utf-8
cache-control: no-cache

18:23:35.430 [AsyncHttpClient-1-3] DEBUG org.asynchttpclient.netty.channel.ChannelManager - Adding key: http://localhost:7968 for channel [id: 0xccfc25e2, L:/127.0.0.1:54604 - R:localhost/127.0.0.1:7968]
18:23:35.431 [Forwarding getElementText on session 510f4e476a348551fb82d0556d2e7277 to remote] DEBUG org.asynchttpclient.netty.request.NettyRequestSender - Using pooled Channel '[id: 0xccfc25e2, L:/127.0.0.1:54604 - R:localhost/127.0.0.1:7968]' for 'GET' to 'http://localhost:7968/session/510f4e476a348551fb82d0556d2e7277/element/9373189a-20ed-4d38-b581-244847b63641/text'
18:23:35.431 [Forwarding getElementText on session 510f4e476a348551fb82d0556d2e7277 to remote] DEBUG org.asynchttpclient.netty.request.NettyRequestSender - Using open Channel [id: 0xccfc25e2, L:/127.0.0.1:54604 - R:localhost/127.0.0.1:7968] for GET '/session/510f4e476a348551fb82d0556d2e7277/element/9373189a-20ed-4d38-b581-244847b63641/text'
18:23:35.521 [AsyncHttpClient-1-3] DEBUG org.asynchttpclient.netty.handler.HttpHandler - 

Request DefaultFullHttpRequest(decodeResult: success, version: HTTP/1.1, content: EmptyByteBufBE)
GET /session/510f4e476a348551fb82d0556d2e7277/element/9373189a-20ed-4d38-b581-244847b63641/text HTTP/1.1
User-Agent: selenium/4.5.3 (java mac)
Cache-Control: no-cache
Content-Type: application/json; charset=utf-8
host: localhost:7968
accept: */*

Response DefaultHttpResponse(decodeResult: success, version: HTTP/1.1)
HTTP/1.1 200 OK
Content-Length: 19
Content-Type: application/json; charset=utf-8
cache-control: no-cache

18:23:35.522 [AsyncHttpClient-1-3] DEBUG org.asynchttpclient.netty.channel.ChannelManager - Adding key: http://localhost:7968 for channel [id: 0xccfc25e2, L:/127.0.0.1:54604 - R:localhost/127.0.0.1:7968]
18:23:35.524 [Forwarding findChildElement on session 510f4e476a348551fb82d0556d2e7277 to remote] DEBUG org.asynchttpclient.netty.request.NettyRequestSender - Using pooled Channel '[id: 0xccfc25e2, L:/127.0.0.1:54604 - R:localhost/127.0.0.1:7968]' for 'POST' to 'http://localhost:7968/session/510f4e476a348551fb82d0556d2e7277/element/e57113eb-b68d-4369-9ac9-7b391839cd51/element'
18:23:35.524 [Forwarding findChildElement on session 510f4e476a348551fb82d0556d2e7277 to remote] DEBUG org.asynchttpclient.netty.request.NettyRequestSender - Using open Channel [id: 0xccfc25e2, L:/127.0.0.1:54604 - R:localhost/127.0.0.1:7968] for POST '/session/510f4e476a348551fb82d0556d2e7277/element/e57113eb-b68d-4369-9ac9-7b391839cd51/element'
18:23:35.551 [AsyncHttpClient-1-3] DEBUG org.asynchttpclient.netty.handler.HttpHandler - 

Request DefaultHttpRequest(decodeResult: success, version: HTTP/1.1)
POST /session/510f4e476a348551fb82d0556d2e7277/element/e57113eb-b68d-4369-9ac9-7b391839cd51/element HTTP/1.1
User-Agent: selenium/4.5.3 (java mac)
Content-Length: 106
Content-Type: application/json; charset=utf-8
host: localhost:7968
accept: */*

Response DefaultHttpResponse(decodeResult: success, version: HTTP/1.1)
HTTP/1.1 200 OK
Content-Length: 88
Content-Type: application/json; charset=utf-8
cache-control: no-cache

18:23:35.551 [AsyncHttpClient-1-3] DEBUG org.asynchttpclient.netty.channel.ChannelManager - Adding key: http://localhost:7968 for channel [id: 0xccfc25e2, L:/127.0.0.1:54604 - R:localhost/127.0.0.1:7968]
18:23:35.553 [Forwarding getElementText on session 510f4e476a348551fb82d0556d2e7277 to remote] DEBUG org.asynchttpclient.netty.request.NettyRequestSender - Using pooled Channel '[id: 0xccfc25e2, L:/127.0.0.1:54604 - R:localhost/127.0.0.1:7968]' for 'GET' to 'http://localhost:7968/session/510f4e476a348551fb82d0556d2e7277/element/addfe927-a6d7-475d-9fb8-772c8aa4d1c3/text'
18:23:35.553 [Forwarding getElementText on session 510f4e476a348551fb82d0556d2e7277 to remote] DEBUG org.asynchttpclient.netty.request.NettyRequestSender - Using open Channel [id: 0xccfc25e2, L:/127.0.0.1:54604 - R:localhost/127.0.0.1:7968] for GET '/session/510f4e476a348551fb82d0556d2e7277/element/addfe927-a6d7-475d-9fb8-772c8aa4d1c3/text'
18:23:35.611 [AsyncHttpClient-1-1] DEBUG org.asynchttpclient.netty.channel.DefaultChannelPool - Entry count for : http://localhost:5352 : 1
18:23:35.611 [AsyncHttpClient-1-1] DEBUG org.asynchttpclient.netty.channel.DefaultChannelPool - Entry count for : http://localhost:54610 : 1
18:23:35.618 [AsyncHttpClient-1-3] DEBUG org.asynchttpclient.netty.handler.HttpHandler - 

Request DefaultFullHttpRequest(decodeResult: success, version: HTTP/1.1, content: EmptyByteBufBE)
GET /session/510f4e476a348551fb82d0556d2e7277/element/addfe927-a6d7-475d-9fb8-772c8aa4d1c3/text HTTP/1.1
User-Agent: selenium/4.5.3 (java mac)
Cache-Control: no-cache
Content-Type: application/json; charset=utf-8
host: localhost:7968
accept: */*

Response DefaultHttpResponse(decodeResult: success, version: HTTP/1.1)
HTTP/1.1 200 OK
Content-Length: 92
Content-Type: application/json; charset=utf-8
cache-control: no-cache

18:23:35.618 [AsyncHttpClient-1-3] DEBUG org.asynchttpclient.netty.channel.ChannelManager - Adding key: http://localhost:7968 for channel [id: 0xccfc25e2, L:/127.0.0.1:54604 - R:localhost/127.0.0.1:7968]
18:23:35.623 [Forwarding findChildElement on session 510f4e476a348551fb82d0556d2e7277 to remote] DEBUG org.asynchttpclient.netty.request.NettyRequestSender - Using pooled Channel '[id: 0xccfc25e2, L:/127.0.0.1:54604 - R:localhost/127.0.0.1:7968]' for 'POST' to 'http://localhost:7968/session/510f4e476a348551fb82d0556d2e7277/element/e57113eb-b68d-4369-9ac9-7b391839cd51/element'
18:23:35.623 [Forwarding findChildElement on session 510f4e476a348551fb82d0556d2e7277 to remote] DEBUG org.asynchttpclient.netty.request.NettyRequestSender - Using open Channel [id: 0xccfc25e2, L:/127.0.0.1:54604 - R:localhost/127.0.0.1:7968] for POST '/session/510f4e476a348551fb82d0556d2e7277/element/e57113eb-b68d-4369-9ac9-7b391839cd51/element'
18:23:35.687 [AsyncHttpClient-1-3] DEBUG org.asynchttpclient.netty.handler.HttpHandler - 

Request DefaultHttpRequest(decodeResult: success, version: HTTP/1.1)
POST /session/510f4e476a348551fb82d0556d2e7277/element/e57113eb-b68d-4369-9ac9-7b391839cd51/element HTTP/1.1
User-Agent: selenium/4.5.3 (java mac)
Content-Length: 106
Content-Type: application/json; charset=utf-8
host: localhost:7968
accept: */*

Response DefaultHttpResponse(decodeResult: success, version: HTTP/1.1)
HTTP/1.1 200 OK
Content-Length: 88
Content-Type: application/json; charset=utf-8
cache-control: no-cache

18:23:35.688 [AsyncHttpClient-1-3] DEBUG org.asynchttpclient.netty.channel.ChannelManager - Adding key: http://localhost:7968 for channel [id: 0xccfc25e2, L:/127.0.0.1:54604 - R:localhost/127.0.0.1:7968]
18:23:35.688 [Forwarding getElementText on session 510f4e476a348551fb82d0556d2e7277 to remote] DEBUG org.asynchttpclient.netty.request.NettyRequestSender - Using pooled Channel '[id: 0xccfc25e2, L:/127.0.0.1:54604 - R:localhost/127.0.0.1:7968]' for 'GET' to 'http://localhost:7968/session/510f4e476a348551fb82d0556d2e7277/element/2a2b6c28-4c82-4d57-b034-3241b6891684/text'
18:23:35.688 [Forwarding getElementText on session 510f4e476a348551fb82d0556d2e7277 to remote] DEBUG org.asynchttpclient.netty.request.NettyRequestSender - Using open Channel [id: 0xccfc25e2, L:/127.0.0.1:54604 - R:localhost/127.0.0.1:7968] for GET '/session/510f4e476a348551fb82d0556d2e7277/element/2a2b6c28-4c82-4d57-b034-3241b6891684/text'
18:23:35.763 [AsyncHttpClient-1-3] DEBUG org.asynchttpclient.netty.handler.HttpHandler - 

Request DefaultFullHttpRequest(decodeResult: success, version: HTTP/1.1, content: EmptyByteBufBE)
GET /session/510f4e476a348551fb82d0556d2e7277/element/2a2b6c28-4c82-4d57-b034-3241b6891684/text HTTP/1.1
User-Agent: selenium/4.5.3 (java mac)
Cache-Control: no-cache
Content-Type: application/json; charset=utf-8
host: localhost:7968
accept: */*

Response DefaultHttpResponse(decodeResult: success, version: HTTP/1.1)
HTTP/1.1 200 OK
Content-Length: 19
Content-Type: application/json; charset=utf-8
cache-control: no-cache

18:23:35.763 [AsyncHttpClient-1-3] DEBUG org.asynchttpclient.netty.channel.ChannelManager - Adding key: http://localhost:7968 for channel [id: 0xccfc25e2, L:/127.0.0.1:54604 - R:localhost/127.0.0.1:7968]
18:23:35.765 [Forwarding findChildElement on session 510f4e476a348551fb82d0556d2e7277 to remote] DEBUG org.asynchttpclient.netty.request.NettyRequestSender - Using pooled Channel '[id: 0xccfc25e2, L:/127.0.0.1:54604 - R:localhost/127.0.0.1:7968]' for 'POST' to 'http://localhost:7968/session/510f4e476a348551fb82d0556d2e7277/element/ee13ac24-f087-4970-9ef2-e5e391f617b0/element'
18:23:35.765 [Forwarding findChildElement on session 510f4e476a348551fb82d0556d2e7277 to remote] DEBUG org.asynchttpclient.netty.request.NettyRequestSender - Using open Channel [id: 0xccfc25e2, L:/127.0.0.1:54604 - R:localhost/127.0.0.1:7968] for POST '/session/510f4e476a348551fb82d0556d2e7277/element/ee13ac24-f087-4970-9ef2-e5e391f617b0/element'
18:23:35.783 [AsyncHttpClient-1-3] DEBUG org.asynchttpclient.netty.handler.HttpHandler - 

Request DefaultHttpRequest(decodeResult: success, version: HTTP/1.1)
POST /session/510f4e476a348551fb82d0556d2e7277/element/ee13ac24-f087-4970-9ef2-e5e391f617b0/element HTTP/1.1
User-Agent: selenium/4.5.3 (java mac)
Content-Length: 106
Content-Type: application/json; charset=utf-8
host: localhost:7968
accept: */*

Response DefaultHttpResponse(decodeResult: success, version: HTTP/1.1)
HTTP/1.1 200 OK
Content-Length: 88
Content-Type: application/json; charset=utf-8
cache-control: no-cache

18:23:35.784 [AsyncHttpClient-1-3] DEBUG org.asynchttpclient.netty.channel.ChannelManager - Adding key: http://localhost:7968 for channel [id: 0xccfc25e2, L:/127.0.0.1:54604 - R:localhost/127.0.0.1:7968]
18:23:35.784 [Forwarding getElementText on session 510f4e476a348551fb82d0556d2e7277 to remote] DEBUG org.asynchttpclient.netty.request.NettyRequestSender - Using pooled Channel '[id: 0xccfc25e2, L:/127.0.0.1:54604 - R:localhost/127.0.0.1:7968]' for 'GET' to 'http://localhost:7968/session/510f4e476a348551fb82d0556d2e7277/element/66946922-6064-4648-bf8a-2b58d94ec146/text'
18:23:35.785 [Forwarding getElementText on session 510f4e476a348551fb82d0556d2e7277 to remote] DEBUG org.asynchttpclient.netty.request.NettyRequestSender - Using open Channel [id: 0xccfc25e2, L:/127.0.0.1:54604 - R:localhost/127.0.0.1:7968] for GET '/session/510f4e476a348551fb82d0556d2e7277/element/66946922-6064-4648-bf8a-2b58d94ec146/text'
18:23:35.803 [AsyncHttpClient-1-3] DEBUG org.asynchttpclient.netty.handler.HttpHandler - 

Request DefaultFullHttpRequest(decodeResult: success, version: HTTP/1.1, content: EmptyByteBufBE)
GET /session/510f4e476a348551fb82d0556d2e7277/element/66946922-6064-4648-bf8a-2b58d94ec146/text HTTP/1.1
User-Agent: selenium/4.5.3 (java mac)
Cache-Control: no-cache
Content-Type: application/json; charset=utf-8
host: localhost:7968
accept: */*

Response DefaultHttpResponse(decodeResult: success, version: HTTP/1.1)
HTTP/1.1 200 OK
Content-Length: 87
Content-Type: application/json; charset=utf-8
cache-control: no-cache

18:23:35.804 [AsyncHttpClient-1-3] DEBUG org.asynchttpclient.netty.channel.ChannelManager - Adding key: http://localhost:7968 for channel [id: 0xccfc25e2, L:/127.0.0.1:54604 - R:localhost/127.0.0.1:7968]
18:23:35.809 [Forwarding findChildElement on session 510f4e476a348551fb82d0556d2e7277 to remote] DEBUG org.asynchttpclient.netty.request.NettyRequestSender - Using pooled Channel '[id: 0xccfc25e2, L:/127.0.0.1:54604 - R:localhost/127.0.0.1:7968]' for 'POST' to 'http://localhost:7968/session/510f4e476a348551fb82d0556d2e7277/element/ee13ac24-f087-4970-9ef2-e5e391f617b0/element'
18:23:35.809 [Forwarding findChildElement on session 510f4e476a348551fb82d0556d2e7277 to remote] DEBUG org.asynchttpclient.netty.request.NettyRequestSender - Using open Channel [id: 0xccfc25e2, L:/127.0.0.1:54604 - R:localhost/127.0.0.1:7968] for POST '/session/510f4e476a348551fb82d0556d2e7277/element/ee13ac24-f087-4970-9ef2-e5e391f617b0/element'
18:23:35.827 [AsyncHttpClient-1-3] DEBUG org.asynchttpclient.netty.handler.HttpHandler - 

Request DefaultHttpRequest(decodeResult: success, version: HTTP/1.1)
POST /session/510f4e476a348551fb82d0556d2e7277/element/ee13ac24-f087-4970-9ef2-e5e391f617b0/element HTTP/1.1
User-Agent: selenium/4.5.3 (java mac)
Content-Length: 106
Content-Type: application/json; charset=utf-8
host: localhost:7968
accept: */*

Response DefaultHttpResponse(decodeResult: success, version: HTTP/1.1)
HTTP/1.1 200 OK
Content-Length: 88
Content-Type: application/json; charset=utf-8
cache-control: no-cache

18:23:35.827 [AsyncHttpClient-1-3] DEBUG org.asynchttpclient.netty.channel.ChannelManager - Adding key: http://localhost:7968 for channel [id: 0xccfc25e2, L:/127.0.0.1:54604 - R:localhost/127.0.0.1:7968]
18:23:35.832 [Forwarding getElementText on session 510f4e476a348551fb82d0556d2e7277 to remote] DEBUG org.asynchttpclient.netty.request.NettyRequestSender - Using pooled Channel '[id: 0xccfc25e2, L:/127.0.0.1:54604 - R:localhost/127.0.0.1:7968]' for 'GET' to 'http://localhost:7968/session/510f4e476a348551fb82d0556d2e7277/element/a2224fb0-b076-4e21-9186-9527f0e3e1d8/text'
18:23:35.832 [Forwarding getElementText on session 510f4e476a348551fb82d0556d2e7277 to remote] DEBUG org.asynchttpclient.netty.request.NettyRequestSender - Using open Channel [id: 0xccfc25e2, L:/127.0.0.1:54604 - R:localhost/127.0.0.1:7968] for GET '/session/510f4e476a348551fb82d0556d2e7277/element/a2224fb0-b076-4e21-9186-9527f0e3e1d8/text'
18:23:35.861 [AsyncHttpClient-1-3] DEBUG org.asynchttpclient.netty.handler.HttpHandler - 

Request DefaultFullHttpRequest(decodeResult: success, version: HTTP/1.1, content: EmptyByteBufBE)
GET /session/510f4e476a348551fb82d0556d2e7277/element/a2224fb0-b076-4e21-9186-9527f0e3e1d8/text HTTP/1.1
User-Agent: selenium/4.5.3 (java mac)
Cache-Control: no-cache
Content-Type: application/json; charset=utf-8
host: localhost:7968
accept: */*

Response DefaultHttpResponse(decodeResult: success, version: HTTP/1.1)
HTTP/1.1 200 OK
Content-Length: 19
Content-Type: application/json; charset=utf-8
cache-control: no-cache

18:23:35.861 [AsyncHttpClient-1-3] DEBUG org.asynchttpclient.netty.channel.ChannelManager - Adding key: http://localhost:7968 for channel [id: 0xccfc25e2, L:/127.0.0.1:54604 - R:localhost/127.0.0.1:7968]
18:23:35.862 [Forwarding findChildElement on session 510f4e476a348551fb82d0556d2e7277 to remote] DEBUG org.asynchttpclient.netty.request.NettyRequestSender - Using pooled Channel '[id: 0xccfc25e2, L:/127.0.0.1:54604 - R:localhost/127.0.0.1:7968]' for 'POST' to 'http://localhost:7968/session/510f4e476a348551fb82d0556d2e7277/element/de48ff6b-5d12-4007-a781-58a580084592/element'
18:23:35.862 [Forwarding findChildElement on session 510f4e476a348551fb82d0556d2e7277 to remote] DEBUG org.asynchttpclient.netty.request.NettyRequestSender - Using open Channel [id: 0xccfc25e2, L:/127.0.0.1:54604 - R:localhost/127.0.0.1:7968] for POST '/session/510f4e476a348551fb82d0556d2e7277/element/de48ff6b-5d12-4007-a781-58a580084592/element'
18:23:35.911 [AsyncHttpClient-1-3] DEBUG org.asynchttpclient.netty.handler.HttpHandler - 

Request DefaultHttpRequest(decodeResult: success, version: HTTP/1.1)
POST /session/510f4e476a348551fb82d0556d2e7277/element/de48ff6b-5d12-4007-a781-58a580084592/element HTTP/1.1
User-Agent: selenium/4.5.3 (java mac)
Content-Length: 106
Content-Type: application/json; charset=utf-8
host: localhost:7968
accept: */*

Response DefaultHttpResponse(decodeResult: success, version: HTTP/1.1)
HTTP/1.1 200 OK
Content-Length: 88
Content-Type: application/json; charset=utf-8
cache-control: no-cache

18:23:35.911 [AsyncHttpClient-1-3] DEBUG org.asynchttpclient.netty.channel.ChannelManager - Adding key: http://localhost:7968 for channel [id: 0xccfc25e2, L:/127.0.0.1:54604 - R:localhost/127.0.0.1:7968]
18:23:35.912 [Forwarding getElementText on session 510f4e476a348551fb82d0556d2e7277 to remote] DEBUG org.asynchttpclient.netty.request.NettyRequestSender - Using pooled Channel '[id: 0xccfc25e2, L:/127.0.0.1:54604 - R:localhost/127.0.0.1:7968]' for 'GET' to 'http://localhost:7968/session/510f4e476a348551fb82d0556d2e7277/element/17968c85-36df-4f86-83c9-04aa76a2d426/text'
18:23:35.912 [Forwarding getElementText on session 510f4e476a348551fb82d0556d2e7277 to remote] DEBUG org.asynchttpclient.netty.request.NettyRequestSender - Using open Channel [id: 0xccfc25e2, L:/127.0.0.1:54604 - R:localhost/127.0.0.1:7968] for GET '/session/510f4e476a348551fb82d0556d2e7277/element/17968c85-36df-4f86-83c9-04aa76a2d426/text'
18:23:35.950 [AsyncHttpClient-1-3] DEBUG org.asynchttpclient.netty.handler.HttpHandler - 

Request DefaultFullHttpRequest(decodeResult: success, version: HTTP/1.1, content: EmptyByteBufBE)
GET /session/510f4e476a348551fb82d0556d2e7277/element/17968c85-36df-4f86-83c9-04aa76a2d426/text HTTP/1.1
User-Agent: selenium/4.5.3 (java mac)
Cache-Control: no-cache
Content-Type: application/json; charset=utf-8
host: localhost:7968
accept: */*

Response DefaultHttpResponse(decodeResult: success, version: HTTP/1.1)
HTTP/1.1 200 OK
Content-Length: 80
Content-Type: application/json; charset=utf-8
cache-control: no-cache

18:23:35.950 [AsyncHttpClient-1-3] DEBUG org.asynchttpclient.netty.channel.ChannelManager - Adding key: http://localhost:7968 for channel [id: 0xccfc25e2, L:/127.0.0.1:54604 - R:localhost/127.0.0.1:7968]
18:23:35.952 [Forwarding findChildElement on session 510f4e476a348551fb82d0556d2e7277 to remote] DEBUG org.asynchttpclient.netty.request.NettyRequestSender - Using pooled Channel '[id: 0xccfc25e2, L:/127.0.0.1:54604 - R:localhost/127.0.0.1:7968]' for 'POST' to 'http://localhost:7968/session/510f4e476a348551fb82d0556d2e7277/element/de48ff6b-5d12-4007-a781-58a580084592/element'
18:23:35.952 [Forwarding findChildElement on session 510f4e476a348551fb82d0556d2e7277 to remote] DEBUG org.asynchttpclient.netty.request.NettyRequestSender - Using open Channel [id: 0xccfc25e2, L:/127.0.0.1:54604 - R:localhost/127.0.0.1:7968] for POST '/session/510f4e476a348551fb82d0556d2e7277/element/de48ff6b-5d12-4007-a781-58a580084592/element'
18:23:36.004 [AsyncHttpClient-1-3] DEBUG org.asynchttpclient.netty.handler.HttpHandler - 

Request DefaultHttpRequest(decodeResult: success, version: HTTP/1.1)
POST /session/510f4e476a348551fb82d0556d2e7277/element/de48ff6b-5d12-4007-a781-58a580084592/element HTTP/1.1
User-Agent: selenium/4.5.3 (java mac)
Content-Length: 106
Content-Type: application/json; charset=utf-8
host: localhost:7968
accept: */*

Response DefaultHttpResponse(decodeResult: success, version: HTTP/1.1)
HTTP/1.1 200 OK
Content-Length: 88
Content-Type: application/json; charset=utf-8
cache-control: no-cache

18:23:36.004 [AsyncHttpClient-1-3] DEBUG org.asynchttpclient.netty.channel.ChannelManager - Adding key: http://localhost:7968 for channel [id: 0xccfc25e2, L:/127.0.0.1:54604 - R:localhost/127.0.0.1:7968]
18:23:36.005 [Forwarding getElementText on session 510f4e476a348551fb82d0556d2e7277 to remote] DEBUG org.asynchttpclient.netty.request.NettyRequestSender - Using pooled Channel '[id: 0xccfc25e2, L:/127.0.0.1:54604 - R:localhost/127.0.0.1:7968]' for 'GET' to 'http://localhost:7968/session/510f4e476a348551fb82d0556d2e7277/element/7992c548-b9f8-4f9a-96c6-db8e45e5ec1a/text'
18:23:36.005 [Forwarding getElementText on session 510f4e476a348551fb82d0556d2e7277 to remote] DEBUG org.asynchttpclient.netty.request.NettyRequestSender - Using open Channel [id: 0xccfc25e2, L:/127.0.0.1:54604 - R:localhost/127.0.0.1:7968] for GET '/session/510f4e476a348551fb82d0556d2e7277/element/7992c548-b9f8-4f9a-96c6-db8e45e5ec1a/text'
18:23:36.057 [AsyncHttpClient-1-3] DEBUG org.asynchttpclient.netty.handler.HttpHandler - 

Request DefaultFullHttpRequest(decodeResult: success, version: HTTP/1.1, content: EmptyByteBufBE)
GET /session/510f4e476a348551fb82d0556d2e7277/element/7992c548-b9f8-4f9a-96c6-db8e45e5ec1a/text HTTP/1.1
User-Agent: selenium/4.5.3 (java mac)
Cache-Control: no-cache
Content-Type: application/json; charset=utf-8
host: localhost:7968
accept: */*

Response DefaultHttpResponse(decodeResult: success, version: HTTP/1.1)
HTTP/1.1 200 OK
Content-Length: 30
Content-Type: application/json; charset=utf-8
cache-control: no-cache

18:23:36.058 [AsyncHttpClient-1-3] DEBUG org.asynchttpclient.netty.channel.ChannelManager - Adding key: http://localhost:7968 for channel [id: 0xccfc25e2, L:/127.0.0.1:54604 - R:localhost/127.0.0.1:7968]
18:23:36.058 [Forwarding findChildElement on session 510f4e476a348551fb82d0556d2e7277 to remote] DEBUG org.asynchttpclient.netty.request.NettyRequestSender - Using pooled Channel '[id: 0xccfc25e2, L:/127.0.0.1:54604 - R:localhost/127.0.0.1:7968]' for 'POST' to 'http://localhost:7968/session/510f4e476a348551fb82d0556d2e7277/element/78bed8bd-ec67-4e83-80e7-83c930c8a3b5/element'
18:23:36.059 [Forwarding findChildElement on session 510f4e476a348551fb82d0556d2e7277 to remote] DEBUG org.asynchttpclient.netty.request.NettyRequestSender - Using open Channel [id: 0xccfc25e2, L:/127.0.0.1:54604 - R:localhost/127.0.0.1:7968] for POST '/session/510f4e476a348551fb82d0556d2e7277/element/78bed8bd-ec67-4e83-80e7-83c930c8a3b5/element'
18:23:36.087 [AsyncHttpClient-1-3] DEBUG org.asynchttpclient.netty.handler.HttpHandler - 

Request DefaultHttpRequest(decodeResult: success, version: HTTP/1.1)
POST /session/510f4e476a348551fb82d0556d2e7277/element/78bed8bd-ec67-4e83-80e7-83c930c8a3b5/element HTTP/1.1
User-Agent: selenium/4.5.3 (java mac)
Content-Length: 106
Content-Type: application/json; charset=utf-8
host: localhost:7968
accept: */*

Response DefaultHttpResponse(decodeResult: success, version: HTTP/1.1)
HTTP/1.1 200 OK
Content-Length: 88
Content-Type: application/json; charset=utf-8
cache-control: no-cache

18:23:36.090 [AsyncHttpClient-1-3] DEBUG org.asynchttpclient.netty.channel.ChannelManager - Adding key: http://localhost:7968 for channel [id: 0xccfc25e2, L:/127.0.0.1:54604 - R:localhost/127.0.0.1:7968]
18:23:36.091 [Forwarding getElementText on session 510f4e476a348551fb82d0556d2e7277 to remote] DEBUG org.asynchttpclient.netty.request.NettyRequestSender - Using pooled Channel '[id: 0xccfc25e2, L:/127.0.0.1:54604 - R:localhost/127.0.0.1:7968]' for 'GET' to 'http://localhost:7968/session/510f4e476a348551fb82d0556d2e7277/element/e5b79558-a66c-42cd-b097-86e77236d465/text'
18:23:36.091 [Forwarding getElementText on session 510f4e476a348551fb82d0556d2e7277 to remote] DEBUG org.asynchttpclient.netty.request.NettyRequestSender - Using open Channel [id: 0xccfc25e2, L:/127.0.0.1:54604 - R:localhost/127.0.0.1:7968] for GET '/session/510f4e476a348551fb82d0556d2e7277/element/e5b79558-a66c-42cd-b097-86e77236d465/text'
18:23:36.121 [AsyncHttpClient-1-3] DEBUG org.asynchttpclient.netty.handler.HttpHandler - 

Request DefaultFullHttpRequest(decodeResult: success, version: HTTP/1.1, content: EmptyByteBufBE)
GET /session/510f4e476a348551fb82d0556d2e7277/element/e5b79558-a66c-42cd-b097-86e77236d465/text HTTP/1.1
User-Agent: selenium/4.5.3 (java mac)
Cache-Control: no-cache
Content-Type: application/json; charset=utf-8
host: localhost:7968
accept: */*

Response DefaultHttpResponse(decodeResult: success, version: HTTP/1.1)
HTTP/1.1 200 OK
Content-Length: 69
Content-Type: application/json; charset=utf-8
cache-control: no-cache

18:23:36.122 [AsyncHttpClient-1-3] DEBUG org.asynchttpclient.netty.channel.ChannelManager - Adding key: http://localhost:7968 for channel [id: 0xccfc25e2, L:/127.0.0.1:54604 - R:localhost/127.0.0.1:7968]
18:23:36.123 [Forwarding findChildElement on session 510f4e476a348551fb82d0556d2e7277 to remote] DEBUG org.asynchttpclient.netty.request.NettyRequestSender - Using pooled Channel '[id: 0xccfc25e2, L:/127.0.0.1:54604 - R:localhost/127.0.0.1:7968]' for 'POST' to 'http://localhost:7968/session/510f4e476a348551fb82d0556d2e7277/element/78bed8bd-ec67-4e83-80e7-83c930c8a3b5/element'
18:23:36.123 [Forwarding findChildElement on session 510f4e476a348551fb82d0556d2e7277 to remote] DEBUG org.asynchttpclient.netty.request.NettyRequestSender - Using open Channel [id: 0xccfc25e2, L:/127.0.0.1:54604 - R:localhost/127.0.0.1:7968] for POST '/session/510f4e476a348551fb82d0556d2e7277/element/78bed8bd-ec67-4e83-80e7-83c930c8a3b5/element'
18:23:36.144 [AsyncHttpClient-1-3] DEBUG org.asynchttpclient.netty.handler.HttpHandler - 

Request DefaultHttpRequest(decodeResult: success, version: HTTP/1.1)
POST /session/510f4e476a348551fb82d0556d2e7277/element/78bed8bd-ec67-4e83-80e7-83c930c8a3b5/element HTTP/1.1
User-Agent: selenium/4.5.3 (java mac)
Content-Length: 106
Content-Type: application/json; charset=utf-8
host: localhost:7968
accept: */*

Response DefaultHttpResponse(decodeResult: success, version: HTTP/1.1)
HTTP/1.1 200 OK
Content-Length: 88
Content-Type: application/json; charset=utf-8
cache-control: no-cache

18:23:36.144 [AsyncHttpClient-1-3] DEBUG org.asynchttpclient.netty.channel.ChannelManager - Adding key: http://localhost:7968 for channel [id: 0xccfc25e2, L:/127.0.0.1:54604 - R:localhost/127.0.0.1:7968]
18:23:36.145 [Forwarding getElementText on session 510f4e476a348551fb82d0556d2e7277 to remote] DEBUG org.asynchttpclient.netty.request.NettyRequestSender - Using pooled Channel '[id: 0xccfc25e2, L:/127.0.0.1:54604 - R:localhost/127.0.0.1:7968]' for 'GET' to 'http://localhost:7968/session/510f4e476a348551fb82d0556d2e7277/element/ca94161e-84f8-4de0-ba94-37738bd7bfe6/text'
18:23:36.145 [Forwarding getElementText on session 510f4e476a348551fb82d0556d2e7277 to remote] DEBUG org.asynchttpclient.netty.request.NettyRequestSender - Using open Channel [id: 0xccfc25e2, L:/127.0.0.1:54604 - R:localhost/127.0.0.1:7968] for GET '/session/510f4e476a348551fb82d0556d2e7277/element/ca94161e-84f8-4de0-ba94-37738bd7bfe6/text'
18:23:36.199 [AsyncHttpClient-1-3] DEBUG org.asynchttpclient.netty.handler.HttpHandler - 

Request DefaultFullHttpRequest(decodeResult: success, version: HTTP/1.1, content: EmptyByteBufBE)
GET /session/510f4e476a348551fb82d0556d2e7277/element/ca94161e-84f8-4de0-ba94-37738bd7bfe6/text HTTP/1.1
User-Agent: selenium/4.5.3 (java mac)
Cache-Control: no-cache
Content-Type: application/json; charset=utf-8
host: localhost:7968
accept: */*

Response DefaultHttpResponse(decodeResult: success, version: HTTP/1.1)
HTTP/1.1 200 OK
Content-Length: 19
Content-Type: application/json; charset=utf-8
cache-control: no-cache

18:23:36.199 [AsyncHttpClient-1-3] DEBUG org.asynchttpclient.netty.channel.ChannelManager - Adding key: http://localhost:7968 for channel [id: 0xccfc25e2, L:/127.0.0.1:54604 - R:localhost/127.0.0.1:7968]
18:23:36.202 [Forwarding findChildElement on session 510f4e476a348551fb82d0556d2e7277 to remote] DEBUG org.asynchttpclient.netty.request.NettyRequestSender - Using pooled Channel '[id: 0xccfc25e2, L:/127.0.0.1:54604 - R:localhost/127.0.0.1:7968]' for 'POST' to 'http://localhost:7968/session/510f4e476a348551fb82d0556d2e7277/element/71c5cf9a-e2f5-4d3a-8c60-d28a6898c833/element'
18:23:36.202 [Forwarding findChildElement on session 510f4e476a348551fb82d0556d2e7277 to remote] DEBUG org.asynchttpclient.netty.request.NettyRequestSender - Using open Channel [id: 0xccfc25e2, L:/127.0.0.1:54604 - R:localhost/127.0.0.1:7968] for POST '/session/510f4e476a348551fb82d0556d2e7277/element/71c5cf9a-e2f5-4d3a-8c60-d28a6898c833/element'
18:23:36.251 [AsyncHttpClient-1-3] DEBUG org.asynchttpclient.netty.handler.HttpHandler - 

Request DefaultHttpRequest(decodeResult: success, version: HTTP/1.1)
POST /session/510f4e476a348551fb82d0556d2e7277/element/71c5cf9a-e2f5-4d3a-8c60-d28a6898c833/element HTTP/1.1
User-Agent: selenium/4.5.3 (java mac)
Content-Length: 106
Content-Type: application/json; charset=utf-8
host: localhost:7968
accept: */*

Response DefaultHttpResponse(decodeResult: success, version: HTTP/1.1)
HTTP/1.1 200 OK
Content-Length: 88
Content-Type: application/json; charset=utf-8
cache-control: no-cache

18:23:36.251 [AsyncHttpClient-1-3] DEBUG org.asynchttpclient.netty.channel.ChannelManager - Adding key: http://localhost:7968 for channel [id: 0xccfc25e2, L:/127.0.0.1:54604 - R:localhost/127.0.0.1:7968]
18:23:36.252 [Forwarding getElementText on session 510f4e476a348551fb82d0556d2e7277 to remote] DEBUG org.asynchttpclient.netty.request.NettyRequestSender - Using pooled Channel '[id: 0xccfc25e2, L:/127.0.0.1:54604 - R:localhost/127.0.0.1:7968]' for 'GET' to 'http://localhost:7968/session/510f4e476a348551fb82d0556d2e7277/element/b53348b4-6c80-413f-b4a7-a806f95d7213/text'
18:23:36.252 [Forwarding getElementText on session 510f4e476a348551fb82d0556d2e7277 to remote] DEBUG org.asynchttpclient.netty.request.NettyRequestSender - Using open Channel [id: 0xccfc25e2, L:/127.0.0.1:54604 - R:localhost/127.0.0.1:7968] for GET '/session/510f4e476a348551fb82d0556d2e7277/element/b53348b4-6c80-413f-b4a7-a806f95d7213/text'
18:23:36.275 [AsyncHttpClient-1-3] DEBUG org.asynchttpclient.netty.handler.HttpHandler - 

Request DefaultFullHttpRequest(decodeResult: success, version: HTTP/1.1, content: EmptyByteBufBE)
GET /session/510f4e476a348551fb82d0556d2e7277/element/b53348b4-6c80-413f-b4a7-a806f95d7213/text HTTP/1.1
User-Agent: selenium/4.5.3 (java mac)
Cache-Control: no-cache
Content-Type: application/json; charset=utf-8
host: localhost:7968
accept: */*

Response DefaultHttpResponse(decodeResult: success, version: HTTP/1.1)
HTTP/1.1 200 OK
Content-Length: 88
Content-Type: application/json; charset=utf-8
cache-control: no-cache

18:23:36.276 [AsyncHttpClient-1-3] DEBUG org.asynchttpclient.netty.channel.ChannelManager - Adding key: http://localhost:7968 for channel [id: 0xccfc25e2, L:/127.0.0.1:54604 - R:localhost/127.0.0.1:7968]
18:23:36.286 [Forwarding findChildElement on session 510f4e476a348551fb82d0556d2e7277 to remote] DEBUG org.asynchttpclient.netty.request.NettyRequestSender - Using pooled Channel '[id: 0xccfc25e2, L:/127.0.0.1:54604 - R:localhost/127.0.0.1:7968]' for 'POST' to 'http://localhost:7968/session/510f4e476a348551fb82d0556d2e7277/element/71c5cf9a-e2f5-4d3a-8c60-d28a6898c833/element'
18:23:36.286 [Forwarding findChildElement on session 510f4e476a348551fb82d0556d2e7277 to remote] DEBUG org.asynchttpclient.netty.request.NettyRequestSender - Using open Channel [id: 0xccfc25e2, L:/127.0.0.1:54604 - R:localhost/127.0.0.1:7968] for POST '/session/510f4e476a348551fb82d0556d2e7277/element/71c5cf9a-e2f5-4d3a-8c60-d28a6898c833/element'
18:23:36.300 [AsyncHttpClient-1-3] DEBUG org.asynchttpclient.netty.handler.HttpHandler - 

Request DefaultHttpRequest(decodeResult: success, version: HTTP/1.1)
POST /session/510f4e476a348551fb82d0556d2e7277/element/71c5cf9a-e2f5-4d3a-8c60-d28a6898c833/element HTTP/1.1
User-Agent: selenium/4.5.3 (java mac)
Content-Length: 106
Content-Type: application/json; charset=utf-8
host: localhost:7968
accept: */*

Response DefaultHttpResponse(decodeResult: success, version: HTTP/1.1)
HTTP/1.1 200 OK
Content-Length: 88
Content-Type: application/json; charset=utf-8
cache-control: no-cache

18:23:36.302 [AsyncHttpClient-1-3] DEBUG org.asynchttpclient.netty.channel.ChannelManager - Adding key: http://localhost:7968 for channel [id: 0xccfc25e2, L:/127.0.0.1:54604 - R:localhost/127.0.0.1:7968]
18:23:36.306 [Forwarding getElementText on session 510f4e476a348551fb82d0556d2e7277 to remote] DEBUG org.asynchttpclient.netty.request.NettyRequestSender - Using pooled Channel '[id: 0xccfc25e2, L:/127.0.0.1:54604 - R:localhost/127.0.0.1:7968]' for 'GET' to 'http://localhost:7968/session/510f4e476a348551fb82d0556d2e7277/element/410f7240-ed39-4ccc-9d38-fe0a9bc9d90b/text'
18:23:36.306 [Forwarding getElementText on session 510f4e476a348551fb82d0556d2e7277 to remote] DEBUG org.asynchttpclient.netty.request.NettyRequestSender - Using open Channel [id: 0xccfc25e2, L:/127.0.0.1:54604 - R:localhost/127.0.0.1:7968] for GET '/session/510f4e476a348551fb82d0556d2e7277/element/410f7240-ed39-4ccc-9d38-fe0a9bc9d90b/text'
18:23:36.362 [AsyncHttpClient-1-3] DEBUG org.asynchttpclient.netty.handler.HttpHandler - 

Request DefaultFullHttpRequest(decodeResult: success, version: HTTP/1.1, content: EmptyByteBufBE)
GET /session/510f4e476a348551fb82d0556d2e7277/element/410f7240-ed39-4ccc-9d38-fe0a9bc9d90b/text HTTP/1.1
User-Agent: selenium/4.5.3 (java mac)
Cache-Control: no-cache
Content-Type: application/json; charset=utf-8
host: localhost:7968
accept: */*

Response DefaultHttpResponse(decodeResult: success, version: HTTP/1.1)
HTTP/1.1 200 OK
Content-Length: 30
Content-Type: application/json; charset=utf-8
cache-control: no-cache

18:23:36.362 [AsyncHttpClient-1-3] DEBUG org.asynchttpclient.netty.channel.ChannelManager - Adding key: http://localhost:7968 for channel [id: 0xccfc25e2, L:/127.0.0.1:54604 - R:localhost/127.0.0.1:7968]
18:23:36.363 [Forwarding findChildElement on session 510f4e476a348551fb82d0556d2e7277 to remote] DEBUG org.asynchttpclient.netty.request.NettyRequestSender - Using pooled Channel '[id: 0xccfc25e2, L:/127.0.0.1:54604 - R:localhost/127.0.0.1:7968]' for 'POST' to 'http://localhost:7968/session/510f4e476a348551fb82d0556d2e7277/element/9efbcbef-4fbb-4fdf-aee9-f7f8d5d17afb/element'
18:23:36.364 [Forwarding findChildElement on session 510f4e476a348551fb82d0556d2e7277 to remote] DEBUG org.asynchttpclient.netty.request.NettyRequestSender - Using open Channel [id: 0xccfc25e2, L:/127.0.0.1:54604 - R:localhost/127.0.0.1:7968] for POST '/session/510f4e476a348551fb82d0556d2e7277/element/9efbcbef-4fbb-4fdf-aee9-f7f8d5d17afb/element'
18:23:36.381 [AsyncHttpClient-1-3] DEBUG org.asynchttpclient.netty.handler.HttpHandler - 

Request DefaultHttpRequest(decodeResult: success, version: HTTP/1.1)
POST /session/510f4e476a348551fb82d0556d2e7277/element/9efbcbef-4fbb-4fdf-aee9-f7f8d5d17afb/element HTTP/1.1
User-Agent: selenium/4.5.3 (java mac)
Content-Length: 106
Content-Type: application/json; charset=utf-8
host: localhost:7968
accept: */*

Response DefaultHttpResponse(decodeResult: success, version: HTTP/1.1)
HTTP/1.1 200 OK
Content-Length: 88
Content-Type: application/json; charset=utf-8
cache-control: no-cache

18:23:36.381 [AsyncHttpClient-1-3] DEBUG org.asynchttpclient.netty.channel.ChannelManager - Adding key: http://localhost:7968 for channel [id: 0xccfc25e2, L:/127.0.0.1:54604 - R:localhost/127.0.0.1:7968]
18:23:36.382 [Forwarding getElementText on session 510f4e476a348551fb82d0556d2e7277 to remote] DEBUG org.asynchttpclient.netty.request.NettyRequestSender - Using pooled Channel '[id: 0xccfc25e2, L:/127.0.0.1:54604 - R:localhost/127.0.0.1:7968]' for 'GET' to 'http://localhost:7968/session/510f4e476a348551fb82d0556d2e7277/element/4a21dde6-d8fe-42fc-b5ed-3d8d9a428ffe/text'
18:23:36.382 [Forwarding getElementText on session 510f4e476a348551fb82d0556d2e7277 to remote] DEBUG org.asynchttpclient.netty.request.NettyRequestSender - Using open Channel [id: 0xccfc25e2, L:/127.0.0.1:54604 - R:localhost/127.0.0.1:7968] for GET '/session/510f4e476a348551fb82d0556d2e7277/element/4a21dde6-d8fe-42fc-b5ed-3d8d9a428ffe/text'
18:23:36.420 [AsyncHttpClient-1-3] DEBUG org.asynchttpclient.netty.handler.HttpHandler - 

Request DefaultFullHttpRequest(decodeResult: success, version: HTTP/1.1, content: EmptyByteBufBE)
GET /session/510f4e476a348551fb82d0556d2e7277/element/4a21dde6-d8fe-42fc-b5ed-3d8d9a428ffe/text HTTP/1.1
User-Agent: selenium/4.5.3 (java mac)
Cache-Control: no-cache
Content-Type: application/json; charset=utf-8
host: localhost:7968
accept: */*

Response DefaultHttpResponse(decodeResult: success, version: HTTP/1.1)
HTTP/1.1 200 OK
Content-Length: 89
Content-Type: application/json; charset=utf-8
cache-control: no-cache

18:23:36.420 [AsyncHttpClient-1-3] DEBUG org.asynchttpclient.netty.channel.ChannelManager - Adding key: http://localhost:7968 for channel [id: 0xccfc25e2, L:/127.0.0.1:54604 - R:localhost/127.0.0.1:7968]
18:23:36.422 [Forwarding findChildElement on session 510f4e476a348551fb82d0556d2e7277 to remote] DEBUG org.asynchttpclient.netty.request.NettyRequestSender - Using pooled Channel '[id: 0xccfc25e2, L:/127.0.0.1:54604 - R:localhost/127.0.0.1:7968]' for 'POST' to 'http://localhost:7968/session/510f4e476a348551fb82d0556d2e7277/element/9efbcbef-4fbb-4fdf-aee9-f7f8d5d17afb/element'
18:23:36.422 [Forwarding findChildElement on session 510f4e476a348551fb82d0556d2e7277 to remote] DEBUG org.asynchttpclient.netty.request.NettyRequestSender - Using open Channel [id: 0xccfc25e2, L:/127.0.0.1:54604 - R:localhost/127.0.0.1:7968] for POST '/session/510f4e476a348551fb82d0556d2e7277/element/9efbcbef-4fbb-4fdf-aee9-f7f8d5d17afb/element'
18:23:36.432 [AsyncHttpClient-1-3] DEBUG org.asynchttpclient.netty.handler.HttpHandler - 

Request DefaultHttpRequest(decodeResult: success, version: HTTP/1.1)
POST /session/510f4e476a348551fb82d0556d2e7277/element/9efbcbef-4fbb-4fdf-aee9-f7f8d5d17afb/element HTTP/1.1
User-Agent: selenium/4.5.3 (java mac)
Content-Length: 106
Content-Type: application/json; charset=utf-8
host: localhost:7968
accept: */*

Response DefaultHttpResponse(decodeResult: success, version: HTTP/1.1)
HTTP/1.1 200 OK
Content-Length: 88
Content-Type: application/json; charset=utf-8
cache-control: no-cache

18:23:36.432 [AsyncHttpClient-1-3] DEBUG org.asynchttpclient.netty.channel.ChannelManager - Adding key: http://localhost:7968 for channel [id: 0xccfc25e2, L:/127.0.0.1:54604 - R:localhost/127.0.0.1:7968]
18:23:36.433 [Forwarding getElementText on session 510f4e476a348551fb82d0556d2e7277 to remote] DEBUG org.asynchttpclient.netty.request.NettyRequestSender - Using pooled Channel '[id: 0xccfc25e2, L:/127.0.0.1:54604 - R:localhost/127.0.0.1:7968]' for 'GET' to 'http://localhost:7968/session/510f4e476a348551fb82d0556d2e7277/element/4c108f1e-ba4e-48cc-803b-b10add035eec/text'
18:23:36.433 [Forwarding getElementText on session 510f4e476a348551fb82d0556d2e7277 to remote] DEBUG org.asynchttpclient.netty.request.NettyRequestSender - Using open Channel [id: 0xccfc25e2, L:/127.0.0.1:54604 - R:localhost/127.0.0.1:7968] for GET '/session/510f4e476a348551fb82d0556d2e7277/element/4c108f1e-ba4e-48cc-803b-b10add035eec/text'
18:23:36.480 [AsyncHttpClient-1-3] DEBUG org.asynchttpclient.netty.handler.HttpHandler - 

Request DefaultFullHttpRequest(decodeResult: success, version: HTTP/1.1, content: EmptyByteBufBE)
GET /session/510f4e476a348551fb82d0556d2e7277/element/4c108f1e-ba4e-48cc-803b-b10add035eec/text HTTP/1.1
User-Agent: selenium/4.5.3 (java mac)
Cache-Control: no-cache
Content-Type: application/json; charset=utf-8
host: localhost:7968
accept: */*

Response DefaultHttpResponse(decodeResult: success, version: HTTP/1.1)
HTTP/1.1 200 OK
Content-Length: 30
Content-Type: application/json; charset=utf-8
cache-control: no-cache

18:23:36.480 [AsyncHttpClient-1-3] DEBUG org.asynchttpclient.netty.channel.ChannelManager - Adding key: http://localhost:7968 for channel [id: 0xccfc25e2, L:/127.0.0.1:54604 - R:localhost/127.0.0.1:7968]
18:23:36.481 [Forwarding findChildElement on session 510f4e476a348551fb82d0556d2e7277 to remote] DEBUG org.asynchttpclient.netty.request.NettyRequestSender - Using pooled Channel '[id: 0xccfc25e2, L:/127.0.0.1:54604 - R:localhost/127.0.0.1:7968]' for 'POST' to 'http://localhost:7968/session/510f4e476a348551fb82d0556d2e7277/element/fa92d134-771a-449a-bd5a-ecdd4962dc2f/element'
18:23:36.481 [Forwarding findChildElement on session 510f4e476a348551fb82d0556d2e7277 to remote] DEBUG org.asynchttpclient.netty.request.NettyRequestSender - Using open Channel [id: 0xccfc25e2, L:/127.0.0.1:54604 - R:localhost/127.0.0.1:7968] for POST '/session/510f4e476a348551fb82d0556d2e7277/element/fa92d134-771a-449a-bd5a-ecdd4962dc2f/element'
18:23:36.553 [AsyncHttpClient-1-3] DEBUG org.asynchttpclient.netty.handler.HttpHandler - 

Request DefaultHttpRequest(decodeResult: success, version: HTTP/1.1)
POST /session/510f4e476a348551fb82d0556d2e7277/element/fa92d134-771a-449a-bd5a-ecdd4962dc2f/element HTTP/1.1
User-Agent: selenium/4.5.3 (java mac)
Content-Length: 106
Content-Type: application/json; charset=utf-8
host: localhost:7968
accept: */*

Response DefaultHttpResponse(decodeResult: success, version: HTTP/1.1)
HTTP/1.1 200 OK
Content-Length: 88
Content-Type: application/json; charset=utf-8
cache-control: no-cache

18:23:36.554 [AsyncHttpClient-1-3] DEBUG org.asynchttpclient.netty.channel.ChannelManager - Adding key: http://localhost:7968 for channel [id: 0xccfc25e2, L:/127.0.0.1:54604 - R:localhost/127.0.0.1:7968]
18:23:36.554 [Forwarding getElementText on session 510f4e476a348551fb82d0556d2e7277 to remote] DEBUG org.asynchttpclient.netty.request.NettyRequestSender - Using pooled Channel '[id: 0xccfc25e2, L:/127.0.0.1:54604 - R:localhost/127.0.0.1:7968]' for 'GET' to 'http://localhost:7968/session/510f4e476a348551fb82d0556d2e7277/element/4a746b3e-7b68-4738-918f-b519eab9db51/text'
18:23:36.555 [Forwarding getElementText on session 510f4e476a348551fb82d0556d2e7277 to remote] DEBUG org.asynchttpclient.netty.request.NettyRequestSender - Using open Channel [id: 0xccfc25e2, L:/127.0.0.1:54604 - R:localhost/127.0.0.1:7968] for GET '/session/510f4e476a348551fb82d0556d2e7277/element/4a746b3e-7b68-4738-918f-b519eab9db51/text'
18:23:36.604 [AsyncHttpClient-1-3] DEBUG org.asynchttpclient.netty.handler.HttpHandler - 

Request DefaultFullHttpRequest(decodeResult: success, version: HTTP/1.1, content: EmptyByteBufBE)
GET /session/510f4e476a348551fb82d0556d2e7277/element/4a746b3e-7b68-4738-918f-b519eab9db51/text HTTP/1.1
User-Agent: selenium/4.5.3 (java mac)
Cache-Control: no-cache
Content-Type: application/json; charset=utf-8
host: localhost:7968
accept: */*

Response DefaultHttpResponse(decodeResult: success, version: HTTP/1.1)
HTTP/1.1 200 OK
Content-Length: 76
Content-Type: application/json; charset=utf-8
cache-control: no-cache

18:23:36.604 [AsyncHttpClient-1-3] DEBUG org.asynchttpclient.netty.channel.ChannelManager - Adding key: http://localhost:7968 for channel [id: 0xccfc25e2, L:/127.0.0.1:54604 - R:localhost/127.0.0.1:7968]
18:23:36.606 [Forwarding findChildElement on session 510f4e476a348551fb82d0556d2e7277 to remote] DEBUG org.asynchttpclient.netty.request.NettyRequestSender - Using pooled Channel '[id: 0xccfc25e2, L:/127.0.0.1:54604 - R:localhost/127.0.0.1:7968]' for 'POST' to 'http://localhost:7968/session/510f4e476a348551fb82d0556d2e7277/element/fa92d134-771a-449a-bd5a-ecdd4962dc2f/element'
18:23:36.606 [Forwarding findChildElement on session 510f4e476a348551fb82d0556d2e7277 to remote] DEBUG org.asynchttpclient.netty.request.NettyRequestSender - Using open Channel [id: 0xccfc25e2, L:/127.0.0.1:54604 - R:localhost/127.0.0.1:7968] for POST '/session/510f4e476a348551fb82d0556d2e7277/element/fa92d134-771a-449a-bd5a-ecdd4962dc2f/element'
18:23:36.623 [AsyncHttpClient-1-3] DEBUG org.asynchttpclient.netty.handler.HttpHandler - 

Request DefaultHttpRequest(decodeResult: success, version: HTTP/1.1)
POST /session/510f4e476a348551fb82d0556d2e7277/element/fa92d134-771a-449a-bd5a-ecdd4962dc2f/element HTTP/1.1
User-Agent: selenium/4.5.3 (java mac)
Content-Length: 106
Content-Type: application/json; charset=utf-8
host: localhost:7968
accept: */*

Response DefaultHttpResponse(decodeResult: success, version: HTTP/1.1)
HTTP/1.1 200 OK
Content-Length: 88
Content-Type: application/json; charset=utf-8
cache-control: no-cache

18:23:36.623 [AsyncHttpClient-1-3] DEBUG org.asynchttpclient.netty.channel.ChannelManager - Adding key: http://localhost:7968 for channel [id: 0xccfc25e2, L:/127.0.0.1:54604 - R:localhost/127.0.0.1:7968]
18:23:36.624 [Forwarding getElementText on session 510f4e476a348551fb82d0556d2e7277 to remote] DEBUG org.asynchttpclient.netty.request.NettyRequestSender - Using pooled Channel '[id: 0xccfc25e2, L:/127.0.0.1:54604 - R:localhost/127.0.0.1:7968]' for 'GET' to 'http://localhost:7968/session/510f4e476a348551fb82d0556d2e7277/element/9f9d25f5-c03e-46cb-9d44-5714fcb0c75f/text'
18:23:36.624 [Forwarding getElementText on session 510f4e476a348551fb82d0556d2e7277 to remote] DEBUG org.asynchttpclient.netty.request.NettyRequestSender - Using open Channel [id: 0xccfc25e2, L:/127.0.0.1:54604 - R:localhost/127.0.0.1:7968] for GET '/session/510f4e476a348551fb82d0556d2e7277/element/9f9d25f5-c03e-46cb-9d44-5714fcb0c75f/text'
18:23:36.693 [AsyncHttpClient-1-3] DEBUG org.asynchttpclient.netty.handler.HttpHandler - 

Request DefaultFullHttpRequest(decodeResult: success, version: HTTP/1.1, content: EmptyByteBufBE)
GET /session/510f4e476a348551fb82d0556d2e7277/element/9f9d25f5-c03e-46cb-9d44-5714fcb0c75f/text HTTP/1.1
User-Agent: selenium/4.5.3 (java mac)
Cache-Control: no-cache
Content-Type: application/json; charset=utf-8
host: localhost:7968
accept: */*

Response DefaultHttpResponse(decodeResult: success, version: HTTP/1.1)
HTTP/1.1 200 OK
Content-Length: 19
Content-Type: application/json; charset=utf-8
cache-control: no-cache

18:23:36.693 [AsyncHttpClient-1-3] DEBUG org.asynchttpclient.netty.channel.ChannelManager - Adding key: http://localhost:7968 for channel [id: 0xccfc25e2, L:/127.0.0.1:54604 - R:localhost/127.0.0.1:7968]
18:23:36.694 [Forwarding findChildElement on session 510f4e476a348551fb82d0556d2e7277 to remote] DEBUG org.asynchttpclient.netty.request.NettyRequestSender - Using pooled Channel '[id: 0xccfc25e2, L:/127.0.0.1:54604 - R:localhost/127.0.0.1:7968]' for 'POST' to 'http://localhost:7968/session/510f4e476a348551fb82d0556d2e7277/element/3883242f-dd9d-4450-9e6b-a3c0b6fc1547/element'
18:23:36.694 [Forwarding findChildElement on session 510f4e476a348551fb82d0556d2e7277 to remote] DEBUG org.asynchttpclient.netty.request.NettyRequestSender - Using open Channel [id: 0xccfc25e2, L:/127.0.0.1:54604 - R:localhost/127.0.0.1:7968] for POST '/session/510f4e476a348551fb82d0556d2e7277/element/3883242f-dd9d-4450-9e6b-a3c0b6fc1547/element'
18:23:36.709 [AsyncHttpClient-1-1] DEBUG org.asynchttpclient.netty.channel.DefaultChannelPool - Entry count for : http://localhost:5352 : 1
18:23:36.709 [AsyncHttpClient-1-1] DEBUG org.asynchttpclient.netty.channel.DefaultChannelPool - Entry count for : http://localhost:54610 : 1
18:23:36.712 [AsyncHttpClient-1-3] DEBUG org.asynchttpclient.netty.handler.HttpHandler - 

Request DefaultHttpRequest(decodeResult: success, version: HTTP/1.1)
POST /session/510f4e476a348551fb82d0556d2e7277/element/3883242f-dd9d-4450-9e6b-a3c0b6fc1547/element HTTP/1.1
User-Agent: selenium/4.5.3 (java mac)
Content-Length: 106
Content-Type: application/json; charset=utf-8
host: localhost:7968
accept: */*

Response DefaultHttpResponse(decodeResult: success, version: HTTP/1.1)
HTTP/1.1 200 OK
Content-Length: 88
Content-Type: application/json; charset=utf-8
cache-control: no-cache

18:23:36.712 [AsyncHttpClient-1-3] DEBUG org.asynchttpclient.netty.channel.ChannelManager - Adding key: http://localhost:7968 for channel [id: 0xccfc25e2, L:/127.0.0.1:54604 - R:localhost/127.0.0.1:7968]
18:23:36.713 [Forwarding getElementText on session 510f4e476a348551fb82d0556d2e7277 to remote] DEBUG org.asynchttpclient.netty.request.NettyRequestSender - Using pooled Channel '[id: 0xccfc25e2, L:/127.0.0.1:54604 - R:localhost/127.0.0.1:7968]' for 'GET' to 'http://localhost:7968/session/510f4e476a348551fb82d0556d2e7277/element/967387d6-e3bc-4a1f-9217-7e18c0bd24fd/text'
18:23:36.713 [Forwarding getElementText on session 510f4e476a348551fb82d0556d2e7277 to remote] DEBUG org.asynchttpclient.netty.request.NettyRequestSender - Using open Channel [id: 0xccfc25e2, L:/127.0.0.1:54604 - R:localhost/127.0.0.1:7968] for GET '/session/510f4e476a348551fb82d0556d2e7277/element/967387d6-e3bc-4a1f-9217-7e18c0bd24fd/text'
18:23:36.796 [AsyncHttpClient-1-3] DEBUG org.asynchttpclient.netty.handler.HttpHandler - 

Request DefaultFullHttpRequest(decodeResult: success, version: HTTP/1.1, content: EmptyByteBufBE)
GET /session/510f4e476a348551fb82d0556d2e7277/element/967387d6-e3bc-4a1f-9217-7e18c0bd24fd/text HTTP/1.1
User-Agent: selenium/4.5.3 (java mac)
Cache-Control: no-cache
Content-Type: application/json; charset=utf-8
host: localhost:7968
accept: */*

Response DefaultHttpResponse(decodeResult: success, version: HTTP/1.1)
HTTP/1.1 200 OK
Content-Length: 88
Content-Type: application/json; charset=utf-8
cache-control: no-cache

18:23:36.797 [AsyncHttpClient-1-3] DEBUG org.asynchttpclient.netty.channel.ChannelManager - Adding key: http://localhost:7968 for channel [id: 0xccfc25e2, L:/127.0.0.1:54604 - R:localhost/127.0.0.1:7968]
18:23:36.798 [Forwarding findChildElement on session 510f4e476a348551fb82d0556d2e7277 to remote] DEBUG org.asynchttpclient.netty.request.NettyRequestSender - Using pooled Channel '[id: 0xccfc25e2, L:/127.0.0.1:54604 - R:localhost/127.0.0.1:7968]' for 'POST' to 'http://localhost:7968/session/510f4e476a348551fb82d0556d2e7277/element/3883242f-dd9d-4450-9e6b-a3c0b6fc1547/element'
18:23:36.798 [Forwarding findChildElement on session 510f4e476a348551fb82d0556d2e7277 to remote] DEBUG org.asynchttpclient.netty.request.NettyRequestSender - Using open Channel [id: 0xccfc25e2, L:/127.0.0.1:54604 - R:localhost/127.0.0.1:7968] for POST '/session/510f4e476a348551fb82d0556d2e7277/element/3883242f-dd9d-4450-9e6b-a3c0b6fc1547/element'
18:23:36.860 [AsyncHttpClient-1-3] DEBUG org.asynchttpclient.netty.handler.HttpHandler - 

Request DefaultHttpRequest(decodeResult: success, version: HTTP/1.1)
POST /session/510f4e476a348551fb82d0556d2e7277/element/3883242f-dd9d-4450-9e6b-a3c0b6fc1547/element HTTP/1.1
User-Agent: selenium/4.5.3 (java mac)
Content-Length: 106
Content-Type: application/json; charset=utf-8
host: localhost:7968
accept: */*

Response DefaultHttpResponse(decodeResult: success, version: HTTP/1.1)
HTTP/1.1 200 OK
Content-Length: 88
Content-Type: application/json; charset=utf-8
cache-control: no-cache

18:23:36.860 [AsyncHttpClient-1-3] DEBUG org.asynchttpclient.netty.channel.ChannelManager - Adding key: http://localhost:7968 for channel [id: 0xccfc25e2, L:/127.0.0.1:54604 - R:localhost/127.0.0.1:7968]
18:23:36.861 [Forwarding getElementText on session 510f4e476a348551fb82d0556d2e7277 to remote] DEBUG org.asynchttpclient.netty.request.NettyRequestSender - Using pooled Channel '[id: 0xccfc25e2, L:/127.0.0.1:54604 - R:localhost/127.0.0.1:7968]' for 'GET' to 'http://localhost:7968/session/510f4e476a348551fb82d0556d2e7277/element/efa663b5-8c64-4397-a812-5952aa38457a/text'
18:23:36.861 [Forwarding getElementText on session 510f4e476a348551fb82d0556d2e7277 to remote] DEBUG org.asynchttpclient.netty.request.NettyRequestSender - Using open Channel [id: 0xccfc25e2, L:/127.0.0.1:54604 - R:localhost/127.0.0.1:7968] for GET '/session/510f4e476a348551fb82d0556d2e7277/element/efa663b5-8c64-4397-a812-5952aa38457a/text'
18:23:36.963 [AsyncHttpClient-1-3] DEBUG org.asynchttpclient.netty.handler.HttpHandler - 

Request DefaultFullHttpRequest(decodeResult: success, version: HTTP/1.1, content: EmptyByteBufBE)
GET /session/510f4e476a348551fb82d0556d2e7277/element/efa663b5-8c64-4397-a812-5952aa38457a/text HTTP/1.1
User-Agent: selenium/4.5.3 (java mac)
Cache-Control: no-cache
Content-Type: application/json; charset=utf-8
host: localhost:7968
accept: */*

Response DefaultHttpResponse(decodeResult: success, version: HTTP/1.1)
HTTP/1.1 200 OK
Content-Length: 19
Content-Type: application/json; charset=utf-8
cache-control: no-cache

18:23:36.963 [AsyncHttpClient-1-3] DEBUG org.asynchttpclient.netty.channel.ChannelManager - Adding key: http://localhost:7968 for channel [id: 0xccfc25e2, L:/127.0.0.1:54604 - R:localhost/127.0.0.1:7968]
18:23:36.964 [Forwarding findChildElement on session 510f4e476a348551fb82d0556d2e7277 to remote] DEBUG org.asynchttpclient.netty.request.NettyRequestSender - Using pooled Channel '[id: 0xccfc25e2, L:/127.0.0.1:54604 - R:localhost/127.0.0.1:7968]' for 'POST' to 'http://localhost:7968/session/510f4e476a348551fb82d0556d2e7277/element/ec82e1aa-195d-450f-b8fc-4d91b3f1cb05/element'
18:23:36.964 [Forwarding findChildElement on session 510f4e476a348551fb82d0556d2e7277 to remote] DEBUG org.asynchttpclient.netty.request.NettyRequestSender - Using open Channel [id: 0xccfc25e2, L:/127.0.0.1:54604 - R:localhost/127.0.0.1:7968] for POST '/session/510f4e476a348551fb82d0556d2e7277/element/ec82e1aa-195d-450f-b8fc-4d91b3f1cb05/element'
18:23:37.015 [AsyncHttpClient-1-3] DEBUG org.asynchttpclient.netty.handler.HttpHandler - 

Request DefaultHttpRequest(decodeResult: success, version: HTTP/1.1)
POST /session/510f4e476a348551fb82d0556d2e7277/element/ec82e1aa-195d-450f-b8fc-4d91b3f1cb05/element HTTP/1.1
User-Agent: selenium/4.5.3 (java mac)
Content-Length: 106
Content-Type: application/json; charset=utf-8
host: localhost:7968
accept: */*

Response DefaultHttpResponse(decodeResult: success, version: HTTP/1.1)
HTTP/1.1 200 OK
Content-Length: 88
Content-Type: application/json; charset=utf-8
cache-control: no-cache

18:23:37.016 [AsyncHttpClient-1-3] DEBUG org.asynchttpclient.netty.channel.ChannelManager - Adding key: http://localhost:7968 for channel [id: 0xccfc25e2, L:/127.0.0.1:54604 - R:localhost/127.0.0.1:7968]
18:23:37.017 [Forwarding getElementText on session 510f4e476a348551fb82d0556d2e7277 to remote] DEBUG org.asynchttpclient.netty.request.NettyRequestSender - Using pooled Channel '[id: 0xccfc25e2, L:/127.0.0.1:54604 - R:localhost/127.0.0.1:7968]' for 'GET' to 'http://localhost:7968/session/510f4e476a348551fb82d0556d2e7277/element/679bf049-cfac-4b81-81de-76621ec08775/text'
18:23:37.017 [Forwarding getElementText on session 510f4e476a348551fb82d0556d2e7277 to remote] DEBUG org.asynchttpclient.netty.request.NettyRequestSender - Using open Channel [id: 0xccfc25e2, L:/127.0.0.1:54604 - R:localhost/127.0.0.1:7968] for GET '/session/510f4e476a348551fb82d0556d2e7277/element/679bf049-cfac-4b81-81de-76621ec08775/text'
18:23:37.117 [AsyncHttpClient-1-3] DEBUG org.asynchttpclient.netty.handler.HttpHandler - 

Request DefaultFullHttpRequest(decodeResult: success, version: HTTP/1.1, content: EmptyByteBufBE)
GET /session/510f4e476a348551fb82d0556d2e7277/element/679bf049-cfac-4b81-81de-76621ec08775/text HTTP/1.1
User-Agent: selenium/4.5.3 (java mac)
Cache-Control: no-cache
Content-Type: application/json; charset=utf-8
host: localhost:7968
accept: */*

Response DefaultHttpResponse(decodeResult: success, version: HTTP/1.1)
HTTP/1.1 200 OK
Content-Length: 87
Content-Type: application/json; charset=utf-8
cache-control: no-cache

18:23:37.118 [AsyncHttpClient-1-3] DEBUG org.asynchttpclient.netty.channel.ChannelManager - Adding key: http://localhost:7968 for channel [id: 0xccfc25e2, L:/127.0.0.1:54604 - R:localhost/127.0.0.1:7968]
18:23:37.118 [Forwarding findChildElement on session 510f4e476a348551fb82d0556d2e7277 to remote] DEBUG org.asynchttpclient.netty.request.NettyRequestSender - Using pooled Channel '[id: 0xccfc25e2, L:/127.0.0.1:54604 - R:localhost/127.0.0.1:7968]' for 'POST' to 'http://localhost:7968/session/510f4e476a348551fb82d0556d2e7277/element/ec82e1aa-195d-450f-b8fc-4d91b3f1cb05/element'
18:23:37.118 [Forwarding findChildElement on session 510f4e476a348551fb82d0556d2e7277 to remote] DEBUG org.asynchttpclient.netty.request.NettyRequestSender - Using open Channel [id: 0xccfc25e2, L:/127.0.0.1:54604 - R:localhost/127.0.0.1:7968] for POST '/session/510f4e476a348551fb82d0556d2e7277/element/ec82e1aa-195d-450f-b8fc-4d91b3f1cb05/element'
18:23:37.319 [AsyncHttpClient-1-3] DEBUG org.asynchttpclient.netty.handler.HttpHandler - 

Request DefaultHttpRequest(decodeResult: success, version: HTTP/1.1)
POST /session/510f4e476a348551fb82d0556d2e7277/element/ec82e1aa-195d-450f-b8fc-4d91b3f1cb05/element HTTP/1.1
User-Agent: selenium/4.5.3 (java mac)
Content-Length: 106
Content-Type: application/json; charset=utf-8
host: localhost:7968
accept: */*

Response DefaultHttpResponse(decodeResult: success, version: HTTP/1.1)
HTTP/1.1 200 OK
Content-Length: 88
Content-Type: application/json; charset=utf-8
cache-control: no-cache

18:23:37.319 [AsyncHttpClient-1-3] DEBUG org.asynchttpclient.netty.channel.ChannelManager - Adding key: http://localhost:7968 for channel [id: 0xccfc25e2, L:/127.0.0.1:54604 - R:localhost/127.0.0.1:7968]
18:23:37.320 [Forwarding getElementText on session 510f4e476a348551fb82d0556d2e7277 to remote] DEBUG org.asynchttpclient.netty.request.NettyRequestSender - Using pooled Channel '[id: 0xccfc25e2, L:/127.0.0.1:54604 - R:localhost/127.0.0.1:7968]' for 'GET' to 'http://localhost:7968/session/510f4e476a348551fb82d0556d2e7277/element/1382f70d-d3eb-481b-90c8-b10e1cfe64e4/text'
18:23:37.320 [Forwarding getElementText on session 510f4e476a348551fb82d0556d2e7277 to remote] DEBUG org.asynchttpclient.netty.request.NettyRequestSender - Using open Channel [id: 0xccfc25e2, L:/127.0.0.1:54604 - R:localhost/127.0.0.1:7968] for GET '/session/510f4e476a348551fb82d0556d2e7277/element/1382f70d-d3eb-481b-90c8-b10e1cfe64e4/text'
18:23:37.577 [AsyncHttpClient-1-3] DEBUG org.asynchttpclient.netty.handler.HttpHandler - 

Request DefaultFullHttpRequest(decodeResult: success, version: HTTP/1.1, content: EmptyByteBufBE)
GET /session/510f4e476a348551fb82d0556d2e7277/element/1382f70d-d3eb-481b-90c8-b10e1cfe64e4/text HTTP/1.1
User-Agent: selenium/4.5.3 (java mac)
Cache-Control: no-cache
Content-Type: application/json; charset=utf-8
host: localhost:7968
accept: */*

Response DefaultHttpResponse(decodeResult: success, version: HTTP/1.1)
HTTP/1.1 200 OK
Content-Length: 30
Content-Type: application/json; charset=utf-8
cache-control: no-cache

18:23:37.578 [AsyncHttpClient-1-3] DEBUG org.asynchttpclient.netty.channel.ChannelManager - Adding key: http://localhost:7968 for channel [id: 0xccfc25e2, L:/127.0.0.1:54604 - R:localhost/127.0.0.1:7968]
18:23:37.579 [Forwarding findChildElement on session 510f4e476a348551fb82d0556d2e7277 to remote] DEBUG org.asynchttpclient.netty.request.NettyRequestSender - Using pooled Channel '[id: 0xccfc25e2, L:/127.0.0.1:54604 - R:localhost/127.0.0.1:7968]' for 'POST' to 'http://localhost:7968/session/510f4e476a348551fb82d0556d2e7277/element/a606428b-37e4-44cc-9479-82b3359fe9c9/element'
18:23:37.579 [Forwarding findChildElement on session 510f4e476a348551fb82d0556d2e7277 to remote] DEBUG org.asynchttpclient.netty.request.NettyRequestSender - Using open Channel [id: 0xccfc25e2, L:/127.0.0.1:54604 - R:localhost/127.0.0.1:7968] for POST '/session/510f4e476a348551fb82d0556d2e7277/element/a606428b-37e4-44cc-9479-82b3359fe9c9/element'
18:23:37.598 [AsyncHttpClient-1-3] DEBUG org.asynchttpclient.netty.handler.HttpHandler - 

Request DefaultHttpRequest(decodeResult: success, version: HTTP/1.1)
POST /session/510f4e476a348551fb82d0556d2e7277/element/a606428b-37e4-44cc-9479-82b3359fe9c9/element HTTP/1.1
User-Agent: selenium/4.5.3 (java mac)
Content-Length: 106
Content-Type: application/json; charset=utf-8
host: localhost:7968
accept: */*

Response DefaultHttpResponse(decodeResult: success, version: HTTP/1.1)
HTTP/1.1 200 OK
Content-Length: 88
Content-Type: application/json; charset=utf-8
cache-control: no-cache

18:23:37.598 [AsyncHttpClient-1-3] DEBUG org.asynchttpclient.netty.channel.ChannelManager - Adding key: http://localhost:7968 for channel [id: 0xccfc25e2, L:/127.0.0.1:54604 - R:localhost/127.0.0.1:7968]
18:23:37.599 [Forwarding getElementText on session 510f4e476a348551fb82d0556d2e7277 to remote] DEBUG org.asynchttpclient.netty.request.NettyRequestSender - Using pooled Channel '[id: 0xccfc25e2, L:/127.0.0.1:54604 - R:localhost/127.0.0.1:7968]' for 'GET' to 'http://localhost:7968/session/510f4e476a348551fb82d0556d2e7277/element/1dae1629-04d0-4a88-8441-13f63e4396c4/text'
18:23:37.599 [Forwarding getElementText on session 510f4e476a348551fb82d0556d2e7277 to remote] DEBUG org.asynchttpclient.netty.request.NettyRequestSender - Using open Channel [id: 0xccfc25e2, L:/127.0.0.1:54604 - R:localhost/127.0.0.1:7968] for GET '/session/510f4e476a348551fb82d0556d2e7277/element/1dae1629-04d0-4a88-8441-13f63e4396c4/text'
18:23:37.701 [AsyncHttpClient-1-3] DEBUG org.asynchttpclient.netty.handler.HttpHandler - 

Request DefaultFullHttpRequest(decodeResult: success, version: HTTP/1.1, content: EmptyByteBufBE)
GET /session/510f4e476a348551fb82d0556d2e7277/element/1dae1629-04d0-4a88-8441-13f63e4396c4/text HTTP/1.1
User-Agent: selenium/4.5.3 (java mac)
Cache-Control: no-cache
Content-Type: application/json; charset=utf-8
host: localhost:7968
accept: */*

Response DefaultHttpResponse(decodeResult: success, version: HTTP/1.1)
HTTP/1.1 200 OK
Content-Length: 91
Content-Type: application/json; charset=utf-8
cache-control: no-cache

18:23:37.702 [AsyncHttpClient-1-3] DEBUG org.asynchttpclient.netty.channel.ChannelManager - Adding key: http://localhost:7968 for channel [id: 0xccfc25e2, L:/127.0.0.1:54604 - R:localhost/127.0.0.1:7968]
18:23:37.704 [Forwarding findChildElement on session 510f4e476a348551fb82d0556d2e7277 to remote] DEBUG org.asynchttpclient.netty.request.NettyRequestSender - Using pooled Channel '[id: 0xccfc25e2, L:/127.0.0.1:54604 - R:localhost/127.0.0.1:7968]' for 'POST' to 'http://localhost:7968/session/510f4e476a348551fb82d0556d2e7277/element/a606428b-37e4-44cc-9479-82b3359fe9c9/element'
18:23:37.704 [Forwarding findChildElement on session 510f4e476a348551fb82d0556d2e7277 to remote] DEBUG org.asynchttpclient.netty.request.NettyRequestSender - Using open Channel [id: 0xccfc25e2, L:/127.0.0.1:54604 - R:localhost/127.0.0.1:7968] for POST '/session/510f4e476a348551fb82d0556d2e7277/element/a606428b-37e4-44cc-9479-82b3359fe9c9/element'
18:23:37.814 [AsyncHttpClient-1-1] DEBUG org.asynchttpclient.netty.channel.DefaultChannelPool - Entry count for : http://localhost:5352 : 1
18:23:37.814 [AsyncHttpClient-1-1] DEBUG org.asynchttpclient.netty.channel.DefaultChannelPool - Entry count for : http://localhost:54610 : 1
18:23:38.009 [AsyncHttpClient-1-3] DEBUG org.asynchttpclient.netty.handler.HttpHandler - 

Request DefaultHttpRequest(decodeResult: success, version: HTTP/1.1)
POST /session/510f4e476a348551fb82d0556d2e7277/element/a606428b-37e4-44cc-9479-82b3359fe9c9/element HTTP/1.1
User-Agent: selenium/4.5.3 (java mac)
Content-Length: 106
Content-Type: application/json; charset=utf-8
host: localhost:7968
accept: */*

Response DefaultHttpResponse(decodeResult: success, version: HTTP/1.1)
HTTP/1.1 200 OK
Content-Length: 88
Content-Type: application/json; charset=utf-8
cache-control: no-cache

18:23:38.010 [AsyncHttpClient-1-3] DEBUG org.asynchttpclient.netty.channel.ChannelManager - Adding key: http://localhost:7968 for channel [id: 0xccfc25e2, L:/127.0.0.1:54604 - R:localhost/127.0.0.1:7968]
18:23:38.011 [Forwarding getElementText on session 510f4e476a348551fb82d0556d2e7277 to remote] DEBUG org.asynchttpclient.netty.request.NettyRequestSender - Using pooled Channel '[id: 0xccfc25e2, L:/127.0.0.1:54604 - R:localhost/127.0.0.1:7968]' for 'GET' to 'http://localhost:7968/session/510f4e476a348551fb82d0556d2e7277/element/fbaaf516-17fa-4fa5-b16c-865bfb3ab5a7/text'
18:23:38.011 [Forwarding getElementText on session 510f4e476a348551fb82d0556d2e7277 to remote] DEBUG org.asynchttpclient.netty.request.NettyRequestSender - Using open Channel [id: 0xccfc25e2, L:/127.0.0.1:54604 - R:localhost/127.0.0.1:7968] for GET '/session/510f4e476a348551fb82d0556d2e7277/element/fbaaf516-17fa-4fa5-b16c-865bfb3ab5a7/text'
18:23:38.151 [AsyncHttpClient-1-3] DEBUG org.asynchttpclient.netty.handler.HttpHandler - 

Request DefaultFullHttpRequest(decodeResult: success, version: HTTP/1.1, content: EmptyByteBufBE)
GET /session/510f4e476a348551fb82d0556d2e7277/element/fbaaf516-17fa-4fa5-b16c-865bfb3ab5a7/text HTTP/1.1
User-Agent: selenium/4.5.3 (java mac)
Cache-Control: no-cache
Content-Type: application/json; charset=utf-8
host: localhost:7968
accept: */*

Response DefaultHttpResponse(decodeResult: success, version: HTTP/1.1)
HTTP/1.1 200 OK
Content-Length: 19
Content-Type: application/json; charset=utf-8
cache-control: no-cache

18:23:38.152 [AsyncHttpClient-1-3] DEBUG org.asynchttpclient.netty.channel.ChannelManager - Adding key: http://localhost:7968 for channel [id: 0xccfc25e2, L:/127.0.0.1:54604 - R:localhost/127.0.0.1:7968]
18:23:38.154 [Forwarding findChildElement on session 510f4e476a348551fb82d0556d2e7277 to remote] DEBUG org.asynchttpclient.netty.request.NettyRequestSender - Using pooled Channel '[id: 0xccfc25e2, L:/127.0.0.1:54604 - R:localhost/127.0.0.1:7968]' for 'POST' to 'http://localhost:7968/session/510f4e476a348551fb82d0556d2e7277/element/285f364d-33f0-45ee-b9e9-ef46c734617e/element'
18:23:38.154 [Forwarding findChildElement on session 510f4e476a348551fb82d0556d2e7277 to remote] DEBUG org.asynchttpclient.netty.request.NettyRequestSender - Using open Channel [id: 0xccfc25e2, L:/127.0.0.1:54604 - R:localhost/127.0.0.1:7968] for POST '/session/510f4e476a348551fb82d0556d2e7277/element/285f364d-33f0-45ee-b9e9-ef46c734617e/element'
18:23:38.189 [AsyncHttpClient-1-3] DEBUG org.asynchttpclient.netty.handler.HttpHandler - 

Request DefaultHttpRequest(decodeResult: success, version: HTTP/1.1)
POST /session/510f4e476a348551fb82d0556d2e7277/element/285f364d-33f0-45ee-b9e9-ef46c734617e/element HTTP/1.1
User-Agent: selenium/4.5.3 (java mac)
Content-Length: 106
Content-Type: application/json; charset=utf-8
host: localhost:7968
accept: */*

Response DefaultHttpResponse(decodeResult: success, version: HTTP/1.1)
HTTP/1.1 200 OK
Content-Length: 88
Content-Type: application/json; charset=utf-8
cache-control: no-cache

18:23:38.189 [AsyncHttpClient-1-3] DEBUG org.asynchttpclient.netty.channel.ChannelManager - Adding key: http://localhost:7968 for channel [id: 0xccfc25e2, L:/127.0.0.1:54604 - R:localhost/127.0.0.1:7968]
18:23:38.190 [Forwarding getElementText on session 510f4e476a348551fb82d0556d2e7277 to remote] DEBUG org.asynchttpclient.netty.request.NettyRequestSender - Using pooled Channel '[id: 0xccfc25e2, L:/127.0.0.1:54604 - R:localhost/127.0.0.1:7968]' for 'GET' to 'http://localhost:7968/session/510f4e476a348551fb82d0556d2e7277/element/46cac041-2d4e-41e2-b502-8e33588d0290/text'
18:23:38.190 [Forwarding getElementText on session 510f4e476a348551fb82d0556d2e7277 to remote] DEBUG org.asynchttpclient.netty.request.NettyRequestSender - Using open Channel [id: 0xccfc25e2, L:/127.0.0.1:54604 - R:localhost/127.0.0.1:7968] for GET '/session/510f4e476a348551fb82d0556d2e7277/element/46cac041-2d4e-41e2-b502-8e33588d0290/text'
18:23:38.527 [AsyncHttpClient-1-3] DEBUG org.asynchttpclient.netty.handler.HttpHandler - 

Request DefaultFullHttpRequest(decodeResult: success, version: HTTP/1.1, content: EmptyByteBufBE)
GET /session/510f4e476a348551fb82d0556d2e7277/element/46cac041-2d4e-41e2-b502-8e33588d0290/text HTTP/1.1
User-Agent: selenium/4.5.3 (java mac)
Cache-Control: no-cache
Content-Type: application/json; charset=utf-8
host: localhost:7968
accept: */*

Response DefaultHttpResponse(decodeResult: success, version: HTTP/1.1)
HTTP/1.1 200 OK
Content-Length: 68
Content-Type: application/json; charset=utf-8
cache-control: no-cache

18:23:38.527 [AsyncHttpClient-1-3] DEBUG org.asynchttpclient.netty.channel.ChannelManager - Adding key: http://localhost:7968 for channel [id: 0xccfc25e2, L:/127.0.0.1:54604 - R:localhost/127.0.0.1:7968]
18:23:38.528 [Forwarding findChildElement on session 510f4e476a348551fb82d0556d2e7277 to remote] DEBUG org.asynchttpclient.netty.request.NettyRequestSender - Using pooled Channel '[id: 0xccfc25e2, L:/127.0.0.1:54604 - R:localhost/127.0.0.1:7968]' for 'POST' to 'http://localhost:7968/session/510f4e476a348551fb82d0556d2e7277/element/285f364d-33f0-45ee-b9e9-ef46c734617e/element'
18:23:38.528 [Forwarding findChildElement on session 510f4e476a348551fb82d0556d2e7277 to remote] DEBUG org.asynchttpclient.netty.request.NettyRequestSender - Using open Channel [id: 0xccfc25e2, L:/127.0.0.1:54604 - R:localhost/127.0.0.1:7968] for POST '/session/510f4e476a348551fb82d0556d2e7277/element/285f364d-33f0-45ee-b9e9-ef46c734617e/element'
18:23:38.724 [AsyncHttpClient-1-3] DEBUG org.asynchttpclient.netty.handler.HttpHandler - 

Request DefaultHttpRequest(decodeResult: success, version: HTTP/1.1)
POST /session/510f4e476a348551fb82d0556d2e7277/element/285f364d-33f0-45ee-b9e9-ef46c734617e/element HTTP/1.1
User-Agent: selenium/4.5.3 (java mac)
Content-Length: 106
Content-Type: application/json; charset=utf-8
host: localhost:7968
accept: */*

Response DefaultHttpResponse(decodeResult: success, version: HTTP/1.1)
HTTP/1.1 200 OK
Content-Length: 88
Content-Type: application/json; charset=utf-8
cache-control: no-cache

18:23:38.725 [AsyncHttpClient-1-3] DEBUG org.asynchttpclient.netty.channel.ChannelManager - Adding key: http://localhost:7968 for channel [id: 0xccfc25e2, L:/127.0.0.1:54604 - R:localhost/127.0.0.1:7968]
18:23:38.726 [Forwarding getElementText on session 510f4e476a348551fb82d0556d2e7277 to remote] DEBUG org.asynchttpclient.netty.request.NettyRequestSender - Using pooled Channel '[id: 0xccfc25e2, L:/127.0.0.1:54604 - R:localhost/127.0.0.1:7968]' for 'GET' to 'http://localhost:7968/session/510f4e476a348551fb82d0556d2e7277/element/99a8d383-a5ab-45f0-8e64-a36f0ec6ee80/text'
18:23:38.727 [Forwarding getElementText on session 510f4e476a348551fb82d0556d2e7277 to remote] DEBUG org.asynchttpclient.netty.request.NettyRequestSender - Using open Channel [id: 0xccfc25e2, L:/127.0.0.1:54604 - R:localhost/127.0.0.1:7968] for GET '/session/510f4e476a348551fb82d0556d2e7277/element/99a8d383-a5ab-45f0-8e64-a36f0ec6ee80/text'
18:23:38.910 [AsyncHttpClient-1-1] DEBUG org.asynchttpclient.netty.channel.DefaultChannelPool - Entry count for : http://localhost:5352 : 1
18:23:38.910 [AsyncHttpClient-1-1] DEBUG org.asynchttpclient.netty.channel.DefaultChannelPool - Entry count for : http://localhost:54610 : 1
18:23:38.918 [AsyncHttpClient-1-3] DEBUG org.asynchttpclient.netty.handler.HttpHandler - 

Request DefaultFullHttpRequest(decodeResult: success, version: HTTP/1.1, content: EmptyByteBufBE)
GET /session/510f4e476a348551fb82d0556d2e7277/element/99a8d383-a5ab-45f0-8e64-a36f0ec6ee80/text HTTP/1.1
User-Agent: selenium/4.5.3 (java mac)
Cache-Control: no-cache
Content-Type: application/json; charset=utf-8
host: localhost:7968
accept: */*

Response DefaultHttpResponse(decodeResult: success, version: HTTP/1.1)
HTTP/1.1 200 OK
Content-Length: 19
Content-Type: application/json; charset=utf-8
cache-control: no-cache

18:23:38.918 [AsyncHttpClient-1-3] DEBUG org.asynchttpclient.netty.channel.ChannelManager - Adding key: http://localhost:7968 for channel [id: 0xccfc25e2, L:/127.0.0.1:54604 - R:localhost/127.0.0.1:7968]
18:23:38.919 [Forwarding findChildElement on session 510f4e476a348551fb82d0556d2e7277 to remote] DEBUG org.asynchttpclient.netty.request.NettyRequestSender - Using pooled Channel '[id: 0xccfc25e2, L:/127.0.0.1:54604 - R:localhost/127.0.0.1:7968]' for 'POST' to 'http://localhost:7968/session/510f4e476a348551fb82d0556d2e7277/element/b0d3d6dd-c625-4f4e-af14-a8c08a013238/element'
18:23:38.920 [Forwarding findChildElement on session 510f4e476a348551fb82d0556d2e7277 to remote] DEBUG org.asynchttpclient.netty.request.NettyRequestSender - Using open Channel [id: 0xccfc25e2, L:/127.0.0.1:54604 - R:localhost/127.0.0.1:7968] for POST '/session/510f4e476a348551fb82d0556d2e7277/element/b0d3d6dd-c625-4f4e-af14-a8c08a013238/element'
18:23:39.160 [AsyncHttpClient-1-3] DEBUG org.asynchttpclient.netty.handler.HttpHandler - 

Request DefaultHttpRequest(decodeResult: success, version: HTTP/1.1)
POST /session/510f4e476a348551fb82d0556d2e7277/element/b0d3d6dd-c625-4f4e-af14-a8c08a013238/element HTTP/1.1
User-Agent: selenium/4.5.3 (java mac)
Content-Length: 106
Content-Type: application/json; charset=utf-8
host: localhost:7968
accept: */*

Response DefaultHttpResponse(decodeResult: success, version: HTTP/1.1)
HTTP/1.1 200 OK
Content-Length: 88
Content-Type: application/json; charset=utf-8
cache-control: no-cache

18:23:39.161 [AsyncHttpClient-1-3] DEBUG org.asynchttpclient.netty.channel.ChannelManager - Adding key: http://localhost:7968 for channel [id: 0xccfc25e2, L:/127.0.0.1:54604 - R:localhost/127.0.0.1:7968]
18:23:39.161 [Forwarding getElementText on session 510f4e476a348551fb82d0556d2e7277 to remote] DEBUG org.asynchttpclient.netty.request.NettyRequestSender - Using pooled Channel '[id: 0xccfc25e2, L:/127.0.0.1:54604 - R:localhost/127.0.0.1:7968]' for 'GET' to 'http://localhost:7968/session/510f4e476a348551fb82d0556d2e7277/element/67d378b0-d2fe-48dd-b3cc-a4d729b9135a/text'
18:23:39.161 [Forwarding getElementText on session 510f4e476a348551fb82d0556d2e7277 to remote] DEBUG org.asynchttpclient.netty.request.NettyRequestSender - Using open Channel [id: 0xccfc25e2, L:/127.0.0.1:54604 - R:localhost/127.0.0.1:7968] for GET '/session/510f4e476a348551fb82d0556d2e7277/element/67d378b0-d2fe-48dd-b3cc-a4d729b9135a/text'
18:23:39.212 [AsyncHttpClient-1-3] DEBUG org.asynchttpclient.netty.handler.HttpHandler - 

Request DefaultFullHttpRequest(decodeResult: success, version: HTTP/1.1, content: EmptyByteBufBE)
GET /session/510f4e476a348551fb82d0556d2e7277/element/67d378b0-d2fe-48dd-b3cc-a4d729b9135a/text HTTP/1.1
User-Agent: selenium/4.5.3 (java mac)
Cache-Control: no-cache
Content-Type: application/json; charset=utf-8
host: localhost:7968
accept: */*

Response DefaultHttpResponse(decodeResult: success, version: HTTP/1.1)
HTTP/1.1 200 OK
Content-Length: 66
Content-Type: application/json; charset=utf-8
cache-control: no-cache

18:23:39.212 [AsyncHttpClient-1-3] DEBUG org.asynchttpclient.netty.channel.ChannelManager - Adding key: http://localhost:7968 for channel [id: 0xccfc25e2, L:/127.0.0.1:54604 - R:localhost/127.0.0.1:7968]
18:23:39.213 [Forwarding findChildElement on session 510f4e476a348551fb82d0556d2e7277 to remote] DEBUG org.asynchttpclient.netty.request.NettyRequestSender - Using pooled Channel '[id: 0xccfc25e2, L:/127.0.0.1:54604 - R:localhost/127.0.0.1:7968]' for 'POST' to 'http://localhost:7968/session/510f4e476a348551fb82d0556d2e7277/element/b0d3d6dd-c625-4f4e-af14-a8c08a013238/element'
18:23:39.213 [Forwarding findChildElement on session 510f4e476a348551fb82d0556d2e7277 to remote] DEBUG org.asynchttpclient.netty.request.NettyRequestSender - Using open Channel [id: 0xccfc25e2, L:/127.0.0.1:54604 - R:localhost/127.0.0.1:7968] for POST '/session/510f4e476a348551fb82d0556d2e7277/element/b0d3d6dd-c625-4f4e-af14-a8c08a013238/element'
18:23:39.509 [AsyncHttpClient-1-3] DEBUG org.asynchttpclient.netty.handler.HttpHandler - 

Request DefaultHttpRequest(decodeResult: success, version: HTTP/1.1)
POST /session/510f4e476a348551fb82d0556d2e7277/element/b0d3d6dd-c625-4f4e-af14-a8c08a013238/element HTTP/1.1
User-Agent: selenium/4.5.3 (java mac)
Content-Length: 106
Content-Type: application/json; charset=utf-8
host: localhost:7968
accept: */*

Response DefaultHttpResponse(decodeResult: success, version: HTTP/1.1)
HTTP/1.1 200 OK
Content-Length: 88
Content-Type: application/json; charset=utf-8
cache-control: no-cache

18:23:39.509 [AsyncHttpClient-1-3] DEBUG org.asynchttpclient.netty.channel.ChannelManager - Adding key: http://localhost:7968 for channel [id: 0xccfc25e2, L:/127.0.0.1:54604 - R:localhost/127.0.0.1:7968]
18:23:39.510 [Forwarding getElementText on session 510f4e476a348551fb82d0556d2e7277 to remote] DEBUG org.asynchttpclient.netty.request.NettyRequestSender - Using pooled Channel '[id: 0xccfc25e2, L:/127.0.0.1:54604 - R:localhost/127.0.0.1:7968]' for 'GET' to 'http://localhost:7968/session/510f4e476a348551fb82d0556d2e7277/element/ffa6c47e-3a9e-4a18-a341-532779588be8/text'
18:23:39.510 [Forwarding getElementText on session 510f4e476a348551fb82d0556d2e7277 to remote] DEBUG org.asynchttpclient.netty.request.NettyRequestSender - Using open Channel [id: 0xccfc25e2, L:/127.0.0.1:54604 - R:localhost/127.0.0.1:7968] for GET '/session/510f4e476a348551fb82d0556d2e7277/element/ffa6c47e-3a9e-4a18-a341-532779588be8/text'
18:23:39.560 [AsyncHttpClient-1-3] DEBUG org.asynchttpclient.netty.handler.HttpHandler - 

Request DefaultFullHttpRequest(decodeResult: success, version: HTTP/1.1, content: EmptyByteBufBE)
GET /session/510f4e476a348551fb82d0556d2e7277/element/ffa6c47e-3a9e-4a18-a341-532779588be8/text HTTP/1.1
User-Agent: selenium/4.5.3 (java mac)
Cache-Control: no-cache
Content-Type: application/json; charset=utf-8
host: localhost:7968
accept: */*

Response DefaultHttpResponse(decodeResult: success, version: HTTP/1.1)
HTTP/1.1 200 OK
Content-Length: 19
Content-Type: application/json; charset=utf-8
cache-control: no-cache

18:23:39.560 [AsyncHttpClient-1-3] DEBUG org.asynchttpclient.netty.channel.ChannelManager - Adding key: http://localhost:7968 for channel [id: 0xccfc25e2, L:/127.0.0.1:54604 - R:localhost/127.0.0.1:7968]
18:23:39.561 [Forwarding findChildElement on session 510f4e476a348551fb82d0556d2e7277 to remote] DEBUG org.asynchttpclient.netty.request.NettyRequestSender - Using pooled Channel '[id: 0xccfc25e2, L:/127.0.0.1:54604 - R:localhost/127.0.0.1:7968]' for 'POST' to 'http://localhost:7968/session/510f4e476a348551fb82d0556d2e7277/element/39708677-8794-42a2-948b-318ec8783ad7/element'
18:23:39.561 [Forwarding findChildElement on session 510f4e476a348551fb82d0556d2e7277 to remote] DEBUG org.asynchttpclient.netty.request.NettyRequestSender - Using open Channel [id: 0xccfc25e2, L:/127.0.0.1:54604 - R:localhost/127.0.0.1:7968] for POST '/session/510f4e476a348551fb82d0556d2e7277/element/39708677-8794-42a2-948b-318ec8783ad7/element'
18:23:39.605 [AsyncHttpClient-1-3] DEBUG org.asynchttpclient.netty.handler.HttpHandler - 

Request DefaultHttpRequest(decodeResult: success, version: HTTP/1.1)
POST /session/510f4e476a348551fb82d0556d2e7277/element/39708677-8794-42a2-948b-318ec8783ad7/element HTTP/1.1
User-Agent: selenium/4.5.3 (java mac)
Content-Length: 106
Content-Type: application/json; charset=utf-8
host: localhost:7968
accept: */*

Response DefaultHttpResponse(decodeResult: success, version: HTTP/1.1)
HTTP/1.1 200 OK
Content-Length: 88
Content-Type: application/json; charset=utf-8
cache-control: no-cache

18:23:39.606 [AsyncHttpClient-1-3] DEBUG org.asynchttpclient.netty.channel.ChannelManager - Adding key: http://localhost:7968 for channel [id: 0xccfc25e2, L:/127.0.0.1:54604 - R:localhost/127.0.0.1:7968]
18:23:39.606 [Forwarding getElementText on session 510f4e476a348551fb82d0556d2e7277 to remote] DEBUG org.asynchttpclient.netty.request.NettyRequestSender - Using pooled Channel '[id: 0xccfc25e2, L:/127.0.0.1:54604 - R:localhost/127.0.0.1:7968]' for 'GET' to 'http://localhost:7968/session/510f4e476a348551fb82d0556d2e7277/element/9e9d118e-7489-4553-9c55-a6b2d02ead9d/text'
18:23:39.606 [Forwarding getElementText on session 510f4e476a348551fb82d0556d2e7277 to remote] DEBUG org.asynchttpclient.netty.request.NettyRequestSender - Using open Channel [id: 0xccfc25e2, L:/127.0.0.1:54604 - R:localhost/127.0.0.1:7968] for GET '/session/510f4e476a348551fb82d0556d2e7277/element/9e9d118e-7489-4553-9c55-a6b2d02ead9d/text'
18:23:39.915 [AsyncHttpClient-1-3] DEBUG org.asynchttpclient.netty.handler.HttpHandler - 

Request DefaultFullHttpRequest(decodeResult: success, version: HTTP/1.1, content: EmptyByteBufBE)
GET /session/510f4e476a348551fb82d0556d2e7277/element/9e9d118e-7489-4553-9c55-a6b2d02ead9d/text HTTP/1.1
User-Agent: selenium/4.5.3 (java mac)
Cache-Control: no-cache
Content-Type: application/json; charset=utf-8
host: localhost:7968
accept: */*

Response DefaultHttpResponse(decodeResult: success, version: HTTP/1.1)
HTTP/1.1 200 OK
Content-Length: 71
Content-Type: application/json; charset=utf-8
cache-control: no-cache

18:23:39.916 [AsyncHttpClient-1-3] DEBUG org.asynchttpclient.netty.channel.ChannelManager - Adding key: http://localhost:7968 for channel [id: 0xccfc25e2, L:/127.0.0.1:54604 - R:localhost/127.0.0.1:7968]
18:23:39.917 [Forwarding findChildElement on session 510f4e476a348551fb82d0556d2e7277 to remote] DEBUG org.asynchttpclient.netty.request.NettyRequestSender - Using pooled Channel '[id: 0xccfc25e2, L:/127.0.0.1:54604 - R:localhost/127.0.0.1:7968]' for 'POST' to 'http://localhost:7968/session/510f4e476a348551fb82d0556d2e7277/element/39708677-8794-42a2-948b-318ec8783ad7/element'
18:23:39.917 [Forwarding findChildElement on session 510f4e476a348551fb82d0556d2e7277 to remote] DEBUG org.asynchttpclient.netty.request.NettyRequestSender - Using open Channel [id: 0xccfc25e2, L:/127.0.0.1:54604 - R:localhost/127.0.0.1:7968] for POST '/session/510f4e476a348551fb82d0556d2e7277/element/39708677-8794-42a2-948b-318ec8783ad7/element'
18:23:39.930 [AsyncHttpClient-1-3] DEBUG org.asynchttpclient.netty.handler.HttpHandler - 

Request DefaultHttpRequest(decodeResult: success, version: HTTP/1.1)
POST /session/510f4e476a348551fb82d0556d2e7277/element/39708677-8794-42a2-948b-318ec8783ad7/element HTTP/1.1
User-Agent: selenium/4.5.3 (java mac)
Content-Length: 106
Content-Type: application/json; charset=utf-8
host: localhost:7968
accept: */*

Response DefaultHttpResponse(decodeResult: success, version: HTTP/1.1)
HTTP/1.1 200 OK
Content-Length: 88
Content-Type: application/json; charset=utf-8
cache-control: no-cache

18:23:39.931 [AsyncHttpClient-1-3] DEBUG org.asynchttpclient.netty.channel.ChannelManager - Adding key: http://localhost:7968 for channel [id: 0xccfc25e2, L:/127.0.0.1:54604 - R:localhost/127.0.0.1:7968]
18:23:39.931 [Forwarding getElementText on session 510f4e476a348551fb82d0556d2e7277 to remote] DEBUG org.asynchttpclient.netty.request.NettyRequestSender - Using pooled Channel '[id: 0xccfc25e2, L:/127.0.0.1:54604 - R:localhost/127.0.0.1:7968]' for 'GET' to 'http://localhost:7968/session/510f4e476a348551fb82d0556d2e7277/element/da74f794-cc3d-4305-9637-59528ccaf7f5/text'
18:23:39.931 [Forwarding getElementText on session 510f4e476a348551fb82d0556d2e7277 to remote] DEBUG org.asynchttpclient.netty.request.NettyRequestSender - Using open Channel [id: 0xccfc25e2, L:/127.0.0.1:54604 - R:localhost/127.0.0.1:7968] for GET '/session/510f4e476a348551fb82d0556d2e7277/element/da74f794-cc3d-4305-9637-59528ccaf7f5/text'
18:23:40.013 [AsyncHttpClient-1-1] DEBUG org.asynchttpclient.netty.channel.DefaultChannelPool - Entry count for : http://localhost:5352 : 1
18:23:40.013 [AsyncHttpClient-1-1] DEBUG org.asynchttpclient.netty.channel.DefaultChannelPool - Entry count for : http://localhost:54610 : 1
18:23:40.398 [AsyncHttpClient-1-3] DEBUG org.asynchttpclient.netty.handler.HttpHandler - 

Request DefaultFullHttpRequest(decodeResult: success, version: HTTP/1.1, content: EmptyByteBufBE)
GET /session/510f4e476a348551fb82d0556d2e7277/element/da74f794-cc3d-4305-9637-59528ccaf7f5/text HTTP/1.1
User-Agent: selenium/4.5.3 (java mac)
Cache-Control: no-cache
Content-Type: application/json; charset=utf-8
host: localhost:7968
accept: */*

Response DefaultHttpResponse(decodeResult: success, version: HTTP/1.1)
HTTP/1.1 200 OK
Content-Length: 19
Content-Type: application/json; charset=utf-8
cache-control: no-cache

18:23:40.398 [AsyncHttpClient-1-3] DEBUG org.asynchttpclient.netty.channel.ChannelManager - Adding key: http://localhost:7968 for channel [id: 0xccfc25e2, L:/127.0.0.1:54604 - R:localhost/127.0.0.1:7968]
18:23:40.400 [Forwarding findChildElement on session 510f4e476a348551fb82d0556d2e7277 to remote] DEBUG org.asynchttpclient.netty.request.NettyRequestSender - Using pooled Channel '[id: 0xccfc25e2, L:/127.0.0.1:54604 - R:localhost/127.0.0.1:7968]' for 'POST' to 'http://localhost:7968/session/510f4e476a348551fb82d0556d2e7277/element/29aaf5da-9f92-41b4-89c8-72dc7d3bdbfb/element'
18:23:40.400 [Forwarding findChildElement on session 510f4e476a348551fb82d0556d2e7277 to remote] DEBUG org.asynchttpclient.netty.request.NettyRequestSender - Using open Channel [id: 0xccfc25e2, L:/127.0.0.1:54604 - R:localhost/127.0.0.1:7968] for POST '/session/510f4e476a348551fb82d0556d2e7277/element/29aaf5da-9f92-41b4-89c8-72dc7d3bdbfb/element'
18:23:40.432 [AsyncHttpClient-1-3] DEBUG org.asynchttpclient.netty.handler.HttpHandler - 

Request DefaultHttpRequest(decodeResult: success, version: HTTP/1.1)
POST /session/510f4e476a348551fb82d0556d2e7277/element/29aaf5da-9f92-41b4-89c8-72dc7d3bdbfb/element HTTP/1.1
User-Agent: selenium/4.5.3 (java mac)
Content-Length: 106
Content-Type: application/json; charset=utf-8
host: localhost:7968
accept: */*

Response DefaultHttpResponse(decodeResult: success, version: HTTP/1.1)
HTTP/1.1 200 OK
Content-Length: 88
Content-Type: application/json; charset=utf-8
cache-control: no-cache

18:23:40.432 [AsyncHttpClient-1-3] DEBUG org.asynchttpclient.netty.channel.ChannelManager - Adding key: http://localhost:7968 for channel [id: 0xccfc25e2, L:/127.0.0.1:54604 - R:localhost/127.0.0.1:7968]
18:23:40.433 [Forwarding getElementText on session 510f4e476a348551fb82d0556d2e7277 to remote] DEBUG org.asynchttpclient.netty.request.NettyRequestSender - Using pooled Channel '[id: 0xccfc25e2, L:/127.0.0.1:54604 - R:localhost/127.0.0.1:7968]' for 'GET' to 'http://localhost:7968/session/510f4e476a348551fb82d0556d2e7277/element/db6f7f0b-46e1-4a85-8c77-1f51f36204e1/text'
18:23:40.433 [Forwarding getElementText on session 510f4e476a348551fb82d0556d2e7277 to remote] DEBUG org.asynchttpclient.netty.request.NettyRequestSender - Using open Channel [id: 0xccfc25e2, L:/127.0.0.1:54604 - R:localhost/127.0.0.1:7968] for GET '/session/510f4e476a348551fb82d0556d2e7277/element/db6f7f0b-46e1-4a85-8c77-1f51f36204e1/text'
18:23:40.683 [AsyncHttpClient-1-3] DEBUG org.asynchttpclient.netty.handler.HttpHandler - 

Request DefaultFullHttpRequest(decodeResult: success, version: HTTP/1.1, content: EmptyByteBufBE)
GET /session/510f4e476a348551fb82d0556d2e7277/element/db6f7f0b-46e1-4a85-8c77-1f51f36204e1/text HTTP/1.1
User-Agent: selenium/4.5.3 (java mac)
Cache-Control: no-cache
Content-Type: application/json; charset=utf-8
host: localhost:7968
accept: */*

Response DefaultHttpResponse(decodeResult: success, version: HTTP/1.1)
HTTP/1.1 200 OK
Content-Length: 55
Content-Type: application/json; charset=utf-8
cache-control: no-cache

18:23:40.683 [AsyncHttpClient-1-3] DEBUG org.asynchttpclient.netty.channel.ChannelManager - Adding key: http://localhost:7968 for channel [id: 0xccfc25e2, L:/127.0.0.1:54604 - R:localhost/127.0.0.1:7968]
18:23:40.685 [Forwarding findChildElement on session 510f4e476a348551fb82d0556d2e7277 to remote] DEBUG org.asynchttpclient.netty.request.NettyRequestSender - Using pooled Channel '[id: 0xccfc25e2, L:/127.0.0.1:54604 - R:localhost/127.0.0.1:7968]' for 'POST' to 'http://localhost:7968/session/510f4e476a348551fb82d0556d2e7277/element/29aaf5da-9f92-41b4-89c8-72dc7d3bdbfb/element'
18:23:40.685 [Forwarding findChildElement on session 510f4e476a348551fb82d0556d2e7277 to remote] DEBUG org.asynchttpclient.netty.request.NettyRequestSender - Using open Channel [id: 0xccfc25e2, L:/127.0.0.1:54604 - R:localhost/127.0.0.1:7968] for POST '/session/510f4e476a348551fb82d0556d2e7277/element/29aaf5da-9f92-41b4-89c8-72dc7d3bdbfb/element'
18:23:40.714 [AsyncHttpClient-1-3] DEBUG org.asynchttpclient.netty.handler.HttpHandler - 

Request DefaultHttpRequest(decodeResult: success, version: HTTP/1.1)
POST /session/510f4e476a348551fb82d0556d2e7277/element/29aaf5da-9f92-41b4-89c8-72dc7d3bdbfb/element HTTP/1.1
User-Agent: selenium/4.5.3 (java mac)
Content-Length: 106
Content-Type: application/json; charset=utf-8
host: localhost:7968
accept: */*

Response DefaultHttpResponse(decodeResult: success, version: HTTP/1.1)
HTTP/1.1 200 OK
Content-Length: 88
Content-Type: application/json; charset=utf-8
cache-control: no-cache

18:23:40.714 [AsyncHttpClient-1-3] DEBUG org.asynchttpclient.netty.channel.ChannelManager - Adding key: http://localhost:7968 for channel [id: 0xccfc25e2, L:/127.0.0.1:54604 - R:localhost/127.0.0.1:7968]
18:23:40.715 [Forwarding getElementText on session 510f4e476a348551fb82d0556d2e7277 to remote] DEBUG org.asynchttpclient.netty.request.NettyRequestSender - Using pooled Channel '[id: 0xccfc25e2, L:/127.0.0.1:54604 - R:localhost/127.0.0.1:7968]' for 'GET' to 'http://localhost:7968/session/510f4e476a348551fb82d0556d2e7277/element/c5d77284-a37e-4bdb-9074-c444faf61b01/text'
18:23:40.715 [Forwarding getElementText on session 510f4e476a348551fb82d0556d2e7277 to remote] DEBUG org.asynchttpclient.netty.request.NettyRequestSender - Using open Channel [id: 0xccfc25e2, L:/127.0.0.1:54604 - R:localhost/127.0.0.1:7968] for GET '/session/510f4e476a348551fb82d0556d2e7277/element/c5d77284-a37e-4bdb-9074-c444faf61b01/text'
18:23:41.076 [AsyncHttpClient-1-3] DEBUG org.asynchttpclient.netty.handler.HttpHandler - 

Request DefaultFullHttpRequest(decodeResult: success, version: HTTP/1.1, content: EmptyByteBufBE)
GET /session/510f4e476a348551fb82d0556d2e7277/element/c5d77284-a37e-4bdb-9074-c444faf61b01/text HTTP/1.1
User-Agent: selenium/4.5.3 (java mac)
Cache-Control: no-cache
Content-Type: application/json; charset=utf-8
host: localhost:7968
accept: */*

Response DefaultHttpResponse(decodeResult: success, version: HTTP/1.1)
HTTP/1.1 200 OK
Content-Length: 19
Content-Type: application/json; charset=utf-8
cache-control: no-cache

18:23:41.076 [AsyncHttpClient-1-3] DEBUG org.asynchttpclient.netty.channel.ChannelManager - Adding key: http://localhost:7968 for channel [id: 0xccfc25e2, L:/127.0.0.1:54604 - R:localhost/127.0.0.1:7968]
18:23:41.077 [Forwarding findChildElement on session 510f4e476a348551fb82d0556d2e7277 to remote] DEBUG org.asynchttpclient.netty.request.NettyRequestSender - Using pooled Channel '[id: 0xccfc25e2, L:/127.0.0.1:54604 - R:localhost/127.0.0.1:7968]' for 'POST' to 'http://localhost:7968/session/510f4e476a348551fb82d0556d2e7277/element/741410cc-cbc0-4d9a-83c6-74a38b519d4f/element'
18:23:41.077 [Forwarding findChildElement on session 510f4e476a348551fb82d0556d2e7277 to remote] DEBUG org.asynchttpclient.netty.request.NettyRequestSender - Using open Channel [id: 0xccfc25e2, L:/127.0.0.1:54604 - R:localhost/127.0.0.1:7968] for POST '/session/510f4e476a348551fb82d0556d2e7277/element/741410cc-cbc0-4d9a-83c6-74a38b519d4f/element'
18:23:41.090 [AsyncHttpClient-1-3] DEBUG org.asynchttpclient.netty.handler.HttpHandler - 

Request DefaultHttpRequest(decodeResult: success, version: HTTP/1.1)
POST /session/510f4e476a348551fb82d0556d2e7277/element/741410cc-cbc0-4d9a-83c6-74a38b519d4f/element HTTP/1.1
User-Agent: selenium/4.5.3 (java mac)
Content-Length: 106
Content-Type: application/json; charset=utf-8
host: localhost:7968
accept: */*

Response DefaultHttpResponse(decodeResult: success, version: HTTP/1.1)
HTTP/1.1 200 OK
Content-Length: 88
Content-Type: application/json; charset=utf-8
cache-control: no-cache

18:23:41.090 [AsyncHttpClient-1-3] DEBUG org.asynchttpclient.netty.channel.ChannelManager - Adding key: http://localhost:7968 for channel [id: 0xccfc25e2, L:/127.0.0.1:54604 - R:localhost/127.0.0.1:7968]
18:23:41.090 [Forwarding getElementText on session 510f4e476a348551fb82d0556d2e7277 to remote] DEBUG org.asynchttpclient.netty.request.NettyRequestSender - Using pooled Channel '[id: 0xccfc25e2, L:/127.0.0.1:54604 - R:localhost/127.0.0.1:7968]' for 'GET' to 'http://localhost:7968/session/510f4e476a348551fb82d0556d2e7277/element/b7b4ed14-7c09-433e-9fc9-5b85f9a11d62/text'
18:23:41.090 [Forwarding getElementText on session 510f4e476a348551fb82d0556d2e7277 to remote] DEBUG org.asynchttpclient.netty.request.NettyRequestSender - Using open Channel [id: 0xccfc25e2, L:/127.0.0.1:54604 - R:localhost/127.0.0.1:7968] for GET '/session/510f4e476a348551fb82d0556d2e7277/element/b7b4ed14-7c09-433e-9fc9-5b85f9a11d62/text'
18:23:41.106 [AsyncHttpClient-1-3] DEBUG org.asynchttpclient.netty.handler.HttpHandler - 

Request DefaultFullHttpRequest(decodeResult: success, version: HTTP/1.1, content: EmptyByteBufBE)
GET /session/510f4e476a348551fb82d0556d2e7277/element/b7b4ed14-7c09-433e-9fc9-5b85f9a11d62/text HTTP/1.1
User-Agent: selenium/4.5.3 (java mac)
Cache-Control: no-cache
Content-Type: application/json; charset=utf-8
host: localhost:7968
accept: */*

Response DefaultHttpResponse(decodeResult: success, version: HTTP/1.1)
HTTP/1.1 200 OK
Content-Length: 75
Content-Type: application/json; charset=utf-8
cache-control: no-cache

18:23:41.106 [AsyncHttpClient-1-3] DEBUG org.asynchttpclient.netty.channel.ChannelManager - Adding key: http://localhost:7968 for channel [id: 0xccfc25e2, L:/127.0.0.1:54604 - R:localhost/127.0.0.1:7968]
18:23:41.107 [Forwarding findChildElement on session 510f4e476a348551fb82d0556d2e7277 to remote] DEBUG org.asynchttpclient.netty.request.NettyRequestSender - Using pooled Channel '[id: 0xccfc25e2, L:/127.0.0.1:54604 - R:localhost/127.0.0.1:7968]' for 'POST' to 'http://localhost:7968/session/510f4e476a348551fb82d0556d2e7277/element/741410cc-cbc0-4d9a-83c6-74a38b519d4f/element'
18:23:41.107 [Forwarding findChildElement on session 510f4e476a348551fb82d0556d2e7277 to remote] DEBUG org.asynchttpclient.netty.request.NettyRequestSender - Using open Channel [id: 0xccfc25e2, L:/127.0.0.1:54604 - R:localhost/127.0.0.1:7968] for POST '/session/510f4e476a348551fb82d0556d2e7277/element/741410cc-cbc0-4d9a-83c6-74a38b519d4f/element'
18:23:41.111 [AsyncHttpClient-1-1] DEBUG org.asynchttpclient.netty.channel.DefaultChannelPool - Entry count for : http://localhost:5352 : 1
18:23:41.111 [AsyncHttpClient-1-1] DEBUG org.asynchttpclient.netty.channel.DefaultChannelPool - Entry count for : http://localhost:54610 : 1
18:23:41.147 [AsyncHttpClient-1-3] DEBUG org.asynchttpclient.netty.handler.HttpHandler - 

Request DefaultHttpRequest(decodeResult: success, version: HTTP/1.1)
POST /session/510f4e476a348551fb82d0556d2e7277/element/741410cc-cbc0-4d9a-83c6-74a38b519d4f/element HTTP/1.1
User-Agent: selenium/4.5.3 (java mac)
Content-Length: 106
Content-Type: application/json; charset=utf-8
host: localhost:7968
accept: */*

Response DefaultHttpResponse(decodeResult: success, version: HTTP/1.1)
HTTP/1.1 200 OK
Content-Length: 88
Content-Type: application/json; charset=utf-8
cache-control: no-cache

18:23:41.149 [AsyncHttpClient-1-3] DEBUG org.asynchttpclient.netty.channel.ChannelManager - Adding key: http://localhost:7968 for channel [id: 0xccfc25e2, L:/127.0.0.1:54604 - R:localhost/127.0.0.1:7968]
18:23:41.149 [Forwarding getElementText on session 510f4e476a348551fb82d0556d2e7277 to remote] DEBUG org.asynchttpclient.netty.request.NettyRequestSender - Using pooled Channel '[id: 0xccfc25e2, L:/127.0.0.1:54604 - R:localhost/127.0.0.1:7968]' for 'GET' to 'http://localhost:7968/session/510f4e476a348551fb82d0556d2e7277/element/09c2ff1b-b5be-4afa-ac59-8fd8fb02bb4d/text'
18:23:41.149 [Forwarding getElementText on session 510f4e476a348551fb82d0556d2e7277 to remote] DEBUG org.asynchttpclient.netty.request.NettyRequestSender - Using open Channel [id: 0xccfc25e2, L:/127.0.0.1:54604 - R:localhost/127.0.0.1:7968] for GET '/session/510f4e476a348551fb82d0556d2e7277/element/09c2ff1b-b5be-4afa-ac59-8fd8fb02bb4d/text'
18:23:41.455 [AsyncHttpClient-1-3] DEBUG org.asynchttpclient.netty.handler.HttpHandler - 

Request DefaultFullHttpRequest(decodeResult: success, version: HTTP/1.1, content: EmptyByteBufBE)
GET /session/510f4e476a348551fb82d0556d2e7277/element/09c2ff1b-b5be-4afa-ac59-8fd8fb02bb4d/text HTTP/1.1
User-Agent: selenium/4.5.3 (java mac)
Cache-Control: no-cache
Content-Type: application/json; charset=utf-8
host: localhost:7968
accept: */*

Response DefaultHttpResponse(decodeResult: success, version: HTTP/1.1)
HTTP/1.1 200 OK
Content-Length: 19
Content-Type: application/json; charset=utf-8
cache-control: no-cache

18:23:41.455 [AsyncHttpClient-1-3] DEBUG org.asynchttpclient.netty.channel.ChannelManager - Adding key: http://localhost:7968 for channel [id: 0xccfc25e2, L:/127.0.0.1:54604 - R:localhost/127.0.0.1:7968]
18:23:41.456 [Forwarding findChildElement on session 510f4e476a348551fb82d0556d2e7277 to remote] DEBUG org.asynchttpclient.netty.request.NettyRequestSender - Using pooled Channel '[id: 0xccfc25e2, L:/127.0.0.1:54604 - R:localhost/127.0.0.1:7968]' for 'POST' to 'http://localhost:7968/session/510f4e476a348551fb82d0556d2e7277/element/42967c2b-292c-4c24-bee8-b5d7b48d05b1/element'
18:23:41.456 [Forwarding findChildElement on session 510f4e476a348551fb82d0556d2e7277 to remote] DEBUG org.asynchttpclient.netty.request.NettyRequestSender - Using open Channel [id: 0xccfc25e2, L:/127.0.0.1:54604 - R:localhost/127.0.0.1:7968] for POST '/session/510f4e476a348551fb82d0556d2e7277/element/42967c2b-292c-4c24-bee8-b5d7b48d05b1/element'
18:23:41.471 [AsyncHttpClient-1-3] DEBUG org.asynchttpclient.netty.handler.HttpHandler - 

Request DefaultHttpRequest(decodeResult: success, version: HTTP/1.1)
POST /session/510f4e476a348551fb82d0556d2e7277/element/42967c2b-292c-4c24-bee8-b5d7b48d05b1/element HTTP/1.1
User-Agent: selenium/4.5.3 (java mac)
Content-Length: 106
Content-Type: application/json; charset=utf-8
host: localhost:7968
accept: */*

Response DefaultHttpResponse(decodeResult: success, version: HTTP/1.1)
HTTP/1.1 200 OK
Content-Length: 88
Content-Type: application/json; charset=utf-8
cache-control: no-cache

18:23:41.471 [AsyncHttpClient-1-3] DEBUG org.asynchttpclient.netty.channel.ChannelManager - Adding key: http://localhost:7968 for channel [id: 0xccfc25e2, L:/127.0.0.1:54604 - R:localhost/127.0.0.1:7968]
18:23:41.473 [Forwarding getElementText on session 510f4e476a348551fb82d0556d2e7277 to remote] DEBUG org.asynchttpclient.netty.request.NettyRequestSender - Using pooled Channel '[id: 0xccfc25e2, L:/127.0.0.1:54604 - R:localhost/127.0.0.1:7968]' for 'GET' to 'http://localhost:7968/session/510f4e476a348551fb82d0556d2e7277/element/7efe8a14-31f5-4460-961e-37b59f90f4b3/text'
18:23:41.473 [Forwarding getElementText on session 510f4e476a348551fb82d0556d2e7277 to remote] DEBUG org.asynchttpclient.netty.request.NettyRequestSender - Using open Channel [id: 0xccfc25e2, L:/127.0.0.1:54604 - R:localhost/127.0.0.1:7968] for GET '/session/510f4e476a348551fb82d0556d2e7277/element/7efe8a14-31f5-4460-961e-37b59f90f4b3/text'
18:23:41.500 [AsyncHttpClient-1-3] DEBUG org.asynchttpclient.netty.handler.HttpHandler - 

Request DefaultFullHttpRequest(decodeResult: success, version: HTTP/1.1, content: EmptyByteBufBE)
GET /session/510f4e476a348551fb82d0556d2e7277/element/7efe8a14-31f5-4460-961e-37b59f90f4b3/text HTTP/1.1
User-Agent: selenium/4.5.3 (java mac)
Cache-Control: no-cache
Content-Type: application/json; charset=utf-8
host: localhost:7968
accept: */*

Response DefaultHttpResponse(decodeResult: success, version: HTTP/1.1)
HTTP/1.1 200 OK
Content-Length: 88
Content-Type: application/json; charset=utf-8
cache-control: no-cache

18:23:41.500 [AsyncHttpClient-1-3] DEBUG org.asynchttpclient.netty.channel.ChannelManager - Adding key: http://localhost:7968 for channel [id: 0xccfc25e2, L:/127.0.0.1:54604 - R:localhost/127.0.0.1:7968]
18:23:41.502 [Forwarding findChildElement on session 510f4e476a348551fb82d0556d2e7277 to remote] DEBUG org.asynchttpclient.netty.request.NettyRequestSender - Using pooled Channel '[id: 0xccfc25e2, L:/127.0.0.1:54604 - R:localhost/127.0.0.1:7968]' for 'POST' to 'http://localhost:7968/session/510f4e476a348551fb82d0556d2e7277/element/42967c2b-292c-4c24-bee8-b5d7b48d05b1/element'
18:23:41.502 [Forwarding findChildElement on session 510f4e476a348551fb82d0556d2e7277 to remote] DEBUG org.asynchttpclient.netty.request.NettyRequestSender - Using open Channel [id: 0xccfc25e2, L:/127.0.0.1:54604 - R:localhost/127.0.0.1:7968] for POST '/session/510f4e476a348551fb82d0556d2e7277/element/42967c2b-292c-4c24-bee8-b5d7b48d05b1/element'
18:23:42.050 [AsyncHttpClient-1-3] DEBUG org.asynchttpclient.netty.handler.HttpHandler - 

Request DefaultHttpRequest(decodeResult: success, version: HTTP/1.1)
POST /session/510f4e476a348551fb82d0556d2e7277/element/42967c2b-292c-4c24-bee8-b5d7b48d05b1/element HTTP/1.1
User-Agent: selenium/4.5.3 (java mac)
Content-Length: 106
Content-Type: application/json; charset=utf-8
host: localhost:7968
accept: */*

Response DefaultHttpResponse(decodeResult: success, version: HTTP/1.1)
HTTP/1.1 200 OK
Content-Length: 88
Content-Type: application/json; charset=utf-8
cache-control: no-cache

18:23:42.050 [AsyncHttpClient-1-3] DEBUG org.asynchttpclient.netty.channel.ChannelManager - Adding key: http://localhost:7968 for channel [id: 0xccfc25e2, L:/127.0.0.1:54604 - R:localhost/127.0.0.1:7968]
18:23:42.051 [Forwarding getElementText on session 510f4e476a348551fb82d0556d2e7277 to remote] DEBUG org.asynchttpclient.netty.request.NettyRequestSender - Using pooled Channel '[id: 0xccfc25e2, L:/127.0.0.1:54604 - R:localhost/127.0.0.1:7968]' for 'GET' to 'http://localhost:7968/session/510f4e476a348551fb82d0556d2e7277/element/1ec0cf8a-fe34-47d2-a591-cae5eaec114c/text'
18:23:42.051 [Forwarding getElementText on session 510f4e476a348551fb82d0556d2e7277 to remote] DEBUG org.asynchttpclient.netty.request.NettyRequestSender - Using open Channel [id: 0xccfc25e2, L:/127.0.0.1:54604 - R:localhost/127.0.0.1:7968] for GET '/session/510f4e476a348551fb82d0556d2e7277/element/1ec0cf8a-fe34-47d2-a591-cae5eaec114c/text'
18:23:42.083 [AsyncHttpClient-1-3] DEBUG org.asynchttpclient.netty.handler.HttpHandler - 

Request DefaultFullHttpRequest(decodeResult: success, version: HTTP/1.1, content: EmptyByteBufBE)
GET /session/510f4e476a348551fb82d0556d2e7277/element/1ec0cf8a-fe34-47d2-a591-cae5eaec114c/text HTTP/1.1
User-Agent: selenium/4.5.3 (java mac)
Cache-Control: no-cache
Content-Type: application/json; charset=utf-8
host: localhost:7968
accept: */*

Response DefaultHttpResponse(decodeResult: success, version: HTTP/1.1)
HTTP/1.1 200 OK
Content-Length: 30
Content-Type: application/json; charset=utf-8
cache-control: no-cache

18:23:42.083 [AsyncHttpClient-1-3] DEBUG org.asynchttpclient.netty.channel.ChannelManager - Adding key: http://localhost:7968 for channel [id: 0xccfc25e2, L:/127.0.0.1:54604 - R:localhost/127.0.0.1:7968]
18:23:42.085 [Forwarding findChildElement on session 510f4e476a348551fb82d0556d2e7277 to remote] DEBUG org.asynchttpclient.netty.request.NettyRequestSender - Using pooled Channel '[id: 0xccfc25e2, L:/127.0.0.1:54604 - R:localhost/127.0.0.1:7968]' for 'POST' to 'http://localhost:7968/session/510f4e476a348551fb82d0556d2e7277/element/8289fb6a-fd7a-46bf-970f-c1ba8a48c7ac/element'
18:23:42.085 [Forwarding findChildElement on session 510f4e476a348551fb82d0556d2e7277 to remote] DEBUG org.asynchttpclient.netty.request.NettyRequestSender - Using open Channel [id: 0xccfc25e2, L:/127.0.0.1:54604 - R:localhost/127.0.0.1:7968] for POST '/session/510f4e476a348551fb82d0556d2e7277/element/8289fb6a-fd7a-46bf-970f-c1ba8a48c7ac/element'
18:23:42.108 [AsyncHttpClient-1-3] DEBUG org.asynchttpclient.netty.handler.HttpHandler - 

Request DefaultHttpRequest(decodeResult: success, version: HTTP/1.1)
POST /session/510f4e476a348551fb82d0556d2e7277/element/8289fb6a-fd7a-46bf-970f-c1ba8a48c7ac/element HTTP/1.1
User-Agent: selenium/4.5.3 (java mac)
Content-Length: 106
Content-Type: application/json; charset=utf-8
host: localhost:7968
accept: */*

Response DefaultHttpResponse(decodeResult: success, version: HTTP/1.1)
HTTP/1.1 200 OK
Content-Length: 88
Content-Type: application/json; charset=utf-8
cache-control: no-cache

18:23:42.108 [AsyncHttpClient-1-3] DEBUG org.asynchttpclient.netty.channel.ChannelManager - Adding key: http://localhost:7968 for channel [id: 0xccfc25e2, L:/127.0.0.1:54604 - R:localhost/127.0.0.1:7968]
18:23:42.108 [Forwarding getElementText on session 510f4e476a348551fb82d0556d2e7277 to remote] DEBUG org.asynchttpclient.netty.request.NettyRequestSender - Using pooled Channel '[id: 0xccfc25e2, L:/127.0.0.1:54604 - R:localhost/127.0.0.1:7968]' for 'GET' to 'http://localhost:7968/session/510f4e476a348551fb82d0556d2e7277/element/af4306e5-ba46-42c9-8dca-5eee769e7a19/text'
18:23:42.108 [Forwarding getElementText on session 510f4e476a348551fb82d0556d2e7277 to remote] DEBUG org.asynchttpclient.netty.request.NettyRequestSender - Using open Channel [id: 0xccfc25e2, L:/127.0.0.1:54604 - R:localhost/127.0.0.1:7968] for GET '/session/510f4e476a348551fb82d0556d2e7277/element/af4306e5-ba46-42c9-8dca-5eee769e7a19/text'
18:23:42.212 [AsyncHttpClient-1-1] DEBUG org.asynchttpclient.netty.channel.DefaultChannelPool - Entry count for : http://localhost:5352 : 1
18:23:42.212 [AsyncHttpClient-1-1] DEBUG org.asynchttpclient.netty.channel.DefaultChannelPool - Entry count for : http://localhost:54610 : 1
18:23:42.536 [AsyncHttpClient-1-3] DEBUG org.asynchttpclient.netty.handler.HttpHandler - 

Request DefaultFullHttpRequest(decodeResult: success, version: HTTP/1.1, content: EmptyByteBufBE)
GET /session/510f4e476a348551fb82d0556d2e7277/element/af4306e5-ba46-42c9-8dca-5eee769e7a19/text HTTP/1.1
User-Agent: selenium/4.5.3 (java mac)
Cache-Control: no-cache
Content-Type: application/json; charset=utf-8
host: localhost:7968
accept: */*

Response DefaultHttpResponse(decodeResult: success, version: HTTP/1.1)
HTTP/1.1 200 OK
Content-Length: 72
Content-Type: application/json; charset=utf-8
cache-control: no-cache

18:23:42.536 [AsyncHttpClient-1-3] DEBUG org.asynchttpclient.netty.channel.ChannelManager - Adding key: http://localhost:7968 for channel [id: 0xccfc25e2, L:/127.0.0.1:54604 - R:localhost/127.0.0.1:7968]
18:23:42.537 [Forwarding findChildElement on session 510f4e476a348551fb82d0556d2e7277 to remote] DEBUG org.asynchttpclient.netty.request.NettyRequestSender - Using pooled Channel '[id: 0xccfc25e2, L:/127.0.0.1:54604 - R:localhost/127.0.0.1:7968]' for 'POST' to 'http://localhost:7968/session/510f4e476a348551fb82d0556d2e7277/element/8289fb6a-fd7a-46bf-970f-c1ba8a48c7ac/element'
18:23:42.537 [Forwarding findChildElement on session 510f4e476a348551fb82d0556d2e7277 to remote] DEBUG org.asynchttpclient.netty.request.NettyRequestSender - Using open Channel [id: 0xccfc25e2, L:/127.0.0.1:54604 - R:localhost/127.0.0.1:7968] for POST '/session/510f4e476a348551fb82d0556d2e7277/element/8289fb6a-fd7a-46bf-970f-c1ba8a48c7ac/element'
18:23:42.581 [AsyncHttpClient-1-3] DEBUG org.asynchttpclient.netty.handler.HttpHandler - 

Request DefaultHttpRequest(decodeResult: success, version: HTTP/1.1)
POST /session/510f4e476a348551fb82d0556d2e7277/element/8289fb6a-fd7a-46bf-970f-c1ba8a48c7ac/element HTTP/1.1
User-Agent: selenium/4.5.3 (java mac)
Content-Length: 106
Content-Type: application/json; charset=utf-8
host: localhost:7968
accept: */*

Response DefaultHttpResponse(decodeResult: success, version: HTTP/1.1)
HTTP/1.1 200 OK
Content-Length: 88
Content-Type: application/json; charset=utf-8
cache-control: no-cache

18:23:42.581 [AsyncHttpClient-1-3] DEBUG org.asynchttpclient.netty.channel.ChannelManager - Adding key: http://localhost:7968 for channel [id: 0xccfc25e2, L:/127.0.0.1:54604 - R:localhost/127.0.0.1:7968]
18:23:42.585 [Forwarding getElementText on session 510f4e476a348551fb82d0556d2e7277 to remote] DEBUG org.asynchttpclient.netty.request.NettyRequestSender - Using pooled Channel '[id: 0xccfc25e2, L:/127.0.0.1:54604 - R:localhost/127.0.0.1:7968]' for 'GET' to 'http://localhost:7968/session/510f4e476a348551fb82d0556d2e7277/element/994439cd-707d-49f8-863d-274685c2744d/text'
18:23:42.585 [Forwarding getElementText on session 510f4e476a348551fb82d0556d2e7277 to remote] DEBUG org.asynchttpclient.netty.request.NettyRequestSender - Using open Channel [id: 0xccfc25e2, L:/127.0.0.1:54604 - R:localhost/127.0.0.1:7968] for GET '/session/510f4e476a348551fb82d0556d2e7277/element/994439cd-707d-49f8-863d-274685c2744d/text'
18:23:42.909 [AsyncHttpClient-1-3] DEBUG org.asynchttpclient.netty.handler.HttpHandler - 

Request DefaultFullHttpRequest(decodeResult: success, version: HTTP/1.1, content: EmptyByteBufBE)
GET /session/510f4e476a348551fb82d0556d2e7277/element/994439cd-707d-49f8-863d-274685c2744d/text HTTP/1.1
User-Agent: selenium/4.5.3 (java mac)
Cache-Control: no-cache
Content-Type: application/json; charset=utf-8
host: localhost:7968
accept: */*

Response DefaultHttpResponse(decodeResult: success, version: HTTP/1.1)
HTTP/1.1 200 OK
Content-Length: 28
Content-Type: application/json; charset=utf-8
cache-control: no-cache

18:23:42.909 [AsyncHttpClient-1-3] DEBUG org.asynchttpclient.netty.channel.ChannelManager - Adding key: http://localhost:7968 for channel [id: 0xccfc25e2, L:/127.0.0.1:54604 - R:localhost/127.0.0.1:7968]
18:23:42.912 [Forwarding findChildElement on session 510f4e476a348551fb82d0556d2e7277 to remote] DEBUG org.asynchttpclient.netty.request.NettyRequestSender - Using pooled Channel '[id: 0xccfc25e2, L:/127.0.0.1:54604 - R:localhost/127.0.0.1:7968]' for 'POST' to 'http://localhost:7968/session/510f4e476a348551fb82d0556d2e7277/element/4856a27e-7dd8-4d3f-bc70-04cbbd12b927/element'
18:23:42.912 [Forwarding findChildElement on session 510f4e476a348551fb82d0556d2e7277 to remote] DEBUG org.asynchttpclient.netty.request.NettyRequestSender - Using open Channel [id: 0xccfc25e2, L:/127.0.0.1:54604 - R:localhost/127.0.0.1:7968] for POST '/session/510f4e476a348551fb82d0556d2e7277/element/4856a27e-7dd8-4d3f-bc70-04cbbd12b927/element'
18:23:42.929 [AsyncHttpClient-1-3] DEBUG org.asynchttpclient.netty.handler.HttpHandler - 

Request DefaultHttpRequest(decodeResult: success, version: HTTP/1.1)
POST /session/510f4e476a348551fb82d0556d2e7277/element/4856a27e-7dd8-4d3f-bc70-04cbbd12b927/element HTTP/1.1
User-Agent: selenium/4.5.3 (java mac)
Content-Length: 106
Content-Type: application/json; charset=utf-8
host: localhost:7968
accept: */*

Response DefaultHttpResponse(decodeResult: success, version: HTTP/1.1)
HTTP/1.1 200 OK
Content-Length: 88
Content-Type: application/json; charset=utf-8
cache-control: no-cache

18:23:42.930 [AsyncHttpClient-1-3] DEBUG org.asynchttpclient.netty.channel.ChannelManager - Adding key: http://localhost:7968 for channel [id: 0xccfc25e2, L:/127.0.0.1:54604 - R:localhost/127.0.0.1:7968]
18:23:42.930 [Forwarding getElementText on session 510f4e476a348551fb82d0556d2e7277 to remote] DEBUG org.asynchttpclient.netty.request.NettyRequestSender - Using pooled Channel '[id: 0xccfc25e2, L:/127.0.0.1:54604 - R:localhost/127.0.0.1:7968]' for 'GET' to 'http://localhost:7968/session/510f4e476a348551fb82d0556d2e7277/element/a389538b-f78f-4c3f-87d9-f0484d153c8b/text'
18:23:42.931 [Forwarding getElementText on session 510f4e476a348551fb82d0556d2e7277 to remote] DEBUG org.asynchttpclient.netty.request.NettyRequestSender - Using open Channel [id: 0xccfc25e2, L:/127.0.0.1:54604 - R:localhost/127.0.0.1:7968] for GET '/session/510f4e476a348551fb82d0556d2e7277/element/a389538b-f78f-4c3f-87d9-f0484d153c8b/text'
18:23:42.963 [AsyncHttpClient-1-3] DEBUG org.asynchttpclient.netty.handler.HttpHandler - 

Request DefaultFullHttpRequest(decodeResult: success, version: HTTP/1.1, content: EmptyByteBufBE)
GET /session/510f4e476a348551fb82d0556d2e7277/element/a389538b-f78f-4c3f-87d9-f0484d153c8b/text HTTP/1.1
User-Agent: selenium/4.5.3 (java mac)
Cache-Control: no-cache
Content-Type: application/json; charset=utf-8
host: localhost:7968
accept: */*

Response DefaultHttpResponse(decodeResult: success, version: HTTP/1.1)
HTTP/1.1 200 OK
Content-Length: 91
Content-Type: application/json; charset=utf-8
cache-control: no-cache

18:23:42.964 [AsyncHttpClient-1-3] DEBUG org.asynchttpclient.netty.channel.ChannelManager - Adding key: http://localhost:7968 for channel [id: 0xccfc25e2, L:/127.0.0.1:54604 - R:localhost/127.0.0.1:7968]
18:23:42.969 [Forwarding findChildElement on session 510f4e476a348551fb82d0556d2e7277 to remote] DEBUG org.asynchttpclient.netty.request.NettyRequestSender - Using pooled Channel '[id: 0xccfc25e2, L:/127.0.0.1:54604 - R:localhost/127.0.0.1:7968]' for 'POST' to 'http://localhost:7968/session/510f4e476a348551fb82d0556d2e7277/element/4856a27e-7dd8-4d3f-bc70-04cbbd12b927/element'
18:23:42.969 [Forwarding findChildElement on session 510f4e476a348551fb82d0556d2e7277 to remote] DEBUG org.asynchttpclient.netty.request.NettyRequestSender - Using open Channel [id: 0xccfc25e2, L:/127.0.0.1:54604 - R:localhost/127.0.0.1:7968] for POST '/session/510f4e476a348551fb82d0556d2e7277/element/4856a27e-7dd8-4d3f-bc70-04cbbd12b927/element'
18:23:42.990 [AsyncHttpClient-1-3] DEBUG org.asynchttpclient.netty.handler.HttpHandler - 

Request DefaultHttpRequest(decodeResult: success, version: HTTP/1.1)
POST /session/510f4e476a348551fb82d0556d2e7277/element/4856a27e-7dd8-4d3f-bc70-04cbbd12b927/element HTTP/1.1
User-Agent: selenium/4.5.3 (java mac)
Content-Length: 106
Content-Type: application/json; charset=utf-8
host: localhost:7968
accept: */*

Response DefaultHttpResponse(decodeResult: success, version: HTTP/1.1)
HTTP/1.1 200 OK
Content-Length: 88
Content-Type: application/json; charset=utf-8
cache-control: no-cache

18:23:42.990 [AsyncHttpClient-1-3] DEBUG org.asynchttpclient.netty.channel.ChannelManager - Adding key: http://localhost:7968 for channel [id: 0xccfc25e2, L:/127.0.0.1:54604 - R:localhost/127.0.0.1:7968]
18:23:42.991 [Forwarding getElementText on session 510f4e476a348551fb82d0556d2e7277 to remote] DEBUG org.asynchttpclient.netty.request.NettyRequestSender - Using pooled Channel '[id: 0xccfc25e2, L:/127.0.0.1:54604 - R:localhost/127.0.0.1:7968]' for 'GET' to 'http://localhost:7968/session/510f4e476a348551fb82d0556d2e7277/element/f000999a-d3e7-4055-b70a-cd15db9105b6/text'
18:23:42.991 [Forwarding getElementText on session 510f4e476a348551fb82d0556d2e7277 to remote] DEBUG org.asynchttpclient.netty.request.NettyRequestSender - Using open Channel [id: 0xccfc25e2, L:/127.0.0.1:54604 - R:localhost/127.0.0.1:7968] for GET '/session/510f4e476a348551fb82d0556d2e7277/element/f000999a-d3e7-4055-b70a-cd15db9105b6/text'
18:23:43.017 [AsyncHttpClient-1-3] DEBUG org.asynchttpclient.netty.handler.HttpHandler - 

Request DefaultFullHttpRequest(decodeResult: success, version: HTTP/1.1, content: EmptyByteBufBE)
GET /session/510f4e476a348551fb82d0556d2e7277/element/f000999a-d3e7-4055-b70a-cd15db9105b6/text HTTP/1.1
User-Agent: selenium/4.5.3 (java mac)
Cache-Control: no-cache
Content-Type: application/json; charset=utf-8
host: localhost:7968
accept: */*

Response DefaultHttpResponse(decodeResult: success, version: HTTP/1.1)
HTTP/1.1 200 OK
Content-Length: 19
Content-Type: application/json; charset=utf-8
cache-control: no-cache

18:23:43.018 [AsyncHttpClient-1-3] DEBUG org.asynchttpclient.netty.channel.ChannelManager - Adding key: http://localhost:7968 for channel [id: 0xccfc25e2, L:/127.0.0.1:54604 - R:localhost/127.0.0.1:7968]
18:23:43.020 [Forwarding findChildElement on session 510f4e476a348551fb82d0556d2e7277 to remote] DEBUG org.asynchttpclient.netty.request.NettyRequestSender - Using pooled Channel '[id: 0xccfc25e2, L:/127.0.0.1:54604 - R:localhost/127.0.0.1:7968]' for 'POST' to 'http://localhost:7968/session/510f4e476a348551fb82d0556d2e7277/element/aa04af32-7338-40dc-b714-dc9cdc17e12b/element'
18:23:43.020 [Forwarding findChildElement on session 510f4e476a348551fb82d0556d2e7277 to remote] DEBUG org.asynchttpclient.netty.request.NettyRequestSender - Using open Channel [id: 0xccfc25e2, L:/127.0.0.1:54604 - R:localhost/127.0.0.1:7968] for POST '/session/510f4e476a348551fb82d0556d2e7277/element/aa04af32-7338-40dc-b714-dc9cdc17e12b/element'
18:23:43.314 [AsyncHttpClient-1-1] DEBUG org.asynchttpclient.netty.channel.DefaultChannelPool - Entry count for : http://localhost:5352 : 1
18:23:43.314 [AsyncHttpClient-1-1] DEBUG org.asynchttpclient.netty.channel.DefaultChannelPool - Entry count for : http://localhost:54610 : 1
18:23:43.497 [AsyncHttpClient-1-3] DEBUG org.asynchttpclient.netty.handler.HttpHandler - 

Request DefaultHttpRequest(decodeResult: success, version: HTTP/1.1)
POST /session/510f4e476a348551fb82d0556d2e7277/element/aa04af32-7338-40dc-b714-dc9cdc17e12b/element HTTP/1.1
User-Agent: selenium/4.5.3 (java mac)
Content-Length: 106
Content-Type: application/json; charset=utf-8
host: localhost:7968
accept: */*

Response DefaultHttpResponse(decodeResult: success, version: HTTP/1.1)
HTTP/1.1 200 OK
Content-Length: 88
Content-Type: application/json; charset=utf-8
cache-control: no-cache

18:23:43.497 [AsyncHttpClient-1-3] DEBUG org.asynchttpclient.netty.channel.ChannelManager - Adding key: http://localhost:7968 for channel [id: 0xccfc25e2, L:/127.0.0.1:54604 - R:localhost/127.0.0.1:7968]
18:23:43.498 [Forwarding getElementText on session 510f4e476a348551fb82d0556d2e7277 to remote] DEBUG org.asynchttpclient.netty.request.NettyRequestSender - Using pooled Channel '[id: 0xccfc25e2, L:/127.0.0.1:54604 - R:localhost/127.0.0.1:7968]' for 'GET' to 'http://localhost:7968/session/510f4e476a348551fb82d0556d2e7277/element/cbaab83b-1bdd-4d02-a0de-4a9737d67157/text'
18:23:43.498 [Forwarding getElementText on session 510f4e476a348551fb82d0556d2e7277 to remote] DEBUG org.asynchttpclient.netty.request.NettyRequestSender - Using open Channel [id: 0xccfc25e2, L:/127.0.0.1:54604 - R:localhost/127.0.0.1:7968] for GET '/session/510f4e476a348551fb82d0556d2e7277/element/cbaab83b-1bdd-4d02-a0de-4a9737d67157/text'
18:23:43.526 [AsyncHttpClient-1-3] DEBUG org.asynchttpclient.netty.handler.HttpHandler - 

Request DefaultFullHttpRequest(decodeResult: success, version: HTTP/1.1, content: EmptyByteBufBE)
GET /session/510f4e476a348551fb82d0556d2e7277/element/cbaab83b-1bdd-4d02-a0de-4a9737d67157/text HTTP/1.1
User-Agent: selenium/4.5.3 (java mac)
Cache-Control: no-cache
Content-Type: application/json; charset=utf-8
host: localhost:7968
accept: */*

Response DefaultHttpResponse(decodeResult: success, version: HTTP/1.1)
HTTP/1.1 200 OK
Content-Length: 72
Content-Type: application/json; charset=utf-8
cache-control: no-cache

18:23:43.527 [AsyncHttpClient-1-3] DEBUG org.asynchttpclient.netty.channel.ChannelManager - Adding key: http://localhost:7968 for channel [id: 0xccfc25e2, L:/127.0.0.1:54604 - R:localhost/127.0.0.1:7968]
18:23:43.528 [Forwarding findChildElement on session 510f4e476a348551fb82d0556d2e7277 to remote] DEBUG org.asynchttpclient.netty.request.NettyRequestSender - Using pooled Channel '[id: 0xccfc25e2, L:/127.0.0.1:54604 - R:localhost/127.0.0.1:7968]' for 'POST' to 'http://localhost:7968/session/510f4e476a348551fb82d0556d2e7277/element/aa04af32-7338-40dc-b714-dc9cdc17e12b/element'
18:23:43.528 [Forwarding findChildElement on session 510f4e476a348551fb82d0556d2e7277 to remote] DEBUG org.asynchttpclient.netty.request.NettyRequestSender - Using open Channel [id: 0xccfc25e2, L:/127.0.0.1:54604 - R:localhost/127.0.0.1:7968] for POST '/session/510f4e476a348551fb82d0556d2e7277/element/aa04af32-7338-40dc-b714-dc9cdc17e12b/element'
18:23:43.676 [AsyncHttpClient-1-3] DEBUG org.asynchttpclient.netty.handler.HttpHandler - 

Request DefaultHttpRequest(decodeResult: success, version: HTTP/1.1)
POST /session/510f4e476a348551fb82d0556d2e7277/element/aa04af32-7338-40dc-b714-dc9cdc17e12b/element HTTP/1.1
User-Agent: selenium/4.5.3 (java mac)
Content-Length: 106
Content-Type: application/json; charset=utf-8
host: localhost:7968
accept: */*

Response DefaultHttpResponse(decodeResult: success, version: HTTP/1.1)
HTTP/1.1 200 OK
Content-Length: 88
Content-Type: application/json; charset=utf-8
cache-control: no-cache

18:23:43.676 [AsyncHttpClient-1-3] DEBUG org.asynchttpclient.netty.channel.ChannelManager - Adding key: http://localhost:7968 for channel [id: 0xccfc25e2, L:/127.0.0.1:54604 - R:localhost/127.0.0.1:7968]
18:23:43.677 [Forwarding getElementText on session 510f4e476a348551fb82d0556d2e7277 to remote] DEBUG org.asynchttpclient.netty.request.NettyRequestSender - Using pooled Channel '[id: 0xccfc25e2, L:/127.0.0.1:54604 - R:localhost/127.0.0.1:7968]' for 'GET' to 'http://localhost:7968/session/510f4e476a348551fb82d0556d2e7277/element/d9d89fe0-b871-446c-9aa0-434d98cdfe4d/text'
18:23:43.677 [Forwarding getElementText on session 510f4e476a348551fb82d0556d2e7277 to remote] DEBUG org.asynchttpclient.netty.request.NettyRequestSender - Using open Channel [id: 0xccfc25e2, L:/127.0.0.1:54604 - R:localhost/127.0.0.1:7968] for GET '/session/510f4e476a348551fb82d0556d2e7277/element/d9d89fe0-b871-446c-9aa0-434d98cdfe4d/text'
18:23:43.694 [AsyncHttpClient-1-3] DEBUG org.asynchttpclient.netty.handler.HttpHandler - 

Request DefaultFullHttpRequest(decodeResult: success, version: HTTP/1.1, content: EmptyByteBufBE)
GET /session/510f4e476a348551fb82d0556d2e7277/element/d9d89fe0-b871-446c-9aa0-434d98cdfe4d/text HTTP/1.1
User-Agent: selenium/4.5.3 (java mac)
Cache-Control: no-cache
Content-Type: application/json; charset=utf-8
host: localhost:7968
accept: */*

Response DefaultHttpResponse(decodeResult: success, version: HTTP/1.1)
HTTP/1.1 200 OK
Content-Length: 18
Content-Type: application/json; charset=utf-8
cache-control: no-cache

18:23:43.694 [AsyncHttpClient-1-3] DEBUG org.asynchttpclient.netty.channel.ChannelManager - Adding key: http://localhost:7968 for channel [id: 0xccfc25e2, L:/127.0.0.1:54604 - R:localhost/127.0.0.1:7968]
18:23:43.696 [Forwarding findChildElement on session 510f4e476a348551fb82d0556d2e7277 to remote] DEBUG org.asynchttpclient.netty.request.NettyRequestSender - Using pooled Channel '[id: 0xccfc25e2, L:/127.0.0.1:54604 - R:localhost/127.0.0.1:7968]' for 'POST' to 'http://localhost:7968/session/510f4e476a348551fb82d0556d2e7277/element/fa6adc4b-7564-441c-a82d-6a89e68c36c5/element'
18:23:43.696 [Forwarding findChildElement on session 510f4e476a348551fb82d0556d2e7277 to remote] DEBUG org.asynchttpclient.netty.request.NettyRequestSender - Using open Channel [id: 0xccfc25e2, L:/127.0.0.1:54604 - R:localhost/127.0.0.1:7968] for POST '/session/510f4e476a348551fb82d0556d2e7277/element/fa6adc4b-7564-441c-a82d-6a89e68c36c5/element'
18:23:43.711 [AsyncHttpClient-1-3] DEBUG org.asynchttpclient.netty.handler.HttpHandler - 

Request DefaultHttpRequest(decodeResult: success, version: HTTP/1.1)
POST /session/510f4e476a348551fb82d0556d2e7277/element/fa6adc4b-7564-441c-a82d-6a89e68c36c5/element HTTP/1.1
User-Agent: selenium/4.5.3 (java mac)
Content-Length: 106
Content-Type: application/json; charset=utf-8
host: localhost:7968
accept: */*

Response DefaultHttpResponse(decodeResult: success, version: HTTP/1.1)
HTTP/1.1 200 OK
Content-Length: 88
Content-Type: application/json; charset=utf-8
cache-control: no-cache

18:23:43.711 [AsyncHttpClient-1-3] DEBUG org.asynchttpclient.netty.channel.ChannelManager - Adding key: http://localhost:7968 for channel [id: 0xccfc25e2, L:/127.0.0.1:54604 - R:localhost/127.0.0.1:7968]
18:23:43.712 [Forwarding getElementText on session 510f4e476a348551fb82d0556d2e7277 to remote] DEBUG org.asynchttpclient.netty.request.NettyRequestSender - Using pooled Channel '[id: 0xccfc25e2, L:/127.0.0.1:54604 - R:localhost/127.0.0.1:7968]' for 'GET' to 'http://localhost:7968/session/510f4e476a348551fb82d0556d2e7277/element/18f5056e-74a9-4178-b0eb-e866ae081fbf/text'
18:23:43.712 [Forwarding getElementText on session 510f4e476a348551fb82d0556d2e7277 to remote] DEBUG org.asynchttpclient.netty.request.NettyRequestSender - Using open Channel [id: 0xccfc25e2, L:/127.0.0.1:54604 - R:localhost/127.0.0.1:7968] for GET '/session/510f4e476a348551fb82d0556d2e7277/element/18f5056e-74a9-4178-b0eb-e866ae081fbf/text'
18:23:43.733 [AsyncHttpClient-1-3] DEBUG org.asynchttpclient.netty.handler.HttpHandler - 

Request DefaultFullHttpRequest(decodeResult: success, version: HTTP/1.1, content: EmptyByteBufBE)
GET /session/510f4e476a348551fb82d0556d2e7277/element/18f5056e-74a9-4178-b0eb-e866ae081fbf/text HTTP/1.1
User-Agent: selenium/4.5.3 (java mac)
Cache-Control: no-cache
Content-Type: application/json; charset=utf-8
host: localhost:7968
accept: */*

Response DefaultHttpResponse(decodeResult: success, version: HTTP/1.1)
HTTP/1.1 200 OK
Content-Length: 92
Content-Type: application/json; charset=utf-8
cache-control: no-cache

18:23:43.733 [AsyncHttpClient-1-3] DEBUG org.asynchttpclient.netty.channel.ChannelManager - Adding key: http://localhost:7968 for channel [id: 0xccfc25e2, L:/127.0.0.1:54604 - R:localhost/127.0.0.1:7968]
18:23:43.735 [Forwarding findChildElement on session 510f4e476a348551fb82d0556d2e7277 to remote] DEBUG org.asynchttpclient.netty.request.NettyRequestSender - Using pooled Channel '[id: 0xccfc25e2, L:/127.0.0.1:54604 - R:localhost/127.0.0.1:7968]' for 'POST' to 'http://localhost:7968/session/510f4e476a348551fb82d0556d2e7277/element/fa6adc4b-7564-441c-a82d-6a89e68c36c5/element'
18:23:43.735 [Forwarding findChildElement on session 510f4e476a348551fb82d0556d2e7277 to remote] DEBUG org.asynchttpclient.netty.request.NettyRequestSender - Using open Channel [id: 0xccfc25e2, L:/127.0.0.1:54604 - R:localhost/127.0.0.1:7968] for POST '/session/510f4e476a348551fb82d0556d2e7277/element/fa6adc4b-7564-441c-a82d-6a89e68c36c5/element'
18:23:43.763 [AsyncHttpClient-1-3] DEBUG org.asynchttpclient.netty.handler.HttpHandler - 

Request DefaultHttpRequest(decodeResult: success, version: HTTP/1.1)
POST /session/510f4e476a348551fb82d0556d2e7277/element/fa6adc4b-7564-441c-a82d-6a89e68c36c5/element HTTP/1.1
User-Agent: selenium/4.5.3 (java mac)
Content-Length: 106
Content-Type: application/json; charset=utf-8
host: localhost:7968
accept: */*

Response DefaultHttpResponse(decodeResult: success, version: HTTP/1.1)
HTTP/1.1 200 OK
Content-Length: 88
Content-Type: application/json; charset=utf-8
cache-control: no-cache

18:23:43.763 [AsyncHttpClient-1-3] DEBUG org.asynchttpclient.netty.channel.ChannelManager - Adding key: http://localhost:7968 for channel [id: 0xccfc25e2, L:/127.0.0.1:54604 - R:localhost/127.0.0.1:7968]
18:23:43.764 [Forwarding getElementText on session 510f4e476a348551fb82d0556d2e7277 to remote] DEBUG org.asynchttpclient.netty.request.NettyRequestSender - Using pooled Channel '[id: 0xccfc25e2, L:/127.0.0.1:54604 - R:localhost/127.0.0.1:7968]' for 'GET' to 'http://localhost:7968/session/510f4e476a348551fb82d0556d2e7277/element/6f46e670-588d-4fcd-85e6-562a9e13191e/text'
18:23:43.764 [Forwarding getElementText on session 510f4e476a348551fb82d0556d2e7277 to remote] DEBUG org.asynchttpclient.netty.request.NettyRequestSender - Using open Channel [id: 0xccfc25e2, L:/127.0.0.1:54604 - R:localhost/127.0.0.1:7968] for GET '/session/510f4e476a348551fb82d0556d2e7277/element/6f46e670-588d-4fcd-85e6-562a9e13191e/text'
18:23:43.936 [AsyncHttpClient-1-3] DEBUG org.asynchttpclient.netty.handler.HttpHandler - 

Request DefaultFullHttpRequest(decodeResult: success, version: HTTP/1.1, content: EmptyByteBufBE)
GET /session/510f4e476a348551fb82d0556d2e7277/element/6f46e670-588d-4fcd-85e6-562a9e13191e/text HTTP/1.1
User-Agent: selenium/4.5.3 (java mac)
Cache-Control: no-cache
Content-Type: application/json; charset=utf-8
host: localhost:7968
accept: */*

Response DefaultHttpResponse(decodeResult: success, version: HTTP/1.1)
HTTP/1.1 200 OK
Content-Length: 21
Content-Type: application/json; charset=utf-8
cache-control: no-cache

18:23:43.936 [AsyncHttpClient-1-3] DEBUG org.asynchttpclient.netty.channel.ChannelManager - Adding key: http://localhost:7968 for channel [id: 0xccfc25e2, L:/127.0.0.1:54604 - R:localhost/127.0.0.1:7968]
18:23:43.937 [Forwarding findChildElement on session 510f4e476a348551fb82d0556d2e7277 to remote] DEBUG org.asynchttpclient.netty.request.NettyRequestSender - Using pooled Channel '[id: 0xccfc25e2, L:/127.0.0.1:54604 - R:localhost/127.0.0.1:7968]' for 'POST' to 'http://localhost:7968/session/510f4e476a348551fb82d0556d2e7277/element/7e006c94-f843-4126-9e6e-ddb8b8214e47/element'
18:23:43.937 [Forwarding findChildElement on session 510f4e476a348551fb82d0556d2e7277 to remote] DEBUG org.asynchttpclient.netty.request.NettyRequestSender - Using open Channel [id: 0xccfc25e2, L:/127.0.0.1:54604 - R:localhost/127.0.0.1:7968] for POST '/session/510f4e476a348551fb82d0556d2e7277/element/7e006c94-f843-4126-9e6e-ddb8b8214e47/element'
18:23:43.993 [AsyncHttpClient-1-3] DEBUG org.asynchttpclient.netty.handler.HttpHandler - 

Request DefaultHttpRequest(decodeResult: success, version: HTTP/1.1)
POST /session/510f4e476a348551fb82d0556d2e7277/element/7e006c94-f843-4126-9e6e-ddb8b8214e47/element HTTP/1.1
User-Agent: selenium/4.5.3 (java mac)
Content-Length: 106
Content-Type: application/json; charset=utf-8
host: localhost:7968
accept: */*

Response DefaultHttpResponse(decodeResult: success, version: HTTP/1.1)
HTTP/1.1 200 OK
Content-Length: 88
Content-Type: application/json; charset=utf-8
cache-control: no-cache

18:23:43.993 [AsyncHttpClient-1-3] DEBUG org.asynchttpclient.netty.channel.ChannelManager - Adding key: http://localhost:7968 for channel [id: 0xccfc25e2, L:/127.0.0.1:54604 - R:localhost/127.0.0.1:7968]
18:23:43.994 [Forwarding getElementText on session 510f4e476a348551fb82d0556d2e7277 to remote] DEBUG org.asynchttpclient.netty.request.NettyRequestSender - Using pooled Channel '[id: 0xccfc25e2, L:/127.0.0.1:54604 - R:localhost/127.0.0.1:7968]' for 'GET' to 'http://localhost:7968/session/510f4e476a348551fb82d0556d2e7277/element/8b0f4c5e-c65b-405e-9cfb-ae174fed7523/text'
18:23:43.994 [Forwarding getElementText on session 510f4e476a348551fb82d0556d2e7277 to remote] DEBUG org.asynchttpclient.netty.request.NettyRequestSender - Using open Channel [id: 0xccfc25e2, L:/127.0.0.1:54604 - R:localhost/127.0.0.1:7968] for GET '/session/510f4e476a348551fb82d0556d2e7277/element/8b0f4c5e-c65b-405e-9cfb-ae174fed7523/text'
18:23:44.124 [AsyncHttpClient-1-3] DEBUG org.asynchttpclient.netty.handler.HttpHandler - 

Request DefaultFullHttpRequest(decodeResult: success, version: HTTP/1.1, content: EmptyByteBufBE)
GET /session/510f4e476a348551fb82d0556d2e7277/element/8b0f4c5e-c65b-405e-9cfb-ae174fed7523/text HTTP/1.1
User-Agent: selenium/4.5.3 (java mac)
Cache-Control: no-cache
Content-Type: application/json; charset=utf-8
host: localhost:7968
accept: */*

Response DefaultHttpResponse(decodeResult: success, version: HTTP/1.1)
HTTP/1.1 200 OK
Content-Length: 91
Content-Type: application/json; charset=utf-8
cache-control: no-cache

18:23:44.124 [AsyncHttpClient-1-3] DEBUG org.asynchttpclient.netty.channel.ChannelManager - Adding key: http://localhost:7968 for channel [id: 0xccfc25e2, L:/127.0.0.1:54604 - R:localhost/127.0.0.1:7968]
18:23:44.125 [Forwarding findChildElement on session 510f4e476a348551fb82d0556d2e7277 to remote] DEBUG org.asynchttpclient.netty.request.NettyRequestSender - Using pooled Channel '[id: 0xccfc25e2, L:/127.0.0.1:54604 - R:localhost/127.0.0.1:7968]' for 'POST' to 'http://localhost:7968/session/510f4e476a348551fb82d0556d2e7277/element/7e006c94-f843-4126-9e6e-ddb8b8214e47/element'
18:23:44.125 [Forwarding findChildElement on session 510f4e476a348551fb82d0556d2e7277 to remote] DEBUG org.asynchttpclient.netty.request.NettyRequestSender - Using open Channel [id: 0xccfc25e2, L:/127.0.0.1:54604 - R:localhost/127.0.0.1:7968] for POST '/session/510f4e476a348551fb82d0556d2e7277/element/7e006c94-f843-4126-9e6e-ddb8b8214e47/element'
18:23:44.149 [AsyncHttpClient-1-3] DEBUG org.asynchttpclient.netty.handler.HttpHandler - 

Request DefaultHttpRequest(decodeResult: success, version: HTTP/1.1)
POST /session/510f4e476a348551fb82d0556d2e7277/element/7e006c94-f843-4126-9e6e-ddb8b8214e47/element HTTP/1.1
User-Agent: selenium/4.5.3 (java mac)
Content-Length: 106
Content-Type: application/json; charset=utf-8
host: localhost:7968
accept: */*

Response DefaultHttpResponse(decodeResult: success, version: HTTP/1.1)
HTTP/1.1 200 OK
Content-Length: 88
Content-Type: application/json; charset=utf-8
cache-control: no-cache

18:23:44.149 [AsyncHttpClient-1-3] DEBUG org.asynchttpclient.netty.channel.ChannelManager - Adding key: http://localhost:7968 for channel [id: 0xccfc25e2, L:/127.0.0.1:54604 - R:localhost/127.0.0.1:7968]
18:23:44.150 [Forwarding getElementText on session 510f4e476a348551fb82d0556d2e7277 to remote] DEBUG org.asynchttpclient.netty.request.NettyRequestSender - Using pooled Channel '[id: 0xccfc25e2, L:/127.0.0.1:54604 - R:localhost/127.0.0.1:7968]' for 'GET' to 'http://localhost:7968/session/510f4e476a348551fb82d0556d2e7277/element/d49e560b-855b-499c-8c55-14a113c771b3/text'
18:23:44.150 [Forwarding getElementText on session 510f4e476a348551fb82d0556d2e7277 to remote] DEBUG org.asynchttpclient.netty.request.NettyRequestSender - Using open Channel [id: 0xccfc25e2, L:/127.0.0.1:54604 - R:localhost/127.0.0.1:7968] for GET '/session/510f4e476a348551fb82d0556d2e7277/element/d49e560b-855b-499c-8c55-14a113c771b3/text'
18:23:44.228 [AsyncHttpClient-1-3] DEBUG org.asynchttpclient.netty.handler.HttpHandler - 

Request DefaultFullHttpRequest(decodeResult: success, version: HTTP/1.1, content: EmptyByteBufBE)
GET /session/510f4e476a348551fb82d0556d2e7277/element/d49e560b-855b-499c-8c55-14a113c771b3/text HTTP/1.1
User-Agent: selenium/4.5.3 (java mac)
Cache-Control: no-cache
Content-Type: application/json; charset=utf-8
host: localhost:7968
accept: */*

Response DefaultHttpResponse(decodeResult: success, version: HTTP/1.1)
HTTP/1.1 200 OK
Content-Length: 19
Content-Type: application/json; charset=utf-8
cache-control: no-cache

18:23:44.228 [AsyncHttpClient-1-3] DEBUG org.asynchttpclient.netty.channel.ChannelManager - Adding key: http://localhost:7968 for channel [id: 0xccfc25e2, L:/127.0.0.1:54604 - R:localhost/127.0.0.1:7968]
18:23:44.229 [Forwarding findChildElement on session 510f4e476a348551fb82d0556d2e7277 to remote] DEBUG org.asynchttpclient.netty.request.NettyRequestSender - Using pooled Channel '[id: 0xccfc25e2, L:/127.0.0.1:54604 - R:localhost/127.0.0.1:7968]' for 'POST' to 'http://localhost:7968/session/510f4e476a348551fb82d0556d2e7277/element/e908d222-1642-4aba-98c8-0e7212d20ebd/element'
18:23:44.229 [Forwarding findChildElement on session 510f4e476a348551fb82d0556d2e7277 to remote] DEBUG org.asynchttpclient.netty.request.NettyRequestSender - Using open Channel [id: 0xccfc25e2, L:/127.0.0.1:54604 - R:localhost/127.0.0.1:7968] for POST '/session/510f4e476a348551fb82d0556d2e7277/element/e908d222-1642-4aba-98c8-0e7212d20ebd/element'
18:23:44.311 [AsyncHttpClient-1-3] DEBUG org.asynchttpclient.netty.handler.HttpHandler - 

Request DefaultHttpRequest(decodeResult: success, version: HTTP/1.1)
POST /session/510f4e476a348551fb82d0556d2e7277/element/e908d222-1642-4aba-98c8-0e7212d20ebd/element HTTP/1.1
User-Agent: selenium/4.5.3 (java mac)
Content-Length: 106
Content-Type: application/json; charset=utf-8
host: localhost:7968
accept: */*

Response DefaultHttpResponse(decodeResult: success, version: HTTP/1.1)
HTTP/1.1 200 OK
Content-Length: 88
Content-Type: application/json; charset=utf-8
cache-control: no-cache

18:23:44.311 [AsyncHttpClient-1-3] DEBUG org.asynchttpclient.netty.channel.ChannelManager - Adding key: http://localhost:7968 for channel [id: 0xccfc25e2, L:/127.0.0.1:54604 - R:localhost/127.0.0.1:7968]
18:23:44.312 [Forwarding getElementText on session 510f4e476a348551fb82d0556d2e7277 to remote] DEBUG org.asynchttpclient.netty.request.NettyRequestSender - Using pooled Channel '[id: 0xccfc25e2, L:/127.0.0.1:54604 - R:localhost/127.0.0.1:7968]' for 'GET' to 'http://localhost:7968/session/510f4e476a348551fb82d0556d2e7277/element/5c3d41cb-6adc-4f11-9b14-c7d3e1beec58/text'
18:23:44.312 [Forwarding getElementText on session 510f4e476a348551fb82d0556d2e7277 to remote] DEBUG org.asynchttpclient.netty.request.NettyRequestSender - Using open Channel [id: 0xccfc25e2, L:/127.0.0.1:54604 - R:localhost/127.0.0.1:7968] for GET '/session/510f4e476a348551fb82d0556d2e7277/element/5c3d41cb-6adc-4f11-9b14-c7d3e1beec58/text'
18:23:44.357 [AsyncHttpClient-1-3] DEBUG org.asynchttpclient.netty.handler.HttpHandler - 

Request DefaultFullHttpRequest(decodeResult: success, version: HTTP/1.1, content: EmptyByteBufBE)
GET /session/510f4e476a348551fb82d0556d2e7277/element/5c3d41cb-6adc-4f11-9b14-c7d3e1beec58/text HTTP/1.1
User-Agent: selenium/4.5.3 (java mac)
Cache-Control: no-cache
Content-Type: application/json; charset=utf-8
host: localhost:7968
accept: */*

Response DefaultHttpResponse(decodeResult: success, version: HTTP/1.1)
HTTP/1.1 200 OK
Content-Length: 86
Content-Type: application/json; charset=utf-8
cache-control: no-cache

18:23:44.357 [AsyncHttpClient-1-3] DEBUG org.asynchttpclient.netty.channel.ChannelManager - Adding key: http://localhost:7968 for channel [id: 0xccfc25e2, L:/127.0.0.1:54604 - R:localhost/127.0.0.1:7968]
18:23:44.359 [Forwarding findChildElement on session 510f4e476a348551fb82d0556d2e7277 to remote] DEBUG org.asynchttpclient.netty.request.NettyRequestSender - Using pooled Channel '[id: 0xccfc25e2, L:/127.0.0.1:54604 - R:localhost/127.0.0.1:7968]' for 'POST' to 'http://localhost:7968/session/510f4e476a348551fb82d0556d2e7277/element/e908d222-1642-4aba-98c8-0e7212d20ebd/element'
18:23:44.359 [Forwarding findChildElement on session 510f4e476a348551fb82d0556d2e7277 to remote] DEBUG org.asynchttpclient.netty.request.NettyRequestSender - Using open Channel [id: 0xccfc25e2, L:/127.0.0.1:54604 - R:localhost/127.0.0.1:7968] for POST '/session/510f4e476a348551fb82d0556d2e7277/element/e908d222-1642-4aba-98c8-0e7212d20ebd/element'
18:23:44.373 [AsyncHttpClient-1-3] DEBUG org.asynchttpclient.netty.handler.HttpHandler - 

Request DefaultHttpRequest(decodeResult: success, version: HTTP/1.1)
POST /session/510f4e476a348551fb82d0556d2e7277/element/e908d222-1642-4aba-98c8-0e7212d20ebd/element HTTP/1.1
User-Agent: selenium/4.5.3 (java mac)
Content-Length: 106
Content-Type: application/json; charset=utf-8
host: localhost:7968
accept: */*

Response DefaultHttpResponse(decodeResult: success, version: HTTP/1.1)
HTTP/1.1 200 OK
Content-Length: 88
Content-Type: application/json; charset=utf-8
cache-control: no-cache

18:23:44.373 [AsyncHttpClient-1-3] DEBUG org.asynchttpclient.netty.channel.ChannelManager - Adding key: http://localhost:7968 for channel [id: 0xccfc25e2, L:/127.0.0.1:54604 - R:localhost/127.0.0.1:7968]
18:23:44.373 [Forwarding getElementText on session 510f4e476a348551fb82d0556d2e7277 to remote] DEBUG org.asynchttpclient.netty.request.NettyRequestSender - Using pooled Channel '[id: 0xccfc25e2, L:/127.0.0.1:54604 - R:localhost/127.0.0.1:7968]' for 'GET' to 'http://localhost:7968/session/510f4e476a348551fb82d0556d2e7277/element/eac9503f-39d5-4114-a02c-8164b6a6eb8f/text'
18:23:44.373 [Forwarding getElementText on session 510f4e476a348551fb82d0556d2e7277 to remote] DEBUG org.asynchttpclient.netty.request.NettyRequestSender - Using open Channel [id: 0xccfc25e2, L:/127.0.0.1:54604 - R:localhost/127.0.0.1:7968] for GET '/session/510f4e476a348551fb82d0556d2e7277/element/eac9503f-39d5-4114-a02c-8164b6a6eb8f/text'
18:23:44.400 [AsyncHttpClient-1-3] DEBUG org.asynchttpclient.netty.handler.HttpHandler - 

Request DefaultFullHttpRequest(decodeResult: success, version: HTTP/1.1, content: EmptyByteBufBE)
GET /session/510f4e476a348551fb82d0556d2e7277/element/eac9503f-39d5-4114-a02c-8164b6a6eb8f/text HTTP/1.1
User-Agent: selenium/4.5.3 (java mac)
Cache-Control: no-cache
Content-Type: application/json; charset=utf-8
host: localhost:7968
accept: */*

Response DefaultHttpResponse(decodeResult: success, version: HTTP/1.1)
HTTP/1.1 200 OK
Content-Length: 30
Content-Type: application/json; charset=utf-8
cache-control: no-cache

18:23:44.400 [AsyncHttpClient-1-3] DEBUG org.asynchttpclient.netty.channel.ChannelManager - Adding key: http://localhost:7968 for channel [id: 0xccfc25e2, L:/127.0.0.1:54604 - R:localhost/127.0.0.1:7968]
18:23:44.406 [Forwarding findChildElement on session 510f4e476a348551fb82d0556d2e7277 to remote] DEBUG org.asynchttpclient.netty.request.NettyRequestSender - Using pooled Channel '[id: 0xccfc25e2, L:/127.0.0.1:54604 - R:localhost/127.0.0.1:7968]' for 'POST' to 'http://localhost:7968/session/510f4e476a348551fb82d0556d2e7277/element/3a943150-3235-4161-b7fd-470094a08fcd/element'
18:23:44.406 [Forwarding findChildElement on session 510f4e476a348551fb82d0556d2e7277 to remote] DEBUG org.asynchttpclient.netty.request.NettyRequestSender - Using open Channel [id: 0xccfc25e2, L:/127.0.0.1:54604 - R:localhost/127.0.0.1:7968] for POST '/session/510f4e476a348551fb82d0556d2e7277/element/3a943150-3235-4161-b7fd-470094a08fcd/element'
18:23:44.410 [AsyncHttpClient-1-1] DEBUG org.asynchttpclient.netty.channel.DefaultChannelPool - Entry count for : http://localhost:5352 : 1
18:23:44.410 [AsyncHttpClient-1-1] DEBUG org.asynchttpclient.netty.channel.DefaultChannelPool - Entry count for : http://localhost:54610 : 1
18:23:44.483 [AsyncHttpClient-1-3] DEBUG org.asynchttpclient.netty.handler.HttpHandler - 

Request DefaultHttpRequest(decodeResult: success, version: HTTP/1.1)
POST /session/510f4e476a348551fb82d0556d2e7277/element/3a943150-3235-4161-b7fd-470094a08fcd/element HTTP/1.1
User-Agent: selenium/4.5.3 (java mac)
Content-Length: 106
Content-Type: application/json; charset=utf-8
host: localhost:7968
accept: */*

Response DefaultHttpResponse(decodeResult: success, version: HTTP/1.1)
HTTP/1.1 200 OK
Content-Length: 88
Content-Type: application/json; charset=utf-8
cache-control: no-cache

18:23:44.484 [AsyncHttpClient-1-3] DEBUG org.asynchttpclient.netty.channel.ChannelManager - Adding key: http://localhost:7968 for channel [id: 0xccfc25e2, L:/127.0.0.1:54604 - R:localhost/127.0.0.1:7968]
18:23:44.484 [Forwarding getElementText on session 510f4e476a348551fb82d0556d2e7277 to remote] DEBUG org.asynchttpclient.netty.request.NettyRequestSender - Using pooled Channel '[id: 0xccfc25e2, L:/127.0.0.1:54604 - R:localhost/127.0.0.1:7968]' for 'GET' to 'http://localhost:7968/session/510f4e476a348551fb82d0556d2e7277/element/1c14766e-b0b3-46ae-8171-9029377ec13b/text'
18:23:44.485 [Forwarding getElementText on session 510f4e476a348551fb82d0556d2e7277 to remote] DEBUG org.asynchttpclient.netty.request.NettyRequestSender - Using open Channel [id: 0xccfc25e2, L:/127.0.0.1:54604 - R:localhost/127.0.0.1:7968] for GET '/session/510f4e476a348551fb82d0556d2e7277/element/1c14766e-b0b3-46ae-8171-9029377ec13b/text'
18:23:44.510 [AsyncHttpClient-1-3] DEBUG org.asynchttpclient.netty.handler.HttpHandler - 

Request DefaultFullHttpRequest(decodeResult: success, version: HTTP/1.1, content: EmptyByteBufBE)
GET /session/510f4e476a348551fb82d0556d2e7277/element/1c14766e-b0b3-46ae-8171-9029377ec13b/text HTTP/1.1
User-Agent: selenium/4.5.3 (java mac)
Cache-Control: no-cache
Content-Type: application/json; charset=utf-8
host: localhost:7968
accept: */*

Response DefaultHttpResponse(decodeResult: success, version: HTTP/1.1)
HTTP/1.1 200 OK
Content-Length: 88
Content-Type: application/json; charset=utf-8
cache-control: no-cache

18:23:44.510 [AsyncHttpClient-1-3] DEBUG org.asynchttpclient.netty.channel.ChannelManager - Adding key: http://localhost:7968 for channel [id: 0xccfc25e2, L:/127.0.0.1:54604 - R:localhost/127.0.0.1:7968]
18:23:44.511 [Forwarding findChildElement on session 510f4e476a348551fb82d0556d2e7277 to remote] DEBUG org.asynchttpclient.netty.request.NettyRequestSender - Using pooled Channel '[id: 0xccfc25e2, L:/127.0.0.1:54604 - R:localhost/127.0.0.1:7968]' for 'POST' to 'http://localhost:7968/session/510f4e476a348551fb82d0556d2e7277/element/3a943150-3235-4161-b7fd-470094a08fcd/element'
18:23:44.511 [Forwarding findChildElement on session 510f4e476a348551fb82d0556d2e7277 to remote] DEBUG org.asynchttpclient.netty.request.NettyRequestSender - Using open Channel [id: 0xccfc25e2, L:/127.0.0.1:54604 - R:localhost/127.0.0.1:7968] for POST '/session/510f4e476a348551fb82d0556d2e7277/element/3a943150-3235-4161-b7fd-470094a08fcd/element'
18:23:44.557 [AsyncHttpClient-1-3] DEBUG org.asynchttpclient.netty.handler.HttpHandler - 

Request DefaultHttpRequest(decodeResult: success, version: HTTP/1.1)
POST /session/510f4e476a348551fb82d0556d2e7277/element/3a943150-3235-4161-b7fd-470094a08fcd/element HTTP/1.1
User-Agent: selenium/4.5.3 (java mac)
Content-Length: 106
Content-Type: application/json; charset=utf-8
host: localhost:7968
accept: */*

Response DefaultHttpResponse(decodeResult: success, version: HTTP/1.1)
HTTP/1.1 200 OK
Content-Length: 88
Content-Type: application/json; charset=utf-8
cache-control: no-cache

18:23:44.557 [AsyncHttpClient-1-3] DEBUG org.asynchttpclient.netty.channel.ChannelManager - Adding key: http://localhost:7968 for channel [id: 0xccfc25e2, L:/127.0.0.1:54604 - R:localhost/127.0.0.1:7968]
18:23:44.558 [Forwarding getElementText on session 510f4e476a348551fb82d0556d2e7277 to remote] DEBUG org.asynchttpclient.netty.request.NettyRequestSender - Using pooled Channel '[id: 0xccfc25e2, L:/127.0.0.1:54604 - R:localhost/127.0.0.1:7968]' for 'GET' to 'http://localhost:7968/session/510f4e476a348551fb82d0556d2e7277/element/d39e6901-c941-4395-902f-91b14cc12d9e/text'
18:23:44.558 [Forwarding getElementText on session 510f4e476a348551fb82d0556d2e7277 to remote] DEBUG org.asynchttpclient.netty.request.NettyRequestSender - Using open Channel [id: 0xccfc25e2, L:/127.0.0.1:54604 - R:localhost/127.0.0.1:7968] for GET '/session/510f4e476a348551fb82d0556d2e7277/element/d39e6901-c941-4395-902f-91b14cc12d9e/text'
18:23:44.598 [AsyncHttpClient-1-3] DEBUG org.asynchttpclient.netty.handler.HttpHandler - 

Request DefaultFullHttpRequest(decodeResult: success, version: HTTP/1.1, content: EmptyByteBufBE)
GET /session/510f4e476a348551fb82d0556d2e7277/element/d39e6901-c941-4395-902f-91b14cc12d9e/text HTTP/1.1
User-Agent: selenium/4.5.3 (java mac)
Cache-Control: no-cache
Content-Type: application/json; charset=utf-8
host: localhost:7968
accept: */*

Response DefaultHttpResponse(decodeResult: success, version: HTTP/1.1)
HTTP/1.1 200 OK
Content-Length: 19
Content-Type: application/json; charset=utf-8
cache-control: no-cache

18:23:44.598 [AsyncHttpClient-1-3] DEBUG org.asynchttpclient.netty.channel.ChannelManager - Adding key: http://localhost:7968 for channel [id: 0xccfc25e2, L:/127.0.0.1:54604 - R:localhost/127.0.0.1:7968]
18:23:44.600 [Forwarding findChildElement on session 510f4e476a348551fb82d0556d2e7277 to remote] DEBUG org.asynchttpclient.netty.request.NettyRequestSender - Using pooled Channel '[id: 0xccfc25e2, L:/127.0.0.1:54604 - R:localhost/127.0.0.1:7968]' for 'POST' to 'http://localhost:7968/session/510f4e476a348551fb82d0556d2e7277/element/331d35bf-6911-4d12-8b39-a02c2a50ed39/element'
18:23:44.600 [Forwarding findChildElement on session 510f4e476a348551fb82d0556d2e7277 to remote] DEBUG org.asynchttpclient.netty.request.NettyRequestSender - Using open Channel [id: 0xccfc25e2, L:/127.0.0.1:54604 - R:localhost/127.0.0.1:7968] for POST '/session/510f4e476a348551fb82d0556d2e7277/element/331d35bf-6911-4d12-8b39-a02c2a50ed39/element'
18:23:44.614 [AsyncHttpClient-1-3] DEBUG org.asynchttpclient.netty.handler.HttpHandler - 

Request DefaultHttpRequest(decodeResult: success, version: HTTP/1.1)
POST /session/510f4e476a348551fb82d0556d2e7277/element/331d35bf-6911-4d12-8b39-a02c2a50ed39/element HTTP/1.1
User-Agent: selenium/4.5.3 (java mac)
Content-Length: 106
Content-Type: application/json; charset=utf-8
host: localhost:7968
accept: */*

Response DefaultHttpResponse(decodeResult: success, version: HTTP/1.1)
HTTP/1.1 200 OK
Content-Length: 88
Content-Type: application/json; charset=utf-8
cache-control: no-cache

18:23:44.614 [AsyncHttpClient-1-3] DEBUG org.asynchttpclient.netty.channel.ChannelManager - Adding key: http://localhost:7968 for channel [id: 0xccfc25e2, L:/127.0.0.1:54604 - R:localhost/127.0.0.1:7968]
18:23:44.615 [Forwarding getElementText on session 510f4e476a348551fb82d0556d2e7277 to remote] DEBUG org.asynchttpclient.netty.request.NettyRequestSender - Using pooled Channel '[id: 0xccfc25e2, L:/127.0.0.1:54604 - R:localhost/127.0.0.1:7968]' for 'GET' to 'http://localhost:7968/session/510f4e476a348551fb82d0556d2e7277/element/2158ab33-e54d-43af-8480-14140bf52f86/text'
18:23:44.615 [Forwarding getElementText on session 510f4e476a348551fb82d0556d2e7277 to remote] DEBUG org.asynchttpclient.netty.request.NettyRequestSender - Using open Channel [id: 0xccfc25e2, L:/127.0.0.1:54604 - R:localhost/127.0.0.1:7968] for GET '/session/510f4e476a348551fb82d0556d2e7277/element/2158ab33-e54d-43af-8480-14140bf52f86/text'
18:23:44.663 [AsyncHttpClient-1-3] DEBUG org.asynchttpclient.netty.handler.HttpHandler - 

Request DefaultFullHttpRequest(decodeResult: success, version: HTTP/1.1, content: EmptyByteBufBE)
GET /session/510f4e476a348551fb82d0556d2e7277/element/2158ab33-e54d-43af-8480-14140bf52f86/text HTTP/1.1
User-Agent: selenium/4.5.3 (java mac)
Cache-Control: no-cache
Content-Type: application/json; charset=utf-8
host: localhost:7968
accept: */*

Response DefaultHttpResponse(decodeResult: success, version: HTTP/1.1)
HTTP/1.1 200 OK
Content-Length: 92
Content-Type: application/json; charset=utf-8
cache-control: no-cache

18:23:44.663 [AsyncHttpClient-1-3] DEBUG org.asynchttpclient.netty.channel.ChannelManager - Adding key: http://localhost:7968 for channel [id: 0xccfc25e2, L:/127.0.0.1:54604 - R:localhost/127.0.0.1:7968]
18:23:44.664 [Forwarding findChildElement on session 510f4e476a348551fb82d0556d2e7277 to remote] DEBUG org.asynchttpclient.netty.request.NettyRequestSender - Using pooled Channel '[id: 0xccfc25e2, L:/127.0.0.1:54604 - R:localhost/127.0.0.1:7968]' for 'POST' to 'http://localhost:7968/session/510f4e476a348551fb82d0556d2e7277/element/331d35bf-6911-4d12-8b39-a02c2a50ed39/element'
18:23:44.664 [Forwarding findChildElement on session 510f4e476a348551fb82d0556d2e7277 to remote] DEBUG org.asynchttpclient.netty.request.NettyRequestSender - Using open Channel [id: 0xccfc25e2, L:/127.0.0.1:54604 - R:localhost/127.0.0.1:7968] for POST '/session/510f4e476a348551fb82d0556d2e7277/element/331d35bf-6911-4d12-8b39-a02c2a50ed39/element'
18:23:44.683 [AsyncHttpClient-1-3] DEBUG org.asynchttpclient.netty.handler.HttpHandler - 

Request DefaultHttpRequest(decodeResult: success, version: HTTP/1.1)
POST /session/510f4e476a348551fb82d0556d2e7277/element/331d35bf-6911-4d12-8b39-a02c2a50ed39/element HTTP/1.1
User-Agent: selenium/4.5.3 (java mac)
Content-Length: 106
Content-Type: application/json; charset=utf-8
host: localhost:7968
accept: */*

Response DefaultHttpResponse(decodeResult: success, version: HTTP/1.1)
HTTP/1.1 200 OK
Content-Length: 88
Content-Type: application/json; charset=utf-8
cache-control: no-cache

18:23:44.684 [AsyncHttpClient-1-3] DEBUG org.asynchttpclient.netty.channel.ChannelManager - Adding key: http://localhost:7968 for channel [id: 0xccfc25e2, L:/127.0.0.1:54604 - R:localhost/127.0.0.1:7968]
18:23:44.684 [Forwarding getElementText on session 510f4e476a348551fb82d0556d2e7277 to remote] DEBUG org.asynchttpclient.netty.request.NettyRequestSender - Using pooled Channel '[id: 0xccfc25e2, L:/127.0.0.1:54604 - R:localhost/127.0.0.1:7968]' for 'GET' to 'http://localhost:7968/session/510f4e476a348551fb82d0556d2e7277/element/9a1e5676-3860-40cb-b963-70fdecec984f/text'
18:23:44.684 [Forwarding getElementText on session 510f4e476a348551fb82d0556d2e7277 to remote] DEBUG org.asynchttpclient.netty.request.NettyRequestSender - Using open Channel [id: 0xccfc25e2, L:/127.0.0.1:54604 - R:localhost/127.0.0.1:7968] for GET '/session/510f4e476a348551fb82d0556d2e7277/element/9a1e5676-3860-40cb-b963-70fdecec984f/text'
18:23:44.755 [AsyncHttpClient-1-3] DEBUG org.asynchttpclient.netty.handler.HttpHandler - 

Request DefaultFullHttpRequest(decodeResult: success, version: HTTP/1.1, content: EmptyByteBufBE)
GET /session/510f4e476a348551fb82d0556d2e7277/element/9a1e5676-3860-40cb-b963-70fdecec984f/text HTTP/1.1
User-Agent: selenium/4.5.3 (java mac)
Cache-Control: no-cache
Content-Type: application/json; charset=utf-8
host: localhost:7968
accept: */*

Response DefaultHttpResponse(decodeResult: success, version: HTTP/1.1)
HTTP/1.1 200 OK
Content-Length: 19
Content-Type: application/json; charset=utf-8
cache-control: no-cache

18:23:44.755 [AsyncHttpClient-1-3] DEBUG org.asynchttpclient.netty.channel.ChannelManager - Adding key: http://localhost:7968 for channel [id: 0xccfc25e2, L:/127.0.0.1:54604 - R:localhost/127.0.0.1:7968]
18:23:44.756 [Forwarding findChildElement on session 510f4e476a348551fb82d0556d2e7277 to remote] DEBUG org.asynchttpclient.netty.request.NettyRequestSender - Using pooled Channel '[id: 0xccfc25e2, L:/127.0.0.1:54604 - R:localhost/127.0.0.1:7968]' for 'POST' to 'http://localhost:7968/session/510f4e476a348551fb82d0556d2e7277/element/45f447d3-b3d4-49ee-bcc8-cda579847bc0/element'
18:23:44.757 [Forwarding findChildElement on session 510f4e476a348551fb82d0556d2e7277 to remote] DEBUG org.asynchttpclient.netty.request.NettyRequestSender - Using open Channel [id: 0xccfc25e2, L:/127.0.0.1:54604 - R:localhost/127.0.0.1:7968] for POST '/session/510f4e476a348551fb82d0556d2e7277/element/45f447d3-b3d4-49ee-bcc8-cda579847bc0/element'
18:23:44.845 [AsyncHttpClient-1-3] DEBUG org.asynchttpclient.netty.handler.HttpHandler - 

Request DefaultHttpRequest(decodeResult: success, version: HTTP/1.1)
POST /session/510f4e476a348551fb82d0556d2e7277/element/45f447d3-b3d4-49ee-bcc8-cda579847bc0/element HTTP/1.1
User-Agent: selenium/4.5.3 (java mac)
Content-Length: 106
Content-Type: application/json; charset=utf-8
host: localhost:7968
accept: */*

Response DefaultHttpResponse(decodeResult: success, version: HTTP/1.1)
HTTP/1.1 200 OK
Content-Length: 88
Content-Type: application/json; charset=utf-8
cache-control: no-cache

18:23:44.845 [AsyncHttpClient-1-3] DEBUG org.asynchttpclient.netty.channel.ChannelManager - Adding key: http://localhost:7968 for channel [id: 0xccfc25e2, L:/127.0.0.1:54604 - R:localhost/127.0.0.1:7968]
18:23:44.845 [Forwarding getElementText on session 510f4e476a348551fb82d0556d2e7277 to remote] DEBUG org.asynchttpclient.netty.request.NettyRequestSender - Using pooled Channel '[id: 0xccfc25e2, L:/127.0.0.1:54604 - R:localhost/127.0.0.1:7968]' for 'GET' to 'http://localhost:7968/session/510f4e476a348551fb82d0556d2e7277/element/da01a39b-f35f-442e-8278-896f32950eb4/text'
18:23:44.846 [Forwarding getElementText on session 510f4e476a348551fb82d0556d2e7277 to remote] DEBUG org.asynchttpclient.netty.request.NettyRequestSender - Using open Channel [id: 0xccfc25e2, L:/127.0.0.1:54604 - R:localhost/127.0.0.1:7968] for GET '/session/510f4e476a348551fb82d0556d2e7277/element/da01a39b-f35f-442e-8278-896f32950eb4/text'
18:23:44.899 [AsyncHttpClient-1-3] DEBUG org.asynchttpclient.netty.handler.HttpHandler - 

Request DefaultFullHttpRequest(decodeResult: success, version: HTTP/1.1, content: EmptyByteBufBE)
GET /session/510f4e476a348551fb82d0556d2e7277/element/da01a39b-f35f-442e-8278-896f32950eb4/text HTTP/1.1
User-Agent: selenium/4.5.3 (java mac)
Cache-Control: no-cache
Content-Type: application/json; charset=utf-8
host: localhost:7968
accept: */*

Response DefaultHttpResponse(decodeResult: success, version: HTTP/1.1)
HTTP/1.1 200 OK
Content-Length: 76
Content-Type: application/json; charset=utf-8
cache-control: no-cache

18:23:44.899 [AsyncHttpClient-1-3] DEBUG org.asynchttpclient.netty.channel.ChannelManager - Adding key: http://localhost:7968 for channel [id: 0xccfc25e2, L:/127.0.0.1:54604 - R:localhost/127.0.0.1:7968]
18:23:44.900 [Forwarding findChildElement on session 510f4e476a348551fb82d0556d2e7277 to remote] DEBUG org.asynchttpclient.netty.request.NettyRequestSender - Using pooled Channel '[id: 0xccfc25e2, L:/127.0.0.1:54604 - R:localhost/127.0.0.1:7968]' for 'POST' to 'http://localhost:7968/session/510f4e476a348551fb82d0556d2e7277/element/45f447d3-b3d4-49ee-bcc8-cda579847bc0/element'
18:23:44.900 [Forwarding findChildElement on session 510f4e476a348551fb82d0556d2e7277 to remote] DEBUG org.asynchttpclient.netty.request.NettyRequestSender - Using open Channel [id: 0xccfc25e2, L:/127.0.0.1:54604 - R:localhost/127.0.0.1:7968] for POST '/session/510f4e476a348551fb82d0556d2e7277/element/45f447d3-b3d4-49ee-bcc8-cda579847bc0/element'
18:23:44.919 [AsyncHttpClient-1-3] DEBUG org.asynchttpclient.netty.handler.HttpHandler - 

Request DefaultHttpRequest(decodeResult: success, version: HTTP/1.1)
POST /session/510f4e476a348551fb82d0556d2e7277/element/45f447d3-b3d4-49ee-bcc8-cda579847bc0/element HTTP/1.1
User-Agent: selenium/4.5.3 (java mac)
Content-Length: 106
Content-Type: application/json; charset=utf-8
host: localhost:7968
accept: */*

Response DefaultHttpResponse(decodeResult: success, version: HTTP/1.1)
HTTP/1.1 200 OK
Content-Length: 88
Content-Type: application/json; charset=utf-8
cache-control: no-cache

18:23:44.919 [AsyncHttpClient-1-3] DEBUG org.asynchttpclient.netty.channel.ChannelManager - Adding key: http://localhost:7968 for channel [id: 0xccfc25e2, L:/127.0.0.1:54604 - R:localhost/127.0.0.1:7968]
18:23:44.922 [Forwarding getElementText on session 510f4e476a348551fb82d0556d2e7277 to remote] DEBUG org.asynchttpclient.netty.request.NettyRequestSender - Using pooled Channel '[id: 0xccfc25e2, L:/127.0.0.1:54604 - R:localhost/127.0.0.1:7968]' for 'GET' to 'http://localhost:7968/session/510f4e476a348551fb82d0556d2e7277/element/b2c76204-54e4-4906-90c0-1b711f554c52/text'
18:23:44.922 [Forwarding getElementText on session 510f4e476a348551fb82d0556d2e7277 to remote] DEBUG org.asynchttpclient.netty.request.NettyRequestSender - Using open Channel [id: 0xccfc25e2, L:/127.0.0.1:54604 - R:localhost/127.0.0.1:7968] for GET '/session/510f4e476a348551fb82d0556d2e7277/element/b2c76204-54e4-4906-90c0-1b711f554c52/text'
18:23:44.999 [AsyncHttpClient-1-3] DEBUG org.asynchttpclient.netty.handler.HttpHandler - 

Request DefaultFullHttpRequest(decodeResult: success, version: HTTP/1.1, content: EmptyByteBufBE)
GET /session/510f4e476a348551fb82d0556d2e7277/element/b2c76204-54e4-4906-90c0-1b711f554c52/text HTTP/1.1
User-Agent: selenium/4.5.3 (java mac)
Cache-Control: no-cache
Content-Type: application/json; charset=utf-8
host: localhost:7968
accept: */*

Response DefaultHttpResponse(decodeResult: success, version: HTTP/1.1)
HTTP/1.1 200 OK
Content-Length: 19
Content-Type: application/json; charset=utf-8
cache-control: no-cache

18:23:44.999 [AsyncHttpClient-1-3] DEBUG org.asynchttpclient.netty.channel.ChannelManager - Adding key: http://localhost:7968 for channel [id: 0xccfc25e2, L:/127.0.0.1:54604 - R:localhost/127.0.0.1:7968]
18:23:45.001 [Forwarding findChildElement on session 510f4e476a348551fb82d0556d2e7277 to remote] DEBUG org.asynchttpclient.netty.request.NettyRequestSender - Using pooled Channel '[id: 0xccfc25e2, L:/127.0.0.1:54604 - R:localhost/127.0.0.1:7968]' for 'POST' to 'http://localhost:7968/session/510f4e476a348551fb82d0556d2e7277/element/a7441130-1c36-4f51-aa25-4342ec182ed2/element'
18:23:45.001 [Forwarding findChildElement on session 510f4e476a348551fb82d0556d2e7277 to remote] DEBUG org.asynchttpclient.netty.request.NettyRequestSender - Using open Channel [id: 0xccfc25e2, L:/127.0.0.1:54604 - R:localhost/127.0.0.1:7968] for POST '/session/510f4e476a348551fb82d0556d2e7277/element/a7441130-1c36-4f51-aa25-4342ec182ed2/element'
18:23:45.512 [AsyncHttpClient-1-1] DEBUG org.asynchttpclient.netty.channel.DefaultChannelPool - Entry count for : http://localhost:5352 : 1
18:23:45.512 [AsyncHttpClient-1-1] DEBUG org.asynchttpclient.netty.channel.DefaultChannelPool - Entry count for : http://localhost:54610 : 1
18:23:45.545 [AsyncHttpClient-1-3] DEBUG org.asynchttpclient.netty.handler.HttpHandler - 

Request DefaultHttpRequest(decodeResult: success, version: HTTP/1.1)
POST /session/510f4e476a348551fb82d0556d2e7277/element/a7441130-1c36-4f51-aa25-4342ec182ed2/element HTTP/1.1
User-Agent: selenium/4.5.3 (java mac)
Content-Length: 106
Content-Type: application/json; charset=utf-8
host: localhost:7968
accept: */*

Response DefaultHttpResponse(decodeResult: success, version: HTTP/1.1)
HTTP/1.1 200 OK
Content-Length: 88
Content-Type: application/json; charset=utf-8
cache-control: no-cache

18:23:45.546 [AsyncHttpClient-1-3] DEBUG org.asynchttpclient.netty.channel.ChannelManager - Adding key: http://localhost:7968 for channel [id: 0xccfc25e2, L:/127.0.0.1:54604 - R:localhost/127.0.0.1:7968]
18:23:45.548 [Forwarding getElementText on session 510f4e476a348551fb82d0556d2e7277 to remote] DEBUG org.asynchttpclient.netty.request.NettyRequestSender - Using pooled Channel '[id: 0xccfc25e2, L:/127.0.0.1:54604 - R:localhost/127.0.0.1:7968]' for 'GET' to 'http://localhost:7968/session/510f4e476a348551fb82d0556d2e7277/element/8bf58310-bea6-4560-9281-05aa8293d885/text'
18:23:45.548 [Forwarding getElementText on session 510f4e476a348551fb82d0556d2e7277 to remote] DEBUG org.asynchttpclient.netty.request.NettyRequestSender - Using open Channel [id: 0xccfc25e2, L:/127.0.0.1:54604 - R:localhost/127.0.0.1:7968] for GET '/session/510f4e476a348551fb82d0556d2e7277/element/8bf58310-bea6-4560-9281-05aa8293d885/text'
18:23:45.641 [AsyncHttpClient-1-3] DEBUG org.asynchttpclient.netty.handler.HttpHandler - 

Request DefaultFullHttpRequest(decodeResult: success, version: HTTP/1.1, content: EmptyByteBufBE)
GET /session/510f4e476a348551fb82d0556d2e7277/element/8bf58310-bea6-4560-9281-05aa8293d885/text HTTP/1.1
User-Agent: selenium/4.5.3 (java mac)
Cache-Control: no-cache
Content-Type: application/json; charset=utf-8
host: localhost:7968
accept: */*

Response DefaultHttpResponse(decodeResult: success, version: HTTP/1.1)
HTTP/1.1 200 OK
Content-Length: 81
Content-Type: application/json; charset=utf-8
cache-control: no-cache

18:23:45.641 [AsyncHttpClient-1-3] DEBUG org.asynchttpclient.netty.channel.ChannelManager - Adding key: http://localhost:7968 for channel [id: 0xccfc25e2, L:/127.0.0.1:54604 - R:localhost/127.0.0.1:7968]
18:23:45.642 [Forwarding findChildElement on session 510f4e476a348551fb82d0556d2e7277 to remote] DEBUG org.asynchttpclient.netty.request.NettyRequestSender - Using pooled Channel '[id: 0xccfc25e2, L:/127.0.0.1:54604 - R:localhost/127.0.0.1:7968]' for 'POST' to 'http://localhost:7968/session/510f4e476a348551fb82d0556d2e7277/element/a7441130-1c36-4f51-aa25-4342ec182ed2/element'
18:23:45.642 [Forwarding findChildElement on session 510f4e476a348551fb82d0556d2e7277 to remote] DEBUG org.asynchttpclient.netty.request.NettyRequestSender - Using open Channel [id: 0xccfc25e2, L:/127.0.0.1:54604 - R:localhost/127.0.0.1:7968] for POST '/session/510f4e476a348551fb82d0556d2e7277/element/a7441130-1c36-4f51-aa25-4342ec182ed2/element'
18:23:45.943 [AsyncHttpClient-1-3] DEBUG org.asynchttpclient.netty.handler.HttpHandler - 

Request DefaultHttpRequest(decodeResult: success, version: HTTP/1.1)
POST /session/510f4e476a348551fb82d0556d2e7277/element/a7441130-1c36-4f51-aa25-4342ec182ed2/element HTTP/1.1
User-Agent: selenium/4.5.3 (java mac)
Content-Length: 106
Content-Type: application/json; charset=utf-8
host: localhost:7968
accept: */*

Response DefaultHttpResponse(decodeResult: success, version: HTTP/1.1)
HTTP/1.1 200 OK
Content-Length: 88
Content-Type: application/json; charset=utf-8
cache-control: no-cache

18:23:45.943 [AsyncHttpClient-1-3] DEBUG org.asynchttpclient.netty.channel.ChannelManager - Adding key: http://localhost:7968 for channel [id: 0xccfc25e2, L:/127.0.0.1:54604 - R:localhost/127.0.0.1:7968]
18:23:45.944 [Forwarding getElementText on session 510f4e476a348551fb82d0556d2e7277 to remote] DEBUG org.asynchttpclient.netty.request.NettyRequestSender - Using pooled Channel '[id: 0xccfc25e2, L:/127.0.0.1:54604 - R:localhost/127.0.0.1:7968]' for 'GET' to 'http://localhost:7968/session/510f4e476a348551fb82d0556d2e7277/element/b991e2f5-a42d-4e8a-afbe-938c87a09cdb/text'
18:23:45.944 [Forwarding getElementText on session 510f4e476a348551fb82d0556d2e7277 to remote] DEBUG org.asynchttpclient.netty.request.NettyRequestSender - Using open Channel [id: 0xccfc25e2, L:/127.0.0.1:54604 - R:localhost/127.0.0.1:7968] for GET '/session/510f4e476a348551fb82d0556d2e7277/element/b991e2f5-a42d-4e8a-afbe-938c87a09cdb/text'
18:23:45.981 [AsyncHttpClient-1-3] DEBUG org.asynchttpclient.netty.handler.HttpHandler - 

Request DefaultFullHttpRequest(decodeResult: success, version: HTTP/1.1, content: EmptyByteBufBE)
GET /session/510f4e476a348551fb82d0556d2e7277/element/b991e2f5-a42d-4e8a-afbe-938c87a09cdb/text HTTP/1.1
User-Agent: selenium/4.5.3 (java mac)
Cache-Control: no-cache
Content-Type: application/json; charset=utf-8
host: localhost:7968
accept: */*

Response DefaultHttpResponse(decodeResult: success, version: HTTP/1.1)
HTTP/1.1 200 OK
Content-Length: 19
Content-Type: application/json; charset=utf-8
cache-control: no-cache

18:23:45.981 [AsyncHttpClient-1-3] DEBUG org.asynchttpclient.netty.channel.ChannelManager - Adding key: http://localhost:7968 for channel [id: 0xccfc25e2, L:/127.0.0.1:54604 - R:localhost/127.0.0.1:7968]
18:23:45.983 [Forwarding findChildElement on session 510f4e476a348551fb82d0556d2e7277 to remote] DEBUG org.asynchttpclient.netty.request.NettyRequestSender - Using pooled Channel '[id: 0xccfc25e2, L:/127.0.0.1:54604 - R:localhost/127.0.0.1:7968]' for 'POST' to 'http://localhost:7968/session/510f4e476a348551fb82d0556d2e7277/element/e8a41c38-7a7f-4faf-b3e3-131929865152/element'
18:23:45.983 [Forwarding findChildElement on session 510f4e476a348551fb82d0556d2e7277 to remote] DEBUG org.asynchttpclient.netty.request.NettyRequestSender - Using open Channel [id: 0xccfc25e2, L:/127.0.0.1:54604 - R:localhost/127.0.0.1:7968] for POST '/session/510f4e476a348551fb82d0556d2e7277/element/e8a41c38-7a7f-4faf-b3e3-131929865152/element'
18:23:46.011 [AsyncHttpClient-1-3] DEBUG org.asynchttpclient.netty.handler.HttpHandler - 

Request DefaultHttpRequest(decodeResult: success, version: HTTP/1.1)
POST /session/510f4e476a348551fb82d0556d2e7277/element/e8a41c38-7a7f-4faf-b3e3-131929865152/element HTTP/1.1
User-Agent: selenium/4.5.3 (java mac)
Content-Length: 106
Content-Type: application/json; charset=utf-8
host: localhost:7968
accept: */*

Response DefaultHttpResponse(decodeResult: success, version: HTTP/1.1)
HTTP/1.1 200 OK
Content-Length: 88
Content-Type: application/json; charset=utf-8
cache-control: no-cache

18:23:46.012 [AsyncHttpClient-1-3] DEBUG org.asynchttpclient.netty.channel.ChannelManager - Adding key: http://localhost:7968 for channel [id: 0xccfc25e2, L:/127.0.0.1:54604 - R:localhost/127.0.0.1:7968]
18:23:46.012 [Forwarding getElementText on session 510f4e476a348551fb82d0556d2e7277 to remote] DEBUG org.asynchttpclient.netty.request.NettyRequestSender - Using pooled Channel '[id: 0xccfc25e2, L:/127.0.0.1:54604 - R:localhost/127.0.0.1:7968]' for 'GET' to 'http://localhost:7968/session/510f4e476a348551fb82d0556d2e7277/element/ebf966f2-1258-4acf-a05a-ec8876fd7670/text'
18:23:46.012 [Forwarding getElementText on session 510f4e476a348551fb82d0556d2e7277 to remote] DEBUG org.asynchttpclient.netty.request.NettyRequestSender - Using open Channel [id: 0xccfc25e2, L:/127.0.0.1:54604 - R:localhost/127.0.0.1:7968] for GET '/session/510f4e476a348551fb82d0556d2e7277/element/ebf966f2-1258-4acf-a05a-ec8876fd7670/text'
18:23:46.415 [AsyncHttpClient-1-3] DEBUG org.asynchttpclient.netty.handler.HttpHandler - 

Request DefaultFullHttpRequest(decodeResult: success, version: HTTP/1.1, content: EmptyByteBufBE)
GET /session/510f4e476a348551fb82d0556d2e7277/element/ebf966f2-1258-4acf-a05a-ec8876fd7670/text HTTP/1.1
User-Agent: selenium/4.5.3 (java mac)
Cache-Control: no-cache
Content-Type: application/json; charset=utf-8
host: localhost:7968
accept: */*

Response DefaultHttpResponse(decodeResult: success, version: HTTP/1.1)
HTTP/1.1 200 OK
Content-Length: 72
Content-Type: application/json; charset=utf-8
cache-control: no-cache

18:23:46.416 [AsyncHttpClient-1-3] DEBUG org.asynchttpclient.netty.channel.ChannelManager - Adding key: http://localhost:7968 for channel [id: 0xccfc25e2, L:/127.0.0.1:54604 - R:localhost/127.0.0.1:7968]
18:23:46.417 [Forwarding findChildElement on session 510f4e476a348551fb82d0556d2e7277 to remote] DEBUG org.asynchttpclient.netty.request.NettyRequestSender - Using pooled Channel '[id: 0xccfc25e2, L:/127.0.0.1:54604 - R:localhost/127.0.0.1:7968]' for 'POST' to 'http://localhost:7968/session/510f4e476a348551fb82d0556d2e7277/element/e8a41c38-7a7f-4faf-b3e3-131929865152/element'
18:23:46.417 [Forwarding findChildElement on session 510f4e476a348551fb82d0556d2e7277 to remote] DEBUG org.asynchttpclient.netty.request.NettyRequestSender - Using open Channel [id: 0xccfc25e2, L:/127.0.0.1:54604 - R:localhost/127.0.0.1:7968] for POST '/session/510f4e476a348551fb82d0556d2e7277/element/e8a41c38-7a7f-4faf-b3e3-131929865152/element'
18:23:46.451 [AsyncHttpClient-1-3] DEBUG org.asynchttpclient.netty.handler.HttpHandler - 

Request DefaultHttpRequest(decodeResult: success, version: HTTP/1.1)
POST /session/510f4e476a348551fb82d0556d2e7277/element/e8a41c38-7a7f-4faf-b3e3-131929865152/element HTTP/1.1
User-Agent: selenium/4.5.3 (java mac)
Content-Length: 106
Content-Type: application/json; charset=utf-8
host: localhost:7968
accept: */*

Response DefaultHttpResponse(decodeResult: success, version: HTTP/1.1)
HTTP/1.1 200 OK
Content-Length: 88
Content-Type: application/json; charset=utf-8
cache-control: no-cache

18:23:46.451 [AsyncHttpClient-1-3] DEBUG org.asynchttpclient.netty.channel.ChannelManager - Adding key: http://localhost:7968 for channel [id: 0xccfc25e2, L:/127.0.0.1:54604 - R:localhost/127.0.0.1:7968]
18:23:46.452 [Forwarding getElementText on session 510f4e476a348551fb82d0556d2e7277 to remote] DEBUG org.asynchttpclient.netty.request.NettyRequestSender - Using pooled Channel '[id: 0xccfc25e2, L:/127.0.0.1:54604 - R:localhost/127.0.0.1:7968]' for 'GET' to 'http://localhost:7968/session/510f4e476a348551fb82d0556d2e7277/element/b8a3d26a-9b1d-4418-a76c-084b44c873e4/text'
18:23:46.452 [Forwarding getElementText on session 510f4e476a348551fb82d0556d2e7277 to remote] DEBUG org.asynchttpclient.netty.request.NettyRequestSender - Using open Channel [id: 0xccfc25e2, L:/127.0.0.1:54604 - R:localhost/127.0.0.1:7968] for GET '/session/510f4e476a348551fb82d0556d2e7277/element/b8a3d26a-9b1d-4418-a76c-084b44c873e4/text'
18:23:46.472 [AsyncHttpClient-1-3] DEBUG org.asynchttpclient.netty.handler.HttpHandler - 

Request DefaultFullHttpRequest(decodeResult: success, version: HTTP/1.1, content: EmptyByteBufBE)
GET /session/510f4e476a348551fb82d0556d2e7277/element/b8a3d26a-9b1d-4418-a76c-084b44c873e4/text HTTP/1.1
User-Agent: selenium/4.5.3 (java mac)
Cache-Control: no-cache
Content-Type: application/json; charset=utf-8
host: localhost:7968
accept: */*

Response DefaultHttpResponse(decodeResult: success, version: HTTP/1.1)
HTTP/1.1 200 OK
Content-Length: 19
Content-Type: application/json; charset=utf-8
cache-control: no-cache

18:23:46.472 [AsyncHttpClient-1-3] DEBUG org.asynchttpclient.netty.channel.ChannelManager - Adding key: http://localhost:7968 for channel [id: 0xccfc25e2, L:/127.0.0.1:54604 - R:localhost/127.0.0.1:7968]
18:23:46.473 [Forwarding findChildElement on session 510f4e476a348551fb82d0556d2e7277 to remote] DEBUG org.asynchttpclient.netty.request.NettyRequestSender - Using pooled Channel '[id: 0xccfc25e2, L:/127.0.0.1:54604 - R:localhost/127.0.0.1:7968]' for 'POST' to 'http://localhost:7968/session/510f4e476a348551fb82d0556d2e7277/element/98dfb5bc-6e37-45fa-a94c-080f7d4b0749/element'
18:23:46.473 [Forwarding findChildElement on session 510f4e476a348551fb82d0556d2e7277 to remote] DEBUG org.asynchttpclient.netty.request.NettyRequestSender - Using open Channel [id: 0xccfc25e2, L:/127.0.0.1:54604 - R:localhost/127.0.0.1:7968] for POST '/session/510f4e476a348551fb82d0556d2e7277/element/98dfb5bc-6e37-45fa-a94c-080f7d4b0749/element'
18:23:46.502 [AsyncHttpClient-1-3] DEBUG org.asynchttpclient.netty.handler.HttpHandler - 

Request DefaultHttpRequest(decodeResult: success, version: HTTP/1.1)
POST /session/510f4e476a348551fb82d0556d2e7277/element/98dfb5bc-6e37-45fa-a94c-080f7d4b0749/element HTTP/1.1
User-Agent: selenium/4.5.3 (java mac)
Content-Length: 106
Content-Type: application/json; charset=utf-8
host: localhost:7968
accept: */*

Response DefaultHttpResponse(decodeResult: success, version: HTTP/1.1)
HTTP/1.1 200 OK
Content-Length: 88
Content-Type: application/json; charset=utf-8
cache-control: no-cache

18:23:46.503 [AsyncHttpClient-1-3] DEBUG org.asynchttpclient.netty.channel.ChannelManager - Adding key: http://localhost:7968 for channel [id: 0xccfc25e2, L:/127.0.0.1:54604 - R:localhost/127.0.0.1:7968]
18:23:46.503 [Forwarding getElementText on session 510f4e476a348551fb82d0556d2e7277 to remote] DEBUG org.asynchttpclient.netty.request.NettyRequestSender - Using pooled Channel '[id: 0xccfc25e2, L:/127.0.0.1:54604 - R:localhost/127.0.0.1:7968]' for 'GET' to 'http://localhost:7968/session/510f4e476a348551fb82d0556d2e7277/element/ec9e9412-f51f-451d-af8c-608c0aeffced/text'
18:23:46.504 [Forwarding getElementText on session 510f4e476a348551fb82d0556d2e7277 to remote] DEBUG org.asynchttpclient.netty.request.NettyRequestSender - Using open Channel [id: 0xccfc25e2, L:/127.0.0.1:54604 - R:localhost/127.0.0.1:7968] for GET '/session/510f4e476a348551fb82d0556d2e7277/element/ec9e9412-f51f-451d-af8c-608c0aeffced/text'
18:23:46.522 [AsyncHttpClient-1-3] DEBUG org.asynchttpclient.netty.handler.HttpHandler - 

Request DefaultFullHttpRequest(decodeResult: success, version: HTTP/1.1, content: EmptyByteBufBE)
GET /session/510f4e476a348551fb82d0556d2e7277/element/ec9e9412-f51f-451d-af8c-608c0aeffced/text HTTP/1.1
User-Agent: selenium/4.5.3 (java mac)
Cache-Control: no-cache
Content-Type: application/json; charset=utf-8
host: localhost:7968
accept: */*

Response DefaultHttpResponse(decodeResult: success, version: HTTP/1.1)
HTTP/1.1 200 OK
Content-Length: 91
Content-Type: application/json; charset=utf-8
cache-control: no-cache

18:23:46.522 [AsyncHttpClient-1-3] DEBUG org.asynchttpclient.netty.channel.ChannelManager - Adding key: http://localhost:7968 for channel [id: 0xccfc25e2, L:/127.0.0.1:54604 - R:localhost/127.0.0.1:7968]
18:23:46.524 [Forwarding findChildElement on session 510f4e476a348551fb82d0556d2e7277 to remote] DEBUG org.asynchttpclient.netty.request.NettyRequestSender - Using pooled Channel '[id: 0xccfc25e2, L:/127.0.0.1:54604 - R:localhost/127.0.0.1:7968]' for 'POST' to 'http://localhost:7968/session/510f4e476a348551fb82d0556d2e7277/element/98dfb5bc-6e37-45fa-a94c-080f7d4b0749/element'
18:23:46.524 [Forwarding findChildElement on session 510f4e476a348551fb82d0556d2e7277 to remote] DEBUG org.asynchttpclient.netty.request.NettyRequestSender - Using open Channel [id: 0xccfc25e2, L:/127.0.0.1:54604 - R:localhost/127.0.0.1:7968] for POST '/session/510f4e476a348551fb82d0556d2e7277/element/98dfb5bc-6e37-45fa-a94c-080f7d4b0749/element'
18:23:46.610 [AsyncHttpClient-1-1] DEBUG org.asynchttpclient.netty.channel.DefaultChannelPool - Entry count for : http://localhost:5352 : 1
18:23:46.610 [AsyncHttpClient-1-1] DEBUG org.asynchttpclient.netty.channel.DefaultChannelPool - Entry count for : http://localhost:54610 : 1
18:23:46.915 [AsyncHttpClient-1-3] DEBUG org.asynchttpclient.netty.handler.HttpHandler - 

Request DefaultHttpRequest(decodeResult: success, version: HTTP/1.1)
POST /session/510f4e476a348551fb82d0556d2e7277/element/98dfb5bc-6e37-45fa-a94c-080f7d4b0749/element HTTP/1.1
User-Agent: selenium/4.5.3 (java mac)
Content-Length: 106
Content-Type: application/json; charset=utf-8
host: localhost:7968
accept: */*

Response DefaultHttpResponse(decodeResult: success, version: HTTP/1.1)
HTTP/1.1 200 OK
Content-Length: 88
Content-Type: application/json; charset=utf-8
cache-control: no-cache

18:23:46.915 [AsyncHttpClient-1-3] DEBUG org.asynchttpclient.netty.channel.ChannelManager - Adding key: http://localhost:7968 for channel [id: 0xccfc25e2, L:/127.0.0.1:54604 - R:localhost/127.0.0.1:7968]
18:23:46.915 [Forwarding getElementText on session 510f4e476a348551fb82d0556d2e7277 to remote] DEBUG org.asynchttpclient.netty.request.NettyRequestSender - Using pooled Channel '[id: 0xccfc25e2, L:/127.0.0.1:54604 - R:localhost/127.0.0.1:7968]' for 'GET' to 'http://localhost:7968/session/510f4e476a348551fb82d0556d2e7277/element/badfecc1-fdb2-40f5-b34f-e5048407457e/text'
18:23:46.915 [Forwarding getElementText on session 510f4e476a348551fb82d0556d2e7277 to remote] DEBUG org.asynchttpclient.netty.request.NettyRequestSender - Using open Channel [id: 0xccfc25e2, L:/127.0.0.1:54604 - R:localhost/127.0.0.1:7968] for GET '/session/510f4e476a348551fb82d0556d2e7277/element/badfecc1-fdb2-40f5-b34f-e5048407457e/text'
18:23:46.944 [AsyncHttpClient-1-3] DEBUG org.asynchttpclient.netty.handler.HttpHandler - 

Request DefaultFullHttpRequest(decodeResult: success, version: HTTP/1.1, content: EmptyByteBufBE)
GET /session/510f4e476a348551fb82d0556d2e7277/element/badfecc1-fdb2-40f5-b34f-e5048407457e/text HTTP/1.1
User-Agent: selenium/4.5.3 (java mac)
Cache-Control: no-cache
Content-Type: application/json; charset=utf-8
host: localhost:7968
accept: */*

Response DefaultHttpResponse(decodeResult: success, version: HTTP/1.1)
HTTP/1.1 200 OK
Content-Length: 19
Content-Type: application/json; charset=utf-8
cache-control: no-cache

18:23:46.944 [AsyncHttpClient-1-3] DEBUG org.asynchttpclient.netty.channel.ChannelManager - Adding key: http://localhost:7968 for channel [id: 0xccfc25e2, L:/127.0.0.1:54604 - R:localhost/127.0.0.1:7968]
18:23:46.949 [Forwarding findChildElement on session 510f4e476a348551fb82d0556d2e7277 to remote] DEBUG org.asynchttpclient.netty.request.NettyRequestSender - Using pooled Channel '[id: 0xccfc25e2, L:/127.0.0.1:54604 - R:localhost/127.0.0.1:7968]' for 'POST' to 'http://localhost:7968/session/510f4e476a348551fb82d0556d2e7277/element/d538e526-3ead-4c85-9a9a-7e977a47841f/element'
18:23:46.949 [Forwarding findChildElement on session 510f4e476a348551fb82d0556d2e7277 to remote] DEBUG org.asynchttpclient.netty.request.NettyRequestSender - Using open Channel [id: 0xccfc25e2, L:/127.0.0.1:54604 - R:localhost/127.0.0.1:7968] for POST '/session/510f4e476a348551fb82d0556d2e7277/element/d538e526-3ead-4c85-9a9a-7e977a47841f/element'
18:23:46.966 [AsyncHttpClient-1-3] DEBUG org.asynchttpclient.netty.handler.HttpHandler - 

Request DefaultHttpRequest(decodeResult: success, version: HTTP/1.1)
POST /session/510f4e476a348551fb82d0556d2e7277/element/d538e526-3ead-4c85-9a9a-7e977a47841f/element HTTP/1.1
User-Agent: selenium/4.5.3 (java mac)
Content-Length: 106
Content-Type: application/json; charset=utf-8
host: localhost:7968
accept: */*

Response DefaultHttpResponse(decodeResult: success, version: HTTP/1.1)
HTTP/1.1 200 OK
Content-Length: 88
Content-Type: application/json; charset=utf-8
cache-control: no-cache

18:23:46.966 [AsyncHttpClient-1-3] DEBUG org.asynchttpclient.netty.channel.ChannelManager - Adding key: http://localhost:7968 for channel [id: 0xccfc25e2, L:/127.0.0.1:54604 - R:localhost/127.0.0.1:7968]
18:23:46.967 [Forwarding getElementText on session 510f4e476a348551fb82d0556d2e7277 to remote] DEBUG org.asynchttpclient.netty.request.NettyRequestSender - Using pooled Channel '[id: 0xccfc25e2, L:/127.0.0.1:54604 - R:localhost/127.0.0.1:7968]' for 'GET' to 'http://localhost:7968/session/510f4e476a348551fb82d0556d2e7277/element/a542358d-bdeb-4a1b-9eb3-6dc3a94539d7/text'
18:23:46.967 [Forwarding getElementText on session 510f4e476a348551fb82d0556d2e7277 to remote] DEBUG org.asynchttpclient.netty.request.NettyRequestSender - Using open Channel [id: 0xccfc25e2, L:/127.0.0.1:54604 - R:localhost/127.0.0.1:7968] for GET '/session/510f4e476a348551fb82d0556d2e7277/element/a542358d-bdeb-4a1b-9eb3-6dc3a94539d7/text'
18:23:46.987 [AsyncHttpClient-1-3] DEBUG org.asynchttpclient.netty.handler.HttpHandler - 

Request DefaultFullHttpRequest(decodeResult: success, version: HTTP/1.1, content: EmptyByteBufBE)
GET /session/510f4e476a348551fb82d0556d2e7277/element/a542358d-bdeb-4a1b-9eb3-6dc3a94539d7/text HTTP/1.1
User-Agent: selenium/4.5.3 (java mac)
Cache-Control: no-cache
Content-Type: application/json; charset=utf-8
host: localhost:7968
accept: */*

Response DefaultHttpResponse(decodeResult: success, version: HTTP/1.1)
HTTP/1.1 200 OK
Content-Length: 91
Content-Type: application/json; charset=utf-8
cache-control: no-cache

18:23:46.988 [AsyncHttpClient-1-3] DEBUG org.asynchttpclient.netty.channel.ChannelManager - Adding key: http://localhost:7968 for channel [id: 0xccfc25e2, L:/127.0.0.1:54604 - R:localhost/127.0.0.1:7968]
18:23:46.989 [Forwarding findChildElement on session 510f4e476a348551fb82d0556d2e7277 to remote] DEBUG org.asynchttpclient.netty.request.NettyRequestSender - Using pooled Channel '[id: 0xccfc25e2, L:/127.0.0.1:54604 - R:localhost/127.0.0.1:7968]' for 'POST' to 'http://localhost:7968/session/510f4e476a348551fb82d0556d2e7277/element/d538e526-3ead-4c85-9a9a-7e977a47841f/element'
18:23:46.989 [Forwarding findChildElement on session 510f4e476a348551fb82d0556d2e7277 to remote] DEBUG org.asynchttpclient.netty.request.NettyRequestSender - Using open Channel [id: 0xccfc25e2, L:/127.0.0.1:54604 - R:localhost/127.0.0.1:7968] for POST '/session/510f4e476a348551fb82d0556d2e7277/element/d538e526-3ead-4c85-9a9a-7e977a47841f/element'
18:23:47.005 [AsyncHttpClient-1-3] DEBUG org.asynchttpclient.netty.handler.HttpHandler - 

Request DefaultHttpRequest(decodeResult: success, version: HTTP/1.1)
POST /session/510f4e476a348551fb82d0556d2e7277/element/d538e526-3ead-4c85-9a9a-7e977a47841f/element HTTP/1.1
User-Agent: selenium/4.5.3 (java mac)
Content-Length: 106
Content-Type: application/json; charset=utf-8
host: localhost:7968
accept: */*

Response DefaultHttpResponse(decodeResult: success, version: HTTP/1.1)
HTTP/1.1 200 OK
Content-Length: 88
Content-Type: application/json; charset=utf-8
cache-control: no-cache

18:23:47.005 [AsyncHttpClient-1-3] DEBUG org.asynchttpclient.netty.channel.ChannelManager - Adding key: http://localhost:7968 for channel [id: 0xccfc25e2, L:/127.0.0.1:54604 - R:localhost/127.0.0.1:7968]
18:23:47.005 [Forwarding getElementText on session 510f4e476a348551fb82d0556d2e7277 to remote] DEBUG org.asynchttpclient.netty.request.NettyRequestSender - Using pooled Channel '[id: 0xccfc25e2, L:/127.0.0.1:54604 - R:localhost/127.0.0.1:7968]' for 'GET' to 'http://localhost:7968/session/510f4e476a348551fb82d0556d2e7277/element/99a85d79-2d35-4a72-bf86-746ec5bfc849/text'
18:23:47.005 [Forwarding getElementText on session 510f4e476a348551fb82d0556d2e7277 to remote] DEBUG org.asynchttpclient.netty.request.NettyRequestSender - Using open Channel [id: 0xccfc25e2, L:/127.0.0.1:54604 - R:localhost/127.0.0.1:7968] for GET '/session/510f4e476a348551fb82d0556d2e7277/element/99a85d79-2d35-4a72-bf86-746ec5bfc849/text'
18:23:47.030 [AsyncHttpClient-1-3] DEBUG org.asynchttpclient.netty.handler.HttpHandler - 

Request DefaultFullHttpRequest(decodeResult: success, version: HTTP/1.1, content: EmptyByteBufBE)
GET /session/510f4e476a348551fb82d0556d2e7277/element/99a85d79-2d35-4a72-bf86-746ec5bfc849/text HTTP/1.1
User-Agent: selenium/4.5.3 (java mac)
Cache-Control: no-cache
Content-Type: application/json; charset=utf-8
host: localhost:7968
accept: */*

Response DefaultHttpResponse(decodeResult: success, version: HTTP/1.1)
HTTP/1.1 200 OK
Content-Length: 19
Content-Type: application/json; charset=utf-8
cache-control: no-cache

18:23:47.030 [AsyncHttpClient-1-3] DEBUG org.asynchttpclient.netty.channel.ChannelManager - Adding key: http://localhost:7968 for channel [id: 0xccfc25e2, L:/127.0.0.1:54604 - R:localhost/127.0.0.1:7968]
18:23:47.032 [Forwarding findChildElement on session 510f4e476a348551fb82d0556d2e7277 to remote] DEBUG org.asynchttpclient.netty.request.NettyRequestSender - Using pooled Channel '[id: 0xccfc25e2, L:/127.0.0.1:54604 - R:localhost/127.0.0.1:7968]' for 'POST' to 'http://localhost:7968/session/510f4e476a348551fb82d0556d2e7277/element/156eb8af-936b-4ac0-8392-518fe6d87bb9/element'
18:23:47.032 [Forwarding findChildElement on session 510f4e476a348551fb82d0556d2e7277 to remote] DEBUG org.asynchttpclient.netty.request.NettyRequestSender - Using open Channel [id: 0xccfc25e2, L:/127.0.0.1:54604 - R:localhost/127.0.0.1:7968] for POST '/session/510f4e476a348551fb82d0556d2e7277/element/156eb8af-936b-4ac0-8392-518fe6d87bb9/element'
18:23:47.410 [AsyncHttpClient-1-3] DEBUG org.asynchttpclient.netty.handler.HttpHandler - 

Request DefaultHttpRequest(decodeResult: success, version: HTTP/1.1)
POST /session/510f4e476a348551fb82d0556d2e7277/element/156eb8af-936b-4ac0-8392-518fe6d87bb9/element HTTP/1.1
User-Agent: selenium/4.5.3 (java mac)
Content-Length: 106
Content-Type: application/json; charset=utf-8
host: localhost:7968
accept: */*

Response DefaultHttpResponse(decodeResult: success, version: HTTP/1.1)
HTTP/1.1 200 OK
Content-Length: 88
Content-Type: application/json; charset=utf-8
cache-control: no-cache

18:23:47.410 [AsyncHttpClient-1-3] DEBUG org.asynchttpclient.netty.channel.ChannelManager - Adding key: http://localhost:7968 for channel [id: 0xccfc25e2, L:/127.0.0.1:54604 - R:localhost/127.0.0.1:7968]
18:23:47.411 [Forwarding getElementText on session 510f4e476a348551fb82d0556d2e7277 to remote] DEBUG org.asynchttpclient.netty.request.NettyRequestSender - Using pooled Channel '[id: 0xccfc25e2, L:/127.0.0.1:54604 - R:localhost/127.0.0.1:7968]' for 'GET' to 'http://localhost:7968/session/510f4e476a348551fb82d0556d2e7277/element/88b8e53b-efe8-4c5d-98fc-c312eb22dbea/text'
18:23:47.411 [Forwarding getElementText on session 510f4e476a348551fb82d0556d2e7277 to remote] DEBUG org.asynchttpclient.netty.request.NettyRequestSender - Using open Channel [id: 0xccfc25e2, L:/127.0.0.1:54604 - R:localhost/127.0.0.1:7968] for GET '/session/510f4e476a348551fb82d0556d2e7277/element/88b8e53b-efe8-4c5d-98fc-c312eb22dbea/text'
18:23:47.677 [AsyncHttpClient-1-3] DEBUG org.asynchttpclient.netty.handler.HttpHandler - 

Request DefaultFullHttpRequest(decodeResult: success, version: HTTP/1.1, content: EmptyByteBufBE)
GET /session/510f4e476a348551fb82d0556d2e7277/element/88b8e53b-efe8-4c5d-98fc-c312eb22dbea/text HTTP/1.1
User-Agent: selenium/4.5.3 (java mac)
Cache-Control: no-cache
Content-Type: application/json; charset=utf-8
host: localhost:7968
accept: */*

Response DefaultHttpResponse(decodeResult: success, version: HTTP/1.1)
HTTP/1.1 200 OK
Content-Length: 81
Content-Type: application/json; charset=utf-8
cache-control: no-cache

18:23:47.677 [AsyncHttpClient-1-3] DEBUG org.asynchttpclient.netty.channel.ChannelManager - Adding key: http://localhost:7968 for channel [id: 0xccfc25e2, L:/127.0.0.1:54604 - R:localhost/127.0.0.1:7968]
18:23:47.678 [Forwarding findChildElement on session 510f4e476a348551fb82d0556d2e7277 to remote] DEBUG org.asynchttpclient.netty.request.NettyRequestSender - Using pooled Channel '[id: 0xccfc25e2, L:/127.0.0.1:54604 - R:localhost/127.0.0.1:7968]' for 'POST' to 'http://localhost:7968/session/510f4e476a348551fb82d0556d2e7277/element/156eb8af-936b-4ac0-8392-518fe6d87bb9/element'
18:23:47.678 [Forwarding findChildElement on session 510f4e476a348551fb82d0556d2e7277 to remote] DEBUG org.asynchttpclient.netty.request.NettyRequestSender - Using open Channel [id: 0xccfc25e2, L:/127.0.0.1:54604 - R:localhost/127.0.0.1:7968] for POST '/session/510f4e476a348551fb82d0556d2e7277/element/156eb8af-936b-4ac0-8392-518fe6d87bb9/element'
18:23:47.707 [AsyncHttpClient-1-3] DEBUG org.asynchttpclient.netty.handler.HttpHandler - 

Request DefaultHttpRequest(decodeResult: success, version: HTTP/1.1)
POST /session/510f4e476a348551fb82d0556d2e7277/element/156eb8af-936b-4ac0-8392-518fe6d87bb9/element HTTP/1.1
User-Agent: selenium/4.5.3 (java mac)
Content-Length: 106
Content-Type: application/json; charset=utf-8
host: localhost:7968
accept: */*

Response DefaultHttpResponse(decodeResult: success, version: HTTP/1.1)
HTTP/1.1 200 OK
Content-Length: 88
Content-Type: application/json; charset=utf-8
cache-control: no-cache

18:23:47.707 [AsyncHttpClient-1-3] DEBUG org.asynchttpclient.netty.channel.ChannelManager - Adding key: http://localhost:7968 for channel [id: 0xccfc25e2, L:/127.0.0.1:54604 - R:localhost/127.0.0.1:7968]
18:23:47.707 [Forwarding getElementText on session 510f4e476a348551fb82d0556d2e7277 to remote] DEBUG org.asynchttpclient.netty.request.NettyRequestSender - Using pooled Channel '[id: 0xccfc25e2, L:/127.0.0.1:54604 - R:localhost/127.0.0.1:7968]' for 'GET' to 'http://localhost:7968/session/510f4e476a348551fb82d0556d2e7277/element/36db1966-7f7f-4e37-898e-eefcb46bcf9d/text'
18:23:47.708 [Forwarding getElementText on session 510f4e476a348551fb82d0556d2e7277 to remote] DEBUG org.asynchttpclient.netty.request.NettyRequestSender - Using open Channel [id: 0xccfc25e2, L:/127.0.0.1:54604 - R:localhost/127.0.0.1:7968] for GET '/session/510f4e476a348551fb82d0556d2e7277/element/36db1966-7f7f-4e37-898e-eefcb46bcf9d/text'
18:23:47.709 [AsyncHttpClient-1-1] DEBUG org.asynchttpclient.netty.channel.DefaultChannelPool - Entry count for : http://localhost:5352 : 1
18:23:47.710 [AsyncHttpClient-1-1] DEBUG org.asynchttpclient.netty.channel.DefaultChannelPool - Entry count for : http://localhost:54610 : 1
18:23:47.733 [AsyncHttpClient-1-3] DEBUG org.asynchttpclient.netty.handler.HttpHandler - 

Request DefaultFullHttpRequest(decodeResult: success, version: HTTP/1.1, content: EmptyByteBufBE)
GET /session/510f4e476a348551fb82d0556d2e7277/element/36db1966-7f7f-4e37-898e-eefcb46bcf9d/text HTTP/1.1
User-Agent: selenium/4.5.3 (java mac)
Cache-Control: no-cache
Content-Type: application/json; charset=utf-8
host: localhost:7968
accept: */*

Response DefaultHttpResponse(decodeResult: success, version: HTTP/1.1)
HTTP/1.1 200 OK
Content-Length: 19
Content-Type: application/json; charset=utf-8
cache-control: no-cache

18:23:47.734 [AsyncHttpClient-1-3] DEBUG org.asynchttpclient.netty.channel.ChannelManager - Adding key: http://localhost:7968 for channel [id: 0xccfc25e2, L:/127.0.0.1:54604 - R:localhost/127.0.0.1:7968]
18:23:47.740 [Forwarding findChildElement on session 510f4e476a348551fb82d0556d2e7277 to remote] DEBUG org.asynchttpclient.netty.request.NettyRequestSender - Using pooled Channel '[id: 0xccfc25e2, L:/127.0.0.1:54604 - R:localhost/127.0.0.1:7968]' for 'POST' to 'http://localhost:7968/session/510f4e476a348551fb82d0556d2e7277/element/aa625df7-09b3-4f01-bdc1-3086d6f5fe60/element'
18:23:47.742 [Forwarding findChildElement on session 510f4e476a348551fb82d0556d2e7277 to remote] DEBUG org.asynchttpclient.netty.request.NettyRequestSender - Using open Channel [id: 0xccfc25e2, L:/127.0.0.1:54604 - R:localhost/127.0.0.1:7968] for POST '/session/510f4e476a348551fb82d0556d2e7277/element/aa625df7-09b3-4f01-bdc1-3086d6f5fe60/element'
18:23:47.764 [AsyncHttpClient-1-3] DEBUG org.asynchttpclient.netty.handler.HttpHandler - 

Request DefaultHttpRequest(decodeResult: success, version: HTTP/1.1)
POST /session/510f4e476a348551fb82d0556d2e7277/element/aa625df7-09b3-4f01-bdc1-3086d6f5fe60/element HTTP/1.1
User-Agent: selenium/4.5.3 (java mac)
Content-Length: 106
Content-Type: application/json; charset=utf-8
host: localhost:7968
accept: */*

Response DefaultHttpResponse(decodeResult: success, version: HTTP/1.1)
HTTP/1.1 200 OK
Content-Length: 88
Content-Type: application/json; charset=utf-8
cache-control: no-cache

18:23:47.765 [AsyncHttpClient-1-3] DEBUG org.asynchttpclient.netty.channel.ChannelManager - Adding key: http://localhost:7968 for channel [id: 0xccfc25e2, L:/127.0.0.1:54604 - R:localhost/127.0.0.1:7968]
18:23:47.770 [Forwarding getElementText on session 510f4e476a348551fb82d0556d2e7277 to remote] DEBUG org.asynchttpclient.netty.request.NettyRequestSender - Using pooled Channel '[id: 0xccfc25e2, L:/127.0.0.1:54604 - R:localhost/127.0.0.1:7968]' for 'GET' to 'http://localhost:7968/session/510f4e476a348551fb82d0556d2e7277/element/761565d6-d3c6-43ee-ad79-debe89946d90/text'
18:23:47.770 [Forwarding getElementText on session 510f4e476a348551fb82d0556d2e7277 to remote] DEBUG org.asynchttpclient.netty.request.NettyRequestSender - Using open Channel [id: 0xccfc25e2, L:/127.0.0.1:54604 - R:localhost/127.0.0.1:7968] for GET '/session/510f4e476a348551fb82d0556d2e7277/element/761565d6-d3c6-43ee-ad79-debe89946d90/text'
18:23:48.379 [AsyncHttpClient-1-3] DEBUG org.asynchttpclient.netty.handler.HttpHandler - 

Request DefaultFullHttpRequest(decodeResult: success, version: HTTP/1.1, content: EmptyByteBufBE)
GET /session/510f4e476a348551fb82d0556d2e7277/element/761565d6-d3c6-43ee-ad79-debe89946d90/text HTTP/1.1
User-Agent: selenium/4.5.3 (java mac)
Cache-Control: no-cache
Content-Type: application/json; charset=utf-8
host: localhost:7968
accept: */*

Response DefaultHttpResponse(decodeResult: success, version: HTTP/1.1)
HTTP/1.1 200 OK
Content-Length: 80
Content-Type: application/json; charset=utf-8
cache-control: no-cache

18:23:48.379 [AsyncHttpClient-1-3] DEBUG org.asynchttpclient.netty.channel.ChannelManager - Adding key: http://localhost:7968 for channel [id: 0xccfc25e2, L:/127.0.0.1:54604 - R:localhost/127.0.0.1:7968]
18:23:48.381 [Forwarding findChildElement on session 510f4e476a348551fb82d0556d2e7277 to remote] DEBUG org.asynchttpclient.netty.request.NettyRequestSender - Using pooled Channel '[id: 0xccfc25e2, L:/127.0.0.1:54604 - R:localhost/127.0.0.1:7968]' for 'POST' to 'http://localhost:7968/session/510f4e476a348551fb82d0556d2e7277/element/aa625df7-09b3-4f01-bdc1-3086d6f5fe60/element'
18:23:48.381 [Forwarding findChildElement on session 510f4e476a348551fb82d0556d2e7277 to remote] DEBUG org.asynchttpclient.netty.request.NettyRequestSender - Using open Channel [id: 0xccfc25e2, L:/127.0.0.1:54604 - R:localhost/127.0.0.1:7968] for POST '/session/510f4e476a348551fb82d0556d2e7277/element/aa625df7-09b3-4f01-bdc1-3086d6f5fe60/element'
18:23:48.476 [AsyncHttpClient-1-3] DEBUG org.asynchttpclient.netty.handler.HttpHandler - 

Request DefaultHttpRequest(decodeResult: success, version: HTTP/1.1)
POST /session/510f4e476a348551fb82d0556d2e7277/element/aa625df7-09b3-4f01-bdc1-3086d6f5fe60/element HTTP/1.1
User-Agent: selenium/4.5.3 (java mac)
Content-Length: 106
Content-Type: application/json; charset=utf-8
host: localhost:7968
accept: */*

Response DefaultHttpResponse(decodeResult: success, version: HTTP/1.1)
HTTP/1.1 200 OK
Content-Length: 88
Content-Type: application/json; charset=utf-8
cache-control: no-cache

18:23:48.476 [AsyncHttpClient-1-3] DEBUG org.asynchttpclient.netty.channel.ChannelManager - Adding key: http://localhost:7968 for channel [id: 0xccfc25e2, L:/127.0.0.1:54604 - R:localhost/127.0.0.1:7968]
18:23:48.477 [Forwarding getElementText on session 510f4e476a348551fb82d0556d2e7277 to remote] DEBUG org.asynchttpclient.netty.request.NettyRequestSender - Using pooled Channel '[id: 0xccfc25e2, L:/127.0.0.1:54604 - R:localhost/127.0.0.1:7968]' for 'GET' to 'http://localhost:7968/session/510f4e476a348551fb82d0556d2e7277/element/a5f9ab68-6744-4807-bf75-ce3bc13ba06b/text'
18:23:48.477 [Forwarding getElementText on session 510f4e476a348551fb82d0556d2e7277 to remote] DEBUG org.asynchttpclient.netty.request.NettyRequestSender - Using open Channel [id: 0xccfc25e2, L:/127.0.0.1:54604 - R:localhost/127.0.0.1:7968] for GET '/session/510f4e476a348551fb82d0556d2e7277/element/a5f9ab68-6744-4807-bf75-ce3bc13ba06b/text'
18:23:48.812 [AsyncHttpClient-1-1] DEBUG org.asynchttpclient.netty.channel.DefaultChannelPool - Entry count for : http://localhost:5352 : 1
18:23:48.812 [AsyncHttpClient-1-1] DEBUG org.asynchttpclient.netty.channel.DefaultChannelPool - Entry count for : http://localhost:54610 : 1
18:23:48.817 [AsyncHttpClient-1-3] DEBUG org.asynchttpclient.netty.handler.HttpHandler - 

Request DefaultFullHttpRequest(decodeResult: success, version: HTTP/1.1, content: EmptyByteBufBE)
GET /session/510f4e476a348551fb82d0556d2e7277/element/a5f9ab68-6744-4807-bf75-ce3bc13ba06b/text HTTP/1.1
User-Agent: selenium/4.5.3 (java mac)
Cache-Control: no-cache
Content-Type: application/json; charset=utf-8
host: localhost:7968
accept: */*

Response DefaultHttpResponse(decodeResult: success, version: HTTP/1.1)
HTTP/1.1 200 OK
Content-Length: 19
Content-Type: application/json; charset=utf-8
cache-control: no-cache

18:23:48.817 [AsyncHttpClient-1-3] DEBUG org.asynchttpclient.netty.channel.ChannelManager - Adding key: http://localhost:7968 for channel [id: 0xccfc25e2, L:/127.0.0.1:54604 - R:localhost/127.0.0.1:7968]
18:23:48.818 [Forwarding findChildElement on session 510f4e476a348551fb82d0556d2e7277 to remote] DEBUG org.asynchttpclient.netty.request.NettyRequestSender - Using pooled Channel '[id: 0xccfc25e2, L:/127.0.0.1:54604 - R:localhost/127.0.0.1:7968]' for 'POST' to 'http://localhost:7968/session/510f4e476a348551fb82d0556d2e7277/element/93ba42b3-081b-4739-810b-07274f72bb08/element'
18:23:48.818 [Forwarding findChildElement on session 510f4e476a348551fb82d0556d2e7277 to remote] DEBUG org.asynchttpclient.netty.request.NettyRequestSender - Using open Channel [id: 0xccfc25e2, L:/127.0.0.1:54604 - R:localhost/127.0.0.1:7968] for POST '/session/510f4e476a348551fb82d0556d2e7277/element/93ba42b3-081b-4739-810b-07274f72bb08/element'
18:23:48.846 [AsyncHttpClient-1-3] DEBUG org.asynchttpclient.netty.handler.HttpHandler - 

Request DefaultHttpRequest(decodeResult: success, version: HTTP/1.1)
POST /session/510f4e476a348551fb82d0556d2e7277/element/93ba42b3-081b-4739-810b-07274f72bb08/element HTTP/1.1
User-Agent: selenium/4.5.3 (java mac)
Content-Length: 106
Content-Type: application/json; charset=utf-8
host: localhost:7968
accept: */*

Response DefaultHttpResponse(decodeResult: success, version: HTTP/1.1)
HTTP/1.1 200 OK
Content-Length: 88
Content-Type: application/json; charset=utf-8
cache-control: no-cache

18:23:48.846 [AsyncHttpClient-1-3] DEBUG org.asynchttpclient.netty.channel.ChannelManager - Adding key: http://localhost:7968 for channel [id: 0xccfc25e2, L:/127.0.0.1:54604 - R:localhost/127.0.0.1:7968]
18:23:48.848 [Forwarding getElementText on session 510f4e476a348551fb82d0556d2e7277 to remote] DEBUG org.asynchttpclient.netty.request.NettyRequestSender - Using pooled Channel '[id: 0xccfc25e2, L:/127.0.0.1:54604 - R:localhost/127.0.0.1:7968]' for 'GET' to 'http://localhost:7968/session/510f4e476a348551fb82d0556d2e7277/element/b99c5a91-1b35-4185-8f94-0d78bce0da75/text'
18:23:48.848 [Forwarding getElementText on session 510f4e476a348551fb82d0556d2e7277 to remote] DEBUG org.asynchttpclient.netty.request.NettyRequestSender - Using open Channel [id: 0xccfc25e2, L:/127.0.0.1:54604 - R:localhost/127.0.0.1:7968] for GET '/session/510f4e476a348551fb82d0556d2e7277/element/b99c5a91-1b35-4185-8f94-0d78bce0da75/text'
18:23:48.909 [AsyncHttpClient-1-3] DEBUG org.asynchttpclient.netty.handler.HttpHandler - 

Request DefaultFullHttpRequest(decodeResult: success, version: HTTP/1.1, content: EmptyByteBufBE)
GET /session/510f4e476a348551fb82d0556d2e7277/element/b99c5a91-1b35-4185-8f94-0d78bce0da75/text HTTP/1.1
User-Agent: selenium/4.5.3 (java mac)
Cache-Control: no-cache
Content-Type: application/json; charset=utf-8
host: localhost:7968
accept: */*

Response DefaultHttpResponse(decodeResult: success, version: HTTP/1.1)
HTTP/1.1 200 OK
Content-Length: 66
Content-Type: application/json; charset=utf-8
cache-control: no-cache

18:23:48.910 [AsyncHttpClient-1-3] DEBUG org.asynchttpclient.netty.channel.ChannelManager - Adding key: http://localhost:7968 for channel [id: 0xccfc25e2, L:/127.0.0.1:54604 - R:localhost/127.0.0.1:7968]
18:23:48.911 [Forwarding findChildElement on session 510f4e476a348551fb82d0556d2e7277 to remote] DEBUG org.asynchttpclient.netty.request.NettyRequestSender - Using pooled Channel '[id: 0xccfc25e2, L:/127.0.0.1:54604 - R:localhost/127.0.0.1:7968]' for 'POST' to 'http://localhost:7968/session/510f4e476a348551fb82d0556d2e7277/element/93ba42b3-081b-4739-810b-07274f72bb08/element'
18:23:48.911 [Forwarding findChildElement on session 510f4e476a348551fb82d0556d2e7277 to remote] DEBUG org.asynchttpclient.netty.request.NettyRequestSender - Using open Channel [id: 0xccfc25e2, L:/127.0.0.1:54604 - R:localhost/127.0.0.1:7968] for POST '/session/510f4e476a348551fb82d0556d2e7277/element/93ba42b3-081b-4739-810b-07274f72bb08/element'
18:23:49.447 [AsyncHttpClient-1-3] DEBUG org.asynchttpclient.netty.handler.HttpHandler - 

Request DefaultHttpRequest(decodeResult: success, version: HTTP/1.1)
POST /session/510f4e476a348551fb82d0556d2e7277/element/93ba42b3-081b-4739-810b-07274f72bb08/element HTTP/1.1
User-Agent: selenium/4.5.3 (java mac)
Content-Length: 106
Content-Type: application/json; charset=utf-8
host: localhost:7968
accept: */*

Response DefaultHttpResponse(decodeResult: success, version: HTTP/1.1)
HTTP/1.1 200 OK
Content-Length: 88
Content-Type: application/json; charset=utf-8
cache-control: no-cache

18:23:49.447 [AsyncHttpClient-1-3] DEBUG org.asynchttpclient.netty.channel.ChannelManager - Adding key: http://localhost:7968 for channel [id: 0xccfc25e2, L:/127.0.0.1:54604 - R:localhost/127.0.0.1:7968]
18:23:49.448 [Forwarding getElementText on session 510f4e476a348551fb82d0556d2e7277 to remote] DEBUG org.asynchttpclient.netty.request.NettyRequestSender - Using pooled Channel '[id: 0xccfc25e2, L:/127.0.0.1:54604 - R:localhost/127.0.0.1:7968]' for 'GET' to 'http://localhost:7968/session/510f4e476a348551fb82d0556d2e7277/element/e1c56700-e6f5-4512-ae89-f2c9974e9a7f/text'
18:23:49.448 [Forwarding getElementText on session 510f4e476a348551fb82d0556d2e7277 to remote] DEBUG org.asynchttpclient.netty.request.NettyRequestSender - Using open Channel [id: 0xccfc25e2, L:/127.0.0.1:54604 - R:localhost/127.0.0.1:7968] for GET '/session/510f4e476a348551fb82d0556d2e7277/element/e1c56700-e6f5-4512-ae89-f2c9974e9a7f/text'
18:23:49.506 [AsyncHttpClient-1-3] DEBUG org.asynchttpclient.netty.handler.HttpHandler - 

Request DefaultFullHttpRequest(decodeResult: success, version: HTTP/1.1, content: EmptyByteBufBE)
GET /session/510f4e476a348551fb82d0556d2e7277/element/e1c56700-e6f5-4512-ae89-f2c9974e9a7f/text HTTP/1.1
User-Agent: selenium/4.5.3 (java mac)
Cache-Control: no-cache
Content-Type: application/json; charset=utf-8
host: localhost:7968
accept: */*

Response DefaultHttpResponse(decodeResult: success, version: HTTP/1.1)
HTTP/1.1 200 OK
Content-Length: 19
Content-Type: application/json; charset=utf-8
cache-control: no-cache

18:23:49.506 [AsyncHttpClient-1-3] DEBUG org.asynchttpclient.netty.channel.ChannelManager - Adding key: http://localhost:7968 for channel [id: 0xccfc25e2, L:/127.0.0.1:54604 - R:localhost/127.0.0.1:7968]
18:23:49.507 [Forwarding findChildElement on session 510f4e476a348551fb82d0556d2e7277 to remote] DEBUG org.asynchttpclient.netty.request.NettyRequestSender - Using pooled Channel '[id: 0xccfc25e2, L:/127.0.0.1:54604 - R:localhost/127.0.0.1:7968]' for 'POST' to 'http://localhost:7968/session/510f4e476a348551fb82d0556d2e7277/element/ed5087be-7c52-4bde-ac75-cb4949fd3ad6/element'
18:23:49.507 [Forwarding findChildElement on session 510f4e476a348551fb82d0556d2e7277 to remote] DEBUG org.asynchttpclient.netty.request.NettyRequestSender - Using open Channel [id: 0xccfc25e2, L:/127.0.0.1:54604 - R:localhost/127.0.0.1:7968] for POST '/session/510f4e476a348551fb82d0556d2e7277/element/ed5087be-7c52-4bde-ac75-cb4949fd3ad6/element'
18:23:49.534 [AsyncHttpClient-1-3] DEBUG org.asynchttpclient.netty.handler.HttpHandler - 

Request DefaultHttpRequest(decodeResult: success, version: HTTP/1.1)
POST /session/510f4e476a348551fb82d0556d2e7277/element/ed5087be-7c52-4bde-ac75-cb4949fd3ad6/element HTTP/1.1
User-Agent: selenium/4.5.3 (java mac)
Content-Length: 106
Content-Type: application/json; charset=utf-8
host: localhost:7968
accept: */*

Response DefaultHttpResponse(decodeResult: success, version: HTTP/1.1)
HTTP/1.1 200 OK
Content-Length: 88
Content-Type: application/json; charset=utf-8
cache-control: no-cache

18:23:49.534 [AsyncHttpClient-1-3] DEBUG org.asynchttpclient.netty.channel.ChannelManager - Adding key: http://localhost:7968 for channel [id: 0xccfc25e2, L:/127.0.0.1:54604 - R:localhost/127.0.0.1:7968]
18:23:49.534 [Forwarding getElementText on session 510f4e476a348551fb82d0556d2e7277 to remote] DEBUG org.asynchttpclient.netty.request.NettyRequestSender - Using pooled Channel '[id: 0xccfc25e2, L:/127.0.0.1:54604 - R:localhost/127.0.0.1:7968]' for 'GET' to 'http://localhost:7968/session/510f4e476a348551fb82d0556d2e7277/element/3997988d-4e18-4432-b529-4119d77cd0ab/text'
18:23:49.535 [Forwarding getElementText on session 510f4e476a348551fb82d0556d2e7277 to remote] DEBUG org.asynchttpclient.netty.request.NettyRequestSender - Using open Channel [id: 0xccfc25e2, L:/127.0.0.1:54604 - R:localhost/127.0.0.1:7968] for GET '/session/510f4e476a348551fb82d0556d2e7277/element/3997988d-4e18-4432-b529-4119d77cd0ab/text'
18:23:49.909 [AsyncHttpClient-1-1] DEBUG org.asynchttpclient.netty.channel.DefaultChannelPool - Entry count for : http://localhost:5352 : 1
18:23:49.909 [AsyncHttpClient-1-1] DEBUG org.asynchttpclient.netty.channel.DefaultChannelPool - Entry count for : http://localhost:54610 : 1
18:23:50.022 [AsyncHttpClient-1-3] DEBUG org.asynchttpclient.netty.handler.HttpHandler - 

Request DefaultFullHttpRequest(decodeResult: success, version: HTTP/1.1, content: EmptyByteBufBE)
GET /session/510f4e476a348551fb82d0556d2e7277/element/3997988d-4e18-4432-b529-4119d77cd0ab/text HTTP/1.1
User-Agent: selenium/4.5.3 (java mac)
Cache-Control: no-cache
Content-Type: application/json; charset=utf-8
host: localhost:7968
accept: */*

Response DefaultHttpResponse(decodeResult: success, version: HTTP/1.1)
HTTP/1.1 200 OK
Content-Length: 92
Content-Type: application/json; charset=utf-8
cache-control: no-cache

18:23:50.022 [AsyncHttpClient-1-3] DEBUG org.asynchttpclient.netty.channel.ChannelManager - Adding key: http://localhost:7968 for channel [id: 0xccfc25e2, L:/127.0.0.1:54604 - R:localhost/127.0.0.1:7968]
18:23:50.024 [Forwarding findChildElement on session 510f4e476a348551fb82d0556d2e7277 to remote] DEBUG org.asynchttpclient.netty.request.NettyRequestSender - Using pooled Channel '[id: 0xccfc25e2, L:/127.0.0.1:54604 - R:localhost/127.0.0.1:7968]' for 'POST' to 'http://localhost:7968/session/510f4e476a348551fb82d0556d2e7277/element/ed5087be-7c52-4bde-ac75-cb4949fd3ad6/element'
18:23:50.024 [Forwarding findChildElement on session 510f4e476a348551fb82d0556d2e7277 to remote] DEBUG org.asynchttpclient.netty.request.NettyRequestSender - Using open Channel [id: 0xccfc25e2, L:/127.0.0.1:54604 - R:localhost/127.0.0.1:7968] for POST '/session/510f4e476a348551fb82d0556d2e7277/element/ed5087be-7c52-4bde-ac75-cb4949fd3ad6/element'
18:23:50.197 [AsyncHttpClient-1-3] DEBUG org.asynchttpclient.netty.handler.HttpHandler - 

Request DefaultHttpRequest(decodeResult: success, version: HTTP/1.1)
POST /session/510f4e476a348551fb82d0556d2e7277/element/ed5087be-7c52-4bde-ac75-cb4949fd3ad6/element HTTP/1.1
User-Agent: selenium/4.5.3 (java mac)
Content-Length: 106
Content-Type: application/json; charset=utf-8
host: localhost:7968
accept: */*

Response DefaultHttpResponse(decodeResult: success, version: HTTP/1.1)
HTTP/1.1 200 OK
Content-Length: 88
Content-Type: application/json; charset=utf-8
cache-control: no-cache

18:23:50.198 [AsyncHttpClient-1-3] DEBUG org.asynchttpclient.netty.channel.ChannelManager - Adding key: http://localhost:7968 for channel [id: 0xccfc25e2, L:/127.0.0.1:54604 - R:localhost/127.0.0.1:7968]
18:23:50.198 [Forwarding getElementText on session 510f4e476a348551fb82d0556d2e7277 to remote] DEBUG org.asynchttpclient.netty.request.NettyRequestSender - Using pooled Channel '[id: 0xccfc25e2, L:/127.0.0.1:54604 - R:localhost/127.0.0.1:7968]' for 'GET' to 'http://localhost:7968/session/510f4e476a348551fb82d0556d2e7277/element/38836e60-911c-4118-8272-a51eb8458905/text'
18:23:50.198 [Forwarding getElementText on session 510f4e476a348551fb82d0556d2e7277 to remote] DEBUG org.asynchttpclient.netty.request.NettyRequestSender - Using open Channel [id: 0xccfc25e2, L:/127.0.0.1:54604 - R:localhost/127.0.0.1:7968] for GET '/session/510f4e476a348551fb82d0556d2e7277/element/38836e60-911c-4118-8272-a51eb8458905/text'
18:23:50.257 [AsyncHttpClient-1-3] DEBUG org.asynchttpclient.netty.handler.HttpHandler - 

Request DefaultFullHttpRequest(decodeResult: success, version: HTTP/1.1, content: EmptyByteBufBE)
GET /session/510f4e476a348551fb82d0556d2e7277/element/38836e60-911c-4118-8272-a51eb8458905/text HTTP/1.1
User-Agent: selenium/4.5.3 (java mac)
Cache-Control: no-cache
Content-Type: application/json; charset=utf-8
host: localhost:7968
accept: */*

Response DefaultHttpResponse(decodeResult: success, version: HTTP/1.1)
HTTP/1.1 200 OK
Content-Length: 30
Content-Type: application/json; charset=utf-8
cache-control: no-cache

18:23:50.257 [AsyncHttpClient-1-3] DEBUG org.asynchttpclient.netty.channel.ChannelManager - Adding key: http://localhost:7968 for channel [id: 0xccfc25e2, L:/127.0.0.1:54604 - R:localhost/127.0.0.1:7968]
18:23:50.258 [Forwarding findChildElement on session 510f4e476a348551fb82d0556d2e7277 to remote] DEBUG org.asynchttpclient.netty.request.NettyRequestSender - Using pooled Channel '[id: 0xccfc25e2, L:/127.0.0.1:54604 - R:localhost/127.0.0.1:7968]' for 'POST' to 'http://localhost:7968/session/510f4e476a348551fb82d0556d2e7277/element/1c614fcf-e281-427d-a668-4a39f582a568/element'
18:23:50.258 [Forwarding findChildElement on session 510f4e476a348551fb82d0556d2e7277 to remote] DEBUG org.asynchttpclient.netty.request.NettyRequestSender - Using open Channel [id: 0xccfc25e2, L:/127.0.0.1:54604 - R:localhost/127.0.0.1:7968] for POST '/session/510f4e476a348551fb82d0556d2e7277/element/1c614fcf-e281-427d-a668-4a39f582a568/element'
18:23:50.557 [AsyncHttpClient-1-3] DEBUG org.asynchttpclient.netty.handler.HttpHandler - 

Request DefaultHttpRequest(decodeResult: success, version: HTTP/1.1)
POST /session/510f4e476a348551fb82d0556d2e7277/element/1c614fcf-e281-427d-a668-4a39f582a568/element HTTP/1.1
User-Agent: selenium/4.5.3 (java mac)
Content-Length: 106
Content-Type: application/json; charset=utf-8
host: localhost:7968
accept: */*

Response DefaultHttpResponse(decodeResult: success, version: HTTP/1.1)
HTTP/1.1 200 OK
Content-Length: 88
Content-Type: application/json; charset=utf-8
cache-control: no-cache

18:23:50.557 [AsyncHttpClient-1-3] DEBUG org.asynchttpclient.netty.channel.ChannelManager - Adding key: http://localhost:7968 for channel [id: 0xccfc25e2, L:/127.0.0.1:54604 - R:localhost/127.0.0.1:7968]
18:23:50.557 [Forwarding getElementText on session 510f4e476a348551fb82d0556d2e7277 to remote] DEBUG org.asynchttpclient.netty.request.NettyRequestSender - Using pooled Channel '[id: 0xccfc25e2, L:/127.0.0.1:54604 - R:localhost/127.0.0.1:7968]' for 'GET' to 'http://localhost:7968/session/510f4e476a348551fb82d0556d2e7277/element/ec32bd4e-dac1-4f04-aa9f-a13cb4a383db/text'
18:23:50.557 [Forwarding getElementText on session 510f4e476a348551fb82d0556d2e7277 to remote] DEBUG org.asynchttpclient.netty.request.NettyRequestSender - Using open Channel [id: 0xccfc25e2, L:/127.0.0.1:54604 - R:localhost/127.0.0.1:7968] for GET '/session/510f4e476a348551fb82d0556d2e7277/element/ec32bd4e-dac1-4f04-aa9f-a13cb4a383db/text'
18:23:50.582 [AsyncHttpClient-1-3] DEBUG org.asynchttpclient.netty.handler.HttpHandler - 

Request DefaultFullHttpRequest(decodeResult: success, version: HTTP/1.1, content: EmptyByteBufBE)
GET /session/510f4e476a348551fb82d0556d2e7277/element/ec32bd4e-dac1-4f04-aa9f-a13cb4a383db/text HTTP/1.1
User-Agent: selenium/4.5.3 (java mac)
Cache-Control: no-cache
Content-Type: application/json; charset=utf-8
host: localhost:7968
accept: */*

Response DefaultHttpResponse(decodeResult: success, version: HTTP/1.1)
HTTP/1.1 200 OK
Content-Length: 92
Content-Type: application/json; charset=utf-8
cache-control: no-cache

18:23:50.582 [AsyncHttpClient-1-3] DEBUG org.asynchttpclient.netty.channel.ChannelManager - Adding key: http://localhost:7968 for channel [id: 0xccfc25e2, L:/127.0.0.1:54604 - R:localhost/127.0.0.1:7968]
18:23:50.583 [Forwarding findChildElement on session 510f4e476a348551fb82d0556d2e7277 to remote] DEBUG org.asynchttpclient.netty.request.NettyRequestSender - Using pooled Channel '[id: 0xccfc25e2, L:/127.0.0.1:54604 - R:localhost/127.0.0.1:7968]' for 'POST' to 'http://localhost:7968/session/510f4e476a348551fb82d0556d2e7277/element/1c614fcf-e281-427d-a668-4a39f582a568/element'
18:23:50.583 [Forwarding findChildElement on session 510f4e476a348551fb82d0556d2e7277 to remote] DEBUG org.asynchttpclient.netty.request.NettyRequestSender - Using open Channel [id: 0xccfc25e2, L:/127.0.0.1:54604 - R:localhost/127.0.0.1:7968] for POST '/session/510f4e476a348551fb82d0556d2e7277/element/1c614fcf-e281-427d-a668-4a39f582a568/element'
18:23:50.599 [AsyncHttpClient-1-3] DEBUG org.asynchttpclient.netty.handler.HttpHandler - 

Request DefaultHttpRequest(decodeResult: success, version: HTTP/1.1)
POST /session/510f4e476a348551fb82d0556d2e7277/element/1c614fcf-e281-427d-a668-4a39f582a568/element HTTP/1.1
User-Agent: selenium/4.5.3 (java mac)
Content-Length: 106
Content-Type: application/json; charset=utf-8
host: localhost:7968
accept: */*

Response DefaultHttpResponse(decodeResult: success, version: HTTP/1.1)
HTTP/1.1 200 OK
Content-Length: 88
Content-Type: application/json; charset=utf-8
cache-control: no-cache

18:23:50.599 [AsyncHttpClient-1-3] DEBUG org.asynchttpclient.netty.channel.ChannelManager - Adding key: http://localhost:7968 for channel [id: 0xccfc25e2, L:/127.0.0.1:54604 - R:localhost/127.0.0.1:7968]
18:23:50.600 [Forwarding getElementText on session 510f4e476a348551fb82d0556d2e7277 to remote] DEBUG org.asynchttpclient.netty.request.NettyRequestSender - Using pooled Channel '[id: 0xccfc25e2, L:/127.0.0.1:54604 - R:localhost/127.0.0.1:7968]' for 'GET' to 'http://localhost:7968/session/510f4e476a348551fb82d0556d2e7277/element/af38200d-2c17-48b9-9948-c3f2d0f465d3/text'
18:23:50.600 [Forwarding getElementText on session 510f4e476a348551fb82d0556d2e7277 to remote] DEBUG org.asynchttpclient.netty.request.NettyRequestSender - Using open Channel [id: 0xccfc25e2, L:/127.0.0.1:54604 - R:localhost/127.0.0.1:7968] for GET '/session/510f4e476a348551fb82d0556d2e7277/element/af38200d-2c17-48b9-9948-c3f2d0f465d3/text'
18:23:50.617 [AsyncHttpClient-1-3] DEBUG org.asynchttpclient.netty.handler.HttpHandler - 

Request DefaultFullHttpRequest(decodeResult: success, version: HTTP/1.1, content: EmptyByteBufBE)
GET /session/510f4e476a348551fb82d0556d2e7277/element/af38200d-2c17-48b9-9948-c3f2d0f465d3/text HTTP/1.1
User-Agent: selenium/4.5.3 (java mac)
Cache-Control: no-cache
Content-Type: application/json; charset=utf-8
host: localhost:7968
accept: */*

Response DefaultHttpResponse(decodeResult: success, version: HTTP/1.1)
HTTP/1.1 200 OK
Content-Length: 19
Content-Type: application/json; charset=utf-8
cache-control: no-cache

18:23:50.618 [AsyncHttpClient-1-3] DEBUG org.asynchttpclient.netty.channel.ChannelManager - Adding key: http://localhost:7968 for channel [id: 0xccfc25e2, L:/127.0.0.1:54604 - R:localhost/127.0.0.1:7968]
18:23:50.620 [Forwarding findChildElement on session 510f4e476a348551fb82d0556d2e7277 to remote] DEBUG org.asynchttpclient.netty.request.NettyRequestSender - Using pooled Channel '[id: 0xccfc25e2, L:/127.0.0.1:54604 - R:localhost/127.0.0.1:7968]' for 'POST' to 'http://localhost:7968/session/510f4e476a348551fb82d0556d2e7277/element/01ff9d39-4cb7-480b-aa85-dc34310e4570/element'
18:23:50.620 [Forwarding findChildElement on session 510f4e476a348551fb82d0556d2e7277 to remote] DEBUG org.asynchttpclient.netty.request.NettyRequestSender - Using open Channel [id: 0xccfc25e2, L:/127.0.0.1:54604 - R:localhost/127.0.0.1:7968] for POST '/session/510f4e476a348551fb82d0556d2e7277/element/01ff9d39-4cb7-480b-aa85-dc34310e4570/element'
18:23:50.659 [AsyncHttpClient-1-3] DEBUG org.asynchttpclient.netty.handler.HttpHandler - 

Request DefaultHttpRequest(decodeResult: success, version: HTTP/1.1)
POST /session/510f4e476a348551fb82d0556d2e7277/element/01ff9d39-4cb7-480b-aa85-dc34310e4570/element HTTP/1.1
User-Agent: selenium/4.5.3 (java mac)
Content-Length: 106
Content-Type: application/json; charset=utf-8
host: localhost:7968
accept: */*

Response DefaultHttpResponse(decodeResult: success, version: HTTP/1.1)
HTTP/1.1 200 OK
Content-Length: 88
Content-Type: application/json; charset=utf-8
cache-control: no-cache

18:23:50.659 [AsyncHttpClient-1-3] DEBUG org.asynchttpclient.netty.channel.ChannelManager - Adding key: http://localhost:7968 for channel [id: 0xccfc25e2, L:/127.0.0.1:54604 - R:localhost/127.0.0.1:7968]
18:23:50.659 [Forwarding getElementText on session 510f4e476a348551fb82d0556d2e7277 to remote] DEBUG org.asynchttpclient.netty.request.NettyRequestSender - Using pooled Channel '[id: 0xccfc25e2, L:/127.0.0.1:54604 - R:localhost/127.0.0.1:7968]' for 'GET' to 'http://localhost:7968/session/510f4e476a348551fb82d0556d2e7277/element/c0cba0dc-874f-41e2-a9b1-06031ce0cf3f/text'
18:23:50.659 [Forwarding getElementText on session 510f4e476a348551fb82d0556d2e7277 to remote] DEBUG org.asynchttpclient.netty.request.NettyRequestSender - Using open Channel [id: 0xccfc25e2, L:/127.0.0.1:54604 - R:localhost/127.0.0.1:7968] for GET '/session/510f4e476a348551fb82d0556d2e7277/element/c0cba0dc-874f-41e2-a9b1-06031ce0cf3f/text'
18:23:51.009 [AsyncHttpClient-1-1] DEBUG org.asynchttpclient.netty.channel.DefaultChannelPool - Entry count for : http://localhost:5352 : 1
18:23:51.009 [AsyncHttpClient-1-1] DEBUG org.asynchttpclient.netty.channel.DefaultChannelPool - Entry count for : http://localhost:54610 : 1
18:23:51.101 [AsyncHttpClient-1-3] DEBUG org.asynchttpclient.netty.handler.HttpHandler - 

Request DefaultFullHttpRequest(decodeResult: success, version: HTTP/1.1, content: EmptyByteBufBE)
GET /session/510f4e476a348551fb82d0556d2e7277/element/c0cba0dc-874f-41e2-a9b1-06031ce0cf3f/text HTTP/1.1
User-Agent: selenium/4.5.3 (java mac)
Cache-Control: no-cache
Content-Type: application/json; charset=utf-8
host: localhost:7968
accept: */*

Response DefaultHttpResponse(decodeResult: success, version: HTTP/1.1)
HTTP/1.1 200 OK
Content-Length: 90
Content-Type: application/json; charset=utf-8
cache-control: no-cache

18:23:51.101 [AsyncHttpClient-1-3] DEBUG org.asynchttpclient.netty.channel.ChannelManager - Adding key: http://localhost:7968 for channel [id: 0xccfc25e2, L:/127.0.0.1:54604 - R:localhost/127.0.0.1:7968]
18:23:51.102 [Forwarding findChildElement on session 510f4e476a348551fb82d0556d2e7277 to remote] DEBUG org.asynchttpclient.netty.request.NettyRequestSender - Using pooled Channel '[id: 0xccfc25e2, L:/127.0.0.1:54604 - R:localhost/127.0.0.1:7968]' for 'POST' to 'http://localhost:7968/session/510f4e476a348551fb82d0556d2e7277/element/01ff9d39-4cb7-480b-aa85-dc34310e4570/element'
18:23:51.102 [Forwarding findChildElement on session 510f4e476a348551fb82d0556d2e7277 to remote] DEBUG org.asynchttpclient.netty.request.NettyRequestSender - Using open Channel [id: 0xccfc25e2, L:/127.0.0.1:54604 - R:localhost/127.0.0.1:7968] for POST '/session/510f4e476a348551fb82d0556d2e7277/element/01ff9d39-4cb7-480b-aa85-dc34310e4570/element'
18:23:51.122 [AsyncHttpClient-1-3] DEBUG org.asynchttpclient.netty.handler.HttpHandler - 

Request DefaultHttpRequest(decodeResult: success, version: HTTP/1.1)
POST /session/510f4e476a348551fb82d0556d2e7277/element/01ff9d39-4cb7-480b-aa85-dc34310e4570/element HTTP/1.1
User-Agent: selenium/4.5.3 (java mac)
Content-Length: 106
Content-Type: application/json; charset=utf-8
host: localhost:7968
accept: */*

Response DefaultHttpResponse(decodeResult: success, version: HTTP/1.1)
HTTP/1.1 200 OK
Content-Length: 88
Content-Type: application/json; charset=utf-8
cache-control: no-cache

18:23:51.122 [AsyncHttpClient-1-3] DEBUG org.asynchttpclient.netty.channel.ChannelManager - Adding key: http://localhost:7968 for channel [id: 0xccfc25e2, L:/127.0.0.1:54604 - R:localhost/127.0.0.1:7968]
18:23:51.123 [Forwarding getElementText on session 510f4e476a348551fb82d0556d2e7277 to remote] DEBUG org.asynchttpclient.netty.request.NettyRequestSender - Using pooled Channel '[id: 0xccfc25e2, L:/127.0.0.1:54604 - R:localhost/127.0.0.1:7968]' for 'GET' to 'http://localhost:7968/session/510f4e476a348551fb82d0556d2e7277/element/77a5da4a-95e3-43ac-9f4c-b90bc1390ca9/text'
18:23:51.124 [Forwarding getElementText on session 510f4e476a348551fb82d0556d2e7277 to remote] DEBUG org.asynchttpclient.netty.request.NettyRequestSender - Using open Channel [id: 0xccfc25e2, L:/127.0.0.1:54604 - R:localhost/127.0.0.1:7968] for GET '/session/510f4e476a348551fb82d0556d2e7277/element/77a5da4a-95e3-43ac-9f4c-b90bc1390ca9/text'
18:23:51.174 [AsyncHttpClient-1-3] DEBUG org.asynchttpclient.netty.handler.HttpHandler - 

Request DefaultFullHttpRequest(decodeResult: success, version: HTTP/1.1, content: EmptyByteBufBE)
GET /session/510f4e476a348551fb82d0556d2e7277/element/77a5da4a-95e3-43ac-9f4c-b90bc1390ca9/text HTTP/1.1
User-Agent: selenium/4.5.3 (java mac)
Cache-Control: no-cache
Content-Type: application/json; charset=utf-8
host: localhost:7968
accept: */*

Response DefaultHttpResponse(decodeResult: success, version: HTTP/1.1)
HTTP/1.1 200 OK
Content-Length: 30
Content-Type: application/json; charset=utf-8
cache-control: no-cache

18:23:51.174 [AsyncHttpClient-1-3] DEBUG org.asynchttpclient.netty.channel.ChannelManager - Adding key: http://localhost:7968 for channel [id: 0xccfc25e2, L:/127.0.0.1:54604 - R:localhost/127.0.0.1:7968]
18:23:51.175 [Forwarding findChildElement on session 510f4e476a348551fb82d0556d2e7277 to remote] DEBUG org.asynchttpclient.netty.request.NettyRequestSender - Using pooled Channel '[id: 0xccfc25e2, L:/127.0.0.1:54604 - R:localhost/127.0.0.1:7968]' for 'POST' to 'http://localhost:7968/session/510f4e476a348551fb82d0556d2e7277/element/acfdc0af-a53f-4b4c-951a-0d7571c4d113/element'
18:23:51.175 [Forwarding findChildElement on session 510f4e476a348551fb82d0556d2e7277 to remote] DEBUG org.asynchttpclient.netty.request.NettyRequestSender - Using open Channel [id: 0xccfc25e2, L:/127.0.0.1:54604 - R:localhost/127.0.0.1:7968] for POST '/session/510f4e476a348551fb82d0556d2e7277/element/acfdc0af-a53f-4b4c-951a-0d7571c4d113/element'
18:23:51.474 [AsyncHttpClient-1-3] DEBUG org.asynchttpclient.netty.handler.HttpHandler - 

Request DefaultHttpRequest(decodeResult: success, version: HTTP/1.1)
POST /session/510f4e476a348551fb82d0556d2e7277/element/acfdc0af-a53f-4b4c-951a-0d7571c4d113/element HTTP/1.1
User-Agent: selenium/4.5.3 (java mac)
Content-Length: 106
Content-Type: application/json; charset=utf-8
host: localhost:7968
accept: */*

Response DefaultHttpResponse(decodeResult: success, version: HTTP/1.1)
HTTP/1.1 200 OK
Content-Length: 88
Content-Type: application/json; charset=utf-8
cache-control: no-cache

18:23:51.475 [AsyncHttpClient-1-3] DEBUG org.asynchttpclient.netty.channel.ChannelManager - Adding key: http://localhost:7968 for channel [id: 0xccfc25e2, L:/127.0.0.1:54604 - R:localhost/127.0.0.1:7968]
18:23:51.475 [Forwarding getElementText on session 510f4e476a348551fb82d0556d2e7277 to remote] DEBUG org.asynchttpclient.netty.request.NettyRequestSender - Using pooled Channel '[id: 0xccfc25e2, L:/127.0.0.1:54604 - R:localhost/127.0.0.1:7968]' for 'GET' to 'http://localhost:7968/session/510f4e476a348551fb82d0556d2e7277/element/f98ae296-1ef9-4a2c-9015-7c0bde383140/text'
18:23:51.476 [Forwarding getElementText on session 510f4e476a348551fb82d0556d2e7277 to remote] DEBUG org.asynchttpclient.netty.request.NettyRequestSender - Using open Channel [id: 0xccfc25e2, L:/127.0.0.1:54604 - R:localhost/127.0.0.1:7968] for GET '/session/510f4e476a348551fb82d0556d2e7277/element/f98ae296-1ef9-4a2c-9015-7c0bde383140/text'
18:23:51.702 [AsyncHttpClient-1-3] DEBUG org.asynchttpclient.netty.handler.HttpHandler - 

Request DefaultFullHttpRequest(decodeResult: success, version: HTTP/1.1, content: EmptyByteBufBE)
GET /session/510f4e476a348551fb82d0556d2e7277/element/f98ae296-1ef9-4a2c-9015-7c0bde383140/text HTTP/1.1
User-Agent: selenium/4.5.3 (java mac)
Cache-Control: no-cache
Content-Type: application/json; charset=utf-8
host: localhost:7968
accept: */*

Response DefaultHttpResponse(decodeResult: success, version: HTTP/1.1)
HTTP/1.1 200 OK
Content-Length: 68
Content-Type: application/json; charset=utf-8
cache-control: no-cache

18:23:51.702 [AsyncHttpClient-1-3] DEBUG org.asynchttpclient.netty.channel.ChannelManager - Adding key: http://localhost:7968 for channel [id: 0xccfc25e2, L:/127.0.0.1:54604 - R:localhost/127.0.0.1:7968]
18:23:51.702 [Forwarding findChildElement on session 510f4e476a348551fb82d0556d2e7277 to remote] DEBUG org.asynchttpclient.netty.request.NettyRequestSender - Using pooled Channel '[id: 0xccfc25e2, L:/127.0.0.1:54604 - R:localhost/127.0.0.1:7968]' for 'POST' to 'http://localhost:7968/session/510f4e476a348551fb82d0556d2e7277/element/acfdc0af-a53f-4b4c-951a-0d7571c4d113/element'
18:23:51.702 [Forwarding findChildElement on session 510f4e476a348551fb82d0556d2e7277 to remote] DEBUG org.asynchttpclient.netty.request.NettyRequestSender - Using open Channel [id: 0xccfc25e2, L:/127.0.0.1:54604 - R:localhost/127.0.0.1:7968] for POST '/session/510f4e476a348551fb82d0556d2e7277/element/acfdc0af-a53f-4b4c-951a-0d7571c4d113/element'
18:23:51.718 [AsyncHttpClient-1-3] DEBUG org.asynchttpclient.netty.handler.HttpHandler - 

Request DefaultHttpRequest(decodeResult: success, version: HTTP/1.1)
POST /session/510f4e476a348551fb82d0556d2e7277/element/acfdc0af-a53f-4b4c-951a-0d7571c4d113/element HTTP/1.1
User-Agent: selenium/4.5.3 (java mac)
Content-Length: 106
Content-Type: application/json; charset=utf-8
host: localhost:7968
accept: */*

Response DefaultHttpResponse(decodeResult: success, version: HTTP/1.1)
HTTP/1.1 200 OK
Content-Length: 88
Content-Type: application/json; charset=utf-8
cache-control: no-cache

18:23:51.718 [AsyncHttpClient-1-3] DEBUG org.asynchttpclient.netty.channel.ChannelManager - Adding key: http://localhost:7968 for channel [id: 0xccfc25e2, L:/127.0.0.1:54604 - R:localhost/127.0.0.1:7968]
18:23:51.719 [Forwarding getElementText on session 510f4e476a348551fb82d0556d2e7277 to remote] DEBUG org.asynchttpclient.netty.request.NettyRequestSender - Using pooled Channel '[id: 0xccfc25e2, L:/127.0.0.1:54604 - R:localhost/127.0.0.1:7968]' for 'GET' to 'http://localhost:7968/session/510f4e476a348551fb82d0556d2e7277/element/33c8fa6a-760f-4ca3-9ab6-2f27e919ad59/text'
18:23:51.719 [Forwarding getElementText on session 510f4e476a348551fb82d0556d2e7277 to remote] DEBUG org.asynchttpclient.netty.request.NettyRequestSender - Using open Channel [id: 0xccfc25e2, L:/127.0.0.1:54604 - R:localhost/127.0.0.1:7968] for GET '/session/510f4e476a348551fb82d0556d2e7277/element/33c8fa6a-760f-4ca3-9ab6-2f27e919ad59/text'
18:23:51.744 [AsyncHttpClient-1-3] DEBUG org.asynchttpclient.netty.handler.HttpHandler - 

Request DefaultFullHttpRequest(decodeResult: success, version: HTTP/1.1, content: EmptyByteBufBE)
GET /session/510f4e476a348551fb82d0556d2e7277/element/33c8fa6a-760f-4ca3-9ab6-2f27e919ad59/text HTTP/1.1
User-Agent: selenium/4.5.3 (java mac)
Cache-Control: no-cache
Content-Type: application/json; charset=utf-8
host: localhost:7968
accept: */*

Response DefaultHttpResponse(decodeResult: success, version: HTTP/1.1)
HTTP/1.1 200 OK
Content-Length: 19
Content-Type: application/json; charset=utf-8
cache-control: no-cache

18:23:51.744 [AsyncHttpClient-1-3] DEBUG org.asynchttpclient.netty.channel.ChannelManager - Adding key: http://localhost:7968 for channel [id: 0xccfc25e2, L:/127.0.0.1:54604 - R:localhost/127.0.0.1:7968]
Execution time with ChromeDriver: 39355ms |	 0 minutes 39.00 seconds
That's a difference of -37412ms
]]></system-out>
    <system-err><![CDATA[Starting ChromeDriver 110.0.5481.77 (65ed616c6e8ee3fe0ad64fe83796c020644d42af-refs/branch-heads/5481@{#839}) on port 5352
Only local connections are allowed.
Please see https://chromedriver.chromium.org/security-considerations for suggestions on keeping ChromeDriver safe.
ChromeDriver was started successfully.
[1677712929.274][WARNING]: virtual void DevToolsClientImpl::AddListener(DevToolsEventListener *) subscribing a listener to the already connected DevToolsClient. Connection notification will not arrive.
Mar 01, 2023 6:22:09 PM org.openqa.selenium.devtools.CdpVersionFinder findNearestMatch
WARNING: Unable to find CDP implementation matching 110
Mar 01, 2023 6:22:09 PM org.openqa.selenium.chromium.ChromiumDriver lambda$new$3
WARNING: Unable to find version of CDP to use for . You may need to include a dependency on a specific version of the CDP using something similar to `org.seleniumhq.selenium:selenium-devtools-v86:4.5.3` where the version ("v86") matches the version of the chromium-based browser you're using and the version number of the artifact is the same as Selenium's.
Starting ChromeDriver 110.0.5481.77 (65ed616c6e8ee3fe0ad64fe83796c020644d42af-refs/branch-heads/5481@{#839}) on port 7968
Only local connections are allowed.
Please see https://chromedriver.chromium.org/security-considerations for suggestions on keeping ChromeDriver safe.
ChromeDriver was started successfully.
[1677712997.077][WARNING]: virtual void DevToolsClientImpl::AddListener(DevToolsEventListener *) subscribing a listener to the already connected DevToolsClient. Connection notification will not arrive.
Mar 01, 2023 6:23:17 PM org.openqa.selenium.devtools.CdpVersionFinder findNearestMatch
WARNING: Unable to find CDP implementation matching 110
Mar 01, 2023 6:23:17 PM org.openqa.selenium.chromium.ChromiumDriver lambda$new$3
WARNING: Unable to find version of CDP to use for . You may need to include a dependency on a specific version of the CDP using something similar to `org.seleniumhq.selenium:selenium-devtools-v86:4.5.3` where the version ("v86") matches the version of the chromium-based browser you're using and the version number of the artifact is the same as Selenium's.
]]></system-err>
  </testcase>
  <testcase name="testWhetherWebManagerisFaster[3]" classname="app.selenium.TestEbay" time="104.402"/>
  <testcase name="testWhetherWebManagerisFaster[4]" classname="app.selenium.TestEbay" time="103.539">
    <failure message="Bonigarcia&apos;s WebdriverManager at 62166ms can connect and crawl data from Ebay.com faster than Google&apos;s ChromeDriver.exe(ver 110) at45865ms. ==&gt; expected: &lt;true&gt; but was: &lt;false&gt;" type="org.opentest4j.AssertionFailedError"><![CDATA[org.opentest4j.AssertionFailedError: Bonigarcia's WebdriverManager at 62166ms can connect and crawl data from Ebay.com faster than Google's ChromeDriver.exe(ver 110) at45865ms. ==> expected: <true> but was: <false>
	at app.selenium.TestEbay.testWhetherWebManagerisFaster(TestEbay.java:85)
]]></failure>
    <system-out><![CDATA[18:25:31.873 [main] DEBUG io.github.bonigarcia.wdm.cache.ResolutionCache - Resolution chrome=110 in cache (valid until 18:41:36 01/03/2023 EST)
18:25:31.874 [main] DEBUG io.github.bonigarcia.wdm.cache.ResolutionCache - Resolution chrome110=110.0.5481.77 in cache (valid until 17:41:36 02/03/2023 EST)
18:25:31.875 [main] INFO io.github.bonigarcia.wdm.WebDriverManager - Using chromedriver 110.0.5481.77 (resolved driver for Chrome 110)
18:25:31.883 [main] DEBUG io.github.bonigarcia.wdm.WebDriverManager - Driver chromedriver 110.0.5481.77 found in cache
18:25:31.886 [main] INFO io.github.bonigarcia.wdm.WebDriverManager - Exporting webdriver.chrome.driver as /Users/quese/.cache/selenium/chromedriver/mac64/110.0.5481.77/chromedriver
18:25:32.709 [AsyncHttpClient-1-1] DEBUG org.asynchttpclient.netty.channel.DefaultChannelPool - Entry count for : http://localhost:7078 : 1
18:25:32.709 [AsyncHttpClient-1-1] DEBUG org.asynchttpclient.netty.channel.DefaultChannelPool - Entry count for : http://localhost:54824 : 1
18:25:32.709 [AsyncHttpClient-1-1] DEBUG org.asynchttpclient.netty.channel.DefaultChannelPool - Entry count for : http://localhost:25088 : 1
18:25:33.810 [AsyncHttpClient-1-1] DEBUG org.asynchttpclient.netty.channel.DefaultChannelPool - Entry count for : http://localhost:7078 : 1
18:25:33.810 [AsyncHttpClient-1-1] DEBUG org.asynchttpclient.netty.channel.DefaultChannelPool - Entry count for : http://localhost:54824 : 1
18:25:33.810 [AsyncHttpClient-1-1] DEBUG org.asynchttpclient.netty.channel.DefaultChannelPool - Entry count for : http://localhost:25088 : 1
18:25:34.911 [AsyncHttpClient-1-1] DEBUG org.asynchttpclient.netty.channel.DefaultChannelPool - Entry count for : http://localhost:7078 : 1
18:25:34.911 [AsyncHttpClient-1-1] DEBUG org.asynchttpclient.netty.channel.DefaultChannelPool - Entry count for : http://localhost:54824 : 1
18:25:34.911 [AsyncHttpClient-1-1] DEBUG org.asynchttpclient.netty.channel.DefaultChannelPool - Entry count for : http://localhost:25088 : 1
18:25:36.013 [AsyncHttpClient-1-1] DEBUG org.asynchttpclient.netty.channel.DefaultChannelPool - Entry count for : http://localhost:7078 : 1
18:25:36.013 [AsyncHttpClient-1-1] DEBUG org.asynchttpclient.netty.channel.DefaultChannelPool - Entry count for : http://localhost:54824 : 1
18:25:36.013 [AsyncHttpClient-1-1] DEBUG org.asynchttpclient.netty.channel.DefaultChannelPool - Entry count for : http://localhost:25088 : 1
18:25:37.113 [AsyncHttpClient-1-1] DEBUG org.asynchttpclient.netty.channel.DefaultChannelPool - Entry count for : http://localhost:7078 : 1
18:25:37.113 [AsyncHttpClient-1-1] DEBUG org.asynchttpclient.netty.channel.DefaultChannelPool - Entry count for : http://localhost:54824 : 1
18:25:37.113 [AsyncHttpClient-1-1] DEBUG org.asynchttpclient.netty.channel.DefaultChannelPool - Entry count for : http://localhost:25088 : 1
18:25:37.113 [AsyncHttpClient-1-1] DEBUG org.asynchttpclient.netty.channel.DefaultChannelPool - Adding Candidate expired Channel [id: 0x5286f79d, L:/127.0.0.1:54710 - R:localhost/127.0.0.1:25088] isIdleTimeoutExpired=true isRemotelyClosed=false isTtlExpired=false
18:25:37.113 [AsyncHttpClient-1-1] DEBUG org.asynchttpclient.netty.channel.DefaultChannelPool - Closing Idle Channel [id: 0x5286f79d, L:/127.0.0.1:54710 - R:localhost/127.0.0.1:25088]
18:25:37.114 [AsyncHttpClient-1-1] DEBUG org.asynchttpclient.netty.channel.DefaultChannelPool - Closed 1 connections out of 3 in 1 ms
18:25:37.117 [AsyncHttpClient-1-6] DEBUG org.asynchttpclient.netty.handler.HttpHandler - Channel Closed: [id: 0x5286f79d, L:/127.0.0.1:54710 ! R:localhost/127.0.0.1:25088] with attribute DISCARD
18:25:37.819 [AsyncHttpClient-1-4] DEBUG org.asynchttpclient.netty.channel.NettyConnectListener - Using new Channel '[id: 0x38473121, L:/127.0.0.1:54991 - R:localhost/127.0.0.1:8354]' for 'POST' to '/session'
18:25:38.211 [AsyncHttpClient-1-1] DEBUG org.asynchttpclient.netty.channel.DefaultChannelPool - Entry count for : http://localhost:7078 : 1
18:25:38.211 [AsyncHttpClient-1-1] DEBUG org.asynchttpclient.netty.channel.DefaultChannelPool - Entry count for : http://localhost:54824 : 1
18:25:39.310 [AsyncHttpClient-1-1] DEBUG org.asynchttpclient.netty.channel.DefaultChannelPool - Entry count for : http://localhost:7078 : 1
18:25:39.310 [AsyncHttpClient-1-1] DEBUG org.asynchttpclient.netty.channel.DefaultChannelPool - Entry count for : http://localhost:54824 : 1
18:25:39.311 [AsyncHttpClient-1-1] DEBUG org.asynchttpclient.netty.channel.DefaultChannelPool - Adding Candidate expired Channel [id: 0x9b44bd7f, L:/127.0.0.1:54828 - R:localhost/127.0.0.1:54824] isIdleTimeoutExpired=true isRemotelyClosed=false isTtlExpired=false
18:25:39.311 [AsyncHttpClient-1-1] DEBUG org.asynchttpclient.netty.channel.DefaultChannelPool - Closing Idle Channel [id: 0x9b44bd7f, L:/127.0.0.1:54828 - R:localhost/127.0.0.1:54824]
18:25:39.311 [AsyncHttpClient-1-1] DEBUG org.asynchttpclient.netty.channel.DefaultChannelPool - Closed 1 connections out of 2 in 0 ms
18:25:39.311 [AsyncHttpClient-1-2] DEBUG org.asynchttpclient.netty.handler.HttpHandler - Channel Closed: [id: 0x9b44bd7f, L:/127.0.0.1:54828 ! R:localhost/127.0.0.1:54824] with attribute DISCARD
18:25:40.413 [AsyncHttpClient-1-1] DEBUG org.asynchttpclient.netty.channel.DefaultChannelPool - Entry count for : http://localhost:7078 : 1
18:25:40.760 [AsyncHttpClient-1-4] DEBUG org.asynchttpclient.netty.handler.HttpHandler - 

Request DefaultHttpRequest(decodeResult: success, version: HTTP/1.1)
POST /session HTTP/1.1
User-Agent: selenium/4.5.3 (java mac)
Content-Length: 817
Content-Type: application/json; charset=utf-8
host: localhost:8354
accept: */*

Response DefaultHttpResponse(decodeResult: success, version: HTTP/1.1)
HTTP/1.1 200 OK
Content-Length: 800
Content-Type: application/json; charset=utf-8
cache-control: no-cache

18:25:40.762 [AsyncHttpClient-1-4] DEBUG org.asynchttpclient.netty.channel.ChannelManager - Adding key: http://localhost:8354 for channel [id: 0x38473121, L:/127.0.0.1:54991 - R:localhost/127.0.0.1:8354]
18:25:40.780 [AsyncHttpClient-1-5] DEBUG org.asynchttpclient.netty.channel.NettyConnectListener - Using new Channel '[id: 0xdf8a1c74, L:/127.0.0.1:54997 - R:localhost/127.0.0.1:54992]' for 'GET' to '/json/version'
18:25:40.781 [AsyncHttpClient-1-5] DEBUG org.asynchttpclient.netty.handler.HttpHandler - 

Request DefaultFullHttpRequest(decodeResult: success, version: HTTP/1.1, content: EmptyByteBufBE)
GET /json/version HTTP/1.1
User-Agent: selenium/4.5.3 (java mac)
host: localhost:54992
accept: */*

Response DefaultHttpResponse(decodeResult: success, version: HTTP/1.1)
HTTP/1.1 200 OK
Content-Security-Policy: frame-ancestors 'none'
Content-Length: 443
Content-Type: application/json; charset=UTF-8

18:25:40.782 [AsyncHttpClient-1-5] DEBUG org.asynchttpclient.netty.channel.ChannelManager - Adding key: http://localhost:54992 for channel [id: 0xdf8a1c74, L:/127.0.0.1:54997 - R:localhost/127.0.0.1:54992]
18:25:40.784 [AsyncHttpClient-1-6] DEBUG org.asynchttpclient.netty.channel.NettyConnectListener - Using new Channel '[id: 0x97eadae5, L:/127.0.0.1:54998 - R:localhost/127.0.0.1:54992]' for 'GET' to '/devtools/browser/cd138269-96a9-491b-9b29-9f442bd72398'
18:25:40.787 [AsyncHttpClient-1-6] DEBUG org.asynchttpclient.netty.handler.WebSocketHandler - 

Request DefaultFullHttpRequest(decodeResult: success, version: HTTP/1.1, content: EmptyByteBufBE)
GET /devtools/browser/cd138269-96a9-491b-9b29-9f442bd72398 HTTP/1.1
upgrade: websocket
connection: upgrade
sec-websocket-key: EeAv70Os80T4ljLHMWdrlQ==
sec-websocket-version: 13
origin: http://localhost:54992
host: localhost:54992
accept: */*
user-agent: AHC/2.1

Response DefaultHttpResponse(decodeResult: success, version: HTTP/1.1)
HTTP/1.1 101 WebSocket Protocol Handshake
Upgrade: WebSocket
Connection: Upgrade
Sec-WebSocket-Accept: IQW56Zji8tZBHptfehD5S85YeCs=

18:25:40.797 [Forwarding get on session 2aa51e07f548ebbb8efcf47f08376fbc to remote] DEBUG org.asynchttpclient.netty.request.NettyRequestSender - Using pooled Channel '[id: 0x38473121, L:/127.0.0.1:54991 - R:localhost/127.0.0.1:8354]' for 'POST' to 'http://localhost:8354/session/2aa51e07f548ebbb8efcf47f08376fbc/url'
18:25:40.797 [Forwarding get on session 2aa51e07f548ebbb8efcf47f08376fbc to remote] DEBUG org.asynchttpclient.netty.request.NettyRequestSender - Using open Channel [id: 0x38473121, L:/127.0.0.1:54991 - R:localhost/127.0.0.1:8354] for POST '/session/2aa51e07f548ebbb8efcf47f08376fbc/url'
18:25:41.512 [AsyncHttpClient-1-1] DEBUG org.asynchttpclient.netty.channel.DefaultChannelPool - Entry count for : http://localhost:54992 : 1
18:25:41.512 [AsyncHttpClient-1-1] DEBUG org.asynchttpclient.netty.channel.DefaultChannelPool - Entry count for : http://localhost:7078 : 1
18:25:42.615 [AsyncHttpClient-1-1] DEBUG org.asynchttpclient.netty.channel.DefaultChannelPool - Entry count for : http://localhost:54992 : 1
18:25:42.615 [AsyncHttpClient-1-1] DEBUG org.asynchttpclient.netty.channel.DefaultChannelPool - Entry count for : http://localhost:7078 : 1
18:25:43.710 [AsyncHttpClient-1-1] DEBUG org.asynchttpclient.netty.channel.DefaultChannelPool - Entry count for : http://localhost:54992 : 1
18:25:43.710 [AsyncHttpClient-1-1] DEBUG org.asynchttpclient.netty.channel.DefaultChannelPool - Entry count for : http://localhost:7078 : 1
18:25:44.812 [AsyncHttpClient-1-1] DEBUG org.asynchttpclient.netty.channel.DefaultChannelPool - Entry count for : http://localhost:54992 : 1
18:25:44.812 [AsyncHttpClient-1-1] DEBUG org.asynchttpclient.netty.channel.DefaultChannelPool - Entry count for : http://localhost:7078 : 1
18:25:45.912 [AsyncHttpClient-1-1] DEBUG org.asynchttpclient.netty.channel.DefaultChannelPool - Entry count for : http://localhost:54992 : 1
18:25:45.912 [AsyncHttpClient-1-1] DEBUG org.asynchttpclient.netty.channel.DefaultChannelPool - Entry count for : http://localhost:7078 : 1
18:25:46.639 [AsyncHttpClient-1-4] DEBUG org.asynchttpclient.netty.handler.HttpHandler - 

Request DefaultHttpRequest(decodeResult: success, version: HTTP/1.1)
POST /session/2aa51e07f548ebbb8efcf47f08376fbc/url HTTP/1.1
User-Agent: selenium/4.5.3 (java mac)
Content-Length: 51
Content-Type: application/json; charset=utf-8
host: localhost:8354
accept: */*

Response DefaultHttpResponse(decodeResult: success, version: HTTP/1.1)
HTTP/1.1 200 OK
Content-Length: 14
Content-Type: application/json; charset=utf-8
cache-control: no-cache

18:25:46.640 [AsyncHttpClient-1-4] DEBUG org.asynchttpclient.netty.channel.ChannelManager - Adding key: http://localhost:8354 for channel [id: 0x38473121, L:/127.0.0.1:54991 - R:localhost/127.0.0.1:8354]
18:25:46.642 [Forwarding findElement on session 2aa51e07f548ebbb8efcf47f08376fbc to remote] DEBUG org.asynchttpclient.netty.request.NettyRequestSender - Using pooled Channel '[id: 0x38473121, L:/127.0.0.1:54991 - R:localhost/127.0.0.1:8354]' for 'POST' to 'http://localhost:8354/session/2aa51e07f548ebbb8efcf47f08376fbc/element'
18:25:46.642 [Forwarding findElement on session 2aa51e07f548ebbb8efcf47f08376fbc to remote] DEBUG org.asynchttpclient.netty.request.NettyRequestSender - Using open Channel [id: 0x38473121, L:/127.0.0.1:54991 - R:localhost/127.0.0.1:8354] for POST '/session/2aa51e07f548ebbb8efcf47f08376fbc/element'
18:25:46.987 [AsyncHttpClient-1-4] DEBUG org.asynchttpclient.netty.handler.HttpHandler - 

Request DefaultHttpRequest(decodeResult: success, version: HTTP/1.1)
POST /session/2aa51e07f548ebbb8efcf47f08376fbc/element HTTP/1.1
User-Agent: selenium/4.5.3 (java mac)
Content-Length: 52
Content-Type: application/json; charset=utf-8
host: localhost:8354
accept: */*

Response DefaultHttpResponse(decodeResult: success, version: HTTP/1.1)
HTTP/1.1 200 OK
Content-Length: 88
Content-Type: application/json; charset=utf-8
cache-control: no-cache

18:25:46.987 [AsyncHttpClient-1-4] DEBUG org.asynchttpclient.netty.channel.ChannelManager - Adding key: http://localhost:8354 for channel [id: 0x38473121, L:/127.0.0.1:54991 - R:localhost/127.0.0.1:8354]
18:25:46.989 [Forwarding sendKeysToElement on session 2aa51e07f548ebbb8efcf47f08376fbc to remote] DEBUG org.asynchttpclient.netty.request.NettyRequestSender - Using pooled Channel '[id: 0x38473121, L:/127.0.0.1:54991 - R:localhost/127.0.0.1:8354]' for 'POST' to 'http://localhost:8354/session/2aa51e07f548ebbb8efcf47f08376fbc/element/dfbb654c-c657-49c6-b2c0-4cb112254343/value'
18:25:46.989 [Forwarding sendKeysToElement on session 2aa51e07f548ebbb8efcf47f08376fbc to remote] DEBUG org.asynchttpclient.netty.request.NettyRequestSender - Using open Channel [id: 0x38473121, L:/127.0.0.1:54991 - R:localhost/127.0.0.1:8354] for POST '/session/2aa51e07f548ebbb8efcf47f08376fbc/element/dfbb654c-c657-49c6-b2c0-4cb112254343/value'
18:25:47.009 [AsyncHttpClient-1-1] DEBUG org.asynchttpclient.netty.channel.DefaultChannelPool - Entry count for : http://localhost:54992 : 1
18:25:47.009 [AsyncHttpClient-1-1] DEBUG org.asynchttpclient.netty.channel.DefaultChannelPool - Entry count for : http://localhost:7078 : 1
18:25:48.109 [AsyncHttpClient-1-1] DEBUG org.asynchttpclient.netty.channel.DefaultChannelPool - Entry count for : http://localhost:54992 : 1
18:25:48.109 [AsyncHttpClient-1-1] DEBUG org.asynchttpclient.netty.channel.DefaultChannelPool - Entry count for : http://localhost:7078 : 1
18:25:49.214 [AsyncHttpClient-1-1] DEBUG org.asynchttpclient.netty.channel.DefaultChannelPool - Entry count for : http://localhost:54992 : 1
18:25:49.214 [AsyncHttpClient-1-1] DEBUG org.asynchttpclient.netty.channel.DefaultChannelPool - Entry count for : http://localhost:7078 : 1
18:25:50.309 [AsyncHttpClient-1-1] DEBUG org.asynchttpclient.netty.channel.DefaultChannelPool - Entry count for : http://localhost:54992 : 1
18:25:50.309 [AsyncHttpClient-1-1] DEBUG org.asynchttpclient.netty.channel.DefaultChannelPool - Entry count for : http://localhost:7078 : 1
18:25:51.413 [AsyncHttpClient-1-1] DEBUG org.asynchttpclient.netty.channel.DefaultChannelPool - Entry count for : http://localhost:54992 : 1
18:25:51.413 [AsyncHttpClient-1-1] DEBUG org.asynchttpclient.netty.channel.DefaultChannelPool - Entry count for : http://localhost:7078 : 1
18:25:51.969 [AsyncHttpClient-1-4] DEBUG org.asynchttpclient.netty.handler.HttpHandler - 

Request DefaultHttpRequest(decodeResult: success, version: HTTP/1.1)
POST /session/2aa51e07f548ebbb8efcf47f08376fbc/element/dfbb654c-c657-49c6-b2c0-4cb112254343/value HTTP/1.1
User-Agent: selenium/4.5.3 (java mac)
Content-Length: 141
Content-Type: application/json; charset=utf-8
host: localhost:8354
accept: */*

Response DefaultHttpResponse(decodeResult: success, version: HTTP/1.1)
HTTP/1.1 200 OK
Content-Length: 14
Content-Type: application/json; charset=utf-8
cache-control: no-cache

18:25:51.969 [AsyncHttpClient-1-4] DEBUG org.asynchttpclient.netty.channel.ChannelManager - Adding key: http://localhost:8354 for channel [id: 0x38473121, L:/127.0.0.1:54991 - R:localhost/127.0.0.1:8354]
18:25:51.971 [Forwarding findElement on session 2aa51e07f548ebbb8efcf47f08376fbc to remote] DEBUG org.asynchttpclient.netty.request.NettyRequestSender - Using pooled Channel '[id: 0x38473121, L:/127.0.0.1:54991 - R:localhost/127.0.0.1:8354]' for 'POST' to 'http://localhost:8354/session/2aa51e07f548ebbb8efcf47f08376fbc/element'
18:25:51.971 [Forwarding findElement on session 2aa51e07f548ebbb8efcf47f08376fbc to remote] DEBUG org.asynchttpclient.netty.request.NettyRequestSender - Using open Channel [id: 0x38473121, L:/127.0.0.1:54991 - R:localhost/127.0.0.1:8354] for POST '/session/2aa51e07f548ebbb8efcf47f08376fbc/element'
18:25:52.508 [AsyncHttpClient-1-1] DEBUG org.asynchttpclient.netty.channel.DefaultChannelPool - Entry count for : http://localhost:54992 : 1
18:25:52.508 [AsyncHttpClient-1-1] DEBUG org.asynchttpclient.netty.channel.DefaultChannelPool - Entry count for : http://localhost:7078 : 1
18:25:53.613 [AsyncHttpClient-1-1] DEBUG org.asynchttpclient.netty.channel.DefaultChannelPool - Entry count for : http://localhost:54992 : 1
18:25:53.613 [AsyncHttpClient-1-1] DEBUG org.asynchttpclient.netty.channel.DefaultChannelPool - Entry count for : http://localhost:7078 : 1
18:25:54.556 [AsyncHttpClient-1-4] DEBUG org.asynchttpclient.netty.handler.HttpHandler - 

Request DefaultHttpRequest(decodeResult: success, version: HTTP/1.1)
POST /session/2aa51e07f548ebbb8efcf47f08376fbc/element HTTP/1.1
User-Agent: selenium/4.5.3 (java mac)
Content-Length: 53
Content-Type: application/json; charset=utf-8
host: localhost:8354
accept: */*

Response DefaultHttpResponse(decodeResult: success, version: HTTP/1.1)
HTTP/1.1 200 OK
Content-Length: 88
Content-Type: application/json; charset=utf-8
cache-control: no-cache

18:25:54.556 [AsyncHttpClient-1-4] DEBUG org.asynchttpclient.netty.channel.ChannelManager - Adding key: http://localhost:8354 for channel [id: 0x38473121, L:/127.0.0.1:54991 - R:localhost/127.0.0.1:8354]
18:25:54.558 [Forwarding clickElement on session 2aa51e07f548ebbb8efcf47f08376fbc to remote] DEBUG org.asynchttpclient.netty.request.NettyRequestSender - Using pooled Channel '[id: 0x38473121, L:/127.0.0.1:54991 - R:localhost/127.0.0.1:8354]' for 'POST' to 'http://localhost:8354/session/2aa51e07f548ebbb8efcf47f08376fbc/element/81bc5bde-e02e-482f-8124-b36d30dc1414/click'
18:25:54.558 [Forwarding clickElement on session 2aa51e07f548ebbb8efcf47f08376fbc to remote] DEBUG org.asynchttpclient.netty.request.NettyRequestSender - Using open Channel [id: 0x38473121, L:/127.0.0.1:54991 - R:localhost/127.0.0.1:8354] for POST '/session/2aa51e07f548ebbb8efcf47f08376fbc/element/81bc5bde-e02e-482f-8124-b36d30dc1414/click'
18:25:54.710 [AsyncHttpClient-1-1] DEBUG org.asynchttpclient.netty.channel.DefaultChannelPool - Entry count for : http://localhost:54992 : 1
18:25:54.710 [AsyncHttpClient-1-1] DEBUG org.asynchttpclient.netty.channel.DefaultChannelPool - Entry count for : http://localhost:7078 : 1
18:25:55.811 [AsyncHttpClient-1-1] DEBUG org.asynchttpclient.netty.channel.DefaultChannelPool - Entry count for : http://localhost:54992 : 1
18:25:55.811 [AsyncHttpClient-1-1] DEBUG org.asynchttpclient.netty.channel.DefaultChannelPool - Entry count for : http://localhost:7078 : 1
18:25:56.913 [AsyncHttpClient-1-1] DEBUG org.asynchttpclient.netty.channel.DefaultChannelPool - Entry count for : http://localhost:54992 : 1
18:25:56.913 [AsyncHttpClient-1-1] DEBUG org.asynchttpclient.netty.channel.DefaultChannelPool - Entry count for : http://localhost:7078 : 1
18:25:58.009 [AsyncHttpClient-1-1] DEBUG org.asynchttpclient.netty.channel.DefaultChannelPool - Entry count for : http://localhost:54992 : 1
18:25:58.009 [AsyncHttpClient-1-1] DEBUG org.asynchttpclient.netty.channel.DefaultChannelPool - Entry count for : http://localhost:7078 : 1
18:25:59.112 [AsyncHttpClient-1-1] DEBUG org.asynchttpclient.netty.channel.DefaultChannelPool - Entry count for : http://localhost:54992 : 1
18:25:59.112 [AsyncHttpClient-1-1] DEBUG org.asynchttpclient.netty.channel.DefaultChannelPool - Entry count for : http://localhost:7078 : 1
18:26:00.212 [AsyncHttpClient-1-1] DEBUG org.asynchttpclient.netty.channel.DefaultChannelPool - Entry count for : http://localhost:54992 : 1
18:26:00.212 [AsyncHttpClient-1-1] DEBUG org.asynchttpclient.netty.channel.DefaultChannelPool - Entry count for : http://localhost:7078 : 1
18:26:01.314 [AsyncHttpClient-1-1] DEBUG org.asynchttpclient.netty.channel.DefaultChannelPool - Entry count for : http://localhost:54992 : 1
18:26:01.314 [AsyncHttpClient-1-1] DEBUG org.asynchttpclient.netty.channel.DefaultChannelPool - Entry count for : http://localhost:7078 : 1
18:26:02.413 [AsyncHttpClient-1-1] DEBUG org.asynchttpclient.netty.channel.DefaultChannelPool - Entry count for : http://localhost:54992 : 1
18:26:02.413 [AsyncHttpClient-1-1] DEBUG org.asynchttpclient.netty.channel.DefaultChannelPool - Entry count for : http://localhost:7078 : 1
18:26:03.516 [AsyncHttpClient-1-1] DEBUG org.asynchttpclient.netty.channel.DefaultChannelPool - Entry count for : http://localhost:54992 : 1
18:26:03.516 [AsyncHttpClient-1-1] DEBUG org.asynchttpclient.netty.channel.DefaultChannelPool - Entry count for : http://localhost:7078 : 1
18:26:04.616 [AsyncHttpClient-1-1] DEBUG org.asynchttpclient.netty.channel.DefaultChannelPool - Entry count for : http://localhost:54992 : 1
18:26:04.616 [AsyncHttpClient-1-1] DEBUG org.asynchttpclient.netty.channel.DefaultChannelPool - Entry count for : http://localhost:7078 : 1
18:26:05.709 [AsyncHttpClient-1-1] DEBUG org.asynchttpclient.netty.channel.DefaultChannelPool - Entry count for : http://localhost:54992 : 1
18:26:05.709 [AsyncHttpClient-1-1] DEBUG org.asynchttpclient.netty.channel.DefaultChannelPool - Entry count for : http://localhost:7078 : 1
18:26:06.787 [AsyncHttpClient-1-4] DEBUG org.asynchttpclient.netty.handler.HttpHandler - 

Request DefaultHttpRequest(decodeResult: success, version: HTTP/1.1)
POST /session/2aa51e07f548ebbb8efcf47f08376fbc/element/81bc5bde-e02e-482f-8124-b36d30dc1414/click HTTP/1.1
User-Agent: selenium/4.5.3 (java mac)
Content-Length: 50
Content-Type: application/json; charset=utf-8
host: localhost:8354
accept: */*

Response DefaultHttpResponse(decodeResult: success, version: HTTP/1.1)
HTTP/1.1 200 OK
Content-Length: 14
Content-Type: application/json; charset=utf-8
cache-control: no-cache

18:26:06.788 [AsyncHttpClient-1-4] DEBUG org.asynchttpclient.netty.channel.ChannelManager - Adding key: http://localhost:8354 for channel [id: 0x38473121, L:/127.0.0.1:54991 - R:localhost/127.0.0.1:8354]
18:26:06.801 [Forwarding findElements on session 2aa51e07f548ebbb8efcf47f08376fbc to remote] DEBUG org.asynchttpclient.netty.request.NettyRequestSender - Using pooled Channel '[id: 0x38473121, L:/127.0.0.1:54991 - R:localhost/127.0.0.1:8354]' for 'POST' to 'http://localhost:8354/session/2aa51e07f548ebbb8efcf47f08376fbc/elements'
18:26:06.801 [Forwarding findElements on session 2aa51e07f548ebbb8efcf47f08376fbc to remote] DEBUG org.asynchttpclient.netty.request.NettyRequestSender - Using open Channel [id: 0x38473121, L:/127.0.0.1:54991 - R:localhost/127.0.0.1:8354] for POST '/session/2aa51e07f548ebbb8efcf47f08376fbc/elements'
18:26:06.817 [AsyncHttpClient-1-1] DEBUG org.asynchttpclient.netty.channel.DefaultChannelPool - Entry count for : http://localhost:54992 : 1
18:26:06.817 [AsyncHttpClient-1-1] DEBUG org.asynchttpclient.netty.channel.DefaultChannelPool - Entry count for : http://localhost:7078 : 1
18:26:06.903 [AsyncHttpClient-1-4] DEBUG org.asynchttpclient.netty.handler.HttpHandler - 

Request DefaultHttpRequest(decodeResult: success, version: HTTP/1.1)
POST /session/2aa51e07f548ebbb8efcf47f08376fbc/elements HTTP/1.1
User-Agent: selenium/4.5.3 (java mac)
Content-Length: 51
Content-Type: application/json; charset=utf-8
host: localhost:8354
accept: */*

Response DefaultHttpResponse(decodeResult: success, version: HTTP/1.1)
HTTP/1.1 200 OK
Content-Length: 5462
Content-Type: application/json; charset=utf-8
cache-control: no-cache

18:26:06.907 [AsyncHttpClient-1-4] DEBUG org.asynchttpclient.netty.channel.ChannelManager - Adding key: http://localhost:8354 for channel [id: 0x38473121, L:/127.0.0.1:54991 - R:localhost/127.0.0.1:8354]
18:26:06.913 [Forwarding findChildElement on session 2aa51e07f548ebbb8efcf47f08376fbc to remote] DEBUG org.asynchttpclient.netty.request.NettyRequestSender - Using pooled Channel '[id: 0x38473121, L:/127.0.0.1:54991 - R:localhost/127.0.0.1:8354]' for 'POST' to 'http://localhost:8354/session/2aa51e07f548ebbb8efcf47f08376fbc/element/2807aac4-2388-4d6e-ba9a-5b285ea2ba6f/element'
18:26:06.913 [Forwarding findChildElement on session 2aa51e07f548ebbb8efcf47f08376fbc to remote] DEBUG org.asynchttpclient.netty.request.NettyRequestSender - Using open Channel [id: 0x38473121, L:/127.0.0.1:54991 - R:localhost/127.0.0.1:8354] for POST '/session/2aa51e07f548ebbb8efcf47f08376fbc/element/2807aac4-2388-4d6e-ba9a-5b285ea2ba6f/element'
18:26:07.720 [AsyncHttpClient-1-4] DEBUG org.asynchttpclient.netty.handler.HttpHandler - 

Request DefaultHttpRequest(decodeResult: success, version: HTTP/1.1)
POST /session/2aa51e07f548ebbb8efcf47f08376fbc/element/2807aac4-2388-4d6e-ba9a-5b285ea2ba6f/element HTTP/1.1
User-Agent: selenium/4.5.3 (java mac)
Content-Length: 106
Content-Type: application/json; charset=utf-8
host: localhost:8354
accept: */*

Response DefaultHttpResponse(decodeResult: success, version: HTTP/1.1)
HTTP/1.1 200 OK
Content-Length: 88
Content-Type: application/json; charset=utf-8
cache-control: no-cache

18:26:07.720 [AsyncHttpClient-1-4] DEBUG org.asynchttpclient.netty.channel.ChannelManager - Adding key: http://localhost:8354 for channel [id: 0x38473121, L:/127.0.0.1:54991 - R:localhost/127.0.0.1:8354]
18:26:07.720 [Forwarding getElementText on session 2aa51e07f548ebbb8efcf47f08376fbc to remote] DEBUG org.asynchttpclient.netty.request.NettyRequestSender - Using pooled Channel '[id: 0x38473121, L:/127.0.0.1:54991 - R:localhost/127.0.0.1:8354]' for 'GET' to 'http://localhost:8354/session/2aa51e07f548ebbb8efcf47f08376fbc/element/8e4a779a-71b7-4a56-9bec-33a5abe5a103/text'
18:26:07.720 [Forwarding getElementText on session 2aa51e07f548ebbb8efcf47f08376fbc to remote] DEBUG org.asynchttpclient.netty.request.NettyRequestSender - Using open Channel [id: 0x38473121, L:/127.0.0.1:54991 - R:localhost/127.0.0.1:8354] for GET '/session/2aa51e07f548ebbb8efcf47f08376fbc/element/8e4a779a-71b7-4a56-9bec-33a5abe5a103/text'
18:26:07.909 [AsyncHttpClient-1-1] DEBUG org.asynchttpclient.netty.channel.DefaultChannelPool - Entry count for : http://localhost:54992 : 1
18:26:07.909 [AsyncHttpClient-1-1] DEBUG org.asynchttpclient.netty.channel.DefaultChannelPool - Entry count for : http://localhost:7078 : 1
18:26:09.017 [AsyncHttpClient-1-1] DEBUG org.asynchttpclient.netty.channel.DefaultChannelPool - Entry count for : http://localhost:54992 : 1
18:26:09.017 [AsyncHttpClient-1-1] DEBUG org.asynchttpclient.netty.channel.DefaultChannelPool - Entry count for : http://localhost:7078 : 1
18:26:09.301 [AsyncHttpClient-1-4] DEBUG org.asynchttpclient.netty.handler.HttpHandler - 

Request DefaultFullHttpRequest(decodeResult: success, version: HTTP/1.1, content: EmptyByteBufBE)
GET /session/2aa51e07f548ebbb8efcf47f08376fbc/element/8e4a779a-71b7-4a56-9bec-33a5abe5a103/text HTTP/1.1
User-Agent: selenium/4.5.3 (java mac)
Cache-Control: no-cache
Content-Type: application/json; charset=utf-8
host: localhost:8354
accept: */*

Response DefaultHttpResponse(decodeResult: success, version: HTTP/1.1)
HTTP/1.1 200 OK
Content-Length: 12
Content-Type: application/json; charset=utf-8
cache-control: no-cache

18:26:09.301 [AsyncHttpClient-1-4] DEBUG org.asynchttpclient.netty.channel.ChannelManager - Adding key: http://localhost:8354 for channel [id: 0x38473121, L:/127.0.0.1:54991 - R:localhost/127.0.0.1:8354]
18:26:09.302 [Forwarding findChildElement on session 2aa51e07f548ebbb8efcf47f08376fbc to remote] DEBUG org.asynchttpclient.netty.request.NettyRequestSender - Using pooled Channel '[id: 0x38473121, L:/127.0.0.1:54991 - R:localhost/127.0.0.1:8354]' for 'POST' to 'http://localhost:8354/session/2aa51e07f548ebbb8efcf47f08376fbc/element/2807aac4-2388-4d6e-ba9a-5b285ea2ba6f/element'
18:26:09.303 [Forwarding findChildElement on session 2aa51e07f548ebbb8efcf47f08376fbc to remote] DEBUG org.asynchttpclient.netty.request.NettyRequestSender - Using open Channel [id: 0x38473121, L:/127.0.0.1:54991 - R:localhost/127.0.0.1:8354] for POST '/session/2aa51e07f548ebbb8efcf47f08376fbc/element/2807aac4-2388-4d6e-ba9a-5b285ea2ba6f/element'
18:26:09.884 [AsyncHttpClient-1-4] DEBUG org.asynchttpclient.netty.handler.HttpHandler - 

Request DefaultHttpRequest(decodeResult: success, version: HTTP/1.1)
POST /session/2aa51e07f548ebbb8efcf47f08376fbc/element/2807aac4-2388-4d6e-ba9a-5b285ea2ba6f/element HTTP/1.1
User-Agent: selenium/4.5.3 (java mac)
Content-Length: 106
Content-Type: application/json; charset=utf-8
host: localhost:8354
accept: */*

Response DefaultHttpResponse(decodeResult: success, version: HTTP/1.1)
HTTP/1.1 200 OK
Content-Length: 88
Content-Type: application/json; charset=utf-8
cache-control: no-cache

18:26:09.884 [AsyncHttpClient-1-4] DEBUG org.asynchttpclient.netty.channel.ChannelManager - Adding key: http://localhost:8354 for channel [id: 0x38473121, L:/127.0.0.1:54991 - R:localhost/127.0.0.1:8354]
18:26:09.884 [Forwarding getElementText on session 2aa51e07f548ebbb8efcf47f08376fbc to remote] DEBUG org.asynchttpclient.netty.request.NettyRequestSender - Using pooled Channel '[id: 0x38473121, L:/127.0.0.1:54991 - R:localhost/127.0.0.1:8354]' for 'GET' to 'http://localhost:8354/session/2aa51e07f548ebbb8efcf47f08376fbc/element/21ea86d2-d8c4-4fbc-8520-6537c2f0e24c/text'
18:26:09.884 [Forwarding getElementText on session 2aa51e07f548ebbb8efcf47f08376fbc to remote] DEBUG org.asynchttpclient.netty.request.NettyRequestSender - Using open Channel [id: 0x38473121, L:/127.0.0.1:54991 - R:localhost/127.0.0.1:8354] for GET '/session/2aa51e07f548ebbb8efcf47f08376fbc/element/21ea86d2-d8c4-4fbc-8520-6537c2f0e24c/text'
18:26:10.116 [AsyncHttpClient-1-1] DEBUG org.asynchttpclient.netty.channel.DefaultChannelPool - Entry count for : http://localhost:54992 : 1
18:26:10.116 [AsyncHttpClient-1-1] DEBUG org.asynchttpclient.netty.channel.DefaultChannelPool - Entry count for : http://localhost:7078 : 1
18:26:10.138 [AsyncHttpClient-1-4] DEBUG org.asynchttpclient.netty.handler.HttpHandler - 

Request DefaultFullHttpRequest(decodeResult: success, version: HTTP/1.1, content: EmptyByteBufBE)
GET /session/2aa51e07f548ebbb8efcf47f08376fbc/element/21ea86d2-d8c4-4fbc-8520-6537c2f0e24c/text HTTP/1.1
User-Agent: selenium/4.5.3 (java mac)
Cache-Control: no-cache
Content-Type: application/json; charset=utf-8
host: localhost:8354
accept: */*

Response DefaultHttpResponse(decodeResult: success, version: HTTP/1.1)
HTTP/1.1 200 OK
Content-Length: 12
Content-Type: application/json; charset=utf-8
cache-control: no-cache

18:26:10.138 [AsyncHttpClient-1-4] DEBUG org.asynchttpclient.netty.channel.ChannelManager - Adding key: http://localhost:8354 for channel [id: 0x38473121, L:/127.0.0.1:54991 - R:localhost/127.0.0.1:8354]
18:26:10.141 [Forwarding findChildElement on session 2aa51e07f548ebbb8efcf47f08376fbc to remote] DEBUG org.asynchttpclient.netty.request.NettyRequestSender - Using pooled Channel '[id: 0x38473121, L:/127.0.0.1:54991 - R:localhost/127.0.0.1:8354]' for 'POST' to 'http://localhost:8354/session/2aa51e07f548ebbb8efcf47f08376fbc/element/a54c9af7-4f5c-4d8b-8dea-e7ac2d209d02/element'
18:26:10.141 [Forwarding findChildElement on session 2aa51e07f548ebbb8efcf47f08376fbc to remote] DEBUG org.asynchttpclient.netty.request.NettyRequestSender - Using open Channel [id: 0x38473121, L:/127.0.0.1:54991 - R:localhost/127.0.0.1:8354] for POST '/session/2aa51e07f548ebbb8efcf47f08376fbc/element/a54c9af7-4f5c-4d8b-8dea-e7ac2d209d02/element'
18:26:10.421 [AsyncHttpClient-1-4] DEBUG org.asynchttpclient.netty.handler.HttpHandler - 

Request DefaultHttpRequest(decodeResult: success, version: HTTP/1.1)
POST /session/2aa51e07f548ebbb8efcf47f08376fbc/element/a54c9af7-4f5c-4d8b-8dea-e7ac2d209d02/element HTTP/1.1
User-Agent: selenium/4.5.3 (java mac)
Content-Length: 106
Content-Type: application/json; charset=utf-8
host: localhost:8354
accept: */*

Response DefaultHttpResponse(decodeResult: success, version: HTTP/1.1)
HTTP/1.1 200 OK
Content-Length: 88
Content-Type: application/json; charset=utf-8
cache-control: no-cache

18:26:10.421 [AsyncHttpClient-1-4] DEBUG org.asynchttpclient.netty.channel.ChannelManager - Adding key: http://localhost:8354 for channel [id: 0x38473121, L:/127.0.0.1:54991 - R:localhost/127.0.0.1:8354]
18:26:10.422 [Forwarding getElementText on session 2aa51e07f548ebbb8efcf47f08376fbc to remote] DEBUG org.asynchttpclient.netty.request.NettyRequestSender - Using pooled Channel '[id: 0x38473121, L:/127.0.0.1:54991 - R:localhost/127.0.0.1:8354]' for 'GET' to 'http://localhost:8354/session/2aa51e07f548ebbb8efcf47f08376fbc/element/7f0b8188-85e5-475b-b75b-d1ac850dcc07/text'
18:26:10.422 [Forwarding getElementText on session 2aa51e07f548ebbb8efcf47f08376fbc to remote] DEBUG org.asynchttpclient.netty.request.NettyRequestSender - Using open Channel [id: 0x38473121, L:/127.0.0.1:54991 - R:localhost/127.0.0.1:8354] for GET '/session/2aa51e07f548ebbb8efcf47f08376fbc/element/7f0b8188-85e5-475b-b75b-d1ac850dcc07/text'
18:26:10.507 [AsyncHttpClient-1-4] DEBUG org.asynchttpclient.netty.handler.HttpHandler - 

Request DefaultFullHttpRequest(decodeResult: success, version: HTTP/1.1, content: EmptyByteBufBE)
GET /session/2aa51e07f548ebbb8efcf47f08376fbc/element/7f0b8188-85e5-475b-b75b-d1ac850dcc07/text HTTP/1.1
User-Agent: selenium/4.5.3 (java mac)
Cache-Control: no-cache
Content-Type: application/json; charset=utf-8
host: localhost:8354
accept: */*

Response DefaultHttpResponse(decodeResult: success, version: HTTP/1.1)
HTTP/1.1 200 OK
Content-Length: 76
Content-Type: application/json; charset=utf-8
cache-control: no-cache

18:26:10.507 [AsyncHttpClient-1-4] DEBUG org.asynchttpclient.netty.channel.ChannelManager - Adding key: http://localhost:8354 for channel [id: 0x38473121, L:/127.0.0.1:54991 - R:localhost/127.0.0.1:8354]
18:26:10.508 [Forwarding findChildElement on session 2aa51e07f548ebbb8efcf47f08376fbc to remote] DEBUG org.asynchttpclient.netty.request.NettyRequestSender - Using pooled Channel '[id: 0x38473121, L:/127.0.0.1:54991 - R:localhost/127.0.0.1:8354]' for 'POST' to 'http://localhost:8354/session/2aa51e07f548ebbb8efcf47f08376fbc/element/a54c9af7-4f5c-4d8b-8dea-e7ac2d209d02/element'
18:26:10.508 [Forwarding findChildElement on session 2aa51e07f548ebbb8efcf47f08376fbc to remote] DEBUG org.asynchttpclient.netty.request.NettyRequestSender - Using open Channel [id: 0x38473121, L:/127.0.0.1:54991 - R:localhost/127.0.0.1:8354] for POST '/session/2aa51e07f548ebbb8efcf47f08376fbc/element/a54c9af7-4f5c-4d8b-8dea-e7ac2d209d02/element'
18:26:10.772 [AsyncHttpClient-1-4] DEBUG org.asynchttpclient.netty.handler.HttpHandler - 

Request DefaultHttpRequest(decodeResult: success, version: HTTP/1.1)
POST /session/2aa51e07f548ebbb8efcf47f08376fbc/element/a54c9af7-4f5c-4d8b-8dea-e7ac2d209d02/element HTTP/1.1
User-Agent: selenium/4.5.3 (java mac)
Content-Length: 106
Content-Type: application/json; charset=utf-8
host: localhost:8354
accept: */*

Response DefaultHttpResponse(decodeResult: success, version: HTTP/1.1)
HTTP/1.1 200 OK
Content-Length: 88
Content-Type: application/json; charset=utf-8
cache-control: no-cache

18:26:10.772 [AsyncHttpClient-1-4] DEBUG org.asynchttpclient.netty.channel.ChannelManager - Adding key: http://localhost:8354 for channel [id: 0x38473121, L:/127.0.0.1:54991 - R:localhost/127.0.0.1:8354]
18:26:10.773 [Forwarding getElementText on session 2aa51e07f548ebbb8efcf47f08376fbc to remote] DEBUG org.asynchttpclient.netty.request.NettyRequestSender - Using pooled Channel '[id: 0x38473121, L:/127.0.0.1:54991 - R:localhost/127.0.0.1:8354]' for 'GET' to 'http://localhost:8354/session/2aa51e07f548ebbb8efcf47f08376fbc/element/e3533121-c9b6-4495-a0c1-9403d1636a52/text'
18:26:10.773 [Forwarding getElementText on session 2aa51e07f548ebbb8efcf47f08376fbc to remote] DEBUG org.asynchttpclient.netty.request.NettyRequestSender - Using open Channel [id: 0x38473121, L:/127.0.0.1:54991 - R:localhost/127.0.0.1:8354] for GET '/session/2aa51e07f548ebbb8efcf47f08376fbc/element/e3533121-c9b6-4495-a0c1-9403d1636a52/text'
18:26:10.843 [AsyncHttpClient-1-4] DEBUG org.asynchttpclient.netty.handler.HttpHandler - 

Request DefaultFullHttpRequest(decodeResult: success, version: HTTP/1.1, content: EmptyByteBufBE)
GET /session/2aa51e07f548ebbb8efcf47f08376fbc/element/e3533121-c9b6-4495-a0c1-9403d1636a52/text HTTP/1.1
User-Agent: selenium/4.5.3 (java mac)
Cache-Control: no-cache
Content-Type: application/json; charset=utf-8
host: localhost:8354
accept: */*

Response DefaultHttpResponse(decodeResult: success, version: HTTP/1.1)
HTTP/1.1 200 OK
Content-Length: 19
Content-Type: application/json; charset=utf-8
cache-control: no-cache

18:26:10.843 [AsyncHttpClient-1-4] DEBUG org.asynchttpclient.netty.channel.ChannelManager - Adding key: http://localhost:8354 for channel [id: 0x38473121, L:/127.0.0.1:54991 - R:localhost/127.0.0.1:8354]
18:26:10.844 [Forwarding findChildElement on session 2aa51e07f548ebbb8efcf47f08376fbc to remote] DEBUG org.asynchttpclient.netty.request.NettyRequestSender - Using pooled Channel '[id: 0x38473121, L:/127.0.0.1:54991 - R:localhost/127.0.0.1:8354]' for 'POST' to 'http://localhost:8354/session/2aa51e07f548ebbb8efcf47f08376fbc/element/b56ff426-cead-4f06-af2b-c4e1f9e6eb71/element'
18:26:10.845 [Forwarding findChildElement on session 2aa51e07f548ebbb8efcf47f08376fbc to remote] DEBUG org.asynchttpclient.netty.request.NettyRequestSender - Using open Channel [id: 0x38473121, L:/127.0.0.1:54991 - R:localhost/127.0.0.1:8354] for POST '/session/2aa51e07f548ebbb8efcf47f08376fbc/element/b56ff426-cead-4f06-af2b-c4e1f9e6eb71/element'
18:26:10.904 [AsyncHttpClient-1-4] DEBUG org.asynchttpclient.netty.handler.HttpHandler - 

Request DefaultHttpRequest(decodeResult: success, version: HTTP/1.1)
POST /session/2aa51e07f548ebbb8efcf47f08376fbc/element/b56ff426-cead-4f06-af2b-c4e1f9e6eb71/element HTTP/1.1
User-Agent: selenium/4.5.3 (java mac)
Content-Length: 106
Content-Type: application/json; charset=utf-8
host: localhost:8354
accept: */*

Response DefaultHttpResponse(decodeResult: success, version: HTTP/1.1)
HTTP/1.1 200 OK
Content-Length: 88
Content-Type: application/json; charset=utf-8
cache-control: no-cache

18:26:10.904 [AsyncHttpClient-1-4] DEBUG org.asynchttpclient.netty.channel.ChannelManager - Adding key: http://localhost:8354 for channel [id: 0x38473121, L:/127.0.0.1:54991 - R:localhost/127.0.0.1:8354]
18:26:10.904 [Forwarding getElementText on session 2aa51e07f548ebbb8efcf47f08376fbc to remote] DEBUG org.asynchttpclient.netty.request.NettyRequestSender - Using pooled Channel '[id: 0x38473121, L:/127.0.0.1:54991 - R:localhost/127.0.0.1:8354]' for 'GET' to 'http://localhost:8354/session/2aa51e07f548ebbb8efcf47f08376fbc/element/9a5e1267-935a-42b3-a18f-c033f6374b3e/text'
18:26:10.904 [Forwarding getElementText on session 2aa51e07f548ebbb8efcf47f08376fbc to remote] DEBUG org.asynchttpclient.netty.request.NettyRequestSender - Using open Channel [id: 0x38473121, L:/127.0.0.1:54991 - R:localhost/127.0.0.1:8354] for GET '/session/2aa51e07f548ebbb8efcf47f08376fbc/element/9a5e1267-935a-42b3-a18f-c033f6374b3e/text'
18:26:11.005 [AsyncHttpClient-1-4] DEBUG org.asynchttpclient.netty.handler.HttpHandler - 

Request DefaultFullHttpRequest(decodeResult: success, version: HTTP/1.1, content: EmptyByteBufBE)
GET /session/2aa51e07f548ebbb8efcf47f08376fbc/element/9a5e1267-935a-42b3-a18f-c033f6374b3e/text HTTP/1.1
User-Agent: selenium/4.5.3 (java mac)
Cache-Control: no-cache
Content-Type: application/json; charset=utf-8
host: localhost:8354
accept: */*

Response DefaultHttpResponse(decodeResult: success, version: HTTP/1.1)
HTTP/1.1 200 OK
Content-Length: 87
Content-Type: application/json; charset=utf-8
cache-control: no-cache

18:26:11.005 [AsyncHttpClient-1-4] DEBUG org.asynchttpclient.netty.channel.ChannelManager - Adding key: http://localhost:8354 for channel [id: 0x38473121, L:/127.0.0.1:54991 - R:localhost/127.0.0.1:8354]
18:26:11.006 [Forwarding findChildElement on session 2aa51e07f548ebbb8efcf47f08376fbc to remote] DEBUG org.asynchttpclient.netty.request.NettyRequestSender - Using pooled Channel '[id: 0x38473121, L:/127.0.0.1:54991 - R:localhost/127.0.0.1:8354]' for 'POST' to 'http://localhost:8354/session/2aa51e07f548ebbb8efcf47f08376fbc/element/b56ff426-cead-4f06-af2b-c4e1f9e6eb71/element'
18:26:11.006 [Forwarding findChildElement on session 2aa51e07f548ebbb8efcf47f08376fbc to remote] DEBUG org.asynchttpclient.netty.request.NettyRequestSender - Using open Channel [id: 0x38473121, L:/127.0.0.1:54991 - R:localhost/127.0.0.1:8354] for POST '/session/2aa51e07f548ebbb8efcf47f08376fbc/element/b56ff426-cead-4f06-af2b-c4e1f9e6eb71/element'
18:26:11.075 [AsyncHttpClient-1-4] DEBUG org.asynchttpclient.netty.handler.HttpHandler - 

Request DefaultHttpRequest(decodeResult: success, version: HTTP/1.1)
POST /session/2aa51e07f548ebbb8efcf47f08376fbc/element/b56ff426-cead-4f06-af2b-c4e1f9e6eb71/element HTTP/1.1
User-Agent: selenium/4.5.3 (java mac)
Content-Length: 106
Content-Type: application/json; charset=utf-8
host: localhost:8354
accept: */*

Response DefaultHttpResponse(decodeResult: success, version: HTTP/1.1)
HTTP/1.1 200 OK
Content-Length: 88
Content-Type: application/json; charset=utf-8
cache-control: no-cache

18:26:11.075 [AsyncHttpClient-1-4] DEBUG org.asynchttpclient.netty.channel.ChannelManager - Adding key: http://localhost:8354 for channel [id: 0x38473121, L:/127.0.0.1:54991 - R:localhost/127.0.0.1:8354]
18:26:11.076 [Forwarding getElementText on session 2aa51e07f548ebbb8efcf47f08376fbc to remote] DEBUG org.asynchttpclient.netty.request.NettyRequestSender - Using pooled Channel '[id: 0x38473121, L:/127.0.0.1:54991 - R:localhost/127.0.0.1:8354]' for 'GET' to 'http://localhost:8354/session/2aa51e07f548ebbb8efcf47f08376fbc/element/f30be0f1-0f08-4eab-8226-a8b8517e1d5a/text'
18:26:11.076 [Forwarding getElementText on session 2aa51e07f548ebbb8efcf47f08376fbc to remote] DEBUG org.asynchttpclient.netty.request.NettyRequestSender - Using open Channel [id: 0x38473121, L:/127.0.0.1:54991 - R:localhost/127.0.0.1:8354] for GET '/session/2aa51e07f548ebbb8efcf47f08376fbc/element/f30be0f1-0f08-4eab-8226-a8b8517e1d5a/text'
18:26:11.092 [AsyncHttpClient-1-4] DEBUG org.asynchttpclient.netty.handler.HttpHandler - 

Request DefaultFullHttpRequest(decodeResult: success, version: HTTP/1.1, content: EmptyByteBufBE)
GET /session/2aa51e07f548ebbb8efcf47f08376fbc/element/f30be0f1-0f08-4eab-8226-a8b8517e1d5a/text HTTP/1.1
User-Agent: selenium/4.5.3 (java mac)
Cache-Control: no-cache
Content-Type: application/json; charset=utf-8
host: localhost:8354
accept: */*

Response DefaultHttpResponse(decodeResult: success, version: HTTP/1.1)
HTTP/1.1 200 OK
Content-Length: 19
Content-Type: application/json; charset=utf-8
cache-control: no-cache

18:26:11.092 [AsyncHttpClient-1-4] DEBUG org.asynchttpclient.netty.channel.ChannelManager - Adding key: http://localhost:8354 for channel [id: 0x38473121, L:/127.0.0.1:54991 - R:localhost/127.0.0.1:8354]
18:26:11.093 [Forwarding findChildElement on session 2aa51e07f548ebbb8efcf47f08376fbc to remote] DEBUG org.asynchttpclient.netty.request.NettyRequestSender - Using pooled Channel '[id: 0x38473121, L:/127.0.0.1:54991 - R:localhost/127.0.0.1:8354]' for 'POST' to 'http://localhost:8354/session/2aa51e07f548ebbb8efcf47f08376fbc/element/d87f281d-6b1e-4c69-bd7e-3f55b68be1e6/element'
18:26:11.093 [Forwarding findChildElement on session 2aa51e07f548ebbb8efcf47f08376fbc to remote] DEBUG org.asynchttpclient.netty.request.NettyRequestSender - Using open Channel [id: 0x38473121, L:/127.0.0.1:54991 - R:localhost/127.0.0.1:8354] for POST '/session/2aa51e07f548ebbb8efcf47f08376fbc/element/d87f281d-6b1e-4c69-bd7e-3f55b68be1e6/element'
18:26:11.150 [AsyncHttpClient-1-4] DEBUG org.asynchttpclient.netty.handler.HttpHandler - 

Request DefaultHttpRequest(decodeResult: success, version: HTTP/1.1)
POST /session/2aa51e07f548ebbb8efcf47f08376fbc/element/d87f281d-6b1e-4c69-bd7e-3f55b68be1e6/element HTTP/1.1
User-Agent: selenium/4.5.3 (java mac)
Content-Length: 106
Content-Type: application/json; charset=utf-8
host: localhost:8354
accept: */*

Response DefaultHttpResponse(decodeResult: success, version: HTTP/1.1)
HTTP/1.1 200 OK
Content-Length: 88
Content-Type: application/json; charset=utf-8
cache-control: no-cache

18:26:11.150 [AsyncHttpClient-1-4] DEBUG org.asynchttpclient.netty.channel.ChannelManager - Adding key: http://localhost:8354 for channel [id: 0x38473121, L:/127.0.0.1:54991 - R:localhost/127.0.0.1:8354]
18:26:11.150 [Forwarding getElementText on session 2aa51e07f548ebbb8efcf47f08376fbc to remote] DEBUG org.asynchttpclient.netty.request.NettyRequestSender - Using pooled Channel '[id: 0x38473121, L:/127.0.0.1:54991 - R:localhost/127.0.0.1:8354]' for 'GET' to 'http://localhost:8354/session/2aa51e07f548ebbb8efcf47f08376fbc/element/223cccda-e140-43b0-8eb2-6fb19845cd0b/text'
18:26:11.150 [Forwarding getElementText on session 2aa51e07f548ebbb8efcf47f08376fbc to remote] DEBUG org.asynchttpclient.netty.request.NettyRequestSender - Using open Channel [id: 0x38473121, L:/127.0.0.1:54991 - R:localhost/127.0.0.1:8354] for GET '/session/2aa51e07f548ebbb8efcf47f08376fbc/element/223cccda-e140-43b0-8eb2-6fb19845cd0b/text'
18:26:11.212 [AsyncHttpClient-1-1] DEBUG org.asynchttpclient.netty.channel.DefaultChannelPool - Entry count for : http://localhost:54992 : 1
18:26:11.212 [AsyncHttpClient-1-1] DEBUG org.asynchttpclient.netty.channel.DefaultChannelPool - Entry count for : http://localhost:7078 : 1
18:26:11.216 [AsyncHttpClient-1-4] DEBUG org.asynchttpclient.netty.handler.HttpHandler - 

Request DefaultFullHttpRequest(decodeResult: success, version: HTTP/1.1, content: EmptyByteBufBE)
GET /session/2aa51e07f548ebbb8efcf47f08376fbc/element/223cccda-e140-43b0-8eb2-6fb19845cd0b/text HTTP/1.1
User-Agent: selenium/4.5.3 (java mac)
Cache-Control: no-cache
Content-Type: application/json; charset=utf-8
host: localhost:8354
accept: */*

Response DefaultHttpResponse(decodeResult: success, version: HTTP/1.1)
HTTP/1.1 200 OK
Content-Length: 75
Content-Type: application/json; charset=utf-8
cache-control: no-cache

18:26:11.216 [AsyncHttpClient-1-4] DEBUG org.asynchttpclient.netty.channel.ChannelManager - Adding key: http://localhost:8354 for channel [id: 0x38473121, L:/127.0.0.1:54991 - R:localhost/127.0.0.1:8354]
18:26:11.217 [Forwarding findChildElement on session 2aa51e07f548ebbb8efcf47f08376fbc to remote] DEBUG org.asynchttpclient.netty.request.NettyRequestSender - Using pooled Channel '[id: 0x38473121, L:/127.0.0.1:54991 - R:localhost/127.0.0.1:8354]' for 'POST' to 'http://localhost:8354/session/2aa51e07f548ebbb8efcf47f08376fbc/element/d87f281d-6b1e-4c69-bd7e-3f55b68be1e6/element'
18:26:11.217 [Forwarding findChildElement on session 2aa51e07f548ebbb8efcf47f08376fbc to remote] DEBUG org.asynchttpclient.netty.request.NettyRequestSender - Using open Channel [id: 0x38473121, L:/127.0.0.1:54991 - R:localhost/127.0.0.1:8354] for POST '/session/2aa51e07f548ebbb8efcf47f08376fbc/element/d87f281d-6b1e-4c69-bd7e-3f55b68be1e6/element'
18:26:11.265 [AsyncHttpClient-1-4] DEBUG org.asynchttpclient.netty.handler.HttpHandler - 

Request DefaultHttpRequest(decodeResult: success, version: HTTP/1.1)
POST /session/2aa51e07f548ebbb8efcf47f08376fbc/element/d87f281d-6b1e-4c69-bd7e-3f55b68be1e6/element HTTP/1.1
User-Agent: selenium/4.5.3 (java mac)
Content-Length: 106
Content-Type: application/json; charset=utf-8
host: localhost:8354
accept: */*

Response DefaultHttpResponse(decodeResult: success, version: HTTP/1.1)
HTTP/1.1 200 OK
Content-Length: 88
Content-Type: application/json; charset=utf-8
cache-control: no-cache

18:26:11.265 [AsyncHttpClient-1-4] DEBUG org.asynchttpclient.netty.channel.ChannelManager - Adding key: http://localhost:8354 for channel [id: 0x38473121, L:/127.0.0.1:54991 - R:localhost/127.0.0.1:8354]
18:26:11.266 [Forwarding getElementText on session 2aa51e07f548ebbb8efcf47f08376fbc to remote] DEBUG org.asynchttpclient.netty.request.NettyRequestSender - Using pooled Channel '[id: 0x38473121, L:/127.0.0.1:54991 - R:localhost/127.0.0.1:8354]' for 'GET' to 'http://localhost:8354/session/2aa51e07f548ebbb8efcf47f08376fbc/element/63050ed0-7962-492c-8237-adead580e5f0/text'
18:26:11.266 [Forwarding getElementText on session 2aa51e07f548ebbb8efcf47f08376fbc to remote] DEBUG org.asynchttpclient.netty.request.NettyRequestSender - Using open Channel [id: 0x38473121, L:/127.0.0.1:54991 - R:localhost/127.0.0.1:8354] for GET '/session/2aa51e07f548ebbb8efcf47f08376fbc/element/63050ed0-7962-492c-8237-adead580e5f0/text'
18:26:11.324 [AsyncHttpClient-1-4] DEBUG org.asynchttpclient.netty.handler.HttpHandler - 

Request DefaultFullHttpRequest(decodeResult: success, version: HTTP/1.1, content: EmptyByteBufBE)
GET /session/2aa51e07f548ebbb8efcf47f08376fbc/element/63050ed0-7962-492c-8237-adead580e5f0/text HTTP/1.1
User-Agent: selenium/4.5.3 (java mac)
Cache-Control: no-cache
Content-Type: application/json; charset=utf-8
host: localhost:8354
accept: */*

Response DefaultHttpResponse(decodeResult: success, version: HTTP/1.1)
HTTP/1.1 200 OK
Content-Length: 19
Content-Type: application/json; charset=utf-8
cache-control: no-cache

18:26:11.327 [AsyncHttpClient-1-4] DEBUG org.asynchttpclient.netty.channel.ChannelManager - Adding key: http://localhost:8354 for channel [id: 0x38473121, L:/127.0.0.1:54991 - R:localhost/127.0.0.1:8354]
18:26:11.328 [Forwarding findChildElement on session 2aa51e07f548ebbb8efcf47f08376fbc to remote] DEBUG org.asynchttpclient.netty.request.NettyRequestSender - Using pooled Channel '[id: 0x38473121, L:/127.0.0.1:54991 - R:localhost/127.0.0.1:8354]' for 'POST' to 'http://localhost:8354/session/2aa51e07f548ebbb8efcf47f08376fbc/element/3561989b-c443-43f4-bc4e-5bd74716ae57/element'
18:26:11.329 [Forwarding findChildElement on session 2aa51e07f548ebbb8efcf47f08376fbc to remote] DEBUG org.asynchttpclient.netty.request.NettyRequestSender - Using open Channel [id: 0x38473121, L:/127.0.0.1:54991 - R:localhost/127.0.0.1:8354] for POST '/session/2aa51e07f548ebbb8efcf47f08376fbc/element/3561989b-c443-43f4-bc4e-5bd74716ae57/element'
18:26:11.525 [AsyncHttpClient-1-4] DEBUG org.asynchttpclient.netty.handler.HttpHandler - 

Request DefaultHttpRequest(decodeResult: success, version: HTTP/1.1)
POST /session/2aa51e07f548ebbb8efcf47f08376fbc/element/3561989b-c443-43f4-bc4e-5bd74716ae57/element HTTP/1.1
User-Agent: selenium/4.5.3 (java mac)
Content-Length: 106
Content-Type: application/json; charset=utf-8
host: localhost:8354
accept: */*

Response DefaultHttpResponse(decodeResult: success, version: HTTP/1.1)
HTTP/1.1 200 OK
Content-Length: 88
Content-Type: application/json; charset=utf-8
cache-control: no-cache

18:26:11.525 [AsyncHttpClient-1-4] DEBUG org.asynchttpclient.netty.channel.ChannelManager - Adding key: http://localhost:8354 for channel [id: 0x38473121, L:/127.0.0.1:54991 - R:localhost/127.0.0.1:8354]
18:26:11.526 [Forwarding getElementText on session 2aa51e07f548ebbb8efcf47f08376fbc to remote] DEBUG org.asynchttpclient.netty.request.NettyRequestSender - Using pooled Channel '[id: 0x38473121, L:/127.0.0.1:54991 - R:localhost/127.0.0.1:8354]' for 'GET' to 'http://localhost:8354/session/2aa51e07f548ebbb8efcf47f08376fbc/element/17d1f7d3-9188-406e-bfbf-57b2fe77c32d/text'
18:26:11.526 [Forwarding getElementText on session 2aa51e07f548ebbb8efcf47f08376fbc to remote] DEBUG org.asynchttpclient.netty.request.NettyRequestSender - Using open Channel [id: 0x38473121, L:/127.0.0.1:54991 - R:localhost/127.0.0.1:8354] for GET '/session/2aa51e07f548ebbb8efcf47f08376fbc/element/17d1f7d3-9188-406e-bfbf-57b2fe77c32d/text'
18:26:11.623 [AsyncHttpClient-1-4] DEBUG org.asynchttpclient.netty.handler.HttpHandler - 

Request DefaultFullHttpRequest(decodeResult: success, version: HTTP/1.1, content: EmptyByteBufBE)
GET /session/2aa51e07f548ebbb8efcf47f08376fbc/element/17d1f7d3-9188-406e-bfbf-57b2fe77c32d/text HTTP/1.1
User-Agent: selenium/4.5.3 (java mac)
Cache-Control: no-cache
Content-Type: application/json; charset=utf-8
host: localhost:8354
accept: */*

Response DefaultHttpResponse(decodeResult: success, version: HTTP/1.1)
HTTP/1.1 200 OK
Content-Length: 90
Content-Type: application/json; charset=utf-8
cache-control: no-cache

18:26:11.623 [AsyncHttpClient-1-4] DEBUG org.asynchttpclient.netty.channel.ChannelManager - Adding key: http://localhost:8354 for channel [id: 0x38473121, L:/127.0.0.1:54991 - R:localhost/127.0.0.1:8354]
18:26:11.624 [Forwarding findChildElement on session 2aa51e07f548ebbb8efcf47f08376fbc to remote] DEBUG org.asynchttpclient.netty.request.NettyRequestSender - Using pooled Channel '[id: 0x38473121, L:/127.0.0.1:54991 - R:localhost/127.0.0.1:8354]' for 'POST' to 'http://localhost:8354/session/2aa51e07f548ebbb8efcf47f08376fbc/element/3561989b-c443-43f4-bc4e-5bd74716ae57/element'
18:26:11.624 [Forwarding findChildElement on session 2aa51e07f548ebbb8efcf47f08376fbc to remote] DEBUG org.asynchttpclient.netty.request.NettyRequestSender - Using open Channel [id: 0x38473121, L:/127.0.0.1:54991 - R:localhost/127.0.0.1:8354] for POST '/session/2aa51e07f548ebbb8efcf47f08376fbc/element/3561989b-c443-43f4-bc4e-5bd74716ae57/element'
18:26:11.643 [AsyncHttpClient-1-4] DEBUG org.asynchttpclient.netty.handler.HttpHandler - 

Request DefaultHttpRequest(decodeResult: success, version: HTTP/1.1)
POST /session/2aa51e07f548ebbb8efcf47f08376fbc/element/3561989b-c443-43f4-bc4e-5bd74716ae57/element HTTP/1.1
User-Agent: selenium/4.5.3 (java mac)
Content-Length: 106
Content-Type: application/json; charset=utf-8
host: localhost:8354
accept: */*

Response DefaultHttpResponse(decodeResult: success, version: HTTP/1.1)
HTTP/1.1 200 OK
Content-Length: 88
Content-Type: application/json; charset=utf-8
cache-control: no-cache

18:26:11.643 [AsyncHttpClient-1-4] DEBUG org.asynchttpclient.netty.channel.ChannelManager - Adding key: http://localhost:8354 for channel [id: 0x38473121, L:/127.0.0.1:54991 - R:localhost/127.0.0.1:8354]
18:26:11.644 [Forwarding getElementText on session 2aa51e07f548ebbb8efcf47f08376fbc to remote] DEBUG org.asynchttpclient.netty.request.NettyRequestSender - Using pooled Channel '[id: 0x38473121, L:/127.0.0.1:54991 - R:localhost/127.0.0.1:8354]' for 'GET' to 'http://localhost:8354/session/2aa51e07f548ebbb8efcf47f08376fbc/element/e1edec07-b99d-4c34-9a26-8c704aab170d/text'
18:26:11.644 [Forwarding getElementText on session 2aa51e07f548ebbb8efcf47f08376fbc to remote] DEBUG org.asynchttpclient.netty.request.NettyRequestSender - Using open Channel [id: 0x38473121, L:/127.0.0.1:54991 - R:localhost/127.0.0.1:8354] for GET '/session/2aa51e07f548ebbb8efcf47f08376fbc/element/e1edec07-b99d-4c34-9a26-8c704aab170d/text'
18:26:11.657 [AsyncHttpClient-1-4] DEBUG org.asynchttpclient.netty.handler.HttpHandler - 

Request DefaultFullHttpRequest(decodeResult: success, version: HTTP/1.1, content: EmptyByteBufBE)
GET /session/2aa51e07f548ebbb8efcf47f08376fbc/element/e1edec07-b99d-4c34-9a26-8c704aab170d/text HTTP/1.1
User-Agent: selenium/4.5.3 (java mac)
Cache-Control: no-cache
Content-Type: application/json; charset=utf-8
host: localhost:8354
accept: */*

Response DefaultHttpResponse(decodeResult: success, version: HTTP/1.1)
HTTP/1.1 200 OK
Content-Length: 19
Content-Type: application/json; charset=utf-8
cache-control: no-cache

18:26:11.657 [AsyncHttpClient-1-4] DEBUG org.asynchttpclient.netty.channel.ChannelManager - Adding key: http://localhost:8354 for channel [id: 0x38473121, L:/127.0.0.1:54991 - R:localhost/127.0.0.1:8354]
18:26:11.658 [Forwarding findChildElement on session 2aa51e07f548ebbb8efcf47f08376fbc to remote] DEBUG org.asynchttpclient.netty.request.NettyRequestSender - Using pooled Channel '[id: 0x38473121, L:/127.0.0.1:54991 - R:localhost/127.0.0.1:8354]' for 'POST' to 'http://localhost:8354/session/2aa51e07f548ebbb8efcf47f08376fbc/element/844a4938-877c-4602-ae8b-f2e19074be24/element'
18:26:11.658 [Forwarding findChildElement on session 2aa51e07f548ebbb8efcf47f08376fbc to remote] DEBUG org.asynchttpclient.netty.request.NettyRequestSender - Using open Channel [id: 0x38473121, L:/127.0.0.1:54991 - R:localhost/127.0.0.1:8354] for POST '/session/2aa51e07f548ebbb8efcf47f08376fbc/element/844a4938-877c-4602-ae8b-f2e19074be24/element'
18:26:11.676 [AsyncHttpClient-1-4] DEBUG org.asynchttpclient.netty.handler.HttpHandler - 

Request DefaultHttpRequest(decodeResult: success, version: HTTP/1.1)
POST /session/2aa51e07f548ebbb8efcf47f08376fbc/element/844a4938-877c-4602-ae8b-f2e19074be24/element HTTP/1.1
User-Agent: selenium/4.5.3 (java mac)
Content-Length: 106
Content-Type: application/json; charset=utf-8
host: localhost:8354
accept: */*

Response DefaultHttpResponse(decodeResult: success, version: HTTP/1.1)
HTTP/1.1 200 OK
Content-Length: 88
Content-Type: application/json; charset=utf-8
cache-control: no-cache

18:26:11.676 [AsyncHttpClient-1-4] DEBUG org.asynchttpclient.netty.channel.ChannelManager - Adding key: http://localhost:8354 for channel [id: 0x38473121, L:/127.0.0.1:54991 - R:localhost/127.0.0.1:8354]
18:26:11.677 [Forwarding getElementText on session 2aa51e07f548ebbb8efcf47f08376fbc to remote] DEBUG org.asynchttpclient.netty.request.NettyRequestSender - Using pooled Channel '[id: 0x38473121, L:/127.0.0.1:54991 - R:localhost/127.0.0.1:8354]' for 'GET' to 'http://localhost:8354/session/2aa51e07f548ebbb8efcf47f08376fbc/element/1d56e480-07fd-42c6-a4a2-96fb0c3a58ca/text'
18:26:11.677 [Forwarding getElementText on session 2aa51e07f548ebbb8efcf47f08376fbc to remote] DEBUG org.asynchttpclient.netty.request.NettyRequestSender - Using open Channel [id: 0x38473121, L:/127.0.0.1:54991 - R:localhost/127.0.0.1:8354] for GET '/session/2aa51e07f548ebbb8efcf47f08376fbc/element/1d56e480-07fd-42c6-a4a2-96fb0c3a58ca/text'
18:26:11.729 [AsyncHttpClient-1-4] DEBUG org.asynchttpclient.netty.handler.HttpHandler - 

Request DefaultFullHttpRequest(decodeResult: success, version: HTTP/1.1, content: EmptyByteBufBE)
GET /session/2aa51e07f548ebbb8efcf47f08376fbc/element/1d56e480-07fd-42c6-a4a2-96fb0c3a58ca/text HTTP/1.1
User-Agent: selenium/4.5.3 (java mac)
Cache-Control: no-cache
Content-Type: application/json; charset=utf-8
host: localhost:8354
accept: */*

Response DefaultHttpResponse(decodeResult: success, version: HTTP/1.1)
HTTP/1.1 200 OK
Content-Length: 72
Content-Type: application/json; charset=utf-8
cache-control: no-cache

18:26:11.729 [AsyncHttpClient-1-4] DEBUG org.asynchttpclient.netty.channel.ChannelManager - Adding key: http://localhost:8354 for channel [id: 0x38473121, L:/127.0.0.1:54991 - R:localhost/127.0.0.1:8354]
18:26:11.730 [Forwarding findChildElement on session 2aa51e07f548ebbb8efcf47f08376fbc to remote] DEBUG org.asynchttpclient.netty.request.NettyRequestSender - Using pooled Channel '[id: 0x38473121, L:/127.0.0.1:54991 - R:localhost/127.0.0.1:8354]' for 'POST' to 'http://localhost:8354/session/2aa51e07f548ebbb8efcf47f08376fbc/element/844a4938-877c-4602-ae8b-f2e19074be24/element'
18:26:11.730 [Forwarding findChildElement on session 2aa51e07f548ebbb8efcf47f08376fbc to remote] DEBUG org.asynchttpclient.netty.request.NettyRequestSender - Using open Channel [id: 0x38473121, L:/127.0.0.1:54991 - R:localhost/127.0.0.1:8354] for POST '/session/2aa51e07f548ebbb8efcf47f08376fbc/element/844a4938-877c-4602-ae8b-f2e19074be24/element'
18:26:11.787 [AsyncHttpClient-1-4] DEBUG org.asynchttpclient.netty.handler.HttpHandler - 

Request DefaultHttpRequest(decodeResult: success, version: HTTP/1.1)
POST /session/2aa51e07f548ebbb8efcf47f08376fbc/element/844a4938-877c-4602-ae8b-f2e19074be24/element HTTP/1.1
User-Agent: selenium/4.5.3 (java mac)
Content-Length: 106
Content-Type: application/json; charset=utf-8
host: localhost:8354
accept: */*

Response DefaultHttpResponse(decodeResult: success, version: HTTP/1.1)
HTTP/1.1 200 OK
Content-Length: 88
Content-Type: application/json; charset=utf-8
cache-control: no-cache

18:26:11.787 [AsyncHttpClient-1-4] DEBUG org.asynchttpclient.netty.channel.ChannelManager - Adding key: http://localhost:8354 for channel [id: 0x38473121, L:/127.0.0.1:54991 - R:localhost/127.0.0.1:8354]
18:26:11.788 [Forwarding getElementText on session 2aa51e07f548ebbb8efcf47f08376fbc to remote] DEBUG org.asynchttpclient.netty.request.NettyRequestSender - Using pooled Channel '[id: 0x38473121, L:/127.0.0.1:54991 - R:localhost/127.0.0.1:8354]' for 'GET' to 'http://localhost:8354/session/2aa51e07f548ebbb8efcf47f08376fbc/element/e65eff8f-7822-481f-8d57-40b8b95ea886/text'
18:26:11.788 [Forwarding getElementText on session 2aa51e07f548ebbb8efcf47f08376fbc to remote] DEBUG org.asynchttpclient.netty.request.NettyRequestSender - Using open Channel [id: 0x38473121, L:/127.0.0.1:54991 - R:localhost/127.0.0.1:8354] for GET '/session/2aa51e07f548ebbb8efcf47f08376fbc/element/e65eff8f-7822-481f-8d57-40b8b95ea886/text'
18:26:11.819 [AsyncHttpClient-1-4] DEBUG org.asynchttpclient.netty.handler.HttpHandler - 

Request DefaultFullHttpRequest(decodeResult: success, version: HTTP/1.1, content: EmptyByteBufBE)
GET /session/2aa51e07f548ebbb8efcf47f08376fbc/element/e65eff8f-7822-481f-8d57-40b8b95ea886/text HTTP/1.1
User-Agent: selenium/4.5.3 (java mac)
Cache-Control: no-cache
Content-Type: application/json; charset=utf-8
host: localhost:8354
accept: */*

Response DefaultHttpResponse(decodeResult: success, version: HTTP/1.1)
HTTP/1.1 200 OK
Content-Length: 19
Content-Type: application/json; charset=utf-8
cache-control: no-cache

18:26:11.820 [AsyncHttpClient-1-4] DEBUG org.asynchttpclient.netty.channel.ChannelManager - Adding key: http://localhost:8354 for channel [id: 0x38473121, L:/127.0.0.1:54991 - R:localhost/127.0.0.1:8354]
18:26:11.826 [Forwarding findChildElement on session 2aa51e07f548ebbb8efcf47f08376fbc to remote] DEBUG org.asynchttpclient.netty.request.NettyRequestSender - Using pooled Channel '[id: 0x38473121, L:/127.0.0.1:54991 - R:localhost/127.0.0.1:8354]' for 'POST' to 'http://localhost:8354/session/2aa51e07f548ebbb8efcf47f08376fbc/element/69d24f87-4825-4e8a-85ef-9b59883fbe35/element'
18:26:11.826 [Forwarding findChildElement on session 2aa51e07f548ebbb8efcf47f08376fbc to remote] DEBUG org.asynchttpclient.netty.request.NettyRequestSender - Using open Channel [id: 0x38473121, L:/127.0.0.1:54991 - R:localhost/127.0.0.1:8354] for POST '/session/2aa51e07f548ebbb8efcf47f08376fbc/element/69d24f87-4825-4e8a-85ef-9b59883fbe35/element'
18:26:11.851 [AsyncHttpClient-1-4] DEBUG org.asynchttpclient.netty.handler.HttpHandler - 

Request DefaultHttpRequest(decodeResult: success, version: HTTP/1.1)
POST /session/2aa51e07f548ebbb8efcf47f08376fbc/element/69d24f87-4825-4e8a-85ef-9b59883fbe35/element HTTP/1.1
User-Agent: selenium/4.5.3 (java mac)
Content-Length: 106
Content-Type: application/json; charset=utf-8
host: localhost:8354
accept: */*

Response DefaultHttpResponse(decodeResult: success, version: HTTP/1.1)
HTTP/1.1 200 OK
Content-Length: 88
Content-Type: application/json; charset=utf-8
cache-control: no-cache

18:26:11.852 [AsyncHttpClient-1-4] DEBUG org.asynchttpclient.netty.channel.ChannelManager - Adding key: http://localhost:8354 for channel [id: 0x38473121, L:/127.0.0.1:54991 - R:localhost/127.0.0.1:8354]
18:26:11.854 [Forwarding getElementText on session 2aa51e07f548ebbb8efcf47f08376fbc to remote] DEBUG org.asynchttpclient.netty.request.NettyRequestSender - Using pooled Channel '[id: 0x38473121, L:/127.0.0.1:54991 - R:localhost/127.0.0.1:8354]' for 'GET' to 'http://localhost:8354/session/2aa51e07f548ebbb8efcf47f08376fbc/element/1d23c3f7-f949-4eeb-86d6-78c246490812/text'
18:26:11.855 [Forwarding getElementText on session 2aa51e07f548ebbb8efcf47f08376fbc to remote] DEBUG org.asynchttpclient.netty.request.NettyRequestSender - Using open Channel [id: 0x38473121, L:/127.0.0.1:54991 - R:localhost/127.0.0.1:8354] for GET '/session/2aa51e07f548ebbb8efcf47f08376fbc/element/1d23c3f7-f949-4eeb-86d6-78c246490812/text'
18:26:11.942 [AsyncHttpClient-1-4] DEBUG org.asynchttpclient.netty.handler.HttpHandler - 

Request DefaultFullHttpRequest(decodeResult: success, version: HTTP/1.1, content: EmptyByteBufBE)
GET /session/2aa51e07f548ebbb8efcf47f08376fbc/element/1d23c3f7-f949-4eeb-86d6-78c246490812/text HTTP/1.1
User-Agent: selenium/4.5.3 (java mac)
Cache-Control: no-cache
Content-Type: application/json; charset=utf-8
host: localhost:8354
accept: */*

Response DefaultHttpResponse(decodeResult: success, version: HTTP/1.1)
HTTP/1.1 200 OK
Content-Length: 85
Content-Type: application/json; charset=utf-8
cache-control: no-cache

18:26:11.942 [AsyncHttpClient-1-4] DEBUG org.asynchttpclient.netty.channel.ChannelManager - Adding key: http://localhost:8354 for channel [id: 0x38473121, L:/127.0.0.1:54991 - R:localhost/127.0.0.1:8354]
18:26:11.943 [Forwarding findChildElement on session 2aa51e07f548ebbb8efcf47f08376fbc to remote] DEBUG org.asynchttpclient.netty.request.NettyRequestSender - Using pooled Channel '[id: 0x38473121, L:/127.0.0.1:54991 - R:localhost/127.0.0.1:8354]' for 'POST' to 'http://localhost:8354/session/2aa51e07f548ebbb8efcf47f08376fbc/element/69d24f87-4825-4e8a-85ef-9b59883fbe35/element'
18:26:11.943 [Forwarding findChildElement on session 2aa51e07f548ebbb8efcf47f08376fbc to remote] DEBUG org.asynchttpclient.netty.request.NettyRequestSender - Using open Channel [id: 0x38473121, L:/127.0.0.1:54991 - R:localhost/127.0.0.1:8354] for POST '/session/2aa51e07f548ebbb8efcf47f08376fbc/element/69d24f87-4825-4e8a-85ef-9b59883fbe35/element'
18:26:11.976 [AsyncHttpClient-1-4] DEBUG org.asynchttpclient.netty.handler.HttpHandler - 

Request DefaultHttpRequest(decodeResult: success, version: HTTP/1.1)
POST /session/2aa51e07f548ebbb8efcf47f08376fbc/element/69d24f87-4825-4e8a-85ef-9b59883fbe35/element HTTP/1.1
User-Agent: selenium/4.5.3 (java mac)
Content-Length: 106
Content-Type: application/json; charset=utf-8
host: localhost:8354
accept: */*

Response DefaultHttpResponse(decodeResult: success, version: HTTP/1.1)
HTTP/1.1 200 OK
Content-Length: 88
Content-Type: application/json; charset=utf-8
cache-control: no-cache

18:26:11.976 [AsyncHttpClient-1-4] DEBUG org.asynchttpclient.netty.channel.ChannelManager - Adding key: http://localhost:8354 for channel [id: 0x38473121, L:/127.0.0.1:54991 - R:localhost/127.0.0.1:8354]
18:26:11.977 [Forwarding getElementText on session 2aa51e07f548ebbb8efcf47f08376fbc to remote] DEBUG org.asynchttpclient.netty.request.NettyRequestSender - Using pooled Channel '[id: 0x38473121, L:/127.0.0.1:54991 - R:localhost/127.0.0.1:8354]' for 'GET' to 'http://localhost:8354/session/2aa51e07f548ebbb8efcf47f08376fbc/element/4b19bf0c-48b7-4357-8b44-d525677e3b1b/text'
18:26:11.977 [Forwarding getElementText on session 2aa51e07f548ebbb8efcf47f08376fbc to remote] DEBUG org.asynchttpclient.netty.request.NettyRequestSender - Using open Channel [id: 0x38473121, L:/127.0.0.1:54991 - R:localhost/127.0.0.1:8354] for GET '/session/2aa51e07f548ebbb8efcf47f08376fbc/element/4b19bf0c-48b7-4357-8b44-d525677e3b1b/text'
18:26:12.026 [AsyncHttpClient-1-4] DEBUG org.asynchttpclient.netty.handler.HttpHandler - 

Request DefaultFullHttpRequest(decodeResult: success, version: HTTP/1.1, content: EmptyByteBufBE)
GET /session/2aa51e07f548ebbb8efcf47f08376fbc/element/4b19bf0c-48b7-4357-8b44-d525677e3b1b/text HTTP/1.1
User-Agent: selenium/4.5.3 (java mac)
Cache-Control: no-cache
Content-Type: application/json; charset=utf-8
host: localhost:8354
accept: */*

Response DefaultHttpResponse(decodeResult: success, version: HTTP/1.1)
HTTP/1.1 200 OK
Content-Length: 30
Content-Type: application/json; charset=utf-8
cache-control: no-cache

18:26:12.026 [AsyncHttpClient-1-4] DEBUG org.asynchttpclient.netty.channel.ChannelManager - Adding key: http://localhost:8354 for channel [id: 0x38473121, L:/127.0.0.1:54991 - R:localhost/127.0.0.1:8354]
18:26:12.027 [Forwarding findChildElement on session 2aa51e07f548ebbb8efcf47f08376fbc to remote] DEBUG org.asynchttpclient.netty.request.NettyRequestSender - Using pooled Channel '[id: 0x38473121, L:/127.0.0.1:54991 - R:localhost/127.0.0.1:8354]' for 'POST' to 'http://localhost:8354/session/2aa51e07f548ebbb8efcf47f08376fbc/element/3d439ec1-60d7-42ef-bad7-4eb6027bc274/element'
18:26:12.027 [Forwarding findChildElement on session 2aa51e07f548ebbb8efcf47f08376fbc to remote] DEBUG org.asynchttpclient.netty.request.NettyRequestSender - Using open Channel [id: 0x38473121, L:/127.0.0.1:54991 - R:localhost/127.0.0.1:8354] for POST '/session/2aa51e07f548ebbb8efcf47f08376fbc/element/3d439ec1-60d7-42ef-bad7-4eb6027bc274/element'
18:26:12.077 [AsyncHttpClient-1-4] DEBUG org.asynchttpclient.netty.handler.HttpHandler - 

Request DefaultHttpRequest(decodeResult: success, version: HTTP/1.1)
POST /session/2aa51e07f548ebbb8efcf47f08376fbc/element/3d439ec1-60d7-42ef-bad7-4eb6027bc274/element HTTP/1.1
User-Agent: selenium/4.5.3 (java mac)
Content-Length: 106
Content-Type: application/json; charset=utf-8
host: localhost:8354
accept: */*

Response DefaultHttpResponse(decodeResult: success, version: HTTP/1.1)
HTTP/1.1 200 OK
Content-Length: 88
Content-Type: application/json; charset=utf-8
cache-control: no-cache

18:26:12.078 [AsyncHttpClient-1-4] DEBUG org.asynchttpclient.netty.channel.ChannelManager - Adding key: http://localhost:8354 for channel [id: 0x38473121, L:/127.0.0.1:54991 - R:localhost/127.0.0.1:8354]
18:26:12.078 [Forwarding getElementText on session 2aa51e07f548ebbb8efcf47f08376fbc to remote] DEBUG org.asynchttpclient.netty.request.NettyRequestSender - Using pooled Channel '[id: 0x38473121, L:/127.0.0.1:54991 - R:localhost/127.0.0.1:8354]' for 'GET' to 'http://localhost:8354/session/2aa51e07f548ebbb8efcf47f08376fbc/element/4953acb9-7773-4312-bd1d-5a8f89340d2d/text'
18:26:12.078 [Forwarding getElementText on session 2aa51e07f548ebbb8efcf47f08376fbc to remote] DEBUG org.asynchttpclient.netty.request.NettyRequestSender - Using open Channel [id: 0x38473121, L:/127.0.0.1:54991 - R:localhost/127.0.0.1:8354] for GET '/session/2aa51e07f548ebbb8efcf47f08376fbc/element/4953acb9-7773-4312-bd1d-5a8f89340d2d/text'
18:26:12.112 [AsyncHttpClient-1-4] DEBUG org.asynchttpclient.netty.handler.HttpHandler - 

Request DefaultFullHttpRequest(decodeResult: success, version: HTTP/1.1, content: EmptyByteBufBE)
GET /session/2aa51e07f548ebbb8efcf47f08376fbc/element/4953acb9-7773-4312-bd1d-5a8f89340d2d/text HTTP/1.1
User-Agent: selenium/4.5.3 (java mac)
Cache-Control: no-cache
Content-Type: application/json; charset=utf-8
host: localhost:8354
accept: */*

Response DefaultHttpResponse(decodeResult: success, version: HTTP/1.1)
HTTP/1.1 200 OK
Content-Length: 79
Content-Type: application/json; charset=utf-8
cache-control: no-cache

18:26:12.113 [AsyncHttpClient-1-4] DEBUG org.asynchttpclient.netty.channel.ChannelManager - Adding key: http://localhost:8354 for channel [id: 0x38473121, L:/127.0.0.1:54991 - R:localhost/127.0.0.1:8354]
18:26:12.115 [Forwarding findChildElement on session 2aa51e07f548ebbb8efcf47f08376fbc to remote] DEBUG org.asynchttpclient.netty.request.NettyRequestSender - Using pooled Channel '[id: 0x38473121, L:/127.0.0.1:54991 - R:localhost/127.0.0.1:8354]' for 'POST' to 'http://localhost:8354/session/2aa51e07f548ebbb8efcf47f08376fbc/element/3d439ec1-60d7-42ef-bad7-4eb6027bc274/element'
18:26:12.115 [Forwarding findChildElement on session 2aa51e07f548ebbb8efcf47f08376fbc to remote] DEBUG org.asynchttpclient.netty.request.NettyRequestSender - Using open Channel [id: 0x38473121, L:/127.0.0.1:54991 - R:localhost/127.0.0.1:8354] for POST '/session/2aa51e07f548ebbb8efcf47f08376fbc/element/3d439ec1-60d7-42ef-bad7-4eb6027bc274/element'
18:26:12.149 [AsyncHttpClient-1-4] DEBUG org.asynchttpclient.netty.handler.HttpHandler - 

Request DefaultHttpRequest(decodeResult: success, version: HTTP/1.1)
POST /session/2aa51e07f548ebbb8efcf47f08376fbc/element/3d439ec1-60d7-42ef-bad7-4eb6027bc274/element HTTP/1.1
User-Agent: selenium/4.5.3 (java mac)
Content-Length: 106
Content-Type: application/json; charset=utf-8
host: localhost:8354
accept: */*

Response DefaultHttpResponse(decodeResult: success, version: HTTP/1.1)
HTTP/1.1 200 OK
Content-Length: 88
Content-Type: application/json; charset=utf-8
cache-control: no-cache

18:26:12.149 [AsyncHttpClient-1-4] DEBUG org.asynchttpclient.netty.channel.ChannelManager - Adding key: http://localhost:8354 for channel [id: 0x38473121, L:/127.0.0.1:54991 - R:localhost/127.0.0.1:8354]
18:26:12.150 [Forwarding getElementText on session 2aa51e07f548ebbb8efcf47f08376fbc to remote] DEBUG org.asynchttpclient.netty.request.NettyRequestSender - Using pooled Channel '[id: 0x38473121, L:/127.0.0.1:54991 - R:localhost/127.0.0.1:8354]' for 'GET' to 'http://localhost:8354/session/2aa51e07f548ebbb8efcf47f08376fbc/element/e651a690-827f-47b9-981b-f80d6ec90e46/text'
18:26:12.150 [Forwarding getElementText on session 2aa51e07f548ebbb8efcf47f08376fbc to remote] DEBUG org.asynchttpclient.netty.request.NettyRequestSender - Using open Channel [id: 0x38473121, L:/127.0.0.1:54991 - R:localhost/127.0.0.1:8354] for GET '/session/2aa51e07f548ebbb8efcf47f08376fbc/element/e651a690-827f-47b9-981b-f80d6ec90e46/text'
18:26:12.220 [AsyncHttpClient-1-4] DEBUG org.asynchttpclient.netty.handler.HttpHandler - 

Request DefaultFullHttpRequest(decodeResult: success, version: HTTP/1.1, content: EmptyByteBufBE)
GET /session/2aa51e07f548ebbb8efcf47f08376fbc/element/e651a690-827f-47b9-981b-f80d6ec90e46/text HTTP/1.1
User-Agent: selenium/4.5.3 (java mac)
Cache-Control: no-cache
Content-Type: application/json; charset=utf-8
host: localhost:8354
accept: */*

Response DefaultHttpResponse(decodeResult: success, version: HTTP/1.1)
HTTP/1.1 200 OK
Content-Length: 19
Content-Type: application/json; charset=utf-8
cache-control: no-cache

18:26:12.221 [AsyncHttpClient-1-4] DEBUG org.asynchttpclient.netty.channel.ChannelManager - Adding key: http://localhost:8354 for channel [id: 0x38473121, L:/127.0.0.1:54991 - R:localhost/127.0.0.1:8354]
18:26:12.230 [Forwarding findChildElement on session 2aa51e07f548ebbb8efcf47f08376fbc to remote] DEBUG org.asynchttpclient.netty.request.NettyRequestSender - Using pooled Channel '[id: 0x38473121, L:/127.0.0.1:54991 - R:localhost/127.0.0.1:8354]' for 'POST' to 'http://localhost:8354/session/2aa51e07f548ebbb8efcf47f08376fbc/element/10012140-ec97-4fd9-befc-1bdbcc34cfba/element'
18:26:12.230 [Forwarding findChildElement on session 2aa51e07f548ebbb8efcf47f08376fbc to remote] DEBUG org.asynchttpclient.netty.request.NettyRequestSender - Using open Channel [id: 0x38473121, L:/127.0.0.1:54991 - R:localhost/127.0.0.1:8354] for POST '/session/2aa51e07f548ebbb8efcf47f08376fbc/element/10012140-ec97-4fd9-befc-1bdbcc34cfba/element'
18:26:12.316 [AsyncHttpClient-1-1] DEBUG org.asynchttpclient.netty.channel.DefaultChannelPool - Entry count for : http://localhost:54992 : 1
18:26:12.316 [AsyncHttpClient-1-1] DEBUG org.asynchttpclient.netty.channel.DefaultChannelPool - Entry count for : http://localhost:7078 : 1
18:26:12.339 [AsyncHttpClient-1-4] DEBUG org.asynchttpclient.netty.handler.HttpHandler - 

Request DefaultHttpRequest(decodeResult: success, version: HTTP/1.1)
POST /session/2aa51e07f548ebbb8efcf47f08376fbc/element/10012140-ec97-4fd9-befc-1bdbcc34cfba/element HTTP/1.1
User-Agent: selenium/4.5.3 (java mac)
Content-Length: 106
Content-Type: application/json; charset=utf-8
host: localhost:8354
accept: */*

Response DefaultHttpResponse(decodeResult: success, version: HTTP/1.1)
HTTP/1.1 200 OK
Content-Length: 88
Content-Type: application/json; charset=utf-8
cache-control: no-cache

18:26:12.339 [AsyncHttpClient-1-4] DEBUG org.asynchttpclient.netty.channel.ChannelManager - Adding key: http://localhost:8354 for channel [id: 0x38473121, L:/127.0.0.1:54991 - R:localhost/127.0.0.1:8354]
18:26:12.340 [Forwarding getElementText on session 2aa51e07f548ebbb8efcf47f08376fbc to remote] DEBUG org.asynchttpclient.netty.request.NettyRequestSender - Using pooled Channel '[id: 0x38473121, L:/127.0.0.1:54991 - R:localhost/127.0.0.1:8354]' for 'GET' to 'http://localhost:8354/session/2aa51e07f548ebbb8efcf47f08376fbc/element/f81adbba-937a-423b-92cd-704b8d28cc23/text'
18:26:12.340 [Forwarding getElementText on session 2aa51e07f548ebbb8efcf47f08376fbc to remote] DEBUG org.asynchttpclient.netty.request.NettyRequestSender - Using open Channel [id: 0x38473121, L:/127.0.0.1:54991 - R:localhost/127.0.0.1:8354] for GET '/session/2aa51e07f548ebbb8efcf47f08376fbc/element/f81adbba-937a-423b-92cd-704b8d28cc23/text'
18:26:12.371 [AsyncHttpClient-1-4] DEBUG org.asynchttpclient.netty.handler.HttpHandler - 

Request DefaultFullHttpRequest(decodeResult: success, version: HTTP/1.1, content: EmptyByteBufBE)
GET /session/2aa51e07f548ebbb8efcf47f08376fbc/element/f81adbba-937a-423b-92cd-704b8d28cc23/text HTTP/1.1
User-Agent: selenium/4.5.3 (java mac)
Cache-Control: no-cache
Content-Type: application/json; charset=utf-8
host: localhost:8354
accept: */*

Response DefaultHttpResponse(decodeResult: success, version: HTTP/1.1)
HTTP/1.1 200 OK
Content-Length: 72
Content-Type: application/json; charset=utf-8
cache-control: no-cache

18:26:12.371 [AsyncHttpClient-1-4] DEBUG org.asynchttpclient.netty.channel.ChannelManager - Adding key: http://localhost:8354 for channel [id: 0x38473121, L:/127.0.0.1:54991 - R:localhost/127.0.0.1:8354]
18:26:12.372 [Forwarding findChildElement on session 2aa51e07f548ebbb8efcf47f08376fbc to remote] DEBUG org.asynchttpclient.netty.request.NettyRequestSender - Using pooled Channel '[id: 0x38473121, L:/127.0.0.1:54991 - R:localhost/127.0.0.1:8354]' for 'POST' to 'http://localhost:8354/session/2aa51e07f548ebbb8efcf47f08376fbc/element/10012140-ec97-4fd9-befc-1bdbcc34cfba/element'
18:26:12.372 [Forwarding findChildElement on session 2aa51e07f548ebbb8efcf47f08376fbc to remote] DEBUG org.asynchttpclient.netty.request.NettyRequestSender - Using open Channel [id: 0x38473121, L:/127.0.0.1:54991 - R:localhost/127.0.0.1:8354] for POST '/session/2aa51e07f548ebbb8efcf47f08376fbc/element/10012140-ec97-4fd9-befc-1bdbcc34cfba/element'
18:26:12.390 [AsyncHttpClient-1-4] DEBUG org.asynchttpclient.netty.handler.HttpHandler - 

Request DefaultHttpRequest(decodeResult: success, version: HTTP/1.1)
POST /session/2aa51e07f548ebbb8efcf47f08376fbc/element/10012140-ec97-4fd9-befc-1bdbcc34cfba/element HTTP/1.1
User-Agent: selenium/4.5.3 (java mac)
Content-Length: 106
Content-Type: application/json; charset=utf-8
host: localhost:8354
accept: */*

Response DefaultHttpResponse(decodeResult: success, version: HTTP/1.1)
HTTP/1.1 200 OK
Content-Length: 88
Content-Type: application/json; charset=utf-8
cache-control: no-cache

18:26:12.391 [AsyncHttpClient-1-4] DEBUG org.asynchttpclient.netty.channel.ChannelManager - Adding key: http://localhost:8354 for channel [id: 0x38473121, L:/127.0.0.1:54991 - R:localhost/127.0.0.1:8354]
18:26:12.391 [Forwarding getElementText on session 2aa51e07f548ebbb8efcf47f08376fbc to remote] DEBUG org.asynchttpclient.netty.request.NettyRequestSender - Using pooled Channel '[id: 0x38473121, L:/127.0.0.1:54991 - R:localhost/127.0.0.1:8354]' for 'GET' to 'http://localhost:8354/session/2aa51e07f548ebbb8efcf47f08376fbc/element/19e5dde1-7227-4f5a-b76c-4fd7166d9a8d/text'
18:26:12.391 [Forwarding getElementText on session 2aa51e07f548ebbb8efcf47f08376fbc to remote] DEBUG org.asynchttpclient.netty.request.NettyRequestSender - Using open Channel [id: 0x38473121, L:/127.0.0.1:54991 - R:localhost/127.0.0.1:8354] for GET '/session/2aa51e07f548ebbb8efcf47f08376fbc/element/19e5dde1-7227-4f5a-b76c-4fd7166d9a8d/text'
18:26:12.418 [AsyncHttpClient-1-4] DEBUG org.asynchttpclient.netty.handler.HttpHandler - 

Request DefaultFullHttpRequest(decodeResult: success, version: HTTP/1.1, content: EmptyByteBufBE)
GET /session/2aa51e07f548ebbb8efcf47f08376fbc/element/19e5dde1-7227-4f5a-b76c-4fd7166d9a8d/text HTTP/1.1
User-Agent: selenium/4.5.3 (java mac)
Cache-Control: no-cache
Content-Type: application/json; charset=utf-8
host: localhost:8354
accept: */*

Response DefaultHttpResponse(decodeResult: success, version: HTTP/1.1)
HTTP/1.1 200 OK
Content-Length: 19
Content-Type: application/json; charset=utf-8
cache-control: no-cache

18:26:12.418 [AsyncHttpClient-1-4] DEBUG org.asynchttpclient.netty.channel.ChannelManager - Adding key: http://localhost:8354 for channel [id: 0x38473121, L:/127.0.0.1:54991 - R:localhost/127.0.0.1:8354]
18:26:12.419 [Forwarding findChildElement on session 2aa51e07f548ebbb8efcf47f08376fbc to remote] DEBUG org.asynchttpclient.netty.request.NettyRequestSender - Using pooled Channel '[id: 0x38473121, L:/127.0.0.1:54991 - R:localhost/127.0.0.1:8354]' for 'POST' to 'http://localhost:8354/session/2aa51e07f548ebbb8efcf47f08376fbc/element/1d736598-d4d3-451a-a1ea-8d3823511788/element'
18:26:12.419 [Forwarding findChildElement on session 2aa51e07f548ebbb8efcf47f08376fbc to remote] DEBUG org.asynchttpclient.netty.request.NettyRequestSender - Using open Channel [id: 0x38473121, L:/127.0.0.1:54991 - R:localhost/127.0.0.1:8354] for POST '/session/2aa51e07f548ebbb8efcf47f08376fbc/element/1d736598-d4d3-451a-a1ea-8d3823511788/element'
18:26:12.440 [AsyncHttpClient-1-4] DEBUG org.asynchttpclient.netty.handler.HttpHandler - 

Request DefaultHttpRequest(decodeResult: success, version: HTTP/1.1)
POST /session/2aa51e07f548ebbb8efcf47f08376fbc/element/1d736598-d4d3-451a-a1ea-8d3823511788/element HTTP/1.1
User-Agent: selenium/4.5.3 (java mac)
Content-Length: 106
Content-Type: application/json; charset=utf-8
host: localhost:8354
accept: */*

Response DefaultHttpResponse(decodeResult: success, version: HTTP/1.1)
HTTP/1.1 200 OK
Content-Length: 88
Content-Type: application/json; charset=utf-8
cache-control: no-cache

18:26:12.441 [AsyncHttpClient-1-4] DEBUG org.asynchttpclient.netty.channel.ChannelManager - Adding key: http://localhost:8354 for channel [id: 0x38473121, L:/127.0.0.1:54991 - R:localhost/127.0.0.1:8354]
18:26:12.444 [Forwarding getElementText on session 2aa51e07f548ebbb8efcf47f08376fbc to remote] DEBUG org.asynchttpclient.netty.request.NettyRequestSender - Using pooled Channel '[id: 0x38473121, L:/127.0.0.1:54991 - R:localhost/127.0.0.1:8354]' for 'GET' to 'http://localhost:8354/session/2aa51e07f548ebbb8efcf47f08376fbc/element/1a27ea78-958d-49c0-bd18-d4e2ae7f73d5/text'
18:26:12.444 [Forwarding getElementText on session 2aa51e07f548ebbb8efcf47f08376fbc to remote] DEBUG org.asynchttpclient.netty.request.NettyRequestSender - Using open Channel [id: 0x38473121, L:/127.0.0.1:54991 - R:localhost/127.0.0.1:8354] for GET '/session/2aa51e07f548ebbb8efcf47f08376fbc/element/1a27ea78-958d-49c0-bd18-d4e2ae7f73d5/text'
18:26:12.481 [AsyncHttpClient-1-4] DEBUG org.asynchttpclient.netty.handler.HttpHandler - 

Request DefaultFullHttpRequest(decodeResult: success, version: HTTP/1.1, content: EmptyByteBufBE)
GET /session/2aa51e07f548ebbb8efcf47f08376fbc/element/1a27ea78-958d-49c0-bd18-d4e2ae7f73d5/text HTTP/1.1
User-Agent: selenium/4.5.3 (java mac)
Cache-Control: no-cache
Content-Type: application/json; charset=utf-8
host: localhost:8354
accept: */*

Response DefaultHttpResponse(decodeResult: success, version: HTTP/1.1)
HTTP/1.1 200 OK
Content-Length: 79
Content-Type: application/json; charset=utf-8
cache-control: no-cache

18:26:12.481 [AsyncHttpClient-1-4] DEBUG org.asynchttpclient.netty.channel.ChannelManager - Adding key: http://localhost:8354 for channel [id: 0x38473121, L:/127.0.0.1:54991 - R:localhost/127.0.0.1:8354]
18:26:12.482 [Forwarding findChildElement on session 2aa51e07f548ebbb8efcf47f08376fbc to remote] DEBUG org.asynchttpclient.netty.request.NettyRequestSender - Using pooled Channel '[id: 0x38473121, L:/127.0.0.1:54991 - R:localhost/127.0.0.1:8354]' for 'POST' to 'http://localhost:8354/session/2aa51e07f548ebbb8efcf47f08376fbc/element/1d736598-d4d3-451a-a1ea-8d3823511788/element'
18:26:12.482 [Forwarding findChildElement on session 2aa51e07f548ebbb8efcf47f08376fbc to remote] DEBUG org.asynchttpclient.netty.request.NettyRequestSender - Using open Channel [id: 0x38473121, L:/127.0.0.1:54991 - R:localhost/127.0.0.1:8354] for POST '/session/2aa51e07f548ebbb8efcf47f08376fbc/element/1d736598-d4d3-451a-a1ea-8d3823511788/element'
18:26:12.499 [AsyncHttpClient-1-4] DEBUG org.asynchttpclient.netty.handler.HttpHandler - 

Request DefaultHttpRequest(decodeResult: success, version: HTTP/1.1)
POST /session/2aa51e07f548ebbb8efcf47f08376fbc/element/1d736598-d4d3-451a-a1ea-8d3823511788/element HTTP/1.1
User-Agent: selenium/4.5.3 (java mac)
Content-Length: 106
Content-Type: application/json; charset=utf-8
host: localhost:8354
accept: */*

Response DefaultHttpResponse(decodeResult: success, version: HTTP/1.1)
HTTP/1.1 200 OK
Content-Length: 88
Content-Type: application/json; charset=utf-8
cache-control: no-cache

18:26:12.499 [AsyncHttpClient-1-4] DEBUG org.asynchttpclient.netty.channel.ChannelManager - Adding key: http://localhost:8354 for channel [id: 0x38473121, L:/127.0.0.1:54991 - R:localhost/127.0.0.1:8354]
18:26:12.499 [Forwarding getElementText on session 2aa51e07f548ebbb8efcf47f08376fbc to remote] DEBUG org.asynchttpclient.netty.request.NettyRequestSender - Using pooled Channel '[id: 0x38473121, L:/127.0.0.1:54991 - R:localhost/127.0.0.1:8354]' for 'GET' to 'http://localhost:8354/session/2aa51e07f548ebbb8efcf47f08376fbc/element/29bfb6fa-80ce-43b7-888a-41eab40fcc5b/text'
18:26:12.499 [Forwarding getElementText on session 2aa51e07f548ebbb8efcf47f08376fbc to remote] DEBUG org.asynchttpclient.netty.request.NettyRequestSender - Using open Channel [id: 0x38473121, L:/127.0.0.1:54991 - R:localhost/127.0.0.1:8354] for GET '/session/2aa51e07f548ebbb8efcf47f08376fbc/element/29bfb6fa-80ce-43b7-888a-41eab40fcc5b/text'
18:26:12.526 [AsyncHttpClient-1-4] DEBUG org.asynchttpclient.netty.handler.HttpHandler - 

Request DefaultFullHttpRequest(decodeResult: success, version: HTTP/1.1, content: EmptyByteBufBE)
GET /session/2aa51e07f548ebbb8efcf47f08376fbc/element/29bfb6fa-80ce-43b7-888a-41eab40fcc5b/text HTTP/1.1
User-Agent: selenium/4.5.3 (java mac)
Cache-Control: no-cache
Content-Type: application/json; charset=utf-8
host: localhost:8354
accept: */*

Response DefaultHttpResponse(decodeResult: success, version: HTTP/1.1)
HTTP/1.1 200 OK
Content-Length: 19
Content-Type: application/json; charset=utf-8
cache-control: no-cache

18:26:12.526 [AsyncHttpClient-1-4] DEBUG org.asynchttpclient.netty.channel.ChannelManager - Adding key: http://localhost:8354 for channel [id: 0x38473121, L:/127.0.0.1:54991 - R:localhost/127.0.0.1:8354]
18:26:12.527 [Forwarding findChildElement on session 2aa51e07f548ebbb8efcf47f08376fbc to remote] DEBUG org.asynchttpclient.netty.request.NettyRequestSender - Using pooled Channel '[id: 0x38473121, L:/127.0.0.1:54991 - R:localhost/127.0.0.1:8354]' for 'POST' to 'http://localhost:8354/session/2aa51e07f548ebbb8efcf47f08376fbc/element/30da2c83-1c78-4186-a648-560f9426148a/element'
18:26:12.527 [Forwarding findChildElement on session 2aa51e07f548ebbb8efcf47f08376fbc to remote] DEBUG org.asynchttpclient.netty.request.NettyRequestSender - Using open Channel [id: 0x38473121, L:/127.0.0.1:54991 - R:localhost/127.0.0.1:8354] for POST '/session/2aa51e07f548ebbb8efcf47f08376fbc/element/30da2c83-1c78-4186-a648-560f9426148a/element'
18:26:12.778 [AsyncHttpClient-1-4] DEBUG org.asynchttpclient.netty.handler.HttpHandler - 

Request DefaultHttpRequest(decodeResult: success, version: HTTP/1.1)
POST /session/2aa51e07f548ebbb8efcf47f08376fbc/element/30da2c83-1c78-4186-a648-560f9426148a/element HTTP/1.1
User-Agent: selenium/4.5.3 (java mac)
Content-Length: 106
Content-Type: application/json; charset=utf-8
host: localhost:8354
accept: */*

Response DefaultHttpResponse(decodeResult: success, version: HTTP/1.1)
HTTP/1.1 200 OK
Content-Length: 88
Content-Type: application/json; charset=utf-8
cache-control: no-cache

18:26:12.778 [AsyncHttpClient-1-4] DEBUG org.asynchttpclient.netty.channel.ChannelManager - Adding key: http://localhost:8354 for channel [id: 0x38473121, L:/127.0.0.1:54991 - R:localhost/127.0.0.1:8354]
18:26:12.778 [Forwarding getElementText on session 2aa51e07f548ebbb8efcf47f08376fbc to remote] DEBUG org.asynchttpclient.netty.request.NettyRequestSender - Using pooled Channel '[id: 0x38473121, L:/127.0.0.1:54991 - R:localhost/127.0.0.1:8354]' for 'GET' to 'http://localhost:8354/session/2aa51e07f548ebbb8efcf47f08376fbc/element/022dac86-3e90-498e-9d03-48a35851bea8/text'
18:26:12.778 [Forwarding getElementText on session 2aa51e07f548ebbb8efcf47f08376fbc to remote] DEBUG org.asynchttpclient.netty.request.NettyRequestSender - Using open Channel [id: 0x38473121, L:/127.0.0.1:54991 - R:localhost/127.0.0.1:8354] for GET '/session/2aa51e07f548ebbb8efcf47f08376fbc/element/022dac86-3e90-498e-9d03-48a35851bea8/text'
18:26:12.818 [AsyncHttpClient-1-4] DEBUG org.asynchttpclient.netty.handler.HttpHandler - 

Request DefaultFullHttpRequest(decodeResult: success, version: HTTP/1.1, content: EmptyByteBufBE)
GET /session/2aa51e07f548ebbb8efcf47f08376fbc/element/022dac86-3e90-498e-9d03-48a35851bea8/text HTTP/1.1
User-Agent: selenium/4.5.3 (java mac)
Cache-Control: no-cache
Content-Type: application/json; charset=utf-8
host: localhost:8354
accept: */*

Response DefaultHttpResponse(decodeResult: success, version: HTTP/1.1)
HTTP/1.1 200 OK
Content-Length: 64
Content-Type: application/json; charset=utf-8
cache-control: no-cache

18:26:12.819 [AsyncHttpClient-1-4] DEBUG org.asynchttpclient.netty.channel.ChannelManager - Adding key: http://localhost:8354 for channel [id: 0x38473121, L:/127.0.0.1:54991 - R:localhost/127.0.0.1:8354]
18:26:12.827 [Forwarding findChildElement on session 2aa51e07f548ebbb8efcf47f08376fbc to remote] DEBUG org.asynchttpclient.netty.request.NettyRequestSender - Using pooled Channel '[id: 0x38473121, L:/127.0.0.1:54991 - R:localhost/127.0.0.1:8354]' for 'POST' to 'http://localhost:8354/session/2aa51e07f548ebbb8efcf47f08376fbc/element/30da2c83-1c78-4186-a648-560f9426148a/element'
18:26:12.828 [Forwarding findChildElement on session 2aa51e07f548ebbb8efcf47f08376fbc to remote] DEBUG org.asynchttpclient.netty.request.NettyRequestSender - Using open Channel [id: 0x38473121, L:/127.0.0.1:54991 - R:localhost/127.0.0.1:8354] for POST '/session/2aa51e07f548ebbb8efcf47f08376fbc/element/30da2c83-1c78-4186-a648-560f9426148a/element'
18:26:12.848 [AsyncHttpClient-1-4] DEBUG org.asynchttpclient.netty.handler.HttpHandler - 

Request DefaultHttpRequest(decodeResult: success, version: HTTP/1.1)
POST /session/2aa51e07f548ebbb8efcf47f08376fbc/element/30da2c83-1c78-4186-a648-560f9426148a/element HTTP/1.1
User-Agent: selenium/4.5.3 (java mac)
Content-Length: 106
Content-Type: application/json; charset=utf-8
host: localhost:8354
accept: */*

Response DefaultHttpResponse(decodeResult: success, version: HTTP/1.1)
HTTP/1.1 200 OK
Content-Length: 88
Content-Type: application/json; charset=utf-8
cache-control: no-cache

18:26:12.848 [AsyncHttpClient-1-4] DEBUG org.asynchttpclient.netty.channel.ChannelManager - Adding key: http://localhost:8354 for channel [id: 0x38473121, L:/127.0.0.1:54991 - R:localhost/127.0.0.1:8354]
18:26:12.851 [Forwarding getElementText on session 2aa51e07f548ebbb8efcf47f08376fbc to remote] DEBUG org.asynchttpclient.netty.request.NettyRequestSender - Using pooled Channel '[id: 0x38473121, L:/127.0.0.1:54991 - R:localhost/127.0.0.1:8354]' for 'GET' to 'http://localhost:8354/session/2aa51e07f548ebbb8efcf47f08376fbc/element/cd5a2b6f-f9f4-45f3-9187-386e2a7d9aba/text'
18:26:12.851 [Forwarding getElementText on session 2aa51e07f548ebbb8efcf47f08376fbc to remote] DEBUG org.asynchttpclient.netty.request.NettyRequestSender - Using open Channel [id: 0x38473121, L:/127.0.0.1:54991 - R:localhost/127.0.0.1:8354] for GET '/session/2aa51e07f548ebbb8efcf47f08376fbc/element/cd5a2b6f-f9f4-45f3-9187-386e2a7d9aba/text'
18:26:12.883 [AsyncHttpClient-1-4] DEBUG org.asynchttpclient.netty.handler.HttpHandler - 

Request DefaultFullHttpRequest(decodeResult: success, version: HTTP/1.1, content: EmptyByteBufBE)
GET /session/2aa51e07f548ebbb8efcf47f08376fbc/element/cd5a2b6f-f9f4-45f3-9187-386e2a7d9aba/text HTTP/1.1
User-Agent: selenium/4.5.3 (java mac)
Cache-Control: no-cache
Content-Type: application/json; charset=utf-8
host: localhost:8354
accept: */*

Response DefaultHttpResponse(decodeResult: success, version: HTTP/1.1)
HTTP/1.1 200 OK
Content-Length: 19
Content-Type: application/json; charset=utf-8
cache-control: no-cache

18:26:12.883 [AsyncHttpClient-1-4] DEBUG org.asynchttpclient.netty.channel.ChannelManager - Adding key: http://localhost:8354 for channel [id: 0x38473121, L:/127.0.0.1:54991 - R:localhost/127.0.0.1:8354]
18:26:12.884 [Forwarding findChildElement on session 2aa51e07f548ebbb8efcf47f08376fbc to remote] DEBUG org.asynchttpclient.netty.request.NettyRequestSender - Using pooled Channel '[id: 0x38473121, L:/127.0.0.1:54991 - R:localhost/127.0.0.1:8354]' for 'POST' to 'http://localhost:8354/session/2aa51e07f548ebbb8efcf47f08376fbc/element/4858b151-1708-48ad-95ed-c968e0ecc54e/element'
18:26:12.884 [Forwarding findChildElement on session 2aa51e07f548ebbb8efcf47f08376fbc to remote] DEBUG org.asynchttpclient.netty.request.NettyRequestSender - Using open Channel [id: 0x38473121, L:/127.0.0.1:54991 - R:localhost/127.0.0.1:8354] for POST '/session/2aa51e07f548ebbb8efcf47f08376fbc/element/4858b151-1708-48ad-95ed-c968e0ecc54e/element'
18:26:12.914 [AsyncHttpClient-1-4] DEBUG org.asynchttpclient.netty.handler.HttpHandler - 

Request DefaultHttpRequest(decodeResult: success, version: HTTP/1.1)
POST /session/2aa51e07f548ebbb8efcf47f08376fbc/element/4858b151-1708-48ad-95ed-c968e0ecc54e/element HTTP/1.1
User-Agent: selenium/4.5.3 (java mac)
Content-Length: 106
Content-Type: application/json; charset=utf-8
host: localhost:8354
accept: */*

Response DefaultHttpResponse(decodeResult: success, version: HTTP/1.1)
HTTP/1.1 200 OK
Content-Length: 88
Content-Type: application/json; charset=utf-8
cache-control: no-cache

18:26:12.915 [AsyncHttpClient-1-4] DEBUG org.asynchttpclient.netty.channel.ChannelManager - Adding key: http://localhost:8354 for channel [id: 0x38473121, L:/127.0.0.1:54991 - R:localhost/127.0.0.1:8354]
18:26:12.915 [Forwarding getElementText on session 2aa51e07f548ebbb8efcf47f08376fbc to remote] DEBUG org.asynchttpclient.netty.request.NettyRequestSender - Using pooled Channel '[id: 0x38473121, L:/127.0.0.1:54991 - R:localhost/127.0.0.1:8354]' for 'GET' to 'http://localhost:8354/session/2aa51e07f548ebbb8efcf47f08376fbc/element/4e59831e-7e49-403e-b418-2777edc766d6/text'
18:26:12.916 [Forwarding getElementText on session 2aa51e07f548ebbb8efcf47f08376fbc to remote] DEBUG org.asynchttpclient.netty.request.NettyRequestSender - Using open Channel [id: 0x38473121, L:/127.0.0.1:54991 - R:localhost/127.0.0.1:8354] for GET '/session/2aa51e07f548ebbb8efcf47f08376fbc/element/4e59831e-7e49-403e-b418-2777edc766d6/text'
18:26:12.976 [AsyncHttpClient-1-4] DEBUG org.asynchttpclient.netty.handler.HttpHandler - 

Request DefaultFullHttpRequest(decodeResult: success, version: HTTP/1.1, content: EmptyByteBufBE)
GET /session/2aa51e07f548ebbb8efcf47f08376fbc/element/4e59831e-7e49-403e-b418-2777edc766d6/text HTTP/1.1
User-Agent: selenium/4.5.3 (java mac)
Cache-Control: no-cache
Content-Type: application/json; charset=utf-8
host: localhost:8354
accept: */*

Response DefaultHttpResponse(decodeResult: success, version: HTTP/1.1)
HTTP/1.1 200 OK
Content-Length: 91
Content-Type: application/json; charset=utf-8
cache-control: no-cache

18:26:12.976 [AsyncHttpClient-1-4] DEBUG org.asynchttpclient.netty.channel.ChannelManager - Adding key: http://localhost:8354 for channel [id: 0x38473121, L:/127.0.0.1:54991 - R:localhost/127.0.0.1:8354]
18:26:12.978 [Forwarding findChildElement on session 2aa51e07f548ebbb8efcf47f08376fbc to remote] DEBUG org.asynchttpclient.netty.request.NettyRequestSender - Using pooled Channel '[id: 0x38473121, L:/127.0.0.1:54991 - R:localhost/127.0.0.1:8354]' for 'POST' to 'http://localhost:8354/session/2aa51e07f548ebbb8efcf47f08376fbc/element/4858b151-1708-48ad-95ed-c968e0ecc54e/element'
18:26:12.978 [Forwarding findChildElement on session 2aa51e07f548ebbb8efcf47f08376fbc to remote] DEBUG org.asynchttpclient.netty.request.NettyRequestSender - Using open Channel [id: 0x38473121, L:/127.0.0.1:54991 - R:localhost/127.0.0.1:8354] for POST '/session/2aa51e07f548ebbb8efcf47f08376fbc/element/4858b151-1708-48ad-95ed-c968e0ecc54e/element'
18:26:13.003 [AsyncHttpClient-1-4] DEBUG org.asynchttpclient.netty.handler.HttpHandler - 

Request DefaultHttpRequest(decodeResult: success, version: HTTP/1.1)
POST /session/2aa51e07f548ebbb8efcf47f08376fbc/element/4858b151-1708-48ad-95ed-c968e0ecc54e/element HTTP/1.1
User-Agent: selenium/4.5.3 (java mac)
Content-Length: 106
Content-Type: application/json; charset=utf-8
host: localhost:8354
accept: */*

Response DefaultHttpResponse(decodeResult: success, version: HTTP/1.1)
HTTP/1.1 200 OK
Content-Length: 88
Content-Type: application/json; charset=utf-8
cache-control: no-cache

18:26:13.003 [AsyncHttpClient-1-4] DEBUG org.asynchttpclient.netty.channel.ChannelManager - Adding key: http://localhost:8354 for channel [id: 0x38473121, L:/127.0.0.1:54991 - R:localhost/127.0.0.1:8354]
18:26:13.004 [Forwarding getElementText on session 2aa51e07f548ebbb8efcf47f08376fbc to remote] DEBUG org.asynchttpclient.netty.request.NettyRequestSender - Using pooled Channel '[id: 0x38473121, L:/127.0.0.1:54991 - R:localhost/127.0.0.1:8354]' for 'GET' to 'http://localhost:8354/session/2aa51e07f548ebbb8efcf47f08376fbc/element/01c94e90-00c5-4272-ac10-41831ee5ab92/text'
18:26:13.004 [Forwarding getElementText on session 2aa51e07f548ebbb8efcf47f08376fbc to remote] DEBUG org.asynchttpclient.netty.request.NettyRequestSender - Using open Channel [id: 0x38473121, L:/127.0.0.1:54991 - R:localhost/127.0.0.1:8354] for GET '/session/2aa51e07f548ebbb8efcf47f08376fbc/element/01c94e90-00c5-4272-ac10-41831ee5ab92/text'
18:26:13.071 [AsyncHttpClient-1-4] DEBUG org.asynchttpclient.netty.handler.HttpHandler - 

Request DefaultFullHttpRequest(decodeResult: success, version: HTTP/1.1, content: EmptyByteBufBE)
GET /session/2aa51e07f548ebbb8efcf47f08376fbc/element/01c94e90-00c5-4272-ac10-41831ee5ab92/text HTTP/1.1
User-Agent: selenium/4.5.3 (java mac)
Cache-Control: no-cache
Content-Type: application/json; charset=utf-8
host: localhost:8354
accept: */*

Response DefaultHttpResponse(decodeResult: success, version: HTTP/1.1)
HTTP/1.1 200 OK
Content-Length: 19
Content-Type: application/json; charset=utf-8
cache-control: no-cache

18:26:13.071 [AsyncHttpClient-1-4] DEBUG org.asynchttpclient.netty.channel.ChannelManager - Adding key: http://localhost:8354 for channel [id: 0x38473121, L:/127.0.0.1:54991 - R:localhost/127.0.0.1:8354]
18:26:13.072 [Forwarding findChildElement on session 2aa51e07f548ebbb8efcf47f08376fbc to remote] DEBUG org.asynchttpclient.netty.request.NettyRequestSender - Using pooled Channel '[id: 0x38473121, L:/127.0.0.1:54991 - R:localhost/127.0.0.1:8354]' for 'POST' to 'http://localhost:8354/session/2aa51e07f548ebbb8efcf47f08376fbc/element/0dd4ca23-10e9-4e0d-8261-9ac3e6143641/element'
18:26:13.072 [Forwarding findChildElement on session 2aa51e07f548ebbb8efcf47f08376fbc to remote] DEBUG org.asynchttpclient.netty.request.NettyRequestSender - Using open Channel [id: 0x38473121, L:/127.0.0.1:54991 - R:localhost/127.0.0.1:8354] for POST '/session/2aa51e07f548ebbb8efcf47f08376fbc/element/0dd4ca23-10e9-4e0d-8261-9ac3e6143641/element'
18:26:13.094 [AsyncHttpClient-1-4] DEBUG org.asynchttpclient.netty.handler.HttpHandler - 

Request DefaultHttpRequest(decodeResult: success, version: HTTP/1.1)
POST /session/2aa51e07f548ebbb8efcf47f08376fbc/element/0dd4ca23-10e9-4e0d-8261-9ac3e6143641/element HTTP/1.1
User-Agent: selenium/4.5.3 (java mac)
Content-Length: 106
Content-Type: application/json; charset=utf-8
host: localhost:8354
accept: */*

Response DefaultHttpResponse(decodeResult: success, version: HTTP/1.1)
HTTP/1.1 200 OK
Content-Length: 88
Content-Type: application/json; charset=utf-8
cache-control: no-cache

18:26:13.094 [AsyncHttpClient-1-4] DEBUG org.asynchttpclient.netty.channel.ChannelManager - Adding key: http://localhost:8354 for channel [id: 0x38473121, L:/127.0.0.1:54991 - R:localhost/127.0.0.1:8354]
18:26:13.100 [Forwarding getElementText on session 2aa51e07f548ebbb8efcf47f08376fbc to remote] DEBUG org.asynchttpclient.netty.request.NettyRequestSender - Using pooled Channel '[id: 0x38473121, L:/127.0.0.1:54991 - R:localhost/127.0.0.1:8354]' for 'GET' to 'http://localhost:8354/session/2aa51e07f548ebbb8efcf47f08376fbc/element/1525030f-9a2a-432c-8667-14d535c5a0eb/text'
18:26:13.100 [Forwarding getElementText on session 2aa51e07f548ebbb8efcf47f08376fbc to remote] DEBUG org.asynchttpclient.netty.request.NettyRequestSender - Using open Channel [id: 0x38473121, L:/127.0.0.1:54991 - R:localhost/127.0.0.1:8354] for GET '/session/2aa51e07f548ebbb8efcf47f08376fbc/element/1525030f-9a2a-432c-8667-14d535c5a0eb/text'
18:26:13.154 [AsyncHttpClient-1-4] DEBUG org.asynchttpclient.netty.handler.HttpHandler - 

Request DefaultFullHttpRequest(decodeResult: success, version: HTTP/1.1, content: EmptyByteBufBE)
GET /session/2aa51e07f548ebbb8efcf47f08376fbc/element/1525030f-9a2a-432c-8667-14d535c5a0eb/text HTTP/1.1
User-Agent: selenium/4.5.3 (java mac)
Cache-Control: no-cache
Content-Type: application/json; charset=utf-8
host: localhost:8354
accept: */*

Response DefaultHttpResponse(decodeResult: success, version: HTTP/1.1)
HTTP/1.1 200 OK
Content-Length: 71
Content-Type: application/json; charset=utf-8
cache-control: no-cache

18:26:13.154 [AsyncHttpClient-1-4] DEBUG org.asynchttpclient.netty.channel.ChannelManager - Adding key: http://localhost:8354 for channel [id: 0x38473121, L:/127.0.0.1:54991 - R:localhost/127.0.0.1:8354]
18:26:13.155 [Forwarding findChildElement on session 2aa51e07f548ebbb8efcf47f08376fbc to remote] DEBUG org.asynchttpclient.netty.request.NettyRequestSender - Using pooled Channel '[id: 0x38473121, L:/127.0.0.1:54991 - R:localhost/127.0.0.1:8354]' for 'POST' to 'http://localhost:8354/session/2aa51e07f548ebbb8efcf47f08376fbc/element/0dd4ca23-10e9-4e0d-8261-9ac3e6143641/element'
18:26:13.155 [Forwarding findChildElement on session 2aa51e07f548ebbb8efcf47f08376fbc to remote] DEBUG org.asynchttpclient.netty.request.NettyRequestSender - Using open Channel [id: 0x38473121, L:/127.0.0.1:54991 - R:localhost/127.0.0.1:8354] for POST '/session/2aa51e07f548ebbb8efcf47f08376fbc/element/0dd4ca23-10e9-4e0d-8261-9ac3e6143641/element'
18:26:13.190 [AsyncHttpClient-1-4] DEBUG org.asynchttpclient.netty.handler.HttpHandler - 

Request DefaultHttpRequest(decodeResult: success, version: HTTP/1.1)
POST /session/2aa51e07f548ebbb8efcf47f08376fbc/element/0dd4ca23-10e9-4e0d-8261-9ac3e6143641/element HTTP/1.1
User-Agent: selenium/4.5.3 (java mac)
Content-Length: 106
Content-Type: application/json; charset=utf-8
host: localhost:8354
accept: */*

Response DefaultHttpResponse(decodeResult: success, version: HTTP/1.1)
HTTP/1.1 200 OK
Content-Length: 88
Content-Type: application/json; charset=utf-8
cache-control: no-cache

18:26:13.190 [AsyncHttpClient-1-4] DEBUG org.asynchttpclient.netty.channel.ChannelManager - Adding key: http://localhost:8354 for channel [id: 0x38473121, L:/127.0.0.1:54991 - R:localhost/127.0.0.1:8354]
18:26:13.191 [Forwarding getElementText on session 2aa51e07f548ebbb8efcf47f08376fbc to remote] DEBUG org.asynchttpclient.netty.request.NettyRequestSender - Using pooled Channel '[id: 0x38473121, L:/127.0.0.1:54991 - R:localhost/127.0.0.1:8354]' for 'GET' to 'http://localhost:8354/session/2aa51e07f548ebbb8efcf47f08376fbc/element/df4385db-b0b1-4a81-b47d-2961f9edaf4d/text'
18:26:13.191 [Forwarding getElementText on session 2aa51e07f548ebbb8efcf47f08376fbc to remote] DEBUG org.asynchttpclient.netty.request.NettyRequestSender - Using open Channel [id: 0x38473121, L:/127.0.0.1:54991 - R:localhost/127.0.0.1:8354] for GET '/session/2aa51e07f548ebbb8efcf47f08376fbc/element/df4385db-b0b1-4a81-b47d-2961f9edaf4d/text'
18:26:13.409 [AsyncHttpClient-1-1] DEBUG org.asynchttpclient.netty.channel.DefaultChannelPool - Entry count for : http://localhost:54992 : 1
18:26:13.409 [AsyncHttpClient-1-1] DEBUG org.asynchttpclient.netty.channel.DefaultChannelPool - Entry count for : http://localhost:7078 : 1
18:26:13.467 [AsyncHttpClient-1-4] DEBUG org.asynchttpclient.netty.handler.HttpHandler - 

Request DefaultFullHttpRequest(decodeResult: success, version: HTTP/1.1, content: EmptyByteBufBE)
GET /session/2aa51e07f548ebbb8efcf47f08376fbc/element/df4385db-b0b1-4a81-b47d-2961f9edaf4d/text HTTP/1.1
User-Agent: selenium/4.5.3 (java mac)
Cache-Control: no-cache
Content-Type: application/json; charset=utf-8
host: localhost:8354
accept: */*

Response DefaultHttpResponse(decodeResult: success, version: HTTP/1.1)
HTTP/1.1 200 OK
Content-Length: 19
Content-Type: application/json; charset=utf-8
cache-control: no-cache

18:26:13.467 [AsyncHttpClient-1-4] DEBUG org.asynchttpclient.netty.channel.ChannelManager - Adding key: http://localhost:8354 for channel [id: 0x38473121, L:/127.0.0.1:54991 - R:localhost/127.0.0.1:8354]
18:26:13.469 [Forwarding findChildElement on session 2aa51e07f548ebbb8efcf47f08376fbc to remote] DEBUG org.asynchttpclient.netty.request.NettyRequestSender - Using pooled Channel '[id: 0x38473121, L:/127.0.0.1:54991 - R:localhost/127.0.0.1:8354]' for 'POST' to 'http://localhost:8354/session/2aa51e07f548ebbb8efcf47f08376fbc/element/f7a7e239-b6aa-4e57-a80a-3e4b23cf9665/element'
18:26:13.469 [Forwarding findChildElement on session 2aa51e07f548ebbb8efcf47f08376fbc to remote] DEBUG org.asynchttpclient.netty.request.NettyRequestSender - Using open Channel [id: 0x38473121, L:/127.0.0.1:54991 - R:localhost/127.0.0.1:8354] for POST '/session/2aa51e07f548ebbb8efcf47f08376fbc/element/f7a7e239-b6aa-4e57-a80a-3e4b23cf9665/element'
18:26:13.525 [AsyncHttpClient-1-4] DEBUG org.asynchttpclient.netty.handler.HttpHandler - 

Request DefaultHttpRequest(decodeResult: success, version: HTTP/1.1)
POST /session/2aa51e07f548ebbb8efcf47f08376fbc/element/f7a7e239-b6aa-4e57-a80a-3e4b23cf9665/element HTTP/1.1
User-Agent: selenium/4.5.3 (java mac)
Content-Length: 106
Content-Type: application/json; charset=utf-8
host: localhost:8354
accept: */*

Response DefaultHttpResponse(decodeResult: success, version: HTTP/1.1)
HTTP/1.1 200 OK
Content-Length: 88
Content-Type: application/json; charset=utf-8
cache-control: no-cache

18:26:13.525 [AsyncHttpClient-1-4] DEBUG org.asynchttpclient.netty.channel.ChannelManager - Adding key: http://localhost:8354 for channel [id: 0x38473121, L:/127.0.0.1:54991 - R:localhost/127.0.0.1:8354]
18:26:13.525 [Forwarding getElementText on session 2aa51e07f548ebbb8efcf47f08376fbc to remote] DEBUG org.asynchttpclient.netty.request.NettyRequestSender - Using pooled Channel '[id: 0x38473121, L:/127.0.0.1:54991 - R:localhost/127.0.0.1:8354]' for 'GET' to 'http://localhost:8354/session/2aa51e07f548ebbb8efcf47f08376fbc/element/85bb7306-1dfe-430a-8e49-7656d12ac852/text'
18:26:13.525 [Forwarding getElementText on session 2aa51e07f548ebbb8efcf47f08376fbc to remote] DEBUG org.asynchttpclient.netty.request.NettyRequestSender - Using open Channel [id: 0x38473121, L:/127.0.0.1:54991 - R:localhost/127.0.0.1:8354] for GET '/session/2aa51e07f548ebbb8efcf47f08376fbc/element/85bb7306-1dfe-430a-8e49-7656d12ac852/text'
18:26:13.562 [AsyncHttpClient-1-4] DEBUG org.asynchttpclient.netty.handler.HttpHandler - 

Request DefaultFullHttpRequest(decodeResult: success, version: HTTP/1.1, content: EmptyByteBufBE)
GET /session/2aa51e07f548ebbb8efcf47f08376fbc/element/85bb7306-1dfe-430a-8e49-7656d12ac852/text HTTP/1.1
User-Agent: selenium/4.5.3 (java mac)
Cache-Control: no-cache
Content-Type: application/json; charset=utf-8
host: localhost:8354
accept: */*

Response DefaultHttpResponse(decodeResult: success, version: HTTP/1.1)
HTTP/1.1 200 OK
Content-Length: 88
Content-Type: application/json; charset=utf-8
cache-control: no-cache

18:26:13.562 [AsyncHttpClient-1-4] DEBUG org.asynchttpclient.netty.channel.ChannelManager - Adding key: http://localhost:8354 for channel [id: 0x38473121, L:/127.0.0.1:54991 - R:localhost/127.0.0.1:8354]
18:26:13.563 [Forwarding findChildElement on session 2aa51e07f548ebbb8efcf47f08376fbc to remote] DEBUG org.asynchttpclient.netty.request.NettyRequestSender - Using pooled Channel '[id: 0x38473121, L:/127.0.0.1:54991 - R:localhost/127.0.0.1:8354]' for 'POST' to 'http://localhost:8354/session/2aa51e07f548ebbb8efcf47f08376fbc/element/f7a7e239-b6aa-4e57-a80a-3e4b23cf9665/element'
18:26:13.563 [Forwarding findChildElement on session 2aa51e07f548ebbb8efcf47f08376fbc to remote] DEBUG org.asynchttpclient.netty.request.NettyRequestSender - Using open Channel [id: 0x38473121, L:/127.0.0.1:54991 - R:localhost/127.0.0.1:8354] for POST '/session/2aa51e07f548ebbb8efcf47f08376fbc/element/f7a7e239-b6aa-4e57-a80a-3e4b23cf9665/element'
18:26:13.651 [AsyncHttpClient-1-4] DEBUG org.asynchttpclient.netty.handler.HttpHandler - 

Request DefaultHttpRequest(decodeResult: success, version: HTTP/1.1)
POST /session/2aa51e07f548ebbb8efcf47f08376fbc/element/f7a7e239-b6aa-4e57-a80a-3e4b23cf9665/element HTTP/1.1
User-Agent: selenium/4.5.3 (java mac)
Content-Length: 106
Content-Type: application/json; charset=utf-8
host: localhost:8354
accept: */*

Response DefaultHttpResponse(decodeResult: success, version: HTTP/1.1)
HTTP/1.1 200 OK
Content-Length: 88
Content-Type: application/json; charset=utf-8
cache-control: no-cache

18:26:13.651 [AsyncHttpClient-1-4] DEBUG org.asynchttpclient.netty.channel.ChannelManager - Adding key: http://localhost:8354 for channel [id: 0x38473121, L:/127.0.0.1:54991 - R:localhost/127.0.0.1:8354]
18:26:13.651 [Forwarding getElementText on session 2aa51e07f548ebbb8efcf47f08376fbc to remote] DEBUG org.asynchttpclient.netty.request.NettyRequestSender - Using pooled Channel '[id: 0x38473121, L:/127.0.0.1:54991 - R:localhost/127.0.0.1:8354]' for 'GET' to 'http://localhost:8354/session/2aa51e07f548ebbb8efcf47f08376fbc/element/922763fe-d381-49ab-8c13-0d98b03f2357/text'
18:26:13.651 [Forwarding getElementText on session 2aa51e07f548ebbb8efcf47f08376fbc to remote] DEBUG org.asynchttpclient.netty.request.NettyRequestSender - Using open Channel [id: 0x38473121, L:/127.0.0.1:54991 - R:localhost/127.0.0.1:8354] for GET '/session/2aa51e07f548ebbb8efcf47f08376fbc/element/922763fe-d381-49ab-8c13-0d98b03f2357/text'
18:26:13.692 [AsyncHttpClient-1-4] DEBUG org.asynchttpclient.netty.handler.HttpHandler - 

Request DefaultFullHttpRequest(decodeResult: success, version: HTTP/1.1, content: EmptyByteBufBE)
GET /session/2aa51e07f548ebbb8efcf47f08376fbc/element/922763fe-d381-49ab-8c13-0d98b03f2357/text HTTP/1.1
User-Agent: selenium/4.5.3 (java mac)
Cache-Control: no-cache
Content-Type: application/json; charset=utf-8
host: localhost:8354
accept: */*

Response DefaultHttpResponse(decodeResult: success, version: HTTP/1.1)
HTTP/1.1 200 OK
Content-Length: 19
Content-Type: application/json; charset=utf-8
cache-control: no-cache

18:26:13.692 [AsyncHttpClient-1-4] DEBUG org.asynchttpclient.netty.channel.ChannelManager - Adding key: http://localhost:8354 for channel [id: 0x38473121, L:/127.0.0.1:54991 - R:localhost/127.0.0.1:8354]
18:26:13.694 [Forwarding findChildElement on session 2aa51e07f548ebbb8efcf47f08376fbc to remote] DEBUG org.asynchttpclient.netty.request.NettyRequestSender - Using pooled Channel '[id: 0x38473121, L:/127.0.0.1:54991 - R:localhost/127.0.0.1:8354]' for 'POST' to 'http://localhost:8354/session/2aa51e07f548ebbb8efcf47f08376fbc/element/4ce42a15-ef5e-4894-800e-a8705dfea47d/element'
18:26:13.694 [Forwarding findChildElement on session 2aa51e07f548ebbb8efcf47f08376fbc to remote] DEBUG org.asynchttpclient.netty.request.NettyRequestSender - Using open Channel [id: 0x38473121, L:/127.0.0.1:54991 - R:localhost/127.0.0.1:8354] for POST '/session/2aa51e07f548ebbb8efcf47f08376fbc/element/4ce42a15-ef5e-4894-800e-a8705dfea47d/element'
18:26:13.719 [AsyncHttpClient-1-4] DEBUG org.asynchttpclient.netty.handler.HttpHandler - 

Request DefaultHttpRequest(decodeResult: success, version: HTTP/1.1)
POST /session/2aa51e07f548ebbb8efcf47f08376fbc/element/4ce42a15-ef5e-4894-800e-a8705dfea47d/element HTTP/1.1
User-Agent: selenium/4.5.3 (java mac)
Content-Length: 106
Content-Type: application/json; charset=utf-8
host: localhost:8354
accept: */*

Response DefaultHttpResponse(decodeResult: success, version: HTTP/1.1)
HTTP/1.1 200 OK
Content-Length: 88
Content-Type: application/json; charset=utf-8
cache-control: no-cache

18:26:13.719 [AsyncHttpClient-1-4] DEBUG org.asynchttpclient.netty.channel.ChannelManager - Adding key: http://localhost:8354 for channel [id: 0x38473121, L:/127.0.0.1:54991 - R:localhost/127.0.0.1:8354]
18:26:13.720 [Forwarding getElementText on session 2aa51e07f548ebbb8efcf47f08376fbc to remote] DEBUG org.asynchttpclient.netty.request.NettyRequestSender - Using pooled Channel '[id: 0x38473121, L:/127.0.0.1:54991 - R:localhost/127.0.0.1:8354]' for 'GET' to 'http://localhost:8354/session/2aa51e07f548ebbb8efcf47f08376fbc/element/74e072b1-f044-4e98-9729-4645ce7dccfa/text'
18:26:13.720 [Forwarding getElementText on session 2aa51e07f548ebbb8efcf47f08376fbc to remote] DEBUG org.asynchttpclient.netty.request.NettyRequestSender - Using open Channel [id: 0x38473121, L:/127.0.0.1:54991 - R:localhost/127.0.0.1:8354] for GET '/session/2aa51e07f548ebbb8efcf47f08376fbc/element/74e072b1-f044-4e98-9729-4645ce7dccfa/text'
18:26:13.997 [AsyncHttpClient-1-4] DEBUG org.asynchttpclient.netty.handler.HttpHandler - 

Request DefaultFullHttpRequest(decodeResult: success, version: HTTP/1.1, content: EmptyByteBufBE)
GET /session/2aa51e07f548ebbb8efcf47f08376fbc/element/74e072b1-f044-4e98-9729-4645ce7dccfa/text HTTP/1.1
User-Agent: selenium/4.5.3 (java mac)
Cache-Control: no-cache
Content-Type: application/json; charset=utf-8
host: localhost:8354
accept: */*

Response DefaultHttpResponse(decodeResult: success, version: HTTP/1.1)
HTTP/1.1 200 OK
Content-Length: 59
Content-Type: application/json; charset=utf-8
cache-control: no-cache

18:26:13.997 [AsyncHttpClient-1-4] DEBUG org.asynchttpclient.netty.channel.ChannelManager - Adding key: http://localhost:8354 for channel [id: 0x38473121, L:/127.0.0.1:54991 - R:localhost/127.0.0.1:8354]
18:26:13.998 [Forwarding findChildElement on session 2aa51e07f548ebbb8efcf47f08376fbc to remote] DEBUG org.asynchttpclient.netty.request.NettyRequestSender - Using pooled Channel '[id: 0x38473121, L:/127.0.0.1:54991 - R:localhost/127.0.0.1:8354]' for 'POST' to 'http://localhost:8354/session/2aa51e07f548ebbb8efcf47f08376fbc/element/4ce42a15-ef5e-4894-800e-a8705dfea47d/element'
18:26:13.998 [Forwarding findChildElement on session 2aa51e07f548ebbb8efcf47f08376fbc to remote] DEBUG org.asynchttpclient.netty.request.NettyRequestSender - Using open Channel [id: 0x38473121, L:/127.0.0.1:54991 - R:localhost/127.0.0.1:8354] for POST '/session/2aa51e07f548ebbb8efcf47f08376fbc/element/4ce42a15-ef5e-4894-800e-a8705dfea47d/element'
18:26:14.029 [AsyncHttpClient-1-4] DEBUG org.asynchttpclient.netty.handler.HttpHandler - 

Request DefaultHttpRequest(decodeResult: success, version: HTTP/1.1)
POST /session/2aa51e07f548ebbb8efcf47f08376fbc/element/4ce42a15-ef5e-4894-800e-a8705dfea47d/element HTTP/1.1
User-Agent: selenium/4.5.3 (java mac)
Content-Length: 106
Content-Type: application/json; charset=utf-8
host: localhost:8354
accept: */*

Response DefaultHttpResponse(decodeResult: success, version: HTTP/1.1)
HTTP/1.1 200 OK
Content-Length: 88
Content-Type: application/json; charset=utf-8
cache-control: no-cache

18:26:14.030 [AsyncHttpClient-1-4] DEBUG org.asynchttpclient.netty.channel.ChannelManager - Adding key: http://localhost:8354 for channel [id: 0x38473121, L:/127.0.0.1:54991 - R:localhost/127.0.0.1:8354]
18:26:14.030 [Forwarding getElementText on session 2aa51e07f548ebbb8efcf47f08376fbc to remote] DEBUG org.asynchttpclient.netty.request.NettyRequestSender - Using pooled Channel '[id: 0x38473121, L:/127.0.0.1:54991 - R:localhost/127.0.0.1:8354]' for 'GET' to 'http://localhost:8354/session/2aa51e07f548ebbb8efcf47f08376fbc/element/a28337b0-055c-4548-9bf1-82fdc65a4e92/text'
18:26:14.030 [Forwarding getElementText on session 2aa51e07f548ebbb8efcf47f08376fbc to remote] DEBUG org.asynchttpclient.netty.request.NettyRequestSender - Using open Channel [id: 0x38473121, L:/127.0.0.1:54991 - R:localhost/127.0.0.1:8354] for GET '/session/2aa51e07f548ebbb8efcf47f08376fbc/element/a28337b0-055c-4548-9bf1-82fdc65a4e92/text'
18:26:14.257 [AsyncHttpClient-1-4] DEBUG org.asynchttpclient.netty.handler.HttpHandler - 

Request DefaultFullHttpRequest(decodeResult: success, version: HTTP/1.1, content: EmptyByteBufBE)
GET /session/2aa51e07f548ebbb8efcf47f08376fbc/element/a28337b0-055c-4548-9bf1-82fdc65a4e92/text HTTP/1.1
User-Agent: selenium/4.5.3 (java mac)
Cache-Control: no-cache
Content-Type: application/json; charset=utf-8
host: localhost:8354
accept: */*

Response DefaultHttpResponse(decodeResult: success, version: HTTP/1.1)
HTTP/1.1 200 OK
Content-Length: 19
Content-Type: application/json; charset=utf-8
cache-control: no-cache

18:26:14.257 [AsyncHttpClient-1-4] DEBUG org.asynchttpclient.netty.channel.ChannelManager - Adding key: http://localhost:8354 for channel [id: 0x38473121, L:/127.0.0.1:54991 - R:localhost/127.0.0.1:8354]
18:26:14.258 [Forwarding findChildElement on session 2aa51e07f548ebbb8efcf47f08376fbc to remote] DEBUG org.asynchttpclient.netty.request.NettyRequestSender - Using pooled Channel '[id: 0x38473121, L:/127.0.0.1:54991 - R:localhost/127.0.0.1:8354]' for 'POST' to 'http://localhost:8354/session/2aa51e07f548ebbb8efcf47f08376fbc/element/e8d18a04-ffab-4b07-bbce-4e4204068c5c/element'
18:26:14.258 [Forwarding findChildElement on session 2aa51e07f548ebbb8efcf47f08376fbc to remote] DEBUG org.asynchttpclient.netty.request.NettyRequestSender - Using open Channel [id: 0x38473121, L:/127.0.0.1:54991 - R:localhost/127.0.0.1:8354] for POST '/session/2aa51e07f548ebbb8efcf47f08376fbc/element/e8d18a04-ffab-4b07-bbce-4e4204068c5c/element'
18:26:14.270 [AsyncHttpClient-1-4] DEBUG org.asynchttpclient.netty.handler.HttpHandler - 

Request DefaultHttpRequest(decodeResult: success, version: HTTP/1.1)
POST /session/2aa51e07f548ebbb8efcf47f08376fbc/element/e8d18a04-ffab-4b07-bbce-4e4204068c5c/element HTTP/1.1
User-Agent: selenium/4.5.3 (java mac)
Content-Length: 106
Content-Type: application/json; charset=utf-8
host: localhost:8354
accept: */*

Response DefaultHttpResponse(decodeResult: success, version: HTTP/1.1)
HTTP/1.1 200 OK
Content-Length: 88
Content-Type: application/json; charset=utf-8
cache-control: no-cache

18:26:14.271 [AsyncHttpClient-1-4] DEBUG org.asynchttpclient.netty.channel.ChannelManager - Adding key: http://localhost:8354 for channel [id: 0x38473121, L:/127.0.0.1:54991 - R:localhost/127.0.0.1:8354]
18:26:14.271 [Forwarding getElementText on session 2aa51e07f548ebbb8efcf47f08376fbc to remote] DEBUG org.asynchttpclient.netty.request.NettyRequestSender - Using pooled Channel '[id: 0x38473121, L:/127.0.0.1:54991 - R:localhost/127.0.0.1:8354]' for 'GET' to 'http://localhost:8354/session/2aa51e07f548ebbb8efcf47f08376fbc/element/0004b66b-5c97-4c7f-a461-38443ac7cdf5/text'
18:26:14.271 [Forwarding getElementText on session 2aa51e07f548ebbb8efcf47f08376fbc to remote] DEBUG org.asynchttpclient.netty.request.NettyRequestSender - Using open Channel [id: 0x38473121, L:/127.0.0.1:54991 - R:localhost/127.0.0.1:8354] for GET '/session/2aa51e07f548ebbb8efcf47f08376fbc/element/0004b66b-5c97-4c7f-a461-38443ac7cdf5/text'
18:26:14.296 [AsyncHttpClient-1-4] DEBUG org.asynchttpclient.netty.handler.HttpHandler - 

Request DefaultFullHttpRequest(decodeResult: success, version: HTTP/1.1, content: EmptyByteBufBE)
GET /session/2aa51e07f548ebbb8efcf47f08376fbc/element/0004b66b-5c97-4c7f-a461-38443ac7cdf5/text HTTP/1.1
User-Agent: selenium/4.5.3 (java mac)
Cache-Control: no-cache
Content-Type: application/json; charset=utf-8
host: localhost:8354
accept: */*

Response DefaultHttpResponse(decodeResult: success, version: HTTP/1.1)
HTTP/1.1 200 OK
Content-Length: 64
Content-Type: application/json; charset=utf-8
cache-control: no-cache

18:26:14.296 [AsyncHttpClient-1-4] DEBUG org.asynchttpclient.netty.channel.ChannelManager - Adding key: http://localhost:8354 for channel [id: 0x38473121, L:/127.0.0.1:54991 - R:localhost/127.0.0.1:8354]
18:26:14.297 [Forwarding findChildElement on session 2aa51e07f548ebbb8efcf47f08376fbc to remote] DEBUG org.asynchttpclient.netty.request.NettyRequestSender - Using pooled Channel '[id: 0x38473121, L:/127.0.0.1:54991 - R:localhost/127.0.0.1:8354]' for 'POST' to 'http://localhost:8354/session/2aa51e07f548ebbb8efcf47f08376fbc/element/e8d18a04-ffab-4b07-bbce-4e4204068c5c/element'
18:26:14.297 [Forwarding findChildElement on session 2aa51e07f548ebbb8efcf47f08376fbc to remote] DEBUG org.asynchttpclient.netty.request.NettyRequestSender - Using open Channel [id: 0x38473121, L:/127.0.0.1:54991 - R:localhost/127.0.0.1:8354] for POST '/session/2aa51e07f548ebbb8efcf47f08376fbc/element/e8d18a04-ffab-4b07-bbce-4e4204068c5c/element'
18:26:14.322 [AsyncHttpClient-1-4] DEBUG org.asynchttpclient.netty.handler.HttpHandler - 

Request DefaultHttpRequest(decodeResult: success, version: HTTP/1.1)
POST /session/2aa51e07f548ebbb8efcf47f08376fbc/element/e8d18a04-ffab-4b07-bbce-4e4204068c5c/element HTTP/1.1
User-Agent: selenium/4.5.3 (java mac)
Content-Length: 106
Content-Type: application/json; charset=utf-8
host: localhost:8354
accept: */*

Response DefaultHttpResponse(decodeResult: success, version: HTTP/1.1)
HTTP/1.1 200 OK
Content-Length: 88
Content-Type: application/json; charset=utf-8
cache-control: no-cache

18:26:14.323 [AsyncHttpClient-1-4] DEBUG org.asynchttpclient.netty.channel.ChannelManager - Adding key: http://localhost:8354 for channel [id: 0x38473121, L:/127.0.0.1:54991 - R:localhost/127.0.0.1:8354]
18:26:14.323 [Forwarding getElementText on session 2aa51e07f548ebbb8efcf47f08376fbc to remote] DEBUG org.asynchttpclient.netty.request.NettyRequestSender - Using pooled Channel '[id: 0x38473121, L:/127.0.0.1:54991 - R:localhost/127.0.0.1:8354]' for 'GET' to 'http://localhost:8354/session/2aa51e07f548ebbb8efcf47f08376fbc/element/28540dd7-21c2-4f67-9900-903290db6ddf/text'
18:26:14.323 [Forwarding getElementText on session 2aa51e07f548ebbb8efcf47f08376fbc to remote] DEBUG org.asynchttpclient.netty.request.NettyRequestSender - Using open Channel [id: 0x38473121, L:/127.0.0.1:54991 - R:localhost/127.0.0.1:8354] for GET '/session/2aa51e07f548ebbb8efcf47f08376fbc/element/28540dd7-21c2-4f67-9900-903290db6ddf/text'
18:26:14.515 [AsyncHttpClient-1-1] DEBUG org.asynchttpclient.netty.channel.DefaultChannelPool - Entry count for : http://localhost:54992 : 1
18:26:14.515 [AsyncHttpClient-1-1] DEBUG org.asynchttpclient.netty.channel.DefaultChannelPool - Entry count for : http://localhost:7078 : 1
18:26:15.020 [AsyncHttpClient-1-4] DEBUG org.asynchttpclient.netty.handler.HttpHandler - 

Request DefaultFullHttpRequest(decodeResult: success, version: HTTP/1.1, content: EmptyByteBufBE)
GET /session/2aa51e07f548ebbb8efcf47f08376fbc/element/28540dd7-21c2-4f67-9900-903290db6ddf/text HTTP/1.1
User-Agent: selenium/4.5.3 (java mac)
Cache-Control: no-cache
Content-Type: application/json; charset=utf-8
host: localhost:8354
accept: */*

Response DefaultHttpResponse(decodeResult: success, version: HTTP/1.1)
HTTP/1.1 200 OK
Content-Length: 19
Content-Type: application/json; charset=utf-8
cache-control: no-cache

18:26:15.020 [AsyncHttpClient-1-4] DEBUG org.asynchttpclient.netty.channel.ChannelManager - Adding key: http://localhost:8354 for channel [id: 0x38473121, L:/127.0.0.1:54991 - R:localhost/127.0.0.1:8354]
18:26:15.024 [Forwarding findChildElement on session 2aa51e07f548ebbb8efcf47f08376fbc to remote] DEBUG org.asynchttpclient.netty.request.NettyRequestSender - Using pooled Channel '[id: 0x38473121, L:/127.0.0.1:54991 - R:localhost/127.0.0.1:8354]' for 'POST' to 'http://localhost:8354/session/2aa51e07f548ebbb8efcf47f08376fbc/element/a82872d6-c303-47c6-ba24-02f49b29709e/element'
18:26:15.024 [Forwarding findChildElement on session 2aa51e07f548ebbb8efcf47f08376fbc to remote] DEBUG org.asynchttpclient.netty.request.NettyRequestSender - Using open Channel [id: 0x38473121, L:/127.0.0.1:54991 - R:localhost/127.0.0.1:8354] for POST '/session/2aa51e07f548ebbb8efcf47f08376fbc/element/a82872d6-c303-47c6-ba24-02f49b29709e/element'
18:26:15.087 [AsyncHttpClient-1-4] DEBUG org.asynchttpclient.netty.handler.HttpHandler - 

Request DefaultHttpRequest(decodeResult: success, version: HTTP/1.1)
POST /session/2aa51e07f548ebbb8efcf47f08376fbc/element/a82872d6-c303-47c6-ba24-02f49b29709e/element HTTP/1.1
User-Agent: selenium/4.5.3 (java mac)
Content-Length: 106
Content-Type: application/json; charset=utf-8
host: localhost:8354
accept: */*

Response DefaultHttpResponse(decodeResult: success, version: HTTP/1.1)
HTTP/1.1 200 OK
Content-Length: 88
Content-Type: application/json; charset=utf-8
cache-control: no-cache

18:26:15.087 [AsyncHttpClient-1-4] DEBUG org.asynchttpclient.netty.channel.ChannelManager - Adding key: http://localhost:8354 for channel [id: 0x38473121, L:/127.0.0.1:54991 - R:localhost/127.0.0.1:8354]
18:26:15.087 [Forwarding getElementText on session 2aa51e07f548ebbb8efcf47f08376fbc to remote] DEBUG org.asynchttpclient.netty.request.NettyRequestSender - Using pooled Channel '[id: 0x38473121, L:/127.0.0.1:54991 - R:localhost/127.0.0.1:8354]' for 'GET' to 'http://localhost:8354/session/2aa51e07f548ebbb8efcf47f08376fbc/element/a5abb55f-6480-4038-b3d5-0221bd0d7f2b/text'
18:26:15.087 [Forwarding getElementText on session 2aa51e07f548ebbb8efcf47f08376fbc to remote] DEBUG org.asynchttpclient.netty.request.NettyRequestSender - Using open Channel [id: 0x38473121, L:/127.0.0.1:54991 - R:localhost/127.0.0.1:8354] for GET '/session/2aa51e07f548ebbb8efcf47f08376fbc/element/a5abb55f-6480-4038-b3d5-0221bd0d7f2b/text'
18:26:15.174 [AsyncHttpClient-1-4] DEBUG org.asynchttpclient.netty.handler.HttpHandler - 

Request DefaultFullHttpRequest(decodeResult: success, version: HTTP/1.1, content: EmptyByteBufBE)
GET /session/2aa51e07f548ebbb8efcf47f08376fbc/element/a5abb55f-6480-4038-b3d5-0221bd0d7f2b/text HTTP/1.1
User-Agent: selenium/4.5.3 (java mac)
Cache-Control: no-cache
Content-Type: application/json; charset=utf-8
host: localhost:8354
accept: */*

Response DefaultHttpResponse(decodeResult: success, version: HTTP/1.1)
HTTP/1.1 200 OK
Content-Length: 81
Content-Type: application/json; charset=utf-8
cache-control: no-cache

18:26:15.174 [AsyncHttpClient-1-4] DEBUG org.asynchttpclient.netty.channel.ChannelManager - Adding key: http://localhost:8354 for channel [id: 0x38473121, L:/127.0.0.1:54991 - R:localhost/127.0.0.1:8354]
18:26:15.175 [Forwarding findChildElement on session 2aa51e07f548ebbb8efcf47f08376fbc to remote] DEBUG org.asynchttpclient.netty.request.NettyRequestSender - Using pooled Channel '[id: 0x38473121, L:/127.0.0.1:54991 - R:localhost/127.0.0.1:8354]' for 'POST' to 'http://localhost:8354/session/2aa51e07f548ebbb8efcf47f08376fbc/element/a82872d6-c303-47c6-ba24-02f49b29709e/element'
18:26:15.175 [Forwarding findChildElement on session 2aa51e07f548ebbb8efcf47f08376fbc to remote] DEBUG org.asynchttpclient.netty.request.NettyRequestSender - Using open Channel [id: 0x38473121, L:/127.0.0.1:54991 - R:localhost/127.0.0.1:8354] for POST '/session/2aa51e07f548ebbb8efcf47f08376fbc/element/a82872d6-c303-47c6-ba24-02f49b29709e/element'
18:26:15.207 [AsyncHttpClient-1-4] DEBUG org.asynchttpclient.netty.handler.HttpHandler - 

Request DefaultHttpRequest(decodeResult: success, version: HTTP/1.1)
POST /session/2aa51e07f548ebbb8efcf47f08376fbc/element/a82872d6-c303-47c6-ba24-02f49b29709e/element HTTP/1.1
User-Agent: selenium/4.5.3 (java mac)
Content-Length: 106
Content-Type: application/json; charset=utf-8
host: localhost:8354
accept: */*

Response DefaultHttpResponse(decodeResult: success, version: HTTP/1.1)
HTTP/1.1 200 OK
Content-Length: 88
Content-Type: application/json; charset=utf-8
cache-control: no-cache

18:26:15.207 [AsyncHttpClient-1-4] DEBUG org.asynchttpclient.netty.channel.ChannelManager - Adding key: http://localhost:8354 for channel [id: 0x38473121, L:/127.0.0.1:54991 - R:localhost/127.0.0.1:8354]
18:26:15.208 [Forwarding getElementText on session 2aa51e07f548ebbb8efcf47f08376fbc to remote] DEBUG org.asynchttpclient.netty.request.NettyRequestSender - Using pooled Channel '[id: 0x38473121, L:/127.0.0.1:54991 - R:localhost/127.0.0.1:8354]' for 'GET' to 'http://localhost:8354/session/2aa51e07f548ebbb8efcf47f08376fbc/element/bd81f632-c1d8-4b6c-b3f8-433ad31a1e50/text'
18:26:15.208 [Forwarding getElementText on session 2aa51e07f548ebbb8efcf47f08376fbc to remote] DEBUG org.asynchttpclient.netty.request.NettyRequestSender - Using open Channel [id: 0x38473121, L:/127.0.0.1:54991 - R:localhost/127.0.0.1:8354] for GET '/session/2aa51e07f548ebbb8efcf47f08376fbc/element/bd81f632-c1d8-4b6c-b3f8-433ad31a1e50/text'
18:26:15.492 [AsyncHttpClient-1-4] DEBUG org.asynchttpclient.netty.handler.HttpHandler - 

Request DefaultFullHttpRequest(decodeResult: success, version: HTTP/1.1, content: EmptyByteBufBE)
GET /session/2aa51e07f548ebbb8efcf47f08376fbc/element/bd81f632-c1d8-4b6c-b3f8-433ad31a1e50/text HTTP/1.1
User-Agent: selenium/4.5.3 (java mac)
Cache-Control: no-cache
Content-Type: application/json; charset=utf-8
host: localhost:8354
accept: */*

Response DefaultHttpResponse(decodeResult: success, version: HTTP/1.1)
HTTP/1.1 200 OK
Content-Length: 30
Content-Type: application/json; charset=utf-8
cache-control: no-cache

18:26:15.492 [AsyncHttpClient-1-4] DEBUG org.asynchttpclient.netty.channel.ChannelManager - Adding key: http://localhost:8354 for channel [id: 0x38473121, L:/127.0.0.1:54991 - R:localhost/127.0.0.1:8354]
18:26:15.494 [Forwarding findChildElement on session 2aa51e07f548ebbb8efcf47f08376fbc to remote] DEBUG org.asynchttpclient.netty.request.NettyRequestSender - Using pooled Channel '[id: 0x38473121, L:/127.0.0.1:54991 - R:localhost/127.0.0.1:8354]' for 'POST' to 'http://localhost:8354/session/2aa51e07f548ebbb8efcf47f08376fbc/element/9477cb3d-ed5f-406b-a344-73daedeb4f3f/element'
18:26:15.494 [Forwarding findChildElement on session 2aa51e07f548ebbb8efcf47f08376fbc to remote] DEBUG org.asynchttpclient.netty.request.NettyRequestSender - Using open Channel [id: 0x38473121, L:/127.0.0.1:54991 - R:localhost/127.0.0.1:8354] for POST '/session/2aa51e07f548ebbb8efcf47f08376fbc/element/9477cb3d-ed5f-406b-a344-73daedeb4f3f/element'
18:26:15.529 [AsyncHttpClient-1-4] DEBUG org.asynchttpclient.netty.handler.HttpHandler - 

Request DefaultHttpRequest(decodeResult: success, version: HTTP/1.1)
POST /session/2aa51e07f548ebbb8efcf47f08376fbc/element/9477cb3d-ed5f-406b-a344-73daedeb4f3f/element HTTP/1.1
User-Agent: selenium/4.5.3 (java mac)
Content-Length: 106
Content-Type: application/json; charset=utf-8
host: localhost:8354
accept: */*

Response DefaultHttpResponse(decodeResult: success, version: HTTP/1.1)
HTTP/1.1 200 OK
Content-Length: 88
Content-Type: application/json; charset=utf-8
cache-control: no-cache

18:26:15.529 [AsyncHttpClient-1-4] DEBUG org.asynchttpclient.netty.channel.ChannelManager - Adding key: http://localhost:8354 for channel [id: 0x38473121, L:/127.0.0.1:54991 - R:localhost/127.0.0.1:8354]
18:26:15.531 [Forwarding getElementText on session 2aa51e07f548ebbb8efcf47f08376fbc to remote] DEBUG org.asynchttpclient.netty.request.NettyRequestSender - Using pooled Channel '[id: 0x38473121, L:/127.0.0.1:54991 - R:localhost/127.0.0.1:8354]' for 'GET' to 'http://localhost:8354/session/2aa51e07f548ebbb8efcf47f08376fbc/element/564371af-977c-4a5b-b0d2-edb1ed560d1d/text'
18:26:15.531 [Forwarding getElementText on session 2aa51e07f548ebbb8efcf47f08376fbc to remote] DEBUG org.asynchttpclient.netty.request.NettyRequestSender - Using open Channel [id: 0x38473121, L:/127.0.0.1:54991 - R:localhost/127.0.0.1:8354] for GET '/session/2aa51e07f548ebbb8efcf47f08376fbc/element/564371af-977c-4a5b-b0d2-edb1ed560d1d/text'
18:26:15.616 [AsyncHttpClient-1-1] DEBUG org.asynchttpclient.netty.channel.DefaultChannelPool - Entry count for : http://localhost:54992 : 1
18:26:15.616 [AsyncHttpClient-1-1] DEBUG org.asynchttpclient.netty.channel.DefaultChannelPool - Entry count for : http://localhost:7078 : 1
18:26:15.871 [AsyncHttpClient-1-4] DEBUG org.asynchttpclient.netty.handler.HttpHandler - 

Request DefaultFullHttpRequest(decodeResult: success, version: HTTP/1.1, content: EmptyByteBufBE)
GET /session/2aa51e07f548ebbb8efcf47f08376fbc/element/564371af-977c-4a5b-b0d2-edb1ed560d1d/text HTTP/1.1
User-Agent: selenium/4.5.3 (java mac)
Cache-Control: no-cache
Content-Type: application/json; charset=utf-8
host: localhost:8354
accept: */*

Response DefaultHttpResponse(decodeResult: success, version: HTTP/1.1)
HTTP/1.1 200 OK
Content-Length: 64
Content-Type: application/json; charset=utf-8
cache-control: no-cache

18:26:15.872 [AsyncHttpClient-1-4] DEBUG org.asynchttpclient.netty.channel.ChannelManager - Adding key: http://localhost:8354 for channel [id: 0x38473121, L:/127.0.0.1:54991 - R:localhost/127.0.0.1:8354]
18:26:15.872 [Forwarding findChildElement on session 2aa51e07f548ebbb8efcf47f08376fbc to remote] DEBUG org.asynchttpclient.netty.request.NettyRequestSender - Using pooled Channel '[id: 0x38473121, L:/127.0.0.1:54991 - R:localhost/127.0.0.1:8354]' for 'POST' to 'http://localhost:8354/session/2aa51e07f548ebbb8efcf47f08376fbc/element/9477cb3d-ed5f-406b-a344-73daedeb4f3f/element'
18:26:15.873 [Forwarding findChildElement on session 2aa51e07f548ebbb8efcf47f08376fbc to remote] DEBUG org.asynchttpclient.netty.request.NettyRequestSender - Using open Channel [id: 0x38473121, L:/127.0.0.1:54991 - R:localhost/127.0.0.1:8354] for POST '/session/2aa51e07f548ebbb8efcf47f08376fbc/element/9477cb3d-ed5f-406b-a344-73daedeb4f3f/element'
18:26:15.891 [AsyncHttpClient-1-4] DEBUG org.asynchttpclient.netty.handler.HttpHandler - 

Request DefaultHttpRequest(decodeResult: success, version: HTTP/1.1)
POST /session/2aa51e07f548ebbb8efcf47f08376fbc/element/9477cb3d-ed5f-406b-a344-73daedeb4f3f/element HTTP/1.1
User-Agent: selenium/4.5.3 (java mac)
Content-Length: 106
Content-Type: application/json; charset=utf-8
host: localhost:8354
accept: */*

Response DefaultHttpResponse(decodeResult: success, version: HTTP/1.1)
HTTP/1.1 200 OK
Content-Length: 88
Content-Type: application/json; charset=utf-8
cache-control: no-cache

18:26:15.891 [AsyncHttpClient-1-4] DEBUG org.asynchttpclient.netty.channel.ChannelManager - Adding key: http://localhost:8354 for channel [id: 0x38473121, L:/127.0.0.1:54991 - R:localhost/127.0.0.1:8354]
18:26:15.892 [Forwarding getElementText on session 2aa51e07f548ebbb8efcf47f08376fbc to remote] DEBUG org.asynchttpclient.netty.request.NettyRequestSender - Using pooled Channel '[id: 0x38473121, L:/127.0.0.1:54991 - R:localhost/127.0.0.1:8354]' for 'GET' to 'http://localhost:8354/session/2aa51e07f548ebbb8efcf47f08376fbc/element/a42946c6-9ffe-48e3-8930-2f6a14f84a7f/text'
18:26:15.892 [Forwarding getElementText on session 2aa51e07f548ebbb8efcf47f08376fbc to remote] DEBUG org.asynchttpclient.netty.request.NettyRequestSender - Using open Channel [id: 0x38473121, L:/127.0.0.1:54991 - R:localhost/127.0.0.1:8354] for GET '/session/2aa51e07f548ebbb8efcf47f08376fbc/element/a42946c6-9ffe-48e3-8930-2f6a14f84a7f/text'
18:26:15.938 [AsyncHttpClient-1-4] DEBUG org.asynchttpclient.netty.handler.HttpHandler - 

Request DefaultFullHttpRequest(decodeResult: success, version: HTTP/1.1, content: EmptyByteBufBE)
GET /session/2aa51e07f548ebbb8efcf47f08376fbc/element/a42946c6-9ffe-48e3-8930-2f6a14f84a7f/text HTTP/1.1
User-Agent: selenium/4.5.3 (java mac)
Cache-Control: no-cache
Content-Type: application/json; charset=utf-8
host: localhost:8354
accept: */*

Response DefaultHttpResponse(decodeResult: success, version: HTTP/1.1)
HTTP/1.1 200 OK
Content-Length: 19
Content-Type: application/json; charset=utf-8
cache-control: no-cache

18:26:15.938 [AsyncHttpClient-1-4] DEBUG org.asynchttpclient.netty.channel.ChannelManager - Adding key: http://localhost:8354 for channel [id: 0x38473121, L:/127.0.0.1:54991 - R:localhost/127.0.0.1:8354]
18:26:15.939 [Forwarding findChildElement on session 2aa51e07f548ebbb8efcf47f08376fbc to remote] DEBUG org.asynchttpclient.netty.request.NettyRequestSender - Using pooled Channel '[id: 0x38473121, L:/127.0.0.1:54991 - R:localhost/127.0.0.1:8354]' for 'POST' to 'http://localhost:8354/session/2aa51e07f548ebbb8efcf47f08376fbc/element/8e7bf98a-ff17-43e3-a503-3405fb01fec5/element'
18:26:15.939 [Forwarding findChildElement on session 2aa51e07f548ebbb8efcf47f08376fbc to remote] DEBUG org.asynchttpclient.netty.request.NettyRequestSender - Using open Channel [id: 0x38473121, L:/127.0.0.1:54991 - R:localhost/127.0.0.1:8354] for POST '/session/2aa51e07f548ebbb8efcf47f08376fbc/element/8e7bf98a-ff17-43e3-a503-3405fb01fec5/element'
18:26:16.172 [AsyncHttpClient-1-4] DEBUG org.asynchttpclient.netty.handler.HttpHandler - 

Request DefaultHttpRequest(decodeResult: success, version: HTTP/1.1)
POST /session/2aa51e07f548ebbb8efcf47f08376fbc/element/8e7bf98a-ff17-43e3-a503-3405fb01fec5/element HTTP/1.1
User-Agent: selenium/4.5.3 (java mac)
Content-Length: 106
Content-Type: application/json; charset=utf-8
host: localhost:8354
accept: */*

Response DefaultHttpResponse(decodeResult: success, version: HTTP/1.1)
HTTP/1.1 200 OK
Content-Length: 88
Content-Type: application/json; charset=utf-8
cache-control: no-cache

18:26:16.173 [AsyncHttpClient-1-4] DEBUG org.asynchttpclient.netty.channel.ChannelManager - Adding key: http://localhost:8354 for channel [id: 0x38473121, L:/127.0.0.1:54991 - R:localhost/127.0.0.1:8354]
18:26:16.173 [Forwarding getElementText on session 2aa51e07f548ebbb8efcf47f08376fbc to remote] DEBUG org.asynchttpclient.netty.request.NettyRequestSender - Using pooled Channel '[id: 0x38473121, L:/127.0.0.1:54991 - R:localhost/127.0.0.1:8354]' for 'GET' to 'http://localhost:8354/session/2aa51e07f548ebbb8efcf47f08376fbc/element/0ae93d7e-7126-4055-b15f-6ae28d483977/text'
18:26:16.173 [Forwarding getElementText on session 2aa51e07f548ebbb8efcf47f08376fbc to remote] DEBUG org.asynchttpclient.netty.request.NettyRequestSender - Using open Channel [id: 0x38473121, L:/127.0.0.1:54991 - R:localhost/127.0.0.1:8354] for GET '/session/2aa51e07f548ebbb8efcf47f08376fbc/element/0ae93d7e-7126-4055-b15f-6ae28d483977/text'
18:26:16.366 [AsyncHttpClient-1-4] DEBUG org.asynchttpclient.netty.handler.HttpHandler - 

Request DefaultFullHttpRequest(decodeResult: success, version: HTTP/1.1, content: EmptyByteBufBE)
GET /session/2aa51e07f548ebbb8efcf47f08376fbc/element/0ae93d7e-7126-4055-b15f-6ae28d483977/text HTTP/1.1
User-Agent: selenium/4.5.3 (java mac)
Cache-Control: no-cache
Content-Type: application/json; charset=utf-8
host: localhost:8354
accept: */*

Response DefaultHttpResponse(decodeResult: success, version: HTTP/1.1)
HTTP/1.1 200 OK
Content-Length: 75
Content-Type: application/json; charset=utf-8
cache-control: no-cache

18:26:16.366 [AsyncHttpClient-1-4] DEBUG org.asynchttpclient.netty.channel.ChannelManager - Adding key: http://localhost:8354 for channel [id: 0x38473121, L:/127.0.0.1:54991 - R:localhost/127.0.0.1:8354]
18:26:16.367 [Forwarding findChildElement on session 2aa51e07f548ebbb8efcf47f08376fbc to remote] DEBUG org.asynchttpclient.netty.request.NettyRequestSender - Using pooled Channel '[id: 0x38473121, L:/127.0.0.1:54991 - R:localhost/127.0.0.1:8354]' for 'POST' to 'http://localhost:8354/session/2aa51e07f548ebbb8efcf47f08376fbc/element/8e7bf98a-ff17-43e3-a503-3405fb01fec5/element'
18:26:16.367 [Forwarding findChildElement on session 2aa51e07f548ebbb8efcf47f08376fbc to remote] DEBUG org.asynchttpclient.netty.request.NettyRequestSender - Using open Channel [id: 0x38473121, L:/127.0.0.1:54991 - R:localhost/127.0.0.1:8354] for POST '/session/2aa51e07f548ebbb8efcf47f08376fbc/element/8e7bf98a-ff17-43e3-a503-3405fb01fec5/element'
18:26:16.382 [AsyncHttpClient-1-4] DEBUG org.asynchttpclient.netty.handler.HttpHandler - 

Request DefaultHttpRequest(decodeResult: success, version: HTTP/1.1)
POST /session/2aa51e07f548ebbb8efcf47f08376fbc/element/8e7bf98a-ff17-43e3-a503-3405fb01fec5/element HTTP/1.1
User-Agent: selenium/4.5.3 (java mac)
Content-Length: 106
Content-Type: application/json; charset=utf-8
host: localhost:8354
accept: */*

Response DefaultHttpResponse(decodeResult: success, version: HTTP/1.1)
HTTP/1.1 200 OK
Content-Length: 88
Content-Type: application/json; charset=utf-8
cache-control: no-cache

18:26:16.382 [AsyncHttpClient-1-4] DEBUG org.asynchttpclient.netty.channel.ChannelManager - Adding key: http://localhost:8354 for channel [id: 0x38473121, L:/127.0.0.1:54991 - R:localhost/127.0.0.1:8354]
18:26:16.383 [Forwarding getElementText on session 2aa51e07f548ebbb8efcf47f08376fbc to remote] DEBUG org.asynchttpclient.netty.request.NettyRequestSender - Using pooled Channel '[id: 0x38473121, L:/127.0.0.1:54991 - R:localhost/127.0.0.1:8354]' for 'GET' to 'http://localhost:8354/session/2aa51e07f548ebbb8efcf47f08376fbc/element/379ca987-0eb0-4c21-8541-12fb0cd78f9c/text'
18:26:16.383 [Forwarding getElementText on session 2aa51e07f548ebbb8efcf47f08376fbc to remote] DEBUG org.asynchttpclient.netty.request.NettyRequestSender - Using open Channel [id: 0x38473121, L:/127.0.0.1:54991 - R:localhost/127.0.0.1:8354] for GET '/session/2aa51e07f548ebbb8efcf47f08376fbc/element/379ca987-0eb0-4c21-8541-12fb0cd78f9c/text'
18:26:16.429 [AsyncHttpClient-1-4] DEBUG org.asynchttpclient.netty.handler.HttpHandler - 

Request DefaultFullHttpRequest(decodeResult: success, version: HTTP/1.1, content: EmptyByteBufBE)
GET /session/2aa51e07f548ebbb8efcf47f08376fbc/element/379ca987-0eb0-4c21-8541-12fb0cd78f9c/text HTTP/1.1
User-Agent: selenium/4.5.3 (java mac)
Cache-Control: no-cache
Content-Type: application/json; charset=utf-8
host: localhost:8354
accept: */*

Response DefaultHttpResponse(decodeResult: success, version: HTTP/1.1)
HTTP/1.1 200 OK
Content-Length: 19
Content-Type: application/json; charset=utf-8
cache-control: no-cache

18:26:16.429 [AsyncHttpClient-1-4] DEBUG org.asynchttpclient.netty.channel.ChannelManager - Adding key: http://localhost:8354 for channel [id: 0x38473121, L:/127.0.0.1:54991 - R:localhost/127.0.0.1:8354]
18:26:16.431 [Forwarding findChildElement on session 2aa51e07f548ebbb8efcf47f08376fbc to remote] DEBUG org.asynchttpclient.netty.request.NettyRequestSender - Using pooled Channel '[id: 0x38473121, L:/127.0.0.1:54991 - R:localhost/127.0.0.1:8354]' for 'POST' to 'http://localhost:8354/session/2aa51e07f548ebbb8efcf47f08376fbc/element/8258c9e1-6da5-4629-a213-a2ef72efa8d5/element'
18:26:16.431 [Forwarding findChildElement on session 2aa51e07f548ebbb8efcf47f08376fbc to remote] DEBUG org.asynchttpclient.netty.request.NettyRequestSender - Using open Channel [id: 0x38473121, L:/127.0.0.1:54991 - R:localhost/127.0.0.1:8354] for POST '/session/2aa51e07f548ebbb8efcf47f08376fbc/element/8258c9e1-6da5-4629-a213-a2ef72efa8d5/element'
18:26:16.716 [AsyncHttpClient-1-1] DEBUG org.asynchttpclient.netty.channel.DefaultChannelPool - Entry count for : http://localhost:54992 : 1
18:26:16.716 [AsyncHttpClient-1-1] DEBUG org.asynchttpclient.netty.channel.DefaultChannelPool - Entry count for : http://localhost:7078 : 1
18:26:16.856 [AsyncHttpClient-1-4] DEBUG org.asynchttpclient.netty.handler.HttpHandler - 

Request DefaultHttpRequest(decodeResult: success, version: HTTP/1.1)
POST /session/2aa51e07f548ebbb8efcf47f08376fbc/element/8258c9e1-6da5-4629-a213-a2ef72efa8d5/element HTTP/1.1
User-Agent: selenium/4.5.3 (java mac)
Content-Length: 106
Content-Type: application/json; charset=utf-8
host: localhost:8354
accept: */*

Response DefaultHttpResponse(decodeResult: success, version: HTTP/1.1)
HTTP/1.1 200 OK
Content-Length: 88
Content-Type: application/json; charset=utf-8
cache-control: no-cache

18:26:16.856 [AsyncHttpClient-1-4] DEBUG org.asynchttpclient.netty.channel.ChannelManager - Adding key: http://localhost:8354 for channel [id: 0x38473121, L:/127.0.0.1:54991 - R:localhost/127.0.0.1:8354]
18:26:16.857 [Forwarding getElementText on session 2aa51e07f548ebbb8efcf47f08376fbc to remote] DEBUG org.asynchttpclient.netty.request.NettyRequestSender - Using pooled Channel '[id: 0x38473121, L:/127.0.0.1:54991 - R:localhost/127.0.0.1:8354]' for 'GET' to 'http://localhost:8354/session/2aa51e07f548ebbb8efcf47f08376fbc/element/95e8ea19-9685-4d91-9f5d-775b508f4e5c/text'
18:26:16.857 [Forwarding getElementText on session 2aa51e07f548ebbb8efcf47f08376fbc to remote] DEBUG org.asynchttpclient.netty.request.NettyRequestSender - Using open Channel [id: 0x38473121, L:/127.0.0.1:54991 - R:localhost/127.0.0.1:8354] for GET '/session/2aa51e07f548ebbb8efcf47f08376fbc/element/95e8ea19-9685-4d91-9f5d-775b508f4e5c/text'
18:26:17.104 [AsyncHttpClient-1-4] DEBUG org.asynchttpclient.netty.handler.HttpHandler - 

Request DefaultFullHttpRequest(decodeResult: success, version: HTTP/1.1, content: EmptyByteBufBE)
GET /session/2aa51e07f548ebbb8efcf47f08376fbc/element/95e8ea19-9685-4d91-9f5d-775b508f4e5c/text HTTP/1.1
User-Agent: selenium/4.5.3 (java mac)
Cache-Control: no-cache
Content-Type: application/json; charset=utf-8
host: localhost:8354
accept: */*

Response DefaultHttpResponse(decodeResult: success, version: HTTP/1.1)
HTTP/1.1 200 OK
Content-Length: 91
Content-Type: application/json; charset=utf-8
cache-control: no-cache

18:26:17.104 [AsyncHttpClient-1-4] DEBUG org.asynchttpclient.netty.channel.ChannelManager - Adding key: http://localhost:8354 for channel [id: 0x38473121, L:/127.0.0.1:54991 - R:localhost/127.0.0.1:8354]
18:26:17.105 [Forwarding findChildElement on session 2aa51e07f548ebbb8efcf47f08376fbc to remote] DEBUG org.asynchttpclient.netty.request.NettyRequestSender - Using pooled Channel '[id: 0x38473121, L:/127.0.0.1:54991 - R:localhost/127.0.0.1:8354]' for 'POST' to 'http://localhost:8354/session/2aa51e07f548ebbb8efcf47f08376fbc/element/8258c9e1-6da5-4629-a213-a2ef72efa8d5/element'
18:26:17.105 [Forwarding findChildElement on session 2aa51e07f548ebbb8efcf47f08376fbc to remote] DEBUG org.asynchttpclient.netty.request.NettyRequestSender - Using open Channel [id: 0x38473121, L:/127.0.0.1:54991 - R:localhost/127.0.0.1:8354] for POST '/session/2aa51e07f548ebbb8efcf47f08376fbc/element/8258c9e1-6da5-4629-a213-a2ef72efa8d5/element'
18:26:17.127 [AsyncHttpClient-1-4] DEBUG org.asynchttpclient.netty.handler.HttpHandler - 

Request DefaultHttpRequest(decodeResult: success, version: HTTP/1.1)
POST /session/2aa51e07f548ebbb8efcf47f08376fbc/element/8258c9e1-6da5-4629-a213-a2ef72efa8d5/element HTTP/1.1
User-Agent: selenium/4.5.3 (java mac)
Content-Length: 106
Content-Type: application/json; charset=utf-8
host: localhost:8354
accept: */*

Response DefaultHttpResponse(decodeResult: success, version: HTTP/1.1)
HTTP/1.1 200 OK
Content-Length: 88
Content-Type: application/json; charset=utf-8
cache-control: no-cache

18:26:17.127 [AsyncHttpClient-1-4] DEBUG org.asynchttpclient.netty.channel.ChannelManager - Adding key: http://localhost:8354 for channel [id: 0x38473121, L:/127.0.0.1:54991 - R:localhost/127.0.0.1:8354]
18:26:17.127 [Forwarding getElementText on session 2aa51e07f548ebbb8efcf47f08376fbc to remote] DEBUG org.asynchttpclient.netty.request.NettyRequestSender - Using pooled Channel '[id: 0x38473121, L:/127.0.0.1:54991 - R:localhost/127.0.0.1:8354]' for 'GET' to 'http://localhost:8354/session/2aa51e07f548ebbb8efcf47f08376fbc/element/1acc1b77-8523-4a9c-aea7-efed75f93b6f/text'
18:26:17.127 [Forwarding getElementText on session 2aa51e07f548ebbb8efcf47f08376fbc to remote] DEBUG org.asynchttpclient.netty.request.NettyRequestSender - Using open Channel [id: 0x38473121, L:/127.0.0.1:54991 - R:localhost/127.0.0.1:8354] for GET '/session/2aa51e07f548ebbb8efcf47f08376fbc/element/1acc1b77-8523-4a9c-aea7-efed75f93b6f/text'
18:26:17.140 [AsyncHttpClient-1-4] DEBUG org.asynchttpclient.netty.handler.HttpHandler - 

Request DefaultFullHttpRequest(decodeResult: success, version: HTTP/1.1, content: EmptyByteBufBE)
GET /session/2aa51e07f548ebbb8efcf47f08376fbc/element/1acc1b77-8523-4a9c-aea7-efed75f93b6f/text HTTP/1.1
User-Agent: selenium/4.5.3 (java mac)
Cache-Control: no-cache
Content-Type: application/json; charset=utf-8
host: localhost:8354
accept: */*

Response DefaultHttpResponse(decodeResult: success, version: HTTP/1.1)
HTTP/1.1 200 OK
Content-Length: 19
Content-Type: application/json; charset=utf-8
cache-control: no-cache

18:26:17.140 [AsyncHttpClient-1-4] DEBUG org.asynchttpclient.netty.channel.ChannelManager - Adding key: http://localhost:8354 for channel [id: 0x38473121, L:/127.0.0.1:54991 - R:localhost/127.0.0.1:8354]
18:26:17.141 [Forwarding findChildElement on session 2aa51e07f548ebbb8efcf47f08376fbc to remote] DEBUG org.asynchttpclient.netty.request.NettyRequestSender - Using pooled Channel '[id: 0x38473121, L:/127.0.0.1:54991 - R:localhost/127.0.0.1:8354]' for 'POST' to 'http://localhost:8354/session/2aa51e07f548ebbb8efcf47f08376fbc/element/994e0b0d-f880-4002-bd75-b23fa5ab2a75/element'
18:26:17.141 [Forwarding findChildElement on session 2aa51e07f548ebbb8efcf47f08376fbc to remote] DEBUG org.asynchttpclient.netty.request.NettyRequestSender - Using open Channel [id: 0x38473121, L:/127.0.0.1:54991 - R:localhost/127.0.0.1:8354] for POST '/session/2aa51e07f548ebbb8efcf47f08376fbc/element/994e0b0d-f880-4002-bd75-b23fa5ab2a75/element'
18:26:17.165 [AsyncHttpClient-1-4] DEBUG org.asynchttpclient.netty.handler.HttpHandler - 

Request DefaultHttpRequest(decodeResult: success, version: HTTP/1.1)
POST /session/2aa51e07f548ebbb8efcf47f08376fbc/element/994e0b0d-f880-4002-bd75-b23fa5ab2a75/element HTTP/1.1
User-Agent: selenium/4.5.3 (java mac)
Content-Length: 106
Content-Type: application/json; charset=utf-8
host: localhost:8354
accept: */*

Response DefaultHttpResponse(decodeResult: success, version: HTTP/1.1)
HTTP/1.1 200 OK
Content-Length: 88
Content-Type: application/json; charset=utf-8
cache-control: no-cache

18:26:17.165 [AsyncHttpClient-1-4] DEBUG org.asynchttpclient.netty.channel.ChannelManager - Adding key: http://localhost:8354 for channel [id: 0x38473121, L:/127.0.0.1:54991 - R:localhost/127.0.0.1:8354]
18:26:17.165 [Forwarding getElementText on session 2aa51e07f548ebbb8efcf47f08376fbc to remote] DEBUG org.asynchttpclient.netty.request.NettyRequestSender - Using pooled Channel '[id: 0x38473121, L:/127.0.0.1:54991 - R:localhost/127.0.0.1:8354]' for 'GET' to 'http://localhost:8354/session/2aa51e07f548ebbb8efcf47f08376fbc/element/c2d2e6ea-67a2-4d99-aed1-9b3eb95a6bd0/text'
18:26:17.165 [Forwarding getElementText on session 2aa51e07f548ebbb8efcf47f08376fbc to remote] DEBUG org.asynchttpclient.netty.request.NettyRequestSender - Using open Channel [id: 0x38473121, L:/127.0.0.1:54991 - R:localhost/127.0.0.1:8354] for GET '/session/2aa51e07f548ebbb8efcf47f08376fbc/element/c2d2e6ea-67a2-4d99-aed1-9b3eb95a6bd0/text'
18:26:17.183 [AsyncHttpClient-1-4] DEBUG org.asynchttpclient.netty.handler.HttpHandler - 

Request DefaultFullHttpRequest(decodeResult: success, version: HTTP/1.1, content: EmptyByteBufBE)
GET /session/2aa51e07f548ebbb8efcf47f08376fbc/element/c2d2e6ea-67a2-4d99-aed1-9b3eb95a6bd0/text HTTP/1.1
User-Agent: selenium/4.5.3 (java mac)
Cache-Control: no-cache
Content-Type: application/json; charset=utf-8
host: localhost:8354
accept: */*

Response DefaultHttpResponse(decodeResult: success, version: HTTP/1.1)
HTTP/1.1 200 OK
Content-Length: 71
Content-Type: application/json; charset=utf-8
cache-control: no-cache

18:26:17.183 [AsyncHttpClient-1-4] DEBUG org.asynchttpclient.netty.channel.ChannelManager - Adding key: http://localhost:8354 for channel [id: 0x38473121, L:/127.0.0.1:54991 - R:localhost/127.0.0.1:8354]
18:26:17.184 [Forwarding findChildElement on session 2aa51e07f548ebbb8efcf47f08376fbc to remote] DEBUG org.asynchttpclient.netty.request.NettyRequestSender - Using pooled Channel '[id: 0x38473121, L:/127.0.0.1:54991 - R:localhost/127.0.0.1:8354]' for 'POST' to 'http://localhost:8354/session/2aa51e07f548ebbb8efcf47f08376fbc/element/994e0b0d-f880-4002-bd75-b23fa5ab2a75/element'
18:26:17.184 [Forwarding findChildElement on session 2aa51e07f548ebbb8efcf47f08376fbc to remote] DEBUG org.asynchttpclient.netty.request.NettyRequestSender - Using open Channel [id: 0x38473121, L:/127.0.0.1:54991 - R:localhost/127.0.0.1:8354] for POST '/session/2aa51e07f548ebbb8efcf47f08376fbc/element/994e0b0d-f880-4002-bd75-b23fa5ab2a75/element'
18:26:17.195 [AsyncHttpClient-1-4] DEBUG org.asynchttpclient.netty.handler.HttpHandler - 

Request DefaultHttpRequest(decodeResult: success, version: HTTP/1.1)
POST /session/2aa51e07f548ebbb8efcf47f08376fbc/element/994e0b0d-f880-4002-bd75-b23fa5ab2a75/element HTTP/1.1
User-Agent: selenium/4.5.3 (java mac)
Content-Length: 106
Content-Type: application/json; charset=utf-8
host: localhost:8354
accept: */*

Response DefaultHttpResponse(decodeResult: success, version: HTTP/1.1)
HTTP/1.1 200 OK
Content-Length: 88
Content-Type: application/json; charset=utf-8
cache-control: no-cache

18:26:17.196 [AsyncHttpClient-1-4] DEBUG org.asynchttpclient.netty.channel.ChannelManager - Adding key: http://localhost:8354 for channel [id: 0x38473121, L:/127.0.0.1:54991 - R:localhost/127.0.0.1:8354]
18:26:17.196 [Forwarding getElementText on session 2aa51e07f548ebbb8efcf47f08376fbc to remote] DEBUG org.asynchttpclient.netty.request.NettyRequestSender - Using pooled Channel '[id: 0x38473121, L:/127.0.0.1:54991 - R:localhost/127.0.0.1:8354]' for 'GET' to 'http://localhost:8354/session/2aa51e07f548ebbb8efcf47f08376fbc/element/b0d768dc-0627-407a-9589-824a272386e7/text'
18:26:17.196 [Forwarding getElementText on session 2aa51e07f548ebbb8efcf47f08376fbc to remote] DEBUG org.asynchttpclient.netty.request.NettyRequestSender - Using open Channel [id: 0x38473121, L:/127.0.0.1:54991 - R:localhost/127.0.0.1:8354] for GET '/session/2aa51e07f548ebbb8efcf47f08376fbc/element/b0d768dc-0627-407a-9589-824a272386e7/text'
18:26:17.213 [AsyncHttpClient-1-4] DEBUG org.asynchttpclient.netty.handler.HttpHandler - 

Request DefaultFullHttpRequest(decodeResult: success, version: HTTP/1.1, content: EmptyByteBufBE)
GET /session/2aa51e07f548ebbb8efcf47f08376fbc/element/b0d768dc-0627-407a-9589-824a272386e7/text HTTP/1.1
User-Agent: selenium/4.5.3 (java mac)
Cache-Control: no-cache
Content-Type: application/json; charset=utf-8
host: localhost:8354
accept: */*

Response DefaultHttpResponse(decodeResult: success, version: HTTP/1.1)
HTTP/1.1 200 OK
Content-Length: 19
Content-Type: application/json; charset=utf-8
cache-control: no-cache

18:26:17.213 [AsyncHttpClient-1-4] DEBUG org.asynchttpclient.netty.channel.ChannelManager - Adding key: http://localhost:8354 for channel [id: 0x38473121, L:/127.0.0.1:54991 - R:localhost/127.0.0.1:8354]
18:26:17.214 [Forwarding findChildElement on session 2aa51e07f548ebbb8efcf47f08376fbc to remote] DEBUG org.asynchttpclient.netty.request.NettyRequestSender - Using pooled Channel '[id: 0x38473121, L:/127.0.0.1:54991 - R:localhost/127.0.0.1:8354]' for 'POST' to 'http://localhost:8354/session/2aa51e07f548ebbb8efcf47f08376fbc/element/6b007cd1-83ae-4ed4-87a8-f595e24283e9/element'
18:26:17.214 [Forwarding findChildElement on session 2aa51e07f548ebbb8efcf47f08376fbc to remote] DEBUG org.asynchttpclient.netty.request.NettyRequestSender - Using open Channel [id: 0x38473121, L:/127.0.0.1:54991 - R:localhost/127.0.0.1:8354] for POST '/session/2aa51e07f548ebbb8efcf47f08376fbc/element/6b007cd1-83ae-4ed4-87a8-f595e24283e9/element'
18:26:17.520 [AsyncHttpClient-1-4] DEBUG org.asynchttpclient.netty.handler.HttpHandler - 

Request DefaultHttpRequest(decodeResult: success, version: HTTP/1.1)
POST /session/2aa51e07f548ebbb8efcf47f08376fbc/element/6b007cd1-83ae-4ed4-87a8-f595e24283e9/element HTTP/1.1
User-Agent: selenium/4.5.3 (java mac)
Content-Length: 106
Content-Type: application/json; charset=utf-8
host: localhost:8354
accept: */*

Response DefaultHttpResponse(decodeResult: success, version: HTTP/1.1)
HTTP/1.1 200 OK
Content-Length: 88
Content-Type: application/json; charset=utf-8
cache-control: no-cache

18:26:17.520 [AsyncHttpClient-1-4] DEBUG org.asynchttpclient.netty.channel.ChannelManager - Adding key: http://localhost:8354 for channel [id: 0x38473121, L:/127.0.0.1:54991 - R:localhost/127.0.0.1:8354]
18:26:17.520 [Forwarding getElementText on session 2aa51e07f548ebbb8efcf47f08376fbc to remote] DEBUG org.asynchttpclient.netty.request.NettyRequestSender - Using pooled Channel '[id: 0x38473121, L:/127.0.0.1:54991 - R:localhost/127.0.0.1:8354]' for 'GET' to 'http://localhost:8354/session/2aa51e07f548ebbb8efcf47f08376fbc/element/947c6b40-59b2-4a5e-ba2f-d0a3917993a2/text'
18:26:17.520 [Forwarding getElementText on session 2aa51e07f548ebbb8efcf47f08376fbc to remote] DEBUG org.asynchttpclient.netty.request.NettyRequestSender - Using open Channel [id: 0x38473121, L:/127.0.0.1:54991 - R:localhost/127.0.0.1:8354] for GET '/session/2aa51e07f548ebbb8efcf47f08376fbc/element/947c6b40-59b2-4a5e-ba2f-d0a3917993a2/text'
18:26:17.710 [AsyncHttpClient-1-4] DEBUG org.asynchttpclient.netty.handler.HttpHandler - 

Request DefaultFullHttpRequest(decodeResult: success, version: HTTP/1.1, content: EmptyByteBufBE)
GET /session/2aa51e07f548ebbb8efcf47f08376fbc/element/947c6b40-59b2-4a5e-ba2f-d0a3917993a2/text HTTP/1.1
User-Agent: selenium/4.5.3 (java mac)
Cache-Control: no-cache
Content-Type: application/json; charset=utf-8
host: localhost:8354
accept: */*

Response DefaultHttpResponse(decodeResult: success, version: HTTP/1.1)
HTTP/1.1 200 OK
Content-Length: 88
Content-Type: application/json; charset=utf-8
cache-control: no-cache

18:26:17.710 [AsyncHttpClient-1-4] DEBUG org.asynchttpclient.netty.channel.ChannelManager - Adding key: http://localhost:8354 for channel [id: 0x38473121, L:/127.0.0.1:54991 - R:localhost/127.0.0.1:8354]
18:26:17.710 [Forwarding findChildElement on session 2aa51e07f548ebbb8efcf47f08376fbc to remote] DEBUG org.asynchttpclient.netty.request.NettyRequestSender - Using pooled Channel '[id: 0x38473121, L:/127.0.0.1:54991 - R:localhost/127.0.0.1:8354]' for 'POST' to 'http://localhost:8354/session/2aa51e07f548ebbb8efcf47f08376fbc/element/6b007cd1-83ae-4ed4-87a8-f595e24283e9/element'
18:26:17.711 [Forwarding findChildElement on session 2aa51e07f548ebbb8efcf47f08376fbc to remote] DEBUG org.asynchttpclient.netty.request.NettyRequestSender - Using open Channel [id: 0x38473121, L:/127.0.0.1:54991 - R:localhost/127.0.0.1:8354] for POST '/session/2aa51e07f548ebbb8efcf47f08376fbc/element/6b007cd1-83ae-4ed4-87a8-f595e24283e9/element'
18:26:17.814 [AsyncHttpClient-1-1] DEBUG org.asynchttpclient.netty.channel.DefaultChannelPool - Entry count for : http://localhost:54992 : 1
18:26:17.814 [AsyncHttpClient-1-1] DEBUG org.asynchttpclient.netty.channel.DefaultChannelPool - Entry count for : http://localhost:7078 : 1
18:26:17.988 [AsyncHttpClient-1-4] DEBUG org.asynchttpclient.netty.handler.HttpHandler - 

Request DefaultHttpRequest(decodeResult: success, version: HTTP/1.1)
POST /session/2aa51e07f548ebbb8efcf47f08376fbc/element/6b007cd1-83ae-4ed4-87a8-f595e24283e9/element HTTP/1.1
User-Agent: selenium/4.5.3 (java mac)
Content-Length: 106
Content-Type: application/json; charset=utf-8
host: localhost:8354
accept: */*

Response DefaultHttpResponse(decodeResult: success, version: HTTP/1.1)
HTTP/1.1 200 OK
Content-Length: 88
Content-Type: application/json; charset=utf-8
cache-control: no-cache

18:26:17.988 [AsyncHttpClient-1-4] DEBUG org.asynchttpclient.netty.channel.ChannelManager - Adding key: http://localhost:8354 for channel [id: 0x38473121, L:/127.0.0.1:54991 - R:localhost/127.0.0.1:8354]
18:26:17.989 [Forwarding getElementText on session 2aa51e07f548ebbb8efcf47f08376fbc to remote] DEBUG org.asynchttpclient.netty.request.NettyRequestSender - Using pooled Channel '[id: 0x38473121, L:/127.0.0.1:54991 - R:localhost/127.0.0.1:8354]' for 'GET' to 'http://localhost:8354/session/2aa51e07f548ebbb8efcf47f08376fbc/element/3f79aeb6-860f-4788-ad44-1434bc62ec23/text'
18:26:17.989 [Forwarding getElementText on session 2aa51e07f548ebbb8efcf47f08376fbc to remote] DEBUG org.asynchttpclient.netty.request.NettyRequestSender - Using open Channel [id: 0x38473121, L:/127.0.0.1:54991 - R:localhost/127.0.0.1:8354] for GET '/session/2aa51e07f548ebbb8efcf47f08376fbc/element/3f79aeb6-860f-4788-ad44-1434bc62ec23/text'
18:26:18.012 [AsyncHttpClient-1-4] DEBUG org.asynchttpclient.netty.handler.HttpHandler - 

Request DefaultFullHttpRequest(decodeResult: success, version: HTTP/1.1, content: EmptyByteBufBE)
GET /session/2aa51e07f548ebbb8efcf47f08376fbc/element/3f79aeb6-860f-4788-ad44-1434bc62ec23/text HTTP/1.1
User-Agent: selenium/4.5.3 (java mac)
Cache-Control: no-cache
Content-Type: application/json; charset=utf-8
host: localhost:8354
accept: */*

Response DefaultHttpResponse(decodeResult: success, version: HTTP/1.1)
HTTP/1.1 200 OK
Content-Length: 19
Content-Type: application/json; charset=utf-8
cache-control: no-cache

18:26:18.012 [AsyncHttpClient-1-4] DEBUG org.asynchttpclient.netty.channel.ChannelManager - Adding key: http://localhost:8354 for channel [id: 0x38473121, L:/127.0.0.1:54991 - R:localhost/127.0.0.1:8354]
18:26:18.013 [Forwarding findChildElement on session 2aa51e07f548ebbb8efcf47f08376fbc to remote] DEBUG org.asynchttpclient.netty.request.NettyRequestSender - Using pooled Channel '[id: 0x38473121, L:/127.0.0.1:54991 - R:localhost/127.0.0.1:8354]' for 'POST' to 'http://localhost:8354/session/2aa51e07f548ebbb8efcf47f08376fbc/element/aebaf91c-5fb6-4445-92a1-839c18445cbb/element'
18:26:18.013 [Forwarding findChildElement on session 2aa51e07f548ebbb8efcf47f08376fbc to remote] DEBUG org.asynchttpclient.netty.request.NettyRequestSender - Using open Channel [id: 0x38473121, L:/127.0.0.1:54991 - R:localhost/127.0.0.1:8354] for POST '/session/2aa51e07f548ebbb8efcf47f08376fbc/element/aebaf91c-5fb6-4445-92a1-839c18445cbb/element'
18:26:18.032 [AsyncHttpClient-1-4] DEBUG org.asynchttpclient.netty.handler.HttpHandler - 

Request DefaultHttpRequest(decodeResult: success, version: HTTP/1.1)
POST /session/2aa51e07f548ebbb8efcf47f08376fbc/element/aebaf91c-5fb6-4445-92a1-839c18445cbb/element HTTP/1.1
User-Agent: selenium/4.5.3 (java mac)
Content-Length: 106
Content-Type: application/json; charset=utf-8
host: localhost:8354
accept: */*

Response DefaultHttpResponse(decodeResult: success, version: HTTP/1.1)
HTTP/1.1 200 OK
Content-Length: 88
Content-Type: application/json; charset=utf-8
cache-control: no-cache

18:26:18.032 [AsyncHttpClient-1-4] DEBUG org.asynchttpclient.netty.channel.ChannelManager - Adding key: http://localhost:8354 for channel [id: 0x38473121, L:/127.0.0.1:54991 - R:localhost/127.0.0.1:8354]
18:26:18.033 [Forwarding getElementText on session 2aa51e07f548ebbb8efcf47f08376fbc to remote] DEBUG org.asynchttpclient.netty.request.NettyRequestSender - Using pooled Channel '[id: 0x38473121, L:/127.0.0.1:54991 - R:localhost/127.0.0.1:8354]' for 'GET' to 'http://localhost:8354/session/2aa51e07f548ebbb8efcf47f08376fbc/element/f76a5bbc-01ff-4903-bf77-8809de10f008/text'
18:26:18.033 [Forwarding getElementText on session 2aa51e07f548ebbb8efcf47f08376fbc to remote] DEBUG org.asynchttpclient.netty.request.NettyRequestSender - Using open Channel [id: 0x38473121, L:/127.0.0.1:54991 - R:localhost/127.0.0.1:8354] for GET '/session/2aa51e07f548ebbb8efcf47f08376fbc/element/f76a5bbc-01ff-4903-bf77-8809de10f008/text'
18:26:18.072 [AsyncHttpClient-1-4] DEBUG org.asynchttpclient.netty.handler.HttpHandler - 

Request DefaultFullHttpRequest(decodeResult: success, version: HTTP/1.1, content: EmptyByteBufBE)
GET /session/2aa51e07f548ebbb8efcf47f08376fbc/element/f76a5bbc-01ff-4903-bf77-8809de10f008/text HTTP/1.1
User-Agent: selenium/4.5.3 (java mac)
Cache-Control: no-cache
Content-Type: application/json; charset=utf-8
host: localhost:8354
accept: */*

Response DefaultHttpResponse(decodeResult: success, version: HTTP/1.1)
HTTP/1.1 200 OK
Content-Length: 83
Content-Type: application/json; charset=utf-8
cache-control: no-cache

18:26:18.072 [AsyncHttpClient-1-4] DEBUG org.asynchttpclient.netty.channel.ChannelManager - Adding key: http://localhost:8354 for channel [id: 0x38473121, L:/127.0.0.1:54991 - R:localhost/127.0.0.1:8354]
18:26:18.073 [Forwarding findChildElement on session 2aa51e07f548ebbb8efcf47f08376fbc to remote] DEBUG org.asynchttpclient.netty.request.NettyRequestSender - Using pooled Channel '[id: 0x38473121, L:/127.0.0.1:54991 - R:localhost/127.0.0.1:8354]' for 'POST' to 'http://localhost:8354/session/2aa51e07f548ebbb8efcf47f08376fbc/element/aebaf91c-5fb6-4445-92a1-839c18445cbb/element'
18:26:18.073 [Forwarding findChildElement on session 2aa51e07f548ebbb8efcf47f08376fbc to remote] DEBUG org.asynchttpclient.netty.request.NettyRequestSender - Using open Channel [id: 0x38473121, L:/127.0.0.1:54991 - R:localhost/127.0.0.1:8354] for POST '/session/2aa51e07f548ebbb8efcf47f08376fbc/element/aebaf91c-5fb6-4445-92a1-839c18445cbb/element'
18:26:18.497 [AsyncHttpClient-1-4] DEBUG org.asynchttpclient.netty.handler.HttpHandler - 

Request DefaultHttpRequest(decodeResult: success, version: HTTP/1.1)
POST /session/2aa51e07f548ebbb8efcf47f08376fbc/element/aebaf91c-5fb6-4445-92a1-839c18445cbb/element HTTP/1.1
User-Agent: selenium/4.5.3 (java mac)
Content-Length: 106
Content-Type: application/json; charset=utf-8
host: localhost:8354
accept: */*

Response DefaultHttpResponse(decodeResult: success, version: HTTP/1.1)
HTTP/1.1 200 OK
Content-Length: 88
Content-Type: application/json; charset=utf-8
cache-control: no-cache

18:26:18.497 [AsyncHttpClient-1-4] DEBUG org.asynchttpclient.netty.channel.ChannelManager - Adding key: http://localhost:8354 for channel [id: 0x38473121, L:/127.0.0.1:54991 - R:localhost/127.0.0.1:8354]
18:26:18.498 [Forwarding getElementText on session 2aa51e07f548ebbb8efcf47f08376fbc to remote] DEBUG org.asynchttpclient.netty.request.NettyRequestSender - Using pooled Channel '[id: 0x38473121, L:/127.0.0.1:54991 - R:localhost/127.0.0.1:8354]' for 'GET' to 'http://localhost:8354/session/2aa51e07f548ebbb8efcf47f08376fbc/element/9be554d6-402d-48d5-8161-1f8d15502446/text'
18:26:18.498 [Forwarding getElementText on session 2aa51e07f548ebbb8efcf47f08376fbc to remote] DEBUG org.asynchttpclient.netty.request.NettyRequestSender - Using open Channel [id: 0x38473121, L:/127.0.0.1:54991 - R:localhost/127.0.0.1:8354] for GET '/session/2aa51e07f548ebbb8efcf47f08376fbc/element/9be554d6-402d-48d5-8161-1f8d15502446/text'
18:26:18.714 [AsyncHttpClient-1-4] DEBUG org.asynchttpclient.netty.handler.HttpHandler - 

Request DefaultFullHttpRequest(decodeResult: success, version: HTTP/1.1, content: EmptyByteBufBE)
GET /session/2aa51e07f548ebbb8efcf47f08376fbc/element/9be554d6-402d-48d5-8161-1f8d15502446/text HTTP/1.1
User-Agent: selenium/4.5.3 (java mac)
Cache-Control: no-cache
Content-Type: application/json; charset=utf-8
host: localhost:8354
accept: */*

Response DefaultHttpResponse(decodeResult: success, version: HTTP/1.1)
HTTP/1.1 200 OK
Content-Length: 19
Content-Type: application/json; charset=utf-8
cache-control: no-cache

18:26:18.714 [AsyncHttpClient-1-4] DEBUG org.asynchttpclient.netty.channel.ChannelManager - Adding key: http://localhost:8354 for channel [id: 0x38473121, L:/127.0.0.1:54991 - R:localhost/127.0.0.1:8354]
18:26:18.715 [Forwarding findChildElement on session 2aa51e07f548ebbb8efcf47f08376fbc to remote] DEBUG org.asynchttpclient.netty.request.NettyRequestSender - Using pooled Channel '[id: 0x38473121, L:/127.0.0.1:54991 - R:localhost/127.0.0.1:8354]' for 'POST' to 'http://localhost:8354/session/2aa51e07f548ebbb8efcf47f08376fbc/element/864b12d1-3f33-4ca3-af48-ba071eedd589/element'
18:26:18.715 [Forwarding findChildElement on session 2aa51e07f548ebbb8efcf47f08376fbc to remote] DEBUG org.asynchttpclient.netty.request.NettyRequestSender - Using open Channel [id: 0x38473121, L:/127.0.0.1:54991 - R:localhost/127.0.0.1:8354] for POST '/session/2aa51e07f548ebbb8efcf47f08376fbc/element/864b12d1-3f33-4ca3-af48-ba071eedd589/element'
18:26:18.880 [AsyncHttpClient-1-4] DEBUG org.asynchttpclient.netty.handler.HttpHandler - 

Request DefaultHttpRequest(decodeResult: success, version: HTTP/1.1)
POST /session/2aa51e07f548ebbb8efcf47f08376fbc/element/864b12d1-3f33-4ca3-af48-ba071eedd589/element HTTP/1.1
User-Agent: selenium/4.5.3 (java mac)
Content-Length: 106
Content-Type: application/json; charset=utf-8
host: localhost:8354
accept: */*

Response DefaultHttpResponse(decodeResult: success, version: HTTP/1.1)
HTTP/1.1 200 OK
Content-Length: 88
Content-Type: application/json; charset=utf-8
cache-control: no-cache

18:26:18.880 [AsyncHttpClient-1-4] DEBUG org.asynchttpclient.netty.channel.ChannelManager - Adding key: http://localhost:8354 for channel [id: 0x38473121, L:/127.0.0.1:54991 - R:localhost/127.0.0.1:8354]
18:26:18.880 [Forwarding getElementText on session 2aa51e07f548ebbb8efcf47f08376fbc to remote] DEBUG org.asynchttpclient.netty.request.NettyRequestSender - Using pooled Channel '[id: 0x38473121, L:/127.0.0.1:54991 - R:localhost/127.0.0.1:8354]' for 'GET' to 'http://localhost:8354/session/2aa51e07f548ebbb8efcf47f08376fbc/element/c6ea785a-41bd-4287-8629-bd1fea5ba1bc/text'
18:26:18.880 [Forwarding getElementText on session 2aa51e07f548ebbb8efcf47f08376fbc to remote] DEBUG org.asynchttpclient.netty.request.NettyRequestSender - Using open Channel [id: 0x38473121, L:/127.0.0.1:54991 - R:localhost/127.0.0.1:8354] for GET '/session/2aa51e07f548ebbb8efcf47f08376fbc/element/c6ea785a-41bd-4287-8629-bd1fea5ba1bc/text'
18:26:18.898 [AsyncHttpClient-1-4] DEBUG org.asynchttpclient.netty.handler.HttpHandler - 

Request DefaultFullHttpRequest(decodeResult: success, version: HTTP/1.1, content: EmptyByteBufBE)
GET /session/2aa51e07f548ebbb8efcf47f08376fbc/element/c6ea785a-41bd-4287-8629-bd1fea5ba1bc/text HTTP/1.1
User-Agent: selenium/4.5.3 (java mac)
Cache-Control: no-cache
Content-Type: application/json; charset=utf-8
host: localhost:8354
accept: */*

Response DefaultHttpResponse(decodeResult: success, version: HTTP/1.1)
HTTP/1.1 200 OK
Content-Length: 88
Content-Type: application/json; charset=utf-8
cache-control: no-cache

18:26:18.898 [AsyncHttpClient-1-4] DEBUG org.asynchttpclient.netty.channel.ChannelManager - Adding key: http://localhost:8354 for channel [id: 0x38473121, L:/127.0.0.1:54991 - R:localhost/127.0.0.1:8354]
18:26:18.899 [Forwarding findChildElement on session 2aa51e07f548ebbb8efcf47f08376fbc to remote] DEBUG org.asynchttpclient.netty.request.NettyRequestSender - Using pooled Channel '[id: 0x38473121, L:/127.0.0.1:54991 - R:localhost/127.0.0.1:8354]' for 'POST' to 'http://localhost:8354/session/2aa51e07f548ebbb8efcf47f08376fbc/element/864b12d1-3f33-4ca3-af48-ba071eedd589/element'
18:26:18.899 [Forwarding findChildElement on session 2aa51e07f548ebbb8efcf47f08376fbc to remote] DEBUG org.asynchttpclient.netty.request.NettyRequestSender - Using open Channel [id: 0x38473121, L:/127.0.0.1:54991 - R:localhost/127.0.0.1:8354] for POST '/session/2aa51e07f548ebbb8efcf47f08376fbc/element/864b12d1-3f33-4ca3-af48-ba071eedd589/element'
18:26:18.913 [AsyncHttpClient-1-1] DEBUG org.asynchttpclient.netty.channel.DefaultChannelPool - Entry count for : http://localhost:54992 : 1
18:26:18.913 [AsyncHttpClient-1-1] DEBUG org.asynchttpclient.netty.channel.DefaultChannelPool - Entry count for : http://localhost:7078 : 1
18:26:18.947 [AsyncHttpClient-1-4] DEBUG org.asynchttpclient.netty.handler.HttpHandler - 

Request DefaultHttpRequest(decodeResult: success, version: HTTP/1.1)
POST /session/2aa51e07f548ebbb8efcf47f08376fbc/element/864b12d1-3f33-4ca3-af48-ba071eedd589/element HTTP/1.1
User-Agent: selenium/4.5.3 (java mac)
Content-Length: 106
Content-Type: application/json; charset=utf-8
host: localhost:8354
accept: */*

Response DefaultHttpResponse(decodeResult: success, version: HTTP/1.1)
HTTP/1.1 200 OK
Content-Length: 88
Content-Type: application/json; charset=utf-8
cache-control: no-cache

18:26:18.947 [AsyncHttpClient-1-4] DEBUG org.asynchttpclient.netty.channel.ChannelManager - Adding key: http://localhost:8354 for channel [id: 0x38473121, L:/127.0.0.1:54991 - R:localhost/127.0.0.1:8354]
18:26:18.947 [Forwarding getElementText on session 2aa51e07f548ebbb8efcf47f08376fbc to remote] DEBUG org.asynchttpclient.netty.request.NettyRequestSender - Using pooled Channel '[id: 0x38473121, L:/127.0.0.1:54991 - R:localhost/127.0.0.1:8354]' for 'GET' to 'http://localhost:8354/session/2aa51e07f548ebbb8efcf47f08376fbc/element/85aeb7c6-c8ba-45ee-805d-f082e43d35de/text'
18:26:18.947 [Forwarding getElementText on session 2aa51e07f548ebbb8efcf47f08376fbc to remote] DEBUG org.asynchttpclient.netty.request.NettyRequestSender - Using open Channel [id: 0x38473121, L:/127.0.0.1:54991 - R:localhost/127.0.0.1:8354] for GET '/session/2aa51e07f548ebbb8efcf47f08376fbc/element/85aeb7c6-c8ba-45ee-805d-f082e43d35de/text'
18:26:18.967 [AsyncHttpClient-1-4] DEBUG org.asynchttpclient.netty.handler.HttpHandler - 

Request DefaultFullHttpRequest(decodeResult: success, version: HTTP/1.1, content: EmptyByteBufBE)
GET /session/2aa51e07f548ebbb8efcf47f08376fbc/element/85aeb7c6-c8ba-45ee-805d-f082e43d35de/text HTTP/1.1
User-Agent: selenium/4.5.3 (java mac)
Cache-Control: no-cache
Content-Type: application/json; charset=utf-8
host: localhost:8354
accept: */*

Response DefaultHttpResponse(decodeResult: success, version: HTTP/1.1)
HTTP/1.1 200 OK
Content-Length: 30
Content-Type: application/json; charset=utf-8
cache-control: no-cache

18:26:18.967 [AsyncHttpClient-1-4] DEBUG org.asynchttpclient.netty.channel.ChannelManager - Adding key: http://localhost:8354 for channel [id: 0x38473121, L:/127.0.0.1:54991 - R:localhost/127.0.0.1:8354]
18:26:18.968 [Forwarding findChildElement on session 2aa51e07f548ebbb8efcf47f08376fbc to remote] DEBUG org.asynchttpclient.netty.request.NettyRequestSender - Using pooled Channel '[id: 0x38473121, L:/127.0.0.1:54991 - R:localhost/127.0.0.1:8354]' for 'POST' to 'http://localhost:8354/session/2aa51e07f548ebbb8efcf47f08376fbc/element/9bca5a42-1145-4acc-9dfa-9885a4d87109/element'
18:26:18.968 [Forwarding findChildElement on session 2aa51e07f548ebbb8efcf47f08376fbc to remote] DEBUG org.asynchttpclient.netty.request.NettyRequestSender - Using open Channel [id: 0x38473121, L:/127.0.0.1:54991 - R:localhost/127.0.0.1:8354] for POST '/session/2aa51e07f548ebbb8efcf47f08376fbc/element/9bca5a42-1145-4acc-9dfa-9885a4d87109/element'
18:26:19.361 [AsyncHttpClient-1-4] DEBUG org.asynchttpclient.netty.handler.HttpHandler - 

Request DefaultHttpRequest(decodeResult: success, version: HTTP/1.1)
POST /session/2aa51e07f548ebbb8efcf47f08376fbc/element/9bca5a42-1145-4acc-9dfa-9885a4d87109/element HTTP/1.1
User-Agent: selenium/4.5.3 (java mac)
Content-Length: 106
Content-Type: application/json; charset=utf-8
host: localhost:8354
accept: */*

Response DefaultHttpResponse(decodeResult: success, version: HTTP/1.1)
HTTP/1.1 200 OK
Content-Length: 88
Content-Type: application/json; charset=utf-8
cache-control: no-cache

18:26:19.361 [AsyncHttpClient-1-4] DEBUG org.asynchttpclient.netty.channel.ChannelManager - Adding key: http://localhost:8354 for channel [id: 0x38473121, L:/127.0.0.1:54991 - R:localhost/127.0.0.1:8354]
18:26:19.362 [Forwarding getElementText on session 2aa51e07f548ebbb8efcf47f08376fbc to remote] DEBUG org.asynchttpclient.netty.request.NettyRequestSender - Using pooled Channel '[id: 0x38473121, L:/127.0.0.1:54991 - R:localhost/127.0.0.1:8354]' for 'GET' to 'http://localhost:8354/session/2aa51e07f548ebbb8efcf47f08376fbc/element/3bdabfbe-a2b4-4145-a628-77e91b84d279/text'
18:26:19.362 [Forwarding getElementText on session 2aa51e07f548ebbb8efcf47f08376fbc to remote] DEBUG org.asynchttpclient.netty.request.NettyRequestSender - Using open Channel [id: 0x38473121, L:/127.0.0.1:54991 - R:localhost/127.0.0.1:8354] for GET '/session/2aa51e07f548ebbb8efcf47f08376fbc/element/3bdabfbe-a2b4-4145-a628-77e91b84d279/text'
18:26:19.613 [AsyncHttpClient-1-4] DEBUG org.asynchttpclient.netty.handler.HttpHandler - 

Request DefaultFullHttpRequest(decodeResult: success, version: HTTP/1.1, content: EmptyByteBufBE)
GET /session/2aa51e07f548ebbb8efcf47f08376fbc/element/3bdabfbe-a2b4-4145-a628-77e91b84d279/text HTTP/1.1
User-Agent: selenium/4.5.3 (java mac)
Cache-Control: no-cache
Content-Type: application/json; charset=utf-8
host: localhost:8354
accept: */*

Response DefaultHttpResponse(decodeResult: success, version: HTTP/1.1)
HTTP/1.1 200 OK
Content-Length: 89
Content-Type: application/json; charset=utf-8
cache-control: no-cache

18:26:19.613 [AsyncHttpClient-1-4] DEBUG org.asynchttpclient.netty.channel.ChannelManager - Adding key: http://localhost:8354 for channel [id: 0x38473121, L:/127.0.0.1:54991 - R:localhost/127.0.0.1:8354]
18:26:19.614 [Forwarding findChildElement on session 2aa51e07f548ebbb8efcf47f08376fbc to remote] DEBUG org.asynchttpclient.netty.request.NettyRequestSender - Using pooled Channel '[id: 0x38473121, L:/127.0.0.1:54991 - R:localhost/127.0.0.1:8354]' for 'POST' to 'http://localhost:8354/session/2aa51e07f548ebbb8efcf47f08376fbc/element/9bca5a42-1145-4acc-9dfa-9885a4d87109/element'
18:26:19.614 [Forwarding findChildElement on session 2aa51e07f548ebbb8efcf47f08376fbc to remote] DEBUG org.asynchttpclient.netty.request.NettyRequestSender - Using open Channel [id: 0x38473121, L:/127.0.0.1:54991 - R:localhost/127.0.0.1:8354] for POST '/session/2aa51e07f548ebbb8efcf47f08376fbc/element/9bca5a42-1145-4acc-9dfa-9885a4d87109/element'
18:26:19.671 [AsyncHttpClient-1-4] DEBUG org.asynchttpclient.netty.handler.HttpHandler - 

Request DefaultHttpRequest(decodeResult: success, version: HTTP/1.1)
POST /session/2aa51e07f548ebbb8efcf47f08376fbc/element/9bca5a42-1145-4acc-9dfa-9885a4d87109/element HTTP/1.1
User-Agent: selenium/4.5.3 (java mac)
Content-Length: 106
Content-Type: application/json; charset=utf-8
host: localhost:8354
accept: */*

Response DefaultHttpResponse(decodeResult: success, version: HTTP/1.1)
HTTP/1.1 200 OK
Content-Length: 88
Content-Type: application/json; charset=utf-8
cache-control: no-cache

18:26:19.671 [AsyncHttpClient-1-4] DEBUG org.asynchttpclient.netty.channel.ChannelManager - Adding key: http://localhost:8354 for channel [id: 0x38473121, L:/127.0.0.1:54991 - R:localhost/127.0.0.1:8354]
18:26:19.671 [Forwarding getElementText on session 2aa51e07f548ebbb8efcf47f08376fbc to remote] DEBUG org.asynchttpclient.netty.request.NettyRequestSender - Using pooled Channel '[id: 0x38473121, L:/127.0.0.1:54991 - R:localhost/127.0.0.1:8354]' for 'GET' to 'http://localhost:8354/session/2aa51e07f548ebbb8efcf47f08376fbc/element/c2f5ff2e-4135-4144-b9ab-96526559a6bb/text'
18:26:19.671 [Forwarding getElementText on session 2aa51e07f548ebbb8efcf47f08376fbc to remote] DEBUG org.asynchttpclient.netty.request.NettyRequestSender - Using open Channel [id: 0x38473121, L:/127.0.0.1:54991 - R:localhost/127.0.0.1:8354] for GET '/session/2aa51e07f548ebbb8efcf47f08376fbc/element/c2f5ff2e-4135-4144-b9ab-96526559a6bb/text'
18:26:19.726 [AsyncHttpClient-1-4] DEBUG org.asynchttpclient.netty.handler.HttpHandler - 

Request DefaultFullHttpRequest(decodeResult: success, version: HTTP/1.1, content: EmptyByteBufBE)
GET /session/2aa51e07f548ebbb8efcf47f08376fbc/element/c2f5ff2e-4135-4144-b9ab-96526559a6bb/text HTTP/1.1
User-Agent: selenium/4.5.3 (java mac)
Cache-Control: no-cache
Content-Type: application/json; charset=utf-8
host: localhost:8354
accept: */*

Response DefaultHttpResponse(decodeResult: success, version: HTTP/1.1)
HTTP/1.1 200 OK
Content-Length: 30
Content-Type: application/json; charset=utf-8
cache-control: no-cache

18:26:19.726 [AsyncHttpClient-1-4] DEBUG org.asynchttpclient.netty.channel.ChannelManager - Adding key: http://localhost:8354 for channel [id: 0x38473121, L:/127.0.0.1:54991 - R:localhost/127.0.0.1:8354]
18:26:19.728 [Forwarding findChildElement on session 2aa51e07f548ebbb8efcf47f08376fbc to remote] DEBUG org.asynchttpclient.netty.request.NettyRequestSender - Using pooled Channel '[id: 0x38473121, L:/127.0.0.1:54991 - R:localhost/127.0.0.1:8354]' for 'POST' to 'http://localhost:8354/session/2aa51e07f548ebbb8efcf47f08376fbc/element/1f92b8a7-37f3-46c0-878f-32389bd26ebd/element'
18:26:19.728 [Forwarding findChildElement on session 2aa51e07f548ebbb8efcf47f08376fbc to remote] DEBUG org.asynchttpclient.netty.request.NettyRequestSender - Using open Channel [id: 0x38473121, L:/127.0.0.1:54991 - R:localhost/127.0.0.1:8354] for POST '/session/2aa51e07f548ebbb8efcf47f08376fbc/element/1f92b8a7-37f3-46c0-878f-32389bd26ebd/element'
18:26:20.018 [AsyncHttpClient-1-1] DEBUG org.asynchttpclient.netty.channel.DefaultChannelPool - Entry count for : http://localhost:54992 : 1
18:26:20.018 [AsyncHttpClient-1-1] DEBUG org.asynchttpclient.netty.channel.DefaultChannelPool - Entry count for : http://localhost:7078 : 1
18:26:20.105 [AsyncHttpClient-1-4] DEBUG org.asynchttpclient.netty.handler.HttpHandler - 

Request DefaultHttpRequest(decodeResult: success, version: HTTP/1.1)
POST /session/2aa51e07f548ebbb8efcf47f08376fbc/element/1f92b8a7-37f3-46c0-878f-32389bd26ebd/element HTTP/1.1
User-Agent: selenium/4.5.3 (java mac)
Content-Length: 106
Content-Type: application/json; charset=utf-8
host: localhost:8354
accept: */*

Response DefaultHttpResponse(decodeResult: success, version: HTTP/1.1)
HTTP/1.1 200 OK
Content-Length: 88
Content-Type: application/json; charset=utf-8
cache-control: no-cache

18:26:20.105 [AsyncHttpClient-1-4] DEBUG org.asynchttpclient.netty.channel.ChannelManager - Adding key: http://localhost:8354 for channel [id: 0x38473121, L:/127.0.0.1:54991 - R:localhost/127.0.0.1:8354]
18:26:20.105 [Forwarding getElementText on session 2aa51e07f548ebbb8efcf47f08376fbc to remote] DEBUG org.asynchttpclient.netty.request.NettyRequestSender - Using pooled Channel '[id: 0x38473121, L:/127.0.0.1:54991 - R:localhost/127.0.0.1:8354]' for 'GET' to 'http://localhost:8354/session/2aa51e07f548ebbb8efcf47f08376fbc/element/b477f0c8-32b6-4970-9a93-0c17d03472a2/text'
18:26:20.105 [Forwarding getElementText on session 2aa51e07f548ebbb8efcf47f08376fbc to remote] DEBUG org.asynchttpclient.netty.request.NettyRequestSender - Using open Channel [id: 0x38473121, L:/127.0.0.1:54991 - R:localhost/127.0.0.1:8354] for GET '/session/2aa51e07f548ebbb8efcf47f08376fbc/element/b477f0c8-32b6-4970-9a93-0c17d03472a2/text'
18:26:20.255 [AsyncHttpClient-1-4] DEBUG org.asynchttpclient.netty.handler.HttpHandler - 

Request DefaultFullHttpRequest(decodeResult: success, version: HTTP/1.1, content: EmptyByteBufBE)
GET /session/2aa51e07f548ebbb8efcf47f08376fbc/element/b477f0c8-32b6-4970-9a93-0c17d03472a2/text HTTP/1.1
User-Agent: selenium/4.5.3 (java mac)
Cache-Control: no-cache
Content-Type: application/json; charset=utf-8
host: localhost:8354
accept: */*

Response DefaultHttpResponse(decodeResult: success, version: HTTP/1.1)
HTTP/1.1 200 OK
Content-Length: 78
Content-Type: application/json; charset=utf-8
cache-control: no-cache

18:26:20.255 [AsyncHttpClient-1-4] DEBUG org.asynchttpclient.netty.channel.ChannelManager - Adding key: http://localhost:8354 for channel [id: 0x38473121, L:/127.0.0.1:54991 - R:localhost/127.0.0.1:8354]
18:26:20.256 [Forwarding findChildElement on session 2aa51e07f548ebbb8efcf47f08376fbc to remote] DEBUG org.asynchttpclient.netty.request.NettyRequestSender - Using pooled Channel '[id: 0x38473121, L:/127.0.0.1:54991 - R:localhost/127.0.0.1:8354]' for 'POST' to 'http://localhost:8354/session/2aa51e07f548ebbb8efcf47f08376fbc/element/1f92b8a7-37f3-46c0-878f-32389bd26ebd/element'
18:26:20.256 [Forwarding findChildElement on session 2aa51e07f548ebbb8efcf47f08376fbc to remote] DEBUG org.asynchttpclient.netty.request.NettyRequestSender - Using open Channel [id: 0x38473121, L:/127.0.0.1:54991 - R:localhost/127.0.0.1:8354] for POST '/session/2aa51e07f548ebbb8efcf47f08376fbc/element/1f92b8a7-37f3-46c0-878f-32389bd26ebd/element'
18:26:20.272 [AsyncHttpClient-1-4] DEBUG org.asynchttpclient.netty.handler.HttpHandler - 

Request DefaultHttpRequest(decodeResult: success, version: HTTP/1.1)
POST /session/2aa51e07f548ebbb8efcf47f08376fbc/element/1f92b8a7-37f3-46c0-878f-32389bd26ebd/element HTTP/1.1
User-Agent: selenium/4.5.3 (java mac)
Content-Length: 106
Content-Type: application/json; charset=utf-8
host: localhost:8354
accept: */*

Response DefaultHttpResponse(decodeResult: success, version: HTTP/1.1)
HTTP/1.1 200 OK
Content-Length: 88
Content-Type: application/json; charset=utf-8
cache-control: no-cache

18:26:20.272 [AsyncHttpClient-1-4] DEBUG org.asynchttpclient.netty.channel.ChannelManager - Adding key: http://localhost:8354 for channel [id: 0x38473121, L:/127.0.0.1:54991 - R:localhost/127.0.0.1:8354]
18:26:20.273 [Forwarding getElementText on session 2aa51e07f548ebbb8efcf47f08376fbc to remote] DEBUG org.asynchttpclient.netty.request.NettyRequestSender - Using pooled Channel '[id: 0x38473121, L:/127.0.0.1:54991 - R:localhost/127.0.0.1:8354]' for 'GET' to 'http://localhost:8354/session/2aa51e07f548ebbb8efcf47f08376fbc/element/3939e074-6aa4-4b50-922e-e5a3756cf401/text'
18:26:20.273 [Forwarding getElementText on session 2aa51e07f548ebbb8efcf47f08376fbc to remote] DEBUG org.asynchttpclient.netty.request.NettyRequestSender - Using open Channel [id: 0x38473121, L:/127.0.0.1:54991 - R:localhost/127.0.0.1:8354] for GET '/session/2aa51e07f548ebbb8efcf47f08376fbc/element/3939e074-6aa4-4b50-922e-e5a3756cf401/text'
18:26:20.302 [AsyncHttpClient-1-4] DEBUG org.asynchttpclient.netty.handler.HttpHandler - 

Request DefaultFullHttpRequest(decodeResult: success, version: HTTP/1.1, content: EmptyByteBufBE)
GET /session/2aa51e07f548ebbb8efcf47f08376fbc/element/3939e074-6aa4-4b50-922e-e5a3756cf401/text HTTP/1.1
User-Agent: selenium/4.5.3 (java mac)
Cache-Control: no-cache
Content-Type: application/json; charset=utf-8
host: localhost:8354
accept: */*

Response DefaultHttpResponse(decodeResult: success, version: HTTP/1.1)
HTTP/1.1 200 OK
Content-Length: 19
Content-Type: application/json; charset=utf-8
cache-control: no-cache

18:26:20.303 [AsyncHttpClient-1-4] DEBUG org.asynchttpclient.netty.channel.ChannelManager - Adding key: http://localhost:8354 for channel [id: 0x38473121, L:/127.0.0.1:54991 - R:localhost/127.0.0.1:8354]
18:26:20.304 [Forwarding findChildElement on session 2aa51e07f548ebbb8efcf47f08376fbc to remote] DEBUG org.asynchttpclient.netty.request.NettyRequestSender - Using pooled Channel '[id: 0x38473121, L:/127.0.0.1:54991 - R:localhost/127.0.0.1:8354]' for 'POST' to 'http://localhost:8354/session/2aa51e07f548ebbb8efcf47f08376fbc/element/26117d1e-9b60-475c-a308-49e9c8b64531/element'
18:26:20.304 [Forwarding findChildElement on session 2aa51e07f548ebbb8efcf47f08376fbc to remote] DEBUG org.asynchttpclient.netty.request.NettyRequestSender - Using open Channel [id: 0x38473121, L:/127.0.0.1:54991 - R:localhost/127.0.0.1:8354] for POST '/session/2aa51e07f548ebbb8efcf47f08376fbc/element/26117d1e-9b60-475c-a308-49e9c8b64531/element'
18:26:20.327 [AsyncHttpClient-1-4] DEBUG org.asynchttpclient.netty.handler.HttpHandler - 

Request DefaultHttpRequest(decodeResult: success, version: HTTP/1.1)
POST /session/2aa51e07f548ebbb8efcf47f08376fbc/element/26117d1e-9b60-475c-a308-49e9c8b64531/element HTTP/1.1
User-Agent: selenium/4.5.3 (java mac)
Content-Length: 106
Content-Type: application/json; charset=utf-8
host: localhost:8354
accept: */*

Response DefaultHttpResponse(decodeResult: success, version: HTTP/1.1)
HTTP/1.1 200 OK
Content-Length: 88
Content-Type: application/json; charset=utf-8
cache-control: no-cache

18:26:20.327 [AsyncHttpClient-1-4] DEBUG org.asynchttpclient.netty.channel.ChannelManager - Adding key: http://localhost:8354 for channel [id: 0x38473121, L:/127.0.0.1:54991 - R:localhost/127.0.0.1:8354]
18:26:20.328 [Forwarding getElementText on session 2aa51e07f548ebbb8efcf47f08376fbc to remote] DEBUG org.asynchttpclient.netty.request.NettyRequestSender - Using pooled Channel '[id: 0x38473121, L:/127.0.0.1:54991 - R:localhost/127.0.0.1:8354]' for 'GET' to 'http://localhost:8354/session/2aa51e07f548ebbb8efcf47f08376fbc/element/6d85fa4f-9acc-4e52-93e0-6e889d84388d/text'
18:26:20.328 [Forwarding getElementText on session 2aa51e07f548ebbb8efcf47f08376fbc to remote] DEBUG org.asynchttpclient.netty.request.NettyRequestSender - Using open Channel [id: 0x38473121, L:/127.0.0.1:54991 - R:localhost/127.0.0.1:8354] for GET '/session/2aa51e07f548ebbb8efcf47f08376fbc/element/6d85fa4f-9acc-4e52-93e0-6e889d84388d/text'
18:26:20.741 [AsyncHttpClient-1-4] DEBUG org.asynchttpclient.netty.handler.HttpHandler - 

Request DefaultFullHttpRequest(decodeResult: success, version: HTTP/1.1, content: EmptyByteBufBE)
GET /session/2aa51e07f548ebbb8efcf47f08376fbc/element/6d85fa4f-9acc-4e52-93e0-6e889d84388d/text HTTP/1.1
User-Agent: selenium/4.5.3 (java mac)
Cache-Control: no-cache
Content-Type: application/json; charset=utf-8
host: localhost:8354
accept: */*

Response DefaultHttpResponse(decodeResult: success, version: HTTP/1.1)
HTTP/1.1 200 OK
Content-Length: 71
Content-Type: application/json; charset=utf-8
cache-control: no-cache

18:26:20.741 [AsyncHttpClient-1-4] DEBUG org.asynchttpclient.netty.channel.ChannelManager - Adding key: http://localhost:8354 for channel [id: 0x38473121, L:/127.0.0.1:54991 - R:localhost/127.0.0.1:8354]
18:26:20.742 [Forwarding findChildElement on session 2aa51e07f548ebbb8efcf47f08376fbc to remote] DEBUG org.asynchttpclient.netty.request.NettyRequestSender - Using pooled Channel '[id: 0x38473121, L:/127.0.0.1:54991 - R:localhost/127.0.0.1:8354]' for 'POST' to 'http://localhost:8354/session/2aa51e07f548ebbb8efcf47f08376fbc/element/26117d1e-9b60-475c-a308-49e9c8b64531/element'
18:26:20.742 [Forwarding findChildElement on session 2aa51e07f548ebbb8efcf47f08376fbc to remote] DEBUG org.asynchttpclient.netty.request.NettyRequestSender - Using open Channel [id: 0x38473121, L:/127.0.0.1:54991 - R:localhost/127.0.0.1:8354] for POST '/session/2aa51e07f548ebbb8efcf47f08376fbc/element/26117d1e-9b60-475c-a308-49e9c8b64531/element'
18:26:20.754 [AsyncHttpClient-1-4] DEBUG org.asynchttpclient.netty.handler.HttpHandler - 

Request DefaultHttpRequest(decodeResult: success, version: HTTP/1.1)
POST /session/2aa51e07f548ebbb8efcf47f08376fbc/element/26117d1e-9b60-475c-a308-49e9c8b64531/element HTTP/1.1
User-Agent: selenium/4.5.3 (java mac)
Content-Length: 106
Content-Type: application/json; charset=utf-8
host: localhost:8354
accept: */*

Response DefaultHttpResponse(decodeResult: success, version: HTTP/1.1)
HTTP/1.1 200 OK
Content-Length: 88
Content-Type: application/json; charset=utf-8
cache-control: no-cache

18:26:20.754 [AsyncHttpClient-1-4] DEBUG org.asynchttpclient.netty.channel.ChannelManager - Adding key: http://localhost:8354 for channel [id: 0x38473121, L:/127.0.0.1:54991 - R:localhost/127.0.0.1:8354]
18:26:20.755 [Forwarding getElementText on session 2aa51e07f548ebbb8efcf47f08376fbc to remote] DEBUG org.asynchttpclient.netty.request.NettyRequestSender - Using pooled Channel '[id: 0x38473121, L:/127.0.0.1:54991 - R:localhost/127.0.0.1:8354]' for 'GET' to 'http://localhost:8354/session/2aa51e07f548ebbb8efcf47f08376fbc/element/6642cb03-b6d8-49dc-ae46-fdb43d60ebc8/text'
18:26:20.756 [Forwarding getElementText on session 2aa51e07f548ebbb8efcf47f08376fbc to remote] DEBUG org.asynchttpclient.netty.request.NettyRequestSender - Using open Channel [id: 0x38473121, L:/127.0.0.1:54991 - R:localhost/127.0.0.1:8354] for GET '/session/2aa51e07f548ebbb8efcf47f08376fbc/element/6642cb03-b6d8-49dc-ae46-fdb43d60ebc8/text'
18:26:20.789 [AsyncHttpClient-1-4] DEBUG org.asynchttpclient.netty.handler.HttpHandler - 

Request DefaultFullHttpRequest(decodeResult: success, version: HTTP/1.1, content: EmptyByteBufBE)
GET /session/2aa51e07f548ebbb8efcf47f08376fbc/element/6642cb03-b6d8-49dc-ae46-fdb43d60ebc8/text HTTP/1.1
User-Agent: selenium/4.5.3 (java mac)
Cache-Control: no-cache
Content-Type: application/json; charset=utf-8
host: localhost:8354
accept: */*

Response DefaultHttpResponse(decodeResult: success, version: HTTP/1.1)
HTTP/1.1 200 OK
Content-Length: 18
Content-Type: application/json; charset=utf-8
cache-control: no-cache

18:26:20.789 [AsyncHttpClient-1-4] DEBUG org.asynchttpclient.netty.channel.ChannelManager - Adding key: http://localhost:8354 for channel [id: 0x38473121, L:/127.0.0.1:54991 - R:localhost/127.0.0.1:8354]
18:26:20.790 [Forwarding findChildElement on session 2aa51e07f548ebbb8efcf47f08376fbc to remote] DEBUG org.asynchttpclient.netty.request.NettyRequestSender - Using pooled Channel '[id: 0x38473121, L:/127.0.0.1:54991 - R:localhost/127.0.0.1:8354]' for 'POST' to 'http://localhost:8354/session/2aa51e07f548ebbb8efcf47f08376fbc/element/30b4baf5-51d2-414f-935b-3c6e48aa25db/element'
18:26:20.790 [Forwarding findChildElement on session 2aa51e07f548ebbb8efcf47f08376fbc to remote] DEBUG org.asynchttpclient.netty.request.NettyRequestSender - Using open Channel [id: 0x38473121, L:/127.0.0.1:54991 - R:localhost/127.0.0.1:8354] for POST '/session/2aa51e07f548ebbb8efcf47f08376fbc/element/30b4baf5-51d2-414f-935b-3c6e48aa25db/element'
18:26:20.804 [AsyncHttpClient-1-4] DEBUG org.asynchttpclient.netty.handler.HttpHandler - 

Request DefaultHttpRequest(decodeResult: success, version: HTTP/1.1)
POST /session/2aa51e07f548ebbb8efcf47f08376fbc/element/30b4baf5-51d2-414f-935b-3c6e48aa25db/element HTTP/1.1
User-Agent: selenium/4.5.3 (java mac)
Content-Length: 106
Content-Type: application/json; charset=utf-8
host: localhost:8354
accept: */*

Response DefaultHttpResponse(decodeResult: success, version: HTTP/1.1)
HTTP/1.1 200 OK
Content-Length: 88
Content-Type: application/json; charset=utf-8
cache-control: no-cache

18:26:20.805 [AsyncHttpClient-1-4] DEBUG org.asynchttpclient.netty.channel.ChannelManager - Adding key: http://localhost:8354 for channel [id: 0x38473121, L:/127.0.0.1:54991 - R:localhost/127.0.0.1:8354]
18:26:20.805 [Forwarding getElementText on session 2aa51e07f548ebbb8efcf47f08376fbc to remote] DEBUG org.asynchttpclient.netty.request.NettyRequestSender - Using pooled Channel '[id: 0x38473121, L:/127.0.0.1:54991 - R:localhost/127.0.0.1:8354]' for 'GET' to 'http://localhost:8354/session/2aa51e07f548ebbb8efcf47f08376fbc/element/f66ca248-268d-473f-b2f4-2943fe174d92/text'
18:26:20.805 [Forwarding getElementText on session 2aa51e07f548ebbb8efcf47f08376fbc to remote] DEBUG org.asynchttpclient.netty.request.NettyRequestSender - Using open Channel [id: 0x38473121, L:/127.0.0.1:54991 - R:localhost/127.0.0.1:8354] for GET '/session/2aa51e07f548ebbb8efcf47f08376fbc/element/f66ca248-268d-473f-b2f4-2943fe174d92/text'
18:26:20.826 [AsyncHttpClient-1-4] DEBUG org.asynchttpclient.netty.handler.HttpHandler - 

Request DefaultFullHttpRequest(decodeResult: success, version: HTTP/1.1, content: EmptyByteBufBE)
GET /session/2aa51e07f548ebbb8efcf47f08376fbc/element/f66ca248-268d-473f-b2f4-2943fe174d92/text HTTP/1.1
User-Agent: selenium/4.5.3 (java mac)
Cache-Control: no-cache
Content-Type: application/json; charset=utf-8
host: localhost:8354
accept: */*

Response DefaultHttpResponse(decodeResult: success, version: HTTP/1.1)
HTTP/1.1 200 OK
Content-Length: 59
Content-Type: application/json; charset=utf-8
cache-control: no-cache

18:26:20.826 [AsyncHttpClient-1-4] DEBUG org.asynchttpclient.netty.channel.ChannelManager - Adding key: http://localhost:8354 for channel [id: 0x38473121, L:/127.0.0.1:54991 - R:localhost/127.0.0.1:8354]
18:26:20.827 [Forwarding findChildElement on session 2aa51e07f548ebbb8efcf47f08376fbc to remote] DEBUG org.asynchttpclient.netty.request.NettyRequestSender - Using pooled Channel '[id: 0x38473121, L:/127.0.0.1:54991 - R:localhost/127.0.0.1:8354]' for 'POST' to 'http://localhost:8354/session/2aa51e07f548ebbb8efcf47f08376fbc/element/30b4baf5-51d2-414f-935b-3c6e48aa25db/element'
18:26:20.827 [Forwarding findChildElement on session 2aa51e07f548ebbb8efcf47f08376fbc to remote] DEBUG org.asynchttpclient.netty.request.NettyRequestSender - Using open Channel [id: 0x38473121, L:/127.0.0.1:54991 - R:localhost/127.0.0.1:8354] for POST '/session/2aa51e07f548ebbb8efcf47f08376fbc/element/30b4baf5-51d2-414f-935b-3c6e48aa25db/element'
18:26:20.856 [AsyncHttpClient-1-4] DEBUG org.asynchttpclient.netty.handler.HttpHandler - 

Request DefaultHttpRequest(decodeResult: success, version: HTTP/1.1)
POST /session/2aa51e07f548ebbb8efcf47f08376fbc/element/30b4baf5-51d2-414f-935b-3c6e48aa25db/element HTTP/1.1
User-Agent: selenium/4.5.3 (java mac)
Content-Length: 106
Content-Type: application/json; charset=utf-8
host: localhost:8354
accept: */*

Response DefaultHttpResponse(decodeResult: success, version: HTTP/1.1)
HTTP/1.1 200 OK
Content-Length: 88
Content-Type: application/json; charset=utf-8
cache-control: no-cache

18:26:20.856 [AsyncHttpClient-1-4] DEBUG org.asynchttpclient.netty.channel.ChannelManager - Adding key: http://localhost:8354 for channel [id: 0x38473121, L:/127.0.0.1:54991 - R:localhost/127.0.0.1:8354]
18:26:20.857 [Forwarding getElementText on session 2aa51e07f548ebbb8efcf47f08376fbc to remote] DEBUG org.asynchttpclient.netty.request.NettyRequestSender - Using pooled Channel '[id: 0x38473121, L:/127.0.0.1:54991 - R:localhost/127.0.0.1:8354]' for 'GET' to 'http://localhost:8354/session/2aa51e07f548ebbb8efcf47f08376fbc/element/39dc4e15-fa63-4872-b042-4c95ffbfcab9/text'
18:26:20.857 [Forwarding getElementText on session 2aa51e07f548ebbb8efcf47f08376fbc to remote] DEBUG org.asynchttpclient.netty.request.NettyRequestSender - Using open Channel [id: 0x38473121, L:/127.0.0.1:54991 - R:localhost/127.0.0.1:8354] for GET '/session/2aa51e07f548ebbb8efcf47f08376fbc/element/39dc4e15-fa63-4872-b042-4c95ffbfcab9/text'
18:26:21.116 [AsyncHttpClient-1-1] DEBUG org.asynchttpclient.netty.channel.DefaultChannelPool - Entry count for : http://localhost:54992 : 1
18:26:21.117 [AsyncHttpClient-1-1] DEBUG org.asynchttpclient.netty.channel.DefaultChannelPool - Entry count for : http://localhost:7078 : 1
18:26:21.298 [AsyncHttpClient-1-4] DEBUG org.asynchttpclient.netty.handler.HttpHandler - 

Request DefaultFullHttpRequest(decodeResult: success, version: HTTP/1.1, content: EmptyByteBufBE)
GET /session/2aa51e07f548ebbb8efcf47f08376fbc/element/39dc4e15-fa63-4872-b042-4c95ffbfcab9/text HTTP/1.1
User-Agent: selenium/4.5.3 (java mac)
Cache-Control: no-cache
Content-Type: application/json; charset=utf-8
host: localhost:8354
accept: */*

Response DefaultHttpResponse(decodeResult: success, version: HTTP/1.1)
HTTP/1.1 200 OK
Content-Length: 19
Content-Type: application/json; charset=utf-8
cache-control: no-cache

18:26:21.298 [AsyncHttpClient-1-4] DEBUG org.asynchttpclient.netty.channel.ChannelManager - Adding key: http://localhost:8354 for channel [id: 0x38473121, L:/127.0.0.1:54991 - R:localhost/127.0.0.1:8354]
18:26:21.299 [Forwarding findChildElement on session 2aa51e07f548ebbb8efcf47f08376fbc to remote] DEBUG org.asynchttpclient.netty.request.NettyRequestSender - Using pooled Channel '[id: 0x38473121, L:/127.0.0.1:54991 - R:localhost/127.0.0.1:8354]' for 'POST' to 'http://localhost:8354/session/2aa51e07f548ebbb8efcf47f08376fbc/element/1c37c784-e785-4196-9071-0bcf722098ee/element'
18:26:21.299 [Forwarding findChildElement on session 2aa51e07f548ebbb8efcf47f08376fbc to remote] DEBUG org.asynchttpclient.netty.request.NettyRequestSender - Using open Channel [id: 0x38473121, L:/127.0.0.1:54991 - R:localhost/127.0.0.1:8354] for POST '/session/2aa51e07f548ebbb8efcf47f08376fbc/element/1c37c784-e785-4196-9071-0bcf722098ee/element'
18:26:21.316 [AsyncHttpClient-1-4] DEBUG org.asynchttpclient.netty.handler.HttpHandler - 

Request DefaultHttpRequest(decodeResult: success, version: HTTP/1.1)
POST /session/2aa51e07f548ebbb8efcf47f08376fbc/element/1c37c784-e785-4196-9071-0bcf722098ee/element HTTP/1.1
User-Agent: selenium/4.5.3 (java mac)
Content-Length: 106
Content-Type: application/json; charset=utf-8
host: localhost:8354
accept: */*

Response DefaultHttpResponse(decodeResult: success, version: HTTP/1.1)
HTTP/1.1 200 OK
Content-Length: 88
Content-Type: application/json; charset=utf-8
cache-control: no-cache

18:26:21.316 [AsyncHttpClient-1-4] DEBUG org.asynchttpclient.netty.channel.ChannelManager - Adding key: http://localhost:8354 for channel [id: 0x38473121, L:/127.0.0.1:54991 - R:localhost/127.0.0.1:8354]
18:26:21.321 [Forwarding getElementText on session 2aa51e07f548ebbb8efcf47f08376fbc to remote] DEBUG org.asynchttpclient.netty.request.NettyRequestSender - Using pooled Channel '[id: 0x38473121, L:/127.0.0.1:54991 - R:localhost/127.0.0.1:8354]' for 'GET' to 'http://localhost:8354/session/2aa51e07f548ebbb8efcf47f08376fbc/element/4348108c-42fa-4afe-8f3c-4212f4a04cdc/text'
18:26:21.321 [Forwarding getElementText on session 2aa51e07f548ebbb8efcf47f08376fbc to remote] DEBUG org.asynchttpclient.netty.request.NettyRequestSender - Using open Channel [id: 0x38473121, L:/127.0.0.1:54991 - R:localhost/127.0.0.1:8354] for GET '/session/2aa51e07f548ebbb8efcf47f08376fbc/element/4348108c-42fa-4afe-8f3c-4212f4a04cdc/text'
18:26:21.592 [AsyncHttpClient-1-4] DEBUG org.asynchttpclient.netty.handler.HttpHandler - 

Request DefaultFullHttpRequest(decodeResult: success, version: HTTP/1.1, content: EmptyByteBufBE)
GET /session/2aa51e07f548ebbb8efcf47f08376fbc/element/4348108c-42fa-4afe-8f3c-4212f4a04cdc/text HTTP/1.1
User-Agent: selenium/4.5.3 (java mac)
Cache-Control: no-cache
Content-Type: application/json; charset=utf-8
host: localhost:8354
accept: */*

Response DefaultHttpResponse(decodeResult: success, version: HTTP/1.1)
HTTP/1.1 200 OK
Content-Length: 92
Content-Type: application/json; charset=utf-8
cache-control: no-cache

18:26:21.592 [AsyncHttpClient-1-4] DEBUG org.asynchttpclient.netty.channel.ChannelManager - Adding key: http://localhost:8354 for channel [id: 0x38473121, L:/127.0.0.1:54991 - R:localhost/127.0.0.1:8354]
18:26:21.593 [Forwarding findChildElement on session 2aa51e07f548ebbb8efcf47f08376fbc to remote] DEBUG org.asynchttpclient.netty.request.NettyRequestSender - Using pooled Channel '[id: 0x38473121, L:/127.0.0.1:54991 - R:localhost/127.0.0.1:8354]' for 'POST' to 'http://localhost:8354/session/2aa51e07f548ebbb8efcf47f08376fbc/element/1c37c784-e785-4196-9071-0bcf722098ee/element'
18:26:21.593 [Forwarding findChildElement on session 2aa51e07f548ebbb8efcf47f08376fbc to remote] DEBUG org.asynchttpclient.netty.request.NettyRequestSender - Using open Channel [id: 0x38473121, L:/127.0.0.1:54991 - R:localhost/127.0.0.1:8354] for POST '/session/2aa51e07f548ebbb8efcf47f08376fbc/element/1c37c784-e785-4196-9071-0bcf722098ee/element'
18:26:21.653 [AsyncHttpClient-1-4] DEBUG org.asynchttpclient.netty.handler.HttpHandler - 

Request DefaultHttpRequest(decodeResult: success, version: HTTP/1.1)
POST /session/2aa51e07f548ebbb8efcf47f08376fbc/element/1c37c784-e785-4196-9071-0bcf722098ee/element HTTP/1.1
User-Agent: selenium/4.5.3 (java mac)
Content-Length: 106
Content-Type: application/json; charset=utf-8
host: localhost:8354
accept: */*

Response DefaultHttpResponse(decodeResult: success, version: HTTP/1.1)
HTTP/1.1 200 OK
Content-Length: 88
Content-Type: application/json; charset=utf-8
cache-control: no-cache

18:26:21.653 [AsyncHttpClient-1-4] DEBUG org.asynchttpclient.netty.channel.ChannelManager - Adding key: http://localhost:8354 for channel [id: 0x38473121, L:/127.0.0.1:54991 - R:localhost/127.0.0.1:8354]
18:26:21.657 [Forwarding getElementText on session 2aa51e07f548ebbb8efcf47f08376fbc to remote] DEBUG org.asynchttpclient.netty.request.NettyRequestSender - Using pooled Channel '[id: 0x38473121, L:/127.0.0.1:54991 - R:localhost/127.0.0.1:8354]' for 'GET' to 'http://localhost:8354/session/2aa51e07f548ebbb8efcf47f08376fbc/element/03d25361-1351-44c4-8f2d-a7afa0b0b356/text'
18:26:21.657 [Forwarding getElementText on session 2aa51e07f548ebbb8efcf47f08376fbc to remote] DEBUG org.asynchttpclient.netty.request.NettyRequestSender - Using open Channel [id: 0x38473121, L:/127.0.0.1:54991 - R:localhost/127.0.0.1:8354] for GET '/session/2aa51e07f548ebbb8efcf47f08376fbc/element/03d25361-1351-44c4-8f2d-a7afa0b0b356/text'
18:26:21.976 [AsyncHttpClient-1-4] DEBUG org.asynchttpclient.netty.handler.HttpHandler - 

Request DefaultFullHttpRequest(decodeResult: success, version: HTTP/1.1, content: EmptyByteBufBE)
GET /session/2aa51e07f548ebbb8efcf47f08376fbc/element/03d25361-1351-44c4-8f2d-a7afa0b0b356/text HTTP/1.1
User-Agent: selenium/4.5.3 (java mac)
Cache-Control: no-cache
Content-Type: application/json; charset=utf-8
host: localhost:8354
accept: */*

Response DefaultHttpResponse(decodeResult: success, version: HTTP/1.1)
HTTP/1.1 200 OK
Content-Length: 30
Content-Type: application/json; charset=utf-8
cache-control: no-cache

18:26:21.976 [AsyncHttpClient-1-4] DEBUG org.asynchttpclient.netty.channel.ChannelManager - Adding key: http://localhost:8354 for channel [id: 0x38473121, L:/127.0.0.1:54991 - R:localhost/127.0.0.1:8354]
18:26:21.977 [Forwarding findChildElement on session 2aa51e07f548ebbb8efcf47f08376fbc to remote] DEBUG org.asynchttpclient.netty.request.NettyRequestSender - Using pooled Channel '[id: 0x38473121, L:/127.0.0.1:54991 - R:localhost/127.0.0.1:8354]' for 'POST' to 'http://localhost:8354/session/2aa51e07f548ebbb8efcf47f08376fbc/element/2c3cb232-7b98-4b21-863f-2a7bdbc70115/element'
18:26:21.977 [Forwarding findChildElement on session 2aa51e07f548ebbb8efcf47f08376fbc to remote] DEBUG org.asynchttpclient.netty.request.NettyRequestSender - Using open Channel [id: 0x38473121, L:/127.0.0.1:54991 - R:localhost/127.0.0.1:8354] for POST '/session/2aa51e07f548ebbb8efcf47f08376fbc/element/2c3cb232-7b98-4b21-863f-2a7bdbc70115/element'
18:26:21.998 [AsyncHttpClient-1-4] DEBUG org.asynchttpclient.netty.handler.HttpHandler - 

Request DefaultHttpRequest(decodeResult: success, version: HTTP/1.1)
POST /session/2aa51e07f548ebbb8efcf47f08376fbc/element/2c3cb232-7b98-4b21-863f-2a7bdbc70115/element HTTP/1.1
User-Agent: selenium/4.5.3 (java mac)
Content-Length: 106
Content-Type: application/json; charset=utf-8
host: localhost:8354
accept: */*

Response DefaultHttpResponse(decodeResult: success, version: HTTP/1.1)
HTTP/1.1 200 OK
Content-Length: 88
Content-Type: application/json; charset=utf-8
cache-control: no-cache

18:26:21.998 [AsyncHttpClient-1-4] DEBUG org.asynchttpclient.netty.channel.ChannelManager - Adding key: http://localhost:8354 for channel [id: 0x38473121, L:/127.0.0.1:54991 - R:localhost/127.0.0.1:8354]
18:26:21.999 [Forwarding getElementText on session 2aa51e07f548ebbb8efcf47f08376fbc to remote] DEBUG org.asynchttpclient.netty.request.NettyRequestSender - Using pooled Channel '[id: 0x38473121, L:/127.0.0.1:54991 - R:localhost/127.0.0.1:8354]' for 'GET' to 'http://localhost:8354/session/2aa51e07f548ebbb8efcf47f08376fbc/element/25e599d4-43dd-450a-9bdc-b2be437ab651/text'
18:26:21.999 [Forwarding getElementText on session 2aa51e07f548ebbb8efcf47f08376fbc to remote] DEBUG org.asynchttpclient.netty.request.NettyRequestSender - Using open Channel [id: 0x38473121, L:/127.0.0.1:54991 - R:localhost/127.0.0.1:8354] for GET '/session/2aa51e07f548ebbb8efcf47f08376fbc/element/25e599d4-43dd-450a-9bdc-b2be437ab651/text'
18:26:22.015 [AsyncHttpClient-1-4] DEBUG org.asynchttpclient.netty.handler.HttpHandler - 

Request DefaultFullHttpRequest(decodeResult: success, version: HTTP/1.1, content: EmptyByteBufBE)
GET /session/2aa51e07f548ebbb8efcf47f08376fbc/element/25e599d4-43dd-450a-9bdc-b2be437ab651/text HTTP/1.1
User-Agent: selenium/4.5.3 (java mac)
Cache-Control: no-cache
Content-Type: application/json; charset=utf-8
host: localhost:8354
accept: */*

Response DefaultHttpResponse(decodeResult: success, version: HTTP/1.1)
HTTP/1.1 200 OK
Content-Length: 64
Content-Type: application/json; charset=utf-8
cache-control: no-cache

18:26:22.016 [AsyncHttpClient-1-4] DEBUG org.asynchttpclient.netty.channel.ChannelManager - Adding key: http://localhost:8354 for channel [id: 0x38473121, L:/127.0.0.1:54991 - R:localhost/127.0.0.1:8354]
18:26:22.016 [Forwarding findChildElement on session 2aa51e07f548ebbb8efcf47f08376fbc to remote] DEBUG org.asynchttpclient.netty.request.NettyRequestSender - Using pooled Channel '[id: 0x38473121, L:/127.0.0.1:54991 - R:localhost/127.0.0.1:8354]' for 'POST' to 'http://localhost:8354/session/2aa51e07f548ebbb8efcf47f08376fbc/element/2c3cb232-7b98-4b21-863f-2a7bdbc70115/element'
18:26:22.016 [Forwarding findChildElement on session 2aa51e07f548ebbb8efcf47f08376fbc to remote] DEBUG org.asynchttpclient.netty.request.NettyRequestSender - Using open Channel [id: 0x38473121, L:/127.0.0.1:54991 - R:localhost/127.0.0.1:8354] for POST '/session/2aa51e07f548ebbb8efcf47f08376fbc/element/2c3cb232-7b98-4b21-863f-2a7bdbc70115/element'
18:26:22.027 [AsyncHttpClient-1-4] DEBUG org.asynchttpclient.netty.handler.HttpHandler - 

Request DefaultHttpRequest(decodeResult: success, version: HTTP/1.1)
POST /session/2aa51e07f548ebbb8efcf47f08376fbc/element/2c3cb232-7b98-4b21-863f-2a7bdbc70115/element HTTP/1.1
User-Agent: selenium/4.5.3 (java mac)
Content-Length: 106
Content-Type: application/json; charset=utf-8
host: localhost:8354
accept: */*

Response DefaultHttpResponse(decodeResult: success, version: HTTP/1.1)
HTTP/1.1 200 OK
Content-Length: 88
Content-Type: application/json; charset=utf-8
cache-control: no-cache

18:26:22.027 [AsyncHttpClient-1-4] DEBUG org.asynchttpclient.netty.channel.ChannelManager - Adding key: http://localhost:8354 for channel [id: 0x38473121, L:/127.0.0.1:54991 - R:localhost/127.0.0.1:8354]
18:26:22.028 [Forwarding getElementText on session 2aa51e07f548ebbb8efcf47f08376fbc to remote] DEBUG org.asynchttpclient.netty.request.NettyRequestSender - Using pooled Channel '[id: 0x38473121, L:/127.0.0.1:54991 - R:localhost/127.0.0.1:8354]' for 'GET' to 'http://localhost:8354/session/2aa51e07f548ebbb8efcf47f08376fbc/element/ea7a4e45-dc05-41c4-b5b4-999cdf7224fa/text'
18:26:22.028 [Forwarding getElementText on session 2aa51e07f548ebbb8efcf47f08376fbc to remote] DEBUG org.asynchttpclient.netty.request.NettyRequestSender - Using open Channel [id: 0x38473121, L:/127.0.0.1:54991 - R:localhost/127.0.0.1:8354] for GET '/session/2aa51e07f548ebbb8efcf47f08376fbc/element/ea7a4e45-dc05-41c4-b5b4-999cdf7224fa/text'
18:26:22.042 [AsyncHttpClient-1-4] DEBUG org.asynchttpclient.netty.handler.HttpHandler - 

Request DefaultFullHttpRequest(decodeResult: success, version: HTTP/1.1, content: EmptyByteBufBE)
GET /session/2aa51e07f548ebbb8efcf47f08376fbc/element/ea7a4e45-dc05-41c4-b5b4-999cdf7224fa/text HTTP/1.1
User-Agent: selenium/4.5.3 (java mac)
Cache-Control: no-cache
Content-Type: application/json; charset=utf-8
host: localhost:8354
accept: */*

Response DefaultHttpResponse(decodeResult: success, version: HTTP/1.1)
HTTP/1.1 200 OK
Content-Length: 19
Content-Type: application/json; charset=utf-8
cache-control: no-cache

18:26:22.042 [AsyncHttpClient-1-4] DEBUG org.asynchttpclient.netty.channel.ChannelManager - Adding key: http://localhost:8354 for channel [id: 0x38473121, L:/127.0.0.1:54991 - R:localhost/127.0.0.1:8354]
18:26:22.043 [Forwarding findChildElement on session 2aa51e07f548ebbb8efcf47f08376fbc to remote] DEBUG org.asynchttpclient.netty.request.NettyRequestSender - Using pooled Channel '[id: 0x38473121, L:/127.0.0.1:54991 - R:localhost/127.0.0.1:8354]' for 'POST' to 'http://localhost:8354/session/2aa51e07f548ebbb8efcf47f08376fbc/element/d310d940-65d4-4f1f-b8c4-d0fa93d03926/element'
18:26:22.043 [Forwarding findChildElement on session 2aa51e07f548ebbb8efcf47f08376fbc to remote] DEBUG org.asynchttpclient.netty.request.NettyRequestSender - Using open Channel [id: 0x38473121, L:/127.0.0.1:54991 - R:localhost/127.0.0.1:8354] for POST '/session/2aa51e07f548ebbb8efcf47f08376fbc/element/d310d940-65d4-4f1f-b8c4-d0fa93d03926/element'
18:26:22.061 [AsyncHttpClient-1-4] DEBUG org.asynchttpclient.netty.handler.HttpHandler - 

Request DefaultHttpRequest(decodeResult: success, version: HTTP/1.1)
POST /session/2aa51e07f548ebbb8efcf47f08376fbc/element/d310d940-65d4-4f1f-b8c4-d0fa93d03926/element HTTP/1.1
User-Agent: selenium/4.5.3 (java mac)
Content-Length: 106
Content-Type: application/json; charset=utf-8
host: localhost:8354
accept: */*

Response DefaultHttpResponse(decodeResult: success, version: HTTP/1.1)
HTTP/1.1 200 OK
Content-Length: 88
Content-Type: application/json; charset=utf-8
cache-control: no-cache

18:26:22.061 [AsyncHttpClient-1-4] DEBUG org.asynchttpclient.netty.channel.ChannelManager - Adding key: http://localhost:8354 for channel [id: 0x38473121, L:/127.0.0.1:54991 - R:localhost/127.0.0.1:8354]
18:26:22.062 [Forwarding getElementText on session 2aa51e07f548ebbb8efcf47f08376fbc to remote] DEBUG org.asynchttpclient.netty.request.NettyRequestSender - Using pooled Channel '[id: 0x38473121, L:/127.0.0.1:54991 - R:localhost/127.0.0.1:8354]' for 'GET' to 'http://localhost:8354/session/2aa51e07f548ebbb8efcf47f08376fbc/element/2382be9a-c4dd-4376-9beb-799067b27485/text'
18:26:22.062 [Forwarding getElementText on session 2aa51e07f548ebbb8efcf47f08376fbc to remote] DEBUG org.asynchttpclient.netty.request.NettyRequestSender - Using open Channel [id: 0x38473121, L:/127.0.0.1:54991 - R:localhost/127.0.0.1:8354] for GET '/session/2aa51e07f548ebbb8efcf47f08376fbc/element/2382be9a-c4dd-4376-9beb-799067b27485/text'
18:26:22.094 [AsyncHttpClient-1-4] DEBUG org.asynchttpclient.netty.handler.HttpHandler - 

Request DefaultFullHttpRequest(decodeResult: success, version: HTTP/1.1, content: EmptyByteBufBE)
GET /session/2aa51e07f548ebbb8efcf47f08376fbc/element/2382be9a-c4dd-4376-9beb-799067b27485/text HTTP/1.1
User-Agent: selenium/4.5.3 (java mac)
Cache-Control: no-cache
Content-Type: application/json; charset=utf-8
host: localhost:8354
accept: */*

Response DefaultHttpResponse(decodeResult: success, version: HTTP/1.1)
HTTP/1.1 200 OK
Content-Length: 91
Content-Type: application/json; charset=utf-8
cache-control: no-cache

18:26:22.094 [AsyncHttpClient-1-4] DEBUG org.asynchttpclient.netty.channel.ChannelManager - Adding key: http://localhost:8354 for channel [id: 0x38473121, L:/127.0.0.1:54991 - R:localhost/127.0.0.1:8354]
18:26:22.095 [Forwarding findChildElement on session 2aa51e07f548ebbb8efcf47f08376fbc to remote] DEBUG org.asynchttpclient.netty.request.NettyRequestSender - Using pooled Channel '[id: 0x38473121, L:/127.0.0.1:54991 - R:localhost/127.0.0.1:8354]' for 'POST' to 'http://localhost:8354/session/2aa51e07f548ebbb8efcf47f08376fbc/element/d310d940-65d4-4f1f-b8c4-d0fa93d03926/element'
18:26:22.095 [Forwarding findChildElement on session 2aa51e07f548ebbb8efcf47f08376fbc to remote] DEBUG org.asynchttpclient.netty.request.NettyRequestSender - Using open Channel [id: 0x38473121, L:/127.0.0.1:54991 - R:localhost/127.0.0.1:8354] for POST '/session/2aa51e07f548ebbb8efcf47f08376fbc/element/d310d940-65d4-4f1f-b8c4-d0fa93d03926/element'
18:26:22.107 [AsyncHttpClient-1-4] DEBUG org.asynchttpclient.netty.handler.HttpHandler - 

Request DefaultHttpRequest(decodeResult: success, version: HTTP/1.1)
POST /session/2aa51e07f548ebbb8efcf47f08376fbc/element/d310d940-65d4-4f1f-b8c4-d0fa93d03926/element HTTP/1.1
User-Agent: selenium/4.5.3 (java mac)
Content-Length: 106
Content-Type: application/json; charset=utf-8
host: localhost:8354
accept: */*

Response DefaultHttpResponse(decodeResult: success, version: HTTP/1.1)
HTTP/1.1 200 OK
Content-Length: 88
Content-Type: application/json; charset=utf-8
cache-control: no-cache

18:26:22.107 [AsyncHttpClient-1-4] DEBUG org.asynchttpclient.netty.channel.ChannelManager - Adding key: http://localhost:8354 for channel [id: 0x38473121, L:/127.0.0.1:54991 - R:localhost/127.0.0.1:8354]
18:26:22.109 [Forwarding getElementText on session 2aa51e07f548ebbb8efcf47f08376fbc to remote] DEBUG org.asynchttpclient.netty.request.NettyRequestSender - Using pooled Channel '[id: 0x38473121, L:/127.0.0.1:54991 - R:localhost/127.0.0.1:8354]' for 'GET' to 'http://localhost:8354/session/2aa51e07f548ebbb8efcf47f08376fbc/element/2b7019e4-b9d9-4f52-98d6-b9112d2cd98e/text'
18:26:22.109 [Forwarding getElementText on session 2aa51e07f548ebbb8efcf47f08376fbc to remote] DEBUG org.asynchttpclient.netty.request.NettyRequestSender - Using open Channel [id: 0x38473121, L:/127.0.0.1:54991 - R:localhost/127.0.0.1:8354] for GET '/session/2aa51e07f548ebbb8efcf47f08376fbc/element/2b7019e4-b9d9-4f52-98d6-b9112d2cd98e/text'
18:26:22.212 [AsyncHttpClient-1-1] DEBUG org.asynchttpclient.netty.channel.DefaultChannelPool - Entry count for : http://localhost:54992 : 1
18:26:22.212 [AsyncHttpClient-1-1] DEBUG org.asynchttpclient.netty.channel.DefaultChannelPool - Entry count for : http://localhost:7078 : 1
18:26:22.387 [AsyncHttpClient-1-4] DEBUG org.asynchttpclient.netty.handler.HttpHandler - 

Request DefaultFullHttpRequest(decodeResult: success, version: HTTP/1.1, content: EmptyByteBufBE)
GET /session/2aa51e07f548ebbb8efcf47f08376fbc/element/2b7019e4-b9d9-4f52-98d6-b9112d2cd98e/text HTTP/1.1
User-Agent: selenium/4.5.3 (java mac)
Cache-Control: no-cache
Content-Type: application/json; charset=utf-8
host: localhost:8354
accept: */*

Response DefaultHttpResponse(decodeResult: success, version: HTTP/1.1)
HTTP/1.1 200 OK
Content-Length: 30
Content-Type: application/json; charset=utf-8
cache-control: no-cache

18:26:22.388 [AsyncHttpClient-1-4] DEBUG org.asynchttpclient.netty.channel.ChannelManager - Adding key: http://localhost:8354 for channel [id: 0x38473121, L:/127.0.0.1:54991 - R:localhost/127.0.0.1:8354]
18:26:22.389 [Forwarding findChildElement on session 2aa51e07f548ebbb8efcf47f08376fbc to remote] DEBUG org.asynchttpclient.netty.request.NettyRequestSender - Using pooled Channel '[id: 0x38473121, L:/127.0.0.1:54991 - R:localhost/127.0.0.1:8354]' for 'POST' to 'http://localhost:8354/session/2aa51e07f548ebbb8efcf47f08376fbc/element/903330a2-da32-4b27-8f6f-201f57ffb09b/element'
18:26:22.390 [Forwarding findChildElement on session 2aa51e07f548ebbb8efcf47f08376fbc to remote] DEBUG org.asynchttpclient.netty.request.NettyRequestSender - Using open Channel [id: 0x38473121, L:/127.0.0.1:54991 - R:localhost/127.0.0.1:8354] for POST '/session/2aa51e07f548ebbb8efcf47f08376fbc/element/903330a2-da32-4b27-8f6f-201f57ffb09b/element'
18:26:22.411 [AsyncHttpClient-1-4] DEBUG org.asynchttpclient.netty.handler.HttpHandler - 

Request DefaultHttpRequest(decodeResult: success, version: HTTP/1.1)
POST /session/2aa51e07f548ebbb8efcf47f08376fbc/element/903330a2-da32-4b27-8f6f-201f57ffb09b/element HTTP/1.1
User-Agent: selenium/4.5.3 (java mac)
Content-Length: 106
Content-Type: application/json; charset=utf-8
host: localhost:8354
accept: */*

Response DefaultHttpResponse(decodeResult: success, version: HTTP/1.1)
HTTP/1.1 200 OK
Content-Length: 88
Content-Type: application/json; charset=utf-8
cache-control: no-cache

18:26:22.411 [AsyncHttpClient-1-4] DEBUG org.asynchttpclient.netty.channel.ChannelManager - Adding key: http://localhost:8354 for channel [id: 0x38473121, L:/127.0.0.1:54991 - R:localhost/127.0.0.1:8354]
18:26:22.412 [Forwarding getElementText on session 2aa51e07f548ebbb8efcf47f08376fbc to remote] DEBUG org.asynchttpclient.netty.request.NettyRequestSender - Using pooled Channel '[id: 0x38473121, L:/127.0.0.1:54991 - R:localhost/127.0.0.1:8354]' for 'GET' to 'http://localhost:8354/session/2aa51e07f548ebbb8efcf47f08376fbc/element/17cea04b-3329-4939-8161-84bbd2ee728c/text'
18:26:22.412 [Forwarding getElementText on session 2aa51e07f548ebbb8efcf47f08376fbc to remote] DEBUG org.asynchttpclient.netty.request.NettyRequestSender - Using open Channel [id: 0x38473121, L:/127.0.0.1:54991 - R:localhost/127.0.0.1:8354] for GET '/session/2aa51e07f548ebbb8efcf47f08376fbc/element/17cea04b-3329-4939-8161-84bbd2ee728c/text'
18:26:22.591 [AsyncHttpClient-1-4] DEBUG org.asynchttpclient.netty.handler.HttpHandler - 

Request DefaultFullHttpRequest(decodeResult: success, version: HTTP/1.1, content: EmptyByteBufBE)
GET /session/2aa51e07f548ebbb8efcf47f08376fbc/element/17cea04b-3329-4939-8161-84bbd2ee728c/text HTTP/1.1
User-Agent: selenium/4.5.3 (java mac)
Cache-Control: no-cache
Content-Type: application/json; charset=utf-8
host: localhost:8354
accept: */*

Response DefaultHttpResponse(decodeResult: success, version: HTTP/1.1)
HTTP/1.1 200 OK
Content-Length: 68
Content-Type: application/json; charset=utf-8
cache-control: no-cache

18:26:22.591 [AsyncHttpClient-1-4] DEBUG org.asynchttpclient.netty.channel.ChannelManager - Adding key: http://localhost:8354 for channel [id: 0x38473121, L:/127.0.0.1:54991 - R:localhost/127.0.0.1:8354]
18:26:22.592 [Forwarding findChildElement on session 2aa51e07f548ebbb8efcf47f08376fbc to remote] DEBUG org.asynchttpclient.netty.request.NettyRequestSender - Using pooled Channel '[id: 0x38473121, L:/127.0.0.1:54991 - R:localhost/127.0.0.1:8354]' for 'POST' to 'http://localhost:8354/session/2aa51e07f548ebbb8efcf47f08376fbc/element/903330a2-da32-4b27-8f6f-201f57ffb09b/element'
18:26:22.592 [Forwarding findChildElement on session 2aa51e07f548ebbb8efcf47f08376fbc to remote] DEBUG org.asynchttpclient.netty.request.NettyRequestSender - Using open Channel [id: 0x38473121, L:/127.0.0.1:54991 - R:localhost/127.0.0.1:8354] for POST '/session/2aa51e07f548ebbb8efcf47f08376fbc/element/903330a2-da32-4b27-8f6f-201f57ffb09b/element'
18:26:22.686 [AsyncHttpClient-1-4] DEBUG org.asynchttpclient.netty.handler.HttpHandler - 

Request DefaultHttpRequest(decodeResult: success, version: HTTP/1.1)
POST /session/2aa51e07f548ebbb8efcf47f08376fbc/element/903330a2-da32-4b27-8f6f-201f57ffb09b/element HTTP/1.1
User-Agent: selenium/4.5.3 (java mac)
Content-Length: 106
Content-Type: application/json; charset=utf-8
host: localhost:8354
accept: */*

Response DefaultHttpResponse(decodeResult: success, version: HTTP/1.1)
HTTP/1.1 200 OK
Content-Length: 88
Content-Type: application/json; charset=utf-8
cache-control: no-cache

18:26:22.687 [AsyncHttpClient-1-4] DEBUG org.asynchttpclient.netty.channel.ChannelManager - Adding key: http://localhost:8354 for channel [id: 0x38473121, L:/127.0.0.1:54991 - R:localhost/127.0.0.1:8354]
18:26:22.687 [Forwarding getElementText on session 2aa51e07f548ebbb8efcf47f08376fbc to remote] DEBUG org.asynchttpclient.netty.request.NettyRequestSender - Using pooled Channel '[id: 0x38473121, L:/127.0.0.1:54991 - R:localhost/127.0.0.1:8354]' for 'GET' to 'http://localhost:8354/session/2aa51e07f548ebbb8efcf47f08376fbc/element/5656dbf8-1b62-4a7b-9160-5c7ba78ba3e6/text'
18:26:22.687 [Forwarding getElementText on session 2aa51e07f548ebbb8efcf47f08376fbc to remote] DEBUG org.asynchttpclient.netty.request.NettyRequestSender - Using open Channel [id: 0x38473121, L:/127.0.0.1:54991 - R:localhost/127.0.0.1:8354] for GET '/session/2aa51e07f548ebbb8efcf47f08376fbc/element/5656dbf8-1b62-4a7b-9160-5c7ba78ba3e6/text'
18:26:22.887 [AsyncHttpClient-1-4] DEBUG org.asynchttpclient.netty.handler.HttpHandler - 

Request DefaultFullHttpRequest(decodeResult: success, version: HTTP/1.1, content: EmptyByteBufBE)
GET /session/2aa51e07f548ebbb8efcf47f08376fbc/element/5656dbf8-1b62-4a7b-9160-5c7ba78ba3e6/text HTTP/1.1
User-Agent: selenium/4.5.3 (java mac)
Cache-Control: no-cache
Content-Type: application/json; charset=utf-8
host: localhost:8354
accept: */*

Response DefaultHttpResponse(decodeResult: success, version: HTTP/1.1)
HTTP/1.1 200 OK
Content-Length: 19
Content-Type: application/json; charset=utf-8
cache-control: no-cache

18:26:22.888 [AsyncHttpClient-1-4] DEBUG org.asynchttpclient.netty.channel.ChannelManager - Adding key: http://localhost:8354 for channel [id: 0x38473121, L:/127.0.0.1:54991 - R:localhost/127.0.0.1:8354]
18:26:22.890 [Forwarding findChildElement on session 2aa51e07f548ebbb8efcf47f08376fbc to remote] DEBUG org.asynchttpclient.netty.request.NettyRequestSender - Using pooled Channel '[id: 0x38473121, L:/127.0.0.1:54991 - R:localhost/127.0.0.1:8354]' for 'POST' to 'http://localhost:8354/session/2aa51e07f548ebbb8efcf47f08376fbc/element/9afec2dc-1b39-472a-8fab-88b7ec2a12b6/element'
18:26:22.891 [Forwarding findChildElement on session 2aa51e07f548ebbb8efcf47f08376fbc to remote] DEBUG org.asynchttpclient.netty.request.NettyRequestSender - Using open Channel [id: 0x38473121, L:/127.0.0.1:54991 - R:localhost/127.0.0.1:8354] for POST '/session/2aa51e07f548ebbb8efcf47f08376fbc/element/9afec2dc-1b39-472a-8fab-88b7ec2a12b6/element'
18:26:22.907 [AsyncHttpClient-1-4] DEBUG org.asynchttpclient.netty.handler.HttpHandler - 

Request DefaultHttpRequest(decodeResult: success, version: HTTP/1.1)
POST /session/2aa51e07f548ebbb8efcf47f08376fbc/element/9afec2dc-1b39-472a-8fab-88b7ec2a12b6/element HTTP/1.1
User-Agent: selenium/4.5.3 (java mac)
Content-Length: 106
Content-Type: application/json; charset=utf-8
host: localhost:8354
accept: */*

Response DefaultHttpResponse(decodeResult: success, version: HTTP/1.1)
HTTP/1.1 200 OK
Content-Length: 88
Content-Type: application/json; charset=utf-8
cache-control: no-cache

18:26:22.907 [AsyncHttpClient-1-4] DEBUG org.asynchttpclient.netty.channel.ChannelManager - Adding key: http://localhost:8354 for channel [id: 0x38473121, L:/127.0.0.1:54991 - R:localhost/127.0.0.1:8354]
18:26:22.908 [Forwarding getElementText on session 2aa51e07f548ebbb8efcf47f08376fbc to remote] DEBUG org.asynchttpclient.netty.request.NettyRequestSender - Using pooled Channel '[id: 0x38473121, L:/127.0.0.1:54991 - R:localhost/127.0.0.1:8354]' for 'GET' to 'http://localhost:8354/session/2aa51e07f548ebbb8efcf47f08376fbc/element/3605cb96-5647-45fe-8276-9f35a09d4fcc/text'
18:26:22.908 [Forwarding getElementText on session 2aa51e07f548ebbb8efcf47f08376fbc to remote] DEBUG org.asynchttpclient.netty.request.NettyRequestSender - Using open Channel [id: 0x38473121, L:/127.0.0.1:54991 - R:localhost/127.0.0.1:8354] for GET '/session/2aa51e07f548ebbb8efcf47f08376fbc/element/3605cb96-5647-45fe-8276-9f35a09d4fcc/text'
18:26:22.929 [AsyncHttpClient-1-4] DEBUG org.asynchttpclient.netty.handler.HttpHandler - 

Request DefaultFullHttpRequest(decodeResult: success, version: HTTP/1.1, content: EmptyByteBufBE)
GET /session/2aa51e07f548ebbb8efcf47f08376fbc/element/3605cb96-5647-45fe-8276-9f35a09d4fcc/text HTTP/1.1
User-Agent: selenium/4.5.3 (java mac)
Cache-Control: no-cache
Content-Type: application/json; charset=utf-8
host: localhost:8354
accept: */*

Response DefaultHttpResponse(decodeResult: success, version: HTTP/1.1)
HTTP/1.1 200 OK
Content-Length: 63
Content-Type: application/json; charset=utf-8
cache-control: no-cache

18:26:22.929 [AsyncHttpClient-1-4] DEBUG org.asynchttpclient.netty.channel.ChannelManager - Adding key: http://localhost:8354 for channel [id: 0x38473121, L:/127.0.0.1:54991 - R:localhost/127.0.0.1:8354]
18:26:22.930 [Forwarding findChildElement on session 2aa51e07f548ebbb8efcf47f08376fbc to remote] DEBUG org.asynchttpclient.netty.request.NettyRequestSender - Using pooled Channel '[id: 0x38473121, L:/127.0.0.1:54991 - R:localhost/127.0.0.1:8354]' for 'POST' to 'http://localhost:8354/session/2aa51e07f548ebbb8efcf47f08376fbc/element/9afec2dc-1b39-472a-8fab-88b7ec2a12b6/element'
18:26:22.930 [Forwarding findChildElement on session 2aa51e07f548ebbb8efcf47f08376fbc to remote] DEBUG org.asynchttpclient.netty.request.NettyRequestSender - Using open Channel [id: 0x38473121, L:/127.0.0.1:54991 - R:localhost/127.0.0.1:8354] for POST '/session/2aa51e07f548ebbb8efcf47f08376fbc/element/9afec2dc-1b39-472a-8fab-88b7ec2a12b6/element'
18:26:22.944 [AsyncHttpClient-1-4] DEBUG org.asynchttpclient.netty.handler.HttpHandler - 

Request DefaultHttpRequest(decodeResult: success, version: HTTP/1.1)
POST /session/2aa51e07f548ebbb8efcf47f08376fbc/element/9afec2dc-1b39-472a-8fab-88b7ec2a12b6/element HTTP/1.1
User-Agent: selenium/4.5.3 (java mac)
Content-Length: 106
Content-Type: application/json; charset=utf-8
host: localhost:8354
accept: */*

Response DefaultHttpResponse(decodeResult: success, version: HTTP/1.1)
HTTP/1.1 200 OK
Content-Length: 88
Content-Type: application/json; charset=utf-8
cache-control: no-cache

18:26:22.944 [AsyncHttpClient-1-4] DEBUG org.asynchttpclient.netty.channel.ChannelManager - Adding key: http://localhost:8354 for channel [id: 0x38473121, L:/127.0.0.1:54991 - R:localhost/127.0.0.1:8354]
18:26:22.945 [Forwarding getElementText on session 2aa51e07f548ebbb8efcf47f08376fbc to remote] DEBUG org.asynchttpclient.netty.request.NettyRequestSender - Using pooled Channel '[id: 0x38473121, L:/127.0.0.1:54991 - R:localhost/127.0.0.1:8354]' for 'GET' to 'http://localhost:8354/session/2aa51e07f548ebbb8efcf47f08376fbc/element/764f34fd-6673-42d5-b8a2-2cc9b2bf9613/text'
18:26:22.945 [Forwarding getElementText on session 2aa51e07f548ebbb8efcf47f08376fbc to remote] DEBUG org.asynchttpclient.netty.request.NettyRequestSender - Using open Channel [id: 0x38473121, L:/127.0.0.1:54991 - R:localhost/127.0.0.1:8354] for GET '/session/2aa51e07f548ebbb8efcf47f08376fbc/element/764f34fd-6673-42d5-b8a2-2cc9b2bf9613/text'
18:26:22.975 [AsyncHttpClient-1-4] DEBUG org.asynchttpclient.netty.handler.HttpHandler - 

Request DefaultFullHttpRequest(decodeResult: success, version: HTTP/1.1, content: EmptyByteBufBE)
GET /session/2aa51e07f548ebbb8efcf47f08376fbc/element/764f34fd-6673-42d5-b8a2-2cc9b2bf9613/text HTTP/1.1
User-Agent: selenium/4.5.3 (java mac)
Cache-Control: no-cache
Content-Type: application/json; charset=utf-8
host: localhost:8354
accept: */*

Response DefaultHttpResponse(decodeResult: success, version: HTTP/1.1)
HTTP/1.1 200 OK
Content-Length: 19
Content-Type: application/json; charset=utf-8
cache-control: no-cache

18:26:22.976 [AsyncHttpClient-1-4] DEBUG org.asynchttpclient.netty.channel.ChannelManager - Adding key: http://localhost:8354 for channel [id: 0x38473121, L:/127.0.0.1:54991 - R:localhost/127.0.0.1:8354]
18:26:22.977 [Forwarding findChildElement on session 2aa51e07f548ebbb8efcf47f08376fbc to remote] DEBUG org.asynchttpclient.netty.request.NettyRequestSender - Using pooled Channel '[id: 0x38473121, L:/127.0.0.1:54991 - R:localhost/127.0.0.1:8354]' for 'POST' to 'http://localhost:8354/session/2aa51e07f548ebbb8efcf47f08376fbc/element/f5438ef8-2de4-4bb4-8a69-c3c1e42ecb9b/element'
18:26:22.977 [Forwarding findChildElement on session 2aa51e07f548ebbb8efcf47f08376fbc to remote] DEBUG org.asynchttpclient.netty.request.NettyRequestSender - Using open Channel [id: 0x38473121, L:/127.0.0.1:54991 - R:localhost/127.0.0.1:8354] for POST '/session/2aa51e07f548ebbb8efcf47f08376fbc/element/f5438ef8-2de4-4bb4-8a69-c3c1e42ecb9b/element'
18:26:22.990 [AsyncHttpClient-1-4] DEBUG org.asynchttpclient.netty.handler.HttpHandler - 

Request DefaultHttpRequest(decodeResult: success, version: HTTP/1.1)
POST /session/2aa51e07f548ebbb8efcf47f08376fbc/element/f5438ef8-2de4-4bb4-8a69-c3c1e42ecb9b/element HTTP/1.1
User-Agent: selenium/4.5.3 (java mac)
Content-Length: 106
Content-Type: application/json; charset=utf-8
host: localhost:8354
accept: */*

Response DefaultHttpResponse(decodeResult: success, version: HTTP/1.1)
HTTP/1.1 200 OK
Content-Length: 88
Content-Type: application/json; charset=utf-8
cache-control: no-cache

18:26:22.990 [AsyncHttpClient-1-4] DEBUG org.asynchttpclient.netty.channel.ChannelManager - Adding key: http://localhost:8354 for channel [id: 0x38473121, L:/127.0.0.1:54991 - R:localhost/127.0.0.1:8354]
18:26:22.991 [Forwarding getElementText on session 2aa51e07f548ebbb8efcf47f08376fbc to remote] DEBUG org.asynchttpclient.netty.request.NettyRequestSender - Using pooled Channel '[id: 0x38473121, L:/127.0.0.1:54991 - R:localhost/127.0.0.1:8354]' for 'GET' to 'http://localhost:8354/session/2aa51e07f548ebbb8efcf47f08376fbc/element/3e260f32-de4d-4264-8890-0d231493fe92/text'
18:26:22.991 [Forwarding getElementText on session 2aa51e07f548ebbb8efcf47f08376fbc to remote] DEBUG org.asynchttpclient.netty.request.NettyRequestSender - Using open Channel [id: 0x38473121, L:/127.0.0.1:54991 - R:localhost/127.0.0.1:8354] for GET '/session/2aa51e07f548ebbb8efcf47f08376fbc/element/3e260f32-de4d-4264-8890-0d231493fe92/text'
18:26:23.316 [AsyncHttpClient-1-1] DEBUG org.asynchttpclient.netty.channel.DefaultChannelPool - Entry count for : http://localhost:54992 : 1
18:26:23.316 [AsyncHttpClient-1-1] DEBUG org.asynchttpclient.netty.channel.DefaultChannelPool - Entry count for : http://localhost:7078 : 1
18:26:23.398 [AsyncHttpClient-1-4] DEBUG org.asynchttpclient.netty.handler.HttpHandler - 

Request DefaultFullHttpRequest(decodeResult: success, version: HTTP/1.1, content: EmptyByteBufBE)
GET /session/2aa51e07f548ebbb8efcf47f08376fbc/element/3e260f32-de4d-4264-8890-0d231493fe92/text HTTP/1.1
User-Agent: selenium/4.5.3 (java mac)
Cache-Control: no-cache
Content-Type: application/json; charset=utf-8
host: localhost:8354
accept: */*

Response DefaultHttpResponse(decodeResult: success, version: HTTP/1.1)
HTTP/1.1 200 OK
Content-Length: 92
Content-Type: application/json; charset=utf-8
cache-control: no-cache

18:26:23.398 [AsyncHttpClient-1-4] DEBUG org.asynchttpclient.netty.channel.ChannelManager - Adding key: http://localhost:8354 for channel [id: 0x38473121, L:/127.0.0.1:54991 - R:localhost/127.0.0.1:8354]
18:26:23.398 [Forwarding findChildElement on session 2aa51e07f548ebbb8efcf47f08376fbc to remote] DEBUG org.asynchttpclient.netty.request.NettyRequestSender - Using pooled Channel '[id: 0x38473121, L:/127.0.0.1:54991 - R:localhost/127.0.0.1:8354]' for 'POST' to 'http://localhost:8354/session/2aa51e07f548ebbb8efcf47f08376fbc/element/f5438ef8-2de4-4bb4-8a69-c3c1e42ecb9b/element'
18:26:23.398 [Forwarding findChildElement on session 2aa51e07f548ebbb8efcf47f08376fbc to remote] DEBUG org.asynchttpclient.netty.request.NettyRequestSender - Using open Channel [id: 0x38473121, L:/127.0.0.1:54991 - R:localhost/127.0.0.1:8354] for POST '/session/2aa51e07f548ebbb8efcf47f08376fbc/element/f5438ef8-2de4-4bb4-8a69-c3c1e42ecb9b/element'
18:26:23.444 [AsyncHttpClient-1-4] DEBUG org.asynchttpclient.netty.handler.HttpHandler - 

Request DefaultHttpRequest(decodeResult: success, version: HTTP/1.1)
POST /session/2aa51e07f548ebbb8efcf47f08376fbc/element/f5438ef8-2de4-4bb4-8a69-c3c1e42ecb9b/element HTTP/1.1
User-Agent: selenium/4.5.3 (java mac)
Content-Length: 106
Content-Type: application/json; charset=utf-8
host: localhost:8354
accept: */*

Response DefaultHttpResponse(decodeResult: success, version: HTTP/1.1)
HTTP/1.1 200 OK
Content-Length: 88
Content-Type: application/json; charset=utf-8
cache-control: no-cache

18:26:23.444 [AsyncHttpClient-1-4] DEBUG org.asynchttpclient.netty.channel.ChannelManager - Adding key: http://localhost:8354 for channel [id: 0x38473121, L:/127.0.0.1:54991 - R:localhost/127.0.0.1:8354]
18:26:23.444 [Forwarding getElementText on session 2aa51e07f548ebbb8efcf47f08376fbc to remote] DEBUG org.asynchttpclient.netty.request.NettyRequestSender - Using pooled Channel '[id: 0x38473121, L:/127.0.0.1:54991 - R:localhost/127.0.0.1:8354]' for 'GET' to 'http://localhost:8354/session/2aa51e07f548ebbb8efcf47f08376fbc/element/6ee8827a-843c-4087-8f99-900cdbb52eec/text'
18:26:23.444 [Forwarding getElementText on session 2aa51e07f548ebbb8efcf47f08376fbc to remote] DEBUG org.asynchttpclient.netty.request.NettyRequestSender - Using open Channel [id: 0x38473121, L:/127.0.0.1:54991 - R:localhost/127.0.0.1:8354] for GET '/session/2aa51e07f548ebbb8efcf47f08376fbc/element/6ee8827a-843c-4087-8f99-900cdbb52eec/text'
18:26:23.726 [AsyncHttpClient-1-4] DEBUG org.asynchttpclient.netty.handler.HttpHandler - 

Request DefaultFullHttpRequest(decodeResult: success, version: HTTP/1.1, content: EmptyByteBufBE)
GET /session/2aa51e07f548ebbb8efcf47f08376fbc/element/6ee8827a-843c-4087-8f99-900cdbb52eec/text HTTP/1.1
User-Agent: selenium/4.5.3 (java mac)
Cache-Control: no-cache
Content-Type: application/json; charset=utf-8
host: localhost:8354
accept: */*

Response DefaultHttpResponse(decodeResult: success, version: HTTP/1.1)
HTTP/1.1 200 OK
Content-Length: 19
Content-Type: application/json; charset=utf-8
cache-control: no-cache

18:26:23.726 [AsyncHttpClient-1-4] DEBUG org.asynchttpclient.netty.channel.ChannelManager - Adding key: http://localhost:8354 for channel [id: 0x38473121, L:/127.0.0.1:54991 - R:localhost/127.0.0.1:8354]
18:26:23.728 [Forwarding findChildElement on session 2aa51e07f548ebbb8efcf47f08376fbc to remote] DEBUG org.asynchttpclient.netty.request.NettyRequestSender - Using pooled Channel '[id: 0x38473121, L:/127.0.0.1:54991 - R:localhost/127.0.0.1:8354]' for 'POST' to 'http://localhost:8354/session/2aa51e07f548ebbb8efcf47f08376fbc/element/cce512bc-b50e-4271-a073-ded3603117a9/element'
18:26:23.728 [Forwarding findChildElement on session 2aa51e07f548ebbb8efcf47f08376fbc to remote] DEBUG org.asynchttpclient.netty.request.NettyRequestSender - Using open Channel [id: 0x38473121, L:/127.0.0.1:54991 - R:localhost/127.0.0.1:8354] for POST '/session/2aa51e07f548ebbb8efcf47f08376fbc/element/cce512bc-b50e-4271-a073-ded3603117a9/element'
18:26:23.890 [AsyncHttpClient-1-4] DEBUG org.asynchttpclient.netty.handler.HttpHandler - 

Request DefaultHttpRequest(decodeResult: success, version: HTTP/1.1)
POST /session/2aa51e07f548ebbb8efcf47f08376fbc/element/cce512bc-b50e-4271-a073-ded3603117a9/element HTTP/1.1
User-Agent: selenium/4.5.3 (java mac)
Content-Length: 106
Content-Type: application/json; charset=utf-8
host: localhost:8354
accept: */*

Response DefaultHttpResponse(decodeResult: success, version: HTTP/1.1)
HTTP/1.1 200 OK
Content-Length: 88
Content-Type: application/json; charset=utf-8
cache-control: no-cache

18:26:23.890 [AsyncHttpClient-1-4] DEBUG org.asynchttpclient.netty.channel.ChannelManager - Adding key: http://localhost:8354 for channel [id: 0x38473121, L:/127.0.0.1:54991 - R:localhost/127.0.0.1:8354]
18:26:23.891 [Forwarding getElementText on session 2aa51e07f548ebbb8efcf47f08376fbc to remote] DEBUG org.asynchttpclient.netty.request.NettyRequestSender - Using pooled Channel '[id: 0x38473121, L:/127.0.0.1:54991 - R:localhost/127.0.0.1:8354]' for 'GET' to 'http://localhost:8354/session/2aa51e07f548ebbb8efcf47f08376fbc/element/a42aa1b9-d686-4af5-93ba-76771a791378/text'
18:26:23.891 [Forwarding getElementText on session 2aa51e07f548ebbb8efcf47f08376fbc to remote] DEBUG org.asynchttpclient.netty.request.NettyRequestSender - Using open Channel [id: 0x38473121, L:/127.0.0.1:54991 - R:localhost/127.0.0.1:8354] for GET '/session/2aa51e07f548ebbb8efcf47f08376fbc/element/a42aa1b9-d686-4af5-93ba-76771a791378/text'
18:26:23.918 [AsyncHttpClient-1-4] DEBUG org.asynchttpclient.netty.handler.HttpHandler - 

Request DefaultFullHttpRequest(decodeResult: success, version: HTTP/1.1, content: EmptyByteBufBE)
GET /session/2aa51e07f548ebbb8efcf47f08376fbc/element/a42aa1b9-d686-4af5-93ba-76771a791378/text HTTP/1.1
User-Agent: selenium/4.5.3 (java mac)
Cache-Control: no-cache
Content-Type: application/json; charset=utf-8
host: localhost:8354
accept: */*

Response DefaultHttpResponse(decodeResult: success, version: HTTP/1.1)
HTTP/1.1 200 OK
Content-Length: 87
Content-Type: application/json; charset=utf-8
cache-control: no-cache

18:26:23.918 [AsyncHttpClient-1-4] DEBUG org.asynchttpclient.netty.channel.ChannelManager - Adding key: http://localhost:8354 for channel [id: 0x38473121, L:/127.0.0.1:54991 - R:localhost/127.0.0.1:8354]
18:26:23.919 [Forwarding findChildElement on session 2aa51e07f548ebbb8efcf47f08376fbc to remote] DEBUG org.asynchttpclient.netty.request.NettyRequestSender - Using pooled Channel '[id: 0x38473121, L:/127.0.0.1:54991 - R:localhost/127.0.0.1:8354]' for 'POST' to 'http://localhost:8354/session/2aa51e07f548ebbb8efcf47f08376fbc/element/cce512bc-b50e-4271-a073-ded3603117a9/element'
18:26:23.919 [Forwarding findChildElement on session 2aa51e07f548ebbb8efcf47f08376fbc to remote] DEBUG org.asynchttpclient.netty.request.NettyRequestSender - Using open Channel [id: 0x38473121, L:/127.0.0.1:54991 - R:localhost/127.0.0.1:8354] for POST '/session/2aa51e07f548ebbb8efcf47f08376fbc/element/cce512bc-b50e-4271-a073-ded3603117a9/element'
18:26:23.934 [AsyncHttpClient-1-4] DEBUG org.asynchttpclient.netty.handler.HttpHandler - 

Request DefaultHttpRequest(decodeResult: success, version: HTTP/1.1)
POST /session/2aa51e07f548ebbb8efcf47f08376fbc/element/cce512bc-b50e-4271-a073-ded3603117a9/element HTTP/1.1
User-Agent: selenium/4.5.3 (java mac)
Content-Length: 106
Content-Type: application/json; charset=utf-8
host: localhost:8354
accept: */*

Response DefaultHttpResponse(decodeResult: success, version: HTTP/1.1)
HTTP/1.1 200 OK
Content-Length: 88
Content-Type: application/json; charset=utf-8
cache-control: no-cache

18:26:23.935 [AsyncHttpClient-1-4] DEBUG org.asynchttpclient.netty.channel.ChannelManager - Adding key: http://localhost:8354 for channel [id: 0x38473121, L:/127.0.0.1:54991 - R:localhost/127.0.0.1:8354]
18:26:23.937 [Forwarding getElementText on session 2aa51e07f548ebbb8efcf47f08376fbc to remote] DEBUG org.asynchttpclient.netty.request.NettyRequestSender - Using pooled Channel '[id: 0x38473121, L:/127.0.0.1:54991 - R:localhost/127.0.0.1:8354]' for 'GET' to 'http://localhost:8354/session/2aa51e07f548ebbb8efcf47f08376fbc/element/1efa57e5-88d3-404e-9f95-b56e06d5f0da/text'
18:26:23.937 [Forwarding getElementText on session 2aa51e07f548ebbb8efcf47f08376fbc to remote] DEBUG org.asynchttpclient.netty.request.NettyRequestSender - Using open Channel [id: 0x38473121, L:/127.0.0.1:54991 - R:localhost/127.0.0.1:8354] for GET '/session/2aa51e07f548ebbb8efcf47f08376fbc/element/1efa57e5-88d3-404e-9f95-b56e06d5f0da/text'
18:26:23.954 [AsyncHttpClient-1-4] DEBUG org.asynchttpclient.netty.handler.HttpHandler - 

Request DefaultFullHttpRequest(decodeResult: success, version: HTTP/1.1, content: EmptyByteBufBE)
GET /session/2aa51e07f548ebbb8efcf47f08376fbc/element/1efa57e5-88d3-404e-9f95-b56e06d5f0da/text HTTP/1.1
User-Agent: selenium/4.5.3 (java mac)
Cache-Control: no-cache
Content-Type: application/json; charset=utf-8
host: localhost:8354
accept: */*

Response DefaultHttpResponse(decodeResult: success, version: HTTP/1.1)
HTTP/1.1 200 OK
Content-Length: 19
Content-Type: application/json; charset=utf-8
cache-control: no-cache

18:26:23.954 [AsyncHttpClient-1-4] DEBUG org.asynchttpclient.netty.channel.ChannelManager - Adding key: http://localhost:8354 for channel [id: 0x38473121, L:/127.0.0.1:54991 - R:localhost/127.0.0.1:8354]
18:26:23.954 [Forwarding findChildElement on session 2aa51e07f548ebbb8efcf47f08376fbc to remote] DEBUG org.asynchttpclient.netty.request.NettyRequestSender - Using pooled Channel '[id: 0x38473121, L:/127.0.0.1:54991 - R:localhost/127.0.0.1:8354]' for 'POST' to 'http://localhost:8354/session/2aa51e07f548ebbb8efcf47f08376fbc/element/ed39f83b-b088-4e0c-8af3-21614ec086d8/element'
18:26:23.954 [Forwarding findChildElement on session 2aa51e07f548ebbb8efcf47f08376fbc to remote] DEBUG org.asynchttpclient.netty.request.NettyRequestSender - Using open Channel [id: 0x38473121, L:/127.0.0.1:54991 - R:localhost/127.0.0.1:8354] for POST '/session/2aa51e07f548ebbb8efcf47f08376fbc/element/ed39f83b-b088-4e0c-8af3-21614ec086d8/element'
18:26:23.974 [AsyncHttpClient-1-4] DEBUG org.asynchttpclient.netty.handler.HttpHandler - 

Request DefaultHttpRequest(decodeResult: success, version: HTTP/1.1)
POST /session/2aa51e07f548ebbb8efcf47f08376fbc/element/ed39f83b-b088-4e0c-8af3-21614ec086d8/element HTTP/1.1
User-Agent: selenium/4.5.3 (java mac)
Content-Length: 106
Content-Type: application/json; charset=utf-8
host: localhost:8354
accept: */*

Response DefaultHttpResponse(decodeResult: success, version: HTTP/1.1)
HTTP/1.1 200 OK
Content-Length: 88
Content-Type: application/json; charset=utf-8
cache-control: no-cache

18:26:23.974 [AsyncHttpClient-1-4] DEBUG org.asynchttpclient.netty.channel.ChannelManager - Adding key: http://localhost:8354 for channel [id: 0x38473121, L:/127.0.0.1:54991 - R:localhost/127.0.0.1:8354]
18:26:23.975 [Forwarding getElementText on session 2aa51e07f548ebbb8efcf47f08376fbc to remote] DEBUG org.asynchttpclient.netty.request.NettyRequestSender - Using pooled Channel '[id: 0x38473121, L:/127.0.0.1:54991 - R:localhost/127.0.0.1:8354]' for 'GET' to 'http://localhost:8354/session/2aa51e07f548ebbb8efcf47f08376fbc/element/5169ed34-8f34-409c-b50b-9d218ccde420/text'
18:26:23.975 [Forwarding getElementText on session 2aa51e07f548ebbb8efcf47f08376fbc to remote] DEBUG org.asynchttpclient.netty.request.NettyRequestSender - Using open Channel [id: 0x38473121, L:/127.0.0.1:54991 - R:localhost/127.0.0.1:8354] for GET '/session/2aa51e07f548ebbb8efcf47f08376fbc/element/5169ed34-8f34-409c-b50b-9d218ccde420/text'
18:26:24.403 [AsyncHttpClient-1-4] DEBUG org.asynchttpclient.netty.handler.HttpHandler - 

Request DefaultFullHttpRequest(decodeResult: success, version: HTTP/1.1, content: EmptyByteBufBE)
GET /session/2aa51e07f548ebbb8efcf47f08376fbc/element/5169ed34-8f34-409c-b50b-9d218ccde420/text HTTP/1.1
User-Agent: selenium/4.5.3 (java mac)
Cache-Control: no-cache
Content-Type: application/json; charset=utf-8
host: localhost:8354
accept: */*

Response DefaultHttpResponse(decodeResult: success, version: HTTP/1.1)
HTTP/1.1 200 OK
Content-Length: 80
Content-Type: application/json; charset=utf-8
cache-control: no-cache

18:26:24.403 [AsyncHttpClient-1-4] DEBUG org.asynchttpclient.netty.channel.ChannelManager - Adding key: http://localhost:8354 for channel [id: 0x38473121, L:/127.0.0.1:54991 - R:localhost/127.0.0.1:8354]
18:26:24.404 [Forwarding findChildElement on session 2aa51e07f548ebbb8efcf47f08376fbc to remote] DEBUG org.asynchttpclient.netty.request.NettyRequestSender - Using pooled Channel '[id: 0x38473121, L:/127.0.0.1:54991 - R:localhost/127.0.0.1:8354]' for 'POST' to 'http://localhost:8354/session/2aa51e07f548ebbb8efcf47f08376fbc/element/ed39f83b-b088-4e0c-8af3-21614ec086d8/element'
18:26:24.404 [Forwarding findChildElement on session 2aa51e07f548ebbb8efcf47f08376fbc to remote] DEBUG org.asynchttpclient.netty.request.NettyRequestSender - Using open Channel [id: 0x38473121, L:/127.0.0.1:54991 - R:localhost/127.0.0.1:8354] for POST '/session/2aa51e07f548ebbb8efcf47f08376fbc/element/ed39f83b-b088-4e0c-8af3-21614ec086d8/element'
18:26:24.416 [AsyncHttpClient-1-1] DEBUG org.asynchttpclient.netty.channel.DefaultChannelPool - Entry count for : http://localhost:54992 : 1
18:26:24.416 [AsyncHttpClient-1-1] DEBUG org.asynchttpclient.netty.channel.DefaultChannelPool - Entry count for : http://localhost:7078 : 1
18:26:24.452 [AsyncHttpClient-1-4] DEBUG org.asynchttpclient.netty.handler.HttpHandler - 

Request DefaultHttpRequest(decodeResult: success, version: HTTP/1.1)
POST /session/2aa51e07f548ebbb8efcf47f08376fbc/element/ed39f83b-b088-4e0c-8af3-21614ec086d8/element HTTP/1.1
User-Agent: selenium/4.5.3 (java mac)
Content-Length: 106
Content-Type: application/json; charset=utf-8
host: localhost:8354
accept: */*

Response DefaultHttpResponse(decodeResult: success, version: HTTP/1.1)
HTTP/1.1 200 OK
Content-Length: 88
Content-Type: application/json; charset=utf-8
cache-control: no-cache

18:26:24.452 [AsyncHttpClient-1-4] DEBUG org.asynchttpclient.netty.channel.ChannelManager - Adding key: http://localhost:8354 for channel [id: 0x38473121, L:/127.0.0.1:54991 - R:localhost/127.0.0.1:8354]
18:26:24.453 [Forwarding getElementText on session 2aa51e07f548ebbb8efcf47f08376fbc to remote] DEBUG org.asynchttpclient.netty.request.NettyRequestSender - Using pooled Channel '[id: 0x38473121, L:/127.0.0.1:54991 - R:localhost/127.0.0.1:8354]' for 'GET' to 'http://localhost:8354/session/2aa51e07f548ebbb8efcf47f08376fbc/element/cfd059c8-e970-41df-bb18-3f78075dd909/text'
18:26:24.453 [Forwarding getElementText on session 2aa51e07f548ebbb8efcf47f08376fbc to remote] DEBUG org.asynchttpclient.netty.request.NettyRequestSender - Using open Channel [id: 0x38473121, L:/127.0.0.1:54991 - R:localhost/127.0.0.1:8354] for GET '/session/2aa51e07f548ebbb8efcf47f08376fbc/element/cfd059c8-e970-41df-bb18-3f78075dd909/text'
18:26:24.481 [AsyncHttpClient-1-4] DEBUG org.asynchttpclient.netty.handler.HttpHandler - 

Request DefaultFullHttpRequest(decodeResult: success, version: HTTP/1.1, content: EmptyByteBufBE)
GET /session/2aa51e07f548ebbb8efcf47f08376fbc/element/cfd059c8-e970-41df-bb18-3f78075dd909/text HTTP/1.1
User-Agent: selenium/4.5.3 (java mac)
Cache-Control: no-cache
Content-Type: application/json; charset=utf-8
host: localhost:8354
accept: */*

Response DefaultHttpResponse(decodeResult: success, version: HTTP/1.1)
HTTP/1.1 200 OK
Content-Length: 30
Content-Type: application/json; charset=utf-8
cache-control: no-cache

18:26:24.481 [AsyncHttpClient-1-4] DEBUG org.asynchttpclient.netty.channel.ChannelManager - Adding key: http://localhost:8354 for channel [id: 0x38473121, L:/127.0.0.1:54991 - R:localhost/127.0.0.1:8354]
18:26:24.482 [Forwarding findChildElement on session 2aa51e07f548ebbb8efcf47f08376fbc to remote] DEBUG org.asynchttpclient.netty.request.NettyRequestSender - Using pooled Channel '[id: 0x38473121, L:/127.0.0.1:54991 - R:localhost/127.0.0.1:8354]' for 'POST' to 'http://localhost:8354/session/2aa51e07f548ebbb8efcf47f08376fbc/element/e99572f7-5585-4996-8ce4-e41e204b928b/element'
18:26:24.482 [Forwarding findChildElement on session 2aa51e07f548ebbb8efcf47f08376fbc to remote] DEBUG org.asynchttpclient.netty.request.NettyRequestSender - Using open Channel [id: 0x38473121, L:/127.0.0.1:54991 - R:localhost/127.0.0.1:8354] for POST '/session/2aa51e07f548ebbb8efcf47f08376fbc/element/e99572f7-5585-4996-8ce4-e41e204b928b/element'
18:26:24.637 [AsyncHttpClient-1-4] DEBUG org.asynchttpclient.netty.handler.HttpHandler - 

Request DefaultHttpRequest(decodeResult: success, version: HTTP/1.1)
POST /session/2aa51e07f548ebbb8efcf47f08376fbc/element/e99572f7-5585-4996-8ce4-e41e204b928b/element HTTP/1.1
User-Agent: selenium/4.5.3 (java mac)
Content-Length: 106
Content-Type: application/json; charset=utf-8
host: localhost:8354
accept: */*

Response DefaultHttpResponse(decodeResult: success, version: HTTP/1.1)
HTTP/1.1 200 OK
Content-Length: 88
Content-Type: application/json; charset=utf-8
cache-control: no-cache

18:26:24.659 [AsyncHttpClient-1-4] DEBUG org.asynchttpclient.netty.channel.ChannelManager - Adding key: http://localhost:8354 for channel [id: 0x38473121, L:/127.0.0.1:54991 - R:localhost/127.0.0.1:8354]
18:26:24.659 [Forwarding getElementText on session 2aa51e07f548ebbb8efcf47f08376fbc to remote] DEBUG org.asynchttpclient.netty.request.NettyRequestSender - Using pooled Channel '[id: 0x38473121, L:/127.0.0.1:54991 - R:localhost/127.0.0.1:8354]' for 'GET' to 'http://localhost:8354/session/2aa51e07f548ebbb8efcf47f08376fbc/element/2c1fb6a4-8580-40e4-ab47-57185098b1ee/text'
18:26:24.659 [Forwarding getElementText on session 2aa51e07f548ebbb8efcf47f08376fbc to remote] DEBUG org.asynchttpclient.netty.request.NettyRequestSender - Using open Channel [id: 0x38473121, L:/127.0.0.1:54991 - R:localhost/127.0.0.1:8354] for GET '/session/2aa51e07f548ebbb8efcf47f08376fbc/element/2c1fb6a4-8580-40e4-ab47-57185098b1ee/text'
18:26:24.714 [AsyncHttpClient-1-4] DEBUG org.asynchttpclient.netty.handler.HttpHandler - 

Request DefaultFullHttpRequest(decodeResult: success, version: HTTP/1.1, content: EmptyByteBufBE)
GET /session/2aa51e07f548ebbb8efcf47f08376fbc/element/2c1fb6a4-8580-40e4-ab47-57185098b1ee/text HTTP/1.1
User-Agent: selenium/4.5.3 (java mac)
Cache-Control: no-cache
Content-Type: application/json; charset=utf-8
host: localhost:8354
accept: */*

Response DefaultHttpResponse(decodeResult: success, version: HTTP/1.1)
HTTP/1.1 200 OK
Content-Length: 69
Content-Type: application/json; charset=utf-8
cache-control: no-cache

18:26:24.714 [AsyncHttpClient-1-4] DEBUG org.asynchttpclient.netty.channel.ChannelManager - Adding key: http://localhost:8354 for channel [id: 0x38473121, L:/127.0.0.1:54991 - R:localhost/127.0.0.1:8354]
18:26:24.715 [Forwarding findChildElement on session 2aa51e07f548ebbb8efcf47f08376fbc to remote] DEBUG org.asynchttpclient.netty.request.NettyRequestSender - Using pooled Channel '[id: 0x38473121, L:/127.0.0.1:54991 - R:localhost/127.0.0.1:8354]' for 'POST' to 'http://localhost:8354/session/2aa51e07f548ebbb8efcf47f08376fbc/element/e99572f7-5585-4996-8ce4-e41e204b928b/element'
18:26:24.715 [Forwarding findChildElement on session 2aa51e07f548ebbb8efcf47f08376fbc to remote] DEBUG org.asynchttpclient.netty.request.NettyRequestSender - Using open Channel [id: 0x38473121, L:/127.0.0.1:54991 - R:localhost/127.0.0.1:8354] for POST '/session/2aa51e07f548ebbb8efcf47f08376fbc/element/e99572f7-5585-4996-8ce4-e41e204b928b/element'
18:26:24.735 [AsyncHttpClient-1-4] DEBUG org.asynchttpclient.netty.handler.HttpHandler - 

Request DefaultHttpRequest(decodeResult: success, version: HTTP/1.1)
POST /session/2aa51e07f548ebbb8efcf47f08376fbc/element/e99572f7-5585-4996-8ce4-e41e204b928b/element HTTP/1.1
User-Agent: selenium/4.5.3 (java mac)
Content-Length: 106
Content-Type: application/json; charset=utf-8
host: localhost:8354
accept: */*

Response DefaultHttpResponse(decodeResult: success, version: HTTP/1.1)
HTTP/1.1 200 OK
Content-Length: 88
Content-Type: application/json; charset=utf-8
cache-control: no-cache

18:26:24.735 [AsyncHttpClient-1-4] DEBUG org.asynchttpclient.netty.channel.ChannelManager - Adding key: http://localhost:8354 for channel [id: 0x38473121, L:/127.0.0.1:54991 - R:localhost/127.0.0.1:8354]
18:26:24.736 [Forwarding getElementText on session 2aa51e07f548ebbb8efcf47f08376fbc to remote] DEBUG org.asynchttpclient.netty.request.NettyRequestSender - Using pooled Channel '[id: 0x38473121, L:/127.0.0.1:54991 - R:localhost/127.0.0.1:8354]' for 'GET' to 'http://localhost:8354/session/2aa51e07f548ebbb8efcf47f08376fbc/element/f957cd0e-23ff-4dac-99d0-d9f766bf8f17/text'
18:26:24.736 [Forwarding getElementText on session 2aa51e07f548ebbb8efcf47f08376fbc to remote] DEBUG org.asynchttpclient.netty.request.NettyRequestSender - Using open Channel [id: 0x38473121, L:/127.0.0.1:54991 - R:localhost/127.0.0.1:8354] for GET '/session/2aa51e07f548ebbb8efcf47f08376fbc/element/f957cd0e-23ff-4dac-99d0-d9f766bf8f17/text'
18:26:25.159 [AsyncHttpClient-1-4] DEBUG org.asynchttpclient.netty.handler.HttpHandler - 

Request DefaultFullHttpRequest(decodeResult: success, version: HTTP/1.1, content: EmptyByteBufBE)
GET /session/2aa51e07f548ebbb8efcf47f08376fbc/element/f957cd0e-23ff-4dac-99d0-d9f766bf8f17/text HTTP/1.1
User-Agent: selenium/4.5.3 (java mac)
Cache-Control: no-cache
Content-Type: application/json; charset=utf-8
host: localhost:8354
accept: */*

Response DefaultHttpResponse(decodeResult: success, version: HTTP/1.1)
HTTP/1.1 200 OK
Content-Length: 19
Content-Type: application/json; charset=utf-8
cache-control: no-cache

18:26:25.159 [AsyncHttpClient-1-4] DEBUG org.asynchttpclient.netty.channel.ChannelManager - Adding key: http://localhost:8354 for channel [id: 0x38473121, L:/127.0.0.1:54991 - R:localhost/127.0.0.1:8354]
18:26:25.160 [Forwarding findChildElement on session 2aa51e07f548ebbb8efcf47f08376fbc to remote] DEBUG org.asynchttpclient.netty.request.NettyRequestSender - Using pooled Channel '[id: 0x38473121, L:/127.0.0.1:54991 - R:localhost/127.0.0.1:8354]' for 'POST' to 'http://localhost:8354/session/2aa51e07f548ebbb8efcf47f08376fbc/element/61895e49-b2ed-48e5-8bb4-627f36cdd008/element'
18:26:25.160 [Forwarding findChildElement on session 2aa51e07f548ebbb8efcf47f08376fbc to remote] DEBUG org.asynchttpclient.netty.request.NettyRequestSender - Using open Channel [id: 0x38473121, L:/127.0.0.1:54991 - R:localhost/127.0.0.1:8354] for POST '/session/2aa51e07f548ebbb8efcf47f08376fbc/element/61895e49-b2ed-48e5-8bb4-627f36cdd008/element'
18:26:25.174 [AsyncHttpClient-1-4] DEBUG org.asynchttpclient.netty.handler.HttpHandler - 

Request DefaultHttpRequest(decodeResult: success, version: HTTP/1.1)
POST /session/2aa51e07f548ebbb8efcf47f08376fbc/element/61895e49-b2ed-48e5-8bb4-627f36cdd008/element HTTP/1.1
User-Agent: selenium/4.5.3 (java mac)
Content-Length: 106
Content-Type: application/json; charset=utf-8
host: localhost:8354
accept: */*

Response DefaultHttpResponse(decodeResult: success, version: HTTP/1.1)
HTTP/1.1 200 OK
Content-Length: 88
Content-Type: application/json; charset=utf-8
cache-control: no-cache

18:26:25.174 [AsyncHttpClient-1-4] DEBUG org.asynchttpclient.netty.channel.ChannelManager - Adding key: http://localhost:8354 for channel [id: 0x38473121, L:/127.0.0.1:54991 - R:localhost/127.0.0.1:8354]
18:26:25.175 [Forwarding getElementText on session 2aa51e07f548ebbb8efcf47f08376fbc to remote] DEBUG org.asynchttpclient.netty.request.NettyRequestSender - Using pooled Channel '[id: 0x38473121, L:/127.0.0.1:54991 - R:localhost/127.0.0.1:8354]' for 'GET' to 'http://localhost:8354/session/2aa51e07f548ebbb8efcf47f08376fbc/element/996c152d-bd39-43bc-ad75-05917604bee2/text'
18:26:25.175 [Forwarding getElementText on session 2aa51e07f548ebbb8efcf47f08376fbc to remote] DEBUG org.asynchttpclient.netty.request.NettyRequestSender - Using open Channel [id: 0x38473121, L:/127.0.0.1:54991 - R:localhost/127.0.0.1:8354] for GET '/session/2aa51e07f548ebbb8efcf47f08376fbc/element/996c152d-bd39-43bc-ad75-05917604bee2/text'
18:26:25.202 [AsyncHttpClient-1-4] DEBUG org.asynchttpclient.netty.handler.HttpHandler - 

Request DefaultFullHttpRequest(decodeResult: success, version: HTTP/1.1, content: EmptyByteBufBE)
GET /session/2aa51e07f548ebbb8efcf47f08376fbc/element/996c152d-bd39-43bc-ad75-05917604bee2/text HTTP/1.1
User-Agent: selenium/4.5.3 (java mac)
Cache-Control: no-cache
Content-Type: application/json; charset=utf-8
host: localhost:8354
accept: */*

Response DefaultHttpResponse(decodeResult: success, version: HTTP/1.1)
HTTP/1.1 200 OK
Content-Length: 76
Content-Type: application/json; charset=utf-8
cache-control: no-cache

18:26:25.202 [AsyncHttpClient-1-4] DEBUG org.asynchttpclient.netty.channel.ChannelManager - Adding key: http://localhost:8354 for channel [id: 0x38473121, L:/127.0.0.1:54991 - R:localhost/127.0.0.1:8354]
18:26:25.203 [Forwarding findChildElement on session 2aa51e07f548ebbb8efcf47f08376fbc to remote] DEBUG org.asynchttpclient.netty.request.NettyRequestSender - Using pooled Channel '[id: 0x38473121, L:/127.0.0.1:54991 - R:localhost/127.0.0.1:8354]' for 'POST' to 'http://localhost:8354/session/2aa51e07f548ebbb8efcf47f08376fbc/element/61895e49-b2ed-48e5-8bb4-627f36cdd008/element'
18:26:25.203 [Forwarding findChildElement on session 2aa51e07f548ebbb8efcf47f08376fbc to remote] DEBUG org.asynchttpclient.netty.request.NettyRequestSender - Using open Channel [id: 0x38473121, L:/127.0.0.1:54991 - R:localhost/127.0.0.1:8354] for POST '/session/2aa51e07f548ebbb8efcf47f08376fbc/element/61895e49-b2ed-48e5-8bb4-627f36cdd008/element'
18:26:25.224 [AsyncHttpClient-1-4] DEBUG org.asynchttpclient.netty.handler.HttpHandler - 

Request DefaultHttpRequest(decodeResult: success, version: HTTP/1.1)
POST /session/2aa51e07f548ebbb8efcf47f08376fbc/element/61895e49-b2ed-48e5-8bb4-627f36cdd008/element HTTP/1.1
User-Agent: selenium/4.5.3 (java mac)
Content-Length: 106
Content-Type: application/json; charset=utf-8
host: localhost:8354
accept: */*

Response DefaultHttpResponse(decodeResult: success, version: HTTP/1.1)
HTTP/1.1 200 OK
Content-Length: 88
Content-Type: application/json; charset=utf-8
cache-control: no-cache

18:26:25.224 [AsyncHttpClient-1-4] DEBUG org.asynchttpclient.netty.channel.ChannelManager - Adding key: http://localhost:8354 for channel [id: 0x38473121, L:/127.0.0.1:54991 - R:localhost/127.0.0.1:8354]
18:26:25.227 [Forwarding getElementText on session 2aa51e07f548ebbb8efcf47f08376fbc to remote] DEBUG org.asynchttpclient.netty.request.NettyRequestSender - Using pooled Channel '[id: 0x38473121, L:/127.0.0.1:54991 - R:localhost/127.0.0.1:8354]' for 'GET' to 'http://localhost:8354/session/2aa51e07f548ebbb8efcf47f08376fbc/element/202c0a8c-bba7-425d-862b-bf7c8a2cb68f/text'
18:26:25.228 [Forwarding getElementText on session 2aa51e07f548ebbb8efcf47f08376fbc to remote] DEBUG org.asynchttpclient.netty.request.NettyRequestSender - Using open Channel [id: 0x38473121, L:/127.0.0.1:54991 - R:localhost/127.0.0.1:8354] for GET '/session/2aa51e07f548ebbb8efcf47f08376fbc/element/202c0a8c-bba7-425d-862b-bf7c8a2cb68f/text'
18:26:25.510 [AsyncHttpClient-1-1] DEBUG org.asynchttpclient.netty.channel.DefaultChannelPool - Entry count for : http://localhost:54992 : 1
18:26:25.511 [AsyncHttpClient-1-1] DEBUG org.asynchttpclient.netty.channel.DefaultChannelPool - Entry count for : http://localhost:7078 : 1
18:26:25.574 [AsyncHttpClient-1-4] DEBUG org.asynchttpclient.netty.handler.HttpHandler - 

Request DefaultFullHttpRequest(decodeResult: success, version: HTTP/1.1, content: EmptyByteBufBE)
GET /session/2aa51e07f548ebbb8efcf47f08376fbc/element/202c0a8c-bba7-425d-862b-bf7c8a2cb68f/text HTTP/1.1
User-Agent: selenium/4.5.3 (java mac)
Cache-Control: no-cache
Content-Type: application/json; charset=utf-8
host: localhost:8354
accept: */*

Response DefaultHttpResponse(decodeResult: success, version: HTTP/1.1)
HTTP/1.1 200 OK
Content-Length: 19
Content-Type: application/json; charset=utf-8
cache-control: no-cache

18:26:25.575 [AsyncHttpClient-1-4] DEBUG org.asynchttpclient.netty.channel.ChannelManager - Adding key: http://localhost:8354 for channel [id: 0x38473121, L:/127.0.0.1:54991 - R:localhost/127.0.0.1:8354]
18:26:25.576 [Forwarding findChildElement on session 2aa51e07f548ebbb8efcf47f08376fbc to remote] DEBUG org.asynchttpclient.netty.request.NettyRequestSender - Using pooled Channel '[id: 0x38473121, L:/127.0.0.1:54991 - R:localhost/127.0.0.1:8354]' for 'POST' to 'http://localhost:8354/session/2aa51e07f548ebbb8efcf47f08376fbc/element/5a015ec4-6d48-4b49-b3cf-dd1e6f3fb5cd/element'
18:26:25.576 [Forwarding findChildElement on session 2aa51e07f548ebbb8efcf47f08376fbc to remote] DEBUG org.asynchttpclient.netty.request.NettyRequestSender - Using open Channel [id: 0x38473121, L:/127.0.0.1:54991 - R:localhost/127.0.0.1:8354] for POST '/session/2aa51e07f548ebbb8efcf47f08376fbc/element/5a015ec4-6d48-4b49-b3cf-dd1e6f3fb5cd/element'
18:26:25.648 [AsyncHttpClient-1-4] DEBUG org.asynchttpclient.netty.handler.HttpHandler - 

Request DefaultHttpRequest(decodeResult: success, version: HTTP/1.1)
POST /session/2aa51e07f548ebbb8efcf47f08376fbc/element/5a015ec4-6d48-4b49-b3cf-dd1e6f3fb5cd/element HTTP/1.1
User-Agent: selenium/4.5.3 (java mac)
Content-Length: 106
Content-Type: application/json; charset=utf-8
host: localhost:8354
accept: */*

Response DefaultHttpResponse(decodeResult: success, version: HTTP/1.1)
HTTP/1.1 200 OK
Content-Length: 88
Content-Type: application/json; charset=utf-8
cache-control: no-cache

18:26:25.648 [AsyncHttpClient-1-4] DEBUG org.asynchttpclient.netty.channel.ChannelManager - Adding key: http://localhost:8354 for channel [id: 0x38473121, L:/127.0.0.1:54991 - R:localhost/127.0.0.1:8354]
18:26:25.649 [Forwarding getElementText on session 2aa51e07f548ebbb8efcf47f08376fbc to remote] DEBUG org.asynchttpclient.netty.request.NettyRequestSender - Using pooled Channel '[id: 0x38473121, L:/127.0.0.1:54991 - R:localhost/127.0.0.1:8354]' for 'GET' to 'http://localhost:8354/session/2aa51e07f548ebbb8efcf47f08376fbc/element/9d4ee7f7-8140-4275-bac6-9b37fd28de2f/text'
18:26:25.649 [Forwarding getElementText on session 2aa51e07f548ebbb8efcf47f08376fbc to remote] DEBUG org.asynchttpclient.netty.request.NettyRequestSender - Using open Channel [id: 0x38473121, L:/127.0.0.1:54991 - R:localhost/127.0.0.1:8354] for GET '/session/2aa51e07f548ebbb8efcf47f08376fbc/element/9d4ee7f7-8140-4275-bac6-9b37fd28de2f/text'
18:26:25.682 [AsyncHttpClient-1-4] DEBUG org.asynchttpclient.netty.handler.HttpHandler - 

Request DefaultFullHttpRequest(decodeResult: success, version: HTTP/1.1, content: EmptyByteBufBE)
GET /session/2aa51e07f548ebbb8efcf47f08376fbc/element/9d4ee7f7-8140-4275-bac6-9b37fd28de2f/text HTTP/1.1
User-Agent: selenium/4.5.3 (java mac)
Cache-Control: no-cache
Content-Type: application/json; charset=utf-8
host: localhost:8354
accept: */*

Response DefaultHttpResponse(decodeResult: success, version: HTTP/1.1)
HTTP/1.1 200 OK
Content-Length: 88
Content-Type: application/json; charset=utf-8
cache-control: no-cache

18:26:25.682 [AsyncHttpClient-1-4] DEBUG org.asynchttpclient.netty.channel.ChannelManager - Adding key: http://localhost:8354 for channel [id: 0x38473121, L:/127.0.0.1:54991 - R:localhost/127.0.0.1:8354]
18:26:25.683 [Forwarding findChildElement on session 2aa51e07f548ebbb8efcf47f08376fbc to remote] DEBUG org.asynchttpclient.netty.request.NettyRequestSender - Using pooled Channel '[id: 0x38473121, L:/127.0.0.1:54991 - R:localhost/127.0.0.1:8354]' for 'POST' to 'http://localhost:8354/session/2aa51e07f548ebbb8efcf47f08376fbc/element/5a015ec4-6d48-4b49-b3cf-dd1e6f3fb5cd/element'
18:26:25.684 [Forwarding findChildElement on session 2aa51e07f548ebbb8efcf47f08376fbc to remote] DEBUG org.asynchttpclient.netty.request.NettyRequestSender - Using open Channel [id: 0x38473121, L:/127.0.0.1:54991 - R:localhost/127.0.0.1:8354] for POST '/session/2aa51e07f548ebbb8efcf47f08376fbc/element/5a015ec4-6d48-4b49-b3cf-dd1e6f3fb5cd/element'
18:26:26.010 [AsyncHttpClient-1-4] DEBUG org.asynchttpclient.netty.handler.HttpHandler - 

Request DefaultHttpRequest(decodeResult: success, version: HTTP/1.1)
POST /session/2aa51e07f548ebbb8efcf47f08376fbc/element/5a015ec4-6d48-4b49-b3cf-dd1e6f3fb5cd/element HTTP/1.1
User-Agent: selenium/4.5.3 (java mac)
Content-Length: 106
Content-Type: application/json; charset=utf-8
host: localhost:8354
accept: */*

Response DefaultHttpResponse(decodeResult: success, version: HTTP/1.1)
HTTP/1.1 200 OK
Content-Length: 88
Content-Type: application/json; charset=utf-8
cache-control: no-cache

18:26:26.010 [AsyncHttpClient-1-4] DEBUG org.asynchttpclient.netty.channel.ChannelManager - Adding key: http://localhost:8354 for channel [id: 0x38473121, L:/127.0.0.1:54991 - R:localhost/127.0.0.1:8354]
18:26:26.010 [Forwarding getElementText on session 2aa51e07f548ebbb8efcf47f08376fbc to remote] DEBUG org.asynchttpclient.netty.request.NettyRequestSender - Using pooled Channel '[id: 0x38473121, L:/127.0.0.1:54991 - R:localhost/127.0.0.1:8354]' for 'GET' to 'http://localhost:8354/session/2aa51e07f548ebbb8efcf47f08376fbc/element/5e8423c9-bb02-4b55-8cd5-59f4fe65dc8f/text'
18:26:26.010 [Forwarding getElementText on session 2aa51e07f548ebbb8efcf47f08376fbc to remote] DEBUG org.asynchttpclient.netty.request.NettyRequestSender - Using open Channel [id: 0x38473121, L:/127.0.0.1:54991 - R:localhost/127.0.0.1:8354] for GET '/session/2aa51e07f548ebbb8efcf47f08376fbc/element/5e8423c9-bb02-4b55-8cd5-59f4fe65dc8f/text'
18:26:26.271 [AsyncHttpClient-1-4] DEBUG org.asynchttpclient.netty.handler.HttpHandler - 

Request DefaultFullHttpRequest(decodeResult: success, version: HTTP/1.1, content: EmptyByteBufBE)
GET /session/2aa51e07f548ebbb8efcf47f08376fbc/element/5e8423c9-bb02-4b55-8cd5-59f4fe65dc8f/text HTTP/1.1
User-Agent: selenium/4.5.3 (java mac)
Cache-Control: no-cache
Content-Type: application/json; charset=utf-8
host: localhost:8354
accept: */*

Response DefaultHttpResponse(decodeResult: success, version: HTTP/1.1)
HTTP/1.1 200 OK
Content-Length: 19
Content-Type: application/json; charset=utf-8
cache-control: no-cache

18:26:26.271 [AsyncHttpClient-1-4] DEBUG org.asynchttpclient.netty.channel.ChannelManager - Adding key: http://localhost:8354 for channel [id: 0x38473121, L:/127.0.0.1:54991 - R:localhost/127.0.0.1:8354]
18:26:26.272 [Forwarding findChildElement on session 2aa51e07f548ebbb8efcf47f08376fbc to remote] DEBUG org.asynchttpclient.netty.request.NettyRequestSender - Using pooled Channel '[id: 0x38473121, L:/127.0.0.1:54991 - R:localhost/127.0.0.1:8354]' for 'POST' to 'http://localhost:8354/session/2aa51e07f548ebbb8efcf47f08376fbc/element/cf582340-897b-4c68-af6f-e2933e877d56/element'
18:26:26.272 [Forwarding findChildElement on session 2aa51e07f548ebbb8efcf47f08376fbc to remote] DEBUG org.asynchttpclient.netty.request.NettyRequestSender - Using open Channel [id: 0x38473121, L:/127.0.0.1:54991 - R:localhost/127.0.0.1:8354] for POST '/session/2aa51e07f548ebbb8efcf47f08376fbc/element/cf582340-897b-4c68-af6f-e2933e877d56/element'
18:26:26.312 [AsyncHttpClient-1-4] DEBUG org.asynchttpclient.netty.handler.HttpHandler - 

Request DefaultHttpRequest(decodeResult: success, version: HTTP/1.1)
POST /session/2aa51e07f548ebbb8efcf47f08376fbc/element/cf582340-897b-4c68-af6f-e2933e877d56/element HTTP/1.1
User-Agent: selenium/4.5.3 (java mac)
Content-Length: 106
Content-Type: application/json; charset=utf-8
host: localhost:8354
accept: */*

Response DefaultHttpResponse(decodeResult: success, version: HTTP/1.1)
HTTP/1.1 200 OK
Content-Length: 88
Content-Type: application/json; charset=utf-8
cache-control: no-cache

18:26:26.312 [AsyncHttpClient-1-4] DEBUG org.asynchttpclient.netty.channel.ChannelManager - Adding key: http://localhost:8354 for channel [id: 0x38473121, L:/127.0.0.1:54991 - R:localhost/127.0.0.1:8354]
18:26:26.312 [Forwarding getElementText on session 2aa51e07f548ebbb8efcf47f08376fbc to remote] DEBUG org.asynchttpclient.netty.request.NettyRequestSender - Using pooled Channel '[id: 0x38473121, L:/127.0.0.1:54991 - R:localhost/127.0.0.1:8354]' for 'GET' to 'http://localhost:8354/session/2aa51e07f548ebbb8efcf47f08376fbc/element/b74e25ba-a18f-4c11-ada6-31db9d3b78a8/text'
18:26:26.312 [Forwarding getElementText on session 2aa51e07f548ebbb8efcf47f08376fbc to remote] DEBUG org.asynchttpclient.netty.request.NettyRequestSender - Using open Channel [id: 0x38473121, L:/127.0.0.1:54991 - R:localhost/127.0.0.1:8354] for GET '/session/2aa51e07f548ebbb8efcf47f08376fbc/element/b74e25ba-a18f-4c11-ada6-31db9d3b78a8/text'
18:26:26.620 [AsyncHttpClient-1-1] DEBUG org.asynchttpclient.netty.channel.DefaultChannelPool - Entry count for : http://localhost:54992 : 1
18:26:26.620 [AsyncHttpClient-1-1] DEBUG org.asynchttpclient.netty.channel.DefaultChannelPool - Entry count for : http://localhost:7078 : 1
18:26:26.695 [AsyncHttpClient-1-4] DEBUG org.asynchttpclient.netty.handler.HttpHandler - 

Request DefaultFullHttpRequest(decodeResult: success, version: HTTP/1.1, content: EmptyByteBufBE)
GET /session/2aa51e07f548ebbb8efcf47f08376fbc/element/b74e25ba-a18f-4c11-ada6-31db9d3b78a8/text HTTP/1.1
User-Agent: selenium/4.5.3 (java mac)
Cache-Control: no-cache
Content-Type: application/json; charset=utf-8
host: localhost:8354
accept: */*

Response DefaultHttpResponse(decodeResult: success, version: HTTP/1.1)
HTTP/1.1 200 OK
Content-Length: 75
Content-Type: application/json; charset=utf-8
cache-control: no-cache

18:26:26.695 [AsyncHttpClient-1-4] DEBUG org.asynchttpclient.netty.channel.ChannelManager - Adding key: http://localhost:8354 for channel [id: 0x38473121, L:/127.0.0.1:54991 - R:localhost/127.0.0.1:8354]
18:26:26.696 [Forwarding findChildElement on session 2aa51e07f548ebbb8efcf47f08376fbc to remote] DEBUG org.asynchttpclient.netty.request.NettyRequestSender - Using pooled Channel '[id: 0x38473121, L:/127.0.0.1:54991 - R:localhost/127.0.0.1:8354]' for 'POST' to 'http://localhost:8354/session/2aa51e07f548ebbb8efcf47f08376fbc/element/cf582340-897b-4c68-af6f-e2933e877d56/element'
18:26:26.696 [Forwarding findChildElement on session 2aa51e07f548ebbb8efcf47f08376fbc to remote] DEBUG org.asynchttpclient.netty.request.NettyRequestSender - Using open Channel [id: 0x38473121, L:/127.0.0.1:54991 - R:localhost/127.0.0.1:8354] for POST '/session/2aa51e07f548ebbb8efcf47f08376fbc/element/cf582340-897b-4c68-af6f-e2933e877d56/element'
18:26:26.781 [AsyncHttpClient-1-4] DEBUG org.asynchttpclient.netty.handler.HttpHandler - 

Request DefaultHttpRequest(decodeResult: success, version: HTTP/1.1)
POST /session/2aa51e07f548ebbb8efcf47f08376fbc/element/cf582340-897b-4c68-af6f-e2933e877d56/element HTTP/1.1
User-Agent: selenium/4.5.3 (java mac)
Content-Length: 106
Content-Type: application/json; charset=utf-8
host: localhost:8354
accept: */*

Response DefaultHttpResponse(decodeResult: success, version: HTTP/1.1)
HTTP/1.1 200 OK
Content-Length: 88
Content-Type: application/json; charset=utf-8
cache-control: no-cache

18:26:26.782 [AsyncHttpClient-1-4] DEBUG org.asynchttpclient.netty.channel.ChannelManager - Adding key: http://localhost:8354 for channel [id: 0x38473121, L:/127.0.0.1:54991 - R:localhost/127.0.0.1:8354]
18:26:26.786 [Forwarding getElementText on session 2aa51e07f548ebbb8efcf47f08376fbc to remote] DEBUG org.asynchttpclient.netty.request.NettyRequestSender - Using pooled Channel '[id: 0x38473121, L:/127.0.0.1:54991 - R:localhost/127.0.0.1:8354]' for 'GET' to 'http://localhost:8354/session/2aa51e07f548ebbb8efcf47f08376fbc/element/f1a5e191-3fd8-4783-9aaa-4a0ab90a8f2b/text'
18:26:26.786 [Forwarding getElementText on session 2aa51e07f548ebbb8efcf47f08376fbc to remote] DEBUG org.asynchttpclient.netty.request.NettyRequestSender - Using open Channel [id: 0x38473121, L:/127.0.0.1:54991 - R:localhost/127.0.0.1:8354] for GET '/session/2aa51e07f548ebbb8efcf47f08376fbc/element/f1a5e191-3fd8-4783-9aaa-4a0ab90a8f2b/text'
18:26:26.846 [AsyncHttpClient-1-4] DEBUG org.asynchttpclient.netty.handler.HttpHandler - 

Request DefaultFullHttpRequest(decodeResult: success, version: HTTP/1.1, content: EmptyByteBufBE)
GET /session/2aa51e07f548ebbb8efcf47f08376fbc/element/f1a5e191-3fd8-4783-9aaa-4a0ab90a8f2b/text HTTP/1.1
User-Agent: selenium/4.5.3 (java mac)
Cache-Control: no-cache
Content-Type: application/json; charset=utf-8
host: localhost:8354
accept: */*

Response DefaultHttpResponse(decodeResult: success, version: HTTP/1.1)
HTTP/1.1 200 OK
Content-Length: 19
Content-Type: application/json; charset=utf-8
cache-control: no-cache

18:26:26.847 [AsyncHttpClient-1-4] DEBUG org.asynchttpclient.netty.channel.ChannelManager - Adding key: http://localhost:8354 for channel [id: 0x38473121, L:/127.0.0.1:54991 - R:localhost/127.0.0.1:8354]
18:26:26.848 [Forwarding findChildElement on session 2aa51e07f548ebbb8efcf47f08376fbc to remote] DEBUG org.asynchttpclient.netty.request.NettyRequestSender - Using pooled Channel '[id: 0x38473121, L:/127.0.0.1:54991 - R:localhost/127.0.0.1:8354]' for 'POST' to 'http://localhost:8354/session/2aa51e07f548ebbb8efcf47f08376fbc/element/1e228ffd-85fc-4e39-bde1-65856bdacd78/element'
18:26:26.848 [Forwarding findChildElement on session 2aa51e07f548ebbb8efcf47f08376fbc to remote] DEBUG org.asynchttpclient.netty.request.NettyRequestSender - Using open Channel [id: 0x38473121, L:/127.0.0.1:54991 - R:localhost/127.0.0.1:8354] for POST '/session/2aa51e07f548ebbb8efcf47f08376fbc/element/1e228ffd-85fc-4e39-bde1-65856bdacd78/element'
18:26:26.872 [AsyncHttpClient-1-4] DEBUG org.asynchttpclient.netty.handler.HttpHandler - 

Request DefaultHttpRequest(decodeResult: success, version: HTTP/1.1)
POST /session/2aa51e07f548ebbb8efcf47f08376fbc/element/1e228ffd-85fc-4e39-bde1-65856bdacd78/element HTTP/1.1
User-Agent: selenium/4.5.3 (java mac)
Content-Length: 106
Content-Type: application/json; charset=utf-8
host: localhost:8354
accept: */*

Response DefaultHttpResponse(decodeResult: success, version: HTTP/1.1)
HTTP/1.1 200 OK
Content-Length: 88
Content-Type: application/json; charset=utf-8
cache-control: no-cache

18:26:26.872 [AsyncHttpClient-1-4] DEBUG org.asynchttpclient.netty.channel.ChannelManager - Adding key: http://localhost:8354 for channel [id: 0x38473121, L:/127.0.0.1:54991 - R:localhost/127.0.0.1:8354]
18:26:26.872 [Forwarding getElementText on session 2aa51e07f548ebbb8efcf47f08376fbc to remote] DEBUG org.asynchttpclient.netty.request.NettyRequestSender - Using pooled Channel '[id: 0x38473121, L:/127.0.0.1:54991 - R:localhost/127.0.0.1:8354]' for 'GET' to 'http://localhost:8354/session/2aa51e07f548ebbb8efcf47f08376fbc/element/ef900d5a-d6d5-464a-b6a1-2247a41fa7ad/text'
18:26:26.872 [Forwarding getElementText on session 2aa51e07f548ebbb8efcf47f08376fbc to remote] DEBUG org.asynchttpclient.netty.request.NettyRequestSender - Using open Channel [id: 0x38473121, L:/127.0.0.1:54991 - R:localhost/127.0.0.1:8354] for GET '/session/2aa51e07f548ebbb8efcf47f08376fbc/element/ef900d5a-d6d5-464a-b6a1-2247a41fa7ad/text'
18:26:27.209 [AsyncHttpClient-1-4] DEBUG org.asynchttpclient.netty.handler.HttpHandler - 

Request DefaultFullHttpRequest(decodeResult: success, version: HTTP/1.1, content: EmptyByteBufBE)
GET /session/2aa51e07f548ebbb8efcf47f08376fbc/element/ef900d5a-d6d5-464a-b6a1-2247a41fa7ad/text HTTP/1.1
User-Agent: selenium/4.5.3 (java mac)
Cache-Control: no-cache
Content-Type: application/json; charset=utf-8
host: localhost:8354
accept: */*

Response DefaultHttpResponse(decodeResult: success, version: HTTP/1.1)
HTTP/1.1 200 OK
Content-Length: 88
Content-Type: application/json; charset=utf-8
cache-control: no-cache

18:26:27.209 [AsyncHttpClient-1-4] DEBUG org.asynchttpclient.netty.channel.ChannelManager - Adding key: http://localhost:8354 for channel [id: 0x38473121, L:/127.0.0.1:54991 - R:localhost/127.0.0.1:8354]
18:26:27.210 [Forwarding findChildElement on session 2aa51e07f548ebbb8efcf47f08376fbc to remote] DEBUG org.asynchttpclient.netty.request.NettyRequestSender - Using pooled Channel '[id: 0x38473121, L:/127.0.0.1:54991 - R:localhost/127.0.0.1:8354]' for 'POST' to 'http://localhost:8354/session/2aa51e07f548ebbb8efcf47f08376fbc/element/1e228ffd-85fc-4e39-bde1-65856bdacd78/element'
18:26:27.210 [Forwarding findChildElement on session 2aa51e07f548ebbb8efcf47f08376fbc to remote] DEBUG org.asynchttpclient.netty.request.NettyRequestSender - Using open Channel [id: 0x38473121, L:/127.0.0.1:54991 - R:localhost/127.0.0.1:8354] for POST '/session/2aa51e07f548ebbb8efcf47f08376fbc/element/1e228ffd-85fc-4e39-bde1-65856bdacd78/element'
18:26:27.222 [AsyncHttpClient-1-4] DEBUG org.asynchttpclient.netty.handler.HttpHandler - 

Request DefaultHttpRequest(decodeResult: success, version: HTTP/1.1)
POST /session/2aa51e07f548ebbb8efcf47f08376fbc/element/1e228ffd-85fc-4e39-bde1-65856bdacd78/element HTTP/1.1
User-Agent: selenium/4.5.3 (java mac)
Content-Length: 106
Content-Type: application/json; charset=utf-8
host: localhost:8354
accept: */*

Response DefaultHttpResponse(decodeResult: success, version: HTTP/1.1)
HTTP/1.1 200 OK
Content-Length: 88
Content-Type: application/json; charset=utf-8
cache-control: no-cache

18:26:27.222 [AsyncHttpClient-1-4] DEBUG org.asynchttpclient.netty.channel.ChannelManager - Adding key: http://localhost:8354 for channel [id: 0x38473121, L:/127.0.0.1:54991 - R:localhost/127.0.0.1:8354]
18:26:27.222 [Forwarding getElementText on session 2aa51e07f548ebbb8efcf47f08376fbc to remote] DEBUG org.asynchttpclient.netty.request.NettyRequestSender - Using pooled Channel '[id: 0x38473121, L:/127.0.0.1:54991 - R:localhost/127.0.0.1:8354]' for 'GET' to 'http://localhost:8354/session/2aa51e07f548ebbb8efcf47f08376fbc/element/07365a58-2930-46e2-9c40-4d9e90d2b0f1/text'
18:26:27.223 [Forwarding getElementText on session 2aa51e07f548ebbb8efcf47f08376fbc to remote] DEBUG org.asynchttpclient.netty.request.NettyRequestSender - Using open Channel [id: 0x38473121, L:/127.0.0.1:54991 - R:localhost/127.0.0.1:8354] for GET '/session/2aa51e07f548ebbb8efcf47f08376fbc/element/07365a58-2930-46e2-9c40-4d9e90d2b0f1/text'
18:26:27.243 [AsyncHttpClient-1-4] DEBUG org.asynchttpclient.netty.handler.HttpHandler - 

Request DefaultFullHttpRequest(decodeResult: success, version: HTTP/1.1, content: EmptyByteBufBE)
GET /session/2aa51e07f548ebbb8efcf47f08376fbc/element/07365a58-2930-46e2-9c40-4d9e90d2b0f1/text HTTP/1.1
User-Agent: selenium/4.5.3 (java mac)
Cache-Control: no-cache
Content-Type: application/json; charset=utf-8
host: localhost:8354
accept: */*

Response DefaultHttpResponse(decodeResult: success, version: HTTP/1.1)
HTTP/1.1 200 OK
Content-Length: 30
Content-Type: application/json; charset=utf-8
cache-control: no-cache

18:26:27.243 [AsyncHttpClient-1-4] DEBUG org.asynchttpclient.netty.channel.ChannelManager - Adding key: http://localhost:8354 for channel [id: 0x38473121, L:/127.0.0.1:54991 - R:localhost/127.0.0.1:8354]
18:26:27.244 [Forwarding findChildElement on session 2aa51e07f548ebbb8efcf47f08376fbc to remote] DEBUG org.asynchttpclient.netty.request.NettyRequestSender - Using pooled Channel '[id: 0x38473121, L:/127.0.0.1:54991 - R:localhost/127.0.0.1:8354]' for 'POST' to 'http://localhost:8354/session/2aa51e07f548ebbb8efcf47f08376fbc/element/7abf70cf-e90d-4d77-b3eb-a708ee60607e/element'
18:26:27.244 [Forwarding findChildElement on session 2aa51e07f548ebbb8efcf47f08376fbc to remote] DEBUG org.asynchttpclient.netty.request.NettyRequestSender - Using open Channel [id: 0x38473121, L:/127.0.0.1:54991 - R:localhost/127.0.0.1:8354] for POST '/session/2aa51e07f548ebbb8efcf47f08376fbc/element/7abf70cf-e90d-4d77-b3eb-a708ee60607e/element'
18:26:27.397 [AsyncHttpClient-1-4] DEBUG org.asynchttpclient.netty.handler.HttpHandler - 

Request DefaultHttpRequest(decodeResult: success, version: HTTP/1.1)
POST /session/2aa51e07f548ebbb8efcf47f08376fbc/element/7abf70cf-e90d-4d77-b3eb-a708ee60607e/element HTTP/1.1
User-Agent: selenium/4.5.3 (java mac)
Content-Length: 106
Content-Type: application/json; charset=utf-8
host: localhost:8354
accept: */*

Response DefaultHttpResponse(decodeResult: success, version: HTTP/1.1)
HTTP/1.1 200 OK
Content-Length: 88
Content-Type: application/json; charset=utf-8
cache-control: no-cache

18:26:27.397 [AsyncHttpClient-1-4] DEBUG org.asynchttpclient.netty.channel.ChannelManager - Adding key: http://localhost:8354 for channel [id: 0x38473121, L:/127.0.0.1:54991 - R:localhost/127.0.0.1:8354]
18:26:27.398 [Forwarding getElementText on session 2aa51e07f548ebbb8efcf47f08376fbc to remote] DEBUG org.asynchttpclient.netty.request.NettyRequestSender - Using pooled Channel '[id: 0x38473121, L:/127.0.0.1:54991 - R:localhost/127.0.0.1:8354]' for 'GET' to 'http://localhost:8354/session/2aa51e07f548ebbb8efcf47f08376fbc/element/9f917335-3bb9-484e-b89c-59a819109b4e/text'
18:26:27.398 [Forwarding getElementText on session 2aa51e07f548ebbb8efcf47f08376fbc to remote] DEBUG org.asynchttpclient.netty.request.NettyRequestSender - Using open Channel [id: 0x38473121, L:/127.0.0.1:54991 - R:localhost/127.0.0.1:8354] for GET '/session/2aa51e07f548ebbb8efcf47f08376fbc/element/9f917335-3bb9-484e-b89c-59a819109b4e/text'
18:26:27.416 [AsyncHttpClient-1-4] DEBUG org.asynchttpclient.netty.handler.HttpHandler - 

Request DefaultFullHttpRequest(decodeResult: success, version: HTTP/1.1, content: EmptyByteBufBE)
GET /session/2aa51e07f548ebbb8efcf47f08376fbc/element/9f917335-3bb9-484e-b89c-59a819109b4e/text HTTP/1.1
User-Agent: selenium/4.5.3 (java mac)
Cache-Control: no-cache
Content-Type: application/json; charset=utf-8
host: localhost:8354
accept: */*

Response DefaultHttpResponse(decodeResult: success, version: HTTP/1.1)
HTTP/1.1 200 OK
Content-Length: 87
Content-Type: application/json; charset=utf-8
cache-control: no-cache

18:26:27.417 [AsyncHttpClient-1-4] DEBUG org.asynchttpclient.netty.channel.ChannelManager - Adding key: http://localhost:8354 for channel [id: 0x38473121, L:/127.0.0.1:54991 - R:localhost/127.0.0.1:8354]
18:26:27.419 [Forwarding findChildElement on session 2aa51e07f548ebbb8efcf47f08376fbc to remote] DEBUG org.asynchttpclient.netty.request.NettyRequestSender - Using pooled Channel '[id: 0x38473121, L:/127.0.0.1:54991 - R:localhost/127.0.0.1:8354]' for 'POST' to 'http://localhost:8354/session/2aa51e07f548ebbb8efcf47f08376fbc/element/7abf70cf-e90d-4d77-b3eb-a708ee60607e/element'
18:26:27.419 [Forwarding findChildElement on session 2aa51e07f548ebbb8efcf47f08376fbc to remote] DEBUG org.asynchttpclient.netty.request.NettyRequestSender - Using open Channel [id: 0x38473121, L:/127.0.0.1:54991 - R:localhost/127.0.0.1:8354] for POST '/session/2aa51e07f548ebbb8efcf47f08376fbc/element/7abf70cf-e90d-4d77-b3eb-a708ee60607e/element'
18:26:27.453 [AsyncHttpClient-1-4] DEBUG org.asynchttpclient.netty.handler.HttpHandler - 

Request DefaultHttpRequest(decodeResult: success, version: HTTP/1.1)
POST /session/2aa51e07f548ebbb8efcf47f08376fbc/element/7abf70cf-e90d-4d77-b3eb-a708ee60607e/element HTTP/1.1
User-Agent: selenium/4.5.3 (java mac)
Content-Length: 106
Content-Type: application/json; charset=utf-8
host: localhost:8354
accept: */*

Response DefaultHttpResponse(decodeResult: success, version: HTTP/1.1)
HTTP/1.1 200 OK
Content-Length: 88
Content-Type: application/json; charset=utf-8
cache-control: no-cache

18:26:27.454 [AsyncHttpClient-1-4] DEBUG org.asynchttpclient.netty.channel.ChannelManager - Adding key: http://localhost:8354 for channel [id: 0x38473121, L:/127.0.0.1:54991 - R:localhost/127.0.0.1:8354]
18:26:27.455 [Forwarding getElementText on session 2aa51e07f548ebbb8efcf47f08376fbc to remote] DEBUG org.asynchttpclient.netty.request.NettyRequestSender - Using pooled Channel '[id: 0x38473121, L:/127.0.0.1:54991 - R:localhost/127.0.0.1:8354]' for 'GET' to 'http://localhost:8354/session/2aa51e07f548ebbb8efcf47f08376fbc/element/97bc44ed-383c-408a-ac10-6cea75a56d29/text'
18:26:27.455 [Forwarding getElementText on session 2aa51e07f548ebbb8efcf47f08376fbc to remote] DEBUG org.asynchttpclient.netty.request.NettyRequestSender - Using open Channel [id: 0x38473121, L:/127.0.0.1:54991 - R:localhost/127.0.0.1:8354] for GET '/session/2aa51e07f548ebbb8efcf47f08376fbc/element/97bc44ed-383c-408a-ac10-6cea75a56d29/text'
18:26:27.479 [AsyncHttpClient-1-4] DEBUG org.asynchttpclient.netty.handler.HttpHandler - 

Request DefaultFullHttpRequest(decodeResult: success, version: HTTP/1.1, content: EmptyByteBufBE)
GET /session/2aa51e07f548ebbb8efcf47f08376fbc/element/97bc44ed-383c-408a-ac10-6cea75a56d29/text HTTP/1.1
User-Agent: selenium/4.5.3 (java mac)
Cache-Control: no-cache
Content-Type: application/json; charset=utf-8
host: localhost:8354
accept: */*

Response DefaultHttpResponse(decodeResult: success, version: HTTP/1.1)
HTTP/1.1 200 OK
Content-Length: 30
Content-Type: application/json; charset=utf-8
cache-control: no-cache

18:26:27.479 [AsyncHttpClient-1-4] DEBUG org.asynchttpclient.netty.channel.ChannelManager - Adding key: http://localhost:8354 for channel [id: 0x38473121, L:/127.0.0.1:54991 - R:localhost/127.0.0.1:8354]
18:26:27.481 [Forwarding findChildElement on session 2aa51e07f548ebbb8efcf47f08376fbc to remote] DEBUG org.asynchttpclient.netty.request.NettyRequestSender - Using pooled Channel '[id: 0x38473121, L:/127.0.0.1:54991 - R:localhost/127.0.0.1:8354]' for 'POST' to 'http://localhost:8354/session/2aa51e07f548ebbb8efcf47f08376fbc/element/3614d42f-dd81-46dd-afdc-09c90123ad13/element'
18:26:27.481 [Forwarding findChildElement on session 2aa51e07f548ebbb8efcf47f08376fbc to remote] DEBUG org.asynchttpclient.netty.request.NettyRequestSender - Using open Channel [id: 0x38473121, L:/127.0.0.1:54991 - R:localhost/127.0.0.1:8354] for POST '/session/2aa51e07f548ebbb8efcf47f08376fbc/element/3614d42f-dd81-46dd-afdc-09c90123ad13/element'
18:26:27.497 [AsyncHttpClient-1-4] DEBUG org.asynchttpclient.netty.handler.HttpHandler - 

Request DefaultHttpRequest(decodeResult: success, version: HTTP/1.1)
POST /session/2aa51e07f548ebbb8efcf47f08376fbc/element/3614d42f-dd81-46dd-afdc-09c90123ad13/element HTTP/1.1
User-Agent: selenium/4.5.3 (java mac)
Content-Length: 106
Content-Type: application/json; charset=utf-8
host: localhost:8354
accept: */*

Response DefaultHttpResponse(decodeResult: success, version: HTTP/1.1)
HTTP/1.1 200 OK
Content-Length: 88
Content-Type: application/json; charset=utf-8
cache-control: no-cache

18:26:27.497 [AsyncHttpClient-1-4] DEBUG org.asynchttpclient.netty.channel.ChannelManager - Adding key: http://localhost:8354 for channel [id: 0x38473121, L:/127.0.0.1:54991 - R:localhost/127.0.0.1:8354]
18:26:27.505 [Forwarding getElementText on session 2aa51e07f548ebbb8efcf47f08376fbc to remote] DEBUG org.asynchttpclient.netty.request.NettyRequestSender - Using pooled Channel '[id: 0x38473121, L:/127.0.0.1:54991 - R:localhost/127.0.0.1:8354]' for 'GET' to 'http://localhost:8354/session/2aa51e07f548ebbb8efcf47f08376fbc/element/f6cd0e51-f644-4b68-86b4-ad6b1d6f7fe2/text'
18:26:27.505 [Forwarding getElementText on session 2aa51e07f548ebbb8efcf47f08376fbc to remote] DEBUG org.asynchttpclient.netty.request.NettyRequestSender - Using open Channel [id: 0x38473121, L:/127.0.0.1:54991 - R:localhost/127.0.0.1:8354] for GET '/session/2aa51e07f548ebbb8efcf47f08376fbc/element/f6cd0e51-f644-4b68-86b4-ad6b1d6f7fe2/text'
18:26:27.681 [AsyncHttpClient-1-4] DEBUG org.asynchttpclient.netty.handler.HttpHandler - 

Request DefaultFullHttpRequest(decodeResult: success, version: HTTP/1.1, content: EmptyByteBufBE)
GET /session/2aa51e07f548ebbb8efcf47f08376fbc/element/f6cd0e51-f644-4b68-86b4-ad6b1d6f7fe2/text HTTP/1.1
User-Agent: selenium/4.5.3 (java mac)
Cache-Control: no-cache
Content-Type: application/json; charset=utf-8
host: localhost:8354
accept: */*

Response DefaultHttpResponse(decodeResult: success, version: HTTP/1.1)
HTTP/1.1 200 OK
Content-Length: 91
Content-Type: application/json; charset=utf-8
cache-control: no-cache

18:26:27.681 [AsyncHttpClient-1-4] DEBUG org.asynchttpclient.netty.channel.ChannelManager - Adding key: http://localhost:8354 for channel [id: 0x38473121, L:/127.0.0.1:54991 - R:localhost/127.0.0.1:8354]
18:26:27.684 [Forwarding findChildElement on session 2aa51e07f548ebbb8efcf47f08376fbc to remote] DEBUG org.asynchttpclient.netty.request.NettyRequestSender - Using pooled Channel '[id: 0x38473121, L:/127.0.0.1:54991 - R:localhost/127.0.0.1:8354]' for 'POST' to 'http://localhost:8354/session/2aa51e07f548ebbb8efcf47f08376fbc/element/3614d42f-dd81-46dd-afdc-09c90123ad13/element'
18:26:27.684 [Forwarding findChildElement on session 2aa51e07f548ebbb8efcf47f08376fbc to remote] DEBUG org.asynchttpclient.netty.request.NettyRequestSender - Using open Channel [id: 0x38473121, L:/127.0.0.1:54991 - R:localhost/127.0.0.1:8354] for POST '/session/2aa51e07f548ebbb8efcf47f08376fbc/element/3614d42f-dd81-46dd-afdc-09c90123ad13/element'
18:26:27.696 [AsyncHttpClient-1-4] DEBUG org.asynchttpclient.netty.handler.HttpHandler - 

Request DefaultHttpRequest(decodeResult: success, version: HTTP/1.1)
POST /session/2aa51e07f548ebbb8efcf47f08376fbc/element/3614d42f-dd81-46dd-afdc-09c90123ad13/element HTTP/1.1
User-Agent: selenium/4.5.3 (java mac)
Content-Length: 106
Content-Type: application/json; charset=utf-8
host: localhost:8354
accept: */*

Response DefaultHttpResponse(decodeResult: success, version: HTTP/1.1)
HTTP/1.1 200 OK
Content-Length: 88
Content-Type: application/json; charset=utf-8
cache-control: no-cache

18:26:27.697 [AsyncHttpClient-1-4] DEBUG org.asynchttpclient.netty.channel.ChannelManager - Adding key: http://localhost:8354 for channel [id: 0x38473121, L:/127.0.0.1:54991 - R:localhost/127.0.0.1:8354]
18:26:27.697 [Forwarding getElementText on session 2aa51e07f548ebbb8efcf47f08376fbc to remote] DEBUG org.asynchttpclient.netty.request.NettyRequestSender - Using pooled Channel '[id: 0x38473121, L:/127.0.0.1:54991 - R:localhost/127.0.0.1:8354]' for 'GET' to 'http://localhost:8354/session/2aa51e07f548ebbb8efcf47f08376fbc/element/a63865c9-5e53-4b71-8e8b-ea1baf1cb89d/text'
18:26:27.697 [Forwarding getElementText on session 2aa51e07f548ebbb8efcf47f08376fbc to remote] DEBUG org.asynchttpclient.netty.request.NettyRequestSender - Using open Channel [id: 0x38473121, L:/127.0.0.1:54991 - R:localhost/127.0.0.1:8354] for GET '/session/2aa51e07f548ebbb8efcf47f08376fbc/element/a63865c9-5e53-4b71-8e8b-ea1baf1cb89d/text'
18:26:27.713 [AsyncHttpClient-1-4] DEBUG org.asynchttpclient.netty.handler.HttpHandler - 

Request DefaultFullHttpRequest(decodeResult: success, version: HTTP/1.1, content: EmptyByteBufBE)
GET /session/2aa51e07f548ebbb8efcf47f08376fbc/element/a63865c9-5e53-4b71-8e8b-ea1baf1cb89d/text HTTP/1.1
User-Agent: selenium/4.5.3 (java mac)
Cache-Control: no-cache
Content-Type: application/json; charset=utf-8
host: localhost:8354
accept: */*

Response DefaultHttpResponse(decodeResult: success, version: HTTP/1.1)
HTTP/1.1 200 OK
Content-Length: 19
Content-Type: application/json; charset=utf-8
cache-control: no-cache

18:26:27.713 [AsyncHttpClient-1-4] DEBUG org.asynchttpclient.netty.channel.ChannelManager - Adding key: http://localhost:8354 for channel [id: 0x38473121, L:/127.0.0.1:54991 - R:localhost/127.0.0.1:8354]
18:26:27.715 [Forwarding findChildElement on session 2aa51e07f548ebbb8efcf47f08376fbc to remote] DEBUG org.asynchttpclient.netty.request.NettyRequestSender - Using pooled Channel '[id: 0x38473121, L:/127.0.0.1:54991 - R:localhost/127.0.0.1:8354]' for 'POST' to 'http://localhost:8354/session/2aa51e07f548ebbb8efcf47f08376fbc/element/f16d9289-85a7-42b4-a3c3-34f8e07d9b93/element'
18:26:27.716 [AsyncHttpClient-1-1] DEBUG org.asynchttpclient.netty.channel.DefaultChannelPool - Entry count for : http://localhost:54992 : 1
18:26:27.716 [Forwarding findChildElement on session 2aa51e07f548ebbb8efcf47f08376fbc to remote] DEBUG org.asynchttpclient.netty.request.NettyRequestSender - Using open Channel [id: 0x38473121, L:/127.0.0.1:54991 - R:localhost/127.0.0.1:8354] for POST '/session/2aa51e07f548ebbb8efcf47f08376fbc/element/f16d9289-85a7-42b4-a3c3-34f8e07d9b93/element'
18:26:27.716 [AsyncHttpClient-1-1] DEBUG org.asynchttpclient.netty.channel.DefaultChannelPool - Entry count for : http://localhost:7078 : 1
18:26:27.747 [AsyncHttpClient-1-4] DEBUG org.asynchttpclient.netty.handler.HttpHandler - 

Request DefaultHttpRequest(decodeResult: success, version: HTTP/1.1)
POST /session/2aa51e07f548ebbb8efcf47f08376fbc/element/f16d9289-85a7-42b4-a3c3-34f8e07d9b93/element HTTP/1.1
User-Agent: selenium/4.5.3 (java mac)
Content-Length: 106
Content-Type: application/json; charset=utf-8
host: localhost:8354
accept: */*

Response DefaultHttpResponse(decodeResult: success, version: HTTP/1.1)
HTTP/1.1 200 OK
Content-Length: 88
Content-Type: application/json; charset=utf-8
cache-control: no-cache

18:26:27.748 [AsyncHttpClient-1-4] DEBUG org.asynchttpclient.netty.channel.ChannelManager - Adding key: http://localhost:8354 for channel [id: 0x38473121, L:/127.0.0.1:54991 - R:localhost/127.0.0.1:8354]
18:26:27.752 [Forwarding getElementText on session 2aa51e07f548ebbb8efcf47f08376fbc to remote] DEBUG org.asynchttpclient.netty.request.NettyRequestSender - Using pooled Channel '[id: 0x38473121, L:/127.0.0.1:54991 - R:localhost/127.0.0.1:8354]' for 'GET' to 'http://localhost:8354/session/2aa51e07f548ebbb8efcf47f08376fbc/element/6c1c9369-6570-431c-ba20-93e0c5212081/text'
18:26:27.752 [Forwarding getElementText on session 2aa51e07f548ebbb8efcf47f08376fbc to remote] DEBUG org.asynchttpclient.netty.request.NettyRequestSender - Using open Channel [id: 0x38473121, L:/127.0.0.1:54991 - R:localhost/127.0.0.1:8354] for GET '/session/2aa51e07f548ebbb8efcf47f08376fbc/element/6c1c9369-6570-431c-ba20-93e0c5212081/text'
18:26:27.896 [AsyncHttpClient-1-4] DEBUG org.asynchttpclient.netty.handler.HttpHandler - 

Request DefaultFullHttpRequest(decodeResult: success, version: HTTP/1.1, content: EmptyByteBufBE)
GET /session/2aa51e07f548ebbb8efcf47f08376fbc/element/6c1c9369-6570-431c-ba20-93e0c5212081/text HTTP/1.1
User-Agent: selenium/4.5.3 (java mac)
Cache-Control: no-cache
Content-Type: application/json; charset=utf-8
host: localhost:8354
accept: */*

Response DefaultHttpResponse(decodeResult: success, version: HTTP/1.1)
HTTP/1.1 200 OK
Content-Length: 68
Content-Type: application/json; charset=utf-8
cache-control: no-cache

18:26:27.896 [AsyncHttpClient-1-4] DEBUG org.asynchttpclient.netty.channel.ChannelManager - Adding key: http://localhost:8354 for channel [id: 0x38473121, L:/127.0.0.1:54991 - R:localhost/127.0.0.1:8354]
18:26:27.897 [Forwarding findChildElement on session 2aa51e07f548ebbb8efcf47f08376fbc to remote] DEBUG org.asynchttpclient.netty.request.NettyRequestSender - Using pooled Channel '[id: 0x38473121, L:/127.0.0.1:54991 - R:localhost/127.0.0.1:8354]' for 'POST' to 'http://localhost:8354/session/2aa51e07f548ebbb8efcf47f08376fbc/element/f16d9289-85a7-42b4-a3c3-34f8e07d9b93/element'
18:26:27.897 [Forwarding findChildElement on session 2aa51e07f548ebbb8efcf47f08376fbc to remote] DEBUG org.asynchttpclient.netty.request.NettyRequestSender - Using open Channel [id: 0x38473121, L:/127.0.0.1:54991 - R:localhost/127.0.0.1:8354] for POST '/session/2aa51e07f548ebbb8efcf47f08376fbc/element/f16d9289-85a7-42b4-a3c3-34f8e07d9b93/element'
18:26:27.915 [AsyncHttpClient-1-4] DEBUG org.asynchttpclient.netty.handler.HttpHandler - 

Request DefaultHttpRequest(decodeResult: success, version: HTTP/1.1)
POST /session/2aa51e07f548ebbb8efcf47f08376fbc/element/f16d9289-85a7-42b4-a3c3-34f8e07d9b93/element HTTP/1.1
User-Agent: selenium/4.5.3 (java mac)
Content-Length: 106
Content-Type: application/json; charset=utf-8
host: localhost:8354
accept: */*

Response DefaultHttpResponse(decodeResult: success, version: HTTP/1.1)
HTTP/1.1 200 OK
Content-Length: 88
Content-Type: application/json; charset=utf-8
cache-control: no-cache

18:26:27.915 [AsyncHttpClient-1-4] DEBUG org.asynchttpclient.netty.channel.ChannelManager - Adding key: http://localhost:8354 for channel [id: 0x38473121, L:/127.0.0.1:54991 - R:localhost/127.0.0.1:8354]
18:26:27.916 [Forwarding getElementText on session 2aa51e07f548ebbb8efcf47f08376fbc to remote] DEBUG org.asynchttpclient.netty.request.NettyRequestSender - Using pooled Channel '[id: 0x38473121, L:/127.0.0.1:54991 - R:localhost/127.0.0.1:8354]' for 'GET' to 'http://localhost:8354/session/2aa51e07f548ebbb8efcf47f08376fbc/element/2038948b-4e30-4c71-8a6b-846a4c67d258/text'
18:26:27.916 [Forwarding getElementText on session 2aa51e07f548ebbb8efcf47f08376fbc to remote] DEBUG org.asynchttpclient.netty.request.NettyRequestSender - Using open Channel [id: 0x38473121, L:/127.0.0.1:54991 - R:localhost/127.0.0.1:8354] for GET '/session/2aa51e07f548ebbb8efcf47f08376fbc/element/2038948b-4e30-4c71-8a6b-846a4c67d258/text'
18:26:27.933 [AsyncHttpClient-1-4] DEBUG org.asynchttpclient.netty.handler.HttpHandler - 

Request DefaultFullHttpRequest(decodeResult: success, version: HTTP/1.1, content: EmptyByteBufBE)
GET /session/2aa51e07f548ebbb8efcf47f08376fbc/element/2038948b-4e30-4c71-8a6b-846a4c67d258/text HTTP/1.1
User-Agent: selenium/4.5.3 (java mac)
Cache-Control: no-cache
Content-Type: application/json; charset=utf-8
host: localhost:8354
accept: */*

Response DefaultHttpResponse(decodeResult: success, version: HTTP/1.1)
HTTP/1.1 200 OK
Content-Length: 19
Content-Type: application/json; charset=utf-8
cache-control: no-cache

18:26:27.933 [AsyncHttpClient-1-4] DEBUG org.asynchttpclient.netty.channel.ChannelManager - Adding key: http://localhost:8354 for channel [id: 0x38473121, L:/127.0.0.1:54991 - R:localhost/127.0.0.1:8354]
18:26:27.935 [Forwarding findChildElement on session 2aa51e07f548ebbb8efcf47f08376fbc to remote] DEBUG org.asynchttpclient.netty.request.NettyRequestSender - Using pooled Channel '[id: 0x38473121, L:/127.0.0.1:54991 - R:localhost/127.0.0.1:8354]' for 'POST' to 'http://localhost:8354/session/2aa51e07f548ebbb8efcf47f08376fbc/element/bf73c746-4723-4405-a6bc-2b1cf9e48686/element'
18:26:27.935 [Forwarding findChildElement on session 2aa51e07f548ebbb8efcf47f08376fbc to remote] DEBUG org.asynchttpclient.netty.request.NettyRequestSender - Using open Channel [id: 0x38473121, L:/127.0.0.1:54991 - R:localhost/127.0.0.1:8354] for POST '/session/2aa51e07f548ebbb8efcf47f08376fbc/element/bf73c746-4723-4405-a6bc-2b1cf9e48686/element'
18:26:27.971 [AsyncHttpClient-1-4] DEBUG org.asynchttpclient.netty.handler.HttpHandler - 

Request DefaultHttpRequest(decodeResult: success, version: HTTP/1.1)
POST /session/2aa51e07f548ebbb8efcf47f08376fbc/element/bf73c746-4723-4405-a6bc-2b1cf9e48686/element HTTP/1.1
User-Agent: selenium/4.5.3 (java mac)
Content-Length: 106
Content-Type: application/json; charset=utf-8
host: localhost:8354
accept: */*

Response DefaultHttpResponse(decodeResult: success, version: HTTP/1.1)
HTTP/1.1 200 OK
Content-Length: 88
Content-Type: application/json; charset=utf-8
cache-control: no-cache

18:26:27.971 [AsyncHttpClient-1-4] DEBUG org.asynchttpclient.netty.channel.ChannelManager - Adding key: http://localhost:8354 for channel [id: 0x38473121, L:/127.0.0.1:54991 - R:localhost/127.0.0.1:8354]
18:26:27.972 [Forwarding getElementText on session 2aa51e07f548ebbb8efcf47f08376fbc to remote] DEBUG org.asynchttpclient.netty.request.NettyRequestSender - Using pooled Channel '[id: 0x38473121, L:/127.0.0.1:54991 - R:localhost/127.0.0.1:8354]' for 'GET' to 'http://localhost:8354/session/2aa51e07f548ebbb8efcf47f08376fbc/element/1e33bb12-6c4c-41c8-9ac2-5d95a3c24d50/text'
18:26:27.972 [Forwarding getElementText on session 2aa51e07f548ebbb8efcf47f08376fbc to remote] DEBUG org.asynchttpclient.netty.request.NettyRequestSender - Using open Channel [id: 0x38473121, L:/127.0.0.1:54991 - R:localhost/127.0.0.1:8354] for GET '/session/2aa51e07f548ebbb8efcf47f08376fbc/element/1e33bb12-6c4c-41c8-9ac2-5d95a3c24d50/text'
18:26:28.014 [AsyncHttpClient-1-4] DEBUG org.asynchttpclient.netty.handler.HttpHandler - 

Request DefaultFullHttpRequest(decodeResult: success, version: HTTP/1.1, content: EmptyByteBufBE)
GET /session/2aa51e07f548ebbb8efcf47f08376fbc/element/1e33bb12-6c4c-41c8-9ac2-5d95a3c24d50/text HTTP/1.1
User-Agent: selenium/4.5.3 (java mac)
Cache-Control: no-cache
Content-Type: application/json; charset=utf-8
host: localhost:8354
accept: */*

Response DefaultHttpResponse(decodeResult: success, version: HTTP/1.1)
HTTP/1.1 200 OK
Content-Length: 66
Content-Type: application/json; charset=utf-8
cache-control: no-cache

18:26:28.015 [AsyncHttpClient-1-4] DEBUG org.asynchttpclient.netty.channel.ChannelManager - Adding key: http://localhost:8354 for channel [id: 0x38473121, L:/127.0.0.1:54991 - R:localhost/127.0.0.1:8354]
18:26:28.019 [Forwarding findChildElement on session 2aa51e07f548ebbb8efcf47f08376fbc to remote] DEBUG org.asynchttpclient.netty.request.NettyRequestSender - Using pooled Channel '[id: 0x38473121, L:/127.0.0.1:54991 - R:localhost/127.0.0.1:8354]' for 'POST' to 'http://localhost:8354/session/2aa51e07f548ebbb8efcf47f08376fbc/element/bf73c746-4723-4405-a6bc-2b1cf9e48686/element'
18:26:28.020 [Forwarding findChildElement on session 2aa51e07f548ebbb8efcf47f08376fbc to remote] DEBUG org.asynchttpclient.netty.request.NettyRequestSender - Using open Channel [id: 0x38473121, L:/127.0.0.1:54991 - R:localhost/127.0.0.1:8354] for POST '/session/2aa51e07f548ebbb8efcf47f08376fbc/element/bf73c746-4723-4405-a6bc-2b1cf9e48686/element'
18:26:28.125 [AsyncHttpClient-1-4] DEBUG org.asynchttpclient.netty.handler.HttpHandler - 

Request DefaultHttpRequest(decodeResult: success, version: HTTP/1.1)
POST /session/2aa51e07f548ebbb8efcf47f08376fbc/element/bf73c746-4723-4405-a6bc-2b1cf9e48686/element HTTP/1.1
User-Agent: selenium/4.5.3 (java mac)
Content-Length: 106
Content-Type: application/json; charset=utf-8
host: localhost:8354
accept: */*

Response DefaultHttpResponse(decodeResult: success, version: HTTP/1.1)
HTTP/1.1 200 OK
Content-Length: 88
Content-Type: application/json; charset=utf-8
cache-control: no-cache

18:26:28.125 [AsyncHttpClient-1-4] DEBUG org.asynchttpclient.netty.channel.ChannelManager - Adding key: http://localhost:8354 for channel [id: 0x38473121, L:/127.0.0.1:54991 - R:localhost/127.0.0.1:8354]
18:26:28.132 [Forwarding getElementText on session 2aa51e07f548ebbb8efcf47f08376fbc to remote] DEBUG org.asynchttpclient.netty.request.NettyRequestSender - Using pooled Channel '[id: 0x38473121, L:/127.0.0.1:54991 - R:localhost/127.0.0.1:8354]' for 'GET' to 'http://localhost:8354/session/2aa51e07f548ebbb8efcf47f08376fbc/element/d07bdb3b-2eed-4683-a040-d4430b68cb1e/text'
18:26:28.132 [Forwarding getElementText on session 2aa51e07f548ebbb8efcf47f08376fbc to remote] DEBUG org.asynchttpclient.netty.request.NettyRequestSender - Using open Channel [id: 0x38473121, L:/127.0.0.1:54991 - R:localhost/127.0.0.1:8354] for GET '/session/2aa51e07f548ebbb8efcf47f08376fbc/element/d07bdb3b-2eed-4683-a040-d4430b68cb1e/text'
18:26:28.180 [AsyncHttpClient-1-4] DEBUG org.asynchttpclient.netty.handler.HttpHandler - 

Request DefaultFullHttpRequest(decodeResult: success, version: HTTP/1.1, content: EmptyByteBufBE)
GET /session/2aa51e07f548ebbb8efcf47f08376fbc/element/d07bdb3b-2eed-4683-a040-d4430b68cb1e/text HTTP/1.1
User-Agent: selenium/4.5.3 (java mac)
Cache-Control: no-cache
Content-Type: application/json; charset=utf-8
host: localhost:8354
accept: */*

Response DefaultHttpResponse(decodeResult: success, version: HTTP/1.1)
HTTP/1.1 200 OK
Content-Length: 19
Content-Type: application/json; charset=utf-8
cache-control: no-cache

18:26:28.181 [AsyncHttpClient-1-4] DEBUG org.asynchttpclient.netty.channel.ChannelManager - Adding key: http://localhost:8354 for channel [id: 0x38473121, L:/127.0.0.1:54991 - R:localhost/127.0.0.1:8354]
18:26:28.184 [Forwarding findChildElement on session 2aa51e07f548ebbb8efcf47f08376fbc to remote] DEBUG org.asynchttpclient.netty.request.NettyRequestSender - Using pooled Channel '[id: 0x38473121, L:/127.0.0.1:54991 - R:localhost/127.0.0.1:8354]' for 'POST' to 'http://localhost:8354/session/2aa51e07f548ebbb8efcf47f08376fbc/element/a98ffaa6-d8b8-4e46-81c7-430ae1b3caf6/element'
18:26:28.184 [Forwarding findChildElement on session 2aa51e07f548ebbb8efcf47f08376fbc to remote] DEBUG org.asynchttpclient.netty.request.NettyRequestSender - Using open Channel [id: 0x38473121, L:/127.0.0.1:54991 - R:localhost/127.0.0.1:8354] for POST '/session/2aa51e07f548ebbb8efcf47f08376fbc/element/a98ffaa6-d8b8-4e46-81c7-430ae1b3caf6/element'
18:26:28.225 [AsyncHttpClient-1-4] DEBUG org.asynchttpclient.netty.handler.HttpHandler - 

Request DefaultHttpRequest(decodeResult: success, version: HTTP/1.1)
POST /session/2aa51e07f548ebbb8efcf47f08376fbc/element/a98ffaa6-d8b8-4e46-81c7-430ae1b3caf6/element HTTP/1.1
User-Agent: selenium/4.5.3 (java mac)
Content-Length: 106
Content-Type: application/json; charset=utf-8
host: localhost:8354
accept: */*

Response DefaultHttpResponse(decodeResult: success, version: HTTP/1.1)
HTTP/1.1 200 OK
Content-Length: 88
Content-Type: application/json; charset=utf-8
cache-control: no-cache

18:26:28.225 [AsyncHttpClient-1-4] DEBUG org.asynchttpclient.netty.channel.ChannelManager - Adding key: http://localhost:8354 for channel [id: 0x38473121, L:/127.0.0.1:54991 - R:localhost/127.0.0.1:8354]
18:26:28.226 [Forwarding getElementText on session 2aa51e07f548ebbb8efcf47f08376fbc to remote] DEBUG org.asynchttpclient.netty.request.NettyRequestSender - Using pooled Channel '[id: 0x38473121, L:/127.0.0.1:54991 - R:localhost/127.0.0.1:8354]' for 'GET' to 'http://localhost:8354/session/2aa51e07f548ebbb8efcf47f08376fbc/element/3bf40ed2-211a-47f6-b1cb-584ea3413753/text'
18:26:28.226 [Forwarding getElementText on session 2aa51e07f548ebbb8efcf47f08376fbc to remote] DEBUG org.asynchttpclient.netty.request.NettyRequestSender - Using open Channel [id: 0x38473121, L:/127.0.0.1:54991 - R:localhost/127.0.0.1:8354] for GET '/session/2aa51e07f548ebbb8efcf47f08376fbc/element/3bf40ed2-211a-47f6-b1cb-584ea3413753/text'
18:26:28.252 [AsyncHttpClient-1-4] DEBUG org.asynchttpclient.netty.handler.HttpHandler - 

Request DefaultFullHttpRequest(decodeResult: success, version: HTTP/1.1, content: EmptyByteBufBE)
GET /session/2aa51e07f548ebbb8efcf47f08376fbc/element/3bf40ed2-211a-47f6-b1cb-584ea3413753/text HTTP/1.1
User-Agent: selenium/4.5.3 (java mac)
Cache-Control: no-cache
Content-Type: application/json; charset=utf-8
host: localhost:8354
accept: */*

Response DefaultHttpResponse(decodeResult: success, version: HTTP/1.1)
HTTP/1.1 200 OK
Content-Length: 71
Content-Type: application/json; charset=utf-8
cache-control: no-cache

18:26:28.253 [AsyncHttpClient-1-4] DEBUG org.asynchttpclient.netty.channel.ChannelManager - Adding key: http://localhost:8354 for channel [id: 0x38473121, L:/127.0.0.1:54991 - R:localhost/127.0.0.1:8354]
18:26:28.256 [Forwarding findChildElement on session 2aa51e07f548ebbb8efcf47f08376fbc to remote] DEBUG org.asynchttpclient.netty.request.NettyRequestSender - Using pooled Channel '[id: 0x38473121, L:/127.0.0.1:54991 - R:localhost/127.0.0.1:8354]' for 'POST' to 'http://localhost:8354/session/2aa51e07f548ebbb8efcf47f08376fbc/element/a98ffaa6-d8b8-4e46-81c7-430ae1b3caf6/element'
18:26:28.256 [Forwarding findChildElement on session 2aa51e07f548ebbb8efcf47f08376fbc to remote] DEBUG org.asynchttpclient.netty.request.NettyRequestSender - Using open Channel [id: 0x38473121, L:/127.0.0.1:54991 - R:localhost/127.0.0.1:8354] for POST '/session/2aa51e07f548ebbb8efcf47f08376fbc/element/a98ffaa6-d8b8-4e46-81c7-430ae1b3caf6/element'
18:26:28.406 [AsyncHttpClient-1-4] DEBUG org.asynchttpclient.netty.handler.HttpHandler - 

Request DefaultHttpRequest(decodeResult: success, version: HTTP/1.1)
POST /session/2aa51e07f548ebbb8efcf47f08376fbc/element/a98ffaa6-d8b8-4e46-81c7-430ae1b3caf6/element HTTP/1.1
User-Agent: selenium/4.5.3 (java mac)
Content-Length: 106
Content-Type: application/json; charset=utf-8
host: localhost:8354
accept: */*

Response DefaultHttpResponse(decodeResult: success, version: HTTP/1.1)
HTTP/1.1 200 OK
Content-Length: 88
Content-Type: application/json; charset=utf-8
cache-control: no-cache

18:26:28.407 [AsyncHttpClient-1-4] DEBUG org.asynchttpclient.netty.channel.ChannelManager - Adding key: http://localhost:8354 for channel [id: 0x38473121, L:/127.0.0.1:54991 - R:localhost/127.0.0.1:8354]
18:26:28.409 [Forwarding getElementText on session 2aa51e07f548ebbb8efcf47f08376fbc to remote] DEBUG org.asynchttpclient.netty.request.NettyRequestSender - Using pooled Channel '[id: 0x38473121, L:/127.0.0.1:54991 - R:localhost/127.0.0.1:8354]' for 'GET' to 'http://localhost:8354/session/2aa51e07f548ebbb8efcf47f08376fbc/element/e031e51a-ca14-40df-a642-1736b1641473/text'
18:26:28.409 [Forwarding getElementText on session 2aa51e07f548ebbb8efcf47f08376fbc to remote] DEBUG org.asynchttpclient.netty.request.NettyRequestSender - Using open Channel [id: 0x38473121, L:/127.0.0.1:54991 - R:localhost/127.0.0.1:8354] for GET '/session/2aa51e07f548ebbb8efcf47f08376fbc/element/e031e51a-ca14-40df-a642-1736b1641473/text'
18:26:28.431 [AsyncHttpClient-1-4] DEBUG org.asynchttpclient.netty.handler.HttpHandler - 

Request DefaultFullHttpRequest(decodeResult: success, version: HTTP/1.1, content: EmptyByteBufBE)
GET /session/2aa51e07f548ebbb8efcf47f08376fbc/element/e031e51a-ca14-40df-a642-1736b1641473/text HTTP/1.1
User-Agent: selenium/4.5.3 (java mac)
Cache-Control: no-cache
Content-Type: application/json; charset=utf-8
host: localhost:8354
accept: */*

Response DefaultHttpResponse(decodeResult: success, version: HTTP/1.1)
HTTP/1.1 200 OK
Content-Length: 19
Content-Type: application/json; charset=utf-8
cache-control: no-cache

18:26:28.432 [AsyncHttpClient-1-4] DEBUG org.asynchttpclient.netty.channel.ChannelManager - Adding key: http://localhost:8354 for channel [id: 0x38473121, L:/127.0.0.1:54991 - R:localhost/127.0.0.1:8354]
18:26:28.434 [Forwarding findChildElement on session 2aa51e07f548ebbb8efcf47f08376fbc to remote] DEBUG org.asynchttpclient.netty.request.NettyRequestSender - Using pooled Channel '[id: 0x38473121, L:/127.0.0.1:54991 - R:localhost/127.0.0.1:8354]' for 'POST' to 'http://localhost:8354/session/2aa51e07f548ebbb8efcf47f08376fbc/element/7450d802-3c26-4134-a4f9-b4d713e47c55/element'
18:26:28.434 [Forwarding findChildElement on session 2aa51e07f548ebbb8efcf47f08376fbc to remote] DEBUG org.asynchttpclient.netty.request.NettyRequestSender - Using open Channel [id: 0x38473121, L:/127.0.0.1:54991 - R:localhost/127.0.0.1:8354] for POST '/session/2aa51e07f548ebbb8efcf47f08376fbc/element/7450d802-3c26-4134-a4f9-b4d713e47c55/element'
18:26:28.456 [AsyncHttpClient-1-4] DEBUG org.asynchttpclient.netty.handler.HttpHandler - 

Request DefaultHttpRequest(decodeResult: success, version: HTTP/1.1)
POST /session/2aa51e07f548ebbb8efcf47f08376fbc/element/7450d802-3c26-4134-a4f9-b4d713e47c55/element HTTP/1.1
User-Agent: selenium/4.5.3 (java mac)
Content-Length: 106
Content-Type: application/json; charset=utf-8
host: localhost:8354
accept: */*

Response DefaultHttpResponse(decodeResult: success, version: HTTP/1.1)
HTTP/1.1 200 OK
Content-Length: 88
Content-Type: application/json; charset=utf-8
cache-control: no-cache

18:26:28.456 [AsyncHttpClient-1-4] DEBUG org.asynchttpclient.netty.channel.ChannelManager - Adding key: http://localhost:8354 for channel [id: 0x38473121, L:/127.0.0.1:54991 - R:localhost/127.0.0.1:8354]
18:26:28.458 [Forwarding getElementText on session 2aa51e07f548ebbb8efcf47f08376fbc to remote] DEBUG org.asynchttpclient.netty.request.NettyRequestSender - Using pooled Channel '[id: 0x38473121, L:/127.0.0.1:54991 - R:localhost/127.0.0.1:8354]' for 'GET' to 'http://localhost:8354/session/2aa51e07f548ebbb8efcf47f08376fbc/element/451d0e80-0e91-4fba-bff4-d2da465d8cc5/text'
18:26:28.458 [Forwarding getElementText on session 2aa51e07f548ebbb8efcf47f08376fbc to remote] DEBUG org.asynchttpclient.netty.request.NettyRequestSender - Using open Channel [id: 0x38473121, L:/127.0.0.1:54991 - R:localhost/127.0.0.1:8354] for GET '/session/2aa51e07f548ebbb8efcf47f08376fbc/element/451d0e80-0e91-4fba-bff4-d2da465d8cc5/text'
18:26:28.542 [AsyncHttpClient-1-4] DEBUG org.asynchttpclient.netty.handler.HttpHandler - 

Request DefaultFullHttpRequest(decodeResult: success, version: HTTP/1.1, content: EmptyByteBufBE)
GET /session/2aa51e07f548ebbb8efcf47f08376fbc/element/451d0e80-0e91-4fba-bff4-d2da465d8cc5/text HTTP/1.1
User-Agent: selenium/4.5.3 (java mac)
Cache-Control: no-cache
Content-Type: application/json; charset=utf-8
host: localhost:8354
accept: */*

Response DefaultHttpResponse(decodeResult: success, version: HTTP/1.1)
HTTP/1.1 200 OK
Content-Length: 55
Content-Type: application/json; charset=utf-8
cache-control: no-cache

18:26:28.542 [AsyncHttpClient-1-4] DEBUG org.asynchttpclient.netty.channel.ChannelManager - Adding key: http://localhost:8354 for channel [id: 0x38473121, L:/127.0.0.1:54991 - R:localhost/127.0.0.1:8354]
18:26:28.543 [Forwarding findChildElement on session 2aa51e07f548ebbb8efcf47f08376fbc to remote] DEBUG org.asynchttpclient.netty.request.NettyRequestSender - Using pooled Channel '[id: 0x38473121, L:/127.0.0.1:54991 - R:localhost/127.0.0.1:8354]' for 'POST' to 'http://localhost:8354/session/2aa51e07f548ebbb8efcf47f08376fbc/element/7450d802-3c26-4134-a4f9-b4d713e47c55/element'
18:26:28.543 [Forwarding findChildElement on session 2aa51e07f548ebbb8efcf47f08376fbc to remote] DEBUG org.asynchttpclient.netty.request.NettyRequestSender - Using open Channel [id: 0x38473121, L:/127.0.0.1:54991 - R:localhost/127.0.0.1:8354] for POST '/session/2aa51e07f548ebbb8efcf47f08376fbc/element/7450d802-3c26-4134-a4f9-b4d713e47c55/element'
18:26:28.596 [AsyncHttpClient-1-4] DEBUG org.asynchttpclient.netty.handler.HttpHandler - 

Request DefaultHttpRequest(decodeResult: success, version: HTTP/1.1)
POST /session/2aa51e07f548ebbb8efcf47f08376fbc/element/7450d802-3c26-4134-a4f9-b4d713e47c55/element HTTP/1.1
User-Agent: selenium/4.5.3 (java mac)
Content-Length: 106
Content-Type: application/json; charset=utf-8
host: localhost:8354
accept: */*

Response DefaultHttpResponse(decodeResult: success, version: HTTP/1.1)
HTTP/1.1 200 OK
Content-Length: 88
Content-Type: application/json; charset=utf-8
cache-control: no-cache

18:26:28.596 [AsyncHttpClient-1-4] DEBUG org.asynchttpclient.netty.channel.ChannelManager - Adding key: http://localhost:8354 for channel [id: 0x38473121, L:/127.0.0.1:54991 - R:localhost/127.0.0.1:8354]
18:26:28.598 [Forwarding getElementText on session 2aa51e07f548ebbb8efcf47f08376fbc to remote] DEBUG org.asynchttpclient.netty.request.NettyRequestSender - Using pooled Channel '[id: 0x38473121, L:/127.0.0.1:54991 - R:localhost/127.0.0.1:8354]' for 'GET' to 'http://localhost:8354/session/2aa51e07f548ebbb8efcf47f08376fbc/element/cb122726-c437-4162-9d7b-61a70d8a60f1/text'
18:26:28.598 [Forwarding getElementText on session 2aa51e07f548ebbb8efcf47f08376fbc to remote] DEBUG org.asynchttpclient.netty.request.NettyRequestSender - Using open Channel [id: 0x38473121, L:/127.0.0.1:54991 - R:localhost/127.0.0.1:8354] for GET '/session/2aa51e07f548ebbb8efcf47f08376fbc/element/cb122726-c437-4162-9d7b-61a70d8a60f1/text'
18:26:28.670 [AsyncHttpClient-1-4] DEBUG org.asynchttpclient.netty.handler.HttpHandler - 

Request DefaultFullHttpRequest(decodeResult: success, version: HTTP/1.1, content: EmptyByteBufBE)
GET /session/2aa51e07f548ebbb8efcf47f08376fbc/element/cb122726-c437-4162-9d7b-61a70d8a60f1/text HTTP/1.1
User-Agent: selenium/4.5.3 (java mac)
Cache-Control: no-cache
Content-Type: application/json; charset=utf-8
host: localhost:8354
accept: */*

Response DefaultHttpResponse(decodeResult: success, version: HTTP/1.1)
HTTP/1.1 200 OK
Content-Length: 19
Content-Type: application/json; charset=utf-8
cache-control: no-cache

18:26:28.670 [AsyncHttpClient-1-4] DEBUG org.asynchttpclient.netty.channel.ChannelManager - Adding key: http://localhost:8354 for channel [id: 0x38473121, L:/127.0.0.1:54991 - R:localhost/127.0.0.1:8354]
18:26:28.682 [Forwarding findChildElement on session 2aa51e07f548ebbb8efcf47f08376fbc to remote] DEBUG org.asynchttpclient.netty.request.NettyRequestSender - Using pooled Channel '[id: 0x38473121, L:/127.0.0.1:54991 - R:localhost/127.0.0.1:8354]' for 'POST' to 'http://localhost:8354/session/2aa51e07f548ebbb8efcf47f08376fbc/element/398e7306-ea86-4eaa-9050-8aaf668cce79/element'
18:26:28.682 [Forwarding findChildElement on session 2aa51e07f548ebbb8efcf47f08376fbc to remote] DEBUG org.asynchttpclient.netty.request.NettyRequestSender - Using open Channel [id: 0x38473121, L:/127.0.0.1:54991 - R:localhost/127.0.0.1:8354] for POST '/session/2aa51e07f548ebbb8efcf47f08376fbc/element/398e7306-ea86-4eaa-9050-8aaf668cce79/element'
18:26:28.719 [AsyncHttpClient-1-4] DEBUG org.asynchttpclient.netty.handler.HttpHandler - 

Request DefaultHttpRequest(decodeResult: success, version: HTTP/1.1)
POST /session/2aa51e07f548ebbb8efcf47f08376fbc/element/398e7306-ea86-4eaa-9050-8aaf668cce79/element HTTP/1.1
User-Agent: selenium/4.5.3 (java mac)
Content-Length: 106
Content-Type: application/json; charset=utf-8
host: localhost:8354
accept: */*

Response DefaultHttpResponse(decodeResult: success, version: HTTP/1.1)
HTTP/1.1 200 OK
Content-Length: 88
Content-Type: application/json; charset=utf-8
cache-control: no-cache

18:26:28.719 [AsyncHttpClient-1-4] DEBUG org.asynchttpclient.netty.channel.ChannelManager - Adding key: http://localhost:8354 for channel [id: 0x38473121, L:/127.0.0.1:54991 - R:localhost/127.0.0.1:8354]
18:26:28.720 [Forwarding getElementText on session 2aa51e07f548ebbb8efcf47f08376fbc to remote] DEBUG org.asynchttpclient.netty.request.NettyRequestSender - Using pooled Channel '[id: 0x38473121, L:/127.0.0.1:54991 - R:localhost/127.0.0.1:8354]' for 'GET' to 'http://localhost:8354/session/2aa51e07f548ebbb8efcf47f08376fbc/element/0326d5b8-1f86-4c5b-8b84-fadc681c2313/text'
18:26:28.720 [Forwarding getElementText on session 2aa51e07f548ebbb8efcf47f08376fbc to remote] DEBUG org.asynchttpclient.netty.request.NettyRequestSender - Using open Channel [id: 0x38473121, L:/127.0.0.1:54991 - R:localhost/127.0.0.1:8354] for GET '/session/2aa51e07f548ebbb8efcf47f08376fbc/element/0326d5b8-1f86-4c5b-8b84-fadc681c2313/text'
18:26:28.794 [AsyncHttpClient-1-4] DEBUG org.asynchttpclient.netty.handler.HttpHandler - 

Request DefaultFullHttpRequest(decodeResult: success, version: HTTP/1.1, content: EmptyByteBufBE)
GET /session/2aa51e07f548ebbb8efcf47f08376fbc/element/0326d5b8-1f86-4c5b-8b84-fadc681c2313/text HTTP/1.1
User-Agent: selenium/4.5.3 (java mac)
Cache-Control: no-cache
Content-Type: application/json; charset=utf-8
host: localhost:8354
accept: */*

Response DefaultHttpResponse(decodeResult: success, version: HTTP/1.1)
HTTP/1.1 200 OK
Content-Length: 90
Content-Type: application/json; charset=utf-8
cache-control: no-cache

18:26:28.794 [AsyncHttpClient-1-4] DEBUG org.asynchttpclient.netty.channel.ChannelManager - Adding key: http://localhost:8354 for channel [id: 0x38473121, L:/127.0.0.1:54991 - R:localhost/127.0.0.1:8354]
18:26:28.796 [Forwarding findChildElement on session 2aa51e07f548ebbb8efcf47f08376fbc to remote] DEBUG org.asynchttpclient.netty.request.NettyRequestSender - Using pooled Channel '[id: 0x38473121, L:/127.0.0.1:54991 - R:localhost/127.0.0.1:8354]' for 'POST' to 'http://localhost:8354/session/2aa51e07f548ebbb8efcf47f08376fbc/element/398e7306-ea86-4eaa-9050-8aaf668cce79/element'
18:26:28.796 [Forwarding findChildElement on session 2aa51e07f548ebbb8efcf47f08376fbc to remote] DEBUG org.asynchttpclient.netty.request.NettyRequestSender - Using open Channel [id: 0x38473121, L:/127.0.0.1:54991 - R:localhost/127.0.0.1:8354] for POST '/session/2aa51e07f548ebbb8efcf47f08376fbc/element/398e7306-ea86-4eaa-9050-8aaf668cce79/element'
18:26:28.812 [AsyncHttpClient-1-1] DEBUG org.asynchttpclient.netty.channel.DefaultChannelPool - Entry count for : http://localhost:54992 : 1
18:26:28.812 [AsyncHttpClient-1-1] DEBUG org.asynchttpclient.netty.channel.DefaultChannelPool - Entry count for : http://localhost:7078 : 1
18:26:28.835 [AsyncHttpClient-1-4] DEBUG org.asynchttpclient.netty.handler.HttpHandler - 

Request DefaultHttpRequest(decodeResult: success, version: HTTP/1.1)
POST /session/2aa51e07f548ebbb8efcf47f08376fbc/element/398e7306-ea86-4eaa-9050-8aaf668cce79/element HTTP/1.1
User-Agent: selenium/4.5.3 (java mac)
Content-Length: 106
Content-Type: application/json; charset=utf-8
host: localhost:8354
accept: */*

Response DefaultHttpResponse(decodeResult: success, version: HTTP/1.1)
HTTP/1.1 200 OK
Content-Length: 88
Content-Type: application/json; charset=utf-8
cache-control: no-cache

18:26:28.835 [AsyncHttpClient-1-4] DEBUG org.asynchttpclient.netty.channel.ChannelManager - Adding key: http://localhost:8354 for channel [id: 0x38473121, L:/127.0.0.1:54991 - R:localhost/127.0.0.1:8354]
18:26:28.836 [Forwarding getElementText on session 2aa51e07f548ebbb8efcf47f08376fbc to remote] DEBUG org.asynchttpclient.netty.request.NettyRequestSender - Using pooled Channel '[id: 0x38473121, L:/127.0.0.1:54991 - R:localhost/127.0.0.1:8354]' for 'GET' to 'http://localhost:8354/session/2aa51e07f548ebbb8efcf47f08376fbc/element/6f6520ca-e660-4c6a-9cae-64a22eeb9ffb/text'
18:26:28.836 [Forwarding getElementText on session 2aa51e07f548ebbb8efcf47f08376fbc to remote] DEBUG org.asynchttpclient.netty.request.NettyRequestSender - Using open Channel [id: 0x38473121, L:/127.0.0.1:54991 - R:localhost/127.0.0.1:8354] for GET '/session/2aa51e07f548ebbb8efcf47f08376fbc/element/6f6520ca-e660-4c6a-9cae-64a22eeb9ffb/text'
18:26:28.871 [AsyncHttpClient-1-4] DEBUG org.asynchttpclient.netty.handler.HttpHandler - 

Request DefaultFullHttpRequest(decodeResult: success, version: HTTP/1.1, content: EmptyByteBufBE)
GET /session/2aa51e07f548ebbb8efcf47f08376fbc/element/6f6520ca-e660-4c6a-9cae-64a22eeb9ffb/text HTTP/1.1
User-Agent: selenium/4.5.3 (java mac)
Cache-Control: no-cache
Content-Type: application/json; charset=utf-8
host: localhost:8354
accept: */*

Response DefaultHttpResponse(decodeResult: success, version: HTTP/1.1)
HTTP/1.1 200 OK
Content-Length: 30
Content-Type: application/json; charset=utf-8
cache-control: no-cache

18:26:28.872 [AsyncHttpClient-1-4] DEBUG org.asynchttpclient.netty.channel.ChannelManager - Adding key: http://localhost:8354 for channel [id: 0x38473121, L:/127.0.0.1:54991 - R:localhost/127.0.0.1:8354]
18:26:28.879 [Forwarding findChildElement on session 2aa51e07f548ebbb8efcf47f08376fbc to remote] DEBUG org.asynchttpclient.netty.request.NettyRequestSender - Using pooled Channel '[id: 0x38473121, L:/127.0.0.1:54991 - R:localhost/127.0.0.1:8354]' for 'POST' to 'http://localhost:8354/session/2aa51e07f548ebbb8efcf47f08376fbc/element/4b396096-d691-45c7-8a3a-f1b29813d2b5/element'
18:26:28.879 [Forwarding findChildElement on session 2aa51e07f548ebbb8efcf47f08376fbc to remote] DEBUG org.asynchttpclient.netty.request.NettyRequestSender - Using open Channel [id: 0x38473121, L:/127.0.0.1:54991 - R:localhost/127.0.0.1:8354] for POST '/session/2aa51e07f548ebbb8efcf47f08376fbc/element/4b396096-d691-45c7-8a3a-f1b29813d2b5/element'
18:26:28.889 [AsyncHttpClient-1-4] DEBUG org.asynchttpclient.netty.handler.HttpHandler - 

Request DefaultHttpRequest(decodeResult: success, version: HTTP/1.1)
POST /session/2aa51e07f548ebbb8efcf47f08376fbc/element/4b396096-d691-45c7-8a3a-f1b29813d2b5/element HTTP/1.1
User-Agent: selenium/4.5.3 (java mac)
Content-Length: 106
Content-Type: application/json; charset=utf-8
host: localhost:8354
accept: */*

Response DefaultHttpResponse(decodeResult: success, version: HTTP/1.1)
HTTP/1.1 200 OK
Content-Length: 88
Content-Type: application/json; charset=utf-8
cache-control: no-cache

18:26:28.889 [AsyncHttpClient-1-4] DEBUG org.asynchttpclient.netty.channel.ChannelManager - Adding key: http://localhost:8354 for channel [id: 0x38473121, L:/127.0.0.1:54991 - R:localhost/127.0.0.1:8354]
18:26:28.891 [Forwarding getElementText on session 2aa51e07f548ebbb8efcf47f08376fbc to remote] DEBUG org.asynchttpclient.netty.request.NettyRequestSender - Using pooled Channel '[id: 0x38473121, L:/127.0.0.1:54991 - R:localhost/127.0.0.1:8354]' for 'GET' to 'http://localhost:8354/session/2aa51e07f548ebbb8efcf47f08376fbc/element/437e69e6-2654-4d26-9939-e5d2cc8d5ba7/text'
18:26:28.892 [Forwarding getElementText on session 2aa51e07f548ebbb8efcf47f08376fbc to remote] DEBUG org.asynchttpclient.netty.request.NettyRequestSender - Using open Channel [id: 0x38473121, L:/127.0.0.1:54991 - R:localhost/127.0.0.1:8354] for GET '/session/2aa51e07f548ebbb8efcf47f08376fbc/element/437e69e6-2654-4d26-9939-e5d2cc8d5ba7/text'
18:26:28.908 [AsyncHttpClient-1-4] DEBUG org.asynchttpclient.netty.handler.HttpHandler - 

Request DefaultFullHttpRequest(decodeResult: success, version: HTTP/1.1, content: EmptyByteBufBE)
GET /session/2aa51e07f548ebbb8efcf47f08376fbc/element/437e69e6-2654-4d26-9939-e5d2cc8d5ba7/text HTTP/1.1
User-Agent: selenium/4.5.3 (java mac)
Cache-Control: no-cache
Content-Type: application/json; charset=utf-8
host: localhost:8354
accept: */*

Response DefaultHttpResponse(decodeResult: success, version: HTTP/1.1)
HTTP/1.1 200 OK
Content-Length: 68
Content-Type: application/json; charset=utf-8
cache-control: no-cache

18:26:28.909 [AsyncHttpClient-1-4] DEBUG org.asynchttpclient.netty.channel.ChannelManager - Adding key: http://localhost:8354 for channel [id: 0x38473121, L:/127.0.0.1:54991 - R:localhost/127.0.0.1:8354]
18:26:28.913 [Forwarding findChildElement on session 2aa51e07f548ebbb8efcf47f08376fbc to remote] DEBUG org.asynchttpclient.netty.request.NettyRequestSender - Using pooled Channel '[id: 0x38473121, L:/127.0.0.1:54991 - R:localhost/127.0.0.1:8354]' for 'POST' to 'http://localhost:8354/session/2aa51e07f548ebbb8efcf47f08376fbc/element/4b396096-d691-45c7-8a3a-f1b29813d2b5/element'
18:26:28.914 [Forwarding findChildElement on session 2aa51e07f548ebbb8efcf47f08376fbc to remote] DEBUG org.asynchttpclient.netty.request.NettyRequestSender - Using open Channel [id: 0x38473121, L:/127.0.0.1:54991 - R:localhost/127.0.0.1:8354] for POST '/session/2aa51e07f548ebbb8efcf47f08376fbc/element/4b396096-d691-45c7-8a3a-f1b29813d2b5/element'
18:26:28.932 [AsyncHttpClient-1-4] DEBUG org.asynchttpclient.netty.handler.HttpHandler - 

Request DefaultHttpRequest(decodeResult: success, version: HTTP/1.1)
POST /session/2aa51e07f548ebbb8efcf47f08376fbc/element/4b396096-d691-45c7-8a3a-f1b29813d2b5/element HTTP/1.1
User-Agent: selenium/4.5.3 (java mac)
Content-Length: 106
Content-Type: application/json; charset=utf-8
host: localhost:8354
accept: */*

Response DefaultHttpResponse(decodeResult: success, version: HTTP/1.1)
HTTP/1.1 200 OK
Content-Length: 88
Content-Type: application/json; charset=utf-8
cache-control: no-cache

18:26:28.932 [AsyncHttpClient-1-4] DEBUG org.asynchttpclient.netty.channel.ChannelManager - Adding key: http://localhost:8354 for channel [id: 0x38473121, L:/127.0.0.1:54991 - R:localhost/127.0.0.1:8354]
18:26:28.934 [Forwarding getElementText on session 2aa51e07f548ebbb8efcf47f08376fbc to remote] DEBUG org.asynchttpclient.netty.request.NettyRequestSender - Using pooled Channel '[id: 0x38473121, L:/127.0.0.1:54991 - R:localhost/127.0.0.1:8354]' for 'GET' to 'http://localhost:8354/session/2aa51e07f548ebbb8efcf47f08376fbc/element/f8cd37bc-9909-440b-adb9-65fc7ed7f562/text'
18:26:28.934 [Forwarding getElementText on session 2aa51e07f548ebbb8efcf47f08376fbc to remote] DEBUG org.asynchttpclient.netty.request.NettyRequestSender - Using open Channel [id: 0x38473121, L:/127.0.0.1:54991 - R:localhost/127.0.0.1:8354] for GET '/session/2aa51e07f548ebbb8efcf47f08376fbc/element/f8cd37bc-9909-440b-adb9-65fc7ed7f562/text'
18:26:28.959 [AsyncHttpClient-1-4] DEBUG org.asynchttpclient.netty.handler.HttpHandler - 

Request DefaultFullHttpRequest(decodeResult: success, version: HTTP/1.1, content: EmptyByteBufBE)
GET /session/2aa51e07f548ebbb8efcf47f08376fbc/element/f8cd37bc-9909-440b-adb9-65fc7ed7f562/text HTTP/1.1
User-Agent: selenium/4.5.3 (java mac)
Cache-Control: no-cache
Content-Type: application/json; charset=utf-8
host: localhost:8354
accept: */*

Response DefaultHttpResponse(decodeResult: success, version: HTTP/1.1)
HTTP/1.1 200 OK
Content-Length: 19
Content-Type: application/json; charset=utf-8
cache-control: no-cache

18:26:28.960 [AsyncHttpClient-1-4] DEBUG org.asynchttpclient.netty.channel.ChannelManager - Adding key: http://localhost:8354 for channel [id: 0x38473121, L:/127.0.0.1:54991 - R:localhost/127.0.0.1:8354]
18:26:28.962 [Forwarding findChildElement on session 2aa51e07f548ebbb8efcf47f08376fbc to remote] DEBUG org.asynchttpclient.netty.request.NettyRequestSender - Using pooled Channel '[id: 0x38473121, L:/127.0.0.1:54991 - R:localhost/127.0.0.1:8354]' for 'POST' to 'http://localhost:8354/session/2aa51e07f548ebbb8efcf47f08376fbc/element/94525346-055e-4613-a371-c4a714a2d347/element'
18:26:28.963 [Forwarding findChildElement on session 2aa51e07f548ebbb8efcf47f08376fbc to remote] DEBUG org.asynchttpclient.netty.request.NettyRequestSender - Using open Channel [id: 0x38473121, L:/127.0.0.1:54991 - R:localhost/127.0.0.1:8354] for POST '/session/2aa51e07f548ebbb8efcf47f08376fbc/element/94525346-055e-4613-a371-c4a714a2d347/element'
18:26:28.989 [AsyncHttpClient-1-4] DEBUG org.asynchttpclient.netty.handler.HttpHandler - 

Request DefaultHttpRequest(decodeResult: success, version: HTTP/1.1)
POST /session/2aa51e07f548ebbb8efcf47f08376fbc/element/94525346-055e-4613-a371-c4a714a2d347/element HTTP/1.1
User-Agent: selenium/4.5.3 (java mac)
Content-Length: 106
Content-Type: application/json; charset=utf-8
host: localhost:8354
accept: */*

Response DefaultHttpResponse(decodeResult: success, version: HTTP/1.1)
HTTP/1.1 200 OK
Content-Length: 88
Content-Type: application/json; charset=utf-8
cache-control: no-cache

18:26:28.990 [AsyncHttpClient-1-4] DEBUG org.asynchttpclient.netty.channel.ChannelManager - Adding key: http://localhost:8354 for channel [id: 0x38473121, L:/127.0.0.1:54991 - R:localhost/127.0.0.1:8354]
18:26:28.992 [Forwarding getElementText on session 2aa51e07f548ebbb8efcf47f08376fbc to remote] DEBUG org.asynchttpclient.netty.request.NettyRequestSender - Using pooled Channel '[id: 0x38473121, L:/127.0.0.1:54991 - R:localhost/127.0.0.1:8354]' for 'GET' to 'http://localhost:8354/session/2aa51e07f548ebbb8efcf47f08376fbc/element/c4fb4082-690f-41ab-97b8-93bbb815e0bd/text'
18:26:28.992 [Forwarding getElementText on session 2aa51e07f548ebbb8efcf47f08376fbc to remote] DEBUG org.asynchttpclient.netty.request.NettyRequestSender - Using open Channel [id: 0x38473121, L:/127.0.0.1:54991 - R:localhost/127.0.0.1:8354] for GET '/session/2aa51e07f548ebbb8efcf47f08376fbc/element/c4fb4082-690f-41ab-97b8-93bbb815e0bd/text'
18:26:29.024 [AsyncHttpClient-1-4] DEBUG org.asynchttpclient.netty.handler.HttpHandler - 

Request DefaultFullHttpRequest(decodeResult: success, version: HTTP/1.1, content: EmptyByteBufBE)
GET /session/2aa51e07f548ebbb8efcf47f08376fbc/element/c4fb4082-690f-41ab-97b8-93bbb815e0bd/text HTTP/1.1
User-Agent: selenium/4.5.3 (java mac)
Cache-Control: no-cache
Content-Type: application/json; charset=utf-8
host: localhost:8354
accept: */*

Response DefaultHttpResponse(decodeResult: success, version: HTTP/1.1)
HTTP/1.1 200 OK
Content-Length: 72
Content-Type: application/json; charset=utf-8
cache-control: no-cache

18:26:29.025 [AsyncHttpClient-1-4] DEBUG org.asynchttpclient.netty.channel.ChannelManager - Adding key: http://localhost:8354 for channel [id: 0x38473121, L:/127.0.0.1:54991 - R:localhost/127.0.0.1:8354]
18:26:29.029 [Forwarding findChildElement on session 2aa51e07f548ebbb8efcf47f08376fbc to remote] DEBUG org.asynchttpclient.netty.request.NettyRequestSender - Using pooled Channel '[id: 0x38473121, L:/127.0.0.1:54991 - R:localhost/127.0.0.1:8354]' for 'POST' to 'http://localhost:8354/session/2aa51e07f548ebbb8efcf47f08376fbc/element/94525346-055e-4613-a371-c4a714a2d347/element'
18:26:29.031 [Forwarding findChildElement on session 2aa51e07f548ebbb8efcf47f08376fbc to remote] DEBUG org.asynchttpclient.netty.request.NettyRequestSender - Using open Channel [id: 0x38473121, L:/127.0.0.1:54991 - R:localhost/127.0.0.1:8354] for POST '/session/2aa51e07f548ebbb8efcf47f08376fbc/element/94525346-055e-4613-a371-c4a714a2d347/element'
18:26:29.057 [AsyncHttpClient-1-4] DEBUG org.asynchttpclient.netty.handler.HttpHandler - 

Request DefaultHttpRequest(decodeResult: success, version: HTTP/1.1)
POST /session/2aa51e07f548ebbb8efcf47f08376fbc/element/94525346-055e-4613-a371-c4a714a2d347/element HTTP/1.1
User-Agent: selenium/4.5.3 (java mac)
Content-Length: 106
Content-Type: application/json; charset=utf-8
host: localhost:8354
accept: */*

Response DefaultHttpResponse(decodeResult: success, version: HTTP/1.1)
HTTP/1.1 200 OK
Content-Length: 88
Content-Type: application/json; charset=utf-8
cache-control: no-cache

18:26:29.057 [AsyncHttpClient-1-4] DEBUG org.asynchttpclient.netty.channel.ChannelManager - Adding key: http://localhost:8354 for channel [id: 0x38473121, L:/127.0.0.1:54991 - R:localhost/127.0.0.1:8354]
18:26:29.068 [Forwarding getElementText on session 2aa51e07f548ebbb8efcf47f08376fbc to remote] DEBUG org.asynchttpclient.netty.request.NettyRequestSender - Using pooled Channel '[id: 0x38473121, L:/127.0.0.1:54991 - R:localhost/127.0.0.1:8354]' for 'GET' to 'http://localhost:8354/session/2aa51e07f548ebbb8efcf47f08376fbc/element/a76b745f-9748-4e35-9587-6f47f4e30f4d/text'
18:26:29.069 [Forwarding getElementText on session 2aa51e07f548ebbb8efcf47f08376fbc to remote] DEBUG org.asynchttpclient.netty.request.NettyRequestSender - Using open Channel [id: 0x38473121, L:/127.0.0.1:54991 - R:localhost/127.0.0.1:8354] for GET '/session/2aa51e07f548ebbb8efcf47f08376fbc/element/a76b745f-9748-4e35-9587-6f47f4e30f4d/text'
18:26:29.129 [AsyncHttpClient-1-4] DEBUG org.asynchttpclient.netty.handler.HttpHandler - 

Request DefaultFullHttpRequest(decodeResult: success, version: HTTP/1.1, content: EmptyByteBufBE)
GET /session/2aa51e07f548ebbb8efcf47f08376fbc/element/a76b745f-9748-4e35-9587-6f47f4e30f4d/text HTTP/1.1
User-Agent: selenium/4.5.3 (java mac)
Cache-Control: no-cache
Content-Type: application/json; charset=utf-8
host: localhost:8354
accept: */*

Response DefaultHttpResponse(decodeResult: success, version: HTTP/1.1)
HTTP/1.1 200 OK
Content-Length: 28
Content-Type: application/json; charset=utf-8
cache-control: no-cache

18:26:29.131 [AsyncHttpClient-1-4] DEBUG org.asynchttpclient.netty.channel.ChannelManager - Adding key: http://localhost:8354 for channel [id: 0x38473121, L:/127.0.0.1:54991 - R:localhost/127.0.0.1:8354]
18:26:29.133 [Forwarding findChildElement on session 2aa51e07f548ebbb8efcf47f08376fbc to remote] DEBUG org.asynchttpclient.netty.request.NettyRequestSender - Using pooled Channel '[id: 0x38473121, L:/127.0.0.1:54991 - R:localhost/127.0.0.1:8354]' for 'POST' to 'http://localhost:8354/session/2aa51e07f548ebbb8efcf47f08376fbc/element/0482cce0-e788-4241-99c9-87d8df06c25b/element'
18:26:29.133 [Forwarding findChildElement on session 2aa51e07f548ebbb8efcf47f08376fbc to remote] DEBUG org.asynchttpclient.netty.request.NettyRequestSender - Using open Channel [id: 0x38473121, L:/127.0.0.1:54991 - R:localhost/127.0.0.1:8354] for POST '/session/2aa51e07f548ebbb8efcf47f08376fbc/element/0482cce0-e788-4241-99c9-87d8df06c25b/element'
18:26:29.145 [AsyncHttpClient-1-4] DEBUG org.asynchttpclient.netty.handler.HttpHandler - 

Request DefaultHttpRequest(decodeResult: success, version: HTTP/1.1)
POST /session/2aa51e07f548ebbb8efcf47f08376fbc/element/0482cce0-e788-4241-99c9-87d8df06c25b/element HTTP/1.1
User-Agent: selenium/4.5.3 (java mac)
Content-Length: 106
Content-Type: application/json; charset=utf-8
host: localhost:8354
accept: */*

Response DefaultHttpResponse(decodeResult: success, version: HTTP/1.1)
HTTP/1.1 200 OK
Content-Length: 88
Content-Type: application/json; charset=utf-8
cache-control: no-cache

18:26:29.146 [AsyncHttpClient-1-4] DEBUG org.asynchttpclient.netty.channel.ChannelManager - Adding key: http://localhost:8354 for channel [id: 0x38473121, L:/127.0.0.1:54991 - R:localhost/127.0.0.1:8354]
18:26:29.148 [Forwarding getElementText on session 2aa51e07f548ebbb8efcf47f08376fbc to remote] DEBUG org.asynchttpclient.netty.request.NettyRequestSender - Using pooled Channel '[id: 0x38473121, L:/127.0.0.1:54991 - R:localhost/127.0.0.1:8354]' for 'GET' to 'http://localhost:8354/session/2aa51e07f548ebbb8efcf47f08376fbc/element/1b110d82-20d4-44cb-a38a-05021bee4d5d/text'
18:26:29.148 [Forwarding getElementText on session 2aa51e07f548ebbb8efcf47f08376fbc to remote] DEBUG org.asynchttpclient.netty.request.NettyRequestSender - Using open Channel [id: 0x38473121, L:/127.0.0.1:54991 - R:localhost/127.0.0.1:8354] for GET '/session/2aa51e07f548ebbb8efcf47f08376fbc/element/1b110d82-20d4-44cb-a38a-05021bee4d5d/text'
18:26:29.175 [AsyncHttpClient-1-4] DEBUG org.asynchttpclient.netty.handler.HttpHandler - 

Request DefaultFullHttpRequest(decodeResult: success, version: HTTP/1.1, content: EmptyByteBufBE)
GET /session/2aa51e07f548ebbb8efcf47f08376fbc/element/1b110d82-20d4-44cb-a38a-05021bee4d5d/text HTTP/1.1
User-Agent: selenium/4.5.3 (java mac)
Cache-Control: no-cache
Content-Type: application/json; charset=utf-8
host: localhost:8354
accept: */*

Response DefaultHttpResponse(decodeResult: success, version: HTTP/1.1)
HTTP/1.1 200 OK
Content-Length: 91
Content-Type: application/json; charset=utf-8
cache-control: no-cache

18:26:29.175 [AsyncHttpClient-1-4] DEBUG org.asynchttpclient.netty.channel.ChannelManager - Adding key: http://localhost:8354 for channel [id: 0x38473121, L:/127.0.0.1:54991 - R:localhost/127.0.0.1:8354]
18:26:29.177 [Forwarding findChildElement on session 2aa51e07f548ebbb8efcf47f08376fbc to remote] DEBUG org.asynchttpclient.netty.request.NettyRequestSender - Using pooled Channel '[id: 0x38473121, L:/127.0.0.1:54991 - R:localhost/127.0.0.1:8354]' for 'POST' to 'http://localhost:8354/session/2aa51e07f548ebbb8efcf47f08376fbc/element/0482cce0-e788-4241-99c9-87d8df06c25b/element'
18:26:29.177 [Forwarding findChildElement on session 2aa51e07f548ebbb8efcf47f08376fbc to remote] DEBUG org.asynchttpclient.netty.request.NettyRequestSender - Using open Channel [id: 0x38473121, L:/127.0.0.1:54991 - R:localhost/127.0.0.1:8354] for POST '/session/2aa51e07f548ebbb8efcf47f08376fbc/element/0482cce0-e788-4241-99c9-87d8df06c25b/element'
18:26:29.201 [AsyncHttpClient-1-4] DEBUG org.asynchttpclient.netty.handler.HttpHandler - 

Request DefaultHttpRequest(decodeResult: success, version: HTTP/1.1)
POST /session/2aa51e07f548ebbb8efcf47f08376fbc/element/0482cce0-e788-4241-99c9-87d8df06c25b/element HTTP/1.1
User-Agent: selenium/4.5.3 (java mac)
Content-Length: 106
Content-Type: application/json; charset=utf-8
host: localhost:8354
accept: */*

Response DefaultHttpResponse(decodeResult: success, version: HTTP/1.1)
HTTP/1.1 200 OK
Content-Length: 88
Content-Type: application/json; charset=utf-8
cache-control: no-cache

18:26:29.202 [AsyncHttpClient-1-4] DEBUG org.asynchttpclient.netty.channel.ChannelManager - Adding key: http://localhost:8354 for channel [id: 0x38473121, L:/127.0.0.1:54991 - R:localhost/127.0.0.1:8354]
18:26:29.203 [Forwarding getElementText on session 2aa51e07f548ebbb8efcf47f08376fbc to remote] DEBUG org.asynchttpclient.netty.request.NettyRequestSender - Using pooled Channel '[id: 0x38473121, L:/127.0.0.1:54991 - R:localhost/127.0.0.1:8354]' for 'GET' to 'http://localhost:8354/session/2aa51e07f548ebbb8efcf47f08376fbc/element/d50d230f-ce1b-4303-9048-ddb0cdceb148/text'
18:26:29.203 [Forwarding getElementText on session 2aa51e07f548ebbb8efcf47f08376fbc to remote] DEBUG org.asynchttpclient.netty.request.NettyRequestSender - Using open Channel [id: 0x38473121, L:/127.0.0.1:54991 - R:localhost/127.0.0.1:8354] for GET '/session/2aa51e07f548ebbb8efcf47f08376fbc/element/d50d230f-ce1b-4303-9048-ddb0cdceb148/text'
18:26:29.229 [AsyncHttpClient-1-4] DEBUG org.asynchttpclient.netty.handler.HttpHandler - 

Request DefaultFullHttpRequest(decodeResult: success, version: HTTP/1.1, content: EmptyByteBufBE)
GET /session/2aa51e07f548ebbb8efcf47f08376fbc/element/d50d230f-ce1b-4303-9048-ddb0cdceb148/text HTTP/1.1
User-Agent: selenium/4.5.3 (java mac)
Cache-Control: no-cache
Content-Type: application/json; charset=utf-8
host: localhost:8354
accept: */*

Response DefaultHttpResponse(decodeResult: success, version: HTTP/1.1)
HTTP/1.1 200 OK
Content-Length: 19
Content-Type: application/json; charset=utf-8
cache-control: no-cache

18:26:29.229 [AsyncHttpClient-1-4] DEBUG org.asynchttpclient.netty.channel.ChannelManager - Adding key: http://localhost:8354 for channel [id: 0x38473121, L:/127.0.0.1:54991 - R:localhost/127.0.0.1:8354]
18:26:29.239 [Forwarding findChildElement on session 2aa51e07f548ebbb8efcf47f08376fbc to remote] DEBUG org.asynchttpclient.netty.request.NettyRequestSender - Using pooled Channel '[id: 0x38473121, L:/127.0.0.1:54991 - R:localhost/127.0.0.1:8354]' for 'POST' to 'http://localhost:8354/session/2aa51e07f548ebbb8efcf47f08376fbc/element/67efa9cd-7960-465c-acb0-a11ad90f7f1a/element'
18:26:29.240 [Forwarding findChildElement on session 2aa51e07f548ebbb8efcf47f08376fbc to remote] DEBUG org.asynchttpclient.netty.request.NettyRequestSender - Using open Channel [id: 0x38473121, L:/127.0.0.1:54991 - R:localhost/127.0.0.1:8354] for POST '/session/2aa51e07f548ebbb8efcf47f08376fbc/element/67efa9cd-7960-465c-acb0-a11ad90f7f1a/element'
18:26:29.266 [AsyncHttpClient-1-4] DEBUG org.asynchttpclient.netty.handler.HttpHandler - 

Request DefaultHttpRequest(decodeResult: success, version: HTTP/1.1)
POST /session/2aa51e07f548ebbb8efcf47f08376fbc/element/67efa9cd-7960-465c-acb0-a11ad90f7f1a/element HTTP/1.1
User-Agent: selenium/4.5.3 (java mac)
Content-Length: 106
Content-Type: application/json; charset=utf-8
host: localhost:8354
accept: */*

Response DefaultHttpResponse(decodeResult: success, version: HTTP/1.1)
HTTP/1.1 200 OK
Content-Length: 88
Content-Type: application/json; charset=utf-8
cache-control: no-cache

18:26:29.267 [AsyncHttpClient-1-4] DEBUG org.asynchttpclient.netty.channel.ChannelManager - Adding key: http://localhost:8354 for channel [id: 0x38473121, L:/127.0.0.1:54991 - R:localhost/127.0.0.1:8354]
18:26:29.274 [Forwarding getElementText on session 2aa51e07f548ebbb8efcf47f08376fbc to remote] DEBUG org.asynchttpclient.netty.request.NettyRequestSender - Using pooled Channel '[id: 0x38473121, L:/127.0.0.1:54991 - R:localhost/127.0.0.1:8354]' for 'GET' to 'http://localhost:8354/session/2aa51e07f548ebbb8efcf47f08376fbc/element/16cf3873-a621-4c92-93d3-17f768e1f5a9/text'
18:26:29.275 [Forwarding getElementText on session 2aa51e07f548ebbb8efcf47f08376fbc to remote] DEBUG org.asynchttpclient.netty.request.NettyRequestSender - Using open Channel [id: 0x38473121, L:/127.0.0.1:54991 - R:localhost/127.0.0.1:8354] for GET '/session/2aa51e07f548ebbb8efcf47f08376fbc/element/16cf3873-a621-4c92-93d3-17f768e1f5a9/text'
18:26:29.314 [AsyncHttpClient-1-4] DEBUG org.asynchttpclient.netty.handler.HttpHandler - 

Request DefaultFullHttpRequest(decodeResult: success, version: HTTP/1.1, content: EmptyByteBufBE)
GET /session/2aa51e07f548ebbb8efcf47f08376fbc/element/16cf3873-a621-4c92-93d3-17f768e1f5a9/text HTTP/1.1
User-Agent: selenium/4.5.3 (java mac)
Cache-Control: no-cache
Content-Type: application/json; charset=utf-8
host: localhost:8354
accept: */*

Response DefaultHttpResponse(decodeResult: success, version: HTTP/1.1)
HTTP/1.1 200 OK
Content-Length: 72
Content-Type: application/json; charset=utf-8
cache-control: no-cache

18:26:29.314 [AsyncHttpClient-1-4] DEBUG org.asynchttpclient.netty.channel.ChannelManager - Adding key: http://localhost:8354 for channel [id: 0x38473121, L:/127.0.0.1:54991 - R:localhost/127.0.0.1:8354]
18:26:29.319 [Forwarding findChildElement on session 2aa51e07f548ebbb8efcf47f08376fbc to remote] DEBUG org.asynchttpclient.netty.request.NettyRequestSender - Using pooled Channel '[id: 0x38473121, L:/127.0.0.1:54991 - R:localhost/127.0.0.1:8354]' for 'POST' to 'http://localhost:8354/session/2aa51e07f548ebbb8efcf47f08376fbc/element/67efa9cd-7960-465c-acb0-a11ad90f7f1a/element'
18:26:29.320 [Forwarding findChildElement on session 2aa51e07f548ebbb8efcf47f08376fbc to remote] DEBUG org.asynchttpclient.netty.request.NettyRequestSender - Using open Channel [id: 0x38473121, L:/127.0.0.1:54991 - R:localhost/127.0.0.1:8354] for POST '/session/2aa51e07f548ebbb8efcf47f08376fbc/element/67efa9cd-7960-465c-acb0-a11ad90f7f1a/element'
18:26:29.341 [AsyncHttpClient-1-4] DEBUG org.asynchttpclient.netty.handler.HttpHandler - 

Request DefaultHttpRequest(decodeResult: success, version: HTTP/1.1)
POST /session/2aa51e07f548ebbb8efcf47f08376fbc/element/67efa9cd-7960-465c-acb0-a11ad90f7f1a/element HTTP/1.1
User-Agent: selenium/4.5.3 (java mac)
Content-Length: 106
Content-Type: application/json; charset=utf-8
host: localhost:8354
accept: */*

Response DefaultHttpResponse(decodeResult: success, version: HTTP/1.1)
HTTP/1.1 200 OK
Content-Length: 88
Content-Type: application/json; charset=utf-8
cache-control: no-cache

18:26:29.342 [AsyncHttpClient-1-4] DEBUG org.asynchttpclient.netty.channel.ChannelManager - Adding key: http://localhost:8354 for channel [id: 0x38473121, L:/127.0.0.1:54991 - R:localhost/127.0.0.1:8354]
18:26:29.348 [Forwarding getElementText on session 2aa51e07f548ebbb8efcf47f08376fbc to remote] DEBUG org.asynchttpclient.netty.request.NettyRequestSender - Using pooled Channel '[id: 0x38473121, L:/127.0.0.1:54991 - R:localhost/127.0.0.1:8354]' for 'GET' to 'http://localhost:8354/session/2aa51e07f548ebbb8efcf47f08376fbc/element/6487bb4c-9108-4fff-adf6-b9c88f7ab38c/text'
18:26:29.348 [Forwarding getElementText on session 2aa51e07f548ebbb8efcf47f08376fbc to remote] DEBUG org.asynchttpclient.netty.request.NettyRequestSender - Using open Channel [id: 0x38473121, L:/127.0.0.1:54991 - R:localhost/127.0.0.1:8354] for GET '/session/2aa51e07f548ebbb8efcf47f08376fbc/element/6487bb4c-9108-4fff-adf6-b9c88f7ab38c/text'
18:26:29.374 [AsyncHttpClient-1-4] DEBUG org.asynchttpclient.netty.handler.HttpHandler - 

Request DefaultFullHttpRequest(decodeResult: success, version: HTTP/1.1, content: EmptyByteBufBE)
GET /session/2aa51e07f548ebbb8efcf47f08376fbc/element/6487bb4c-9108-4fff-adf6-b9c88f7ab38c/text HTTP/1.1
User-Agent: selenium/4.5.3 (java mac)
Cache-Control: no-cache
Content-Type: application/json; charset=utf-8
host: localhost:8354
accept: */*

Response DefaultHttpResponse(decodeResult: success, version: HTTP/1.1)
HTTP/1.1 200 OK
Content-Length: 18
Content-Type: application/json; charset=utf-8
cache-control: no-cache

18:26:29.374 [AsyncHttpClient-1-4] DEBUG org.asynchttpclient.netty.channel.ChannelManager - Adding key: http://localhost:8354 for channel [id: 0x38473121, L:/127.0.0.1:54991 - R:localhost/127.0.0.1:8354]
18:26:29.376 [Forwarding findChildElement on session 2aa51e07f548ebbb8efcf47f08376fbc to remote] DEBUG org.asynchttpclient.netty.request.NettyRequestSender - Using pooled Channel '[id: 0x38473121, L:/127.0.0.1:54991 - R:localhost/127.0.0.1:8354]' for 'POST' to 'http://localhost:8354/session/2aa51e07f548ebbb8efcf47f08376fbc/element/597e264e-00b5-4ee3-bead-d9c23ad7c0e6/element'
18:26:29.376 [Forwarding findChildElement on session 2aa51e07f548ebbb8efcf47f08376fbc to remote] DEBUG org.asynchttpclient.netty.request.NettyRequestSender - Using open Channel [id: 0x38473121, L:/127.0.0.1:54991 - R:localhost/127.0.0.1:8354] for POST '/session/2aa51e07f548ebbb8efcf47f08376fbc/element/597e264e-00b5-4ee3-bead-d9c23ad7c0e6/element'
18:26:29.403 [AsyncHttpClient-1-4] DEBUG org.asynchttpclient.netty.handler.HttpHandler - 

Request DefaultHttpRequest(decodeResult: success, version: HTTP/1.1)
POST /session/2aa51e07f548ebbb8efcf47f08376fbc/element/597e264e-00b5-4ee3-bead-d9c23ad7c0e6/element HTTP/1.1
User-Agent: selenium/4.5.3 (java mac)
Content-Length: 106
Content-Type: application/json; charset=utf-8
host: localhost:8354
accept: */*

Response DefaultHttpResponse(decodeResult: success, version: HTTP/1.1)
HTTP/1.1 200 OK
Content-Length: 88
Content-Type: application/json; charset=utf-8
cache-control: no-cache

18:26:29.403 [AsyncHttpClient-1-4] DEBUG org.asynchttpclient.netty.channel.ChannelManager - Adding key: http://localhost:8354 for channel [id: 0x38473121, L:/127.0.0.1:54991 - R:localhost/127.0.0.1:8354]
18:26:29.404 [Forwarding getElementText on session 2aa51e07f548ebbb8efcf47f08376fbc to remote] DEBUG org.asynchttpclient.netty.request.NettyRequestSender - Using pooled Channel '[id: 0x38473121, L:/127.0.0.1:54991 - R:localhost/127.0.0.1:8354]' for 'GET' to 'http://localhost:8354/session/2aa51e07f548ebbb8efcf47f08376fbc/element/e7187c8f-9f2b-4608-9f6b-c7f38294fc85/text'
18:26:29.404 [Forwarding getElementText on session 2aa51e07f548ebbb8efcf47f08376fbc to remote] DEBUG org.asynchttpclient.netty.request.NettyRequestSender - Using open Channel [id: 0x38473121, L:/127.0.0.1:54991 - R:localhost/127.0.0.1:8354] for GET '/session/2aa51e07f548ebbb8efcf47f08376fbc/element/e7187c8f-9f2b-4608-9f6b-c7f38294fc85/text'
18:26:29.446 [AsyncHttpClient-1-4] DEBUG org.asynchttpclient.netty.handler.HttpHandler - 

Request DefaultFullHttpRequest(decodeResult: success, version: HTTP/1.1, content: EmptyByteBufBE)
GET /session/2aa51e07f548ebbb8efcf47f08376fbc/element/e7187c8f-9f2b-4608-9f6b-c7f38294fc85/text HTTP/1.1
User-Agent: selenium/4.5.3 (java mac)
Cache-Control: no-cache
Content-Type: application/json; charset=utf-8
host: localhost:8354
accept: */*

Response DefaultHttpResponse(decodeResult: success, version: HTTP/1.1)
HTTP/1.1 200 OK
Content-Length: 92
Content-Type: application/json; charset=utf-8
cache-control: no-cache

18:26:29.447 [AsyncHttpClient-1-4] DEBUG org.asynchttpclient.netty.channel.ChannelManager - Adding key: http://localhost:8354 for channel [id: 0x38473121, L:/127.0.0.1:54991 - R:localhost/127.0.0.1:8354]
18:26:29.450 [Forwarding findChildElement on session 2aa51e07f548ebbb8efcf47f08376fbc to remote] DEBUG org.asynchttpclient.netty.request.NettyRequestSender - Using pooled Channel '[id: 0x38473121, L:/127.0.0.1:54991 - R:localhost/127.0.0.1:8354]' for 'POST' to 'http://localhost:8354/session/2aa51e07f548ebbb8efcf47f08376fbc/element/597e264e-00b5-4ee3-bead-d9c23ad7c0e6/element'
18:26:29.450 [Forwarding findChildElement on session 2aa51e07f548ebbb8efcf47f08376fbc to remote] DEBUG org.asynchttpclient.netty.request.NettyRequestSender - Using open Channel [id: 0x38473121, L:/127.0.0.1:54991 - R:localhost/127.0.0.1:8354] for POST '/session/2aa51e07f548ebbb8efcf47f08376fbc/element/597e264e-00b5-4ee3-bead-d9c23ad7c0e6/element'
18:26:29.474 [AsyncHttpClient-1-4] DEBUG org.asynchttpclient.netty.handler.HttpHandler - 

Request DefaultHttpRequest(decodeResult: success, version: HTTP/1.1)
POST /session/2aa51e07f548ebbb8efcf47f08376fbc/element/597e264e-00b5-4ee3-bead-d9c23ad7c0e6/element HTTP/1.1
User-Agent: selenium/4.5.3 (java mac)
Content-Length: 106
Content-Type: application/json; charset=utf-8
host: localhost:8354
accept: */*

Response DefaultHttpResponse(decodeResult: success, version: HTTP/1.1)
HTTP/1.1 200 OK
Content-Length: 88
Content-Type: application/json; charset=utf-8
cache-control: no-cache

18:26:29.474 [AsyncHttpClient-1-4] DEBUG org.asynchttpclient.netty.channel.ChannelManager - Adding key: http://localhost:8354 for channel [id: 0x38473121, L:/127.0.0.1:54991 - R:localhost/127.0.0.1:8354]
18:26:29.475 [Forwarding getElementText on session 2aa51e07f548ebbb8efcf47f08376fbc to remote] DEBUG org.asynchttpclient.netty.request.NettyRequestSender - Using pooled Channel '[id: 0x38473121, L:/127.0.0.1:54991 - R:localhost/127.0.0.1:8354]' for 'GET' to 'http://localhost:8354/session/2aa51e07f548ebbb8efcf47f08376fbc/element/978fbdc2-4570-4435-b885-6bb95ed718b6/text'
18:26:29.475 [Forwarding getElementText on session 2aa51e07f548ebbb8efcf47f08376fbc to remote] DEBUG org.asynchttpclient.netty.request.NettyRequestSender - Using open Channel [id: 0x38473121, L:/127.0.0.1:54991 - R:localhost/127.0.0.1:8354] for GET '/session/2aa51e07f548ebbb8efcf47f08376fbc/element/978fbdc2-4570-4435-b885-6bb95ed718b6/text'
18:26:29.520 [AsyncHttpClient-1-4] DEBUG org.asynchttpclient.netty.handler.HttpHandler - 

Request DefaultFullHttpRequest(decodeResult: success, version: HTTP/1.1, content: EmptyByteBufBE)
GET /session/2aa51e07f548ebbb8efcf47f08376fbc/element/978fbdc2-4570-4435-b885-6bb95ed718b6/text HTTP/1.1
User-Agent: selenium/4.5.3 (java mac)
Cache-Control: no-cache
Content-Type: application/json; charset=utf-8
host: localhost:8354
accept: */*

Response DefaultHttpResponse(decodeResult: success, version: HTTP/1.1)
HTTP/1.1 200 OK
Content-Length: 21
Content-Type: application/json; charset=utf-8
cache-control: no-cache

18:26:29.520 [AsyncHttpClient-1-4] DEBUG org.asynchttpclient.netty.channel.ChannelManager - Adding key: http://localhost:8354 for channel [id: 0x38473121, L:/127.0.0.1:54991 - R:localhost/127.0.0.1:8354]
18:26:29.522 [Forwarding findChildElement on session 2aa51e07f548ebbb8efcf47f08376fbc to remote] DEBUG org.asynchttpclient.netty.request.NettyRequestSender - Using pooled Channel '[id: 0x38473121, L:/127.0.0.1:54991 - R:localhost/127.0.0.1:8354]' for 'POST' to 'http://localhost:8354/session/2aa51e07f548ebbb8efcf47f08376fbc/element/8a2e932c-1859-4567-912e-6b1dc15c6c91/element'
18:26:29.522 [Forwarding findChildElement on session 2aa51e07f548ebbb8efcf47f08376fbc to remote] DEBUG org.asynchttpclient.netty.request.NettyRequestSender - Using open Channel [id: 0x38473121, L:/127.0.0.1:54991 - R:localhost/127.0.0.1:8354] for POST '/session/2aa51e07f548ebbb8efcf47f08376fbc/element/8a2e932c-1859-4567-912e-6b1dc15c6c91/element'
18:26:29.593 [AsyncHttpClient-1-4] DEBUG org.asynchttpclient.netty.handler.HttpHandler - 

Request DefaultHttpRequest(decodeResult: success, version: HTTP/1.1)
POST /session/2aa51e07f548ebbb8efcf47f08376fbc/element/8a2e932c-1859-4567-912e-6b1dc15c6c91/element HTTP/1.1
User-Agent: selenium/4.5.3 (java mac)
Content-Length: 106
Content-Type: application/json; charset=utf-8
host: localhost:8354
accept: */*

Response DefaultHttpResponse(decodeResult: success, version: HTTP/1.1)
HTTP/1.1 200 OK
Content-Length: 88
Content-Type: application/json; charset=utf-8
cache-control: no-cache

18:26:29.593 [AsyncHttpClient-1-4] DEBUG org.asynchttpclient.netty.channel.ChannelManager - Adding key: http://localhost:8354 for channel [id: 0x38473121, L:/127.0.0.1:54991 - R:localhost/127.0.0.1:8354]
18:26:29.594 [Forwarding getElementText on session 2aa51e07f548ebbb8efcf47f08376fbc to remote] DEBUG org.asynchttpclient.netty.request.NettyRequestSender - Using pooled Channel '[id: 0x38473121, L:/127.0.0.1:54991 - R:localhost/127.0.0.1:8354]' for 'GET' to 'http://localhost:8354/session/2aa51e07f548ebbb8efcf47f08376fbc/element/f76ddb52-4454-4677-bfd0-c1704b09fa50/text'
18:26:29.595 [Forwarding getElementText on session 2aa51e07f548ebbb8efcf47f08376fbc to remote] DEBUG org.asynchttpclient.netty.request.NettyRequestSender - Using open Channel [id: 0x38473121, L:/127.0.0.1:54991 - R:localhost/127.0.0.1:8354] for GET '/session/2aa51e07f548ebbb8efcf47f08376fbc/element/f76ddb52-4454-4677-bfd0-c1704b09fa50/text'
18:26:29.742 [AsyncHttpClient-1-4] DEBUG org.asynchttpclient.netty.handler.HttpHandler - 

Request DefaultFullHttpRequest(decodeResult: success, version: HTTP/1.1, content: EmptyByteBufBE)
GET /session/2aa51e07f548ebbb8efcf47f08376fbc/element/f76ddb52-4454-4677-bfd0-c1704b09fa50/text HTTP/1.1
User-Agent: selenium/4.5.3 (java mac)
Cache-Control: no-cache
Content-Type: application/json; charset=utf-8
host: localhost:8354
accept: */*

Response DefaultHttpResponse(decodeResult: success, version: HTTP/1.1)
HTTP/1.1 200 OK
Content-Length: 91
Content-Type: application/json; charset=utf-8
cache-control: no-cache

18:26:29.742 [AsyncHttpClient-1-4] DEBUG org.asynchttpclient.netty.channel.ChannelManager - Adding key: http://localhost:8354 for channel [id: 0x38473121, L:/127.0.0.1:54991 - R:localhost/127.0.0.1:8354]
18:26:29.743 [Forwarding findChildElement on session 2aa51e07f548ebbb8efcf47f08376fbc to remote] DEBUG org.asynchttpclient.netty.request.NettyRequestSender - Using pooled Channel '[id: 0x38473121, L:/127.0.0.1:54991 - R:localhost/127.0.0.1:8354]' for 'POST' to 'http://localhost:8354/session/2aa51e07f548ebbb8efcf47f08376fbc/element/8a2e932c-1859-4567-912e-6b1dc15c6c91/element'
18:26:29.743 [Forwarding findChildElement on session 2aa51e07f548ebbb8efcf47f08376fbc to remote] DEBUG org.asynchttpclient.netty.request.NettyRequestSender - Using open Channel [id: 0x38473121, L:/127.0.0.1:54991 - R:localhost/127.0.0.1:8354] for POST '/session/2aa51e07f548ebbb8efcf47f08376fbc/element/8a2e932c-1859-4567-912e-6b1dc15c6c91/element'
18:26:29.775 [AsyncHttpClient-1-4] DEBUG org.asynchttpclient.netty.handler.HttpHandler - 

Request DefaultHttpRequest(decodeResult: success, version: HTTP/1.1)
POST /session/2aa51e07f548ebbb8efcf47f08376fbc/element/8a2e932c-1859-4567-912e-6b1dc15c6c91/element HTTP/1.1
User-Agent: selenium/4.5.3 (java mac)
Content-Length: 106
Content-Type: application/json; charset=utf-8
host: localhost:8354
accept: */*

Response DefaultHttpResponse(decodeResult: success, version: HTTP/1.1)
HTTP/1.1 200 OK
Content-Length: 88
Content-Type: application/json; charset=utf-8
cache-control: no-cache

18:26:29.775 [AsyncHttpClient-1-4] DEBUG org.asynchttpclient.netty.channel.ChannelManager - Adding key: http://localhost:8354 for channel [id: 0x38473121, L:/127.0.0.1:54991 - R:localhost/127.0.0.1:8354]
18:26:29.777 [Forwarding getElementText on session 2aa51e07f548ebbb8efcf47f08376fbc to remote] DEBUG org.asynchttpclient.netty.request.NettyRequestSender - Using pooled Channel '[id: 0x38473121, L:/127.0.0.1:54991 - R:localhost/127.0.0.1:8354]' for 'GET' to 'http://localhost:8354/session/2aa51e07f548ebbb8efcf47f08376fbc/element/1a41be9b-f449-484c-b0f7-b04e71223920/text'
18:26:29.777 [Forwarding getElementText on session 2aa51e07f548ebbb8efcf47f08376fbc to remote] DEBUG org.asynchttpclient.netty.request.NettyRequestSender - Using open Channel [id: 0x38473121, L:/127.0.0.1:54991 - R:localhost/127.0.0.1:8354] for GET '/session/2aa51e07f548ebbb8efcf47f08376fbc/element/1a41be9b-f449-484c-b0f7-b04e71223920/text'
18:26:29.889 [AsyncHttpClient-1-4] DEBUG org.asynchttpclient.netty.handler.HttpHandler - 

Request DefaultFullHttpRequest(decodeResult: success, version: HTTP/1.1, content: EmptyByteBufBE)
GET /session/2aa51e07f548ebbb8efcf47f08376fbc/element/1a41be9b-f449-484c-b0f7-b04e71223920/text HTTP/1.1
User-Agent: selenium/4.5.3 (java mac)
Cache-Control: no-cache
Content-Type: application/json; charset=utf-8
host: localhost:8354
accept: */*

Response DefaultHttpResponse(decodeResult: success, version: HTTP/1.1)
HTTP/1.1 200 OK
Content-Length: 19
Content-Type: application/json; charset=utf-8
cache-control: no-cache

18:26:29.889 [AsyncHttpClient-1-4] DEBUG org.asynchttpclient.netty.channel.ChannelManager - Adding key: http://localhost:8354 for channel [id: 0x38473121, L:/127.0.0.1:54991 - R:localhost/127.0.0.1:8354]
18:26:29.891 [Forwarding findChildElement on session 2aa51e07f548ebbb8efcf47f08376fbc to remote] DEBUG org.asynchttpclient.netty.request.NettyRequestSender - Using pooled Channel '[id: 0x38473121, L:/127.0.0.1:54991 - R:localhost/127.0.0.1:8354]' for 'POST' to 'http://localhost:8354/session/2aa51e07f548ebbb8efcf47f08376fbc/element/3133e4f4-8ab9-4779-9586-5cfbab5db5fb/element'
18:26:29.891 [Forwarding findChildElement on session 2aa51e07f548ebbb8efcf47f08376fbc to remote] DEBUG org.asynchttpclient.netty.request.NettyRequestSender - Using open Channel [id: 0x38473121, L:/127.0.0.1:54991 - R:localhost/127.0.0.1:8354] for POST '/session/2aa51e07f548ebbb8efcf47f08376fbc/element/3133e4f4-8ab9-4779-9586-5cfbab5db5fb/element'
18:26:29.905 [AsyncHttpClient-1-4] DEBUG org.asynchttpclient.netty.handler.HttpHandler - 

Request DefaultHttpRequest(decodeResult: success, version: HTTP/1.1)
POST /session/2aa51e07f548ebbb8efcf47f08376fbc/element/3133e4f4-8ab9-4779-9586-5cfbab5db5fb/element HTTP/1.1
User-Agent: selenium/4.5.3 (java mac)
Content-Length: 106
Content-Type: application/json; charset=utf-8
host: localhost:8354
accept: */*

Response DefaultHttpResponse(decodeResult: success, version: HTTP/1.1)
HTTP/1.1 200 OK
Content-Length: 88
Content-Type: application/json; charset=utf-8
cache-control: no-cache

18:26:29.905 [AsyncHttpClient-1-4] DEBUG org.asynchttpclient.netty.channel.ChannelManager - Adding key: http://localhost:8354 for channel [id: 0x38473121, L:/127.0.0.1:54991 - R:localhost/127.0.0.1:8354]
18:26:29.906 [Forwarding getElementText on session 2aa51e07f548ebbb8efcf47f08376fbc to remote] DEBUG org.asynchttpclient.netty.request.NettyRequestSender - Using pooled Channel '[id: 0x38473121, L:/127.0.0.1:54991 - R:localhost/127.0.0.1:8354]' for 'GET' to 'http://localhost:8354/session/2aa51e07f548ebbb8efcf47f08376fbc/element/a0116b59-ca05-4841-a94a-a3d46202ce9d/text'
18:26:29.906 [Forwarding getElementText on session 2aa51e07f548ebbb8efcf47f08376fbc to remote] DEBUG org.asynchttpclient.netty.request.NettyRequestSender - Using open Channel [id: 0x38473121, L:/127.0.0.1:54991 - R:localhost/127.0.0.1:8354] for GET '/session/2aa51e07f548ebbb8efcf47f08376fbc/element/a0116b59-ca05-4841-a94a-a3d46202ce9d/text'
18:26:29.916 [AsyncHttpClient-1-1] DEBUG org.asynchttpclient.netty.channel.DefaultChannelPool - Entry count for : http://localhost:54992 : 1
18:26:29.916 [AsyncHttpClient-1-1] DEBUG org.asynchttpclient.netty.channel.DefaultChannelPool - Entry count for : http://localhost:7078 : 1
18:26:29.930 [AsyncHttpClient-1-4] DEBUG org.asynchttpclient.netty.handler.HttpHandler - 

Request DefaultFullHttpRequest(decodeResult: success, version: HTTP/1.1, content: EmptyByteBufBE)
GET /session/2aa51e07f548ebbb8efcf47f08376fbc/element/a0116b59-ca05-4841-a94a-a3d46202ce9d/text HTTP/1.1
User-Agent: selenium/4.5.3 (java mac)
Cache-Control: no-cache
Content-Type: application/json; charset=utf-8
host: localhost:8354
accept: */*

Response DefaultHttpResponse(decodeResult: success, version: HTTP/1.1)
HTTP/1.1 200 OK
Content-Length: 86
Content-Type: application/json; charset=utf-8
cache-control: no-cache

18:26:29.931 [AsyncHttpClient-1-4] DEBUG org.asynchttpclient.netty.channel.ChannelManager - Adding key: http://localhost:8354 for channel [id: 0x38473121, L:/127.0.0.1:54991 - R:localhost/127.0.0.1:8354]
18:26:29.932 [Forwarding findChildElement on session 2aa51e07f548ebbb8efcf47f08376fbc to remote] DEBUG org.asynchttpclient.netty.request.NettyRequestSender - Using pooled Channel '[id: 0x38473121, L:/127.0.0.1:54991 - R:localhost/127.0.0.1:8354]' for 'POST' to 'http://localhost:8354/session/2aa51e07f548ebbb8efcf47f08376fbc/element/3133e4f4-8ab9-4779-9586-5cfbab5db5fb/element'
18:26:29.932 [Forwarding findChildElement on session 2aa51e07f548ebbb8efcf47f08376fbc to remote] DEBUG org.asynchttpclient.netty.request.NettyRequestSender - Using open Channel [id: 0x38473121, L:/127.0.0.1:54991 - R:localhost/127.0.0.1:8354] for POST '/session/2aa51e07f548ebbb8efcf47f08376fbc/element/3133e4f4-8ab9-4779-9586-5cfbab5db5fb/element'
18:26:30.018 [AsyncHttpClient-1-4] DEBUG org.asynchttpclient.netty.handler.HttpHandler - 

Request DefaultHttpRequest(decodeResult: success, version: HTTP/1.1)
POST /session/2aa51e07f548ebbb8efcf47f08376fbc/element/3133e4f4-8ab9-4779-9586-5cfbab5db5fb/element HTTP/1.1
User-Agent: selenium/4.5.3 (java mac)
Content-Length: 106
Content-Type: application/json; charset=utf-8
host: localhost:8354
accept: */*

Response DefaultHttpResponse(decodeResult: success, version: HTTP/1.1)
HTTP/1.1 200 OK
Content-Length: 88
Content-Type: application/json; charset=utf-8
cache-control: no-cache

18:26:30.018 [AsyncHttpClient-1-4] DEBUG org.asynchttpclient.netty.channel.ChannelManager - Adding key: http://localhost:8354 for channel [id: 0x38473121, L:/127.0.0.1:54991 - R:localhost/127.0.0.1:8354]
18:26:30.020 [Forwarding getElementText on session 2aa51e07f548ebbb8efcf47f08376fbc to remote] DEBUG org.asynchttpclient.netty.request.NettyRequestSender - Using pooled Channel '[id: 0x38473121, L:/127.0.0.1:54991 - R:localhost/127.0.0.1:8354]' for 'GET' to 'http://localhost:8354/session/2aa51e07f548ebbb8efcf47f08376fbc/element/cc0eeffd-09a7-413d-b72a-a2214d87409b/text'
18:26:30.020 [Forwarding getElementText on session 2aa51e07f548ebbb8efcf47f08376fbc to remote] DEBUG org.asynchttpclient.netty.request.NettyRequestSender - Using open Channel [id: 0x38473121, L:/127.0.0.1:54991 - R:localhost/127.0.0.1:8354] for GET '/session/2aa51e07f548ebbb8efcf47f08376fbc/element/cc0eeffd-09a7-413d-b72a-a2214d87409b/text'
18:26:30.073 [AsyncHttpClient-1-4] DEBUG org.asynchttpclient.netty.handler.HttpHandler - 

Request DefaultFullHttpRequest(decodeResult: success, version: HTTP/1.1, content: EmptyByteBufBE)
GET /session/2aa51e07f548ebbb8efcf47f08376fbc/element/cc0eeffd-09a7-413d-b72a-a2214d87409b/text HTTP/1.1
User-Agent: selenium/4.5.3 (java mac)
Cache-Control: no-cache
Content-Type: application/json; charset=utf-8
host: localhost:8354
accept: */*

Response DefaultHttpResponse(decodeResult: success, version: HTTP/1.1)
HTTP/1.1 200 OK
Content-Length: 30
Content-Type: application/json; charset=utf-8
cache-control: no-cache

18:26:30.073 [AsyncHttpClient-1-4] DEBUG org.asynchttpclient.netty.channel.ChannelManager - Adding key: http://localhost:8354 for channel [id: 0x38473121, L:/127.0.0.1:54991 - R:localhost/127.0.0.1:8354]
18:26:30.075 [Forwarding findChildElement on session 2aa51e07f548ebbb8efcf47f08376fbc to remote] DEBUG org.asynchttpclient.netty.request.NettyRequestSender - Using pooled Channel '[id: 0x38473121, L:/127.0.0.1:54991 - R:localhost/127.0.0.1:8354]' for 'POST' to 'http://localhost:8354/session/2aa51e07f548ebbb8efcf47f08376fbc/element/90543721-f6e5-47e8-b503-01708aab8be9/element'
18:26:30.075 [Forwarding findChildElement on session 2aa51e07f548ebbb8efcf47f08376fbc to remote] DEBUG org.asynchttpclient.netty.request.NettyRequestSender - Using open Channel [id: 0x38473121, L:/127.0.0.1:54991 - R:localhost/127.0.0.1:8354] for POST '/session/2aa51e07f548ebbb8efcf47f08376fbc/element/90543721-f6e5-47e8-b503-01708aab8be9/element'
18:26:30.098 [AsyncHttpClient-1-4] DEBUG org.asynchttpclient.netty.handler.HttpHandler - 

Request DefaultHttpRequest(decodeResult: success, version: HTTP/1.1)
POST /session/2aa51e07f548ebbb8efcf47f08376fbc/element/90543721-f6e5-47e8-b503-01708aab8be9/element HTTP/1.1
User-Agent: selenium/4.5.3 (java mac)
Content-Length: 106
Content-Type: application/json; charset=utf-8
host: localhost:8354
accept: */*

Response DefaultHttpResponse(decodeResult: success, version: HTTP/1.1)
HTTP/1.1 200 OK
Content-Length: 88
Content-Type: application/json; charset=utf-8
cache-control: no-cache

18:26:30.098 [AsyncHttpClient-1-4] DEBUG org.asynchttpclient.netty.channel.ChannelManager - Adding key: http://localhost:8354 for channel [id: 0x38473121, L:/127.0.0.1:54991 - R:localhost/127.0.0.1:8354]
18:26:30.099 [Forwarding getElementText on session 2aa51e07f548ebbb8efcf47f08376fbc to remote] DEBUG org.asynchttpclient.netty.request.NettyRequestSender - Using pooled Channel '[id: 0x38473121, L:/127.0.0.1:54991 - R:localhost/127.0.0.1:8354]' for 'GET' to 'http://localhost:8354/session/2aa51e07f548ebbb8efcf47f08376fbc/element/09c8b7bd-f6cd-4404-837d-0a7ae6b52ca0/text'
18:26:30.099 [Forwarding getElementText on session 2aa51e07f548ebbb8efcf47f08376fbc to remote] DEBUG org.asynchttpclient.netty.request.NettyRequestSender - Using open Channel [id: 0x38473121, L:/127.0.0.1:54991 - R:localhost/127.0.0.1:8354] for GET '/session/2aa51e07f548ebbb8efcf47f08376fbc/element/09c8b7bd-f6cd-4404-837d-0a7ae6b52ca0/text'
18:26:30.162 [AsyncHttpClient-1-4] DEBUG org.asynchttpclient.netty.handler.HttpHandler - 

Request DefaultFullHttpRequest(decodeResult: success, version: HTTP/1.1, content: EmptyByteBufBE)
GET /session/2aa51e07f548ebbb8efcf47f08376fbc/element/09c8b7bd-f6cd-4404-837d-0a7ae6b52ca0/text HTTP/1.1
User-Agent: selenium/4.5.3 (java mac)
Cache-Control: no-cache
Content-Type: application/json; charset=utf-8
host: localhost:8354
accept: */*

Response DefaultHttpResponse(decodeResult: success, version: HTTP/1.1)
HTTP/1.1 200 OK
Content-Length: 88
Content-Type: application/json; charset=utf-8
cache-control: no-cache

18:26:30.163 [AsyncHttpClient-1-4] DEBUG org.asynchttpclient.netty.channel.ChannelManager - Adding key: http://localhost:8354 for channel [id: 0x38473121, L:/127.0.0.1:54991 - R:localhost/127.0.0.1:8354]
18:26:30.164 [Forwarding findChildElement on session 2aa51e07f548ebbb8efcf47f08376fbc to remote] DEBUG org.asynchttpclient.netty.request.NettyRequestSender - Using pooled Channel '[id: 0x38473121, L:/127.0.0.1:54991 - R:localhost/127.0.0.1:8354]' for 'POST' to 'http://localhost:8354/session/2aa51e07f548ebbb8efcf47f08376fbc/element/90543721-f6e5-47e8-b503-01708aab8be9/element'
18:26:30.164 [Forwarding findChildElement on session 2aa51e07f548ebbb8efcf47f08376fbc to remote] DEBUG org.asynchttpclient.netty.request.NettyRequestSender - Using open Channel [id: 0x38473121, L:/127.0.0.1:54991 - R:localhost/127.0.0.1:8354] for POST '/session/2aa51e07f548ebbb8efcf47f08376fbc/element/90543721-f6e5-47e8-b503-01708aab8be9/element'
18:26:30.211 [AsyncHttpClient-1-4] DEBUG org.asynchttpclient.netty.handler.HttpHandler - 

Request DefaultHttpRequest(decodeResult: success, version: HTTP/1.1)
POST /session/2aa51e07f548ebbb8efcf47f08376fbc/element/90543721-f6e5-47e8-b503-01708aab8be9/element HTTP/1.1
User-Agent: selenium/4.5.3 (java mac)
Content-Length: 106
Content-Type: application/json; charset=utf-8
host: localhost:8354
accept: */*

Response DefaultHttpResponse(decodeResult: success, version: HTTP/1.1)
HTTP/1.1 200 OK
Content-Length: 88
Content-Type: application/json; charset=utf-8
cache-control: no-cache

18:26:30.211 [AsyncHttpClient-1-4] DEBUG org.asynchttpclient.netty.channel.ChannelManager - Adding key: http://localhost:8354 for channel [id: 0x38473121, L:/127.0.0.1:54991 - R:localhost/127.0.0.1:8354]
18:26:30.212 [Forwarding getElementText on session 2aa51e07f548ebbb8efcf47f08376fbc to remote] DEBUG org.asynchttpclient.netty.request.NettyRequestSender - Using pooled Channel '[id: 0x38473121, L:/127.0.0.1:54991 - R:localhost/127.0.0.1:8354]' for 'GET' to 'http://localhost:8354/session/2aa51e07f548ebbb8efcf47f08376fbc/element/39eacaaa-d393-45e5-8861-05578cb76650/text'
18:26:30.212 [Forwarding getElementText on session 2aa51e07f548ebbb8efcf47f08376fbc to remote] DEBUG org.asynchttpclient.netty.request.NettyRequestSender - Using open Channel [id: 0x38473121, L:/127.0.0.1:54991 - R:localhost/127.0.0.1:8354] for GET '/session/2aa51e07f548ebbb8efcf47f08376fbc/element/39eacaaa-d393-45e5-8861-05578cb76650/text'
18:26:30.256 [AsyncHttpClient-1-4] DEBUG org.asynchttpclient.netty.handler.HttpHandler - 

Request DefaultFullHttpRequest(decodeResult: success, version: HTTP/1.1, content: EmptyByteBufBE)
GET /session/2aa51e07f548ebbb8efcf47f08376fbc/element/39eacaaa-d393-45e5-8861-05578cb76650/text HTTP/1.1
User-Agent: selenium/4.5.3 (java mac)
Cache-Control: no-cache
Content-Type: application/json; charset=utf-8
host: localhost:8354
accept: */*

Response DefaultHttpResponse(decodeResult: success, version: HTTP/1.1)
HTTP/1.1 200 OK
Content-Length: 19
Content-Type: application/json; charset=utf-8
cache-control: no-cache

18:26:30.258 [AsyncHttpClient-1-4] DEBUG org.asynchttpclient.netty.channel.ChannelManager - Adding key: http://localhost:8354 for channel [id: 0x38473121, L:/127.0.0.1:54991 - R:localhost/127.0.0.1:8354]
18:26:30.264 [Forwarding findChildElement on session 2aa51e07f548ebbb8efcf47f08376fbc to remote] DEBUG org.asynchttpclient.netty.request.NettyRequestSender - Using pooled Channel '[id: 0x38473121, L:/127.0.0.1:54991 - R:localhost/127.0.0.1:8354]' for 'POST' to 'http://localhost:8354/session/2aa51e07f548ebbb8efcf47f08376fbc/element/28da5b74-2d8d-4a6b-873f-5bce34b45be3/element'
18:26:30.264 [Forwarding findChildElement on session 2aa51e07f548ebbb8efcf47f08376fbc to remote] DEBUG org.asynchttpclient.netty.request.NettyRequestSender - Using open Channel [id: 0x38473121, L:/127.0.0.1:54991 - R:localhost/127.0.0.1:8354] for POST '/session/2aa51e07f548ebbb8efcf47f08376fbc/element/28da5b74-2d8d-4a6b-873f-5bce34b45be3/element'
18:26:30.291 [AsyncHttpClient-1-4] DEBUG org.asynchttpclient.netty.handler.HttpHandler - 

Request DefaultHttpRequest(decodeResult: success, version: HTTP/1.1)
POST /session/2aa51e07f548ebbb8efcf47f08376fbc/element/28da5b74-2d8d-4a6b-873f-5bce34b45be3/element HTTP/1.1
User-Agent: selenium/4.5.3 (java mac)
Content-Length: 106
Content-Type: application/json; charset=utf-8
host: localhost:8354
accept: */*

Response DefaultHttpResponse(decodeResult: success, version: HTTP/1.1)
HTTP/1.1 200 OK
Content-Length: 88
Content-Type: application/json; charset=utf-8
cache-control: no-cache

18:26:30.291 [AsyncHttpClient-1-4] DEBUG org.asynchttpclient.netty.channel.ChannelManager - Adding key: http://localhost:8354 for channel [id: 0x38473121, L:/127.0.0.1:54991 - R:localhost/127.0.0.1:8354]
18:26:30.291 [Forwarding getElementText on session 2aa51e07f548ebbb8efcf47f08376fbc to remote] DEBUG org.asynchttpclient.netty.request.NettyRequestSender - Using pooled Channel '[id: 0x38473121, L:/127.0.0.1:54991 - R:localhost/127.0.0.1:8354]' for 'GET' to 'http://localhost:8354/session/2aa51e07f548ebbb8efcf47f08376fbc/element/100f156e-81bc-4dfe-8df9-32a41f458e67/text'
18:26:30.291 [Forwarding getElementText on session 2aa51e07f548ebbb8efcf47f08376fbc to remote] DEBUG org.asynchttpclient.netty.request.NettyRequestSender - Using open Channel [id: 0x38473121, L:/127.0.0.1:54991 - R:localhost/127.0.0.1:8354] for GET '/session/2aa51e07f548ebbb8efcf47f08376fbc/element/100f156e-81bc-4dfe-8df9-32a41f458e67/text'
18:26:30.316 [AsyncHttpClient-1-4] DEBUG org.asynchttpclient.netty.handler.HttpHandler - 

Request DefaultFullHttpRequest(decodeResult: success, version: HTTP/1.1, content: EmptyByteBufBE)
GET /session/2aa51e07f548ebbb8efcf47f08376fbc/element/100f156e-81bc-4dfe-8df9-32a41f458e67/text HTTP/1.1
User-Agent: selenium/4.5.3 (java mac)
Cache-Control: no-cache
Content-Type: application/json; charset=utf-8
host: localhost:8354
accept: */*

Response DefaultHttpResponse(decodeResult: success, version: HTTP/1.1)
HTTP/1.1 200 OK
Content-Length: 92
Content-Type: application/json; charset=utf-8
cache-control: no-cache

18:26:30.316 [AsyncHttpClient-1-4] DEBUG org.asynchttpclient.netty.channel.ChannelManager - Adding key: http://localhost:8354 for channel [id: 0x38473121, L:/127.0.0.1:54991 - R:localhost/127.0.0.1:8354]
18:26:30.318 [Forwarding findChildElement on session 2aa51e07f548ebbb8efcf47f08376fbc to remote] DEBUG org.asynchttpclient.netty.request.NettyRequestSender - Using pooled Channel '[id: 0x38473121, L:/127.0.0.1:54991 - R:localhost/127.0.0.1:8354]' for 'POST' to 'http://localhost:8354/session/2aa51e07f548ebbb8efcf47f08376fbc/element/28da5b74-2d8d-4a6b-873f-5bce34b45be3/element'
18:26:30.318 [Forwarding findChildElement on session 2aa51e07f548ebbb8efcf47f08376fbc to remote] DEBUG org.asynchttpclient.netty.request.NettyRequestSender - Using open Channel [id: 0x38473121, L:/127.0.0.1:54991 - R:localhost/127.0.0.1:8354] for POST '/session/2aa51e07f548ebbb8efcf47f08376fbc/element/28da5b74-2d8d-4a6b-873f-5bce34b45be3/element'
18:26:30.343 [AsyncHttpClient-1-4] DEBUG org.asynchttpclient.netty.handler.HttpHandler - 

Request DefaultHttpRequest(decodeResult: success, version: HTTP/1.1)
POST /session/2aa51e07f548ebbb8efcf47f08376fbc/element/28da5b74-2d8d-4a6b-873f-5bce34b45be3/element HTTP/1.1
User-Agent: selenium/4.5.3 (java mac)
Content-Length: 106
Content-Type: application/json; charset=utf-8
host: localhost:8354
accept: */*

Response DefaultHttpResponse(decodeResult: success, version: HTTP/1.1)
HTTP/1.1 200 OK
Content-Length: 88
Content-Type: application/json; charset=utf-8
cache-control: no-cache

18:26:30.343 [AsyncHttpClient-1-4] DEBUG org.asynchttpclient.netty.channel.ChannelManager - Adding key: http://localhost:8354 for channel [id: 0x38473121, L:/127.0.0.1:54991 - R:localhost/127.0.0.1:8354]
18:26:30.344 [Forwarding getElementText on session 2aa51e07f548ebbb8efcf47f08376fbc to remote] DEBUG org.asynchttpclient.netty.request.NettyRequestSender - Using pooled Channel '[id: 0x38473121, L:/127.0.0.1:54991 - R:localhost/127.0.0.1:8354]' for 'GET' to 'http://localhost:8354/session/2aa51e07f548ebbb8efcf47f08376fbc/element/7d5aa938-f00b-4836-a944-87019813a06f/text'
18:26:30.344 [Forwarding getElementText on session 2aa51e07f548ebbb8efcf47f08376fbc to remote] DEBUG org.asynchttpclient.netty.request.NettyRequestSender - Using open Channel [id: 0x38473121, L:/127.0.0.1:54991 - R:localhost/127.0.0.1:8354] for GET '/session/2aa51e07f548ebbb8efcf47f08376fbc/element/7d5aa938-f00b-4836-a944-87019813a06f/text'
18:26:30.391 [AsyncHttpClient-1-4] DEBUG org.asynchttpclient.netty.handler.HttpHandler - 

Request DefaultFullHttpRequest(decodeResult: success, version: HTTP/1.1, content: EmptyByteBufBE)
GET /session/2aa51e07f548ebbb8efcf47f08376fbc/element/7d5aa938-f00b-4836-a944-87019813a06f/text HTTP/1.1
User-Agent: selenium/4.5.3 (java mac)
Cache-Control: no-cache
Content-Type: application/json; charset=utf-8
host: localhost:8354
accept: */*

Response DefaultHttpResponse(decodeResult: success, version: HTTP/1.1)
HTTP/1.1 200 OK
Content-Length: 19
Content-Type: application/json; charset=utf-8
cache-control: no-cache

18:26:30.392 [AsyncHttpClient-1-4] DEBUG org.asynchttpclient.netty.channel.ChannelManager - Adding key: http://localhost:8354 for channel [id: 0x38473121, L:/127.0.0.1:54991 - R:localhost/127.0.0.1:8354]
18:26:30.393 [Forwarding findChildElement on session 2aa51e07f548ebbb8efcf47f08376fbc to remote] DEBUG org.asynchttpclient.netty.request.NettyRequestSender - Using pooled Channel '[id: 0x38473121, L:/127.0.0.1:54991 - R:localhost/127.0.0.1:8354]' for 'POST' to 'http://localhost:8354/session/2aa51e07f548ebbb8efcf47f08376fbc/element/d3074596-3db8-48b0-8aaa-8ee3d30e6265/element'
18:26:30.393 [Forwarding findChildElement on session 2aa51e07f548ebbb8efcf47f08376fbc to remote] DEBUG org.asynchttpclient.netty.request.NettyRequestSender - Using open Channel [id: 0x38473121, L:/127.0.0.1:54991 - R:localhost/127.0.0.1:8354] for POST '/session/2aa51e07f548ebbb8efcf47f08376fbc/element/d3074596-3db8-48b0-8aaa-8ee3d30e6265/element'
18:26:30.409 [AsyncHttpClient-1-4] DEBUG org.asynchttpclient.netty.handler.HttpHandler - 

Request DefaultHttpRequest(decodeResult: success, version: HTTP/1.1)
POST /session/2aa51e07f548ebbb8efcf47f08376fbc/element/d3074596-3db8-48b0-8aaa-8ee3d30e6265/element HTTP/1.1
User-Agent: selenium/4.5.3 (java mac)
Content-Length: 106
Content-Type: application/json; charset=utf-8
host: localhost:8354
accept: */*

Response DefaultHttpResponse(decodeResult: success, version: HTTP/1.1)
HTTP/1.1 200 OK
Content-Length: 88
Content-Type: application/json; charset=utf-8
cache-control: no-cache

18:26:30.409 [AsyncHttpClient-1-4] DEBUG org.asynchttpclient.netty.channel.ChannelManager - Adding key: http://localhost:8354 for channel [id: 0x38473121, L:/127.0.0.1:54991 - R:localhost/127.0.0.1:8354]
18:26:30.409 [Forwarding getElementText on session 2aa51e07f548ebbb8efcf47f08376fbc to remote] DEBUG org.asynchttpclient.netty.request.NettyRequestSender - Using pooled Channel '[id: 0x38473121, L:/127.0.0.1:54991 - R:localhost/127.0.0.1:8354]' for 'GET' to 'http://localhost:8354/session/2aa51e07f548ebbb8efcf47f08376fbc/element/f782314b-d533-4f67-9f6a-4d4d5f151ba8/text'
18:26:30.409 [Forwarding getElementText on session 2aa51e07f548ebbb8efcf47f08376fbc to remote] DEBUG org.asynchttpclient.netty.request.NettyRequestSender - Using open Channel [id: 0x38473121, L:/127.0.0.1:54991 - R:localhost/127.0.0.1:8354] for GET '/session/2aa51e07f548ebbb8efcf47f08376fbc/element/f782314b-d533-4f67-9f6a-4d4d5f151ba8/text'
18:26:30.528 [AsyncHttpClient-1-4] DEBUG org.asynchttpclient.netty.handler.HttpHandler - 

Request DefaultFullHttpRequest(decodeResult: success, version: HTTP/1.1, content: EmptyByteBufBE)
GET /session/2aa51e07f548ebbb8efcf47f08376fbc/element/f782314b-d533-4f67-9f6a-4d4d5f151ba8/text HTTP/1.1
User-Agent: selenium/4.5.3 (java mac)
Cache-Control: no-cache
Content-Type: application/json; charset=utf-8
host: localhost:8354
accept: */*

Response DefaultHttpResponse(decodeResult: success, version: HTTP/1.1)
HTTP/1.1 200 OK
Content-Length: 76
Content-Type: application/json; charset=utf-8
cache-control: no-cache

18:26:30.528 [AsyncHttpClient-1-4] DEBUG org.asynchttpclient.netty.channel.ChannelManager - Adding key: http://localhost:8354 for channel [id: 0x38473121, L:/127.0.0.1:54991 - R:localhost/127.0.0.1:8354]
18:26:30.530 [Forwarding findChildElement on session 2aa51e07f548ebbb8efcf47f08376fbc to remote] DEBUG org.asynchttpclient.netty.request.NettyRequestSender - Using pooled Channel '[id: 0x38473121, L:/127.0.0.1:54991 - R:localhost/127.0.0.1:8354]' for 'POST' to 'http://localhost:8354/session/2aa51e07f548ebbb8efcf47f08376fbc/element/d3074596-3db8-48b0-8aaa-8ee3d30e6265/element'
18:26:30.530 [Forwarding findChildElement on session 2aa51e07f548ebbb8efcf47f08376fbc to remote] DEBUG org.asynchttpclient.netty.request.NettyRequestSender - Using open Channel [id: 0x38473121, L:/127.0.0.1:54991 - R:localhost/127.0.0.1:8354] for POST '/session/2aa51e07f548ebbb8efcf47f08376fbc/element/d3074596-3db8-48b0-8aaa-8ee3d30e6265/element'
18:26:30.546 [AsyncHttpClient-1-4] DEBUG org.asynchttpclient.netty.handler.HttpHandler - 

Request DefaultHttpRequest(decodeResult: success, version: HTTP/1.1)
POST /session/2aa51e07f548ebbb8efcf47f08376fbc/element/d3074596-3db8-48b0-8aaa-8ee3d30e6265/element HTTP/1.1
User-Agent: selenium/4.5.3 (java mac)
Content-Length: 106
Content-Type: application/json; charset=utf-8
host: localhost:8354
accept: */*

Response DefaultHttpResponse(decodeResult: success, version: HTTP/1.1)
HTTP/1.1 200 OK
Content-Length: 88
Content-Type: application/json; charset=utf-8
cache-control: no-cache

18:26:30.546 [AsyncHttpClient-1-4] DEBUG org.asynchttpclient.netty.channel.ChannelManager - Adding key: http://localhost:8354 for channel [id: 0x38473121, L:/127.0.0.1:54991 - R:localhost/127.0.0.1:8354]
18:26:30.547 [Forwarding getElementText on session 2aa51e07f548ebbb8efcf47f08376fbc to remote] DEBUG org.asynchttpclient.netty.request.NettyRequestSender - Using pooled Channel '[id: 0x38473121, L:/127.0.0.1:54991 - R:localhost/127.0.0.1:8354]' for 'GET' to 'http://localhost:8354/session/2aa51e07f548ebbb8efcf47f08376fbc/element/8014572e-9cd0-4ceb-85e3-389e757f16ce/text'
18:26:30.547 [Forwarding getElementText on session 2aa51e07f548ebbb8efcf47f08376fbc to remote] DEBUG org.asynchttpclient.netty.request.NettyRequestSender - Using open Channel [id: 0x38473121, L:/127.0.0.1:54991 - R:localhost/127.0.0.1:8354] for GET '/session/2aa51e07f548ebbb8efcf47f08376fbc/element/8014572e-9cd0-4ceb-85e3-389e757f16ce/text'
18:26:30.895 [AsyncHttpClient-1-4] DEBUG org.asynchttpclient.netty.handler.HttpHandler - 

Request DefaultFullHttpRequest(decodeResult: success, version: HTTP/1.1, content: EmptyByteBufBE)
GET /session/2aa51e07f548ebbb8efcf47f08376fbc/element/8014572e-9cd0-4ceb-85e3-389e757f16ce/text HTTP/1.1
User-Agent: selenium/4.5.3 (java mac)
Cache-Control: no-cache
Content-Type: application/json; charset=utf-8
host: localhost:8354
accept: */*

Response DefaultHttpResponse(decodeResult: success, version: HTTP/1.1)
HTTP/1.1 200 OK
Content-Length: 19
Content-Type: application/json; charset=utf-8
cache-control: no-cache

18:26:30.896 [AsyncHttpClient-1-4] DEBUG org.asynchttpclient.netty.channel.ChannelManager - Adding key: http://localhost:8354 for channel [id: 0x38473121, L:/127.0.0.1:54991 - R:localhost/127.0.0.1:8354]
18:26:30.897 [Forwarding findChildElement on session 2aa51e07f548ebbb8efcf47f08376fbc to remote] DEBUG org.asynchttpclient.netty.request.NettyRequestSender - Using pooled Channel '[id: 0x38473121, L:/127.0.0.1:54991 - R:localhost/127.0.0.1:8354]' for 'POST' to 'http://localhost:8354/session/2aa51e07f548ebbb8efcf47f08376fbc/element/498b9d64-c66d-4700-a46c-f925c2e4f0a1/element'
18:26:30.897 [Forwarding findChildElement on session 2aa51e07f548ebbb8efcf47f08376fbc to remote] DEBUG org.asynchttpclient.netty.request.NettyRequestSender - Using open Channel [id: 0x38473121, L:/127.0.0.1:54991 - R:localhost/127.0.0.1:8354] for POST '/session/2aa51e07f548ebbb8efcf47f08376fbc/element/498b9d64-c66d-4700-a46c-f925c2e4f0a1/element'
18:26:30.927 [AsyncHttpClient-1-4] DEBUG org.asynchttpclient.netty.handler.HttpHandler - 

Request DefaultHttpRequest(decodeResult: success, version: HTTP/1.1)
POST /session/2aa51e07f548ebbb8efcf47f08376fbc/element/498b9d64-c66d-4700-a46c-f925c2e4f0a1/element HTTP/1.1
User-Agent: selenium/4.5.3 (java mac)
Content-Length: 106
Content-Type: application/json; charset=utf-8
host: localhost:8354
accept: */*

Response DefaultHttpResponse(decodeResult: success, version: HTTP/1.1)
HTTP/1.1 200 OK
Content-Length: 88
Content-Type: application/json; charset=utf-8
cache-control: no-cache

18:26:30.927 [AsyncHttpClient-1-4] DEBUG org.asynchttpclient.netty.channel.ChannelManager - Adding key: http://localhost:8354 for channel [id: 0x38473121, L:/127.0.0.1:54991 - R:localhost/127.0.0.1:8354]
18:26:30.928 [Forwarding getElementText on session 2aa51e07f548ebbb8efcf47f08376fbc to remote] DEBUG org.asynchttpclient.netty.request.NettyRequestSender - Using pooled Channel '[id: 0x38473121, L:/127.0.0.1:54991 - R:localhost/127.0.0.1:8354]' for 'GET' to 'http://localhost:8354/session/2aa51e07f548ebbb8efcf47f08376fbc/element/2ff967cd-7c27-4839-a723-b7889f19975d/text'
18:26:30.928 [Forwarding getElementText on session 2aa51e07f548ebbb8efcf47f08376fbc to remote] DEBUG org.asynchttpclient.netty.request.NettyRequestSender - Using open Channel [id: 0x38473121, L:/127.0.0.1:54991 - R:localhost/127.0.0.1:8354] for GET '/session/2aa51e07f548ebbb8efcf47f08376fbc/element/2ff967cd-7c27-4839-a723-b7889f19975d/text'
18:26:31.018 [AsyncHttpClient-1-1] DEBUG org.asynchttpclient.netty.channel.DefaultChannelPool - Entry count for : http://localhost:54992 : 1
18:26:31.018 [AsyncHttpClient-1-1] DEBUG org.asynchttpclient.netty.channel.DefaultChannelPool - Entry count for : http://localhost:7078 : 1
18:26:31.127 [AsyncHttpClient-1-4] DEBUG org.asynchttpclient.netty.handler.HttpHandler - 

Request DefaultFullHttpRequest(decodeResult: success, version: HTTP/1.1, content: EmptyByteBufBE)
GET /session/2aa51e07f548ebbb8efcf47f08376fbc/element/2ff967cd-7c27-4839-a723-b7889f19975d/text HTTP/1.1
User-Agent: selenium/4.5.3 (java mac)
Cache-Control: no-cache
Content-Type: application/json; charset=utf-8
host: localhost:8354
accept: */*

Response DefaultHttpResponse(decodeResult: success, version: HTTP/1.1)
HTTP/1.1 200 OK
Content-Length: 81
Content-Type: application/json; charset=utf-8
cache-control: no-cache

18:26:31.127 [AsyncHttpClient-1-4] DEBUG org.asynchttpclient.netty.channel.ChannelManager - Adding key: http://localhost:8354 for channel [id: 0x38473121, L:/127.0.0.1:54991 - R:localhost/127.0.0.1:8354]
18:26:31.128 [Forwarding findChildElement on session 2aa51e07f548ebbb8efcf47f08376fbc to remote] DEBUG org.asynchttpclient.netty.request.NettyRequestSender - Using pooled Channel '[id: 0x38473121, L:/127.0.0.1:54991 - R:localhost/127.0.0.1:8354]' for 'POST' to 'http://localhost:8354/session/2aa51e07f548ebbb8efcf47f08376fbc/element/498b9d64-c66d-4700-a46c-f925c2e4f0a1/element'
18:26:31.128 [Forwarding findChildElement on session 2aa51e07f548ebbb8efcf47f08376fbc to remote] DEBUG org.asynchttpclient.netty.request.NettyRequestSender - Using open Channel [id: 0x38473121, L:/127.0.0.1:54991 - R:localhost/127.0.0.1:8354] for POST '/session/2aa51e07f548ebbb8efcf47f08376fbc/element/498b9d64-c66d-4700-a46c-f925c2e4f0a1/element'
18:26:31.152 [AsyncHttpClient-1-4] DEBUG org.asynchttpclient.netty.handler.HttpHandler - 

Request DefaultHttpRequest(decodeResult: success, version: HTTP/1.1)
POST /session/2aa51e07f548ebbb8efcf47f08376fbc/element/498b9d64-c66d-4700-a46c-f925c2e4f0a1/element HTTP/1.1
User-Agent: selenium/4.5.3 (java mac)
Content-Length: 106
Content-Type: application/json; charset=utf-8
host: localhost:8354
accept: */*

Response DefaultHttpResponse(decodeResult: success, version: HTTP/1.1)
HTTP/1.1 200 OK
Content-Length: 88
Content-Type: application/json; charset=utf-8
cache-control: no-cache

18:26:31.152 [AsyncHttpClient-1-4] DEBUG org.asynchttpclient.netty.channel.ChannelManager - Adding key: http://localhost:8354 for channel [id: 0x38473121, L:/127.0.0.1:54991 - R:localhost/127.0.0.1:8354]
18:26:31.153 [Forwarding getElementText on session 2aa51e07f548ebbb8efcf47f08376fbc to remote] DEBUG org.asynchttpclient.netty.request.NettyRequestSender - Using pooled Channel '[id: 0x38473121, L:/127.0.0.1:54991 - R:localhost/127.0.0.1:8354]' for 'GET' to 'http://localhost:8354/session/2aa51e07f548ebbb8efcf47f08376fbc/element/c093ca9e-db59-47a0-8570-453883f0300e/text'
18:26:31.153 [Forwarding getElementText on session 2aa51e07f548ebbb8efcf47f08376fbc to remote] DEBUG org.asynchttpclient.netty.request.NettyRequestSender - Using open Channel [id: 0x38473121, L:/127.0.0.1:54991 - R:localhost/127.0.0.1:8354] for GET '/session/2aa51e07f548ebbb8efcf47f08376fbc/element/c093ca9e-db59-47a0-8570-453883f0300e/text'
18:26:31.269 [AsyncHttpClient-1-4] DEBUG org.asynchttpclient.netty.handler.HttpHandler - 

Request DefaultFullHttpRequest(decodeResult: success, version: HTTP/1.1, content: EmptyByteBufBE)
GET /session/2aa51e07f548ebbb8efcf47f08376fbc/element/c093ca9e-db59-47a0-8570-453883f0300e/text HTTP/1.1
User-Agent: selenium/4.5.3 (java mac)
Cache-Control: no-cache
Content-Type: application/json; charset=utf-8
host: localhost:8354
accept: */*

Response DefaultHttpResponse(decodeResult: success, version: HTTP/1.1)
HTTP/1.1 200 OK
Content-Length: 19
Content-Type: application/json; charset=utf-8
cache-control: no-cache

18:26:31.269 [AsyncHttpClient-1-4] DEBUG org.asynchttpclient.netty.channel.ChannelManager - Adding key: http://localhost:8354 for channel [id: 0x38473121, L:/127.0.0.1:54991 - R:localhost/127.0.0.1:8354]
18:26:31.271 [Forwarding findChildElement on session 2aa51e07f548ebbb8efcf47f08376fbc to remote] DEBUG org.asynchttpclient.netty.request.NettyRequestSender - Using pooled Channel '[id: 0x38473121, L:/127.0.0.1:54991 - R:localhost/127.0.0.1:8354]' for 'POST' to 'http://localhost:8354/session/2aa51e07f548ebbb8efcf47f08376fbc/element/41458af6-dfa1-4e22-825e-364a4e021649/element'
18:26:31.271 [Forwarding findChildElement on session 2aa51e07f548ebbb8efcf47f08376fbc to remote] DEBUG org.asynchttpclient.netty.request.NettyRequestSender - Using open Channel [id: 0x38473121, L:/127.0.0.1:54991 - R:localhost/127.0.0.1:8354] for POST '/session/2aa51e07f548ebbb8efcf47f08376fbc/element/41458af6-dfa1-4e22-825e-364a4e021649/element'
18:26:31.288 [AsyncHttpClient-1-4] DEBUG org.asynchttpclient.netty.handler.HttpHandler - 

Request DefaultHttpRequest(decodeResult: success, version: HTTP/1.1)
POST /session/2aa51e07f548ebbb8efcf47f08376fbc/element/41458af6-dfa1-4e22-825e-364a4e021649/element HTTP/1.1
User-Agent: selenium/4.5.3 (java mac)
Content-Length: 106
Content-Type: application/json; charset=utf-8
host: localhost:8354
accept: */*

Response DefaultHttpResponse(decodeResult: success, version: HTTP/1.1)
HTTP/1.1 200 OK
Content-Length: 88
Content-Type: application/json; charset=utf-8
cache-control: no-cache

18:26:31.288 [AsyncHttpClient-1-4] DEBUG org.asynchttpclient.netty.channel.ChannelManager - Adding key: http://localhost:8354 for channel [id: 0x38473121, L:/127.0.0.1:54991 - R:localhost/127.0.0.1:8354]
18:26:31.290 [Forwarding getElementText on session 2aa51e07f548ebbb8efcf47f08376fbc to remote] DEBUG org.asynchttpclient.netty.request.NettyRequestSender - Using pooled Channel '[id: 0x38473121, L:/127.0.0.1:54991 - R:localhost/127.0.0.1:8354]' for 'GET' to 'http://localhost:8354/session/2aa51e07f548ebbb8efcf47f08376fbc/element/e3e524d8-ad8e-4740-9fe1-f967fc3e1034/text'
18:26:31.290 [Forwarding getElementText on session 2aa51e07f548ebbb8efcf47f08376fbc to remote] DEBUG org.asynchttpclient.netty.request.NettyRequestSender - Using open Channel [id: 0x38473121, L:/127.0.0.1:54991 - R:localhost/127.0.0.1:8354] for GET '/session/2aa51e07f548ebbb8efcf47f08376fbc/element/e3e524d8-ad8e-4740-9fe1-f967fc3e1034/text'
18:26:31.360 [AsyncHttpClient-1-4] DEBUG org.asynchttpclient.netty.handler.HttpHandler - 

Request DefaultFullHttpRequest(decodeResult: success, version: HTTP/1.1, content: EmptyByteBufBE)
GET /session/2aa51e07f548ebbb8efcf47f08376fbc/element/e3e524d8-ad8e-4740-9fe1-f967fc3e1034/text HTTP/1.1
User-Agent: selenium/4.5.3 (java mac)
Cache-Control: no-cache
Content-Type: application/json; charset=utf-8
host: localhost:8354
accept: */*

Response DefaultHttpResponse(decodeResult: success, version: HTTP/1.1)
HTTP/1.1 200 OK
Content-Length: 72
Content-Type: application/json; charset=utf-8
cache-control: no-cache

18:26:31.360 [AsyncHttpClient-1-4] DEBUG org.asynchttpclient.netty.channel.ChannelManager - Adding key: http://localhost:8354 for channel [id: 0x38473121, L:/127.0.0.1:54991 - R:localhost/127.0.0.1:8354]
18:26:31.361 [Forwarding findChildElement on session 2aa51e07f548ebbb8efcf47f08376fbc to remote] DEBUG org.asynchttpclient.netty.request.NettyRequestSender - Using pooled Channel '[id: 0x38473121, L:/127.0.0.1:54991 - R:localhost/127.0.0.1:8354]' for 'POST' to 'http://localhost:8354/session/2aa51e07f548ebbb8efcf47f08376fbc/element/41458af6-dfa1-4e22-825e-364a4e021649/element'
18:26:31.361 [Forwarding findChildElement on session 2aa51e07f548ebbb8efcf47f08376fbc to remote] DEBUG org.asynchttpclient.netty.request.NettyRequestSender - Using open Channel [id: 0x38473121, L:/127.0.0.1:54991 - R:localhost/127.0.0.1:8354] for POST '/session/2aa51e07f548ebbb8efcf47f08376fbc/element/41458af6-dfa1-4e22-825e-364a4e021649/element'
18:26:31.396 [AsyncHttpClient-1-4] DEBUG org.asynchttpclient.netty.handler.HttpHandler - 

Request DefaultHttpRequest(decodeResult: success, version: HTTP/1.1)
POST /session/2aa51e07f548ebbb8efcf47f08376fbc/element/41458af6-dfa1-4e22-825e-364a4e021649/element HTTP/1.1
User-Agent: selenium/4.5.3 (java mac)
Content-Length: 106
Content-Type: application/json; charset=utf-8
host: localhost:8354
accept: */*

Response DefaultHttpResponse(decodeResult: success, version: HTTP/1.1)
HTTP/1.1 200 OK
Content-Length: 88
Content-Type: application/json; charset=utf-8
cache-control: no-cache

18:26:31.398 [AsyncHttpClient-1-4] DEBUG org.asynchttpclient.netty.channel.ChannelManager - Adding key: http://localhost:8354 for channel [id: 0x38473121, L:/127.0.0.1:54991 - R:localhost/127.0.0.1:8354]
18:26:31.401 [Forwarding getElementText on session 2aa51e07f548ebbb8efcf47f08376fbc to remote] DEBUG org.asynchttpclient.netty.request.NettyRequestSender - Using pooled Channel '[id: 0x38473121, L:/127.0.0.1:54991 - R:localhost/127.0.0.1:8354]' for 'GET' to 'http://localhost:8354/session/2aa51e07f548ebbb8efcf47f08376fbc/element/f5f1621d-8965-4e31-ba8b-32cfeeec21a5/text'
18:26:31.402 [Forwarding getElementText on session 2aa51e07f548ebbb8efcf47f08376fbc to remote] DEBUG org.asynchttpclient.netty.request.NettyRequestSender - Using open Channel [id: 0x38473121, L:/127.0.0.1:54991 - R:localhost/127.0.0.1:8354] for GET '/session/2aa51e07f548ebbb8efcf47f08376fbc/element/f5f1621d-8965-4e31-ba8b-32cfeeec21a5/text'
18:26:31.519 [AsyncHttpClient-1-4] DEBUG org.asynchttpclient.netty.handler.HttpHandler - 

Request DefaultFullHttpRequest(decodeResult: success, version: HTTP/1.1, content: EmptyByteBufBE)
GET /session/2aa51e07f548ebbb8efcf47f08376fbc/element/f5f1621d-8965-4e31-ba8b-32cfeeec21a5/text HTTP/1.1
User-Agent: selenium/4.5.3 (java mac)
Cache-Control: no-cache
Content-Type: application/json; charset=utf-8
host: localhost:8354
accept: */*

Response DefaultHttpResponse(decodeResult: success, version: HTTP/1.1)
HTTP/1.1 200 OK
Content-Length: 19
Content-Type: application/json; charset=utf-8
cache-control: no-cache

18:26:31.519 [AsyncHttpClient-1-4] DEBUG org.asynchttpclient.netty.channel.ChannelManager - Adding key: http://localhost:8354 for channel [id: 0x38473121, L:/127.0.0.1:54991 - R:localhost/127.0.0.1:8354]
18:26:31.521 [Forwarding findChildElement on session 2aa51e07f548ebbb8efcf47f08376fbc to remote] DEBUG org.asynchttpclient.netty.request.NettyRequestSender - Using pooled Channel '[id: 0x38473121, L:/127.0.0.1:54991 - R:localhost/127.0.0.1:8354]' for 'POST' to 'http://localhost:8354/session/2aa51e07f548ebbb8efcf47f08376fbc/element/beb8ade8-2e19-464b-a34e-131fd15f846f/element'
18:26:31.521 [Forwarding findChildElement on session 2aa51e07f548ebbb8efcf47f08376fbc to remote] DEBUG org.asynchttpclient.netty.request.NettyRequestSender - Using open Channel [id: 0x38473121, L:/127.0.0.1:54991 - R:localhost/127.0.0.1:8354] for POST '/session/2aa51e07f548ebbb8efcf47f08376fbc/element/beb8ade8-2e19-464b-a34e-131fd15f846f/element'
18:26:31.535 [AsyncHttpClient-1-4] DEBUG org.asynchttpclient.netty.handler.HttpHandler - 

Request DefaultHttpRequest(decodeResult: success, version: HTTP/1.1)
POST /session/2aa51e07f548ebbb8efcf47f08376fbc/element/beb8ade8-2e19-464b-a34e-131fd15f846f/element HTTP/1.1
User-Agent: selenium/4.5.3 (java mac)
Content-Length: 106
Content-Type: application/json; charset=utf-8
host: localhost:8354
accept: */*

Response DefaultHttpResponse(decodeResult: success, version: HTTP/1.1)
HTTP/1.1 200 OK
Content-Length: 88
Content-Type: application/json; charset=utf-8
cache-control: no-cache

18:26:31.536 [AsyncHttpClient-1-4] DEBUG org.asynchttpclient.netty.channel.ChannelManager - Adding key: http://localhost:8354 for channel [id: 0x38473121, L:/127.0.0.1:54991 - R:localhost/127.0.0.1:8354]
18:26:31.537 [Forwarding getElementText on session 2aa51e07f548ebbb8efcf47f08376fbc to remote] DEBUG org.asynchttpclient.netty.request.NettyRequestSender - Using pooled Channel '[id: 0x38473121, L:/127.0.0.1:54991 - R:localhost/127.0.0.1:8354]' for 'GET' to 'http://localhost:8354/session/2aa51e07f548ebbb8efcf47f08376fbc/element/705689dd-fb79-49b6-9b93-575f146e1b57/text'
18:26:31.537 [Forwarding getElementText on session 2aa51e07f548ebbb8efcf47f08376fbc to remote] DEBUG org.asynchttpclient.netty.request.NettyRequestSender - Using open Channel [id: 0x38473121, L:/127.0.0.1:54991 - R:localhost/127.0.0.1:8354] for GET '/session/2aa51e07f548ebbb8efcf47f08376fbc/element/705689dd-fb79-49b6-9b93-575f146e1b57/text'
18:26:31.744 [AsyncHttpClient-1-4] DEBUG org.asynchttpclient.netty.handler.HttpHandler - 

Request DefaultFullHttpRequest(decodeResult: success, version: HTTP/1.1, content: EmptyByteBufBE)
GET /session/2aa51e07f548ebbb8efcf47f08376fbc/element/705689dd-fb79-49b6-9b93-575f146e1b57/text HTTP/1.1
User-Agent: selenium/4.5.3 (java mac)
Cache-Control: no-cache
Content-Type: application/json; charset=utf-8
host: localhost:8354
accept: */*

Response DefaultHttpResponse(decodeResult: success, version: HTTP/1.1)
HTTP/1.1 200 OK
Content-Length: 91
Content-Type: application/json; charset=utf-8
cache-control: no-cache

18:26:31.744 [AsyncHttpClient-1-4] DEBUG org.asynchttpclient.netty.channel.ChannelManager - Adding key: http://localhost:8354 for channel [id: 0x38473121, L:/127.0.0.1:54991 - R:localhost/127.0.0.1:8354]
18:26:31.745 [Forwarding findChildElement on session 2aa51e07f548ebbb8efcf47f08376fbc to remote] DEBUG org.asynchttpclient.netty.request.NettyRequestSender - Using pooled Channel '[id: 0x38473121, L:/127.0.0.1:54991 - R:localhost/127.0.0.1:8354]' for 'POST' to 'http://localhost:8354/session/2aa51e07f548ebbb8efcf47f08376fbc/element/beb8ade8-2e19-464b-a34e-131fd15f846f/element'
18:26:31.746 [Forwarding findChildElement on session 2aa51e07f548ebbb8efcf47f08376fbc to remote] DEBUG org.asynchttpclient.netty.request.NettyRequestSender - Using open Channel [id: 0x38473121, L:/127.0.0.1:54991 - R:localhost/127.0.0.1:8354] for POST '/session/2aa51e07f548ebbb8efcf47f08376fbc/element/beb8ade8-2e19-464b-a34e-131fd15f846f/element'
18:26:31.806 [AsyncHttpClient-1-4] DEBUG org.asynchttpclient.netty.handler.HttpHandler - 

Request DefaultHttpRequest(decodeResult: success, version: HTTP/1.1)
POST /session/2aa51e07f548ebbb8efcf47f08376fbc/element/beb8ade8-2e19-464b-a34e-131fd15f846f/element HTTP/1.1
User-Agent: selenium/4.5.3 (java mac)
Content-Length: 106
Content-Type: application/json; charset=utf-8
host: localhost:8354
accept: */*

Response DefaultHttpResponse(decodeResult: success, version: HTTP/1.1)
HTTP/1.1 200 OK
Content-Length: 88
Content-Type: application/json; charset=utf-8
cache-control: no-cache

18:26:31.807 [AsyncHttpClient-1-4] DEBUG org.asynchttpclient.netty.channel.ChannelManager - Adding key: http://localhost:8354 for channel [id: 0x38473121, L:/127.0.0.1:54991 - R:localhost/127.0.0.1:8354]
18:26:31.807 [Forwarding getElementText on session 2aa51e07f548ebbb8efcf47f08376fbc to remote] DEBUG org.asynchttpclient.netty.request.NettyRequestSender - Using pooled Channel '[id: 0x38473121, L:/127.0.0.1:54991 - R:localhost/127.0.0.1:8354]' for 'GET' to 'http://localhost:8354/session/2aa51e07f548ebbb8efcf47f08376fbc/element/861caf28-1c22-4971-acbf-8767c397bb3d/text'
18:26:31.808 [Forwarding getElementText on session 2aa51e07f548ebbb8efcf47f08376fbc to remote] DEBUG org.asynchttpclient.netty.request.NettyRequestSender - Using open Channel [id: 0x38473121, L:/127.0.0.1:54991 - R:localhost/127.0.0.1:8354] for GET '/session/2aa51e07f548ebbb8efcf47f08376fbc/element/861caf28-1c22-4971-acbf-8767c397bb3d/text'
18:26:31.900 [AsyncHttpClient-1-4] DEBUG org.asynchttpclient.netty.handler.HttpHandler - 

Request DefaultFullHttpRequest(decodeResult: success, version: HTTP/1.1, content: EmptyByteBufBE)
GET /session/2aa51e07f548ebbb8efcf47f08376fbc/element/861caf28-1c22-4971-acbf-8767c397bb3d/text HTTP/1.1
User-Agent: selenium/4.5.3 (java mac)
Cache-Control: no-cache
Content-Type: application/json; charset=utf-8
host: localhost:8354
accept: */*

Response DefaultHttpResponse(decodeResult: success, version: HTTP/1.1)
HTTP/1.1 200 OK
Content-Length: 19
Content-Type: application/json; charset=utf-8
cache-control: no-cache

18:26:31.900 [AsyncHttpClient-1-4] DEBUG org.asynchttpclient.netty.channel.ChannelManager - Adding key: http://localhost:8354 for channel [id: 0x38473121, L:/127.0.0.1:54991 - R:localhost/127.0.0.1:8354]
18:26:31.903 [Forwarding findChildElement on session 2aa51e07f548ebbb8efcf47f08376fbc to remote] DEBUG org.asynchttpclient.netty.request.NettyRequestSender - Using pooled Channel '[id: 0x38473121, L:/127.0.0.1:54991 - R:localhost/127.0.0.1:8354]' for 'POST' to 'http://localhost:8354/session/2aa51e07f548ebbb8efcf47f08376fbc/element/f0647d2c-3d95-4a96-83fb-14be64ce9eb6/element'
18:26:31.903 [Forwarding findChildElement on session 2aa51e07f548ebbb8efcf47f08376fbc to remote] DEBUG org.asynchttpclient.netty.request.NettyRequestSender - Using open Channel [id: 0x38473121, L:/127.0.0.1:54991 - R:localhost/127.0.0.1:8354] for POST '/session/2aa51e07f548ebbb8efcf47f08376fbc/element/f0647d2c-3d95-4a96-83fb-14be64ce9eb6/element'
18:26:31.920 [AsyncHttpClient-1-4] DEBUG org.asynchttpclient.netty.handler.HttpHandler - 

Request DefaultHttpRequest(decodeResult: success, version: HTTP/1.1)
POST /session/2aa51e07f548ebbb8efcf47f08376fbc/element/f0647d2c-3d95-4a96-83fb-14be64ce9eb6/element HTTP/1.1
User-Agent: selenium/4.5.3 (java mac)
Content-Length: 106
Content-Type: application/json; charset=utf-8
host: localhost:8354
accept: */*

Response DefaultHttpResponse(decodeResult: success, version: HTTP/1.1)
HTTP/1.1 200 OK
Content-Length: 88
Content-Type: application/json; charset=utf-8
cache-control: no-cache

18:26:31.920 [AsyncHttpClient-1-4] DEBUG org.asynchttpclient.netty.channel.ChannelManager - Adding key: http://localhost:8354 for channel [id: 0x38473121, L:/127.0.0.1:54991 - R:localhost/127.0.0.1:8354]
18:26:31.921 [Forwarding getElementText on session 2aa51e07f548ebbb8efcf47f08376fbc to remote] DEBUG org.asynchttpclient.netty.request.NettyRequestSender - Using pooled Channel '[id: 0x38473121, L:/127.0.0.1:54991 - R:localhost/127.0.0.1:8354]' for 'GET' to 'http://localhost:8354/session/2aa51e07f548ebbb8efcf47f08376fbc/element/45d4ab81-3e70-425b-9f5c-f60a1cd4158f/text'
18:26:31.921 [Forwarding getElementText on session 2aa51e07f548ebbb8efcf47f08376fbc to remote] DEBUG org.asynchttpclient.netty.request.NettyRequestSender - Using open Channel [id: 0x38473121, L:/127.0.0.1:54991 - R:localhost/127.0.0.1:8354] for GET '/session/2aa51e07f548ebbb8efcf47f08376fbc/element/45d4ab81-3e70-425b-9f5c-f60a1cd4158f/text'
18:26:31.957 [AsyncHttpClient-1-4] DEBUG org.asynchttpclient.netty.handler.HttpHandler - 

Request DefaultFullHttpRequest(decodeResult: success, version: HTTP/1.1, content: EmptyByteBufBE)
GET /session/2aa51e07f548ebbb8efcf47f08376fbc/element/45d4ab81-3e70-425b-9f5c-f60a1cd4158f/text HTTP/1.1
User-Agent: selenium/4.5.3 (java mac)
Cache-Control: no-cache
Content-Type: application/json; charset=utf-8
host: localhost:8354
accept: */*

Response DefaultHttpResponse(decodeResult: success, version: HTTP/1.1)
HTTP/1.1 200 OK
Content-Length: 91
Content-Type: application/json; charset=utf-8
cache-control: no-cache

18:26:31.957 [AsyncHttpClient-1-4] DEBUG org.asynchttpclient.netty.channel.ChannelManager - Adding key: http://localhost:8354 for channel [id: 0x38473121, L:/127.0.0.1:54991 - R:localhost/127.0.0.1:8354]
18:26:31.959 [Forwarding findChildElement on session 2aa51e07f548ebbb8efcf47f08376fbc to remote] DEBUG org.asynchttpclient.netty.request.NettyRequestSender - Using pooled Channel '[id: 0x38473121, L:/127.0.0.1:54991 - R:localhost/127.0.0.1:8354]' for 'POST' to 'http://localhost:8354/session/2aa51e07f548ebbb8efcf47f08376fbc/element/f0647d2c-3d95-4a96-83fb-14be64ce9eb6/element'
18:26:31.959 [Forwarding findChildElement on session 2aa51e07f548ebbb8efcf47f08376fbc to remote] DEBUG org.asynchttpclient.netty.request.NettyRequestSender - Using open Channel [id: 0x38473121, L:/127.0.0.1:54991 - R:localhost/127.0.0.1:8354] for POST '/session/2aa51e07f548ebbb8efcf47f08376fbc/element/f0647d2c-3d95-4a96-83fb-14be64ce9eb6/element'
18:26:31.977 [AsyncHttpClient-1-4] DEBUG org.asynchttpclient.netty.handler.HttpHandler - 

Request DefaultHttpRequest(decodeResult: success, version: HTTP/1.1)
POST /session/2aa51e07f548ebbb8efcf47f08376fbc/element/f0647d2c-3d95-4a96-83fb-14be64ce9eb6/element HTTP/1.1
User-Agent: selenium/4.5.3 (java mac)
Content-Length: 106
Content-Type: application/json; charset=utf-8
host: localhost:8354
accept: */*

Response DefaultHttpResponse(decodeResult: success, version: HTTP/1.1)
HTTP/1.1 200 OK
Content-Length: 88
Content-Type: application/json; charset=utf-8
cache-control: no-cache

18:26:31.977 [AsyncHttpClient-1-4] DEBUG org.asynchttpclient.netty.channel.ChannelManager - Adding key: http://localhost:8354 for channel [id: 0x38473121, L:/127.0.0.1:54991 - R:localhost/127.0.0.1:8354]
18:26:31.979 [Forwarding getElementText on session 2aa51e07f548ebbb8efcf47f08376fbc to remote] DEBUG org.asynchttpclient.netty.request.NettyRequestSender - Using pooled Channel '[id: 0x38473121, L:/127.0.0.1:54991 - R:localhost/127.0.0.1:8354]' for 'GET' to 'http://localhost:8354/session/2aa51e07f548ebbb8efcf47f08376fbc/element/b386fcf7-02c9-4219-8f8e-a9ea5366a2e2/text'
18:26:31.979 [Forwarding getElementText on session 2aa51e07f548ebbb8efcf47f08376fbc to remote] DEBUG org.asynchttpclient.netty.request.NettyRequestSender - Using open Channel [id: 0x38473121, L:/127.0.0.1:54991 - R:localhost/127.0.0.1:8354] for GET '/session/2aa51e07f548ebbb8efcf47f08376fbc/element/b386fcf7-02c9-4219-8f8e-a9ea5366a2e2/text'
18:26:31.994 [AsyncHttpClient-1-4] DEBUG org.asynchttpclient.netty.handler.HttpHandler - 

Request DefaultFullHttpRequest(decodeResult: success, version: HTTP/1.1, content: EmptyByteBufBE)
GET /session/2aa51e07f548ebbb8efcf47f08376fbc/element/b386fcf7-02c9-4219-8f8e-a9ea5366a2e2/text HTTP/1.1
User-Agent: selenium/4.5.3 (java mac)
Cache-Control: no-cache
Content-Type: application/json; charset=utf-8
host: localhost:8354
accept: */*

Response DefaultHttpResponse(decodeResult: success, version: HTTP/1.1)
HTTP/1.1 200 OK
Content-Length: 19
Content-Type: application/json; charset=utf-8
cache-control: no-cache

18:26:31.994 [AsyncHttpClient-1-4] DEBUG org.asynchttpclient.netty.channel.ChannelManager - Adding key: http://localhost:8354 for channel [id: 0x38473121, L:/127.0.0.1:54991 - R:localhost/127.0.0.1:8354]
18:26:31.996 [Forwarding findChildElement on session 2aa51e07f548ebbb8efcf47f08376fbc to remote] DEBUG org.asynchttpclient.netty.request.NettyRequestSender - Using pooled Channel '[id: 0x38473121, L:/127.0.0.1:54991 - R:localhost/127.0.0.1:8354]' for 'POST' to 'http://localhost:8354/session/2aa51e07f548ebbb8efcf47f08376fbc/element/2fd45fd5-49f8-4a73-8aae-c16183bf7111/element'
18:26:31.996 [Forwarding findChildElement on session 2aa51e07f548ebbb8efcf47f08376fbc to remote] DEBUG org.asynchttpclient.netty.request.NettyRequestSender - Using open Channel [id: 0x38473121, L:/127.0.0.1:54991 - R:localhost/127.0.0.1:8354] for POST '/session/2aa51e07f548ebbb8efcf47f08376fbc/element/2fd45fd5-49f8-4a73-8aae-c16183bf7111/element'
18:26:32.112 [AsyncHttpClient-1-1] DEBUG org.asynchttpclient.netty.channel.DefaultChannelPool - Entry count for : http://localhost:54992 : 1
18:26:32.112 [AsyncHttpClient-1-1] DEBUG org.asynchttpclient.netty.channel.DefaultChannelPool - Entry count for : http://localhost:7078 : 1
18:26:32.112 [AsyncHttpClient-1-1] DEBUG org.asynchttpclient.netty.channel.DefaultChannelPool - Adding Candidate expired Channel [id: 0x8a45a90c, L:/127.0.0.1:54823 - R:localhost/127.0.0.1:7078] isIdleTimeoutExpired=true isRemotelyClosed=false isTtlExpired=false
18:26:32.112 [AsyncHttpClient-1-1] DEBUG org.asynchttpclient.netty.channel.DefaultChannelPool - Closing Idle Channel [id: 0x8a45a90c, L:/127.0.0.1:54823 - R:localhost/127.0.0.1:7078]
18:26:32.112 [AsyncHttpClient-1-1] DEBUG org.asynchttpclient.netty.channel.DefaultChannelPool - Closed 1 connections out of 2 in 0 ms
18:26:32.115 [AsyncHttpClient-1-9] DEBUG org.asynchttpclient.netty.handler.HttpHandler - Channel Closed: [id: 0x8a45a90c, L:/127.0.0.1:54823 ! R:localhost/127.0.0.1:7078] with attribute DISCARD
18:26:32.242 [AsyncHttpClient-1-4] DEBUG org.asynchttpclient.netty.handler.HttpHandler - 

Request DefaultHttpRequest(decodeResult: success, version: HTTP/1.1)
POST /session/2aa51e07f548ebbb8efcf47f08376fbc/element/2fd45fd5-49f8-4a73-8aae-c16183bf7111/element HTTP/1.1
User-Agent: selenium/4.5.3 (java mac)
Content-Length: 106
Content-Type: application/json; charset=utf-8
host: localhost:8354
accept: */*

Response DefaultHttpResponse(decodeResult: success, version: HTTP/1.1)
HTTP/1.1 200 OK
Content-Length: 88
Content-Type: application/json; charset=utf-8
cache-control: no-cache

18:26:32.249 [AsyncHttpClient-1-4] DEBUG org.asynchttpclient.netty.channel.ChannelManager - Adding key: http://localhost:8354 for channel [id: 0x38473121, L:/127.0.0.1:54991 - R:localhost/127.0.0.1:8354]
18:26:32.250 [Forwarding getElementText on session 2aa51e07f548ebbb8efcf47f08376fbc to remote] DEBUG org.asynchttpclient.netty.request.NettyRequestSender - Using pooled Channel '[id: 0x38473121, L:/127.0.0.1:54991 - R:localhost/127.0.0.1:8354]' for 'GET' to 'http://localhost:8354/session/2aa51e07f548ebbb8efcf47f08376fbc/element/364e567a-9999-4352-bef2-85abb8fddc8d/text'
18:26:32.250 [Forwarding getElementText on session 2aa51e07f548ebbb8efcf47f08376fbc to remote] DEBUG org.asynchttpclient.netty.request.NettyRequestSender - Using open Channel [id: 0x38473121, L:/127.0.0.1:54991 - R:localhost/127.0.0.1:8354] for GET '/session/2aa51e07f548ebbb8efcf47f08376fbc/element/364e567a-9999-4352-bef2-85abb8fddc8d/text'
18:26:32.284 [AsyncHttpClient-1-4] DEBUG org.asynchttpclient.netty.handler.HttpHandler - 

Request DefaultFullHttpRequest(decodeResult: success, version: HTTP/1.1, content: EmptyByteBufBE)
GET /session/2aa51e07f548ebbb8efcf47f08376fbc/element/364e567a-9999-4352-bef2-85abb8fddc8d/text HTTP/1.1
User-Agent: selenium/4.5.3 (java mac)
Cache-Control: no-cache
Content-Type: application/json; charset=utf-8
host: localhost:8354
accept: */*

Response DefaultHttpResponse(decodeResult: success, version: HTTP/1.1)
HTTP/1.1 200 OK
Content-Length: 81
Content-Type: application/json; charset=utf-8
cache-control: no-cache

18:26:32.285 [AsyncHttpClient-1-4] DEBUG org.asynchttpclient.netty.channel.ChannelManager - Adding key: http://localhost:8354 for channel [id: 0x38473121, L:/127.0.0.1:54991 - R:localhost/127.0.0.1:8354]
18:26:32.290 [Forwarding findChildElement on session 2aa51e07f548ebbb8efcf47f08376fbc to remote] DEBUG org.asynchttpclient.netty.request.NettyRequestSender - Using pooled Channel '[id: 0x38473121, L:/127.0.0.1:54991 - R:localhost/127.0.0.1:8354]' for 'POST' to 'http://localhost:8354/session/2aa51e07f548ebbb8efcf47f08376fbc/element/2fd45fd5-49f8-4a73-8aae-c16183bf7111/element'
18:26:32.291 [Forwarding findChildElement on session 2aa51e07f548ebbb8efcf47f08376fbc to remote] DEBUG org.asynchttpclient.netty.request.NettyRequestSender - Using open Channel [id: 0x38473121, L:/127.0.0.1:54991 - R:localhost/127.0.0.1:8354] for POST '/session/2aa51e07f548ebbb8efcf47f08376fbc/element/2fd45fd5-49f8-4a73-8aae-c16183bf7111/element'
18:26:32.308 [AsyncHttpClient-1-4] DEBUG org.asynchttpclient.netty.handler.HttpHandler - 

Request DefaultHttpRequest(decodeResult: success, version: HTTP/1.1)
POST /session/2aa51e07f548ebbb8efcf47f08376fbc/element/2fd45fd5-49f8-4a73-8aae-c16183bf7111/element HTTP/1.1
User-Agent: selenium/4.5.3 (java mac)
Content-Length: 106
Content-Type: application/json; charset=utf-8
host: localhost:8354
accept: */*

Response DefaultHttpResponse(decodeResult: success, version: HTTP/1.1)
HTTP/1.1 200 OK
Content-Length: 88
Content-Type: application/json; charset=utf-8
cache-control: no-cache

18:26:32.310 [AsyncHttpClient-1-4] DEBUG org.asynchttpclient.netty.channel.ChannelManager - Adding key: http://localhost:8354 for channel [id: 0x38473121, L:/127.0.0.1:54991 - R:localhost/127.0.0.1:8354]
18:26:32.311 [Forwarding getElementText on session 2aa51e07f548ebbb8efcf47f08376fbc to remote] DEBUG org.asynchttpclient.netty.request.NettyRequestSender - Using pooled Channel '[id: 0x38473121, L:/127.0.0.1:54991 - R:localhost/127.0.0.1:8354]' for 'GET' to 'http://localhost:8354/session/2aa51e07f548ebbb8efcf47f08376fbc/element/6c057b55-7e46-4276-b429-8e4e38310c79/text'
18:26:32.311 [Forwarding getElementText on session 2aa51e07f548ebbb8efcf47f08376fbc to remote] DEBUG org.asynchttpclient.netty.request.NettyRequestSender - Using open Channel [id: 0x38473121, L:/127.0.0.1:54991 - R:localhost/127.0.0.1:8354] for GET '/session/2aa51e07f548ebbb8efcf47f08376fbc/element/6c057b55-7e46-4276-b429-8e4e38310c79/text'
18:26:32.441 [AsyncHttpClient-1-4] DEBUG org.asynchttpclient.netty.handler.HttpHandler - 

Request DefaultFullHttpRequest(decodeResult: success, version: HTTP/1.1, content: EmptyByteBufBE)
GET /session/2aa51e07f548ebbb8efcf47f08376fbc/element/6c057b55-7e46-4276-b429-8e4e38310c79/text HTTP/1.1
User-Agent: selenium/4.5.3 (java mac)
Cache-Control: no-cache
Content-Type: application/json; charset=utf-8
host: localhost:8354
accept: */*

Response DefaultHttpResponse(decodeResult: success, version: HTTP/1.1)
HTTP/1.1 200 OK
Content-Length: 19
Content-Type: application/json; charset=utf-8
cache-control: no-cache

18:26:32.441 [AsyncHttpClient-1-4] DEBUG org.asynchttpclient.netty.channel.ChannelManager - Adding key: http://localhost:8354 for channel [id: 0x38473121, L:/127.0.0.1:54991 - R:localhost/127.0.0.1:8354]
18:26:32.445 [Forwarding findChildElement on session 2aa51e07f548ebbb8efcf47f08376fbc to remote] DEBUG org.asynchttpclient.netty.request.NettyRequestSender - Using pooled Channel '[id: 0x38473121, L:/127.0.0.1:54991 - R:localhost/127.0.0.1:8354]' for 'POST' to 'http://localhost:8354/session/2aa51e07f548ebbb8efcf47f08376fbc/element/f67a71ef-ac74-4bea-a801-b1d411dc5bca/element'
18:26:32.445 [Forwarding findChildElement on session 2aa51e07f548ebbb8efcf47f08376fbc to remote] DEBUG org.asynchttpclient.netty.request.NettyRequestSender - Using open Channel [id: 0x38473121, L:/127.0.0.1:54991 - R:localhost/127.0.0.1:8354] for POST '/session/2aa51e07f548ebbb8efcf47f08376fbc/element/f67a71ef-ac74-4bea-a801-b1d411dc5bca/element'
18:26:32.493 [AsyncHttpClient-1-4] DEBUG org.asynchttpclient.netty.handler.HttpHandler - 

Request DefaultHttpRequest(decodeResult: success, version: HTTP/1.1)
POST /session/2aa51e07f548ebbb8efcf47f08376fbc/element/f67a71ef-ac74-4bea-a801-b1d411dc5bca/element HTTP/1.1
User-Agent: selenium/4.5.3 (java mac)
Content-Length: 106
Content-Type: application/json; charset=utf-8
host: localhost:8354
accept: */*

Response DefaultHttpResponse(decodeResult: success, version: HTTP/1.1)
HTTP/1.1 200 OK
Content-Length: 88
Content-Type: application/json; charset=utf-8
cache-control: no-cache

18:26:32.493 [AsyncHttpClient-1-4] DEBUG org.asynchttpclient.netty.channel.ChannelManager - Adding key: http://localhost:8354 for channel [id: 0x38473121, L:/127.0.0.1:54991 - R:localhost/127.0.0.1:8354]
18:26:32.494 [Forwarding getElementText on session 2aa51e07f548ebbb8efcf47f08376fbc to remote] DEBUG org.asynchttpclient.netty.request.NettyRequestSender - Using pooled Channel '[id: 0x38473121, L:/127.0.0.1:54991 - R:localhost/127.0.0.1:8354]' for 'GET' to 'http://localhost:8354/session/2aa51e07f548ebbb8efcf47f08376fbc/element/973aa8f2-0763-40f9-8254-0838e47df392/text'
18:26:32.494 [Forwarding getElementText on session 2aa51e07f548ebbb8efcf47f08376fbc to remote] DEBUG org.asynchttpclient.netty.request.NettyRequestSender - Using open Channel [id: 0x38473121, L:/127.0.0.1:54991 - R:localhost/127.0.0.1:8354] for GET '/session/2aa51e07f548ebbb8efcf47f08376fbc/element/973aa8f2-0763-40f9-8254-0838e47df392/text'
18:26:32.538 [AsyncHttpClient-1-4] DEBUG org.asynchttpclient.netty.handler.HttpHandler - 

Request DefaultFullHttpRequest(decodeResult: success, version: HTTP/1.1, content: EmptyByteBufBE)
GET /session/2aa51e07f548ebbb8efcf47f08376fbc/element/973aa8f2-0763-40f9-8254-0838e47df392/text HTTP/1.1
User-Agent: selenium/4.5.3 (java mac)
Cache-Control: no-cache
Content-Type: application/json; charset=utf-8
host: localhost:8354
accept: */*

Response DefaultHttpResponse(decodeResult: success, version: HTTP/1.1)
HTTP/1.1 200 OK
Content-Length: 66
Content-Type: application/json; charset=utf-8
cache-control: no-cache

18:26:32.538 [AsyncHttpClient-1-4] DEBUG org.asynchttpclient.netty.channel.ChannelManager - Adding key: http://localhost:8354 for channel [id: 0x38473121, L:/127.0.0.1:54991 - R:localhost/127.0.0.1:8354]
18:26:32.553 [Forwarding findChildElement on session 2aa51e07f548ebbb8efcf47f08376fbc to remote] DEBUG org.asynchttpclient.netty.request.NettyRequestSender - Using pooled Channel '[id: 0x38473121, L:/127.0.0.1:54991 - R:localhost/127.0.0.1:8354]' for 'POST' to 'http://localhost:8354/session/2aa51e07f548ebbb8efcf47f08376fbc/element/f67a71ef-ac74-4bea-a801-b1d411dc5bca/element'
18:26:32.553 [Forwarding findChildElement on session 2aa51e07f548ebbb8efcf47f08376fbc to remote] DEBUG org.asynchttpclient.netty.request.NettyRequestSender - Using open Channel [id: 0x38473121, L:/127.0.0.1:54991 - R:localhost/127.0.0.1:8354] for POST '/session/2aa51e07f548ebbb8efcf47f08376fbc/element/f67a71ef-ac74-4bea-a801-b1d411dc5bca/element'
18:26:32.613 [AsyncHttpClient-1-4] DEBUG org.asynchttpclient.netty.handler.HttpHandler - 

Request DefaultHttpRequest(decodeResult: success, version: HTTP/1.1)
POST /session/2aa51e07f548ebbb8efcf47f08376fbc/element/f67a71ef-ac74-4bea-a801-b1d411dc5bca/element HTTP/1.1
User-Agent: selenium/4.5.3 (java mac)
Content-Length: 106
Content-Type: application/json; charset=utf-8
host: localhost:8354
accept: */*

Response DefaultHttpResponse(decodeResult: success, version: HTTP/1.1)
HTTP/1.1 200 OK
Content-Length: 88
Content-Type: application/json; charset=utf-8
cache-control: no-cache

18:26:32.613 [AsyncHttpClient-1-4] DEBUG org.asynchttpclient.netty.channel.ChannelManager - Adding key: http://localhost:8354 for channel [id: 0x38473121, L:/127.0.0.1:54991 - R:localhost/127.0.0.1:8354]
18:26:32.614 [Forwarding getElementText on session 2aa51e07f548ebbb8efcf47f08376fbc to remote] DEBUG org.asynchttpclient.netty.request.NettyRequestSender - Using pooled Channel '[id: 0x38473121, L:/127.0.0.1:54991 - R:localhost/127.0.0.1:8354]' for 'GET' to 'http://localhost:8354/session/2aa51e07f548ebbb8efcf47f08376fbc/element/051a6a7a-7f3e-4bc2-98c2-6fea93f11a2a/text'
18:26:32.615 [Forwarding getElementText on session 2aa51e07f548ebbb8efcf47f08376fbc to remote] DEBUG org.asynchttpclient.netty.request.NettyRequestSender - Using open Channel [id: 0x38473121, L:/127.0.0.1:54991 - R:localhost/127.0.0.1:8354] for GET '/session/2aa51e07f548ebbb8efcf47f08376fbc/element/051a6a7a-7f3e-4bc2-98c2-6fea93f11a2a/text'
18:26:32.663 [AsyncHttpClient-1-4] DEBUG org.asynchttpclient.netty.handler.HttpHandler - 

Request DefaultFullHttpRequest(decodeResult: success, version: HTTP/1.1, content: EmptyByteBufBE)
GET /session/2aa51e07f548ebbb8efcf47f08376fbc/element/051a6a7a-7f3e-4bc2-98c2-6fea93f11a2a/text HTTP/1.1
User-Agent: selenium/4.5.3 (java mac)
Cache-Control: no-cache
Content-Type: application/json; charset=utf-8
host: localhost:8354
accept: */*

Response DefaultHttpResponse(decodeResult: success, version: HTTP/1.1)
HTTP/1.1 200 OK
Content-Length: 19
Content-Type: application/json; charset=utf-8
cache-control: no-cache

18:26:32.663 [AsyncHttpClient-1-4] DEBUG org.asynchttpclient.netty.channel.ChannelManager - Adding key: http://localhost:8354 for channel [id: 0x38473121, L:/127.0.0.1:54991 - R:localhost/127.0.0.1:8354]
18:26:32.665 [Forwarding findChildElement on session 2aa51e07f548ebbb8efcf47f08376fbc to remote] DEBUG org.asynchttpclient.netty.request.NettyRequestSender - Using pooled Channel '[id: 0x38473121, L:/127.0.0.1:54991 - R:localhost/127.0.0.1:8354]' for 'POST' to 'http://localhost:8354/session/2aa51e07f548ebbb8efcf47f08376fbc/element/3073f248-d1cc-40db-a162-cf2fec9a3fa4/element'
18:26:32.666 [Forwarding findChildElement on session 2aa51e07f548ebbb8efcf47f08376fbc to remote] DEBUG org.asynchttpclient.netty.request.NettyRequestSender - Using open Channel [id: 0x38473121, L:/127.0.0.1:54991 - R:localhost/127.0.0.1:8354] for POST '/session/2aa51e07f548ebbb8efcf47f08376fbc/element/3073f248-d1cc-40db-a162-cf2fec9a3fa4/element'
18:26:32.685 [AsyncHttpClient-1-4] DEBUG org.asynchttpclient.netty.handler.HttpHandler - 

Request DefaultHttpRequest(decodeResult: success, version: HTTP/1.1)
POST /session/2aa51e07f548ebbb8efcf47f08376fbc/element/3073f248-d1cc-40db-a162-cf2fec9a3fa4/element HTTP/1.1
User-Agent: selenium/4.5.3 (java mac)
Content-Length: 106
Content-Type: application/json; charset=utf-8
host: localhost:8354
accept: */*

Response DefaultHttpResponse(decodeResult: success, version: HTTP/1.1)
HTTP/1.1 200 OK
Content-Length: 88
Content-Type: application/json; charset=utf-8
cache-control: no-cache

18:26:32.686 [AsyncHttpClient-1-4] DEBUG org.asynchttpclient.netty.channel.ChannelManager - Adding key: http://localhost:8354 for channel [id: 0x38473121, L:/127.0.0.1:54991 - R:localhost/127.0.0.1:8354]
18:26:32.690 [Forwarding getElementText on session 2aa51e07f548ebbb8efcf47f08376fbc to remote] DEBUG org.asynchttpclient.netty.request.NettyRequestSender - Using pooled Channel '[id: 0x38473121, L:/127.0.0.1:54991 - R:localhost/127.0.0.1:8354]' for 'GET' to 'http://localhost:8354/session/2aa51e07f548ebbb8efcf47f08376fbc/element/b5325c06-c31d-4975-9aad-9c544cdbbf46/text'
18:26:32.690 [Forwarding getElementText on session 2aa51e07f548ebbb8efcf47f08376fbc to remote] DEBUG org.asynchttpclient.netty.request.NettyRequestSender - Using open Channel [id: 0x38473121, L:/127.0.0.1:54991 - R:localhost/127.0.0.1:8354] for GET '/session/2aa51e07f548ebbb8efcf47f08376fbc/element/b5325c06-c31d-4975-9aad-9c544cdbbf46/text'
18:26:32.722 [AsyncHttpClient-1-4] DEBUG org.asynchttpclient.netty.handler.HttpHandler - 

Request DefaultFullHttpRequest(decodeResult: success, version: HTTP/1.1, content: EmptyByteBufBE)
GET /session/2aa51e07f548ebbb8efcf47f08376fbc/element/b5325c06-c31d-4975-9aad-9c544cdbbf46/text HTTP/1.1
User-Agent: selenium/4.5.3 (java mac)
Cache-Control: no-cache
Content-Type: application/json; charset=utf-8
host: localhost:8354
accept: */*

Response DefaultHttpResponse(decodeResult: success, version: HTTP/1.1)
HTTP/1.1 200 OK
Content-Length: 80
Content-Type: application/json; charset=utf-8
cache-control: no-cache

18:26:32.722 [AsyncHttpClient-1-4] DEBUG org.asynchttpclient.netty.channel.ChannelManager - Adding key: http://localhost:8354 for channel [id: 0x38473121, L:/127.0.0.1:54991 - R:localhost/127.0.0.1:8354]
18:26:32.725 [Forwarding findChildElement on session 2aa51e07f548ebbb8efcf47f08376fbc to remote] DEBUG org.asynchttpclient.netty.request.NettyRequestSender - Using pooled Channel '[id: 0x38473121, L:/127.0.0.1:54991 - R:localhost/127.0.0.1:8354]' for 'POST' to 'http://localhost:8354/session/2aa51e07f548ebbb8efcf47f08376fbc/element/3073f248-d1cc-40db-a162-cf2fec9a3fa4/element'
18:26:32.725 [Forwarding findChildElement on session 2aa51e07f548ebbb8efcf47f08376fbc to remote] DEBUG org.asynchttpclient.netty.request.NettyRequestSender - Using open Channel [id: 0x38473121, L:/127.0.0.1:54991 - R:localhost/127.0.0.1:8354] for POST '/session/2aa51e07f548ebbb8efcf47f08376fbc/element/3073f248-d1cc-40db-a162-cf2fec9a3fa4/element'
18:26:32.739 [AsyncHttpClient-1-4] DEBUG org.asynchttpclient.netty.handler.HttpHandler - 

Request DefaultHttpRequest(decodeResult: success, version: HTTP/1.1)
POST /session/2aa51e07f548ebbb8efcf47f08376fbc/element/3073f248-d1cc-40db-a162-cf2fec9a3fa4/element HTTP/1.1
User-Agent: selenium/4.5.3 (java mac)
Content-Length: 106
Content-Type: application/json; charset=utf-8
host: localhost:8354
accept: */*

Response DefaultHttpResponse(decodeResult: success, version: HTTP/1.1)
HTTP/1.1 200 OK
Content-Length: 88
Content-Type: application/json; charset=utf-8
cache-control: no-cache

18:26:32.739 [AsyncHttpClient-1-4] DEBUG org.asynchttpclient.netty.channel.ChannelManager - Adding key: http://localhost:8354 for channel [id: 0x38473121, L:/127.0.0.1:54991 - R:localhost/127.0.0.1:8354]
18:26:32.740 [Forwarding getElementText on session 2aa51e07f548ebbb8efcf47f08376fbc to remote] DEBUG org.asynchttpclient.netty.request.NettyRequestSender - Using pooled Channel '[id: 0x38473121, L:/127.0.0.1:54991 - R:localhost/127.0.0.1:8354]' for 'GET' to 'http://localhost:8354/session/2aa51e07f548ebbb8efcf47f08376fbc/element/9e89c297-cb78-445a-be2f-55d5b6cdcd08/text'
18:26:32.740 [Forwarding getElementText on session 2aa51e07f548ebbb8efcf47f08376fbc to remote] DEBUG org.asynchttpclient.netty.request.NettyRequestSender - Using open Channel [id: 0x38473121, L:/127.0.0.1:54991 - R:localhost/127.0.0.1:8354] for GET '/session/2aa51e07f548ebbb8efcf47f08376fbc/element/9e89c297-cb78-445a-be2f-55d5b6cdcd08/text'
18:26:32.847 [AsyncHttpClient-1-4] DEBUG org.asynchttpclient.netty.handler.HttpHandler - 

Request DefaultFullHttpRequest(decodeResult: success, version: HTTP/1.1, content: EmptyByteBufBE)
GET /session/2aa51e07f548ebbb8efcf47f08376fbc/element/9e89c297-cb78-445a-be2f-55d5b6cdcd08/text HTTP/1.1
User-Agent: selenium/4.5.3 (java mac)
Cache-Control: no-cache
Content-Type: application/json; charset=utf-8
host: localhost:8354
accept: */*

Response DefaultHttpResponse(decodeResult: success, version: HTTP/1.1)
HTTP/1.1 200 OK
Content-Length: 19
Content-Type: application/json; charset=utf-8
cache-control: no-cache

18:26:32.852 [AsyncHttpClient-1-4] DEBUG org.asynchttpclient.netty.channel.ChannelManager - Adding key: http://localhost:8354 for channel [id: 0x38473121, L:/127.0.0.1:54991 - R:localhost/127.0.0.1:8354]
18:26:32.854 [Forwarding findChildElement on session 2aa51e07f548ebbb8efcf47f08376fbc to remote] DEBUG org.asynchttpclient.netty.request.NettyRequestSender - Using pooled Channel '[id: 0x38473121, L:/127.0.0.1:54991 - R:localhost/127.0.0.1:8354]' for 'POST' to 'http://localhost:8354/session/2aa51e07f548ebbb8efcf47f08376fbc/element/1433c988-ccc5-4ba8-a296-e237a0e4f68d/element'
18:26:32.854 [Forwarding findChildElement on session 2aa51e07f548ebbb8efcf47f08376fbc to remote] DEBUG org.asynchttpclient.netty.request.NettyRequestSender - Using open Channel [id: 0x38473121, L:/127.0.0.1:54991 - R:localhost/127.0.0.1:8354] for POST '/session/2aa51e07f548ebbb8efcf47f08376fbc/element/1433c988-ccc5-4ba8-a296-e237a0e4f68d/element'
18:26:32.953 [AsyncHttpClient-1-4] DEBUG org.asynchttpclient.netty.handler.HttpHandler - 

Request DefaultHttpRequest(decodeResult: success, version: HTTP/1.1)
POST /session/2aa51e07f548ebbb8efcf47f08376fbc/element/1433c988-ccc5-4ba8-a296-e237a0e4f68d/element HTTP/1.1
User-Agent: selenium/4.5.3 (java mac)
Content-Length: 106
Content-Type: application/json; charset=utf-8
host: localhost:8354
accept: */*

Response DefaultHttpResponse(decodeResult: success, version: HTTP/1.1)
HTTP/1.1 200 OK
Content-Length: 88
Content-Type: application/json; charset=utf-8
cache-control: no-cache

18:26:32.954 [AsyncHttpClient-1-4] DEBUG org.asynchttpclient.netty.channel.ChannelManager - Adding key: http://localhost:8354 for channel [id: 0x38473121, L:/127.0.0.1:54991 - R:localhost/127.0.0.1:8354]
18:26:32.956 [Forwarding getElementText on session 2aa51e07f548ebbb8efcf47f08376fbc to remote] DEBUG org.asynchttpclient.netty.request.NettyRequestSender - Using pooled Channel '[id: 0x38473121, L:/127.0.0.1:54991 - R:localhost/127.0.0.1:8354]' for 'GET' to 'http://localhost:8354/session/2aa51e07f548ebbb8efcf47f08376fbc/element/9f7c7e50-2a02-41a9-9635-aae27b5eb2c0/text'
18:26:32.956 [Forwarding getElementText on session 2aa51e07f548ebbb8efcf47f08376fbc to remote] DEBUG org.asynchttpclient.netty.request.NettyRequestSender - Using open Channel [id: 0x38473121, L:/127.0.0.1:54991 - R:localhost/127.0.0.1:8354] for GET '/session/2aa51e07f548ebbb8efcf47f08376fbc/element/9f7c7e50-2a02-41a9-9635-aae27b5eb2c0/text'
18:26:32.991 [AsyncHttpClient-1-4] DEBUG org.asynchttpclient.netty.handler.HttpHandler - 

Request DefaultFullHttpRequest(decodeResult: success, version: HTTP/1.1, content: EmptyByteBufBE)
GET /session/2aa51e07f548ebbb8efcf47f08376fbc/element/9f7c7e50-2a02-41a9-9635-aae27b5eb2c0/text HTTP/1.1
User-Agent: selenium/4.5.3 (java mac)
Cache-Control: no-cache
Content-Type: application/json; charset=utf-8
host: localhost:8354
accept: */*

Response DefaultHttpResponse(decodeResult: success, version: HTTP/1.1)
HTTP/1.1 200 OK
Content-Length: 92
Content-Type: application/json; charset=utf-8
cache-control: no-cache

18:26:32.991 [AsyncHttpClient-1-4] DEBUG org.asynchttpclient.netty.channel.ChannelManager - Adding key: http://localhost:8354 for channel [id: 0x38473121, L:/127.0.0.1:54991 - R:localhost/127.0.0.1:8354]
18:26:32.997 [Forwarding findChildElement on session 2aa51e07f548ebbb8efcf47f08376fbc to remote] DEBUG org.asynchttpclient.netty.request.NettyRequestSender - Using pooled Channel '[id: 0x38473121, L:/127.0.0.1:54991 - R:localhost/127.0.0.1:8354]' for 'POST' to 'http://localhost:8354/session/2aa51e07f548ebbb8efcf47f08376fbc/element/1433c988-ccc5-4ba8-a296-e237a0e4f68d/element'
18:26:32.997 [Forwarding findChildElement on session 2aa51e07f548ebbb8efcf47f08376fbc to remote] DEBUG org.asynchttpclient.netty.request.NettyRequestSender - Using open Channel [id: 0x38473121, L:/127.0.0.1:54991 - R:localhost/127.0.0.1:8354] for POST '/session/2aa51e07f548ebbb8efcf47f08376fbc/element/1433c988-ccc5-4ba8-a296-e237a0e4f68d/element'
18:26:33.015 [AsyncHttpClient-1-4] DEBUG org.asynchttpclient.netty.handler.HttpHandler - 

Request DefaultHttpRequest(decodeResult: success, version: HTTP/1.1)
POST /session/2aa51e07f548ebbb8efcf47f08376fbc/element/1433c988-ccc5-4ba8-a296-e237a0e4f68d/element HTTP/1.1
User-Agent: selenium/4.5.3 (java mac)
Content-Length: 106
Content-Type: application/json; charset=utf-8
host: localhost:8354
accept: */*

Response DefaultHttpResponse(decodeResult: success, version: HTTP/1.1)
HTTP/1.1 200 OK
Content-Length: 88
Content-Type: application/json; charset=utf-8
cache-control: no-cache

18:26:33.015 [AsyncHttpClient-1-4] DEBUG org.asynchttpclient.netty.channel.ChannelManager - Adding key: http://localhost:8354 for channel [id: 0x38473121, L:/127.0.0.1:54991 - R:localhost/127.0.0.1:8354]
18:26:33.017 [Forwarding getElementText on session 2aa51e07f548ebbb8efcf47f08376fbc to remote] DEBUG org.asynchttpclient.netty.request.NettyRequestSender - Using pooled Channel '[id: 0x38473121, L:/127.0.0.1:54991 - R:localhost/127.0.0.1:8354]' for 'GET' to 'http://localhost:8354/session/2aa51e07f548ebbb8efcf47f08376fbc/element/3b8c45c0-cd65-4847-baef-2d99d626778d/text'
18:26:33.017 [Forwarding getElementText on session 2aa51e07f548ebbb8efcf47f08376fbc to remote] DEBUG org.asynchttpclient.netty.request.NettyRequestSender - Using open Channel [id: 0x38473121, L:/127.0.0.1:54991 - R:localhost/127.0.0.1:8354] for GET '/session/2aa51e07f548ebbb8efcf47f08376fbc/element/3b8c45c0-cd65-4847-baef-2d99d626778d/text'
18:26:33.097 [AsyncHttpClient-1-4] DEBUG org.asynchttpclient.netty.handler.HttpHandler - 

Request DefaultFullHttpRequest(decodeResult: success, version: HTTP/1.1, content: EmptyByteBufBE)
GET /session/2aa51e07f548ebbb8efcf47f08376fbc/element/3b8c45c0-cd65-4847-baef-2d99d626778d/text HTTP/1.1
User-Agent: selenium/4.5.3 (java mac)
Cache-Control: no-cache
Content-Type: application/json; charset=utf-8
host: localhost:8354
accept: */*

Response DefaultHttpResponse(decodeResult: success, version: HTTP/1.1)
HTTP/1.1 200 OK
Content-Length: 30
Content-Type: application/json; charset=utf-8
cache-control: no-cache

18:26:33.097 [AsyncHttpClient-1-4] DEBUG org.asynchttpclient.netty.channel.ChannelManager - Adding key: http://localhost:8354 for channel [id: 0x38473121, L:/127.0.0.1:54991 - R:localhost/127.0.0.1:8354]
18:26:33.099 [Forwarding findChildElement on session 2aa51e07f548ebbb8efcf47f08376fbc to remote] DEBUG org.asynchttpclient.netty.request.NettyRequestSender - Using pooled Channel '[id: 0x38473121, L:/127.0.0.1:54991 - R:localhost/127.0.0.1:8354]' for 'POST' to 'http://localhost:8354/session/2aa51e07f548ebbb8efcf47f08376fbc/element/3e74605e-80d2-43b3-b9bf-5ced1a8c3f70/element'
18:26:33.099 [Forwarding findChildElement on session 2aa51e07f548ebbb8efcf47f08376fbc to remote] DEBUG org.asynchttpclient.netty.request.NettyRequestSender - Using open Channel [id: 0x38473121, L:/127.0.0.1:54991 - R:localhost/127.0.0.1:8354] for POST '/session/2aa51e07f548ebbb8efcf47f08376fbc/element/3e74605e-80d2-43b3-b9bf-5ced1a8c3f70/element'
18:26:33.115 [AsyncHttpClient-1-4] DEBUG org.asynchttpclient.netty.handler.HttpHandler - 

Request DefaultHttpRequest(decodeResult: success, version: HTTP/1.1)
POST /session/2aa51e07f548ebbb8efcf47f08376fbc/element/3e74605e-80d2-43b3-b9bf-5ced1a8c3f70/element HTTP/1.1
User-Agent: selenium/4.5.3 (java mac)
Content-Length: 106
Content-Type: application/json; charset=utf-8
host: localhost:8354
accept: */*

Response DefaultHttpResponse(decodeResult: success, version: HTTP/1.1)
HTTP/1.1 200 OK
Content-Length: 88
Content-Type: application/json; charset=utf-8
cache-control: no-cache

18:26:33.116 [AsyncHttpClient-1-4] DEBUG org.asynchttpclient.netty.channel.ChannelManager - Adding key: http://localhost:8354 for channel [id: 0x38473121, L:/127.0.0.1:54991 - R:localhost/127.0.0.1:8354]
18:26:33.120 [Forwarding getElementText on session 2aa51e07f548ebbb8efcf47f08376fbc to remote] DEBUG org.asynchttpclient.netty.request.NettyRequestSender - Using pooled Channel '[id: 0x38473121, L:/127.0.0.1:54991 - R:localhost/127.0.0.1:8354]' for 'GET' to 'http://localhost:8354/session/2aa51e07f548ebbb8efcf47f08376fbc/element/7c58707d-9001-4ad3-b6ca-b9ad2a6ccde1/text'
18:26:33.124 [Forwarding getElementText on session 2aa51e07f548ebbb8efcf47f08376fbc to remote] DEBUG org.asynchttpclient.netty.request.NettyRequestSender - Using open Channel [id: 0x38473121, L:/127.0.0.1:54991 - R:localhost/127.0.0.1:8354] for GET '/session/2aa51e07f548ebbb8efcf47f08376fbc/element/7c58707d-9001-4ad3-b6ca-b9ad2a6ccde1/text'
18:26:33.209 [AsyncHttpClient-1-1] DEBUG org.asynchttpclient.netty.channel.DefaultChannelPool - Entry count for : http://localhost:54992 : 1
18:26:33.293 [AsyncHttpClient-1-4] DEBUG org.asynchttpclient.netty.handler.HttpHandler - 

Request DefaultFullHttpRequest(decodeResult: success, version: HTTP/1.1, content: EmptyByteBufBE)
GET /session/2aa51e07f548ebbb8efcf47f08376fbc/element/7c58707d-9001-4ad3-b6ca-b9ad2a6ccde1/text HTTP/1.1
User-Agent: selenium/4.5.3 (java mac)
Cache-Control: no-cache
Content-Type: application/json; charset=utf-8
host: localhost:8354
accept: */*

Response DefaultHttpResponse(decodeResult: success, version: HTTP/1.1)
HTTP/1.1 200 OK
Content-Length: 92
Content-Type: application/json; charset=utf-8
cache-control: no-cache

18:26:33.293 [AsyncHttpClient-1-4] DEBUG org.asynchttpclient.netty.channel.ChannelManager - Adding key: http://localhost:8354 for channel [id: 0x38473121, L:/127.0.0.1:54991 - R:localhost/127.0.0.1:8354]
18:26:33.294 [Forwarding findChildElement on session 2aa51e07f548ebbb8efcf47f08376fbc to remote] DEBUG org.asynchttpclient.netty.request.NettyRequestSender - Using pooled Channel '[id: 0x38473121, L:/127.0.0.1:54991 - R:localhost/127.0.0.1:8354]' for 'POST' to 'http://localhost:8354/session/2aa51e07f548ebbb8efcf47f08376fbc/element/3e74605e-80d2-43b3-b9bf-5ced1a8c3f70/element'
18:26:33.294 [Forwarding findChildElement on session 2aa51e07f548ebbb8efcf47f08376fbc to remote] DEBUG org.asynchttpclient.netty.request.NettyRequestSender - Using open Channel [id: 0x38473121, L:/127.0.0.1:54991 - R:localhost/127.0.0.1:8354] for POST '/session/2aa51e07f548ebbb8efcf47f08376fbc/element/3e74605e-80d2-43b3-b9bf-5ced1a8c3f70/element'
18:26:33.311 [AsyncHttpClient-1-4] DEBUG org.asynchttpclient.netty.handler.HttpHandler - 

Request DefaultHttpRequest(decodeResult: success, version: HTTP/1.1)
POST /session/2aa51e07f548ebbb8efcf47f08376fbc/element/3e74605e-80d2-43b3-b9bf-5ced1a8c3f70/element HTTP/1.1
User-Agent: selenium/4.5.3 (java mac)
Content-Length: 106
Content-Type: application/json; charset=utf-8
host: localhost:8354
accept: */*

Response DefaultHttpResponse(decodeResult: success, version: HTTP/1.1)
HTTP/1.1 200 OK
Content-Length: 88
Content-Type: application/json; charset=utf-8
cache-control: no-cache

18:26:33.311 [AsyncHttpClient-1-4] DEBUG org.asynchttpclient.netty.channel.ChannelManager - Adding key: http://localhost:8354 for channel [id: 0x38473121, L:/127.0.0.1:54991 - R:localhost/127.0.0.1:8354]
18:26:33.311 [Forwarding getElementText on session 2aa51e07f548ebbb8efcf47f08376fbc to remote] DEBUG org.asynchttpclient.netty.request.NettyRequestSender - Using pooled Channel '[id: 0x38473121, L:/127.0.0.1:54991 - R:localhost/127.0.0.1:8354]' for 'GET' to 'http://localhost:8354/session/2aa51e07f548ebbb8efcf47f08376fbc/element/f850ef56-3f0c-4552-8c65-d11b6b565168/text'
18:26:33.311 [Forwarding getElementText on session 2aa51e07f548ebbb8efcf47f08376fbc to remote] DEBUG org.asynchttpclient.netty.request.NettyRequestSender - Using open Channel [id: 0x38473121, L:/127.0.0.1:54991 - R:localhost/127.0.0.1:8354] for GET '/session/2aa51e07f548ebbb8efcf47f08376fbc/element/f850ef56-3f0c-4552-8c65-d11b6b565168/text'
18:26:33.416 [AsyncHttpClient-1-4] DEBUG org.asynchttpclient.netty.handler.HttpHandler - 

Request DefaultFullHttpRequest(decodeResult: success, version: HTTP/1.1, content: EmptyByteBufBE)
GET /session/2aa51e07f548ebbb8efcf47f08376fbc/element/f850ef56-3f0c-4552-8c65-d11b6b565168/text HTTP/1.1
User-Agent: selenium/4.5.3 (java mac)
Cache-Control: no-cache
Content-Type: application/json; charset=utf-8
host: localhost:8354
accept: */*

Response DefaultHttpResponse(decodeResult: success, version: HTTP/1.1)
HTTP/1.1 200 OK
Content-Length: 19
Content-Type: application/json; charset=utf-8
cache-control: no-cache

18:26:33.416 [AsyncHttpClient-1-4] DEBUG org.asynchttpclient.netty.channel.ChannelManager - Adding key: http://localhost:8354 for channel [id: 0x38473121, L:/127.0.0.1:54991 - R:localhost/127.0.0.1:8354]
18:26:33.418 [Forwarding findChildElement on session 2aa51e07f548ebbb8efcf47f08376fbc to remote] DEBUG org.asynchttpclient.netty.request.NettyRequestSender - Using pooled Channel '[id: 0x38473121, L:/127.0.0.1:54991 - R:localhost/127.0.0.1:8354]' for 'POST' to 'http://localhost:8354/session/2aa51e07f548ebbb8efcf47f08376fbc/element/56e8d1cd-97b0-4d87-a222-94e35b441299/element'
18:26:33.418 [Forwarding findChildElement on session 2aa51e07f548ebbb8efcf47f08376fbc to remote] DEBUG org.asynchttpclient.netty.request.NettyRequestSender - Using open Channel [id: 0x38473121, L:/127.0.0.1:54991 - R:localhost/127.0.0.1:8354] for POST '/session/2aa51e07f548ebbb8efcf47f08376fbc/element/56e8d1cd-97b0-4d87-a222-94e35b441299/element'
18:26:33.433 [AsyncHttpClient-1-4] DEBUG org.asynchttpclient.netty.handler.HttpHandler - 

Request DefaultHttpRequest(decodeResult: success, version: HTTP/1.1)
POST /session/2aa51e07f548ebbb8efcf47f08376fbc/element/56e8d1cd-97b0-4d87-a222-94e35b441299/element HTTP/1.1
User-Agent: selenium/4.5.3 (java mac)
Content-Length: 106
Content-Type: application/json; charset=utf-8
host: localhost:8354
accept: */*

Response DefaultHttpResponse(decodeResult: success, version: HTTP/1.1)
HTTP/1.1 200 OK
Content-Length: 88
Content-Type: application/json; charset=utf-8
cache-control: no-cache

18:26:33.434 [AsyncHttpClient-1-4] DEBUG org.asynchttpclient.netty.channel.ChannelManager - Adding key: http://localhost:8354 for channel [id: 0x38473121, L:/127.0.0.1:54991 - R:localhost/127.0.0.1:8354]
18:26:33.435 [Forwarding getElementText on session 2aa51e07f548ebbb8efcf47f08376fbc to remote] DEBUG org.asynchttpclient.netty.request.NettyRequestSender - Using pooled Channel '[id: 0x38473121, L:/127.0.0.1:54991 - R:localhost/127.0.0.1:8354]' for 'GET' to 'http://localhost:8354/session/2aa51e07f548ebbb8efcf47f08376fbc/element/0aa6a865-defc-43f8-b8c3-ded37f95402c/text'
18:26:33.435 [Forwarding getElementText on session 2aa51e07f548ebbb8efcf47f08376fbc to remote] DEBUG org.asynchttpclient.netty.request.NettyRequestSender - Using open Channel [id: 0x38473121, L:/127.0.0.1:54991 - R:localhost/127.0.0.1:8354] for GET '/session/2aa51e07f548ebbb8efcf47f08376fbc/element/0aa6a865-defc-43f8-b8c3-ded37f95402c/text'
18:26:33.464 [AsyncHttpClient-1-4] DEBUG org.asynchttpclient.netty.handler.HttpHandler - 

Request DefaultFullHttpRequest(decodeResult: success, version: HTTP/1.1, content: EmptyByteBufBE)
GET /session/2aa51e07f548ebbb8efcf47f08376fbc/element/0aa6a865-defc-43f8-b8c3-ded37f95402c/text HTTP/1.1
User-Agent: selenium/4.5.3 (java mac)
Cache-Control: no-cache
Content-Type: application/json; charset=utf-8
host: localhost:8354
accept: */*

Response DefaultHttpResponse(decodeResult: success, version: HTTP/1.1)
HTTP/1.1 200 OK
Content-Length: 92
Content-Type: application/json; charset=utf-8
cache-control: no-cache

18:26:33.464 [AsyncHttpClient-1-4] DEBUG org.asynchttpclient.netty.channel.ChannelManager - Adding key: http://localhost:8354 for channel [id: 0x38473121, L:/127.0.0.1:54991 - R:localhost/127.0.0.1:8354]
18:26:33.466 [Forwarding findChildElement on session 2aa51e07f548ebbb8efcf47f08376fbc to remote] DEBUG org.asynchttpclient.netty.request.NettyRequestSender - Using pooled Channel '[id: 0x38473121, L:/127.0.0.1:54991 - R:localhost/127.0.0.1:8354]' for 'POST' to 'http://localhost:8354/session/2aa51e07f548ebbb8efcf47f08376fbc/element/56e8d1cd-97b0-4d87-a222-94e35b441299/element'
18:26:33.466 [Forwarding findChildElement on session 2aa51e07f548ebbb8efcf47f08376fbc to remote] DEBUG org.asynchttpclient.netty.request.NettyRequestSender - Using open Channel [id: 0x38473121, L:/127.0.0.1:54991 - R:localhost/127.0.0.1:8354] for POST '/session/2aa51e07f548ebbb8efcf47f08376fbc/element/56e8d1cd-97b0-4d87-a222-94e35b441299/element'
18:26:33.545 [AsyncHttpClient-1-4] DEBUG org.asynchttpclient.netty.handler.HttpHandler - 

Request DefaultHttpRequest(decodeResult: success, version: HTTP/1.1)
POST /session/2aa51e07f548ebbb8efcf47f08376fbc/element/56e8d1cd-97b0-4d87-a222-94e35b441299/element HTTP/1.1
User-Agent: selenium/4.5.3 (java mac)
Content-Length: 106
Content-Type: application/json; charset=utf-8
host: localhost:8354
accept: */*

Response DefaultHttpResponse(decodeResult: success, version: HTTP/1.1)
HTTP/1.1 200 OK
Content-Length: 88
Content-Type: application/json; charset=utf-8
cache-control: no-cache

18:26:33.546 [AsyncHttpClient-1-4] DEBUG org.asynchttpclient.netty.channel.ChannelManager - Adding key: http://localhost:8354 for channel [id: 0x38473121, L:/127.0.0.1:54991 - R:localhost/127.0.0.1:8354]
18:26:33.547 [Forwarding getElementText on session 2aa51e07f548ebbb8efcf47f08376fbc to remote] DEBUG org.asynchttpclient.netty.request.NettyRequestSender - Using pooled Channel '[id: 0x38473121, L:/127.0.0.1:54991 - R:localhost/127.0.0.1:8354]' for 'GET' to 'http://localhost:8354/session/2aa51e07f548ebbb8efcf47f08376fbc/element/3cef4c95-9d15-492d-92b0-cabbb91c6c7e/text'
18:26:33.547 [Forwarding getElementText on session 2aa51e07f548ebbb8efcf47f08376fbc to remote] DEBUG org.asynchttpclient.netty.request.NettyRequestSender - Using open Channel [id: 0x38473121, L:/127.0.0.1:54991 - R:localhost/127.0.0.1:8354] for GET '/session/2aa51e07f548ebbb8efcf47f08376fbc/element/3cef4c95-9d15-492d-92b0-cabbb91c6c7e/text'
18:26:33.615 [AsyncHttpClient-1-4] DEBUG org.asynchttpclient.netty.handler.HttpHandler - 

Request DefaultFullHttpRequest(decodeResult: success, version: HTTP/1.1, content: EmptyByteBufBE)
GET /session/2aa51e07f548ebbb8efcf47f08376fbc/element/3cef4c95-9d15-492d-92b0-cabbb91c6c7e/text HTTP/1.1
User-Agent: selenium/4.5.3 (java mac)
Cache-Control: no-cache
Content-Type: application/json; charset=utf-8
host: localhost:8354
accept: */*

Response DefaultHttpResponse(decodeResult: success, version: HTTP/1.1)
HTTP/1.1 200 OK
Content-Length: 30
Content-Type: application/json; charset=utf-8
cache-control: no-cache

18:26:33.615 [AsyncHttpClient-1-4] DEBUG org.asynchttpclient.netty.channel.ChannelManager - Adding key: http://localhost:8354 for channel [id: 0x38473121, L:/127.0.0.1:54991 - R:localhost/127.0.0.1:8354]
18:26:33.617 [Forwarding findChildElement on session 2aa51e07f548ebbb8efcf47f08376fbc to remote] DEBUG org.asynchttpclient.netty.request.NettyRequestSender - Using pooled Channel '[id: 0x38473121, L:/127.0.0.1:54991 - R:localhost/127.0.0.1:8354]' for 'POST' to 'http://localhost:8354/session/2aa51e07f548ebbb8efcf47f08376fbc/element/52809230-b381-4bcc-b5d4-e9b8d21b14ae/element'
18:26:33.618 [Forwarding findChildElement on session 2aa51e07f548ebbb8efcf47f08376fbc to remote] DEBUG org.asynchttpclient.netty.request.NettyRequestSender - Using open Channel [id: 0x38473121, L:/127.0.0.1:54991 - R:localhost/127.0.0.1:8354] for POST '/session/2aa51e07f548ebbb8efcf47f08376fbc/element/52809230-b381-4bcc-b5d4-e9b8d21b14ae/element'
18:26:33.640 [AsyncHttpClient-1-4] DEBUG org.asynchttpclient.netty.handler.HttpHandler - 

Request DefaultHttpRequest(decodeResult: success, version: HTTP/1.1)
POST /session/2aa51e07f548ebbb8efcf47f08376fbc/element/52809230-b381-4bcc-b5d4-e9b8d21b14ae/element HTTP/1.1
User-Agent: selenium/4.5.3 (java mac)
Content-Length: 106
Content-Type: application/json; charset=utf-8
host: localhost:8354
accept: */*

Response DefaultHttpResponse(decodeResult: success, version: HTTP/1.1)
HTTP/1.1 200 OK
Content-Length: 88
Content-Type: application/json; charset=utf-8
cache-control: no-cache

18:26:33.641 [AsyncHttpClient-1-4] DEBUG org.asynchttpclient.netty.channel.ChannelManager - Adding key: http://localhost:8354 for channel [id: 0x38473121, L:/127.0.0.1:54991 - R:localhost/127.0.0.1:8354]
18:26:33.641 [Forwarding getElementText on session 2aa51e07f548ebbb8efcf47f08376fbc to remote] DEBUG org.asynchttpclient.netty.request.NettyRequestSender - Using pooled Channel '[id: 0x38473121, L:/127.0.0.1:54991 - R:localhost/127.0.0.1:8354]' for 'GET' to 'http://localhost:8354/session/2aa51e07f548ebbb8efcf47f08376fbc/element/e2407ba6-ea5c-40df-821e-200f3aab8681/text'
18:26:33.641 [Forwarding getElementText on session 2aa51e07f548ebbb8efcf47f08376fbc to remote] DEBUG org.asynchttpclient.netty.request.NettyRequestSender - Using open Channel [id: 0x38473121, L:/127.0.0.1:54991 - R:localhost/127.0.0.1:8354] for GET '/session/2aa51e07f548ebbb8efcf47f08376fbc/element/e2407ba6-ea5c-40df-821e-200f3aab8681/text'
18:26:33.768 [AsyncHttpClient-1-4] DEBUG org.asynchttpclient.netty.handler.HttpHandler - 

Request DefaultFullHttpRequest(decodeResult: success, version: HTTP/1.1, content: EmptyByteBufBE)
GET /session/2aa51e07f548ebbb8efcf47f08376fbc/element/e2407ba6-ea5c-40df-821e-200f3aab8681/text HTTP/1.1
User-Agent: selenium/4.5.3 (java mac)
Cache-Control: no-cache
Content-Type: application/json; charset=utf-8
host: localhost:8354
accept: */*

Response DefaultHttpResponse(decodeResult: success, version: HTTP/1.1)
HTTP/1.1 200 OK
Content-Length: 92
Content-Type: application/json; charset=utf-8
cache-control: no-cache

18:26:33.768 [AsyncHttpClient-1-4] DEBUG org.asynchttpclient.netty.channel.ChannelManager - Adding key: http://localhost:8354 for channel [id: 0x38473121, L:/127.0.0.1:54991 - R:localhost/127.0.0.1:8354]
18:26:33.770 [Forwarding findChildElement on session 2aa51e07f548ebbb8efcf47f08376fbc to remote] DEBUG org.asynchttpclient.netty.request.NettyRequestSender - Using pooled Channel '[id: 0x38473121, L:/127.0.0.1:54991 - R:localhost/127.0.0.1:8354]' for 'POST' to 'http://localhost:8354/session/2aa51e07f548ebbb8efcf47f08376fbc/element/52809230-b381-4bcc-b5d4-e9b8d21b14ae/element'
18:26:33.770 [Forwarding findChildElement on session 2aa51e07f548ebbb8efcf47f08376fbc to remote] DEBUG org.asynchttpclient.netty.request.NettyRequestSender - Using open Channel [id: 0x38473121, L:/127.0.0.1:54991 - R:localhost/127.0.0.1:8354] for POST '/session/2aa51e07f548ebbb8efcf47f08376fbc/element/52809230-b381-4bcc-b5d4-e9b8d21b14ae/element'
18:26:33.788 [AsyncHttpClient-1-4] DEBUG org.asynchttpclient.netty.handler.HttpHandler - 

Request DefaultHttpRequest(decodeResult: success, version: HTTP/1.1)
POST /session/2aa51e07f548ebbb8efcf47f08376fbc/element/52809230-b381-4bcc-b5d4-e9b8d21b14ae/element HTTP/1.1
User-Agent: selenium/4.5.3 (java mac)
Content-Length: 106
Content-Type: application/json; charset=utf-8
host: localhost:8354
accept: */*

Response DefaultHttpResponse(decodeResult: success, version: HTTP/1.1)
HTTP/1.1 200 OK
Content-Length: 88
Content-Type: application/json; charset=utf-8
cache-control: no-cache

18:26:33.788 [AsyncHttpClient-1-4] DEBUG org.asynchttpclient.netty.channel.ChannelManager - Adding key: http://localhost:8354 for channel [id: 0x38473121, L:/127.0.0.1:54991 - R:localhost/127.0.0.1:8354]
18:26:33.789 [Forwarding getElementText on session 2aa51e07f548ebbb8efcf47f08376fbc to remote] DEBUG org.asynchttpclient.netty.request.NettyRequestSender - Using pooled Channel '[id: 0x38473121, L:/127.0.0.1:54991 - R:localhost/127.0.0.1:8354]' for 'GET' to 'http://localhost:8354/session/2aa51e07f548ebbb8efcf47f08376fbc/element/f9d8ec52-9adc-4dfd-b35f-7e155793d103/text'
18:26:33.789 [Forwarding getElementText on session 2aa51e07f548ebbb8efcf47f08376fbc to remote] DEBUG org.asynchttpclient.netty.request.NettyRequestSender - Using open Channel [id: 0x38473121, L:/127.0.0.1:54991 - R:localhost/127.0.0.1:8354] for GET '/session/2aa51e07f548ebbb8efcf47f08376fbc/element/f9d8ec52-9adc-4dfd-b35f-7e155793d103/text'
18:26:33.818 [AsyncHttpClient-1-4] DEBUG org.asynchttpclient.netty.handler.HttpHandler - 

Request DefaultFullHttpRequest(decodeResult: success, version: HTTP/1.1, content: EmptyByteBufBE)
GET /session/2aa51e07f548ebbb8efcf47f08376fbc/element/f9d8ec52-9adc-4dfd-b35f-7e155793d103/text HTTP/1.1
User-Agent: selenium/4.5.3 (java mac)
Cache-Control: no-cache
Content-Type: application/json; charset=utf-8
host: localhost:8354
accept: */*

Response DefaultHttpResponse(decodeResult: success, version: HTTP/1.1)
HTTP/1.1 200 OK
Content-Length: 30
Content-Type: application/json; charset=utf-8
cache-control: no-cache

18:26:33.818 [AsyncHttpClient-1-4] DEBUG org.asynchttpclient.netty.channel.ChannelManager - Adding key: http://localhost:8354 for channel [id: 0x38473121, L:/127.0.0.1:54991 - R:localhost/127.0.0.1:8354]
Execution time with Web Manager: 62166ms |	 1 minutes 2.00 seconds
18:26:34.138 [AsyncHttpClient-1-7] DEBUG org.asynchttpclient.netty.channel.NettyConnectListener - Using new Channel '[id: 0x5f9b9e58, L:/127.0.0.1:55134 - R:localhost/127.0.0.1:47263]' for 'POST' to '/session'
18:26:34.310 [AsyncHttpClient-1-1] DEBUG org.asynchttpclient.netty.channel.DefaultChannelPool - Entry count for : http://localhost:54992 : 1
18:26:34.310 [AsyncHttpClient-1-1] DEBUG org.asynchttpclient.netty.channel.DefaultChannelPool - Entry count for : http://localhost:8354 : 1
18:26:35.415 [AsyncHttpClient-1-1] DEBUG org.asynchttpclient.netty.channel.DefaultChannelPool - Entry count for : http://localhost:54992 : 1
18:26:35.415 [AsyncHttpClient-1-1] DEBUG org.asynchttpclient.netty.channel.DefaultChannelPool - Entry count for : http://localhost:8354 : 1
18:26:36.519 [AsyncHttpClient-1-1] DEBUG org.asynchttpclient.netty.channel.DefaultChannelPool - Entry count for : http://localhost:54992 : 1
18:26:36.519 [AsyncHttpClient-1-1] DEBUG org.asynchttpclient.netty.channel.DefaultChannelPool - Entry count for : http://localhost:8354 : 1
18:26:37.621 [AsyncHttpClient-1-1] DEBUG org.asynchttpclient.netty.channel.DefaultChannelPool - Entry count for : http://localhost:54992 : 1
18:26:37.621 [AsyncHttpClient-1-1] DEBUG org.asynchttpclient.netty.channel.DefaultChannelPool - Entry count for : http://localhost:8354 : 1
18:26:38.609 [AsyncHttpClient-1-7] DEBUG org.asynchttpclient.netty.handler.HttpHandler - 

Request DefaultHttpRequest(decodeResult: success, version: HTTP/1.1)
POST /session HTTP/1.1
User-Agent: selenium/4.5.3 (java mac)
Content-Length: 817
Content-Type: application/json; charset=utf-8
host: localhost:47263
accept: */*

Response DefaultHttpResponse(decodeResult: success, version: HTTP/1.1)
HTTP/1.1 200 OK
Content-Length: 800
Content-Type: application/json; charset=utf-8
cache-control: no-cache

18:26:38.609 [AsyncHttpClient-1-7] DEBUG org.asynchttpclient.netty.channel.ChannelManager - Adding key: http://localhost:47263 for channel [id: 0x5f9b9e58, L:/127.0.0.1:55134 - R:localhost/127.0.0.1:47263]
18:26:38.622 [AsyncHttpClient-1-8] DEBUG org.asynchttpclient.netty.channel.NettyConnectListener - Using new Channel '[id: 0xd57bafff, L:/127.0.0.1:55142 - R:localhost/127.0.0.1:55138]' for 'GET' to '/json/version'
18:26:38.624 [AsyncHttpClient-1-8] DEBUG org.asynchttpclient.netty.handler.HttpHandler - 

Request DefaultFullHttpRequest(decodeResult: success, version: HTTP/1.1, content: EmptyByteBufBE)
GET /json/version HTTP/1.1
User-Agent: selenium/4.5.3 (java mac)
host: localhost:55138
accept: */*

Response DefaultHttpResponse(decodeResult: success, version: HTTP/1.1)
HTTP/1.1 200 OK
Content-Security-Policy: frame-ancestors 'none'
Content-Length: 443
Content-Type: application/json; charset=UTF-8

18:26:38.624 [AsyncHttpClient-1-8] DEBUG org.asynchttpclient.netty.channel.ChannelManager - Adding key: http://localhost:55138 for channel [id: 0xd57bafff, L:/127.0.0.1:55142 - R:localhost/127.0.0.1:55138]
18:26:38.630 [AsyncHttpClient-1-9] DEBUG org.asynchttpclient.netty.channel.NettyConnectListener - Using new Channel '[id: 0xbee11f4b, L:/127.0.0.1:55143 - R:localhost/127.0.0.1:55138]' for 'GET' to '/devtools/browser/0bfd54a6-18a8-4cb2-9598-c65ec9248afb'
18:26:38.636 [AsyncHttpClient-1-9] DEBUG org.asynchttpclient.netty.handler.WebSocketHandler - 

Request DefaultFullHttpRequest(decodeResult: success, version: HTTP/1.1, content: EmptyByteBufBE)
GET /devtools/browser/0bfd54a6-18a8-4cb2-9598-c65ec9248afb HTTP/1.1
upgrade: websocket
connection: upgrade
sec-websocket-key: m4EaxAwgoS069LItPVl7Yw==
sec-websocket-version: 13
origin: http://localhost:55138
host: localhost:55138
accept: */*
user-agent: AHC/2.1

Response DefaultHttpResponse(decodeResult: success, version: HTTP/1.1)
HTTP/1.1 101 WebSocket Protocol Handshake
Upgrade: WebSocket
Connection: Upgrade
Sec-WebSocket-Accept: gMzAtCrHg7TixDovHnrQOiEvxuc=

18:26:38.648 [Forwarding get on session 238a4d0c2a0841fb1f0fdba08771013c to remote] DEBUG org.asynchttpclient.netty.request.NettyRequestSender - Using pooled Channel '[id: 0x5f9b9e58, L:/127.0.0.1:55134 - R:localhost/127.0.0.1:47263]' for 'POST' to 'http://localhost:47263/session/238a4d0c2a0841fb1f0fdba08771013c/url'
18:26:38.648 [Forwarding get on session 238a4d0c2a0841fb1f0fdba08771013c to remote] DEBUG org.asynchttpclient.netty.request.NettyRequestSender - Using open Channel [id: 0x5f9b9e58, L:/127.0.0.1:55134 - R:localhost/127.0.0.1:47263] for POST '/session/238a4d0c2a0841fb1f0fdba08771013c/url'
18:26:38.716 [AsyncHttpClient-1-1] DEBUG org.asynchttpclient.netty.channel.DefaultChannelPool - Entry count for : http://localhost:54992 : 1
18:26:38.716 [AsyncHttpClient-1-1] DEBUG org.asynchttpclient.netty.channel.DefaultChannelPool - Entry count for : http://localhost:8354 : 1
18:26:38.716 [AsyncHttpClient-1-1] DEBUG org.asynchttpclient.netty.channel.DefaultChannelPool - Entry count for : http://localhost:55138 : 1
18:26:39.818 [AsyncHttpClient-1-1] DEBUG org.asynchttpclient.netty.channel.DefaultChannelPool - Entry count for : http://localhost:54992 : 1
18:26:39.818 [AsyncHttpClient-1-1] DEBUG org.asynchttpclient.netty.channel.DefaultChannelPool - Entry count for : http://localhost:8354 : 1
18:26:39.818 [AsyncHttpClient-1-1] DEBUG org.asynchttpclient.netty.channel.DefaultChannelPool - Entry count for : http://localhost:55138 : 1
18:26:40.916 [AsyncHttpClient-1-1] DEBUG org.asynchttpclient.netty.channel.DefaultChannelPool - Entry count for : http://localhost:54992 : 1
18:26:40.916 [AsyncHttpClient-1-1] DEBUG org.asynchttpclient.netty.channel.DefaultChannelPool - Entry count for : http://localhost:8354 : 1
18:26:40.916 [AsyncHttpClient-1-1] DEBUG org.asynchttpclient.netty.channel.DefaultChannelPool - Entry count for : http://localhost:55138 : 1
18:26:40.916 [AsyncHttpClient-1-1] DEBUG org.asynchttpclient.netty.channel.DefaultChannelPool - Adding Candidate expired Channel [id: 0xdf8a1c74, L:/127.0.0.1:54997 - R:localhost/127.0.0.1:54992] isIdleTimeoutExpired=true isRemotelyClosed=false isTtlExpired=false
18:26:40.916 [AsyncHttpClient-1-1] DEBUG org.asynchttpclient.netty.channel.DefaultChannelPool - Closing Idle Channel [id: 0xdf8a1c74, L:/127.0.0.1:54997 - R:localhost/127.0.0.1:54992]
18:26:40.916 [AsyncHttpClient-1-1] DEBUG org.asynchttpclient.netty.channel.DefaultChannelPool - Closed 1 connections out of 3 in 0 ms
18:26:40.918 [AsyncHttpClient-1-5] DEBUG org.asynchttpclient.netty.handler.HttpHandler - Channel Closed: [id: 0xdf8a1c74, L:/127.0.0.1:54997 ! R:localhost/127.0.0.1:54992] with attribute DISCARD
18:26:40.993 [AsyncHttpClient-1-7] DEBUG org.asynchttpclient.netty.handler.HttpHandler - 

Request DefaultHttpRequest(decodeResult: success, version: HTTP/1.1)
POST /session/238a4d0c2a0841fb1f0fdba08771013c/url HTTP/1.1
User-Agent: selenium/4.5.3 (java mac)
Content-Length: 51
Content-Type: application/json; charset=utf-8
host: localhost:47263
accept: */*

Response DefaultHttpResponse(decodeResult: success, version: HTTP/1.1)
HTTP/1.1 200 OK
Content-Length: 14
Content-Type: application/json; charset=utf-8
cache-control: no-cache

18:26:40.994 [AsyncHttpClient-1-7] DEBUG org.asynchttpclient.netty.channel.ChannelManager - Adding key: http://localhost:47263 for channel [id: 0x5f9b9e58, L:/127.0.0.1:55134 - R:localhost/127.0.0.1:47263]
18:26:40.997 [Forwarding findElement on session 238a4d0c2a0841fb1f0fdba08771013c to remote] DEBUG org.asynchttpclient.netty.request.NettyRequestSender - Using pooled Channel '[id: 0x5f9b9e58, L:/127.0.0.1:55134 - R:localhost/127.0.0.1:47263]' for 'POST' to 'http://localhost:47263/session/238a4d0c2a0841fb1f0fdba08771013c/element'
18:26:40.997 [Forwarding findElement on session 238a4d0c2a0841fb1f0fdba08771013c to remote] DEBUG org.asynchttpclient.netty.request.NettyRequestSender - Using open Channel [id: 0x5f9b9e58, L:/127.0.0.1:55134 - R:localhost/127.0.0.1:47263] for POST '/session/238a4d0c2a0841fb1f0fdba08771013c/element'
18:26:41.070 [AsyncHttpClient-1-7] DEBUG org.asynchttpclient.netty.handler.HttpHandler - 

Request DefaultHttpRequest(decodeResult: success, version: HTTP/1.1)
POST /session/238a4d0c2a0841fb1f0fdba08771013c/element HTTP/1.1
User-Agent: selenium/4.5.3 (java mac)
Content-Length: 52
Content-Type: application/json; charset=utf-8
host: localhost:47263
accept: */*

Response DefaultHttpResponse(decodeResult: success, version: HTTP/1.1)
HTTP/1.1 200 OK
Content-Length: 88
Content-Type: application/json; charset=utf-8
cache-control: no-cache

18:26:41.070 [AsyncHttpClient-1-7] DEBUG org.asynchttpclient.netty.channel.ChannelManager - Adding key: http://localhost:47263 for channel [id: 0x5f9b9e58, L:/127.0.0.1:55134 - R:localhost/127.0.0.1:47263]
18:26:41.078 [Forwarding sendKeysToElement on session 238a4d0c2a0841fb1f0fdba08771013c to remote] DEBUG org.asynchttpclient.netty.request.NettyRequestSender - Using pooled Channel '[id: 0x5f9b9e58, L:/127.0.0.1:55134 - R:localhost/127.0.0.1:47263]' for 'POST' to 'http://localhost:47263/session/238a4d0c2a0841fb1f0fdba08771013c/element/5f544fd2-8395-4aca-ab3b-2eb9e4088d0e/value'
18:26:41.078 [Forwarding sendKeysToElement on session 238a4d0c2a0841fb1f0fdba08771013c to remote] DEBUG org.asynchttpclient.netty.request.NettyRequestSender - Using open Channel [id: 0x5f9b9e58, L:/127.0.0.1:55134 - R:localhost/127.0.0.1:47263] for POST '/session/238a4d0c2a0841fb1f0fdba08771013c/element/5f544fd2-8395-4aca-ab3b-2eb9e4088d0e/value'
18:26:42.017 [AsyncHttpClient-1-1] DEBUG org.asynchttpclient.netty.channel.DefaultChannelPool - Entry count for : http://localhost:8354 : 1
18:26:42.017 [AsyncHttpClient-1-1] DEBUG org.asynchttpclient.netty.channel.DefaultChannelPool - Entry count for : http://localhost:55138 : 1
18:26:42.078 [AsyncHttpClient-1-7] DEBUG org.asynchttpclient.netty.handler.HttpHandler - 

Request DefaultHttpRequest(decodeResult: success, version: HTTP/1.1)
POST /session/238a4d0c2a0841fb1f0fdba08771013c/element/5f544fd2-8395-4aca-ab3b-2eb9e4088d0e/value HTTP/1.1
User-Agent: selenium/4.5.3 (java mac)
Content-Length: 141
Content-Type: application/json; charset=utf-8
host: localhost:47263
accept: */*

Response DefaultHttpResponse(decodeResult: success, version: HTTP/1.1)
HTTP/1.1 200 OK
Content-Length: 14
Content-Type: application/json; charset=utf-8
cache-control: no-cache

18:26:42.078 [AsyncHttpClient-1-7] DEBUG org.asynchttpclient.netty.channel.ChannelManager - Adding key: http://localhost:47263 for channel [id: 0x5f9b9e58, L:/127.0.0.1:55134 - R:localhost/127.0.0.1:47263]
18:26:42.079 [Forwarding findElement on session 238a4d0c2a0841fb1f0fdba08771013c to remote] DEBUG org.asynchttpclient.netty.request.NettyRequestSender - Using pooled Channel '[id: 0x5f9b9e58, L:/127.0.0.1:55134 - R:localhost/127.0.0.1:47263]' for 'POST' to 'http://localhost:47263/session/238a4d0c2a0841fb1f0fdba08771013c/element'
18:26:42.079 [Forwarding findElement on session 238a4d0c2a0841fb1f0fdba08771013c to remote] DEBUG org.asynchttpclient.netty.request.NettyRequestSender - Using open Channel [id: 0x5f9b9e58, L:/127.0.0.1:55134 - R:localhost/127.0.0.1:47263] for POST '/session/238a4d0c2a0841fb1f0fdba08771013c/element'
18:26:42.272 [AsyncHttpClient-1-7] DEBUG org.asynchttpclient.netty.handler.HttpHandler - 

Request DefaultHttpRequest(decodeResult: success, version: HTTP/1.1)
POST /session/238a4d0c2a0841fb1f0fdba08771013c/element HTTP/1.1
User-Agent: selenium/4.5.3 (java mac)
Content-Length: 53
Content-Type: application/json; charset=utf-8
host: localhost:47263
accept: */*

Response DefaultHttpResponse(decodeResult: success, version: HTTP/1.1)
HTTP/1.1 200 OK
Content-Length: 88
Content-Type: application/json; charset=utf-8
cache-control: no-cache

18:26:42.272 [AsyncHttpClient-1-7] DEBUG org.asynchttpclient.netty.channel.ChannelManager - Adding key: http://localhost:47263 for channel [id: 0x5f9b9e58, L:/127.0.0.1:55134 - R:localhost/127.0.0.1:47263]
18:26:42.279 [Forwarding clickElement on session 238a4d0c2a0841fb1f0fdba08771013c to remote] DEBUG org.asynchttpclient.netty.request.NettyRequestSender - Using pooled Channel '[id: 0x5f9b9e58, L:/127.0.0.1:55134 - R:localhost/127.0.0.1:47263]' for 'POST' to 'http://localhost:47263/session/238a4d0c2a0841fb1f0fdba08771013c/element/33909cb4-37ca-47ff-9efe-de932780ed1e/click'
18:26:42.279 [Forwarding clickElement on session 238a4d0c2a0841fb1f0fdba08771013c to remote] DEBUG org.asynchttpclient.netty.request.NettyRequestSender - Using open Channel [id: 0x5f9b9e58, L:/127.0.0.1:55134 - R:localhost/127.0.0.1:47263] for POST '/session/238a4d0c2a0841fb1f0fdba08771013c/element/33909cb4-37ca-47ff-9efe-de932780ed1e/click'
18:26:43.111 [AsyncHttpClient-1-1] DEBUG org.asynchttpclient.netty.channel.DefaultChannelPool - Entry count for : http://localhost:8354 : 1
18:26:43.111 [AsyncHttpClient-1-1] DEBUG org.asynchttpclient.netty.channel.DefaultChannelPool - Entry count for : http://localhost:55138 : 1
18:26:44.227 [AsyncHttpClient-1-1] DEBUG org.asynchttpclient.netty.channel.DefaultChannelPool - Entry count for : http://localhost:8354 : 1
18:26:44.227 [AsyncHttpClient-1-1] DEBUG org.asynchttpclient.netty.channel.DefaultChannelPool - Entry count for : http://localhost:55138 : 1
18:26:45.316 [AsyncHttpClient-1-1] DEBUG org.asynchttpclient.netty.channel.DefaultChannelPool - Entry count for : http://localhost:8354 : 1
18:26:45.316 [AsyncHttpClient-1-1] DEBUG org.asynchttpclient.netty.channel.DefaultChannelPool - Entry count for : http://localhost:55138 : 1
18:26:46.418 [AsyncHttpClient-1-1] DEBUG org.asynchttpclient.netty.channel.DefaultChannelPool - Entry count for : http://localhost:8354 : 1
18:26:46.418 [AsyncHttpClient-1-1] DEBUG org.asynchttpclient.netty.channel.DefaultChannelPool - Entry count for : http://localhost:55138 : 1
18:26:47.518 [AsyncHttpClient-1-1] DEBUG org.asynchttpclient.netty.channel.DefaultChannelPool - Entry count for : http://localhost:8354 : 1
18:26:47.518 [AsyncHttpClient-1-1] DEBUG org.asynchttpclient.netty.channel.DefaultChannelPool - Entry count for : http://localhost:55138 : 1
18:26:48.607 [AsyncHttpClient-1-7] DEBUG org.asynchttpclient.netty.handler.HttpHandler - 

Request DefaultHttpRequest(decodeResult: success, version: HTTP/1.1)
POST /session/238a4d0c2a0841fb1f0fdba08771013c/element/33909cb4-37ca-47ff-9efe-de932780ed1e/click HTTP/1.1
User-Agent: selenium/4.5.3 (java mac)
Content-Length: 50
Content-Type: application/json; charset=utf-8
host: localhost:47263
accept: */*

Response DefaultHttpResponse(decodeResult: success, version: HTTP/1.1)
HTTP/1.1 200 OK
Content-Length: 14
Content-Type: application/json; charset=utf-8
cache-control: no-cache

18:26:48.608 [AsyncHttpClient-1-7] DEBUG org.asynchttpclient.netty.channel.ChannelManager - Adding key: http://localhost:47263 for channel [id: 0x5f9b9e58, L:/127.0.0.1:55134 - R:localhost/127.0.0.1:47263]
18:26:48.611 [Forwarding findElements on session 238a4d0c2a0841fb1f0fdba08771013c to remote] DEBUG org.asynchttpclient.netty.request.NettyRequestSender - Using pooled Channel '[id: 0x5f9b9e58, L:/127.0.0.1:55134 - R:localhost/127.0.0.1:47263]' for 'POST' to 'http://localhost:47263/session/238a4d0c2a0841fb1f0fdba08771013c/elements'
18:26:48.611 [Forwarding findElements on session 238a4d0c2a0841fb1f0fdba08771013c to remote] DEBUG org.asynchttpclient.netty.request.NettyRequestSender - Using open Channel [id: 0x5f9b9e58, L:/127.0.0.1:55134 - R:localhost/127.0.0.1:47263] for POST '/session/238a4d0c2a0841fb1f0fdba08771013c/elements'
18:26:48.616 [AsyncHttpClient-1-1] DEBUG org.asynchttpclient.netty.channel.DefaultChannelPool - Entry count for : http://localhost:8354 : 1
18:26:48.616 [AsyncHttpClient-1-1] DEBUG org.asynchttpclient.netty.channel.DefaultChannelPool - Entry count for : http://localhost:55138 : 1
18:26:48.885 [AsyncHttpClient-1-7] DEBUG org.asynchttpclient.netty.handler.HttpHandler - 

Request DefaultHttpRequest(decodeResult: success, version: HTTP/1.1)
POST /session/238a4d0c2a0841fb1f0fdba08771013c/elements HTTP/1.1
User-Agent: selenium/4.5.3 (java mac)
Content-Length: 51
Content-Type: application/json; charset=utf-8
host: localhost:47263
accept: */*

Response DefaultHttpResponse(decodeResult: success, version: HTTP/1.1)
HTTP/1.1 200 OK
Content-Length: 5462
Content-Type: application/json; charset=utf-8
cache-control: no-cache

18:26:48.890 [AsyncHttpClient-1-7] DEBUG org.asynchttpclient.netty.channel.ChannelManager - Adding key: http://localhost:47263 for channel [id: 0x5f9b9e58, L:/127.0.0.1:55134 - R:localhost/127.0.0.1:47263]
18:26:48.909 [Forwarding findChildElement on session 238a4d0c2a0841fb1f0fdba08771013c to remote] DEBUG org.asynchttpclient.netty.request.NettyRequestSender - Using pooled Channel '[id: 0x5f9b9e58, L:/127.0.0.1:55134 - R:localhost/127.0.0.1:47263]' for 'POST' to 'http://localhost:47263/session/238a4d0c2a0841fb1f0fdba08771013c/element/da69884f-7164-457a-a13a-8ba18ac9f147/element'
18:26:48.909 [Forwarding findChildElement on session 238a4d0c2a0841fb1f0fdba08771013c to remote] DEBUG org.asynchttpclient.netty.request.NettyRequestSender - Using open Channel [id: 0x5f9b9e58, L:/127.0.0.1:55134 - R:localhost/127.0.0.1:47263] for POST '/session/238a4d0c2a0841fb1f0fdba08771013c/element/da69884f-7164-457a-a13a-8ba18ac9f147/element'
18:26:49.712 [AsyncHttpClient-1-1] DEBUG org.asynchttpclient.netty.channel.DefaultChannelPool - Entry count for : http://localhost:8354 : 1
18:26:49.712 [AsyncHttpClient-1-1] DEBUG org.asynchttpclient.netty.channel.DefaultChannelPool - Entry count for : http://localhost:55138 : 1
18:26:50.816 [AsyncHttpClient-1-1] DEBUG org.asynchttpclient.netty.channel.DefaultChannelPool - Entry count for : http://localhost:8354 : 1
18:26:50.816 [AsyncHttpClient-1-1] DEBUG org.asynchttpclient.netty.channel.DefaultChannelPool - Entry count for : http://localhost:55138 : 1
18:26:51.176 [AsyncHttpClient-1-7] DEBUG org.asynchttpclient.netty.handler.HttpHandler - 

Request DefaultHttpRequest(decodeResult: success, version: HTTP/1.1)
POST /session/238a4d0c2a0841fb1f0fdba08771013c/element/da69884f-7164-457a-a13a-8ba18ac9f147/element HTTP/1.1
User-Agent: selenium/4.5.3 (java mac)
Content-Length: 106
Content-Type: application/json; charset=utf-8
host: localhost:47263
accept: */*

Response DefaultHttpResponse(decodeResult: success, version: HTTP/1.1)
HTTP/1.1 200 OK
Content-Length: 88
Content-Type: application/json; charset=utf-8
cache-control: no-cache

18:26:51.177 [AsyncHttpClient-1-7] DEBUG org.asynchttpclient.netty.channel.ChannelManager - Adding key: http://localhost:47263 for channel [id: 0x5f9b9e58, L:/127.0.0.1:55134 - R:localhost/127.0.0.1:47263]
18:26:51.182 [Forwarding getElementText on session 238a4d0c2a0841fb1f0fdba08771013c to remote] DEBUG org.asynchttpclient.netty.request.NettyRequestSender - Using pooled Channel '[id: 0x5f9b9e58, L:/127.0.0.1:55134 - R:localhost/127.0.0.1:47263]' for 'GET' to 'http://localhost:47263/session/238a4d0c2a0841fb1f0fdba08771013c/element/b9b50fc0-7236-4b9f-ab00-3ca450f4276c/text'
18:26:51.183 [Forwarding getElementText on session 238a4d0c2a0841fb1f0fdba08771013c to remote] DEBUG org.asynchttpclient.netty.request.NettyRequestSender - Using open Channel [id: 0x5f9b9e58, L:/127.0.0.1:55134 - R:localhost/127.0.0.1:47263] for GET '/session/238a4d0c2a0841fb1f0fdba08771013c/element/b9b50fc0-7236-4b9f-ab00-3ca450f4276c/text'
18:26:51.916 [AsyncHttpClient-1-1] DEBUG org.asynchttpclient.netty.channel.DefaultChannelPool - Entry count for : http://localhost:8354 : 1
18:26:51.916 [AsyncHttpClient-1-1] DEBUG org.asynchttpclient.netty.channel.DefaultChannelPool - Entry count for : http://localhost:55138 : 1
18:26:52.666 [AsyncHttpClient-1-7] DEBUG org.asynchttpclient.netty.handler.HttpHandler - 

Request DefaultFullHttpRequest(decodeResult: success, version: HTTP/1.1, content: EmptyByteBufBE)
GET /session/238a4d0c2a0841fb1f0fdba08771013c/element/b9b50fc0-7236-4b9f-ab00-3ca450f4276c/text HTTP/1.1
User-Agent: selenium/4.5.3 (java mac)
Cache-Control: no-cache
Content-Type: application/json; charset=utf-8
host: localhost:47263
accept: */*

Response DefaultHttpResponse(decodeResult: success, version: HTTP/1.1)
HTTP/1.1 200 OK
Content-Length: 12
Content-Type: application/json; charset=utf-8
cache-control: no-cache

18:26:52.667 [AsyncHttpClient-1-7] DEBUG org.asynchttpclient.netty.channel.ChannelManager - Adding key: http://localhost:47263 for channel [id: 0x5f9b9e58, L:/127.0.0.1:55134 - R:localhost/127.0.0.1:47263]
18:26:52.669 [Forwarding findChildElement on session 238a4d0c2a0841fb1f0fdba08771013c to remote] DEBUG org.asynchttpclient.netty.request.NettyRequestSender - Using pooled Channel '[id: 0x5f9b9e58, L:/127.0.0.1:55134 - R:localhost/127.0.0.1:47263]' for 'POST' to 'http://localhost:47263/session/238a4d0c2a0841fb1f0fdba08771013c/element/da69884f-7164-457a-a13a-8ba18ac9f147/element'
18:26:52.669 [Forwarding findChildElement on session 238a4d0c2a0841fb1f0fdba08771013c to remote] DEBUG org.asynchttpclient.netty.request.NettyRequestSender - Using open Channel [id: 0x5f9b9e58, L:/127.0.0.1:55134 - R:localhost/127.0.0.1:47263] for POST '/session/238a4d0c2a0841fb1f0fdba08771013c/element/da69884f-7164-457a-a13a-8ba18ac9f147/element'
18:26:53.011 [AsyncHttpClient-1-1] DEBUG org.asynchttpclient.netty.channel.DefaultChannelPool - Entry count for : http://localhost:8354 : 1
18:26:53.011 [AsyncHttpClient-1-1] DEBUG org.asynchttpclient.netty.channel.DefaultChannelPool - Entry count for : http://localhost:55138 : 1
18:26:54.111 [AsyncHttpClient-1-1] DEBUG org.asynchttpclient.netty.channel.DefaultChannelPool - Entry count for : http://localhost:8354 : 1
18:26:54.111 [AsyncHttpClient-1-1] DEBUG org.asynchttpclient.netty.channel.DefaultChannelPool - Entry count for : http://localhost:55138 : 1
18:26:55.211 [AsyncHttpClient-1-1] DEBUG org.asynchttpclient.netty.channel.DefaultChannelPool - Entry count for : http://localhost:8354 : 1
18:26:55.211 [AsyncHttpClient-1-1] DEBUG org.asynchttpclient.netty.channel.DefaultChannelPool - Entry count for : http://localhost:55138 : 1
18:26:55.504 [AsyncHttpClient-1-7] DEBUG org.asynchttpclient.netty.handler.HttpHandler - 

Request DefaultHttpRequest(decodeResult: success, version: HTTP/1.1)
POST /session/238a4d0c2a0841fb1f0fdba08771013c/element/da69884f-7164-457a-a13a-8ba18ac9f147/element HTTP/1.1
User-Agent: selenium/4.5.3 (java mac)
Content-Length: 106
Content-Type: application/json; charset=utf-8
host: localhost:47263
accept: */*

Response DefaultHttpResponse(decodeResult: success, version: HTTP/1.1)
HTTP/1.1 200 OK
Content-Length: 88
Content-Type: application/json; charset=utf-8
cache-control: no-cache

18:26:55.504 [AsyncHttpClient-1-7] DEBUG org.asynchttpclient.netty.channel.ChannelManager - Adding key: http://localhost:47263 for channel [id: 0x5f9b9e58, L:/127.0.0.1:55134 - R:localhost/127.0.0.1:47263]
18:26:55.506 [Forwarding getElementText on session 238a4d0c2a0841fb1f0fdba08771013c to remote] DEBUG org.asynchttpclient.netty.request.NettyRequestSender - Using pooled Channel '[id: 0x5f9b9e58, L:/127.0.0.1:55134 - R:localhost/127.0.0.1:47263]' for 'GET' to 'http://localhost:47263/session/238a4d0c2a0841fb1f0fdba08771013c/element/b6673c29-da27-4ea0-a723-27363149ad69/text'
18:26:55.506 [Forwarding getElementText on session 238a4d0c2a0841fb1f0fdba08771013c to remote] DEBUG org.asynchttpclient.netty.request.NettyRequestSender - Using open Channel [id: 0x5f9b9e58, L:/127.0.0.1:55134 - R:localhost/127.0.0.1:47263] for GET '/session/238a4d0c2a0841fb1f0fdba08771013c/element/b6673c29-da27-4ea0-a723-27363149ad69/text'
18:26:56.169 [AsyncHttpClient-1-7] DEBUG org.asynchttpclient.netty.handler.HttpHandler - 

Request DefaultFullHttpRequest(decodeResult: success, version: HTTP/1.1, content: EmptyByteBufBE)
GET /session/238a4d0c2a0841fb1f0fdba08771013c/element/b6673c29-da27-4ea0-a723-27363149ad69/text HTTP/1.1
User-Agent: selenium/4.5.3 (java mac)
Cache-Control: no-cache
Content-Type: application/json; charset=utf-8
host: localhost:47263
accept: */*

Response DefaultHttpResponse(decodeResult: success, version: HTTP/1.1)
HTTP/1.1 200 OK
Content-Length: 12
Content-Type: application/json; charset=utf-8
cache-control: no-cache

18:26:56.169 [AsyncHttpClient-1-7] DEBUG org.asynchttpclient.netty.channel.ChannelManager - Adding key: http://localhost:47263 for channel [id: 0x5f9b9e58, L:/127.0.0.1:55134 - R:localhost/127.0.0.1:47263]
18:26:56.179 [Forwarding findChildElement on session 238a4d0c2a0841fb1f0fdba08771013c to remote] DEBUG org.asynchttpclient.netty.request.NettyRequestSender - Using pooled Channel '[id: 0x5f9b9e58, L:/127.0.0.1:55134 - R:localhost/127.0.0.1:47263]' for 'POST' to 'http://localhost:47263/session/238a4d0c2a0841fb1f0fdba08771013c/element/9e17d400-e3ca-44e2-8e9d-c915096f7a29/element'
18:26:56.179 [Forwarding findChildElement on session 238a4d0c2a0841fb1f0fdba08771013c to remote] DEBUG org.asynchttpclient.netty.request.NettyRequestSender - Using open Channel [id: 0x5f9b9e58, L:/127.0.0.1:55134 - R:localhost/127.0.0.1:47263] for POST '/session/238a4d0c2a0841fb1f0fdba08771013c/element/9e17d400-e3ca-44e2-8e9d-c915096f7a29/element'
18:26:56.316 [AsyncHttpClient-1-1] DEBUG org.asynchttpclient.netty.channel.DefaultChannelPool - Entry count for : http://localhost:8354 : 1
18:26:56.316 [AsyncHttpClient-1-1] DEBUG org.asynchttpclient.netty.channel.DefaultChannelPool - Entry count for : http://localhost:55138 : 1
18:26:57.416 [AsyncHttpClient-1-1] DEBUG org.asynchttpclient.netty.channel.DefaultChannelPool - Entry count for : http://localhost:8354 : 1
18:26:57.416 [AsyncHttpClient-1-1] DEBUG org.asynchttpclient.netty.channel.DefaultChannelPool - Entry count for : http://localhost:55138 : 1
18:26:57.762 [AsyncHttpClient-1-7] DEBUG org.asynchttpclient.netty.handler.HttpHandler - 

Request DefaultHttpRequest(decodeResult: success, version: HTTP/1.1)
POST /session/238a4d0c2a0841fb1f0fdba08771013c/element/9e17d400-e3ca-44e2-8e9d-c915096f7a29/element HTTP/1.1
User-Agent: selenium/4.5.3 (java mac)
Content-Length: 106
Content-Type: application/json; charset=utf-8
host: localhost:47263
accept: */*

Response DefaultHttpResponse(decodeResult: success, version: HTTP/1.1)
HTTP/1.1 200 OK
Content-Length: 88
Content-Type: application/json; charset=utf-8
cache-control: no-cache

18:26:57.762 [AsyncHttpClient-1-7] DEBUG org.asynchttpclient.netty.channel.ChannelManager - Adding key: http://localhost:47263 for channel [id: 0x5f9b9e58, L:/127.0.0.1:55134 - R:localhost/127.0.0.1:47263]
18:26:57.762 [Forwarding getElementText on session 238a4d0c2a0841fb1f0fdba08771013c to remote] DEBUG org.asynchttpclient.netty.request.NettyRequestSender - Using pooled Channel '[id: 0x5f9b9e58, L:/127.0.0.1:55134 - R:localhost/127.0.0.1:47263]' for 'GET' to 'http://localhost:47263/session/238a4d0c2a0841fb1f0fdba08771013c/element/40b35bec-b51d-4576-98f4-32729af182b6/text'
18:26:57.762 [Forwarding getElementText on session 238a4d0c2a0841fb1f0fdba08771013c to remote] DEBUG org.asynchttpclient.netty.request.NettyRequestSender - Using open Channel [id: 0x5f9b9e58, L:/127.0.0.1:55134 - R:localhost/127.0.0.1:47263] for GET '/session/238a4d0c2a0841fb1f0fdba08771013c/element/40b35bec-b51d-4576-98f4-32729af182b6/text'
18:26:58.208 [AsyncHttpClient-1-7] DEBUG org.asynchttpclient.netty.handler.HttpHandler - 

Request DefaultFullHttpRequest(decodeResult: success, version: HTTP/1.1, content: EmptyByteBufBE)
GET /session/238a4d0c2a0841fb1f0fdba08771013c/element/40b35bec-b51d-4576-98f4-32729af182b6/text HTTP/1.1
User-Agent: selenium/4.5.3 (java mac)
Cache-Control: no-cache
Content-Type: application/json; charset=utf-8
host: localhost:47263
accept: */*

Response DefaultHttpResponse(decodeResult: success, version: HTTP/1.1)
HTTP/1.1 200 OK
Content-Length: 76
Content-Type: application/json; charset=utf-8
cache-control: no-cache

18:26:58.209 [AsyncHttpClient-1-7] DEBUG org.asynchttpclient.netty.channel.ChannelManager - Adding key: http://localhost:47263 for channel [id: 0x5f9b9e58, L:/127.0.0.1:55134 - R:localhost/127.0.0.1:47263]
18:26:58.211 [Forwarding findChildElement on session 238a4d0c2a0841fb1f0fdba08771013c to remote] DEBUG org.asynchttpclient.netty.request.NettyRequestSender - Using pooled Channel '[id: 0x5f9b9e58, L:/127.0.0.1:55134 - R:localhost/127.0.0.1:47263]' for 'POST' to 'http://localhost:47263/session/238a4d0c2a0841fb1f0fdba08771013c/element/9e17d400-e3ca-44e2-8e9d-c915096f7a29/element'
18:26:58.211 [Forwarding findChildElement on session 238a4d0c2a0841fb1f0fdba08771013c to remote] DEBUG org.asynchttpclient.netty.request.NettyRequestSender - Using open Channel [id: 0x5f9b9e58, L:/127.0.0.1:55134 - R:localhost/127.0.0.1:47263] for POST '/session/238a4d0c2a0841fb1f0fdba08771013c/element/9e17d400-e3ca-44e2-8e9d-c915096f7a29/element'
18:26:58.286 [AsyncHttpClient-1-7] DEBUG org.asynchttpclient.netty.handler.HttpHandler - 

Request DefaultHttpRequest(decodeResult: success, version: HTTP/1.1)
POST /session/238a4d0c2a0841fb1f0fdba08771013c/element/9e17d400-e3ca-44e2-8e9d-c915096f7a29/element HTTP/1.1
User-Agent: selenium/4.5.3 (java mac)
Content-Length: 106
Content-Type: application/json; charset=utf-8
host: localhost:47263
accept: */*

Response DefaultHttpResponse(decodeResult: success, version: HTTP/1.1)
HTTP/1.1 200 OK
Content-Length: 88
Content-Type: application/json; charset=utf-8
cache-control: no-cache

18:26:58.287 [AsyncHttpClient-1-7] DEBUG org.asynchttpclient.netty.channel.ChannelManager - Adding key: http://localhost:47263 for channel [id: 0x5f9b9e58, L:/127.0.0.1:55134 - R:localhost/127.0.0.1:47263]
18:26:58.288 [Forwarding getElementText on session 238a4d0c2a0841fb1f0fdba08771013c to remote] DEBUG org.asynchttpclient.netty.request.NettyRequestSender - Using pooled Channel '[id: 0x5f9b9e58, L:/127.0.0.1:55134 - R:localhost/127.0.0.1:47263]' for 'GET' to 'http://localhost:47263/session/238a4d0c2a0841fb1f0fdba08771013c/element/6f0a0a8d-d0a5-4764-86c1-e1e9cb09a0e4/text'
18:26:58.288 [Forwarding getElementText on session 238a4d0c2a0841fb1f0fdba08771013c to remote] DEBUG org.asynchttpclient.netty.request.NettyRequestSender - Using open Channel [id: 0x5f9b9e58, L:/127.0.0.1:55134 - R:localhost/127.0.0.1:47263] for GET '/session/238a4d0c2a0841fb1f0fdba08771013c/element/6f0a0a8d-d0a5-4764-86c1-e1e9cb09a0e4/text'
18:26:58.319 [AsyncHttpClient-1-7] DEBUG org.asynchttpclient.netty.handler.HttpHandler - 

Request DefaultFullHttpRequest(decodeResult: success, version: HTTP/1.1, content: EmptyByteBufBE)
GET /session/238a4d0c2a0841fb1f0fdba08771013c/element/6f0a0a8d-d0a5-4764-86c1-e1e9cb09a0e4/text HTTP/1.1
User-Agent: selenium/4.5.3 (java mac)
Cache-Control: no-cache
Content-Type: application/json; charset=utf-8
host: localhost:47263
accept: */*

Response DefaultHttpResponse(decodeResult: success, version: HTTP/1.1)
HTTP/1.1 200 OK
Content-Length: 19
Content-Type: application/json; charset=utf-8
cache-control: no-cache

18:26:58.319 [AsyncHttpClient-1-7] DEBUG org.asynchttpclient.netty.channel.ChannelManager - Adding key: http://localhost:47263 for channel [id: 0x5f9b9e58, L:/127.0.0.1:55134 - R:localhost/127.0.0.1:47263]
18:26:58.320 [Forwarding findChildElement on session 238a4d0c2a0841fb1f0fdba08771013c to remote] DEBUG org.asynchttpclient.netty.request.NettyRequestSender - Using pooled Channel '[id: 0x5f9b9e58, L:/127.0.0.1:55134 - R:localhost/127.0.0.1:47263]' for 'POST' to 'http://localhost:47263/session/238a4d0c2a0841fb1f0fdba08771013c/element/4ecbe3b3-d270-437f-8d3a-1cd67e1155e1/element'
18:26:58.321 [Forwarding findChildElement on session 238a4d0c2a0841fb1f0fdba08771013c to remote] DEBUG org.asynchttpclient.netty.request.NettyRequestSender - Using open Channel [id: 0x5f9b9e58, L:/127.0.0.1:55134 - R:localhost/127.0.0.1:47263] for POST '/session/238a4d0c2a0841fb1f0fdba08771013c/element/4ecbe3b3-d270-437f-8d3a-1cd67e1155e1/element'
18:26:58.473 [AsyncHttpClient-1-7] DEBUG org.asynchttpclient.netty.handler.HttpHandler - 

Request DefaultHttpRequest(decodeResult: success, version: HTTP/1.1)
POST /session/238a4d0c2a0841fb1f0fdba08771013c/element/4ecbe3b3-d270-437f-8d3a-1cd67e1155e1/element HTTP/1.1
User-Agent: selenium/4.5.3 (java mac)
Content-Length: 106
Content-Type: application/json; charset=utf-8
host: localhost:47263
accept: */*

Response DefaultHttpResponse(decodeResult: success, version: HTTP/1.1)
HTTP/1.1 200 OK
Content-Length: 88
Content-Type: application/json; charset=utf-8
cache-control: no-cache

18:26:58.473 [AsyncHttpClient-1-7] DEBUG org.asynchttpclient.netty.channel.ChannelManager - Adding key: http://localhost:47263 for channel [id: 0x5f9b9e58, L:/127.0.0.1:55134 - R:localhost/127.0.0.1:47263]
18:26:58.474 [Forwarding getElementText on session 238a4d0c2a0841fb1f0fdba08771013c to remote] DEBUG org.asynchttpclient.netty.request.NettyRequestSender - Using pooled Channel '[id: 0x5f9b9e58, L:/127.0.0.1:55134 - R:localhost/127.0.0.1:47263]' for 'GET' to 'http://localhost:47263/session/238a4d0c2a0841fb1f0fdba08771013c/element/3b7a4070-18e3-4cb1-bfd6-fdb64134034f/text'
18:26:58.474 [Forwarding getElementText on session 238a4d0c2a0841fb1f0fdba08771013c to remote] DEBUG org.asynchttpclient.netty.request.NettyRequestSender - Using open Channel [id: 0x5f9b9e58, L:/127.0.0.1:55134 - R:localhost/127.0.0.1:47263] for GET '/session/238a4d0c2a0841fb1f0fdba08771013c/element/3b7a4070-18e3-4cb1-bfd6-fdb64134034f/text'
18:26:58.518 [AsyncHttpClient-1-1] DEBUG org.asynchttpclient.netty.channel.DefaultChannelPool - Entry count for : http://localhost:8354 : 1
18:26:58.519 [AsyncHttpClient-1-1] DEBUG org.asynchttpclient.netty.channel.DefaultChannelPool - Entry count for : http://localhost:55138 : 1
18:26:58.523 [AsyncHttpClient-1-7] DEBUG org.asynchttpclient.netty.handler.HttpHandler - 

Request DefaultFullHttpRequest(decodeResult: success, version: HTTP/1.1, content: EmptyByteBufBE)
GET /session/238a4d0c2a0841fb1f0fdba08771013c/element/3b7a4070-18e3-4cb1-bfd6-fdb64134034f/text HTTP/1.1
User-Agent: selenium/4.5.3 (java mac)
Cache-Control: no-cache
Content-Type: application/json; charset=utf-8
host: localhost:47263
accept: */*

Response DefaultHttpResponse(decodeResult: success, version: HTTP/1.1)
HTTP/1.1 200 OK
Content-Length: 87
Content-Type: application/json; charset=utf-8
cache-control: no-cache

18:26:58.523 [AsyncHttpClient-1-7] DEBUG org.asynchttpclient.netty.channel.ChannelManager - Adding key: http://localhost:47263 for channel [id: 0x5f9b9e58, L:/127.0.0.1:55134 - R:localhost/127.0.0.1:47263]
18:26:58.525 [Forwarding findChildElement on session 238a4d0c2a0841fb1f0fdba08771013c to remote] DEBUG org.asynchttpclient.netty.request.NettyRequestSender - Using pooled Channel '[id: 0x5f9b9e58, L:/127.0.0.1:55134 - R:localhost/127.0.0.1:47263]' for 'POST' to 'http://localhost:47263/session/238a4d0c2a0841fb1f0fdba08771013c/element/4ecbe3b3-d270-437f-8d3a-1cd67e1155e1/element'
18:26:58.525 [Forwarding findChildElement on session 238a4d0c2a0841fb1f0fdba08771013c to remote] DEBUG org.asynchttpclient.netty.request.NettyRequestSender - Using open Channel [id: 0x5f9b9e58, L:/127.0.0.1:55134 - R:localhost/127.0.0.1:47263] for POST '/session/238a4d0c2a0841fb1f0fdba08771013c/element/4ecbe3b3-d270-437f-8d3a-1cd67e1155e1/element'
18:26:58.821 [AsyncHttpClient-1-7] DEBUG org.asynchttpclient.netty.handler.HttpHandler - 

Request DefaultHttpRequest(decodeResult: success, version: HTTP/1.1)
POST /session/238a4d0c2a0841fb1f0fdba08771013c/element/4ecbe3b3-d270-437f-8d3a-1cd67e1155e1/element HTTP/1.1
User-Agent: selenium/4.5.3 (java mac)
Content-Length: 106
Content-Type: application/json; charset=utf-8
host: localhost:47263
accept: */*

Response DefaultHttpResponse(decodeResult: success, version: HTTP/1.1)
HTTP/1.1 200 OK
Content-Length: 88
Content-Type: application/json; charset=utf-8
cache-control: no-cache

18:26:58.821 [AsyncHttpClient-1-7] DEBUG org.asynchttpclient.netty.channel.ChannelManager - Adding key: http://localhost:47263 for channel [id: 0x5f9b9e58, L:/127.0.0.1:55134 - R:localhost/127.0.0.1:47263]
18:26:58.821 [Forwarding getElementText on session 238a4d0c2a0841fb1f0fdba08771013c to remote] DEBUG org.asynchttpclient.netty.request.NettyRequestSender - Using pooled Channel '[id: 0x5f9b9e58, L:/127.0.0.1:55134 - R:localhost/127.0.0.1:47263]' for 'GET' to 'http://localhost:47263/session/238a4d0c2a0841fb1f0fdba08771013c/element/9603e116-03a4-495b-a3da-2c8256d882cf/text'
18:26:58.821 [Forwarding getElementText on session 238a4d0c2a0841fb1f0fdba08771013c to remote] DEBUG org.asynchttpclient.netty.request.NettyRequestSender - Using open Channel [id: 0x5f9b9e58, L:/127.0.0.1:55134 - R:localhost/127.0.0.1:47263] for GET '/session/238a4d0c2a0841fb1f0fdba08771013c/element/9603e116-03a4-495b-a3da-2c8256d882cf/text'
18:26:58.886 [AsyncHttpClient-1-7] DEBUG org.asynchttpclient.netty.handler.HttpHandler - 

Request DefaultFullHttpRequest(decodeResult: success, version: HTTP/1.1, content: EmptyByteBufBE)
GET /session/238a4d0c2a0841fb1f0fdba08771013c/element/9603e116-03a4-495b-a3da-2c8256d882cf/text HTTP/1.1
User-Agent: selenium/4.5.3 (java mac)
Cache-Control: no-cache
Content-Type: application/json; charset=utf-8
host: localhost:47263
accept: */*

Response DefaultHttpResponse(decodeResult: success, version: HTTP/1.1)
HTTP/1.1 200 OK
Content-Length: 19
Content-Type: application/json; charset=utf-8
cache-control: no-cache

18:26:58.886 [AsyncHttpClient-1-7] DEBUG org.asynchttpclient.netty.channel.ChannelManager - Adding key: http://localhost:47263 for channel [id: 0x5f9b9e58, L:/127.0.0.1:55134 - R:localhost/127.0.0.1:47263]
18:26:58.887 [Forwarding findChildElement on session 238a4d0c2a0841fb1f0fdba08771013c to remote] DEBUG org.asynchttpclient.netty.request.NettyRequestSender - Using pooled Channel '[id: 0x5f9b9e58, L:/127.0.0.1:55134 - R:localhost/127.0.0.1:47263]' for 'POST' to 'http://localhost:47263/session/238a4d0c2a0841fb1f0fdba08771013c/element/c094b142-da6c-4cf3-9368-d68edf3cc327/element'
18:26:58.887 [Forwarding findChildElement on session 238a4d0c2a0841fb1f0fdba08771013c to remote] DEBUG org.asynchttpclient.netty.request.NettyRequestSender - Using open Channel [id: 0x5f9b9e58, L:/127.0.0.1:55134 - R:localhost/127.0.0.1:47263] for POST '/session/238a4d0c2a0841fb1f0fdba08771013c/element/c094b142-da6c-4cf3-9368-d68edf3cc327/element'
18:26:58.913 [AsyncHttpClient-1-7] DEBUG org.asynchttpclient.netty.handler.HttpHandler - 

Request DefaultHttpRequest(decodeResult: success, version: HTTP/1.1)
POST /session/238a4d0c2a0841fb1f0fdba08771013c/element/c094b142-da6c-4cf3-9368-d68edf3cc327/element HTTP/1.1
User-Agent: selenium/4.5.3 (java mac)
Content-Length: 106
Content-Type: application/json; charset=utf-8
host: localhost:47263
accept: */*

Response DefaultHttpResponse(decodeResult: success, version: HTTP/1.1)
HTTP/1.1 200 OK
Content-Length: 88
Content-Type: application/json; charset=utf-8
cache-control: no-cache

18:26:58.915 [AsyncHttpClient-1-7] DEBUG org.asynchttpclient.netty.channel.ChannelManager - Adding key: http://localhost:47263 for channel [id: 0x5f9b9e58, L:/127.0.0.1:55134 - R:localhost/127.0.0.1:47263]
18:26:58.917 [Forwarding getElementText on session 238a4d0c2a0841fb1f0fdba08771013c to remote] DEBUG org.asynchttpclient.netty.request.NettyRequestSender - Using pooled Channel '[id: 0x5f9b9e58, L:/127.0.0.1:55134 - R:localhost/127.0.0.1:47263]' for 'GET' to 'http://localhost:47263/session/238a4d0c2a0841fb1f0fdba08771013c/element/9176d923-232e-4f51-a6ae-8f97ae99a366/text'
18:26:58.917 [Forwarding getElementText on session 238a4d0c2a0841fb1f0fdba08771013c to remote] DEBUG org.asynchttpclient.netty.request.NettyRequestSender - Using open Channel [id: 0x5f9b9e58, L:/127.0.0.1:55134 - R:localhost/127.0.0.1:47263] for GET '/session/238a4d0c2a0841fb1f0fdba08771013c/element/9176d923-232e-4f51-a6ae-8f97ae99a366/text'
18:26:59.116 [AsyncHttpClient-1-7] DEBUG org.asynchttpclient.netty.handler.HttpHandler - 

Request DefaultFullHttpRequest(decodeResult: success, version: HTTP/1.1, content: EmptyByteBufBE)
GET /session/238a4d0c2a0841fb1f0fdba08771013c/element/9176d923-232e-4f51-a6ae-8f97ae99a366/text HTTP/1.1
User-Agent: selenium/4.5.3 (java mac)
Cache-Control: no-cache
Content-Type: application/json; charset=utf-8
host: localhost:47263
accept: */*

Response DefaultHttpResponse(decodeResult: success, version: HTTP/1.1)
HTTP/1.1 200 OK
Content-Length: 75
Content-Type: application/json; charset=utf-8
cache-control: no-cache

18:26:59.116 [AsyncHttpClient-1-7] DEBUG org.asynchttpclient.netty.channel.ChannelManager - Adding key: http://localhost:47263 for channel [id: 0x5f9b9e58, L:/127.0.0.1:55134 - R:localhost/127.0.0.1:47263]
18:26:59.117 [Forwarding findChildElement on session 238a4d0c2a0841fb1f0fdba08771013c to remote] DEBUG org.asynchttpclient.netty.request.NettyRequestSender - Using pooled Channel '[id: 0x5f9b9e58, L:/127.0.0.1:55134 - R:localhost/127.0.0.1:47263]' for 'POST' to 'http://localhost:47263/session/238a4d0c2a0841fb1f0fdba08771013c/element/c094b142-da6c-4cf3-9368-d68edf3cc327/element'
18:26:59.117 [Forwarding findChildElement on session 238a4d0c2a0841fb1f0fdba08771013c to remote] DEBUG org.asynchttpclient.netty.request.NettyRequestSender - Using open Channel [id: 0x5f9b9e58, L:/127.0.0.1:55134 - R:localhost/127.0.0.1:47263] for POST '/session/238a4d0c2a0841fb1f0fdba08771013c/element/c094b142-da6c-4cf3-9368-d68edf3cc327/element'
18:26:59.328 [AsyncHttpClient-1-7] DEBUG org.asynchttpclient.netty.handler.HttpHandler - 

Request DefaultHttpRequest(decodeResult: success, version: HTTP/1.1)
POST /session/238a4d0c2a0841fb1f0fdba08771013c/element/c094b142-da6c-4cf3-9368-d68edf3cc327/element HTTP/1.1
User-Agent: selenium/4.5.3 (java mac)
Content-Length: 106
Content-Type: application/json; charset=utf-8
host: localhost:47263
accept: */*

Response DefaultHttpResponse(decodeResult: success, version: HTTP/1.1)
HTTP/1.1 200 OK
Content-Length: 88
Content-Type: application/json; charset=utf-8
cache-control: no-cache

18:26:59.328 [AsyncHttpClient-1-7] DEBUG org.asynchttpclient.netty.channel.ChannelManager - Adding key: http://localhost:47263 for channel [id: 0x5f9b9e58, L:/127.0.0.1:55134 - R:localhost/127.0.0.1:47263]
18:26:59.329 [Forwarding getElementText on session 238a4d0c2a0841fb1f0fdba08771013c to remote] DEBUG org.asynchttpclient.netty.request.NettyRequestSender - Using pooled Channel '[id: 0x5f9b9e58, L:/127.0.0.1:55134 - R:localhost/127.0.0.1:47263]' for 'GET' to 'http://localhost:47263/session/238a4d0c2a0841fb1f0fdba08771013c/element/22af4337-96d7-47e7-8c54-2edeb85f3c93/text'
18:26:59.329 [Forwarding getElementText on session 238a4d0c2a0841fb1f0fdba08771013c to remote] DEBUG org.asynchttpclient.netty.request.NettyRequestSender - Using open Channel [id: 0x5f9b9e58, L:/127.0.0.1:55134 - R:localhost/127.0.0.1:47263] for GET '/session/238a4d0c2a0841fb1f0fdba08771013c/element/22af4337-96d7-47e7-8c54-2edeb85f3c93/text'
18:26:59.354 [AsyncHttpClient-1-7] DEBUG org.asynchttpclient.netty.handler.HttpHandler - 

Request DefaultFullHttpRequest(decodeResult: success, version: HTTP/1.1, content: EmptyByteBufBE)
GET /session/238a4d0c2a0841fb1f0fdba08771013c/element/22af4337-96d7-47e7-8c54-2edeb85f3c93/text HTTP/1.1
User-Agent: selenium/4.5.3 (java mac)
Cache-Control: no-cache
Content-Type: application/json; charset=utf-8
host: localhost:47263
accept: */*

Response DefaultHttpResponse(decodeResult: success, version: HTTP/1.1)
HTTP/1.1 200 OK
Content-Length: 19
Content-Type: application/json; charset=utf-8
cache-control: no-cache

18:26:59.354 [AsyncHttpClient-1-7] DEBUG org.asynchttpclient.netty.channel.ChannelManager - Adding key: http://localhost:47263 for channel [id: 0x5f9b9e58, L:/127.0.0.1:55134 - R:localhost/127.0.0.1:47263]
18:26:59.355 [Forwarding findChildElement on session 238a4d0c2a0841fb1f0fdba08771013c to remote] DEBUG org.asynchttpclient.netty.request.NettyRequestSender - Using pooled Channel '[id: 0x5f9b9e58, L:/127.0.0.1:55134 - R:localhost/127.0.0.1:47263]' for 'POST' to 'http://localhost:47263/session/238a4d0c2a0841fb1f0fdba08771013c/element/6bd3aa80-a479-4008-bfdf-12c3f521ca4a/element'
18:26:59.355 [Forwarding findChildElement on session 238a4d0c2a0841fb1f0fdba08771013c to remote] DEBUG org.asynchttpclient.netty.request.NettyRequestSender - Using open Channel [id: 0x5f9b9e58, L:/127.0.0.1:55134 - R:localhost/127.0.0.1:47263] for POST '/session/238a4d0c2a0841fb1f0fdba08771013c/element/6bd3aa80-a479-4008-bfdf-12c3f521ca4a/element'
18:26:59.366 [AsyncHttpClient-1-7] DEBUG org.asynchttpclient.netty.handler.HttpHandler - 

Request DefaultHttpRequest(decodeResult: success, version: HTTP/1.1)
POST /session/238a4d0c2a0841fb1f0fdba08771013c/element/6bd3aa80-a479-4008-bfdf-12c3f521ca4a/element HTTP/1.1
User-Agent: selenium/4.5.3 (java mac)
Content-Length: 106
Content-Type: application/json; charset=utf-8
host: localhost:47263
accept: */*

Response DefaultHttpResponse(decodeResult: success, version: HTTP/1.1)
HTTP/1.1 200 OK
Content-Length: 88
Content-Type: application/json; charset=utf-8
cache-control: no-cache

18:26:59.366 [AsyncHttpClient-1-7] DEBUG org.asynchttpclient.netty.channel.ChannelManager - Adding key: http://localhost:47263 for channel [id: 0x5f9b9e58, L:/127.0.0.1:55134 - R:localhost/127.0.0.1:47263]
18:26:59.367 [Forwarding getElementText on session 238a4d0c2a0841fb1f0fdba08771013c to remote] DEBUG org.asynchttpclient.netty.request.NettyRequestSender - Using pooled Channel '[id: 0x5f9b9e58, L:/127.0.0.1:55134 - R:localhost/127.0.0.1:47263]' for 'GET' to 'http://localhost:47263/session/238a4d0c2a0841fb1f0fdba08771013c/element/9c384de7-9b1a-4b9b-877b-022abd45534d/text'
18:26:59.367 [Forwarding getElementText on session 238a4d0c2a0841fb1f0fdba08771013c to remote] DEBUG org.asynchttpclient.netty.request.NettyRequestSender - Using open Channel [id: 0x5f9b9e58, L:/127.0.0.1:55134 - R:localhost/127.0.0.1:47263] for GET '/session/238a4d0c2a0841fb1f0fdba08771013c/element/9c384de7-9b1a-4b9b-877b-022abd45534d/text'
18:26:59.470 [AsyncHttpClient-1-7] DEBUG org.asynchttpclient.netty.handler.HttpHandler - 

Request DefaultFullHttpRequest(decodeResult: success, version: HTTP/1.1, content: EmptyByteBufBE)
GET /session/238a4d0c2a0841fb1f0fdba08771013c/element/9c384de7-9b1a-4b9b-877b-022abd45534d/text HTTP/1.1
User-Agent: selenium/4.5.3 (java mac)
Cache-Control: no-cache
Content-Type: application/json; charset=utf-8
host: localhost:47263
accept: */*

Response DefaultHttpResponse(decodeResult: success, version: HTTP/1.1)
HTTP/1.1 200 OK
Content-Length: 90
Content-Type: application/json; charset=utf-8
cache-control: no-cache

18:26:59.470 [AsyncHttpClient-1-7] DEBUG org.asynchttpclient.netty.channel.ChannelManager - Adding key: http://localhost:47263 for channel [id: 0x5f9b9e58, L:/127.0.0.1:55134 - R:localhost/127.0.0.1:47263]
18:26:59.471 [Forwarding findChildElement on session 238a4d0c2a0841fb1f0fdba08771013c to remote] DEBUG org.asynchttpclient.netty.request.NettyRequestSender - Using pooled Channel '[id: 0x5f9b9e58, L:/127.0.0.1:55134 - R:localhost/127.0.0.1:47263]' for 'POST' to 'http://localhost:47263/session/238a4d0c2a0841fb1f0fdba08771013c/element/6bd3aa80-a479-4008-bfdf-12c3f521ca4a/element'
18:26:59.471 [Forwarding findChildElement on session 238a4d0c2a0841fb1f0fdba08771013c to remote] DEBUG org.asynchttpclient.netty.request.NettyRequestSender - Using open Channel [id: 0x5f9b9e58, L:/127.0.0.1:55134 - R:localhost/127.0.0.1:47263] for POST '/session/238a4d0c2a0841fb1f0fdba08771013c/element/6bd3aa80-a479-4008-bfdf-12c3f521ca4a/element'
18:26:59.525 [AsyncHttpClient-1-7] DEBUG org.asynchttpclient.netty.handler.HttpHandler - 

Request DefaultHttpRequest(decodeResult: success, version: HTTP/1.1)
POST /session/238a4d0c2a0841fb1f0fdba08771013c/element/6bd3aa80-a479-4008-bfdf-12c3f521ca4a/element HTTP/1.1
User-Agent: selenium/4.5.3 (java mac)
Content-Length: 106
Content-Type: application/json; charset=utf-8
host: localhost:47263
accept: */*

Response DefaultHttpResponse(decodeResult: success, version: HTTP/1.1)
HTTP/1.1 200 OK
Content-Length: 88
Content-Type: application/json; charset=utf-8
cache-control: no-cache

18:26:59.526 [AsyncHttpClient-1-7] DEBUG org.asynchttpclient.netty.channel.ChannelManager - Adding key: http://localhost:47263 for channel [id: 0x5f9b9e58, L:/127.0.0.1:55134 - R:localhost/127.0.0.1:47263]
18:26:59.526 [Forwarding getElementText on session 238a4d0c2a0841fb1f0fdba08771013c to remote] DEBUG org.asynchttpclient.netty.request.NettyRequestSender - Using pooled Channel '[id: 0x5f9b9e58, L:/127.0.0.1:55134 - R:localhost/127.0.0.1:47263]' for 'GET' to 'http://localhost:47263/session/238a4d0c2a0841fb1f0fdba08771013c/element/a439ff67-9391-4bd4-8968-e008fe182d52/text'
18:26:59.526 [Forwarding getElementText on session 238a4d0c2a0841fb1f0fdba08771013c to remote] DEBUG org.asynchttpclient.netty.request.NettyRequestSender - Using open Channel [id: 0x5f9b9e58, L:/127.0.0.1:55134 - R:localhost/127.0.0.1:47263] for GET '/session/238a4d0c2a0841fb1f0fdba08771013c/element/a439ff67-9391-4bd4-8968-e008fe182d52/text'
18:26:59.544 [AsyncHttpClient-1-7] DEBUG org.asynchttpclient.netty.handler.HttpHandler - 

Request DefaultFullHttpRequest(decodeResult: success, version: HTTP/1.1, content: EmptyByteBufBE)
GET /session/238a4d0c2a0841fb1f0fdba08771013c/element/a439ff67-9391-4bd4-8968-e008fe182d52/text HTTP/1.1
User-Agent: selenium/4.5.3 (java mac)
Cache-Control: no-cache
Content-Type: application/json; charset=utf-8
host: localhost:47263
accept: */*

Response DefaultHttpResponse(decodeResult: success, version: HTTP/1.1)
HTTP/1.1 200 OK
Content-Length: 19
Content-Type: application/json; charset=utf-8
cache-control: no-cache

18:26:59.544 [AsyncHttpClient-1-7] DEBUG org.asynchttpclient.netty.channel.ChannelManager - Adding key: http://localhost:47263 for channel [id: 0x5f9b9e58, L:/127.0.0.1:55134 - R:localhost/127.0.0.1:47263]
18:26:59.546 [Forwarding findChildElement on session 238a4d0c2a0841fb1f0fdba08771013c to remote] DEBUG org.asynchttpclient.netty.request.NettyRequestSender - Using pooled Channel '[id: 0x5f9b9e58, L:/127.0.0.1:55134 - R:localhost/127.0.0.1:47263]' for 'POST' to 'http://localhost:47263/session/238a4d0c2a0841fb1f0fdba08771013c/element/401072ea-afb6-4466-818a-d6b764b00e7f/element'
18:26:59.546 [Forwarding findChildElement on session 238a4d0c2a0841fb1f0fdba08771013c to remote] DEBUG org.asynchttpclient.netty.request.NettyRequestSender - Using open Channel [id: 0x5f9b9e58, L:/127.0.0.1:55134 - R:localhost/127.0.0.1:47263] for POST '/session/238a4d0c2a0841fb1f0fdba08771013c/element/401072ea-afb6-4466-818a-d6b764b00e7f/element'
18:26:59.569 [AsyncHttpClient-1-7] DEBUG org.asynchttpclient.netty.handler.HttpHandler - 

Request DefaultHttpRequest(decodeResult: success, version: HTTP/1.1)
POST /session/238a4d0c2a0841fb1f0fdba08771013c/element/401072ea-afb6-4466-818a-d6b764b00e7f/element HTTP/1.1
User-Agent: selenium/4.5.3 (java mac)
Content-Length: 106
Content-Type: application/json; charset=utf-8
host: localhost:47263
accept: */*

Response DefaultHttpResponse(decodeResult: success, version: HTTP/1.1)
HTTP/1.1 200 OK
Content-Length: 88
Content-Type: application/json; charset=utf-8
cache-control: no-cache

18:26:59.569 [AsyncHttpClient-1-7] DEBUG org.asynchttpclient.netty.channel.ChannelManager - Adding key: http://localhost:47263 for channel [id: 0x5f9b9e58, L:/127.0.0.1:55134 - R:localhost/127.0.0.1:47263]
18:26:59.569 [Forwarding getElementText on session 238a4d0c2a0841fb1f0fdba08771013c to remote] DEBUG org.asynchttpclient.netty.request.NettyRequestSender - Using pooled Channel '[id: 0x5f9b9e58, L:/127.0.0.1:55134 - R:localhost/127.0.0.1:47263]' for 'GET' to 'http://localhost:47263/session/238a4d0c2a0841fb1f0fdba08771013c/element/d90048c5-0f56-40ff-b902-408564e446dd/text'
18:26:59.569 [Forwarding getElementText on session 238a4d0c2a0841fb1f0fdba08771013c to remote] DEBUG org.asynchttpclient.netty.request.NettyRequestSender - Using open Channel [id: 0x5f9b9e58, L:/127.0.0.1:55134 - R:localhost/127.0.0.1:47263] for GET '/session/238a4d0c2a0841fb1f0fdba08771013c/element/d90048c5-0f56-40ff-b902-408564e446dd/text'
18:26:59.599 [AsyncHttpClient-1-7] DEBUG org.asynchttpclient.netty.handler.HttpHandler - 

Request DefaultFullHttpRequest(decodeResult: success, version: HTTP/1.1, content: EmptyByteBufBE)
GET /session/238a4d0c2a0841fb1f0fdba08771013c/element/d90048c5-0f56-40ff-b902-408564e446dd/text HTTP/1.1
User-Agent: selenium/4.5.3 (java mac)
Cache-Control: no-cache
Content-Type: application/json; charset=utf-8
host: localhost:47263
accept: */*

Response DefaultHttpResponse(decodeResult: success, version: HTTP/1.1)
HTTP/1.1 200 OK
Content-Length: 72
Content-Type: application/json; charset=utf-8
cache-control: no-cache

18:26:59.599 [AsyncHttpClient-1-7] DEBUG org.asynchttpclient.netty.channel.ChannelManager - Adding key: http://localhost:47263 for channel [id: 0x5f9b9e58, L:/127.0.0.1:55134 - R:localhost/127.0.0.1:47263]
18:26:59.601 [Forwarding findChildElement on session 238a4d0c2a0841fb1f0fdba08771013c to remote] DEBUG org.asynchttpclient.netty.request.NettyRequestSender - Using pooled Channel '[id: 0x5f9b9e58, L:/127.0.0.1:55134 - R:localhost/127.0.0.1:47263]' for 'POST' to 'http://localhost:47263/session/238a4d0c2a0841fb1f0fdba08771013c/element/401072ea-afb6-4466-818a-d6b764b00e7f/element'
18:26:59.602 [Forwarding findChildElement on session 238a4d0c2a0841fb1f0fdba08771013c to remote] DEBUG org.asynchttpclient.netty.request.NettyRequestSender - Using open Channel [id: 0x5f9b9e58, L:/127.0.0.1:55134 - R:localhost/127.0.0.1:47263] for POST '/session/238a4d0c2a0841fb1f0fdba08771013c/element/401072ea-afb6-4466-818a-d6b764b00e7f/element'
18:26:59.616 [AsyncHttpClient-1-1] DEBUG org.asynchttpclient.netty.channel.DefaultChannelPool - Entry count for : http://localhost:8354 : 1
18:26:59.616 [AsyncHttpClient-1-1] DEBUG org.asynchttpclient.netty.channel.DefaultChannelPool - Entry count for : http://localhost:55138 : 1
18:26:59.622 [AsyncHttpClient-1-7] DEBUG org.asynchttpclient.netty.handler.HttpHandler - 

Request DefaultHttpRequest(decodeResult: success, version: HTTP/1.1)
POST /session/238a4d0c2a0841fb1f0fdba08771013c/element/401072ea-afb6-4466-818a-d6b764b00e7f/element HTTP/1.1
User-Agent: selenium/4.5.3 (java mac)
Content-Length: 106
Content-Type: application/json; charset=utf-8
host: localhost:47263
accept: */*

Response DefaultHttpResponse(decodeResult: success, version: HTTP/1.1)
HTTP/1.1 200 OK
Content-Length: 88
Content-Type: application/json; charset=utf-8
cache-control: no-cache

18:26:59.622 [AsyncHttpClient-1-7] DEBUG org.asynchttpclient.netty.channel.ChannelManager - Adding key: http://localhost:47263 for channel [id: 0x5f9b9e58, L:/127.0.0.1:55134 - R:localhost/127.0.0.1:47263]
18:26:59.623 [Forwarding getElementText on session 238a4d0c2a0841fb1f0fdba08771013c to remote] DEBUG org.asynchttpclient.netty.request.NettyRequestSender - Using pooled Channel '[id: 0x5f9b9e58, L:/127.0.0.1:55134 - R:localhost/127.0.0.1:47263]' for 'GET' to 'http://localhost:47263/session/238a4d0c2a0841fb1f0fdba08771013c/element/5733acd2-23c5-4dd2-bf32-9ad4c7ad2802/text'
18:26:59.623 [Forwarding getElementText on session 238a4d0c2a0841fb1f0fdba08771013c to remote] DEBUG org.asynchttpclient.netty.request.NettyRequestSender - Using open Channel [id: 0x5f9b9e58, L:/127.0.0.1:55134 - R:localhost/127.0.0.1:47263] for GET '/session/238a4d0c2a0841fb1f0fdba08771013c/element/5733acd2-23c5-4dd2-bf32-9ad4c7ad2802/text'
18:26:59.646 [AsyncHttpClient-1-7] DEBUG org.asynchttpclient.netty.handler.HttpHandler - 

Request DefaultFullHttpRequest(decodeResult: success, version: HTTP/1.1, content: EmptyByteBufBE)
GET /session/238a4d0c2a0841fb1f0fdba08771013c/element/5733acd2-23c5-4dd2-bf32-9ad4c7ad2802/text HTTP/1.1
User-Agent: selenium/4.5.3 (java mac)
Cache-Control: no-cache
Content-Type: application/json; charset=utf-8
host: localhost:47263
accept: */*

Response DefaultHttpResponse(decodeResult: success, version: HTTP/1.1)
HTTP/1.1 200 OK
Content-Length: 19
Content-Type: application/json; charset=utf-8
cache-control: no-cache

18:26:59.646 [AsyncHttpClient-1-7] DEBUG org.asynchttpclient.netty.channel.ChannelManager - Adding key: http://localhost:47263 for channel [id: 0x5f9b9e58, L:/127.0.0.1:55134 - R:localhost/127.0.0.1:47263]
18:26:59.647 [Forwarding findChildElement on session 238a4d0c2a0841fb1f0fdba08771013c to remote] DEBUG org.asynchttpclient.netty.request.NettyRequestSender - Using pooled Channel '[id: 0x5f9b9e58, L:/127.0.0.1:55134 - R:localhost/127.0.0.1:47263]' for 'POST' to 'http://localhost:47263/session/238a4d0c2a0841fb1f0fdba08771013c/element/8f774bf7-68f3-41b4-829e-d050d2e53264/element'
18:26:59.647 [Forwarding findChildElement on session 238a4d0c2a0841fb1f0fdba08771013c to remote] DEBUG org.asynchttpclient.netty.request.NettyRequestSender - Using open Channel [id: 0x5f9b9e58, L:/127.0.0.1:55134 - R:localhost/127.0.0.1:47263] for POST '/session/238a4d0c2a0841fb1f0fdba08771013c/element/8f774bf7-68f3-41b4-829e-d050d2e53264/element'
18:26:59.669 [AsyncHttpClient-1-7] DEBUG org.asynchttpclient.netty.handler.HttpHandler - 

Request DefaultHttpRequest(decodeResult: success, version: HTTP/1.1)
POST /session/238a4d0c2a0841fb1f0fdba08771013c/element/8f774bf7-68f3-41b4-829e-d050d2e53264/element HTTP/1.1
User-Agent: selenium/4.5.3 (java mac)
Content-Length: 106
Content-Type: application/json; charset=utf-8
host: localhost:47263
accept: */*

Response DefaultHttpResponse(decodeResult: success, version: HTTP/1.1)
HTTP/1.1 200 OK
Content-Length: 88
Content-Type: application/json; charset=utf-8
cache-control: no-cache

18:26:59.669 [AsyncHttpClient-1-7] DEBUG org.asynchttpclient.netty.channel.ChannelManager - Adding key: http://localhost:47263 for channel [id: 0x5f9b9e58, L:/127.0.0.1:55134 - R:localhost/127.0.0.1:47263]
18:26:59.670 [Forwarding getElementText on session 238a4d0c2a0841fb1f0fdba08771013c to remote] DEBUG org.asynchttpclient.netty.request.NettyRequestSender - Using pooled Channel '[id: 0x5f9b9e58, L:/127.0.0.1:55134 - R:localhost/127.0.0.1:47263]' for 'GET' to 'http://localhost:47263/session/238a4d0c2a0841fb1f0fdba08771013c/element/20d8c640-857e-4828-a571-215e26f20e89/text'
18:26:59.670 [Forwarding getElementText on session 238a4d0c2a0841fb1f0fdba08771013c to remote] DEBUG org.asynchttpclient.netty.request.NettyRequestSender - Using open Channel [id: 0x5f9b9e58, L:/127.0.0.1:55134 - R:localhost/127.0.0.1:47263] for GET '/session/238a4d0c2a0841fb1f0fdba08771013c/element/20d8c640-857e-4828-a571-215e26f20e89/text'
18:26:59.689 [AsyncHttpClient-1-7] DEBUG org.asynchttpclient.netty.handler.HttpHandler - 

Request DefaultFullHttpRequest(decodeResult: success, version: HTTP/1.1, content: EmptyByteBufBE)
GET /session/238a4d0c2a0841fb1f0fdba08771013c/element/20d8c640-857e-4828-a571-215e26f20e89/text HTTP/1.1
User-Agent: selenium/4.5.3 (java mac)
Cache-Control: no-cache
Content-Type: application/json; charset=utf-8
host: localhost:47263
accept: */*

Response DefaultHttpResponse(decodeResult: success, version: HTTP/1.1)
HTTP/1.1 200 OK
Content-Length: 85
Content-Type: application/json; charset=utf-8
cache-control: no-cache

18:26:59.689 [AsyncHttpClient-1-7] DEBUG org.asynchttpclient.netty.channel.ChannelManager - Adding key: http://localhost:47263 for channel [id: 0x5f9b9e58, L:/127.0.0.1:55134 - R:localhost/127.0.0.1:47263]
18:26:59.702 [Forwarding findChildElement on session 238a4d0c2a0841fb1f0fdba08771013c to remote] DEBUG org.asynchttpclient.netty.request.NettyRequestSender - Using pooled Channel '[id: 0x5f9b9e58, L:/127.0.0.1:55134 - R:localhost/127.0.0.1:47263]' for 'POST' to 'http://localhost:47263/session/238a4d0c2a0841fb1f0fdba08771013c/element/8f774bf7-68f3-41b4-829e-d050d2e53264/element'
18:26:59.702 [Forwarding findChildElement on session 238a4d0c2a0841fb1f0fdba08771013c to remote] DEBUG org.asynchttpclient.netty.request.NettyRequestSender - Using open Channel [id: 0x5f9b9e58, L:/127.0.0.1:55134 - R:localhost/127.0.0.1:47263] for POST '/session/238a4d0c2a0841fb1f0fdba08771013c/element/8f774bf7-68f3-41b4-829e-d050d2e53264/element'
18:26:59.747 [AsyncHttpClient-1-7] DEBUG org.asynchttpclient.netty.handler.HttpHandler - 

Request DefaultHttpRequest(decodeResult: success, version: HTTP/1.1)
POST /session/238a4d0c2a0841fb1f0fdba08771013c/element/8f774bf7-68f3-41b4-829e-d050d2e53264/element HTTP/1.1
User-Agent: selenium/4.5.3 (java mac)
Content-Length: 106
Content-Type: application/json; charset=utf-8
host: localhost:47263
accept: */*

Response DefaultHttpResponse(decodeResult: success, version: HTTP/1.1)
HTTP/1.1 200 OK
Content-Length: 88
Content-Type: application/json; charset=utf-8
cache-control: no-cache

18:26:59.747 [AsyncHttpClient-1-7] DEBUG org.asynchttpclient.netty.channel.ChannelManager - Adding key: http://localhost:47263 for channel [id: 0x5f9b9e58, L:/127.0.0.1:55134 - R:localhost/127.0.0.1:47263]
18:26:59.748 [Forwarding getElementText on session 238a4d0c2a0841fb1f0fdba08771013c to remote] DEBUG org.asynchttpclient.netty.request.NettyRequestSender - Using pooled Channel '[id: 0x5f9b9e58, L:/127.0.0.1:55134 - R:localhost/127.0.0.1:47263]' for 'GET' to 'http://localhost:47263/session/238a4d0c2a0841fb1f0fdba08771013c/element/59cf0311-d1ea-48f6-9bb2-7c9c994f2068/text'
18:26:59.748 [Forwarding getElementText on session 238a4d0c2a0841fb1f0fdba08771013c to remote] DEBUG org.asynchttpclient.netty.request.NettyRequestSender - Using open Channel [id: 0x5f9b9e58, L:/127.0.0.1:55134 - R:localhost/127.0.0.1:47263] for GET '/session/238a4d0c2a0841fb1f0fdba08771013c/element/59cf0311-d1ea-48f6-9bb2-7c9c994f2068/text'
18:26:59.787 [AsyncHttpClient-1-7] DEBUG org.asynchttpclient.netty.handler.HttpHandler - 

Request DefaultFullHttpRequest(decodeResult: success, version: HTTP/1.1, content: EmptyByteBufBE)
GET /session/238a4d0c2a0841fb1f0fdba08771013c/element/59cf0311-d1ea-48f6-9bb2-7c9c994f2068/text HTTP/1.1
User-Agent: selenium/4.5.3 (java mac)
Cache-Control: no-cache
Content-Type: application/json; charset=utf-8
host: localhost:47263
accept: */*

Response DefaultHttpResponse(decodeResult: success, version: HTTP/1.1)
HTTP/1.1 200 OK
Content-Length: 30
Content-Type: application/json; charset=utf-8
cache-control: no-cache

18:26:59.787 [AsyncHttpClient-1-7] DEBUG org.asynchttpclient.netty.channel.ChannelManager - Adding key: http://localhost:47263 for channel [id: 0x5f9b9e58, L:/127.0.0.1:55134 - R:localhost/127.0.0.1:47263]
18:26:59.789 [Forwarding findChildElement on session 238a4d0c2a0841fb1f0fdba08771013c to remote] DEBUG org.asynchttpclient.netty.request.NettyRequestSender - Using pooled Channel '[id: 0x5f9b9e58, L:/127.0.0.1:55134 - R:localhost/127.0.0.1:47263]' for 'POST' to 'http://localhost:47263/session/238a4d0c2a0841fb1f0fdba08771013c/element/8a2bbe11-3bb6-4107-bf55-763071d400af/element'
18:26:59.789 [Forwarding findChildElement on session 238a4d0c2a0841fb1f0fdba08771013c to remote] DEBUG org.asynchttpclient.netty.request.NettyRequestSender - Using open Channel [id: 0x5f9b9e58, L:/127.0.0.1:55134 - R:localhost/127.0.0.1:47263] for POST '/session/238a4d0c2a0841fb1f0fdba08771013c/element/8a2bbe11-3bb6-4107-bf55-763071d400af/element'
18:26:59.802 [AsyncHttpClient-1-7] DEBUG org.asynchttpclient.netty.handler.HttpHandler - 

Request DefaultHttpRequest(decodeResult: success, version: HTTP/1.1)
POST /session/238a4d0c2a0841fb1f0fdba08771013c/element/8a2bbe11-3bb6-4107-bf55-763071d400af/element HTTP/1.1
User-Agent: selenium/4.5.3 (java mac)
Content-Length: 106
Content-Type: application/json; charset=utf-8
host: localhost:47263
accept: */*

Response DefaultHttpResponse(decodeResult: success, version: HTTP/1.1)
HTTP/1.1 200 OK
Content-Length: 88
Content-Type: application/json; charset=utf-8
cache-control: no-cache

18:26:59.802 [AsyncHttpClient-1-7] DEBUG org.asynchttpclient.netty.channel.ChannelManager - Adding key: http://localhost:47263 for channel [id: 0x5f9b9e58, L:/127.0.0.1:55134 - R:localhost/127.0.0.1:47263]
18:26:59.803 [Forwarding getElementText on session 238a4d0c2a0841fb1f0fdba08771013c to remote] DEBUG org.asynchttpclient.netty.request.NettyRequestSender - Using pooled Channel '[id: 0x5f9b9e58, L:/127.0.0.1:55134 - R:localhost/127.0.0.1:47263]' for 'GET' to 'http://localhost:47263/session/238a4d0c2a0841fb1f0fdba08771013c/element/ef24d65d-9dbb-4309-b920-229acc347b52/text'
18:26:59.803 [Forwarding getElementText on session 238a4d0c2a0841fb1f0fdba08771013c to remote] DEBUG org.asynchttpclient.netty.request.NettyRequestSender - Using open Channel [id: 0x5f9b9e58, L:/127.0.0.1:55134 - R:localhost/127.0.0.1:47263] for GET '/session/238a4d0c2a0841fb1f0fdba08771013c/element/ef24d65d-9dbb-4309-b920-229acc347b52/text'
18:26:59.885 [AsyncHttpClient-1-7] DEBUG org.asynchttpclient.netty.handler.HttpHandler - 

Request DefaultFullHttpRequest(decodeResult: success, version: HTTP/1.1, content: EmptyByteBufBE)
GET /session/238a4d0c2a0841fb1f0fdba08771013c/element/ef24d65d-9dbb-4309-b920-229acc347b52/text HTTP/1.1
User-Agent: selenium/4.5.3 (java mac)
Cache-Control: no-cache
Content-Type: application/json; charset=utf-8
host: localhost:47263
accept: */*

Response DefaultHttpResponse(decodeResult: success, version: HTTP/1.1)
HTTP/1.1 200 OK
Content-Length: 79
Content-Type: application/json; charset=utf-8
cache-control: no-cache

18:26:59.885 [AsyncHttpClient-1-7] DEBUG org.asynchttpclient.netty.channel.ChannelManager - Adding key: http://localhost:47263 for channel [id: 0x5f9b9e58, L:/127.0.0.1:55134 - R:localhost/127.0.0.1:47263]
18:26:59.886 [Forwarding findChildElement on session 238a4d0c2a0841fb1f0fdba08771013c to remote] DEBUG org.asynchttpclient.netty.request.NettyRequestSender - Using pooled Channel '[id: 0x5f9b9e58, L:/127.0.0.1:55134 - R:localhost/127.0.0.1:47263]' for 'POST' to 'http://localhost:47263/session/238a4d0c2a0841fb1f0fdba08771013c/element/8a2bbe11-3bb6-4107-bf55-763071d400af/element'
18:26:59.886 [Forwarding findChildElement on session 238a4d0c2a0841fb1f0fdba08771013c to remote] DEBUG org.asynchttpclient.netty.request.NettyRequestSender - Using open Channel [id: 0x5f9b9e58, L:/127.0.0.1:55134 - R:localhost/127.0.0.1:47263] for POST '/session/238a4d0c2a0841fb1f0fdba08771013c/element/8a2bbe11-3bb6-4107-bf55-763071d400af/element'
18:26:59.959 [AsyncHttpClient-1-7] DEBUG org.asynchttpclient.netty.handler.HttpHandler - 

Request DefaultHttpRequest(decodeResult: success, version: HTTP/1.1)
POST /session/238a4d0c2a0841fb1f0fdba08771013c/element/8a2bbe11-3bb6-4107-bf55-763071d400af/element HTTP/1.1
User-Agent: selenium/4.5.3 (java mac)
Content-Length: 106
Content-Type: application/json; charset=utf-8
host: localhost:47263
accept: */*

Response DefaultHttpResponse(decodeResult: success, version: HTTP/1.1)
HTTP/1.1 200 OK
Content-Length: 88
Content-Type: application/json; charset=utf-8
cache-control: no-cache

18:26:59.959 [AsyncHttpClient-1-7] DEBUG org.asynchttpclient.netty.channel.ChannelManager - Adding key: http://localhost:47263 for channel [id: 0x5f9b9e58, L:/127.0.0.1:55134 - R:localhost/127.0.0.1:47263]
18:26:59.960 [Forwarding getElementText on session 238a4d0c2a0841fb1f0fdba08771013c to remote] DEBUG org.asynchttpclient.netty.request.NettyRequestSender - Using pooled Channel '[id: 0x5f9b9e58, L:/127.0.0.1:55134 - R:localhost/127.0.0.1:47263]' for 'GET' to 'http://localhost:47263/session/238a4d0c2a0841fb1f0fdba08771013c/element/412b1944-73eb-4687-840a-66c843cde76c/text'
18:26:59.960 [Forwarding getElementText on session 238a4d0c2a0841fb1f0fdba08771013c to remote] DEBUG org.asynchttpclient.netty.request.NettyRequestSender - Using open Channel [id: 0x5f9b9e58, L:/127.0.0.1:55134 - R:localhost/127.0.0.1:47263] for GET '/session/238a4d0c2a0841fb1f0fdba08771013c/element/412b1944-73eb-4687-840a-66c843cde76c/text'
18:27:00.053 [AsyncHttpClient-1-7] DEBUG org.asynchttpclient.netty.handler.HttpHandler - 

Request DefaultFullHttpRequest(decodeResult: success, version: HTTP/1.1, content: EmptyByteBufBE)
GET /session/238a4d0c2a0841fb1f0fdba08771013c/element/412b1944-73eb-4687-840a-66c843cde76c/text HTTP/1.1
User-Agent: selenium/4.5.3 (java mac)
Cache-Control: no-cache
Content-Type: application/json; charset=utf-8
host: localhost:47263
accept: */*

Response DefaultHttpResponse(decodeResult: success, version: HTTP/1.1)
HTTP/1.1 200 OK
Content-Length: 19
Content-Type: application/json; charset=utf-8
cache-control: no-cache

18:27:00.053 [AsyncHttpClient-1-7] DEBUG org.asynchttpclient.netty.channel.ChannelManager - Adding key: http://localhost:47263 for channel [id: 0x5f9b9e58, L:/127.0.0.1:55134 - R:localhost/127.0.0.1:47263]
18:27:00.054 [Forwarding findChildElement on session 238a4d0c2a0841fb1f0fdba08771013c to remote] DEBUG org.asynchttpclient.netty.request.NettyRequestSender - Using pooled Channel '[id: 0x5f9b9e58, L:/127.0.0.1:55134 - R:localhost/127.0.0.1:47263]' for 'POST' to 'http://localhost:47263/session/238a4d0c2a0841fb1f0fdba08771013c/element/69792c26-7c6f-48f4-89b8-029de9291346/element'
18:27:00.054 [Forwarding findChildElement on session 238a4d0c2a0841fb1f0fdba08771013c to remote] DEBUG org.asynchttpclient.netty.request.NettyRequestSender - Using open Channel [id: 0x5f9b9e58, L:/127.0.0.1:55134 - R:localhost/127.0.0.1:47263] for POST '/session/238a4d0c2a0841fb1f0fdba08771013c/element/69792c26-7c6f-48f4-89b8-029de9291346/element'
18:27:00.065 [AsyncHttpClient-1-7] DEBUG org.asynchttpclient.netty.handler.HttpHandler - 

Request DefaultHttpRequest(decodeResult: success, version: HTTP/1.1)
POST /session/238a4d0c2a0841fb1f0fdba08771013c/element/69792c26-7c6f-48f4-89b8-029de9291346/element HTTP/1.1
User-Agent: selenium/4.5.3 (java mac)
Content-Length: 106
Content-Type: application/json; charset=utf-8
host: localhost:47263
accept: */*

Response DefaultHttpResponse(decodeResult: success, version: HTTP/1.1)
HTTP/1.1 200 OK
Content-Length: 88
Content-Type: application/json; charset=utf-8
cache-control: no-cache

18:27:00.066 [AsyncHttpClient-1-7] DEBUG org.asynchttpclient.netty.channel.ChannelManager - Adding key: http://localhost:47263 for channel [id: 0x5f9b9e58, L:/127.0.0.1:55134 - R:localhost/127.0.0.1:47263]
18:27:00.067 [Forwarding getElementText on session 238a4d0c2a0841fb1f0fdba08771013c to remote] DEBUG org.asynchttpclient.netty.request.NettyRequestSender - Using pooled Channel '[id: 0x5f9b9e58, L:/127.0.0.1:55134 - R:localhost/127.0.0.1:47263]' for 'GET' to 'http://localhost:47263/session/238a4d0c2a0841fb1f0fdba08771013c/element/df416fef-0f41-4853-ac7c-e26107a20934/text'
18:27:00.067 [Forwarding getElementText on session 238a4d0c2a0841fb1f0fdba08771013c to remote] DEBUG org.asynchttpclient.netty.request.NettyRequestSender - Using open Channel [id: 0x5f9b9e58, L:/127.0.0.1:55134 - R:localhost/127.0.0.1:47263] for GET '/session/238a4d0c2a0841fb1f0fdba08771013c/element/df416fef-0f41-4853-ac7c-e26107a20934/text'
18:27:00.092 [AsyncHttpClient-1-7] DEBUG org.asynchttpclient.netty.handler.HttpHandler - 

Request DefaultFullHttpRequest(decodeResult: success, version: HTTP/1.1, content: EmptyByteBufBE)
GET /session/238a4d0c2a0841fb1f0fdba08771013c/element/df416fef-0f41-4853-ac7c-e26107a20934/text HTTP/1.1
User-Agent: selenium/4.5.3 (java mac)
Cache-Control: no-cache
Content-Type: application/json; charset=utf-8
host: localhost:47263
accept: */*

Response DefaultHttpResponse(decodeResult: success, version: HTTP/1.1)
HTTP/1.1 200 OK
Content-Length: 72
Content-Type: application/json; charset=utf-8
cache-control: no-cache

18:27:00.095 [AsyncHttpClient-1-7] DEBUG org.asynchttpclient.netty.channel.ChannelManager - Adding key: http://localhost:47263 for channel [id: 0x5f9b9e58, L:/127.0.0.1:55134 - R:localhost/127.0.0.1:47263]
18:27:00.099 [Forwarding findChildElement on session 238a4d0c2a0841fb1f0fdba08771013c to remote] DEBUG org.asynchttpclient.netty.request.NettyRequestSender - Using pooled Channel '[id: 0x5f9b9e58, L:/127.0.0.1:55134 - R:localhost/127.0.0.1:47263]' for 'POST' to 'http://localhost:47263/session/238a4d0c2a0841fb1f0fdba08771013c/element/69792c26-7c6f-48f4-89b8-029de9291346/element'
18:27:00.099 [Forwarding findChildElement on session 238a4d0c2a0841fb1f0fdba08771013c to remote] DEBUG org.asynchttpclient.netty.request.NettyRequestSender - Using open Channel [id: 0x5f9b9e58, L:/127.0.0.1:55134 - R:localhost/127.0.0.1:47263] for POST '/session/238a4d0c2a0841fb1f0fdba08771013c/element/69792c26-7c6f-48f4-89b8-029de9291346/element'
18:27:00.111 [AsyncHttpClient-1-7] DEBUG org.asynchttpclient.netty.handler.HttpHandler - 

Request DefaultHttpRequest(decodeResult: success, version: HTTP/1.1)
POST /session/238a4d0c2a0841fb1f0fdba08771013c/element/69792c26-7c6f-48f4-89b8-029de9291346/element HTTP/1.1
User-Agent: selenium/4.5.3 (java mac)
Content-Length: 106
Content-Type: application/json; charset=utf-8
host: localhost:47263
accept: */*

Response DefaultHttpResponse(decodeResult: success, version: HTTP/1.1)
HTTP/1.1 200 OK
Content-Length: 88
Content-Type: application/json; charset=utf-8
cache-control: no-cache

18:27:00.111 [AsyncHttpClient-1-7] DEBUG org.asynchttpclient.netty.channel.ChannelManager - Adding key: http://localhost:47263 for channel [id: 0x5f9b9e58, L:/127.0.0.1:55134 - R:localhost/127.0.0.1:47263]
18:27:00.112 [Forwarding getElementText on session 238a4d0c2a0841fb1f0fdba08771013c to remote] DEBUG org.asynchttpclient.netty.request.NettyRequestSender - Using pooled Channel '[id: 0x5f9b9e58, L:/127.0.0.1:55134 - R:localhost/127.0.0.1:47263]' for 'GET' to 'http://localhost:47263/session/238a4d0c2a0841fb1f0fdba08771013c/element/26348d79-d3b5-4396-9f3a-192a5120f0b0/text'
18:27:00.112 [Forwarding getElementText on session 238a4d0c2a0841fb1f0fdba08771013c to remote] DEBUG org.asynchttpclient.netty.request.NettyRequestSender - Using open Channel [id: 0x5f9b9e58, L:/127.0.0.1:55134 - R:localhost/127.0.0.1:47263] for GET '/session/238a4d0c2a0841fb1f0fdba08771013c/element/26348d79-d3b5-4396-9f3a-192a5120f0b0/text'
18:27:00.144 [AsyncHttpClient-1-7] DEBUG org.asynchttpclient.netty.handler.HttpHandler - 

Request DefaultFullHttpRequest(decodeResult: success, version: HTTP/1.1, content: EmptyByteBufBE)
GET /session/238a4d0c2a0841fb1f0fdba08771013c/element/26348d79-d3b5-4396-9f3a-192a5120f0b0/text HTTP/1.1
User-Agent: selenium/4.5.3 (java mac)
Cache-Control: no-cache
Content-Type: application/json; charset=utf-8
host: localhost:47263
accept: */*

Response DefaultHttpResponse(decodeResult: success, version: HTTP/1.1)
HTTP/1.1 200 OK
Content-Length: 19
Content-Type: application/json; charset=utf-8
cache-control: no-cache

18:27:00.144 [AsyncHttpClient-1-7] DEBUG org.asynchttpclient.netty.channel.ChannelManager - Adding key: http://localhost:47263 for channel [id: 0x5f9b9e58, L:/127.0.0.1:55134 - R:localhost/127.0.0.1:47263]
18:27:00.146 [Forwarding findChildElement on session 238a4d0c2a0841fb1f0fdba08771013c to remote] DEBUG org.asynchttpclient.netty.request.NettyRequestSender - Using pooled Channel '[id: 0x5f9b9e58, L:/127.0.0.1:55134 - R:localhost/127.0.0.1:47263]' for 'POST' to 'http://localhost:47263/session/238a4d0c2a0841fb1f0fdba08771013c/element/b4ee0e25-8570-4e54-a7b9-d2ac88b0a127/element'
18:27:00.146 [Forwarding findChildElement on session 238a4d0c2a0841fb1f0fdba08771013c to remote] DEBUG org.asynchttpclient.netty.request.NettyRequestSender - Using open Channel [id: 0x5f9b9e58, L:/127.0.0.1:55134 - R:localhost/127.0.0.1:47263] for POST '/session/238a4d0c2a0841fb1f0fdba08771013c/element/b4ee0e25-8570-4e54-a7b9-d2ac88b0a127/element'
18:27:00.155 [AsyncHttpClient-1-7] DEBUG org.asynchttpclient.netty.handler.HttpHandler - 

Request DefaultHttpRequest(decodeResult: success, version: HTTP/1.1)
POST /session/238a4d0c2a0841fb1f0fdba08771013c/element/b4ee0e25-8570-4e54-a7b9-d2ac88b0a127/element HTTP/1.1
User-Agent: selenium/4.5.3 (java mac)
Content-Length: 106
Content-Type: application/json; charset=utf-8
host: localhost:47263
accept: */*

Response DefaultHttpResponse(decodeResult: success, version: HTTP/1.1)
HTTP/1.1 200 OK
Content-Length: 88
Content-Type: application/json; charset=utf-8
cache-control: no-cache

18:27:00.156 [AsyncHttpClient-1-7] DEBUG org.asynchttpclient.netty.channel.ChannelManager - Adding key: http://localhost:47263 for channel [id: 0x5f9b9e58, L:/127.0.0.1:55134 - R:localhost/127.0.0.1:47263]
18:27:00.156 [Forwarding getElementText on session 238a4d0c2a0841fb1f0fdba08771013c to remote] DEBUG org.asynchttpclient.netty.request.NettyRequestSender - Using pooled Channel '[id: 0x5f9b9e58, L:/127.0.0.1:55134 - R:localhost/127.0.0.1:47263]' for 'GET' to 'http://localhost:47263/session/238a4d0c2a0841fb1f0fdba08771013c/element/79a4d7b2-d90e-41a6-b822-ce35569269af/text'
18:27:00.156 [Forwarding getElementText on session 238a4d0c2a0841fb1f0fdba08771013c to remote] DEBUG org.asynchttpclient.netty.request.NettyRequestSender - Using open Channel [id: 0x5f9b9e58, L:/127.0.0.1:55134 - R:localhost/127.0.0.1:47263] for GET '/session/238a4d0c2a0841fb1f0fdba08771013c/element/79a4d7b2-d90e-41a6-b822-ce35569269af/text'
18:27:00.382 [AsyncHttpClient-1-7] DEBUG org.asynchttpclient.netty.handler.HttpHandler - 

Request DefaultFullHttpRequest(decodeResult: success, version: HTTP/1.1, content: EmptyByteBufBE)
GET /session/238a4d0c2a0841fb1f0fdba08771013c/element/79a4d7b2-d90e-41a6-b822-ce35569269af/text HTTP/1.1
User-Agent: selenium/4.5.3 (java mac)
Cache-Control: no-cache
Content-Type: application/json; charset=utf-8
host: localhost:47263
accept: */*

Response DefaultHttpResponse(decodeResult: success, version: HTTP/1.1)
HTTP/1.1 200 OK
Content-Length: 79
Content-Type: application/json; charset=utf-8
cache-control: no-cache

18:27:00.382 [AsyncHttpClient-1-7] DEBUG org.asynchttpclient.netty.channel.ChannelManager - Adding key: http://localhost:47263 for channel [id: 0x5f9b9e58, L:/127.0.0.1:55134 - R:localhost/127.0.0.1:47263]
18:27:00.383 [Forwarding findChildElement on session 238a4d0c2a0841fb1f0fdba08771013c to remote] DEBUG org.asynchttpclient.netty.request.NettyRequestSender - Using pooled Channel '[id: 0x5f9b9e58, L:/127.0.0.1:55134 - R:localhost/127.0.0.1:47263]' for 'POST' to 'http://localhost:47263/session/238a4d0c2a0841fb1f0fdba08771013c/element/b4ee0e25-8570-4e54-a7b9-d2ac88b0a127/element'
18:27:00.383 [Forwarding findChildElement on session 238a4d0c2a0841fb1f0fdba08771013c to remote] DEBUG org.asynchttpclient.netty.request.NettyRequestSender - Using open Channel [id: 0x5f9b9e58, L:/127.0.0.1:55134 - R:localhost/127.0.0.1:47263] for POST '/session/238a4d0c2a0841fb1f0fdba08771013c/element/b4ee0e25-8570-4e54-a7b9-d2ac88b0a127/element'
18:27:00.393 [AsyncHttpClient-1-7] DEBUG org.asynchttpclient.netty.handler.HttpHandler - 

Request DefaultHttpRequest(decodeResult: success, version: HTTP/1.1)
POST /session/238a4d0c2a0841fb1f0fdba08771013c/element/b4ee0e25-8570-4e54-a7b9-d2ac88b0a127/element HTTP/1.1
User-Agent: selenium/4.5.3 (java mac)
Content-Length: 106
Content-Type: application/json; charset=utf-8
host: localhost:47263
accept: */*

Response DefaultHttpResponse(decodeResult: success, version: HTTP/1.1)
HTTP/1.1 200 OK
Content-Length: 88
Content-Type: application/json; charset=utf-8
cache-control: no-cache

18:27:00.393 [AsyncHttpClient-1-7] DEBUG org.asynchttpclient.netty.channel.ChannelManager - Adding key: http://localhost:47263 for channel [id: 0x5f9b9e58, L:/127.0.0.1:55134 - R:localhost/127.0.0.1:47263]
18:27:00.393 [Forwarding getElementText on session 238a4d0c2a0841fb1f0fdba08771013c to remote] DEBUG org.asynchttpclient.netty.request.NettyRequestSender - Using pooled Channel '[id: 0x5f9b9e58, L:/127.0.0.1:55134 - R:localhost/127.0.0.1:47263]' for 'GET' to 'http://localhost:47263/session/238a4d0c2a0841fb1f0fdba08771013c/element/84d11b2b-511e-45a5-b73f-10f1b47063c4/text'
18:27:00.393 [Forwarding getElementText on session 238a4d0c2a0841fb1f0fdba08771013c to remote] DEBUG org.asynchttpclient.netty.request.NettyRequestSender - Using open Channel [id: 0x5f9b9e58, L:/127.0.0.1:55134 - R:localhost/127.0.0.1:47263] for GET '/session/238a4d0c2a0841fb1f0fdba08771013c/element/84d11b2b-511e-45a5-b73f-10f1b47063c4/text'
18:27:00.406 [AsyncHttpClient-1-7] DEBUG org.asynchttpclient.netty.handler.HttpHandler - 

Request DefaultFullHttpRequest(decodeResult: success, version: HTTP/1.1, content: EmptyByteBufBE)
GET /session/238a4d0c2a0841fb1f0fdba08771013c/element/84d11b2b-511e-45a5-b73f-10f1b47063c4/text HTTP/1.1
User-Agent: selenium/4.5.3 (java mac)
Cache-Control: no-cache
Content-Type: application/json; charset=utf-8
host: localhost:47263
accept: */*

Response DefaultHttpResponse(decodeResult: success, version: HTTP/1.1)
HTTP/1.1 200 OK
Content-Length: 19
Content-Type: application/json; charset=utf-8
cache-control: no-cache

18:27:00.407 [AsyncHttpClient-1-7] DEBUG org.asynchttpclient.netty.channel.ChannelManager - Adding key: http://localhost:47263 for channel [id: 0x5f9b9e58, L:/127.0.0.1:55134 - R:localhost/127.0.0.1:47263]
18:27:00.407 [Forwarding findChildElement on session 238a4d0c2a0841fb1f0fdba08771013c to remote] DEBUG org.asynchttpclient.netty.request.NettyRequestSender - Using pooled Channel '[id: 0x5f9b9e58, L:/127.0.0.1:55134 - R:localhost/127.0.0.1:47263]' for 'POST' to 'http://localhost:47263/session/238a4d0c2a0841fb1f0fdba08771013c/element/c02c4c61-3c31-47f1-8b72-27030e078af2/element'
18:27:00.407 [Forwarding findChildElement on session 238a4d0c2a0841fb1f0fdba08771013c to remote] DEBUG org.asynchttpclient.netty.request.NettyRequestSender - Using open Channel [id: 0x5f9b9e58, L:/127.0.0.1:55134 - R:localhost/127.0.0.1:47263] for POST '/session/238a4d0c2a0841fb1f0fdba08771013c/element/c02c4c61-3c31-47f1-8b72-27030e078af2/element'
18:27:00.436 [AsyncHttpClient-1-7] DEBUG org.asynchttpclient.netty.handler.HttpHandler - 

Request DefaultHttpRequest(decodeResult: success, version: HTTP/1.1)
POST /session/238a4d0c2a0841fb1f0fdba08771013c/element/c02c4c61-3c31-47f1-8b72-27030e078af2/element HTTP/1.1
User-Agent: selenium/4.5.3 (java mac)
Content-Length: 106
Content-Type: application/json; charset=utf-8
host: localhost:47263
accept: */*

Response DefaultHttpResponse(decodeResult: success, version: HTTP/1.1)
HTTP/1.1 200 OK
Content-Length: 88
Content-Type: application/json; charset=utf-8
cache-control: no-cache

18:27:00.436 [AsyncHttpClient-1-7] DEBUG org.asynchttpclient.netty.channel.ChannelManager - Adding key: http://localhost:47263 for channel [id: 0x5f9b9e58, L:/127.0.0.1:55134 - R:localhost/127.0.0.1:47263]
18:27:00.437 [Forwarding getElementText on session 238a4d0c2a0841fb1f0fdba08771013c to remote] DEBUG org.asynchttpclient.netty.request.NettyRequestSender - Using pooled Channel '[id: 0x5f9b9e58, L:/127.0.0.1:55134 - R:localhost/127.0.0.1:47263]' for 'GET' to 'http://localhost:47263/session/238a4d0c2a0841fb1f0fdba08771013c/element/bb4df83d-a488-4e72-9d99-7c6d8f0b972b/text'
18:27:00.437 [Forwarding getElementText on session 238a4d0c2a0841fb1f0fdba08771013c to remote] DEBUG org.asynchttpclient.netty.request.NettyRequestSender - Using open Channel [id: 0x5f9b9e58, L:/127.0.0.1:55134 - R:localhost/127.0.0.1:47263] for GET '/session/238a4d0c2a0841fb1f0fdba08771013c/element/bb4df83d-a488-4e72-9d99-7c6d8f0b972b/text'
18:27:00.461 [AsyncHttpClient-1-7] DEBUG org.asynchttpclient.netty.handler.HttpHandler - 

Request DefaultFullHttpRequest(decodeResult: success, version: HTTP/1.1, content: EmptyByteBufBE)
GET /session/238a4d0c2a0841fb1f0fdba08771013c/element/bb4df83d-a488-4e72-9d99-7c6d8f0b972b/text HTTP/1.1
User-Agent: selenium/4.5.3 (java mac)
Cache-Control: no-cache
Content-Type: application/json; charset=utf-8
host: localhost:47263
accept: */*

Response DefaultHttpResponse(decodeResult: success, version: HTTP/1.1)
HTTP/1.1 200 OK
Content-Length: 64
Content-Type: application/json; charset=utf-8
cache-control: no-cache

18:27:00.462 [AsyncHttpClient-1-7] DEBUG org.asynchttpclient.netty.channel.ChannelManager - Adding key: http://localhost:47263 for channel [id: 0x5f9b9e58, L:/127.0.0.1:55134 - R:localhost/127.0.0.1:47263]
18:27:00.466 [Forwarding findChildElement on session 238a4d0c2a0841fb1f0fdba08771013c to remote] DEBUG org.asynchttpclient.netty.request.NettyRequestSender - Using pooled Channel '[id: 0x5f9b9e58, L:/127.0.0.1:55134 - R:localhost/127.0.0.1:47263]' for 'POST' to 'http://localhost:47263/session/238a4d0c2a0841fb1f0fdba08771013c/element/c02c4c61-3c31-47f1-8b72-27030e078af2/element'
18:27:00.466 [Forwarding findChildElement on session 238a4d0c2a0841fb1f0fdba08771013c to remote] DEBUG org.asynchttpclient.netty.request.NettyRequestSender - Using open Channel [id: 0x5f9b9e58, L:/127.0.0.1:55134 - R:localhost/127.0.0.1:47263] for POST '/session/238a4d0c2a0841fb1f0fdba08771013c/element/c02c4c61-3c31-47f1-8b72-27030e078af2/element'
18:27:00.483 [AsyncHttpClient-1-7] DEBUG org.asynchttpclient.netty.handler.HttpHandler - 

Request DefaultHttpRequest(decodeResult: success, version: HTTP/1.1)
POST /session/238a4d0c2a0841fb1f0fdba08771013c/element/c02c4c61-3c31-47f1-8b72-27030e078af2/element HTTP/1.1
User-Agent: selenium/4.5.3 (java mac)
Content-Length: 106
Content-Type: application/json; charset=utf-8
host: localhost:47263
accept: */*

Response DefaultHttpResponse(decodeResult: success, version: HTTP/1.1)
HTTP/1.1 200 OK
Content-Length: 88
Content-Type: application/json; charset=utf-8
cache-control: no-cache

18:27:00.483 [AsyncHttpClient-1-7] DEBUG org.asynchttpclient.netty.channel.ChannelManager - Adding key: http://localhost:47263 for channel [id: 0x5f9b9e58, L:/127.0.0.1:55134 - R:localhost/127.0.0.1:47263]
18:27:00.485 [Forwarding getElementText on session 238a4d0c2a0841fb1f0fdba08771013c to remote] DEBUG org.asynchttpclient.netty.request.NettyRequestSender - Using pooled Channel '[id: 0x5f9b9e58, L:/127.0.0.1:55134 - R:localhost/127.0.0.1:47263]' for 'GET' to 'http://localhost:47263/session/238a4d0c2a0841fb1f0fdba08771013c/element/a8853cb0-028e-4dd9-aec2-e55cfa025a30/text'
18:27:00.485 [Forwarding getElementText on session 238a4d0c2a0841fb1f0fdba08771013c to remote] DEBUG org.asynchttpclient.netty.request.NettyRequestSender - Using open Channel [id: 0x5f9b9e58, L:/127.0.0.1:55134 - R:localhost/127.0.0.1:47263] for GET '/session/238a4d0c2a0841fb1f0fdba08771013c/element/a8853cb0-028e-4dd9-aec2-e55cfa025a30/text'
18:27:00.712 [AsyncHttpClient-1-1] DEBUG org.asynchttpclient.netty.channel.DefaultChannelPool - Entry count for : http://localhost:8354 : 1
18:27:00.712 [AsyncHttpClient-1-1] DEBUG org.asynchttpclient.netty.channel.DefaultChannelPool - Entry count for : http://localhost:55138 : 1
18:27:00.809 [AsyncHttpClient-1-7] DEBUG org.asynchttpclient.netty.handler.HttpHandler - 

Request DefaultFullHttpRequest(decodeResult: success, version: HTTP/1.1, content: EmptyByteBufBE)
GET /session/238a4d0c2a0841fb1f0fdba08771013c/element/a8853cb0-028e-4dd9-aec2-e55cfa025a30/text HTTP/1.1
User-Agent: selenium/4.5.3 (java mac)
Cache-Control: no-cache
Content-Type: application/json; charset=utf-8
host: localhost:47263
accept: */*

Response DefaultHttpResponse(decodeResult: success, version: HTTP/1.1)
HTTP/1.1 200 OK
Content-Length: 19
Content-Type: application/json; charset=utf-8
cache-control: no-cache

18:27:00.809 [AsyncHttpClient-1-7] DEBUG org.asynchttpclient.netty.channel.ChannelManager - Adding key: http://localhost:47263 for channel [id: 0x5f9b9e58, L:/127.0.0.1:55134 - R:localhost/127.0.0.1:47263]
18:27:00.811 [Forwarding findChildElement on session 238a4d0c2a0841fb1f0fdba08771013c to remote] DEBUG org.asynchttpclient.netty.request.NettyRequestSender - Using pooled Channel '[id: 0x5f9b9e58, L:/127.0.0.1:55134 - R:localhost/127.0.0.1:47263]' for 'POST' to 'http://localhost:47263/session/238a4d0c2a0841fb1f0fdba08771013c/element/26ea4bbe-9d2a-4838-8f6e-ba8126f79781/element'
18:27:00.811 [Forwarding findChildElement on session 238a4d0c2a0841fb1f0fdba08771013c to remote] DEBUG org.asynchttpclient.netty.request.NettyRequestSender - Using open Channel [id: 0x5f9b9e58, L:/127.0.0.1:55134 - R:localhost/127.0.0.1:47263] for POST '/session/238a4d0c2a0841fb1f0fdba08771013c/element/26ea4bbe-9d2a-4838-8f6e-ba8126f79781/element'
18:27:00.829 [AsyncHttpClient-1-7] DEBUG org.asynchttpclient.netty.handler.HttpHandler - 

Request DefaultHttpRequest(decodeResult: success, version: HTTP/1.1)
POST /session/238a4d0c2a0841fb1f0fdba08771013c/element/26ea4bbe-9d2a-4838-8f6e-ba8126f79781/element HTTP/1.1
User-Agent: selenium/4.5.3 (java mac)
Content-Length: 106
Content-Type: application/json; charset=utf-8
host: localhost:47263
accept: */*

Response DefaultHttpResponse(decodeResult: success, version: HTTP/1.1)
HTTP/1.1 200 OK
Content-Length: 88
Content-Type: application/json; charset=utf-8
cache-control: no-cache

18:27:00.829 [AsyncHttpClient-1-7] DEBUG org.asynchttpclient.netty.channel.ChannelManager - Adding key: http://localhost:47263 for channel [id: 0x5f9b9e58, L:/127.0.0.1:55134 - R:localhost/127.0.0.1:47263]
18:27:00.830 [Forwarding getElementText on session 238a4d0c2a0841fb1f0fdba08771013c to remote] DEBUG org.asynchttpclient.netty.request.NettyRequestSender - Using pooled Channel '[id: 0x5f9b9e58, L:/127.0.0.1:55134 - R:localhost/127.0.0.1:47263]' for 'GET' to 'http://localhost:47263/session/238a4d0c2a0841fb1f0fdba08771013c/element/e39a1520-044c-4d78-923e-d5708cdc30e6/text'
18:27:00.830 [Forwarding getElementText on session 238a4d0c2a0841fb1f0fdba08771013c to remote] DEBUG org.asynchttpclient.netty.request.NettyRequestSender - Using open Channel [id: 0x5f9b9e58, L:/127.0.0.1:55134 - R:localhost/127.0.0.1:47263] for GET '/session/238a4d0c2a0841fb1f0fdba08771013c/element/e39a1520-044c-4d78-923e-d5708cdc30e6/text'
18:27:00.997 [AsyncHttpClient-1-7] DEBUG org.asynchttpclient.netty.handler.HttpHandler - 

Request DefaultFullHttpRequest(decodeResult: success, version: HTTP/1.1, content: EmptyByteBufBE)
GET /session/238a4d0c2a0841fb1f0fdba08771013c/element/e39a1520-044c-4d78-923e-d5708cdc30e6/text HTTP/1.1
User-Agent: selenium/4.5.3 (java mac)
Cache-Control: no-cache
Content-Type: application/json; charset=utf-8
host: localhost:47263
accept: */*

Response DefaultHttpResponse(decodeResult: success, version: HTTP/1.1)
HTTP/1.1 200 OK
Content-Length: 91
Content-Type: application/json; charset=utf-8
cache-control: no-cache

18:27:00.997 [AsyncHttpClient-1-7] DEBUG org.asynchttpclient.netty.channel.ChannelManager - Adding key: http://localhost:47263 for channel [id: 0x5f9b9e58, L:/127.0.0.1:55134 - R:localhost/127.0.0.1:47263]
18:27:00.998 [Forwarding findChildElement on session 238a4d0c2a0841fb1f0fdba08771013c to remote] DEBUG org.asynchttpclient.netty.request.NettyRequestSender - Using pooled Channel '[id: 0x5f9b9e58, L:/127.0.0.1:55134 - R:localhost/127.0.0.1:47263]' for 'POST' to 'http://localhost:47263/session/238a4d0c2a0841fb1f0fdba08771013c/element/26ea4bbe-9d2a-4838-8f6e-ba8126f79781/element'
18:27:00.998 [Forwarding findChildElement on session 238a4d0c2a0841fb1f0fdba08771013c to remote] DEBUG org.asynchttpclient.netty.request.NettyRequestSender - Using open Channel [id: 0x5f9b9e58, L:/127.0.0.1:55134 - R:localhost/127.0.0.1:47263] for POST '/session/238a4d0c2a0841fb1f0fdba08771013c/element/26ea4bbe-9d2a-4838-8f6e-ba8126f79781/element'
18:27:01.014 [AsyncHttpClient-1-7] DEBUG org.asynchttpclient.netty.handler.HttpHandler - 

Request DefaultHttpRequest(decodeResult: success, version: HTTP/1.1)
POST /session/238a4d0c2a0841fb1f0fdba08771013c/element/26ea4bbe-9d2a-4838-8f6e-ba8126f79781/element HTTP/1.1
User-Agent: selenium/4.5.3 (java mac)
Content-Length: 106
Content-Type: application/json; charset=utf-8
host: localhost:47263
accept: */*

Response DefaultHttpResponse(decodeResult: success, version: HTTP/1.1)
HTTP/1.1 200 OK
Content-Length: 88
Content-Type: application/json; charset=utf-8
cache-control: no-cache

18:27:01.015 [AsyncHttpClient-1-7] DEBUG org.asynchttpclient.netty.channel.ChannelManager - Adding key: http://localhost:47263 for channel [id: 0x5f9b9e58, L:/127.0.0.1:55134 - R:localhost/127.0.0.1:47263]
18:27:01.015 [Forwarding getElementText on session 238a4d0c2a0841fb1f0fdba08771013c to remote] DEBUG org.asynchttpclient.netty.request.NettyRequestSender - Using pooled Channel '[id: 0x5f9b9e58, L:/127.0.0.1:55134 - R:localhost/127.0.0.1:47263]' for 'GET' to 'http://localhost:47263/session/238a4d0c2a0841fb1f0fdba08771013c/element/c7bae3dc-1bdf-4ee3-aa43-25af1469482b/text'
18:27:01.015 [Forwarding getElementText on session 238a4d0c2a0841fb1f0fdba08771013c to remote] DEBUG org.asynchttpclient.netty.request.NettyRequestSender - Using open Channel [id: 0x5f9b9e58, L:/127.0.0.1:55134 - R:localhost/127.0.0.1:47263] for GET '/session/238a4d0c2a0841fb1f0fdba08771013c/element/c7bae3dc-1bdf-4ee3-aa43-25af1469482b/text'
18:27:01.038 [AsyncHttpClient-1-7] DEBUG org.asynchttpclient.netty.handler.HttpHandler - 

Request DefaultFullHttpRequest(decodeResult: success, version: HTTP/1.1, content: EmptyByteBufBE)
GET /session/238a4d0c2a0841fb1f0fdba08771013c/element/c7bae3dc-1bdf-4ee3-aa43-25af1469482b/text HTTP/1.1
User-Agent: selenium/4.5.3 (java mac)
Cache-Control: no-cache
Content-Type: application/json; charset=utf-8
host: localhost:47263
accept: */*

Response DefaultHttpResponse(decodeResult: success, version: HTTP/1.1)
HTTP/1.1 200 OK
Content-Length: 19
Content-Type: application/json; charset=utf-8
cache-control: no-cache

18:27:01.038 [AsyncHttpClient-1-7] DEBUG org.asynchttpclient.netty.channel.ChannelManager - Adding key: http://localhost:47263 for channel [id: 0x5f9b9e58, L:/127.0.0.1:55134 - R:localhost/127.0.0.1:47263]
18:27:01.040 [Forwarding findChildElement on session 238a4d0c2a0841fb1f0fdba08771013c to remote] DEBUG org.asynchttpclient.netty.request.NettyRequestSender - Using pooled Channel '[id: 0x5f9b9e58, L:/127.0.0.1:55134 - R:localhost/127.0.0.1:47263]' for 'POST' to 'http://localhost:47263/session/238a4d0c2a0841fb1f0fdba08771013c/element/d9c34a74-5a5e-4d84-84f8-cadc3f38f07d/element'
18:27:01.040 [Forwarding findChildElement on session 238a4d0c2a0841fb1f0fdba08771013c to remote] DEBUG org.asynchttpclient.netty.request.NettyRequestSender - Using open Channel [id: 0x5f9b9e58, L:/127.0.0.1:55134 - R:localhost/127.0.0.1:47263] for POST '/session/238a4d0c2a0841fb1f0fdba08771013c/element/d9c34a74-5a5e-4d84-84f8-cadc3f38f07d/element'
18:27:01.062 [AsyncHttpClient-1-7] DEBUG org.asynchttpclient.netty.handler.HttpHandler - 

Request DefaultHttpRequest(decodeResult: success, version: HTTP/1.1)
POST /session/238a4d0c2a0841fb1f0fdba08771013c/element/d9c34a74-5a5e-4d84-84f8-cadc3f38f07d/element HTTP/1.1
User-Agent: selenium/4.5.3 (java mac)
Content-Length: 106
Content-Type: application/json; charset=utf-8
host: localhost:47263
accept: */*

Response DefaultHttpResponse(decodeResult: success, version: HTTP/1.1)
HTTP/1.1 200 OK
Content-Length: 88
Content-Type: application/json; charset=utf-8
cache-control: no-cache

18:27:01.062 [AsyncHttpClient-1-7] DEBUG org.asynchttpclient.netty.channel.ChannelManager - Adding key: http://localhost:47263 for channel [id: 0x5f9b9e58, L:/127.0.0.1:55134 - R:localhost/127.0.0.1:47263]
18:27:01.064 [Forwarding getElementText on session 238a4d0c2a0841fb1f0fdba08771013c to remote] DEBUG org.asynchttpclient.netty.request.NettyRequestSender - Using pooled Channel '[id: 0x5f9b9e58, L:/127.0.0.1:55134 - R:localhost/127.0.0.1:47263]' for 'GET' to 'http://localhost:47263/session/238a4d0c2a0841fb1f0fdba08771013c/element/90f41ce5-dc2c-46f7-a68f-6855cb77dfdb/text'
18:27:01.064 [Forwarding getElementText on session 238a4d0c2a0841fb1f0fdba08771013c to remote] DEBUG org.asynchttpclient.netty.request.NettyRequestSender - Using open Channel [id: 0x5f9b9e58, L:/127.0.0.1:55134 - R:localhost/127.0.0.1:47263] for GET '/session/238a4d0c2a0841fb1f0fdba08771013c/element/90f41ce5-dc2c-46f7-a68f-6855cb77dfdb/text'
18:27:01.091 [AsyncHttpClient-1-7] DEBUG org.asynchttpclient.netty.handler.HttpHandler - 

Request DefaultFullHttpRequest(decodeResult: success, version: HTTP/1.1, content: EmptyByteBufBE)
GET /session/238a4d0c2a0841fb1f0fdba08771013c/element/90f41ce5-dc2c-46f7-a68f-6855cb77dfdb/text HTTP/1.1
User-Agent: selenium/4.5.3 (java mac)
Cache-Control: no-cache
Content-Type: application/json; charset=utf-8
host: localhost:47263
accept: */*

Response DefaultHttpResponse(decodeResult: success, version: HTTP/1.1)
HTTP/1.1 200 OK
Content-Length: 71
Content-Type: application/json; charset=utf-8
cache-control: no-cache

18:27:01.094 [AsyncHttpClient-1-7] DEBUG org.asynchttpclient.netty.channel.ChannelManager - Adding key: http://localhost:47263 for channel [id: 0x5f9b9e58, L:/127.0.0.1:55134 - R:localhost/127.0.0.1:47263]
18:27:01.099 [Forwarding findChildElement on session 238a4d0c2a0841fb1f0fdba08771013c to remote] DEBUG org.asynchttpclient.netty.request.NettyRequestSender - Using pooled Channel '[id: 0x5f9b9e58, L:/127.0.0.1:55134 - R:localhost/127.0.0.1:47263]' for 'POST' to 'http://localhost:47263/session/238a4d0c2a0841fb1f0fdba08771013c/element/d9c34a74-5a5e-4d84-84f8-cadc3f38f07d/element'
18:27:01.099 [Forwarding findChildElement on session 238a4d0c2a0841fb1f0fdba08771013c to remote] DEBUG org.asynchttpclient.netty.request.NettyRequestSender - Using open Channel [id: 0x5f9b9e58, L:/127.0.0.1:55134 - R:localhost/127.0.0.1:47263] for POST '/session/238a4d0c2a0841fb1f0fdba08771013c/element/d9c34a74-5a5e-4d84-84f8-cadc3f38f07d/element'
18:27:01.109 [AsyncHttpClient-1-7] DEBUG org.asynchttpclient.netty.handler.HttpHandler - 

Request DefaultHttpRequest(decodeResult: success, version: HTTP/1.1)
POST /session/238a4d0c2a0841fb1f0fdba08771013c/element/d9c34a74-5a5e-4d84-84f8-cadc3f38f07d/element HTTP/1.1
User-Agent: selenium/4.5.3 (java mac)
Content-Length: 106
Content-Type: application/json; charset=utf-8
host: localhost:47263
accept: */*

Response DefaultHttpResponse(decodeResult: success, version: HTTP/1.1)
HTTP/1.1 200 OK
Content-Length: 88
Content-Type: application/json; charset=utf-8
cache-control: no-cache

18:27:01.110 [AsyncHttpClient-1-7] DEBUG org.asynchttpclient.netty.channel.ChannelManager - Adding key: http://localhost:47263 for channel [id: 0x5f9b9e58, L:/127.0.0.1:55134 - R:localhost/127.0.0.1:47263]
18:27:01.110 [Forwarding getElementText on session 238a4d0c2a0841fb1f0fdba08771013c to remote] DEBUG org.asynchttpclient.netty.request.NettyRequestSender - Using pooled Channel '[id: 0x5f9b9e58, L:/127.0.0.1:55134 - R:localhost/127.0.0.1:47263]' for 'GET' to 'http://localhost:47263/session/238a4d0c2a0841fb1f0fdba08771013c/element/406bdb95-95a8-470e-b0ea-53a792524b20/text'
18:27:01.110 [Forwarding getElementText on session 238a4d0c2a0841fb1f0fdba08771013c to remote] DEBUG org.asynchttpclient.netty.request.NettyRequestSender - Using open Channel [id: 0x5f9b9e58, L:/127.0.0.1:55134 - R:localhost/127.0.0.1:47263] for GET '/session/238a4d0c2a0841fb1f0fdba08771013c/element/406bdb95-95a8-470e-b0ea-53a792524b20/text'
18:27:01.513 [AsyncHttpClient-1-7] DEBUG org.asynchttpclient.netty.handler.HttpHandler - 

Request DefaultFullHttpRequest(decodeResult: success, version: HTTP/1.1, content: EmptyByteBufBE)
GET /session/238a4d0c2a0841fb1f0fdba08771013c/element/406bdb95-95a8-470e-b0ea-53a792524b20/text HTTP/1.1
User-Agent: selenium/4.5.3 (java mac)
Cache-Control: no-cache
Content-Type: application/json; charset=utf-8
host: localhost:47263
accept: */*

Response DefaultHttpResponse(decodeResult: success, version: HTTP/1.1)
HTTP/1.1 200 OK
Content-Length: 19
Content-Type: application/json; charset=utf-8
cache-control: no-cache

18:27:01.514 [AsyncHttpClient-1-7] DEBUG org.asynchttpclient.netty.channel.ChannelManager - Adding key: http://localhost:47263 for channel [id: 0x5f9b9e58, L:/127.0.0.1:55134 - R:localhost/127.0.0.1:47263]
18:27:01.516 [Forwarding findChildElement on session 238a4d0c2a0841fb1f0fdba08771013c to remote] DEBUG org.asynchttpclient.netty.request.NettyRequestSender - Using pooled Channel '[id: 0x5f9b9e58, L:/127.0.0.1:55134 - R:localhost/127.0.0.1:47263]' for 'POST' to 'http://localhost:47263/session/238a4d0c2a0841fb1f0fdba08771013c/element/c44ef30d-3ca6-4b40-93b0-39f254132fe8/element'
18:27:01.516 [Forwarding findChildElement on session 238a4d0c2a0841fb1f0fdba08771013c to remote] DEBUG org.asynchttpclient.netty.request.NettyRequestSender - Using open Channel [id: 0x5f9b9e58, L:/127.0.0.1:55134 - R:localhost/127.0.0.1:47263] for POST '/session/238a4d0c2a0841fb1f0fdba08771013c/element/c44ef30d-3ca6-4b40-93b0-39f254132fe8/element'
18:27:01.545 [AsyncHttpClient-1-7] DEBUG org.asynchttpclient.netty.handler.HttpHandler - 

Request DefaultHttpRequest(decodeResult: success, version: HTTP/1.1)
POST /session/238a4d0c2a0841fb1f0fdba08771013c/element/c44ef30d-3ca6-4b40-93b0-39f254132fe8/element HTTP/1.1
User-Agent: selenium/4.5.3 (java mac)
Content-Length: 106
Content-Type: application/json; charset=utf-8
host: localhost:47263
accept: */*

Response DefaultHttpResponse(decodeResult: success, version: HTTP/1.1)
HTTP/1.1 200 OK
Content-Length: 88
Content-Type: application/json; charset=utf-8
cache-control: no-cache

18:27:01.545 [AsyncHttpClient-1-7] DEBUG org.asynchttpclient.netty.channel.ChannelManager - Adding key: http://localhost:47263 for channel [id: 0x5f9b9e58, L:/127.0.0.1:55134 - R:localhost/127.0.0.1:47263]
18:27:01.548 [Forwarding getElementText on session 238a4d0c2a0841fb1f0fdba08771013c to remote] DEBUG org.asynchttpclient.netty.request.NettyRequestSender - Using pooled Channel '[id: 0x5f9b9e58, L:/127.0.0.1:55134 - R:localhost/127.0.0.1:47263]' for 'GET' to 'http://localhost:47263/session/238a4d0c2a0841fb1f0fdba08771013c/element/8841b983-9787-4908-a862-351f6623e80e/text'
18:27:01.549 [Forwarding getElementText on session 238a4d0c2a0841fb1f0fdba08771013c to remote] DEBUG org.asynchttpclient.netty.request.NettyRequestSender - Using open Channel [id: 0x5f9b9e58, L:/127.0.0.1:55134 - R:localhost/127.0.0.1:47263] for GET '/session/238a4d0c2a0841fb1f0fdba08771013c/element/8841b983-9787-4908-a862-351f6623e80e/text'
18:27:01.660 [AsyncHttpClient-1-7] DEBUG org.asynchttpclient.netty.handler.HttpHandler - 

Request DefaultFullHttpRequest(decodeResult: success, version: HTTP/1.1, content: EmptyByteBufBE)
GET /session/238a4d0c2a0841fb1f0fdba08771013c/element/8841b983-9787-4908-a862-351f6623e80e/text HTTP/1.1
User-Agent: selenium/4.5.3 (java mac)
Cache-Control: no-cache
Content-Type: application/json; charset=utf-8
host: localhost:47263
accept: */*

Response DefaultHttpResponse(decodeResult: success, version: HTTP/1.1)
HTTP/1.1 200 OK
Content-Length: 88
Content-Type: application/json; charset=utf-8
cache-control: no-cache

18:27:01.660 [AsyncHttpClient-1-7] DEBUG org.asynchttpclient.netty.channel.ChannelManager - Adding key: http://localhost:47263 for channel [id: 0x5f9b9e58, L:/127.0.0.1:55134 - R:localhost/127.0.0.1:47263]
18:27:01.661 [Forwarding findChildElement on session 238a4d0c2a0841fb1f0fdba08771013c to remote] DEBUG org.asynchttpclient.netty.request.NettyRequestSender - Using pooled Channel '[id: 0x5f9b9e58, L:/127.0.0.1:55134 - R:localhost/127.0.0.1:47263]' for 'POST' to 'http://localhost:47263/session/238a4d0c2a0841fb1f0fdba08771013c/element/c44ef30d-3ca6-4b40-93b0-39f254132fe8/element'
18:27:01.661 [Forwarding findChildElement on session 238a4d0c2a0841fb1f0fdba08771013c to remote] DEBUG org.asynchttpclient.netty.request.NettyRequestSender - Using open Channel [id: 0x5f9b9e58, L:/127.0.0.1:55134 - R:localhost/127.0.0.1:47263] for POST '/session/238a4d0c2a0841fb1f0fdba08771013c/element/c44ef30d-3ca6-4b40-93b0-39f254132fe8/element'
18:27:01.728 [AsyncHttpClient-1-7] DEBUG org.asynchttpclient.netty.handler.HttpHandler - 

Request DefaultHttpRequest(decodeResult: success, version: HTTP/1.1)
POST /session/238a4d0c2a0841fb1f0fdba08771013c/element/c44ef30d-3ca6-4b40-93b0-39f254132fe8/element HTTP/1.1
User-Agent: selenium/4.5.3 (java mac)
Content-Length: 106
Content-Type: application/json; charset=utf-8
host: localhost:47263
accept: */*

Response DefaultHttpResponse(decodeResult: success, version: HTTP/1.1)
HTTP/1.1 200 OK
Content-Length: 88
Content-Type: application/json; charset=utf-8
cache-control: no-cache

18:27:01.728 [AsyncHttpClient-1-7] DEBUG org.asynchttpclient.netty.channel.ChannelManager - Adding key: http://localhost:47263 for channel [id: 0x5f9b9e58, L:/127.0.0.1:55134 - R:localhost/127.0.0.1:47263]
18:27:01.730 [Forwarding getElementText on session 238a4d0c2a0841fb1f0fdba08771013c to remote] DEBUG org.asynchttpclient.netty.request.NettyRequestSender - Using pooled Channel '[id: 0x5f9b9e58, L:/127.0.0.1:55134 - R:localhost/127.0.0.1:47263]' for 'GET' to 'http://localhost:47263/session/238a4d0c2a0841fb1f0fdba08771013c/element/f9405b06-f5fd-4496-8785-60e08817e1ed/text'
18:27:01.730 [Forwarding getElementText on session 238a4d0c2a0841fb1f0fdba08771013c to remote] DEBUG org.asynchttpclient.netty.request.NettyRequestSender - Using open Channel [id: 0x5f9b9e58, L:/127.0.0.1:55134 - R:localhost/127.0.0.1:47263] for GET '/session/238a4d0c2a0841fb1f0fdba08771013c/element/f9405b06-f5fd-4496-8785-60e08817e1ed/text'
18:27:01.815 [AsyncHttpClient-1-1] DEBUG org.asynchttpclient.netty.channel.DefaultChannelPool - Entry count for : http://localhost:8354 : 1
18:27:01.815 [AsyncHttpClient-1-1] DEBUG org.asynchttpclient.netty.channel.DefaultChannelPool - Entry count for : http://localhost:55138 : 1
18:27:01.823 [AsyncHttpClient-1-7] DEBUG org.asynchttpclient.netty.handler.HttpHandler - 

Request DefaultFullHttpRequest(decodeResult: success, version: HTTP/1.1, content: EmptyByteBufBE)
GET /session/238a4d0c2a0841fb1f0fdba08771013c/element/f9405b06-f5fd-4496-8785-60e08817e1ed/text HTTP/1.1
User-Agent: selenium/4.5.3 (java mac)
Cache-Control: no-cache
Content-Type: application/json; charset=utf-8
host: localhost:47263
accept: */*

Response DefaultHttpResponse(decodeResult: success, version: HTTP/1.1)
HTTP/1.1 200 OK
Content-Length: 19
Content-Type: application/json; charset=utf-8
cache-control: no-cache

18:27:01.823 [AsyncHttpClient-1-7] DEBUG org.asynchttpclient.netty.channel.ChannelManager - Adding key: http://localhost:47263 for channel [id: 0x5f9b9e58, L:/127.0.0.1:55134 - R:localhost/127.0.0.1:47263]
18:27:01.825 [Forwarding findChildElement on session 238a4d0c2a0841fb1f0fdba08771013c to remote] DEBUG org.asynchttpclient.netty.request.NettyRequestSender - Using pooled Channel '[id: 0x5f9b9e58, L:/127.0.0.1:55134 - R:localhost/127.0.0.1:47263]' for 'POST' to 'http://localhost:47263/session/238a4d0c2a0841fb1f0fdba08771013c/element/5866cc0e-ba08-4786-aa0c-900a95c90803/element'
18:27:01.825 [Forwarding findChildElement on session 238a4d0c2a0841fb1f0fdba08771013c to remote] DEBUG org.asynchttpclient.netty.request.NettyRequestSender - Using open Channel [id: 0x5f9b9e58, L:/127.0.0.1:55134 - R:localhost/127.0.0.1:47263] for POST '/session/238a4d0c2a0841fb1f0fdba08771013c/element/5866cc0e-ba08-4786-aa0c-900a95c90803/element'
18:27:01.850 [AsyncHttpClient-1-7] DEBUG org.asynchttpclient.netty.handler.HttpHandler - 

Request DefaultHttpRequest(decodeResult: success, version: HTTP/1.1)
POST /session/238a4d0c2a0841fb1f0fdba08771013c/element/5866cc0e-ba08-4786-aa0c-900a95c90803/element HTTP/1.1
User-Agent: selenium/4.5.3 (java mac)
Content-Length: 106
Content-Type: application/json; charset=utf-8
host: localhost:47263
accept: */*

Response DefaultHttpResponse(decodeResult: success, version: HTTP/1.1)
HTTP/1.1 200 OK
Content-Length: 88
Content-Type: application/json; charset=utf-8
cache-control: no-cache

18:27:01.850 [AsyncHttpClient-1-7] DEBUG org.asynchttpclient.netty.channel.ChannelManager - Adding key: http://localhost:47263 for channel [id: 0x5f9b9e58, L:/127.0.0.1:55134 - R:localhost/127.0.0.1:47263]
18:27:01.851 [Forwarding getElementText on session 238a4d0c2a0841fb1f0fdba08771013c to remote] DEBUG org.asynchttpclient.netty.request.NettyRequestSender - Using pooled Channel '[id: 0x5f9b9e58, L:/127.0.0.1:55134 - R:localhost/127.0.0.1:47263]' for 'GET' to 'http://localhost:47263/session/238a4d0c2a0841fb1f0fdba08771013c/element/198ee515-3f1b-49cb-b79a-5a1408917bc5/text'
18:27:01.851 [Forwarding getElementText on session 238a4d0c2a0841fb1f0fdba08771013c to remote] DEBUG org.asynchttpclient.netty.request.NettyRequestSender - Using open Channel [id: 0x5f9b9e58, L:/127.0.0.1:55134 - R:localhost/127.0.0.1:47263] for GET '/session/238a4d0c2a0841fb1f0fdba08771013c/element/198ee515-3f1b-49cb-b79a-5a1408917bc5/text'
18:27:02.085 [AsyncHttpClient-1-7] DEBUG org.asynchttpclient.netty.handler.HttpHandler - 

Request DefaultFullHttpRequest(decodeResult: success, version: HTTP/1.1, content: EmptyByteBufBE)
GET /session/238a4d0c2a0841fb1f0fdba08771013c/element/198ee515-3f1b-49cb-b79a-5a1408917bc5/text HTTP/1.1
User-Agent: selenium/4.5.3 (java mac)
Cache-Control: no-cache
Content-Type: application/json; charset=utf-8
host: localhost:47263
accept: */*

Response DefaultHttpResponse(decodeResult: success, version: HTTP/1.1)
HTTP/1.1 200 OK
Content-Length: 59
Content-Type: application/json; charset=utf-8
cache-control: no-cache

18:27:02.085 [AsyncHttpClient-1-7] DEBUG org.asynchttpclient.netty.channel.ChannelManager - Adding key: http://localhost:47263 for channel [id: 0x5f9b9e58, L:/127.0.0.1:55134 - R:localhost/127.0.0.1:47263]
18:27:02.086 [Forwarding findChildElement on session 238a4d0c2a0841fb1f0fdba08771013c to remote] DEBUG org.asynchttpclient.netty.request.NettyRequestSender - Using pooled Channel '[id: 0x5f9b9e58, L:/127.0.0.1:55134 - R:localhost/127.0.0.1:47263]' for 'POST' to 'http://localhost:47263/session/238a4d0c2a0841fb1f0fdba08771013c/element/5866cc0e-ba08-4786-aa0c-900a95c90803/element'
18:27:02.086 [Forwarding findChildElement on session 238a4d0c2a0841fb1f0fdba08771013c to remote] DEBUG org.asynchttpclient.netty.request.NettyRequestSender - Using open Channel [id: 0x5f9b9e58, L:/127.0.0.1:55134 - R:localhost/127.0.0.1:47263] for POST '/session/238a4d0c2a0841fb1f0fdba08771013c/element/5866cc0e-ba08-4786-aa0c-900a95c90803/element'
18:27:02.100 [AsyncHttpClient-1-7] DEBUG org.asynchttpclient.netty.handler.HttpHandler - 

Request DefaultHttpRequest(decodeResult: success, version: HTTP/1.1)
POST /session/238a4d0c2a0841fb1f0fdba08771013c/element/5866cc0e-ba08-4786-aa0c-900a95c90803/element HTTP/1.1
User-Agent: selenium/4.5.3 (java mac)
Content-Length: 106
Content-Type: application/json; charset=utf-8
host: localhost:47263
accept: */*

Response DefaultHttpResponse(decodeResult: success, version: HTTP/1.1)
HTTP/1.1 200 OK
Content-Length: 88
Content-Type: application/json; charset=utf-8
cache-control: no-cache

18:27:02.101 [AsyncHttpClient-1-7] DEBUG org.asynchttpclient.netty.channel.ChannelManager - Adding key: http://localhost:47263 for channel [id: 0x5f9b9e58, L:/127.0.0.1:55134 - R:localhost/127.0.0.1:47263]
18:27:02.105 [Forwarding getElementText on session 238a4d0c2a0841fb1f0fdba08771013c to remote] DEBUG org.asynchttpclient.netty.request.NettyRequestSender - Using pooled Channel '[id: 0x5f9b9e58, L:/127.0.0.1:55134 - R:localhost/127.0.0.1:47263]' for 'GET' to 'http://localhost:47263/session/238a4d0c2a0841fb1f0fdba08771013c/element/f0ad71f8-a184-4a45-9099-ed92c7593909/text'
18:27:02.105 [Forwarding getElementText on session 238a4d0c2a0841fb1f0fdba08771013c to remote] DEBUG org.asynchttpclient.netty.request.NettyRequestSender - Using open Channel [id: 0x5f9b9e58, L:/127.0.0.1:55134 - R:localhost/127.0.0.1:47263] for GET '/session/238a4d0c2a0841fb1f0fdba08771013c/element/f0ad71f8-a184-4a45-9099-ed92c7593909/text'
18:27:02.321 [AsyncHttpClient-1-7] DEBUG org.asynchttpclient.netty.handler.HttpHandler - 

Request DefaultFullHttpRequest(decodeResult: success, version: HTTP/1.1, content: EmptyByteBufBE)
GET /session/238a4d0c2a0841fb1f0fdba08771013c/element/f0ad71f8-a184-4a45-9099-ed92c7593909/text HTTP/1.1
User-Agent: selenium/4.5.3 (java mac)
Cache-Control: no-cache
Content-Type: application/json; charset=utf-8
host: localhost:47263
accept: */*

Response DefaultHttpResponse(decodeResult: success, version: HTTP/1.1)
HTTP/1.1 200 OK
Content-Length: 19
Content-Type: application/json; charset=utf-8
cache-control: no-cache

18:27:02.321 [AsyncHttpClient-1-7] DEBUG org.asynchttpclient.netty.channel.ChannelManager - Adding key: http://localhost:47263 for channel [id: 0x5f9b9e58, L:/127.0.0.1:55134 - R:localhost/127.0.0.1:47263]
18:27:02.323 [Forwarding findChildElement on session 238a4d0c2a0841fb1f0fdba08771013c to remote] DEBUG org.asynchttpclient.netty.request.NettyRequestSender - Using pooled Channel '[id: 0x5f9b9e58, L:/127.0.0.1:55134 - R:localhost/127.0.0.1:47263]' for 'POST' to 'http://localhost:47263/session/238a4d0c2a0841fb1f0fdba08771013c/element/b798d368-36e7-4092-a5fa-d9634aa6159c/element'
18:27:02.323 [Forwarding findChildElement on session 238a4d0c2a0841fb1f0fdba08771013c to remote] DEBUG org.asynchttpclient.netty.request.NettyRequestSender - Using open Channel [id: 0x5f9b9e58, L:/127.0.0.1:55134 - R:localhost/127.0.0.1:47263] for POST '/session/238a4d0c2a0841fb1f0fdba08771013c/element/b798d368-36e7-4092-a5fa-d9634aa6159c/element'
18:27:02.425 [AsyncHttpClient-1-7] DEBUG org.asynchttpclient.netty.handler.HttpHandler - 

Request DefaultHttpRequest(decodeResult: success, version: HTTP/1.1)
POST /session/238a4d0c2a0841fb1f0fdba08771013c/element/b798d368-36e7-4092-a5fa-d9634aa6159c/element HTTP/1.1
User-Agent: selenium/4.5.3 (java mac)
Content-Length: 106
Content-Type: application/json; charset=utf-8
host: localhost:47263
accept: */*

Response DefaultHttpResponse(decodeResult: success, version: HTTP/1.1)
HTTP/1.1 200 OK
Content-Length: 88
Content-Type: application/json; charset=utf-8
cache-control: no-cache

18:27:02.425 [AsyncHttpClient-1-7] DEBUG org.asynchttpclient.netty.channel.ChannelManager - Adding key: http://localhost:47263 for channel [id: 0x5f9b9e58, L:/127.0.0.1:55134 - R:localhost/127.0.0.1:47263]
18:27:02.426 [Forwarding getElementText on session 238a4d0c2a0841fb1f0fdba08771013c to remote] DEBUG org.asynchttpclient.netty.request.NettyRequestSender - Using pooled Channel '[id: 0x5f9b9e58, L:/127.0.0.1:55134 - R:localhost/127.0.0.1:47263]' for 'GET' to 'http://localhost:47263/session/238a4d0c2a0841fb1f0fdba08771013c/element/f255a942-76cd-44a3-8dd7-896d1ef326dd/text'
18:27:02.426 [Forwarding getElementText on session 238a4d0c2a0841fb1f0fdba08771013c to remote] DEBUG org.asynchttpclient.netty.request.NettyRequestSender - Using open Channel [id: 0x5f9b9e58, L:/127.0.0.1:55134 - R:localhost/127.0.0.1:47263] for GET '/session/238a4d0c2a0841fb1f0fdba08771013c/element/f255a942-76cd-44a3-8dd7-896d1ef326dd/text'
18:27:02.446 [AsyncHttpClient-1-7] DEBUG org.asynchttpclient.netty.handler.HttpHandler - 

Request DefaultFullHttpRequest(decodeResult: success, version: HTTP/1.1, content: EmptyByteBufBE)
GET /session/238a4d0c2a0841fb1f0fdba08771013c/element/f255a942-76cd-44a3-8dd7-896d1ef326dd/text HTTP/1.1
User-Agent: selenium/4.5.3 (java mac)
Cache-Control: no-cache
Content-Type: application/json; charset=utf-8
host: localhost:47263
accept: */*

Response DefaultHttpResponse(decodeResult: success, version: HTTP/1.1)
HTTP/1.1 200 OK
Content-Length: 64
Content-Type: application/json; charset=utf-8
cache-control: no-cache

18:27:02.446 [AsyncHttpClient-1-7] DEBUG org.asynchttpclient.netty.channel.ChannelManager - Adding key: http://localhost:47263 for channel [id: 0x5f9b9e58, L:/127.0.0.1:55134 - R:localhost/127.0.0.1:47263]
18:27:02.447 [Forwarding findChildElement on session 238a4d0c2a0841fb1f0fdba08771013c to remote] DEBUG org.asynchttpclient.netty.request.NettyRequestSender - Using pooled Channel '[id: 0x5f9b9e58, L:/127.0.0.1:55134 - R:localhost/127.0.0.1:47263]' for 'POST' to 'http://localhost:47263/session/238a4d0c2a0841fb1f0fdba08771013c/element/b798d368-36e7-4092-a5fa-d9634aa6159c/element'
18:27:02.447 [Forwarding findChildElement on session 238a4d0c2a0841fb1f0fdba08771013c to remote] DEBUG org.asynchttpclient.netty.request.NettyRequestSender - Using open Channel [id: 0x5f9b9e58, L:/127.0.0.1:55134 - R:localhost/127.0.0.1:47263] for POST '/session/238a4d0c2a0841fb1f0fdba08771013c/element/b798d368-36e7-4092-a5fa-d9634aa6159c/element'
18:27:02.463 [AsyncHttpClient-1-7] DEBUG org.asynchttpclient.netty.handler.HttpHandler - 

Request DefaultHttpRequest(decodeResult: success, version: HTTP/1.1)
POST /session/238a4d0c2a0841fb1f0fdba08771013c/element/b798d368-36e7-4092-a5fa-d9634aa6159c/element HTTP/1.1
User-Agent: selenium/4.5.3 (java mac)
Content-Length: 106
Content-Type: application/json; charset=utf-8
host: localhost:47263
accept: */*

Response DefaultHttpResponse(decodeResult: success, version: HTTP/1.1)
HTTP/1.1 200 OK
Content-Length: 88
Content-Type: application/json; charset=utf-8
cache-control: no-cache

18:27:02.463 [AsyncHttpClient-1-7] DEBUG org.asynchttpclient.netty.channel.ChannelManager - Adding key: http://localhost:47263 for channel [id: 0x5f9b9e58, L:/127.0.0.1:55134 - R:localhost/127.0.0.1:47263]
18:27:02.464 [Forwarding getElementText on session 238a4d0c2a0841fb1f0fdba08771013c to remote] DEBUG org.asynchttpclient.netty.request.NettyRequestSender - Using pooled Channel '[id: 0x5f9b9e58, L:/127.0.0.1:55134 - R:localhost/127.0.0.1:47263]' for 'GET' to 'http://localhost:47263/session/238a4d0c2a0841fb1f0fdba08771013c/element/24911980-aeaf-4181-b539-438b7d94ea2e/text'
18:27:02.465 [Forwarding getElementText on session 238a4d0c2a0841fb1f0fdba08771013c to remote] DEBUG org.asynchttpclient.netty.request.NettyRequestSender - Using open Channel [id: 0x5f9b9e58, L:/127.0.0.1:55134 - R:localhost/127.0.0.1:47263] for GET '/session/238a4d0c2a0841fb1f0fdba08771013c/element/24911980-aeaf-4181-b539-438b7d94ea2e/text'
18:27:02.673 [AsyncHttpClient-1-7] DEBUG org.asynchttpclient.netty.handler.HttpHandler - 

Request DefaultFullHttpRequest(decodeResult: success, version: HTTP/1.1, content: EmptyByteBufBE)
GET /session/238a4d0c2a0841fb1f0fdba08771013c/element/24911980-aeaf-4181-b539-438b7d94ea2e/text HTTP/1.1
User-Agent: selenium/4.5.3 (java mac)
Cache-Control: no-cache
Content-Type: application/json; charset=utf-8
host: localhost:47263
accept: */*

Response DefaultHttpResponse(decodeResult: success, version: HTTP/1.1)
HTTP/1.1 200 OK
Content-Length: 19
Content-Type: application/json; charset=utf-8
cache-control: no-cache

18:27:02.673 [AsyncHttpClient-1-7] DEBUG org.asynchttpclient.netty.channel.ChannelManager - Adding key: http://localhost:47263 for channel [id: 0x5f9b9e58, L:/127.0.0.1:55134 - R:localhost/127.0.0.1:47263]
18:27:02.674 [Forwarding findChildElement on session 238a4d0c2a0841fb1f0fdba08771013c to remote] DEBUG org.asynchttpclient.netty.request.NettyRequestSender - Using pooled Channel '[id: 0x5f9b9e58, L:/127.0.0.1:55134 - R:localhost/127.0.0.1:47263]' for 'POST' to 'http://localhost:47263/session/238a4d0c2a0841fb1f0fdba08771013c/element/04b0b6f2-13cd-48aa-b9fc-cdb051102c85/element'
18:27:02.674 [Forwarding findChildElement on session 238a4d0c2a0841fb1f0fdba08771013c to remote] DEBUG org.asynchttpclient.netty.request.NettyRequestSender - Using open Channel [id: 0x5f9b9e58, L:/127.0.0.1:55134 - R:localhost/127.0.0.1:47263] for POST '/session/238a4d0c2a0841fb1f0fdba08771013c/element/04b0b6f2-13cd-48aa-b9fc-cdb051102c85/element'
18:27:02.701 [AsyncHttpClient-1-7] DEBUG org.asynchttpclient.netty.handler.HttpHandler - 

Request DefaultHttpRequest(decodeResult: success, version: HTTP/1.1)
POST /session/238a4d0c2a0841fb1f0fdba08771013c/element/04b0b6f2-13cd-48aa-b9fc-cdb051102c85/element HTTP/1.1
User-Agent: selenium/4.5.3 (java mac)
Content-Length: 106
Content-Type: application/json; charset=utf-8
host: localhost:47263
accept: */*

Response DefaultHttpResponse(decodeResult: success, version: HTTP/1.1)
HTTP/1.1 200 OK
Content-Length: 88
Content-Type: application/json; charset=utf-8
cache-control: no-cache

18:27:02.702 [AsyncHttpClient-1-7] DEBUG org.asynchttpclient.netty.channel.ChannelManager - Adding key: http://localhost:47263 for channel [id: 0x5f9b9e58, L:/127.0.0.1:55134 - R:localhost/127.0.0.1:47263]
18:27:02.702 [Forwarding getElementText on session 238a4d0c2a0841fb1f0fdba08771013c to remote] DEBUG org.asynchttpclient.netty.request.NettyRequestSender - Using pooled Channel '[id: 0x5f9b9e58, L:/127.0.0.1:55134 - R:localhost/127.0.0.1:47263]' for 'GET' to 'http://localhost:47263/session/238a4d0c2a0841fb1f0fdba08771013c/element/2afefa23-3252-4468-a1cc-5a8d06b3acf7/text'
18:27:02.702 [Forwarding getElementText on session 238a4d0c2a0841fb1f0fdba08771013c to remote] DEBUG org.asynchttpclient.netty.request.NettyRequestSender - Using open Channel [id: 0x5f9b9e58, L:/127.0.0.1:55134 - R:localhost/127.0.0.1:47263] for GET '/session/238a4d0c2a0841fb1f0fdba08771013c/element/2afefa23-3252-4468-a1cc-5a8d06b3acf7/text'
18:27:02.723 [AsyncHttpClient-1-7] DEBUG org.asynchttpclient.netty.handler.HttpHandler - 

Request DefaultFullHttpRequest(decodeResult: success, version: HTTP/1.1, content: EmptyByteBufBE)
GET /session/238a4d0c2a0841fb1f0fdba08771013c/element/2afefa23-3252-4468-a1cc-5a8d06b3acf7/text HTTP/1.1
User-Agent: selenium/4.5.3 (java mac)
Cache-Control: no-cache
Content-Type: application/json; charset=utf-8
host: localhost:47263
accept: */*

Response DefaultHttpResponse(decodeResult: success, version: HTTP/1.1)
HTTP/1.1 200 OK
Content-Length: 81
Content-Type: application/json; charset=utf-8
cache-control: no-cache

18:27:02.723 [AsyncHttpClient-1-7] DEBUG org.asynchttpclient.netty.channel.ChannelManager - Adding key: http://localhost:47263 for channel [id: 0x5f9b9e58, L:/127.0.0.1:55134 - R:localhost/127.0.0.1:47263]
18:27:02.724 [Forwarding findChildElement on session 238a4d0c2a0841fb1f0fdba08771013c to remote] DEBUG org.asynchttpclient.netty.request.NettyRequestSender - Using pooled Channel '[id: 0x5f9b9e58, L:/127.0.0.1:55134 - R:localhost/127.0.0.1:47263]' for 'POST' to 'http://localhost:47263/session/238a4d0c2a0841fb1f0fdba08771013c/element/04b0b6f2-13cd-48aa-b9fc-cdb051102c85/element'
18:27:02.724 [Forwarding findChildElement on session 238a4d0c2a0841fb1f0fdba08771013c to remote] DEBUG org.asynchttpclient.netty.request.NettyRequestSender - Using open Channel [id: 0x5f9b9e58, L:/127.0.0.1:55134 - R:localhost/127.0.0.1:47263] for POST '/session/238a4d0c2a0841fb1f0fdba08771013c/element/04b0b6f2-13cd-48aa-b9fc-cdb051102c85/element'
18:27:02.875 [AsyncHttpClient-1-7] DEBUG org.asynchttpclient.netty.handler.HttpHandler - 

Request DefaultHttpRequest(decodeResult: success, version: HTTP/1.1)
POST /session/238a4d0c2a0841fb1f0fdba08771013c/element/04b0b6f2-13cd-48aa-b9fc-cdb051102c85/element HTTP/1.1
User-Agent: selenium/4.5.3 (java mac)
Content-Length: 106
Content-Type: application/json; charset=utf-8
host: localhost:47263
accept: */*

Response DefaultHttpResponse(decodeResult: success, version: HTTP/1.1)
HTTP/1.1 200 OK
Content-Length: 88
Content-Type: application/json; charset=utf-8
cache-control: no-cache

18:27:02.875 [AsyncHttpClient-1-7] DEBUG org.asynchttpclient.netty.channel.ChannelManager - Adding key: http://localhost:47263 for channel [id: 0x5f9b9e58, L:/127.0.0.1:55134 - R:localhost/127.0.0.1:47263]
18:27:02.876 [Forwarding getElementText on session 238a4d0c2a0841fb1f0fdba08771013c to remote] DEBUG org.asynchttpclient.netty.request.NettyRequestSender - Using pooled Channel '[id: 0x5f9b9e58, L:/127.0.0.1:55134 - R:localhost/127.0.0.1:47263]' for 'GET' to 'http://localhost:47263/session/238a4d0c2a0841fb1f0fdba08771013c/element/4304e2a0-0113-4cc5-87eb-6c04648a1afa/text'
18:27:02.876 [Forwarding getElementText on session 238a4d0c2a0841fb1f0fdba08771013c to remote] DEBUG org.asynchttpclient.netty.request.NettyRequestSender - Using open Channel [id: 0x5f9b9e58, L:/127.0.0.1:55134 - R:localhost/127.0.0.1:47263] for GET '/session/238a4d0c2a0841fb1f0fdba08771013c/element/4304e2a0-0113-4cc5-87eb-6c04648a1afa/text'
18:27:02.916 [AsyncHttpClient-1-1] DEBUG org.asynchttpclient.netty.channel.DefaultChannelPool - Entry count for : http://localhost:8354 : 1
18:27:02.916 [AsyncHttpClient-1-1] DEBUG org.asynchttpclient.netty.channel.DefaultChannelPool - Entry count for : http://localhost:55138 : 1
18:27:03.023 [AsyncHttpClient-1-7] DEBUG org.asynchttpclient.netty.handler.HttpHandler - 

Request DefaultFullHttpRequest(decodeResult: success, version: HTTP/1.1, content: EmptyByteBufBE)
GET /session/238a4d0c2a0841fb1f0fdba08771013c/element/4304e2a0-0113-4cc5-87eb-6c04648a1afa/text HTTP/1.1
User-Agent: selenium/4.5.3 (java mac)
Cache-Control: no-cache
Content-Type: application/json; charset=utf-8
host: localhost:47263
accept: */*

Response DefaultHttpResponse(decodeResult: success, version: HTTP/1.1)
HTTP/1.1 200 OK
Content-Length: 30
Content-Type: application/json; charset=utf-8
cache-control: no-cache

18:27:03.023 [AsyncHttpClient-1-7] DEBUG org.asynchttpclient.netty.channel.ChannelManager - Adding key: http://localhost:47263 for channel [id: 0x5f9b9e58, L:/127.0.0.1:55134 - R:localhost/127.0.0.1:47263]
18:27:03.025 [Forwarding findChildElement on session 238a4d0c2a0841fb1f0fdba08771013c to remote] DEBUG org.asynchttpclient.netty.request.NettyRequestSender - Using pooled Channel '[id: 0x5f9b9e58, L:/127.0.0.1:55134 - R:localhost/127.0.0.1:47263]' for 'POST' to 'http://localhost:47263/session/238a4d0c2a0841fb1f0fdba08771013c/element/dc5124ac-0346-45ee-807f-cefcd8169554/element'
18:27:03.025 [Forwarding findChildElement on session 238a4d0c2a0841fb1f0fdba08771013c to remote] DEBUG org.asynchttpclient.netty.request.NettyRequestSender - Using open Channel [id: 0x5f9b9e58, L:/127.0.0.1:55134 - R:localhost/127.0.0.1:47263] for POST '/session/238a4d0c2a0841fb1f0fdba08771013c/element/dc5124ac-0346-45ee-807f-cefcd8169554/element'
18:27:03.086 [AsyncHttpClient-1-7] DEBUG org.asynchttpclient.netty.handler.HttpHandler - 

Request DefaultHttpRequest(decodeResult: success, version: HTTP/1.1)
POST /session/238a4d0c2a0841fb1f0fdba08771013c/element/dc5124ac-0346-45ee-807f-cefcd8169554/element HTTP/1.1
User-Agent: selenium/4.5.3 (java mac)
Content-Length: 106
Content-Type: application/json; charset=utf-8
host: localhost:47263
accept: */*

Response DefaultHttpResponse(decodeResult: success, version: HTTP/1.1)
HTTP/1.1 200 OK
Content-Length: 88
Content-Type: application/json; charset=utf-8
cache-control: no-cache

18:27:03.086 [AsyncHttpClient-1-7] DEBUG org.asynchttpclient.netty.channel.ChannelManager - Adding key: http://localhost:47263 for channel [id: 0x5f9b9e58, L:/127.0.0.1:55134 - R:localhost/127.0.0.1:47263]
18:27:03.086 [Forwarding getElementText on session 238a4d0c2a0841fb1f0fdba08771013c to remote] DEBUG org.asynchttpclient.netty.request.NettyRequestSender - Using pooled Channel '[id: 0x5f9b9e58, L:/127.0.0.1:55134 - R:localhost/127.0.0.1:47263]' for 'GET' to 'http://localhost:47263/session/238a4d0c2a0841fb1f0fdba08771013c/element/5c7bbc31-47b9-4275-87df-0a0ae7baca2c/text'
18:27:03.087 [Forwarding getElementText on session 238a4d0c2a0841fb1f0fdba08771013c to remote] DEBUG org.asynchttpclient.netty.request.NettyRequestSender - Using open Channel [id: 0x5f9b9e58, L:/127.0.0.1:55134 - R:localhost/127.0.0.1:47263] for GET '/session/238a4d0c2a0841fb1f0fdba08771013c/element/5c7bbc31-47b9-4275-87df-0a0ae7baca2c/text'
18:27:03.169 [AsyncHttpClient-1-7] DEBUG org.asynchttpclient.netty.handler.HttpHandler - 

Request DefaultFullHttpRequest(decodeResult: success, version: HTTP/1.1, content: EmptyByteBufBE)
GET /session/238a4d0c2a0841fb1f0fdba08771013c/element/5c7bbc31-47b9-4275-87df-0a0ae7baca2c/text HTTP/1.1
User-Agent: selenium/4.5.3 (java mac)
Cache-Control: no-cache
Content-Type: application/json; charset=utf-8
host: localhost:47263
accept: */*

Response DefaultHttpResponse(decodeResult: success, version: HTTP/1.1)
HTTP/1.1 200 OK
Content-Length: 64
Content-Type: application/json; charset=utf-8
cache-control: no-cache

18:27:03.170 [AsyncHttpClient-1-7] DEBUG org.asynchttpclient.netty.channel.ChannelManager - Adding key: http://localhost:47263 for channel [id: 0x5f9b9e58, L:/127.0.0.1:55134 - R:localhost/127.0.0.1:47263]
18:27:03.171 [Forwarding findChildElement on session 238a4d0c2a0841fb1f0fdba08771013c to remote] DEBUG org.asynchttpclient.netty.request.NettyRequestSender - Using pooled Channel '[id: 0x5f9b9e58, L:/127.0.0.1:55134 - R:localhost/127.0.0.1:47263]' for 'POST' to 'http://localhost:47263/session/238a4d0c2a0841fb1f0fdba08771013c/element/dc5124ac-0346-45ee-807f-cefcd8169554/element'
18:27:03.171 [Forwarding findChildElement on session 238a4d0c2a0841fb1f0fdba08771013c to remote] DEBUG org.asynchttpclient.netty.request.NettyRequestSender - Using open Channel [id: 0x5f9b9e58, L:/127.0.0.1:55134 - R:localhost/127.0.0.1:47263] for POST '/session/238a4d0c2a0841fb1f0fdba08771013c/element/dc5124ac-0346-45ee-807f-cefcd8169554/element'
18:27:03.273 [AsyncHttpClient-1-7] DEBUG org.asynchttpclient.netty.handler.HttpHandler - 

Request DefaultHttpRequest(decodeResult: success, version: HTTP/1.1)
POST /session/238a4d0c2a0841fb1f0fdba08771013c/element/dc5124ac-0346-45ee-807f-cefcd8169554/element HTTP/1.1
User-Agent: selenium/4.5.3 (java mac)
Content-Length: 106
Content-Type: application/json; charset=utf-8
host: localhost:47263
accept: */*

Response DefaultHttpResponse(decodeResult: success, version: HTTP/1.1)
HTTP/1.1 200 OK
Content-Length: 88
Content-Type: application/json; charset=utf-8
cache-control: no-cache

18:27:03.273 [AsyncHttpClient-1-7] DEBUG org.asynchttpclient.netty.channel.ChannelManager - Adding key: http://localhost:47263 for channel [id: 0x5f9b9e58, L:/127.0.0.1:55134 - R:localhost/127.0.0.1:47263]
18:27:03.274 [Forwarding getElementText on session 238a4d0c2a0841fb1f0fdba08771013c to remote] DEBUG org.asynchttpclient.netty.request.NettyRequestSender - Using pooled Channel '[id: 0x5f9b9e58, L:/127.0.0.1:55134 - R:localhost/127.0.0.1:47263]' for 'GET' to 'http://localhost:47263/session/238a4d0c2a0841fb1f0fdba08771013c/element/5f3293da-619e-4a6c-bb25-be515a5eff60/text'
18:27:03.274 [Forwarding getElementText on session 238a4d0c2a0841fb1f0fdba08771013c to remote] DEBUG org.asynchttpclient.netty.request.NettyRequestSender - Using open Channel [id: 0x5f9b9e58, L:/127.0.0.1:55134 - R:localhost/127.0.0.1:47263] for GET '/session/238a4d0c2a0841fb1f0fdba08771013c/element/5f3293da-619e-4a6c-bb25-be515a5eff60/text'
18:27:03.295 [AsyncHttpClient-1-7] DEBUG org.asynchttpclient.netty.handler.HttpHandler - 

Request DefaultFullHttpRequest(decodeResult: success, version: HTTP/1.1, content: EmptyByteBufBE)
GET /session/238a4d0c2a0841fb1f0fdba08771013c/element/5f3293da-619e-4a6c-bb25-be515a5eff60/text HTTP/1.1
User-Agent: selenium/4.5.3 (java mac)
Cache-Control: no-cache
Content-Type: application/json; charset=utf-8
host: localhost:47263
accept: */*

Response DefaultHttpResponse(decodeResult: success, version: HTTP/1.1)
HTTP/1.1 200 OK
Content-Length: 19
Content-Type: application/json; charset=utf-8
cache-control: no-cache

18:27:03.295 [AsyncHttpClient-1-7] DEBUG org.asynchttpclient.netty.channel.ChannelManager - Adding key: http://localhost:47263 for channel [id: 0x5f9b9e58, L:/127.0.0.1:55134 - R:localhost/127.0.0.1:47263]
18:27:03.299 [Forwarding findChildElement on session 238a4d0c2a0841fb1f0fdba08771013c to remote] DEBUG org.asynchttpclient.netty.request.NettyRequestSender - Using pooled Channel '[id: 0x5f9b9e58, L:/127.0.0.1:55134 - R:localhost/127.0.0.1:47263]' for 'POST' to 'http://localhost:47263/session/238a4d0c2a0841fb1f0fdba08771013c/element/2f7f61c0-205a-4f25-9e17-db99b1282999/element'
18:27:03.299 [Forwarding findChildElement on session 238a4d0c2a0841fb1f0fdba08771013c to remote] DEBUG org.asynchttpclient.netty.request.NettyRequestSender - Using open Channel [id: 0x5f9b9e58, L:/127.0.0.1:55134 - R:localhost/127.0.0.1:47263] for POST '/session/238a4d0c2a0841fb1f0fdba08771013c/element/2f7f61c0-205a-4f25-9e17-db99b1282999/element'
18:27:03.315 [AsyncHttpClient-1-7] DEBUG org.asynchttpclient.netty.handler.HttpHandler - 

Request DefaultHttpRequest(decodeResult: success, version: HTTP/1.1)
POST /session/238a4d0c2a0841fb1f0fdba08771013c/element/2f7f61c0-205a-4f25-9e17-db99b1282999/element HTTP/1.1
User-Agent: selenium/4.5.3 (java mac)
Content-Length: 106
Content-Type: application/json; charset=utf-8
host: localhost:47263
accept: */*

Response DefaultHttpResponse(decodeResult: success, version: HTTP/1.1)
HTTP/1.1 200 OK
Content-Length: 88
Content-Type: application/json; charset=utf-8
cache-control: no-cache

18:27:03.316 [AsyncHttpClient-1-7] DEBUG org.asynchttpclient.netty.channel.ChannelManager - Adding key: http://localhost:47263 for channel [id: 0x5f9b9e58, L:/127.0.0.1:55134 - R:localhost/127.0.0.1:47263]
18:27:03.316 [Forwarding getElementText on session 238a4d0c2a0841fb1f0fdba08771013c to remote] DEBUG org.asynchttpclient.netty.request.NettyRequestSender - Using pooled Channel '[id: 0x5f9b9e58, L:/127.0.0.1:55134 - R:localhost/127.0.0.1:47263]' for 'GET' to 'http://localhost:47263/session/238a4d0c2a0841fb1f0fdba08771013c/element/6fe8406c-408f-42c9-989d-7ee885d4c97a/text'
18:27:03.316 [Forwarding getElementText on session 238a4d0c2a0841fb1f0fdba08771013c to remote] DEBUG org.asynchttpclient.netty.request.NettyRequestSender - Using open Channel [id: 0x5f9b9e58, L:/127.0.0.1:55134 - R:localhost/127.0.0.1:47263] for GET '/session/238a4d0c2a0841fb1f0fdba08771013c/element/6fe8406c-408f-42c9-989d-7ee885d4c97a/text'
18:27:03.342 [AsyncHttpClient-1-7] DEBUG org.asynchttpclient.netty.handler.HttpHandler - 

Request DefaultFullHttpRequest(decodeResult: success, version: HTTP/1.1, content: EmptyByteBufBE)
GET /session/238a4d0c2a0841fb1f0fdba08771013c/element/6fe8406c-408f-42c9-989d-7ee885d4c97a/text HTTP/1.1
User-Agent: selenium/4.5.3 (java mac)
Cache-Control: no-cache
Content-Type: application/json; charset=utf-8
host: localhost:47263
accept: */*

Response DefaultHttpResponse(decodeResult: success, version: HTTP/1.1)
HTTP/1.1 200 OK
Content-Length: 75
Content-Type: application/json; charset=utf-8
cache-control: no-cache

18:27:03.342 [AsyncHttpClient-1-7] DEBUG org.asynchttpclient.netty.channel.ChannelManager - Adding key: http://localhost:47263 for channel [id: 0x5f9b9e58, L:/127.0.0.1:55134 - R:localhost/127.0.0.1:47263]
18:27:03.343 [Forwarding findChildElement on session 238a4d0c2a0841fb1f0fdba08771013c to remote] DEBUG org.asynchttpclient.netty.request.NettyRequestSender - Using pooled Channel '[id: 0x5f9b9e58, L:/127.0.0.1:55134 - R:localhost/127.0.0.1:47263]' for 'POST' to 'http://localhost:47263/session/238a4d0c2a0841fb1f0fdba08771013c/element/2f7f61c0-205a-4f25-9e17-db99b1282999/element'
18:27:03.343 [Forwarding findChildElement on session 238a4d0c2a0841fb1f0fdba08771013c to remote] DEBUG org.asynchttpclient.netty.request.NettyRequestSender - Using open Channel [id: 0x5f9b9e58, L:/127.0.0.1:55134 - R:localhost/127.0.0.1:47263] for POST '/session/238a4d0c2a0841fb1f0fdba08771013c/element/2f7f61c0-205a-4f25-9e17-db99b1282999/element'
18:27:03.367 [AsyncHttpClient-1-7] DEBUG org.asynchttpclient.netty.handler.HttpHandler - 

Request DefaultHttpRequest(decodeResult: success, version: HTTP/1.1)
POST /session/238a4d0c2a0841fb1f0fdba08771013c/element/2f7f61c0-205a-4f25-9e17-db99b1282999/element HTTP/1.1
User-Agent: selenium/4.5.3 (java mac)
Content-Length: 106
Content-Type: application/json; charset=utf-8
host: localhost:47263
accept: */*

Response DefaultHttpResponse(decodeResult: success, version: HTTP/1.1)
HTTP/1.1 200 OK
Content-Length: 88
Content-Type: application/json; charset=utf-8
cache-control: no-cache

18:27:03.368 [AsyncHttpClient-1-7] DEBUG org.asynchttpclient.netty.channel.ChannelManager - Adding key: http://localhost:47263 for channel [id: 0x5f9b9e58, L:/127.0.0.1:55134 - R:localhost/127.0.0.1:47263]
18:27:03.370 [Forwarding getElementText on session 238a4d0c2a0841fb1f0fdba08771013c to remote] DEBUG org.asynchttpclient.netty.request.NettyRequestSender - Using pooled Channel '[id: 0x5f9b9e58, L:/127.0.0.1:55134 - R:localhost/127.0.0.1:47263]' for 'GET' to 'http://localhost:47263/session/238a4d0c2a0841fb1f0fdba08771013c/element/ca3bbf2b-4d9e-4bbd-a33d-e8bc3e742cf8/text'
18:27:03.370 [Forwarding getElementText on session 238a4d0c2a0841fb1f0fdba08771013c to remote] DEBUG org.asynchttpclient.netty.request.NettyRequestSender - Using open Channel [id: 0x5f9b9e58, L:/127.0.0.1:55134 - R:localhost/127.0.0.1:47263] for GET '/session/238a4d0c2a0841fb1f0fdba08771013c/element/ca3bbf2b-4d9e-4bbd-a33d-e8bc3e742cf8/text'
18:27:03.475 [AsyncHttpClient-1-7] DEBUG org.asynchttpclient.netty.handler.HttpHandler - 

Request DefaultFullHttpRequest(decodeResult: success, version: HTTP/1.1, content: EmptyByteBufBE)
GET /session/238a4d0c2a0841fb1f0fdba08771013c/element/ca3bbf2b-4d9e-4bbd-a33d-e8bc3e742cf8/text HTTP/1.1
User-Agent: selenium/4.5.3 (java mac)
Cache-Control: no-cache
Content-Type: application/json; charset=utf-8
host: localhost:47263
accept: */*

Response DefaultHttpResponse(decodeResult: success, version: HTTP/1.1)
HTTP/1.1 200 OK
Content-Length: 19
Content-Type: application/json; charset=utf-8
cache-control: no-cache

18:27:03.476 [AsyncHttpClient-1-7] DEBUG org.asynchttpclient.netty.channel.ChannelManager - Adding key: http://localhost:47263 for channel [id: 0x5f9b9e58, L:/127.0.0.1:55134 - R:localhost/127.0.0.1:47263]
18:27:03.478 [Forwarding findChildElement on session 238a4d0c2a0841fb1f0fdba08771013c to remote] DEBUG org.asynchttpclient.netty.request.NettyRequestSender - Using pooled Channel '[id: 0x5f9b9e58, L:/127.0.0.1:55134 - R:localhost/127.0.0.1:47263]' for 'POST' to 'http://localhost:47263/session/238a4d0c2a0841fb1f0fdba08771013c/element/bb945c10-f02e-440e-95c4-9ead135716c0/element'
18:27:03.478 [Forwarding findChildElement on session 238a4d0c2a0841fb1f0fdba08771013c to remote] DEBUG org.asynchttpclient.netty.request.NettyRequestSender - Using open Channel [id: 0x5f9b9e58, L:/127.0.0.1:55134 - R:localhost/127.0.0.1:47263] for POST '/session/238a4d0c2a0841fb1f0fdba08771013c/element/bb945c10-f02e-440e-95c4-9ead135716c0/element'
18:27:03.502 [AsyncHttpClient-1-7] DEBUG org.asynchttpclient.netty.handler.HttpHandler - 

Request DefaultHttpRequest(decodeResult: success, version: HTTP/1.1)
POST /session/238a4d0c2a0841fb1f0fdba08771013c/element/bb945c10-f02e-440e-95c4-9ead135716c0/element HTTP/1.1
User-Agent: selenium/4.5.3 (java mac)
Content-Length: 106
Content-Type: application/json; charset=utf-8
host: localhost:47263
accept: */*

Response DefaultHttpResponse(decodeResult: success, version: HTTP/1.1)
HTTP/1.1 200 OK
Content-Length: 88
Content-Type: application/json; charset=utf-8
cache-control: no-cache

18:27:03.502 [AsyncHttpClient-1-7] DEBUG org.asynchttpclient.netty.channel.ChannelManager - Adding key: http://localhost:47263 for channel [id: 0x5f9b9e58, L:/127.0.0.1:55134 - R:localhost/127.0.0.1:47263]
18:27:03.502 [Forwarding getElementText on session 238a4d0c2a0841fb1f0fdba08771013c to remote] DEBUG org.asynchttpclient.netty.request.NettyRequestSender - Using pooled Channel '[id: 0x5f9b9e58, L:/127.0.0.1:55134 - R:localhost/127.0.0.1:47263]' for 'GET' to 'http://localhost:47263/session/238a4d0c2a0841fb1f0fdba08771013c/element/6b4978b9-68f8-4bed-afad-dec9ae1750e2/text'
18:27:03.502 [Forwarding getElementText on session 238a4d0c2a0841fb1f0fdba08771013c to remote] DEBUG org.asynchttpclient.netty.request.NettyRequestSender - Using open Channel [id: 0x5f9b9e58, L:/127.0.0.1:55134 - R:localhost/127.0.0.1:47263] for GET '/session/238a4d0c2a0841fb1f0fdba08771013c/element/6b4978b9-68f8-4bed-afad-dec9ae1750e2/text'
18:27:03.546 [AsyncHttpClient-1-7] DEBUG org.asynchttpclient.netty.handler.HttpHandler - 

Request DefaultFullHttpRequest(decodeResult: success, version: HTTP/1.1, content: EmptyByteBufBE)
GET /session/238a4d0c2a0841fb1f0fdba08771013c/element/6b4978b9-68f8-4bed-afad-dec9ae1750e2/text HTTP/1.1
User-Agent: selenium/4.5.3 (java mac)
Cache-Control: no-cache
Content-Type: application/json; charset=utf-8
host: localhost:47263
accept: */*

Response DefaultHttpResponse(decodeResult: success, version: HTTP/1.1)
HTTP/1.1 200 OK
Content-Length: 91
Content-Type: application/json; charset=utf-8
cache-control: no-cache

18:27:03.546 [AsyncHttpClient-1-7] DEBUG org.asynchttpclient.netty.channel.ChannelManager - Adding key: http://localhost:47263 for channel [id: 0x5f9b9e58, L:/127.0.0.1:55134 - R:localhost/127.0.0.1:47263]
18:27:03.547 [Forwarding findChildElement on session 238a4d0c2a0841fb1f0fdba08771013c to remote] DEBUG org.asynchttpclient.netty.request.NettyRequestSender - Using pooled Channel '[id: 0x5f9b9e58, L:/127.0.0.1:55134 - R:localhost/127.0.0.1:47263]' for 'POST' to 'http://localhost:47263/session/238a4d0c2a0841fb1f0fdba08771013c/element/bb945c10-f02e-440e-95c4-9ead135716c0/element'
18:27:03.547 [Forwarding findChildElement on session 238a4d0c2a0841fb1f0fdba08771013c to remote] DEBUG org.asynchttpclient.netty.request.NettyRequestSender - Using open Channel [id: 0x5f9b9e58, L:/127.0.0.1:55134 - R:localhost/127.0.0.1:47263] for POST '/session/238a4d0c2a0841fb1f0fdba08771013c/element/bb945c10-f02e-440e-95c4-9ead135716c0/element'
18:27:03.592 [AsyncHttpClient-1-7] DEBUG org.asynchttpclient.netty.handler.HttpHandler - 

Request DefaultHttpRequest(decodeResult: success, version: HTTP/1.1)
POST /session/238a4d0c2a0841fb1f0fdba08771013c/element/bb945c10-f02e-440e-95c4-9ead135716c0/element HTTP/1.1
User-Agent: selenium/4.5.3 (java mac)
Content-Length: 106
Content-Type: application/json; charset=utf-8
host: localhost:47263
accept: */*

Response DefaultHttpResponse(decodeResult: success, version: HTTP/1.1)
HTTP/1.1 200 OK
Content-Length: 88
Content-Type: application/json; charset=utf-8
cache-control: no-cache

18:27:03.592 [AsyncHttpClient-1-7] DEBUG org.asynchttpclient.netty.channel.ChannelManager - Adding key: http://localhost:47263 for channel [id: 0x5f9b9e58, L:/127.0.0.1:55134 - R:localhost/127.0.0.1:47263]
18:27:03.593 [Forwarding getElementText on session 238a4d0c2a0841fb1f0fdba08771013c to remote] DEBUG org.asynchttpclient.netty.request.NettyRequestSender - Using pooled Channel '[id: 0x5f9b9e58, L:/127.0.0.1:55134 - R:localhost/127.0.0.1:47263]' for 'GET' to 'http://localhost:47263/session/238a4d0c2a0841fb1f0fdba08771013c/element/3fe43340-4474-4603-9a37-5a10815e9f51/text'
18:27:03.593 [Forwarding getElementText on session 238a4d0c2a0841fb1f0fdba08771013c to remote] DEBUG org.asynchttpclient.netty.request.NettyRequestSender - Using open Channel [id: 0x5f9b9e58, L:/127.0.0.1:55134 - R:localhost/127.0.0.1:47263] for GET '/session/238a4d0c2a0841fb1f0fdba08771013c/element/3fe43340-4474-4603-9a37-5a10815e9f51/text'
18:27:03.652 [AsyncHttpClient-1-7] DEBUG org.asynchttpclient.netty.handler.HttpHandler - 

Request DefaultFullHttpRequest(decodeResult: success, version: HTTP/1.1, content: EmptyByteBufBE)
GET /session/238a4d0c2a0841fb1f0fdba08771013c/element/3fe43340-4474-4603-9a37-5a10815e9f51/text HTTP/1.1
User-Agent: selenium/4.5.3 (java mac)
Cache-Control: no-cache
Content-Type: application/json; charset=utf-8
host: localhost:47263
accept: */*

Response DefaultHttpResponse(decodeResult: success, version: HTTP/1.1)
HTTP/1.1 200 OK
Content-Length: 19
Content-Type: application/json; charset=utf-8
cache-control: no-cache

18:27:03.652 [AsyncHttpClient-1-7] DEBUG org.asynchttpclient.netty.channel.ChannelManager - Adding key: http://localhost:47263 for channel [id: 0x5f9b9e58, L:/127.0.0.1:55134 - R:localhost/127.0.0.1:47263]
18:27:03.656 [Forwarding findChildElement on session 238a4d0c2a0841fb1f0fdba08771013c to remote] DEBUG org.asynchttpclient.netty.request.NettyRequestSender - Using pooled Channel '[id: 0x5f9b9e58, L:/127.0.0.1:55134 - R:localhost/127.0.0.1:47263]' for 'POST' to 'http://localhost:47263/session/238a4d0c2a0841fb1f0fdba08771013c/element/520761c4-1228-4a98-869e-568c56f3a8c0/element'
18:27:03.656 [Forwarding findChildElement on session 238a4d0c2a0841fb1f0fdba08771013c to remote] DEBUG org.asynchttpclient.netty.request.NettyRequestSender - Using open Channel [id: 0x5f9b9e58, L:/127.0.0.1:55134 - R:localhost/127.0.0.1:47263] for POST '/session/238a4d0c2a0841fb1f0fdba08771013c/element/520761c4-1228-4a98-869e-568c56f3a8c0/element'
18:27:03.684 [AsyncHttpClient-1-7] DEBUG org.asynchttpclient.netty.handler.HttpHandler - 

Request DefaultHttpRequest(decodeResult: success, version: HTTP/1.1)
POST /session/238a4d0c2a0841fb1f0fdba08771013c/element/520761c4-1228-4a98-869e-568c56f3a8c0/element HTTP/1.1
User-Agent: selenium/4.5.3 (java mac)
Content-Length: 106
Content-Type: application/json; charset=utf-8
host: localhost:47263
accept: */*

Response DefaultHttpResponse(decodeResult: success, version: HTTP/1.1)
HTTP/1.1 200 OK
Content-Length: 88
Content-Type: application/json; charset=utf-8
cache-control: no-cache

18:27:03.685 [AsyncHttpClient-1-7] DEBUG org.asynchttpclient.netty.channel.ChannelManager - Adding key: http://localhost:47263 for channel [id: 0x5f9b9e58, L:/127.0.0.1:55134 - R:localhost/127.0.0.1:47263]
18:27:03.686 [Forwarding getElementText on session 238a4d0c2a0841fb1f0fdba08771013c to remote] DEBUG org.asynchttpclient.netty.request.NettyRequestSender - Using pooled Channel '[id: 0x5f9b9e58, L:/127.0.0.1:55134 - R:localhost/127.0.0.1:47263]' for 'GET' to 'http://localhost:47263/session/238a4d0c2a0841fb1f0fdba08771013c/element/4b2551a5-e707-48c8-ad4b-b2a0d9fb3bd3/text'
18:27:03.686 [Forwarding getElementText on session 238a4d0c2a0841fb1f0fdba08771013c to remote] DEBUG org.asynchttpclient.netty.request.NettyRequestSender - Using open Channel [id: 0x5f9b9e58, L:/127.0.0.1:55134 - R:localhost/127.0.0.1:47263] for GET '/session/238a4d0c2a0841fb1f0fdba08771013c/element/4b2551a5-e707-48c8-ad4b-b2a0d9fb3bd3/text'
18:27:03.724 [AsyncHttpClient-1-7] DEBUG org.asynchttpclient.netty.handler.HttpHandler - 

Request DefaultFullHttpRequest(decodeResult: success, version: HTTP/1.1, content: EmptyByteBufBE)
GET /session/238a4d0c2a0841fb1f0fdba08771013c/element/4b2551a5-e707-48c8-ad4b-b2a0d9fb3bd3/text HTTP/1.1
User-Agent: selenium/4.5.3 (java mac)
Cache-Control: no-cache
Content-Type: application/json; charset=utf-8
host: localhost:47263
accept: */*

Response DefaultHttpResponse(decodeResult: success, version: HTTP/1.1)
HTTP/1.1 200 OK
Content-Length: 71
Content-Type: application/json; charset=utf-8
cache-control: no-cache

18:27:03.724 [AsyncHttpClient-1-7] DEBUG org.asynchttpclient.netty.channel.ChannelManager - Adding key: http://localhost:47263 for channel [id: 0x5f9b9e58, L:/127.0.0.1:55134 - R:localhost/127.0.0.1:47263]
18:27:03.726 [Forwarding findChildElement on session 238a4d0c2a0841fb1f0fdba08771013c to remote] DEBUG org.asynchttpclient.netty.request.NettyRequestSender - Using pooled Channel '[id: 0x5f9b9e58, L:/127.0.0.1:55134 - R:localhost/127.0.0.1:47263]' for 'POST' to 'http://localhost:47263/session/238a4d0c2a0841fb1f0fdba08771013c/element/520761c4-1228-4a98-869e-568c56f3a8c0/element'
18:27:03.726 [Forwarding findChildElement on session 238a4d0c2a0841fb1f0fdba08771013c to remote] DEBUG org.asynchttpclient.netty.request.NettyRequestSender - Using open Channel [id: 0x5f9b9e58, L:/127.0.0.1:55134 - R:localhost/127.0.0.1:47263] for POST '/session/238a4d0c2a0841fb1f0fdba08771013c/element/520761c4-1228-4a98-869e-568c56f3a8c0/element'
18:27:03.767 [AsyncHttpClient-1-7] DEBUG org.asynchttpclient.netty.handler.HttpHandler - 

Request DefaultHttpRequest(decodeResult: success, version: HTTP/1.1)
POST /session/238a4d0c2a0841fb1f0fdba08771013c/element/520761c4-1228-4a98-869e-568c56f3a8c0/element HTTP/1.1
User-Agent: selenium/4.5.3 (java mac)
Content-Length: 106
Content-Type: application/json; charset=utf-8
host: localhost:47263
accept: */*

Response DefaultHttpResponse(decodeResult: success, version: HTTP/1.1)
HTTP/1.1 200 OK
Content-Length: 88
Content-Type: application/json; charset=utf-8
cache-control: no-cache

18:27:03.767 [AsyncHttpClient-1-7] DEBUG org.asynchttpclient.netty.channel.ChannelManager - Adding key: http://localhost:47263 for channel [id: 0x5f9b9e58, L:/127.0.0.1:55134 - R:localhost/127.0.0.1:47263]
18:27:03.768 [Forwarding getElementText on session 238a4d0c2a0841fb1f0fdba08771013c to remote] DEBUG org.asynchttpclient.netty.request.NettyRequestSender - Using pooled Channel '[id: 0x5f9b9e58, L:/127.0.0.1:55134 - R:localhost/127.0.0.1:47263]' for 'GET' to 'http://localhost:47263/session/238a4d0c2a0841fb1f0fdba08771013c/element/4436a564-3da4-4174-a4c4-da55de2ab0ac/text'
18:27:03.768 [Forwarding getElementText on session 238a4d0c2a0841fb1f0fdba08771013c to remote] DEBUG org.asynchttpclient.netty.request.NettyRequestSender - Using open Channel [id: 0x5f9b9e58, L:/127.0.0.1:55134 - R:localhost/127.0.0.1:47263] for GET '/session/238a4d0c2a0841fb1f0fdba08771013c/element/4436a564-3da4-4174-a4c4-da55de2ab0ac/text'
18:27:03.808 [AsyncHttpClient-1-7] DEBUG org.asynchttpclient.netty.handler.HttpHandler - 

Request DefaultFullHttpRequest(decodeResult: success, version: HTTP/1.1, content: EmptyByteBufBE)
GET /session/238a4d0c2a0841fb1f0fdba08771013c/element/4436a564-3da4-4174-a4c4-da55de2ab0ac/text HTTP/1.1
User-Agent: selenium/4.5.3 (java mac)
Cache-Control: no-cache
Content-Type: application/json; charset=utf-8
host: localhost:47263
accept: */*

Response DefaultHttpResponse(decodeResult: success, version: HTTP/1.1)
HTTP/1.1 200 OK
Content-Length: 19
Content-Type: application/json; charset=utf-8
cache-control: no-cache

18:27:03.809 [AsyncHttpClient-1-7] DEBUG org.asynchttpclient.netty.channel.ChannelManager - Adding key: http://localhost:47263 for channel [id: 0x5f9b9e58, L:/127.0.0.1:55134 - R:localhost/127.0.0.1:47263]
18:27:03.811 [Forwarding findChildElement on session 238a4d0c2a0841fb1f0fdba08771013c to remote] DEBUG org.asynchttpclient.netty.request.NettyRequestSender - Using pooled Channel '[id: 0x5f9b9e58, L:/127.0.0.1:55134 - R:localhost/127.0.0.1:47263]' for 'POST' to 'http://localhost:47263/session/238a4d0c2a0841fb1f0fdba08771013c/element/ebd714bb-2431-4858-a156-130b1c518383/element'
18:27:03.811 [Forwarding findChildElement on session 238a4d0c2a0841fb1f0fdba08771013c to remote] DEBUG org.asynchttpclient.netty.request.NettyRequestSender - Using open Channel [id: 0x5f9b9e58, L:/127.0.0.1:55134 - R:localhost/127.0.0.1:47263] for POST '/session/238a4d0c2a0841fb1f0fdba08771013c/element/ebd714bb-2431-4858-a156-130b1c518383/element'
18:27:03.837 [AsyncHttpClient-1-7] DEBUG org.asynchttpclient.netty.handler.HttpHandler - 

Request DefaultHttpRequest(decodeResult: success, version: HTTP/1.1)
POST /session/238a4d0c2a0841fb1f0fdba08771013c/element/ebd714bb-2431-4858-a156-130b1c518383/element HTTP/1.1
User-Agent: selenium/4.5.3 (java mac)
Content-Length: 106
Content-Type: application/json; charset=utf-8
host: localhost:47263
accept: */*

Response DefaultHttpResponse(decodeResult: success, version: HTTP/1.1)
HTTP/1.1 200 OK
Content-Length: 88
Content-Type: application/json; charset=utf-8
cache-control: no-cache

18:27:03.837 [AsyncHttpClient-1-7] DEBUG org.asynchttpclient.netty.channel.ChannelManager - Adding key: http://localhost:47263 for channel [id: 0x5f9b9e58, L:/127.0.0.1:55134 - R:localhost/127.0.0.1:47263]
18:27:03.838 [Forwarding getElementText on session 238a4d0c2a0841fb1f0fdba08771013c to remote] DEBUG org.asynchttpclient.netty.request.NettyRequestSender - Using pooled Channel '[id: 0x5f9b9e58, L:/127.0.0.1:55134 - R:localhost/127.0.0.1:47263]' for 'GET' to 'http://localhost:47263/session/238a4d0c2a0841fb1f0fdba08771013c/element/2e8d900d-a2cd-4bfa-a1ff-90dc3557629b/text'
18:27:03.838 [Forwarding getElementText on session 238a4d0c2a0841fb1f0fdba08771013c to remote] DEBUG org.asynchttpclient.netty.request.NettyRequestSender - Using open Channel [id: 0x5f9b9e58, L:/127.0.0.1:55134 - R:localhost/127.0.0.1:47263] for GET '/session/238a4d0c2a0841fb1f0fdba08771013c/element/2e8d900d-a2cd-4bfa-a1ff-90dc3557629b/text'
18:27:03.865 [AsyncHttpClient-1-7] DEBUG org.asynchttpclient.netty.handler.HttpHandler - 

Request DefaultFullHttpRequest(decodeResult: success, version: HTTP/1.1, content: EmptyByteBufBE)
GET /session/238a4d0c2a0841fb1f0fdba08771013c/element/2e8d900d-a2cd-4bfa-a1ff-90dc3557629b/text HTTP/1.1
User-Agent: selenium/4.5.3 (java mac)
Cache-Control: no-cache
Content-Type: application/json; charset=utf-8
host: localhost:47263
accept: */*

Response DefaultHttpResponse(decodeResult: success, version: HTTP/1.1)
HTTP/1.1 200 OK
Content-Length: 88
Content-Type: application/json; charset=utf-8
cache-control: no-cache

18:27:03.865 [AsyncHttpClient-1-7] DEBUG org.asynchttpclient.netty.channel.ChannelManager - Adding key: http://localhost:47263 for channel [id: 0x5f9b9e58, L:/127.0.0.1:55134 - R:localhost/127.0.0.1:47263]
18:27:03.867 [Forwarding findChildElement on session 238a4d0c2a0841fb1f0fdba08771013c to remote] DEBUG org.asynchttpclient.netty.request.NettyRequestSender - Using pooled Channel '[id: 0x5f9b9e58, L:/127.0.0.1:55134 - R:localhost/127.0.0.1:47263]' for 'POST' to 'http://localhost:47263/session/238a4d0c2a0841fb1f0fdba08771013c/element/ebd714bb-2431-4858-a156-130b1c518383/element'
18:27:03.867 [Forwarding findChildElement on session 238a4d0c2a0841fb1f0fdba08771013c to remote] DEBUG org.asynchttpclient.netty.request.NettyRequestSender - Using open Channel [id: 0x5f9b9e58, L:/127.0.0.1:55134 - R:localhost/127.0.0.1:47263] for POST '/session/238a4d0c2a0841fb1f0fdba08771013c/element/ebd714bb-2431-4858-a156-130b1c518383/element'
18:27:03.910 [AsyncHttpClient-1-7] DEBUG org.asynchttpclient.netty.handler.HttpHandler - 

Request DefaultHttpRequest(decodeResult: success, version: HTTP/1.1)
POST /session/238a4d0c2a0841fb1f0fdba08771013c/element/ebd714bb-2431-4858-a156-130b1c518383/element HTTP/1.1
User-Agent: selenium/4.5.3 (java mac)
Content-Length: 106
Content-Type: application/json; charset=utf-8
host: localhost:47263
accept: */*

Response DefaultHttpResponse(decodeResult: success, version: HTTP/1.1)
HTTP/1.1 200 OK
Content-Length: 88
Content-Type: application/json; charset=utf-8
cache-control: no-cache

18:27:03.910 [AsyncHttpClient-1-7] DEBUG org.asynchttpclient.netty.channel.ChannelManager - Adding key: http://localhost:47263 for channel [id: 0x5f9b9e58, L:/127.0.0.1:55134 - R:localhost/127.0.0.1:47263]
18:27:03.913 [Forwarding getElementText on session 238a4d0c2a0841fb1f0fdba08771013c to remote] DEBUG org.asynchttpclient.netty.request.NettyRequestSender - Using pooled Channel '[id: 0x5f9b9e58, L:/127.0.0.1:55134 - R:localhost/127.0.0.1:47263]' for 'GET' to 'http://localhost:47263/session/238a4d0c2a0841fb1f0fdba08771013c/element/afd3501f-0f4b-47d2-983a-5fc7bcf8aee9/text'
18:27:03.913 [Forwarding getElementText on session 238a4d0c2a0841fb1f0fdba08771013c to remote] DEBUG org.asynchttpclient.netty.request.NettyRequestSender - Using open Channel [id: 0x5f9b9e58, L:/127.0.0.1:55134 - R:localhost/127.0.0.1:47263] for GET '/session/238a4d0c2a0841fb1f0fdba08771013c/element/afd3501f-0f4b-47d2-983a-5fc7bcf8aee9/text'
18:27:04.009 [AsyncHttpClient-1-1] DEBUG org.asynchttpclient.netty.channel.DefaultChannelPool - Entry count for : http://localhost:8354 : 1
18:27:04.009 [AsyncHttpClient-1-1] DEBUG org.asynchttpclient.netty.channel.DefaultChannelPool - Entry count for : http://localhost:55138 : 1
18:27:04.010 [AsyncHttpClient-1-7] DEBUG org.asynchttpclient.netty.handler.HttpHandler - 

Request DefaultFullHttpRequest(decodeResult: success, version: HTTP/1.1, content: EmptyByteBufBE)
GET /session/238a4d0c2a0841fb1f0fdba08771013c/element/afd3501f-0f4b-47d2-983a-5fc7bcf8aee9/text HTTP/1.1
User-Agent: selenium/4.5.3 (java mac)
Cache-Control: no-cache
Content-Type: application/json; charset=utf-8
host: localhost:47263
accept: */*

Response DefaultHttpResponse(decodeResult: success, version: HTTP/1.1)
HTTP/1.1 200 OK
Content-Length: 19
Content-Type: application/json; charset=utf-8
cache-control: no-cache

18:27:04.014 [AsyncHttpClient-1-7] DEBUG org.asynchttpclient.netty.channel.ChannelManager - Adding key: http://localhost:47263 for channel [id: 0x5f9b9e58, L:/127.0.0.1:55134 - R:localhost/127.0.0.1:47263]
18:27:04.018 [Forwarding findChildElement on session 238a4d0c2a0841fb1f0fdba08771013c to remote] DEBUG org.asynchttpclient.netty.request.NettyRequestSender - Using pooled Channel '[id: 0x5f9b9e58, L:/127.0.0.1:55134 - R:localhost/127.0.0.1:47263]' for 'POST' to 'http://localhost:47263/session/238a4d0c2a0841fb1f0fdba08771013c/element/3ebaf78f-bff7-4f90-a2f5-bc2b5423f5cc/element'
18:27:04.018 [Forwarding findChildElement on session 238a4d0c2a0841fb1f0fdba08771013c to remote] DEBUG org.asynchttpclient.netty.request.NettyRequestSender - Using open Channel [id: 0x5f9b9e58, L:/127.0.0.1:55134 - R:localhost/127.0.0.1:47263] for POST '/session/238a4d0c2a0841fb1f0fdba08771013c/element/3ebaf78f-bff7-4f90-a2f5-bc2b5423f5cc/element'
18:27:04.123 [AsyncHttpClient-1-7] DEBUG org.asynchttpclient.netty.handler.HttpHandler - 

Request DefaultHttpRequest(decodeResult: success, version: HTTP/1.1)
POST /session/238a4d0c2a0841fb1f0fdba08771013c/element/3ebaf78f-bff7-4f90-a2f5-bc2b5423f5cc/element HTTP/1.1
User-Agent: selenium/4.5.3 (java mac)
Content-Length: 106
Content-Type: application/json; charset=utf-8
host: localhost:47263
accept: */*

Response DefaultHttpResponse(decodeResult: success, version: HTTP/1.1)
HTTP/1.1 200 OK
Content-Length: 88
Content-Type: application/json; charset=utf-8
cache-control: no-cache

18:27:04.124 [AsyncHttpClient-1-7] DEBUG org.asynchttpclient.netty.channel.ChannelManager - Adding key: http://localhost:47263 for channel [id: 0x5f9b9e58, L:/127.0.0.1:55134 - R:localhost/127.0.0.1:47263]
18:27:04.125 [Forwarding getElementText on session 238a4d0c2a0841fb1f0fdba08771013c to remote] DEBUG org.asynchttpclient.netty.request.NettyRequestSender - Using pooled Channel '[id: 0x5f9b9e58, L:/127.0.0.1:55134 - R:localhost/127.0.0.1:47263]' for 'GET' to 'http://localhost:47263/session/238a4d0c2a0841fb1f0fdba08771013c/element/c18a8fab-ab46-4caa-a319-2449dbdcf84b/text'
18:27:04.125 [Forwarding getElementText on session 238a4d0c2a0841fb1f0fdba08771013c to remote] DEBUG org.asynchttpclient.netty.request.NettyRequestSender - Using open Channel [id: 0x5f9b9e58, L:/127.0.0.1:55134 - R:localhost/127.0.0.1:47263] for GET '/session/238a4d0c2a0841fb1f0fdba08771013c/element/c18a8fab-ab46-4caa-a319-2449dbdcf84b/text'
18:27:04.160 [AsyncHttpClient-1-7] DEBUG org.asynchttpclient.netty.handler.HttpHandler - 

Request DefaultFullHttpRequest(decodeResult: success, version: HTTP/1.1, content: EmptyByteBufBE)
GET /session/238a4d0c2a0841fb1f0fdba08771013c/element/c18a8fab-ab46-4caa-a319-2449dbdcf84b/text HTTP/1.1
User-Agent: selenium/4.5.3 (java mac)
Cache-Control: no-cache
Content-Type: application/json; charset=utf-8
host: localhost:47263
accept: */*

Response DefaultHttpResponse(decodeResult: success, version: HTTP/1.1)
HTTP/1.1 200 OK
Content-Length: 83
Content-Type: application/json; charset=utf-8
cache-control: no-cache

18:27:04.160 [AsyncHttpClient-1-7] DEBUG org.asynchttpclient.netty.channel.ChannelManager - Adding key: http://localhost:47263 for channel [id: 0x5f9b9e58, L:/127.0.0.1:55134 - R:localhost/127.0.0.1:47263]
18:27:04.161 [Forwarding findChildElement on session 238a4d0c2a0841fb1f0fdba08771013c to remote] DEBUG org.asynchttpclient.netty.request.NettyRequestSender - Using pooled Channel '[id: 0x5f9b9e58, L:/127.0.0.1:55134 - R:localhost/127.0.0.1:47263]' for 'POST' to 'http://localhost:47263/session/238a4d0c2a0841fb1f0fdba08771013c/element/3ebaf78f-bff7-4f90-a2f5-bc2b5423f5cc/element'
18:27:04.161 [Forwarding findChildElement on session 238a4d0c2a0841fb1f0fdba08771013c to remote] DEBUG org.asynchttpclient.netty.request.NettyRequestSender - Using open Channel [id: 0x5f9b9e58, L:/127.0.0.1:55134 - R:localhost/127.0.0.1:47263] for POST '/session/238a4d0c2a0841fb1f0fdba08771013c/element/3ebaf78f-bff7-4f90-a2f5-bc2b5423f5cc/element'
18:27:04.173 [AsyncHttpClient-1-7] DEBUG org.asynchttpclient.netty.handler.HttpHandler - 

Request DefaultHttpRequest(decodeResult: success, version: HTTP/1.1)
POST /session/238a4d0c2a0841fb1f0fdba08771013c/element/3ebaf78f-bff7-4f90-a2f5-bc2b5423f5cc/element HTTP/1.1
User-Agent: selenium/4.5.3 (java mac)
Content-Length: 106
Content-Type: application/json; charset=utf-8
host: localhost:47263
accept: */*

Response DefaultHttpResponse(decodeResult: success, version: HTTP/1.1)
HTTP/1.1 200 OK
Content-Length: 88
Content-Type: application/json; charset=utf-8
cache-control: no-cache

18:27:04.173 [AsyncHttpClient-1-7] DEBUG org.asynchttpclient.netty.channel.ChannelManager - Adding key: http://localhost:47263 for channel [id: 0x5f9b9e58, L:/127.0.0.1:55134 - R:localhost/127.0.0.1:47263]
18:27:04.174 [Forwarding getElementText on session 238a4d0c2a0841fb1f0fdba08771013c to remote] DEBUG org.asynchttpclient.netty.request.NettyRequestSender - Using pooled Channel '[id: 0x5f9b9e58, L:/127.0.0.1:55134 - R:localhost/127.0.0.1:47263]' for 'GET' to 'http://localhost:47263/session/238a4d0c2a0841fb1f0fdba08771013c/element/063c60a3-4df0-4569-b077-e5a367830748/text'
18:27:04.174 [Forwarding getElementText on session 238a4d0c2a0841fb1f0fdba08771013c to remote] DEBUG org.asynchttpclient.netty.request.NettyRequestSender - Using open Channel [id: 0x5f9b9e58, L:/127.0.0.1:55134 - R:localhost/127.0.0.1:47263] for GET '/session/238a4d0c2a0841fb1f0fdba08771013c/element/063c60a3-4df0-4569-b077-e5a367830748/text'
18:27:04.195 [AsyncHttpClient-1-7] DEBUG org.asynchttpclient.netty.handler.HttpHandler - 

Request DefaultFullHttpRequest(decodeResult: success, version: HTTP/1.1, content: EmptyByteBufBE)
GET /session/238a4d0c2a0841fb1f0fdba08771013c/element/063c60a3-4df0-4569-b077-e5a367830748/text HTTP/1.1
User-Agent: selenium/4.5.3 (java mac)
Cache-Control: no-cache
Content-Type: application/json; charset=utf-8
host: localhost:47263
accept: */*

Response DefaultHttpResponse(decodeResult: success, version: HTTP/1.1)
HTTP/1.1 200 OK
Content-Length: 19
Content-Type: application/json; charset=utf-8
cache-control: no-cache

18:27:04.195 [AsyncHttpClient-1-7] DEBUG org.asynchttpclient.netty.channel.ChannelManager - Adding key: http://localhost:47263 for channel [id: 0x5f9b9e58, L:/127.0.0.1:55134 - R:localhost/127.0.0.1:47263]
18:27:04.197 [Forwarding findChildElement on session 238a4d0c2a0841fb1f0fdba08771013c to remote] DEBUG org.asynchttpclient.netty.request.NettyRequestSender - Using pooled Channel '[id: 0x5f9b9e58, L:/127.0.0.1:55134 - R:localhost/127.0.0.1:47263]' for 'POST' to 'http://localhost:47263/session/238a4d0c2a0841fb1f0fdba08771013c/element/d979e75d-f01c-4f7f-8638-58ec43401bbe/element'
18:27:04.197 [Forwarding findChildElement on session 238a4d0c2a0841fb1f0fdba08771013c to remote] DEBUG org.asynchttpclient.netty.request.NettyRequestSender - Using open Channel [id: 0x5f9b9e58, L:/127.0.0.1:55134 - R:localhost/127.0.0.1:47263] for POST '/session/238a4d0c2a0841fb1f0fdba08771013c/element/d979e75d-f01c-4f7f-8638-58ec43401bbe/element'
18:27:04.221 [AsyncHttpClient-1-7] DEBUG org.asynchttpclient.netty.handler.HttpHandler - 

Request DefaultHttpRequest(decodeResult: success, version: HTTP/1.1)
POST /session/238a4d0c2a0841fb1f0fdba08771013c/element/d979e75d-f01c-4f7f-8638-58ec43401bbe/element HTTP/1.1
User-Agent: selenium/4.5.3 (java mac)
Content-Length: 106
Content-Type: application/json; charset=utf-8
host: localhost:47263
accept: */*

Response DefaultHttpResponse(decodeResult: success, version: HTTP/1.1)
HTTP/1.1 200 OK
Content-Length: 88
Content-Type: application/json; charset=utf-8
cache-control: no-cache

18:27:04.221 [AsyncHttpClient-1-7] DEBUG org.asynchttpclient.netty.channel.ChannelManager - Adding key: http://localhost:47263 for channel [id: 0x5f9b9e58, L:/127.0.0.1:55134 - R:localhost/127.0.0.1:47263]
18:27:04.222 [Forwarding getElementText on session 238a4d0c2a0841fb1f0fdba08771013c to remote] DEBUG org.asynchttpclient.netty.request.NettyRequestSender - Using pooled Channel '[id: 0x5f9b9e58, L:/127.0.0.1:55134 - R:localhost/127.0.0.1:47263]' for 'GET' to 'http://localhost:47263/session/238a4d0c2a0841fb1f0fdba08771013c/element/b8697513-49a9-48bd-923c-d04d1d5fd8fa/text'
18:27:04.222 [Forwarding getElementText on session 238a4d0c2a0841fb1f0fdba08771013c to remote] DEBUG org.asynchttpclient.netty.request.NettyRequestSender - Using open Channel [id: 0x5f9b9e58, L:/127.0.0.1:55134 - R:localhost/127.0.0.1:47263] for GET '/session/238a4d0c2a0841fb1f0fdba08771013c/element/b8697513-49a9-48bd-923c-d04d1d5fd8fa/text'
18:27:04.377 [AsyncHttpClient-1-7] DEBUG org.asynchttpclient.netty.handler.HttpHandler - 

Request DefaultFullHttpRequest(decodeResult: success, version: HTTP/1.1, content: EmptyByteBufBE)
GET /session/238a4d0c2a0841fb1f0fdba08771013c/element/b8697513-49a9-48bd-923c-d04d1d5fd8fa/text HTTP/1.1
User-Agent: selenium/4.5.3 (java mac)
Cache-Control: no-cache
Content-Type: application/json; charset=utf-8
host: localhost:47263
accept: */*

Response DefaultHttpResponse(decodeResult: success, version: HTTP/1.1)
HTTP/1.1 200 OK
Content-Length: 88
Content-Type: application/json; charset=utf-8
cache-control: no-cache

18:27:04.377 [AsyncHttpClient-1-7] DEBUG org.asynchttpclient.netty.channel.ChannelManager - Adding key: http://localhost:47263 for channel [id: 0x5f9b9e58, L:/127.0.0.1:55134 - R:localhost/127.0.0.1:47263]
18:27:04.380 [Forwarding findChildElement on session 238a4d0c2a0841fb1f0fdba08771013c to remote] DEBUG org.asynchttpclient.netty.request.NettyRequestSender - Using pooled Channel '[id: 0x5f9b9e58, L:/127.0.0.1:55134 - R:localhost/127.0.0.1:47263]' for 'POST' to 'http://localhost:47263/session/238a4d0c2a0841fb1f0fdba08771013c/element/d979e75d-f01c-4f7f-8638-58ec43401bbe/element'
18:27:04.380 [Forwarding findChildElement on session 238a4d0c2a0841fb1f0fdba08771013c to remote] DEBUG org.asynchttpclient.netty.request.NettyRequestSender - Using open Channel [id: 0x5f9b9e58, L:/127.0.0.1:55134 - R:localhost/127.0.0.1:47263] for POST '/session/238a4d0c2a0841fb1f0fdba08771013c/element/d979e75d-f01c-4f7f-8638-58ec43401bbe/element'
18:27:04.403 [AsyncHttpClient-1-7] DEBUG org.asynchttpclient.netty.handler.HttpHandler - 

Request DefaultHttpRequest(decodeResult: success, version: HTTP/1.1)
POST /session/238a4d0c2a0841fb1f0fdba08771013c/element/d979e75d-f01c-4f7f-8638-58ec43401bbe/element HTTP/1.1
User-Agent: selenium/4.5.3 (java mac)
Content-Length: 106
Content-Type: application/json; charset=utf-8
host: localhost:47263
accept: */*

Response DefaultHttpResponse(decodeResult: success, version: HTTP/1.1)
HTTP/1.1 200 OK
Content-Length: 88
Content-Type: application/json; charset=utf-8
cache-control: no-cache

18:27:04.403 [AsyncHttpClient-1-7] DEBUG org.asynchttpclient.netty.channel.ChannelManager - Adding key: http://localhost:47263 for channel [id: 0x5f9b9e58, L:/127.0.0.1:55134 - R:localhost/127.0.0.1:47263]
18:27:04.405 [Forwarding getElementText on session 238a4d0c2a0841fb1f0fdba08771013c to remote] DEBUG org.asynchttpclient.netty.request.NettyRequestSender - Using pooled Channel '[id: 0x5f9b9e58, L:/127.0.0.1:55134 - R:localhost/127.0.0.1:47263]' for 'GET' to 'http://localhost:47263/session/238a4d0c2a0841fb1f0fdba08771013c/element/57467473-cf13-4f69-b740-d8e1d037190a/text'
18:27:04.405 [Forwarding getElementText on session 238a4d0c2a0841fb1f0fdba08771013c to remote] DEBUG org.asynchttpclient.netty.request.NettyRequestSender - Using open Channel [id: 0x5f9b9e58, L:/127.0.0.1:55134 - R:localhost/127.0.0.1:47263] for GET '/session/238a4d0c2a0841fb1f0fdba08771013c/element/57467473-cf13-4f69-b740-d8e1d037190a/text'
18:27:04.456 [AsyncHttpClient-1-7] DEBUG org.asynchttpclient.netty.handler.HttpHandler - 

Request DefaultFullHttpRequest(decodeResult: success, version: HTTP/1.1, content: EmptyByteBufBE)
GET /session/238a4d0c2a0841fb1f0fdba08771013c/element/57467473-cf13-4f69-b740-d8e1d037190a/text HTTP/1.1
User-Agent: selenium/4.5.3 (java mac)
Cache-Control: no-cache
Content-Type: application/json; charset=utf-8
host: localhost:47263
accept: */*

Response DefaultHttpResponse(decodeResult: success, version: HTTP/1.1)
HTTP/1.1 200 OK
Content-Length: 30
Content-Type: application/json; charset=utf-8
cache-control: no-cache

18:27:04.456 [AsyncHttpClient-1-7] DEBUG org.asynchttpclient.netty.channel.ChannelManager - Adding key: http://localhost:47263 for channel [id: 0x5f9b9e58, L:/127.0.0.1:55134 - R:localhost/127.0.0.1:47263]
18:27:04.457 [Forwarding findChildElement on session 238a4d0c2a0841fb1f0fdba08771013c to remote] DEBUG org.asynchttpclient.netty.request.NettyRequestSender - Using pooled Channel '[id: 0x5f9b9e58, L:/127.0.0.1:55134 - R:localhost/127.0.0.1:47263]' for 'POST' to 'http://localhost:47263/session/238a4d0c2a0841fb1f0fdba08771013c/element/3bccf512-1737-4263-a347-f3e4b9311919/element'
18:27:04.457 [Forwarding findChildElement on session 238a4d0c2a0841fb1f0fdba08771013c to remote] DEBUG org.asynchttpclient.netty.request.NettyRequestSender - Using open Channel [id: 0x5f9b9e58, L:/127.0.0.1:55134 - R:localhost/127.0.0.1:47263] for POST '/session/238a4d0c2a0841fb1f0fdba08771013c/element/3bccf512-1737-4263-a347-f3e4b9311919/element'
18:27:04.495 [AsyncHttpClient-1-7] DEBUG org.asynchttpclient.netty.handler.HttpHandler - 

Request DefaultHttpRequest(decodeResult: success, version: HTTP/1.1)
POST /session/238a4d0c2a0841fb1f0fdba08771013c/element/3bccf512-1737-4263-a347-f3e4b9311919/element HTTP/1.1
User-Agent: selenium/4.5.3 (java mac)
Content-Length: 106
Content-Type: application/json; charset=utf-8
host: localhost:47263
accept: */*

Response DefaultHttpResponse(decodeResult: success, version: HTTP/1.1)
HTTP/1.1 200 OK
Content-Length: 88
Content-Type: application/json; charset=utf-8
cache-control: no-cache

18:27:04.496 [AsyncHttpClient-1-7] DEBUG org.asynchttpclient.netty.channel.ChannelManager - Adding key: http://localhost:47263 for channel [id: 0x5f9b9e58, L:/127.0.0.1:55134 - R:localhost/127.0.0.1:47263]
18:27:04.503 [Forwarding getElementText on session 238a4d0c2a0841fb1f0fdba08771013c to remote] DEBUG org.asynchttpclient.netty.request.NettyRequestSender - Using pooled Channel '[id: 0x5f9b9e58, L:/127.0.0.1:55134 - R:localhost/127.0.0.1:47263]' for 'GET' to 'http://localhost:47263/session/238a4d0c2a0841fb1f0fdba08771013c/element/e125eb46-a145-4926-b001-a6f7b39c514d/text'
18:27:04.503 [Forwarding getElementText on session 238a4d0c2a0841fb1f0fdba08771013c to remote] DEBUG org.asynchttpclient.netty.request.NettyRequestSender - Using open Channel [id: 0x5f9b9e58, L:/127.0.0.1:55134 - R:localhost/127.0.0.1:47263] for GET '/session/238a4d0c2a0841fb1f0fdba08771013c/element/e125eb46-a145-4926-b001-a6f7b39c514d/text'
18:27:04.519 [AsyncHttpClient-1-7] DEBUG org.asynchttpclient.netty.handler.HttpHandler - 

Request DefaultFullHttpRequest(decodeResult: success, version: HTTP/1.1, content: EmptyByteBufBE)
GET /session/238a4d0c2a0841fb1f0fdba08771013c/element/e125eb46-a145-4926-b001-a6f7b39c514d/text HTTP/1.1
User-Agent: selenium/4.5.3 (java mac)
Cache-Control: no-cache
Content-Type: application/json; charset=utf-8
host: localhost:47263
accept: */*

Response DefaultHttpResponse(decodeResult: success, version: HTTP/1.1)
HTTP/1.1 200 OK
Content-Length: 89
Content-Type: application/json; charset=utf-8
cache-control: no-cache

18:27:04.519 [AsyncHttpClient-1-7] DEBUG org.asynchttpclient.netty.channel.ChannelManager - Adding key: http://localhost:47263 for channel [id: 0x5f9b9e58, L:/127.0.0.1:55134 - R:localhost/127.0.0.1:47263]
18:27:04.521 [Forwarding findChildElement on session 238a4d0c2a0841fb1f0fdba08771013c to remote] DEBUG org.asynchttpclient.netty.request.NettyRequestSender - Using pooled Channel '[id: 0x5f9b9e58, L:/127.0.0.1:55134 - R:localhost/127.0.0.1:47263]' for 'POST' to 'http://localhost:47263/session/238a4d0c2a0841fb1f0fdba08771013c/element/3bccf512-1737-4263-a347-f3e4b9311919/element'
18:27:04.521 [Forwarding findChildElement on session 238a4d0c2a0841fb1f0fdba08771013c to remote] DEBUG org.asynchttpclient.netty.request.NettyRequestSender - Using open Channel [id: 0x5f9b9e58, L:/127.0.0.1:55134 - R:localhost/127.0.0.1:47263] for POST '/session/238a4d0c2a0841fb1f0fdba08771013c/element/3bccf512-1737-4263-a347-f3e4b9311919/element'
18:27:04.540 [AsyncHttpClient-1-7] DEBUG org.asynchttpclient.netty.handler.HttpHandler - 

Request DefaultHttpRequest(decodeResult: success, version: HTTP/1.1)
POST /session/238a4d0c2a0841fb1f0fdba08771013c/element/3bccf512-1737-4263-a347-f3e4b9311919/element HTTP/1.1
User-Agent: selenium/4.5.3 (java mac)
Content-Length: 106
Content-Type: application/json; charset=utf-8
host: localhost:47263
accept: */*

Response DefaultHttpResponse(decodeResult: success, version: HTTP/1.1)
HTTP/1.1 200 OK
Content-Length: 88
Content-Type: application/json; charset=utf-8
cache-control: no-cache

18:27:04.540 [AsyncHttpClient-1-7] DEBUG org.asynchttpclient.netty.channel.ChannelManager - Adding key: http://localhost:47263 for channel [id: 0x5f9b9e58, L:/127.0.0.1:55134 - R:localhost/127.0.0.1:47263]
18:27:04.540 [Forwarding getElementText on session 238a4d0c2a0841fb1f0fdba08771013c to remote] DEBUG org.asynchttpclient.netty.request.NettyRequestSender - Using pooled Channel '[id: 0x5f9b9e58, L:/127.0.0.1:55134 - R:localhost/127.0.0.1:47263]' for 'GET' to 'http://localhost:47263/session/238a4d0c2a0841fb1f0fdba08771013c/element/873f1c08-38a6-4a9d-b031-fc19ac1d0dbe/text'
18:27:04.540 [Forwarding getElementText on session 238a4d0c2a0841fb1f0fdba08771013c to remote] DEBUG org.asynchttpclient.netty.request.NettyRequestSender - Using open Channel [id: 0x5f9b9e58, L:/127.0.0.1:55134 - R:localhost/127.0.0.1:47263] for GET '/session/238a4d0c2a0841fb1f0fdba08771013c/element/873f1c08-38a6-4a9d-b031-fc19ac1d0dbe/text'
18:27:04.572 [AsyncHttpClient-1-7] DEBUG org.asynchttpclient.netty.handler.HttpHandler - 

Request DefaultFullHttpRequest(decodeResult: success, version: HTTP/1.1, content: EmptyByteBufBE)
GET /session/238a4d0c2a0841fb1f0fdba08771013c/element/873f1c08-38a6-4a9d-b031-fc19ac1d0dbe/text HTTP/1.1
User-Agent: selenium/4.5.3 (java mac)
Cache-Control: no-cache
Content-Type: application/json; charset=utf-8
host: localhost:47263
accept: */*

Response DefaultHttpResponse(decodeResult: success, version: HTTP/1.1)
HTTP/1.1 200 OK
Content-Length: 30
Content-Type: application/json; charset=utf-8
cache-control: no-cache

18:27:04.572 [AsyncHttpClient-1-7] DEBUG org.asynchttpclient.netty.channel.ChannelManager - Adding key: http://localhost:47263 for channel [id: 0x5f9b9e58, L:/127.0.0.1:55134 - R:localhost/127.0.0.1:47263]
18:27:04.576 [Forwarding findChildElement on session 238a4d0c2a0841fb1f0fdba08771013c to remote] DEBUG org.asynchttpclient.netty.request.NettyRequestSender - Using pooled Channel '[id: 0x5f9b9e58, L:/127.0.0.1:55134 - R:localhost/127.0.0.1:47263]' for 'POST' to 'http://localhost:47263/session/238a4d0c2a0841fb1f0fdba08771013c/element/079b0ae1-e4ed-4b6a-8083-ae527047daba/element'
18:27:04.576 [Forwarding findChildElement on session 238a4d0c2a0841fb1f0fdba08771013c to remote] DEBUG org.asynchttpclient.netty.request.NettyRequestSender - Using open Channel [id: 0x5f9b9e58, L:/127.0.0.1:55134 - R:localhost/127.0.0.1:47263] for POST '/session/238a4d0c2a0841fb1f0fdba08771013c/element/079b0ae1-e4ed-4b6a-8083-ae527047daba/element'
18:27:04.596 [AsyncHttpClient-1-7] DEBUG org.asynchttpclient.netty.handler.HttpHandler - 

Request DefaultHttpRequest(decodeResult: success, version: HTTP/1.1)
POST /session/238a4d0c2a0841fb1f0fdba08771013c/element/079b0ae1-e4ed-4b6a-8083-ae527047daba/element HTTP/1.1
User-Agent: selenium/4.5.3 (java mac)
Content-Length: 106
Content-Type: application/json; charset=utf-8
host: localhost:47263
accept: */*

Response DefaultHttpResponse(decodeResult: success, version: HTTP/1.1)
HTTP/1.1 200 OK
Content-Length: 88
Content-Type: application/json; charset=utf-8
cache-control: no-cache

18:27:04.597 [AsyncHttpClient-1-7] DEBUG org.asynchttpclient.netty.channel.ChannelManager - Adding key: http://localhost:47263 for channel [id: 0x5f9b9e58, L:/127.0.0.1:55134 - R:localhost/127.0.0.1:47263]
18:27:04.598 [Forwarding getElementText on session 238a4d0c2a0841fb1f0fdba08771013c to remote] DEBUG org.asynchttpclient.netty.request.NettyRequestSender - Using pooled Channel '[id: 0x5f9b9e58, L:/127.0.0.1:55134 - R:localhost/127.0.0.1:47263]' for 'GET' to 'http://localhost:47263/session/238a4d0c2a0841fb1f0fdba08771013c/element/50e137b5-e5d1-43d6-9b8c-97447ae8cff0/text'
18:27:04.598 [Forwarding getElementText on session 238a4d0c2a0841fb1f0fdba08771013c to remote] DEBUG org.asynchttpclient.netty.request.NettyRequestSender - Using open Channel [id: 0x5f9b9e58, L:/127.0.0.1:55134 - R:localhost/127.0.0.1:47263] for GET '/session/238a4d0c2a0841fb1f0fdba08771013c/element/50e137b5-e5d1-43d6-9b8c-97447ae8cff0/text'
18:27:04.778 [AsyncHttpClient-1-7] DEBUG org.asynchttpclient.netty.handler.HttpHandler - 

Request DefaultFullHttpRequest(decodeResult: success, version: HTTP/1.1, content: EmptyByteBufBE)
GET /session/238a4d0c2a0841fb1f0fdba08771013c/element/50e137b5-e5d1-43d6-9b8c-97447ae8cff0/text HTTP/1.1
User-Agent: selenium/4.5.3 (java mac)
Cache-Control: no-cache
Content-Type: application/json; charset=utf-8
host: localhost:47263
accept: */*

Response DefaultHttpResponse(decodeResult: success, version: HTTP/1.1)
HTTP/1.1 200 OK
Content-Length: 78
Content-Type: application/json; charset=utf-8
cache-control: no-cache

18:27:04.778 [AsyncHttpClient-1-7] DEBUG org.asynchttpclient.netty.channel.ChannelManager - Adding key: http://localhost:47263 for channel [id: 0x5f9b9e58, L:/127.0.0.1:55134 - R:localhost/127.0.0.1:47263]
18:27:04.779 [Forwarding findChildElement on session 238a4d0c2a0841fb1f0fdba08771013c to remote] DEBUG org.asynchttpclient.netty.request.NettyRequestSender - Using pooled Channel '[id: 0x5f9b9e58, L:/127.0.0.1:55134 - R:localhost/127.0.0.1:47263]' for 'POST' to 'http://localhost:47263/session/238a4d0c2a0841fb1f0fdba08771013c/element/079b0ae1-e4ed-4b6a-8083-ae527047daba/element'
18:27:04.779 [Forwarding findChildElement on session 238a4d0c2a0841fb1f0fdba08771013c to remote] DEBUG org.asynchttpclient.netty.request.NettyRequestSender - Using open Channel [id: 0x5f9b9e58, L:/127.0.0.1:55134 - R:localhost/127.0.0.1:47263] for POST '/session/238a4d0c2a0841fb1f0fdba08771013c/element/079b0ae1-e4ed-4b6a-8083-ae527047daba/element'
18:27:04.793 [AsyncHttpClient-1-7] DEBUG org.asynchttpclient.netty.handler.HttpHandler - 

Request DefaultHttpRequest(decodeResult: success, version: HTTP/1.1)
POST /session/238a4d0c2a0841fb1f0fdba08771013c/element/079b0ae1-e4ed-4b6a-8083-ae527047daba/element HTTP/1.1
User-Agent: selenium/4.5.3 (java mac)
Content-Length: 106
Content-Type: application/json; charset=utf-8
host: localhost:47263
accept: */*

Response DefaultHttpResponse(decodeResult: success, version: HTTP/1.1)
HTTP/1.1 200 OK
Content-Length: 88
Content-Type: application/json; charset=utf-8
cache-control: no-cache

18:27:04.793 [AsyncHttpClient-1-7] DEBUG org.asynchttpclient.netty.channel.ChannelManager - Adding key: http://localhost:47263 for channel [id: 0x5f9b9e58, L:/127.0.0.1:55134 - R:localhost/127.0.0.1:47263]
18:27:04.794 [Forwarding getElementText on session 238a4d0c2a0841fb1f0fdba08771013c to remote] DEBUG org.asynchttpclient.netty.request.NettyRequestSender - Using pooled Channel '[id: 0x5f9b9e58, L:/127.0.0.1:55134 - R:localhost/127.0.0.1:47263]' for 'GET' to 'http://localhost:47263/session/238a4d0c2a0841fb1f0fdba08771013c/element/f720bca0-333e-4d8c-b85d-c7dd2d33c48c/text'
18:27:04.794 [Forwarding getElementText on session 238a4d0c2a0841fb1f0fdba08771013c to remote] DEBUG org.asynchttpclient.netty.request.NettyRequestSender - Using open Channel [id: 0x5f9b9e58, L:/127.0.0.1:55134 - R:localhost/127.0.0.1:47263] for GET '/session/238a4d0c2a0841fb1f0fdba08771013c/element/f720bca0-333e-4d8c-b85d-c7dd2d33c48c/text'
18:27:04.826 [AsyncHttpClient-1-7] DEBUG org.asynchttpclient.netty.handler.HttpHandler - 

Request DefaultFullHttpRequest(decodeResult: success, version: HTTP/1.1, content: EmptyByteBufBE)
GET /session/238a4d0c2a0841fb1f0fdba08771013c/element/f720bca0-333e-4d8c-b85d-c7dd2d33c48c/text HTTP/1.1
User-Agent: selenium/4.5.3 (java mac)
Cache-Control: no-cache
Content-Type: application/json; charset=utf-8
host: localhost:47263
accept: */*

Response DefaultHttpResponse(decodeResult: success, version: HTTP/1.1)
HTTP/1.1 200 OK
Content-Length: 19
Content-Type: application/json; charset=utf-8
cache-control: no-cache

18:27:04.826 [AsyncHttpClient-1-7] DEBUG org.asynchttpclient.netty.channel.ChannelManager - Adding key: http://localhost:47263 for channel [id: 0x5f9b9e58, L:/127.0.0.1:55134 - R:localhost/127.0.0.1:47263]
18:27:04.828 [Forwarding findChildElement on session 238a4d0c2a0841fb1f0fdba08771013c to remote] DEBUG org.asynchttpclient.netty.request.NettyRequestSender - Using pooled Channel '[id: 0x5f9b9e58, L:/127.0.0.1:55134 - R:localhost/127.0.0.1:47263]' for 'POST' to 'http://localhost:47263/session/238a4d0c2a0841fb1f0fdba08771013c/element/87502cb7-73bc-4c90-b52a-4a9c3593f37a/element'
18:27:04.828 [Forwarding findChildElement on session 238a4d0c2a0841fb1f0fdba08771013c to remote] DEBUG org.asynchttpclient.netty.request.NettyRequestSender - Using open Channel [id: 0x5f9b9e58, L:/127.0.0.1:55134 - R:localhost/127.0.0.1:47263] for POST '/session/238a4d0c2a0841fb1f0fdba08771013c/element/87502cb7-73bc-4c90-b52a-4a9c3593f37a/element'
18:27:05.077 [AsyncHttpClient-1-7] DEBUG org.asynchttpclient.netty.handler.HttpHandler - 

Request DefaultHttpRequest(decodeResult: success, version: HTTP/1.1)
POST /session/238a4d0c2a0841fb1f0fdba08771013c/element/87502cb7-73bc-4c90-b52a-4a9c3593f37a/element HTTP/1.1
User-Agent: selenium/4.5.3 (java mac)
Content-Length: 106
Content-Type: application/json; charset=utf-8
host: localhost:47263
accept: */*

Response DefaultHttpResponse(decodeResult: success, version: HTTP/1.1)
HTTP/1.1 200 OK
Content-Length: 88
Content-Type: application/json; charset=utf-8
cache-control: no-cache

18:27:05.077 [AsyncHttpClient-1-7] DEBUG org.asynchttpclient.netty.channel.ChannelManager - Adding key: http://localhost:47263 for channel [id: 0x5f9b9e58, L:/127.0.0.1:55134 - R:localhost/127.0.0.1:47263]
18:27:05.077 [Forwarding getElementText on session 238a4d0c2a0841fb1f0fdba08771013c to remote] DEBUG org.asynchttpclient.netty.request.NettyRequestSender - Using pooled Channel '[id: 0x5f9b9e58, L:/127.0.0.1:55134 - R:localhost/127.0.0.1:47263]' for 'GET' to 'http://localhost:47263/session/238a4d0c2a0841fb1f0fdba08771013c/element/5a4f409c-b5c4-4d7c-a0a6-3874dec9cac4/text'
18:27:05.077 [Forwarding getElementText on session 238a4d0c2a0841fb1f0fdba08771013c to remote] DEBUG org.asynchttpclient.netty.request.NettyRequestSender - Using open Channel [id: 0x5f9b9e58, L:/127.0.0.1:55134 - R:localhost/127.0.0.1:47263] for GET '/session/238a4d0c2a0841fb1f0fdba08771013c/element/5a4f409c-b5c4-4d7c-a0a6-3874dec9cac4/text'
18:27:05.116 [AsyncHttpClient-1-1] DEBUG org.asynchttpclient.netty.channel.DefaultChannelPool - Entry count for : http://localhost:8354 : 1
18:27:05.116 [AsyncHttpClient-1-1] DEBUG org.asynchttpclient.netty.channel.DefaultChannelPool - Entry count for : http://localhost:55138 : 1
18:27:05.179 [AsyncHttpClient-1-7] DEBUG org.asynchttpclient.netty.handler.HttpHandler - 

Request DefaultFullHttpRequest(decodeResult: success, version: HTTP/1.1, content: EmptyByteBufBE)
GET /session/238a4d0c2a0841fb1f0fdba08771013c/element/5a4f409c-b5c4-4d7c-a0a6-3874dec9cac4/text HTTP/1.1
User-Agent: selenium/4.5.3 (java mac)
Cache-Control: no-cache
Content-Type: application/json; charset=utf-8
host: localhost:47263
accept: */*

Response DefaultHttpResponse(decodeResult: success, version: HTTP/1.1)
HTTP/1.1 200 OK
Content-Length: 71
Content-Type: application/json; charset=utf-8
cache-control: no-cache

18:27:05.179 [AsyncHttpClient-1-7] DEBUG org.asynchttpclient.netty.channel.ChannelManager - Adding key: http://localhost:47263 for channel [id: 0x5f9b9e58, L:/127.0.0.1:55134 - R:localhost/127.0.0.1:47263]
18:27:05.181 [Forwarding findChildElement on session 238a4d0c2a0841fb1f0fdba08771013c to remote] DEBUG org.asynchttpclient.netty.request.NettyRequestSender - Using pooled Channel '[id: 0x5f9b9e58, L:/127.0.0.1:55134 - R:localhost/127.0.0.1:47263]' for 'POST' to 'http://localhost:47263/session/238a4d0c2a0841fb1f0fdba08771013c/element/87502cb7-73bc-4c90-b52a-4a9c3593f37a/element'
18:27:05.181 [Forwarding findChildElement on session 238a4d0c2a0841fb1f0fdba08771013c to remote] DEBUG org.asynchttpclient.netty.request.NettyRequestSender - Using open Channel [id: 0x5f9b9e58, L:/127.0.0.1:55134 - R:localhost/127.0.0.1:47263] for POST '/session/238a4d0c2a0841fb1f0fdba08771013c/element/87502cb7-73bc-4c90-b52a-4a9c3593f37a/element'
18:27:05.225 [AsyncHttpClient-1-7] DEBUG org.asynchttpclient.netty.handler.HttpHandler - 

Request DefaultHttpRequest(decodeResult: success, version: HTTP/1.1)
POST /session/238a4d0c2a0841fb1f0fdba08771013c/element/87502cb7-73bc-4c90-b52a-4a9c3593f37a/element HTTP/1.1
User-Agent: selenium/4.5.3 (java mac)
Content-Length: 106
Content-Type: application/json; charset=utf-8
host: localhost:47263
accept: */*

Response DefaultHttpResponse(decodeResult: success, version: HTTP/1.1)
HTTP/1.1 200 OK
Content-Length: 88
Content-Type: application/json; charset=utf-8
cache-control: no-cache

18:27:05.225 [AsyncHttpClient-1-7] DEBUG org.asynchttpclient.netty.channel.ChannelManager - Adding key: http://localhost:47263 for channel [id: 0x5f9b9e58, L:/127.0.0.1:55134 - R:localhost/127.0.0.1:47263]
18:27:05.228 [Forwarding getElementText on session 238a4d0c2a0841fb1f0fdba08771013c to remote] DEBUG org.asynchttpclient.netty.request.NettyRequestSender - Using pooled Channel '[id: 0x5f9b9e58, L:/127.0.0.1:55134 - R:localhost/127.0.0.1:47263]' for 'GET' to 'http://localhost:47263/session/238a4d0c2a0841fb1f0fdba08771013c/element/b35b632d-ca34-4ad4-9d7d-532f50c20fa5/text'
18:27:05.228 [Forwarding getElementText on session 238a4d0c2a0841fb1f0fdba08771013c to remote] DEBUG org.asynchttpclient.netty.request.NettyRequestSender - Using open Channel [id: 0x5f9b9e58, L:/127.0.0.1:55134 - R:localhost/127.0.0.1:47263] for GET '/session/238a4d0c2a0841fb1f0fdba08771013c/element/b35b632d-ca34-4ad4-9d7d-532f50c20fa5/text'
18:27:05.364 [AsyncHttpClient-1-7] DEBUG org.asynchttpclient.netty.handler.HttpHandler - 

Request DefaultFullHttpRequest(decodeResult: success, version: HTTP/1.1, content: EmptyByteBufBE)
GET /session/238a4d0c2a0841fb1f0fdba08771013c/element/b35b632d-ca34-4ad4-9d7d-532f50c20fa5/text HTTP/1.1
User-Agent: selenium/4.5.3 (java mac)
Cache-Control: no-cache
Content-Type: application/json; charset=utf-8
host: localhost:47263
accept: */*

Response DefaultHttpResponse(decodeResult: success, version: HTTP/1.1)
HTTP/1.1 200 OK
Content-Length: 18
Content-Type: application/json; charset=utf-8
cache-control: no-cache

18:27:05.364 [AsyncHttpClient-1-7] DEBUG org.asynchttpclient.netty.channel.ChannelManager - Adding key: http://localhost:47263 for channel [id: 0x5f9b9e58, L:/127.0.0.1:55134 - R:localhost/127.0.0.1:47263]
18:27:05.365 [Forwarding findChildElement on session 238a4d0c2a0841fb1f0fdba08771013c to remote] DEBUG org.asynchttpclient.netty.request.NettyRequestSender - Using pooled Channel '[id: 0x5f9b9e58, L:/127.0.0.1:55134 - R:localhost/127.0.0.1:47263]' for 'POST' to 'http://localhost:47263/session/238a4d0c2a0841fb1f0fdba08771013c/element/92512433-88d6-478c-b0ea-5426d511261a/element'
18:27:05.365 [Forwarding findChildElement on session 238a4d0c2a0841fb1f0fdba08771013c to remote] DEBUG org.asynchttpclient.netty.request.NettyRequestSender - Using open Channel [id: 0x5f9b9e58, L:/127.0.0.1:55134 - R:localhost/127.0.0.1:47263] for POST '/session/238a4d0c2a0841fb1f0fdba08771013c/element/92512433-88d6-478c-b0ea-5426d511261a/element'
18:27:05.403 [AsyncHttpClient-1-7] DEBUG org.asynchttpclient.netty.handler.HttpHandler - 

Request DefaultHttpRequest(decodeResult: success, version: HTTP/1.1)
POST /session/238a4d0c2a0841fb1f0fdba08771013c/element/92512433-88d6-478c-b0ea-5426d511261a/element HTTP/1.1
User-Agent: selenium/4.5.3 (java mac)
Content-Length: 106
Content-Type: application/json; charset=utf-8
host: localhost:47263
accept: */*

Response DefaultHttpResponse(decodeResult: success, version: HTTP/1.1)
HTTP/1.1 200 OK
Content-Length: 88
Content-Type: application/json; charset=utf-8
cache-control: no-cache

18:27:05.404 [AsyncHttpClient-1-7] DEBUG org.asynchttpclient.netty.channel.ChannelManager - Adding key: http://localhost:47263 for channel [id: 0x5f9b9e58, L:/127.0.0.1:55134 - R:localhost/127.0.0.1:47263]
18:27:05.405 [Forwarding getElementText on session 238a4d0c2a0841fb1f0fdba08771013c to remote] DEBUG org.asynchttpclient.netty.request.NettyRequestSender - Using pooled Channel '[id: 0x5f9b9e58, L:/127.0.0.1:55134 - R:localhost/127.0.0.1:47263]' for 'GET' to 'http://localhost:47263/session/238a4d0c2a0841fb1f0fdba08771013c/element/40200f8e-ac27-4967-80a3-7981f54332f5/text'
18:27:05.405 [Forwarding getElementText on session 238a4d0c2a0841fb1f0fdba08771013c to remote] DEBUG org.asynchttpclient.netty.request.NettyRequestSender - Using open Channel [id: 0x5f9b9e58, L:/127.0.0.1:55134 - R:localhost/127.0.0.1:47263] for GET '/session/238a4d0c2a0841fb1f0fdba08771013c/element/40200f8e-ac27-4967-80a3-7981f54332f5/text'
18:27:05.556 [AsyncHttpClient-1-7] DEBUG org.asynchttpclient.netty.handler.HttpHandler - 

Request DefaultFullHttpRequest(decodeResult: success, version: HTTP/1.1, content: EmptyByteBufBE)
GET /session/238a4d0c2a0841fb1f0fdba08771013c/element/40200f8e-ac27-4967-80a3-7981f54332f5/text HTTP/1.1
User-Agent: selenium/4.5.3 (java mac)
Cache-Control: no-cache
Content-Type: application/json; charset=utf-8
host: localhost:47263
accept: */*

Response DefaultHttpResponse(decodeResult: success, version: HTTP/1.1)
HTTP/1.1 200 OK
Content-Length: 59
Content-Type: application/json; charset=utf-8
cache-control: no-cache

18:27:05.557 [AsyncHttpClient-1-7] DEBUG org.asynchttpclient.netty.channel.ChannelManager - Adding key: http://localhost:47263 for channel [id: 0x5f9b9e58, L:/127.0.0.1:55134 - R:localhost/127.0.0.1:47263]
18:27:05.559 [Forwarding findChildElement on session 238a4d0c2a0841fb1f0fdba08771013c to remote] DEBUG org.asynchttpclient.netty.request.NettyRequestSender - Using pooled Channel '[id: 0x5f9b9e58, L:/127.0.0.1:55134 - R:localhost/127.0.0.1:47263]' for 'POST' to 'http://localhost:47263/session/238a4d0c2a0841fb1f0fdba08771013c/element/92512433-88d6-478c-b0ea-5426d511261a/element'
18:27:05.559 [Forwarding findChildElement on session 238a4d0c2a0841fb1f0fdba08771013c to remote] DEBUG org.asynchttpclient.netty.request.NettyRequestSender - Using open Channel [id: 0x5f9b9e58, L:/127.0.0.1:55134 - R:localhost/127.0.0.1:47263] for POST '/session/238a4d0c2a0841fb1f0fdba08771013c/element/92512433-88d6-478c-b0ea-5426d511261a/element'
18:27:05.601 [AsyncHttpClient-1-7] DEBUG org.asynchttpclient.netty.handler.HttpHandler - 

Request DefaultHttpRequest(decodeResult: success, version: HTTP/1.1)
POST /session/238a4d0c2a0841fb1f0fdba08771013c/element/92512433-88d6-478c-b0ea-5426d511261a/element HTTP/1.1
User-Agent: selenium/4.5.3 (java mac)
Content-Length: 106
Content-Type: application/json; charset=utf-8
host: localhost:47263
accept: */*

Response DefaultHttpResponse(decodeResult: success, version: HTTP/1.1)
HTTP/1.1 200 OK
Content-Length: 88
Content-Type: application/json; charset=utf-8
cache-control: no-cache

18:27:05.601 [AsyncHttpClient-1-7] DEBUG org.asynchttpclient.netty.channel.ChannelManager - Adding key: http://localhost:47263 for channel [id: 0x5f9b9e58, L:/127.0.0.1:55134 - R:localhost/127.0.0.1:47263]
18:27:05.602 [Forwarding getElementText on session 238a4d0c2a0841fb1f0fdba08771013c to remote] DEBUG org.asynchttpclient.netty.request.NettyRequestSender - Using pooled Channel '[id: 0x5f9b9e58, L:/127.0.0.1:55134 - R:localhost/127.0.0.1:47263]' for 'GET' to 'http://localhost:47263/session/238a4d0c2a0841fb1f0fdba08771013c/element/b3d4a57a-8aae-4704-852f-feec91e93f23/text'
18:27:05.602 [Forwarding getElementText on session 238a4d0c2a0841fb1f0fdba08771013c to remote] DEBUG org.asynchttpclient.netty.request.NettyRequestSender - Using open Channel [id: 0x5f9b9e58, L:/127.0.0.1:55134 - R:localhost/127.0.0.1:47263] for GET '/session/238a4d0c2a0841fb1f0fdba08771013c/element/b3d4a57a-8aae-4704-852f-feec91e93f23/text'
18:27:05.883 [AsyncHttpClient-1-7] DEBUG org.asynchttpclient.netty.handler.HttpHandler - 

Request DefaultFullHttpRequest(decodeResult: success, version: HTTP/1.1, content: EmptyByteBufBE)
GET /session/238a4d0c2a0841fb1f0fdba08771013c/element/b3d4a57a-8aae-4704-852f-feec91e93f23/text HTTP/1.1
User-Agent: selenium/4.5.3 (java mac)
Cache-Control: no-cache
Content-Type: application/json; charset=utf-8
host: localhost:47263
accept: */*

Response DefaultHttpResponse(decodeResult: success, version: HTTP/1.1)
HTTP/1.1 200 OK
Content-Length: 19
Content-Type: application/json; charset=utf-8
cache-control: no-cache

18:27:05.883 [AsyncHttpClient-1-7] DEBUG org.asynchttpclient.netty.channel.ChannelManager - Adding key: http://localhost:47263 for channel [id: 0x5f9b9e58, L:/127.0.0.1:55134 - R:localhost/127.0.0.1:47263]
18:27:05.884 [Forwarding findChildElement on session 238a4d0c2a0841fb1f0fdba08771013c to remote] DEBUG org.asynchttpclient.netty.request.NettyRequestSender - Using pooled Channel '[id: 0x5f9b9e58, L:/127.0.0.1:55134 - R:localhost/127.0.0.1:47263]' for 'POST' to 'http://localhost:47263/session/238a4d0c2a0841fb1f0fdba08771013c/element/afb3ba8b-0788-4557-abb7-8c2bb615e41f/element'
18:27:05.884 [Forwarding findChildElement on session 238a4d0c2a0841fb1f0fdba08771013c to remote] DEBUG org.asynchttpclient.netty.request.NettyRequestSender - Using open Channel [id: 0x5f9b9e58, L:/127.0.0.1:55134 - R:localhost/127.0.0.1:47263] for POST '/session/238a4d0c2a0841fb1f0fdba08771013c/element/afb3ba8b-0788-4557-abb7-8c2bb615e41f/element'
18:27:05.912 [AsyncHttpClient-1-7] DEBUG org.asynchttpclient.netty.handler.HttpHandler - 

Request DefaultHttpRequest(decodeResult: success, version: HTTP/1.1)
POST /session/238a4d0c2a0841fb1f0fdba08771013c/element/afb3ba8b-0788-4557-abb7-8c2bb615e41f/element HTTP/1.1
User-Agent: selenium/4.5.3 (java mac)
Content-Length: 106
Content-Type: application/json; charset=utf-8
host: localhost:47263
accept: */*

Response DefaultHttpResponse(decodeResult: success, version: HTTP/1.1)
HTTP/1.1 200 OK
Content-Length: 88
Content-Type: application/json; charset=utf-8
cache-control: no-cache

18:27:05.912 [AsyncHttpClient-1-7] DEBUG org.asynchttpclient.netty.channel.ChannelManager - Adding key: http://localhost:47263 for channel [id: 0x5f9b9e58, L:/127.0.0.1:55134 - R:localhost/127.0.0.1:47263]
18:27:05.913 [Forwarding getElementText on session 238a4d0c2a0841fb1f0fdba08771013c to remote] DEBUG org.asynchttpclient.netty.request.NettyRequestSender - Using pooled Channel '[id: 0x5f9b9e58, L:/127.0.0.1:55134 - R:localhost/127.0.0.1:47263]' for 'GET' to 'http://localhost:47263/session/238a4d0c2a0841fb1f0fdba08771013c/element/280e5d8e-ad18-4af8-9cec-984746ccf040/text'
18:27:05.913 [Forwarding getElementText on session 238a4d0c2a0841fb1f0fdba08771013c to remote] DEBUG org.asynchttpclient.netty.request.NettyRequestSender - Using open Channel [id: 0x5f9b9e58, L:/127.0.0.1:55134 - R:localhost/127.0.0.1:47263] for GET '/session/238a4d0c2a0841fb1f0fdba08771013c/element/280e5d8e-ad18-4af8-9cec-984746ccf040/text'
18:27:05.949 [AsyncHttpClient-1-7] DEBUG org.asynchttpclient.netty.handler.HttpHandler - 

Request DefaultFullHttpRequest(decodeResult: success, version: HTTP/1.1, content: EmptyByteBufBE)
GET /session/238a4d0c2a0841fb1f0fdba08771013c/element/280e5d8e-ad18-4af8-9cec-984746ccf040/text HTTP/1.1
User-Agent: selenium/4.5.3 (java mac)
Cache-Control: no-cache
Content-Type: application/json; charset=utf-8
host: localhost:47263
accept: */*

Response DefaultHttpResponse(decodeResult: success, version: HTTP/1.1)
HTTP/1.1 200 OK
Content-Length: 92
Content-Type: application/json; charset=utf-8
cache-control: no-cache

18:27:05.951 [AsyncHttpClient-1-7] DEBUG org.asynchttpclient.netty.channel.ChannelManager - Adding key: http://localhost:47263 for channel [id: 0x5f9b9e58, L:/127.0.0.1:55134 - R:localhost/127.0.0.1:47263]
18:27:05.953 [Forwarding findChildElement on session 238a4d0c2a0841fb1f0fdba08771013c to remote] DEBUG org.asynchttpclient.netty.request.NettyRequestSender - Using pooled Channel '[id: 0x5f9b9e58, L:/127.0.0.1:55134 - R:localhost/127.0.0.1:47263]' for 'POST' to 'http://localhost:47263/session/238a4d0c2a0841fb1f0fdba08771013c/element/afb3ba8b-0788-4557-abb7-8c2bb615e41f/element'
18:27:05.953 [Forwarding findChildElement on session 238a4d0c2a0841fb1f0fdba08771013c to remote] DEBUG org.asynchttpclient.netty.request.NettyRequestSender - Using open Channel [id: 0x5f9b9e58, L:/127.0.0.1:55134 - R:localhost/127.0.0.1:47263] for POST '/session/238a4d0c2a0841fb1f0fdba08771013c/element/afb3ba8b-0788-4557-abb7-8c2bb615e41f/element'
18:27:05.981 [AsyncHttpClient-1-7] DEBUG org.asynchttpclient.netty.handler.HttpHandler - 

Request DefaultHttpRequest(decodeResult: success, version: HTTP/1.1)
POST /session/238a4d0c2a0841fb1f0fdba08771013c/element/afb3ba8b-0788-4557-abb7-8c2bb615e41f/element HTTP/1.1
User-Agent: selenium/4.5.3 (java mac)
Content-Length: 106
Content-Type: application/json; charset=utf-8
host: localhost:47263
accept: */*

Response DefaultHttpResponse(decodeResult: success, version: HTTP/1.1)
HTTP/1.1 200 OK
Content-Length: 88
Content-Type: application/json; charset=utf-8
cache-control: no-cache

18:27:05.982 [AsyncHttpClient-1-7] DEBUG org.asynchttpclient.netty.channel.ChannelManager - Adding key: http://localhost:47263 for channel [id: 0x5f9b9e58, L:/127.0.0.1:55134 - R:localhost/127.0.0.1:47263]
18:27:05.987 [Forwarding getElementText on session 238a4d0c2a0841fb1f0fdba08771013c to remote] DEBUG org.asynchttpclient.netty.request.NettyRequestSender - Using pooled Channel '[id: 0x5f9b9e58, L:/127.0.0.1:55134 - R:localhost/127.0.0.1:47263]' for 'GET' to 'http://localhost:47263/session/238a4d0c2a0841fb1f0fdba08771013c/element/7e82f9a9-70f5-4b0c-b9ce-981d7a2e0a1f/text'
18:27:05.987 [Forwarding getElementText on session 238a4d0c2a0841fb1f0fdba08771013c to remote] DEBUG org.asynchttpclient.netty.request.NettyRequestSender - Using open Channel [id: 0x5f9b9e58, L:/127.0.0.1:55134 - R:localhost/127.0.0.1:47263] for GET '/session/238a4d0c2a0841fb1f0fdba08771013c/element/7e82f9a9-70f5-4b0c-b9ce-981d7a2e0a1f/text'
18:27:06.143 [AsyncHttpClient-1-7] DEBUG org.asynchttpclient.netty.handler.HttpHandler - 

Request DefaultFullHttpRequest(decodeResult: success, version: HTTP/1.1, content: EmptyByteBufBE)
GET /session/238a4d0c2a0841fb1f0fdba08771013c/element/7e82f9a9-70f5-4b0c-b9ce-981d7a2e0a1f/text HTTP/1.1
User-Agent: selenium/4.5.3 (java mac)
Cache-Control: no-cache
Content-Type: application/json; charset=utf-8
host: localhost:47263
accept: */*

Response DefaultHttpResponse(decodeResult: success, version: HTTP/1.1)
HTTP/1.1 200 OK
Content-Length: 30
Content-Type: application/json; charset=utf-8
cache-control: no-cache

18:27:06.143 [AsyncHttpClient-1-7] DEBUG org.asynchttpclient.netty.channel.ChannelManager - Adding key: http://localhost:47263 for channel [id: 0x5f9b9e58, L:/127.0.0.1:55134 - R:localhost/127.0.0.1:47263]
18:27:06.144 [Forwarding findChildElement on session 238a4d0c2a0841fb1f0fdba08771013c to remote] DEBUG org.asynchttpclient.netty.request.NettyRequestSender - Using pooled Channel '[id: 0x5f9b9e58, L:/127.0.0.1:55134 - R:localhost/127.0.0.1:47263]' for 'POST' to 'http://localhost:47263/session/238a4d0c2a0841fb1f0fdba08771013c/element/f45e6574-114e-4395-8301-97da577b2287/element'
18:27:06.144 [Forwarding findChildElement on session 238a4d0c2a0841fb1f0fdba08771013c to remote] DEBUG org.asynchttpclient.netty.request.NettyRequestSender - Using open Channel [id: 0x5f9b9e58, L:/127.0.0.1:55134 - R:localhost/127.0.0.1:47263] for POST '/session/238a4d0c2a0841fb1f0fdba08771013c/element/f45e6574-114e-4395-8301-97da577b2287/element'
18:27:06.210 [AsyncHttpClient-1-7] DEBUG org.asynchttpclient.netty.handler.HttpHandler - 

Request DefaultHttpRequest(decodeResult: success, version: HTTP/1.1)
POST /session/238a4d0c2a0841fb1f0fdba08771013c/element/f45e6574-114e-4395-8301-97da577b2287/element HTTP/1.1
User-Agent: selenium/4.5.3 (java mac)
Content-Length: 106
Content-Type: application/json; charset=utf-8
host: localhost:47263
accept: */*

Response DefaultHttpResponse(decodeResult: success, version: HTTP/1.1)
HTTP/1.1 200 OK
Content-Length: 88
Content-Type: application/json; charset=utf-8
cache-control: no-cache

18:27:06.210 [AsyncHttpClient-1-7] DEBUG org.asynchttpclient.netty.channel.ChannelManager - Adding key: http://localhost:47263 for channel [id: 0x5f9b9e58, L:/127.0.0.1:55134 - R:localhost/127.0.0.1:47263]
18:27:06.211 [Forwarding getElementText on session 238a4d0c2a0841fb1f0fdba08771013c to remote] DEBUG org.asynchttpclient.netty.request.NettyRequestSender - Using pooled Channel '[id: 0x5f9b9e58, L:/127.0.0.1:55134 - R:localhost/127.0.0.1:47263]' for 'GET' to 'http://localhost:47263/session/238a4d0c2a0841fb1f0fdba08771013c/element/a218949b-a7fb-43f7-b4b3-8544f3c9d004/text'
18:27:06.211 [Forwarding getElementText on session 238a4d0c2a0841fb1f0fdba08771013c to remote] DEBUG org.asynchttpclient.netty.request.NettyRequestSender - Using open Channel [id: 0x5f9b9e58, L:/127.0.0.1:55134 - R:localhost/127.0.0.1:47263] for GET '/session/238a4d0c2a0841fb1f0fdba08771013c/element/a218949b-a7fb-43f7-b4b3-8544f3c9d004/text'
18:27:06.216 [AsyncHttpClient-1-1] DEBUG org.asynchttpclient.netty.channel.DefaultChannelPool - Entry count for : http://localhost:8354 : 1
18:27:06.216 [AsyncHttpClient-1-1] DEBUG org.asynchttpclient.netty.channel.DefaultChannelPool - Entry count for : http://localhost:55138 : 1
18:27:06.405 [AsyncHttpClient-1-7] DEBUG org.asynchttpclient.netty.handler.HttpHandler - 

Request DefaultFullHttpRequest(decodeResult: success, version: HTTP/1.1, content: EmptyByteBufBE)
GET /session/238a4d0c2a0841fb1f0fdba08771013c/element/a218949b-a7fb-43f7-b4b3-8544f3c9d004/text HTTP/1.1
User-Agent: selenium/4.5.3 (java mac)
Cache-Control: no-cache
Content-Type: application/json; charset=utf-8
host: localhost:47263
accept: */*

Response DefaultHttpResponse(decodeResult: success, version: HTTP/1.1)
HTTP/1.1 200 OK
Content-Length: 64
Content-Type: application/json; charset=utf-8
cache-control: no-cache

18:27:06.405 [AsyncHttpClient-1-7] DEBUG org.asynchttpclient.netty.channel.ChannelManager - Adding key: http://localhost:47263 for channel [id: 0x5f9b9e58, L:/127.0.0.1:55134 - R:localhost/127.0.0.1:47263]
18:27:06.407 [Forwarding findChildElement on session 238a4d0c2a0841fb1f0fdba08771013c to remote] DEBUG org.asynchttpclient.netty.request.NettyRequestSender - Using pooled Channel '[id: 0x5f9b9e58, L:/127.0.0.1:55134 - R:localhost/127.0.0.1:47263]' for 'POST' to 'http://localhost:47263/session/238a4d0c2a0841fb1f0fdba08771013c/element/f45e6574-114e-4395-8301-97da577b2287/element'
18:27:06.407 [Forwarding findChildElement on session 238a4d0c2a0841fb1f0fdba08771013c to remote] DEBUG org.asynchttpclient.netty.request.NettyRequestSender - Using open Channel [id: 0x5f9b9e58, L:/127.0.0.1:55134 - R:localhost/127.0.0.1:47263] for POST '/session/238a4d0c2a0841fb1f0fdba08771013c/element/f45e6574-114e-4395-8301-97da577b2287/element'
18:27:06.420 [AsyncHttpClient-1-7] DEBUG org.asynchttpclient.netty.handler.HttpHandler - 

Request DefaultHttpRequest(decodeResult: success, version: HTTP/1.1)
POST /session/238a4d0c2a0841fb1f0fdba08771013c/element/f45e6574-114e-4395-8301-97da577b2287/element HTTP/1.1
User-Agent: selenium/4.5.3 (java mac)
Content-Length: 106
Content-Type: application/json; charset=utf-8
host: localhost:47263
accept: */*

Response DefaultHttpResponse(decodeResult: success, version: HTTP/1.1)
HTTP/1.1 200 OK
Content-Length: 88
Content-Type: application/json; charset=utf-8
cache-control: no-cache

18:27:06.421 [AsyncHttpClient-1-7] DEBUG org.asynchttpclient.netty.channel.ChannelManager - Adding key: http://localhost:47263 for channel [id: 0x5f9b9e58, L:/127.0.0.1:55134 - R:localhost/127.0.0.1:47263]
18:27:06.423 [Forwarding getElementText on session 238a4d0c2a0841fb1f0fdba08771013c to remote] DEBUG org.asynchttpclient.netty.request.NettyRequestSender - Using pooled Channel '[id: 0x5f9b9e58, L:/127.0.0.1:55134 - R:localhost/127.0.0.1:47263]' for 'GET' to 'http://localhost:47263/session/238a4d0c2a0841fb1f0fdba08771013c/element/7bddaf08-12ae-43e1-94d4-92aebc8d6f9c/text'
18:27:06.423 [Forwarding getElementText on session 238a4d0c2a0841fb1f0fdba08771013c to remote] DEBUG org.asynchttpclient.netty.request.NettyRequestSender - Using open Channel [id: 0x5f9b9e58, L:/127.0.0.1:55134 - R:localhost/127.0.0.1:47263] for GET '/session/238a4d0c2a0841fb1f0fdba08771013c/element/7bddaf08-12ae-43e1-94d4-92aebc8d6f9c/text'
18:27:06.457 [AsyncHttpClient-1-7] DEBUG org.asynchttpclient.netty.handler.HttpHandler - 

Request DefaultFullHttpRequest(decodeResult: success, version: HTTP/1.1, content: EmptyByteBufBE)
GET /session/238a4d0c2a0841fb1f0fdba08771013c/element/7bddaf08-12ae-43e1-94d4-92aebc8d6f9c/text HTTP/1.1
User-Agent: selenium/4.5.3 (java mac)
Cache-Control: no-cache
Content-Type: application/json; charset=utf-8
host: localhost:47263
accept: */*

Response DefaultHttpResponse(decodeResult: success, version: HTTP/1.1)
HTTP/1.1 200 OK
Content-Length: 19
Content-Type: application/json; charset=utf-8
cache-control: no-cache

18:27:06.457 [AsyncHttpClient-1-7] DEBUG org.asynchttpclient.netty.channel.ChannelManager - Adding key: http://localhost:47263 for channel [id: 0x5f9b9e58, L:/127.0.0.1:55134 - R:localhost/127.0.0.1:47263]
18:27:06.458 [Forwarding findChildElement on session 238a4d0c2a0841fb1f0fdba08771013c to remote] DEBUG org.asynchttpclient.netty.request.NettyRequestSender - Using pooled Channel '[id: 0x5f9b9e58, L:/127.0.0.1:55134 - R:localhost/127.0.0.1:47263]' for 'POST' to 'http://localhost:47263/session/238a4d0c2a0841fb1f0fdba08771013c/element/ecab3afd-1136-4433-977b-5e66c96ade18/element'
18:27:06.458 [Forwarding findChildElement on session 238a4d0c2a0841fb1f0fdba08771013c to remote] DEBUG org.asynchttpclient.netty.request.NettyRequestSender - Using open Channel [id: 0x5f9b9e58, L:/127.0.0.1:55134 - R:localhost/127.0.0.1:47263] for POST '/session/238a4d0c2a0841fb1f0fdba08771013c/element/ecab3afd-1136-4433-977b-5e66c96ade18/element'
18:27:06.487 [AsyncHttpClient-1-7] DEBUG org.asynchttpclient.netty.handler.HttpHandler - 

Request DefaultHttpRequest(decodeResult: success, version: HTTP/1.1)
POST /session/238a4d0c2a0841fb1f0fdba08771013c/element/ecab3afd-1136-4433-977b-5e66c96ade18/element HTTP/1.1
User-Agent: selenium/4.5.3 (java mac)
Content-Length: 106
Content-Type: application/json; charset=utf-8
host: localhost:47263
accept: */*

Response DefaultHttpResponse(decodeResult: success, version: HTTP/1.1)
HTTP/1.1 200 OK
Content-Length: 88
Content-Type: application/json; charset=utf-8
cache-control: no-cache

18:27:06.487 [AsyncHttpClient-1-7] DEBUG org.asynchttpclient.netty.channel.ChannelManager - Adding key: http://localhost:47263 for channel [id: 0x5f9b9e58, L:/127.0.0.1:55134 - R:localhost/127.0.0.1:47263]
18:27:06.488 [Forwarding getElementText on session 238a4d0c2a0841fb1f0fdba08771013c to remote] DEBUG org.asynchttpclient.netty.request.NettyRequestSender - Using pooled Channel '[id: 0x5f9b9e58, L:/127.0.0.1:55134 - R:localhost/127.0.0.1:47263]' for 'GET' to 'http://localhost:47263/session/238a4d0c2a0841fb1f0fdba08771013c/element/f4af609c-568f-4695-a8b5-587050961a71/text'
18:27:06.488 [Forwarding getElementText on session 238a4d0c2a0841fb1f0fdba08771013c to remote] DEBUG org.asynchttpclient.netty.request.NettyRequestSender - Using open Channel [id: 0x5f9b9e58, L:/127.0.0.1:55134 - R:localhost/127.0.0.1:47263] for GET '/session/238a4d0c2a0841fb1f0fdba08771013c/element/f4af609c-568f-4695-a8b5-587050961a71/text'
18:27:06.713 [AsyncHttpClient-1-7] DEBUG org.asynchttpclient.netty.handler.HttpHandler - 

Request DefaultFullHttpRequest(decodeResult: success, version: HTTP/1.1, content: EmptyByteBufBE)
GET /session/238a4d0c2a0841fb1f0fdba08771013c/element/f4af609c-568f-4695-a8b5-587050961a71/text HTTP/1.1
User-Agent: selenium/4.5.3 (java mac)
Cache-Control: no-cache
Content-Type: application/json; charset=utf-8
host: localhost:47263
accept: */*

Response DefaultHttpResponse(decodeResult: success, version: HTTP/1.1)
HTTP/1.1 200 OK
Content-Length: 91
Content-Type: application/json; charset=utf-8
cache-control: no-cache

18:27:06.716 [AsyncHttpClient-1-7] DEBUG org.asynchttpclient.netty.channel.ChannelManager - Adding key: http://localhost:47263 for channel [id: 0x5f9b9e58, L:/127.0.0.1:55134 - R:localhost/127.0.0.1:47263]
18:27:06.728 [Forwarding findChildElement on session 238a4d0c2a0841fb1f0fdba08771013c to remote] DEBUG org.asynchttpclient.netty.request.NettyRequestSender - Using pooled Channel '[id: 0x5f9b9e58, L:/127.0.0.1:55134 - R:localhost/127.0.0.1:47263]' for 'POST' to 'http://localhost:47263/session/238a4d0c2a0841fb1f0fdba08771013c/element/ecab3afd-1136-4433-977b-5e66c96ade18/element'
18:27:06.728 [Forwarding findChildElement on session 238a4d0c2a0841fb1f0fdba08771013c to remote] DEBUG org.asynchttpclient.netty.request.NettyRequestSender - Using open Channel [id: 0x5f9b9e58, L:/127.0.0.1:55134 - R:localhost/127.0.0.1:47263] for POST '/session/238a4d0c2a0841fb1f0fdba08771013c/element/ecab3afd-1136-4433-977b-5e66c96ade18/element'
18:27:06.892 [AsyncHttpClient-1-7] DEBUG org.asynchttpclient.netty.handler.HttpHandler - 

Request DefaultHttpRequest(decodeResult: success, version: HTTP/1.1)
POST /session/238a4d0c2a0841fb1f0fdba08771013c/element/ecab3afd-1136-4433-977b-5e66c96ade18/element HTTP/1.1
User-Agent: selenium/4.5.3 (java mac)
Content-Length: 106
Content-Type: application/json; charset=utf-8
host: localhost:47263
accept: */*

Response DefaultHttpResponse(decodeResult: success, version: HTTP/1.1)
HTTP/1.1 200 OK
Content-Length: 88
Content-Type: application/json; charset=utf-8
cache-control: no-cache

18:27:06.892 [AsyncHttpClient-1-7] DEBUG org.asynchttpclient.netty.channel.ChannelManager - Adding key: http://localhost:47263 for channel [id: 0x5f9b9e58, L:/127.0.0.1:55134 - R:localhost/127.0.0.1:47263]
18:27:06.893 [Forwarding getElementText on session 238a4d0c2a0841fb1f0fdba08771013c to remote] DEBUG org.asynchttpclient.netty.request.NettyRequestSender - Using pooled Channel '[id: 0x5f9b9e58, L:/127.0.0.1:55134 - R:localhost/127.0.0.1:47263]' for 'GET' to 'http://localhost:47263/session/238a4d0c2a0841fb1f0fdba08771013c/element/f48f913e-335c-4884-b1a7-cb0ba4c1d844/text'
18:27:06.893 [Forwarding getElementText on session 238a4d0c2a0841fb1f0fdba08771013c to remote] DEBUG org.asynchttpclient.netty.request.NettyRequestSender - Using open Channel [id: 0x5f9b9e58, L:/127.0.0.1:55134 - R:localhost/127.0.0.1:47263] for GET '/session/238a4d0c2a0841fb1f0fdba08771013c/element/f48f913e-335c-4884-b1a7-cb0ba4c1d844/text'
18:27:06.973 [AsyncHttpClient-1-7] DEBUG org.asynchttpclient.netty.handler.HttpHandler - 

Request DefaultFullHttpRequest(decodeResult: success, version: HTTP/1.1, content: EmptyByteBufBE)
GET /session/238a4d0c2a0841fb1f0fdba08771013c/element/f48f913e-335c-4884-b1a7-cb0ba4c1d844/text HTTP/1.1
User-Agent: selenium/4.5.3 (java mac)
Cache-Control: no-cache
Content-Type: application/json; charset=utf-8
host: localhost:47263
accept: */*

Response DefaultHttpResponse(decodeResult: success, version: HTTP/1.1)
HTTP/1.1 200 OK
Content-Length: 30
Content-Type: application/json; charset=utf-8
cache-control: no-cache

18:27:06.973 [AsyncHttpClient-1-7] DEBUG org.asynchttpclient.netty.channel.ChannelManager - Adding key: http://localhost:47263 for channel [id: 0x5f9b9e58, L:/127.0.0.1:55134 - R:localhost/127.0.0.1:47263]
18:27:06.974 [Forwarding findChildElement on session 238a4d0c2a0841fb1f0fdba08771013c to remote] DEBUG org.asynchttpclient.netty.request.NettyRequestSender - Using pooled Channel '[id: 0x5f9b9e58, L:/127.0.0.1:55134 - R:localhost/127.0.0.1:47263]' for 'POST' to 'http://localhost:47263/session/238a4d0c2a0841fb1f0fdba08771013c/element/55418d42-642d-4249-a80d-4dc9e6220297/element'
18:27:06.974 [Forwarding findChildElement on session 238a4d0c2a0841fb1f0fdba08771013c to remote] DEBUG org.asynchttpclient.netty.request.NettyRequestSender - Using open Channel [id: 0x5f9b9e58, L:/127.0.0.1:55134 - R:localhost/127.0.0.1:47263] for POST '/session/238a4d0c2a0841fb1f0fdba08771013c/element/55418d42-642d-4249-a80d-4dc9e6220297/element'
18:27:07.149 [AsyncHttpClient-1-7] DEBUG org.asynchttpclient.netty.handler.HttpHandler - 

Request DefaultHttpRequest(decodeResult: success, version: HTTP/1.1)
POST /session/238a4d0c2a0841fb1f0fdba08771013c/element/55418d42-642d-4249-a80d-4dc9e6220297/element HTTP/1.1
User-Agent: selenium/4.5.3 (java mac)
Content-Length: 106
Content-Type: application/json; charset=utf-8
host: localhost:47263
accept: */*

Response DefaultHttpResponse(decodeResult: success, version: HTTP/1.1)
HTTP/1.1 200 OK
Content-Length: 88
Content-Type: application/json; charset=utf-8
cache-control: no-cache

18:27:07.149 [AsyncHttpClient-1-7] DEBUG org.asynchttpclient.netty.channel.ChannelManager - Adding key: http://localhost:47263 for channel [id: 0x5f9b9e58, L:/127.0.0.1:55134 - R:localhost/127.0.0.1:47263]
18:27:07.151 [Forwarding getElementText on session 238a4d0c2a0841fb1f0fdba08771013c to remote] DEBUG org.asynchttpclient.netty.request.NettyRequestSender - Using pooled Channel '[id: 0x5f9b9e58, L:/127.0.0.1:55134 - R:localhost/127.0.0.1:47263]' for 'GET' to 'http://localhost:47263/session/238a4d0c2a0841fb1f0fdba08771013c/element/1d8be8e1-0718-4ebe-81a3-e8738b92d4f0/text'
18:27:07.151 [Forwarding getElementText on session 238a4d0c2a0841fb1f0fdba08771013c to remote] DEBUG org.asynchttpclient.netty.request.NettyRequestSender - Using open Channel [id: 0x5f9b9e58, L:/127.0.0.1:55134 - R:localhost/127.0.0.1:47263] for GET '/session/238a4d0c2a0841fb1f0fdba08771013c/element/1d8be8e1-0718-4ebe-81a3-e8738b92d4f0/text'
18:27:07.204 [AsyncHttpClient-1-7] DEBUG org.asynchttpclient.netty.handler.HttpHandler - 

Request DefaultFullHttpRequest(decodeResult: success, version: HTTP/1.1, content: EmptyByteBufBE)
GET /session/238a4d0c2a0841fb1f0fdba08771013c/element/1d8be8e1-0718-4ebe-81a3-e8738b92d4f0/text HTTP/1.1
User-Agent: selenium/4.5.3 (java mac)
Cache-Control: no-cache
Content-Type: application/json; charset=utf-8
host: localhost:47263
accept: */*

Response DefaultHttpResponse(decodeResult: success, version: HTTP/1.1)
HTTP/1.1 200 OK
Content-Length: 68
Content-Type: application/json; charset=utf-8
cache-control: no-cache

18:27:07.204 [AsyncHttpClient-1-7] DEBUG org.asynchttpclient.netty.channel.ChannelManager - Adding key: http://localhost:47263 for channel [id: 0x5f9b9e58, L:/127.0.0.1:55134 - R:localhost/127.0.0.1:47263]
18:27:07.205 [Forwarding findChildElement on session 238a4d0c2a0841fb1f0fdba08771013c to remote] DEBUG org.asynchttpclient.netty.request.NettyRequestSender - Using pooled Channel '[id: 0x5f9b9e58, L:/127.0.0.1:55134 - R:localhost/127.0.0.1:47263]' for 'POST' to 'http://localhost:47263/session/238a4d0c2a0841fb1f0fdba08771013c/element/55418d42-642d-4249-a80d-4dc9e6220297/element'
18:27:07.206 [Forwarding findChildElement on session 238a4d0c2a0841fb1f0fdba08771013c to remote] DEBUG org.asynchttpclient.netty.request.NettyRequestSender - Using open Channel [id: 0x5f9b9e58, L:/127.0.0.1:55134 - R:localhost/127.0.0.1:47263] for POST '/session/238a4d0c2a0841fb1f0fdba08771013c/element/55418d42-642d-4249-a80d-4dc9e6220297/element'
18:27:07.234 [AsyncHttpClient-1-7] DEBUG org.asynchttpclient.netty.handler.HttpHandler - 

Request DefaultHttpRequest(decodeResult: success, version: HTTP/1.1)
POST /session/238a4d0c2a0841fb1f0fdba08771013c/element/55418d42-642d-4249-a80d-4dc9e6220297/element HTTP/1.1
User-Agent: selenium/4.5.3 (java mac)
Content-Length: 106
Content-Type: application/json; charset=utf-8
host: localhost:47263
accept: */*

Response DefaultHttpResponse(decodeResult: success, version: HTTP/1.1)
HTTP/1.1 200 OK
Content-Length: 88
Content-Type: application/json; charset=utf-8
cache-control: no-cache

18:27:07.234 [AsyncHttpClient-1-7] DEBUG org.asynchttpclient.netty.channel.ChannelManager - Adding key: http://localhost:47263 for channel [id: 0x5f9b9e58, L:/127.0.0.1:55134 - R:localhost/127.0.0.1:47263]
18:27:07.234 [Forwarding getElementText on session 238a4d0c2a0841fb1f0fdba08771013c to remote] DEBUG org.asynchttpclient.netty.request.NettyRequestSender - Using pooled Channel '[id: 0x5f9b9e58, L:/127.0.0.1:55134 - R:localhost/127.0.0.1:47263]' for 'GET' to 'http://localhost:47263/session/238a4d0c2a0841fb1f0fdba08771013c/element/c2d7f58e-c521-419d-9309-d1ce9458a76a/text'
18:27:07.235 [Forwarding getElementText on session 238a4d0c2a0841fb1f0fdba08771013c to remote] DEBUG org.asynchttpclient.netty.request.NettyRequestSender - Using open Channel [id: 0x5f9b9e58, L:/127.0.0.1:55134 - R:localhost/127.0.0.1:47263] for GET '/session/238a4d0c2a0841fb1f0fdba08771013c/element/c2d7f58e-c521-419d-9309-d1ce9458a76a/text'
18:27:07.314 [AsyncHttpClient-1-1] DEBUG org.asynchttpclient.netty.channel.DefaultChannelPool - Entry count for : http://localhost:8354 : 1
18:27:07.314 [AsyncHttpClient-1-1] DEBUG org.asynchttpclient.netty.channel.DefaultChannelPool - Entry count for : http://localhost:55138 : 1
18:27:07.520 [AsyncHttpClient-1-7] DEBUG org.asynchttpclient.netty.handler.HttpHandler - 

Request DefaultFullHttpRequest(decodeResult: success, version: HTTP/1.1, content: EmptyByteBufBE)
GET /session/238a4d0c2a0841fb1f0fdba08771013c/element/c2d7f58e-c521-419d-9309-d1ce9458a76a/text HTTP/1.1
User-Agent: selenium/4.5.3 (java mac)
Cache-Control: no-cache
Content-Type: application/json; charset=utf-8
host: localhost:47263
accept: */*

Response DefaultHttpResponse(decodeResult: success, version: HTTP/1.1)
HTTP/1.1 200 OK
Content-Length: 19
Content-Type: application/json; charset=utf-8
cache-control: no-cache

18:27:07.520 [AsyncHttpClient-1-7] DEBUG org.asynchttpclient.netty.channel.ChannelManager - Adding key: http://localhost:47263 for channel [id: 0x5f9b9e58, L:/127.0.0.1:55134 - R:localhost/127.0.0.1:47263]
18:27:07.523 [Forwarding findChildElement on session 238a4d0c2a0841fb1f0fdba08771013c to remote] DEBUG org.asynchttpclient.netty.request.NettyRequestSender - Using pooled Channel '[id: 0x5f9b9e58, L:/127.0.0.1:55134 - R:localhost/127.0.0.1:47263]' for 'POST' to 'http://localhost:47263/session/238a4d0c2a0841fb1f0fdba08771013c/element/88d19851-1074-47c6-b7ca-62499e3c94eb/element'
18:27:07.523 [Forwarding findChildElement on session 238a4d0c2a0841fb1f0fdba08771013c to remote] DEBUG org.asynchttpclient.netty.request.NettyRequestSender - Using open Channel [id: 0x5f9b9e58, L:/127.0.0.1:55134 - R:localhost/127.0.0.1:47263] for POST '/session/238a4d0c2a0841fb1f0fdba08771013c/element/88d19851-1074-47c6-b7ca-62499e3c94eb/element'
18:27:07.546 [AsyncHttpClient-1-7] DEBUG org.asynchttpclient.netty.handler.HttpHandler - 

Request DefaultHttpRequest(decodeResult: success, version: HTTP/1.1)
POST /session/238a4d0c2a0841fb1f0fdba08771013c/element/88d19851-1074-47c6-b7ca-62499e3c94eb/element HTTP/1.1
User-Agent: selenium/4.5.3 (java mac)
Content-Length: 106
Content-Type: application/json; charset=utf-8
host: localhost:47263
accept: */*

Response DefaultHttpResponse(decodeResult: success, version: HTTP/1.1)
HTTP/1.1 200 OK
Content-Length: 88
Content-Type: application/json; charset=utf-8
cache-control: no-cache

18:27:07.546 [AsyncHttpClient-1-7] DEBUG org.asynchttpclient.netty.channel.ChannelManager - Adding key: http://localhost:47263 for channel [id: 0x5f9b9e58, L:/127.0.0.1:55134 - R:localhost/127.0.0.1:47263]
18:27:07.550 [Forwarding getElementText on session 238a4d0c2a0841fb1f0fdba08771013c to remote] DEBUG org.asynchttpclient.netty.request.NettyRequestSender - Using pooled Channel '[id: 0x5f9b9e58, L:/127.0.0.1:55134 - R:localhost/127.0.0.1:47263]' for 'GET' to 'http://localhost:47263/session/238a4d0c2a0841fb1f0fdba08771013c/element/0261775e-d4cc-440a-a8ae-acc14735e5b5/text'
18:27:07.550 [Forwarding getElementText on session 238a4d0c2a0841fb1f0fdba08771013c to remote] DEBUG org.asynchttpclient.netty.request.NettyRequestSender - Using open Channel [id: 0x5f9b9e58, L:/127.0.0.1:55134 - R:localhost/127.0.0.1:47263] for GET '/session/238a4d0c2a0841fb1f0fdba08771013c/element/0261775e-d4cc-440a-a8ae-acc14735e5b5/text'
18:27:07.581 [AsyncHttpClient-1-7] DEBUG org.asynchttpclient.netty.handler.HttpHandler - 

Request DefaultFullHttpRequest(decodeResult: success, version: HTTP/1.1, content: EmptyByteBufBE)
GET /session/238a4d0c2a0841fb1f0fdba08771013c/element/0261775e-d4cc-440a-a8ae-acc14735e5b5/text HTTP/1.1
User-Agent: selenium/4.5.3 (java mac)
Cache-Control: no-cache
Content-Type: application/json; charset=utf-8
host: localhost:47263
accept: */*

Response DefaultHttpResponse(decodeResult: success, version: HTTP/1.1)
HTTP/1.1 200 OK
Content-Length: 63
Content-Type: application/json; charset=utf-8
cache-control: no-cache

18:27:07.582 [AsyncHttpClient-1-7] DEBUG org.asynchttpclient.netty.channel.ChannelManager - Adding key: http://localhost:47263 for channel [id: 0x5f9b9e58, L:/127.0.0.1:55134 - R:localhost/127.0.0.1:47263]
18:27:07.585 [Forwarding findChildElement on session 238a4d0c2a0841fb1f0fdba08771013c to remote] DEBUG org.asynchttpclient.netty.request.NettyRequestSender - Using pooled Channel '[id: 0x5f9b9e58, L:/127.0.0.1:55134 - R:localhost/127.0.0.1:47263]' for 'POST' to 'http://localhost:47263/session/238a4d0c2a0841fb1f0fdba08771013c/element/88d19851-1074-47c6-b7ca-62499e3c94eb/element'
18:27:07.585 [Forwarding findChildElement on session 238a4d0c2a0841fb1f0fdba08771013c to remote] DEBUG org.asynchttpclient.netty.request.NettyRequestSender - Using open Channel [id: 0x5f9b9e58, L:/127.0.0.1:55134 - R:localhost/127.0.0.1:47263] for POST '/session/238a4d0c2a0841fb1f0fdba08771013c/element/88d19851-1074-47c6-b7ca-62499e3c94eb/element'
18:27:07.599 [AsyncHttpClient-1-7] DEBUG org.asynchttpclient.netty.handler.HttpHandler - 

Request DefaultHttpRequest(decodeResult: success, version: HTTP/1.1)
POST /session/238a4d0c2a0841fb1f0fdba08771013c/element/88d19851-1074-47c6-b7ca-62499e3c94eb/element HTTP/1.1
User-Agent: selenium/4.5.3 (java mac)
Content-Length: 106
Content-Type: application/json; charset=utf-8
host: localhost:47263
accept: */*

Response DefaultHttpResponse(decodeResult: success, version: HTTP/1.1)
HTTP/1.1 200 OK
Content-Length: 88
Content-Type: application/json; charset=utf-8
cache-control: no-cache

18:27:07.599 [AsyncHttpClient-1-7] DEBUG org.asynchttpclient.netty.channel.ChannelManager - Adding key: http://localhost:47263 for channel [id: 0x5f9b9e58, L:/127.0.0.1:55134 - R:localhost/127.0.0.1:47263]
18:27:07.600 [Forwarding getElementText on session 238a4d0c2a0841fb1f0fdba08771013c to remote] DEBUG org.asynchttpclient.netty.request.NettyRequestSender - Using pooled Channel '[id: 0x5f9b9e58, L:/127.0.0.1:55134 - R:localhost/127.0.0.1:47263]' for 'GET' to 'http://localhost:47263/session/238a4d0c2a0841fb1f0fdba08771013c/element/25a6a3d4-07d5-4c99-83ad-33aaf704ba77/text'
18:27:07.600 [Forwarding getElementText on session 238a4d0c2a0841fb1f0fdba08771013c to remote] DEBUG org.asynchttpclient.netty.request.NettyRequestSender - Using open Channel [id: 0x5f9b9e58, L:/127.0.0.1:55134 - R:localhost/127.0.0.1:47263] for GET '/session/238a4d0c2a0841fb1f0fdba08771013c/element/25a6a3d4-07d5-4c99-83ad-33aaf704ba77/text'
18:27:07.619 [AsyncHttpClient-1-7] DEBUG org.asynchttpclient.netty.handler.HttpHandler - 

Request DefaultFullHttpRequest(decodeResult: success, version: HTTP/1.1, content: EmptyByteBufBE)
GET /session/238a4d0c2a0841fb1f0fdba08771013c/element/25a6a3d4-07d5-4c99-83ad-33aaf704ba77/text HTTP/1.1
User-Agent: selenium/4.5.3 (java mac)
Cache-Control: no-cache
Content-Type: application/json; charset=utf-8
host: localhost:47263
accept: */*

Response DefaultHttpResponse(decodeResult: success, version: HTTP/1.1)
HTTP/1.1 200 OK
Content-Length: 19
Content-Type: application/json; charset=utf-8
cache-control: no-cache

18:27:07.619 [AsyncHttpClient-1-7] DEBUG org.asynchttpclient.netty.channel.ChannelManager - Adding key: http://localhost:47263 for channel [id: 0x5f9b9e58, L:/127.0.0.1:55134 - R:localhost/127.0.0.1:47263]
18:27:07.623 [Forwarding findChildElement on session 238a4d0c2a0841fb1f0fdba08771013c to remote] DEBUG org.asynchttpclient.netty.request.NettyRequestSender - Using pooled Channel '[id: 0x5f9b9e58, L:/127.0.0.1:55134 - R:localhost/127.0.0.1:47263]' for 'POST' to 'http://localhost:47263/session/238a4d0c2a0841fb1f0fdba08771013c/element/7399e674-a4e9-4971-b1b5-44ac9fe0a1bf/element'
18:27:07.623 [Forwarding findChildElement on session 238a4d0c2a0841fb1f0fdba08771013c to remote] DEBUG org.asynchttpclient.netty.request.NettyRequestSender - Using open Channel [id: 0x5f9b9e58, L:/127.0.0.1:55134 - R:localhost/127.0.0.1:47263] for POST '/session/238a4d0c2a0841fb1f0fdba08771013c/element/7399e674-a4e9-4971-b1b5-44ac9fe0a1bf/element'
18:27:07.904 [AsyncHttpClient-1-7] DEBUG org.asynchttpclient.netty.handler.HttpHandler - 

Request DefaultHttpRequest(decodeResult: success, version: HTTP/1.1)
POST /session/238a4d0c2a0841fb1f0fdba08771013c/element/7399e674-a4e9-4971-b1b5-44ac9fe0a1bf/element HTTP/1.1
User-Agent: selenium/4.5.3 (java mac)
Content-Length: 106
Content-Type: application/json; charset=utf-8
host: localhost:47263
accept: */*

Response DefaultHttpResponse(decodeResult: success, version: HTTP/1.1)
HTTP/1.1 200 OK
Content-Length: 88
Content-Type: application/json; charset=utf-8
cache-control: no-cache

18:27:07.904 [AsyncHttpClient-1-7] DEBUG org.asynchttpclient.netty.channel.ChannelManager - Adding key: http://localhost:47263 for channel [id: 0x5f9b9e58, L:/127.0.0.1:55134 - R:localhost/127.0.0.1:47263]
18:27:07.905 [Forwarding getElementText on session 238a4d0c2a0841fb1f0fdba08771013c to remote] DEBUG org.asynchttpclient.netty.request.NettyRequestSender - Using pooled Channel '[id: 0x5f9b9e58, L:/127.0.0.1:55134 - R:localhost/127.0.0.1:47263]' for 'GET' to 'http://localhost:47263/session/238a4d0c2a0841fb1f0fdba08771013c/element/55801032-fd1c-4f98-ac69-7992fc865b06/text'
18:27:07.905 [Forwarding getElementText on session 238a4d0c2a0841fb1f0fdba08771013c to remote] DEBUG org.asynchttpclient.netty.request.NettyRequestSender - Using open Channel [id: 0x5f9b9e58, L:/127.0.0.1:55134 - R:localhost/127.0.0.1:47263] for GET '/session/238a4d0c2a0841fb1f0fdba08771013c/element/55801032-fd1c-4f98-ac69-7992fc865b06/text'
18:27:07.976 [AsyncHttpClient-1-7] DEBUG org.asynchttpclient.netty.handler.HttpHandler - 

Request DefaultFullHttpRequest(decodeResult: success, version: HTTP/1.1, content: EmptyByteBufBE)
GET /session/238a4d0c2a0841fb1f0fdba08771013c/element/55801032-fd1c-4f98-ac69-7992fc865b06/text HTTP/1.1
User-Agent: selenium/4.5.3 (java mac)
Cache-Control: no-cache
Content-Type: application/json; charset=utf-8
host: localhost:47263
accept: */*

Response DefaultHttpResponse(decodeResult: success, version: HTTP/1.1)
HTTP/1.1 200 OK
Content-Length: 92
Content-Type: application/json; charset=utf-8
cache-control: no-cache

18:27:07.976 [AsyncHttpClient-1-7] DEBUG org.asynchttpclient.netty.channel.ChannelManager - Adding key: http://localhost:47263 for channel [id: 0x5f9b9e58, L:/127.0.0.1:55134 - R:localhost/127.0.0.1:47263]
18:27:07.979 [Forwarding findChildElement on session 238a4d0c2a0841fb1f0fdba08771013c to remote] DEBUG org.asynchttpclient.netty.request.NettyRequestSender - Using pooled Channel '[id: 0x5f9b9e58, L:/127.0.0.1:55134 - R:localhost/127.0.0.1:47263]' for 'POST' to 'http://localhost:47263/session/238a4d0c2a0841fb1f0fdba08771013c/element/7399e674-a4e9-4971-b1b5-44ac9fe0a1bf/element'
18:27:07.979 [Forwarding findChildElement on session 238a4d0c2a0841fb1f0fdba08771013c to remote] DEBUG org.asynchttpclient.netty.request.NettyRequestSender - Using open Channel [id: 0x5f9b9e58, L:/127.0.0.1:55134 - R:localhost/127.0.0.1:47263] for POST '/session/238a4d0c2a0841fb1f0fdba08771013c/element/7399e674-a4e9-4971-b1b5-44ac9fe0a1bf/element'
18:27:07.997 [AsyncHttpClient-1-7] DEBUG org.asynchttpclient.netty.handler.HttpHandler - 

Request DefaultHttpRequest(decodeResult: success, version: HTTP/1.1)
POST /session/238a4d0c2a0841fb1f0fdba08771013c/element/7399e674-a4e9-4971-b1b5-44ac9fe0a1bf/element HTTP/1.1
User-Agent: selenium/4.5.3 (java mac)
Content-Length: 106
Content-Type: application/json; charset=utf-8
host: localhost:47263
accept: */*

Response DefaultHttpResponse(decodeResult: success, version: HTTP/1.1)
HTTP/1.1 200 OK
Content-Length: 88
Content-Type: application/json; charset=utf-8
cache-control: no-cache

18:27:07.998 [AsyncHttpClient-1-7] DEBUG org.asynchttpclient.netty.channel.ChannelManager - Adding key: http://localhost:47263 for channel [id: 0x5f9b9e58, L:/127.0.0.1:55134 - R:localhost/127.0.0.1:47263]
18:27:07.999 [Forwarding getElementText on session 238a4d0c2a0841fb1f0fdba08771013c to remote] DEBUG org.asynchttpclient.netty.request.NettyRequestSender - Using pooled Channel '[id: 0x5f9b9e58, L:/127.0.0.1:55134 - R:localhost/127.0.0.1:47263]' for 'GET' to 'http://localhost:47263/session/238a4d0c2a0841fb1f0fdba08771013c/element/337f871a-c017-43c6-b4cd-4f0124177d0a/text'
18:27:07.999 [Forwarding getElementText on session 238a4d0c2a0841fb1f0fdba08771013c to remote] DEBUG org.asynchttpclient.netty.request.NettyRequestSender - Using open Channel [id: 0x5f9b9e58, L:/127.0.0.1:55134 - R:localhost/127.0.0.1:47263] for GET '/session/238a4d0c2a0841fb1f0fdba08771013c/element/337f871a-c017-43c6-b4cd-4f0124177d0a/text'
18:27:08.213 [AsyncHttpClient-1-7] DEBUG org.asynchttpclient.netty.handler.HttpHandler - 

Request DefaultFullHttpRequest(decodeResult: success, version: HTTP/1.1, content: EmptyByteBufBE)
GET /session/238a4d0c2a0841fb1f0fdba08771013c/element/337f871a-c017-43c6-b4cd-4f0124177d0a/text HTTP/1.1
User-Agent: selenium/4.5.3 (java mac)
Cache-Control: no-cache
Content-Type: application/json; charset=utf-8
host: localhost:47263
accept: */*

Response DefaultHttpResponse(decodeResult: success, version: HTTP/1.1)
HTTP/1.1 200 OK
Content-Length: 19
Content-Type: application/json; charset=utf-8
cache-control: no-cache

18:27:08.214 [AsyncHttpClient-1-7] DEBUG org.asynchttpclient.netty.channel.ChannelManager - Adding key: http://localhost:47263 for channel [id: 0x5f9b9e58, L:/127.0.0.1:55134 - R:localhost/127.0.0.1:47263]
18:27:08.215 [Forwarding findChildElement on session 238a4d0c2a0841fb1f0fdba08771013c to remote] DEBUG org.asynchttpclient.netty.request.NettyRequestSender - Using pooled Channel '[id: 0x5f9b9e58, L:/127.0.0.1:55134 - R:localhost/127.0.0.1:47263]' for 'POST' to 'http://localhost:47263/session/238a4d0c2a0841fb1f0fdba08771013c/element/98e1b9ab-e7f8-460e-aa69-41944b59beae/element'
18:27:08.215 [Forwarding findChildElement on session 238a4d0c2a0841fb1f0fdba08771013c to remote] DEBUG org.asynchttpclient.netty.request.NettyRequestSender - Using open Channel [id: 0x5f9b9e58, L:/127.0.0.1:55134 - R:localhost/127.0.0.1:47263] for POST '/session/238a4d0c2a0841fb1f0fdba08771013c/element/98e1b9ab-e7f8-460e-aa69-41944b59beae/element'
18:27:08.243 [AsyncHttpClient-1-7] DEBUG org.asynchttpclient.netty.handler.HttpHandler - 

Request DefaultHttpRequest(decodeResult: success, version: HTTP/1.1)
POST /session/238a4d0c2a0841fb1f0fdba08771013c/element/98e1b9ab-e7f8-460e-aa69-41944b59beae/element HTTP/1.1
User-Agent: selenium/4.5.3 (java mac)
Content-Length: 106
Content-Type: application/json; charset=utf-8
host: localhost:47263
accept: */*

Response DefaultHttpResponse(decodeResult: success, version: HTTP/1.1)
HTTP/1.1 200 OK
Content-Length: 88
Content-Type: application/json; charset=utf-8
cache-control: no-cache

18:27:08.244 [AsyncHttpClient-1-7] DEBUG org.asynchttpclient.netty.channel.ChannelManager - Adding key: http://localhost:47263 for channel [id: 0x5f9b9e58, L:/127.0.0.1:55134 - R:localhost/127.0.0.1:47263]
18:27:08.244 [Forwarding getElementText on session 238a4d0c2a0841fb1f0fdba08771013c to remote] DEBUG org.asynchttpclient.netty.request.NettyRequestSender - Using pooled Channel '[id: 0x5f9b9e58, L:/127.0.0.1:55134 - R:localhost/127.0.0.1:47263]' for 'GET' to 'http://localhost:47263/session/238a4d0c2a0841fb1f0fdba08771013c/element/c96f49b2-dc13-4a1e-a262-cab5d3a9cd29/text'
18:27:08.245 [Forwarding getElementText on session 238a4d0c2a0841fb1f0fdba08771013c to remote] DEBUG org.asynchttpclient.netty.request.NettyRequestSender - Using open Channel [id: 0x5f9b9e58, L:/127.0.0.1:55134 - R:localhost/127.0.0.1:47263] for GET '/session/238a4d0c2a0841fb1f0fdba08771013c/element/c96f49b2-dc13-4a1e-a262-cab5d3a9cd29/text'
18:27:08.415 [AsyncHttpClient-1-1] DEBUG org.asynchttpclient.netty.channel.DefaultChannelPool - Entry count for : http://localhost:8354 : 1
18:27:08.416 [AsyncHttpClient-1-1] DEBUG org.asynchttpclient.netty.channel.DefaultChannelPool - Entry count for : http://localhost:55138 : 1
18:27:08.521 [AsyncHttpClient-1-7] DEBUG org.asynchttpclient.netty.handler.HttpHandler - 

Request DefaultFullHttpRequest(decodeResult: success, version: HTTP/1.1, content: EmptyByteBufBE)
GET /session/238a4d0c2a0841fb1f0fdba08771013c/element/c96f49b2-dc13-4a1e-a262-cab5d3a9cd29/text HTTP/1.1
User-Agent: selenium/4.5.3 (java mac)
Cache-Control: no-cache
Content-Type: application/json; charset=utf-8
host: localhost:47263
accept: */*

Response DefaultHttpResponse(decodeResult: success, version: HTTP/1.1)
HTTP/1.1 200 OK
Content-Length: 87
Content-Type: application/json; charset=utf-8
cache-control: no-cache

18:27:08.521 [AsyncHttpClient-1-7] DEBUG org.asynchttpclient.netty.channel.ChannelManager - Adding key: http://localhost:47263 for channel [id: 0x5f9b9e58, L:/127.0.0.1:55134 - R:localhost/127.0.0.1:47263]
18:27:08.522 [Forwarding findChildElement on session 238a4d0c2a0841fb1f0fdba08771013c to remote] DEBUG org.asynchttpclient.netty.request.NettyRequestSender - Using pooled Channel '[id: 0x5f9b9e58, L:/127.0.0.1:55134 - R:localhost/127.0.0.1:47263]' for 'POST' to 'http://localhost:47263/session/238a4d0c2a0841fb1f0fdba08771013c/element/98e1b9ab-e7f8-460e-aa69-41944b59beae/element'
18:27:08.522 [Forwarding findChildElement on session 238a4d0c2a0841fb1f0fdba08771013c to remote] DEBUG org.asynchttpclient.netty.request.NettyRequestSender - Using open Channel [id: 0x5f9b9e58, L:/127.0.0.1:55134 - R:localhost/127.0.0.1:47263] for POST '/session/238a4d0c2a0841fb1f0fdba08771013c/element/98e1b9ab-e7f8-460e-aa69-41944b59beae/element'
18:27:08.547 [AsyncHttpClient-1-7] DEBUG org.asynchttpclient.netty.handler.HttpHandler - 

Request DefaultHttpRequest(decodeResult: success, version: HTTP/1.1)
POST /session/238a4d0c2a0841fb1f0fdba08771013c/element/98e1b9ab-e7f8-460e-aa69-41944b59beae/element HTTP/1.1
User-Agent: selenium/4.5.3 (java mac)
Content-Length: 106
Content-Type: application/json; charset=utf-8
host: localhost:47263
accept: */*

Response DefaultHttpResponse(decodeResult: success, version: HTTP/1.1)
HTTP/1.1 200 OK
Content-Length: 88
Content-Type: application/json; charset=utf-8
cache-control: no-cache

18:27:08.548 [AsyncHttpClient-1-7] DEBUG org.asynchttpclient.netty.channel.ChannelManager - Adding key: http://localhost:47263 for channel [id: 0x5f9b9e58, L:/127.0.0.1:55134 - R:localhost/127.0.0.1:47263]
18:27:08.549 [Forwarding getElementText on session 238a4d0c2a0841fb1f0fdba08771013c to remote] DEBUG org.asynchttpclient.netty.request.NettyRequestSender - Using pooled Channel '[id: 0x5f9b9e58, L:/127.0.0.1:55134 - R:localhost/127.0.0.1:47263]' for 'GET' to 'http://localhost:47263/session/238a4d0c2a0841fb1f0fdba08771013c/element/47a52f79-74a1-46e1-9cd9-34056af7735d/text'
18:27:08.549 [Forwarding getElementText on session 238a4d0c2a0841fb1f0fdba08771013c to remote] DEBUG org.asynchttpclient.netty.request.NettyRequestSender - Using open Channel [id: 0x5f9b9e58, L:/127.0.0.1:55134 - R:localhost/127.0.0.1:47263] for GET '/session/238a4d0c2a0841fb1f0fdba08771013c/element/47a52f79-74a1-46e1-9cd9-34056af7735d/text'
18:27:08.571 [AsyncHttpClient-1-7] DEBUG org.asynchttpclient.netty.handler.HttpHandler - 

Request DefaultFullHttpRequest(decodeResult: success, version: HTTP/1.1, content: EmptyByteBufBE)
GET /session/238a4d0c2a0841fb1f0fdba08771013c/element/47a52f79-74a1-46e1-9cd9-34056af7735d/text HTTP/1.1
User-Agent: selenium/4.5.3 (java mac)
Cache-Control: no-cache
Content-Type: application/json; charset=utf-8
host: localhost:47263
accept: */*

Response DefaultHttpResponse(decodeResult: success, version: HTTP/1.1)
HTTP/1.1 200 OK
Content-Length: 19
Content-Type: application/json; charset=utf-8
cache-control: no-cache

18:27:08.571 [AsyncHttpClient-1-7] DEBUG org.asynchttpclient.netty.channel.ChannelManager - Adding key: http://localhost:47263 for channel [id: 0x5f9b9e58, L:/127.0.0.1:55134 - R:localhost/127.0.0.1:47263]
18:27:08.572 [Forwarding findChildElement on session 238a4d0c2a0841fb1f0fdba08771013c to remote] DEBUG org.asynchttpclient.netty.request.NettyRequestSender - Using pooled Channel '[id: 0x5f9b9e58, L:/127.0.0.1:55134 - R:localhost/127.0.0.1:47263]' for 'POST' to 'http://localhost:47263/session/238a4d0c2a0841fb1f0fdba08771013c/element/eed3869f-4fbc-4eb9-9ab2-266f6e6ddd95/element'
18:27:08.572 [Forwarding findChildElement on session 238a4d0c2a0841fb1f0fdba08771013c to remote] DEBUG org.asynchttpclient.netty.request.NettyRequestSender - Using open Channel [id: 0x5f9b9e58, L:/127.0.0.1:55134 - R:localhost/127.0.0.1:47263] for POST '/session/238a4d0c2a0841fb1f0fdba08771013c/element/eed3869f-4fbc-4eb9-9ab2-266f6e6ddd95/element'
18:27:08.590 [AsyncHttpClient-1-7] DEBUG org.asynchttpclient.netty.handler.HttpHandler - 

Request DefaultHttpRequest(decodeResult: success, version: HTTP/1.1)
POST /session/238a4d0c2a0841fb1f0fdba08771013c/element/eed3869f-4fbc-4eb9-9ab2-266f6e6ddd95/element HTTP/1.1
User-Agent: selenium/4.5.3 (java mac)
Content-Length: 106
Content-Type: application/json; charset=utf-8
host: localhost:47263
accept: */*

Response DefaultHttpResponse(decodeResult: success, version: HTTP/1.1)
HTTP/1.1 200 OK
Content-Length: 88
Content-Type: application/json; charset=utf-8
cache-control: no-cache

18:27:08.593 [AsyncHttpClient-1-7] DEBUG org.asynchttpclient.netty.channel.ChannelManager - Adding key: http://localhost:47263 for channel [id: 0x5f9b9e58, L:/127.0.0.1:55134 - R:localhost/127.0.0.1:47263]
18:27:08.596 [Forwarding getElementText on session 238a4d0c2a0841fb1f0fdba08771013c to remote] DEBUG org.asynchttpclient.netty.request.NettyRequestSender - Using pooled Channel '[id: 0x5f9b9e58, L:/127.0.0.1:55134 - R:localhost/127.0.0.1:47263]' for 'GET' to 'http://localhost:47263/session/238a4d0c2a0841fb1f0fdba08771013c/element/1c9c23ba-42c6-4dad-8ab5-17acc3137ac3/text'
18:27:08.596 [Forwarding getElementText on session 238a4d0c2a0841fb1f0fdba08771013c to remote] DEBUG org.asynchttpclient.netty.request.NettyRequestSender - Using open Channel [id: 0x5f9b9e58, L:/127.0.0.1:55134 - R:localhost/127.0.0.1:47263] for GET '/session/238a4d0c2a0841fb1f0fdba08771013c/element/1c9c23ba-42c6-4dad-8ab5-17acc3137ac3/text'
18:27:08.622 [AsyncHttpClient-1-7] DEBUG org.asynchttpclient.netty.handler.HttpHandler - 

Request DefaultFullHttpRequest(decodeResult: success, version: HTTP/1.1, content: EmptyByteBufBE)
GET /session/238a4d0c2a0841fb1f0fdba08771013c/element/1c9c23ba-42c6-4dad-8ab5-17acc3137ac3/text HTTP/1.1
User-Agent: selenium/4.5.3 (java mac)
Cache-Control: no-cache
Content-Type: application/json; charset=utf-8
host: localhost:47263
accept: */*

Response DefaultHttpResponse(decodeResult: success, version: HTTP/1.1)
HTTP/1.1 200 OK
Content-Length: 80
Content-Type: application/json; charset=utf-8
cache-control: no-cache

18:27:08.622 [AsyncHttpClient-1-7] DEBUG org.asynchttpclient.netty.channel.ChannelManager - Adding key: http://localhost:47263 for channel [id: 0x5f9b9e58, L:/127.0.0.1:55134 - R:localhost/127.0.0.1:47263]
18:27:08.624 [Forwarding findChildElement on session 238a4d0c2a0841fb1f0fdba08771013c to remote] DEBUG org.asynchttpclient.netty.request.NettyRequestSender - Using pooled Channel '[id: 0x5f9b9e58, L:/127.0.0.1:55134 - R:localhost/127.0.0.1:47263]' for 'POST' to 'http://localhost:47263/session/238a4d0c2a0841fb1f0fdba08771013c/element/eed3869f-4fbc-4eb9-9ab2-266f6e6ddd95/element'
18:27:08.624 [Forwarding findChildElement on session 238a4d0c2a0841fb1f0fdba08771013c to remote] DEBUG org.asynchttpclient.netty.request.NettyRequestSender - Using open Channel [id: 0x5f9b9e58, L:/127.0.0.1:55134 - R:localhost/127.0.0.1:47263] for POST '/session/238a4d0c2a0841fb1f0fdba08771013c/element/eed3869f-4fbc-4eb9-9ab2-266f6e6ddd95/element'
18:27:08.637 [AsyncHttpClient-1-7] DEBUG org.asynchttpclient.netty.handler.HttpHandler - 

Request DefaultHttpRequest(decodeResult: success, version: HTTP/1.1)
POST /session/238a4d0c2a0841fb1f0fdba08771013c/element/eed3869f-4fbc-4eb9-9ab2-266f6e6ddd95/element HTTP/1.1
User-Agent: selenium/4.5.3 (java mac)
Content-Length: 106
Content-Type: application/json; charset=utf-8
host: localhost:47263
accept: */*

Response DefaultHttpResponse(decodeResult: success, version: HTTP/1.1)
HTTP/1.1 200 OK
Content-Length: 88
Content-Type: application/json; charset=utf-8
cache-control: no-cache

18:27:08.637 [AsyncHttpClient-1-7] DEBUG org.asynchttpclient.netty.channel.ChannelManager - Adding key: http://localhost:47263 for channel [id: 0x5f9b9e58, L:/127.0.0.1:55134 - R:localhost/127.0.0.1:47263]
18:27:08.638 [Forwarding getElementText on session 238a4d0c2a0841fb1f0fdba08771013c to remote] DEBUG org.asynchttpclient.netty.request.NettyRequestSender - Using pooled Channel '[id: 0x5f9b9e58, L:/127.0.0.1:55134 - R:localhost/127.0.0.1:47263]' for 'GET' to 'http://localhost:47263/session/238a4d0c2a0841fb1f0fdba08771013c/element/cf4964b9-be49-46a8-90d2-aa3dbc56094f/text'
18:27:08.638 [Forwarding getElementText on session 238a4d0c2a0841fb1f0fdba08771013c to remote] DEBUG org.asynchttpclient.netty.request.NettyRequestSender - Using open Channel [id: 0x5f9b9e58, L:/127.0.0.1:55134 - R:localhost/127.0.0.1:47263] for GET '/session/238a4d0c2a0841fb1f0fdba08771013c/element/cf4964b9-be49-46a8-90d2-aa3dbc56094f/text'
18:27:08.911 [AsyncHttpClient-1-7] DEBUG org.asynchttpclient.netty.handler.HttpHandler - 

Request DefaultFullHttpRequest(decodeResult: success, version: HTTP/1.1, content: EmptyByteBufBE)
GET /session/238a4d0c2a0841fb1f0fdba08771013c/element/cf4964b9-be49-46a8-90d2-aa3dbc56094f/text HTTP/1.1
User-Agent: selenium/4.5.3 (java mac)
Cache-Control: no-cache
Content-Type: application/json; charset=utf-8
host: localhost:47263
accept: */*

Response DefaultHttpResponse(decodeResult: success, version: HTTP/1.1)
HTTP/1.1 200 OK
Content-Length: 30
Content-Type: application/json; charset=utf-8
cache-control: no-cache

18:27:08.912 [AsyncHttpClient-1-7] DEBUG org.asynchttpclient.netty.channel.ChannelManager - Adding key: http://localhost:47263 for channel [id: 0x5f9b9e58, L:/127.0.0.1:55134 - R:localhost/127.0.0.1:47263]
18:27:08.914 [Forwarding findChildElement on session 238a4d0c2a0841fb1f0fdba08771013c to remote] DEBUG org.asynchttpclient.netty.request.NettyRequestSender - Using pooled Channel '[id: 0x5f9b9e58, L:/127.0.0.1:55134 - R:localhost/127.0.0.1:47263]' for 'POST' to 'http://localhost:47263/session/238a4d0c2a0841fb1f0fdba08771013c/element/0969475d-0d34-48b6-b1d3-49be35a19d9c/element'
18:27:08.914 [Forwarding findChildElement on session 238a4d0c2a0841fb1f0fdba08771013c to remote] DEBUG org.asynchttpclient.netty.request.NettyRequestSender - Using open Channel [id: 0x5f9b9e58, L:/127.0.0.1:55134 - R:localhost/127.0.0.1:47263] for POST '/session/238a4d0c2a0841fb1f0fdba08771013c/element/0969475d-0d34-48b6-b1d3-49be35a19d9c/element'
18:27:08.961 [AsyncHttpClient-1-7] DEBUG org.asynchttpclient.netty.handler.HttpHandler - 

Request DefaultHttpRequest(decodeResult: success, version: HTTP/1.1)
POST /session/238a4d0c2a0841fb1f0fdba08771013c/element/0969475d-0d34-48b6-b1d3-49be35a19d9c/element HTTP/1.1
User-Agent: selenium/4.5.3 (java mac)
Content-Length: 106
Content-Type: application/json; charset=utf-8
host: localhost:47263
accept: */*

Response DefaultHttpResponse(decodeResult: success, version: HTTP/1.1)
HTTP/1.1 200 OK
Content-Length: 88
Content-Type: application/json; charset=utf-8
cache-control: no-cache

18:27:08.961 [AsyncHttpClient-1-7] DEBUG org.asynchttpclient.netty.channel.ChannelManager - Adding key: http://localhost:47263 for channel [id: 0x5f9b9e58, L:/127.0.0.1:55134 - R:localhost/127.0.0.1:47263]
18:27:08.962 [Forwarding getElementText on session 238a4d0c2a0841fb1f0fdba08771013c to remote] DEBUG org.asynchttpclient.netty.request.NettyRequestSender - Using pooled Channel '[id: 0x5f9b9e58, L:/127.0.0.1:55134 - R:localhost/127.0.0.1:47263]' for 'GET' to 'http://localhost:47263/session/238a4d0c2a0841fb1f0fdba08771013c/element/ab009145-51da-4485-88aa-1ca6c66bcddd/text'
18:27:08.962 [Forwarding getElementText on session 238a4d0c2a0841fb1f0fdba08771013c to remote] DEBUG org.asynchttpclient.netty.request.NettyRequestSender - Using open Channel [id: 0x5f9b9e58, L:/127.0.0.1:55134 - R:localhost/127.0.0.1:47263] for GET '/session/238a4d0c2a0841fb1f0fdba08771013c/element/ab009145-51da-4485-88aa-1ca6c66bcddd/text'
18:27:08.993 [AsyncHttpClient-1-7] DEBUG org.asynchttpclient.netty.handler.HttpHandler - 

Request DefaultFullHttpRequest(decodeResult: success, version: HTTP/1.1, content: EmptyByteBufBE)
GET /session/238a4d0c2a0841fb1f0fdba08771013c/element/ab009145-51da-4485-88aa-1ca6c66bcddd/text HTTP/1.1
User-Agent: selenium/4.5.3 (java mac)
Cache-Control: no-cache
Content-Type: application/json; charset=utf-8
host: localhost:47263
accept: */*

Response DefaultHttpResponse(decodeResult: success, version: HTTP/1.1)
HTTP/1.1 200 OK
Content-Length: 69
Content-Type: application/json; charset=utf-8
cache-control: no-cache

18:27:08.993 [AsyncHttpClient-1-7] DEBUG org.asynchttpclient.netty.channel.ChannelManager - Adding key: http://localhost:47263 for channel [id: 0x5f9b9e58, L:/127.0.0.1:55134 - R:localhost/127.0.0.1:47263]
18:27:08.994 [Forwarding findChildElement on session 238a4d0c2a0841fb1f0fdba08771013c to remote] DEBUG org.asynchttpclient.netty.request.NettyRequestSender - Using pooled Channel '[id: 0x5f9b9e58, L:/127.0.0.1:55134 - R:localhost/127.0.0.1:47263]' for 'POST' to 'http://localhost:47263/session/238a4d0c2a0841fb1f0fdba08771013c/element/0969475d-0d34-48b6-b1d3-49be35a19d9c/element'
18:27:08.994 [Forwarding findChildElement on session 238a4d0c2a0841fb1f0fdba08771013c to remote] DEBUG org.asynchttpclient.netty.request.NettyRequestSender - Using open Channel [id: 0x5f9b9e58, L:/127.0.0.1:55134 - R:localhost/127.0.0.1:47263] for POST '/session/238a4d0c2a0841fb1f0fdba08771013c/element/0969475d-0d34-48b6-b1d3-49be35a19d9c/element'
18:27:09.007 [AsyncHttpClient-1-7] DEBUG org.asynchttpclient.netty.handler.HttpHandler - 

Request DefaultHttpRequest(decodeResult: success, version: HTTP/1.1)
POST /session/238a4d0c2a0841fb1f0fdba08771013c/element/0969475d-0d34-48b6-b1d3-49be35a19d9c/element HTTP/1.1
User-Agent: selenium/4.5.3 (java mac)
Content-Length: 106
Content-Type: application/json; charset=utf-8
host: localhost:47263
accept: */*

Response DefaultHttpResponse(decodeResult: success, version: HTTP/1.1)
HTTP/1.1 200 OK
Content-Length: 88
Content-Type: application/json; charset=utf-8
cache-control: no-cache

18:27:09.007 [AsyncHttpClient-1-7] DEBUG org.asynchttpclient.netty.channel.ChannelManager - Adding key: http://localhost:47263 for channel [id: 0x5f9b9e58, L:/127.0.0.1:55134 - R:localhost/127.0.0.1:47263]
18:27:09.008 [Forwarding getElementText on session 238a4d0c2a0841fb1f0fdba08771013c to remote] DEBUG org.asynchttpclient.netty.request.NettyRequestSender - Using pooled Channel '[id: 0x5f9b9e58, L:/127.0.0.1:55134 - R:localhost/127.0.0.1:47263]' for 'GET' to 'http://localhost:47263/session/238a4d0c2a0841fb1f0fdba08771013c/element/a517060d-8ef7-446d-a32c-a98937ba21aa/text'
18:27:09.008 [Forwarding getElementText on session 238a4d0c2a0841fb1f0fdba08771013c to remote] DEBUG org.asynchttpclient.netty.request.NettyRequestSender - Using open Channel [id: 0x5f9b9e58, L:/127.0.0.1:55134 - R:localhost/127.0.0.1:47263] for GET '/session/238a4d0c2a0841fb1f0fdba08771013c/element/a517060d-8ef7-446d-a32c-a98937ba21aa/text'
18:27:09.187 [AsyncHttpClient-1-7] DEBUG org.asynchttpclient.netty.handler.HttpHandler - 

Request DefaultFullHttpRequest(decodeResult: success, version: HTTP/1.1, content: EmptyByteBufBE)
GET /session/238a4d0c2a0841fb1f0fdba08771013c/element/a517060d-8ef7-446d-a32c-a98937ba21aa/text HTTP/1.1
User-Agent: selenium/4.5.3 (java mac)
Cache-Control: no-cache
Content-Type: application/json; charset=utf-8
host: localhost:47263
accept: */*

Response DefaultHttpResponse(decodeResult: success, version: HTTP/1.1)
HTTP/1.1 200 OK
Content-Length: 19
Content-Type: application/json; charset=utf-8
cache-control: no-cache

18:27:09.187 [AsyncHttpClient-1-7] DEBUG org.asynchttpclient.netty.channel.ChannelManager - Adding key: http://localhost:47263 for channel [id: 0x5f9b9e58, L:/127.0.0.1:55134 - R:localhost/127.0.0.1:47263]
18:27:09.188 [Forwarding findChildElement on session 238a4d0c2a0841fb1f0fdba08771013c to remote] DEBUG org.asynchttpclient.netty.request.NettyRequestSender - Using pooled Channel '[id: 0x5f9b9e58, L:/127.0.0.1:55134 - R:localhost/127.0.0.1:47263]' for 'POST' to 'http://localhost:47263/session/238a4d0c2a0841fb1f0fdba08771013c/element/6e6e7daf-a230-4e8d-a7ab-d5d5b62296f8/element'
18:27:09.188 [Forwarding findChildElement on session 238a4d0c2a0841fb1f0fdba08771013c to remote] DEBUG org.asynchttpclient.netty.request.NettyRequestSender - Using open Channel [id: 0x5f9b9e58, L:/127.0.0.1:55134 - R:localhost/127.0.0.1:47263] for POST '/session/238a4d0c2a0841fb1f0fdba08771013c/element/6e6e7daf-a230-4e8d-a7ab-d5d5b62296f8/element'
18:27:09.243 [AsyncHttpClient-1-7] DEBUG org.asynchttpclient.netty.handler.HttpHandler - 

Request DefaultHttpRequest(decodeResult: success, version: HTTP/1.1)
POST /session/238a4d0c2a0841fb1f0fdba08771013c/element/6e6e7daf-a230-4e8d-a7ab-d5d5b62296f8/element HTTP/1.1
User-Agent: selenium/4.5.3 (java mac)
Content-Length: 106
Content-Type: application/json; charset=utf-8
host: localhost:47263
accept: */*

Response DefaultHttpResponse(decodeResult: success, version: HTTP/1.1)
HTTP/1.1 200 OK
Content-Length: 88
Content-Type: application/json; charset=utf-8
cache-control: no-cache

18:27:09.243 [AsyncHttpClient-1-7] DEBUG org.asynchttpclient.netty.channel.ChannelManager - Adding key: http://localhost:47263 for channel [id: 0x5f9b9e58, L:/127.0.0.1:55134 - R:localhost/127.0.0.1:47263]
18:27:09.246 [Forwarding getElementText on session 238a4d0c2a0841fb1f0fdba08771013c to remote] DEBUG org.asynchttpclient.netty.request.NettyRequestSender - Using pooled Channel '[id: 0x5f9b9e58, L:/127.0.0.1:55134 - R:localhost/127.0.0.1:47263]' for 'GET' to 'http://localhost:47263/session/238a4d0c2a0841fb1f0fdba08771013c/element/9c63f0e0-dbfe-4528-96c5-b68d2d1e6abe/text'
18:27:09.246 [Forwarding getElementText on session 238a4d0c2a0841fb1f0fdba08771013c to remote] DEBUG org.asynchttpclient.netty.request.NettyRequestSender - Using open Channel [id: 0x5f9b9e58, L:/127.0.0.1:55134 - R:localhost/127.0.0.1:47263] for GET '/session/238a4d0c2a0841fb1f0fdba08771013c/element/9c63f0e0-dbfe-4528-96c5-b68d2d1e6abe/text'
18:27:09.331 [AsyncHttpClient-1-7] DEBUG org.asynchttpclient.netty.handler.HttpHandler - 

Request DefaultFullHttpRequest(decodeResult: success, version: HTTP/1.1, content: EmptyByteBufBE)
GET /session/238a4d0c2a0841fb1f0fdba08771013c/element/9c63f0e0-dbfe-4528-96c5-b68d2d1e6abe/text HTTP/1.1
User-Agent: selenium/4.5.3 (java mac)
Cache-Control: no-cache
Content-Type: application/json; charset=utf-8
host: localhost:47263
accept: */*

Response DefaultHttpResponse(decodeResult: success, version: HTTP/1.1)
HTTP/1.1 200 OK
Content-Length: 76
Content-Type: application/json; charset=utf-8
cache-control: no-cache

18:27:09.331 [AsyncHttpClient-1-7] DEBUG org.asynchttpclient.netty.channel.ChannelManager - Adding key: http://localhost:47263 for channel [id: 0x5f9b9e58, L:/127.0.0.1:55134 - R:localhost/127.0.0.1:47263]
18:27:09.332 [Forwarding findChildElement on session 238a4d0c2a0841fb1f0fdba08771013c to remote] DEBUG org.asynchttpclient.netty.request.NettyRequestSender - Using pooled Channel '[id: 0x5f9b9e58, L:/127.0.0.1:55134 - R:localhost/127.0.0.1:47263]' for 'POST' to 'http://localhost:47263/session/238a4d0c2a0841fb1f0fdba08771013c/element/6e6e7daf-a230-4e8d-a7ab-d5d5b62296f8/element'
18:27:09.332 [Forwarding findChildElement on session 238a4d0c2a0841fb1f0fdba08771013c to remote] DEBUG org.asynchttpclient.netty.request.NettyRequestSender - Using open Channel [id: 0x5f9b9e58, L:/127.0.0.1:55134 - R:localhost/127.0.0.1:47263] for POST '/session/238a4d0c2a0841fb1f0fdba08771013c/element/6e6e7daf-a230-4e8d-a7ab-d5d5b62296f8/element'
18:27:09.374 [AsyncHttpClient-1-7] DEBUG org.asynchttpclient.netty.handler.HttpHandler - 

Request DefaultHttpRequest(decodeResult: success, version: HTTP/1.1)
POST /session/238a4d0c2a0841fb1f0fdba08771013c/element/6e6e7daf-a230-4e8d-a7ab-d5d5b62296f8/element HTTP/1.1
User-Agent: selenium/4.5.3 (java mac)
Content-Length: 106
Content-Type: application/json; charset=utf-8
host: localhost:47263
accept: */*

Response DefaultHttpResponse(decodeResult: success, version: HTTP/1.1)
HTTP/1.1 200 OK
Content-Length: 88
Content-Type: application/json; charset=utf-8
cache-control: no-cache

18:27:09.374 [AsyncHttpClient-1-7] DEBUG org.asynchttpclient.netty.channel.ChannelManager - Adding key: http://localhost:47263 for channel [id: 0x5f9b9e58, L:/127.0.0.1:55134 - R:localhost/127.0.0.1:47263]
18:27:09.375 [Forwarding getElementText on session 238a4d0c2a0841fb1f0fdba08771013c to remote] DEBUG org.asynchttpclient.netty.request.NettyRequestSender - Using pooled Channel '[id: 0x5f9b9e58, L:/127.0.0.1:55134 - R:localhost/127.0.0.1:47263]' for 'GET' to 'http://localhost:47263/session/238a4d0c2a0841fb1f0fdba08771013c/element/34c021ec-2268-4082-a594-c8bd3a13c456/text'
18:27:09.375 [Forwarding getElementText on session 238a4d0c2a0841fb1f0fdba08771013c to remote] DEBUG org.asynchttpclient.netty.request.NettyRequestSender - Using open Channel [id: 0x5f9b9e58, L:/127.0.0.1:55134 - R:localhost/127.0.0.1:47263] for GET '/session/238a4d0c2a0841fb1f0fdba08771013c/element/34c021ec-2268-4082-a594-c8bd3a13c456/text'
18:27:09.517 [AsyncHttpClient-1-1] DEBUG org.asynchttpclient.netty.channel.DefaultChannelPool - Entry count for : http://localhost:8354 : 1
18:27:09.517 [AsyncHttpClient-1-1] DEBUG org.asynchttpclient.netty.channel.DefaultChannelPool - Entry count for : http://localhost:55138 : 1
18:27:09.527 [AsyncHttpClient-1-7] DEBUG org.asynchttpclient.netty.handler.HttpHandler - 

Request DefaultFullHttpRequest(decodeResult: success, version: HTTP/1.1, content: EmptyByteBufBE)
GET /session/238a4d0c2a0841fb1f0fdba08771013c/element/34c021ec-2268-4082-a594-c8bd3a13c456/text HTTP/1.1
User-Agent: selenium/4.5.3 (java mac)
Cache-Control: no-cache
Content-Type: application/json; charset=utf-8
host: localhost:47263
accept: */*

Response DefaultHttpResponse(decodeResult: success, version: HTTP/1.1)
HTTP/1.1 200 OK
Content-Length: 19
Content-Type: application/json; charset=utf-8
cache-control: no-cache

18:27:09.528 [AsyncHttpClient-1-7] DEBUG org.asynchttpclient.netty.channel.ChannelManager - Adding key: http://localhost:47263 for channel [id: 0x5f9b9e58, L:/127.0.0.1:55134 - R:localhost/127.0.0.1:47263]
18:27:09.530 [Forwarding findChildElement on session 238a4d0c2a0841fb1f0fdba08771013c to remote] DEBUG org.asynchttpclient.netty.request.NettyRequestSender - Using pooled Channel '[id: 0x5f9b9e58, L:/127.0.0.1:55134 - R:localhost/127.0.0.1:47263]' for 'POST' to 'http://localhost:47263/session/238a4d0c2a0841fb1f0fdba08771013c/element/50faf799-32c8-47e3-8593-64e65fd86d8f/element'
18:27:09.530 [Forwarding findChildElement on session 238a4d0c2a0841fb1f0fdba08771013c to remote] DEBUG org.asynchttpclient.netty.request.NettyRequestSender - Using open Channel [id: 0x5f9b9e58, L:/127.0.0.1:55134 - R:localhost/127.0.0.1:47263] for POST '/session/238a4d0c2a0841fb1f0fdba08771013c/element/50faf799-32c8-47e3-8593-64e65fd86d8f/element'
18:27:09.575 [AsyncHttpClient-1-7] DEBUG org.asynchttpclient.netty.handler.HttpHandler - 

Request DefaultHttpRequest(decodeResult: success, version: HTTP/1.1)
POST /session/238a4d0c2a0841fb1f0fdba08771013c/element/50faf799-32c8-47e3-8593-64e65fd86d8f/element HTTP/1.1
User-Agent: selenium/4.5.3 (java mac)
Content-Length: 106
Content-Type: application/json; charset=utf-8
host: localhost:47263
accept: */*

Response DefaultHttpResponse(decodeResult: success, version: HTTP/1.1)
HTTP/1.1 200 OK
Content-Length: 88
Content-Type: application/json; charset=utf-8
cache-control: no-cache

18:27:09.576 [AsyncHttpClient-1-7] DEBUG org.asynchttpclient.netty.channel.ChannelManager - Adding key: http://localhost:47263 for channel [id: 0x5f9b9e58, L:/127.0.0.1:55134 - R:localhost/127.0.0.1:47263]
18:27:09.577 [Forwarding getElementText on session 238a4d0c2a0841fb1f0fdba08771013c to remote] DEBUG org.asynchttpclient.netty.request.NettyRequestSender - Using pooled Channel '[id: 0x5f9b9e58, L:/127.0.0.1:55134 - R:localhost/127.0.0.1:47263]' for 'GET' to 'http://localhost:47263/session/238a4d0c2a0841fb1f0fdba08771013c/element/5cc4aa92-a283-4b85-9f0c-ce34405fe961/text'
18:27:09.577 [Forwarding getElementText on session 238a4d0c2a0841fb1f0fdba08771013c to remote] DEBUG org.asynchttpclient.netty.request.NettyRequestSender - Using open Channel [id: 0x5f9b9e58, L:/127.0.0.1:55134 - R:localhost/127.0.0.1:47263] for GET '/session/238a4d0c2a0841fb1f0fdba08771013c/element/5cc4aa92-a283-4b85-9f0c-ce34405fe961/text'
18:27:09.807 [AsyncHttpClient-1-7] DEBUG org.asynchttpclient.netty.handler.HttpHandler - 

Request DefaultFullHttpRequest(decodeResult: success, version: HTTP/1.1, content: EmptyByteBufBE)
GET /session/238a4d0c2a0841fb1f0fdba08771013c/element/5cc4aa92-a283-4b85-9f0c-ce34405fe961/text HTTP/1.1
User-Agent: selenium/4.5.3 (java mac)
Cache-Control: no-cache
Content-Type: application/json; charset=utf-8
host: localhost:47263
accept: */*

Response DefaultHttpResponse(decodeResult: success, version: HTTP/1.1)
HTTP/1.1 200 OK
Content-Length: 88
Content-Type: application/json; charset=utf-8
cache-control: no-cache

18:27:09.807 [AsyncHttpClient-1-7] DEBUG org.asynchttpclient.netty.channel.ChannelManager - Adding key: http://localhost:47263 for channel [id: 0x5f9b9e58, L:/127.0.0.1:55134 - R:localhost/127.0.0.1:47263]
18:27:09.809 [Forwarding findChildElement on session 238a4d0c2a0841fb1f0fdba08771013c to remote] DEBUG org.asynchttpclient.netty.request.NettyRequestSender - Using pooled Channel '[id: 0x5f9b9e58, L:/127.0.0.1:55134 - R:localhost/127.0.0.1:47263]' for 'POST' to 'http://localhost:47263/session/238a4d0c2a0841fb1f0fdba08771013c/element/50faf799-32c8-47e3-8593-64e65fd86d8f/element'
18:27:09.809 [Forwarding findChildElement on session 238a4d0c2a0841fb1f0fdba08771013c to remote] DEBUG org.asynchttpclient.netty.request.NettyRequestSender - Using open Channel [id: 0x5f9b9e58, L:/127.0.0.1:55134 - R:localhost/127.0.0.1:47263] for POST '/session/238a4d0c2a0841fb1f0fdba08771013c/element/50faf799-32c8-47e3-8593-64e65fd86d8f/element'
18:27:09.851 [AsyncHttpClient-1-7] DEBUG org.asynchttpclient.netty.handler.HttpHandler - 

Request DefaultHttpRequest(decodeResult: success, version: HTTP/1.1)
POST /session/238a4d0c2a0841fb1f0fdba08771013c/element/50faf799-32c8-47e3-8593-64e65fd86d8f/element HTTP/1.1
User-Agent: selenium/4.5.3 (java mac)
Content-Length: 106
Content-Type: application/json; charset=utf-8
host: localhost:47263
accept: */*

Response DefaultHttpResponse(decodeResult: success, version: HTTP/1.1)
HTTP/1.1 200 OK
Content-Length: 88
Content-Type: application/json; charset=utf-8
cache-control: no-cache

18:27:09.851 [AsyncHttpClient-1-7] DEBUG org.asynchttpclient.netty.channel.ChannelManager - Adding key: http://localhost:47263 for channel [id: 0x5f9b9e58, L:/127.0.0.1:55134 - R:localhost/127.0.0.1:47263]
18:27:09.852 [Forwarding getElementText on session 238a4d0c2a0841fb1f0fdba08771013c to remote] DEBUG org.asynchttpclient.netty.request.NettyRequestSender - Using pooled Channel '[id: 0x5f9b9e58, L:/127.0.0.1:55134 - R:localhost/127.0.0.1:47263]' for 'GET' to 'http://localhost:47263/session/238a4d0c2a0841fb1f0fdba08771013c/element/3d98c715-4ebd-42f2-a86a-88a9e9788c24/text'
18:27:09.853 [Forwarding getElementText on session 238a4d0c2a0841fb1f0fdba08771013c to remote] DEBUG org.asynchttpclient.netty.request.NettyRequestSender - Using open Channel [id: 0x5f9b9e58, L:/127.0.0.1:55134 - R:localhost/127.0.0.1:47263] for GET '/session/238a4d0c2a0841fb1f0fdba08771013c/element/3d98c715-4ebd-42f2-a86a-88a9e9788c24/text'
18:27:09.881 [AsyncHttpClient-1-7] DEBUG org.asynchttpclient.netty.handler.HttpHandler - 

Request DefaultFullHttpRequest(decodeResult: success, version: HTTP/1.1, content: EmptyByteBufBE)
GET /session/238a4d0c2a0841fb1f0fdba08771013c/element/3d98c715-4ebd-42f2-a86a-88a9e9788c24/text HTTP/1.1
User-Agent: selenium/4.5.3 (java mac)
Cache-Control: no-cache
Content-Type: application/json; charset=utf-8
host: localhost:47263
accept: */*

Response DefaultHttpResponse(decodeResult: success, version: HTTP/1.1)
HTTP/1.1 200 OK
Content-Length: 19
Content-Type: application/json; charset=utf-8
cache-control: no-cache

18:27:09.882 [AsyncHttpClient-1-7] DEBUG org.asynchttpclient.netty.channel.ChannelManager - Adding key: http://localhost:47263 for channel [id: 0x5f9b9e58, L:/127.0.0.1:55134 - R:localhost/127.0.0.1:47263]
18:27:09.885 [Forwarding findChildElement on session 238a4d0c2a0841fb1f0fdba08771013c to remote] DEBUG org.asynchttpclient.netty.request.NettyRequestSender - Using pooled Channel '[id: 0x5f9b9e58, L:/127.0.0.1:55134 - R:localhost/127.0.0.1:47263]' for 'POST' to 'http://localhost:47263/session/238a4d0c2a0841fb1f0fdba08771013c/element/52a152ed-e5ad-4e41-9f66-66f723f928b2/element'
18:27:09.885 [Forwarding findChildElement on session 238a4d0c2a0841fb1f0fdba08771013c to remote] DEBUG org.asynchttpclient.netty.request.NettyRequestSender - Using open Channel [id: 0x5f9b9e58, L:/127.0.0.1:55134 - R:localhost/127.0.0.1:47263] for POST '/session/238a4d0c2a0841fb1f0fdba08771013c/element/52a152ed-e5ad-4e41-9f66-66f723f928b2/element'
18:27:10.008 [AsyncHttpClient-1-7] DEBUG org.asynchttpclient.netty.handler.HttpHandler - 

Request DefaultHttpRequest(decodeResult: success, version: HTTP/1.1)
POST /session/238a4d0c2a0841fb1f0fdba08771013c/element/52a152ed-e5ad-4e41-9f66-66f723f928b2/element HTTP/1.1
User-Agent: selenium/4.5.3 (java mac)
Content-Length: 106
Content-Type: application/json; charset=utf-8
host: localhost:47263
accept: */*

Response DefaultHttpResponse(decodeResult: success, version: HTTP/1.1)
HTTP/1.1 200 OK
Content-Length: 88
Content-Type: application/json; charset=utf-8
cache-control: no-cache

18:27:10.009 [AsyncHttpClient-1-7] DEBUG org.asynchttpclient.netty.channel.ChannelManager - Adding key: http://localhost:47263 for channel [id: 0x5f9b9e58, L:/127.0.0.1:55134 - R:localhost/127.0.0.1:47263]
18:27:10.009 [Forwarding getElementText on session 238a4d0c2a0841fb1f0fdba08771013c to remote] DEBUG org.asynchttpclient.netty.request.NettyRequestSender - Using pooled Channel '[id: 0x5f9b9e58, L:/127.0.0.1:55134 - R:localhost/127.0.0.1:47263]' for 'GET' to 'http://localhost:47263/session/238a4d0c2a0841fb1f0fdba08771013c/element/5d6444b4-95dc-4d8a-8a65-e41d135e625b/text'
18:27:10.010 [Forwarding getElementText on session 238a4d0c2a0841fb1f0fdba08771013c to remote] DEBUG org.asynchttpclient.netty.request.NettyRequestSender - Using open Channel [id: 0x5f9b9e58, L:/127.0.0.1:55134 - R:localhost/127.0.0.1:47263] for GET '/session/238a4d0c2a0841fb1f0fdba08771013c/element/5d6444b4-95dc-4d8a-8a65-e41d135e625b/text'
18:27:10.059 [AsyncHttpClient-1-7] DEBUG org.asynchttpclient.netty.handler.HttpHandler - 

Request DefaultFullHttpRequest(decodeResult: success, version: HTTP/1.1, content: EmptyByteBufBE)
GET /session/238a4d0c2a0841fb1f0fdba08771013c/element/5d6444b4-95dc-4d8a-8a65-e41d135e625b/text HTTP/1.1
User-Agent: selenium/4.5.3 (java mac)
Cache-Control: no-cache
Content-Type: application/json; charset=utf-8
host: localhost:47263
accept: */*

Response DefaultHttpResponse(decodeResult: success, version: HTTP/1.1)
HTTP/1.1 200 OK
Content-Length: 75
Content-Type: application/json; charset=utf-8
cache-control: no-cache

18:27:10.059 [AsyncHttpClient-1-7] DEBUG org.asynchttpclient.netty.channel.ChannelManager - Adding key: http://localhost:47263 for channel [id: 0x5f9b9e58, L:/127.0.0.1:55134 - R:localhost/127.0.0.1:47263]
18:27:10.060 [Forwarding findChildElement on session 238a4d0c2a0841fb1f0fdba08771013c to remote] DEBUG org.asynchttpclient.netty.request.NettyRequestSender - Using pooled Channel '[id: 0x5f9b9e58, L:/127.0.0.1:55134 - R:localhost/127.0.0.1:47263]' for 'POST' to 'http://localhost:47263/session/238a4d0c2a0841fb1f0fdba08771013c/element/52a152ed-e5ad-4e41-9f66-66f723f928b2/element'
18:27:10.060 [Forwarding findChildElement on session 238a4d0c2a0841fb1f0fdba08771013c to remote] DEBUG org.asynchttpclient.netty.request.NettyRequestSender - Using open Channel [id: 0x5f9b9e58, L:/127.0.0.1:55134 - R:localhost/127.0.0.1:47263] for POST '/session/238a4d0c2a0841fb1f0fdba08771013c/element/52a152ed-e5ad-4e41-9f66-66f723f928b2/element'
18:27:10.123 [AsyncHttpClient-1-7] DEBUG org.asynchttpclient.netty.handler.HttpHandler - 

Request DefaultHttpRequest(decodeResult: success, version: HTTP/1.1)
POST /session/238a4d0c2a0841fb1f0fdba08771013c/element/52a152ed-e5ad-4e41-9f66-66f723f928b2/element HTTP/1.1
User-Agent: selenium/4.5.3 (java mac)
Content-Length: 106
Content-Type: application/json; charset=utf-8
host: localhost:47263
accept: */*

Response DefaultHttpResponse(decodeResult: success, version: HTTP/1.1)
HTTP/1.1 200 OK
Content-Length: 88
Content-Type: application/json; charset=utf-8
cache-control: no-cache

18:27:10.124 [AsyncHttpClient-1-7] DEBUG org.asynchttpclient.netty.channel.ChannelManager - Adding key: http://localhost:47263 for channel [id: 0x5f9b9e58, L:/127.0.0.1:55134 - R:localhost/127.0.0.1:47263]
18:27:10.124 [Forwarding getElementText on session 238a4d0c2a0841fb1f0fdba08771013c to remote] DEBUG org.asynchttpclient.netty.request.NettyRequestSender - Using pooled Channel '[id: 0x5f9b9e58, L:/127.0.0.1:55134 - R:localhost/127.0.0.1:47263]' for 'GET' to 'http://localhost:47263/session/238a4d0c2a0841fb1f0fdba08771013c/element/39e175c8-573c-443c-ba70-e12df013339c/text'
18:27:10.124 [Forwarding getElementText on session 238a4d0c2a0841fb1f0fdba08771013c to remote] DEBUG org.asynchttpclient.netty.request.NettyRequestSender - Using open Channel [id: 0x5f9b9e58, L:/127.0.0.1:55134 - R:localhost/127.0.0.1:47263] for GET '/session/238a4d0c2a0841fb1f0fdba08771013c/element/39e175c8-573c-443c-ba70-e12df013339c/text'
18:27:10.137 [AsyncHttpClient-1-7] DEBUG org.asynchttpclient.netty.handler.HttpHandler - 

Request DefaultFullHttpRequest(decodeResult: success, version: HTTP/1.1, content: EmptyByteBufBE)
GET /session/238a4d0c2a0841fb1f0fdba08771013c/element/39e175c8-573c-443c-ba70-e12df013339c/text HTTP/1.1
User-Agent: selenium/4.5.3 (java mac)
Cache-Control: no-cache
Content-Type: application/json; charset=utf-8
host: localhost:47263
accept: */*

Response DefaultHttpResponse(decodeResult: success, version: HTTP/1.1)
HTTP/1.1 200 OK
Content-Length: 19
Content-Type: application/json; charset=utf-8
cache-control: no-cache

18:27:10.137 [AsyncHttpClient-1-7] DEBUG org.asynchttpclient.netty.channel.ChannelManager - Adding key: http://localhost:47263 for channel [id: 0x5f9b9e58, L:/127.0.0.1:55134 - R:localhost/127.0.0.1:47263]
18:27:10.138 [Forwarding findChildElement on session 238a4d0c2a0841fb1f0fdba08771013c to remote] DEBUG org.asynchttpclient.netty.request.NettyRequestSender - Using pooled Channel '[id: 0x5f9b9e58, L:/127.0.0.1:55134 - R:localhost/127.0.0.1:47263]' for 'POST' to 'http://localhost:47263/session/238a4d0c2a0841fb1f0fdba08771013c/element/aaf8c0e1-cf0a-439c-b336-8d70daef98f4/element'
18:27:10.138 [Forwarding findChildElement on session 238a4d0c2a0841fb1f0fdba08771013c to remote] DEBUG org.asynchttpclient.netty.request.NettyRequestSender - Using open Channel [id: 0x5f9b9e58, L:/127.0.0.1:55134 - R:localhost/127.0.0.1:47263] for POST '/session/238a4d0c2a0841fb1f0fdba08771013c/element/aaf8c0e1-cf0a-439c-b336-8d70daef98f4/element'
18:27:10.167 [AsyncHttpClient-1-7] DEBUG org.asynchttpclient.netty.handler.HttpHandler - 

Request DefaultHttpRequest(decodeResult: success, version: HTTP/1.1)
POST /session/238a4d0c2a0841fb1f0fdba08771013c/element/aaf8c0e1-cf0a-439c-b336-8d70daef98f4/element HTTP/1.1
User-Agent: selenium/4.5.3 (java mac)
Content-Length: 106
Content-Type: application/json; charset=utf-8
host: localhost:47263
accept: */*

Response DefaultHttpResponse(decodeResult: success, version: HTTP/1.1)
HTTP/1.1 200 OK
Content-Length: 88
Content-Type: application/json; charset=utf-8
cache-control: no-cache

18:27:10.167 [AsyncHttpClient-1-7] DEBUG org.asynchttpclient.netty.channel.ChannelManager - Adding key: http://localhost:47263 for channel [id: 0x5f9b9e58, L:/127.0.0.1:55134 - R:localhost/127.0.0.1:47263]
18:27:10.169 [Forwarding getElementText on session 238a4d0c2a0841fb1f0fdba08771013c to remote] DEBUG org.asynchttpclient.netty.request.NettyRequestSender - Using pooled Channel '[id: 0x5f9b9e58, L:/127.0.0.1:55134 - R:localhost/127.0.0.1:47263]' for 'GET' to 'http://localhost:47263/session/238a4d0c2a0841fb1f0fdba08771013c/element/fd3831d6-d3dd-42b3-b201-a1ca41f0576f/text'
18:27:10.169 [Forwarding getElementText on session 238a4d0c2a0841fb1f0fdba08771013c to remote] DEBUG org.asynchttpclient.netty.request.NettyRequestSender - Using open Channel [id: 0x5f9b9e58, L:/127.0.0.1:55134 - R:localhost/127.0.0.1:47263] for GET '/session/238a4d0c2a0841fb1f0fdba08771013c/element/fd3831d6-d3dd-42b3-b201-a1ca41f0576f/text'
18:27:10.183 [AsyncHttpClient-1-7] DEBUG org.asynchttpclient.netty.handler.HttpHandler - 

Request DefaultFullHttpRequest(decodeResult: success, version: HTTP/1.1, content: EmptyByteBufBE)
GET /session/238a4d0c2a0841fb1f0fdba08771013c/element/fd3831d6-d3dd-42b3-b201-a1ca41f0576f/text HTTP/1.1
User-Agent: selenium/4.5.3 (java mac)
Cache-Control: no-cache
Content-Type: application/json; charset=utf-8
host: localhost:47263
accept: */*

Response DefaultHttpResponse(decodeResult: success, version: HTTP/1.1)
HTTP/1.1 200 OK
Content-Length: 88
Content-Type: application/json; charset=utf-8
cache-control: no-cache

18:27:10.184 [AsyncHttpClient-1-7] DEBUG org.asynchttpclient.netty.channel.ChannelManager - Adding key: http://localhost:47263 for channel [id: 0x5f9b9e58, L:/127.0.0.1:55134 - R:localhost/127.0.0.1:47263]
18:27:10.185 [Forwarding findChildElement on session 238a4d0c2a0841fb1f0fdba08771013c to remote] DEBUG org.asynchttpclient.netty.request.NettyRequestSender - Using pooled Channel '[id: 0x5f9b9e58, L:/127.0.0.1:55134 - R:localhost/127.0.0.1:47263]' for 'POST' to 'http://localhost:47263/session/238a4d0c2a0841fb1f0fdba08771013c/element/aaf8c0e1-cf0a-439c-b336-8d70daef98f4/element'
18:27:10.185 [Forwarding findChildElement on session 238a4d0c2a0841fb1f0fdba08771013c to remote] DEBUG org.asynchttpclient.netty.request.NettyRequestSender - Using open Channel [id: 0x5f9b9e58, L:/127.0.0.1:55134 - R:localhost/127.0.0.1:47263] for POST '/session/238a4d0c2a0841fb1f0fdba08771013c/element/aaf8c0e1-cf0a-439c-b336-8d70daef98f4/element'
18:27:10.214 [AsyncHttpClient-1-7] DEBUG org.asynchttpclient.netty.handler.HttpHandler - 

Request DefaultHttpRequest(decodeResult: success, version: HTTP/1.1)
POST /session/238a4d0c2a0841fb1f0fdba08771013c/element/aaf8c0e1-cf0a-439c-b336-8d70daef98f4/element HTTP/1.1
User-Agent: selenium/4.5.3 (java mac)
Content-Length: 106
Content-Type: application/json; charset=utf-8
host: localhost:47263
accept: */*

Response DefaultHttpResponse(decodeResult: success, version: HTTP/1.1)
HTTP/1.1 200 OK
Content-Length: 88
Content-Type: application/json; charset=utf-8
cache-control: no-cache

18:27:10.215 [AsyncHttpClient-1-7] DEBUG org.asynchttpclient.netty.channel.ChannelManager - Adding key: http://localhost:47263 for channel [id: 0x5f9b9e58, L:/127.0.0.1:55134 - R:localhost/127.0.0.1:47263]
18:27:10.215 [Forwarding getElementText on session 238a4d0c2a0841fb1f0fdba08771013c to remote] DEBUG org.asynchttpclient.netty.request.NettyRequestSender - Using pooled Channel '[id: 0x5f9b9e58, L:/127.0.0.1:55134 - R:localhost/127.0.0.1:47263]' for 'GET' to 'http://localhost:47263/session/238a4d0c2a0841fb1f0fdba08771013c/element/b13e0916-5d80-4db1-80b0-bbfa8ea796b4/text'
18:27:10.215 [Forwarding getElementText on session 238a4d0c2a0841fb1f0fdba08771013c to remote] DEBUG org.asynchttpclient.netty.request.NettyRequestSender - Using open Channel [id: 0x5f9b9e58, L:/127.0.0.1:55134 - R:localhost/127.0.0.1:47263] for GET '/session/238a4d0c2a0841fb1f0fdba08771013c/element/b13e0916-5d80-4db1-80b0-bbfa8ea796b4/text'
18:27:10.271 [AsyncHttpClient-1-7] DEBUG org.asynchttpclient.netty.handler.HttpHandler - 

Request DefaultFullHttpRequest(decodeResult: success, version: HTTP/1.1, content: EmptyByteBufBE)
GET /session/238a4d0c2a0841fb1f0fdba08771013c/element/b13e0916-5d80-4db1-80b0-bbfa8ea796b4/text HTTP/1.1
User-Agent: selenium/4.5.3 (java mac)
Cache-Control: no-cache
Content-Type: application/json; charset=utf-8
host: localhost:47263
accept: */*

Response DefaultHttpResponse(decodeResult: success, version: HTTP/1.1)
HTTP/1.1 200 OK
Content-Length: 30
Content-Type: application/json; charset=utf-8
cache-control: no-cache

18:27:10.272 [AsyncHttpClient-1-7] DEBUG org.asynchttpclient.netty.channel.ChannelManager - Adding key: http://localhost:47263 for channel [id: 0x5f9b9e58, L:/127.0.0.1:55134 - R:localhost/127.0.0.1:47263]
18:27:10.273 [Forwarding findChildElement on session 238a4d0c2a0841fb1f0fdba08771013c to remote] DEBUG org.asynchttpclient.netty.request.NettyRequestSender - Using pooled Channel '[id: 0x5f9b9e58, L:/127.0.0.1:55134 - R:localhost/127.0.0.1:47263]' for 'POST' to 'http://localhost:47263/session/238a4d0c2a0841fb1f0fdba08771013c/element/6f10cb58-1771-4462-a1e6-944be9753b1c/element'
18:27:10.273 [Forwarding findChildElement on session 238a4d0c2a0841fb1f0fdba08771013c to remote] DEBUG org.asynchttpclient.netty.request.NettyRequestSender - Using open Channel [id: 0x5f9b9e58, L:/127.0.0.1:55134 - R:localhost/127.0.0.1:47263] for POST '/session/238a4d0c2a0841fb1f0fdba08771013c/element/6f10cb58-1771-4462-a1e6-944be9753b1c/element'
18:27:10.317 [AsyncHttpClient-1-7] DEBUG org.asynchttpclient.netty.handler.HttpHandler - 

Request DefaultHttpRequest(decodeResult: success, version: HTTP/1.1)
POST /session/238a4d0c2a0841fb1f0fdba08771013c/element/6f10cb58-1771-4462-a1e6-944be9753b1c/element HTTP/1.1
User-Agent: selenium/4.5.3 (java mac)
Content-Length: 106
Content-Type: application/json; charset=utf-8
host: localhost:47263
accept: */*

Response DefaultHttpResponse(decodeResult: success, version: HTTP/1.1)
HTTP/1.1 200 OK
Content-Length: 88
Content-Type: application/json; charset=utf-8
cache-control: no-cache

18:27:10.317 [AsyncHttpClient-1-7] DEBUG org.asynchttpclient.netty.channel.ChannelManager - Adding key: http://localhost:47263 for channel [id: 0x5f9b9e58, L:/127.0.0.1:55134 - R:localhost/127.0.0.1:47263]
18:27:10.318 [Forwarding getElementText on session 238a4d0c2a0841fb1f0fdba08771013c to remote] DEBUG org.asynchttpclient.netty.request.NettyRequestSender - Using pooled Channel '[id: 0x5f9b9e58, L:/127.0.0.1:55134 - R:localhost/127.0.0.1:47263]' for 'GET' to 'http://localhost:47263/session/238a4d0c2a0841fb1f0fdba08771013c/element/c8e92b2d-0995-4268-b275-955302cc2795/text'
18:27:10.318 [Forwarding getElementText on session 238a4d0c2a0841fb1f0fdba08771013c to remote] DEBUG org.asynchttpclient.netty.request.NettyRequestSender - Using open Channel [id: 0x5f9b9e58, L:/127.0.0.1:55134 - R:localhost/127.0.0.1:47263] for GET '/session/238a4d0c2a0841fb1f0fdba08771013c/element/c8e92b2d-0995-4268-b275-955302cc2795/text'
18:27:10.338 [AsyncHttpClient-1-7] DEBUG org.asynchttpclient.netty.handler.HttpHandler - 

Request DefaultFullHttpRequest(decodeResult: success, version: HTTP/1.1, content: EmptyByteBufBE)
GET /session/238a4d0c2a0841fb1f0fdba08771013c/element/c8e92b2d-0995-4268-b275-955302cc2795/text HTTP/1.1
User-Agent: selenium/4.5.3 (java mac)
Cache-Control: no-cache
Content-Type: application/json; charset=utf-8
host: localhost:47263
accept: */*

Response DefaultHttpResponse(decodeResult: success, version: HTTP/1.1)
HTTP/1.1 200 OK
Content-Length: 87
Content-Type: application/json; charset=utf-8
cache-control: no-cache

18:27:10.339 [AsyncHttpClient-1-7] DEBUG org.asynchttpclient.netty.channel.ChannelManager - Adding key: http://localhost:47263 for channel [id: 0x5f9b9e58, L:/127.0.0.1:55134 - R:localhost/127.0.0.1:47263]
18:27:10.346 [Forwarding findChildElement on session 238a4d0c2a0841fb1f0fdba08771013c to remote] DEBUG org.asynchttpclient.netty.request.NettyRequestSender - Using pooled Channel '[id: 0x5f9b9e58, L:/127.0.0.1:55134 - R:localhost/127.0.0.1:47263]' for 'POST' to 'http://localhost:47263/session/238a4d0c2a0841fb1f0fdba08771013c/element/6f10cb58-1771-4462-a1e6-944be9753b1c/element'
18:27:10.346 [Forwarding findChildElement on session 238a4d0c2a0841fb1f0fdba08771013c to remote] DEBUG org.asynchttpclient.netty.request.NettyRequestSender - Using open Channel [id: 0x5f9b9e58, L:/127.0.0.1:55134 - R:localhost/127.0.0.1:47263] for POST '/session/238a4d0c2a0841fb1f0fdba08771013c/element/6f10cb58-1771-4462-a1e6-944be9753b1c/element'
18:27:10.369 [AsyncHttpClient-1-7] DEBUG org.asynchttpclient.netty.handler.HttpHandler - 

Request DefaultHttpRequest(decodeResult: success, version: HTTP/1.1)
POST /session/238a4d0c2a0841fb1f0fdba08771013c/element/6f10cb58-1771-4462-a1e6-944be9753b1c/element HTTP/1.1
User-Agent: selenium/4.5.3 (java mac)
Content-Length: 106
Content-Type: application/json; charset=utf-8
host: localhost:47263
accept: */*

Response DefaultHttpResponse(decodeResult: success, version: HTTP/1.1)
HTTP/1.1 200 OK
Content-Length: 88
Content-Type: application/json; charset=utf-8
cache-control: no-cache

18:27:10.369 [AsyncHttpClient-1-7] DEBUG org.asynchttpclient.netty.channel.ChannelManager - Adding key: http://localhost:47263 for channel [id: 0x5f9b9e58, L:/127.0.0.1:55134 - R:localhost/127.0.0.1:47263]
18:27:10.370 [Forwarding getElementText on session 238a4d0c2a0841fb1f0fdba08771013c to remote] DEBUG org.asynchttpclient.netty.request.NettyRequestSender - Using pooled Channel '[id: 0x5f9b9e58, L:/127.0.0.1:55134 - R:localhost/127.0.0.1:47263]' for 'GET' to 'http://localhost:47263/session/238a4d0c2a0841fb1f0fdba08771013c/element/7f4856c0-6703-49c7-a94d-6e41a885dadf/text'
18:27:10.370 [Forwarding getElementText on session 238a4d0c2a0841fb1f0fdba08771013c to remote] DEBUG org.asynchttpclient.netty.request.NettyRequestSender - Using open Channel [id: 0x5f9b9e58, L:/127.0.0.1:55134 - R:localhost/127.0.0.1:47263] for GET '/session/238a4d0c2a0841fb1f0fdba08771013c/element/7f4856c0-6703-49c7-a94d-6e41a885dadf/text'
18:27:10.396 [AsyncHttpClient-1-7] DEBUG org.asynchttpclient.netty.handler.HttpHandler - 

Request DefaultFullHttpRequest(decodeResult: success, version: HTTP/1.1, content: EmptyByteBufBE)
GET /session/238a4d0c2a0841fb1f0fdba08771013c/element/7f4856c0-6703-49c7-a94d-6e41a885dadf/text HTTP/1.1
User-Agent: selenium/4.5.3 (java mac)
Cache-Control: no-cache
Content-Type: application/json; charset=utf-8
host: localhost:47263
accept: */*

Response DefaultHttpResponse(decodeResult: success, version: HTTP/1.1)
HTTP/1.1 200 OK
Content-Length: 30
Content-Type: application/json; charset=utf-8
cache-control: no-cache

18:27:10.396 [AsyncHttpClient-1-7] DEBUG org.asynchttpclient.netty.channel.ChannelManager - Adding key: http://localhost:47263 for channel [id: 0x5f9b9e58, L:/127.0.0.1:55134 - R:localhost/127.0.0.1:47263]
18:27:10.398 [Forwarding findChildElement on session 238a4d0c2a0841fb1f0fdba08771013c to remote] DEBUG org.asynchttpclient.netty.request.NettyRequestSender - Using pooled Channel '[id: 0x5f9b9e58, L:/127.0.0.1:55134 - R:localhost/127.0.0.1:47263]' for 'POST' to 'http://localhost:47263/session/238a4d0c2a0841fb1f0fdba08771013c/element/dfca7e6c-379e-4756-8dac-24e18afc364f/element'
18:27:10.398 [Forwarding findChildElement on session 238a4d0c2a0841fb1f0fdba08771013c to remote] DEBUG org.asynchttpclient.netty.request.NettyRequestSender - Using open Channel [id: 0x5f9b9e58, L:/127.0.0.1:55134 - R:localhost/127.0.0.1:47263] for POST '/session/238a4d0c2a0841fb1f0fdba08771013c/element/dfca7e6c-379e-4756-8dac-24e18afc364f/element'
18:27:10.444 [AsyncHttpClient-1-7] DEBUG org.asynchttpclient.netty.handler.HttpHandler - 

Request DefaultHttpRequest(decodeResult: success, version: HTTP/1.1)
POST /session/238a4d0c2a0841fb1f0fdba08771013c/element/dfca7e6c-379e-4756-8dac-24e18afc364f/element HTTP/1.1
User-Agent: selenium/4.5.3 (java mac)
Content-Length: 106
Content-Type: application/json; charset=utf-8
host: localhost:47263
accept: */*

Response DefaultHttpResponse(decodeResult: success, version: HTTP/1.1)
HTTP/1.1 200 OK
Content-Length: 88
Content-Type: application/json; charset=utf-8
cache-control: no-cache

18:27:10.445 [AsyncHttpClient-1-7] DEBUG org.asynchttpclient.netty.channel.ChannelManager - Adding key: http://localhost:47263 for channel [id: 0x5f9b9e58, L:/127.0.0.1:55134 - R:localhost/127.0.0.1:47263]
18:27:10.445 [Forwarding getElementText on session 238a4d0c2a0841fb1f0fdba08771013c to remote] DEBUG org.asynchttpclient.netty.request.NettyRequestSender - Using pooled Channel '[id: 0x5f9b9e58, L:/127.0.0.1:55134 - R:localhost/127.0.0.1:47263]' for 'GET' to 'http://localhost:47263/session/238a4d0c2a0841fb1f0fdba08771013c/element/2c8bef85-4a08-4985-ae72-8344c7fe2f9d/text'
18:27:10.445 [Forwarding getElementText on session 238a4d0c2a0841fb1f0fdba08771013c to remote] DEBUG org.asynchttpclient.netty.request.NettyRequestSender - Using open Channel [id: 0x5f9b9e58, L:/127.0.0.1:55134 - R:localhost/127.0.0.1:47263] for GET '/session/238a4d0c2a0841fb1f0fdba08771013c/element/2c8bef85-4a08-4985-ae72-8344c7fe2f9d/text'
18:27:10.497 [AsyncHttpClient-1-7] DEBUG org.asynchttpclient.netty.handler.HttpHandler - 

Request DefaultFullHttpRequest(decodeResult: success, version: HTTP/1.1, content: EmptyByteBufBE)
GET /session/238a4d0c2a0841fb1f0fdba08771013c/element/2c8bef85-4a08-4985-ae72-8344c7fe2f9d/text HTTP/1.1
User-Agent: selenium/4.5.3 (java mac)
Cache-Control: no-cache
Content-Type: application/json; charset=utf-8
host: localhost:47263
accept: */*

Response DefaultHttpResponse(decodeResult: success, version: HTTP/1.1)
HTTP/1.1 200 OK
Content-Length: 91
Content-Type: application/json; charset=utf-8
cache-control: no-cache

18:27:10.498 [AsyncHttpClient-1-7] DEBUG org.asynchttpclient.netty.channel.ChannelManager - Adding key: http://localhost:47263 for channel [id: 0x5f9b9e58, L:/127.0.0.1:55134 - R:localhost/127.0.0.1:47263]
18:27:10.500 [Forwarding findChildElement on session 238a4d0c2a0841fb1f0fdba08771013c to remote] DEBUG org.asynchttpclient.netty.request.NettyRequestSender - Using pooled Channel '[id: 0x5f9b9e58, L:/127.0.0.1:55134 - R:localhost/127.0.0.1:47263]' for 'POST' to 'http://localhost:47263/session/238a4d0c2a0841fb1f0fdba08771013c/element/dfca7e6c-379e-4756-8dac-24e18afc364f/element'
18:27:10.500 [Forwarding findChildElement on session 238a4d0c2a0841fb1f0fdba08771013c to remote] DEBUG org.asynchttpclient.netty.request.NettyRequestSender - Using open Channel [id: 0x5f9b9e58, L:/127.0.0.1:55134 - R:localhost/127.0.0.1:47263] for POST '/session/238a4d0c2a0841fb1f0fdba08771013c/element/dfca7e6c-379e-4756-8dac-24e18afc364f/element'
18:27:10.547 [AsyncHttpClient-1-7] DEBUG org.asynchttpclient.netty.handler.HttpHandler - 

Request DefaultHttpRequest(decodeResult: success, version: HTTP/1.1)
POST /session/238a4d0c2a0841fb1f0fdba08771013c/element/dfca7e6c-379e-4756-8dac-24e18afc364f/element HTTP/1.1
User-Agent: selenium/4.5.3 (java mac)
Content-Length: 106
Content-Type: application/json; charset=utf-8
host: localhost:47263
accept: */*

Response DefaultHttpResponse(decodeResult: success, version: HTTP/1.1)
HTTP/1.1 200 OK
Content-Length: 88
Content-Type: application/json; charset=utf-8
cache-control: no-cache

18:27:10.547 [AsyncHttpClient-1-7] DEBUG org.asynchttpclient.netty.channel.ChannelManager - Adding key: http://localhost:47263 for channel [id: 0x5f9b9e58, L:/127.0.0.1:55134 - R:localhost/127.0.0.1:47263]
18:27:10.547 [Forwarding getElementText on session 238a4d0c2a0841fb1f0fdba08771013c to remote] DEBUG org.asynchttpclient.netty.request.NettyRequestSender - Using pooled Channel '[id: 0x5f9b9e58, L:/127.0.0.1:55134 - R:localhost/127.0.0.1:47263]' for 'GET' to 'http://localhost:47263/session/238a4d0c2a0841fb1f0fdba08771013c/element/862e7cd6-041d-4906-ad4e-7b0d4b6c313c/text'
18:27:10.547 [Forwarding getElementText on session 238a4d0c2a0841fb1f0fdba08771013c to remote] DEBUG org.asynchttpclient.netty.request.NettyRequestSender - Using open Channel [id: 0x5f9b9e58, L:/127.0.0.1:55134 - R:localhost/127.0.0.1:47263] for GET '/session/238a4d0c2a0841fb1f0fdba08771013c/element/862e7cd6-041d-4906-ad4e-7b0d4b6c313c/text'
18:27:10.575 [AsyncHttpClient-1-7] DEBUG org.asynchttpclient.netty.handler.HttpHandler - 

Request DefaultFullHttpRequest(decodeResult: success, version: HTTP/1.1, content: EmptyByteBufBE)
GET /session/238a4d0c2a0841fb1f0fdba08771013c/element/862e7cd6-041d-4906-ad4e-7b0d4b6c313c/text HTTP/1.1
User-Agent: selenium/4.5.3 (java mac)
Cache-Control: no-cache
Content-Type: application/json; charset=utf-8
host: localhost:47263
accept: */*

Response DefaultHttpResponse(decodeResult: success, version: HTTP/1.1)
HTTP/1.1 200 OK
Content-Length: 19
Content-Type: application/json; charset=utf-8
cache-control: no-cache

18:27:10.575 [AsyncHttpClient-1-7] DEBUG org.asynchttpclient.netty.channel.ChannelManager - Adding key: http://localhost:47263 for channel [id: 0x5f9b9e58, L:/127.0.0.1:55134 - R:localhost/127.0.0.1:47263]
18:27:10.577 [Forwarding findChildElement on session 238a4d0c2a0841fb1f0fdba08771013c to remote] DEBUG org.asynchttpclient.netty.request.NettyRequestSender - Using pooled Channel '[id: 0x5f9b9e58, L:/127.0.0.1:55134 - R:localhost/127.0.0.1:47263]' for 'POST' to 'http://localhost:47263/session/238a4d0c2a0841fb1f0fdba08771013c/element/d190a53f-b53b-42ed-9cb9-b5691dc30d83/element'
18:27:10.577 [Forwarding findChildElement on session 238a4d0c2a0841fb1f0fdba08771013c to remote] DEBUG org.asynchttpclient.netty.request.NettyRequestSender - Using open Channel [id: 0x5f9b9e58, L:/127.0.0.1:55134 - R:localhost/127.0.0.1:47263] for POST '/session/238a4d0c2a0841fb1f0fdba08771013c/element/d190a53f-b53b-42ed-9cb9-b5691dc30d83/element'
18:27:10.605 [AsyncHttpClient-1-7] DEBUG org.asynchttpclient.netty.handler.HttpHandler - 

Request DefaultHttpRequest(decodeResult: success, version: HTTP/1.1)
POST /session/238a4d0c2a0841fb1f0fdba08771013c/element/d190a53f-b53b-42ed-9cb9-b5691dc30d83/element HTTP/1.1
User-Agent: selenium/4.5.3 (java mac)
Content-Length: 106
Content-Type: application/json; charset=utf-8
host: localhost:47263
accept: */*

Response DefaultHttpResponse(decodeResult: success, version: HTTP/1.1)
HTTP/1.1 200 OK
Content-Length: 88
Content-Type: application/json; charset=utf-8
cache-control: no-cache

18:27:10.606 [AsyncHttpClient-1-7] DEBUG org.asynchttpclient.netty.channel.ChannelManager - Adding key: http://localhost:47263 for channel [id: 0x5f9b9e58, L:/127.0.0.1:55134 - R:localhost/127.0.0.1:47263]
18:27:10.608 [Forwarding getElementText on session 238a4d0c2a0841fb1f0fdba08771013c to remote] DEBUG org.asynchttpclient.netty.request.NettyRequestSender - Using pooled Channel '[id: 0x5f9b9e58, L:/127.0.0.1:55134 - R:localhost/127.0.0.1:47263]' for 'GET' to 'http://localhost:47263/session/238a4d0c2a0841fb1f0fdba08771013c/element/c47731d0-5672-48ac-9df1-2684411668dd/text'
18:27:10.608 [Forwarding getElementText on session 238a4d0c2a0841fb1f0fdba08771013c to remote] DEBUG org.asynchttpclient.netty.request.NettyRequestSender - Using open Channel [id: 0x5f9b9e58, L:/127.0.0.1:55134 - R:localhost/127.0.0.1:47263] for GET '/session/238a4d0c2a0841fb1f0fdba08771013c/element/c47731d0-5672-48ac-9df1-2684411668dd/text'
18:27:10.616 [AsyncHttpClient-1-1] DEBUG org.asynchttpclient.netty.channel.DefaultChannelPool - Entry count for : http://localhost:8354 : 1
18:27:10.616 [AsyncHttpClient-1-1] DEBUG org.asynchttpclient.netty.channel.DefaultChannelPool - Entry count for : http://localhost:55138 : 1
18:27:10.784 [AsyncHttpClient-1-7] DEBUG org.asynchttpclient.netty.handler.HttpHandler - 

Request DefaultFullHttpRequest(decodeResult: success, version: HTTP/1.1, content: EmptyByteBufBE)
GET /session/238a4d0c2a0841fb1f0fdba08771013c/element/c47731d0-5672-48ac-9df1-2684411668dd/text HTTP/1.1
User-Agent: selenium/4.5.3 (java mac)
Cache-Control: no-cache
Content-Type: application/json; charset=utf-8
host: localhost:47263
accept: */*

Response DefaultHttpResponse(decodeResult: success, version: HTTP/1.1)
HTTP/1.1 200 OK
Content-Length: 68
Content-Type: application/json; charset=utf-8
cache-control: no-cache

18:27:10.784 [AsyncHttpClient-1-7] DEBUG org.asynchttpclient.netty.channel.ChannelManager - Adding key: http://localhost:47263 for channel [id: 0x5f9b9e58, L:/127.0.0.1:55134 - R:localhost/127.0.0.1:47263]
18:27:10.786 [Forwarding findChildElement on session 238a4d0c2a0841fb1f0fdba08771013c to remote] DEBUG org.asynchttpclient.netty.request.NettyRequestSender - Using pooled Channel '[id: 0x5f9b9e58, L:/127.0.0.1:55134 - R:localhost/127.0.0.1:47263]' for 'POST' to 'http://localhost:47263/session/238a4d0c2a0841fb1f0fdba08771013c/element/d190a53f-b53b-42ed-9cb9-b5691dc30d83/element'
18:27:10.786 [Forwarding findChildElement on session 238a4d0c2a0841fb1f0fdba08771013c to remote] DEBUG org.asynchttpclient.netty.request.NettyRequestSender - Using open Channel [id: 0x5f9b9e58, L:/127.0.0.1:55134 - R:localhost/127.0.0.1:47263] for POST '/session/238a4d0c2a0841fb1f0fdba08771013c/element/d190a53f-b53b-42ed-9cb9-b5691dc30d83/element'
18:27:10.808 [AsyncHttpClient-1-7] DEBUG org.asynchttpclient.netty.handler.HttpHandler - 

Request DefaultHttpRequest(decodeResult: success, version: HTTP/1.1)
POST /session/238a4d0c2a0841fb1f0fdba08771013c/element/d190a53f-b53b-42ed-9cb9-b5691dc30d83/element HTTP/1.1
User-Agent: selenium/4.5.3 (java mac)
Content-Length: 106
Content-Type: application/json; charset=utf-8
host: localhost:47263
accept: */*

Response DefaultHttpResponse(decodeResult: success, version: HTTP/1.1)
HTTP/1.1 200 OK
Content-Length: 88
Content-Type: application/json; charset=utf-8
cache-control: no-cache

18:27:10.808 [AsyncHttpClient-1-7] DEBUG org.asynchttpclient.netty.channel.ChannelManager - Adding key: http://localhost:47263 for channel [id: 0x5f9b9e58, L:/127.0.0.1:55134 - R:localhost/127.0.0.1:47263]
18:27:10.809 [Forwarding getElementText on session 238a4d0c2a0841fb1f0fdba08771013c to remote] DEBUG org.asynchttpclient.netty.request.NettyRequestSender - Using pooled Channel '[id: 0x5f9b9e58, L:/127.0.0.1:55134 - R:localhost/127.0.0.1:47263]' for 'GET' to 'http://localhost:47263/session/238a4d0c2a0841fb1f0fdba08771013c/element/632d6d79-92ca-4379-ab31-b964aba6f4cb/text'
18:27:10.809 [Forwarding getElementText on session 238a4d0c2a0841fb1f0fdba08771013c to remote] DEBUG org.asynchttpclient.netty.request.NettyRequestSender - Using open Channel [id: 0x5f9b9e58, L:/127.0.0.1:55134 - R:localhost/127.0.0.1:47263] for GET '/session/238a4d0c2a0841fb1f0fdba08771013c/element/632d6d79-92ca-4379-ab31-b964aba6f4cb/text'
18:27:10.839 [AsyncHttpClient-1-7] DEBUG org.asynchttpclient.netty.handler.HttpHandler - 

Request DefaultFullHttpRequest(decodeResult: success, version: HTTP/1.1, content: EmptyByteBufBE)
GET /session/238a4d0c2a0841fb1f0fdba08771013c/element/632d6d79-92ca-4379-ab31-b964aba6f4cb/text HTTP/1.1
User-Agent: selenium/4.5.3 (java mac)
Cache-Control: no-cache
Content-Type: application/json; charset=utf-8
host: localhost:47263
accept: */*

Response DefaultHttpResponse(decodeResult: success, version: HTTP/1.1)
HTTP/1.1 200 OK
Content-Length: 19
Content-Type: application/json; charset=utf-8
cache-control: no-cache

18:27:10.840 [AsyncHttpClient-1-7] DEBUG org.asynchttpclient.netty.channel.ChannelManager - Adding key: http://localhost:47263 for channel [id: 0x5f9b9e58, L:/127.0.0.1:55134 - R:localhost/127.0.0.1:47263]
18:27:10.841 [Forwarding findChildElement on session 238a4d0c2a0841fb1f0fdba08771013c to remote] DEBUG org.asynchttpclient.netty.request.NettyRequestSender - Using pooled Channel '[id: 0x5f9b9e58, L:/127.0.0.1:55134 - R:localhost/127.0.0.1:47263]' for 'POST' to 'http://localhost:47263/session/238a4d0c2a0841fb1f0fdba08771013c/element/9f39c91d-746a-4cf6-b22e-370bbe6e9dff/element'
18:27:10.841 [Forwarding findChildElement on session 238a4d0c2a0841fb1f0fdba08771013c to remote] DEBUG org.asynchttpclient.netty.request.NettyRequestSender - Using open Channel [id: 0x5f9b9e58, L:/127.0.0.1:55134 - R:localhost/127.0.0.1:47263] for POST '/session/238a4d0c2a0841fb1f0fdba08771013c/element/9f39c91d-746a-4cf6-b22e-370bbe6e9dff/element'
18:27:10.875 [AsyncHttpClient-1-7] DEBUG org.asynchttpclient.netty.handler.HttpHandler - 

Request DefaultHttpRequest(decodeResult: success, version: HTTP/1.1)
POST /session/238a4d0c2a0841fb1f0fdba08771013c/element/9f39c91d-746a-4cf6-b22e-370bbe6e9dff/element HTTP/1.1
User-Agent: selenium/4.5.3 (java mac)
Content-Length: 106
Content-Type: application/json; charset=utf-8
host: localhost:47263
accept: */*

Response DefaultHttpResponse(decodeResult: success, version: HTTP/1.1)
HTTP/1.1 200 OK
Content-Length: 88
Content-Type: application/json; charset=utf-8
cache-control: no-cache

18:27:10.875 [AsyncHttpClient-1-7] DEBUG org.asynchttpclient.netty.channel.ChannelManager - Adding key: http://localhost:47263 for channel [id: 0x5f9b9e58, L:/127.0.0.1:55134 - R:localhost/127.0.0.1:47263]
18:27:10.877 [Forwarding getElementText on session 238a4d0c2a0841fb1f0fdba08771013c to remote] DEBUG org.asynchttpclient.netty.request.NettyRequestSender - Using pooled Channel '[id: 0x5f9b9e58, L:/127.0.0.1:55134 - R:localhost/127.0.0.1:47263]' for 'GET' to 'http://localhost:47263/session/238a4d0c2a0841fb1f0fdba08771013c/element/1d139f6e-ef57-4e1c-b224-023ab7303969/text'
18:27:10.877 [Forwarding getElementText on session 238a4d0c2a0841fb1f0fdba08771013c to remote] DEBUG org.asynchttpclient.netty.request.NettyRequestSender - Using open Channel [id: 0x5f9b9e58, L:/127.0.0.1:55134 - R:localhost/127.0.0.1:47263] for GET '/session/238a4d0c2a0841fb1f0fdba08771013c/element/1d139f6e-ef57-4e1c-b224-023ab7303969/text'
18:27:10.978 [AsyncHttpClient-1-7] DEBUG org.asynchttpclient.netty.handler.HttpHandler - 

Request DefaultFullHttpRequest(decodeResult: success, version: HTTP/1.1, content: EmptyByteBufBE)
GET /session/238a4d0c2a0841fb1f0fdba08771013c/element/1d139f6e-ef57-4e1c-b224-023ab7303969/text HTTP/1.1
User-Agent: selenium/4.5.3 (java mac)
Cache-Control: no-cache
Content-Type: application/json; charset=utf-8
host: localhost:47263
accept: */*

Response DefaultHttpResponse(decodeResult: success, version: HTTP/1.1)
HTTP/1.1 200 OK
Content-Length: 66
Content-Type: application/json; charset=utf-8
cache-control: no-cache

18:27:10.979 [AsyncHttpClient-1-7] DEBUG org.asynchttpclient.netty.channel.ChannelManager - Adding key: http://localhost:47263 for channel [id: 0x5f9b9e58, L:/127.0.0.1:55134 - R:localhost/127.0.0.1:47263]
18:27:11.511 [Forwarding findChildElement on session 238a4d0c2a0841fb1f0fdba08771013c to remote] DEBUG org.asynchttpclient.netty.request.NettyRequestSender - Using pooled Channel '[id: 0x5f9b9e58, L:/127.0.0.1:55134 - R:localhost/127.0.0.1:47263]' for 'POST' to 'http://localhost:47263/session/238a4d0c2a0841fb1f0fdba08771013c/element/9f39c91d-746a-4cf6-b22e-370bbe6e9dff/element'
18:27:11.511 [Forwarding findChildElement on session 238a4d0c2a0841fb1f0fdba08771013c to remote] DEBUG org.asynchttpclient.netty.request.NettyRequestSender - Using open Channel [id: 0x5f9b9e58, L:/127.0.0.1:55134 - R:localhost/127.0.0.1:47263] for POST '/session/238a4d0c2a0841fb1f0fdba08771013c/element/9f39c91d-746a-4cf6-b22e-370bbe6e9dff/element'
18:27:11.534 [AsyncHttpClient-1-7] DEBUG org.asynchttpclient.netty.handler.HttpHandler - 

Request DefaultHttpRequest(decodeResult: success, version: HTTP/1.1)
POST /session/238a4d0c2a0841fb1f0fdba08771013c/element/9f39c91d-746a-4cf6-b22e-370bbe6e9dff/element HTTP/1.1
User-Agent: selenium/4.5.3 (java mac)
Content-Length: 106
Content-Type: application/json; charset=utf-8
host: localhost:47263
accept: */*

Response DefaultHttpResponse(decodeResult: success, version: HTTP/1.1)
HTTP/1.1 200 OK
Content-Length: 88
Content-Type: application/json; charset=utf-8
cache-control: no-cache

18:27:11.534 [AsyncHttpClient-1-7] DEBUG org.asynchttpclient.netty.channel.ChannelManager - Adding key: http://localhost:47263 for channel [id: 0x5f9b9e58, L:/127.0.0.1:55134 - R:localhost/127.0.0.1:47263]
18:27:11.535 [Forwarding getElementText on session 238a4d0c2a0841fb1f0fdba08771013c to remote] DEBUG org.asynchttpclient.netty.request.NettyRequestSender - Using pooled Channel '[id: 0x5f9b9e58, L:/127.0.0.1:55134 - R:localhost/127.0.0.1:47263]' for 'GET' to 'http://localhost:47263/session/238a4d0c2a0841fb1f0fdba08771013c/element/34dfa6c6-8bd8-462e-aa2e-88ca8f7af69c/text'
18:27:11.535 [Forwarding getElementText on session 238a4d0c2a0841fb1f0fdba08771013c to remote] DEBUG org.asynchttpclient.netty.request.NettyRequestSender - Using open Channel [id: 0x5f9b9e58, L:/127.0.0.1:55134 - R:localhost/127.0.0.1:47263] for GET '/session/238a4d0c2a0841fb1f0fdba08771013c/element/34dfa6c6-8bd8-462e-aa2e-88ca8f7af69c/text'
18:27:11.564 [AsyncHttpClient-1-7] DEBUG org.asynchttpclient.netty.handler.HttpHandler - 

Request DefaultFullHttpRequest(decodeResult: success, version: HTTP/1.1, content: EmptyByteBufBE)
GET /session/238a4d0c2a0841fb1f0fdba08771013c/element/34dfa6c6-8bd8-462e-aa2e-88ca8f7af69c/text HTTP/1.1
User-Agent: selenium/4.5.3 (java mac)
Cache-Control: no-cache
Content-Type: application/json; charset=utf-8
host: localhost:47263
accept: */*

Response DefaultHttpResponse(decodeResult: success, version: HTTP/1.1)
HTTP/1.1 200 OK
Content-Length: 19
Content-Type: application/json; charset=utf-8
cache-control: no-cache

18:27:11.564 [AsyncHttpClient-1-7] DEBUG org.asynchttpclient.netty.channel.ChannelManager - Adding key: http://localhost:47263 for channel [id: 0x5f9b9e58, L:/127.0.0.1:55134 - R:localhost/127.0.0.1:47263]
18:27:11.567 [Forwarding findChildElement on session 238a4d0c2a0841fb1f0fdba08771013c to remote] DEBUG org.asynchttpclient.netty.request.NettyRequestSender - Using pooled Channel '[id: 0x5f9b9e58, L:/127.0.0.1:55134 - R:localhost/127.0.0.1:47263]' for 'POST' to 'http://localhost:47263/session/238a4d0c2a0841fb1f0fdba08771013c/element/4aacca62-510f-4563-831b-9e68ef9b8549/element'
18:27:11.567 [Forwarding findChildElement on session 238a4d0c2a0841fb1f0fdba08771013c to remote] DEBUG org.asynchttpclient.netty.request.NettyRequestSender - Using open Channel [id: 0x5f9b9e58, L:/127.0.0.1:55134 - R:localhost/127.0.0.1:47263] for POST '/session/238a4d0c2a0841fb1f0fdba08771013c/element/4aacca62-510f-4563-831b-9e68ef9b8549/element'
18:27:11.582 [AsyncHttpClient-1-7] DEBUG org.asynchttpclient.netty.handler.HttpHandler - 

Request DefaultHttpRequest(decodeResult: success, version: HTTP/1.1)
POST /session/238a4d0c2a0841fb1f0fdba08771013c/element/4aacca62-510f-4563-831b-9e68ef9b8549/element HTTP/1.1
User-Agent: selenium/4.5.3 (java mac)
Content-Length: 106
Content-Type: application/json; charset=utf-8
host: localhost:47263
accept: */*

Response DefaultHttpResponse(decodeResult: success, version: HTTP/1.1)
HTTP/1.1 200 OK
Content-Length: 88
Content-Type: application/json; charset=utf-8
cache-control: no-cache

18:27:11.583 [AsyncHttpClient-1-7] DEBUG org.asynchttpclient.netty.channel.ChannelManager - Adding key: http://localhost:47263 for channel [id: 0x5f9b9e58, L:/127.0.0.1:55134 - R:localhost/127.0.0.1:47263]
18:27:11.583 [Forwarding getElementText on session 238a4d0c2a0841fb1f0fdba08771013c to remote] DEBUG org.asynchttpclient.netty.request.NettyRequestSender - Using pooled Channel '[id: 0x5f9b9e58, L:/127.0.0.1:55134 - R:localhost/127.0.0.1:47263]' for 'GET' to 'http://localhost:47263/session/238a4d0c2a0841fb1f0fdba08771013c/element/0b8bdd7b-fd9e-4f71-8948-3b0be3b417db/text'
18:27:11.583 [Forwarding getElementText on session 238a4d0c2a0841fb1f0fdba08771013c to remote] DEBUG org.asynchttpclient.netty.request.NettyRequestSender - Using open Channel [id: 0x5f9b9e58, L:/127.0.0.1:55134 - R:localhost/127.0.0.1:47263] for GET '/session/238a4d0c2a0841fb1f0fdba08771013c/element/0b8bdd7b-fd9e-4f71-8948-3b0be3b417db/text'
18:27:11.602 [AsyncHttpClient-1-7] DEBUG org.asynchttpclient.netty.handler.HttpHandler - 

Request DefaultFullHttpRequest(decodeResult: success, version: HTTP/1.1, content: EmptyByteBufBE)
GET /session/238a4d0c2a0841fb1f0fdba08771013c/element/0b8bdd7b-fd9e-4f71-8948-3b0be3b417db/text HTTP/1.1
User-Agent: selenium/4.5.3 (java mac)
Cache-Control: no-cache
Content-Type: application/json; charset=utf-8
host: localhost:47263
accept: */*

Response DefaultHttpResponse(decodeResult: success, version: HTTP/1.1)
HTTP/1.1 200 OK
Content-Length: 71
Content-Type: application/json; charset=utf-8
cache-control: no-cache

18:27:11.602 [AsyncHttpClient-1-7] DEBUG org.asynchttpclient.netty.channel.ChannelManager - Adding key: http://localhost:47263 for channel [id: 0x5f9b9e58, L:/127.0.0.1:55134 - R:localhost/127.0.0.1:47263]
18:27:11.609 [Forwarding findChildElement on session 238a4d0c2a0841fb1f0fdba08771013c to remote] DEBUG org.asynchttpclient.netty.request.NettyRequestSender - Using pooled Channel '[id: 0x5f9b9e58, L:/127.0.0.1:55134 - R:localhost/127.0.0.1:47263]' for 'POST' to 'http://localhost:47263/session/238a4d0c2a0841fb1f0fdba08771013c/element/4aacca62-510f-4563-831b-9e68ef9b8549/element'
18:27:11.610 [Forwarding findChildElement on session 238a4d0c2a0841fb1f0fdba08771013c to remote] DEBUG org.asynchttpclient.netty.request.NettyRequestSender - Using open Channel [id: 0x5f9b9e58, L:/127.0.0.1:55134 - R:localhost/127.0.0.1:47263] for POST '/session/238a4d0c2a0841fb1f0fdba08771013c/element/4aacca62-510f-4563-831b-9e68ef9b8549/element'
18:27:11.622 [AsyncHttpClient-1-7] DEBUG org.asynchttpclient.netty.handler.HttpHandler - 

Request DefaultHttpRequest(decodeResult: success, version: HTTP/1.1)
POST /session/238a4d0c2a0841fb1f0fdba08771013c/element/4aacca62-510f-4563-831b-9e68ef9b8549/element HTTP/1.1
User-Agent: selenium/4.5.3 (java mac)
Content-Length: 106
Content-Type: application/json; charset=utf-8
host: localhost:47263
accept: */*

Response DefaultHttpResponse(decodeResult: success, version: HTTP/1.1)
HTTP/1.1 200 OK
Content-Length: 88
Content-Type: application/json; charset=utf-8
cache-control: no-cache

18:27:11.622 [AsyncHttpClient-1-7] DEBUG org.asynchttpclient.netty.channel.ChannelManager - Adding key: http://localhost:47263 for channel [id: 0x5f9b9e58, L:/127.0.0.1:55134 - R:localhost/127.0.0.1:47263]
18:27:11.623 [Forwarding getElementText on session 238a4d0c2a0841fb1f0fdba08771013c to remote] DEBUG org.asynchttpclient.netty.request.NettyRequestSender - Using pooled Channel '[id: 0x5f9b9e58, L:/127.0.0.1:55134 - R:localhost/127.0.0.1:47263]' for 'GET' to 'http://localhost:47263/session/238a4d0c2a0841fb1f0fdba08771013c/element/a0adf766-d858-4709-bc96-bf0b1c3a82e3/text'
18:27:11.623 [Forwarding getElementText on session 238a4d0c2a0841fb1f0fdba08771013c to remote] DEBUG org.asynchttpclient.netty.request.NettyRequestSender - Using open Channel [id: 0x5f9b9e58, L:/127.0.0.1:55134 - R:localhost/127.0.0.1:47263] for GET '/session/238a4d0c2a0841fb1f0fdba08771013c/element/a0adf766-d858-4709-bc96-bf0b1c3a82e3/text'
18:27:11.663 [AsyncHttpClient-1-7] DEBUG org.asynchttpclient.netty.handler.HttpHandler - 

Request DefaultFullHttpRequest(decodeResult: success, version: HTTP/1.1, content: EmptyByteBufBE)
GET /session/238a4d0c2a0841fb1f0fdba08771013c/element/a0adf766-d858-4709-bc96-bf0b1c3a82e3/text HTTP/1.1
User-Agent: selenium/4.5.3 (java mac)
Cache-Control: no-cache
Content-Type: application/json; charset=utf-8
host: localhost:47263
accept: */*

Response DefaultHttpResponse(decodeResult: success, version: HTTP/1.1)
HTTP/1.1 200 OK
Content-Length: 19
Content-Type: application/json; charset=utf-8
cache-control: no-cache

18:27:11.663 [AsyncHttpClient-1-7] DEBUG org.asynchttpclient.netty.channel.ChannelManager - Adding key: http://localhost:47263 for channel [id: 0x5f9b9e58, L:/127.0.0.1:55134 - R:localhost/127.0.0.1:47263]
18:27:11.664 [Forwarding findChildElement on session 238a4d0c2a0841fb1f0fdba08771013c to remote] DEBUG org.asynchttpclient.netty.request.NettyRequestSender - Using pooled Channel '[id: 0x5f9b9e58, L:/127.0.0.1:55134 - R:localhost/127.0.0.1:47263]' for 'POST' to 'http://localhost:47263/session/238a4d0c2a0841fb1f0fdba08771013c/element/d2d02413-27be-4748-951b-1f6ff18393e7/element'
18:27:11.664 [Forwarding findChildElement on session 238a4d0c2a0841fb1f0fdba08771013c to remote] DEBUG org.asynchttpclient.netty.request.NettyRequestSender - Using open Channel [id: 0x5f9b9e58, L:/127.0.0.1:55134 - R:localhost/127.0.0.1:47263] for POST '/session/238a4d0c2a0841fb1f0fdba08771013c/element/d2d02413-27be-4748-951b-1f6ff18393e7/element'
18:27:11.693 [AsyncHttpClient-1-7] DEBUG org.asynchttpclient.netty.handler.HttpHandler - 

Request DefaultHttpRequest(decodeResult: success, version: HTTP/1.1)
POST /session/238a4d0c2a0841fb1f0fdba08771013c/element/d2d02413-27be-4748-951b-1f6ff18393e7/element HTTP/1.1
User-Agent: selenium/4.5.3 (java mac)
Content-Length: 106
Content-Type: application/json; charset=utf-8
host: localhost:47263
accept: */*

Response DefaultHttpResponse(decodeResult: success, version: HTTP/1.1)
HTTP/1.1 200 OK
Content-Length: 88
Content-Type: application/json; charset=utf-8
cache-control: no-cache

18:27:11.693 [AsyncHttpClient-1-7] DEBUG org.asynchttpclient.netty.channel.ChannelManager - Adding key: http://localhost:47263 for channel [id: 0x5f9b9e58, L:/127.0.0.1:55134 - R:localhost/127.0.0.1:47263]
18:27:11.694 [Forwarding getElementText on session 238a4d0c2a0841fb1f0fdba08771013c to remote] DEBUG org.asynchttpclient.netty.request.NettyRequestSender - Using pooled Channel '[id: 0x5f9b9e58, L:/127.0.0.1:55134 - R:localhost/127.0.0.1:47263]' for 'GET' to 'http://localhost:47263/session/238a4d0c2a0841fb1f0fdba08771013c/element/e802f3c6-73be-45d4-a6b3-6d95498d0612/text'
18:27:11.694 [Forwarding getElementText on session 238a4d0c2a0841fb1f0fdba08771013c to remote] DEBUG org.asynchttpclient.netty.request.NettyRequestSender - Using open Channel [id: 0x5f9b9e58, L:/127.0.0.1:55134 - R:localhost/127.0.0.1:47263] for GET '/session/238a4d0c2a0841fb1f0fdba08771013c/element/e802f3c6-73be-45d4-a6b3-6d95498d0612/text'
18:27:11.712 [AsyncHttpClient-1-7] DEBUG org.asynchttpclient.netty.handler.HttpHandler - 

Request DefaultFullHttpRequest(decodeResult: success, version: HTTP/1.1, content: EmptyByteBufBE)
GET /session/238a4d0c2a0841fb1f0fdba08771013c/element/e802f3c6-73be-45d4-a6b3-6d95498d0612/text HTTP/1.1
User-Agent: selenium/4.5.3 (java mac)
Cache-Control: no-cache
Content-Type: application/json; charset=utf-8
host: localhost:47263
accept: */*

Response DefaultHttpResponse(decodeResult: success, version: HTTP/1.1)
HTTP/1.1 200 OK
Content-Length: 55
Content-Type: application/json; charset=utf-8
cache-control: no-cache

18:27:11.712 [AsyncHttpClient-1-7] DEBUG org.asynchttpclient.netty.channel.ChannelManager - Adding key: http://localhost:47263 for channel [id: 0x5f9b9e58, L:/127.0.0.1:55134 - R:localhost/127.0.0.1:47263]
18:27:11.713 [Forwarding findChildElement on session 238a4d0c2a0841fb1f0fdba08771013c to remote] DEBUG org.asynchttpclient.netty.request.NettyRequestSender - Using pooled Channel '[id: 0x5f9b9e58, L:/127.0.0.1:55134 - R:localhost/127.0.0.1:47263]' for 'POST' to 'http://localhost:47263/session/238a4d0c2a0841fb1f0fdba08771013c/element/d2d02413-27be-4748-951b-1f6ff18393e7/element'
18:27:11.713 [Forwarding findChildElement on session 238a4d0c2a0841fb1f0fdba08771013c to remote] DEBUG org.asynchttpclient.netty.request.NettyRequestSender - Using open Channel [id: 0x5f9b9e58, L:/127.0.0.1:55134 - R:localhost/127.0.0.1:47263] for POST '/session/238a4d0c2a0841fb1f0fdba08771013c/element/d2d02413-27be-4748-951b-1f6ff18393e7/element'
18:27:11.715 [AsyncHttpClient-1-1] DEBUG org.asynchttpclient.netty.channel.DefaultChannelPool - Entry count for : http://localhost:8354 : 1
18:27:11.716 [AsyncHttpClient-1-1] DEBUG org.asynchttpclient.netty.channel.DefaultChannelPool - Entry count for : http://localhost:55138 : 1
18:27:11.734 [AsyncHttpClient-1-7] DEBUG org.asynchttpclient.netty.handler.HttpHandler - 

Request DefaultHttpRequest(decodeResult: success, version: HTTP/1.1)
POST /session/238a4d0c2a0841fb1f0fdba08771013c/element/d2d02413-27be-4748-951b-1f6ff18393e7/element HTTP/1.1
User-Agent: selenium/4.5.3 (java mac)
Content-Length: 106
Content-Type: application/json; charset=utf-8
host: localhost:47263
accept: */*

Response DefaultHttpResponse(decodeResult: success, version: HTTP/1.1)
HTTP/1.1 200 OK
Content-Length: 88
Content-Type: application/json; charset=utf-8
cache-control: no-cache

18:27:11.734 [AsyncHttpClient-1-7] DEBUG org.asynchttpclient.netty.channel.ChannelManager - Adding key: http://localhost:47263 for channel [id: 0x5f9b9e58, L:/127.0.0.1:55134 - R:localhost/127.0.0.1:47263]
18:27:11.735 [Forwarding getElementText on session 238a4d0c2a0841fb1f0fdba08771013c to remote] DEBUG org.asynchttpclient.netty.request.NettyRequestSender - Using pooled Channel '[id: 0x5f9b9e58, L:/127.0.0.1:55134 - R:localhost/127.0.0.1:47263]' for 'GET' to 'http://localhost:47263/session/238a4d0c2a0841fb1f0fdba08771013c/element/d2aa6282-0d90-4b15-add8-f7b5422468b9/text'
18:27:11.736 [Forwarding getElementText on session 238a4d0c2a0841fb1f0fdba08771013c to remote] DEBUG org.asynchttpclient.netty.request.NettyRequestSender - Using open Channel [id: 0x5f9b9e58, L:/127.0.0.1:55134 - R:localhost/127.0.0.1:47263] for GET '/session/238a4d0c2a0841fb1f0fdba08771013c/element/d2aa6282-0d90-4b15-add8-f7b5422468b9/text'
18:27:11.759 [AsyncHttpClient-1-7] DEBUG org.asynchttpclient.netty.handler.HttpHandler - 

Request DefaultFullHttpRequest(decodeResult: success, version: HTTP/1.1, content: EmptyByteBufBE)
GET /session/238a4d0c2a0841fb1f0fdba08771013c/element/d2aa6282-0d90-4b15-add8-f7b5422468b9/text HTTP/1.1
User-Agent: selenium/4.5.3 (java mac)
Cache-Control: no-cache
Content-Type: application/json; charset=utf-8
host: localhost:47263
accept: */*

Response DefaultHttpResponse(decodeResult: success, version: HTTP/1.1)
HTTP/1.1 200 OK
Content-Length: 19
Content-Type: application/json; charset=utf-8
cache-control: no-cache

18:27:11.761 [AsyncHttpClient-1-7] DEBUG org.asynchttpclient.netty.channel.ChannelManager - Adding key: http://localhost:47263 for channel [id: 0x5f9b9e58, L:/127.0.0.1:55134 - R:localhost/127.0.0.1:47263]
18:27:11.771 [Forwarding findChildElement on session 238a4d0c2a0841fb1f0fdba08771013c to remote] DEBUG org.asynchttpclient.netty.request.NettyRequestSender - Using pooled Channel '[id: 0x5f9b9e58, L:/127.0.0.1:55134 - R:localhost/127.0.0.1:47263]' for 'POST' to 'http://localhost:47263/session/238a4d0c2a0841fb1f0fdba08771013c/element/45709930-59e8-4115-a746-080fbb8e531a/element'
18:27:11.771 [Forwarding findChildElement on session 238a4d0c2a0841fb1f0fdba08771013c to remote] DEBUG org.asynchttpclient.netty.request.NettyRequestSender - Using open Channel [id: 0x5f9b9e58, L:/127.0.0.1:55134 - R:localhost/127.0.0.1:47263] for POST '/session/238a4d0c2a0841fb1f0fdba08771013c/element/45709930-59e8-4115-a746-080fbb8e531a/element'
18:27:11.832 [AsyncHttpClient-1-7] DEBUG org.asynchttpclient.netty.handler.HttpHandler - 

Request DefaultHttpRequest(decodeResult: success, version: HTTP/1.1)
POST /session/238a4d0c2a0841fb1f0fdba08771013c/element/45709930-59e8-4115-a746-080fbb8e531a/element HTTP/1.1
User-Agent: selenium/4.5.3 (java mac)
Content-Length: 106
Content-Type: application/json; charset=utf-8
host: localhost:47263
accept: */*

Response DefaultHttpResponse(decodeResult: success, version: HTTP/1.1)
HTTP/1.1 200 OK
Content-Length: 88
Content-Type: application/json; charset=utf-8
cache-control: no-cache

18:27:11.833 [AsyncHttpClient-1-7] DEBUG org.asynchttpclient.netty.channel.ChannelManager - Adding key: http://localhost:47263 for channel [id: 0x5f9b9e58, L:/127.0.0.1:55134 - R:localhost/127.0.0.1:47263]
18:27:11.834 [Forwarding getElementText on session 238a4d0c2a0841fb1f0fdba08771013c to remote] DEBUG org.asynchttpclient.netty.request.NettyRequestSender - Using pooled Channel '[id: 0x5f9b9e58, L:/127.0.0.1:55134 - R:localhost/127.0.0.1:47263]' for 'GET' to 'http://localhost:47263/session/238a4d0c2a0841fb1f0fdba08771013c/element/ef6c7b8f-112d-4ffe-844b-d85695b6b24a/text'
18:27:11.834 [Forwarding getElementText on session 238a4d0c2a0841fb1f0fdba08771013c to remote] DEBUG org.asynchttpclient.netty.request.NettyRequestSender - Using open Channel [id: 0x5f9b9e58, L:/127.0.0.1:55134 - R:localhost/127.0.0.1:47263] for GET '/session/238a4d0c2a0841fb1f0fdba08771013c/element/ef6c7b8f-112d-4ffe-844b-d85695b6b24a/text'
18:27:11.878 [AsyncHttpClient-1-7] DEBUG org.asynchttpclient.netty.handler.HttpHandler - 

Request DefaultFullHttpRequest(decodeResult: success, version: HTTP/1.1, content: EmptyByteBufBE)
GET /session/238a4d0c2a0841fb1f0fdba08771013c/element/ef6c7b8f-112d-4ffe-844b-d85695b6b24a/text HTTP/1.1
User-Agent: selenium/4.5.3 (java mac)
Cache-Control: no-cache
Content-Type: application/json; charset=utf-8
host: localhost:47263
accept: */*

Response DefaultHttpResponse(decodeResult: success, version: HTTP/1.1)
HTTP/1.1 200 OK
Content-Length: 90
Content-Type: application/json; charset=utf-8
cache-control: no-cache

18:27:11.879 [AsyncHttpClient-1-7] DEBUG org.asynchttpclient.netty.channel.ChannelManager - Adding key: http://localhost:47263 for channel [id: 0x5f9b9e58, L:/127.0.0.1:55134 - R:localhost/127.0.0.1:47263]
18:27:11.880 [Forwarding findChildElement on session 238a4d0c2a0841fb1f0fdba08771013c to remote] DEBUG org.asynchttpclient.netty.request.NettyRequestSender - Using pooled Channel '[id: 0x5f9b9e58, L:/127.0.0.1:55134 - R:localhost/127.0.0.1:47263]' for 'POST' to 'http://localhost:47263/session/238a4d0c2a0841fb1f0fdba08771013c/element/45709930-59e8-4115-a746-080fbb8e531a/element'
18:27:11.880 [Forwarding findChildElement on session 238a4d0c2a0841fb1f0fdba08771013c to remote] DEBUG org.asynchttpclient.netty.request.NettyRequestSender - Using open Channel [id: 0x5f9b9e58, L:/127.0.0.1:55134 - R:localhost/127.0.0.1:47263] for POST '/session/238a4d0c2a0841fb1f0fdba08771013c/element/45709930-59e8-4115-a746-080fbb8e531a/element'
18:27:11.926 [AsyncHttpClient-1-7] DEBUG org.asynchttpclient.netty.handler.HttpHandler - 

Request DefaultHttpRequest(decodeResult: success, version: HTTP/1.1)
POST /session/238a4d0c2a0841fb1f0fdba08771013c/element/45709930-59e8-4115-a746-080fbb8e531a/element HTTP/1.1
User-Agent: selenium/4.5.3 (java mac)
Content-Length: 106
Content-Type: application/json; charset=utf-8
host: localhost:47263
accept: */*

Response DefaultHttpResponse(decodeResult: success, version: HTTP/1.1)
HTTP/1.1 200 OK
Content-Length: 88
Content-Type: application/json; charset=utf-8
cache-control: no-cache

18:27:11.926 [AsyncHttpClient-1-7] DEBUG org.asynchttpclient.netty.channel.ChannelManager - Adding key: http://localhost:47263 for channel [id: 0x5f9b9e58, L:/127.0.0.1:55134 - R:localhost/127.0.0.1:47263]
18:27:11.928 [Forwarding getElementText on session 238a4d0c2a0841fb1f0fdba08771013c to remote] DEBUG org.asynchttpclient.netty.request.NettyRequestSender - Using pooled Channel '[id: 0x5f9b9e58, L:/127.0.0.1:55134 - R:localhost/127.0.0.1:47263]' for 'GET' to 'http://localhost:47263/session/238a4d0c2a0841fb1f0fdba08771013c/element/d72009c3-72e8-4f37-8acb-1c958a01b498/text'
18:27:11.929 [Forwarding getElementText on session 238a4d0c2a0841fb1f0fdba08771013c to remote] DEBUG org.asynchttpclient.netty.request.NettyRequestSender - Using open Channel [id: 0x5f9b9e58, L:/127.0.0.1:55134 - R:localhost/127.0.0.1:47263] for GET '/session/238a4d0c2a0841fb1f0fdba08771013c/element/d72009c3-72e8-4f37-8acb-1c958a01b498/text'
18:27:11.956 [AsyncHttpClient-1-7] DEBUG org.asynchttpclient.netty.handler.HttpHandler - 

Request DefaultFullHttpRequest(decodeResult: success, version: HTTP/1.1, content: EmptyByteBufBE)
GET /session/238a4d0c2a0841fb1f0fdba08771013c/element/d72009c3-72e8-4f37-8acb-1c958a01b498/text HTTP/1.1
User-Agent: selenium/4.5.3 (java mac)
Cache-Control: no-cache
Content-Type: application/json; charset=utf-8
host: localhost:47263
accept: */*

Response DefaultHttpResponse(decodeResult: success, version: HTTP/1.1)
HTTP/1.1 200 OK
Content-Length: 30
Content-Type: application/json; charset=utf-8
cache-control: no-cache

18:27:11.957 [AsyncHttpClient-1-7] DEBUG org.asynchttpclient.netty.channel.ChannelManager - Adding key: http://localhost:47263 for channel [id: 0x5f9b9e58, L:/127.0.0.1:55134 - R:localhost/127.0.0.1:47263]
18:27:11.966 [Forwarding findChildElement on session 238a4d0c2a0841fb1f0fdba08771013c to remote] DEBUG org.asynchttpclient.netty.request.NettyRequestSender - Using pooled Channel '[id: 0x5f9b9e58, L:/127.0.0.1:55134 - R:localhost/127.0.0.1:47263]' for 'POST' to 'http://localhost:47263/session/238a4d0c2a0841fb1f0fdba08771013c/element/f0528928-0f11-4db8-9a88-cbb03498b936/element'
18:27:11.966 [Forwarding findChildElement on session 238a4d0c2a0841fb1f0fdba08771013c to remote] DEBUG org.asynchttpclient.netty.request.NettyRequestSender - Using open Channel [id: 0x5f9b9e58, L:/127.0.0.1:55134 - R:localhost/127.0.0.1:47263] for POST '/session/238a4d0c2a0841fb1f0fdba08771013c/element/f0528928-0f11-4db8-9a88-cbb03498b936/element'
18:27:11.995 [AsyncHttpClient-1-7] DEBUG org.asynchttpclient.netty.handler.HttpHandler - 

Request DefaultHttpRequest(decodeResult: success, version: HTTP/1.1)
POST /session/238a4d0c2a0841fb1f0fdba08771013c/element/f0528928-0f11-4db8-9a88-cbb03498b936/element HTTP/1.1
User-Agent: selenium/4.5.3 (java mac)
Content-Length: 106
Content-Type: application/json; charset=utf-8
host: localhost:47263
accept: */*

Response DefaultHttpResponse(decodeResult: success, version: HTTP/1.1)
HTTP/1.1 200 OK
Content-Length: 88
Content-Type: application/json; charset=utf-8
cache-control: no-cache

18:27:11.995 [AsyncHttpClient-1-7] DEBUG org.asynchttpclient.netty.channel.ChannelManager - Adding key: http://localhost:47263 for channel [id: 0x5f9b9e58, L:/127.0.0.1:55134 - R:localhost/127.0.0.1:47263]
18:27:11.996 [Forwarding getElementText on session 238a4d0c2a0841fb1f0fdba08771013c to remote] DEBUG org.asynchttpclient.netty.request.NettyRequestSender - Using pooled Channel '[id: 0x5f9b9e58, L:/127.0.0.1:55134 - R:localhost/127.0.0.1:47263]' for 'GET' to 'http://localhost:47263/session/238a4d0c2a0841fb1f0fdba08771013c/element/fe572398-e029-4832-91e5-8414a7034f67/text'
18:27:11.996 [Forwarding getElementText on session 238a4d0c2a0841fb1f0fdba08771013c to remote] DEBUG org.asynchttpclient.netty.request.NettyRequestSender - Using open Channel [id: 0x5f9b9e58, L:/127.0.0.1:55134 - R:localhost/127.0.0.1:47263] for GET '/session/238a4d0c2a0841fb1f0fdba08771013c/element/fe572398-e029-4832-91e5-8414a7034f67/text'
18:27:12.026 [AsyncHttpClient-1-7] DEBUG org.asynchttpclient.netty.handler.HttpHandler - 

Request DefaultFullHttpRequest(decodeResult: success, version: HTTP/1.1, content: EmptyByteBufBE)
GET /session/238a4d0c2a0841fb1f0fdba08771013c/element/fe572398-e029-4832-91e5-8414a7034f67/text HTTP/1.1
User-Agent: selenium/4.5.3 (java mac)
Cache-Control: no-cache
Content-Type: application/json; charset=utf-8
host: localhost:47263
accept: */*

Response DefaultHttpResponse(decodeResult: success, version: HTTP/1.1)
HTTP/1.1 200 OK
Content-Length: 68
Content-Type: application/json; charset=utf-8
cache-control: no-cache

18:27:12.026 [AsyncHttpClient-1-7] DEBUG org.asynchttpclient.netty.channel.ChannelManager - Adding key: http://localhost:47263 for channel [id: 0x5f9b9e58, L:/127.0.0.1:55134 - R:localhost/127.0.0.1:47263]
18:27:12.032 [Forwarding findChildElement on session 238a4d0c2a0841fb1f0fdba08771013c to remote] DEBUG org.asynchttpclient.netty.request.NettyRequestSender - Using pooled Channel '[id: 0x5f9b9e58, L:/127.0.0.1:55134 - R:localhost/127.0.0.1:47263]' for 'POST' to 'http://localhost:47263/session/238a4d0c2a0841fb1f0fdba08771013c/element/f0528928-0f11-4db8-9a88-cbb03498b936/element'
18:27:12.032 [Forwarding findChildElement on session 238a4d0c2a0841fb1f0fdba08771013c to remote] DEBUG org.asynchttpclient.netty.request.NettyRequestSender - Using open Channel [id: 0x5f9b9e58, L:/127.0.0.1:55134 - R:localhost/127.0.0.1:47263] for POST '/session/238a4d0c2a0841fb1f0fdba08771013c/element/f0528928-0f11-4db8-9a88-cbb03498b936/element'
18:27:12.167 [AsyncHttpClient-1-7] DEBUG org.asynchttpclient.netty.handler.HttpHandler - 

Request DefaultHttpRequest(decodeResult: success, version: HTTP/1.1)
POST /session/238a4d0c2a0841fb1f0fdba08771013c/element/f0528928-0f11-4db8-9a88-cbb03498b936/element HTTP/1.1
User-Agent: selenium/4.5.3 (java mac)
Content-Length: 106
Content-Type: application/json; charset=utf-8
host: localhost:47263
accept: */*

Response DefaultHttpResponse(decodeResult: success, version: HTTP/1.1)
HTTP/1.1 200 OK
Content-Length: 88
Content-Type: application/json; charset=utf-8
cache-control: no-cache

18:27:12.168 [AsyncHttpClient-1-7] DEBUG org.asynchttpclient.netty.channel.ChannelManager - Adding key: http://localhost:47263 for channel [id: 0x5f9b9e58, L:/127.0.0.1:55134 - R:localhost/127.0.0.1:47263]
18:27:12.170 [Forwarding getElementText on session 238a4d0c2a0841fb1f0fdba08771013c to remote] DEBUG org.asynchttpclient.netty.request.NettyRequestSender - Using pooled Channel '[id: 0x5f9b9e58, L:/127.0.0.1:55134 - R:localhost/127.0.0.1:47263]' for 'GET' to 'http://localhost:47263/session/238a4d0c2a0841fb1f0fdba08771013c/element/213e62c9-c26a-4eba-b3e5-f49ffcf394ee/text'
18:27:12.170 [Forwarding getElementText on session 238a4d0c2a0841fb1f0fdba08771013c to remote] DEBUG org.asynchttpclient.netty.request.NettyRequestSender - Using open Channel [id: 0x5f9b9e58, L:/127.0.0.1:55134 - R:localhost/127.0.0.1:47263] for GET '/session/238a4d0c2a0841fb1f0fdba08771013c/element/213e62c9-c26a-4eba-b3e5-f49ffcf394ee/text'
18:27:12.193 [AsyncHttpClient-1-7] DEBUG org.asynchttpclient.netty.handler.HttpHandler - 

Request DefaultFullHttpRequest(decodeResult: success, version: HTTP/1.1, content: EmptyByteBufBE)
GET /session/238a4d0c2a0841fb1f0fdba08771013c/element/213e62c9-c26a-4eba-b3e5-f49ffcf394ee/text HTTP/1.1
User-Agent: selenium/4.5.3 (java mac)
Cache-Control: no-cache
Content-Type: application/json; charset=utf-8
host: localhost:47263
accept: */*

Response DefaultHttpResponse(decodeResult: success, version: HTTP/1.1)
HTTP/1.1 200 OK
Content-Length: 19
Content-Type: application/json; charset=utf-8
cache-control: no-cache

18:27:12.193 [AsyncHttpClient-1-7] DEBUG org.asynchttpclient.netty.channel.ChannelManager - Adding key: http://localhost:47263 for channel [id: 0x5f9b9e58, L:/127.0.0.1:55134 - R:localhost/127.0.0.1:47263]
18:27:12.194 [Forwarding findChildElement on session 238a4d0c2a0841fb1f0fdba08771013c to remote] DEBUG org.asynchttpclient.netty.request.NettyRequestSender - Using pooled Channel '[id: 0x5f9b9e58, L:/127.0.0.1:55134 - R:localhost/127.0.0.1:47263]' for 'POST' to 'http://localhost:47263/session/238a4d0c2a0841fb1f0fdba08771013c/element/f146de79-8279-42bc-95c7-b67f56570ba8/element'
18:27:12.194 [Forwarding findChildElement on session 238a4d0c2a0841fb1f0fdba08771013c to remote] DEBUG org.asynchttpclient.netty.request.NettyRequestSender - Using open Channel [id: 0x5f9b9e58, L:/127.0.0.1:55134 - R:localhost/127.0.0.1:47263] for POST '/session/238a4d0c2a0841fb1f0fdba08771013c/element/f146de79-8279-42bc-95c7-b67f56570ba8/element'
18:27:12.216 [AsyncHttpClient-1-7] DEBUG org.asynchttpclient.netty.handler.HttpHandler - 

Request DefaultHttpRequest(decodeResult: success, version: HTTP/1.1)
POST /session/238a4d0c2a0841fb1f0fdba08771013c/element/f146de79-8279-42bc-95c7-b67f56570ba8/element HTTP/1.1
User-Agent: selenium/4.5.3 (java mac)
Content-Length: 106
Content-Type: application/json; charset=utf-8
host: localhost:47263
accept: */*

Response DefaultHttpResponse(decodeResult: success, version: HTTP/1.1)
HTTP/1.1 200 OK
Content-Length: 88
Content-Type: application/json; charset=utf-8
cache-control: no-cache

18:27:12.217 [AsyncHttpClient-1-7] DEBUG org.asynchttpclient.netty.channel.ChannelManager - Adding key: http://localhost:47263 for channel [id: 0x5f9b9e58, L:/127.0.0.1:55134 - R:localhost/127.0.0.1:47263]
18:27:12.218 [Forwarding getElementText on session 238a4d0c2a0841fb1f0fdba08771013c to remote] DEBUG org.asynchttpclient.netty.request.NettyRequestSender - Using pooled Channel '[id: 0x5f9b9e58, L:/127.0.0.1:55134 - R:localhost/127.0.0.1:47263]' for 'GET' to 'http://localhost:47263/session/238a4d0c2a0841fb1f0fdba08771013c/element/e98632d0-c704-4542-90f2-d732516c0860/text'
18:27:12.218 [Forwarding getElementText on session 238a4d0c2a0841fb1f0fdba08771013c to remote] DEBUG org.asynchttpclient.netty.request.NettyRequestSender - Using open Channel [id: 0x5f9b9e58, L:/127.0.0.1:55134 - R:localhost/127.0.0.1:47263] for GET '/session/238a4d0c2a0841fb1f0fdba08771013c/element/e98632d0-c704-4542-90f2-d732516c0860/text'
18:27:12.246 [AsyncHttpClient-1-7] DEBUG org.asynchttpclient.netty.handler.HttpHandler - 

Request DefaultFullHttpRequest(decodeResult: success, version: HTTP/1.1, content: EmptyByteBufBE)
GET /session/238a4d0c2a0841fb1f0fdba08771013c/element/e98632d0-c704-4542-90f2-d732516c0860/text HTTP/1.1
User-Agent: selenium/4.5.3 (java mac)
Cache-Control: no-cache
Content-Type: application/json; charset=utf-8
host: localhost:47263
accept: */*

Response DefaultHttpResponse(decodeResult: success, version: HTTP/1.1)
HTTP/1.1 200 OK
Content-Length: 72
Content-Type: application/json; charset=utf-8
cache-control: no-cache

18:27:12.246 [AsyncHttpClient-1-7] DEBUG org.asynchttpclient.netty.channel.ChannelManager - Adding key: http://localhost:47263 for channel [id: 0x5f9b9e58, L:/127.0.0.1:55134 - R:localhost/127.0.0.1:47263]
18:27:12.247 [Forwarding findChildElement on session 238a4d0c2a0841fb1f0fdba08771013c to remote] DEBUG org.asynchttpclient.netty.request.NettyRequestSender - Using pooled Channel '[id: 0x5f9b9e58, L:/127.0.0.1:55134 - R:localhost/127.0.0.1:47263]' for 'POST' to 'http://localhost:47263/session/238a4d0c2a0841fb1f0fdba08771013c/element/f146de79-8279-42bc-95c7-b67f56570ba8/element'
18:27:12.247 [Forwarding findChildElement on session 238a4d0c2a0841fb1f0fdba08771013c to remote] DEBUG org.asynchttpclient.netty.request.NettyRequestSender - Using open Channel [id: 0x5f9b9e58, L:/127.0.0.1:55134 - R:localhost/127.0.0.1:47263] for POST '/session/238a4d0c2a0841fb1f0fdba08771013c/element/f146de79-8279-42bc-95c7-b67f56570ba8/element'
18:27:12.266 [AsyncHttpClient-1-7] DEBUG org.asynchttpclient.netty.handler.HttpHandler - 

Request DefaultHttpRequest(decodeResult: success, version: HTTP/1.1)
POST /session/238a4d0c2a0841fb1f0fdba08771013c/element/f146de79-8279-42bc-95c7-b67f56570ba8/element HTTP/1.1
User-Agent: selenium/4.5.3 (java mac)
Content-Length: 106
Content-Type: application/json; charset=utf-8
host: localhost:47263
accept: */*

Response DefaultHttpResponse(decodeResult: success, version: HTTP/1.1)
HTTP/1.1 200 OK
Content-Length: 88
Content-Type: application/json; charset=utf-8
cache-control: no-cache

18:27:12.266 [AsyncHttpClient-1-7] DEBUG org.asynchttpclient.netty.channel.ChannelManager - Adding key: http://localhost:47263 for channel [id: 0x5f9b9e58, L:/127.0.0.1:55134 - R:localhost/127.0.0.1:47263]
18:27:12.267 [Forwarding getElementText on session 238a4d0c2a0841fb1f0fdba08771013c to remote] DEBUG org.asynchttpclient.netty.request.NettyRequestSender - Using pooled Channel '[id: 0x5f9b9e58, L:/127.0.0.1:55134 - R:localhost/127.0.0.1:47263]' for 'GET' to 'http://localhost:47263/session/238a4d0c2a0841fb1f0fdba08771013c/element/3a457d51-ef76-4055-9173-23f03f94411a/text'
18:27:12.267 [Forwarding getElementText on session 238a4d0c2a0841fb1f0fdba08771013c to remote] DEBUG org.asynchttpclient.netty.request.NettyRequestSender - Using open Channel [id: 0x5f9b9e58, L:/127.0.0.1:55134 - R:localhost/127.0.0.1:47263] for GET '/session/238a4d0c2a0841fb1f0fdba08771013c/element/3a457d51-ef76-4055-9173-23f03f94411a/text'
18:27:12.354 [AsyncHttpClient-1-7] DEBUG org.asynchttpclient.netty.handler.HttpHandler - 

Request DefaultFullHttpRequest(decodeResult: success, version: HTTP/1.1, content: EmptyByteBufBE)
GET /session/238a4d0c2a0841fb1f0fdba08771013c/element/3a457d51-ef76-4055-9173-23f03f94411a/text HTTP/1.1
User-Agent: selenium/4.5.3 (java mac)
Cache-Control: no-cache
Content-Type: application/json; charset=utf-8
host: localhost:47263
accept: */*

Response DefaultHttpResponse(decodeResult: success, version: HTTP/1.1)
HTTP/1.1 200 OK
Content-Length: 28
Content-Type: application/json; charset=utf-8
cache-control: no-cache

18:27:12.354 [AsyncHttpClient-1-7] DEBUG org.asynchttpclient.netty.channel.ChannelManager - Adding key: http://localhost:47263 for channel [id: 0x5f9b9e58, L:/127.0.0.1:55134 - R:localhost/127.0.0.1:47263]
18:27:12.355 [Forwarding findChildElement on session 238a4d0c2a0841fb1f0fdba08771013c to remote] DEBUG org.asynchttpclient.netty.request.NettyRequestSender - Using pooled Channel '[id: 0x5f9b9e58, L:/127.0.0.1:55134 - R:localhost/127.0.0.1:47263]' for 'POST' to 'http://localhost:47263/session/238a4d0c2a0841fb1f0fdba08771013c/element/a1363c85-08aa-42ba-bced-ec64388b5289/element'
18:27:12.355 [Forwarding findChildElement on session 238a4d0c2a0841fb1f0fdba08771013c to remote] DEBUG org.asynchttpclient.netty.request.NettyRequestSender - Using open Channel [id: 0x5f9b9e58, L:/127.0.0.1:55134 - R:localhost/127.0.0.1:47263] for POST '/session/238a4d0c2a0841fb1f0fdba08771013c/element/a1363c85-08aa-42ba-bced-ec64388b5289/element'
18:27:12.370 [AsyncHttpClient-1-7] DEBUG org.asynchttpclient.netty.handler.HttpHandler - 

Request DefaultHttpRequest(decodeResult: success, version: HTTP/1.1)
POST /session/238a4d0c2a0841fb1f0fdba08771013c/element/a1363c85-08aa-42ba-bced-ec64388b5289/element HTTP/1.1
User-Agent: selenium/4.5.3 (java mac)
Content-Length: 106
Content-Type: application/json; charset=utf-8
host: localhost:47263
accept: */*

Response DefaultHttpResponse(decodeResult: success, version: HTTP/1.1)
HTTP/1.1 200 OK
Content-Length: 88
Content-Type: application/json; charset=utf-8
cache-control: no-cache

18:27:12.370 [AsyncHttpClient-1-7] DEBUG org.asynchttpclient.netty.channel.ChannelManager - Adding key: http://localhost:47263 for channel [id: 0x5f9b9e58, L:/127.0.0.1:55134 - R:localhost/127.0.0.1:47263]
18:27:12.371 [Forwarding getElementText on session 238a4d0c2a0841fb1f0fdba08771013c to remote] DEBUG org.asynchttpclient.netty.request.NettyRequestSender - Using pooled Channel '[id: 0x5f9b9e58, L:/127.0.0.1:55134 - R:localhost/127.0.0.1:47263]' for 'GET' to 'http://localhost:47263/session/238a4d0c2a0841fb1f0fdba08771013c/element/c25a34b4-971d-48f4-8abe-210143f97754/text'
18:27:12.371 [Forwarding getElementText on session 238a4d0c2a0841fb1f0fdba08771013c to remote] DEBUG org.asynchttpclient.netty.request.NettyRequestSender - Using open Channel [id: 0x5f9b9e58, L:/127.0.0.1:55134 - R:localhost/127.0.0.1:47263] for GET '/session/238a4d0c2a0841fb1f0fdba08771013c/element/c25a34b4-971d-48f4-8abe-210143f97754/text'
18:27:12.401 [AsyncHttpClient-1-7] DEBUG org.asynchttpclient.netty.handler.HttpHandler - 

Request DefaultFullHttpRequest(decodeResult: success, version: HTTP/1.1, content: EmptyByteBufBE)
GET /session/238a4d0c2a0841fb1f0fdba08771013c/element/c25a34b4-971d-48f4-8abe-210143f97754/text HTTP/1.1
User-Agent: selenium/4.5.3 (java mac)
Cache-Control: no-cache
Content-Type: application/json; charset=utf-8
host: localhost:47263
accept: */*

Response DefaultHttpResponse(decodeResult: success, version: HTTP/1.1)
HTTP/1.1 200 OK
Content-Length: 92
Content-Type: application/json; charset=utf-8
cache-control: no-cache

18:27:12.402 [AsyncHttpClient-1-7] DEBUG org.asynchttpclient.netty.channel.ChannelManager - Adding key: http://localhost:47263 for channel [id: 0x5f9b9e58, L:/127.0.0.1:55134 - R:localhost/127.0.0.1:47263]
18:27:12.403 [Forwarding findChildElement on session 238a4d0c2a0841fb1f0fdba08771013c to remote] DEBUG org.asynchttpclient.netty.request.NettyRequestSender - Using pooled Channel '[id: 0x5f9b9e58, L:/127.0.0.1:55134 - R:localhost/127.0.0.1:47263]' for 'POST' to 'http://localhost:47263/session/238a4d0c2a0841fb1f0fdba08771013c/element/a1363c85-08aa-42ba-bced-ec64388b5289/element'
18:27:12.403 [Forwarding findChildElement on session 238a4d0c2a0841fb1f0fdba08771013c to remote] DEBUG org.asynchttpclient.netty.request.NettyRequestSender - Using open Channel [id: 0x5f9b9e58, L:/127.0.0.1:55134 - R:localhost/127.0.0.1:47263] for POST '/session/238a4d0c2a0841fb1f0fdba08771013c/element/a1363c85-08aa-42ba-bced-ec64388b5289/element'
18:27:12.476 [AsyncHttpClient-1-7] DEBUG org.asynchttpclient.netty.handler.HttpHandler - 

Request DefaultHttpRequest(decodeResult: success, version: HTTP/1.1)
POST /session/238a4d0c2a0841fb1f0fdba08771013c/element/a1363c85-08aa-42ba-bced-ec64388b5289/element HTTP/1.1
User-Agent: selenium/4.5.3 (java mac)
Content-Length: 106
Content-Type: application/json; charset=utf-8
host: localhost:47263
accept: */*

Response DefaultHttpResponse(decodeResult: success, version: HTTP/1.1)
HTTP/1.1 200 OK
Content-Length: 88
Content-Type: application/json; charset=utf-8
cache-control: no-cache

18:27:12.476 [AsyncHttpClient-1-7] DEBUG org.asynchttpclient.netty.channel.ChannelManager - Adding key: http://localhost:47263 for channel [id: 0x5f9b9e58, L:/127.0.0.1:55134 - R:localhost/127.0.0.1:47263]
18:27:12.476 [Forwarding getElementText on session 238a4d0c2a0841fb1f0fdba08771013c to remote] DEBUG org.asynchttpclient.netty.request.NettyRequestSender - Using pooled Channel '[id: 0x5f9b9e58, L:/127.0.0.1:55134 - R:localhost/127.0.0.1:47263]' for 'GET' to 'http://localhost:47263/session/238a4d0c2a0841fb1f0fdba08771013c/element/087e0d74-2496-4bd9-85da-de199107af69/text'
18:27:12.476 [Forwarding getElementText on session 238a4d0c2a0841fb1f0fdba08771013c to remote] DEBUG org.asynchttpclient.netty.request.NettyRequestSender - Using open Channel [id: 0x5f9b9e58, L:/127.0.0.1:55134 - R:localhost/127.0.0.1:47263] for GET '/session/238a4d0c2a0841fb1f0fdba08771013c/element/087e0d74-2496-4bd9-85da-de199107af69/text'
18:27:12.621 [AsyncHttpClient-1-7] DEBUG org.asynchttpclient.netty.handler.HttpHandler - 

Request DefaultFullHttpRequest(decodeResult: success, version: HTTP/1.1, content: EmptyByteBufBE)
GET /session/238a4d0c2a0841fb1f0fdba08771013c/element/087e0d74-2496-4bd9-85da-de199107af69/text HTTP/1.1
User-Agent: selenium/4.5.3 (java mac)
Cache-Control: no-cache
Content-Type: application/json; charset=utf-8
host: localhost:47263
accept: */*

Response DefaultHttpResponse(decodeResult: success, version: HTTP/1.1)
HTTP/1.1 200 OK
Content-Length: 21
Content-Type: application/json; charset=utf-8
cache-control: no-cache

18:27:12.621 [AsyncHttpClient-1-7] DEBUG org.asynchttpclient.netty.channel.ChannelManager - Adding key: http://localhost:47263 for channel [id: 0x5f9b9e58, L:/127.0.0.1:55134 - R:localhost/127.0.0.1:47263]
18:27:12.622 [Forwarding findChildElement on session 238a4d0c2a0841fb1f0fdba08771013c to remote] DEBUG org.asynchttpclient.netty.request.NettyRequestSender - Using pooled Channel '[id: 0x5f9b9e58, L:/127.0.0.1:55134 - R:localhost/127.0.0.1:47263]' for 'POST' to 'http://localhost:47263/session/238a4d0c2a0841fb1f0fdba08771013c/element/d3e36194-d371-4759-9ef4-4a3bafa382c4/element'
18:27:12.622 [Forwarding findChildElement on session 238a4d0c2a0841fb1f0fdba08771013c to remote] DEBUG org.asynchttpclient.netty.request.NettyRequestSender - Using open Channel [id: 0x5f9b9e58, L:/127.0.0.1:55134 - R:localhost/127.0.0.1:47263] for POST '/session/238a4d0c2a0841fb1f0fdba08771013c/element/d3e36194-d371-4759-9ef4-4a3bafa382c4/element'
18:27:12.662 [AsyncHttpClient-1-7] DEBUG org.asynchttpclient.netty.handler.HttpHandler - 

Request DefaultHttpRequest(decodeResult: success, version: HTTP/1.1)
POST /session/238a4d0c2a0841fb1f0fdba08771013c/element/d3e36194-d371-4759-9ef4-4a3bafa382c4/element HTTP/1.1
User-Agent: selenium/4.5.3 (java mac)
Content-Length: 106
Content-Type: application/json; charset=utf-8
host: localhost:47263
accept: */*

Response DefaultHttpResponse(decodeResult: success, version: HTTP/1.1)
HTTP/1.1 200 OK
Content-Length: 88
Content-Type: application/json; charset=utf-8
cache-control: no-cache

18:27:12.664 [AsyncHttpClient-1-7] DEBUG org.asynchttpclient.netty.channel.ChannelManager - Adding key: http://localhost:47263 for channel [id: 0x5f9b9e58, L:/127.0.0.1:55134 - R:localhost/127.0.0.1:47263]
18:27:12.665 [Forwarding getElementText on session 238a4d0c2a0841fb1f0fdba08771013c to remote] DEBUG org.asynchttpclient.netty.request.NettyRequestSender - Using pooled Channel '[id: 0x5f9b9e58, L:/127.0.0.1:55134 - R:localhost/127.0.0.1:47263]' for 'GET' to 'http://localhost:47263/session/238a4d0c2a0841fb1f0fdba08771013c/element/582b4fea-c6cf-47e7-904f-2812345bfac8/text'
18:27:12.665 [Forwarding getElementText on session 238a4d0c2a0841fb1f0fdba08771013c to remote] DEBUG org.asynchttpclient.netty.request.NettyRequestSender - Using open Channel [id: 0x5f9b9e58, L:/127.0.0.1:55134 - R:localhost/127.0.0.1:47263] for GET '/session/238a4d0c2a0841fb1f0fdba08771013c/element/582b4fea-c6cf-47e7-904f-2812345bfac8/text'
18:27:12.788 [AsyncHttpClient-1-7] DEBUG org.asynchttpclient.netty.handler.HttpHandler - 

Request DefaultFullHttpRequest(decodeResult: success, version: HTTP/1.1, content: EmptyByteBufBE)
GET /session/238a4d0c2a0841fb1f0fdba08771013c/element/582b4fea-c6cf-47e7-904f-2812345bfac8/text HTTP/1.1
User-Agent: selenium/4.5.3 (java mac)
Cache-Control: no-cache
Content-Type: application/json; charset=utf-8
host: localhost:47263
accept: */*

Response DefaultHttpResponse(decodeResult: success, version: HTTP/1.1)
HTTP/1.1 200 OK
Content-Length: 72
Content-Type: application/json; charset=utf-8
cache-control: no-cache

18:27:12.788 [AsyncHttpClient-1-7] DEBUG org.asynchttpclient.netty.channel.ChannelManager - Adding key: http://localhost:47263 for channel [id: 0x5f9b9e58, L:/127.0.0.1:55134 - R:localhost/127.0.0.1:47263]
18:27:12.789 [Forwarding findChildElement on session 238a4d0c2a0841fb1f0fdba08771013c to remote] DEBUG org.asynchttpclient.netty.request.NettyRequestSender - Using pooled Channel '[id: 0x5f9b9e58, L:/127.0.0.1:55134 - R:localhost/127.0.0.1:47263]' for 'POST' to 'http://localhost:47263/session/238a4d0c2a0841fb1f0fdba08771013c/element/d3e36194-d371-4759-9ef4-4a3bafa382c4/element'
18:27:12.789 [Forwarding findChildElement on session 238a4d0c2a0841fb1f0fdba08771013c to remote] DEBUG org.asynchttpclient.netty.request.NettyRequestSender - Using open Channel [id: 0x5f9b9e58, L:/127.0.0.1:55134 - R:localhost/127.0.0.1:47263] for POST '/session/238a4d0c2a0841fb1f0fdba08771013c/element/d3e36194-d371-4759-9ef4-4a3bafa382c4/element'
18:27:12.816 [AsyncHttpClient-1-1] DEBUG org.asynchttpclient.netty.channel.DefaultChannelPool - Entry count for : http://localhost:8354 : 1
18:27:12.816 [AsyncHttpClient-1-1] DEBUG org.asynchttpclient.netty.channel.DefaultChannelPool - Entry count for : http://localhost:55138 : 1
18:27:12.826 [AsyncHttpClient-1-7] DEBUG org.asynchttpclient.netty.handler.HttpHandler - 

Request DefaultHttpRequest(decodeResult: success, version: HTTP/1.1)
POST /session/238a4d0c2a0841fb1f0fdba08771013c/element/d3e36194-d371-4759-9ef4-4a3bafa382c4/element HTTP/1.1
User-Agent: selenium/4.5.3 (java mac)
Content-Length: 106
Content-Type: application/json; charset=utf-8
host: localhost:47263
accept: */*

Response DefaultHttpResponse(decodeResult: success, version: HTTP/1.1)
HTTP/1.1 200 OK
Content-Length: 88
Content-Type: application/json; charset=utf-8
cache-control: no-cache

18:27:12.827 [AsyncHttpClient-1-7] DEBUG org.asynchttpclient.netty.channel.ChannelManager - Adding key: http://localhost:47263 for channel [id: 0x5f9b9e58, L:/127.0.0.1:55134 - R:localhost/127.0.0.1:47263]
18:27:12.829 [Forwarding getElementText on session 238a4d0c2a0841fb1f0fdba08771013c to remote] DEBUG org.asynchttpclient.netty.request.NettyRequestSender - Using pooled Channel '[id: 0x5f9b9e58, L:/127.0.0.1:55134 - R:localhost/127.0.0.1:47263]' for 'GET' to 'http://localhost:47263/session/238a4d0c2a0841fb1f0fdba08771013c/element/e8e11412-38d9-4546-a979-99828969cce6/text'
18:27:12.829 [Forwarding getElementText on session 238a4d0c2a0841fb1f0fdba08771013c to remote] DEBUG org.asynchttpclient.netty.request.NettyRequestSender - Using open Channel [id: 0x5f9b9e58, L:/127.0.0.1:55134 - R:localhost/127.0.0.1:47263] for GET '/session/238a4d0c2a0841fb1f0fdba08771013c/element/e8e11412-38d9-4546-a979-99828969cce6/text'
18:27:12.881 [AsyncHttpClient-1-7] DEBUG org.asynchttpclient.netty.handler.HttpHandler - 

Request DefaultFullHttpRequest(decodeResult: success, version: HTTP/1.1, content: EmptyByteBufBE)
GET /session/238a4d0c2a0841fb1f0fdba08771013c/element/e8e11412-38d9-4546-a979-99828969cce6/text HTTP/1.1
User-Agent: selenium/4.5.3 (java mac)
Cache-Control: no-cache
Content-Type: application/json; charset=utf-8
host: localhost:47263
accept: */*

Response DefaultHttpResponse(decodeResult: success, version: HTTP/1.1)
HTTP/1.1 200 OK
Content-Length: 18
Content-Type: application/json; charset=utf-8
cache-control: no-cache

18:27:12.883 [AsyncHttpClient-1-7] DEBUG org.asynchttpclient.netty.channel.ChannelManager - Adding key: http://localhost:47263 for channel [id: 0x5f9b9e58, L:/127.0.0.1:55134 - R:localhost/127.0.0.1:47263]
18:27:12.886 [Forwarding findChildElement on session 238a4d0c2a0841fb1f0fdba08771013c to remote] DEBUG org.asynchttpclient.netty.request.NettyRequestSender - Using pooled Channel '[id: 0x5f9b9e58, L:/127.0.0.1:55134 - R:localhost/127.0.0.1:47263]' for 'POST' to 'http://localhost:47263/session/238a4d0c2a0841fb1f0fdba08771013c/element/ee47885b-680b-4012-a837-8946a59370d2/element'
18:27:12.886 [Forwarding findChildElement on session 238a4d0c2a0841fb1f0fdba08771013c to remote] DEBUG org.asynchttpclient.netty.request.NettyRequestSender - Using open Channel [id: 0x5f9b9e58, L:/127.0.0.1:55134 - R:localhost/127.0.0.1:47263] for POST '/session/238a4d0c2a0841fb1f0fdba08771013c/element/ee47885b-680b-4012-a837-8946a59370d2/element'
18:27:12.955 [AsyncHttpClient-1-7] DEBUG org.asynchttpclient.netty.handler.HttpHandler - 

Request DefaultHttpRequest(decodeResult: success, version: HTTP/1.1)
POST /session/238a4d0c2a0841fb1f0fdba08771013c/element/ee47885b-680b-4012-a837-8946a59370d2/element HTTP/1.1
User-Agent: selenium/4.5.3 (java mac)
Content-Length: 106
Content-Type: application/json; charset=utf-8
host: localhost:47263
accept: */*

Response DefaultHttpResponse(decodeResult: success, version: HTTP/1.1)
HTTP/1.1 200 OK
Content-Length: 88
Content-Type: application/json; charset=utf-8
cache-control: no-cache

18:27:12.957 [AsyncHttpClient-1-7] DEBUG org.asynchttpclient.netty.channel.ChannelManager - Adding key: http://localhost:47263 for channel [id: 0x5f9b9e58, L:/127.0.0.1:55134 - R:localhost/127.0.0.1:47263]
18:27:12.958 [Forwarding getElementText on session 238a4d0c2a0841fb1f0fdba08771013c to remote] DEBUG org.asynchttpclient.netty.request.NettyRequestSender - Using pooled Channel '[id: 0x5f9b9e58, L:/127.0.0.1:55134 - R:localhost/127.0.0.1:47263]' for 'GET' to 'http://localhost:47263/session/238a4d0c2a0841fb1f0fdba08771013c/element/2ef3a4cb-6392-431e-82a2-8db3ecea2521/text'
18:27:12.958 [Forwarding getElementText on session 238a4d0c2a0841fb1f0fdba08771013c to remote] DEBUG org.asynchttpclient.netty.request.NettyRequestSender - Using open Channel [id: 0x5f9b9e58, L:/127.0.0.1:55134 - R:localhost/127.0.0.1:47263] for GET '/session/238a4d0c2a0841fb1f0fdba08771013c/element/2ef3a4cb-6392-431e-82a2-8db3ecea2521/text'
18:27:13.041 [AsyncHttpClient-1-7] DEBUG org.asynchttpclient.netty.handler.HttpHandler - 

Request DefaultFullHttpRequest(decodeResult: success, version: HTTP/1.1, content: EmptyByteBufBE)
GET /session/238a4d0c2a0841fb1f0fdba08771013c/element/2ef3a4cb-6392-431e-82a2-8db3ecea2521/text HTTP/1.1
User-Agent: selenium/4.5.3 (java mac)
Cache-Control: no-cache
Content-Type: application/json; charset=utf-8
host: localhost:47263
accept: */*

Response DefaultHttpResponse(decodeResult: success, version: HTTP/1.1)
HTTP/1.1 200 OK
Content-Length: 91
Content-Type: application/json; charset=utf-8
cache-control: no-cache

18:27:13.041 [AsyncHttpClient-1-7] DEBUG org.asynchttpclient.netty.channel.ChannelManager - Adding key: http://localhost:47263 for channel [id: 0x5f9b9e58, L:/127.0.0.1:55134 - R:localhost/127.0.0.1:47263]
18:27:13.043 [Forwarding findChildElement on session 238a4d0c2a0841fb1f0fdba08771013c to remote] DEBUG org.asynchttpclient.netty.request.NettyRequestSender - Using pooled Channel '[id: 0x5f9b9e58, L:/127.0.0.1:55134 - R:localhost/127.0.0.1:47263]' for 'POST' to 'http://localhost:47263/session/238a4d0c2a0841fb1f0fdba08771013c/element/ee47885b-680b-4012-a837-8946a59370d2/element'
18:27:13.043 [Forwarding findChildElement on session 238a4d0c2a0841fb1f0fdba08771013c to remote] DEBUG org.asynchttpclient.netty.request.NettyRequestSender - Using open Channel [id: 0x5f9b9e58, L:/127.0.0.1:55134 - R:localhost/127.0.0.1:47263] for POST '/session/238a4d0c2a0841fb1f0fdba08771013c/element/ee47885b-680b-4012-a837-8946a59370d2/element'
18:27:13.062 [AsyncHttpClient-1-7] DEBUG org.asynchttpclient.netty.handler.HttpHandler - 

Request DefaultHttpRequest(decodeResult: success, version: HTTP/1.1)
POST /session/238a4d0c2a0841fb1f0fdba08771013c/element/ee47885b-680b-4012-a837-8946a59370d2/element HTTP/1.1
User-Agent: selenium/4.5.3 (java mac)
Content-Length: 106
Content-Type: application/json; charset=utf-8
host: localhost:47263
accept: */*

Response DefaultHttpResponse(decodeResult: success, version: HTTP/1.1)
HTTP/1.1 200 OK
Content-Length: 88
Content-Type: application/json; charset=utf-8
cache-control: no-cache

18:27:13.063 [AsyncHttpClient-1-7] DEBUG org.asynchttpclient.netty.channel.ChannelManager - Adding key: http://localhost:47263 for channel [id: 0x5f9b9e58, L:/127.0.0.1:55134 - R:localhost/127.0.0.1:47263]
18:27:13.064 [Forwarding getElementText on session 238a4d0c2a0841fb1f0fdba08771013c to remote] DEBUG org.asynchttpclient.netty.request.NettyRequestSender - Using pooled Channel '[id: 0x5f9b9e58, L:/127.0.0.1:55134 - R:localhost/127.0.0.1:47263]' for 'GET' to 'http://localhost:47263/session/238a4d0c2a0841fb1f0fdba08771013c/element/6e7080bb-42b9-4ae9-9183-8ed14cc04900/text'
18:27:13.064 [Forwarding getElementText on session 238a4d0c2a0841fb1f0fdba08771013c to remote] DEBUG org.asynchttpclient.netty.request.NettyRequestSender - Using open Channel [id: 0x5f9b9e58, L:/127.0.0.1:55134 - R:localhost/127.0.0.1:47263] for GET '/session/238a4d0c2a0841fb1f0fdba08771013c/element/6e7080bb-42b9-4ae9-9183-8ed14cc04900/text'
18:27:13.201 [AsyncHttpClient-1-7] DEBUG org.asynchttpclient.netty.handler.HttpHandler - 

Request DefaultFullHttpRequest(decodeResult: success, version: HTTP/1.1, content: EmptyByteBufBE)
GET /session/238a4d0c2a0841fb1f0fdba08771013c/element/6e7080bb-42b9-4ae9-9183-8ed14cc04900/text HTTP/1.1
User-Agent: selenium/4.5.3 (java mac)
Cache-Control: no-cache
Content-Type: application/json; charset=utf-8
host: localhost:47263
accept: */*

Response DefaultHttpResponse(decodeResult: success, version: HTTP/1.1)
HTTP/1.1 200 OK
Content-Length: 19
Content-Type: application/json; charset=utf-8
cache-control: no-cache

18:27:13.201 [AsyncHttpClient-1-7] DEBUG org.asynchttpclient.netty.channel.ChannelManager - Adding key: http://localhost:47263 for channel [id: 0x5f9b9e58, L:/127.0.0.1:55134 - R:localhost/127.0.0.1:47263]
18:27:13.202 [Forwarding findChildElement on session 238a4d0c2a0841fb1f0fdba08771013c to remote] DEBUG org.asynchttpclient.netty.request.NettyRequestSender - Using pooled Channel '[id: 0x5f9b9e58, L:/127.0.0.1:55134 - R:localhost/127.0.0.1:47263]' for 'POST' to 'http://localhost:47263/session/238a4d0c2a0841fb1f0fdba08771013c/element/de6013dd-28c0-4119-a0b5-abbcc191ba3e/element'
18:27:13.202 [Forwarding findChildElement on session 238a4d0c2a0841fb1f0fdba08771013c to remote] DEBUG org.asynchttpclient.netty.request.NettyRequestSender - Using open Channel [id: 0x5f9b9e58, L:/127.0.0.1:55134 - R:localhost/127.0.0.1:47263] for POST '/session/238a4d0c2a0841fb1f0fdba08771013c/element/de6013dd-28c0-4119-a0b5-abbcc191ba3e/element'
18:27:13.252 [AsyncHttpClient-1-7] DEBUG org.asynchttpclient.netty.handler.HttpHandler - 

Request DefaultHttpRequest(decodeResult: success, version: HTTP/1.1)
POST /session/238a4d0c2a0841fb1f0fdba08771013c/element/de6013dd-28c0-4119-a0b5-abbcc191ba3e/element HTTP/1.1
User-Agent: selenium/4.5.3 (java mac)
Content-Length: 106
Content-Type: application/json; charset=utf-8
host: localhost:47263
accept: */*

Response DefaultHttpResponse(decodeResult: success, version: HTTP/1.1)
HTTP/1.1 200 OK
Content-Length: 88
Content-Type: application/json; charset=utf-8
cache-control: no-cache

18:27:13.252 [AsyncHttpClient-1-7] DEBUG org.asynchttpclient.netty.channel.ChannelManager - Adding key: http://localhost:47263 for channel [id: 0x5f9b9e58, L:/127.0.0.1:55134 - R:localhost/127.0.0.1:47263]
18:27:13.253 [Forwarding getElementText on session 238a4d0c2a0841fb1f0fdba08771013c to remote] DEBUG org.asynchttpclient.netty.request.NettyRequestSender - Using pooled Channel '[id: 0x5f9b9e58, L:/127.0.0.1:55134 - R:localhost/127.0.0.1:47263]' for 'GET' to 'http://localhost:47263/session/238a4d0c2a0841fb1f0fdba08771013c/element/15fec822-255f-4e3c-97aa-09cdf524ba7a/text'
18:27:13.253 [Forwarding getElementText on session 238a4d0c2a0841fb1f0fdba08771013c to remote] DEBUG org.asynchttpclient.netty.request.NettyRequestSender - Using open Channel [id: 0x5f9b9e58, L:/127.0.0.1:55134 - R:localhost/127.0.0.1:47263] for GET '/session/238a4d0c2a0841fb1f0fdba08771013c/element/15fec822-255f-4e3c-97aa-09cdf524ba7a/text'
18:27:13.389 [AsyncHttpClient-1-7] DEBUG org.asynchttpclient.netty.handler.HttpHandler - 

Request DefaultFullHttpRequest(decodeResult: success, version: HTTP/1.1, content: EmptyByteBufBE)
GET /session/238a4d0c2a0841fb1f0fdba08771013c/element/15fec822-255f-4e3c-97aa-09cdf524ba7a/text HTTP/1.1
User-Agent: selenium/4.5.3 (java mac)
Cache-Control: no-cache
Content-Type: application/json; charset=utf-8
host: localhost:47263
accept: */*

Response DefaultHttpResponse(decodeResult: success, version: HTTP/1.1)
HTTP/1.1 200 OK
Content-Length: 86
Content-Type: application/json; charset=utf-8
cache-control: no-cache

18:27:13.389 [AsyncHttpClient-1-7] DEBUG org.asynchttpclient.netty.channel.ChannelManager - Adding key: http://localhost:47263 for channel [id: 0x5f9b9e58, L:/127.0.0.1:55134 - R:localhost/127.0.0.1:47263]
18:27:13.390 [Forwarding findChildElement on session 238a4d0c2a0841fb1f0fdba08771013c to remote] DEBUG org.asynchttpclient.netty.request.NettyRequestSender - Using pooled Channel '[id: 0x5f9b9e58, L:/127.0.0.1:55134 - R:localhost/127.0.0.1:47263]' for 'POST' to 'http://localhost:47263/session/238a4d0c2a0841fb1f0fdba08771013c/element/de6013dd-28c0-4119-a0b5-abbcc191ba3e/element'
18:27:13.390 [Forwarding findChildElement on session 238a4d0c2a0841fb1f0fdba08771013c to remote] DEBUG org.asynchttpclient.netty.request.NettyRequestSender - Using open Channel [id: 0x5f9b9e58, L:/127.0.0.1:55134 - R:localhost/127.0.0.1:47263] for POST '/session/238a4d0c2a0841fb1f0fdba08771013c/element/de6013dd-28c0-4119-a0b5-abbcc191ba3e/element'
18:27:13.417 [AsyncHttpClient-1-7] DEBUG org.asynchttpclient.netty.handler.HttpHandler - 

Request DefaultHttpRequest(decodeResult: success, version: HTTP/1.1)
POST /session/238a4d0c2a0841fb1f0fdba08771013c/element/de6013dd-28c0-4119-a0b5-abbcc191ba3e/element HTTP/1.1
User-Agent: selenium/4.5.3 (java mac)
Content-Length: 106
Content-Type: application/json; charset=utf-8
host: localhost:47263
accept: */*

Response DefaultHttpResponse(decodeResult: success, version: HTTP/1.1)
HTTP/1.1 200 OK
Content-Length: 88
Content-Type: application/json; charset=utf-8
cache-control: no-cache

18:27:13.418 [AsyncHttpClient-1-7] DEBUG org.asynchttpclient.netty.channel.ChannelManager - Adding key: http://localhost:47263 for channel [id: 0x5f9b9e58, L:/127.0.0.1:55134 - R:localhost/127.0.0.1:47263]
18:27:13.421 [Forwarding getElementText on session 238a4d0c2a0841fb1f0fdba08771013c to remote] DEBUG org.asynchttpclient.netty.request.NettyRequestSender - Using pooled Channel '[id: 0x5f9b9e58, L:/127.0.0.1:55134 - R:localhost/127.0.0.1:47263]' for 'GET' to 'http://localhost:47263/session/238a4d0c2a0841fb1f0fdba08771013c/element/6f4e3059-f198-458b-8802-b61529fc0566/text'
18:27:13.421 [Forwarding getElementText on session 238a4d0c2a0841fb1f0fdba08771013c to remote] DEBUG org.asynchttpclient.netty.request.NettyRequestSender - Using open Channel [id: 0x5f9b9e58, L:/127.0.0.1:55134 - R:localhost/127.0.0.1:47263] for GET '/session/238a4d0c2a0841fb1f0fdba08771013c/element/6f4e3059-f198-458b-8802-b61529fc0566/text'
18:27:13.534 [AsyncHttpClient-1-7] DEBUG org.asynchttpclient.netty.handler.HttpHandler - 

Request DefaultFullHttpRequest(decodeResult: success, version: HTTP/1.1, content: EmptyByteBufBE)
GET /session/238a4d0c2a0841fb1f0fdba08771013c/element/6f4e3059-f198-458b-8802-b61529fc0566/text HTTP/1.1
User-Agent: selenium/4.5.3 (java mac)
Cache-Control: no-cache
Content-Type: application/json; charset=utf-8
host: localhost:47263
accept: */*

Response DefaultHttpResponse(decodeResult: success, version: HTTP/1.1)
HTTP/1.1 200 OK
Content-Length: 30
Content-Type: application/json; charset=utf-8
cache-control: no-cache

18:27:13.534 [AsyncHttpClient-1-7] DEBUG org.asynchttpclient.netty.channel.ChannelManager - Adding key: http://localhost:47263 for channel [id: 0x5f9b9e58, L:/127.0.0.1:55134 - R:localhost/127.0.0.1:47263]
18:27:13.535 [Forwarding findChildElement on session 238a4d0c2a0841fb1f0fdba08771013c to remote] DEBUG org.asynchttpclient.netty.request.NettyRequestSender - Using pooled Channel '[id: 0x5f9b9e58, L:/127.0.0.1:55134 - R:localhost/127.0.0.1:47263]' for 'POST' to 'http://localhost:47263/session/238a4d0c2a0841fb1f0fdba08771013c/element/53dd91ee-09b9-4ad6-bb7d-946d0c47211f/element'
18:27:13.535 [Forwarding findChildElement on session 238a4d0c2a0841fb1f0fdba08771013c to remote] DEBUG org.asynchttpclient.netty.request.NettyRequestSender - Using open Channel [id: 0x5f9b9e58, L:/127.0.0.1:55134 - R:localhost/127.0.0.1:47263] for POST '/session/238a4d0c2a0841fb1f0fdba08771013c/element/53dd91ee-09b9-4ad6-bb7d-946d0c47211f/element'
18:27:13.556 [AsyncHttpClient-1-7] DEBUG org.asynchttpclient.netty.handler.HttpHandler - 

Request DefaultHttpRequest(decodeResult: success, version: HTTP/1.1)
POST /session/238a4d0c2a0841fb1f0fdba08771013c/element/53dd91ee-09b9-4ad6-bb7d-946d0c47211f/element HTTP/1.1
User-Agent: selenium/4.5.3 (java mac)
Content-Length: 106
Content-Type: application/json; charset=utf-8
host: localhost:47263
accept: */*

Response DefaultHttpResponse(decodeResult: success, version: HTTP/1.1)
HTTP/1.1 200 OK
Content-Length: 88
Content-Type: application/json; charset=utf-8
cache-control: no-cache

18:27:13.557 [AsyncHttpClient-1-7] DEBUG org.asynchttpclient.netty.channel.ChannelManager - Adding key: http://localhost:47263 for channel [id: 0x5f9b9e58, L:/127.0.0.1:55134 - R:localhost/127.0.0.1:47263]
18:27:13.557 [Forwarding getElementText on session 238a4d0c2a0841fb1f0fdba08771013c to remote] DEBUG org.asynchttpclient.netty.request.NettyRequestSender - Using pooled Channel '[id: 0x5f9b9e58, L:/127.0.0.1:55134 - R:localhost/127.0.0.1:47263]' for 'GET' to 'http://localhost:47263/session/238a4d0c2a0841fb1f0fdba08771013c/element/0db490a3-553c-4ef0-8d6a-b7722fd35b5f/text'
18:27:13.558 [Forwarding getElementText on session 238a4d0c2a0841fb1f0fdba08771013c to remote] DEBUG org.asynchttpclient.netty.request.NettyRequestSender - Using open Channel [id: 0x5f9b9e58, L:/127.0.0.1:55134 - R:localhost/127.0.0.1:47263] for GET '/session/238a4d0c2a0841fb1f0fdba08771013c/element/0db490a3-553c-4ef0-8d6a-b7722fd35b5f/text'
18:27:13.602 [AsyncHttpClient-1-7] DEBUG org.asynchttpclient.netty.handler.HttpHandler - 

Request DefaultFullHttpRequest(decodeResult: success, version: HTTP/1.1, content: EmptyByteBufBE)
GET /session/238a4d0c2a0841fb1f0fdba08771013c/element/0db490a3-553c-4ef0-8d6a-b7722fd35b5f/text HTTP/1.1
User-Agent: selenium/4.5.3 (java mac)
Cache-Control: no-cache
Content-Type: application/json; charset=utf-8
host: localhost:47263
accept: */*

Response DefaultHttpResponse(decodeResult: success, version: HTTP/1.1)
HTTP/1.1 200 OK
Content-Length: 88
Content-Type: application/json; charset=utf-8
cache-control: no-cache

18:27:13.602 [AsyncHttpClient-1-7] DEBUG org.asynchttpclient.netty.channel.ChannelManager - Adding key: http://localhost:47263 for channel [id: 0x5f9b9e58, L:/127.0.0.1:55134 - R:localhost/127.0.0.1:47263]
18:27:13.603 [Forwarding findChildElement on session 238a4d0c2a0841fb1f0fdba08771013c to remote] DEBUG org.asynchttpclient.netty.request.NettyRequestSender - Using pooled Channel '[id: 0x5f9b9e58, L:/127.0.0.1:55134 - R:localhost/127.0.0.1:47263]' for 'POST' to 'http://localhost:47263/session/238a4d0c2a0841fb1f0fdba08771013c/element/53dd91ee-09b9-4ad6-bb7d-946d0c47211f/element'
18:27:13.603 [Forwarding findChildElement on session 238a4d0c2a0841fb1f0fdba08771013c to remote] DEBUG org.asynchttpclient.netty.request.NettyRequestSender - Using open Channel [id: 0x5f9b9e58, L:/127.0.0.1:55134 - R:localhost/127.0.0.1:47263] for POST '/session/238a4d0c2a0841fb1f0fdba08771013c/element/53dd91ee-09b9-4ad6-bb7d-946d0c47211f/element'
18:27:13.616 [AsyncHttpClient-1-7] DEBUG org.asynchttpclient.netty.handler.HttpHandler - 

Request DefaultHttpRequest(decodeResult: success, version: HTTP/1.1)
POST /session/238a4d0c2a0841fb1f0fdba08771013c/element/53dd91ee-09b9-4ad6-bb7d-946d0c47211f/element HTTP/1.1
User-Agent: selenium/4.5.3 (java mac)
Content-Length: 106
Content-Type: application/json; charset=utf-8
host: localhost:47263
accept: */*

Response DefaultHttpResponse(decodeResult: success, version: HTTP/1.1)
HTTP/1.1 200 OK
Content-Length: 88
Content-Type: application/json; charset=utf-8
cache-control: no-cache

18:27:13.616 [AsyncHttpClient-1-7] DEBUG org.asynchttpclient.netty.channel.ChannelManager - Adding key: http://localhost:47263 for channel [id: 0x5f9b9e58, L:/127.0.0.1:55134 - R:localhost/127.0.0.1:47263]
18:27:13.617 [Forwarding getElementText on session 238a4d0c2a0841fb1f0fdba08771013c to remote] DEBUG org.asynchttpclient.netty.request.NettyRequestSender - Using pooled Channel '[id: 0x5f9b9e58, L:/127.0.0.1:55134 - R:localhost/127.0.0.1:47263]' for 'GET' to 'http://localhost:47263/session/238a4d0c2a0841fb1f0fdba08771013c/element/56c7c1b0-89a0-4e9a-a25f-78142ee098cb/text'
18:27:13.617 [Forwarding getElementText on session 238a4d0c2a0841fb1f0fdba08771013c to remote] DEBUG org.asynchttpclient.netty.request.NettyRequestSender - Using open Channel [id: 0x5f9b9e58, L:/127.0.0.1:55134 - R:localhost/127.0.0.1:47263] for GET '/session/238a4d0c2a0841fb1f0fdba08771013c/element/56c7c1b0-89a0-4e9a-a25f-78142ee098cb/text'
18:27:13.639 [AsyncHttpClient-1-7] DEBUG org.asynchttpclient.netty.handler.HttpHandler - 

Request DefaultFullHttpRequest(decodeResult: success, version: HTTP/1.1, content: EmptyByteBufBE)
GET /session/238a4d0c2a0841fb1f0fdba08771013c/element/56c7c1b0-89a0-4e9a-a25f-78142ee098cb/text HTTP/1.1
User-Agent: selenium/4.5.3 (java mac)
Cache-Control: no-cache
Content-Type: application/json; charset=utf-8
host: localhost:47263
accept: */*

Response DefaultHttpResponse(decodeResult: success, version: HTTP/1.1)
HTTP/1.1 200 OK
Content-Length: 19
Content-Type: application/json; charset=utf-8
cache-control: no-cache

18:27:13.640 [AsyncHttpClient-1-7] DEBUG org.asynchttpclient.netty.channel.ChannelManager - Adding key: http://localhost:47263 for channel [id: 0x5f9b9e58, L:/127.0.0.1:55134 - R:localhost/127.0.0.1:47263]
18:27:13.645 [Forwarding findChildElement on session 238a4d0c2a0841fb1f0fdba08771013c to remote] DEBUG org.asynchttpclient.netty.request.NettyRequestSender - Using pooled Channel '[id: 0x5f9b9e58, L:/127.0.0.1:55134 - R:localhost/127.0.0.1:47263]' for 'POST' to 'http://localhost:47263/session/238a4d0c2a0841fb1f0fdba08771013c/element/13c0ef06-2ac3-4b6b-b2c5-32cd4fd61d74/element'
18:27:13.646 [Forwarding findChildElement on session 238a4d0c2a0841fb1f0fdba08771013c to remote] DEBUG org.asynchttpclient.netty.request.NettyRequestSender - Using open Channel [id: 0x5f9b9e58, L:/127.0.0.1:55134 - R:localhost/127.0.0.1:47263] for POST '/session/238a4d0c2a0841fb1f0fdba08771013c/element/13c0ef06-2ac3-4b6b-b2c5-32cd4fd61d74/element'
18:27:13.686 [AsyncHttpClient-1-7] DEBUG org.asynchttpclient.netty.handler.HttpHandler - 

Request DefaultHttpRequest(decodeResult: success, version: HTTP/1.1)
POST /session/238a4d0c2a0841fb1f0fdba08771013c/element/13c0ef06-2ac3-4b6b-b2c5-32cd4fd61d74/element HTTP/1.1
User-Agent: selenium/4.5.3 (java mac)
Content-Length: 106
Content-Type: application/json; charset=utf-8
host: localhost:47263
accept: */*

Response DefaultHttpResponse(decodeResult: success, version: HTTP/1.1)
HTTP/1.1 200 OK
Content-Length: 88
Content-Type: application/json; charset=utf-8
cache-control: no-cache

18:27:13.686 [AsyncHttpClient-1-7] DEBUG org.asynchttpclient.netty.channel.ChannelManager - Adding key: http://localhost:47263 for channel [id: 0x5f9b9e58, L:/127.0.0.1:55134 - R:localhost/127.0.0.1:47263]
18:27:13.687 [Forwarding getElementText on session 238a4d0c2a0841fb1f0fdba08771013c to remote] DEBUG org.asynchttpclient.netty.request.NettyRequestSender - Using pooled Channel '[id: 0x5f9b9e58, L:/127.0.0.1:55134 - R:localhost/127.0.0.1:47263]' for 'GET' to 'http://localhost:47263/session/238a4d0c2a0841fb1f0fdba08771013c/element/8989cab3-e680-4f55-9d3a-d034749eefb7/text'
18:27:13.687 [Forwarding getElementText on session 238a4d0c2a0841fb1f0fdba08771013c to remote] DEBUG org.asynchttpclient.netty.request.NettyRequestSender - Using open Channel [id: 0x5f9b9e58, L:/127.0.0.1:55134 - R:localhost/127.0.0.1:47263] for GET '/session/238a4d0c2a0841fb1f0fdba08771013c/element/8989cab3-e680-4f55-9d3a-d034749eefb7/text'
18:27:13.728 [AsyncHttpClient-1-7] DEBUG org.asynchttpclient.netty.handler.HttpHandler - 

Request DefaultFullHttpRequest(decodeResult: success, version: HTTP/1.1, content: EmptyByteBufBE)
GET /session/238a4d0c2a0841fb1f0fdba08771013c/element/8989cab3-e680-4f55-9d3a-d034749eefb7/text HTTP/1.1
User-Agent: selenium/4.5.3 (java mac)
Cache-Control: no-cache
Content-Type: application/json; charset=utf-8
host: localhost:47263
accept: */*

Response DefaultHttpResponse(decodeResult: success, version: HTTP/1.1)
HTTP/1.1 200 OK
Content-Length: 91
Content-Type: application/json; charset=utf-8
cache-control: no-cache

18:27:13.729 [AsyncHttpClient-1-7] DEBUG org.asynchttpclient.netty.channel.ChannelManager - Adding key: http://localhost:47263 for channel [id: 0x5f9b9e58, L:/127.0.0.1:55134 - R:localhost/127.0.0.1:47263]
18:27:13.730 [Forwarding findChildElement on session 238a4d0c2a0841fb1f0fdba08771013c to remote] DEBUG org.asynchttpclient.netty.request.NettyRequestSender - Using pooled Channel '[id: 0x5f9b9e58, L:/127.0.0.1:55134 - R:localhost/127.0.0.1:47263]' for 'POST' to 'http://localhost:47263/session/238a4d0c2a0841fb1f0fdba08771013c/element/13c0ef06-2ac3-4b6b-b2c5-32cd4fd61d74/element'
18:27:13.730 [Forwarding findChildElement on session 238a4d0c2a0841fb1f0fdba08771013c to remote] DEBUG org.asynchttpclient.netty.request.NettyRequestSender - Using open Channel [id: 0x5f9b9e58, L:/127.0.0.1:55134 - R:localhost/127.0.0.1:47263] for POST '/session/238a4d0c2a0841fb1f0fdba08771013c/element/13c0ef06-2ac3-4b6b-b2c5-32cd4fd61d74/element'
18:27:13.767 [AsyncHttpClient-1-7] DEBUG org.asynchttpclient.netty.handler.HttpHandler - 

Request DefaultHttpRequest(decodeResult: success, version: HTTP/1.1)
POST /session/238a4d0c2a0841fb1f0fdba08771013c/element/13c0ef06-2ac3-4b6b-b2c5-32cd4fd61d74/element HTTP/1.1
User-Agent: selenium/4.5.3 (java mac)
Content-Length: 106
Content-Type: application/json; charset=utf-8
host: localhost:47263
accept: */*

Response DefaultHttpResponse(decodeResult: success, version: HTTP/1.1)
HTTP/1.1 200 OK
Content-Length: 88
Content-Type: application/json; charset=utf-8
cache-control: no-cache

18:27:13.767 [AsyncHttpClient-1-7] DEBUG org.asynchttpclient.netty.channel.ChannelManager - Adding key: http://localhost:47263 for channel [id: 0x5f9b9e58, L:/127.0.0.1:55134 - R:localhost/127.0.0.1:47263]
18:27:13.768 [Forwarding getElementText on session 238a4d0c2a0841fb1f0fdba08771013c to remote] DEBUG org.asynchttpclient.netty.request.NettyRequestSender - Using pooled Channel '[id: 0x5f9b9e58, L:/127.0.0.1:55134 - R:localhost/127.0.0.1:47263]' for 'GET' to 'http://localhost:47263/session/238a4d0c2a0841fb1f0fdba08771013c/element/05d63acd-c9cc-4a59-879a-5721e20b44d4/text'
18:27:13.768 [Forwarding getElementText on session 238a4d0c2a0841fb1f0fdba08771013c to remote] DEBUG org.asynchttpclient.netty.request.NettyRequestSender - Using open Channel [id: 0x5f9b9e58, L:/127.0.0.1:55134 - R:localhost/127.0.0.1:47263] for GET '/session/238a4d0c2a0841fb1f0fdba08771013c/element/05d63acd-c9cc-4a59-879a-5721e20b44d4/text'
18:27:13.815 [AsyncHttpClient-1-7] DEBUG org.asynchttpclient.netty.handler.HttpHandler - 

Request DefaultFullHttpRequest(decodeResult: success, version: HTTP/1.1, content: EmptyByteBufBE)
GET /session/238a4d0c2a0841fb1f0fdba08771013c/element/05d63acd-c9cc-4a59-879a-5721e20b44d4/text HTTP/1.1
User-Agent: selenium/4.5.3 (java mac)
Cache-Control: no-cache
Content-Type: application/json; charset=utf-8
host: localhost:47263
accept: */*

Response DefaultHttpResponse(decodeResult: success, version: HTTP/1.1)
HTTP/1.1 200 OK
Content-Length: 19
Content-Type: application/json; charset=utf-8
cache-control: no-cache

18:27:13.815 [AsyncHttpClient-1-7] DEBUG org.asynchttpclient.netty.channel.ChannelManager - Adding key: http://localhost:47263 for channel [id: 0x5f9b9e58, L:/127.0.0.1:55134 - R:localhost/127.0.0.1:47263]
18:27:13.817 [Forwarding findChildElement on session 238a4d0c2a0841fb1f0fdba08771013c to remote] DEBUG org.asynchttpclient.netty.request.NettyRequestSender - Using pooled Channel '[id: 0x5f9b9e58, L:/127.0.0.1:55134 - R:localhost/127.0.0.1:47263]' for 'POST' to 'http://localhost:47263/session/238a4d0c2a0841fb1f0fdba08771013c/element/044f8a6f-f4c0-4043-8a95-40bd403e87aa/element'
18:27:13.817 [Forwarding findChildElement on session 238a4d0c2a0841fb1f0fdba08771013c to remote] DEBUG org.asynchttpclient.netty.request.NettyRequestSender - Using open Channel [id: 0x5f9b9e58, L:/127.0.0.1:55134 - R:localhost/127.0.0.1:47263] for POST '/session/238a4d0c2a0841fb1f0fdba08771013c/element/044f8a6f-f4c0-4043-8a95-40bd403e87aa/element'
18:27:13.830 [AsyncHttpClient-1-7] DEBUG org.asynchttpclient.netty.handler.HttpHandler - 

Request DefaultHttpRequest(decodeResult: success, version: HTTP/1.1)
POST /session/238a4d0c2a0841fb1f0fdba08771013c/element/044f8a6f-f4c0-4043-8a95-40bd403e87aa/element HTTP/1.1
User-Agent: selenium/4.5.3 (java mac)
Content-Length: 106
Content-Type: application/json; charset=utf-8
host: localhost:47263
accept: */*

Response DefaultHttpResponse(decodeResult: success, version: HTTP/1.1)
HTTP/1.1 200 OK
Content-Length: 88
Content-Type: application/json; charset=utf-8
cache-control: no-cache

18:27:13.830 [AsyncHttpClient-1-7] DEBUG org.asynchttpclient.netty.channel.ChannelManager - Adding key: http://localhost:47263 for channel [id: 0x5f9b9e58, L:/127.0.0.1:55134 - R:localhost/127.0.0.1:47263]
18:27:13.831 [Forwarding getElementText on session 238a4d0c2a0841fb1f0fdba08771013c to remote] DEBUG org.asynchttpclient.netty.request.NettyRequestSender - Using pooled Channel '[id: 0x5f9b9e58, L:/127.0.0.1:55134 - R:localhost/127.0.0.1:47263]' for 'GET' to 'http://localhost:47263/session/238a4d0c2a0841fb1f0fdba08771013c/element/ec40be43-1250-4d80-959c-c6aaa74b0dab/text'
18:27:13.831 [Forwarding getElementText on session 238a4d0c2a0841fb1f0fdba08771013c to remote] DEBUG org.asynchttpclient.netty.request.NettyRequestSender - Using open Channel [id: 0x5f9b9e58, L:/127.0.0.1:55134 - R:localhost/127.0.0.1:47263] for GET '/session/238a4d0c2a0841fb1f0fdba08771013c/element/ec40be43-1250-4d80-959c-c6aaa74b0dab/text'
18:27:13.888 [AsyncHttpClient-1-7] DEBUG org.asynchttpclient.netty.handler.HttpHandler - 

Request DefaultFullHttpRequest(decodeResult: success, version: HTTP/1.1, content: EmptyByteBufBE)
GET /session/238a4d0c2a0841fb1f0fdba08771013c/element/ec40be43-1250-4d80-959c-c6aaa74b0dab/text HTTP/1.1
User-Agent: selenium/4.5.3 (java mac)
Cache-Control: no-cache
Content-Type: application/json; charset=utf-8
host: localhost:47263
accept: */*

Response DefaultHttpResponse(decodeResult: success, version: HTTP/1.1)
HTTP/1.1 200 OK
Content-Length: 92
Content-Type: application/json; charset=utf-8
cache-control: no-cache

18:27:13.888 [AsyncHttpClient-1-7] DEBUG org.asynchttpclient.netty.channel.ChannelManager - Adding key: http://localhost:47263 for channel [id: 0x5f9b9e58, L:/127.0.0.1:55134 - R:localhost/127.0.0.1:47263]
18:27:13.889 [Forwarding findChildElement on session 238a4d0c2a0841fb1f0fdba08771013c to remote] DEBUG org.asynchttpclient.netty.request.NettyRequestSender - Using pooled Channel '[id: 0x5f9b9e58, L:/127.0.0.1:55134 - R:localhost/127.0.0.1:47263]' for 'POST' to 'http://localhost:47263/session/238a4d0c2a0841fb1f0fdba08771013c/element/044f8a6f-f4c0-4043-8a95-40bd403e87aa/element'
18:27:13.889 [Forwarding findChildElement on session 238a4d0c2a0841fb1f0fdba08771013c to remote] DEBUG org.asynchttpclient.netty.request.NettyRequestSender - Using open Channel [id: 0x5f9b9e58, L:/127.0.0.1:55134 - R:localhost/127.0.0.1:47263] for POST '/session/238a4d0c2a0841fb1f0fdba08771013c/element/044f8a6f-f4c0-4043-8a95-40bd403e87aa/element'
18:27:13.908 [AsyncHttpClient-1-7] DEBUG org.asynchttpclient.netty.handler.HttpHandler - 

Request DefaultHttpRequest(decodeResult: success, version: HTTP/1.1)
POST /session/238a4d0c2a0841fb1f0fdba08771013c/element/044f8a6f-f4c0-4043-8a95-40bd403e87aa/element HTTP/1.1
User-Agent: selenium/4.5.3 (java mac)
Content-Length: 106
Content-Type: application/json; charset=utf-8
host: localhost:47263
accept: */*

Response DefaultHttpResponse(decodeResult: success, version: HTTP/1.1)
HTTP/1.1 200 OK
Content-Length: 88
Content-Type: application/json; charset=utf-8
cache-control: no-cache

18:27:13.908 [AsyncHttpClient-1-7] DEBUG org.asynchttpclient.netty.channel.ChannelManager - Adding key: http://localhost:47263 for channel [id: 0x5f9b9e58, L:/127.0.0.1:55134 - R:localhost/127.0.0.1:47263]
18:27:13.909 [AsyncHttpClient-1-1] DEBUG org.asynchttpclient.netty.channel.DefaultChannelPool - Entry count for : http://localhost:8354 : 1
18:27:13.909 [AsyncHttpClient-1-1] DEBUG org.asynchttpclient.netty.channel.DefaultChannelPool - Entry count for : http://localhost:55138 : 1
18:27:13.910 [AsyncHttpClient-1-1] DEBUG org.asynchttpclient.netty.channel.DefaultChannelPool - Entry count for : http://localhost:47263 : 1
18:27:13.918 [Forwarding getElementText on session 238a4d0c2a0841fb1f0fdba08771013c to remote] DEBUG org.asynchttpclient.netty.request.NettyRequestSender - Using pooled Channel '[id: 0x5f9b9e58, L:/127.0.0.1:55134 - R:localhost/127.0.0.1:47263]' for 'GET' to 'http://localhost:47263/session/238a4d0c2a0841fb1f0fdba08771013c/element/9e687f53-c2a8-4026-a79d-42a6d53cd670/text'
18:27:13.918 [Forwarding getElementText on session 238a4d0c2a0841fb1f0fdba08771013c to remote] DEBUG org.asynchttpclient.netty.request.NettyRequestSender - Using open Channel [id: 0x5f9b9e58, L:/127.0.0.1:55134 - R:localhost/127.0.0.1:47263] for GET '/session/238a4d0c2a0841fb1f0fdba08771013c/element/9e687f53-c2a8-4026-a79d-42a6d53cd670/text'
18:27:13.958 [AsyncHttpClient-1-7] DEBUG org.asynchttpclient.netty.handler.HttpHandler - 

Request DefaultFullHttpRequest(decodeResult: success, version: HTTP/1.1, content: EmptyByteBufBE)
GET /session/238a4d0c2a0841fb1f0fdba08771013c/element/9e687f53-c2a8-4026-a79d-42a6d53cd670/text HTTP/1.1
User-Agent: selenium/4.5.3 (java mac)
Cache-Control: no-cache
Content-Type: application/json; charset=utf-8
host: localhost:47263
accept: */*

Response DefaultHttpResponse(decodeResult: success, version: HTTP/1.1)
HTTP/1.1 200 OK
Content-Length: 19
Content-Type: application/json; charset=utf-8
cache-control: no-cache

18:27:13.959 [AsyncHttpClient-1-7] DEBUG org.asynchttpclient.netty.channel.ChannelManager - Adding key: http://localhost:47263 for channel [id: 0x5f9b9e58, L:/127.0.0.1:55134 - R:localhost/127.0.0.1:47263]
18:27:13.963 [Forwarding findChildElement on session 238a4d0c2a0841fb1f0fdba08771013c to remote] DEBUG org.asynchttpclient.netty.request.NettyRequestSender - Using pooled Channel '[id: 0x5f9b9e58, L:/127.0.0.1:55134 - R:localhost/127.0.0.1:47263]' for 'POST' to 'http://localhost:47263/session/238a4d0c2a0841fb1f0fdba08771013c/element/ee4fd43e-bee8-4ce4-a2a6-c0761acc6fbb/element'
18:27:13.963 [Forwarding findChildElement on session 238a4d0c2a0841fb1f0fdba08771013c to remote] DEBUG org.asynchttpclient.netty.request.NettyRequestSender - Using open Channel [id: 0x5f9b9e58, L:/127.0.0.1:55134 - R:localhost/127.0.0.1:47263] for POST '/session/238a4d0c2a0841fb1f0fdba08771013c/element/ee4fd43e-bee8-4ce4-a2a6-c0761acc6fbb/element'
18:27:14.005 [AsyncHttpClient-1-7] DEBUG org.asynchttpclient.netty.handler.HttpHandler - 

Request DefaultHttpRequest(decodeResult: success, version: HTTP/1.1)
POST /session/238a4d0c2a0841fb1f0fdba08771013c/element/ee4fd43e-bee8-4ce4-a2a6-c0761acc6fbb/element HTTP/1.1
User-Agent: selenium/4.5.3 (java mac)
Content-Length: 106
Content-Type: application/json; charset=utf-8
host: localhost:47263
accept: */*

Response DefaultHttpResponse(decodeResult: success, version: HTTP/1.1)
HTTP/1.1 200 OK
Content-Length: 88
Content-Type: application/json; charset=utf-8
cache-control: no-cache

18:27:14.005 [AsyncHttpClient-1-7] DEBUG org.asynchttpclient.netty.channel.ChannelManager - Adding key: http://localhost:47263 for channel [id: 0x5f9b9e58, L:/127.0.0.1:55134 - R:localhost/127.0.0.1:47263]
18:27:14.006 [Forwarding getElementText on session 238a4d0c2a0841fb1f0fdba08771013c to remote] DEBUG org.asynchttpclient.netty.request.NettyRequestSender - Using pooled Channel '[id: 0x5f9b9e58, L:/127.0.0.1:55134 - R:localhost/127.0.0.1:47263]' for 'GET' to 'http://localhost:47263/session/238a4d0c2a0841fb1f0fdba08771013c/element/7d402f4f-2bac-4ace-b94b-6a47cc4da06a/text'
18:27:14.006 [Forwarding getElementText on session 238a4d0c2a0841fb1f0fdba08771013c to remote] DEBUG org.asynchttpclient.netty.request.NettyRequestSender - Using open Channel [id: 0x5f9b9e58, L:/127.0.0.1:55134 - R:localhost/127.0.0.1:47263] for GET '/session/238a4d0c2a0841fb1f0fdba08771013c/element/7d402f4f-2bac-4ace-b94b-6a47cc4da06a/text'
18:27:14.047 [AsyncHttpClient-1-7] DEBUG org.asynchttpclient.netty.handler.HttpHandler - 

Request DefaultFullHttpRequest(decodeResult: success, version: HTTP/1.1, content: EmptyByteBufBE)
GET /session/238a4d0c2a0841fb1f0fdba08771013c/element/7d402f4f-2bac-4ace-b94b-6a47cc4da06a/text HTTP/1.1
User-Agent: selenium/4.5.3 (java mac)
Cache-Control: no-cache
Content-Type: application/json; charset=utf-8
host: localhost:47263
accept: */*

Response DefaultHttpResponse(decodeResult: success, version: HTTP/1.1)
HTTP/1.1 200 OK
Content-Length: 76
Content-Type: application/json; charset=utf-8
cache-control: no-cache

18:27:14.048 [AsyncHttpClient-1-7] DEBUG org.asynchttpclient.netty.channel.ChannelManager - Adding key: http://localhost:47263 for channel [id: 0x5f9b9e58, L:/127.0.0.1:55134 - R:localhost/127.0.0.1:47263]
18:27:14.050 [Forwarding findChildElement on session 238a4d0c2a0841fb1f0fdba08771013c to remote] DEBUG org.asynchttpclient.netty.request.NettyRequestSender - Using pooled Channel '[id: 0x5f9b9e58, L:/127.0.0.1:55134 - R:localhost/127.0.0.1:47263]' for 'POST' to 'http://localhost:47263/session/238a4d0c2a0841fb1f0fdba08771013c/element/ee4fd43e-bee8-4ce4-a2a6-c0761acc6fbb/element'
18:27:14.050 [Forwarding findChildElement on session 238a4d0c2a0841fb1f0fdba08771013c to remote] DEBUG org.asynchttpclient.netty.request.NettyRequestSender - Using open Channel [id: 0x5f9b9e58, L:/127.0.0.1:55134 - R:localhost/127.0.0.1:47263] for POST '/session/238a4d0c2a0841fb1f0fdba08771013c/element/ee4fd43e-bee8-4ce4-a2a6-c0761acc6fbb/element'
18:27:14.083 [AsyncHttpClient-1-7] DEBUG org.asynchttpclient.netty.handler.HttpHandler - 

Request DefaultHttpRequest(decodeResult: success, version: HTTP/1.1)
POST /session/238a4d0c2a0841fb1f0fdba08771013c/element/ee4fd43e-bee8-4ce4-a2a6-c0761acc6fbb/element HTTP/1.1
User-Agent: selenium/4.5.3 (java mac)
Content-Length: 106
Content-Type: application/json; charset=utf-8
host: localhost:47263
accept: */*

Response DefaultHttpResponse(decodeResult: success, version: HTTP/1.1)
HTTP/1.1 200 OK
Content-Length: 88
Content-Type: application/json; charset=utf-8
cache-control: no-cache

18:27:14.083 [AsyncHttpClient-1-7] DEBUG org.asynchttpclient.netty.channel.ChannelManager - Adding key: http://localhost:47263 for channel [id: 0x5f9b9e58, L:/127.0.0.1:55134 - R:localhost/127.0.0.1:47263]
18:27:14.084 [Forwarding getElementText on session 238a4d0c2a0841fb1f0fdba08771013c to remote] DEBUG org.asynchttpclient.netty.request.NettyRequestSender - Using pooled Channel '[id: 0x5f9b9e58, L:/127.0.0.1:55134 - R:localhost/127.0.0.1:47263]' for 'GET' to 'http://localhost:47263/session/238a4d0c2a0841fb1f0fdba08771013c/element/6b996202-76d1-4d9f-8ccc-aa0038f79c15/text'
18:27:14.084 [Forwarding getElementText on session 238a4d0c2a0841fb1f0fdba08771013c to remote] DEBUG org.asynchttpclient.netty.request.NettyRequestSender - Using open Channel [id: 0x5f9b9e58, L:/127.0.0.1:55134 - R:localhost/127.0.0.1:47263] for GET '/session/238a4d0c2a0841fb1f0fdba08771013c/element/6b996202-76d1-4d9f-8ccc-aa0038f79c15/text'
18:27:14.116 [AsyncHttpClient-1-7] DEBUG org.asynchttpclient.netty.handler.HttpHandler - 

Request DefaultFullHttpRequest(decodeResult: success, version: HTTP/1.1, content: EmptyByteBufBE)
GET /session/238a4d0c2a0841fb1f0fdba08771013c/element/6b996202-76d1-4d9f-8ccc-aa0038f79c15/text HTTP/1.1
User-Agent: selenium/4.5.3 (java mac)
Cache-Control: no-cache
Content-Type: application/json; charset=utf-8
host: localhost:47263
accept: */*

Response DefaultHttpResponse(decodeResult: success, version: HTTP/1.1)
HTTP/1.1 200 OK
Content-Length: 19
Content-Type: application/json; charset=utf-8
cache-control: no-cache

18:27:14.116 [AsyncHttpClient-1-7] DEBUG org.asynchttpclient.netty.channel.ChannelManager - Adding key: http://localhost:47263 for channel [id: 0x5f9b9e58, L:/127.0.0.1:55134 - R:localhost/127.0.0.1:47263]
18:27:14.118 [Forwarding findChildElement on session 238a4d0c2a0841fb1f0fdba08771013c to remote] DEBUG org.asynchttpclient.netty.request.NettyRequestSender - Using pooled Channel '[id: 0x5f9b9e58, L:/127.0.0.1:55134 - R:localhost/127.0.0.1:47263]' for 'POST' to 'http://localhost:47263/session/238a4d0c2a0841fb1f0fdba08771013c/element/141b516c-fa7a-4021-8f37-b73a840f3e06/element'
18:27:14.118 [Forwarding findChildElement on session 238a4d0c2a0841fb1f0fdba08771013c to remote] DEBUG org.asynchttpclient.netty.request.NettyRequestSender - Using open Channel [id: 0x5f9b9e58, L:/127.0.0.1:55134 - R:localhost/127.0.0.1:47263] for POST '/session/238a4d0c2a0841fb1f0fdba08771013c/element/141b516c-fa7a-4021-8f37-b73a840f3e06/element'
18:27:14.201 [AsyncHttpClient-1-7] DEBUG org.asynchttpclient.netty.handler.HttpHandler - 

Request DefaultHttpRequest(decodeResult: success, version: HTTP/1.1)
POST /session/238a4d0c2a0841fb1f0fdba08771013c/element/141b516c-fa7a-4021-8f37-b73a840f3e06/element HTTP/1.1
User-Agent: selenium/4.5.3 (java mac)
Content-Length: 106
Content-Type: application/json; charset=utf-8
host: localhost:47263
accept: */*

Response DefaultHttpResponse(decodeResult: success, version: HTTP/1.1)
HTTP/1.1 200 OK
Content-Length: 88
Content-Type: application/json; charset=utf-8
cache-control: no-cache

18:27:14.201 [AsyncHttpClient-1-7] DEBUG org.asynchttpclient.netty.channel.ChannelManager - Adding key: http://localhost:47263 for channel [id: 0x5f9b9e58, L:/127.0.0.1:55134 - R:localhost/127.0.0.1:47263]
18:27:14.202 [Forwarding getElementText on session 238a4d0c2a0841fb1f0fdba08771013c to remote] DEBUG org.asynchttpclient.netty.request.NettyRequestSender - Using pooled Channel '[id: 0x5f9b9e58, L:/127.0.0.1:55134 - R:localhost/127.0.0.1:47263]' for 'GET' to 'http://localhost:47263/session/238a4d0c2a0841fb1f0fdba08771013c/element/6eff0355-8f5f-4945-a0e2-31e3f7392bf6/text'
18:27:14.202 [Forwarding getElementText on session 238a4d0c2a0841fb1f0fdba08771013c to remote] DEBUG org.asynchttpclient.netty.request.NettyRequestSender - Using open Channel [id: 0x5f9b9e58, L:/127.0.0.1:55134 - R:localhost/127.0.0.1:47263] for GET '/session/238a4d0c2a0841fb1f0fdba08771013c/element/6eff0355-8f5f-4945-a0e2-31e3f7392bf6/text'
18:27:14.258 [AsyncHttpClient-1-7] DEBUG org.asynchttpclient.netty.handler.HttpHandler - 

Request DefaultFullHttpRequest(decodeResult: success, version: HTTP/1.1, content: EmptyByteBufBE)
GET /session/238a4d0c2a0841fb1f0fdba08771013c/element/6eff0355-8f5f-4945-a0e2-31e3f7392bf6/text HTTP/1.1
User-Agent: selenium/4.5.3 (java mac)
Cache-Control: no-cache
Content-Type: application/json; charset=utf-8
host: localhost:47263
accept: */*

Response DefaultHttpResponse(decodeResult: success, version: HTTP/1.1)
HTTP/1.1 200 OK
Content-Length: 81
Content-Type: application/json; charset=utf-8
cache-control: no-cache

18:27:14.258 [AsyncHttpClient-1-7] DEBUG org.asynchttpclient.netty.channel.ChannelManager - Adding key: http://localhost:47263 for channel [id: 0x5f9b9e58, L:/127.0.0.1:55134 - R:localhost/127.0.0.1:47263]
18:27:14.260 [Forwarding findChildElement on session 238a4d0c2a0841fb1f0fdba08771013c to remote] DEBUG org.asynchttpclient.netty.request.NettyRequestSender - Using pooled Channel '[id: 0x5f9b9e58, L:/127.0.0.1:55134 - R:localhost/127.0.0.1:47263]' for 'POST' to 'http://localhost:47263/session/238a4d0c2a0841fb1f0fdba08771013c/element/141b516c-fa7a-4021-8f37-b73a840f3e06/element'
18:27:14.260 [Forwarding findChildElement on session 238a4d0c2a0841fb1f0fdba08771013c to remote] DEBUG org.asynchttpclient.netty.request.NettyRequestSender - Using open Channel [id: 0x5f9b9e58, L:/127.0.0.1:55134 - R:localhost/127.0.0.1:47263] for POST '/session/238a4d0c2a0841fb1f0fdba08771013c/element/141b516c-fa7a-4021-8f37-b73a840f3e06/element'
18:27:14.320 [AsyncHttpClient-1-7] DEBUG org.asynchttpclient.netty.handler.HttpHandler - 

Request DefaultHttpRequest(decodeResult: success, version: HTTP/1.1)
POST /session/238a4d0c2a0841fb1f0fdba08771013c/element/141b516c-fa7a-4021-8f37-b73a840f3e06/element HTTP/1.1
User-Agent: selenium/4.5.3 (java mac)
Content-Length: 106
Content-Type: application/json; charset=utf-8
host: localhost:47263
accept: */*

Response DefaultHttpResponse(decodeResult: success, version: HTTP/1.1)
HTTP/1.1 200 OK
Content-Length: 88
Content-Type: application/json; charset=utf-8
cache-control: no-cache

18:27:14.320 [AsyncHttpClient-1-7] DEBUG org.asynchttpclient.netty.channel.ChannelManager - Adding key: http://localhost:47263 for channel [id: 0x5f9b9e58, L:/127.0.0.1:55134 - R:localhost/127.0.0.1:47263]
18:27:14.322 [Forwarding getElementText on session 238a4d0c2a0841fb1f0fdba08771013c to remote] DEBUG org.asynchttpclient.netty.request.NettyRequestSender - Using pooled Channel '[id: 0x5f9b9e58, L:/127.0.0.1:55134 - R:localhost/127.0.0.1:47263]' for 'GET' to 'http://localhost:47263/session/238a4d0c2a0841fb1f0fdba08771013c/element/464ee5b9-d822-4928-bae9-7b13c3fd457e/text'
18:27:14.323 [Forwarding getElementText on session 238a4d0c2a0841fb1f0fdba08771013c to remote] DEBUG org.asynchttpclient.netty.request.NettyRequestSender - Using open Channel [id: 0x5f9b9e58, L:/127.0.0.1:55134 - R:localhost/127.0.0.1:47263] for GET '/session/238a4d0c2a0841fb1f0fdba08771013c/element/464ee5b9-d822-4928-bae9-7b13c3fd457e/text'
18:27:14.382 [AsyncHttpClient-1-7] DEBUG org.asynchttpclient.netty.handler.HttpHandler - 

Request DefaultFullHttpRequest(decodeResult: success, version: HTTP/1.1, content: EmptyByteBufBE)
GET /session/238a4d0c2a0841fb1f0fdba08771013c/element/464ee5b9-d822-4928-bae9-7b13c3fd457e/text HTTP/1.1
User-Agent: selenium/4.5.3 (java mac)
Cache-Control: no-cache
Content-Type: application/json; charset=utf-8
host: localhost:47263
accept: */*

Response DefaultHttpResponse(decodeResult: success, version: HTTP/1.1)
HTTP/1.1 200 OK
Content-Length: 19
Content-Type: application/json; charset=utf-8
cache-control: no-cache

18:27:14.384 [AsyncHttpClient-1-7] DEBUG org.asynchttpclient.netty.channel.ChannelManager - Adding key: http://localhost:47263 for channel [id: 0x5f9b9e58, L:/127.0.0.1:55134 - R:localhost/127.0.0.1:47263]
18:27:14.385 [Forwarding findChildElement on session 238a4d0c2a0841fb1f0fdba08771013c to remote] DEBUG org.asynchttpclient.netty.request.NettyRequestSender - Using pooled Channel '[id: 0x5f9b9e58, L:/127.0.0.1:55134 - R:localhost/127.0.0.1:47263]' for 'POST' to 'http://localhost:47263/session/238a4d0c2a0841fb1f0fdba08771013c/element/9252abfd-65b6-41b6-a973-d4aca7aa1dc2/element'
18:27:14.385 [Forwarding findChildElement on session 238a4d0c2a0841fb1f0fdba08771013c to remote] DEBUG org.asynchttpclient.netty.request.NettyRequestSender - Using open Channel [id: 0x5f9b9e58, L:/127.0.0.1:55134 - R:localhost/127.0.0.1:47263] for POST '/session/238a4d0c2a0841fb1f0fdba08771013c/element/9252abfd-65b6-41b6-a973-d4aca7aa1dc2/element'
18:27:14.401 [AsyncHttpClient-1-7] DEBUG org.asynchttpclient.netty.handler.HttpHandler - 

Request DefaultHttpRequest(decodeResult: success, version: HTTP/1.1)
POST /session/238a4d0c2a0841fb1f0fdba08771013c/element/9252abfd-65b6-41b6-a973-d4aca7aa1dc2/element HTTP/1.1
User-Agent: selenium/4.5.3 (java mac)
Content-Length: 106
Content-Type: application/json; charset=utf-8
host: localhost:47263
accept: */*

Response DefaultHttpResponse(decodeResult: success, version: HTTP/1.1)
HTTP/1.1 200 OK
Content-Length: 88
Content-Type: application/json; charset=utf-8
cache-control: no-cache

18:27:14.401 [AsyncHttpClient-1-7] DEBUG org.asynchttpclient.netty.channel.ChannelManager - Adding key: http://localhost:47263 for channel [id: 0x5f9b9e58, L:/127.0.0.1:55134 - R:localhost/127.0.0.1:47263]
18:27:14.402 [Forwarding getElementText on session 238a4d0c2a0841fb1f0fdba08771013c to remote] DEBUG org.asynchttpclient.netty.request.NettyRequestSender - Using pooled Channel '[id: 0x5f9b9e58, L:/127.0.0.1:55134 - R:localhost/127.0.0.1:47263]' for 'GET' to 'http://localhost:47263/session/238a4d0c2a0841fb1f0fdba08771013c/element/b790d49b-6a48-4b02-b4b8-2c0fc61f2834/text'
18:27:14.402 [Forwarding getElementText on session 238a4d0c2a0841fb1f0fdba08771013c to remote] DEBUG org.asynchttpclient.netty.request.NettyRequestSender - Using open Channel [id: 0x5f9b9e58, L:/127.0.0.1:55134 - R:localhost/127.0.0.1:47263] for GET '/session/238a4d0c2a0841fb1f0fdba08771013c/element/b790d49b-6a48-4b02-b4b8-2c0fc61f2834/text'
18:27:14.483 [AsyncHttpClient-1-7] DEBUG org.asynchttpclient.netty.handler.HttpHandler - 

Request DefaultFullHttpRequest(decodeResult: success, version: HTTP/1.1, content: EmptyByteBufBE)
GET /session/238a4d0c2a0841fb1f0fdba08771013c/element/b790d49b-6a48-4b02-b4b8-2c0fc61f2834/text HTTP/1.1
User-Agent: selenium/4.5.3 (java mac)
Cache-Control: no-cache
Content-Type: application/json; charset=utf-8
host: localhost:47263
accept: */*

Response DefaultHttpResponse(decodeResult: success, version: HTTP/1.1)
HTTP/1.1 200 OK
Content-Length: 72
Content-Type: application/json; charset=utf-8
cache-control: no-cache

18:27:14.484 [AsyncHttpClient-1-7] DEBUG org.asynchttpclient.netty.channel.ChannelManager - Adding key: http://localhost:47263 for channel [id: 0x5f9b9e58, L:/127.0.0.1:55134 - R:localhost/127.0.0.1:47263]
18:27:14.487 [Forwarding findChildElement on session 238a4d0c2a0841fb1f0fdba08771013c to remote] DEBUG org.asynchttpclient.netty.request.NettyRequestSender - Using pooled Channel '[id: 0x5f9b9e58, L:/127.0.0.1:55134 - R:localhost/127.0.0.1:47263]' for 'POST' to 'http://localhost:47263/session/238a4d0c2a0841fb1f0fdba08771013c/element/9252abfd-65b6-41b6-a973-d4aca7aa1dc2/element'
18:27:14.487 [Forwarding findChildElement on session 238a4d0c2a0841fb1f0fdba08771013c to remote] DEBUG org.asynchttpclient.netty.request.NettyRequestSender - Using open Channel [id: 0x5f9b9e58, L:/127.0.0.1:55134 - R:localhost/127.0.0.1:47263] for POST '/session/238a4d0c2a0841fb1f0fdba08771013c/element/9252abfd-65b6-41b6-a973-d4aca7aa1dc2/element'
18:27:14.513 [AsyncHttpClient-1-7] DEBUG org.asynchttpclient.netty.handler.HttpHandler - 

Request DefaultHttpRequest(decodeResult: success, version: HTTP/1.1)
POST /session/238a4d0c2a0841fb1f0fdba08771013c/element/9252abfd-65b6-41b6-a973-d4aca7aa1dc2/element HTTP/1.1
User-Agent: selenium/4.5.3 (java mac)
Content-Length: 106
Content-Type: application/json; charset=utf-8
host: localhost:47263
accept: */*

Response DefaultHttpResponse(decodeResult: success, version: HTTP/1.1)
HTTP/1.1 200 OK
Content-Length: 88
Content-Type: application/json; charset=utf-8
cache-control: no-cache

18:27:14.513 [AsyncHttpClient-1-7] DEBUG org.asynchttpclient.netty.channel.ChannelManager - Adding key: http://localhost:47263 for channel [id: 0x5f9b9e58, L:/127.0.0.1:55134 - R:localhost/127.0.0.1:47263]
18:27:14.513 [Forwarding getElementText on session 238a4d0c2a0841fb1f0fdba08771013c to remote] DEBUG org.asynchttpclient.netty.request.NettyRequestSender - Using pooled Channel '[id: 0x5f9b9e58, L:/127.0.0.1:55134 - R:localhost/127.0.0.1:47263]' for 'GET' to 'http://localhost:47263/session/238a4d0c2a0841fb1f0fdba08771013c/element/5af268b7-01ed-46db-994b-137709aea781/text'
18:27:14.513 [Forwarding getElementText on session 238a4d0c2a0841fb1f0fdba08771013c to remote] DEBUG org.asynchttpclient.netty.request.NettyRequestSender - Using open Channel [id: 0x5f9b9e58, L:/127.0.0.1:55134 - R:localhost/127.0.0.1:47263] for GET '/session/238a4d0c2a0841fb1f0fdba08771013c/element/5af268b7-01ed-46db-994b-137709aea781/text'
18:27:14.552 [AsyncHttpClient-1-7] DEBUG org.asynchttpclient.netty.handler.HttpHandler - 

Request DefaultFullHttpRequest(decodeResult: success, version: HTTP/1.1, content: EmptyByteBufBE)
GET /session/238a4d0c2a0841fb1f0fdba08771013c/element/5af268b7-01ed-46db-994b-137709aea781/text HTTP/1.1
User-Agent: selenium/4.5.3 (java mac)
Cache-Control: no-cache
Content-Type: application/json; charset=utf-8
host: localhost:47263
accept: */*

Response DefaultHttpResponse(decodeResult: success, version: HTTP/1.1)
HTTP/1.1 200 OK
Content-Length: 19
Content-Type: application/json; charset=utf-8
cache-control: no-cache

18:27:14.552 [AsyncHttpClient-1-7] DEBUG org.asynchttpclient.netty.channel.ChannelManager - Adding key: http://localhost:47263 for channel [id: 0x5f9b9e58, L:/127.0.0.1:55134 - R:localhost/127.0.0.1:47263]
18:27:14.553 [Forwarding findChildElement on session 238a4d0c2a0841fb1f0fdba08771013c to remote] DEBUG org.asynchttpclient.netty.request.NettyRequestSender - Using pooled Channel '[id: 0x5f9b9e58, L:/127.0.0.1:55134 - R:localhost/127.0.0.1:47263]' for 'POST' to 'http://localhost:47263/session/238a4d0c2a0841fb1f0fdba08771013c/element/e6affe93-256c-49d4-81e7-1cbc794a3c5b/element'
18:27:14.553 [Forwarding findChildElement on session 238a4d0c2a0841fb1f0fdba08771013c to remote] DEBUG org.asynchttpclient.netty.request.NettyRequestSender - Using open Channel [id: 0x5f9b9e58, L:/127.0.0.1:55134 - R:localhost/127.0.0.1:47263] for POST '/session/238a4d0c2a0841fb1f0fdba08771013c/element/e6affe93-256c-49d4-81e7-1cbc794a3c5b/element'
18:27:14.567 [AsyncHttpClient-1-7] DEBUG org.asynchttpclient.netty.handler.HttpHandler - 

Request DefaultHttpRequest(decodeResult: success, version: HTTP/1.1)
POST /session/238a4d0c2a0841fb1f0fdba08771013c/element/e6affe93-256c-49d4-81e7-1cbc794a3c5b/element HTTP/1.1
User-Agent: selenium/4.5.3 (java mac)
Content-Length: 106
Content-Type: application/json; charset=utf-8
host: localhost:47263
accept: */*

Response DefaultHttpResponse(decodeResult: success, version: HTTP/1.1)
HTTP/1.1 200 OK
Content-Length: 88
Content-Type: application/json; charset=utf-8
cache-control: no-cache

18:27:14.568 [AsyncHttpClient-1-7] DEBUG org.asynchttpclient.netty.channel.ChannelManager - Adding key: http://localhost:47263 for channel [id: 0x5f9b9e58, L:/127.0.0.1:55134 - R:localhost/127.0.0.1:47263]
18:27:14.569 [Forwarding getElementText on session 238a4d0c2a0841fb1f0fdba08771013c to remote] DEBUG org.asynchttpclient.netty.request.NettyRequestSender - Using pooled Channel '[id: 0x5f9b9e58, L:/127.0.0.1:55134 - R:localhost/127.0.0.1:47263]' for 'GET' to 'http://localhost:47263/session/238a4d0c2a0841fb1f0fdba08771013c/element/7c4be1fc-b9d8-4503-a427-75d58571c865/text'
18:27:14.569 [Forwarding getElementText on session 238a4d0c2a0841fb1f0fdba08771013c to remote] DEBUG org.asynchttpclient.netty.request.NettyRequestSender - Using open Channel [id: 0x5f9b9e58, L:/127.0.0.1:55134 - R:localhost/127.0.0.1:47263] for GET '/session/238a4d0c2a0841fb1f0fdba08771013c/element/7c4be1fc-b9d8-4503-a427-75d58571c865/text'
18:27:14.640 [AsyncHttpClient-1-7] DEBUG org.asynchttpclient.netty.handler.HttpHandler - 

Request DefaultFullHttpRequest(decodeResult: success, version: HTTP/1.1, content: EmptyByteBufBE)
GET /session/238a4d0c2a0841fb1f0fdba08771013c/element/7c4be1fc-b9d8-4503-a427-75d58571c865/text HTTP/1.1
User-Agent: selenium/4.5.3 (java mac)
Cache-Control: no-cache
Content-Type: application/json; charset=utf-8
host: localhost:47263
accept: */*

Response DefaultHttpResponse(decodeResult: success, version: HTTP/1.1)
HTTP/1.1 200 OK
Content-Length: 91
Content-Type: application/json; charset=utf-8
cache-control: no-cache

18:27:14.640 [AsyncHttpClient-1-7] DEBUG org.asynchttpclient.netty.channel.ChannelManager - Adding key: http://localhost:47263 for channel [id: 0x5f9b9e58, L:/127.0.0.1:55134 - R:localhost/127.0.0.1:47263]
18:27:14.642 [Forwarding findChildElement on session 238a4d0c2a0841fb1f0fdba08771013c to remote] DEBUG org.asynchttpclient.netty.request.NettyRequestSender - Using pooled Channel '[id: 0x5f9b9e58, L:/127.0.0.1:55134 - R:localhost/127.0.0.1:47263]' for 'POST' to 'http://localhost:47263/session/238a4d0c2a0841fb1f0fdba08771013c/element/e6affe93-256c-49d4-81e7-1cbc794a3c5b/element'
18:27:14.642 [Forwarding findChildElement on session 238a4d0c2a0841fb1f0fdba08771013c to remote] DEBUG org.asynchttpclient.netty.request.NettyRequestSender - Using open Channel [id: 0x5f9b9e58, L:/127.0.0.1:55134 - R:localhost/127.0.0.1:47263] for POST '/session/238a4d0c2a0841fb1f0fdba08771013c/element/e6affe93-256c-49d4-81e7-1cbc794a3c5b/element'
18:27:14.726 [AsyncHttpClient-1-7] DEBUG org.asynchttpclient.netty.handler.HttpHandler - 

Request DefaultHttpRequest(decodeResult: success, version: HTTP/1.1)
POST /session/238a4d0c2a0841fb1f0fdba08771013c/element/e6affe93-256c-49d4-81e7-1cbc794a3c5b/element HTTP/1.1
User-Agent: selenium/4.5.3 (java mac)
Content-Length: 106
Content-Type: application/json; charset=utf-8
host: localhost:47263
accept: */*

Response DefaultHttpResponse(decodeResult: success, version: HTTP/1.1)
HTTP/1.1 200 OK
Content-Length: 88
Content-Type: application/json; charset=utf-8
cache-control: no-cache

18:27:14.726 [AsyncHttpClient-1-7] DEBUG org.asynchttpclient.netty.channel.ChannelManager - Adding key: http://localhost:47263 for channel [id: 0x5f9b9e58, L:/127.0.0.1:55134 - R:localhost/127.0.0.1:47263]
18:27:14.727 [Forwarding getElementText on session 238a4d0c2a0841fb1f0fdba08771013c to remote] DEBUG org.asynchttpclient.netty.request.NettyRequestSender - Using pooled Channel '[id: 0x5f9b9e58, L:/127.0.0.1:55134 - R:localhost/127.0.0.1:47263]' for 'GET' to 'http://localhost:47263/session/238a4d0c2a0841fb1f0fdba08771013c/element/39020580-794d-4e51-b078-0adcd332abd1/text'
18:27:14.727 [Forwarding getElementText on session 238a4d0c2a0841fb1f0fdba08771013c to remote] DEBUG org.asynchttpclient.netty.request.NettyRequestSender - Using open Channel [id: 0x5f9b9e58, L:/127.0.0.1:55134 - R:localhost/127.0.0.1:47263] for GET '/session/238a4d0c2a0841fb1f0fdba08771013c/element/39020580-794d-4e51-b078-0adcd332abd1/text'
18:27:14.811 [AsyncHttpClient-1-7] DEBUG org.asynchttpclient.netty.handler.HttpHandler - 

Request DefaultFullHttpRequest(decodeResult: success, version: HTTP/1.1, content: EmptyByteBufBE)
GET /session/238a4d0c2a0841fb1f0fdba08771013c/element/39020580-794d-4e51-b078-0adcd332abd1/text HTTP/1.1
User-Agent: selenium/4.5.3 (java mac)
Cache-Control: no-cache
Content-Type: application/json; charset=utf-8
host: localhost:47263
accept: */*

Response DefaultHttpResponse(decodeResult: success, version: HTTP/1.1)
HTTP/1.1 200 OK
Content-Length: 19
Content-Type: application/json; charset=utf-8
cache-control: no-cache

18:27:14.811 [AsyncHttpClient-1-7] DEBUG org.asynchttpclient.netty.channel.ChannelManager - Adding key: http://localhost:47263 for channel [id: 0x5f9b9e58, L:/127.0.0.1:55134 - R:localhost/127.0.0.1:47263]
18:27:14.812 [Forwarding findChildElement on session 238a4d0c2a0841fb1f0fdba08771013c to remote] DEBUG org.asynchttpclient.netty.request.NettyRequestSender - Using pooled Channel '[id: 0x5f9b9e58, L:/127.0.0.1:55134 - R:localhost/127.0.0.1:47263]' for 'POST' to 'http://localhost:47263/session/238a4d0c2a0841fb1f0fdba08771013c/element/323acb64-3a50-4649-8d40-fe739f756cd3/element'
18:27:14.812 [Forwarding findChildElement on session 238a4d0c2a0841fb1f0fdba08771013c to remote] DEBUG org.asynchttpclient.netty.request.NettyRequestSender - Using open Channel [id: 0x5f9b9e58, L:/127.0.0.1:55134 - R:localhost/127.0.0.1:47263] for POST '/session/238a4d0c2a0841fb1f0fdba08771013c/element/323acb64-3a50-4649-8d40-fe739f756cd3/element'
18:27:14.873 [AsyncHttpClient-1-7] DEBUG org.asynchttpclient.netty.handler.HttpHandler - 

Request DefaultHttpRequest(decodeResult: success, version: HTTP/1.1)
POST /session/238a4d0c2a0841fb1f0fdba08771013c/element/323acb64-3a50-4649-8d40-fe739f756cd3/element HTTP/1.1
User-Agent: selenium/4.5.3 (java mac)
Content-Length: 106
Content-Type: application/json; charset=utf-8
host: localhost:47263
accept: */*

Response DefaultHttpResponse(decodeResult: success, version: HTTP/1.1)
HTTP/1.1 200 OK
Content-Length: 88
Content-Type: application/json; charset=utf-8
cache-control: no-cache

18:27:14.873 [AsyncHttpClient-1-7] DEBUG org.asynchttpclient.netty.channel.ChannelManager - Adding key: http://localhost:47263 for channel [id: 0x5f9b9e58, L:/127.0.0.1:55134 - R:localhost/127.0.0.1:47263]
18:27:14.874 [Forwarding getElementText on session 238a4d0c2a0841fb1f0fdba08771013c to remote] DEBUG org.asynchttpclient.netty.request.NettyRequestSender - Using pooled Channel '[id: 0x5f9b9e58, L:/127.0.0.1:55134 - R:localhost/127.0.0.1:47263]' for 'GET' to 'http://localhost:47263/session/238a4d0c2a0841fb1f0fdba08771013c/element/79c2ebc1-6700-4dd3-bc3c-d3145e39d0e6/text'
18:27:14.874 [Forwarding getElementText on session 238a4d0c2a0841fb1f0fdba08771013c to remote] DEBUG org.asynchttpclient.netty.request.NettyRequestSender - Using open Channel [id: 0x5f9b9e58, L:/127.0.0.1:55134 - R:localhost/127.0.0.1:47263] for GET '/session/238a4d0c2a0841fb1f0fdba08771013c/element/79c2ebc1-6700-4dd3-bc3c-d3145e39d0e6/text'
18:27:14.914 [AsyncHttpClient-1-7] DEBUG org.asynchttpclient.netty.handler.HttpHandler - 

Request DefaultFullHttpRequest(decodeResult: success, version: HTTP/1.1, content: EmptyByteBufBE)
GET /session/238a4d0c2a0841fb1f0fdba08771013c/element/79c2ebc1-6700-4dd3-bc3c-d3145e39d0e6/text HTTP/1.1
User-Agent: selenium/4.5.3 (java mac)
Cache-Control: no-cache
Content-Type: application/json; charset=utf-8
host: localhost:47263
accept: */*

Response DefaultHttpResponse(decodeResult: success, version: HTTP/1.1)
HTTP/1.1 200 OK
Content-Length: 91
Content-Type: application/json; charset=utf-8
cache-control: no-cache

18:27:14.915 [AsyncHttpClient-1-7] DEBUG org.asynchttpclient.netty.channel.ChannelManager - Adding key: http://localhost:47263 for channel [id: 0x5f9b9e58, L:/127.0.0.1:55134 - R:localhost/127.0.0.1:47263]
18:27:14.916 [Forwarding findChildElement on session 238a4d0c2a0841fb1f0fdba08771013c to remote] DEBUG org.asynchttpclient.netty.request.NettyRequestSender - Using pooled Channel '[id: 0x5f9b9e58, L:/127.0.0.1:55134 - R:localhost/127.0.0.1:47263]' for 'POST' to 'http://localhost:47263/session/238a4d0c2a0841fb1f0fdba08771013c/element/323acb64-3a50-4649-8d40-fe739f756cd3/element'
18:27:14.916 [Forwarding findChildElement on session 238a4d0c2a0841fb1f0fdba08771013c to remote] DEBUG org.asynchttpclient.netty.request.NettyRequestSender - Using open Channel [id: 0x5f9b9e58, L:/127.0.0.1:55134 - R:localhost/127.0.0.1:47263] for POST '/session/238a4d0c2a0841fb1f0fdba08771013c/element/323acb64-3a50-4649-8d40-fe739f756cd3/element'
18:27:14.956 [AsyncHttpClient-1-7] DEBUG org.asynchttpclient.netty.handler.HttpHandler - 

Request DefaultHttpRequest(decodeResult: success, version: HTTP/1.1)
POST /session/238a4d0c2a0841fb1f0fdba08771013c/element/323acb64-3a50-4649-8d40-fe739f756cd3/element HTTP/1.1
User-Agent: selenium/4.5.3 (java mac)
Content-Length: 106
Content-Type: application/json; charset=utf-8
host: localhost:47263
accept: */*

Response DefaultHttpResponse(decodeResult: success, version: HTTP/1.1)
HTTP/1.1 200 OK
Content-Length: 88
Content-Type: application/json; charset=utf-8
cache-control: no-cache

18:27:14.957 [AsyncHttpClient-1-7] DEBUG org.asynchttpclient.netty.channel.ChannelManager - Adding key: http://localhost:47263 for channel [id: 0x5f9b9e58, L:/127.0.0.1:55134 - R:localhost/127.0.0.1:47263]
18:27:14.957 [Forwarding getElementText on session 238a4d0c2a0841fb1f0fdba08771013c to remote] DEBUG org.asynchttpclient.netty.request.NettyRequestSender - Using pooled Channel '[id: 0x5f9b9e58, L:/127.0.0.1:55134 - R:localhost/127.0.0.1:47263]' for 'GET' to 'http://localhost:47263/session/238a4d0c2a0841fb1f0fdba08771013c/element/96ec8170-a06e-47d1-8d44-2cb583905439/text'
18:27:14.957 [Forwarding getElementText on session 238a4d0c2a0841fb1f0fdba08771013c to remote] DEBUG org.asynchttpclient.netty.request.NettyRequestSender - Using open Channel [id: 0x5f9b9e58, L:/127.0.0.1:55134 - R:localhost/127.0.0.1:47263] for GET '/session/238a4d0c2a0841fb1f0fdba08771013c/element/96ec8170-a06e-47d1-8d44-2cb583905439/text'
18:27:14.976 [AsyncHttpClient-1-7] DEBUG org.asynchttpclient.netty.handler.HttpHandler - 

Request DefaultFullHttpRequest(decodeResult: success, version: HTTP/1.1, content: EmptyByteBufBE)
GET /session/238a4d0c2a0841fb1f0fdba08771013c/element/96ec8170-a06e-47d1-8d44-2cb583905439/text HTTP/1.1
User-Agent: selenium/4.5.3 (java mac)
Cache-Control: no-cache
Content-Type: application/json; charset=utf-8
host: localhost:47263
accept: */*

Response DefaultHttpResponse(decodeResult: success, version: HTTP/1.1)
HTTP/1.1 200 OK
Content-Length: 19
Content-Type: application/json; charset=utf-8
cache-control: no-cache

18:27:14.976 [AsyncHttpClient-1-7] DEBUG org.asynchttpclient.netty.channel.ChannelManager - Adding key: http://localhost:47263 for channel [id: 0x5f9b9e58, L:/127.0.0.1:55134 - R:localhost/127.0.0.1:47263]
18:27:14.977 [Forwarding findChildElement on session 238a4d0c2a0841fb1f0fdba08771013c to remote] DEBUG org.asynchttpclient.netty.request.NettyRequestSender - Using pooled Channel '[id: 0x5f9b9e58, L:/127.0.0.1:55134 - R:localhost/127.0.0.1:47263]' for 'POST' to 'http://localhost:47263/session/238a4d0c2a0841fb1f0fdba08771013c/element/2fb0cd0a-7144-46f6-8661-32ad8da17a38/element'
18:27:14.977 [Forwarding findChildElement on session 238a4d0c2a0841fb1f0fdba08771013c to remote] DEBUG org.asynchttpclient.netty.request.NettyRequestSender - Using open Channel [id: 0x5f9b9e58, L:/127.0.0.1:55134 - R:localhost/127.0.0.1:47263] for POST '/session/238a4d0c2a0841fb1f0fdba08771013c/element/2fb0cd0a-7144-46f6-8661-32ad8da17a38/element'
18:27:15.018 [AsyncHttpClient-1-1] DEBUG org.asynchttpclient.netty.channel.DefaultChannelPool - Entry count for : http://localhost:8354 : 1
18:27:15.018 [AsyncHttpClient-1-1] DEBUG org.asynchttpclient.netty.channel.DefaultChannelPool - Entry count for : http://localhost:55138 : 1
18:27:15.069 [AsyncHttpClient-1-7] DEBUG org.asynchttpclient.netty.handler.HttpHandler - 

Request DefaultHttpRequest(decodeResult: success, version: HTTP/1.1)
POST /session/238a4d0c2a0841fb1f0fdba08771013c/element/2fb0cd0a-7144-46f6-8661-32ad8da17a38/element HTTP/1.1
User-Agent: selenium/4.5.3 (java mac)
Content-Length: 106
Content-Type: application/json; charset=utf-8
host: localhost:47263
accept: */*

Response DefaultHttpResponse(decodeResult: success, version: HTTP/1.1)
HTTP/1.1 200 OK
Content-Length: 88
Content-Type: application/json; charset=utf-8
cache-control: no-cache

18:27:15.069 [AsyncHttpClient-1-7] DEBUG org.asynchttpclient.netty.channel.ChannelManager - Adding key: http://localhost:47263 for channel [id: 0x5f9b9e58, L:/127.0.0.1:55134 - R:localhost/127.0.0.1:47263]
18:27:15.069 [Forwarding getElementText on session 238a4d0c2a0841fb1f0fdba08771013c to remote] DEBUG org.asynchttpclient.netty.request.NettyRequestSender - Using pooled Channel '[id: 0x5f9b9e58, L:/127.0.0.1:55134 - R:localhost/127.0.0.1:47263]' for 'GET' to 'http://localhost:47263/session/238a4d0c2a0841fb1f0fdba08771013c/element/e07daf52-5249-4e17-be06-a0c56d071064/text'
18:27:15.070 [Forwarding getElementText on session 238a4d0c2a0841fb1f0fdba08771013c to remote] DEBUG org.asynchttpclient.netty.request.NettyRequestSender - Using open Channel [id: 0x5f9b9e58, L:/127.0.0.1:55134 - R:localhost/127.0.0.1:47263] for GET '/session/238a4d0c2a0841fb1f0fdba08771013c/element/e07daf52-5249-4e17-be06-a0c56d071064/text'
18:27:15.122 [AsyncHttpClient-1-7] DEBUG org.asynchttpclient.netty.handler.HttpHandler - 

Request DefaultFullHttpRequest(decodeResult: success, version: HTTP/1.1, content: EmptyByteBufBE)
GET /session/238a4d0c2a0841fb1f0fdba08771013c/element/e07daf52-5249-4e17-be06-a0c56d071064/text HTTP/1.1
User-Agent: selenium/4.5.3 (java mac)
Cache-Control: no-cache
Content-Type: application/json; charset=utf-8
host: localhost:47263
accept: */*

Response DefaultHttpResponse(decodeResult: success, version: HTTP/1.1)
HTTP/1.1 200 OK
Content-Length: 81
Content-Type: application/json; charset=utf-8
cache-control: no-cache

18:27:15.122 [AsyncHttpClient-1-7] DEBUG org.asynchttpclient.netty.channel.ChannelManager - Adding key: http://localhost:47263 for channel [id: 0x5f9b9e58, L:/127.0.0.1:55134 - R:localhost/127.0.0.1:47263]
18:27:15.125 [Forwarding findChildElement on session 238a4d0c2a0841fb1f0fdba08771013c to remote] DEBUG org.asynchttpclient.netty.request.NettyRequestSender - Using pooled Channel '[id: 0x5f9b9e58, L:/127.0.0.1:55134 - R:localhost/127.0.0.1:47263]' for 'POST' to 'http://localhost:47263/session/238a4d0c2a0841fb1f0fdba08771013c/element/2fb0cd0a-7144-46f6-8661-32ad8da17a38/element'
18:27:15.125 [Forwarding findChildElement on session 238a4d0c2a0841fb1f0fdba08771013c to remote] DEBUG org.asynchttpclient.netty.request.NettyRequestSender - Using open Channel [id: 0x5f9b9e58, L:/127.0.0.1:55134 - R:localhost/127.0.0.1:47263] for POST '/session/238a4d0c2a0841fb1f0fdba08771013c/element/2fb0cd0a-7144-46f6-8661-32ad8da17a38/element'
18:27:15.136 [AsyncHttpClient-1-7] DEBUG org.asynchttpclient.netty.handler.HttpHandler - 

Request DefaultHttpRequest(decodeResult: success, version: HTTP/1.1)
POST /session/238a4d0c2a0841fb1f0fdba08771013c/element/2fb0cd0a-7144-46f6-8661-32ad8da17a38/element HTTP/1.1
User-Agent: selenium/4.5.3 (java mac)
Content-Length: 106
Content-Type: application/json; charset=utf-8
host: localhost:47263
accept: */*

Response DefaultHttpResponse(decodeResult: success, version: HTTP/1.1)
HTTP/1.1 200 OK
Content-Length: 88
Content-Type: application/json; charset=utf-8
cache-control: no-cache

18:27:15.136 [AsyncHttpClient-1-7] DEBUG org.asynchttpclient.netty.channel.ChannelManager - Adding key: http://localhost:47263 for channel [id: 0x5f9b9e58, L:/127.0.0.1:55134 - R:localhost/127.0.0.1:47263]
18:27:15.137 [Forwarding getElementText on session 238a4d0c2a0841fb1f0fdba08771013c to remote] DEBUG org.asynchttpclient.netty.request.NettyRequestSender - Using pooled Channel '[id: 0x5f9b9e58, L:/127.0.0.1:55134 - R:localhost/127.0.0.1:47263]' for 'GET' to 'http://localhost:47263/session/238a4d0c2a0841fb1f0fdba08771013c/element/0fad0ad3-5b30-4d1d-a493-04c44bc8e2b5/text'
18:27:15.137 [Forwarding getElementText on session 238a4d0c2a0841fb1f0fdba08771013c to remote] DEBUG org.asynchttpclient.netty.request.NettyRequestSender - Using open Channel [id: 0x5f9b9e58, L:/127.0.0.1:55134 - R:localhost/127.0.0.1:47263] for GET '/session/238a4d0c2a0841fb1f0fdba08771013c/element/0fad0ad3-5b30-4d1d-a493-04c44bc8e2b5/text'
18:27:15.206 [AsyncHttpClient-1-7] DEBUG org.asynchttpclient.netty.handler.HttpHandler - 

Request DefaultFullHttpRequest(decodeResult: success, version: HTTP/1.1, content: EmptyByteBufBE)
GET /session/238a4d0c2a0841fb1f0fdba08771013c/element/0fad0ad3-5b30-4d1d-a493-04c44bc8e2b5/text HTTP/1.1
User-Agent: selenium/4.5.3 (java mac)
Cache-Control: no-cache
Content-Type: application/json; charset=utf-8
host: localhost:47263
accept: */*

Response DefaultHttpResponse(decodeResult: success, version: HTTP/1.1)
HTTP/1.1 200 OK
Content-Length: 19
Content-Type: application/json; charset=utf-8
cache-control: no-cache

18:27:15.206 [AsyncHttpClient-1-7] DEBUG org.asynchttpclient.netty.channel.ChannelManager - Adding key: http://localhost:47263 for channel [id: 0x5f9b9e58, L:/127.0.0.1:55134 - R:localhost/127.0.0.1:47263]
18:27:15.209 [Forwarding findChildElement on session 238a4d0c2a0841fb1f0fdba08771013c to remote] DEBUG org.asynchttpclient.netty.request.NettyRequestSender - Using pooled Channel '[id: 0x5f9b9e58, L:/127.0.0.1:55134 - R:localhost/127.0.0.1:47263]' for 'POST' to 'http://localhost:47263/session/238a4d0c2a0841fb1f0fdba08771013c/element/9d8c791d-6eb2-494d-8b0b-750babc826d9/element'
18:27:15.210 [Forwarding findChildElement on session 238a4d0c2a0841fb1f0fdba08771013c to remote] DEBUG org.asynchttpclient.netty.request.NettyRequestSender - Using open Channel [id: 0x5f9b9e58, L:/127.0.0.1:55134 - R:localhost/127.0.0.1:47263] for POST '/session/238a4d0c2a0841fb1f0fdba08771013c/element/9d8c791d-6eb2-494d-8b0b-750babc826d9/element'
18:27:15.247 [AsyncHttpClient-1-7] DEBUG org.asynchttpclient.netty.handler.HttpHandler - 

Request DefaultHttpRequest(decodeResult: success, version: HTTP/1.1)
POST /session/238a4d0c2a0841fb1f0fdba08771013c/element/9d8c791d-6eb2-494d-8b0b-750babc826d9/element HTTP/1.1
User-Agent: selenium/4.5.3 (java mac)
Content-Length: 106
Content-Type: application/json; charset=utf-8
host: localhost:47263
accept: */*

Response DefaultHttpResponse(decodeResult: success, version: HTTP/1.1)
HTTP/1.1 200 OK
Content-Length: 88
Content-Type: application/json; charset=utf-8
cache-control: no-cache

18:27:15.247 [AsyncHttpClient-1-7] DEBUG org.asynchttpclient.netty.channel.ChannelManager - Adding key: http://localhost:47263 for channel [id: 0x5f9b9e58, L:/127.0.0.1:55134 - R:localhost/127.0.0.1:47263]
18:27:15.249 [Forwarding getElementText on session 238a4d0c2a0841fb1f0fdba08771013c to remote] DEBUG org.asynchttpclient.netty.request.NettyRequestSender - Using pooled Channel '[id: 0x5f9b9e58, L:/127.0.0.1:55134 - R:localhost/127.0.0.1:47263]' for 'GET' to 'http://localhost:47263/session/238a4d0c2a0841fb1f0fdba08771013c/element/60abdd08-4276-42bb-b0f0-7f2c55c81e36/text'
18:27:15.249 [Forwarding getElementText on session 238a4d0c2a0841fb1f0fdba08771013c to remote] DEBUG org.asynchttpclient.netty.request.NettyRequestSender - Using open Channel [id: 0x5f9b9e58, L:/127.0.0.1:55134 - R:localhost/127.0.0.1:47263] for GET '/session/238a4d0c2a0841fb1f0fdba08771013c/element/60abdd08-4276-42bb-b0f0-7f2c55c81e36/text'
18:27:15.292 [AsyncHttpClient-1-7] DEBUG org.asynchttpclient.netty.handler.HttpHandler - 

Request DefaultFullHttpRequest(decodeResult: success, version: HTTP/1.1, content: EmptyByteBufBE)
GET /session/238a4d0c2a0841fb1f0fdba08771013c/element/60abdd08-4276-42bb-b0f0-7f2c55c81e36/text HTTP/1.1
User-Agent: selenium/4.5.3 (java mac)
Cache-Control: no-cache
Content-Type: application/json; charset=utf-8
host: localhost:47263
accept: */*

Response DefaultHttpResponse(decodeResult: success, version: HTTP/1.1)
HTTP/1.1 200 OK
Content-Length: 66
Content-Type: application/json; charset=utf-8
cache-control: no-cache

18:27:15.292 [AsyncHttpClient-1-7] DEBUG org.asynchttpclient.netty.channel.ChannelManager - Adding key: http://localhost:47263 for channel [id: 0x5f9b9e58, L:/127.0.0.1:55134 - R:localhost/127.0.0.1:47263]
18:27:15.293 [Forwarding findChildElement on session 238a4d0c2a0841fb1f0fdba08771013c to remote] DEBUG org.asynchttpclient.netty.request.NettyRequestSender - Using pooled Channel '[id: 0x5f9b9e58, L:/127.0.0.1:55134 - R:localhost/127.0.0.1:47263]' for 'POST' to 'http://localhost:47263/session/238a4d0c2a0841fb1f0fdba08771013c/element/9d8c791d-6eb2-494d-8b0b-750babc826d9/element'
18:27:15.293 [Forwarding findChildElement on session 238a4d0c2a0841fb1f0fdba08771013c to remote] DEBUG org.asynchttpclient.netty.request.NettyRequestSender - Using open Channel [id: 0x5f9b9e58, L:/127.0.0.1:55134 - R:localhost/127.0.0.1:47263] for POST '/session/238a4d0c2a0841fb1f0fdba08771013c/element/9d8c791d-6eb2-494d-8b0b-750babc826d9/element'
18:27:15.364 [AsyncHttpClient-1-7] DEBUG org.asynchttpclient.netty.handler.HttpHandler - 

Request DefaultHttpRequest(decodeResult: success, version: HTTP/1.1)
POST /session/238a4d0c2a0841fb1f0fdba08771013c/element/9d8c791d-6eb2-494d-8b0b-750babc826d9/element HTTP/1.1
User-Agent: selenium/4.5.3 (java mac)
Content-Length: 106
Content-Type: application/json; charset=utf-8
host: localhost:47263
accept: */*

Response DefaultHttpResponse(decodeResult: success, version: HTTP/1.1)
HTTP/1.1 200 OK
Content-Length: 88
Content-Type: application/json; charset=utf-8
cache-control: no-cache

18:27:15.364 [AsyncHttpClient-1-7] DEBUG org.asynchttpclient.netty.channel.ChannelManager - Adding key: http://localhost:47263 for channel [id: 0x5f9b9e58, L:/127.0.0.1:55134 - R:localhost/127.0.0.1:47263]
18:27:15.365 [Forwarding getElementText on session 238a4d0c2a0841fb1f0fdba08771013c to remote] DEBUG org.asynchttpclient.netty.request.NettyRequestSender - Using pooled Channel '[id: 0x5f9b9e58, L:/127.0.0.1:55134 - R:localhost/127.0.0.1:47263]' for 'GET' to 'http://localhost:47263/session/238a4d0c2a0841fb1f0fdba08771013c/element/40b154c1-37af-4187-b713-518bef31d448/text'
18:27:15.365 [Forwarding getElementText on session 238a4d0c2a0841fb1f0fdba08771013c to remote] DEBUG org.asynchttpclient.netty.request.NettyRequestSender - Using open Channel [id: 0x5f9b9e58, L:/127.0.0.1:55134 - R:localhost/127.0.0.1:47263] for GET '/session/238a4d0c2a0841fb1f0fdba08771013c/element/40b154c1-37af-4187-b713-518bef31d448/text'
18:27:15.379 [AsyncHttpClient-1-7] DEBUG org.asynchttpclient.netty.handler.HttpHandler - 

Request DefaultFullHttpRequest(decodeResult: success, version: HTTP/1.1, content: EmptyByteBufBE)
GET /session/238a4d0c2a0841fb1f0fdba08771013c/element/40b154c1-37af-4187-b713-518bef31d448/text HTTP/1.1
User-Agent: selenium/4.5.3 (java mac)
Cache-Control: no-cache
Content-Type: application/json; charset=utf-8
host: localhost:47263
accept: */*

Response DefaultHttpResponse(decodeResult: success, version: HTTP/1.1)
HTTP/1.1 200 OK
Content-Length: 19
Content-Type: application/json; charset=utf-8
cache-control: no-cache

18:27:15.379 [AsyncHttpClient-1-7] DEBUG org.asynchttpclient.netty.channel.ChannelManager - Adding key: http://localhost:47263 for channel [id: 0x5f9b9e58, L:/127.0.0.1:55134 - R:localhost/127.0.0.1:47263]
18:27:15.380 [Forwarding findChildElement on session 238a4d0c2a0841fb1f0fdba08771013c to remote] DEBUG org.asynchttpclient.netty.request.NettyRequestSender - Using pooled Channel '[id: 0x5f9b9e58, L:/127.0.0.1:55134 - R:localhost/127.0.0.1:47263]' for 'POST' to 'http://localhost:47263/session/238a4d0c2a0841fb1f0fdba08771013c/element/b51f1ad7-8d85-4424-bb0a-d7466f29b98b/element'
18:27:15.380 [Forwarding findChildElement on session 238a4d0c2a0841fb1f0fdba08771013c to remote] DEBUG org.asynchttpclient.netty.request.NettyRequestSender - Using open Channel [id: 0x5f9b9e58, L:/127.0.0.1:55134 - R:localhost/127.0.0.1:47263] for POST '/session/238a4d0c2a0841fb1f0fdba08771013c/element/b51f1ad7-8d85-4424-bb0a-d7466f29b98b/element'
18:27:15.428 [AsyncHttpClient-1-7] DEBUG org.asynchttpclient.netty.handler.HttpHandler - 

Request DefaultHttpRequest(decodeResult: success, version: HTTP/1.1)
POST /session/238a4d0c2a0841fb1f0fdba08771013c/element/b51f1ad7-8d85-4424-bb0a-d7466f29b98b/element HTTP/1.1
User-Agent: selenium/4.5.3 (java mac)
Content-Length: 106
Content-Type: application/json; charset=utf-8
host: localhost:47263
accept: */*

Response DefaultHttpResponse(decodeResult: success, version: HTTP/1.1)
HTTP/1.1 200 OK
Content-Length: 88
Content-Type: application/json; charset=utf-8
cache-control: no-cache

18:27:15.428 [AsyncHttpClient-1-7] DEBUG org.asynchttpclient.netty.channel.ChannelManager - Adding key: http://localhost:47263 for channel [id: 0x5f9b9e58, L:/127.0.0.1:55134 - R:localhost/127.0.0.1:47263]
18:27:15.429 [Forwarding getElementText on session 238a4d0c2a0841fb1f0fdba08771013c to remote] DEBUG org.asynchttpclient.netty.request.NettyRequestSender - Using pooled Channel '[id: 0x5f9b9e58, L:/127.0.0.1:55134 - R:localhost/127.0.0.1:47263]' for 'GET' to 'http://localhost:47263/session/238a4d0c2a0841fb1f0fdba08771013c/element/0cfa854b-c93d-45ee-8d11-019bf0a3d294/text'
18:27:15.429 [Forwarding getElementText on session 238a4d0c2a0841fb1f0fdba08771013c to remote] DEBUG org.asynchttpclient.netty.request.NettyRequestSender - Using open Channel [id: 0x5f9b9e58, L:/127.0.0.1:55134 - R:localhost/127.0.0.1:47263] for GET '/session/238a4d0c2a0841fb1f0fdba08771013c/element/0cfa854b-c93d-45ee-8d11-019bf0a3d294/text'
18:27:15.484 [AsyncHttpClient-1-7] DEBUG org.asynchttpclient.netty.handler.HttpHandler - 

Request DefaultFullHttpRequest(decodeResult: success, version: HTTP/1.1, content: EmptyByteBufBE)
GET /session/238a4d0c2a0841fb1f0fdba08771013c/element/0cfa854b-c93d-45ee-8d11-019bf0a3d294/text HTTP/1.1
User-Agent: selenium/4.5.3 (java mac)
Cache-Control: no-cache
Content-Type: application/json; charset=utf-8
host: localhost:47263
accept: */*

Response DefaultHttpResponse(decodeResult: success, version: HTTP/1.1)
HTTP/1.1 200 OK
Content-Length: 80
Content-Type: application/json; charset=utf-8
cache-control: no-cache

18:27:15.484 [AsyncHttpClient-1-7] DEBUG org.asynchttpclient.netty.channel.ChannelManager - Adding key: http://localhost:47263 for channel [id: 0x5f9b9e58, L:/127.0.0.1:55134 - R:localhost/127.0.0.1:47263]
18:27:15.486 [Forwarding findChildElement on session 238a4d0c2a0841fb1f0fdba08771013c to remote] DEBUG org.asynchttpclient.netty.request.NettyRequestSender - Using pooled Channel '[id: 0x5f9b9e58, L:/127.0.0.1:55134 - R:localhost/127.0.0.1:47263]' for 'POST' to 'http://localhost:47263/session/238a4d0c2a0841fb1f0fdba08771013c/element/b51f1ad7-8d85-4424-bb0a-d7466f29b98b/element'
18:27:15.486 [Forwarding findChildElement on session 238a4d0c2a0841fb1f0fdba08771013c to remote] DEBUG org.asynchttpclient.netty.request.NettyRequestSender - Using open Channel [id: 0x5f9b9e58, L:/127.0.0.1:55134 - R:localhost/127.0.0.1:47263] for POST '/session/238a4d0c2a0841fb1f0fdba08771013c/element/b51f1ad7-8d85-4424-bb0a-d7466f29b98b/element'
18:27:15.529 [AsyncHttpClient-1-7] DEBUG org.asynchttpclient.netty.handler.HttpHandler - 

Request DefaultHttpRequest(decodeResult: success, version: HTTP/1.1)
POST /session/238a4d0c2a0841fb1f0fdba08771013c/element/b51f1ad7-8d85-4424-bb0a-d7466f29b98b/element HTTP/1.1
User-Agent: selenium/4.5.3 (java mac)
Content-Length: 106
Content-Type: application/json; charset=utf-8
host: localhost:47263
accept: */*

Response DefaultHttpResponse(decodeResult: success, version: HTTP/1.1)
HTTP/1.1 200 OK
Content-Length: 88
Content-Type: application/json; charset=utf-8
cache-control: no-cache

18:27:15.529 [AsyncHttpClient-1-7] DEBUG org.asynchttpclient.netty.channel.ChannelManager - Adding key: http://localhost:47263 for channel [id: 0x5f9b9e58, L:/127.0.0.1:55134 - R:localhost/127.0.0.1:47263]
18:27:15.530 [Forwarding getElementText on session 238a4d0c2a0841fb1f0fdba08771013c to remote] DEBUG org.asynchttpclient.netty.request.NettyRequestSender - Using pooled Channel '[id: 0x5f9b9e58, L:/127.0.0.1:55134 - R:localhost/127.0.0.1:47263]' for 'GET' to 'http://localhost:47263/session/238a4d0c2a0841fb1f0fdba08771013c/element/3fafa77c-1a2b-4e4c-8b02-e974fe4279e5/text'
18:27:15.530 [Forwarding getElementText on session 238a4d0c2a0841fb1f0fdba08771013c to remote] DEBUG org.asynchttpclient.netty.request.NettyRequestSender - Using open Channel [id: 0x5f9b9e58, L:/127.0.0.1:55134 - R:localhost/127.0.0.1:47263] for GET '/session/238a4d0c2a0841fb1f0fdba08771013c/element/3fafa77c-1a2b-4e4c-8b02-e974fe4279e5/text'
18:27:15.579 [AsyncHttpClient-1-7] DEBUG org.asynchttpclient.netty.handler.HttpHandler - 

Request DefaultFullHttpRequest(decodeResult: success, version: HTTP/1.1, content: EmptyByteBufBE)
GET /session/238a4d0c2a0841fb1f0fdba08771013c/element/3fafa77c-1a2b-4e4c-8b02-e974fe4279e5/text HTTP/1.1
User-Agent: selenium/4.5.3 (java mac)
Cache-Control: no-cache
Content-Type: application/json; charset=utf-8
host: localhost:47263
accept: */*

Response DefaultHttpResponse(decodeResult: success, version: HTTP/1.1)
HTTP/1.1 200 OK
Content-Length: 19
Content-Type: application/json; charset=utf-8
cache-control: no-cache

18:27:15.584 [AsyncHttpClient-1-7] DEBUG org.asynchttpclient.netty.channel.ChannelManager - Adding key: http://localhost:47263 for channel [id: 0x5f9b9e58, L:/127.0.0.1:55134 - R:localhost/127.0.0.1:47263]
18:27:15.586 [Forwarding findChildElement on session 238a4d0c2a0841fb1f0fdba08771013c to remote] DEBUG org.asynchttpclient.netty.request.NettyRequestSender - Using pooled Channel '[id: 0x5f9b9e58, L:/127.0.0.1:55134 - R:localhost/127.0.0.1:47263]' for 'POST' to 'http://localhost:47263/session/238a4d0c2a0841fb1f0fdba08771013c/element/56ac5971-925b-402f-9043-486a78750c37/element'
18:27:15.586 [Forwarding findChildElement on session 238a4d0c2a0841fb1f0fdba08771013c to remote] DEBUG org.asynchttpclient.netty.request.NettyRequestSender - Using open Channel [id: 0x5f9b9e58, L:/127.0.0.1:55134 - R:localhost/127.0.0.1:47263] for POST '/session/238a4d0c2a0841fb1f0fdba08771013c/element/56ac5971-925b-402f-9043-486a78750c37/element'
18:27:15.623 [AsyncHttpClient-1-7] DEBUG org.asynchttpclient.netty.handler.HttpHandler - 

Request DefaultHttpRequest(decodeResult: success, version: HTTP/1.1)
POST /session/238a4d0c2a0841fb1f0fdba08771013c/element/56ac5971-925b-402f-9043-486a78750c37/element HTTP/1.1
User-Agent: selenium/4.5.3 (java mac)
Content-Length: 106
Content-Type: application/json; charset=utf-8
host: localhost:47263
accept: */*

Response DefaultHttpResponse(decodeResult: success, version: HTTP/1.1)
HTTP/1.1 200 OK
Content-Length: 88
Content-Type: application/json; charset=utf-8
cache-control: no-cache

18:27:15.623 [AsyncHttpClient-1-7] DEBUG org.asynchttpclient.netty.channel.ChannelManager - Adding key: http://localhost:47263 for channel [id: 0x5f9b9e58, L:/127.0.0.1:55134 - R:localhost/127.0.0.1:47263]
18:27:15.624 [Forwarding getElementText on session 238a4d0c2a0841fb1f0fdba08771013c to remote] DEBUG org.asynchttpclient.netty.request.NettyRequestSender - Using pooled Channel '[id: 0x5f9b9e58, L:/127.0.0.1:55134 - R:localhost/127.0.0.1:47263]' for 'GET' to 'http://localhost:47263/session/238a4d0c2a0841fb1f0fdba08771013c/element/4dfacea7-53bc-40c5-8bd1-972ca1fd8edb/text'
18:27:15.624 [Forwarding getElementText on session 238a4d0c2a0841fb1f0fdba08771013c to remote] DEBUG org.asynchttpclient.netty.request.NettyRequestSender - Using open Channel [id: 0x5f9b9e58, L:/127.0.0.1:55134 - R:localhost/127.0.0.1:47263] for GET '/session/238a4d0c2a0841fb1f0fdba08771013c/element/4dfacea7-53bc-40c5-8bd1-972ca1fd8edb/text'
18:27:15.682 [AsyncHttpClient-1-7] DEBUG org.asynchttpclient.netty.handler.HttpHandler - 

Request DefaultFullHttpRequest(decodeResult: success, version: HTTP/1.1, content: EmptyByteBufBE)
GET /session/238a4d0c2a0841fb1f0fdba08771013c/element/4dfacea7-53bc-40c5-8bd1-972ca1fd8edb/text HTTP/1.1
User-Agent: selenium/4.5.3 (java mac)
Cache-Control: no-cache
Content-Type: application/json; charset=utf-8
host: localhost:47263
accept: */*

Response DefaultHttpResponse(decodeResult: success, version: HTTP/1.1)
HTTP/1.1 200 OK
Content-Length: 92
Content-Type: application/json; charset=utf-8
cache-control: no-cache

18:27:15.682 [AsyncHttpClient-1-7] DEBUG org.asynchttpclient.netty.channel.ChannelManager - Adding key: http://localhost:47263 for channel [id: 0x5f9b9e58, L:/127.0.0.1:55134 - R:localhost/127.0.0.1:47263]
18:27:15.684 [Forwarding findChildElement on session 238a4d0c2a0841fb1f0fdba08771013c to remote] DEBUG org.asynchttpclient.netty.request.NettyRequestSender - Using pooled Channel '[id: 0x5f9b9e58, L:/127.0.0.1:55134 - R:localhost/127.0.0.1:47263]' for 'POST' to 'http://localhost:47263/session/238a4d0c2a0841fb1f0fdba08771013c/element/56ac5971-925b-402f-9043-486a78750c37/element'
18:27:15.684 [Forwarding findChildElement on session 238a4d0c2a0841fb1f0fdba08771013c to remote] DEBUG org.asynchttpclient.netty.request.NettyRequestSender - Using open Channel [id: 0x5f9b9e58, L:/127.0.0.1:55134 - R:localhost/127.0.0.1:47263] for POST '/session/238a4d0c2a0841fb1f0fdba08771013c/element/56ac5971-925b-402f-9043-486a78750c37/element'
18:27:15.708 [AsyncHttpClient-1-7] DEBUG org.asynchttpclient.netty.handler.HttpHandler - 

Request DefaultHttpRequest(decodeResult: success, version: HTTP/1.1)
POST /session/238a4d0c2a0841fb1f0fdba08771013c/element/56ac5971-925b-402f-9043-486a78750c37/element HTTP/1.1
User-Agent: selenium/4.5.3 (java mac)
Content-Length: 106
Content-Type: application/json; charset=utf-8
host: localhost:47263
accept: */*

Response DefaultHttpResponse(decodeResult: success, version: HTTP/1.1)
HTTP/1.1 200 OK
Content-Length: 88
Content-Type: application/json; charset=utf-8
cache-control: no-cache

18:27:15.708 [AsyncHttpClient-1-7] DEBUG org.asynchttpclient.netty.channel.ChannelManager - Adding key: http://localhost:47263 for channel [id: 0x5f9b9e58, L:/127.0.0.1:55134 - R:localhost/127.0.0.1:47263]
18:27:15.709 [Forwarding getElementText on session 238a4d0c2a0841fb1f0fdba08771013c to remote] DEBUG org.asynchttpclient.netty.request.NettyRequestSender - Using pooled Channel '[id: 0x5f9b9e58, L:/127.0.0.1:55134 - R:localhost/127.0.0.1:47263]' for 'GET' to 'http://localhost:47263/session/238a4d0c2a0841fb1f0fdba08771013c/element/9da80402-f613-4d06-bb06-fb8da63fa6d9/text'
18:27:15.709 [Forwarding getElementText on session 238a4d0c2a0841fb1f0fdba08771013c to remote] DEBUG org.asynchttpclient.netty.request.NettyRequestSender - Using open Channel [id: 0x5f9b9e58, L:/127.0.0.1:55134 - R:localhost/127.0.0.1:47263] for GET '/session/238a4d0c2a0841fb1f0fdba08771013c/element/9da80402-f613-4d06-bb06-fb8da63fa6d9/text'
18:27:15.737 [AsyncHttpClient-1-7] DEBUG org.asynchttpclient.netty.handler.HttpHandler - 

Request DefaultFullHttpRequest(decodeResult: success, version: HTTP/1.1, content: EmptyByteBufBE)
GET /session/238a4d0c2a0841fb1f0fdba08771013c/element/9da80402-f613-4d06-bb06-fb8da63fa6d9/text HTTP/1.1
User-Agent: selenium/4.5.3 (java mac)
Cache-Control: no-cache
Content-Type: application/json; charset=utf-8
host: localhost:47263
accept: */*

Response DefaultHttpResponse(decodeResult: success, version: HTTP/1.1)
HTTP/1.1 200 OK
Content-Length: 30
Content-Type: application/json; charset=utf-8
cache-control: no-cache

18:27:15.737 [AsyncHttpClient-1-7] DEBUG org.asynchttpclient.netty.channel.ChannelManager - Adding key: http://localhost:47263 for channel [id: 0x5f9b9e58, L:/127.0.0.1:55134 - R:localhost/127.0.0.1:47263]
18:27:15.740 [Forwarding findChildElement on session 238a4d0c2a0841fb1f0fdba08771013c to remote] DEBUG org.asynchttpclient.netty.request.NettyRequestSender - Using pooled Channel '[id: 0x5f9b9e58, L:/127.0.0.1:55134 - R:localhost/127.0.0.1:47263]' for 'POST' to 'http://localhost:47263/session/238a4d0c2a0841fb1f0fdba08771013c/element/d5e67fe9-6ebe-45cf-a1fa-5db2e4178cf0/element'
18:27:15.740 [Forwarding findChildElement on session 238a4d0c2a0841fb1f0fdba08771013c to remote] DEBUG org.asynchttpclient.netty.request.NettyRequestSender - Using open Channel [id: 0x5f9b9e58, L:/127.0.0.1:55134 - R:localhost/127.0.0.1:47263] for POST '/session/238a4d0c2a0841fb1f0fdba08771013c/element/d5e67fe9-6ebe-45cf-a1fa-5db2e4178cf0/element'
18:27:15.787 [AsyncHttpClient-1-7] DEBUG org.asynchttpclient.netty.handler.HttpHandler - 

Request DefaultHttpRequest(decodeResult: success, version: HTTP/1.1)
POST /session/238a4d0c2a0841fb1f0fdba08771013c/element/d5e67fe9-6ebe-45cf-a1fa-5db2e4178cf0/element HTTP/1.1
User-Agent: selenium/4.5.3 (java mac)
Content-Length: 106
Content-Type: application/json; charset=utf-8
host: localhost:47263
accept: */*

Response DefaultHttpResponse(decodeResult: success, version: HTTP/1.1)
HTTP/1.1 200 OK
Content-Length: 88
Content-Type: application/json; charset=utf-8
cache-control: no-cache

18:27:15.787 [AsyncHttpClient-1-7] DEBUG org.asynchttpclient.netty.channel.ChannelManager - Adding key: http://localhost:47263 for channel [id: 0x5f9b9e58, L:/127.0.0.1:55134 - R:localhost/127.0.0.1:47263]
18:27:15.788 [Forwarding getElementText on session 238a4d0c2a0841fb1f0fdba08771013c to remote] DEBUG org.asynchttpclient.netty.request.NettyRequestSender - Using pooled Channel '[id: 0x5f9b9e58, L:/127.0.0.1:55134 - R:localhost/127.0.0.1:47263]' for 'GET' to 'http://localhost:47263/session/238a4d0c2a0841fb1f0fdba08771013c/element/3644675d-f9ae-434a-9c9a-e008aa24d159/text'
18:27:15.788 [Forwarding getElementText on session 238a4d0c2a0841fb1f0fdba08771013c to remote] DEBUG org.asynchttpclient.netty.request.NettyRequestSender - Using open Channel [id: 0x5f9b9e58, L:/127.0.0.1:55134 - R:localhost/127.0.0.1:47263] for GET '/session/238a4d0c2a0841fb1f0fdba08771013c/element/3644675d-f9ae-434a-9c9a-e008aa24d159/text'
18:27:15.831 [AsyncHttpClient-1-7] DEBUG org.asynchttpclient.netty.handler.HttpHandler - 

Request DefaultFullHttpRequest(decodeResult: success, version: HTTP/1.1, content: EmptyByteBufBE)
GET /session/238a4d0c2a0841fb1f0fdba08771013c/element/3644675d-f9ae-434a-9c9a-e008aa24d159/text HTTP/1.1
User-Agent: selenium/4.5.3 (java mac)
Cache-Control: no-cache
Content-Type: application/json; charset=utf-8
host: localhost:47263
accept: */*

Response DefaultHttpResponse(decodeResult: success, version: HTTP/1.1)
HTTP/1.1 200 OK
Content-Length: 92
Content-Type: application/json; charset=utf-8
cache-control: no-cache

18:27:15.831 [AsyncHttpClient-1-7] DEBUG org.asynchttpclient.netty.channel.ChannelManager - Adding key: http://localhost:47263 for channel [id: 0x5f9b9e58, L:/127.0.0.1:55134 - R:localhost/127.0.0.1:47263]
18:27:15.832 [Forwarding findChildElement on session 238a4d0c2a0841fb1f0fdba08771013c to remote] DEBUG org.asynchttpclient.netty.request.NettyRequestSender - Using pooled Channel '[id: 0x5f9b9e58, L:/127.0.0.1:55134 - R:localhost/127.0.0.1:47263]' for 'POST' to 'http://localhost:47263/session/238a4d0c2a0841fb1f0fdba08771013c/element/d5e67fe9-6ebe-45cf-a1fa-5db2e4178cf0/element'
18:27:15.832 [Forwarding findChildElement on session 238a4d0c2a0841fb1f0fdba08771013c to remote] DEBUG org.asynchttpclient.netty.request.NettyRequestSender - Using open Channel [id: 0x5f9b9e58, L:/127.0.0.1:55134 - R:localhost/127.0.0.1:47263] for POST '/session/238a4d0c2a0841fb1f0fdba08771013c/element/d5e67fe9-6ebe-45cf-a1fa-5db2e4178cf0/element'
18:27:15.875 [AsyncHttpClient-1-7] DEBUG org.asynchttpclient.netty.handler.HttpHandler - 

Request DefaultHttpRequest(decodeResult: success, version: HTTP/1.1)
POST /session/238a4d0c2a0841fb1f0fdba08771013c/element/d5e67fe9-6ebe-45cf-a1fa-5db2e4178cf0/element HTTP/1.1
User-Agent: selenium/4.5.3 (java mac)
Content-Length: 106
Content-Type: application/json; charset=utf-8
host: localhost:47263
accept: */*

Response DefaultHttpResponse(decodeResult: success, version: HTTP/1.1)
HTTP/1.1 200 OK
Content-Length: 88
Content-Type: application/json; charset=utf-8
cache-control: no-cache

18:27:15.875 [AsyncHttpClient-1-7] DEBUG org.asynchttpclient.netty.channel.ChannelManager - Adding key: http://localhost:47263 for channel [id: 0x5f9b9e58, L:/127.0.0.1:55134 - R:localhost/127.0.0.1:47263]
18:27:15.876 [Forwarding getElementText on session 238a4d0c2a0841fb1f0fdba08771013c to remote] DEBUG org.asynchttpclient.netty.request.NettyRequestSender - Using pooled Channel '[id: 0x5f9b9e58, L:/127.0.0.1:55134 - R:localhost/127.0.0.1:47263]' for 'GET' to 'http://localhost:47263/session/238a4d0c2a0841fb1f0fdba08771013c/element/993e5dc9-b83c-48e4-8104-99590e87a915/text'
18:27:15.876 [Forwarding getElementText on session 238a4d0c2a0841fb1f0fdba08771013c to remote] DEBUG org.asynchttpclient.netty.request.NettyRequestSender - Using open Channel [id: 0x5f9b9e58, L:/127.0.0.1:55134 - R:localhost/127.0.0.1:47263] for GET '/session/238a4d0c2a0841fb1f0fdba08771013c/element/993e5dc9-b83c-48e4-8104-99590e87a915/text'
18:27:16.049 [AsyncHttpClient-1-7] DEBUG org.asynchttpclient.netty.handler.HttpHandler - 

Request DefaultFullHttpRequest(decodeResult: success, version: HTTP/1.1, content: EmptyByteBufBE)
GET /session/238a4d0c2a0841fb1f0fdba08771013c/element/993e5dc9-b83c-48e4-8104-99590e87a915/text HTTP/1.1
User-Agent: selenium/4.5.3 (java mac)
Cache-Control: no-cache
Content-Type: application/json; charset=utf-8
host: localhost:47263
accept: */*

Response DefaultHttpResponse(decodeResult: success, version: HTTP/1.1)
HTTP/1.1 200 OK
Content-Length: 19
Content-Type: application/json; charset=utf-8
cache-control: no-cache

18:27:16.049 [AsyncHttpClient-1-7] DEBUG org.asynchttpclient.netty.channel.ChannelManager - Adding key: http://localhost:47263 for channel [id: 0x5f9b9e58, L:/127.0.0.1:55134 - R:localhost/127.0.0.1:47263]
18:27:16.050 [Forwarding findChildElement on session 238a4d0c2a0841fb1f0fdba08771013c to remote] DEBUG org.asynchttpclient.netty.request.NettyRequestSender - Using pooled Channel '[id: 0x5f9b9e58, L:/127.0.0.1:55134 - R:localhost/127.0.0.1:47263]' for 'POST' to 'http://localhost:47263/session/238a4d0c2a0841fb1f0fdba08771013c/element/1a338534-823c-41c0-a764-27708f982739/element'
18:27:16.050 [Forwarding findChildElement on session 238a4d0c2a0841fb1f0fdba08771013c to remote] DEBUG org.asynchttpclient.netty.request.NettyRequestSender - Using open Channel [id: 0x5f9b9e58, L:/127.0.0.1:55134 - R:localhost/127.0.0.1:47263] for POST '/session/238a4d0c2a0841fb1f0fdba08771013c/element/1a338534-823c-41c0-a764-27708f982739/element'
18:27:16.081 [AsyncHttpClient-1-7] DEBUG org.asynchttpclient.netty.handler.HttpHandler - 

Request DefaultHttpRequest(decodeResult: success, version: HTTP/1.1)
POST /session/238a4d0c2a0841fb1f0fdba08771013c/element/1a338534-823c-41c0-a764-27708f982739/element HTTP/1.1
User-Agent: selenium/4.5.3 (java mac)
Content-Length: 106
Content-Type: application/json; charset=utf-8
host: localhost:47263
accept: */*

Response DefaultHttpResponse(decodeResult: success, version: HTTP/1.1)
HTTP/1.1 200 OK
Content-Length: 88
Content-Type: application/json; charset=utf-8
cache-control: no-cache

18:27:16.081 [AsyncHttpClient-1-7] DEBUG org.asynchttpclient.netty.channel.ChannelManager - Adding key: http://localhost:47263 for channel [id: 0x5f9b9e58, L:/127.0.0.1:55134 - R:localhost/127.0.0.1:47263]
18:27:16.082 [Forwarding getElementText on session 238a4d0c2a0841fb1f0fdba08771013c to remote] DEBUG org.asynchttpclient.netty.request.NettyRequestSender - Using pooled Channel '[id: 0x5f9b9e58, L:/127.0.0.1:55134 - R:localhost/127.0.0.1:47263]' for 'GET' to 'http://localhost:47263/session/238a4d0c2a0841fb1f0fdba08771013c/element/3be5a448-d392-4448-b208-a54b2f4284ed/text'
18:27:16.082 [Forwarding getElementText on session 238a4d0c2a0841fb1f0fdba08771013c to remote] DEBUG org.asynchttpclient.netty.request.NettyRequestSender - Using open Channel [id: 0x5f9b9e58, L:/127.0.0.1:55134 - R:localhost/127.0.0.1:47263] for GET '/session/238a4d0c2a0841fb1f0fdba08771013c/element/3be5a448-d392-4448-b208-a54b2f4284ed/text'
18:27:16.116 [AsyncHttpClient-1-1] DEBUG org.asynchttpclient.netty.channel.DefaultChannelPool - Entry count for : http://localhost:8354 : 1
18:27:16.116 [AsyncHttpClient-1-1] DEBUG org.asynchttpclient.netty.channel.DefaultChannelPool - Entry count for : http://localhost:55138 : 1
18:27:16.338 [AsyncHttpClient-1-7] DEBUG org.asynchttpclient.netty.handler.HttpHandler - 

Request DefaultFullHttpRequest(decodeResult: success, version: HTTP/1.1, content: EmptyByteBufBE)
GET /session/238a4d0c2a0841fb1f0fdba08771013c/element/3be5a448-d392-4448-b208-a54b2f4284ed/text HTTP/1.1
User-Agent: selenium/4.5.3 (java mac)
Cache-Control: no-cache
Content-Type: application/json; charset=utf-8
host: localhost:47263
accept: */*

Response DefaultHttpResponse(decodeResult: success, version: HTTP/1.1)
HTTP/1.1 200 OK
Content-Length: 92
Content-Type: application/json; charset=utf-8
cache-control: no-cache

18:27:16.338 [AsyncHttpClient-1-7] DEBUG org.asynchttpclient.netty.channel.ChannelManager - Adding key: http://localhost:47263 for channel [id: 0x5f9b9e58, L:/127.0.0.1:55134 - R:localhost/127.0.0.1:47263]
18:27:16.604 [Forwarding findChildElement on session 238a4d0c2a0841fb1f0fdba08771013c to remote] DEBUG org.asynchttpclient.netty.request.NettyRequestSender - Using pooled Channel '[id: 0x5f9b9e58, L:/127.0.0.1:55134 - R:localhost/127.0.0.1:47263]' for 'POST' to 'http://localhost:47263/session/238a4d0c2a0841fb1f0fdba08771013c/element/1a338534-823c-41c0-a764-27708f982739/element'
18:27:16.605 [Forwarding findChildElement on session 238a4d0c2a0841fb1f0fdba08771013c to remote] DEBUG org.asynchttpclient.netty.request.NettyRequestSender - Using open Channel [id: 0x5f9b9e58, L:/127.0.0.1:55134 - R:localhost/127.0.0.1:47263] for POST '/session/238a4d0c2a0841fb1f0fdba08771013c/element/1a338534-823c-41c0-a764-27708f982739/element'
18:27:17.211 [AsyncHttpClient-1-1] DEBUG org.asynchttpclient.netty.channel.DefaultChannelPool - Entry count for : http://localhost:8354 : 1
18:27:17.260 [AsyncHttpClient-1-1] DEBUG org.asynchttpclient.netty.channel.DefaultChannelPool - Entry count for : http://localhost:55138 : 1
18:27:18.272 [AsyncHttpClient-1-7] DEBUG org.asynchttpclient.netty.handler.HttpHandler - 

Request DefaultHttpRequest(decodeResult: success, version: HTTP/1.1)
POST /session/238a4d0c2a0841fb1f0fdba08771013c/element/1a338534-823c-41c0-a764-27708f982739/element HTTP/1.1
User-Agent: selenium/4.5.3 (java mac)
Content-Length: 106
Content-Type: application/json; charset=utf-8
host: localhost:47263
accept: */*

Response DefaultHttpResponse(decodeResult: success, version: HTTP/1.1)
HTTP/1.1 200 OK
Content-Length: 88
Content-Type: application/json; charset=utf-8
cache-control: no-cache

18:27:18.274 [AsyncHttpClient-1-7] DEBUG org.asynchttpclient.netty.channel.ChannelManager - Adding key: http://localhost:47263 for channel [id: 0x5f9b9e58, L:/127.0.0.1:55134 - R:localhost/127.0.0.1:47263]
18:27:18.281 [Forwarding getElementText on session 238a4d0c2a0841fb1f0fdba08771013c to remote] DEBUG org.asynchttpclient.netty.request.NettyRequestSender - Using pooled Channel '[id: 0x5f9b9e58, L:/127.0.0.1:55134 - R:localhost/127.0.0.1:47263]' for 'GET' to 'http://localhost:47263/session/238a4d0c2a0841fb1f0fdba08771013c/element/0b1a498d-a77d-4234-9cb4-602d5aceedf6/text'
18:27:18.282 [Forwarding getElementText on session 238a4d0c2a0841fb1f0fdba08771013c to remote] DEBUG org.asynchttpclient.netty.request.NettyRequestSender - Using open Channel [id: 0x5f9b9e58, L:/127.0.0.1:55134 - R:localhost/127.0.0.1:47263] for GET '/session/238a4d0c2a0841fb1f0fdba08771013c/element/0b1a498d-a77d-4234-9cb4-602d5aceedf6/text'
18:27:18.314 [AsyncHttpClient-1-1] DEBUG org.asynchttpclient.netty.channel.DefaultChannelPool - Entry count for : http://localhost:8354 : 1
18:27:18.314 [AsyncHttpClient-1-1] DEBUG org.asynchttpclient.netty.channel.DefaultChannelPool - Entry count for : http://localhost:55138 : 1
18:27:18.798 [AsyncHttpClient-1-7] DEBUG org.asynchttpclient.netty.handler.HttpHandler - 

Request DefaultFullHttpRequest(decodeResult: success, version: HTTP/1.1, content: EmptyByteBufBE)
GET /session/238a4d0c2a0841fb1f0fdba08771013c/element/0b1a498d-a77d-4234-9cb4-602d5aceedf6/text HTTP/1.1
User-Agent: selenium/4.5.3 (java mac)
Cache-Control: no-cache
Content-Type: application/json; charset=utf-8
host: localhost:47263
accept: */*

Response DefaultHttpResponse(decodeResult: success, version: HTTP/1.1)
HTTP/1.1 200 OK
Content-Length: 30
Content-Type: application/json; charset=utf-8
cache-control: no-cache

18:27:18.798 [AsyncHttpClient-1-7] DEBUG org.asynchttpclient.netty.channel.ChannelManager - Adding key: http://localhost:47263 for channel [id: 0x5f9b9e58, L:/127.0.0.1:55134 - R:localhost/127.0.0.1:47263]
18:27:18.803 [Forwarding findChildElement on session 238a4d0c2a0841fb1f0fdba08771013c to remote] DEBUG org.asynchttpclient.netty.request.NettyRequestSender - Using pooled Channel '[id: 0x5f9b9e58, L:/127.0.0.1:55134 - R:localhost/127.0.0.1:47263]' for 'POST' to 'http://localhost:47263/session/238a4d0c2a0841fb1f0fdba08771013c/element/27097ce1-f8a8-4055-8749-828d1b82ca93/element'
18:27:18.803 [Forwarding findChildElement on session 238a4d0c2a0841fb1f0fdba08771013c to remote] DEBUG org.asynchttpclient.netty.request.NettyRequestSender - Using open Channel [id: 0x5f9b9e58, L:/127.0.0.1:55134 - R:localhost/127.0.0.1:47263] for POST '/session/238a4d0c2a0841fb1f0fdba08771013c/element/27097ce1-f8a8-4055-8749-828d1b82ca93/element'
18:27:18.825 [AsyncHttpClient-1-7] DEBUG org.asynchttpclient.netty.handler.HttpHandler - 

Request DefaultHttpRequest(decodeResult: success, version: HTTP/1.1)
POST /session/238a4d0c2a0841fb1f0fdba08771013c/element/27097ce1-f8a8-4055-8749-828d1b82ca93/element HTTP/1.1
User-Agent: selenium/4.5.3 (java mac)
Content-Length: 106
Content-Type: application/json; charset=utf-8
host: localhost:47263
accept: */*

Response DefaultHttpResponse(decodeResult: success, version: HTTP/1.1)
HTTP/1.1 200 OK
Content-Length: 88
Content-Type: application/json; charset=utf-8
cache-control: no-cache

18:27:18.825 [AsyncHttpClient-1-7] DEBUG org.asynchttpclient.netty.channel.ChannelManager - Adding key: http://localhost:47263 for channel [id: 0x5f9b9e58, L:/127.0.0.1:55134 - R:localhost/127.0.0.1:47263]
18:27:18.828 [Forwarding getElementText on session 238a4d0c2a0841fb1f0fdba08771013c to remote] DEBUG org.asynchttpclient.netty.request.NettyRequestSender - Using pooled Channel '[id: 0x5f9b9e58, L:/127.0.0.1:55134 - R:localhost/127.0.0.1:47263]' for 'GET' to 'http://localhost:47263/session/238a4d0c2a0841fb1f0fdba08771013c/element/4e042e6f-dbef-4438-b439-bdf3bacc26fb/text'
18:27:18.828 [Forwarding getElementText on session 238a4d0c2a0841fb1f0fdba08771013c to remote] DEBUG org.asynchttpclient.netty.request.NettyRequestSender - Using open Channel [id: 0x5f9b9e58, L:/127.0.0.1:55134 - R:localhost/127.0.0.1:47263] for GET '/session/238a4d0c2a0841fb1f0fdba08771013c/element/4e042e6f-dbef-4438-b439-bdf3bacc26fb/text'
18:27:18.873 [AsyncHttpClient-1-7] DEBUG org.asynchttpclient.netty.handler.HttpHandler - 

Request DefaultFullHttpRequest(decodeResult: success, version: HTTP/1.1, content: EmptyByteBufBE)
GET /session/238a4d0c2a0841fb1f0fdba08771013c/element/4e042e6f-dbef-4438-b439-bdf3bacc26fb/text HTTP/1.1
User-Agent: selenium/4.5.3 (java mac)
Cache-Control: no-cache
Content-Type: application/json; charset=utf-8
host: localhost:47263
accept: */*

Response DefaultHttpResponse(decodeResult: success, version: HTTP/1.1)
HTTP/1.1 200 OK
Content-Length: 92
Content-Type: application/json; charset=utf-8
cache-control: no-cache

18:27:18.873 [AsyncHttpClient-1-7] DEBUG org.asynchttpclient.netty.channel.ChannelManager - Adding key: http://localhost:47263 for channel [id: 0x5f9b9e58, L:/127.0.0.1:55134 - R:localhost/127.0.0.1:47263]
18:27:18.874 [Forwarding findChildElement on session 238a4d0c2a0841fb1f0fdba08771013c to remote] DEBUG org.asynchttpclient.netty.request.NettyRequestSender - Using pooled Channel '[id: 0x5f9b9e58, L:/127.0.0.1:55134 - R:localhost/127.0.0.1:47263]' for 'POST' to 'http://localhost:47263/session/238a4d0c2a0841fb1f0fdba08771013c/element/27097ce1-f8a8-4055-8749-828d1b82ca93/element'
18:27:18.875 [Forwarding findChildElement on session 238a4d0c2a0841fb1f0fdba08771013c to remote] DEBUG org.asynchttpclient.netty.request.NettyRequestSender - Using open Channel [id: 0x5f9b9e58, L:/127.0.0.1:55134 - R:localhost/127.0.0.1:47263] for POST '/session/238a4d0c2a0841fb1f0fdba08771013c/element/27097ce1-f8a8-4055-8749-828d1b82ca93/element'
18:27:19.378 [AsyncHttpClient-1-7] DEBUG org.asynchttpclient.netty.handler.HttpHandler - 

Request DefaultHttpRequest(decodeResult: success, version: HTTP/1.1)
POST /session/238a4d0c2a0841fb1f0fdba08771013c/element/27097ce1-f8a8-4055-8749-828d1b82ca93/element HTTP/1.1
User-Agent: selenium/4.5.3 (java mac)
Content-Length: 106
Content-Type: application/json; charset=utf-8
host: localhost:47263
accept: */*

Response DefaultHttpResponse(decodeResult: success, version: HTTP/1.1)
HTTP/1.1 200 OK
Content-Length: 88
Content-Type: application/json; charset=utf-8
cache-control: no-cache

18:27:19.378 [AsyncHttpClient-1-7] DEBUG org.asynchttpclient.netty.channel.ChannelManager - Adding key: http://localhost:47263 for channel [id: 0x5f9b9e58, L:/127.0.0.1:55134 - R:localhost/127.0.0.1:47263]
18:27:19.379 [Forwarding getElementText on session 238a4d0c2a0841fb1f0fdba08771013c to remote] DEBUG org.asynchttpclient.netty.request.NettyRequestSender - Using pooled Channel '[id: 0x5f9b9e58, L:/127.0.0.1:55134 - R:localhost/127.0.0.1:47263]' for 'GET' to 'http://localhost:47263/session/238a4d0c2a0841fb1f0fdba08771013c/element/a0a10df0-4b51-47f5-a1e6-7af714b40c5e/text'
18:27:19.379 [Forwarding getElementText on session 238a4d0c2a0841fb1f0fdba08771013c to remote] DEBUG org.asynchttpclient.netty.request.NettyRequestSender - Using open Channel [id: 0x5f9b9e58, L:/127.0.0.1:55134 - R:localhost/127.0.0.1:47263] for GET '/session/238a4d0c2a0841fb1f0fdba08771013c/element/a0a10df0-4b51-47f5-a1e6-7af714b40c5e/text'
18:27:19.416 [AsyncHttpClient-1-1] DEBUG org.asynchttpclient.netty.channel.DefaultChannelPool - Entry count for : http://localhost:8354 : 1
18:27:19.416 [AsyncHttpClient-1-1] DEBUG org.asynchttpclient.netty.channel.DefaultChannelPool - Entry count for : http://localhost:55138 : 1
18:27:19.684 [AsyncHttpClient-1-7] DEBUG org.asynchttpclient.netty.handler.HttpHandler - 

Request DefaultFullHttpRequest(decodeResult: success, version: HTTP/1.1, content: EmptyByteBufBE)
GET /session/238a4d0c2a0841fb1f0fdba08771013c/element/a0a10df0-4b51-47f5-a1e6-7af714b40c5e/text HTTP/1.1
User-Agent: selenium/4.5.3 (java mac)
Cache-Control: no-cache
Content-Type: application/json; charset=utf-8
host: localhost:47263
accept: */*

Response DefaultHttpResponse(decodeResult: success, version: HTTP/1.1)
HTTP/1.1 200 OK
Content-Length: 30
Content-Type: application/json; charset=utf-8
cache-control: no-cache

18:27:19.684 [AsyncHttpClient-1-7] DEBUG org.asynchttpclient.netty.channel.ChannelManager - Adding key: http://localhost:47263 for channel [id: 0x5f9b9e58, L:/127.0.0.1:55134 - R:localhost/127.0.0.1:47263]
Execution time with ChromeDriver: 45865ms |	 0 minutes 45.00 seconds
That's a difference of -16301ms
]]></system-out>
    <system-err><![CDATA[Starting ChromeDriver 110.0.5481.77 (65ed616c6e8ee3fe0ad64fe83796c020644d42af-refs/branch-heads/5481@{#839}) on port 8354
Only local connections are allowed.
Please see https://chromedriver.chromium.org/security-considerations for suggestions on keeping ChromeDriver safe.
ChromeDriver was started successfully.
[1677713140.202][WARNING]: virtual void DevToolsClientImpl::AddListener(DevToolsEventListener *) subscribing a listener to the already connected DevToolsClient. Connection notification will not arrive.
Mar 01, 2023 6:25:40 PM org.openqa.selenium.devtools.CdpVersionFinder findNearestMatch
WARNING: Unable to find CDP implementation matching 110
Mar 01, 2023 6:25:40 PM org.openqa.selenium.chromium.ChromiumDriver lambda$new$3
WARNING: Unable to find version of CDP to use for . You may need to include a dependency on a specific version of the CDP using something similar to `org.seleniumhq.selenium:selenium-devtools-v86:4.5.3` where the version ("v86") matches the version of the chromium-based browser you're using and the version number of the artifact is the same as Selenium's.
Starting ChromeDriver 110.0.5481.77 (65ed616c6e8ee3fe0ad64fe83796c020644d42af-refs/branch-heads/5481@{#839}) on port 47263
Only local connections are allowed.
Please see https://chromedriver.chromium.org/security-considerations for suggestions on keeping ChromeDriver safe.
ChromeDriver was started successfully.
[1677713197.734][WARNING]: virtual void DevToolsClientImpl::AddListener(DevToolsEventListener *) subscribing a listener to the already connected DevToolsClient. Connection notification will not arrive.
Mar 01, 2023 6:26:38 PM org.openqa.selenium.devtools.CdpVersionFinder findNearestMatch
WARNING: Unable to find CDP implementation matching 110
Mar 01, 2023 6:26:38 PM org.openqa.selenium.chromium.ChromiumDriver lambda$new$3
WARNING: Unable to find version of CDP to use for . You may need to include a dependency on a specific version of the CDP using something similar to `org.seleniumhq.selenium:selenium-devtools-v86:4.5.3` where the version ("v86") matches the version of the chromium-based browser you're using and the version number of the artifact is the same as Selenium's.
]]></system-err>
  </testcase>
  <testcase name="testWhetherWebManagerisFaster[5]" classname="app.selenium.TestEbay" time="156.209"/>
</testsuite>